40
0 632 1508
1 1256 188
2 1774 1468
3 2330 4852
4 2606 5082
5 2610 4988
6 2636 4442
7 2680 5408
8 2756 2758
9 3870 3706
10 4114 4542
11 4308 4466
12 4662 3298
13 4664 4486
14 4912 4040
15 5168 5160
16 5312 4580
17 5458 176
18 5628 5128
19 5684 3448
20 5740 2888
21 5834 4598
22 6260 4470
23 6304 3026
24 6658 2868
25 7496 4398
26 7556 4208
27 7710 3666
28 8080 884
29 8256 4896
30 8922 2852
31 9372 2396
32 9458 1472
33 9616 1034
34 9744 3592
35 10152 646
36 10276 1828
37 10484 1860
38 11014 1416
39 12504 5322
4 1 2 3 8
4 0 2 17 28
3 0 1 8
7 0 4 5 6 7 9 12
3 3 5 7
10 3 4 7 10 15 16 19 20 21 23
4 3 8 9 28
6 3 4 5 15 18 39
4 0 2 6 28
3 3 6 28
5 5 11 13 14 16
3 10 13 14
3 3 20 28
4 10 11 14 22
5 10 11 13 19 22
3 5 7 18
3 5 10 22
2 1 35
3 7 15 29
3 5 14 23
4 5 12 28 33
4 5 22 25 29
5 13 14 16 21 26
5 5 19 24 27 33
3 23 31 32
6 21 26 30 34 37 39
4 22 25 27 30
3 23 26 30
7 1 6 8 9 12 20 33
3 18 21 39
4 25 26 27 31
4 24 30 36 37
3 24 33 36
6 20 23 28 32 35 36
3 25 37 39
3 17 33 38
4 31 32 33 37
5 25 31 34 36 38
3 35 37 39
5 7 25 29 34 38
