40
0 786 3734
1 2572 5116
2 3444 11060
3 4172 18886
4 4222 8366
5 5644 5494
6 5714 7322
7 6798 18894
8 6812 18690
9 6946 6022
10 7006 18220
11 7198 9516
12 8022 14650
13 8080 11348
14 8386 17850
15 8644 5958
16 9466 13794
17 9512 12952
18 9962 17830
19 10014 18576
20 10224 20710
21 10738 10674
22 11300 9670
23 11706 4792
24 11732 9980
25 12406 12730
26 12524 19072
27 12984 10400
28 13172 17570
29 13634 11032
30 13740 13204
31 13784 15390
32 15398 11914
33 16618 5038
34 16764 6080
35 17816 9108
36 19030 9650
37 19496 10728
38 20828 12098
39 21804 9044
5 1 2 3 23 33
3 0 4 5
3 0 3 4
4 0 2 7 20
3 1 2 6
3 1 9 23
3 4 9 11
3 3 8 20
3 7 10 11
3 5 6 15
3 8 12 14
4 6 8 13 22
3 10 13 17
3 11 12 21
3 10 16 19
3 9 22 23
3 14 17 18
3 12 16 21
3 16 19 25
3 14 18 20
4 3 7 19 26
3 13 17 24
3 11 15 24
4 0 5 15 33
3 21 22 27
3 18 27 29
3 20 28 38
3 24 25 33
3 26 31 37
3 25 30 34
3 29 31 32
3 28 30 32
3 30 31 35
5 0 23 27 34 39
3 29 33 35
3 32 34 36
3 35 37 39
3 28 36 38
3 26 37 39
3 33 36 38
