35
0 1664 11220
1 2440 6210
2 3558 10050
3 3560 18482
4 5432 8356
5 5526 10600
6 5868 11422
7 6092 6790
8 6578 6884
9 6680 11438
10 6726 9002
11 6798 4422
12 7922 18752
13 8398 18146
14 9036 5374
15 9792 11726
16 10116 7710
17 10624 21410
18 10662 3854
19 10748 13124
20 10820 11418
21 10838 12392
22 11000 9824
23 11004 10312
24 11910 7736
25 12442 6160
26 12706 7734
27 13326 9104
28 13742 10604
29 14694 8622
30 14720 11562
31 15678 10766
32 17766 7048
33 18614 11236
34 23108 5598
3 1 2 3
2 0 11
3 0 4 5
3 0 12 17
3 2 7 10
3 2 6 10
3 5 9 13
3 4 8 11
3 7 14 16
3 6 15 22
3 4 5 16
4 1 7 14 18
3 3 13 17
4 6 12 19 30
3 8 11 25
3 9 20 21
3 8 10 24
4 3 12 33 34
2 11 34
3 13 21 30
3 15 23 30
3 15 19 30
3 9 23 24
3 20 22 28
3 16 22 26
3 14 26 32
3 24 25 27
3 26 28 29
3 23 27 30
3 27 31 32
6 13 19 20 21 28 31
3 29 30 33
3 25 29 34
3 17 31 34
4 17 18 32 33
