45
0 16 2294
1 72 404
2 98 2030
3 120 846
4 228 2194
5 262 2624
6 288 2262
7 398 552
8 516 1730
9 538 1384
10 538 2232
11 566 2022
12 586 2318
13 640 1102
14 788 878
15 900 294
16 934 632
17 1084 1512
18 1166 150
19 1198 864
20 1218 1086
21 1256 38
22 1490 688
23 1518 774
24 1520 1348
25 1546 2566
26 1578 2192
27 1654 2452
28 1682 2356
29 1708 1800
30 1724 1256
31 1728 2418
32 1774 604
33 1782 1278
34 1980 1374
35 1996 2178
36 2008 794
37 2082 1822
38 2298 1364
39 2390 1852
40 2432 314
41 2464 302
42 2540 1904
43 2612 720
44 2660 484
4 1 2 4 5
4 0 3 7 21
3 0 3 8
3 1 2 9
3 0 6 11
4 0 6 12 25
3 4 5 10
3 1 13 15
3 2 9 17
3 3 8 13
3 6 12 29
3 4 24 34
3 5 10 26
3 7 9 14
3 13 16 19
3 7 16 18
3 14 15 22
3 8 20 24
3 15 21 40
3 14 20 23
3 17 19 24
3 1 18 41
3 16 23 32
3 19 22 30
4 11 17 20 30
4 5 27 31 42
3 12 28 29
3 25 28 31
3 26 27 37
3 10 26 38
3 23 24 33
4 25 27 35 42
3 22 36 40
3 30 34 36
3 11 33 38
3 31 37 39
3 32 33 43
3 28 35 38
4 29 34 37 43
3 35 42 43
3 18 32 41
3 21 40 44
4 25 31 39 44
4 36 38 39 44
3 41 42 43
