40
0 90 1024
1 110 2262
2 118 1696
3 148 1658
4 154 1264
5 156 822
6 180 942
7 224 280
8 396 1916
9 396 2400
10 486 2284
11 516 354
12 708 2384
13 776 458
14 878 544
15 916 110
16 956 2086
17 998 416
18 1042 1520
19 1050 1526
20 1124 710
21 1210 2360
22 1308 1700
23 1328 350
24 1414 600
25 1442 1262
26 1474 2134
27 1476 32
28 1556 1304
29 1656 2336
30 1682 1568
31 1950 502
32 1968 994
33 2148 1184
34 2168 56
35 2186 228
36 2230 1940
37 2270 390
38 2352 2006
39 2380 1360
4 1 2 5 7
3 0 2 9
4 0 1 3 4
3 2 4 8
3 2 3 6
3 0 6 7
3 4 5 18
4 0 5 11 15
3 3 10 19
4 1 10 12 21
3 8 9 16
3 7 13 23
3 9 21 26
3 11 14 17
3 13 20 25
2 7 27
3 10 22 26
3 13 23 24
3 6 19 30
3 8 18 22
3 14 28 33
3 9 12 29
3 16 19 30
3 11 17 35
3 17 31 32
3 14 28 30
3 12 16 36
2 15 34
3 20 25 38
2 21 38
4 18 22 25 36
3 24 32 35
3 24 31 33
3 20 32 39
3 27 35 37
4 23 31 34 37
3 26 30 38
3 34 35 39
4 28 29 36 39
3 33 37 38
