30
0 34 1736
1 42 1084
2 48 1316
3 94 378
4 130 1682
5 180 626
6 236 464
7 400 1188
8 414 194
9 598 546
10 740 652
11 782 946
12 852 1726
13 1056 1528
14 1068 1578
15 1072 1154
16 1122 852
17 1150 1502
18 1158 1358
19 1172 1598
20 1196 1772
21 1246 322
22 1356 56
23 1384 1530
24 1426 698
25 1472 68
26 1576 1468
27 1624 1486
28 1646 542
29 1746 1236
4 1 2 4 20
3 0 2 3
3 0 1 5
4 1 5 6 8
5 0 7 12 13 14
3 2 3 7
3 3 9 11
3 4 5 11
2 3 22
3 6 10 21
3 9 16 26
3 6 7 15
3 4 19 20
3 4 14 17
3 4 13 19
3 11 18 26
3 10 24 26
3 13 18 23
3 15 17 26
3 12 14 23
3 0 12 27
3 9 22 24
3 8 21 25
3 17 19 27
3 16 21 29
2 22 28
5 10 15 16 18 27
4 20 23 26 29
2 25 29
3 24 27 28
