35
0 18 1594
1 76 372
2 102 254
3 140 274
4 150 1748
5 304 60
6 398 1632
7 464 1150
8 466 568
9 528 770
10 570 1110
11 572 1524
12 608 512
13 646 1024
14 696 1992
15 728 36
16 768 774
17 792 1862
18 820 768
19 870 1284
20 1032 1342
21 1072 934
22 1220 1730
23 1230 760
24 1280 1840
25 1286 1008
26 1376 1186
27 1652 1256
28 1772 1074
29 1776 2088
30 1818 1922
31 1836 1778
32 1862 1444
33 1962 280
34 1968 1788
3 1 4 7
2 0 2
3 1 3 5
3 2 8 12
3 0 6 14
2 2 15
3 4 11 17
3 0 9 10
3 3 9 16
3 7 8 13
3 7 13 19
3 6 19 22
3 3 18 23
4 9 10 16 21
3 4 17 29
2 5 33
3 8 13 18
3 6 14 24
3 12 16 21
3 10 11 20
3 19 22 26
3 13 18 25
3 11 20 24
3 12 25 33
3 17 22 29
3 21 23 26
3 20 25 27
3 26 28 31
3 27 32 33
4 14 24 30 34
3 29 31 34
4 27 30 32 34
3 28 31 33
5 15 23 28 32 34
4 29 30 31 33
