100
0 18 1494
1 24 1246
2 46 5022
3 84 5626
4 88 4078
5 108 5116
6 138 3024
7 232 3924
8 296 2116
9 382 4388
10 400 1056
11 420 5076
12 552 3894
13 590 4418
14 678 3752
15 682 3114
16 686 5238
17 750 3884
18 792 668
19 794 2718
20 804 644
21 890 2288
22 892 1030
23 904 5214
24 930 1274
25 958 3480
26 1006 4866
27 1062 3358
28 1158 3234
29 1234 1344
30 1252 2910
31 1258 5096
32 1352 4216
33 1360 930
34 1374 1198
35 1376 1080
36 1416 4228
37 1418 3122
38 1548 892
39 1702 5384
40 1766 1038
41 1920 202
42 1924 5506
43 1960 2406
44 2098 2264
45 2132 3906
46 2156 1308
47 2216 3532
48 2278 4338
49 2310 2804
50 2358 3884
51 2360 5028
52 2372 1486
53 2450 3648
54 2496 4596
55 2510 1274
56 2536 3800
57 2542 3190
58 2648 904
59 2810 2540
60 2842 1972
61 2850 2998
62 2864 3566
63 3218 1694
64 3218 3550
65 3250 2794
66 3252 2696
67 3386 812
68 3418 3692
69 3442 2498
70 3678 3414
71 3722 718
72 3730 4870
73 3784 3710
74 3894 1314
75 4178 5988
76 4234 460
77 4264 4366
78 4376 472
79 4408 5304
80 4420 544
81 4422 3890
82 4494 1692
83 4564 3194
84 4648 5088
85 4798 5628
86 4800 2922
87 4914 4180
88 5016 912
89 5160 3722
90 5164 3818
91 5194 3182
92 5270 3406
93 5324 2004
94 5348 5070
95 5690 1284
96 5740 2950
97 5752 3500
98 5756 1128
99 5896 2892
6 1 2 4 6 8 9
4 0 10 18 20
5 0 3 4 5 7
5 2 5 16 42 75
3 0 2 6
4 2 3 11 16
3 0 4 7
3 2 6 11
4 0 9 10 12
3 0 8 11
6 1 8 18 22 24 29
8 5 7 9 12 13 14 15 23
3 8 11 15
5 11 14 17 26 32
6 11 13 17 19 25 61
3 11 12 24
3 3 5 23
8 13 14 32 45 47 53 56 57
4 1 10 20 22
3 14 21 24
8 1 18 22 33 34 38 41 58
4 19 24 30 44
4 10 18 20 29
5 11 16 26 31 39
5 10 15 19 21 60
4 14 27 30 49
3 13 23 36
3 25 28 49
3 27 30 37
4 10 22 34 60
4 21 25 28 43
3 23 36 39
3 13 17 36
3 20 35 38
4 20 29 35 60
3 33 34 38
4 26 31 32 45
3 28 43 59
6 20 33 35 40 46 74
4 23 31 42 51
3 38 55 92
6 20 67 71 76 78 88
3 3 39 75
3 30 37 44
3 21 43 60
5 17 36 48 50 72
6 38 52 60 69 83 92
5 17 53 57 62 68
3 45 51 54
4 25 27 59 65
6 45 56 72 77 79 87
4 39 48 54 75
3 46 69 89
3 17 47 68
3 48 51 85
3 40 63 74
3 17 50 73
4 17 47 61 62
3 20 67 74
4 37 49 60 66
7 24 29 34 44 46 59 69
4 14 57 64 65
4 47 57 64 89
3 55 86 96
4 61 62 70 89
4 49 61 66 70
3 59 65 69
5 41 58 74 82 95
3 47 53 73
6 46 52 60 66 70 89
4 64 65 69 89
3 41 95 98
3 45 50 85
4 56 68 81 89
5 38 55 58 67 99
4 3 42 51 85
3 41 78 80
3 50 84 87
4 41 76 80 98
3 50 84 85
3 76 78 88
3 73 87 89
4 67 93 95 99
3 46 89 92
4 77 79 85 87
7 54 72 75 79 84 87 94
3 63 91 92
6 50 77 81 84 85 90
3 41 80 98
10 52 62 64 69 70 73 81 83 90 92
3 87 89 94
3 86 92 97
8 40 46 83 86 89 91 94 97
3 82 95 99
4 85 90 92 97
6 67 71 82 93 98 99
3 63 97 99
5 91 92 94 96 99
5 71 78 88 95 99
7 74 82 93 95 96 97 98
