40
0 32 1054
1 82 2094
2 100 890
3 156 34
4 214 1340
5 248 862
6 330 2010
7 352 1056
8 356 1990
9 380 1118
10 380 1148
11 396 746
12 410 1680
13 456 1638
14 464 1450
15 508 206
16 616 2214
17 922 14
18 962 1326
19 1054 2328
20 1084 1698
21 1132 2254
22 1290 592
23 1312 12
24 1342 1966
25 1410 1518
26 1434 808
27 1472 1258
28 1684 1936
29 1690 1062
30 1752 1672
31 1774 2136
32 1924 212
33 1954 1626
34 2016 1668
35 2060 390
36 2104 102
37 2104 1588
38 2270 1256
39 2336 1590
4 1 2 3 4
4 0 6 16 19
3 0 3 5
4 0 2 15 17
3 0 10 12
3 2 7 11
3 1 8 16
3 5 9 11
3 6 12 20
3 7 10 22
3 4 9 14
3 5 7 15
3 4 8 13
3 12 14 18
3 10 13 22
3 3 11 36
3 1 6 19
2 3 23
4 13 20 25 26
4 1 16 21 31
3 8 18 24
3 19 24 28
3 9 14 32
2 17 36
3 20 21 30
3 18 27 30
3 18 27 32
3 25 26 29
3 21 31 34
3 27 35 37
3 24 25 33
3 19 28 39
3 22 26 36
3 30 34 37
3 28 33 39
3 29 36 38
6 15 23 32 35 38 39
3 29 33 39
3 35 36 39
5 31 34 36 37 38
