90
0 4 304
1 28 3204
2 74 1180
3 130 2804
4 228 4498
5 258 2434
6 298 3812
7 302 208
8 352 4836
9 396 3796
10 462 2966
11 578 4682
12 704 504
13 736 2018
14 814 1410
15 898 4812
16 900 4602
17 928 4356
18 1010 1716
19 1102 4764
20 1120 3356
21 1120 5228
22 1248 3992
23 1472 4020
24 1478 356
25 1494 2704
26 1552 4972
27 1584 1912
28 1736 4166
29 1930 2650
30 1958 2634
31 2260 228
32 2344 4084
33 2460 4334
34 2496 4946
35 2616 3078
36 2704 4828
37 2726 270
38 2726 4128
39 2826 5360
40 2896 3386
41 2962 966
42 2972 3834
43 3178 5066
44 3208 4250
45 3210 1646
46 3244 3990
47 3334 2170
48 3344 5106
49 3404 3064
50 3404 4594
51 3522 1354
52 3540 1862
53 3582 5170
54 3612 3202
55 3616 116
56 3642 3600
57 3648 5106
58 3696 1606
59 3712 4142
60 3722 962
61 3732 2654
62 3866 2856
63 3868 5242
64 3914 908
65 3962 3110
66 4034 4162
67 4040 4402
68 4092 854
69 4108 856
70 4220 1998
71 4278 4210
72 4314 1166
73 4324 2072
74 4376 1554
75 4482 4958
76 4486 1036
77 4614 1456
78 4630 228
79 4634 4474
80 4668 1092
81 4698 2270
82 4732 2102
83 4810 986
84 4838 4702
85 4908 4090
86 4942 2816
87 4956 1154
88 5054 476
89 5282 1242
4 1 2 7 14
3 0 3 4
6 0 3 5 6 9 13
3 1 2 4
3 1 3 8
3 2 10 11
4 2 8 9 11
6 0 12 14 24 31 55
6 4 6 11 15 16 21
3 2 6 11
5 5 13 17 20 25
6 5 6 8 9 16 17
3 7 18 24
5 2 10 18 25 27
3 0 7 18
4 8 16 19 21
4 8 11 15 17
5 10 11 16 20 22
4 12 13 14 27
4 15 21 22 23
3 10 17 29
8 8 15 19 23 26 28 30 39
3 17 19 29
3 19 21 29
7 7 12 27 37 41 60 68
3 10 13 29
6 21 32 33 34 36 42
4 13 18 24 29
4 21 35 40 41
6 20 22 23 25 27 30
3 21 29 41
3 7 37 55
3 26 40 54
3 26 36 38
3 26 36 39
4 28 40 45 49
7 26 33 34 38 39 44 46
4 24 31 55 69
4 33 36 42 46
7 21 34 36 43 44 53 63
4 28 32 35 54
5 24 28 30 45 60
3 26 38 54
4 39 48 50 53
4 36 39 46 54
5 35 41 47 51 60
4 36 38 44 54
4 45 49 51 52
3 43 50 53
3 35 47 54
3 43 48 54
6 45 47 52 56 58 60
3 47 51 54
6 39 43 48 54 57 63
11 32 40 42 44 46 49 50 52 53 56 57
4 7 31 37 78
5 51 54 57 59 61
5 53 54 56 59 63
3 51 60 61
3 56 57 65
9 24 41 45 51 58 62 64 70 74
3 56 58 62
3 60 61 65
7 39 53 57 66 67 73 75
3 60 68 69
4 59 62 70 73
3 63 67 73
4 63 66 71 77
3 24 64 69
5 37 64 68 72 78
3 60 65 73
4 67 75 77 81
3 69 74 78
6 63 65 66 70 74 76
4 60 72 73 76
5 63 71 79 81 84
3 73 74 78
3 67 71 80
7 55 69 72 76 80 83 88
5 75 82 84 86 87
3 77 78 82
3 71 75 82
4 79 80 81 83
3 78 82 87
4 75 79 85 89
3 84 86 89
3 79 85 88
3 79 83 88
4 78 86 87 89
3 84 85 88
