45
0 364 8286
1 3624 3660
2 3708 3432
3 3854 6368
4 3924 3234
5 5278 3132
6 6260 1326
7 6296 8354
8 6934 7610
9 8012 3356
10 8022 3382
11 8058 3542
12 8076 3516
13 8102 3468
14 8326 2956
15 8432 7332
16 8614 3140
17 8632 3252
18 8664 2658
19 9180 3214
20 9516 6290
21 9560 3066
22 9954 5174
23 10410 5946
24 10488 6298
25 10624 4038
26 10676 5786
27 11556 5038
28 11942 4282
29 12052 3654
30 12626 5516
31 13002 5878
32 13058 1792
33 13130 5726
34 13546 6436
35 13632 6396
36 14240 5298
37 14364 5776
38 14532 6404
39 14624 5668
40 14866 5698
41 14986 5744
42 15372 6168
43 16298 7042
44 16452 7902
4 1 2 3 7
3 0 2 9
3 0 1 4
3 0 8 11
3 2 5 6
3 4 14 18
2 4 32
3 0 8 44
3 3 7 15
3 1 10 17
3 9 11 13
4 3 10 12 20
3 11 13 22
3 10 12 27
3 5 16 18
3 8 20 34
3 14 17 21
4 9 16 19 25
3 5 14 32
3 17 21 29
3 11 15 24
3 16 19 32
3 12 23 26
3 22 24 26
3 20 23 35
3 17 28 39
3 22 23 31
3 13 30 31
3 25 29 36
4 19 28 32 36
3 27 33 38
3 26 27 38
6 6 18 21 29 41 43
3 30 37 38
3 15 35 44
3 24 34 38
3 28 29 40
3 33 39 42
5 30 31 33 35 43
3 25 37 40
3 36 39 41
3 32 40 42
3 37 41 43
4 32 38 42 44
3 7 34 43
