30
0 1410 4292
1 2518 8918
2 3114 8740
3 5884 3408
4 6174 8028
5 8374 6498
6 8492 2504
7 8956 4498
8 9854 2638
9 10192 5228
10 10220 2520
11 10300 7010
12 10410 6502
13 11112 4374
14 11222 5304
15 11566 6828
16 11704 5902
17 11818 3776
18 12214 6000
19 12728 2096
20 13162 1646
21 14026 4812
22 14090 5928
23 14192 5054
24 14952 7086
25 15378 6002
26 15388 5808
27 15482 7474
28 15752 6470
29 15754 6458
4 1 3 6 7
3 0 2 27
3 1 4 5
3 0 6 8
3 2 11 15
3 2 9 12
4 0 3 10 20
3 0 9 13
3 3 10 17
3 5 7 14
3 6 8 19
3 4 12 15
3 5 11 16
3 7 14 17
3 9 13 16
4 4 11 18 24
3 12 14 18
3 8 13 21
3 15 16 22
3 10 20 21
4 6 19 26 29
3 17 19 23
3 18 23 24
3 21 22 25
3 15 22 27
3 23 26 29
3 20 25 29
3 1 24 28
2 27 29
4 20 25 26 28
