400
0 242 804
1 318 766
2 338 2004
3 374 1644
4 392 2018
5 398 5004
6 406 1500
7 434 1438
8 550 880
9 592 760
10 648 1408
11 728 1562
12 776 832
13 990 1558
14 1106 5192
15 1174 390
16 1254 222
17 1282 5576
18 1312 1192
19 1336 5592
20 1342 1916
21 1354 1952
22 1486 4274
23 1592 5926
24 1598 1674
25 1650 5902
26 1734 6066
27 1760 1384
28 1844 4702
29 1860 2208
30 1862 1296
31 1866 1414
32 1906 1330
33 1930 4320
34 1954 5292
35 2020 5988
36 2026 952
37 2040 6490
38 2080 5974
39 2088 5332
40 2136 2160
41 2144 4682
42 2146 2174
43 2152 1888
44 2202 5872
45 2206 2070
46 2210 4622
47 2270 5030
48 2336 596
49 2336 4604
50 2354 416
51 2354 5236
52 2396 2162
53 2470 412
54 2476 3658
55 2500 406
56 2514 752
57 2626 622
58 2636 5568
59 2666 684
60 2686 5106
61 2686 5228
62 2698 4648
63 2746 1674
64 2760 1030
65 2780 2612
66 2816 914
67 2842 4600
68 2862 694
69 2882 1078
70 2912 4816
71 2924 4604
72 2968 1176
73 2990 2292
74 3034 844
75 3040 4640
76 3094 4688
77 3252 1568
78 3252 4772
79 3372 4132
80 3384 3488
81 3428 1544
82 3442 880
83 3456 2300
84 3560 1632
85 3618 3788
86 3636 3750
87 3662 3720
88 3704 3908
89 3720 7034
90 3732 4488
91 3806 3868
92 3824 4372
93 3830 194
94 3866 3962
95 3872 30
96 3884 3902
97 3884 4058
98 3910 152
99 3918 2972
100 3938 3876
101 3958 2188
102 3962 4482
103 3978 4516
104 3988 132
105 4008 4254
106 4008 4430
107 4062 4456
108 4158 4314
109 4160 4470
110 4206 4264
111 4208 3982
112 4224 4280
113 4226 4554
114 4250 4506
115 4266 4744
116 4272 4526
117 4302 3194
118 4310 3986
119 4314 4714
120 4324 4318
121 4332 3534
122 4338 4732
123 4362 4870
124 4364 2936
125 4378 4512
126 4388 4564
127 4392 4576
128 4398 3260
129 4444 2930
130 4456 4522
131 4470 4482
132 4498 4990
133 4502 2886
134 4522 4706
135 4528 7166
136 4534 2212
137 4538 3838
138 4578 7000
139 4588 3052
140 4606 4462
141 4622 72
142 4632 5064
143 4666 3382
144 4668 4610
145 4698 4572
146 4702 4798
147 4736 4746
148 4754 3904
149 4758 6880
150 4774 3226
151 4792 3574
152 4806 4786
153 4808 2310
154 4826 2962
155 4860 3838
156 4940 3770
157 4966 2848
158 4998 3186
159 5010 2980
160 5054 4568
161 5064 5190
162 5072 4884
163 5096 3562
164 5112 4556
165 5116 3524
166 5126 2270
167 5138 4222
168 5146 2320
169 5154 4088
170 5182 4186
171 5226 4794
172 5228 3750
173 5292 2654
174 5336 3870
175 5416 2642
176 5416 5056
177 5418 4054
178 5442 2616
179 5448 2756
180 5460 4076
181 5490 3436
182 5490 3442
183 5498 2740
184 5498 3324
185 5508 2830
186 5518 3982
187 5536 6680
188 5552 3702
189 5568 4258
190 5574 2690
191 5582 4254
192 5594 4844
193 5606 4716
194 5612 2886
195 5618 5118
196 5620 4206
197 5656 3964
198 5674 2844
199 5690 3554
200 5722 4868
201 5744 1614
202 5752 3956
203 5776 5070
204 5798 2496
205 5812 3052
206 5822 6870
207 5830 2940
208 5850 2808
209 5866 2748
210 5890 6930
211 5948 2782
212 5956 7138
213 6044 2728
214 6070 3808
215 6088 2860
216 6104 2842
217 6180 2302
218 6182 160
219 6224 4928
220 6230 4484
221 6236 2314
222 6260 2306
223 6262 2612
224 6270 3684
225 6328 252
226 6330 2630
227 6334 2600
228 6354 5396
229 6378 2518
230 6398 2902
231 6406 3368
232 6452 2662
233 6456 3170
234 6510 2650
235 6544 2716
236 6600 6546
237 6618 4542
238 6654 6004
239 6670 2130
240 6678 1718
241 6682 2554
242 6690 2528
243 6708 1718
244 6730 5928
245 6740 2054
246 6744 1862
247 6760 552
248 6788 1674
249 6790 4416
250 6798 3042
251 6802 1700
252 6828 2388
253 6878 474
254 6918 1788
255 6918 3058
256 6934 1718
257 6938 2240
258 6962 590
259 7058 2818
260 7090 2178
261 7128 1568
262 7134 3550
263 7202 1830
264 7208 4426
265 7248 6504
266 7266 1546
267 7280 326
268 7358 4900
269 7394 4370
270 7540 266
271 7552 4336
272 7554 6988
273 7584 1384
274 7598 4684
275 7696 3966
276 7698 4580
277 7706 6722
278 7748 4256
279 7748 5336
280 7750 4850
281 7770 4392
282 7772 772
283 7772 2330
284 7792 754
285 7850 3634
286 7854 2850
287 7878 4958
288 7884 3446
289 7888 2950
290 7920 3290
291 7922 1536
292 7994 4916
293 8004 4880
294 8016 6918
295 8032 1542
296 8056 3844
297 8064 4178
298 8108 920
299 8208 4402
300 8234 1378
301 8276 7164
302 8294 4772
303 8320 3784
304 8338 6960
305 8410 4074
306 8422 3274
307 8450 1176
308 8474 5498
309 8498 4158
310 8556 4570
311 8606 2648
312 8610 3514
313 8610 5292
314 8612 4214
315 8618 5516
316 8706 3416
317 8708 4144
318 8758 2816
319 8792 3084
320 8868 1422
321 8870 4734
322 8910 1684
323 8942 2766
324 8972 1084
325 9026 4210
326 9132 2638
327 9164 1978
328 9168 1924
329 9214 3480
330 9228 4838
331 9322 4846
332 9354 2892
333 9384 5352
334 9388 2630
335 9404 1780
336 9406 3046
337 9426 4498
338 9482 1406
339 9518 3472
340 9584 3350
341 9628 2364
342 9634 3764
343 9640 3896
344 9672 3782
345 9696 3306
346 9714 1274
347 9782 1494
348 9792 1630
349 9860 1012
350 9930 710
351 9946 5158
352 9998 5954
353 10000 2242
354 10010 712
355 10016 2672
356 10048 698
357 10068 724
358 10142 3120
359 10212 4154
360 10216 4132
361 10260 670
362 10296 3330
363 10330 4860
364 10392 1812
365 10456 1540
366 10502 5608
367 10508 6354
368 10642 2900
369 10708 3574
370 10750 1458
371 10820 2590
372 10832 2584
373 10960 1942
374 10972 7116
375 10998 3592
376 11056 1034
377 11140 690
378 11176 2008
379 11264 2168
380 11270 4364
381 11306 5304
382 11440 1024
383 11554 1266
384 11710 1232
385 11756 1462
386 11884 7176
387 12010 7106
388 12074 1446
389 12102 4298
390 12154 1444
391 12176 546
392 12206 1402
393 12228 4312
394 12244 4346
395 12246 7126
396 12300 7066
397 12374 6606
398 12426 230
399 12430 716
4 2 5 16 1 
6 8 6 3 0 16 9 
3 4 5 0 
3 4 1 6 
3 14 2 3 
6 14 17 23 37 0 2 
3 3 1 7 
3 6 8 10 
3 7 1 12 
3 12 1 15 
3 11 7 18 
3 22 10 13 
3 36 8 9 
3 20 11 18 
4 17 5 4 22 
4 55 50 9 16 
4 15 1 0 95 
4 19 23 5 14 
3 13 10 36 
3 25 17 34 
3 21 13 27 
3 33 20 24 
3 28 14 11 
3 26 5 17 
4 29 21 30 31 
3 26 19 39 
4 37 23 25 35 
3 20 36 30 
3 34 22 33 
3 46 24 40 
5 32 31 24 27 36 
3 40 24 30 
3 63 43 30 
3 41 28 21 
3 39 19 28 
3 26 44 38 
5 30 27 18 12 48 
3 89 5 26 
3 138 35 132 
4 25 34 47 51 
3 42 29 31 
3 47 33 46 
3 54 40 45 
3 45 32 63 
3 35 58 147 
3 52 42 43 
3 41 29 49 
3 39 41 70 
4 56 64 36 50 
3 62 46 54 
3 48 15 53 
3 39 60 61 
3 73 65 45 
3 57 50 55 
3 49 42 80 
3 53 15 98 
3 69 48 59 
3 68 59 53 
3 44 61 123 
3 66 56 57 
3 51 78 115 
3 58 51 123 
3 70 49 67 
3 43 32 77 
3 72 77 48 
3 80 52 73 
3 69 59 74 
3 71 62 79 
3 74 57 93 
3 72 56 66 
3 47 62 78 
4 75 76 67 90 
3 81 64 69 
3 83 65 52 
3 82 66 68 
3 119 76 71 
3 78 71 75 
3 63 64 81 
4 60 70 76 115 
3 90 67 85 
3 86 54 65 
4 84 83 77 72 
3 166 74 93 
3 99 73 81 
3 136 101 81 
3 88 79 86 
3 85 80 87 
3 91 86 99 
3 97 92 85 
2 135 37 
4 103 71 79 92 
3 96 94 87 
3 102 90 88 
3 82 68 98 
3 97 91 96 
4 398 141 104 16 
3 94 91 100 
3 105 88 94 
3 93 55 104 
3 117 87 83 
3 111 96 121 
3 136 124 84 
4 103 92 106 107 
3 113 90 102 
3 98 95 141 
3 106 97 111 
3 102 105 108 
3 109 102 120 
3 106 110 112 
3 114 107 169 
3 112 108 118 
3 118 105 100 
5 120 108 110 137 148 
3 119 103 116 
3 125 116 109 
3 60 78 122 
4 126 127 113 114 
3 128 99 124 
3 110 111 143 
3 122 75 113 
3 107 112 169 
3 100 128 143 
3 115 119 134 
3 58 61 147 
3 117 101 129 
3 130 114 131 
3 144 127 116 
3 134 116 126 
3 121 117 139 
3 139 124 133 
3 160 145 125 
3 125 170 140 
3 142 38 146 
3 129 153 157 
3 147 122 127 
6 386 89 138 210 212 301 
3 153 101 84 
3 112 158 151 
3 135 38 149 
3 128 129 154 
3 164 131 167 
4 398 218 104 95 
3 149 132 146 
3 118 121 150 
3 147 126 145 
3 144 130 160 
3 142 132 147 
6 152 146 44 123 134 144 
3 112 156 155 
3 138 142 187 
3 143 154 159 
3 137 179 165 
4 162 161 147 160 
3 168 133 136 
3 150 139 157 
3 169 148 156 
4 155 148 163 172 
3 154 133 173 
3 137 159 175 
3 158 150 173 
4 152 145 130 164 
3 187 152 176 
3 176 152 171 
3 172 156 165 
4 171 160 140 167 
3 163 151 181 
3 168 82 201 
3 164 140 170 
3 173 153 166 
4 109 120 155 177 
3 167 131 177 
3 192 162 164 
3 174 156 163 
4 159 157 168 175 
3 177 172 182 
3 158 173 178 
3 195 161 162 
4 180 170 169 174 
3 179 175 201 
3 151 178 183 
3 189 177 186 
3 182 165 184 
3 188 174 181 
3 185 179 190 
3 181 185 194 
3 194 184 183 
3 180 188 197 
3 206 149 161 
3 186 182 199 
3 193 180 191 
3 198 183 204 
3 220 189 196 
3 203 171 193 
3 200 192 189 
3 184 185 198 
3 238 176 203 
3 249 191 202 
3 186 231 202 
5 194 190 221 209 208 
3 188 205 233 
3 219 203 193 
3 178 166 225 
3 196 197 214 
4 228 195 192 200 
3 190 240 217 
3 233 199 207 
3 210 187 236 
3 205 208 215 
3 207 198 211 
3 198 222 213 
3 272 135 206 
4 216 208 213 226 
3 301 135 272 
3 211 209 223 
3 275 202 224 
3 230 207 216 
3 215 211 232 
3 221 204 246 
5 398 270 267 225 141 
3 228 200 220 
3 237 219 191 
3 198 217 222 
3 209 221 239 
3 213 229 227 
4 214 231 262 285 
5 253 247 240 201 218 
3 232 211 227 
3 226 223 229 
3 238 203 219 
3 227 223 239 
3 250 215 235 
3 224 197 250 
3 216 226 234 
3 199 205 250 
3 235 232 241 
3 259 230 234 
3 206 238 265 
3 268 220 249 
4 236 195 228 244 
3 229 222 245 
4 243 204 225 248 
3 234 242 283 
3 241 245 252 
3 246 240 251 
3 238 268 279 
3 242 239 254 
3 217 243 254 
3 258 248 225 
3 240 247 261 
3 264 237 196 
4 255 231 233 230 
3 256 243 261 
3 242 257 260 
3 282 258 225 
4 263 245 246 256 
3 262 250 259 
3 254 251 266 
3 252 263 260 
3 273 247 253 
3 286 255 235 
3 252 257 291 
4 251 248 273 266 
3 224 255 288 
3 257 254 291 
3 274 249 269 
3 277 236 308 
3 256 261 273 
3 350 284 218 
3 244 237 280 
3 264 278 271 
4 391 361 356 218 
3 281 269 297 
4 212 210 294 304 
4 291 266 261 258 
3 280 264 276 
3 278 214 296 
3 293 274 281 
3 294 265 367 
3 269 275 297 
3 308 244 287 
3 287 268 274 
3 299 276 271 
3 295 253 284 
3 286 241 295 
3 298 282 267 
3 296 224 288 
3 289 259 283 
3 279 280 292 
3 285 262 290 
3 290 286 311 
3 288 289 306 
4 295 260 263 273 
3 313 287 293 
3 292 276 302 
3 304 272 277 
4 283 291 282 300 
3 275 285 303 
3 271 278 305 
5 324 307 326 300 284 
3 310 281 309 
3 311 295 298 
4 386 135 212 374 
3 293 310 321 
4 305 296 306 312 
3 374 272 294 
3 309 297 303 
3 303 290 318 
3 320 322 298 
3 315 265 279 
3 314 299 305 
4 321 302 299 314 
3 318 289 300 
3 314 303 316 
3 333 315 292 
4 310 309 312 317 
3 352 308 313 
3 317 312 319 
3 325 314 316 
4 319 306 311 323 
3 329 316 318 
3 328 307 338 
3 330 302 310 
4 328 327 332 307 
3 339 318 326 
3 338 298 350 
3 337 317 329 
3 336 323 298 
3 334 322 328 
4 327 322 320 335 
3 342 325 319 
3 331 333 321 
3 351 330 337 
3 336 322 334 
3 352 313 330 
3 332 327 341 
3 341 328 338 
3 340 326 332 
3 331 325 343 
4 335 320 324 346 
3 344 323 340 
3 339 336 345 
4 355 334 335 348 
4 344 363 343 329 
3 351 337 342 
3 359 342 339 
4 362 360 340 358 
3 347 338 349 
3 368 348 346 
3 353 341 347 
3 364 346 354 
3 354 324 267 
3 366 331 343 
3 367 315 333 
3 369 355 348 
3 349 350 356 
3 358 341 353 
4 357 354 270 361 
3 376 365 356 
3 362 345 355 
3 363 344 360 
3 381 359 345 
3 377 356 270 
3 369 345 358 
3 366 342 359 
3 371 349 365 
3 364 357 370 
3 395 351 363 
3 387 277 352 
3 375 347 371 
3 380 362 353 
3 373 365 376 
3 368 364 372 
3 375 371 373 
3 378 372 370 
3 301 304 387 
3 380 368 372 
4 383 370 357 382 
3 382 361 391 
3 379 373 385 
3 389 378 390 
4 381 369 375 389 
3 396 360 380 
3 384 376 377 
3 385 376 384 
3 388 383 382 
3 378 383 388 
3 135 301 395 
3 395 374 367 
3 385 384 390 
3 393 380 379 
4 379 388 391 392 
4 390 377 270 398 
3 393 390 399 
3 394 389 392 
3 397 393 399 
4 386 387 366 396 
3 395 381 397 
3 396 394 399 
5 399 391 218 141 95 
4 397 394 392 398 
