90
0 394 1264
1 408 1418
2 446 1314
3 472 1574
4 564 1894
5 952 376
6 1214 2200
7 1726 1350
8 1908 5900
9 2172 2164
10 2214 5240
11 2470 4998
12 2472 3290
13 2514 2208
14 2604 4494
15 2716 1660
16 2840 696
17 2984 3734
18 2992 3824
19 3016 2218
20 3170 4616
21 3358 3980
22 3592 3962
23 3926 228
24 4162 4520
25 4252 4380
26 4368 4862
27 4408 4678
28 4446 56
29 4490 4478
30 4654 4730
31 4664 4530
32 4694 4424
33 4698 3344
34 4700 6862
35 4926 4874
36 5004 3154
37 5272 3862
38 5286 4678
39 5298 272
40 5336 4612
41 5342 2512
42 5564 2688
43 5570 3382
44 5580 4056
45 5632 3810
46 5694 2696
47 6092 2246
48 6100 4136
49 6206 4452
50 6218 7050
51 6266 4322
52 6452 2612
53 6660 3492
54 6754 4590
55 6810 6506
56 6826 1814
57 6862 2982
58 6934 652
59 7268 4438
60 7330 4258
61 7486 5014
62 7488 1348
63 7578 1710
64 7646 3308
65 7668 648
66 7726 1390
67 7740 1416
68 7796 708
69 7806 4214
70 7880 1006
71 7940 6196
72 8198 4818
73 8266 7068
74 8422 1326
75 8424 4918
76 8588 5500
77 8828 5450
78 8884 2608
79 8926 2762
80 8926 4180
81 10340 1812
82 10940 5874
83 11058 2590
84 11116 4190
85 11504 6392
86 11772 538
87 12188 820
88 12194 1536
89 12354 684
3 2 1 5 
5 9 3 4 0 2 
4 7 1 0 16 
4 6 14 4 1 
4 10 8 1 3 
3 0 28 23 
3 12 3 9 
3 15 2 62 
3 34 4 10 
3 13 6 1 
3 8 4 11 
3 10 14 20 
3 17 6 13 
3 19 12 9 
4 11 3 18 21 
3 56 19 7 
3 2 23 58 
3 18 12 41 
3 21 14 17 
3 41 13 15 
4 11 22 25 24 
3 14 18 22 
3 20 21 33 
4 39 16 5 28 
4 27 26 20 29 
3 29 20 33 
3 34 24 27 
3 30 26 24 
4 86 39 23 5 
3 31 24 25 
3 35 27 31 
3 30 29 32 
3 31 36 37 
3 25 22 36 
3 50 8 26 
3 55 30 38 
3 32 33 42 
3 40 32 43 
3 71 35 40 
3 58 23 28 
4 38 37 44 49 
3 17 19 47 
3 46 36 47 
3 45 37 46 
4 51 49 40 45 
3 48 44 43 
3 43 42 52 
3 42 41 56 
3 51 45 53 
3 61 40 44 
3 73 34 55 
3 54 44 48 
3 57 46 56 
3 60 48 57 
3 61 51 59 
3 73 50 35 
4 52 47 15 63 
3 64 53 52 
3 16 39 65 
3 72 54 60 
3 59 53 69 
3 76 49 54 
3 66 7 70 
3 64 56 67 
3 69 57 63 
3 68 58 86 
3 67 62 74 
3 78 63 66 
3 87 70 65 
3 72 60 64 
3 74 62 68 
3 73 38 76 
3 75 59 69 
4 50 55 71 85 
3 81 66 70 
3 77 72 80 
3 71 61 77 
3 82 76 75 
3 79 67 81 
3 80 78 83 
3 84 75 79 
3 78 74 87 
3 85 77 84 
3 84 79 87 
4 82 80 83 88 
4 73 82 88 89 
3 89 65 28 
4 83 81 68 89 
3 85 84 89 
4 85 88 87 86 
