700
0 26 4864
1 240 878
2 294 1102
3 304 870
4 318 2166
5 352 1100
6 360 1076
7 370 1704
8 372 1162
9 382 902
10 398 970
11 398 980
12 412 1174
13 412 1348
14 420 1404
15 420 1574
16 430 350
17 432 5492
18 438 5490
19 440 1656
20 442 1234
21 464 1456
22 496 1414
23 504 4752
24 512 1040
25 622 1118
26 640 5218
27 656 1414
28 680 5150
29 788 2296
30 848 1646
31 1034 1110
32 1048 5624
33 1054 5686
34 1120 5426
35 1134 5210
36 1154 418
37 1174 5576
38 1180 272
39 1196 5552
40 1236 1526
41 1238 5658
42 1242 892
43 1268 2184
44 1268 5616
45 1302 1638
46 1304 2220
47 1522 4706
48 1526 370
49 1554 4324
50 1576 198
51 1600 5902
52 1634 5844
53 1648 3716
54 1672 5976
55 1690 394
56 1698 4750
57 1704 476
58 1784 5896
59 1790 1168
60 1810 4532
61 1858 5980
62 1864 4726
63 1866 970
64 1874 1280
65 1876 1472
66 1878 1378
67 1898 4660
68 1902 1924
69 1922 1292
70 1964 3834
71 2044 4632
72 2050 5992
73 2082 5174
74 2094 5324
75 2104 2000
76 2160 2088
77 2164 5306
78 2178 5226
79 2188 1934
80 2212 2150
81 2240 1910
82 2268 4956
83 2270 402
84 2298 2102
85 2306 2006
86 2310 4636
87 2324 4860
88 2350 4610
89 2364 6346
90 2382 4928
91 2388 3788
92 2388 5226
93 2390 2162
94 2398 4606
95 2416 1882
96 2458 1898
97 2466 2002
98 2470 5300
99 2484 2182
100 2486 5358
101 2492 5202
102 2496 1852
103 2496 5330
104 2502 5020
105 2510 1806
106 2516 5372
107 2528 5502
108 2536 5222
109 2544 3346
110 2546 4050
111 2548 5564
112 2550 614
113 2554 2270
114 2562 2288
115 2586 5222
116 2588 5246
117 2614 5104
118 2628 5364
119 2646 2902
120 2646 5252
121 2652 3632
122 2656 5384
123 2668 534
124 2714 2584
125 2734 4878
126 2736 4534
127 2742 482
128 2742 1686
129 2750 4868
130 2756 4680
131 2764 4638
132 2770 866
133 2804 5278
134 2814 4612
135 2818 1000
136 2826 4634
137 2830 2552
138 2832 4738
139 2838 912
140 2854 2594
141 2862 1088
142 2864 5270
143 2870 2740
144 2872 5338
145 2878 4774
146 2938 4762
147 2950 4544
148 2952 4608
149 3006 1652
150 3040 1354
151 3066 3598
152 3076 4916
153 3080 4638
154 3120 1330
155 3122 1760
156 3128 4824
157 3162 4146
158 3254 1648
159 3338 1520
160 3368 50
161 3378 4104
162 3384 3440
163 3384 4980
164 3394 2218
165 3402 2226
166 3406 3974
167 3436 4118
168 3462 1554
169 3500 2168
170 3502 4420
171 3532 2470
172 3538 3990
173 3544 1574
174 3558 2350
175 3570 4494
176 3576 3890
177 3580 168
178 3592 3962
179 3626 1664
180 3668 78
181 3670 3868
182 3670 4416
183 3674 76
184 3674 2624
185 3690 1670
186 3704 3856
187 3718 3752
188 3722 1796
189 3736 1860
190 3740 2698
191 3746 3890
192 3770 3808
193 3774 4384
194 3820 3930
195 3830 4434
196 3838 4270
197 3858 3868
198 3866 4350
199 3878 198
200 3878 4336
201 3880 2016
202 3884 180
203 3902 2248
204 3914 174
205 3946 4264
206 3966 4526
207 3966 6124
208 3972 212
209 3976 4424
210 3978 172
211 4000 3562
212 4012 4016
213 4036 4426
214 4074 4296
215 4078 144
216 4128 4402
217 4138 164
218 4138 4352
219 4158 4402
220 4214 2444
221 4216 246
222 4216 4376
223 4222 4492
224 4232 2438
225 4254 3256
226 4268 260
227 4278 4410
228 4282 2820
229 4288 4640
230 4302 4426
231 4306 4572
232 4310 4552
233 4344 4822
234 4370 4868
235 4376 4146
236 4388 4164
237 4388 4472
238 4392 2334
239 4414 5084
240 4416 2556
241 4422 4998
242 4430 4806
243 4434 3288
244 4436 3100
245 4446 3072
246 4450 4852
247 4458 4532
248 4462 4948
249 4470 4942
250 4508 4890
251 4518 2474
252 4522 4622
253 4524 2210
254 4526 4552
255 4532 4818
256 4550 2420
257 4550 4466
258 4574 4358
259 4576 2924
260 4614 3378
261 4628 4666
262 4636 4390
263 4646 7130
264 4654 4392
265 4662 14
266 4668 4650
267 4672 2914
268 4672 4656
269 4692 6866
270 4694 6816
271 4708 4858
272 4710 4388
273 4712 4582
274 4716 4842
275 4754 4680
276 4764 6952
277 4768 2376
278 4772 2910
279 4784 4784
280 4790 4030
281 4792 3984
282 4796 4384
283 4808 2992
284 4816 4096
285 4842 3384
286 4850 3812
287 4876 3906
288 4876 3932
289 4878 4612
290 4886 2930
291 4908 4098
292 4930 3668
293 4934 5176
294 4954 2412
295 4974 2510
296 4988 3966
297 4990 102
298 4992 4584
299 5032 4520
300 5036 4576
301 5068 4190
302 5076 3202
303 5082 2268
304 5100 246
305 5108 4556
306 5118 3548
307 5130 4632
308 5138 3522
309 5154 4682
310 5156 3610
311 5194 3546
312 5202 3912
313 5230 4606
314 5248 2328
315 5272 212
316 5278 2788
317 5294 3998
318 5304 2592
319 5346 4128
320 5376 2708
321 5376 2846
322 5390 82
323 5394 4464
324 5426 6646
325 5436 3996
326 5438 6656
327 5458 3802
328 5458 3860
329 5472 6658
330 5478 2450
331 5480 4052
332 5506 2996
333 5510 4202
334 5530 3310
335 5558 2704
336 5558 4360
337 5562 2836
338 5566 4136
339 5574 1398
340 5576 4214
341 5582 4762
342 5604 2656
343 5636 2902
344 5644 3850
345 5650 2614
346 5664 1044
347 5674 2684
348 5698 3786
349 5704 1026
350 5718 6838
351 5736 2938
352 5756 2992
353 5770 982
354 5776 7066
355 5778 3814
356 5790 2914
357 5822 6082
358 5824 2846
359 5838 5860
360 5868 4448
361 5872 2712
362 5904 2736
363 5938 5128
364 5954 380
365 5956 4740
366 5960 2888
367 5992 6304
368 5994 2642
369 5994 4704
370 6006 3698
371 6020 2542
372 6028 2628
373 6040 2680
374 6062 2362
375 6066 2360
376 6074 6926
377 6078 2626
378 6080 2844
379 6096 210
380 6100 2870
381 6108 7036
382 6124 4848
383 6130 2290
384 6134 7146
385 6142 2622
386 6144 2590
387 6152 3772
388 6166 2638
389 6184 5720
390 6186 7194
391 6194 4104
392 6196 2964
393 6202 7008
394 6216 3968
395 6232 3668
396 6246 2672
397 6250 4936
398 6272 6978
399 6300 2624
400 6338 6966
401 6350 2346
402 6384 4036
403 6396 3118
404 6406 4894
405 6412 3380
406 6438 3562
407 6440 5360
408 6444 2348
409 6466 2762
410 6494 4410
411 6508 2904
412 6512 3692
413 6536 2490
414 6540 1818
415 6550 6622
416 6558 6606
417 6562 2956
418 6612 2822
419 6630 3558
420 6640 5144
421 6668 4794
422 6670 2218
423 6670 2372
424 6686 1724
425 6690 2828
426 6704 2076
427 6726 4462
428 6754 1748
429 6774 2404
430 6786 2860
431 6790 2300
432 6808 1642
433 6832 4360
434 6868 1618
435 6868 4976
436 6870 4452
437 6872 4762
438 6878 2186
439 6878 6940
440 6884 4488
441 6908 5366
442 6934 1596
443 6942 4512
444 6944 1640
445 6954 5004
446 6960 4914
447 6976 2964
448 6976 5938
449 6986 638
450 7022 6534
451 7028 6538
452 7044 2262
453 7064 620
454 7070 1704
455 7104 4534
456 7110 1944
457 7130 4360
458 7148 1990
459 7230 2718
460 7236 1544
461 7240 5122
462 7246 1928
463 7246 3064
464 7272 1506
465 7288 4320
466 7300 4656
467 7332 1526
468 7344 246
469 7354 1444
470 7360 1526
471 7360 3650
472 7362 1442
473 7378 1410
474 7384 496
475 7384 1574
476 7404 5016
477 7446 4208
478 7474 316
479 7492 1380
480 7498 6494
481 7500 1494
482 7504 456
483 7540 1504
484 7544 4242
485 7548 484
486 7560 6968
487 7568 6982
488 7580 2492
489 7584 4696
490 7596 662
491 7600 5024
492 7604 1712
493 7624 3926
494 7676 1312
495 7686 2946
496 7688 2898
497 7756 1528
498 7766 694
499 7782 2294
500 7796 4884
501 7834 604
502 7836 4546
503 7846 3346
504 7852 3712
505 7868 4712
506 7892 6882
507 7928 3644
508 7940 1136
509 7964 1446
510 7978 4206
511 7982 4050
512 8020 5150
513 8024 1464
514 8028 936
515 8042 4904
516 8044 1540
517 8066 4878
518 8076 5100
519 8100 1500
520 8100 1520
521 8104 4520
522 8110 4510
523 8116 4442
524 8152 3554
525 8154 1490
526 8166 2654
527 8192 4484
528 8198 1472
529 8202 4074
530 8222 4038
531 8276 1358
532 8326 5592
533 8354 2852
534 8358 1406
535 8362 7078
536 8374 2420
537 8382 1382
538 8382 4042
539 8382 5342
540 8388 4998
541 8396 1282
542 8402 4078
543 8444 5506
544 8448 5392
545 8458 3018
546 8462 3908
547 8470 4222
548 8488 1142
549 8520 4352
550 8526 3342
551 8554 5352
552 8580 2860
553 8608 1932
554 8644 4330
555 8710 4194
556 8718 3434
557 8722 2858
558 8722 3406
559 8760 4318
560 8768 1900
561 8790 2430
562 8802 4192
563 8808 4530
564 8828 4330
565 8830 3128
566 8838 1604
567 8864 3486
568 8876 4976
569 8892 4236
570 8898 4634
571 8922 4620
572 8922 4622
573 8932 2828
574 8940 1604
575 8942 1566
576 8950 4144
577 8960 4176
578 8970 1594
579 8976 1420
580 9046 4216
581 9074 4864
582 9076 4434
583 9116 1024
584 9118 3538
585 9134 4468
586 9156 5606
587 9216 2322
588 9224 5392
589 9228 4974
590 9240 4886
591 9272 520
592 9272 2594
593 9276 1780
594 9282 4890
595 9298 3246
596 9340 2230
597 9342 2918
598 9356 2470
599 9364 4110
600 9378 3050
601 9414 1826
602 9504 3606
603 9514 642
604 9528 1278
605 9612 3720
606 9628 2434
607 9650 5576
608 9720 880
609 9722 2604
610 9808 572
611 9824 518
612 9840 1706
613 9844 1566
614 9856 1396
615 9886 882
616 9984 2036
617 10056 4660
618 10064 604
619 10070 1520
620 10140 3170
621 10140 5674
622 10174 4142
623 10180 532
624 10246 6308
625 10372 3494
626 10416 2526
627 10424 1992
628 10436 2652
629 10458 2600
630 10518 2788
631 10542 2220
632 10594 1688
633 10634 2920
634 10662 2554
635 10664 5846
636 10670 5240
637 10780 3462
638 10796 2794
639 10804 2744
640 10858 2550
641 10972 3806
642 11006 698
643 11016 2770
644 11086 622
645 11104 834
646 11182 736
647 11182 1362
648 11252 932
649 11288 5884
650 11312 362
651 11328 5380
652 11344 608
653 11400 670
654 11436 1522
655 11442 1170
656 11490 1206
657 11506 552
658 11550 7098
659 11554 708
660 11564 7010
661 11612 3998
662 11634 212
663 11638 5848
664 11688 448
665 11702 788
666 11740 7148
667 11768 1252
668 11782 1450
669 11832 1076
670 11870 7086
671 11874 56
672 11902 7158
673 11924 1422
674 12024 7072
675 12064 5790
676 12068 734
677 12076 524
678 12112 4334
679 12124 7084
680 12140 4320
681 12162 536
682 12184 3096
683 12190 314
684 12202 1432
685 12260 534
686 12274 7144
687 12280 294
688 12286 4874
689 12366 264
690 12390 4648
691 12416 4302
692 12418 622
693 12444 1112
694 12530 1146
695 12544 426
696 12548 178
697 12602 604
698 12748 1212
699 12794 1132
4 17 1 4 23 
4 2 0 16 3 
3 4 1 5 
3 9 1 36 
4 23 0 2 7 
4 8 7 2 6 
3 12 5 9 
3 4 5 15 
3 20 13 5 
5 10 11 6 3 42 
3 24 11 9 
3 12 9 10 
3 20 6 11 
3 14 8 20 
4 22 21 15 13 
4 19 7 14 21 
3 1 50 38 
3 89 0 18 
3 33 17 26 
3 29 35 15 
4 13 8 12 25 
3 30 15 14 
3 27 30 14 
4 34 28 0 4 
3 31 25 10 
3 20 24 31 
4 37 32 18 28 
3 40 22 66 
3 39 26 23 
3 53 49 19 
5 68 43 21 22 45 
4 64 25 24 42 
3 41 33 26 
3 54 18 32 
3 39 23 35 
4 34 19 47 56 
3 3 38 48 
3 44 41 26 
3 36 16 50 
3 44 28 34 
3 45 27 65 
3 51 32 37 
4 59 31 9 57 
4 46 70 30 76 
3 52 37 39 
3 68 30 40 
3 109 91 43 
3 56 35 49 
3 55 36 180 
3 60 47 29 
3 38 16 160 
3 54 41 52 
3 58 51 44 
3 70 71 29 
4 61 89 33 51 
3 83 57 48 
3 35 47 62 
3 63 42 55 
3 61 52 74 
4 64 42 63 112 
3 71 67 49 
3 72 54 58 
3 73 56 67 
3 59 57 112 
3 69 31 59 
3 79 40 66 
3 65 27 69 
3 82 62 60 
3 75 30 45 
3 66 64 132 
3 86 53 43 
3 87 60 53 
4 263 61 107 111 
3 78 74 62 
3 58 73 77 
3 76 68 79 
3 80 43 75 
3 100 74 78 
3 92 77 73 
3 75 65 81 
6 93 109 76 85 96 84 
3 85 79 135 
4 104 101 67 90 
3 127 55 177 
3 164 80 97 
3 80 81 95 
4 87 70 88 94 
4 90 71 86 130 
3 86 110 166 
3 263 17 54 
3 82 87 125 
3 110 46 121 
3 98 78 101 
3 165 99 80 
3 86 157 126 
3 85 141 105 
3 97 80 102 
3 84 96 155 
3 103 92 108 
3 165 113 93 
3 106 77 103 
3 108 92 82 
3 96 105 128 
3 100 98 116 
3 117 82 125 
3 102 95 150 
3 107 100 118 
3 111 72 106 
3 115 98 101 
3 121 46 80 
3 88 91 166 
3 263 72 107 
3 59 63 123 
3 137 114 99 
3 124 119 113 
3 116 108 117 
3 118 103 115 
5 133 120 115 104 125 
3 122 106 116 
3 121 114 124 
4 133 144 122 117 
4 91 109 119 151 
3 269 118 120 
3 132 112 127 
3 143 119 114 
4 117 104 90 129 
3 131 94 161 
3 123 83 177 
3 102 154 149 
3 142 125 145 
3 138 87 131 
3 130 126 134 
3 139 69 123 
3 144 120 117 
4 136 131 161 147 
3 141 81 139 
3 138 134 148 
3 140 113 171 
3 145 130 136 
3 135 132 177 
3 162 143 137 
3 150 95 135 
4 144 129 152 163 
3 151 124 140 
4 207 120 133 142 
3 129 138 146 
3 156 145 153 
3 134 167 170 
3 153 136 182 
4 128 154 159 158 
3 105 141 154 
3 166 121 143 
3 142 156 175 
3 146 148 182 
4 149 128 150 177 
3 97 158 179 
3 152 146 175 
3 94 176 181 
3 155 149 168 
3 168 149 199 
4 322 183 50 265 
3 134 126 172 
3 187 176 140 
3 207 142 195 
3 165 84 169 
4 174 99 93 164 
4 88 110 151 176 
3 196 147 172 
3 173 158 159 
3 164 189 201 
3 147 196 200 
3 184 137 174 
4 167 161 186 178 
3 179 168 199 
3 171 165 203 
3 152 156 182 
4 157 166 162 181 
5 154 139 127 83 180 
3 172 192 191 
3 185 155 173 
3 177 48 183 
3 157 176 186 
4 175 153 148 193 
6 297 215 204 202 180 160 
3 190 171 220 
3 188 179 208 
3 172 181 192 
3 192 162 190 
3 189 185 226 
3 201 169 188 
4 228 225 187 184 
3 194 178 192 
5 191 178 186 187 211 
4 209 195 182 198 
3 205 191 197 
3 206 163 193 
3 170 167 205 
3 212 194 211 
3 218 193 200 
3 173 159 202 
3 198 170 205 
4 253 203 169 189 
3 199 183 204 
3 238 174 201 
3 202 183 210 
4 214 200 196 194 
3 233 195 209 
3 269 144 163 
3 221 185 210 
3 213 206 193 
3 208 204 217 
3 197 192 225 
4 235 236 214 197 
3 223 209 216 
3 218 205 212 
3 304 217 183 
3 219 213 222 
3 304 210 215 
3 222 198 214 
3 227 216 262 
2 184 224 
3 304 226 208 
3 216 218 258 
3 229 213 230 
3 240 220 238 
3 243 211 190 
3 188 221 304 
3 230 219 262 
3 244 190 240 
3 233 223 231 
4 237 232 223 227 
3 229 232 247 
3 231 230 237 
3 234 206 229 
3 239 233 242 
3 236 212 281 
3 258 212 235 
3 232 230 257 
4 277 256 224 203 
3 269 234 241 
3 228 224 251 
4 239 242 246 248 
4 246 241 234 252 
3 287 225 244 
4 260 243 228 245 
4 285 244 251 259 
3 241 242 255 
3 254 231 257 
3 241 250 249 
3 270 248 250 
4 249 248 255 271 
3 245 240 256 
3 261 242 254 
4 277 201 346 349 
3 252 247 272 
3 250 246 261 
4 295 259 251 238 
3 247 237 264 
3 262 222 236 
3 245 256 267 
3 292 286 244 
3 255 252 266 
4 264 227 219 258 
6 390 89 72 111 276 354 
3 257 262 272 
2 671 160 
3 268 261 272 
5 283 306 259 295 278 
3 271 266 273 
5 276 122 207 239 270 
4 269 249 324 326 
5 293 250 268 273 274 
4 266 254 264 281 
3 271 268 280 
3 271 275 279 
3 279 274 282 
3 263 269 350 
3 294 238 253 
3 290 267 316 
4 274 275 289 309 
3 284 273 281 
4 280 272 235 288 
3 289 275 284 
3 306 267 290 
3 291 282 280 
3 310 325 245 
3 287 260 292 
4 296 288 243 286 
3 291 281 287 
3 279 282 298 
4 302 283 278 321 
3 301 284 288 
3 312 286 260 
3 324 271 309 
3 295 277 303 
4 316 267 256 294 
3 317 301 287 
3 315 183 322 
3 289 299 300 
3 298 301 319 
3 307 298 305 
4 299 291 296 319 
3 308 290 332 
4 314 318 294 339 
6 346 226 221 217 215 315 
3 307 300 319 
4 310 267 283 308 
3 309 300 305 
3 311 306 302 
4 293 279 307 313 
3 325 285 306 
4 327 328 308 334 
3 331 317 292 
3 309 333 323 
3 318 303 339 
3 364 304 297 
3 321 278 295 
3 331 296 312 
3 320 303 314 
4 305 299 301 331 
3 321 318 330 
4 290 316 320 337 
4 379 297 160 671 
4 341 313 340 336 
3 326 270 293 
3 331 285 310 
3 329 270 324 
3 328 311 334 
3 331 311 327 
3 350 326 357 
3 335 320 353 
6 333 319 317 312 325 328 
3 334 302 343 
3 313 331 338 
4 344 327 311 332 
3 337 330 342 
3 360 323 340 
3 343 321 335 
3 340 333 344 
3 314 303 353 
4 336 323 338 391 
3 359 323 365 
4 347 335 449 345 
3 351 332 337 
3 338 334 348 
3 361 342 449 
3 253 304 349 
3 362 358 342 
4 355 344 352 380 
3 253 346 353 
3 376 276 329 
3 352 343 356 
3 348 351 366 
4 330 339 349 364 
3 384 263 381 
3 391 348 370 
3 351 358 366 
3 367 329 359 
3 356 347 362 
3 357 341 363 
3 369 336 410 
3 362 345 374 
4 358 347 361 368 
3 389 359 365 
3 353 315 379 
4 382 363 341 369 
3 352 356 378 
3 376 357 389 
4 373 362 371 372 
3 382 365 360 
3 387 355 392 
3 372 368 375 
3 368 371 377 
3 378 368 396 
3 361 449 375 
3 371 374 383 
3 398 350 367 
3 388 372 385 
3 380 366 373 
4 468 449 364 322 
4 411 392 348 378 
3 535 354 393 
3 397 365 369 
3 386 375 414 
3 672 390 354 
3 388 377 386 
3 385 383 401 
3 394 370 395 
3 396 377 385 
3 367 363 407 
3 263 384 672 
6 410 340 355 394 412 402 
3 403 370 380 
3 535 381 398 
3 391 387 412 
3 387 405 406 
4 409 373 388 399 
3 407 382 404 
3 393 376 400 
3 396 408 413 
3 398 415 439 
3 408 386 414 
3 433 391 471 
3 405 392 417 
3 420 397 421 
3 395 403 447 
3 395 447 419 
3 389 397 420 
3 399 401 422 
3 418 396 413 
3 427 360 391 
3 417 380 418 
3 391 394 419 
3 409 399 423 
5 426 401 383 453 424 
3 400 416 451 
3 415 441 450 
3 403 411 430 
4 425 411 409 429 
3 412 406 463 
3 407 404 435 
3 404 427 437 
3 423 408 426 
3 413 422 431 
4 428 414 432 444 
3 430 418 452 
3 438 422 414 
3 440 421 410 
3 456 424 454 
3 418 431 452 
3 417 425 459 
3 429 423 438 
3 424 474 434 
3 436 402 504 
3 432 474 442 
3 420 437 446 
3 443 440 433 
3 435 421 443 
3 431 426 458 
4 486 487 400 506 
3 443 427 436 
3 448 416 445 
3 434 482 464 
4 437 440 436 457 
3 424 460 470 
4 461 441 446 466 
3 445 435 455 
3 406 405 459 
3 450 441 461 
5 374 345 342 379 453 
3 451 416 448 
3 415 450 480 
3 425 429 520 
3 414 449 468 
3 456 428 475 
3 446 457 465 
3 458 428 454 
3 455 443 493 
3 438 456 462 
3 447 430 488 
3 444 464 467 
3 448 445 476 
3 458 475 492 
3 419 488 496 
3 460 442 469 
3 455 493 477 
3 489 445 484 
3 470 460 481 
4 478 453 379 662 
3 464 473 472 
3 444 467 483 
3 402 495 507 
3 481 469 479 
3 469 490 479 
3 434 432 478 
3 462 454 483 
3 491 461 489 
3 484 465 507 
4 591 482 474 468 
3 472 473 494 
3 506 451 532 
3 483 467 472 
3 485 442 478 
4 497 475 470 481 
3 466 477 511 
3 501 490 482 
3 487 439 506 
3 535 439 486 
3 463 459 499 
3 476 466 502 
4 498 473 485 501 
3 512 476 500 
3 462 497 516 
3 465 457 504 
3 509 479 508 
3 503 471 496 
3 495 463 499 
3 492 483 509 
4 514 508 490 603 
3 496 488 528 
3 515 491 505 
3 490 485 591 
3 505 489 510 
3 507 495 526 
3 493 433 507 
3 500 502 521 
4 658 486 439 480 
5 477 504 471 503 524 
3 531 494 498 
3 513 497 494 
3 523 502 511 
3 510 484 524 
3 539 491 518 
3 525 519 509 
3 548 541 498 
3 518 500 517 
3 492 519 520 
3 540 515 521 
3 539 512 515 
3 516 513 525 
3 452 516 525 
3 517 505 522 
3 521 523 527 
3 522 510 529 
4 529 511 507 533 
4 520 519 513 528 
3 503 534 536 
3 563 522 549 
3 499 525 531 
3 523 524 530 
3 538 529 533 
3 534 528 508 
3 480 544 543 
4 545 530 524 536 
3 526 531 537 
4 666 381 393 487 
5 552 545 533 526 553 
3 553 534 541 
3 542 530 546 
3 544 512 518 
3 544 517 570 
3 566 537 514 
3 555 547 538 
4 586 624 532 551 
4 532 539 540 551 
3 550 533 536 
3 562 538 550 
3 554 549 542 
4 579 575 514 583 
3 527 547 554 
3 556 546 545 
3 543 544 568 
3 558 536 557 
4 561 536 537 560 
3 549 547 559 
3 559 542 562 
3 576 550 558 
4 565 567 552 573 
3 576 556 552 
3 564 554 555 
3 561 553 566 
3 573 553 560 
3 569 555 546 
3 570 527 564 
3 563 559 569 
3 584 567 557 
3 574 560 541 
3 576 557 565 
3 551 572 581 
3 564 562 577 
3 540 563 571 
3 572 570 582 
3 581 568 571 
3 597 557 561 
4 587 592 566 578 
3 578 548 579 
6 577 556 558 567 584 595 
3 580 569 576 
3 593 574 575 
4 575 548 583 604 
3 582 577 602 
3 589 568 572 
3 585 571 580 
3 579 548 603 
3 576 565 595 
3 590 582 599 
3 624 543 588 
3 592 574 596 
3 607 586 589 
3 588 581 590 
3 594 589 585 
3 501 478 611 
3 597 574 587 
3 601 596 578 
3 621 590 617 
3 576 584 600 
4 606 598 587 593 
3 600 573 592 
3 609 600 596 
3 622 585 605 
4 602 595 597 598 
3 616 593 612 
3 605 580 600 
3 583 498 610 
3 613 579 608 
4 599 602 620 625 
3 628 609 596 
3 621 660 588 
3 615 604 610 
3 620 598 606 
3 608 603 611 
5 623 618 610 591 650 
3 616 601 613 
3 612 604 614 
3 619 613 615 
3 614 608 618 
3 626 601 612 
3 636 594 622 
3 645 615 611 
3 632 627 614 
3 605 609 630 
3 635 607 594 
3 617 599 641 
4 644 642 611 664 
3 658 543 586 
3 605 633 637 
3 634 629 616 
3 631 619 632 
3 630 606 629 
3 628 626 634 
3 633 620 628 
3 634 627 632 
4 631 627 619 647 
3 625 630 638 
4 639 629 626 631 
3 660 621 636 
4 651 649 635 617 
3 641 625 638 
3 637 633 639 
3 638 634 640 
3 643 639 647 
3 661 622 637 
3 665 646 623 
3 661 640 654 
3 653 623 652 
3 648 618 646 
3 665 645 642 
3 640 632 655 
3 667 655 645 
4 670 636 651 663 
3 611 662 683 
3 649 636 678 
3 653 644 657 
4 659 644 652 657 
3 643 656 668 
3 656 647 648 
4 673 668 654 655 
3 653 652 664 
3 666 506 624 
4 665 653 677 681 
3 666 607 635 
3 678 641 643 
3 650 468 696 
3 670 649 675 
3 657 623 683 
5 669 646 642 659 676 
5 672 535 658 660 670 
3 673 648 669 
3 654 656 673 
3 693 667 665 
4 666 649 663 674 
3 696 322 265 
4 390 384 666 686 
4 684 668 656 667 
3 679 670 675 
3 674 663 688 
3 693 665 692 
4 681 659 687 689 
3 651 661 680 
3 686 674 690 
3 688 678 682 
3 659 677 685 
3 691 680 684 
3 664 650 687 
3 682 673 694 
3 692 681 695 
4 672 679 690 699 
3 677 683 689 
3 675 680 690 
3 677 687 696 
4 686 679 688 691 
3 690 682 698 
3 676 685 697 
3 694 669 676 
3 698 684 693 
3 697 685 696 
5 699 695 689 662 671 
3 699 692 695 
3 691 694 699 
4 686 698 697 696 
