2000
0 74 10948
1 388 10152
2 458 1682
3 520 4282
4 530 4276
5 530 10370
6 592 2046
7 614 1756
8 646 10006
9 650 10052
10 654 1640
11 680 2154
12 686 2194
13 720 3958
14 722 1562
15 742 2276
16 772 3856
17 788 2766
18 788 9948
19 790 9708
20 808 3046
21 820 3122
22 836 1140
23 838 3758
24 842 2224
25 848 2226
26 848 9524
27 850 2334
28 852 1920
29 854 2408
30 862 1310
31 862 3046
32 864 3268
33 874 2084
34 876 1768
35 882 4130
36 892 2716
37 904 9958
38 906 3070
39 910 2532
40 914 1612
41 930 3334
42 934 3084
43 934 4186
44 944 9496
45 954 2220
46 964 2938
47 976 2522
48 980 3142
49 998 3354
50 1040 10542
51 1048 1148
52 1060 1580
53 1060 4460
54 1064 4382
55 1066 10114
56 1066 10118
57 1092 4442
58 1146 2862
59 1164 4276
60 1174 4106
61 1190 632
62 1218 2628
63 1228 2712
64 1244 2798
65 1278 4068
66 1286 4468
67 1306 2880
68 1352 3012
69 1452 2250
70 1504 1694
71 1534 748
72 1540 704
73 1542 3274
74 1550 11404
75 1582 11424
76 1594 2630
77 1596 3366
78 1662 10338
79 1664 732
80 1734 3406
81 1804 2918
82 1866 4328
83 1870 10440
84 1882 714
85 1922 10442
86 1936 3954
87 1938 11086
88 1966 10588
89 1980 2690
90 1990 10584
91 2072 2398
92 2086 4038
93 2148 10388
94 2152 458
95 2160 10620
96 2182 13322
97 2186 10618
98 2224 320
99 2234 11078
100 2266 254
101 2300 10356
102 2388 11102
103 2436 372
104 2438 822
105 2454 4444
106 2456 4432
107 2464 11342
108 2466 4454
109 2472 212
110 2552 11260
111 2580 2980
112 2680 2902
113 2692 3684
114 2744 798
115 2756 3936
116 2772 2296
117 2776 4408
118 2858 3658
119 2950 3588
120 2974 1092
121 3058 11868
122 3064 4398
123 3072 984
124 3102 2398
125 3154 11768
126 3176 11864
127 3256 11892
128 3258 4396
129 3262 11760
130 3274 3226
131 3292 4124
132 3300 3084
133 3312 12796
134 3328 10358
135 3330 456
136 3352 2368
137 3362 2862
138 3388 430
139 3400 11914
140 3412 9508
141 3420 11864
142 3444 11656
143 3476 2728
144 3524 3566
145 3534 2978
146 3536 4194
147 3550 11900
148 3586 708
149 3592 7204
150 3594 9332
151 3612 11828
152 3624 4452
153 3628 1046
154 3632 2530
155 3640 1774
156 3648 9416
157 3652 4450
158 3666 11832
159 3680 2522
160 3696 11744
161 3710 2614
162 3714 12028
163 3728 2204
164 3736 2626
165 3742 1090
166 3754 2704
167 3760 2598
168 3768 2790
169 3770 2684
170 3782 9306
171 3786 2694
172 3788 2704
173 3792 11998
174 3798 2588
175 3802 624
176 3802 680
177 3802 11864
178 3820 3818
179 3830 2356
180 3848 2442
181 3862 11084
182 3868 9290
183 3872 7364
184 3872 11898
185 3908 8932
186 3908 9380
187 3910 2622
188 3914 2668
189 3918 2942
190 3944 4460
191 3948 10384
192 3970 2648
193 3984 8950
194 3986 12800
195 3994 1208
196 3994 9334
197 3994 9392
198 3996 4420
199 4000 12988
200 4004 11254
201 4006 4396
202 4030 4262
203 4046 10336
204 4058 2750
205 4060 2772
206 4062 7052
207 4066 9478
208 4068 12152
209 4078 2832
210 4078 12002
211 4090 2788
212 4118 10296
213 4166 9374
214 4180 3900
215 4186 11972
216 4196 9402
217 4214 4330
218 4214 4430
219 4226 10576
220 4230 1020
221 4276 9338
222 4276 10576
223 4296 11350
224 4304 4392
225 4326 4362
226 4328 10636
227 4330 10552
228 4336 9306
229 4336 10436
230 4336 10782
231 4338 2030
232 4342 4262
233 4350 6968
234 4364 10108
235 4378 4072
236 4410 4160
237 4414 2428
238 4444 2820
239 4454 13002
240 4458 10362
241 4464 9272
242 4478 10020
243 4480 10308
244 4490 9302
245 4496 9308
246 4508 6850
247 4514 12744
248 4516 4316
249 4518 3820
250 4528 4326
251 4540 484
252 4550 10340
253 4596 4312
254 4604 10538
255 4612 10296
256 4618 3278
257 4630 9446
258 4638 10546
259 4648 10224
260 4662 12588
261 4666 6794
262 4676 10514
263 4680 12804
264 4682 7310
265 4682 9960
266 4686 9232
267 4688 10262
268 4690 10382
269 4692 3858
270 4694 10496
271 4694 10640
272 4704 10404
273 4708 6702
274 4712 10212
275 4718 10512
276 4718 11386
277 4720 820
278 4726 9292
279 4732 9838
280 4736 9896
281 4748 880
282 4758 10422
283 4782 10614
284 4788 9876
285 4798 10080
286 4798 12898
287 4812 7610
288 4812 10068
289 4832 7276
290 4836 2000
291 4848 3800
292 4850 10668
293 4856 9840
294 4866 11292
295 4872 1102
296 4874 9754
297 4876 11394
298 4880 6504
299 4882 12894
300 4898 10574
301 4904 8852
302 4922 3124
303 4930 3524
304 4932 4430
305 4942 6494
306 4942 9938
307 4944 6302
308 4952 938
309 4980 9990
310 4986 3690
311 4990 11632
312 5006 4276
313 5010 7292
314 5022 11182
315 5028 3312
316 5030 10560
317 5042 4070
318 5044 3148
319 5052 9864
320 5064 11304
321 5070 3616
322 5070 10148
323 5080 9774
324 5082 1038
325 5090 4090
326 5102 10496
327 5102 11194
328 5104 11266
329 5106 11348
330 5114 9848
331 5120 13242
332 5126 4480
333 5134 10348
334 5140 10700
335 5152 10968
336 5164 11140
337 5168 10018
338 5170 9632
339 5172 9846
340 5180 9896
341 5196 10264
342 5210 8924
343 5218 4502
344 5230 10460
345 5234 2154
346 5240 9942
347 5242 11154
348 5254 10562
349 5256 2144
350 5260 10194
351 5262 10216
352 5270 11214
353 5272 11170
354 5282 11128
355 5282 11206
356 5286 5908
357 5288 5036
358 5308 2050
359 5312 1560
360 5320 10792
361 5330 1010
362 5330 9144
363 5344 5246
364 5346 2090
365 5346 10156
366 5348 10474
367 5360 7868
368 5362 8916
369 5364 10174
370 5366 7870
371 5368 3168
372 5376 5790
373 5402 10326
374 5406 1028
375 5414 10250
376 5414 10368
377 5418 9214
378 5420 9750
379 5432 1044
380 5438 1192
381 5438 5802
382 5442 3352
383 5450 10768
384 5480 10724
385 5486 9760
386 5500 9776
387 5534 3654
388 5558 7196
389 5560 9594
390 5566 2216
391 5584 10558
392 5586 10046
393 5594 4020
394 5596 6498
395 5636 1458
396 5638 1308
397 5644 2198
398 5658 5404
399 5664 1966
400 5674 9546
401 5678 7646
402 5688 10222
403 5692 9280
404 5700 3174
405 5708 1400
406 5714 9208
407 5722 9222
408 5730 10970
409 5736 1482
410 5738 10366
411 5746 4198
412 5750 3664
413 5772 1694
414 5794 5288
415 5796 8892
416 5800 8890
417 5802 1984
418 5802 9572
419 5806 7976
420 5812 5892
421 5814 9462
422 5820 6716
423 5824 9044
424 5826 10580
425 5828 9460
426 5834 9490
427 5840 9256
428 5842 9610
429 5844 9308
430 5848 9470
431 5852 9226
432 5874 1788
433 5884 4180
434 5902 2216
435 5904 3312
436 5912 10528
437 5934 4200
438 5934 9818
439 5944 1728
440 5974 2396
441 5974 9430
442 5984 7976
443 5986 2460
444 6002 9254
445 6014 5958
446 6016 2524
447 6024 9706
448 6024 9970
449 6032 10038
450 6046 8008
451 6066 9652
452 6104 4204
453 6152 3604
454 6158 10294
455 6164 4948
456 6174 7226
457 6180 10062
458 6188 8072
459 6200 4984
460 6208 13492
461 6246 2640
462 6284 5300
463 6290 8002
464 6304 4870
465 6304 9446
466 6344 8072
467 6344 8268
468 6346 7858
469 6374 6862
470 6394 5098
471 6424 5052
472 6444 5522
473 6464 8170
474 6466 3218
475 6472 8178
476 6508 3324
477 6514 6826
478 6556 8100
479 6566 8106
480 6568 9146
481 6598 8342
482 6612 7090
483 6642 3102
484 6646 13240
485 6652 4816
486 6656 4712
487 6658 9462
488 6658 9664
489 6684 9210
490 6700 9634
491 6718 9534
492 6726 5282
493 6744 9640
494 6746 74
495 6760 3064
496 6760 9644
497 6776 4386
498 6778 4520
499 6778 7642
500 6782 9222
501 6784 4772
502 6786 4464
503 6796 7638
504 6828 82
505 6836 7624
506 6844 5468
507 6856 7448
508 6860 110
509 6866 5402
510 6870 4516
511 6894 3920
512 6900 14162
513 6920 3960
514 6970 7724
515 7016 5552
516 7024 7768
517 7024 9872
518 7050 4448
519 7056 7682
520 7058 174
521 7068 7814
522 7080 3148
523 7082 3436
524 7092 7620
525 7110 8956
526 7122 3492
527 7122 3626
528 7124 3322
529 7146 7122
530 7168 3248
531 7170 3860
532 7174 8976
533 7184 3364
534 7190 14168
535 7192 4478
536 7192 6918
537 7196 3234
538 7202 8096
539 7208 14124
540 7222 7856
541 7256 7484
542 7258 3292
543 7274 4736
544 7284 8096
545 7288 7568
546 7304 364
547 7316 4932
548 7326 7122
549 7338 4580
550 7348 7588
551 7360 7592
552 7366 7844
553 7380 7656
554 7382 4300
555 7382 5362
556 7400 114
557 7414 9012
558 7452 8976
559 7458 5600
560 7458 7700
561 7462 3414
562 7464 7576
563 7490 7876
564 7496 8000
565 7504 3380
566 7504 7662
567 7512 7232
568 7520 7236
569 7528 3728
570 7542 7414
571 7554 2152
572 7584 2182
573 7594 7014
574 7596 3420
575 7610 8780
576 7616 8696
577 7618 8876
578 7622 7660
579 7652 3394
580 7660 374
581 7666 8924
582 7680 3978
583 7690 8196
584 7690 8782
585 7700 4028
586 7702 8944
587 7704 5348
588 7708 8848
589 7714 7808
590 7744 9154
591 7746 4102
592 7748 4060
593 7748 7800
594 7770 9016
595 7794 3644
596 7802 8616
597 7818 3702
598 7822 4308
599 7836 6552
600 7844 366
601 7852 424
602 7856 4552
603 7868 4340
604 7872 8846
605 7910 8624
606 7928 7304
607 7928 8488
608 7938 8798
609 7944 8048
610 7968 424
611 7974 7276
612 7976 8118
613 7978 8040
614 8008 8314
615 8016 9072
616 8030 8196
617 8030 8668
618 8072 8106
619 8082 5902
620 8082 5974
621 8090 7512
622 8098 8698
623 8102 4588
624 8102 7502
625 8116 9282
626 8118 8434
627 8146 8686
628 8160 8862
629 8166 8878
630 8180 8392
631 8198 5156
632 8206 428
633 8218 5798
634 8222 5786
635 8230 8790
636 8238 9024
637 8270 9164
638 8288 7874
639 8292 9076
640 8296 4512
641 8312 5438
642 8316 9128
643 8324 4654
644 8326 486
645 8326 5408
646 8326 7636
647 8332 8864
648 8340 478
649 8340 4550
650 8358 8594
651 8376 8672
652 8402 524
653 8402 4818
654 8412 8798
655 8428 4930
656 8434 5768
657 8434 5830
658 8442 8846
659 8456 7366
660 8460 5198
661 8474 5984
662 8482 7810
663 8490 9434
664 8496 202
665 8498 4518
666 8506 380
667 8512 8890
668 8516 9556
669 8528 8532
670 8536 5692
671 8540 330
672 8548 9030
673 8548 9142
674 8564 9568
675 8570 4674
676 8572 4606
677 8584 9558
678 8588 6394
679 8594 9058
680 8602 250
681 8630 4728
682 8632 8814
683 8644 8750
684 8652 208
685 8670 8592
686 8670 9674
687 8684 8916
688 8692 5692
689 8698 8460
690 8698 8680
691 8700 8268
692 8702 4728
693 8706 9000
694 8714 8904
695 8726 8636
696 8740 9670
697 8742 7626
698 8744 9024
699 8754 9478
700 8770 4884
701 8774 9766
702 8784 8932
703 8790 9430
704 8796 9024
705 8812 5898
706 8812 6544
707 8816 5832
708 8820 8500
709 8822 8912
710 8822 8952
711 8824 5064
712 8834 6000
713 8834 9526
714 8840 8936
715 8842 8962
716 8862 7090
717 8864 9574
718 8868 9924
719 8870 5660
720 8870 9772
721 8888 6370
722 8892 4634
723 8896 8684
724 8906 6412
725 8906 8902
726 8916 9540
727 8924 5330
728 8936 9094
729 8942 8932
730 8970 9768
731 8976 8162
732 8984 9788
733 8996 6372
734 9004 8862
735 9016 8656
736 9016 9440
737 9024 9044
738 9026 9064
739 9030 4574
740 9034 9688
741 9036 4442
742 9042 5766
743 9042 9124
744 9048 8576
745 9052 6908
746 9080 8946
747 9086 9328
748 9090 8776
749 9094 10010
750 9098 9484
751 9104 6476
752 9106 9352
753 9110 6474
754 9124 9786
755 9134 5442
756 9146 9720
757 9164 9866
758 9194 8916
759 9204 5424
760 9210 8354
761 9222 7898
762 9228 8344
763 9236 6572
764 9240 9388
765 9258 4378
766 9274 9222
767 9288 9206
768 9296 8984
769 9310 9670
770 9312 4348
771 9332 6382
772 9340 9426
773 9352 13876
774 9364 4350
775 9364 5600
776 9372 9550
777 9376 9622
778 9394 13810
779 9396 10110
780 9408 8122
781 9410 6080
782 9410 13644
783 9422 8732
784 9424 8924
785 9432 10100
786 9434 14306
787 9438 9114
788 9460 10334
789 9462 6536
790 9478 6242
791 9480 9134
792 9490 7896
793 9524 8376
794 9530 6702
795 9540 7918
796 9562 5748
797 9564 9144
798 9566 9044
799 9568 4878
800 9574 8840
801 9584 4872
802 9586 8232
803 9588 9716
804 9592 4826
805 9594 5634
806 9598 4338
807 9612 8038
808 9618 8228
809 9640 8934
810 9644 4262
811 9654 8224
812 9664 4218
813 9670 7634
814 9684 7598
815 9686 4224
816 9686 8866
817 9692 6160
818 9714 4488
819 9726 8174
820 9760 9256
821 9762 9954
822 9766 9490
823 9766 9522
824 9788 9626
825 9794 4288
826 9798 6464
827 9804 5576
828 9818 7504
829 9820 224
830 9820 8890
831 9824 6196
832 9844 5856
833 9850 9222
834 9862 7922
835 9862 9326
836 9864 10164
837 9884 7968
838 9892 9404
839 9896 4502
840 9900 6224
841 9932 7208
842 9958 136
843 9970 9178
844 9980 7744
845 9994 6800
846 10000 7998
847 10000 9256
848 10008 9136
849 10008 9296
850 10018 9312
851 10030 8956
852 10042 9314
853 10056 8910
854 10058 9692
855 10098 8520
856 10104 9178
857 10106 6566
858 10112 6914
859 10118 138
860 10118 9298
861 10126 9410
862 10132 10292
863 10138 7650
864 10154 504
865 10186 4564
866 10186 9888
867 10196 7862
868 10200 4586
869 10204 8354
870 10212 8352
871 10214 6974
872 10218 9330
873 10224 9868
874 10260 6460
875 10268 440
876 10270 9236
877 10276 8848
878 10292 9334
879 10294 8080
880 10302 9172
881 10302 9326
882 10308 6478
883 10308 7734
884 10312 9768
885 10322 9168
886 10332 8218
887 10334 8846
888 10334 9780
889 10338 7048
890 10350 8928
891 10352 10308
892 10388 6948
893 10396 8634
894 10400 5466
895 10404 6870
896 10406 8008
897 10416 9630
898 10436 5840
899 10442 5136
900 10448 6566
901 10454 6148
902 10456 7010
903 10462 5372
904 10466 10206
905 10470 7470
906 10478 10476
907 10490 5208
908 10492 5344
909 10502 6680
910 10512 9120
911 10546 5418
912 10552 5248
913 10566 6962
914 10574 5366
915 10574 5434
916 10576 5610
917 10588 5506
918 10592 5206
919 10632 8040
920 10632 8062
921 10632 9218
922 10638 5224
923 10642 5512
924 10642 9344
925 10644 5462
926 10650 8058
927 10660 540
928 10670 7296
929 10676 5204
930 10680 7430
931 10686 8692
932 10710 6942
933 10720 5588
934 10722 9298
935 10736 7424
936 10740 5364
937 10754 10032
938 10760 6806
939 10766 7092
940 10778 4710
941 10780 108
942 10798 148
943 10800 13372
944 10804 13274
945 10814 7436
946 10820 9764
947 10822 8480
948 10840 7586
949 10842 9224
950 10848 8360
951 10858 394
952 10860 4830
953 10876 10006
954 10886 8110
955 10896 9068
956 10918 8192
957 10922 5368
958 10928 5242
959 10930 7714
960 10948 8260
961 10954 7760
962 10962 5510
963 10962 11778
964 10970 8178
965 10990 5828
966 10994 7784
967 10998 8884
968 11030 7936
969 11052 9540
970 11058 9588
971 11062 9378
972 11068 7754
973 11072 5552
974 11072 8132
975 11084 4960
976 11086 8514
977 11088 9970
978 11090 8328
979 11098 10314
980 11104 13366
981 11118 8488
982 11124 13380
983 11130 8324
984 11132 5594
985 11134 9576
986 11142 5902
987 11144 6816
988 11158 9246
989 11160 8454
990 11164 14082
991 11168 8200
992 11174 9556
993 11174 9600
994 11196 5886
995 11210 8472
996 11214 7990
997 11226 9444
998 11228 10270
999 11238 8078
1000 11242 8592
1001 11246 8616
1002 11248 7844
1003 11256 8072
1004 11258 7802
1005 11294 2244
1006 11310 12444
1007 11324 9156
1008 11344 10296
1009 11346 5106
1010 11358 7836
1011 11360 7618
1012 11364 12096
1013 11372 5656
1014 11372 5778
1015 11374 7046
1016 11378 5118
1017 11388 8884
1018 11392 6958
1019 11392 8646
1020 11400 2216
1021 11402 8444
1022 11404 5432
1023 11412 5494
1024 11418 5626
1025 11418 10150
1026 11424 14060
1027 11428 12090
1028 11444 5868
1029 11448 11974
1030 11450 5016
1031 11458 7690
1032 11462 5394
1033 11472 7580
1034 11476 11828
1035 11478 7766
1036 11504 5864
1037 11532 5684
1038 11546 13634
1039 11548 8946
1040 11552 14038
1041 11592 7978
1042 11596 5340
1043 11600 11674
1044 11626 6168
1045 11628 6908
1046 11630 5496
1047 11630 7596
1048 11638 5596
1049 11648 11290
1050 11652 9218
1051 11654 11712
1052 11656 5652
1053 11662 1884
1054 11662 5568
1055 11670 8584
1056 11672 3848
1057 11686 5454
1058 11686 11910
1059 11696 8778
1060 11710 360
1061 11710 7582
1062 11720 13966
1063 11732 2958
1064 11734 6540
1065 11740 5824
1066 11752 8306
1067 11754 13918
1068 11774 13890
1069 11782 2298
1070 11784 7120
1071 11812 5700
1072 11814 12578
1073 11826 8426
1074 11832 13848
1075 11854 9800
1076 11856 7248
1077 11860 7688
1078 11868 5622
1079 11882 4864
1080 11886 14128
1081 11888 9592
1082 11898 5376
1083 11898 11908
1084 11900 6086
1085 11900 12664
1086 11916 4908
1087 11920 14306
1088 11934 12592
1089 11936 222
1090 11936 756
1091 11940 5754
1092 11948 746
1093 11972 5472
1094 11994 634
1095 11996 5564
1096 11996 12598
1097 12020 12484
1098 12024 6102
1099 12032 5482
1100 12034 8980
1101 12046 14112
1102 12052 5414
1103 12052 8432
1104 12052 12060
1105 12054 7476
1106 12068 9950
1107 12076 14236
1108 12078 10560
1109 12094 8236
1110 12096 7602
1111 12112 9756
1112 12128 5260
1113 12130 14092
1114 12136 5586
1115 12148 5252
1116 12150 12118
1117 12154 5152
1118 12160 5718
1119 12168 398
1120 12170 13962
1121 12174 10386
1122 12176 10494
1123 12190 7466
1124 12194 5480
1125 12204 4698
1126 12204 5114
1127 12206 5462
1128 12230 4610
1129 12232 5660
1130 12232 5708
1131 12236 14348
1132 12242 13872
1133 12248 14028
1134 12256 5226
1135 12278 5204
1136 12280 9744
1137 12282 4688
1138 12294 5178
1139 12298 6150
1140 12308 4674
1141 12320 5244
1142 12380 5220
1143 12380 10706
1144 12384 14312
1145 12388 5444
1146 12392 5140
1147 12400 4598
1148 12402 4536
1149 12406 9032
1150 12410 14162
1151 12414 5778
1152 12424 14082
1153 12426 4530
1154 12430 5082
1155 12442 5804
1156 12448 5752
1157 12450 4566
1158 12450 5504
1159 12454 5162
1160 12476 4604
1161 12480 4710
1162 12490 4168
1163 12492 9842
1164 12510 5620
1165 12512 14224
1166 12514 14200
1167 12530 376
1168 12538 5388
1169 12540 7400
1170 12552 4658
1171 12558 5314
1172 12560 4616
1173 12560 14074
1174 12566 7566
1175 12574 8058
1176 12576 5294
1177 12578 4750
1178 12578 5116
1179 12590 5520
1180 12600 5722
1181 12600 8050
1182 12600 8996
1183 12610 6220
1184 12614 8096
1185 12618 5650
1186 12650 4672
1187 12654 7946
1188 12656 5306
1189 12660 8968
1190 12664 4694
1191 12664 9474
1192 12668 7104
1193 12668 8068
1194 12676 5210
1195 12678 11302
1196 12684 8056
1197 12692 5160
1198 12706 5098
1199 12718 5426
1200 12720 5490
1201 12726 4732
1202 12738 13842
1203 12742 6174
1204 12756 5690
1205 12792 13392
1206 12804 5236
1207 12804 5682
1208 12814 10216
1209 12820 5852
1210 12820 13626
1211 12822 5124
1212 12822 11632
1213 12836 5788
1214 12862 11842
1215 12866 5752
1216 12866 7340
1217 12868 11816
1218 12870 8466
1219 12870 9534
1220 12892 11264
1221 12914 9566
1222 12950 7310
1223 12966 7278
1224 12984 5304
1225 12986 9202
1226 12990 5400
1227 12992 13214
1228 13018 13474
1229 13026 10440
1230 13030 10640
1231 13034 5270
1232 13048 9612
1233 13050 3756
1234 13050 5394
1235 13050 7686
1236 13052 5698
1237 13052 6286
1238 13088 5648
1239 13088 8842
1240 13096 5638
1241 13110 5750
1242 13110 8982
1243 13112 4856
1244 13112 5450
1245 13120 7750
1246 13162 9418
1247 13170 4802
1248 13174 13002
1249 13190 12890
1250 13208 5744
1251 13218 4244
1252 13230 5694
1253 13242 9070
1254 13250 3724
1255 13256 5648
1256 13264 4958
1257 13278 5884
1258 13280 3658
1259 13308 5064
1260 13308 9496
1261 13308 12754
1262 13310 5006
1263 13312 4420
1264 13326 7788
1265 13330 5928
1266 13340 3576
1267 13340 9190
1268 13342 4428
1269 13346 9502
1270 13368 8774
1271 13376 4390
1272 13378 12672
1273 13380 9184
1274 13386 3602
1275 13386 13356
1276 13390 3550
1277 13396 9236
1278 13396 10756
1279 13400 4868
1280 13408 13382
1281 13422 5652
1282 13440 9194
1283 13446 8832
1284 13472 12534
1285 13484 4818
1286 13486 4884
1287 13488 4818
1288 13494 5858
1289 13510 8878
1290 13522 12570
1291 13526 3764
1292 13526 11310
1293 13528 4190
1294 13564 3606
1295 13580 7540
1296 13584 3398
1297 13586 4772
1298 13600 5870
1299 13620 3350
1300 13628 5954
1301 13664 3464
1302 13670 3524
1303 13682 3546
1304 13692 4384
1305 13698 6000
1306 13728 6240
1307 13750 3228
1308 13762 1218
1309 13766 4584
1310 13766 13876
1311 13778 8886
1312 13788 9922
1313 13792 12244
1314 13794 1196
1315 13806 11872
1316 13814 9328
1317 13818 3226
1318 13818 4238
1319 13824 3252
1320 13826 7064
1321 13838 7034
1322 13848 11744
1323 13856 3284
1324 13862 11800
1325 13888 3742
1326 13890 3974
1327 13892 4482
1328 13898 5896
1329 13930 888
1330 13930 6002
1331 13958 9782
1332 13972 6242
1333 13976 3826
1334 13982 9206
1335 13998 12892
1336 14002 3638
1337 14026 11790
1338 14038 858
1339 14044 8216
1340 14046 4052
1341 14052 9840
1342 14056 4524
1343 14060 7440
1344 14066 4538
1345 14084 6066
1346 14084 8266
1347 14100 5932
1348 14114 808
1349 14126 4252
1350 14134 9888
1351 14136 4194
1352 14144 8704
1353 14150 5944
1354 14178 3990
1355 14180 4050
1356 14196 3226
1357 14202 5524
1358 14208 4424
1359 14228 4286
1360 14234 4284
1361 14240 11664
1362 14260 3268
1363 14270 10106
1364 14280 8790
1365 14282 9744
1366 14304 9284
1367 14320 3786
1368 14342 2824
1369 14358 5338
1370 14366 5284
1371 14392 8786
1372 14410 3006
1373 14424 5460
1374 14434 892
1375 14440 8386
1376 14446 8490
1377 14448 3470
1378 14462 3046
1379 14464 3000
1380 14464 8716
1381 14466 3388
1382 14468 658
1383 14468 8794
1384 14468 12176
1385 14484 2914
1386 14526 10120
1387 14528 2732
1388 14536 3030
1389 14550 8
1390 14556 3004
1391 14576 2992
1392 14594 3778
1393 14608 8670
1394 14614 12020
1395 14620 3686
1396 14626 2890
1397 14626 9310
1398 14654 8444
1399 14676 3010
1400 14678 3642
1401 14678 14268
1402 14684 9496
1403 14698 8432
1404 14712 9712
1405 14714 10370
1406 14716 2910
1407 14716 10490
1408 14718 14220
1409 14732 548
1410 14732 10524
1411 14738 5410
1412 14748 10704
1413 14806 1240
1414 14830 3692
1415 14850 10814
1416 14852 2916
1417 14852 7182
1418 14862 12154
1419 14876 2956
1420 14882 494
1421 14920 2808
1422 14932 2944
1423 14980 13280
1424 15006 14316
1425 15010 5136
1426 15012 8252
1427 15018 8866
1428 15018 13524
1429 15030 3302
1430 15052 3012
1431 15102 1258
1432 15156 4934
1433 15160 13948
1434 15176 1110
1435 15182 9594
1436 15186 3532
1437 15190 3412
1438 15190 10048
1439 15192 1318
1440 15194 8946
1441 15196 6672
1442 15218 9034
1443 15232 1172
1444 15244 9594
1445 15254 6608
1446 15260 2754
1447 15268 6612
1448 15306 8332
1449 15306 12376
1450 15324 2650
1451 15328 6224
1452 15344 13410
1453 15350 9640
1454 15358 7448
1455 15378 7450
1456 15396 3170
1457 15462 10088
1458 15472 8510
1459 15520 5894
1460 15544 8372
1461 15590 1148
1462 15600 14110
1463 15602 5816
1464 15610 6342
1465 15612 9304
1466 15630 2738
1467 15632 5824
1468 15642 1280
1469 15652 2614
1470 15662 1254
1471 15662 5816
1472 15678 6958
1473 15684 3212
1474 15702 2262
1475 15706 7038
1476 15726 9972
1477 15752 1758
1478 15758 1962
1479 15766 2974
1480 15766 5870
1481 15768 6206
1482 15784 9054
1483 15788 2008
1484 15790 9482
1485 15794 12420
1486 15798 11030
1487 15812 2508
1488 15812 6178
1489 15822 5026
1490 15838 7180
1491 15844 4532
1492 15856 9744
1493 15858 1670
1494 15866 9808
1495 15868 7340
1496 15878 14020
1497 15884 7082
1498 15896 8866
1499 15898 14048
1500 15926 6014
1501 15928 6254
1502 15938 3106
1503 15942 1650
1504 15942 9960
1505 15950 7846
1506 15962 2380
1507 15978 1742
1508 15978 13068
1509 15982 10726
1510 15986 2956
1511 15994 9190
1512 16004 11002
1513 16012 7290
1514 16028 10302
1515 16034 10078
1516 16038 2866
1517 16038 10272
1518 16050 9456
1519 16062 9820
1520 16064 7560
1521 16082 2590
1522 16084 7056
1523 16104 7886
1524 16116 8568
1525 16116 10380
1526 16122 2656
1527 16152 7742
1528 16156 9838
1529 16160 2888
1530 16174 9938
1531 16186 9100
1532 16210 7720
1533 16218 8086
1534 16222 9078
1535 16258 8242
1536 16262 7714
1537 16284 7146
1538 16318 5554
1539 16326 4468
1540 16350 8120
1541 16356 5314
1542 16356 8980
1543 16362 7658
1544 16380 7788
1545 16380 10102
1546 16400 5462
1547 16408 9020
1548 16430 6132
1549 16444 4306
1550 16476 9134
1551 16494 4282
1552 16508 2702
1553 16534 2872
1554 16536 9010
1555 16588 5410
1556 16590 14370
1557 16596 9804
1558 16600 2784
1559 16618 4920
1560 16640 7324
1561 16664 14038
1562 16700 9376
1563 16702 14010
1564 16724 7850
1565 16732 10260
1566 16740 6856
1567 16742 8482
1568 16746 7312
1569 16756 6322
1570 16760 14198
1571 16762 2570
1572 16766 10676
1573 16772 4248
1574 16778 10866
1575 16782 11136
1576 16800 6016
1577 16824 2624
1578 16824 9416
1579 16826 9198
1580 16840 9860
1581 16864 8160
1582 16876 11168
1583 16894 4668
1584 16896 9892
1585 16900 8524
1586 16930 7630
1587 16936 10086
1588 16992 2374
1589 16996 2378
1590 17002 10434
1591 17012 4664
1592 17014 11044
1593 17018 4742
1594 17052 5416
1595 17068 8274
1596 17084 13990
1597 17086 9624
1598 17090 10840
1599 17098 11040
1600 17102 8482
1601 17120 3872
1602 17122 11038
1603 17132 7634
1604 17132 11040
1605 17148 10988
1606 17158 6536
1607 17164 5186
1608 17178 9022
1609 17198 10604
1610 17206 9518
1611 17216 6654
1612 17218 8478
1613 17234 6214
1614 17234 7904
1615 17240 8584
1616 17250 3842
1617 17260 5654
1618 17260 10670
1619 17296 8198
1620 17332 6860
1621 17344 8582
1622 17356 3820
1623 17426 5584
1624 17452 8134
1625 17454 6880
1626 17474 8546
1627 17494 6078
1628 17494 10914
1629 17500 8306
1630 17506 8190
1631 17512 8916
1632 17522 3596
1633 17528 6928
1634 17532 8492
1635 17544 3820
1636 17548 5122
1637 17550 9634
1638 17570 9400
1639 17576 9578
1640 17646 10364
1641 17684 8490
1642 17692 3208
1643 17692 8564
1644 17714 6860
1645 17732 9346
1646 17734 9426
1647 17738 5712
1648 17792 3342
1649 17806 9406
1650 17812 3380
1651 17816 3292
1652 17820 3364
1653 17832 10912
1654 17834 3220
1655 17868 5724
1656 17876 8376
1657 17896 5540
1658 17896 7828
1659 17914 8138
1660 17936 8388
1661 17946 7044
1662 17948 7066
1663 17952 3134
1664 17966 8158
1665 18022 8222
1666 18074 5498
1667 18082 5148
1668 18116 5260
1669 18128 8366
1670 18130 9742
1671 18140 5274
1672 18144 5302
1673 18152 2116
1674 18154 5250
1675 18154 9136
1676 18168 10090
1677 18174 4750
1678 18182 8068
1679 18194 4736
1680 18194 9756
1681 18202 5056
1682 18222 5024
1683 18230 10284
1684 18252 5176
1685 18258 8496
1686 18268 8222
1687 18318 5260
1688 18332 4638
1689 18338 8416
1690 18354 5896
1691 18358 7336
1692 18362 10876
1693 18368 11258
1694 18378 8872
1695 18392 8336
1696 18396 6986
1697 18398 9220
1698 18402 5096
1699 18414 5836
1700 18428 2134
1701 18440 9848
1702 18454 9682
1703 18480 9686
1704 18486 4368
1705 18486 5228
1706 18498 4638
1707 18498 5420
1708 18506 9786
1709 18516 3962
1710 18518 5102
1711 18518 8950
1712 18520 9748
1713 18524 9088
1714 18528 9818
1715 18532 9888
1716 18540 4092
1717 18574 5180
1718 18576 9644
1719 18606 12328
1720 18614 3962
1721 18616 8804
1722 18640 4886
1723 18656 9766
1724 18660 9388
1725 18660 9736
1726 18670 9248
1727 18678 3996
1728 18688 9482
1729 18700 9854
1730 18706 5822
1731 18708 8218
1732 18710 5844
1733 18724 7640
1734 18724 11186
1735 18734 5458
1736 18736 5856
1737 18740 1148
1738 18748 9730
1739 18776 6084
1740 18776 9872
1741 18808 3170
1742 18880 7268
1743 18882 2866
1744 18892 10252
1745 18964 2866
1746 18966 5654
1747 18996 7738
1748 18996 8758
1749 19138 4372
1750 19148 4294
1751 19148 10438
1752 19170 9276
1753 19218 1364
1754 19256 2794
1755 19270 6204
1756 19276 10262
1757 19280 6230
1758 19310 8136
1759 19322 9846
1760 19342 4550
1761 19400 6720
1762 19410 7540
1763 19496 8440
1764 19500 2212
1765 19520 4932
1766 19530 1258
1767 19538 1256
1768 19620 3258
1769 19642 1198
1770 19648 1016
1771 19654 4756
1772 19668 954
1773 19698 4798
1774 19702 10042
1775 19710 2238
1776 19756 2686
1777 19786 5264
1778 19796 9190
1779 19808 2776
1780 19860 3958
1781 19926 10284
1782 19964 3994
1783 19984 1360
1784 19986 2602
1785 20006 1804
1786 20046 5324
1787 20058 1184
1788 20080 14370
1789 20094 9074
1790 20094 14390
1791 20128 8016
1792 20132 1240
1793 20138 5970
1794 20142 1416
1795 20150 1132
1796 20158 6038
1797 20170 5090
1798 20248 1384
1799 20292 4996
1800 20300 1134
1801 20300 9672
1802 20344 6694
1803 20370 4476
1804 20378 12604
1805 20398 8424
1806 20402 6964
1807 20426 1316
1808 20426 8278
1809 20442 3086
1810 20448 5868
1811 20456 8300
1812 20468 4896
1813 20470 9446
1814 20552 8676
1815 20556 6792
1816 20560 8920
1817 20606 4902
1818 20626 3006
1819 20658 442
1820 20690 6328
1821 20702 13346
1822 20720 14046
1823 20742 7564
1824 20760 3692
1825 20772 4726
1826 20772 14046
1827 20828 3896
1828 20830 4664
1829 20966 3040
1830 20992 4404
1831 20998 5534
1832 21008 12706
1833 21074 11168
1834 21130 4820
1835 21148 12362
1836 21164 11222
1837 21178 11218
1838 21264 4182
1839 21300 5228
1840 21326 5604
1841 21332 8136
1842 21350 5242
1843 21372 10066
1844 21404 5818
1845 21456 5368
1846 21506 3864
1847 21508 4552
1848 21510 3714
1849 21528 2920
1850 21612 5150
1851 21622 5532
1852 21640 5310
1853 21674 7362
1854 21698 1998
1855 21716 1938
1856 21728 8732
1857 21750 8766
1858 21762 5024
1859 21824 3086
1860 21842 1388
1861 21870 6520
1862 21930 14114
1863 21932 4348
1864 21942 11934
1865 21954 9200
1866 21976 2642
1867 21994 13434
1868 22038 5518
1869 22040 5942
1870 22048 10522
1871 22084 1414
1872 22098 10994
1873 22128 3538
1874 22142 5178
1875 22152 8054
1876 22162 1624
1877 22244 1344
1878 22332 1842
1879 22338 10890
1880 22344 832
1881 22344 1330
1882 22362 1114
1883 22376 1498
1884 22378 3920
1885 22392 1552
1886 22432 3344
1887 22506 3018
1888 22528 708
1889 22554 10786
1890 22598 444
1891 22606 6150
1892 22628 11482
1893 22634 11898
1894 22638 4314
1895 22668 5388
1896 22686 4020
1897 22716 3076
1898 22732 3222
1899 22786 5574
1900 22816 1072
1901 22816 1408
1902 22924 4446
1903 22930 1250
1904 22980 7288
1905 22990 13078
1906 23080 14220
1907 23108 8396
1908 23140 3012
1909 23148 2066
1910 23152 6488
1911 23176 4876
1912 23188 1432
1913 23214 11706
1914 23216 4890
1915 23266 3050
1916 23286 1030
1917 23332 6676
1918 23366 6634
1919 23402 3136
1920 23422 3018
1921 23432 2574
1922 23506 2648
1923 23532 1592
1924 23532 3014
1925 23538 9640
1926 23550 2224
1927 23570 13870
1928 23606 2162
1929 23674 2118
1930 23830 3090
1931 23834 2138
1932 23844 712
1933 23880 394
1934 23918 14280
1935 23926 1216
1936 23946 12026
1937 24012 2914
1938 24014 2818
1939 24016 14390
1940 24032 14320
1941 24058 14280
1942 24064 14308
1943 24068 14368
1944 24166 2876
1945 24188 2574
1946 24190 1048
1947 24218 610
1948 24228 14252
1949 24246 13850
1950 24262 14208
1951 24318 906
1952 24320 14258
1953 24330 14268
1954 24340 1634
1955 24346 2252
1956 24358 604
1957 24368 2804
1958 24396 2242
1959 24410 2814
1960 24448 14340
1961 24484 8766
1962 24514 1022
1963 24544 120
1964 24590 9890
1965 24594 10982
1966 24612 9856
1967 24652 3046
1968 24662 2890
1969 24688 2348
1970 24690 11762
1971 24726 2104
1972 24786 7478
1973 24836 3094
1974 24898 8690
1975 24922 13646
1976 25022 1376
1977 25040 3202
1978 25104 2506
1979 25134 9010
1980 25176 11294
1981 25192 1318
1982 25224 2858
1983 25224 3280
1984 25228 8060
1985 25236 302
1986 25238 14062
1987 25242 11242
1988 25246 326
1989 25276 11212
1990 25284 7478
1991 25320 228
1992 25384 6670
1993 25392 3386
1994 25484 1158
1995 25488 2692
1996 25522 2968
1997 25536 1192
1998 25570 2272
1999 25576 2422
7 74 96 2 3 1 5 50 
3 0 53 8 
8 7 6 20 3 0 61 22 10 
5 0 2 21 32 4 
3 53 3 13 
3 50 0 9 
3 12 17 2 
3 11 2 10 
4 9 1 19 18 
3 56 5 8 
4 24 7 2 14 
3 15 12 7 
3 17 6 11 
3 35 4 16 
3 28 10 22 
3 29 36 11 
3 13 41 23 
3 31 6 12 
3 37 8 19 
3 18 8 26 
4 31 38 21 2 
3 32 3 20 
5 51 30 14 2 61 
3 35 16 41 
3 25 27 10 
4 47 24 33 45 
3 19 66 44 
3 39 29 24 
3 33 14 34 
3 36 15 27 
3 40 34 22 
3 38 20 17 
3 41 3 21 
3 45 25 28 
3 28 30 40 
3 43 13 23 
3 46 15 29 
3 55 18 44 
3 42 20 31 
3 46 27 47 
3 34 30 52 
4 49 23 16 32 
4 48 38 46 58 
3 54 35 60 
3 37 26 108 
3 62 25 33 
4 42 36 39 58 
3 63 39 25 
3 49 42 68 
3 65 41 48 
3 0 5 83 
3 52 22 71 
3 70 40 51 
3 1 4 57 
3 57 43 59 
3 78 56 37 
3 83 9 55 
3 66 53 54 
3 42 46 64 
3 82 54 60 
3 59 43 65 
5 72 22 2 100 98 
3 63 45 69 
3 64 47 62 
3 67 58 63 
3 60 49 86 
3 26 57 105 
3 68 64 76 
3 73 48 67 
3 76 62 70 
3 69 52 104 
3 51 72 79 
3 71 61 94 
3 77 68 81 
4 75 0 87 107 
4 126 121 133 74 
3 81 67 69 
3 80 86 73 
3 85 55 117 
3 71 135 84 
3 118 113 77 
3 73 76 89 
3 106 59 92 
3 85 50 56 
3 104 79 135 
4 88 83 78 93 
3 92 65 77 
4 74 88 95 99 
3 87 85 90 
3 111 81 91 
3 95 88 101 
3 89 104 116 
3 82 86 113 
3 85 140 101 
3 72 98 103 
3 87 90 97 
4 512 0 133 199 
3 99 95 134 
3 94 61 100 
3 102 87 97 
4 103 98 61 109 
3 90 93 207 
3 110 99 191 
3 138 94 100 
4 91 70 84 114 
3 108 66 106 
3 105 82 118 
4 125 74 110 219 
3 44 105 115 
2 100 494 
3 107 102 191 
3 118 89 112 
3 132 111 124 
3 92 80 118 
4 123 120 104 148 
3 117 108 119 
3 124 91 120 
3 78 115 122 
5 106 113 80 111 119 
3 115 118 130 
3 116 114 123 
3 127 133 75 
3 117 131 128 
3 153 120 114 
4 137 112 116 136 
4 141 126 107 129 
3 127 75 125 
3 139 121 126 
3 150 122 131 
5 151 125 181 230 142 
3 119 132 145 
3 128 122 144 
4 130 112 137 143 
6 194 239 199 96 75 121 
3 97 242 203 
4 175 84 79 138 
3 154 124 155 
3 132 124 143 
3 251 135 103 
3 194 127 141 
3 93 150 156 
3 147 139 125 
5 160 129 258 200 223 
3 132 137 154 
3 146 131 145 
3 144 130 161 
3 152 149 144 
3 162 141 151 
3 153 114 176 
3 185 150 146 
4 140 128 149 170 
3 158 147 129 
3 185 146 157 
3 165 123 148 
3 143 136 159 
3 163 136 165 
4 140 170 186 197 
3 183 152 178 
3 162 151 160 
3 161 154 163 
5 177 173 158 142 276 
3 164 145 159 
3 194 147 158 
3 179 159 155 
3 166 161 167 
4 195 155 153 220 
3 168 164 169 
3 164 180 174 
3 178 166 172 
3 171 166 174 
3 156 150 182 
3 172 169 187 
3 189 168 171 
3 194 160 177 
3 169 167 180 
3 281 176 135 
3 220 148 175 
3 184 173 160 
3 190 157 168 
4 237 180 163 231 
4 187 174 167 179 
3 129 222 226 
3 196 170 185 
3 193 157 206 
4 210 208 177 297 
4 193 182 149 152 
3 197 156 196 
4 192 188 171 180 
3 214 189 187 
3 202 172 188 
3 206 178 198 
3 110 102 203 
5 204 205 209 187 237 
3 213 185 183 
5 239 133 139 162 173 
3 359 231 165 
3 213 186 182 
3 216 156 186 
3 298 190 201 
3 331 96 133 
3 223 142 271 
3 307 198 202 
3 218 201 189 
4 219 191 134 212 
3 205 192 345 
4 211 209 192 204 
3 183 190 233 
3 242 101 216 
3 247 184 210 
3 249 192 205 
3 208 184 215 
3 238 256 205 
3 229 203 234 
3 216 196 193 
3 235 217 188 
3 260 210 311 
5 265 207 197 213 221 
3 218 214 232 
4 356 202 217 224 
3 222 107 203 
3 295 165 176 
3 216 233 228 
3 181 219 227 
3 142 200 314 
3 357 218 225 
4 224 232 248 250 
3 230 181 227 
3 226 222 229 
3 221 301 241 
3 227 212 240 
3 129 226 254 
3 179 195 290 
3 225 217 236 
3 221 206 246 
3 243 212 242 
3 236 214 249 
3 232 235 269 
3 192 179 345 
3 302 211 349 
5 331 133 194 247 286 
3 254 229 243 
4 244 228 342 266 
4 259 234 134 207 
3 252 240 234 
3 245 279 241 
3 257 244 278 
5 264 233 298 273 261 
3 263 239 208 
3 250 225 317 
3 269 235 209 
4 304 225 248 253 
3 277 138 546 
3 254 243 255 
3 250 325 312 
5 258 230 240 252 272 
3 268 252 259 
3 303 291 211 
3 319 296 245 
3 142 254 262 
3 267 255 242 
3 263 215 311 
3 289 246 273 
3 271 258 270 
3 286 247 260 
3 287 301 246 
3 274 216 280 
3 278 241 342 
3 268 259 274 
3 272 255 267 
3 236 249 291 
3 275 262 282 
3 200 262 283 
3 282 254 268 
3 261 246 298 
3 267 265 285 
3 300 283 270 
3 297 160 294 
3 281 251 580 
3 323 245 266 
3 284 280 244 
3 285 265 279 
3 308 175 277 
3 270 272 333 
3 292 271 275 
3 288 279 293 
3 274 280 288 
3 239 263 299 
3 368 264 289 
3 322 285 284 
3 313 287 261 
3 358 231 359 
3 317 269 256 
3 335 283 300 
3 306 284 296 
3 276 314 327 
3 395 220 324 
3 319 293 257 
3 184 276 320 
4 273 246 198 305 
3 484 286 352 
3 292 275 316 
3 342 228 264 
3 318 315 238 
3 321 310 256 
4 332 250 312 411 
3 313 298 307 
3 309 293 319 
3 394 305 201 
3 361 324 281 
3 337 322 306 
3 393 325 303 
3 260 215 329 
3 304 253 411 
3 367 289 305 
3 294 223 336 
3 321 302 318 
3 334 300 326 
3 325 248 291 
3 371 315 302 
4 306 296 257 330 
3 329 297 328 
3 393 303 315 
3 341 288 309 
3 330 278 338 
3 380 295 308 
4 411 253 317 310 
3 316 333 344 
3 328 294 336 
3 320 327 347 
3 311 320 353 
4 319 323 338 339 
3 460 199 239 
3 343 459 304 
3 326 282 341 
3 335 316 348 
3 336 292 334 
4 347 327 314 335 
3 350 309 340 
3 330 323 362 
3 340 330 377 
3 346 337 339 
3 333 322 351 
5 362 266 241 301 368 
3 455 332 437 
3 348 326 373 
3 204 237 349 
3 365 340 378 
3 328 336 354 
3 334 344 366 
3 238 345 364 
3 351 337 365 
3 375 341 350 
3 299 353 355 
3 352 329 354 
4 353 347 360 383 
3 352 424 408 
4 394 218 363 372 
3 414 363 224 
3 364 290 399 
3 290 195 395 
3 354 366 383 
3 374 308 601 
3 377 338 342 
3 398 356 357 
3 390 349 358 
3 369 350 346 
3 360 348 376 
3 370 406 313 
3 406 342 287 
3 375 365 392 
4 415 367 388 401 
3 382 318 390 
4 381 477 356 398 
3 376 344 375 
3 379 361 610 
4 373 351 369 402 
3 391 366 373 
3 403 339 362 
3 385 346 389 
3 380 374 632 
3 396 324 379 
3 420 372 472 
3 387 371 404 
3 354 360 384 
3 383 391 424 
3 438 386 378 
3 449 392 385 
3 412 393 382 
3 370 394 422 
3 378 403 400 
3 371 364 397 
3 384 376 410 
3 369 386 449 
4 433 310 321 387 
4 422 388 307 356 
3 409 359 295 
3 405 380 632 
4 443 390 399 417 
3 372 363 414 
3 397 358 413 
4 418 428 389 421 
3 419 370 456 
3 410 375 457 
3 389 377 407 
3 435 382 446 
3 409 396 644 
3 407 368 367 
3 427 403 406 
3 355 436 718 
4 439 413 395 405 
3 391 402 454 
4 304 312 325 433 
4 452 387 435 453 
3 432 399 409 
3 462 398 357 
3 427 370 416 
3 423 415 419 
3 434 397 432 
3 428 400 426 
4 442 450 416 401 
3 445 381 515 
3 400 429 425 
3 469 388 394 
3 431 416 458 
3 355 384 436 
4 430 426 421 441 
3 418 425 430 
4 429 407 415 431 
3 447 400 418 
3 421 427 444 
3 426 425 441 
3 427 423 467 
3 417 413 439 
3 437 411 393 
3 440 417 644 
3 412 404 474 
3 408 424 454 
3 452 343 433 
3 448 385 447 
3 432 409 644 
3 443 434 648 
5 465 451 430 425 489 
3 450 419 456 
3 446 397 440 
3 429 481 480 
3 599 536 420 
3 461 404 443 
4 438 428 451 487 
3 449 438 488 
4 457 392 386 448 
3 458 419 442 
3 447 441 465 
3 497 437 412 
3 511 412 476 
3 436 410 686 
4 471 459 343 464 
3 442 401 469 
3 402 449 517 
3 423 450 463 
3 470 332 455 
3 539 331 484 
3 483 446 652 
3 472 414 470 
3 466 458 468 
3 455 498 486 
3 451 441 500 
3 473 467 463 
4 431 466 473 475 
3 463 482 499 
3 456 422 477 
4 492 462 459 471 
3 470 455 485 
3 381 462 506 
3 467 466 478 
3 476 435 483 
3 481 467 479 
3 453 474 528 
5 548 529 482 469 372 
3 479 473 503 
3 475 478 538 
4 489 444 525 532 
3 576 444 475 
3 507 468 477 
3 474 461 495 
3 782 460 299 
3 492 471 486 
4 501 485 464 498 
3 491 447 557 
3 448 490 496 
3 500 441 480 
3 493 488 491 
3 490 487 590 
3 509 470 485 
3 496 490 668 
4 504 508 109 1389 
3 522 483 571 
4 517 488 493 668 
3 502 452 513 
4 501 486 464 502 
3 468 507 503 
3 465 489 558 
3 509 486 498 
3 510 498 497 
3 478 499 505 
4 941 556 508 494 
3 514 503 507 
3 515 472 509 
4 505 499 482 529 
3 520 494 504 
4 559 506 492 501 
3 555 502 518 
3 513 453 523 
3 534 786 96 
3 497 511 527 
3 516 505 519 
3 620 420 506 
3 521 514 519 
3 457 496 686 
3 535 510 531 
3 516 514 524 
3 664 546 508 
3 538 516 524 
3 530 495 572 
3 526 511 528 
4 538 521 519 529 
3 532 480 575 
3 527 523 533 
3 531 513 526 
3 523 476 530 
6 567 541 540 524 507 477 
3 528 522 537 
3 518 527 561 
3 480 525 577 
3 526 537 542 
3 1087 512 539 
4 549 543 518 554 
3 573 548 445 
3 533 530 572 
7 544 479 521 524 540 553 552 
3 534 460 773 
4 538 529 541 545 
3 545 540 529 
3 561 533 684 
3 547 535 549 
3 596 538 564 
3 550 540 541 
3 580 251 520 
3 631 555 543 
3 567 477 536 
3 543 535 602 
2 551 545 
3 553 550 562 
3 563 538 560 
3 560 538 551 
5 598 603 535 569 585 
6 634 559 510 547 631 587 
3 842 664 504 
3 487 558 581 
3 557 500 577 
3 619 509 555 
3 552 553 566 
3 531 542 565 
3 566 551 570 
3 564 552 589 
3 583 544 563 
3 574 561 829 
3 560 562 578 
3 568 529 548 
3 570 567 573 
3 582 554 574 
3 562 568 606 
3 572 495 652 
4 537 522 571 666 
3 568 536 599 
3 569 565 579 
3 584 525 576 
3 575 481 596 
3 558 532 588 
3 589 566 606 
3 595 574 864 
3 277 546 600 
3 586 557 604 
3 592 585 569 
3 607 564 612 
3 588 575 622 
3 591 554 582 
3 615 594 581 
4 645 641 555 660 
3 577 584 608 
3 563 578 593 
3 625 491 594 
3 598 585 592 
3 591 582 597 
3 609 589 621 
3 625 590 586 
3 812 597 579 
3 605 576 544 
3 770 592 595 
3 603 554 591 
3 573 445 678 
3 601 580 680 
3 610 361 600 
3 623 549 640 
3 640 554 598 
3 636 581 608 
3 617 596 607 
3 578 570 611 
3 605 583 614 
5 628 629 604 588 622 
3 612 593 613 
3 374 601 671 
3 621 606 724 
3 616 583 609 
3 618 609 638 
3 617 607 616 
3 637 674 586 
4 630 626 614 612 
3 622 605 614 
3 669 613 662 
3 620 559 633 
3 678 515 619 
3 593 611 624 
4 608 584 617 627 
3 643 602 649 
3 646 621 706 
3 668 590 594 
3 627 616 630 
4 635 622 626 651 
3 629 608 635 
3 636 608 628 
3 650 626 616 
3 660 555 547 
3 396 379 671 
3 661 619 634 
3 657 633 555 
4 654 647 628 627 
3 639 604 629 
3 663 615 642 
3 613 646 662 
3 642 636 647 
3 665 602 603 
3 656 587 645 
3 673 637 639 
3 675 653 623 
4 434 439 405 648 
5 688 670 641 587 660 
3 638 624 659 
3 639 635 658 
3 440 644 666 
3 676 623 665 
3 682 651 630 
3 654 627 650 
3 571 461 666 
3 655 643 681 
3 658 635 651 
3 688 660 653 
3 657 641 670 
3 661 634 656 
3 667 647 654 
3 646 706 716 
5 688 645 587 631 655 
3 721 633 657 
4 691 618 638 697 
3 699 677 637 
3 684 520 556 
3 649 640 741 
4 572 652 648 671 
3 693 672 658 
4 674 496 493 625 
3 685 682 618 
3 712 656 645 
4 666 632 610 680 
3 679 673 667 
3 699 642 672 
4 686 668 615 677 
3 681 643 676 
3 675 649 741 
3 696 674 663 
3 724 599 620 
3 703 672 698 
3 671 600 684 
3 692 653 675 
4 687 650 669 683 
3 682 685 690 
4 829 542 680 664 
3 683 669 689 
4 701 454 517 674 
3 693 682 694 
4 705 645 660 655 
3 695 685 691 
3 694 683 695 
3 689 662 697 
3 700 681 722 
3 698 667 687 
4 702 710 687 690 
3 690 689 708 
3 730 720 677 
3 691 662 716 
3 704 679 693 
3 713 663 673 
3 711 692 739 
3 720 718 686 
3 710 694 709 
3 726 713 679 
3 728 698 715 
3 712 688 707 
3 659 624 724 
3 705 711 719 
3 723 695 731 
4 714 702 723 725 
3 715 694 702 
3 727 707 700 
4 771 733 670 705 
3 717 699 703 
4 715 709 725 729 
4 737 704 710 714 
3 697 659 745 
3 740 730 713 
3 749 408 701 
4 742 707 727 755 
3 732 701 696 
3 733 724 661 
3 692 765 739 
3 709 708 735 
5 751 706 611 678 721 
3 714 709 734 
3 740 703 736 
3 719 711 799 
5 791 743 747 704 738 
3 746 714 734 
3 732 696 717 
3 744 708 745 
3 757 720 730 
3 753 721 712 
3 729 725 748 
3 748 723 744 
3 750 726 747 
3 791 738 715 
3 791 728 737 
3 700 722 774 
3 754 717 726 
3 676 665 765 
3 781 719 775 
4 820 767 766 728 
3 735 731 760 
3 731 716 751 
3 787 729 758 
3 752 736 728 
3 758 734 735 
3 779 788 718 
3 756 736 752 
3 745 724 753 
3 764 750 747 
3 763 751 733 
3 757 740 756 
3 719 801 759 
3 754 750 769 
3 785 732 754 
3 768 746 748 
3 775 755 801 
3 744 761 762 
3 760 763 789 
3 783 760 780 
3 761 753 771 
3 772 752 766 
3 722 741 770 
3 764 743 767 
3 820 766 743 
3 787 758 784 
3 803 756 777 
3 774 765 597 
3 763 712 790 
3 776 764 820 
3 990 539 778 
3 739 770 806 
3 805 742 759 
3 777 772 835 
3 769 776 822 
3 990 773 782 
3 788 749 785 
3 793 762 792 
3 790 742 796 
3 778 484 943 
3 800 784 762 
3 787 768 783 
3 836 779 757 
2 1131 512 
4 791 746 768 784 
3 944 749 779 
3 794 761 790 
4 789 771 781 817 
6 797 728 738 737 787 798 
3 795 780 794 
3 816 780 802 
3 792 789 826 
3 807 792 813 
3 832 781 805 
3 843 833 791 
3 848 791 809 
3 727 804 801 
3 816 809 783 
6 899 907 759 755 799 804 
3 793 807 808 
4 821 769 823 824 
4 801 799 806 818 
3 796 775 827 
3 804 774 810 
3 819 802 795 
3 802 819 811 
3 798 800 816 
3 818 806 812 
3 855 808 819 
3 815 810 595 
3 834 795 814 
4 844 813 845 828 
3 825 812 1056 
4 830 809 800 793 
3 831 790 832 
3 839 804 810 
5 869 811 808 807 837 
4 772 767 743 833 
3 836 803 866 
3 823 777 838 
3 803 822 838 
3 854 803 852 
3 1128 839 815 
3 845 794 831 
3 805 903 894 
3 844 814 841 
3 565 684 842 
3 853 851 816 
4 840 826 817 901 
3 817 796 898 
3 820 797 843 
3 846 837 813 
3 776 847 849 
3 862 785 821 
3 846 819 834 
3 823 822 850 
3 865 818 825 
3 857 831 901 
3 828 845 858 
6 859 875 864 829 556 941 
3 856 833 797 
4 867 814 828 863 
4 858 841 814 826 
3 879 837 834 
4 849 835 856 880 
3 856 798 851 
3 850 835 847 
3 852 838 849 
3 848 830 853 
3 824 850 860 
3 851 830 877 
3 884 824 861 
4 893 887 877 811 
4 847 843 848 880 
3 871 840 874 
3 871 841 845 
3 1985 942 842 
4 872 861 852 876 
3 854 860 872 
3 891 963 836 
3 844 928 905 
3 1005 579 842 
4 1079 940 868 839 
3 904 821 873 
3 896 844 883 
3 952 899 865 
3 893 819 870 
3 931 869 886 
4 889 858 857 892 
3 878 861 860 
3 937 866 888 
3 882 857 901 
3 927 1020 842 
3 881 860 885 
3 890 853 855 
3 897 872 881 
3 886 846 896 
3 847 856 885 
3 924 878 876 
3 1045 900 874 
3 919 867 905 
3 888 854 897 
3 876 880 910 
3 947 870 879 
3 890 855 893 
3 873 884 946 
3 928 871 902 
3 910 877 887 
3 906 862 904 
3 913 871 895 
4 949 887 855 869 
3 827 911 915 
3 892 900 909 
3 920 879 867 
3 884 878 924 
3 832 916 965 
3 918 801 868 
4 987 909 895 882 
5 1044 874 840 831 986 
3 939 889 913 
3 827 908 914 
3 891 866 937 
5 954 883 863 928 930 
3 1029 891 979 
3 912 801 918 
3 914 903 912 
3 938 895 900 
3 921 885 890 
3 915 894 914 
3 908 907 922 
3 902 892 932 
4 911 903 908 936 
5 925 917 894 911 1022 
3 965 898 917 
4 923 933 916 915 
3 922 907 899 
3 956 926 883 
3 950 896 926 
3 949 934 910 
4 936 912 918 929 
3 933 917 925 
3 897 881 934 
3 962 923 915 
3 960 920 919 
3 1053 875 951 
7 1011 945 935 930 905 863 889 
3 958 922 975 
3 905 928 935 
3 967 955 870 
3 939 913 938 
3 994 917 923 
3 969 924 921 
4 945 948 930 928 
3 957 914 922 
3 904 873 953 
3 1015 932 909 
3 1011 902 932 
3 1086 1030 865 
3 842 504 1389 
5 1988 1089 1060 951 859 
3 982 782 944 
3 980 943 788 
3 1004 935 928 
3 953 888 969 
3 967 886 950 
3 959 964 935 
3 971 921 893 
3 976 947 920 
3 1090 927 942 
3 1030 975 868 
3 937 946 977 
3 964 956 905 
3 992 971 931 
3 960 919 954 
3 1032 936 958 
3 957 929 1009 
3 972 961 948 
3 981 926 956 
4 966 974 959 972 
3 973 925 1023 
3 1012 1006 862 
4 978 989 954 948 
3 986 898 916 
4 1002 996 968 961 
3 988 931 947 
3 991 974 966 
4 985 970 946 934 
3 1025 977 969 
3 992 949 955 
3 1004 961 959 
3 1024 984 962 
3 983 961 968 
3 1009 929 952 
4 1017 1007 950 981 
3 998 953 970 
3 989 964 983 
3 1034 906 998 
3 982 944 1006 
3 1001 976 960 
3 1038 943 980 
3 995 978 974 
3 1013 1014 973 
3 993 969 992 
3 901 965 994 
3 1045 1018 900 
4 1081 997 967 1007 
3 1000 964 978 
4 1087 773 778 1026 
3 995 968 999 
5 993 985 971 955 997 
3 1122 985 992 
3 986 933 1028 
3 1000 983 991 
3 999 966 1002 
3 1075 992 988 
4 1008 1043 979 977 
3 991 996 1003 
4 1019 1001 989 995 
3 1017 981 1000 
3 996 966 1010 
3 1021 999 1010 
3 1010 972 945 
3 1063 864 1020 
3 1072 980 963 
3 1081 988 976 
3 1049 998 1025 
3 1016 958 975 
4 1003 1002 1004 1035 
3 1031 928 939 
3 1072 963 1027 
4 1037 1014 984 1024 
3 1028 984 1013 
3 1033 938 1018 
3 1112 1042 1009 
3 1050 976 1001 
4 1070 1076 1015 987 
4 1039 1000 1021 1055 
3 1069 1005 875 
3 1019 1003 1066 
3 1057 915 1032 
3 1046 962 1057 
3 1013 973 1048 
3 1108 1008 970 
3 1087 990 1040 
3 1088 1012 1029 
3 994 1014 1036 
4 1027 906 1034 1058 
3 1112 952 940 
3 1035 1011 1033 
3 1022 957 1042 
3 1047 1031 1015 
3 1029 979 1043 
3 1041 1010 1031 
4 1084 1028 1037 1065 
3 1036 1013 1052 
3 1067 982 1085 
3 1050 1019 1059 
3 1080 1026 1062 
3 1066 1035 1047 
3 1082 1032 1016 
3 1051 1034 998 
3 1064 901 1084 
4 1070 987 882 1064 
3 1054 1023 1099 
3 1041 1033 1061 
3 1052 1024 1054 
3 1195 1051 1008 
3 1081 1017 1039 
3 1058 1043 1049 
3 1071 1037 1048 
3 1266 1069 927 
3 1078 1048 1046 
3 1059 1019 1073 
3 1128 815 1063 
3 1093 1023 1022 
3 1029 1051 1083 
3 1100 1039 1055 
5 1119 1094 1307 1092 942 
3 1077 1047 1105 
3 1040 1067 1120 
3 1162 1056 1005 
3 1045 1044 1183 
3 1098 1036 1091 
4 1073 1021 1041 1077 
3 1062 1038 1068 
3 1067 1085 1074 
3 1233 1020 1053 
4 1105 1076 1018 1045 
3 1091 1052 1078 
3 1085 1006 1012 
3 1103 1055 1066 
3 1132 1068 1096 
3 1106 997 1111 
3 1105 1018 1070 
3 1066 1061 1110 
3 1071 1054 1095 
3 1086 865 1125 
3 1087 1040 1101 
4 1111 988 1007 1050 
3 1102 1042 1112 
3 1104 1058 1212 
3 1098 1044 1036 
4 1068 1038 1072 1088 
3 1117 940 1079 
7 1131 534 990 1026 1080 1101 1107 
3 1096 1085 1027 
5 1819 1420 1409 1167 942 
3 1296 951 1092 
3 1065 1071 1118 
3 1299 1090 1060 
3 1124 1099 1057 
3 1368 1317 1060 
3 1114 1078 1099 
3 1074 1088 1097 
3 1096 1104 1116 
3 1139 1084 1065 
4 1095 1046 1093 1124 
3 1136 1059 1103 
3 1087 1080 1113 
3 1145 1127 1082 
3 1100 1073 1109 
3 1116 1097 1083 
4 1061 1076 1070 1123 
3 1208 1121 1075 
3 1087 1113 1150 
3 1143 1220 1025 
3 1149 1103 1110 
3 1109 1077 1123 
3 1075 1081 1136 
4 1082 1016 1030 1115 
3 1107 1101 1133 
3 1129 1095 1124 
3 1112 1117 1134 
3 1097 1104 1214 
3 1115 1086 1126 
3 1091 1129 1130 
4 1329 1308 1060 1167 
3 1133 1062 1132 
3 1230 1122 1106 
3 1143 993 1121 
3 1110 1105 1169 
4 1114 1099 1093 1127 
3 1126 1079 1128 
3 1138 1117 1125 
4 1158 1164 1124 1102 
6 1137 1146 1125 825 1056 1148 
4 1156 1130 1118 1114 
3 1151 1118 1129 
5 1556 1790 786 1087 1144 
3 1120 1074 1205 
3 1152 1113 1120 
3 1145 1115 1135 
3 1141 1134 1138 
3 1163 1111 1100 
3 1154 1128 1140 
3 1142 1135 1126 
3 1183 1098 1155 
3 1161 1137 1147 
3 1168 1158 1135 
3 1171 1138 1146 
3 1292 1108 1122 
3 1424 1131 1165 
3 1158 1102 1134 
3 1159 1142 1128 
4 1160 1140 1153 1157 
3 1128 1162 1153 
3 1163 1109 1175 
4 1408 1166 1107 1152 
3 1155 1130 1156 
3 1150 1133 1173 
3 1147 1148 1254 
3 1178 1159 1137 
3 1209 1139 1151 
3 1151 1129 1180 
3 1160 1147 1291 
4 1164 1127 1145 1141 
3 1176 1146 1154 
3 1172 1147 1157 
3 1177 1140 1170 
3 1148 1063 1233 
5 1208 1136 1149 1182 1191 
4 1185 1180 1127 1158 
3 1424 1144 1166 
3 1401 1165 1150 
4 1382 1348 1119 1089 
3 1179 1141 1171 
3 1174 1123 1192 
3 1186 1161 1172 
3 1168 1142 1176 
3 1170 1160 1251 
3 1462 1152 1202 
3 1175 1169 1216 
3 1149 1174 1181 
3 1188 1171 1159 
3 1178 1161 1190 
3 1194 1154 1177 
3 1185 1168 1200 
3 1213 1156 1164 
3 1184 1175 1187 
3 1163 1184 1189 
3 1064 1139 1203 
3 1182 1181 1193 
3 1204 1164 1179 
3 1190 1170 1263 
5 1196 1181 1222 1235 1245 
3 1199 1176 1194 
3 1191 1182 1193 
3 1201 1177 1186 
3 1219 1163 1189 
3 1216 1169 1203 
3 1189 1184 1196 
3 1188 1178 1197 
3 1212 1049 1220 
3 1218 1193 1187 
4 1206 1194 1198 1211 
3 1211 1197 1201 
3 1200 1188 1206 
3 1204 1179 1199 
3 1243 1198 1190 
3 1310 1173 1210 
3 1192 1183 1209 
5 1215 1185 1200 1224 1207 
3 1210 1132 1227 
3 1224 1199 1197 
3 1204 1226 1238 
5 1229 1106 1163 1221 1232 
3 1203 1155 1213 
3 1202 1205 1228 
3 1197 1198 1259 
5 1313 1284 1217 1083 1195 
3 1209 1180 1215 
3 1248 1116 1217 
3 1213 1204 1236 
4 1174 1192 1237 1222 
3 1249 1214 1212 
3 1239 1225 1196 
3 1221 1191 1225 
3 1315 1195 1108 
3 1208 1219 1225 
3 1187 1216 1223 
2 1222 1300 
3 1204 1206 1231 
4 1221 1219 1218 1242 
3 1207 1231 1234 
3 1228 1205 1248 
3 1210 1227 1275 
5 1230 1208 1269 1316 1312 
3 1278 1121 1229 
3 1226 1224 1259 
4 1208 1253 1246 1260 
3 1162 1069 1258 
4 1244 1240 1226 1344 
3 1245 1187 1306 
3 1241 1215 1238 
3 1216 1241 1265 
3 1236 1207 1240 
3 1242 1218 1264 
3 1250 1238 1234 
3 1257 1237 1236 
3 1253 1225 1239 
3 1256 1201 1247 
4 1255 1252 1234 1369 
3 1264 1187 1235 
3 1232 1283 1267 
3 1256 1243 1268 
4 1275 1227 1214 1249 
3 1248 1217 1261 
3 1257 1240 1252 
3 1172 1325 1293 
4 1250 1244 1255 1281 
3 1232 1242 1270 
3 1153 1258 1274 
3 1281 1252 1244 
3 1262 1243 1247 
3 1265 1241 1250 
3 1254 1233 1266 
5 1231 1211 1262 1286 1342 
3 1269 1232 1277 
3 1335 1249 1272 
3 1259 1256 1279 
3 1268 1186 1271 
3 1239 1245 1295 
3 1237 1257 1288 
3 1258 1053 1276 
3 1246 1289 1273 
3 1247 1263 1304 
3 1229 1260 1316 
3 1283 1253 1295 
3 1263 1293 1318 
3 1261 1284 1290 
4 1282 1277 1267 1311 
3 1294 1254 1276 
3 1280 1228 1248 
3 1274 1266 1296 
3 1260 1273 1282 
3 1292 1230 1363 
4 1262 1304 1285 1287 
3 1433 1310 1275 
3 1252 1255 1357 
3 1277 1273 1364 
3 1289 1246 1270 
3 1290 1272 1212 
3 1287 1279 1351 
3 1259 1297 1327 
3 1279 1285 1297 
3 1298 1265 1357 
3 1267 1283 1339 
3 1335 1272 1284 
3 1157 1294 1336 
3 1322 1143 1278 
3 1271 1251 1326 
3 1291 1274 1303 
3 1270 1264 1320 
3 1302 1276 1090 
3 1286 1287 1309 
3 1328 1300 1288 
3 1301 1092 1307 
3 1305 1223 1298 
4 1302 1299 1323 1356 
3 1303 1296 1301 
3 1294 1302 1362 
3 1279 1268 1318 
3 1330 1306 1300 
3 1235 1305 1330 
3 1319 1299 1060 
3 1368 1119 1314 
3 1297 1351 1327 
3 1433 1202 1280 
4 1273 1346 1376 1352 
4 1229 1334 1331 1341 
4 1423 1212 1315 1384 
4 1387 1385 1308 1329 
4 1384 1313 1220 1324 
3 1229 1269 1334 
3 1319 1094 1372 
3 1304 1271 1340 
3 1323 1307 1317 
3 1343 1295 1321 
3 1417 1320 1332 
3 1324 1292 1412 
3 1301 1319 1378 
3 1315 1322 1337 
3 1333 1251 1336 
3 1340 1293 1333 
3 1286 1309 1349 
3 1347 1298 1463 
3 1314 1119 1338 
4 1332 1306 1305 1347 
4 1341 1312 1383 1366 
3 1321 1330 1345 
3 1326 1325 1367 
3 1312 1316 1371 
3 1428 1261 1290 
3 1325 1291 1377 
3 1394 1324 1361 
4 1413 1421 1329 1348 
3 1346 1289 1343 
3 1318 1326 1354 
3 1350 1312 1331 
3 1344 1259 1359 
3 1454 1339 1320 
3 1234 1342 1358 
3 1441 1332 1353 
3 1375 1311 1339 
4 1353 1330 1328 1459 
4 1374 1338 1167 1382 
3 1359 1327 1351 
4 1363 1341 1365 1404 
4 1349 1309 1285 1355 
3 1364 1311 1398 
3 1451 1345 1347 
3 1355 1340 1367 
3 1351 1354 1392 
3 1362 1301 1399 
3 1288 1281 1373 
3 1370 1344 1360 
3 1342 1349 1360 
3 1358 1359 1414 
3 1337 1415 1509 
3 1381 1303 1356 
3 1386 1278 1350 
3 1282 1352 1371 
3 1350 1397 1402 
3 1331 1393 1448 
3 1354 1333 1395 
3 1372 1094 1308 
3 1373 1244 1370 
3 1373 1369 1358 
3 1334 1364 1380 
3 1317 1368 1379 
4 1357 1369 1370 1411 
3 1772 1434 1348 
3 1376 1346 1455 
3 1311 1375 1398 
3 1400 1336 1381 
3 1323 1379 1388 
3 1378 1372 1385 
3 1383 1371 1403 
3 1377 1362 1429 
3 1348 1167 1409 
3 1331 1380 1393 
3 1313 1315 1418 
3 1379 1314 1387 
5 1405 1407 1363 1453 1438 
3 1396 1385 1314 
3 1378 1390 1399 
3 1963 941 494 
3 1388 1396 1391 
3 1390 1396 1406 
3 1355 1395 1414 
3 1366 1383 1426 
3 1418 1337 1486 
3 1392 1367 1400 
4 1406 1391 1390 1387 
3 1365 1448 1427 
4 1352 1376 1495 1403 
3 1356 1388 1419 
3 1395 1377 1436 
3 1556 1166 1408 
3 1404 1365 1440 
3 1380 1398 1426 
3 1350 1402 1435 
3 1407 1386 1457 
3 1416 1391 1396 
3 1410 1386 1405 
3 1401 1150 1570 
3 1382 1089 1420 
3 1412 1407 1515 
3 1463 1373 1425 
3 1415 1322 1410 
3 1431 1478 1338 
3 1360 1392 1436 
3 1361 1412 1514 
3 1419 1406 1421 
3 1454 1321 1441 
3 1449 1384 1394 
3 1399 1416 1422 
3 1409 1089 1819 
3 1416 1338 1450 
3 1430 1419 1446 
3 1452 1428 1313 
3 1556 1144 1165 
3 1463 1411 1432 
3 1393 1403 1513 
3 1397 1520 1460 
3 1433 1335 1423 
3 1437 1381 1430 
3 1456 1429 1422 
3 1439 1413 1443 
3 1471 1425 1436 
4 1499 1310 1280 1428 
3 1461 1443 1374 
4 1444 1404 1442 1523 
4 1432 1414 1400 1437 
3 1436 1429 1456 
3 1457 1386 1476 
3 1493 1477 1431 
3 1442 1402 1458 
4 1475 1417 1345 1445 
3 1435 1440 1523 
3 1468 1431 1434 
3 1453 1435 1465 
3 1447 1441 1451 
3 1422 1450 1466 
3 1472 1445 1464 
3 1397 1366 1537 
3 1485 1452 1418 
3 1446 1421 1474 
3 1445 1353 1459 
3 1496 1423 1449 
3 1386 1444 1484 
3 1455 1343 1417 
3 1375 1454 1490 
3 1473 1437 1430 
3 1405 1438 1504 
3 1440 1460 1527 
3 1451 1347 1467 
3 1458 1427 1505 
3 1737 1470 1434 
3 1570 1173 1499 
4 1467 1328 1411 1425 
3 1447 1481 1501 
3 1444 1482 1511 
3 1479 1446 1469 
3 1459 1463 1471 
3 1493 1443 1470 
3 1466 1474 1487 
3 1503 1468 1461 
3 1480 1467 1432 
3 1497 1475 1447 
3 1491 1456 1479 
3 1469 1450 1478 
3 1490 1441 1472 
3 1438 1494 1504 
3 1648 1571 1439 
4 1577 1483 1474 1413 
3 1502 1473 1466 
3 1500 1471 1489 
3 1464 1500 1488 
3 1465 1498 1567 
3 1552 1506 1478 
3 1492 1453 1511 
3 1508 1449 1582 
3 1394 1509 1512 
3 1510 1469 1506 
3 1481 1555 1594 
3 1541 1480 1491 
4 1455 1475 1497 1522 
3 1489 1473 1539 
3 1519 1494 1484 
3 1507 1439 1468 
3 1519 1476 1492 
3 1398 1522 1513 
3 1499 1452 1508 
3 1490 1472 1548 
3 1482 1533 1524 
4 1462 1433 1496 1561 
3 1481 1480 1538 
3 1464 1617 1548 
3 1549 1479 1510 
3 1673 1507 1470 
3 1457 1476 1530 
3 1460 1520 1566 
3 1521 1487 1483 
3 1588 1493 1503 
3 1496 1485 1604 
5 1512 1486 1361 1514 1525 
3 1502 1487 1516 
4 1518 1484 1465 1531 
3 1575 1486 1509 
3 1426 1495 1537 
3 1509 1415 1517 
3 1517 1410 1530 
3 1529 1510 1521 
3 1525 1514 1515 
3 1519 1511 1531 
4 1528 1494 1492 1518 
3 1505 1427 1537 
3 1526 1516 1506 
3 1495 1490 1569 
3 1435 1442 1532 
3 1498 1535 1581 
3 1574 1509 1517 
3 1553 1529 1521 
3 1458 1566 1532 
3 1530 1519 1557 
3 1551 1516 1526 
4 1545 1515 1504 1528 
3 1518 1511 1534 
4 1523 1527 1606 1536 
3 1535 1498 1536 
3 1550 1531 1542 
3 1524 1533 1540 
3 1533 1532 1543 
4 1520 1448 1513 1613 
3 1500 1541 1546 
3 1559 1491 1549 
3 1535 1544 1564 
3 1538 1489 1559 
3 1547 1534 1585 
3 1544 1536 1560 
4 1540 1543 1560 1568 
3 1565 1572 1530 
3 1538 1593 1555 
3 1550 1542 1554 
3 1497 1501 1576 
3 1539 1502 1551 
3 1562 1534 1547 
3 1549 1529 1573 
3 1558 1553 1483 
3 1573 1526 1552 
3 1579 1547 1615 
3 1488 1546 1607 
4 1790 1131 1424 1401 
3 1580 1528 1562 
3 1632 1601 1552 
3 1541 1539 1583 
3 1544 1543 1606 
3 1788 1499 1563 
3 1578 1557 1550 
3 1561 1693 1596 
4 1614 1581 1540 1586 
3 1590 1545 1587 
3 1527 1505 1613 
4 1585 1482 1595 1619 
3 1544 1611 1620 
3 1522 1576 1674 
3 1788 1408 1462 
3 1650 1577 1477 
3 1598 1574 1545 
3 1583 1551 1553 
3 1592 1525 1572 
3 1582 1512 1592 
3 1569 1548 1623 
3 1650 1478 1571 
3 1580 1562 1579 
3 1578 1554 1608 
3 1584 1557 1578 
3 1595 1524 1564 
3 1485 1575 1599 
3 1559 1573 1591 
3 1587 1580 1597 
3 1542 1567 1600 
3 1603 1564 1633 
3 1565 1584 1639 
3 1743 1589 1507 
3 1663 1642 1588 
3 1609 1565 1637 
3 1593 1583 1601 
3 1575 1574 1599 
3 1607 1546 1591 
3 1617 1488 1607 
3 1567 1581 1619 
3 1822 1563 1719 
4 1584 1608 1610 1638 
3 1605 1572 1618 
3 1582 1592 1602 
3 1585 1629 1612 
4 1636 1591 1558 1616 
3 1604 1599 1605 
3 1658 1586 1662 
3 1508 1602 1653 
3 1602 1598 1628 
3 1560 1532 1627 
4 1594 1555 1593 1636 
3 1597 1579 1621 
3 1618 1590 1670 
3 1597 1631 1638 
3 1620 1568 1655 
3 1615 1600 1629 
3 1566 1537 1647 
3 1624 1564 1658 
3 1554 1612 1621 
3 1601 1632 1622 
3 1501 1594 1623 
3 1598 1609 1640 
3 1567 1595 1624 
3 1625 1568 1611 
3 1608 1615 1626 
3 1635 1616 1650 
3 1576 1617 1668 
3 1630 1619 1614 
3 1633 1620 1690 
3 1631 1621 1634 
3 1606 1647 1657 
3 1605 1676 1653 
5 1641 1634 1612 1600 1630 
3 1629 1624 1659 
3 1645 1610 1626 
3 1616 1558 1650 
3 1586 1625 1644 
3 1643 1626 1629 
3 1677 1622 1650 
3 1667 1607 1601 
3 1590 1639 1649 
3 1597 1610 1645 
3 1637 1587 1646 
3 1618 1680 1676 
3 1643 1629 1656 
3 1654 1648 1589 
3 1649 1634 1641 
3 1661 1633 1739 
4 1649 1646 1638 1631 
3 1639 1645 1649 
3 1627 1613 1657 
4 1652 1477 1642 1651 
5 1637 1646 1645 1643 1675 
7 1709 1635 1622 1632 1577 1571 1652 
3 1648 1654 1745 
3 1650 1648 1741 
5 1693 1604 1628 1683 1692 
3 1651 1642 1663 
3 1611 1672 1666 
3 1660 1641 1665 
3 1627 1647 1671 
4 1659 1614 1603 1691 
3 1664 1630 1658 
3 1685 1656 1669 
3 1662 1644 1757 
3 1603 1661 1696 
3 1654 1589 1743 
3 1665 1659 1678 
3 1686 1656 1664 
3 1690 1655 1672 
4 1684 1636 1677 1681 
3 1623 1684 1674 
3 1660 1686 1695 
3 1680 1609 1697 
3 1672 1657 1674 
4 1699 1666 1655 1671 
3 1700 1754 1503 
5 1687 1671 1569 1668 1710 
3 1697 1649 1685 
3 1628 1640 1701 
3 1667 1635 1679 
3 1664 1733 1747 
3 1682 1677 1688 
3 1640 1670 1702 
3 1698 1667 1682 
3 1681 1679 1722 
3 1653 1701 1715 
3 1668 1667 1698 
3 1675 1660 1689 
3 1669 1665 1747 
3 1707 1674 1705 
3 1706 1679 1704 
3 1694 1685 1695 
3 1625 1666 1699 
3 1658 1696 1742 
3 1734 1653 1744 
3 1563 1653 1734 
3 1711 1697 1689 
3 1689 1669 1731 
3 1691 1662 1761 
4 1670 1675 1694 1713 
3 1710 1684 1681 
3 1732 1690 1672 
3 1764 1673 1753 
3 1683 1676 1708 
3 1703 1680 1724 
3 1712 1702 1718 
3 1706 1688 1716 
3 1735 1687 1717 
3 1722 1688 1704 
3 1735 1730 1687 
3 1714 1701 1712 
4 1720 1716 1650 1768 
4 1717 1674 1698 1765 
3 1713 1694 1721 
3 1723 1708 1703 
3 1726 1697 1711 
3 1729 1715 1708 
3 1683 1714 1729 
3 1749 1704 1709 
3 1777 1705 1710 
3 1725 1703 1728 
3 1804 1596 1734 
3 1727 1709 1809 
3 1711 1731 1758 
4 1682 1706 1760 1771 
3 1729 1712 1725 
3 1728 1702 1726 
3 1723 1718 1738 
3 1724 1713 1748 
3 1750 1720 1780 
3 1718 1724 1763 
4 1740 1715 1714 1723 
3 1736 1732 1707 
3 1721 1695 1762 
3 1739 1699 1730 
3 1678 1742 1820 
4 1719 1693 1692 1751 
3 1746 1707 1705 
3 1739 1730 1746 
3 1753 1461 1770 
3 1740 1725 1752 
4 1755 1644 1732 1736 
3 1744 1729 1738 
3 1768 1652 1776 
3 1733 1691 1761 
3 1745 1663 1588 
3 1692 1740 1759 
3 1651 1743 1754 
3 1736 1735 1777 
3 1686 1678 1762 
3 1726 1758 1763 
3 1760 1716 1750 
4 1749 1727 1780 1782 
3 1734 1759 1756 
3 1738 1791 1778 
3 1700 1737 1766 
3 1745 1673 1776 
3 1757 1739 1786 
3 1751 1789 1774 
3 1661 1755 1793 
3 1748 1721 1806 
3 1751 1744 1778 
3 1722 1749 1803 
4 1742 1696 1796 1810 
3 1731 1747 1802 
3 1728 1748 1791 
3 1775 1700 1785 
3 1777 1710 1773 
3 1753 1769 1767 
3 1783 1766 1769 
4 1709 1741 1779 1809 
4 1783 1767 1766 1770 
3 1769 1737 1772 
3 1773 1722 1803 
5 1795 1787 1770 1374 1880 
3 1799 1765 1771 
3 1781 1756 1789 
3 1776 1764 1785 
4 1779 1741 1754 1775 
4 1746 1717 1765 1797 
3 1759 1752 1789 
3 1768 1776 1784 
3 1750 1727 1824 
3 1804 1774 1801 
3 1750 1824 1827 
3 1794 1767 1769 
3 1818 1779 1785 
4 1784 1775 1764 1794 
3 1755 1797 1839 
4 1792 1772 1795 1800 
4 1790 1570 1561 1822 
4 1774 1756 1778 1805 
5 1939 1131 1556 1788 1906 
4 1808 1752 1763 1823 
3 1807 1798 1787 
3 1796 1757 1842 
3 1785 1783 1798 
3 1800 1787 1772 
3 1761 1793 1810 
3 1786 1777 1799 
3 1854 1794 1792 
3 1797 1773 1812 
3 1787 1795 1880 
3 1781 1805 1813 
3 1815 1762 1820 
3 1771 1760 1830 
3 1821 1719 1781 
3 1801 1789 1808 
3 1823 1758 1815 
3 1860 1855 1792 
3 1811 1805 1791 
3 1720 1768 1818 
3 1761 1796 1831 
3 1857 1814 1808 
3 1817 1799 1830 
3 1821 1801 1816 
3 1843 1816 1811 
3 1806 1802 1861 
3 1833 1813 1814 
3 1839 1812 1825 
3 1829 1809 1784 
3 1890 1420 1089 
3 1802 1733 1844 
3 1826 1804 1813 
3 1826 1788 1596 
3 1841 1791 1806 
4 1827 1782 1780 1829 
3 1839 1817 1828 
4 1862 1822 1821 1832 
3 1782 1824 1846 
3 1834 1825 1838 
3 1824 1818 1849 
3 1812 1803 1838 
4 1840 1810 1850 1845 
3 1826 1833 1835 
3 1836 1832 1816 
3 1842 1828 1847 
3 1867 1832 1836 
3 1835 1833 1837 
3 1864 1836 1843 
4 1828 1830 1846 1873 
4 1842 1786 1817 1825 
3 1844 1831 1851 
3 1856 1823 1853 
4 1793 1839 1834 1858 
3 1870 1837 1814 
3 1869 1820 1840 
3 1831 1850 1852 
4 1838 1827 1848 1873 
3 1834 1884 1863 
3 1846 1849 1859 
3 1848 1829 1866 
3 1845 1831 1858 
3 1840 1874 1868 
3 1845 1858 1874 
3 1875 1841 1861 
3 1866 1798 1855 
3 1854 1807 1876 
3 1857 1841 1875 
4 1865 1811 1856 1907 
4 1852 1850 1842 1894 
3 1848 1866 1887 
3 1871 1807 1877 
3 1853 1815 1869 
3 1906 1826 1867 
3 1847 1884 1896 
3 1905 1837 1872 
3 1925 1870 1857 
4 1887 1859 1849 1854 
3 1927 1862 1835 
3 1869 1851 1895 
4 1891 1861 1844 1868 
3 1872 1843 1865 
3 1876 1860 1877 
4 1893 1864 1870 1879 
3 1838 1846 1886 
3 1851 1852 1911 
3 1856 1853 1904 
3 1878 1855 1871 
4 1883 1871 1860 1881 
3 1908 1876 1885 
3 1893 1872 1889 
4 1882 1800 1772 1888 
3 1901 1877 1882 
3 1903 1881 1880 
3 1909 1885 1877 
3 1863 1847 1919 
3 1921 1878 1883 
3 1873 1897 1898 
3 1897 1859 1866 
3 1900 1880 1890 
3 1892 1879 1925 
3 1888 1819 1933 
3 1910 1869 1899 
3 1913 1893 1889 
4 1905 1872 1879 1892 
3 1902 1858 1896 
3 1899 1868 1914 
3 1894 1863 1919 
3 1886 1887 1908 
3 1886 1908 1915 
3 1891 1895 1914 
3 1903 1888 1916 
3 1912 1928 1881 
3 1911 1894 1930 
3 1912 1882 1900 
3 1907 1875 1917 
3 1927 1864 1893 
3 1934 1790 1862 
3 1961 1857 1904 
4 1915 1898 1897 1878 
3 1926 1921 1883 
3 1917 1891 1977 
3 1914 1874 1902 
3 1923 1901 1903 
3 1936 1892 1964 
4 1899 1895 1911 1967 
3 1898 1908 1920 
3 1935 1900 1932 
3 1904 1910 1918 
3 1972 1917 1993 
3 1896 1884 1924 
3 1915 1922 1924 
4 1922 1885 1909 1926 
3 1938 1920 1921 
3 1929 1912 1935 
4 1930 1919 1920 1937 
3 1889 1865 1961 
3 1921 1909 1928 
3 1934 1867 1905 
3 1926 1901 1929 
3 1931 1928 1923 
3 1902 1924 1937 
3 1945 1929 1946 
3 1916 1933 1947 
3 1932 1890 1988 
4 1941 1940 1906 1927 
3 1923 1916 1946 
4 1949 1913 1964 1965 
3 1930 1924 1944 
3 1944 1922 1957 
3 1790 1943 1960 
3 1943 1934 1942 
3 1942 1934 1948 
3 1940 1941 1953 
3 1939 1940 1960 
3 1967 1937 1938 
3 1957 1931 1955 
3 1931 1935 1951 
3 1932 1988 1956 
3 1953 1941 1950 
3 1950 1936 1970 
3 1952 1948 1949 
3 1954 1946 1956 
3 1953 1950 1975 
4 1960 1942 1948 1952 
3 1958 1955 1951 
3 1957 1945 1954 
4 1962 1951 1947 1988 
4 1959 1938 1945 1955 
3 1969 1959 1954 
3 1968 1957 1958 
4 1939 1943 1953 1986 
3 1925 1907 1974 
3 1976 1971 1956 
2 1991 1389 
3 1936 1913 1966 
3 1970 1936 1966 
3 1965 1964 1979 
3 1973 1914 1944 
3 1973 1959 1982 
3 1978 1958 1971 
3 1949 1965 1980 
3 1969 1962 1976 
3 1974 1918 1993 
3 1977 1967 1968 
3 1979 1961 1972 
3 1986 1952 1987 
3 1971 1962 1981 
3 1983 1910 1973 
3 1995 1969 1981 
4 1980 1966 1974 1984 
4 1970 1979 1984 1987 
3 1978 1976 1994 
3 1983 1968 1995 
3 1993 1977 1982 
3 1980 1979 1990 
3 1988 859 1991 
4 1960 1975 1989 1999 
3 1975 1980 1989 
7 1994 1956 1947 1933 942 1985 1991 
3 1986 1987 1992 
3 1984 1996 1992 
4 1997 1988 1985 1963 
3 1989 1990 1999 
4 1972 1918 1983 1996 
3 1997 1981 1988 
4 1996 1982 1978 1998 
4 1990 1993 1995 1998 
4 1999 1998 1994 1991 
4 1999 1996 1995 1997 
4 1986 1992 1998 1997 
