300
0 236 814
1 296 826
2 376 802
3 460 5480
4 490 1482
5 492 1878
6 518 326
7 534 4950
8 588 322
9 628 316
10 658 5638
11 728 1210
12 776 1104
13 1078 5378
14 1096 5320
15 1178 456
16 1180 5716
17 1196 80
18 1248 436
19 1524 154
20 1542 5934
21 1654 5690
22 1750 1218
23 1784 5920
24 1788 1254
25 1802 4692
26 1824 1224
27 1842 1274
28 1880 2234
29 1904 1328
30 1942 1394
31 1944 2204
32 1946 472
33 1972 6128
34 1992 2040
35 2022 1650
36 2028 2220
37 2066 5216
38 2158 5184
39 2182 428
40 2270 5126
41 2340 846
42 2366 4940
43 2378 2162
44 2448 892
45 2460 5282
46 2494 5360
47 2496 482
48 2520 3958
49 2560 5016
50 2572 5310
51 2608 3048
52 2624 646
53 2634 3618
54 2672 5064
55 2752 4866
56 2754 3328
57 2806 4764
58 2820 4914
59 2828 4760
60 2844 5176
61 2848 4544
62 2862 5486
63 2864 1838
64 2890 2628
65 2900 4766
66 2936 5320
67 2954 1180
68 2998 4694
69 3030 4486
70 3062 1268
71 3166 1568
72 3186 1700
73 3190 4738
74 3200 1606
75 3228 1986
76 3318 3966
77 3322 4810
78 3336 1542
79 3378 3822
80 3420 2732
81 3420 3940
82 3460 4414
83 3468 4936
84 3664 2076
85 3690 3882
86 3692 3798
87 3718 1666
88 3736 3662
89 3748 58
90 3758 152
91 3820 3296
92 3850 1094
93 3872 1090
94 3884 1836
95 3920 1840
96 3928 4556
97 3952 3008
98 4004 4462
99 4022 4238
100 4114 4546
101 4162 3950
102 4196 3980
103 4212 3008
104 4228 2448
105 4236 156
106 4248 1204
107 4266 4470
108 4276 2378
109 4298 4532
110 4404 2476
111 4410 2948
112 4410 4636
113 4418 2882
114 4444 4418
115 4456 2234
116 4466 4590
117 4470 4336
118 4474 2912
119 4488 4234
120 4502 4752
121 4552 2224
122 4676 4398
123 4682 2158
124 4712 4764
125 4774 3948
126 4782 3980
127 4782 5096
128 4812 3946
129 4828 4146
130 4846 2122
131 4940 2826
132 4968 3122
133 4970 4516
134 4978 4808
135 4986 3228
136 4990 2598
137 4994 3972
138 5012 2242
139 5018 4556
140 5020 4474
141 5132 3492
142 5134 3942
143 5140 3274
144 5162 5272
145 5168 4072
146 5178 5200
147 5206 3672
148 5214 3684
149 5250 3278
150 5270 2612
151 5362 2354
152 5388 4870
153 5404 2764
154 5432 2470
155 5486 4192
156 5488 3860
157 5504 2658
158 5546 2492
159 5566 2934
160 5586 3966
161 5596 3328
162 5660 2666
163 5698 6164
164 5734 3504
165 5804 2850
166 5806 3972
167 5812 3084
168 5826 2786
169 5864 6050
170 5870 2926
171 6012 6902
172 6024 2694
173 6030 2942
174 6050 7074
175 6094 86
176 6102 3736
177 6124 2610
178 6180 2298
179 6314 3064
180 6318 2462
181 6318 2642
182 6322 2862
183 6326 3014
184 6354 6896
185 6398 2570
186 6492 2916
187 6502 2766
188 6506 5906
189 6530 7042
190 6564 2256
191 6592 4726
192 6616 4868
193 6644 4658
194 6646 3040
195 6670 4632
196 6684 4542
197 6700 4986
198 6732 2864
199 6750 2996
200 6804 622
201 6812 4570
202 6840 3012
203 6854 2368
204 6900 6978
205 6904 2342
206 6936 2250
207 6980 4880
208 7006 5090
209 7042 7004
210 7090 394
211 7134 2164
212 7234 6806
213 7282 4708
214 7298 2996
215 7298 4656
216 7326 4526
217 7372 3182
218 7372 4186
219 7472 4108
220 7488 1520
221 7494 4398
222 7520 510
223 7528 492
224 7554 326
225 7582 5420
226 7584 3314
227 7596 4426
228 7614 1694
229 7630 3952
230 7664 1272
231 7672 1302
232 7736 4266
233 7784 3380
234 7852 2356
235 7900 882
236 7982 4216
237 8014 2204
238 8016 1538
239 8024 3704
240 8042 2754
241 8088 1486
242 8106 3648
243 8236 4566
244 8246 4056
245 8342 2192
246 8360 1390
247 8360 7020
248 8416 5128
249 8444 1342
250 8464 4230
251 8474 3028
252 8474 3552
253 8480 3446
254 8488 3908
255 8488 7138
256 8512 4064
257 8598 1934
258 8604 5006
259 8630 1910
260 8708 3488
261 8758 5320
262 8764 3864
263 8778 4304
264 8874 1628
265 8876 1762
266 8880 5420
267 8888 2568
268 9016 2812
269 9208 2164
270 9364 3792
271 9406 3054
272 9410 1350
273 9490 4678
274 9606 1974
275 9742 862
276 9852 748
277 10080 794
278 10140 594
279 10140 5314
280 10204 5158
281 10524 310
282 10734 3106
283 11178 582
284 11180 516
285 11252 2036
286 11614 5062
287 11628 234
288 11730 588
289 11856 3526
290 11942 7192
291 12038 7024
292 12132 4310
293 12140 494
294 12150 7134
295 12184 646
296 12186 1410
297 12186 4350
298 12592 3302
299 12638 142
5 1 4 5 3 6 
3 11 0 2 
3 11 1 8 
3 10 0 7 
3 5 0 11 
4 7 0 4 11 
3 0 17 8 
5 14 3 5 28 25 
3 2 6 9 
3 12 8 17 
5 16 20 33 3 13 
5 5 4 1 2 12 
4 22 11 9 15 
3 21 10 14 
3 13 7 37 
3 12 17 18 
3 20 10 21 
5 19 15 9 6 89 
3 32 15 19 
3 18 17 89 
5 33 10 16 21 23 
4 20 16 13 37 
3 26 24 12 
3 33 20 37 
3 27 35 22 
3 42 7 48 
3 27 22 41 
3 29 24 26 
3 7 35 31 
3 30 27 41 
3 35 29 44 
3 36 28 34 
3 41 18 39 
5 174 10 20 23 46 
3 36 31 35 
6 63 43 34 28 24 30 
4 51 31 34 43 
4 23 21 14 38 
3 46 37 40 
3 47 32 89 
3 45 38 42 
4 44 29 26 32 
3 49 40 25 
3 64 36 35 
4 67 30 41 52 
3 50 46 40 
4 62 33 38 45 
3 52 39 89 
3 61 25 53 
3 50 42 55 
4 62 45 49 54 
3 53 36 64 
3 44 47 89 
4 79 48 51 56 
4 60 50 55 58 
3 54 49 57 
3 53 64 80 
3 55 61 59 
3 60 54 65 
3 65 57 61 
4 66 54 58 73 
5 68 59 57 48 69 
4 174 46 50 66 
3 64 35 70 
5 56 51 43 63 75 
3 58 59 68 
4 62 60 77 83 
3 70 44 90 
3 73 65 61 
3 61 76 82 
4 71 63 67 92 
3 74 72 70 
3 75 71 74 
3 60 68 82 
3 72 71 78 
4 84 80 64 72 
3 69 79 81 
3 83 66 82 
3 87 74 92 
3 76 53 91 
3 97 56 75 
3 76 86 85 
4 77 73 69 99 
4 127 66 77 96 
4 108 104 75 94 
3 101 81 86 
3 85 81 88 
3 94 78 106 
3 101 86 91 
9 299 175 105 90 52 47 39 19 17 
4 93 92 67 89 
4 101 88 79 97 
4 78 70 90 93 
3 106 92 90 
3 95 84 87 
3 115 94 106 
3 83 98 100 
3 103 91 80 
3 107 96 99 
3 98 82 102 
3 120 96 109 
4 102 85 88 91 
3 119 99 101 
4 125 97 104 111 
3 110 103 84 
3 106 89 175 
5 123 95 87 93 105 
3 109 98 119 
3 110 84 115 
4 112 100 107 114 
4 131 113 104 108 
3 135 103 113 
3 120 109 116 
3 118 111 110 
3 116 109 117 
3 108 95 121 
3 120 112 114 
3 122 114 119 
3 132 135 113 
5 117 107 102 125 126 
5 124 127 100 112 116 
3 136 115 123 
4 133 124 117 129 
3 121 106 130 
3 134 120 122 
4 119 103 135 128 
3 129 119 128 
4 144 163 83 120 
4 126 125 141 147 
5 140 122 126 137 145 
3 138 123 175 
3 132 110 136 
4 135 118 131 153 
3 134 122 140 
4 146 124 133 139 
5 143 125 111 118 132 
3 150 131 121 
3 129 147 142 
3 151 150 130 
3 152 134 140 
4 152 139 133 129 
3 147 128 143 
4 145 137 148 156 
3 149 141 135 
3 169 127 146 
3 155 129 142 
3 144 134 152 
5 148 137 128 141 149 
3 142 147 161 
4 147 143 153 159 
3 157 136 138 
4 158 154 138 178 
5 169 146 139 140 155 
3 149 132 157 
3 158 157 151 
3 152 145 160 
3 160 142 164 
5 162 159 153 150 154 
4 172 162 154 151 
3 149 157 165 
3 166 155 156 
3 164 148 167 
3 168 157 158 
3 171 127 169 
4 176 156 161 167 
3 170 159 168 
3 191 160 176 
3 164 161 170 
3 165 162 172 
4 184 163 144 152 
3 173 167 165 
3 174 163 184 
4 173 168 158 177 
4 183 170 172 182 
5 255 33 62 171 189 
7 299 224 210 200 130 105 89 
4 196 166 164 179 
3 181 172 178 
4 180 177 151 190 
3 176 183 194 
3 185 178 190 
3 187 177 185 
3 186 173 187 
3 179 173 186 
4 204 171 169 188 
3 181 180 203 
4 183 182 187 198 
4 186 182 181 203 
4 184 192 197 208 
3 255 174 209 
4 180 178 200 206 
3 192 166 193 
4 207 197 188 191 
3 191 196 195 
3 218 179 199 
3 193 196 201 
4 195 193 176 218 
3 208 188 192 
5 214 202 199 186 205 
3 202 194 198 
3 190 175 210 
3 195 218 216 
3 217 199 198 
3 187 185 205 
3 209 184 212 
3 198 203 206 
4 205 190 220 211 
3 208 192 213 
4 188 197 207 213 
3 247 189 204 
3 222 200 175 
3 234 206 220 
3 247 204 225 
4 225 208 207 215 
4 217 198 234 240 
3 213 216 227 
3 215 201 221 
3 226 202 214 
5 221 201 196 194 219 
3 232 218 229 
4 228 211 206 230 
3 227 216 218 
3 230 210 223 
3 235 222 224 
4 276 223 175 281 
3 212 213 248 
3 233 229 217 
4 243 215 221 232 
3 234 220 231 
3 219 226 239 
3 231 220 222 
3 238 228 230 
3 227 219 236 
3 242 226 251 
4 214 211 228 237 
4 249 241 223 275 
3 243 232 239 
3 234 238 245 
3 237 231 241 
4 244 236 229 242 
3 251 214 245 
4 257 238 235 246 
3 239 233 252 
5 258 227 236 244 250 
3 243 239 254 
4 267 240 237 257 
3 259 241 249 
4 255 209 212 266 
3 261 225 258 
3 264 246 235 
3 263 243 256 
4 253 233 240 268 
3 254 242 253 
3 260 252 251 
4 256 244 252 262 
4 290 174 189 247 
3 263 250 254 
4 267 245 241 259 
3 248 243 273 
3 257 246 265 
3 262 253 268 
3 266 248 273 
3 254 260 270 
3 273 250 256 
3 265 249 272 
3 269 259 264 
3 247 261 279 
3 268 245 257 
4 271 260 251 267 
3 271 265 274 
3 273 262 271 
4 270 268 269 274 
3 274 264 275 
5 280 261 258 263 270 
4 282 271 269 272 
3 272 235 277 
3 277 224 278 
4 285 275 276 278 
3 277 276 281 
3 290 266 280 
3 279 273 286 
5 284 283 278 224 287 
3 289 286 274 
4 288 296 281 284 
3 288 283 281 
3 289 277 296 
4 291 280 282 292 
3 288 281 299 
5 295 283 284 287 293 
4 292 282 285 298 
4 255 279 291 294 
4 294 290 286 297 
3 297 286 289 
3 295 288 299 
3 290 291 298 
4 296 288 293 299 
4 298 285 283 295 
3 291 292 298 
5 294 297 289 296 299 
6 298 295 293 287 175 89 
