30
0 498 5392
1 1192 226
2 2802 624
3 3460 48
4 4090 4492
5 4238 94
6 4292 4606
7 4488 3376
8 4512 4632
9 4660 2216
10 4822 2972
11 6056 3838
12 6290 2626
13 6350 4018
14 6496 5406
15 6696 4980
16 6728 4454
17 6918 452
18 7070 2192
19 7126 1594
20 7886 5418
21 8070 3972
22 8116 3658
23 8164 3236
24 8470 3100
25 9678 3574
26 10028 560
27 10858 3852
28 11424 682
29 12044 5748
5 14 29 1 4 6 
3 2 0 3 
3 9 1 5 
2 5 1 
3 6 0 7 
4 26 17 2 3 
3 8 0 4 
3 4 9 10 
3 15 6 11 
4 12 10 7 2 
3 11 7 9 
3 13 8 10 
3 13 9 18 
3 16 11 12 
3 20 0 15 
4 20 14 8 16 
3 15 13 21 
3 26 19 5 
3 23 12 19 
3 24 18 17 
3 29 14 15 
3 16 22 25 
3 21 23 25 
3 22 18 24 
3 25 23 19 
4 27 21 22 24 
3 28 17 5 
3 29 25 28 
3 29 27 26 
4 0 20 27 28 
