800
0 194 960
1 230 5270
2 298 5320
3 356 746
4 382 1846
5 396 1868
6 400 2020
7 416 354
8 432 1534
9 450 1940
10 462 1904
11 472 1382
12 472 1756
13 482 2032
14 486 2074
15 504 5370
16 506 2244
17 528 348
18 546 882
19 550 2000
20 608 1384
21 610 1618
22 622 1932
23 646 5758
24 694 4908
25 700 4904
26 718 2124
27 738 5642
28 750 1578
29 782 1392
30 816 364
31 820 2262
32 954 1524
33 958 5372
34 960 454
35 974 5486
36 980 5392
37 1038 328
38 1110 194
39 1114 5310
40 1118 1438
41 1126 5652
42 1166 418
43 1166 5228
44 1220 1474
45 1232 364
46 1254 2214
47 1262 2262
48 1274 5498
49 1418 4230
50 1438 1170
51 1488 4274
52 1574 1372
53 1580 1388
54 1636 1754
55 1648 1828
56 1654 1630
57 1658 2092
58 1702 1622
59 1736 2198
60 1738 6070
61 1806 530
62 1818 1226
63 1822 6042
64 1828 1284
65 1836 2184
66 1884 6084
67 1912 5978
68 1918 926
69 1922 5724
70 1932 1332
71 1936 5546
72 1938 268
73 1960 2174
74 1962 2214
75 1988 554
76 2004 6014
77 2026 878
78 2036 1924
79 2064 5964
80 2074 5458
81 2098 2148
82 2136 5224
83 2136 6140
84 2140 6136
85 2164 5248
86 2170 5206
87 2186 2218
88 2204 2090
89 2246 4708
90 2274 4962
91 2288 4702
92 2306 4770
93 2324 258
94 2346 4558
95 2348 5090
96 2362 4794
97 2376 5074
98 2382 5052
99 2416 5288
100 2418 4894
101 2436 5286
102 2438 2202
103 2438 5302
104 2452 5284
105 2458 2190
106 2468 3636
107 2472 742
108 2486 3350
109 2498 3578
110 2502 404
111 2556 5166
112 2574 3336
113 2580 4902
114 2584 3010
115 2590 2992
116 2602 5214
117 2612 4930
118 2614 5084
119 2616 5654
120 2620 4940
121 2622 644
122 2630 1598
123 2700 2886
124 2718 2632
125 2720 1266
126 2728 616
127 2730 784
128 2732 4874
129 2738 496
130 2738 3234
131 2762 4732
132 2764 4792
133 2766 626
134 2782 5282
135 2784 5446
136 2792 652
137 2794 770
138 2800 2230
139 2844 726
140 2852 2678
141 2860 2182
142 2864 4800
143 2872 4592
144 2874 5314
145 2892 4754
146 2892 4762
147 2896 4878
148 2900 4802
149 2906 4980
150 2916 4952
151 2918 2616
152 2928 4984
153 2940 1118
154 2946 5040
155 2948 4692
156 2954 5268
157 2976 1190
158 2980 3372
159 2990 5096
160 2994 4982
161 3000 4574
162 3008 842
163 3010 4608
164 3014 790
165 3024 4966
166 3030 2656
167 3038 2818
168 3046 4872
169 3064 4040
170 3072 4642
171 3090 4040
172 3106 4646
173 3124 4680
174 3126 4682
175 3164 6434
176 3168 1672
177 3172 1690
178 3194 5062
179 3218 1686
180 3288 2430
181 3296 3992
182 3302 1536
183 3306 1638
184 3310 3980
185 3338 4032
186 3358 2310
187 3370 3904
188 3372 150
189 3372 2318
190 3372 4774
191 3374 1574
192 3378 890
193 3390 896
194 3396 2408
195 3408 2618
196 3450 2980
197 3456 1568
198 3496 3874
199 3500 2176
200 3558 2656
201 3578 3806
202 3582 3578
203 3582 3812
204 3586 3542
205 3590 2372
206 3610 7086
207 3622 58
208 3630 1726
209 3630 4480
210 3658 1700
211 3692 2466
212 3720 46
213 3724 2250
214 3736 4376
215 3756 3896
216 3776 4112
217 3786 4314
218 3808 3738
219 3824 3904
220 3842 1712
221 3844 4454
222 3848 4358
223 3866 136
224 3866 4134
225 3866 4294
226 3868 210
227 3876 1828
228 3876 3706
229 3888 3304
230 3894 4448
231 3906 200
232 3920 164
233 3970 2834
234 3976 2866
235 3978 94
236 3984 4318
237 4018 1808
238 4024 4304
239 4030 4458
240 4044 4448
241 4068 170
242 4078 4202
243 4084 4066
244 4102 3600
245 4138 128
246 4152 2618
247 4162 4564
248 4166 4390
249 4170 216
250 4178 224
251 4198 3964
252 4220 3012
253 4226 198
254 4226 2410
255 4272 4662
256 4282 1144
257 4308 4862
258 4312 4610
259 4328 4484
260 4346 4226
261 4348 4232
262 4372 4552
263 4376 4872
264 4380 166
265 4384 4322
266 4398 4914
267 4432 4296
268 4436 4452
269 4436 4846
270 4440 2398
271 4444 2650
272 4452 4440
273 4456 2930
274 4458 2390
275 4464 2936
276 4472 6144
277 4474 2288
278 4482 4938
279 4484 4816
280 4492 4668
281 4504 4914
282 4506 4822
283 4512 4466
284 4538 4292
285 4558 2606
286 4562 6980
287 4568 2266
288 4570 7024
289 4572 4436
290 4594 4632
291 4602 7120
292 4608 2178
293 4608 2214
294 4632 4844
295 4638 2182
296 4642 2810
297 4646 4352
298 4648 4060
299 4674 4438
300 4678 6802
301 4680 22
302 4682 6792
303 4712 2704
304 4716 134
305 4720 2738
306 4720 6858
307 4722 4622
308 4726 3274
309 4732 4132
310 4742 4394
311 4772 2304
312 4786 2444
313 4792 6730
314 4798 4542
315 4798 4796
316 4828 3862
317 4844 3990
318 4846 4056
319 4848 3968
320 4872 3892
321 4874 4762
322 4894 3812
323 4924 4466
324 4940 3532
325 4940 3900
326 4942 4040
327 4942 4472
328 4950 4370
329 4970 2160
330 4974 2974
331 4974 4462
332 4974 5106
333 4994 14
334 4998 3166
335 5000 3164
336 5006 4122
337 5014 3356
338 5040 4624
339 5046 5024
340 5056 5194
341 5064 5052
342 5070 3624
343 5074 4486
344 5086 4672
345 5108 4418
346 5138 54
347 5146 4664
348 5156 2350
349 5164 4456
350 5166 4650
351 5178 3064
352 5178 4686
353 5186 3138
354 5186 3922
355 5192 6624
356 5200 3566
357 5206 4558
358 5216 4410
359 5220 3516
360 5220 4314
361 5256 2550
362 5274 4534
363 5276 190
364 5276 3066
365 5332 266
366 5334 4036
367 5338 2844
368 5340 3640
369 5350 2686
370 5362 2832
371 5400 3840
372 5408 2764
373 5426 2838
374 5460 2508
375 5474 4090
376 5478 4234
377 5504 2896
378 5504 4238
379 5516 4476
380 5526 982
381 5526 2836
382 5526 3990
383 5528 2712
384 5532 4078
385 5540 2754
386 5544 4248
387 5548 3926
388 5558 4174
389 5558 4218
390 5562 5252
391 5582 2602
392 5604 2874
393 5604 5358
394 5606 4026
395 5614 4814
396 5624 2890
397 5642 7120
398 5644 3540
399 5666 3884
400 5668 2972
401 5690 1382
402 5690 2990
403 5698 3630
404 5702 1000
405 5708 1004
406 5730 2530
407 5738 2718
408 5756 2924
409 5762 2844
410 5762 3932
411 5798 3792
412 5806 4828
413 5842 2768
414 5860 3292
415 5862 3440
416 5886 6960
417 5890 2842
418 5902 5862
419 5910 1370
420 5916 2960
421 5922 4836
422 5930 4856
423 5958 2588
424 5962 372
425 5962 382
426 5966 2694
427 5966 4762
428 5996 3764
429 5996 4130
430 5996 5228
431 5998 2408
432 6006 6430
433 6020 2894
434 6050 182
435 6054 270
436 6080 2850
437 6084 192
438 6090 2354
439 6094 2042
440 6094 2876
441 6100 2372
442 6116 4412
443 6122 4192
444 6138 2420
445 6140 2854
446 6140 7098
447 6152 4884
448 6158 206
449 6158 2296
450 6170 2366
451 6170 4936
452 6174 124
453 6188 2636
454 6208 4018
455 6248 2528
456 6284 2578
457 6302 3054
458 6304 2662
459 6312 2870
460 6316 2630
461 6324 2876
462 6326 4114
463 6330 2312
464 6350 3014
465 6358 2762
466 6362 7190
467 6384 4814
468 6386 4644
469 6396 2546
470 6408 2918
471 6420 2802
472 6426 3712
473 6432 3676
474 6438 2066
475 6466 2888
476 6468 4506
477 6468 7164
478 6474 5776
479 6486 3768
480 6502 3842
481 6506 4836
482 6526 2714
483 6552 5686
484 6560 2638
485 6570 2628
486 6576 4664
487 6590 3114
488 6598 6524
489 6614 2840
490 6616 1806
491 6620 2736
492 6622 2960
493 6624 2498
494 6632 3536
495 6636 4660
496 6646 4320
497 6652 2212
498 6656 1778
499 6656 4218
500 6658 2456
501 6670 1872
502 6672 1970
503 6678 2836
504 6682 1984
505 6682 2968
506 6694 2874
507 6708 2118
508 6716 1828
509 6722 2160
510 6724 5246
511 6728 1772
512 6740 1748
513 6752 1720
514 6772 2392
515 6782 4374
516 6786 1796
517 6794 472
518 6798 2408
519 6812 1698
520 6812 2072
521 6822 3652
522 6824 1824
523 6840 6102
524 6862 6524
525 6874 6038
526 6914 5434
527 6924 3036
528 6928 2202
529 6938 5822
530 6944 4532
531 6950 6756
532 6958 4914
533 6958 5898
534 6972 7020
535 7038 5026
536 7038 5888
537 7048 2940
538 7050 1926
539 7066 6444
540 7068 4948
541 7090 1862
542 7094 4376
543 7110 4936
544 7114 420
545 7124 4368
546 7136 2168
547 7136 3916
548 7166 2674
549 7168 476
550 7174 6082
551 7186 1868
552 7200 416
553 7204 1936
554 7212 1640
555 7216 4270
556 7228 6996
557 7242 1452
558 7244 1558
559 7246 6530
560 7258 1672
561 7290 5126
562 7304 2938
563 7316 4216
564 7338 1670
565 7350 4736
566 7356 292
567 7362 364
568 7364 1490
569 7364 2776
570 7380 3076
571 7390 4190
572 7408 1832
573 7420 3828
574 7442 276
575 7476 6596
576 7486 1752
577 7508 3416
578 7514 520
579 7564 1516
580 7564 2766
581 7564 3868
582 7574 1548
583 7576 3212
584 7580 6970
585 7586 3340
586 7588 556
587 7598 3666
588 7600 3068
589 7610 4102
590 7650 2832
591 7656 6188
592 7676 2744
593 7718 2936
594 7722 3484
595 7746 1102
596 7750 2934
597 7758 3032
598 7830 2252
599 7838 2982
600 7850 5434
601 7902 3630
602 7904 3086
603 7924 3700
604 7940 858
605 7944 2262
606 7946 2896
607 7952 872
608 7974 2864
609 7980 5356
610 7994 4770
611 7994 4822
612 8004 6522
613 8016 1286
614 8020 3580
615 8046 928
616 8082 4542
617 8084 4678
618 8146 4564
619 8162 3230
620 8166 3608
621 8170 3624
622 8230 3918
623 8234 4072
624 8238 3396
625 8254 7184
626 8260 5146
627 8266 2216
628 8294 4294
629 8306 2202
630 8310 4240
631 8324 2190
632 8332 6954
633 8340 5292
634 8358 4162
635 8426 4732
636 8460 7006
637 8472 6968
638 8476 6978
639 8482 4254
640 8492 4260
641 8500 3326
642 8530 5198
643 8542 5226
644 8542 5376
645 8550 1936
646 8560 3450
647 8568 4136
648 8588 2920
649 8614 4088
650 8632 5414
651 8650 2784
652 8676 4280
653 8680 4426
654 8710 3440
655 8712 3440
656 8720 4988
657 8722 4334
658 8746 4454
659 8750 4136
660 8760 2712
661 8776 2932
662 8806 3550
663 8814 2606
664 8856 2880
665 8882 1524
666 8884 4058
667 8890 1458
668 8942 4958
669 8974 2398
670 8982 4832
671 8994 5662
672 9028 2646
673 9058 3346
674 9080 3186
675 9112 4186
676 9126 5334
677 9166 5594
678 9168 964
679 9174 5632
680 9182 5600
681 9212 4028
682 9214 4028
683 9218 4534
684 9228 4862
685 9234 1112
686 9240 4738
687 9278 4226
688 9278 4900
689 9292 952
690 9318 2756
691 9336 5904
692 9362 4226
693 9412 3088
694 9420 4208
695 9434 2322
696 9446 4790
697 9452 4230
698 9468 6414
699 9474 622
700 9510 1924
701 9530 870
702 9532 3356
703 9578 3300
704 9606 2192
705 9620 5144
706 9632 870
707 9682 4820
708 9698 3584
709 9710 2646
710 9712 986
711 9724 4404
712 9768 1520
713 9776 1198
714 9792 4202
715 9800 1188
716 9816 1386
717 9868 6138
718 9880 998
719 9950 2464
720 9960 2228
721 9966 7162
722 10120 4862
723 10182 4132
724 10188 542
725 10206 5666
726 10242 4134
727 10256 3898
728 10266 2560
729 10292 2326
730 10316 6276
731 10322 1844
732 10322 6384
733 10506 7048
734 10510 5592
735 10562 1978
736 10620 6842
737 10654 2594
738 10662 1784
739 10676 1948
740 10708 2532
741 10720 2120
742 10732 2406
743 10782 754
744 10800 1838
745 10820 2510
746 10914 4382
747 10952 1654
748 11034 1536
749 11056 3068
750 11112 2972
751 11148 1572
752 11172 5408
753 11198 808
754 11210 5344
755 11212 924
756 11242 5326
757 11274 2526
758 11322 5414
759 11328 5398
760 11372 2810
761 11470 1236
762 11496 2578
763 11498 2402
764 11504 5428
765 11558 5472
766 11576 2344
767 11592 2398
768 11628 4282
769 11632 274
770 11728 7152
771 11764 1482
772 11766 4812
773 11790 3342
774 11800 1384
775 11834 3234
776 11900 1460
777 11974 4220
778 12012 7052
779 12076 524
780 12128 1480
781 12132 4352
782 12134 1404
783 12134 1442
784 12144 7180
785 12162 7064
786 12166 1078
787 12168 438
788 12182 4326
789 12192 7106
790 12196 3100
791 12200 4326
792 12252 280
793 12288 320
794 12566 1262
795 12570 4962
796 12574 5640
797 12630 1070
798 12640 842
799 12726 568
3 1 7 3 
13 33 36 15 2 23 0 4 6 16 31 47 59 24 
3 27 23 1 
5 18 8 4 0 17 
3 5 1 3 
3 6 4 8 
3 1 5 9 
3 0 38 17 
4 12 5 3 11 
3 14 6 10 
3 13 9 12 
3 20 8 18 
3 10 8 21 
4 14 10 22 19 
3 16 9 13 
3 35 41 1 
3 1 14 26 
5 30 3 7 72 37 
3 11 3 34 
3 26 13 22 
3 29 11 61 
3 12 29 28 
3 19 13 44 
4 206 1 2 27 
3 1 49 25 
3 43 24 51 
4 31 16 19 54 
3 60 23 2 
3 21 40 32 
3 21 20 50 
3 34 17 37 
3 1 26 46 
3 28 40 44 
3 36 1 39 
3 18 30 42 
3 48 41 15 
3 48 1 33 
4 45 30 17 93 
3 7 212 207 
3 71 33 43 
4 32 28 50 62 
3 63 15 35 
4 126 61 34 45 
3 39 25 89 
3 22 32 52 
3 110 42 37 
3 47 31 57 
3 1 46 59 
3 69 35 36 
4 24 74 108 112 
3 40 29 68 
4 25 130 109 106 
3 53 44 64 
3 56 52 70 
3 55 26 56 
3 65 57 54 
3 54 53 58 
3 65 46 55 
3 78 56 125 
3 1 47 65 
3 66 206 27 
3 75 20 42 
3 64 40 127 
3 66 41 67 
3 70 52 62 
4 59 57 55 73 
3 83 60 63 
3 76 63 69 
3 50 75 77 
4 67 48 71 80 
3 53 64 125 
3 69 39 82 
3 17 188 93 
3 74 65 78 
3 49 73 81 
5 136 121 77 68 61 
3 83 67 79 
3 68 75 107 
3 73 58 125 
3 83 76 103 
3 69 85 99 
3 87 74 88 
3 71 90 86 
5 288 66 76 79 84 
4 175 83 134 119 
3 99 80 86 
3 85 82 95 
5 115 114 81 88 102 
3 87 81 122 
5 92 90 43 94 91 
3 95 82 89 
3 128 89 94 
3 96 100 89 
3 37 72 231 
4 131 91 89 106 
3 86 90 97 
3 149 113 92 
3 116 95 98 
3 111 97 100 
3 80 85 101 
3 118 98 92 
3 103 99 104 
3 124 87 105 
3 79 101 104 
3 103 101 116 
3 138 102 177 
3 94 51 109 
3 127 77 121 
3 49 114 112 
3 106 51 130 
3 129 45 226 
3 116 98 118 
3 49 108 130 
4 154 117 120 96 
3 108 87 115 
3 114 87 123 
4 134 104 97 111 
3 159 120 113 
3 156 111 100 
3 175 84 135 
3 156 113 117 
3 136 107 75 
3 176 88 157 
3 130 115 124 
3 140 123 102 
4 78 58 70 153 
4 133 42 129 226 
3 62 107 137 
3 150 91 132 
3 126 110 226 
5 158 109 51 112 123 
3 132 94 143 
3 142 128 131 
4 164 136 126 249 
3 144 84 116 
3 286 119 144 
5 162 139 121 75 133 
3 153 127 139 
3 151 105 141 
3 197 137 136 
3 158 124 151 
3 166 138 179 
3 147 132 146 
3 145 131 169 
3 135 134 156 
3 148 146 143 
3 147 142 145 
3 150 142 146 
3 152 145 155 
3 152 154 96 
3 152 128 147 
3 167 140 138 
4 154 149 150 148 
3 157 125 137 
5 159 113 149 152 160 
4 148 171 161 163 
4 300 144 118 120 
3 182 122 153 
4 187 169 130 140 
3 300 117 154 
3 154 168 165 
3 163 155 171 
3 210 136 164 
3 170 155 161 
3 192 162 133 
3 178 160 190 
3 167 141 180 
3 198 151 166 
3 160 174 215 
3 171 143 158 
3 172 173 163 
4 161 155 169 181 
4 173 170 181 185 
3 174 170 172 
3 168 173 203 
3 288 84 119 
3 177 122 182 
3 105 176 179 
4 276 165 190 221 
3 141 177 183 
3 196 166 186 
3 172 171 184 
3 191 176 157 
3 186 179 191 
3 185 181 187 
3 172 184 198 
3 189 180 183 
3 184 158 198 
4 232 72 207 223 
4 194 195 186 199 
3 178 165 209 
3 183 182 197 
3 193 164 250 
3 256 220 192 
3 200 195 189 
3 196 189 194 
3 202 180 195 
3 208 191 139 
4 185 187 167 201 
3 205 189 208 
3 204 194 205 
3 203 198 202 
3 201 196 204 
3 215 174 201 
3 218 202 200 
3 211 200 199 
4 291 466 23 60 
3 188 38 212 
3 199 197 210 
3 190 216 214 
5 227 254 213 208 162 
3 229 205 213 
5 235 207 38 333 301 
3 233 211 210 
4 221 209 216 217 
3 219 168 203 
3 214 209 219 
4 222 214 224 225 
3 219 204 228 
4 224 216 215 218 
4 237 277 227 193 
3 178 214 230 
3 239 230 217 
3 232 188 245 
4 236 225 217 219 
3 239 217 224 
4 126 129 110 231 
3 270 210 220 
3 243 218 229 
3 244 228 211 
3 257 221 222 
3 226 93 241 
3 241 188 223 
3 234 213 246 
3 252 244 233 
3 264 245 212 
3 240 224 238 
3 292 220 256 
3 248 236 242 
4 247 222 225 240 
3 239 236 248 
4 253 231 232 264 
3 261 238 243 
3 242 228 251 
3 251 229 234 
3 264 223 235 
4 271 273 233 254 
3 258 255 239 
3 259 240 238 
3 250 133 253 
3 192 249 253 
3 260 243 244 
3 308 298 234 
4 250 249 241 264 
3 271 246 210 
3 263 247 258 
3 237 193 365 
3 263 276 230 
3 255 247 262 
3 262 248 265 
3 267 261 251 
3 265 242 260 
4 280 258 259 268 
3 266 257 255 
5 253 241 245 235 304 
3 259 261 267 
4 278 313 263 269 
3 265 260 284 
3 262 284 272 
3 266 280 279 
3 285 227 274 
3 296 246 254 
3 283 268 284 
3 275 308 246 
3 285 270 277 
3 334 337 273 
3 302 178 257 
3 274 220 287 
3 332 266 281 
3 282 269 307 
3 269 262 290 
3 278 282 294 
3 294 281 279 
3 290 272 289 
5 297 272 268 267 298 
4 305 296 270 274 
4 288 135 306 416 
3 303 277 293 
5 397 291 83 175 286 
3 299 283 297 
3 280 283 307 
3 466 206 288 
3 295 293 237 
4 312 303 287 292 
4 281 282 321 315 
3 311 292 380 
3 335 271 285 
3 310 289 284 
3 309 284 252 
3 314 289 310 
4 306 156 159 302 
3 346 212 333 
3 300 276 313 
3 305 287 293 
3 363 264 346 
3 330 285 303 
3 286 300 488 
4 338 279 290 314 
4 324 316 252 273 
3 328 298 318 
3 323 299 297 
3 312 295 329 
3 351 293 311 
3 302 266 355 
3 307 299 323 
3 339 294 321 
3 319 317 308 
3 318 316 319 
3 336 309 317 
4 326 317 316 320 
3 325 319 322 
3 315 294 344 
3 320 324 342 
3 327 314 310 
3 342 322 308 
4 354 366 378 320 
3 376 336 319 
3 338 323 331 
3 345 331 309 
4 348 361 311 404 
3 353 335 305 
3 343 327 328 
3 340 278 341 
3 792 301 212 
3 411 275 335 
4 403 334 296 330 
3 360 318 326 
3 411 359 275 
3 344 307 327 
3 341 315 347 
3 355 332 341 
4 340 332 339 352 
3 322 324 356 
3 362 357 331 
3 321 338 347 
3 349 328 358 
3 452 304 301 
3 339 344 350 
3 374 361 329 
3 412 362 345 
4 390 352 347 357 
3 364 353 312 
3 393 341 350 
3 398 330 351 
4 382 394 325 371 
3 313 340 432 
3 371 342 359 
4 412 395 350 343 
3 379 345 360 
4 410 368 356 337 
3 358 336 376 
3 369 329 348 
3 412 343 349 
3 365 304 434 
3 428 351 367 
3 424 256 363 
3 384 375 325 
3 364 369 370 
3 399 387 359 
3 372 367 361 
3 373 367 372 
3 382 354 356 
4 370 369 391 383 
3 377 370 381 
3 391 348 401 
3 388 366 384 
3 378 360 326 
3 400 415 373 
3 386 376 325 
3 422 358 386 
3 295 425 435 
3 392 373 385 
4 394 354 371 387 
3 385 372 431 
3 443 375 366 
3 381 383 407 
3 379 378 389 
3 382 368 399 
3 442 389 375 
3 421 386 388 
3 478 393 350 
3 372 374 406 
3 396 381 409 
3 418 352 390 
3 429 354 382 
3 412 430 357 
3 408 400 392 
3 466 288 446 
3 454 403 353 
3 429 387 368 
3 402 377 396 
3 438 374 405 
3 414 400 408 
3 454 335 398 
3 405 329 435 
4 419 401 404 435 
3 391 438 431 
3 413 385 423 
3 420 402 396 
3 392 413 417 
3 443 429 359 
3 462 337 334 
5 422 395 357 362 349 
3 409 407 426 
3 496 415 402 
3 428 377 414 
3 446 286 531 
3 433 409 426 
3 523 432 393 
3 490 439 405 
3 472 408 433 
3 422 389 427 
4 451 412 379 421 
3 426 407 441 
3 425 365 435 
3 380 424 435 
4 436 417 413 423 
7 467 481 447 421 442 468 486 
3 462 364 415 
4 443 394 399 410 
3 483 478 395 
3 383 406 438 
3 488 355 418 
3 420 417 440 
5 448 437 435 363 452 
7 498 405 404 380 425 424 434 
3 445 440 426 
3 549 517 434 
4 441 431 406 401 
3 474 449 419 
3 457 433 436 
3 444 423 438 
3 476 427 388 
4 496 384 429 410 
3 453 441 450 
3 459 436 453 
4 477 397 416 534 
3 510 451 427 
3 552 544 434 
3 463 450 439 
4 455 444 449 463 
3 529 422 447 
5 769 574 566 434 346 
4 458 445 444 455 
3 462 403 398 
3 456 453 450 
3 460 455 469 
3 473 440 464 
3 465 453 460 
3 461 445 465 
3 484 458 456 
2 470 459 
4 496 411 454 428 
3 450 449 497 
3 473 457 470 
3 471 459 458 
6 206 291 397 477 625 784 
3 481 427 495 
3 486 427 476 
3 456 500 493 
4 464 461 471 475 
3 470 465 482 
3 480 420 473 
4 479 472 457 464 
3 507 439 502 
3 487 470 482 
3 468 442 515 
3 466 446 636 
3 523 390 430 
3 480 473 494 
3 499 472 479 
3 532 427 467 
3 475 471 484 
3 533 525 430 
3 482 460 485 
4 491 489 484 493 
3 427 468 495 
3 494 475 492 
3 524 306 432 
3 492 485 491 
3 501 419 498 
3 503 489 485 
3 505 487 489 
3 485 469 500 
3 521 479 487 
3 467 486 530 
5 515 443 462 414 499 
3 514 463 509 
3 490 435 513 
3 555 496 480 
3 493 469 514 
3 502 490 511 
3 504 474 501 
3 537 506 491 
3 507 502 508 
3 527 492 506 
3 527 505 503 
3 509 474 504 
3 504 511 516 
4 528 497 507 520 
3 526 447 535 
3 508 501 512 
3 511 513 519 
4 512 498 517 519 
3 518 500 497 
3 542 476 496 
3 522 508 557 
3 549 513 437 
3 580 548 514 
3 512 513 557 
3 509 522 538 
3 573 547 494 
3 520 516 558 
4 524 418 478 525 
4 531 488 523 539 
3 523 483 533 
3 529 510 535 
3 577 505 506 
3 580 509 546 
3 533 451 526 
3 532 495 542 
4 556 416 524 559 
3 540 481 530 
4 525 483 529 536 
2 446 556 
3 526 510 540 
3 550 533 561 
3 570 503 562 
3 520 541 551 
3 559 524 550 
4 535 532 545 543 
3 551 538 554 
3 530 515 545 
3 561 540 565 
3 578 448 552 
3 540 542 555 
3 592 528 553 
3 563 521 573 
3 569 562 518 
4 578 586 517 437 
3 539 536 600 
4 553 538 541 560 
4 578 544 448 567 
3 546 551 572 
3 560 541 558 
3 545 499 563 
3 534 531 584 
3 516 519 595 
4 554 522 615 568 
3 575 531 539 
3 551 554 564 
3 536 543 610 
3 570 537 548 
3 555 547 571 
3 576 560 582 
3 543 571 616 
3 567 452 574 
3 699 552 566 
3 579 558 615 
3 593 588 548 
3 583 537 562 
3 565 563 589 
3 598 553 576 
4 581 547 521 577 
3 724 566 452 
3 584 559 591 
3 572 564 667 
3 573 527 583 
4 701 549 544 552 
3 582 568 613 
3 590 518 528 
3 589 573 587 
3 564 579 667 
5 585 577 570 588 597 
3 556 575 632 
3 587 583 599 
3 701 604 549 
3 581 585 594 
3 583 569 593 
3 616 571 581 
3 593 580 592 
3 612 575 609 
3 590 546 598 
4 588 569 590 596 
4 601 603 587 602 
3 557 607 615 
3 597 593 605 
3 583 596 599 
3 605 592 572 
3 585 597 606 
4 550 611 617 609 
3 603 594 614 
3 619 594 606 
3 623 594 601 
3 615 607 586 
3 596 598 627 
4 602 599 627 608 
3 615 595 604 
3 606 629 651 
4 591 600 626 633 
3 611 561 617 
3 600 610 617 
3 632 591 671 
3 579 615 678 
3 620 601 624 
7 678 613 568 558 595 607 604 
3 618 565 589 
4 600 611 610 618 
3 617 616 628 
3 624 602 648 
3 621 614 646 
3 634 622 620 
3 630 623 621 
3 630 603 622 
3 614 619 641 
3 466 721 784 
3 642 609 635 
3 606 605 629 
3 618 630 639 
3 608 627 631 
4 628 623 622 634 
3 663 629 645 
3 637 584 612 
3 644 609 643 
3 630 621 662 
3 626 640 653 
3 721 477 638 
3 638 632 698 
3 733 636 637 
3 640 628 647 
3 652 635 639 
3 646 624 648 
3 643 626 653 
4 644 633 642 656 
3 650 633 643 
3 669 631 665 
3 620 641 654 
4 659 639 673 649 
3 641 619 651 
4 659 647 673 666 
3 677 671 644 
3 648 608 660 
3 657 640 687 
3 642 635 657 
3 655 646 661 
3 662 654 673 
3 643 658 668 
4 683 658 653 652 
3 670 656 657 
3 675 647 649 
4 664 661 651 663 
3 654 660 664 
3 634 655 673 
3 672 660 631 
3 674 661 660 
3 700 645 667 
3 675 649 673 
4 665 576 582 685 
3 676 656 670 
3 690 672 645 
3 684 668 658 
3 612 650 679 
3 690 663 669 
7 675 666 649 647 662 655 674 
3 673 664 693 
5 687 659 666 673 681 
3 677 668 688 
3 680 650 676 
3 613 615 689 
3 691 671 680 
3 679 677 705 
3 682 675 702 
3 694 681 708 
3 686 657 692 
3 688 670 686 
3 667 689 710 
3 688 684 683 
3 692 652 675 
4 676 684 686 696 
3 685 678 701 
4 693 672 669 695 
3 717 698 679 
3 683 687 694 
3 702 674 690 
3 697 692 682 
3 690 700 704 
3 707 688 697 
3 711 696 694 
3 733 637 691 
3 743 706 567 
3 695 665 713 
4 706 689 586 578 
3 681 693 703 
3 702 709 728 
3 709 695 712 
3 680 707 722 
3 710 701 699 
4 705 696 711 723 
3 714 682 737 
3 703 704 719 
4 718 713 685 706 
3 707 697 714 
3 704 715 716 
3 700 710 715 
4 711 708 737 727 
5 731 716 712 713 718 
3 720 712 715 
3 732 691 725 
3 715 710 755 
3 709 720 729 
3 719 716 731 
3 625 636 770 
4 734 725 705 726 
3 726 707 727 
3 743 574 769 
3 730 717 722 
4 746 722 723 749 
3 723 714 745 
4 703 729 739 741 
3 728 719 735 
3 733 732 725 
3 720 715 738 
3 733 717 730 
6 770 638 698 732 730 736 
3 736 722 752 
3 729 738 739 
3 770 733 734 
3 714 708 740 
3 735 731 748 
3 728 735 744 
3 737 742 745 
3 742 728 744 
3 745 740 741 
3 753 699 724 
3 741 739 747 
4 757 727 740 742 
3 754 726 749 
4 744 748 751 771 
4 751 747 738 761 
3 746 726 750 
3 749 757 760 
3 747 748 771 
3 758 734 754 
3 755 743 779 
3 752 746 756 
3 761 718 753 
3 759 754 760 
3 750 745 763 
3 778 752 759 
3 764 758 756 
3 756 750 762 
3 774 748 755 
3 768 760 763 
3 762 757 766 
3 765 759 768 
3 785 764 772 
3 767 763 780 
3 773 766 780 
3 764 762 773 
3 792 724 452 
5 784 721 733 736 778 
3 747 751 776 
3 765 775 777 
3 768 767 775 
3 780 776 761 
3 772 773 780 
3 780 771 774 
3 781 772 780 
3 785 770 758 
3 782 753 787 
7 777 775 767 766 776 774 783 
3 789 777 788 
3 783 779 786 
3 788 780 782 
4 466 625 770 789 
3 789 778 765 
3 790 782 787 
3 786 779 793 
3 791 781 783 
4 784 785 781 796 
3 791 786 794 
3 795 788 790 
4 799 793 769 333 
4 799 798 787 792 
3 790 798 797 
3 796 791 797 
3 789 795 799 
3 795 794 799 
3 794 793 799 
5 796 797 798 793 792 
