900
0 176 876
1 182 814
2 192 1006
3 202 5356
4 272 1026
5 308 1024
6 320 5006
7 330 5182
8 334 814
9 340 1880
10 356 756
11 358 982
12 362 1842
13 374 1636
14 382 1922
15 404 2066
16 426 4766
17 436 1460
18 444 4708
19 452 334
20 458 1710
21 468 1490
22 470 1070
23 472 1740
24 516 1938
25 518 4880
26 522 2028
27 600 338
28 626 5072
29 630 5168
30 670 314
31 694 1872
32 704 1646
33 728 1258
34 738 1440
35 752 494
36 764 5164
37 790 1296
38 828 862
39 940 5186
40 946 878
41 1080 5532
42 1126 138
43 1148 220
44 1160 498
45 1162 180
46 1218 448
47 1222 400
48 1232 884
49 1270 2186
50 1282 1798
51 1286 510
52 1290 2038
53 1326 1960
54 1328 1628
55 1336 1428
56 1348 2034
57 1388 52
58 1440 2216
59 1460 380
60 1472 452
61 1520 1736
62 1532 1796
63 1534 5938
64 1582 2220
65 1604 5980
66 1612 1696
67 1620 212
68 1620 5988
69 1636 1458
70 1642 1204
71 1648 1786
72 1654 200
73 1686 3796
74 1712 5124
75 1726 1216
76 1734 5976
77 1770 476
78 1774 798
79 1780 1410
80 1800 2202
81 1802 884
82 1816 1182
83 1818 1388
84 1844 436
85 1858 1260
86 1858 1426
87 1862 1920
88 1884 1394
89 1924 896
90 1960 1330
91 1968 6064
92 1978 464
93 1982 608
94 1982 3530
95 1984 4666
96 1992 890
97 2022 1394
98 2042 5968
99 2062 5028
100 2070 2114
101 2076 6044
102 2090 5340
103 2120 4484
104 2124 1938
105 2126 5144
106 2132 5366
107 2152 210
108 2166 5182
109 2172 5880
110 2174 3650
111 2220 5186
112 2238 5234
113 2238 5240
114 2250 5016
115 2252 6204
116 2264 5118
117 2272 5298
118 2282 4568
119 2286 2058
120 2306 5280
121 2312 1562
122 2334 5324
123 2338 4830
124 2338 5286
125 2340 4590
126 2346 5210
127 2352 5110
128 2374 4914
129 2392 4628
130 2424 1456
131 2430 5074
132 2432 4902
133 2442 3268
134 2448 5708
135 2490 4982
136 2498 5160
137 2516 2022
138 2526 4094
139 2526 5140
140 2528 5272
141 2540 3636
142 2544 5322
143 2546 3634
144 2554 5186
145 2564 5708
146 2570 5702
147 2630 4444
148 2632 5242
149 2636 584
150 2638 3628
151 2650 4772
152 2656 4450
153 2656 4674
154 2660 588
155 2672 1260
156 2676 3056
157 2682 4438
158 2694 4478
159 2696 5578
160 2716 5324
161 2718 5286
162 2754 710
163 2764 3622
164 2770 1672
165 2770 4728
166 2774 4928
167 2784 2636
168 2812 4770
169 2816 1004
170 2816 4576
171 2818 4674
172 2824 982
173 2836 1076
174 2840 4920
175 2860 1150
176 2862 5344
177 2866 4648
178 2870 982
179 2870 2184
180 2890 5320
181 2908 4778
182 2910 2664
183 2918 1076
184 2920 1082
185 2938 3296
186 2938 3870
187 2948 894
188 2952 2294
189 2964 4566
190 2986 3822
191 2996 4570
192 3014 4946
193 3016 818
194 3030 2644
195 3032 802
196 3032 4828
197 3038 3716
198 3040 5004
199 3046 4756
200 3052 3368
201 3052 5002
202 3054 4608
203 3072 3936
204 3094 5146
205 3096 5152
206 3112 5150
207 3188 2472
208 3188 4546
209 3198 3398
210 3198 4082
211 3226 6372
212 3236 4010
213 3302 4850
214 3314 4006
215 3334 4734
216 3354 1582
217 3372 2246
218 3374 888
219 3384 2254
220 3420 58
221 3432 1906
222 3444 2258
223 3462 7062
224 3512 1634
225 3520 3978
226 3526 3484
227 3528 3890
228 3534 3836
229 3552 3578
230 3556 3574
231 3558 1654
232 3558 3888
233 3582 3576
234 3588 3768
235 3606 1680
236 3610 3812
237 3666 3880
238 3696 3808
239 3698 3976
240 3704 2254
241 3708 2210
242 3712 4392
243 3714 4370
244 3722 2178
245 3726 1058
246 3726 1758
247 3728 2184
248 3742 3838
249 3754 1992
250 3760 4154
251 3760 4456
252 3784 4356
253 3786 3762
254 3790 3896
255 3792 4536
256 3806 4492
257 3828 4826
258 3830 3598
259 3832 220
260 3856 2152
261 3858 4446
262 3862 4294
263 3886 4400
264 3896 208
265 3898 4382
266 3902 3706
267 3922 2240
268 3934 206
269 3948 204
270 3964 2700
271 3978 2892
272 3994 4410
273 4014 186
274 4030 200
275 4030 2230
276 4030 3044
277 4064 192
278 4066 4320
279 4088 4070
280 4138 2310
281 4146 4486
282 4164 4352
283 4174 3690
284 4192 4224
285 4194 4466
286 4204 4738
287 4214 4488
288 4220 3182
289 4226 2834
290 4226 2882
291 4252 46
292 4254 4370
293 4284 4570
294 4300 4536
295 4320 4512
296 4320 4522
297 4328 3246
298 4358 3560
299 4370 234
300 4376 4528
301 4384 4342
302 4388 4622
303 4390 172
304 4392 2304
305 4392 4626
306 4398 2958
307 4398 4798
308 4400 4686
309 4406 4910
310 4418 2824
311 4422 4860
312 4440 2386
313 4462 4196
314 4470 3924
315 4474 2512
316 4484 2984
317 4488 2870
318 4492 4700
319 4506 2382
320 4510 4936
321 4534 4520
322 4540 3136
323 4546 4604
324 4552 2262
325 4558 2204
326 4572 6974
327 4588 4888
328 4592 4610
329 4598 2182
330 4608 2242
331 4618 2200
332 4634 4556
333 4636 2894
334 4648 3164
335 4672 2170
336 4682 4910
337 4684 4784
338 4688 2672
339 4702 4402
340 4702 6820
341 4704 6824
342 4704 6868
343 4706 4042
344 4708 4424
345 4714 2748
346 4744 4766
347 4756 2478
348 4756 4922
349 4768 4742
350 4774 240
351 4796 2842
352 4804 4546
353 4806 4526
354 4824 2212
355 4826 2566
356 4826 2574
357 4830 4658
358 4836 4600
359 4846 2170
360 4846 4800
361 4904 4010
362 4932 4094
363 4938 22
364 4938 3682
365 4954 4402
366 4954 4616
367 4958 86
368 4968 3218
369 4970 3014
370 4980 4126
371 4994 4666
372 5012 3964
373 5030 2236
374 5036 3562
375 5052 4572
376 5060 3436
377 5060 4512
378 5084 6632
379 5088 3340
380 5098 264
381 5110 3144
382 5112 264
383 5126 3958
384 5140 3608
385 5158 3404
386 5158 4542
387 5164 4670
388 5174 3468
389 5202 4434
390 5210 4868
391 5214 2540
392 5222 3354
393 5232 3830
394 5248 3952
395 5270 2464
396 5270 3818
397 5272 2500
398 5276 2354
399 5290 2528
400 5302 4800
401 5308 254
402 5342 6634
403 5346 3392
404 5348 2694
405 5360 4568
406 5360 4694
407 5376 4418
408 5378 2786
409 5388 4880
410 5394 3344
411 5398 3930
412 5402 2384
413 5408 3644
414 5422 4066
415 5430 146
416 5438 2382
417 5474 4862
418 5476 5004
419 5480 3910
420 5486 4420
421 5494 4858
422 5506 2618
423 5506 4246
424 5530 2844
425 5554 4228
426 5558 4796
427 5568 3352
428 5568 4222
429 5568 4230
430 5568 5254
431 5572 7064
432 5576 1056
433 5582 2930
434 5584 4888
435 5588 5858
436 5592 1402
437 5614 4254
438 5616 3606
439 5616 4204
440 5624 5118
441 5626 5122
442 5642 6740
443 5644 3528
444 5646 3982
445 5648 3928
446 5652 2514
447 5654 2834
448 5662 2960
449 5672 1250
450 5718 3968
451 5728 2698
452 5734 2928
453 5742 2964
454 5746 6044
455 5752 3462
456 5758 2922
457 5762 976
458 5764 1572
459 5764 2744
460 5764 4704
461 5778 2974
462 5778 6866
463 5780 4796
464 5792 2832
465 5840 2510
466 5846 2808
467 5852 3836
468 5874 194
469 5892 3562
470 5896 2792
471 5896 3466
472 5896 4924
473 5898 7092
474 5900 5304
475 5906 1370
476 5908 3430
477 5910 262
478 5916 4922
479 5920 3464
480 5922 3686
481 5940 3628
482 5948 2420
483 5954 2752
484 5956 4276
485 5964 2830
486 5974 5274
487 5974 5280
488 5974 6382
489 5978 5342
490 6002 6076
491 6006 2790
492 6012 2826
493 6020 2824
494 6024 2880
495 6034 3820
496 6036 2946
497 6042 3810
498 6052 2804
499 6070 7148
500 6080 6952
501 6082 2604
502 6084 7040
503 6092 4486
504 6136 6950
505 6142 2326
506 6166 2486
507 6188 3550
508 6196 2832
509 6216 7182
510 6228 3654
511 6240 2182
512 6242 7052
513 6252 2710
514 6266 2394
515 6276 6966
516 6290 2590
517 6294 4230
518 6296 2006
519 6302 7120
520 6336 2032
521 6362 2176
522 6364 3124
523 6374 2320
524 6378 3152
525 6382 2720
526 6396 2580
527 6404 6932
528 6422 2666
529 6428 3658
530 6468 2630
531 6494 6972
532 6506 2500
533 6538 2832
534 6546 2538
535 6552 6508
536 6592 2664
537 6598 2882
538 6600 5842
539 6602 6556
540 6612 6482
541 6616 1794
542 6630 3520
543 6634 6406
544 6638 5776
545 6644 1722
546 6648 2094
547 6652 2538
548 6670 4702
549 6686 2432
550 6718 4606
551 6722 4918
552 6724 4450
553 6738 3894
554 6740 1792
555 6742 2436
556 6744 5900
557 6760 2946
558 6770 2962
559 6778 2356
560 6782 3768
561 6796 2316
562 6812 2914
563 6828 2078
564 6848 1712
565 6856 4422
566 6870 6212
567 6872 6026
568 6876 2326
569 6882 1746
570 6886 3040
571 6900 3046
572 6916 1888
573 6920 3826
574 6932 3002
575 6940 1716
576 6972 5256
577 6972 5910
578 6976 2312
579 6982 2964
580 6988 2950
581 7018 2992
582 7044 5890
583 7054 3662
584 7070 5436
585 7072 4974
586 7074 4538
587 7074 4546
588 7076 5028
589 7076 6130
590 7080 3590
591 7090 4380
592 7094 2986
593 7096 4526
594 7098 2112
595 7098 2902
596 7126 4372
597 7134 2032
598 7142 2866
599 7172 1630
600 7176 4918
601 7180 1930
602 7218 4266
603 7220 2744
604 7230 1442
605 7230 1452
606 7242 596
607 7244 6450
608 7254 1442
609 7254 5222
610 7258 414
611 7266 5370
612 7276 328
613 7280 1606
614 7284 3678
615 7296 1572
616 7320 272
617 7328 3192
618 7332 1452
619 7334 3892
620 7336 1850
621 7344 3824
622 7358 490
623 7364 2766
624 7366 7002
625 7378 1412
626 7390 4972
627 7394 4618
628 7400 4198
629 7424 268
630 7426 3358
631 7474 464
632 7478 246
633 7488 3162
634 7500 1528
635 7506 4466
636 7510 1450
637 7516 1544
638 7518 1382
639 7526 442
640 7530 518
641 7534 4806
642 7546 3778
643 7562 308
644 7578 2656
645 7588 1606
646 7636 2464
647 7650 3328
648 7664 1270
649 7670 672
650 7670 4478
651 7682 4452
652 7708 1198
653 7716 3312
654 7746 4436
655 7748 4072
656 7760 6498
657 7776 4574
658 7780 5402
659 7782 3038
660 7786 2788
661 7794 812
662 7810 5052
663 7816 816
664 7828 2956
665 7842 738
666 7842 2908
667 7848 4608
668 7870 1292
669 7882 3546
670 7894 4454
671 7918 3074
672 7918 4488
673 7932 704
674 7936 802
675 8064 1498
676 8074 4158
677 8094 4186
678 8112 4908
679 8116 4932
680 8120 4104
681 8122 3622
682 8170 5176
683 8178 4086
684 8198 5020
685 8210 3240
686 8248 7060
687 8256 3070
688 8260 1410
689 8268 1374
690 8278 3494
691 8306 7052
692 8336 4290
693 8352 2174
694 8356 3282
695 8356 5136
696 8362 3708
697 8368 4922
698 8440 6992
699 8444 5312
700 8450 2366
701 8454 4864
702 8460 4228
703 8464 4870
704 8466 3328
705 8478 3654
706 8478 4396
707 8484 3444
708 8492 6982
709 8500 4134
710 8506 1184
711 8518 5198
712 8522 5516
713 8526 4418
714 8526 5496
715 8550 6996
716 8552 4806
717 8554 5106
718 8556 4154
719 8568 5156
720 8598 2564
721 8618 4206
722 8684 3534
723 8688 5312
724 8698 2900
725 8708 4412
726 8710 4298
727 8712 2858
728 8712 3384
729 8746 1916
730 8752 3472
731 8752 3480
732 8762 4162
733 8774 3430
734 8806 5364
735 8836 2652
736 8842 2650
737 8876 3302
738 8886 1716
739 8892 1622
740 8892 5156
741 8896 1122
742 8898 4262
743 8910 1592
744 8956 4526
745 8960 1428
746 8976 4210
747 9020 3390
748 9034 4202
749 9084 1000
750 9084 2954
751 9084 5666
752 9096 4868
753 9108 3934
754 9142 5586
755 9144 5686
756 9158 2694
757 9182 5622
758 9254 1764
759 9266 4546
760 9318 4932
761 9344 4428
762 9346 4666
763 9352 4614
764 9356 2360
765 9372 1968
766 9372 4394
767 9404 1910
768 9406 2468
769 9422 4978
770 9436 2578
771 9438 1936
772 9464 6414
773 9474 1792
774 9526 672
775 9532 1334
776 9532 5592
777 9534 1060
778 9556 1300
779 9588 1010
780 9604 1018
781 9604 4362
782 9616 2062
783 9622 2376
784 9684 1452
785 9688 1146
786 9730 1382
787 9748 1098
788 9820 2570
789 9856 1412
790 9862 988
791 9894 4776
792 9932 2598
793 9942 2054
794 9944 392
795 9946 2038
796 9974 4408
797 9976 2688
798 9976 5128
799 9988 1538
800 9990 1538
801 9990 2036
802 10030 1220
803 10090 568
804 10122 690
805 10122 1426
806 10134 3170
807 10142 4826
808 10160 3162
809 10166 604
810 10212 5512
811 10238 4160
812 10374 3160
813 10490 5686
814 10516 4980
815 10516 7008
816 10584 2394
817 10598 2484
818 10598 5602
819 10630 2282
820 10648 2692
821 10670 1820
822 10694 2886
823 10730 1454
824 10732 3122
825 10796 1944
826 10820 2690
827 10834 2556
828 10848 2232
829 10858 4842
830 10868 2690
831 10906 4390
832 10950 5194
833 11036 1496
834 11090 4032
835 11114 894
836 11126 608
837 11170 404
838 11176 304
839 11182 518
840 11222 3352
841 11226 532
842 11254 5344
843 11264 5356
844 11310 3344
845 11312 638
846 11368 2166
847 11402 310
848 11402 1092
849 11442 986
850 11476 2638
851 11488 298
852 11540 722
853 11578 2446
854 11580 1582
855 11604 256
856 11624 7074
857 11628 212
858 11702 3532
859 11760 1202
860 11764 5142
861 11786 1386
862 11824 1422
863 11828 1088
864 11848 4732
865 11876 1278
866 11958 1040
867 11962 6818
868 11980 6548
869 11996 1476
870 12004 7154
871 12020 5730
872 12028 7122
873 12056 7088
874 12060 7186
875 12070 3140
876 12078 7146
877 12134 5368
878 12152 7136
879 12158 7190
880 12168 774
881 12214 3132
882 12222 3146
883 12226 7098
884 12282 326
885 12312 7034
886 12406 6590
887 12408 4420
888 12418 622
889 12536 178
890 12572 1548
891 12616 5202
892 12618 7052
893 12642 150
894 12674 5016
895 12676 7172
896 12746 542
897 12762 1488
898 12780 1546
899 12792 1238
2 3 1 
6 8 2 0 19 27 10 
3 4 6 1 
6 63 65 223 0 6 7 
3 9 2 5 
3 13 4 11 
4 7 3 2 16 
3 3 6 29 
5 38 11 1 10 35 
3 16 4 12 
3 8 1 35 
3 22 5 8 
3 14 9 13 
3 12 5 17 
3 15 12 20 
4 49 18 14 26 
4 25 6 9 18 
3 21 13 22 
3 16 15 58 
4 27 1 57 42 
4 23 14 21 32 
3 32 20 17 
3 33 17 11 
3 31 24 20 
3 26 23 31 
3 28 16 64 
3 52 15 24 
3 1 19 30 
3 29 25 73 
4 41 7 28 36 
3 27 42 45 
4 53 24 23 50 
4 20 21 34 54 
3 37 34 22 
3 32 33 37 
3 8 10 43 
3 39 29 95 
3 34 33 40 
3 40 8 44 
3 41 36 74 
3 48 37 38 
3 63 29 39 
3 30 19 57 
3 47 35 45 
3 38 47 46 
3 43 30 57 
3 48 44 47 
4 51 46 44 43 
3 55 40 46 
3 58 15 52 
3 31 61 62 
3 69 47 60 
3 49 26 56 
3 56 31 62 
3 61 32 55 
3 66 54 48 
3 80 52 53 
9 220 72 67 77 59 45 42 19 363 
3 64 18 49 
3 78 60 57 
3 70 51 59 
3 71 50 54 
3 53 50 71 
3 65 3 41 
3 25 58 80 
4 68 3 63 102 
3 71 55 69 
3 84 57 72 
3 223 65 76 
4 66 51 70 79 
3 75 69 60 
4 87 62 61 66 
3 107 67 57 
3 28 80 94 
3 105 39 99 
3 83 70 82 
3 91 68 106 
3 93 78 57 
3 81 59 77 
3 87 69 83 
4 73 64 56 100 
3 89 82 78 
3 85 75 81 
3 86 79 75 
3 92 93 67 
3 90 88 82 
3 104 83 88 
3 100 71 79 
3 97 86 85 
3 130 81 96 
3 121 97 85 
4 115 76 98 101 
3 149 93 84 
4 96 77 84 92 
3 110 73 100 
3 99 36 103 
3 169 89 93 
3 121 88 90 
3 91 117 109 
3 105 74 95 
4 94 80 87 104 
4 211 91 134 145 
3 106 65 108 
3 118 95 110 
3 119 100 86 
3 108 74 99 
3 76 102 113 
4 259 195 154 72 
6 111 102 105 118 114 116 
3 98 122 134 
4 138 103 94 133 
3 112 108 127 
3 113 111 126 
3 117 106 112 
4 108 123 128 132 
3 326 223 91 
3 108 165 135 
3 98 113 120 
3 125 108 103 
3 133 104 121 
4 124 117 126 136 
4 119 97 90 130 
3 109 124 142 
3 128 114 129 
3 122 120 140 
3 129 118 147 
3 120 112 131 
3 111 135 131 
3 114 123 132 
3 153 123 125 
4 137 121 89 155 
3 126 127 168 
3 114 128 151 
3 141 110 119 
3 101 109 176 
3 127 116 168 
3 144 120 139 
4 156 130 155 164 
3 147 110 141 
3 144 136 166 
3 142 124 148 
3 138 133 143 
3 160 122 140 
3 141 156 150 
3 148 136 139 
3 211 101 146 
3 145 205 159 
3 152 125 138 
3 161 140 144 
3 154 162 92 
3 143 185 163 
3 132 153 171 
3 153 147 157 
4 151 129 152 158 
3 193 149 107 
3 137 130 173 
3 143 137 167 
3 158 152 186 
3 170 153 157 
3 146 206 309 
3 176 142 161 
3 176 160 148 
3 187 172 149 
3 186 150 200 
3 179 137 175 
3 116 177 202 
3 139 181 174 
4 182 156 179 188 
4 181 131 135 202 
3 173 96 172 
3 171 158 189 
3 151 170 177 
3 178 169 162 
3 175 155 169 
3 192 166 196 
4 216 164 173 184 
4 134 160 161 180 
3 165 171 191 
3 183 172 187 
3 188 167 164 
3 176 198 204 
3 166 168 199 
3 185 167 194 
3 184 178 218 
3 175 183 245 
3 200 150 182 
4 203 157 163 190 
3 178 162 193 
3 167 179 217 
3 191 170 210 
3 214 186 197 
3 177 189 208 
3 198 174 213 
3 187 154 195 
3 209 182 207 
3 193 107 259 
3 174 199 215 
3 227 190 200 
3 180 192 201 
3 196 181 251 
4 209 197 163 185 
3 204 198 257 
3 168 165 208 
3 212 210 186 
3 205 180 201 
3 146 204 206 
3 159 205 257 
3 226 194 219 
3 202 191 242 
3 229 200 194 
3 189 203 212 
3 340 101 145 
3 210 203 214 
3 192 215 294 
4 243 212 190 225 
3 213 196 255 
4 224 249 221 175 
4 219 188 221 241 
4 183 268 299 380 
3 222 207 217 
3 264 57 291 
3 244 217 216 
3 271 219 240 
5 509 3 68 115 326 
3 231 216 245 
3 250 214 227 
3 233 230 207 
4 225 197 228 232 
4 227 229 234 236 
3 228 209 230 
3 233 229 226 
3 235 224 432 
3 239 227 237 
4 234 230 226 276 
3 228 233 258 
3 246 231 436 
4 228 266 253 238 
3 239 232 238 
4 248 237 236 253 
3 250 232 237 
3 270 222 241 
3 240 217 247 
3 251 208 243 
3 242 214 252 
4 275 247 221 260 
3 224 184 457 
3 329 249 235 
3 267 241 244 
3 314 254 238 
3 260 216 246 
3 262 225 239 
4 256 199 242 261 
4 265 263 243 262 
3 238 236 266 
3 279 262 248 
3 215 256 281 
3 255 251 281 
3 206 201 286 
3 266 234 288 
3 195 107 264 
3 325 244 249 
3 281 251 263 
4 278 252 250 254 
3 272 261 252 
3 259 220 268 
3 272 252 282 
4 253 236 258 283 
3 312 280 247 
3 218 264 269 
3 268 273 274 
3 289 271 240 
3 276 222 270 
3 285 263 265 
3 277 269 291 
3 299 269 277 
3 324 304 244 
3 233 271 290 
3 274 273 303 
3 282 262 284 
3 313 284 254 
3 312 315 267 
4 287 255 256 261 
3 292 265 278 
3 314 266 298 
3 278 279 313 
3 287 272 292 
3 307 257 293 
3 295 281 285 
4 297 258 306 322 
4 317 290 270 310 
3 306 276 289 
3 273 220 363 
3 285 282 301 
3 302 286 294 
3 293 213 296 
3 296 287 301 
3 300 294 295 
3 298 288 334 
3 364 283 297 
3 350 218 274 
3 323 296 321 
3 295 292 313 
3 305 293 323 
4 350 277 367 415 
3 395 319 275 
3 318 308 302 
3 316 288 290 
3 311 286 308 
3 318 307 305 
3 320 159 311 
3 317 289 345 
3 327 309 307 
4 315 280 267 319 
5 339 301 284 279 343 
3 343 248 283 
3 338 280 312 
3 322 306 333 
3 333 289 310 
3 337 308 305 
3 347 312 304 
3 340 309 336 
3 332 300 344 
3 334 288 316 
3 328 302 300 
3 412 275 330 
3 330 260 331 
4 431 223 115 342 
3 336 311 337 
3 349 323 332 
3 331 246 335 
3 398 324 325 
3 354 325 329 
3 328 321 352 
3 316 317 351 
3 368 297 322 
3 359 329 458 
3 348 320 327 
3 327 318 346 
3 345 315 356 
3 344 313 362 
3 341 211 320 
3 342 340 378 
3 326 341 462 
3 313 314 361 
3 353 321 339 
3 351 310 338 
3 348 337 349 
3 397 355 319 
3 378 336 346 
4 360 346 328 357 
3 380 299 303 
3 369 333 345 
3 358 332 353 
3 352 344 365 
4 373 331 359 541 
3 356 347 391 
3 404 338 355 
4 349 358 377 366 
3 357 352 377 
3 354 335 545 
3 435 349 371 
3 362 343 372 
3 370 339 361 
4 893 367 291 57 
3 372 298 374 
3 389 353 370 
3 371 357 375 
4 857 415 303 363 
3 376 334 369 
3 381 368 351 
3 423 365 362 
3 390 360 366 
3 361 364 383 
3 398 354 518 
3 384 364 376 
5 387 400 366 389 386 
3 374 368 379 
3 357 358 389 
3 402 341 348 
3 385 376 381 
3 382 218 350 
3 379 369 408 
3 610 380 401 
4 372 384 393 394 
4 383 374 388 403 
3 388 379 392 
3 405 375 407 
3 406 400 375 
3 384 385 392 
4 375 377 365 423 
3 418 430 371 
3 422 355 399 
3 388 385 433 
3 383 410 396 
3 414 383 396 
4 446 397 304 412 
4 411 394 393 413 
3 399 347 395 
3 416 330 373 
3 391 397 446 
3 409 375 387 
3 477 382 468 
3 442 378 435 
3 384 448 410 
3 459 408 356 
4 406 386 407 420 
3 426 387 405 
3 405 386 429 
3 424 381 404 
3 418 400 417 
3 393 403 456 
3 414 396 419 
3 395 324 416 
3 419 396 427 
3 425 394 411 
3 468 303 367 
3 482 412 398 
3 409 426 421 
3 440 390 409 
3 428 411 413 
3 460 405 437 
3 434 417 426 
3 451 391 446 
3 389 370 425 
3 433 408 447 
3 429 423 414 
4 463 421 417 406 
3 438 413 453 
3 429 419 439 
4 437 407 425 428 
3 454 390 441 
3 473 499 326 
3 449 231 457 
3 448 392 424 
3 472 440 421 
3 454 402 360 
4 458 235 449 475 
3 503 420 429 
3 445 427 443 
3 484 428 444 
3 441 418 434 
3 474 430 440 
3 462 402 454 
3 438 461 455 
3 439 445 450 
3 444 438 469 
4 422 399 395 465 
3 424 466 464 
3 403 433 452 
3 475 436 432 
3 517 444 467 
3 459 422 465 
3 448 464 456 
3 461 427 456 
4 488 442 435 430 
3 471 443 485 
4 453 410 452 470 
3 432 245 606 
3 335 436 604 
3 466 404 451 
3 551 463 420 
3 443 453 485 
3 500 342 442 
3 478 426 460 
3 452 447 466 
3 451 446 482 
4 464 447 459 470 
3 450 480 495 
3 632 401 415 
3 480 445 471 
3 456 466 483 
3 469 455 476 
3 487 434 478 
3 499 431 502 
3 489 490 441 
3 604 436 449 
3 479 471 496 
3 616 612 401 
4 576 486 472 463 
3 507 481 476 
4 495 467 469 481 
3 497 480 479 
3 465 416 505 
3 491 470 501 
3 552 439 517 
4 455 461 491 492 
3 544 487 478 
3 489 472 486 
3 504 454 490 
3 538 474 487 
3 535 488 474 
3 498 485 483 
3 494 485 493 
3 508 492 498 
3 522 496 492 
4 553 467 480 497 
3 524 476 494 
3 495 481 510 
3 493 491 513 
3 509 431 473 
3 502 462 504 
3 483 506 516 
3 512 473 500 
3 548 551 437 
3 515 500 488 
3 506 482 511 
3 501 505 514 
3 510 479 542 
4 533 537 558 493 
4 879 223 499 519 
3 529 497 507 
3 514 505 520 
3 519 502 515 
3 525 498 516 
3 506 511 523 
4 531 512 504 527 
3 513 501 526 
3 565 484 450 
3 520 373 554 
3 509 512 686 
4 546 521 511 518 
3 532 523 520 
4 524 494 570 571 
3 526 514 521 
3 542 496 522 
3 533 513 528 
3 528 516 523 
4 531 515 535 539 
4 525 526 532 530 
3 583 560 510 
3 536 528 534 
3 624 515 527 
3 534 528 521 
4 537 508 525 536 
3 547 530 532 
3 527 490 540 
3 533 530 547 
3 557 508 533 
3 556 543 489 
3 527 540 607 
3 539 535 543 
3 354 545 554 
3 590 507 524 
3 540 538 566 
3 577 556 486 
4 541 359 605 564 
3 549 520 563 
4 562 536 534 549 
3 585 503 550 
3 555 547 546 
3 548 552 587 
3 588 460 503 
3 550 484 565 
3 565 495 560 
3 518 541 569 
3 579 549 559 
3 567 538 544 
3 558 537 562 
3 574 508 557 
2 555 561 
4 573 553 529 583 
3 568 559 563 
3 579 557 547 
3 561 546 572 
3 575 545 618 
4 586 552 517 553 
3 543 567 589 
3 566 556 577 
3 580 561 578 
3 572 554 575 
3 571 522 574 
3 617 522 570 
3 597 563 569 
3 591 560 583 
3 570 558 581 
3 569 564 599 
3 584 478 609 
3 567 544 582 
3 603 568 594 
4 581 562 555 580 
3 579 568 595 
4 574 579 595 592 
3 589 577 584 
5 602 573 560 529 590 
3 582 576 611 
3 588 548 600 
3 587 565 591 
4 600 550 586 593 
3 609 551 585 
3 607 566 582 
4 614 583 542 617 
3 586 573 596 
3 659 581 598 
3 627 587 596 
3 644 578 597 
3 581 580 598 
3 593 591 602 
3 594 572 601 
3 592 595 603 
3 575 615 613 
3 626 585 587 
3 597 613 620 
3 596 583 628 
3 623 598 578 
4 605 458 475 606 
3 545 604 608 
3 604 457 622 
3 656 539 589 
3 605 661 625 
4 611 576 588 626 
3 622 382 612 
3 658 584 609 
3 610 477 616 
3 601 599 637 
3 619 590 617 
3 599 618 634 
3 612 477 629 
6 630 621 614 590 571 633 
3 615 564 625 
4 628 614 621 642 
3 646 601 645 
3 619 617 630 
3 606 610 631 
3 664 603 644 
3 686 531 656 
4 618 608 648 638 
3 609 600 641 
3 641 593 635 
3 635 602 619 
4 794 643 616 632 
3 621 617 647 
3 640 622 639 
3 838 629 468 
3 653 617 671 
3 637 615 636 
3 650 627 628 
3 637 634 638 
4 645 613 634 636 
3 636 625 648 
3 673 631 643 
3 665 649 631 
3 626 627 657 
3 655 619 669 
3 774 639 629 
3 660 623 594 
4 693 620 637 648 
3 660 620 700 
3 669 630 653 
4 645 638 625 652 
3 663 661 640 
3 657 635 651 
3 650 655 654 
3 668 648 663 
3 647 633 685 
3 670 651 676 
3 651 642 681 
3 624 607 772 
3 667 641 650 
3 712 611 662 
3 671 592 664 
3 666 644 646 
3 663 608 649 
3 682 658 667 
4 652 661 649 665 
4 659 623 666 727 
3 674 663 640 
3 664 660 720 
3 662 657 672 
3 688 675 652 
3 681 642 647 
3 672 654 677 
3 633 659 687 
5 697 678 679 667 670 
4 749 710 674 639 
3 689 665 673 
3 729 693 668 
3 677 654 680 
3 692 670 676 
3 684 679 672 
3 682 672 678 
3 676 696 683 
3 655 669 690 
5 699 662 679 684 695 
3 709 680 705 
3 695 682 678 
3 694 653 687 
4 879 519 624 691 
3 685 671 724 
3 739 668 689 
3 688 674 710 
3 696 681 694 
4 874 686 698 715 
3 706 677 702 
3 700 645 675 
4 728 704 690 685 
3 711 682 684 
3 680 690 705 
3 719 672 701 
3 691 772 708 
3 714 682 711 
3 720 646 693 
3 703 697 706 
3 726 692 709 
3 717 701 716 
4 733 730 707 694 
4 709 683 696 707 
3 713 701 692 
3 722 705 704 
3 715 698 772 
4 718 702 683 705 
3 689 673 741 
3 699 695 719 
3 751 658 714 
3 716 706 725 
3 712 699 723 
3 815 691 708 
3 752 703 713 
3 740 719 703 
3 721 709 722 
4 723 711 697 717 
3 735 666 700 
3 726 718 732 
3 718 707 731 
3 734 714 719 
3 728 687 727 
3 744 713 726 
4 725 702 721 742 
3 724 664 735 
3 733 694 724 
3 736 675 738 
3 731 704 733 
3 732 722 730 
3 746 721 731 
4 730 704 728 737 
3 754 723 740 
3 727 720 736 
3 756 735 729 
4 747 753 733 750 
3 764 729 739 
3 738 688 743 
3 734 717 769 
3 745 710 749 
3 759 726 746 
3 758 739 745 
3 762 752 725 
3 743 741 775 
3 742 732 748 
3 781 737 750 
3 761 746 753 
3 777 741 673 
3 747 737 756 
3 755 712 757 
3 760 716 744 
3 766 748 737 
3 776 757 734 
3 772 751 776 
3 750 736 770 
3 751 754 776 
4 773 767 765 743 
3 763 742 761 
3 769 752 762 
3 759 748 766 
3 760 744 763 
3 791 762 759 
3 768 738 765 
4 764 758 767 771 
3 761 753 781 
3 771 765 758 
3 770 764 783 
3 798 740 760 
3 806 756 768 
4 782 765 767 773 
5 815 708 698 656 755 
3 771 758 784 
3 779 643 803 
3 784 745 778 
4 755 757 754 810 
3 778 749 779 
3 775 777 785 
3 780 777 774 
3 785 779 809 
3 796 766 747 
3 783 771 793 
3 788 768 782 
3 773 775 786 
3 778 780 787 
3 789 784 787 
3 786 785 790 
4 792 806 783 793 
3 805 799 786 
3 802 787 804 
3 807 798 763 
3 797 788 795 
3 788 782 795 
3 837 803 629 
3 792 793 799 
3 807 781 811 
3 808 792 801 
3 810 769 791 
3 800 795 789 
3 801 799 805 
3 817 797 800 
3 821 805 790 
3 809 774 794 
3 823 790 809 
4 816 800 789 802 
4 811 770 788 808 
3 814 791 796 
3 806 797 812 
4 836 804 780 803 
3 813 776 798 
3 814 796 806 
3 829 808 820 
3 856 810 818 
4 832 818 807 811 
3 856 715 772 
3 817 805 819 
3 820 801 816 
3 872 813 814 
3 816 821 825 
4 822 812 817 826 
3 819 802 823 
3 824 820 830 
4 821 804 836 835 
3 840 831 822 
4 828 819 845 833 
3 830 820 827 
3 826 828 848 
3 827 825 833 
4 832 812 831 834 
3 822 826 846 
3 829 824 840 
3 842 814 829 
3 828 825 851 
3 829 840 844 
3 823 841 845 
3 823 809 839 
3 839 794 847 
3 847 632 851 
3 841 836 837 
4 834 831 824 850 
3 835 839 851 
3 843 832 860 
5 871 886 868 867 842 
3 858 834 853 
3 825 835 851 
3 850 830 854 
3 837 838 851 
3 854 827 849 
3 859 848 852 
3 840 846 853 
6 833 845 841 847 838 855 
3 863 849 855 
4 844 850 862 869 
3 846 848 861 
3 852 851 857 
3 870 815 813 
4 884 855 367 889 
3 864 844 875 
3 861 849 863 
3 877 842 864 
3 862 854 859 
3 853 861 865 
3 859 852 866 
3 860 858 887 
3 869 862 866 
3 865 863 880 
3 873 843 868 
3 885 867 843 
3 890 853 865 
3 874 856 872 
3 886 843 877 
3 870 818 873 
3 876 872 867 
5 879 691 870 876 878 
3 858 890 881 
3 874 873 878 
3 871 860 891 
3 874 876 883 
5 509 686 874 883 895 
3 866 884 888 
3 882 875 898 
3 887 881 898 
3 879 878 885 
3 880 857 889 
3 892 883 868 
3 892 843 871 
3 891 864 882 
3 897 880 893 
3 884 857 893 
3 875 869 897 
4 892 877 887 894 
5 895 885 886 891 894 
4 896 888 889 363 
3 892 891 898 
3 879 892 899 
2 899 893 
4 898 890 888 899 
5 894 882 881 897 899 
4 895 898 897 896 
