1000
0 80 4878
1 160 844
2 176 800
3 190 830
4 228 816
5 250 926
6 252 5132
7 290 4930
8 322 2034
9 344 2178
10 362 1000
11 364 1254
12 366 1228
13 410 1830
14 430 5016
15 450 1118
16 466 1254
17 466 1298
18 466 1562
19 496 1534
20 496 1634
21 498 1070
22 516 2170
23 524 2232
24 532 2174
25 536 1034
26 540 342
27 608 308
28 650 5636
29 672 1542
30 702 5540
31 716 2108
32 766 1782
33 802 1372
34 806 5100
35 812 5116
36 902 5468
37 938 1302
38 966 5020
39 1040 5210
40 1066 414
41 1112 148
42 1128 454
43 1154 172
44 1160 450
45 1192 208
46 1226 422
47 1242 2206
48 1248 664
49 1304 2192
50 1334 812
51 1340 2166
52 1514 498
53 1520 5926
54 1538 5940
55 1546 6030
56 1576 5780
57 1580 316
58 1602 578
59 1626 1752
60 1642 4446
61 1644 1206
62 1740 5810
63 1748 2192
64 1750 1690
65 1768 2224
66 1780 994
67 1800 5936
68 1856 1266
69 1858 6026
70 1868 354
71 1872 1282
72 1876 1890
73 1876 4668
74 1876 6766
75 1884 1902
76 1904 5994
77 1910 1312
78 1914 1040
79 1926 5186
80 1928 384
81 1930 6774
82 1960 6156
83 1970 2220
84 1974 1280
85 1984 5730
86 1994 1370
87 1996 1276
88 2064 6042
89 2068 2174
90 2068 6630
91 2088 2020
92 2088 5948
93 2096 1472
94 2104 2182
95 2108 246
96 2114 2142
97 2116 5166
98 2124 5406
99 2148 5752
100 2150 1112
101 2154 5248
102 2170 5826
103 2184 2016
104 2186 2054
105 2188 4648
106 2200 260
107 2200 5084
108 2208 2058
109 2214 4678
110 2216 5166
111 2220 5254
112 2236 4044
113 2242 1904
114 2248 1970
115 2256 5096
116 2260 5232
117 2290 3576
118 2296 5112
119 2298 5212
120 2300 6328
121 2306 804
122 2316 6330
123 2318 5192
124 2322 4948
125 2364 2158
126 2366 1866
127 2378 4934
128 2398 414
129 2406 4994
130 2430 906
131 2430 5166
132 2444 4666
133 2450 4902
134 2454 5270
135 2460 4942
136 2470 414
137 2476 3658
138 2492 5030
139 2498 5130
140 2530 4896
141 2534 4562
142 2554 614
143 2556 5676
144 2564 620
145 2564 1114
146 2564 5678
147 2566 5248
148 2572 5618
149 2576 4944
150 2578 5626
151 2584 1096
152 2588 5670
153 2596 750
154 2600 616
155 2600 4912
156 2610 574
157 2638 4962
158 2640 1448
159 2646 3138
160 2652 4958
161 2656 5278
162 2660 3050
163 2662 3992
164 2666 4434
165 2666 5578
166 2692 4434
167 2696 2278
168 2700 1792
169 2714 978
170 2726 4706
171 2740 3858
172 2754 3228
173 2758 482
174 2760 5110
175 2768 5348
176 2774 4458
177 2782 1790
178 2794 4754
179 2802 730
180 2820 1096
181 2824 2152
182 2826 890
183 2826 2840
184 2836 2954
185 2838 3818
186 2844 712
187 2848 868
188 2848 3252
189 2866 726
190 2870 1084
191 2870 1216
192 2876 882
193 2876 2792
194 2880 4760
195 2886 2578
196 2892 4656
197 2892 5344
198 2906 5288
199 2926 1122
200 2926 4962
201 2944 4634
202 2948 4556
203 2952 5026
204 3000 4534
205 3008 4652
206 3008 4702
207 3034 3728
208 3040 4676
209 3064 2898
210 3076 4050
211 3092 4608
212 3102 4608
213 3106 4592
214 3158 6442
215 3178 4666
216 3192 3416
217 3200 2454
218 3224 1650
219 3228 4622
220 3252 2946
221 3298 1564
222 3324 6618
223 3358 1614
224 3400 4606
225 3404 4006
226 3412 2414
227 3422 4566
228 3424 2202
229 3448 2952
230 3496 1778
231 3508 1656
232 3516 1650
233 3516 3172
234 3520 3234
235 3530 1638
236 3552 1672
237 3556 1834
238 3558 4480
239 3568 3988
240 3572 3876
241 3582 2188
242 3586 7082
243 3608 1664
244 3620 2372
245 3626 3706
246 3630 78
247 3644 3874
248 3652 2264
249 3654 3772
250 3656 3828
251 3672 1630
252 3680 4504
253 3690 3368
254 3694 6112
255 3700 3908
256 3716 4162
257 3742 3218
258 3760 1672
259 3778 3832
260 3840 2006
261 3846 74
262 3850 178
263 3852 4026
264 3858 2030
265 3858 4518
266 3860 1974
267 3862 158
268 3876 4130
269 3878 2714
270 3886 2134
271 3912 4364
272 3920 4588
273 3942 4550
274 3950 224
275 3950 2896
276 3954 4450
277 3972 4330
278 3986 3828
279 4002 4022
280 4016 164
281 4020 4212
282 4036 4394
283 4052 3742
284 4068 212
285 4074 4320
286 4088 116
287 4102 4426
288 4110 2246
289 4112 4350
290 4114 3808
291 4118 4330
292 4140 3774
293 4152 4542
294 4194 3982
295 4194 4460
296 4220 4344
297 4220 4712
298 4222 4348
299 4222 4624
300 4224 2296
301 4224 3138
302 4248 3918
303 4258 2982
304 4258 4396
305 4260 4342
306 4264 4340
307 4268 2510
308 4284 4822
309 4286 4820
310 4288 4764
311 4298 4632
312 4300 3058
313 4332 2342
314 4374 4666
315 4380 164
316 4390 4974
317 4408 4642
318 4408 4732
319 4410 4582
320 4410 4982
321 4414 4506
322 4420 4926
323 4426 3272
324 4436 5066
325 4438 3266
326 4440 4992
327 4444 2678
328 4444 4896
329 4454 4230
330 4456 50
331 4460 4862
332 4464 2796
333 4464 4822
334 4472 4340
335 4472 4372
336 4472 4506
337 4488 4402
338 4490 4662
339 4510 4660
340 4514 4404
341 4528 2208
342 4528 2874
343 4540 3404
344 4550 2418
345 4550 5014
346 4560 4444
347 4580 4736
348 4590 4620
349 4604 4678
350 4610 4328
351 4612 4192
352 4634 4568
353 4638 4538
354 4644 4718
355 4664 2776
356 4666 6828
357 4668 4622
358 4668 4708
359 4676 2970
360 4678 4592
361 4692 4662
362 4694 234
363 4698 5026
364 4700 4252
365 4722 4670
366 4724 6936
367 4730 6850
368 4734 5092
369 4742 6882
370 4748 4772
371 4760 6884
372 4762 4170
373 4766 3928
374 4766 4754
375 4780 4974
376 4790 4492
377 4802 2778
378 4802 3858
379 4808 2834
380 4812 3838
381 4814 3784
382 4826 4666
383 4834 3690
384 4836 3884
385 4846 3082
386 4856 2242
387 4856 4010
388 4858 46
389 4860 4624
390 4874 2868
391 4874 4794
392 4894 5180
393 4898 5118
394 4938 2194
395 4940 3426
396 4946 4976
397 4956 4588
398 4960 5168
399 4968 4518
400 4974 3114
401 4984 2660
402 4990 4644
403 4990 4688
404 5006 4472
405 5038 4446
406 5054 3220
407 5060 4702
408 5062 5036
409 5064 4468
410 5070 3956
411 5072 66
412 5074 3498
413 5074 4470
414 5082 4472
415 5094 4672
416 5106 3480
417 5114 4560
418 5140 3256
419 5140 4692
420 5172 3546
421 5194 2714
422 5200 3528
423 5212 2670
424 5214 4512
425 5216 2706
426 5218 3764
427 5224 3830
428 5224 5168
429 5240 3914
430 5246 3764
431 5250 6930
432 5258 110
433 5264 2514
434 5264 2784
435 5278 3322
436 5278 3968
437 5280 4466
438 5288 4606
439 5296 2902
440 5308 3574
441 5314 3588
442 5324 3812
443 5332 3796
444 5342 2352
445 5348 240
446 5358 3090
447 5374 4862
448 5376 6654
449 5384 4342
450 5406 3464
451 5412 3392
452 5414 3448
453 5420 3372
454 5424 4240
455 5438 2870
456 5444 2844
457 5446 2620
458 5452 4184
459 5460 2732
460 5484 4026
461 5486 5012
462 5522 3610
463 5528 4062
464 5534 3872
465 5544 4248
466 5546 2878
467 5546 3582
468 5556 2612
469 5556 4196
470 5564 4804
471 5570 4676
472 5576 4060
473 5586 3272
474 5594 2628
475 5606 6284
476 5612 2952
477 5614 2888
478 5616 4854
479 5636 1136
480 5640 4016
481 5646 3462
482 5654 2536
483 5662 2526
484 5666 2904
485 5670 3930
486 5678 3886
487 5686 2618
488 5688 4304
489 5696 3518
490 5704 2666
491 5726 2876
492 5748 4982
493 5766 2886
494 5772 3946
495 5786 2822
496 5808 4900
497 5818 5126
498 5822 3754
499 5838 4568
500 5860 320
501 5874 3422
502 5880 2666
503 5888 2940
504 5890 4370
505 5902 2694
506 5926 5296
507 5932 2870
508 5932 5242
509 5950 2822
510 5958 5266
511 5970 7158
512 5972 4136
513 5974 2494
514 5974 2772
515 5974 3762
516 5980 5100
517 5982 7124
518 5992 4844
519 6012 7122
520 6016 6316
521 6054 5282
522 6062 2390
523 6062 4442
524 6074 3456
525 6080 3086
526 6100 7008
527 6112 4812
528 6116 5182
529 6122 6976
530 6126 2792
531 6136 5824
532 6164 2862
533 6168 2590
534 6170 4786
535 6172 2952
536 6182 2774
537 6184 2102
538 6198 2674
539 6208 2882
540 6212 7194
541 6216 2572
542 6216 7132
543 6220 2558
544 6250 6956
545 6262 7186
546 6274 4404
547 6282 7102
548 6288 6950
549 6292 4276
550 6294 3734
551 6294 4452
552 6300 6952
553 6312 2776
554 6318 3038
555 6322 4558
556 6328 2358
557 6334 2246
558 6338 4030
559 6344 5808
560 6348 4128
561 6356 2470
562 6360 4070
563 6414 2828
564 6428 3836
565 6430 2814
566 6436 2962
567 6438 3318
568 6442 3758
569 6444 2902
570 6452 5366
571 6456 2870
572 6456 2892
573 6478 4752
574 6480 3834
575 6480 4756
576 6490 2904
577 6494 1990
578 6516 2510
579 6518 2972
580 6526 3796
581 6532 2850
582 6550 4688
583 6554 2482
584 6556 3646
585 6556 5988
586 6568 4146
587 6570 6710
588 6576 2538
589 6586 2750
590 6586 4960
591 6586 6520
592 6598 5146
593 6602 2470
594 6614 5452
595 6616 2126
596 6616 3902
597 6622 2836
598 6624 2650
599 6630 2650
600 6646 1872
601 6646 5880
602 6672 2708
603 6674 4638
604 6684 4680
605 6690 4680
606 6690 5374
607 6704 2816
608 6706 2470
609 6712 5906
610 6716 4562
611 6728 1770
612 6734 4716
613 6736 4404
614 6750 2308
615 6764 1742
616 6774 562
617 6776 2990
618 6778 2910
619 6780 2958
620 6794 602
621 6806 6916
622 6816 2198
623 6822 4386
624 6824 2908
625 6828 1938
626 6832 5966
627 6834 4358
628 6838 502
629 6844 6018
630 6854 4192
631 6864 2962
632 6878 4738
633 6886 3038
634 6890 1968
635 6948 4828
636 6954 4896
637 6964 1702
638 7020 2202
639 7026 4886
640 7030 4252
641 7030 6498
642 7048 6646
643 7050 5840
644 7064 2806
645 7088 4956
646 7088 5030
647 7090 2252
648 7100 2060
649 7106 4592
650 7122 4754
651 7126 1822
652 7138 4464
653 7154 2864
654 7160 4400
655 7198 1480
656 7226 1934
657 7234 4222
658 7244 6530
659 7252 4682
660 7260 1528
661 7280 6532
662 7302 3684
663 7304 1380
664 7308 346
665 7312 1598
666 7314 4248
667 7320 1662
668 7322 4874
669 7348 3024
670 7364 3058
671 7376 614
672 7386 4240
673 7394 1792
674 7412 5226
675 7418 3104
676 7428 1510
677 7434 1388
678 7434 1436
679 7446 1530
680 7450 1504
681 7452 1802
682 7464 1510
683 7476 1478
684 7492 1710
685 7502 428
686 7506 4432
687 7510 1764
688 7510 4796
689 7518 4478
690 7544 4206
691 7570 4200
692 7588 3070
693 7600 2556
694 7628 4254
695 7630 3274
696 7646 3272
697 7688 5446
698 7706 2846
699 7728 5434
700 7730 1382
701 7736 3040
702 7738 658
703 7740 1128
704 7742 4182
705 7766 3284
706 7768 800
707 7776 3766
708 7784 3376
709 7806 772
710 7806 2366
711 7810 1714
712 7846 6780
713 7848 4396
714 7854 692
715 7854 3554
716 7872 832
717 7874 920
718 7882 2252
719 7884 3666
720 7886 3666
721 7888 3094
722 7902 4498
723 7908 2964
724 7908 6288
725 7916 4802
726 7924 3922
727 7932 4170
728 7942 2294
729 7942 6996
730 7956 3298
731 7956 4438
732 7970 3868
733 7980 6922
734 8008 1470
735 8016 3704
736 8018 5130
737 8020 4952
738 8060 3654
739 8066 4912
740 8092 4226
741 8108 4428
742 8122 4426
743 8124 6814
744 8132 938
745 8132 946
746 8160 3848
747 8168 1466
748 8192 1310
749 8192 4508
750 8220 4998
751 8236 4012
752 8268 3248
753 8274 3486
754 8312 3894
755 8324 3932
756 8328 3240
757 8334 7040
758 8348 3516
759 8350 1392
760 8378 3764
761 8394 3854
762 8394 7024
763 8398 3506
764 8406 7050
765 8412 4322
766 8426 4158
767 8426 4716
768 8436 4924
769 8438 2754
770 8440 3286
771 8442 5616
772 8456 4302
773 8458 5508
774 8458 7048
775 8460 4230
776 8468 2744
777 8486 5228
778 8488 5564
779 8492 1260
780 8496 2780
781 8512 4074
782 8512 5564
783 8526 2800
784 8532 1270
785 8542 5212
786 8560 4806
787 8574 2932
788 8574 4206
789 8574 5496
790 8580 5112
791 8580 5532
792 8586 4790
793 8592 3978
794 8592 4818
795 8594 4106
796 8624 2632
797 8654 3486
798 8668 4316
799 8686 4692
800 8700 3358
801 8746 4098
802 8756 2558
803 8766 1772
804 8810 1804
805 8822 4266
806 8858 3500
807 8876 3932
808 8888 1762
809 8932 4952
810 8936 4962
811 8940 5176
812 8946 4596
813 8966 5592
814 8972 4242
815 8978 5504
816 8982 4678
817 8986 4236
818 9016 4166
819 9034 4184
820 9046 4186
821 9062 5604
822 9070 4820
823 9098 1032
824 9140 2404
825 9142 2416
826 9152 4354
827 9160 3258
828 9168 2650
829 9196 832
830 9206 4932
831 9228 1104
832 9232 2024
833 9234 2178
834 9238 4754
835 9248 5612
836 9258 1086
837 9264 3608
838 9270 4202
839 9282 4084
840 9308 4802
841 9328 4798
842 9332 4792
843 9384 2540
844 9390 3924
845 9394 1040
846 9428 4816
847 9428 4990
848 9442 3008
849 9470 2172
850 9470 2896
851 9478 2168
852 9498 1846
853 9510 5096
854 9528 692
855 9564 2212
856 9570 3976
857 9580 3350
858 9582 3308
859 9604 2382
860 9610 5284
861 9628 2012
862 9634 3638
863 9724 2856
864 9740 3518
865 9780 1166
866 9818 2568
867 9840 2968
868 9850 524
869 9854 2066
870 9870 1498
871 9876 2928
872 9880 5420
873 9894 718
874 9894 2062
875 9916 1402
876 9944 5148
877 9974 1338
878 9976 5118
879 9984 2710
880 9986 604
881 9988 3316
882 9992 1270
883 9994 5162
884 10004 1444
885 10008 2016
886 10060 3336
887 10068 1178
888 10078 712
889 10082 596
890 10114 3100
891 10118 3160
892 10128 4820
893 10150 3340
894 10154 634
895 10154 3350
896 10156 600
897 10166 5642
898 10186 6304
899 10210 648
900 10242 3122
901 10286 6268
902 10290 6284
903 10340 1486
904 10370 3166
905 10370 7016
906 10386 7000
907 10388 7036
908 10400 3110
909 10408 2058
910 10412 3866
911 10434 3062
912 10436 2202
913 10442 2672
914 10508 3682
915 10528 4200
916 10590 5004
917 10592 2158
918 10604 2592
919 10606 6462
920 10652 6864
921 10668 2892
922 10674 3730
923 10724 2914
924 10730 2970
925 10734 2542
926 10774 2680
927 10780 2768
928 10786 1502
929 10862 2496
930 10890 2490
931 10892 6698
932 10952 950
933 10972 5962
934 11002 1554
935 11074 4376
936 11116 5474
937 11134 3344
938 11148 1488
939 11150 2432
940 11192 646
941 11196 1564
942 11198 5328
943 11202 306
944 11204 660
945 11208 336
946 11248 658
947 11260 5094
948 11284 5372
949 11294 5280
950 11304 586
951 11306 3184
952 11312 360
953 11374 1830
954 11374 6316
955 11390 1310
956 11396 670
957 11402 2500
958 11404 2828
959 11414 226
960 11428 5404
961 11450 84
962 11482 1086
963 11520 328
964 11542 7118
965 11582 7008
966 11642 1276
967 11676 574
968 11692 594
969 11724 6902
970 11796 442
971 11806 1478
972 11820 898
973 11938 1528
974 11984 2998
975 12020 1174
976 12082 5376
977 12094 104
978 12100 106
979 12100 1424
980 12100 1438
981 12108 144
982 12108 7046
983 12126 1410
984 12160 818
985 12164 1206
986 12166 1398
987 12194 360
988 12194 3160
989 12198 256
990 12218 7090
991 12370 4656
992 12516 190
993 12606 1612
994 12618 1434
995 12636 1632
996 12714 6980
997 12742 1350
998 12768 3188
999 12790 3196
6 7 6 1 8 9 23 
4 5 0 2 3 
3 3 1 26 
3 1 2 4 
3 5 3 26 
5 10 12 11 1 4 
3 28 0 14 
3 38 14 0 
4 9 0 11 13 
3 0 8 22 
3 21 15 5 
3 8 5 12 
3 16 11 5 
4 31 8 18 20 
3 34 6 7 
3 16 10 21 
4 17 12 15 25 
4 33 19 18 16 
3 20 13 17 
3 29 20 17 
4 32 13 18 19 
3 15 10 25 
3 24 9 31 
3 0 24 47 
3 23 22 31 
3 16 21 40 
3 4 2 27 
2 26 41 
4 55 74 6 30 
3 32 19 33 
3 28 35 36 
4 47 24 22 13 
3 51 20 29 
3 29 17 37 
3 35 14 38 
3 39 30 34 
3 53 30 39 
3 33 50 61 
4 39 34 7 60 
5 56 36 35 38 73 
4 42 48 25 45 
4 43 27 330 246 
3 48 40 44 
3 95 45 41 
3 48 42 46 
4 57 46 40 43 
3 52 44 45 
4 117 23 31 49 
4 50 40 42 44 
3 65 47 51 
3 61 37 48 
4 63 49 32 59 
3 58 46 57 
3 54 36 56 
3 55 53 62 
5 74 28 54 67 69 
3 53 39 79 
3 70 52 45 
3 66 52 70 
4 72 51 61 64 
3 38 117 112 
5 68 71 59 37 50 
3 54 79 85 
3 65 51 75 
3 72 59 77 
4 117 49 63 83 
3 68 58 80 
3 76 55 85 
5 84 71 61 66 78 
3 82 55 76 
4 80 58 57 95 
3 77 61 68 
3 75 59 64 
5 109 79 39 112 105 
5 81 242 28 55 82 
4 113 91 63 72 
3 88 69 67 
3 86 64 71 
3 68 80 121 
4 62 56 73 97 
4 128 78 66 70 
3 242 74 90 
3 120 74 69 
3 162 65 89 
3 86 68 87 
5 99 92 67 62 98 
3 93 77 84 
3 93 84 100 
3 120 76 92 
4 94 83 91 96 
3 81 120 214 
3 89 75 103 
3 88 85 102 
5 126 86 87 145 158 
3 162 89 96 
4 106 70 43 246 
4 125 94 89 104 
4 110 101 79 107 
4 85 101 111 134 
3 102 85 148 
3 87 121 130 
3 111 98 97 
3 92 99 143 
3 104 91 113 
3 108 96 103 
3 132 73 112 
3 136 95 246 
3 110 97 124 
3 125 104 114 
3 124 73 132 
4 116 97 107 115 
3 98 101 116 
6 164 141 105 73 60 137 
4 114 103 75 126 
3 125 108 113 
3 118 110 124 
3 111 110 119 
4 60 47 65 159 
3 123 115 129 
3 134 116 123 
4 122 90 82 88 
3 100 78 142 
5 214 120 143 146 152 
3 119 118 131 
4 115 107 109 127 
4 167 96 108 114 
3 113 93 168 
3 129 124 133 
3 136 142 80 
4 138 118 127 135 
3 151 100 153 
3 134 123 139 
6 170 140 133 109 105 141 
3 135 127 132 
4 98 119 131 147 
4 149 129 133 140 
4 173 156 128 106 
5 171 163 112 159 172 
3 139 129 157 
4 147 131 138 174 
3 155 135 132 
3 170 132 112 
3 144 121 128 
3 122 102 150 
3 153 142 154 
3 191 93 151 
3 122 150 152 
4 161 148 134 139 
3 150 99 147 
3 157 135 155 
4 146 143 148 165 
4 180 145 130 169 
3 122 146 165 
5 169 130 144 154 179 
3 153 144 156 
3 149 140 178 
3 179 154 136 
3 138 149 160 
3 168 93 191 
4 172 137 117 162 
3 200 157 178 
3 175 147 174 
4 159 83 94 183 
5 176 166 137 171 185 
3 166 170 112 
4 214 152 150 175 
3 170 164 163 
3 183 125 181 
3 126 158 177 
3 151 153 182 
7 178 132 141 164 166 176 196 
3 163 137 185 
3 188 137 159 
3 186 136 246 
3 161 139 200 
3 165 161 197 
3 202 170 163 
3 181 168 218 
4 194 160 155 170 
4 153 156 186 189 
4 191 151 182 190 
4 217 195 167 177 
3 180 169 187 
4 184 162 167 195 
3 188 183 193 
3 163 171 207 
3 189 179 173 
3 192 182 189 
5 216 207 172 184 209 
4 187 179 186 246 
3 199 180 192 
4 218 158 145 180 
4 199 190 187 262 
3 209 184 195 
4 200 178 196 206 
4 209 193 183 181 
3 194 170 201 
3 254 175 198 
3 197 203 224 
3 221 190 192 
4 203 174 160 194 
3 205 196 202 
3 201 176 204 
3 198 200 215 
3 213 202 210 
3 208 201 211 
3 194 208 215 
4 225 210 185 188 
3 206 205 215 
4 220 188 193 195 
4 219 213 204 207 
3 212 205 213 
3 215 211 213 
5 215 212 211 204 210 
4 222 90 122 165 
6 203 206 208 212 213 219 
4 245 188 220 234 
4 220 181 228 226 
5 230 228 177 191 221 
3 215 210 227 
5 229 216 209 217 226 
4 235 223 218 199 
3 242 214 254 
3 231 230 221 
3 198 227 272 
4 238 207 240 239 
3 220 217 244 
3 224 219 238 
3 217 218 241 
3 233 220 269 
4 237 218 223 231 
3 230 223 232 
3 236 231 235 
3 257 234 229 
3 253 216 233 
3 232 221 251 
3 237 232 243 
5 266 241 230 236 243 
4 252 227 225 256 
3 256 225 255 
3 225 249 247 
4 248 228 237 260 
7 511 540 74 81 222 356 366 
3 237 236 251 
3 269 226 248 
3 249 216 253 
7 189 173 106 95 41 330 261 
3 255 240 250 
3 244 241 270 
4 259 250 240 245 
3 255 247 249 
4 258 243 235 274 
3 265 272 238 
4 245 234 257 301 
4 356 222 197 324 
5 263 239 247 250 259 
3 238 239 268 
3 253 233 275 
4 341 251 284 362 
3 255 249 278 
3 264 241 266 
4 286 267 246 330 
3 274 192 267 
3 268 255 279 
3 288 270 260 
4 273 252 271 276 
3 341 260 237 
3 280 262 261 
4 281 271 256 263 
4 275 229 244 307 
3 288 248 264 
3 265 268 277 
5 297 308 224 252 273 
3 272 265 287 
3 251 262 280 
3 303 257 269 
3 265 277 282 
3 276 271 281 
3 279 259 283 
5 281 263 278 290 294 
3 274 267 286 
5 291 285 277 268 279 
3 287 276 285 
3 290 278 301 
3 258 286 315 
3 289 282 281 
4 284 280 261 330 
4 295 293 273 282 
4 300 307 270 264 
3 295 285 291 
3 279 283 292 
3 296 289 281 
3 302 290 323 
3 299 297 287 
3 296 279 302 
5 311 287 289 298 304 
3 298 291 294 
4 310 272 293 299 
3 295 296 305 
3 311 297 293 
3 313 307 288 
3 283 253 312 
7 373 351 329 294 292 343 381 
4 312 275 327 332 
3 321 295 305 
3 304 298 306 
3 335 305 329 
5 269 288 300 313 344 
3 316 272 309 
4 322 308 310 318 
3 309 297 314 
3 314 299 295 
3 323 301 303 
3 307 300 341 
4 310 311 319 317 
3 362 284 330 
3 320 324 308 
3 318 314 319 
3 333 309 317 
5 338 317 314 321 336 
3 326 324 316 
3 319 304 337 
3 326 309 328 
3 292 312 325 
7 368 392 254 316 320 326 345 
4 343 323 342 359 
5 345 324 320 322 328 
3 332 303 344 
3 326 322 331 
4 350 334 306 302 
6 315 286 261 246 41 388 
3 345 328 333 
3 342 303 327 
3 331 318 338 
3 340 335 329 
3 337 306 334 
5 348 339 319 340 346 
3 340 321 335 
3 333 319 339 
3 347 338 336 
4 336 337 334 350 
4 313 266 258 394 
3 325 332 355 
5 395 383 302 325 385 
5 377 355 327 307 386 
5 363 324 326 331 347 
3 353 336 350 
4 345 339 349 354 
3 349 336 352 
4 358 354 347 348 
5 353 346 340 329 351 
3 364 350 302 
3 357 348 353 
4 360 352 346 350 
3 370 347 349 
4 379 359 342 344 
4 367 369 242 254 
3 361 352 360 
4 370 349 361 365 
3 325 355 390 
4 389 357 353 376 
3 365 358 357 
3 258 315 388 
3 368 345 375 
3 376 351 372 
3 358 361 382 
4 242 369 371 431 
3 371 356 448 
3 393 324 363 
3 371 366 356 
4 375 354 358 374 
4 431 366 369 367 
3 376 364 373 
4 387 372 302 378 
3 391 370 382 
4 396 393 363 370 
5 399 360 364 372 404 
3 379 344 401 
3 384 373 380 
3 390 355 377 
3 384 378 381 
3 380 302 383 
3 374 365 389 
3 381 343 412 
4 410 387 378 380 
3 395 343 390 
3 401 344 394 
3 405 373 384 
4 961 411 362 330 
3 382 360 397 
7 439 400 385 359 379 421 434 
3 396 374 403 
3 475 324 398 
3 398 368 375 
4 401 386 341 479 
5 412 343 385 400 406 
4 408 375 391 407 
3 402 389 399 
4 428 392 393 408 
4 417 397 376 404 
3 406 395 390 
5 423 377 386 394 433 
3 415 403 397 
3 407 391 402 
4 399 376 405 409 
5 414 413 409 404 387 
3 418 395 400 
3 396 403 419 
4 398 396 419 447 
3 413 404 405 
5 449 384 426 427 429 
3 961 432 388 
3 383 395 416 
3 414 409 405 
3 424 413 405 
3 419 402 417 
4 422 420 412 418 
3 438 415 399 
4 435 416 406 446 
4 408 407 415 438 
3 426 416 422 
3 390 423 425 
3 440 420 416 
3 421 401 457 
3 438 414 437 
3 434 421 457 
3 430 410 420 
3 429 410 430 
5 506 398 447 461 497 
3 436 410 427 
5 443 442 427 426 441 
4 511 366 371 448 
4 664 500 445 411 
3 457 401 444 
4 456 390 425 459 
3 453 451 418 
3 460 454 429 
3 471 424 449 
4 471 419 417 424 
3 446 390 455 
3 441 422 450 
3 462 430 440 
3 460 430 443 
4 464 442 430 462 
3 483 433 479 
3 500 479 432 
3 418 439 476 
3 428 408 471 
4 517 431 367 475 
4 437 410 454 465 
3 462 440 452 
3 452 435 453 
3 481 450 451 
3 451 435 473 
3 449 436 458 
3 466 439 456 
3 466 455 434 
4 425 423 433 468 
3 454 460 463 
3 466 434 468 
4 463 458 436 442 
4 428 470 478 492 
5 486 443 441 450 467 
3 458 460 472 
3 486 485 443 
3 488 449 469 
5 477 455 456 459 474 
3 462 481 489 
4 474 459 457 482 
3 465 472 480 
3 478 461 471 
5 470 447 438 437 499 
3 469 463 480 
3 501 453 476 
4 466 468 482 487 
4 520 448 392 506 
3 473 446 484 
3 484 466 490 
3 496 461 470 
7 611 600 577 537 444 394 445 
4 512 469 472 485 
3 467 452 501 
3 474 468 483 
4 487 482 444 513 
3 476 477 491 
3 494 480 464 
3 494 464 462 
3 490 474 483 
3 504 499 465 
3 498 467 501 
3 502 477 487 
3 493 484 495 
3 497 461 496 
3 503 491 495 
4 512 485 486 498 
6 509 507 503 493 491 505 
3 492 478 518 
4 508 428 492 516 
3 515 494 489 
4 518 471 488 504 
4 628 616 445 432 
4 524 489 481 473 
3 505 490 513 
3 525 493 495 
4 523 499 488 512 
3 514 495 502 
5 475 428 508 510 521 
3 535 495 509 
3 510 506 497 
3 507 495 514 
3 506 508 528 
5 540 242 431 517 519 
5 549 504 480 494 560 
3 502 483 522 
3 530 509 505 
4 558 498 524 550 
3 528 497 527 
3 511 448 526 
3 496 499 527 
3 540 511 526 
6 591 529 475 531 559 585 
3 531 506 528 
4 543 533 513 537 
3 534 504 546 
4 515 501 525 567 
3 524 503 554 
4 542 519 517 529 
3 516 518 534 
4 570 521 510 516 
3 526 520 544 
3 532 514 536 
3 520 521 570 
3 539 535 530 
3 538 522 541 
4 527 523 555 575 
3 554 507 532 
3 553 530 538 
3 557 522 479 
3 553 536 533 
4 569 554 532 563 
6 242 511 519 542 545 964 
3 553 533 543 
3 540 526 544 
3 541 522 556 
3 542 529 548 
3 540 547 764 
3 551 523 549 
3 545 552 621 
3 552 544 587 
3 546 512 586 
3 568 515 567 
3 555 546 613 
3 547 548 587 
5 565 536 538 541 561 
5 567 525 535 539 566 
4 582 573 534 551 
3 561 543 557 
3 556 537 577 
4 562 515 564 574 
3 601 520 570 
3 586 512 562 
3 578 553 556 
3 560 558 596 
3 571 539 565 
3 558 568 574 
4 571 563 553 578 
3 579 554 569 
5 550 524 554 579 617 
3 564 550 584 
3 566 539 572 
5 594 559 531 528 592 
4 572 563 565 581 
3 576 569 571 
3 575 555 582 
3 558 564 580 
3 590 534 573 
3 579 572 581 
3 557 479 600 
4 588 565 561 583 
5 567 566 576 581 597 
3 596 574 584 
4 579 576 571 589 
4 573 555 603 604 
3 578 595 593 
3 580 568 633 
3 520 601 609 
4 613 549 560 596 
4 552 548 591 642 
4 599 598 578 608 
4 607 597 581 598 
3 592 575 612 
3 642 587 520 
4 606 570 590 646 
4 608 583 595 614 
4 609 601 570 606 
3 593 583 600 
5 630 586 562 580 662 
3 617 579 589 
3 599 589 588 
3 602 598 588 
4 625 595 577 479 
4 609 585 559 594 
3 644 607 599 
3 604 582 610 
3 605 582 603 
3 612 604 610 
3 643 594 592 
3 618 589 602 
4 644 588 593 614 
5 626 629 585 601 594 
5 632 605 603 613 623 
3 625 479 615 
3 636 590 605 
4 610 551 586 627 
4 608 593 622 647 
4 611 620 655 637 
3 620 500 628 
4 633 567 597 619 
3 619 607 624 
3 631 617 618 
4 663 655 615 616 
3 729 547 642 
3 638 614 634 
3 632 610 627 
3 631 618 644 
3 634 600 611 
3 629 609 643 
4 623 613 630 640 
3 616 500 664 
3 641 609 626 
3 640 627 596 
4 633 619 624 644 
4 635 610 623 649 
4 662 584 617 631 
3 648 622 625 
3 636 632 650 
4 646 612 635 639 
3 651 615 660 
3 647 622 648 
3 645 636 650 
5 654 652 627 630 662 
3 658 642 629 
5 621 587 591 641 658 
5 724 661 626 606 697 
5 653 631 624 602 608 
3 646 639 650 
5 674 592 636 645 668 
3 693 614 638 
3 638 634 656 
3 659 632 652 
4 645 639 635 659 
3 656 637 667 
3 649 640 654 
3 669 644 693 
4 652 640 657 666 
3 660 615 620 
3 648 651 673 
3 666 654 662 
3 661 642 641 
4 688 668 650 649 
4 665 637 655 663 
3 712 658 643 
9 690 672 657 640 596 633 670 675 695 
5 677 676 660 620 671 
5 868 685 671 628 432 
3 667 660 679 
3 654 657 672 
3 673 651 665 
3 646 659 688 
3 692 670 653 
3 675 662 669 
3 702 663 664 
3 686 666 662 
3 681 656 667 
3 697 646 688 
3 695 662 670 
3 679 663 678 
4 683 678 663 703 
3 680 676 677 
4 684 665 676 680 
3 682 679 678 
4 710 673 684 687 
3 684 680 683 
3 682 677 700 
4 687 681 679 682 
3 854 702 664 
4 689 672 690 694 
3 681 684 711 
6 725 674 668 659 689 722 
3 688 686 713 
3 686 662 691 
4 694 690 707 704 
3 696 669 701 
4 698 653 647 710 
3 713 686 691 
4 708 662 675 696 
3 705 695 692 
3 643 674 699 
3 723 701 693 
3 773 697 736 
3 711 683 703 
3 721 692 698 
5 714 709 706 671 685 
7 748 734 700 677 706 717 745 
3 691 707 727 
3 730 708 696 
3 703 702 709 
5 726 704 691 715 719 
3 715 695 705 
3 716 706 702 
4 693 681 718 728 
4 718 687 700 734 
3 743 733 661 
3 731 689 694 
3 829 716 702 
5 738 720 719 707 708 
4 744 717 709 714 
3 744 703 716 
3 728 710 711 
3 720 707 715 
4 735 732 719 715 
3 752 701 723 
3 688 731 741 
3 721 698 769 
3 743 643 771 
3 737 688 749 
3 727 707 732 
3 740 704 726 
3 796 710 718 
3 757 621 733 
3 753 705 752 
3 722 713 741 
3 751 726 720 
3 757 729 712 
3 711 703 747 
3 746 720 738 
4 777 699 737 750 
3 736 725 739 
3 735 715 753 
3 737 749 767 
3 742 727 751 
3 722 731 742 
3 749 741 740 
3 762 712 724 
4 745 717 716 829 
3 779 703 744 
3 754 751 735 
3 803 734 759 
3 759 703 779 
4 739 725 742 765 
3 736 767 768 
5 766 740 732 746 755 
3 730 721 756 
3 758 738 730 
3 755 746 760 
4 766 751 754 761 
3 770 752 769 
4 764 729 733 762 
3 760 753 763 
4 803 747 748 784 
3 761 754 758 
3 793 755 760 
3 774 757 743 
3 758 770 797 
3 545 757 774 
3 749 775 772 
4 775 751 755 781 
4 786 750 739 772 
3 790 750 786 
5 780 756 723 796 776 
3 763 756 787 
3 724 773 778 
4 798 767 765 788 
4 778 771 699 777 
5 764 762 821 905 907 
3 765 766 788 
3 780 769 796 
4 789 773 736 785 
3 782 771 773 
3 784 748 745 
3 783 769 776 
3 788 766 793 
3 813 778 791 
3 787 780 796 
3 759 779 823 
3 789 777 790 
3 768 767 792 
4 800 770 783 828 
5 772 775 781 795 801 
3 791 777 785 
5 811 785 768 794 809 
3 782 789 815 
3 794 786 799 
5 801 795 781 761 807 
3 790 792 799 
3 788 793 801 
5 783 776 769 728 802 
3 807 763 800 
3 799 772 801 
5 794 792 798 812 816 
4 806 797 787 827 
6 818 805 798 788 795 793 
4 796 804 824 825 
3 804 747 759 
5 832 833 802 803 808 
3 812 801 814 
3 837 807 800 
4 793 797 806 844 
3 832 804 831 
3 810 790 822 
3 811 809 830 
3 815 790 810 
3 816 799 805 
3 821 782 815 
3 826 805 817 
4 821 813 791 811 
3 822 799 812 
3 826 814 819 
3 819 801 839 
3 820 817 818 
3 826 819 839 
4 835 774 813 815 
3 830 809 816 
4 836 831 784 829 
3 825 802 833 
3 843 802 824 
5 834 814 817 820 838 
3 858 800 828 
5 850 848 827 787 843 
4 823 744 714 854 
4 847 810 822 834 
3 808 823 836 
4 849 804 808 852 
3 824 804 849 
4 842 840 830 826 
3 898 821 860 
3 831 823 845 
4 862 844 806 857 
3 846 826 839 
4 838 820 818 856 
3 847 834 841 
3 846 840 842 
3 846 841 834 
5 866 863 828 825 859 
3 856 807 837 
3 870 836 854 
4 853 841 842 838 
3 853 830 840 
3 858 828 850 
4 855 833 832 851 
3 848 828 863 
4 855 849 852 861 
3 851 832 870 
4 876 860 847 846 
5 873 865 845 829 685 
4 859 849 851 861 
4 892 839 844 910 
3 864 837 858 
4 857 827 848 867 
3 866 843 855 
3 872 835 853 
3 855 851 870 
3 910 837 864 
4 871 867 850 843 
5 862 857 881 886 895 
5 882 877 875 870 854 
5 879 843 859 869 874 
3 858 863 871 
5 889 880 873 664 961 
3 866 870 874 
7 869 861 852 845 865 875 884 
4 890 867 863 879 
4 897 860 876 883 
3 887 854 868 
3 866 869 885 
3 884 870 865 
3 872 853 878 
3 884 865 882 
3 883 876 892 
3 871 866 913 
3 888 868 889 
3 886 864 890 
3 877 865 887 
3 872 878 916 
4 903 870 875 877 
4 909 912 874 903 
4 893 864 881 891 
4 903 882 873 888 
3 887 880 894 
3 896 880 868 
4 900 891 881 871 
3 886 890 900 
4 916 878 856 915 
3 895 886 904 
3 899 888 896 
3 910 864 893 
3 894 889 943 
3 901 872 936 
5 906 905 835 901 902 
4 932 894 945 940 
5 891 890 913 911 908 
3 902 898 897 
3 919 898 901 
4 885 884 887 932 
3 914 893 908 
3 907 774 898 
4 907 898 919 920 
4 964 774 905 906 
3 904 900 911 
3 917 885 928 
5 915 856 862 895 914 
4 908 900 921 924 
3 918 885 917 
3 900 879 918 
3 922 910 904 
3 935 892 910 
3 947 883 892 
5 939 929 925 912 909 
4 921 913 912 925 
3 906 902 933 
3 964 906 931 
3 923 911 918 
3 935 914 937 
3 924 921 927 
3 937 911 923 
4 926 918 917 929 
3 927 925 930 
4 958 951 923 926 
3 934 909 932 
3 925 917 930 
3 926 929 939 
3 964 920 954 
5 962 938 928 903 899 
3 919 936 960 
4 941 953 928 938 
4 947 915 922 988 
4 933 897 942 948 
4 922 924 951 988 
3 941 934 932 
4 957 930 917 953 
4 946 944 899 950 
4 953 934 938 955 
3 936 947 949 
3 945 896 961 
3 962 940 946 
3 952 899 943 
3 956 944 940 
5 949 942 916 935 991 
3 960 936 949 
4 960 948 942 947 
3 956 940 952 
3 937 927 988 
3 950 945 959 
4 939 934 941 971 
4 969 965 931 976 
3 941 962 966 
5 972 946 950 967 968 
3 958 939 973 
3 974 927 957 
3 963 952 961 
4 933 948 949 976 
6 977 959 943 868 411 388 
4 955 932 944 972 
3 970 967 959 
7 540 907 920 931 965 982 990 
3 964 954 969 
3 971 955 972 
3 968 956 963 
4 984 956 967 970 
3 982 965 954 
3 968 963 981 
4 973 953 966 975 
4 966 962 956 984 
4 957 971 979 980 
3 998 988 958 
3 979 971 984 
4 982 954 960 991 
3 992 978 961 
3 992 981 977 
3 973 975 983 
3 993 973 986 
3 989 970 978 
4 964 969 976 996 
3 979 985 986 
5 985 975 972 968 987 
3 986 983 984 
4 994 980 983 985 
3 984 989 992 
5 998 935 937 951 974 
3 987 981 992 
2 964 996 
4 996 976 947 998 
5 997 987 989 978 977 
3 995 980 994 
4 995 993 986 997 
4 999 998 993 994 
4 990 982 991 999 
3 999 994 992 
5 999 991 988 974 995 
4 996 998 995 997 
