3000
0 310 1680
1 408 10346
2 418 9822
3 430 1944
4 434 9328
5 452 1760
6 462 1980
7 490 4230
8 500 1636
9 506 1650
10 514 1664
11 520 10876
12 526 1614
13 548 4074
14 550 1698
15 562 1876
16 582 4306
17 586 1648
18 588 1960
19 594 1558
20 614 10372
21 622 10080
22 630 2176
23 668 1548
24 680 2176
25 686 3452
26 712 1972
27 712 2180
28 724 2066
29 732 2168
30 758 1600
31 770 1824
32 776 2110
33 782 2078
34 788 9528
35 790 3696
36 798 664
37 802 3626
38 808 1876
39 820 3828
40 828 3450
41 840 2926
42 854 2306
43 854 3074
44 864 798
45 864 3000
46 864 3210
47 864 4124
48 868 2942
49 870 9558
50 888 3252
51 888 3364
52 900 676
53 900 3142
54 906 2872
55 908 1414
56 908 10962
57 912 4360
58 914 3150
59 918 3126
60 924 2628
61 928 3200
62 930 2924
63 932 2730
64 940 4382
65 950 3700
66 954 2894
67 966 4414
68 980 3016
69 992 4410
70 996 3144
71 1020 11082
72 1026 2712
73 1030 2126
74 1030 3726
75 1034 2940
76 1036 3396
77 1038 2860
78 1040 2358
79 1040 3272
80 1044 3824
81 1050 674
82 1064 720
83 1070 3200
84 1076 2672
85 1076 4478
86 1076 9900
87 1090 1602
88 1102 1130
89 1114 4566
90 1122 3854
91 1124 2628
92 1132 2096
93 1132 2678
94 1142 2738
95 1142 10540
96 1144 3152
97 1154 3852
98 1156 1264
99 1254 2580
100 1280 1556
101 1282 3106
102 1314 1210
103 1328 3648
104 1336 10694
105 1358 10958
106 1394 2646
107 1420 11522
108 1452 1800
109 1458 2396
110 1462 3246
111 1462 3396
112 1466 4192
113 1484 3914
114 1486 4170
115 1502 2488
116 1502 10356
117 1510 11302
118 1522 3452
119 1526 2572
120 1536 704
121 1562 754
122 1574 4592
123 1580 3072
124 1608 2968
125 1612 1164
126 1618 3036
127 1634 2834
128 1652 2534
129 1652 10004
130 1670 3252
131 1682 4532
132 1694 3442
133 1736 1826
134 1758 1640
135 1760 758
136 1764 3000
137 1766 9748
138 1804 1718
139 1812 1718
140 1820 2892
141 1824 3338
142 1836 11440
143 1838 1736
144 1846 3510
145 1856 2830
146 1868 4330
147 1874 10448
148 1926 11484
149 1944 3434
150 1982 4526
151 1988 11482
152 2024 3444
153 2028 3948
154 2036 11254
155 2048 10346
156 2068 11528
157 2102 10420
158 2200 11074
159 2204 11324
160 2218 11084
161 2226 1728
162 2246 11276
163 2274 1382
164 2286 806
165 2292 10516
166 2344 862
167 2344 1212
168 2348 4504
169 2354 862
170 2368 362
171 2376 512
172 2474 4460
173 2476 870
174 2486 11212
175 2504 926
176 2532 4494
177 2538 11188
178 2544 3296
179 2548 4338
180 2578 4426
181 2582 4454
182 2592 1588
183 2606 34
184 2618 3998
185 2622 4474
186 2630 4068
187 2644 2988
188 2658 3774
189 2662 11030
190 2664 4396
191 2682 11182
192 2736 586
193 2746 58
194 2766 2028
195 2832 4418
196 2860 324
197 2860 1630
198 2872 958
199 2918 258
200 2964 3782
201 2978 1308
202 2978 3652
203 2984 9426
204 3006 2568
205 3022 820
206 3026 11942
207 3028 1008
208 3028 1112
209 3042 1002
210 3062 1114
211 3064 626
212 3100 1060
213 3114 11964
214 3120 8596
215 3132 3410
216 3148 3310
217 3150 11752
218 3180 3226
219 3194 12022
220 3196 3338
221 3226 11634
222 3234 11640
223 3250 11940
224 3252 640
225 3262 11960
226 3266 3520
227 3286 11914
228 3292 378
229 3294 2884
230 3298 8604
231 3300 428
232 3300 11904
233 3310 348
234 3322 2626
235 3342 2412
236 3352 3192
237 3386 9510
238 3394 11912
239 3402 9624
240 3418 7240
241 3422 1704
242 3448 11914
243 3460 434
244 3474 2834
245 3486 8612
246 3506 10312
247 3518 458
248 3520 12898
249 3544 2318
250 3560 2308
251 3562 484
252 3562 2706
253 3570 11894
254 3574 2330
255 3578 1912
256 3580 2208
257 3582 2596
258 3600 1820
259 3620 12048
260 3624 2540
261 3628 2720
262 3660 2544
263 3662 2828
264 3686 2718
265 3690 1920
266 3694 2696
267 3708 9598
268 3718 2214
269 3720 3802
270 3724 4544
271 3736 2714
272 3744 3622
273 3750 2708
274 3760 11934
275 3768 442
276 3768 4458
277 3790 11432
278 3800 12028
279 3802 2890
280 3808 2232
281 3810 4452
282 3814 2468
283 3830 2468
284 3830 2874
285 3832 728
286 3836 2640
287 3852 4468
288 3858 11942
289 3864 10382
290 3866 4464
291 3876 10380
292 3880 4446
293 3884 2810
294 3888 2590
295 3890 896
296 3890 8834
297 3912 1072
298 3916 1074
299 3930 2640
300 3930 11938
301 3930 12268
302 3944 9430
303 3952 7074
304 3958 554
305 3958 2594
306 3960 8916
307 3960 10394
308 3966 8938
309 3970 1200
310 3974 11978
311 3984 2786
312 4000 2680
313 4008 3434
314 4012 10266
315 4014 9442
316 4018 2696
317 4024 11924
318 4034 9242
319 4052 12126
320 4068 7076
321 4068 12122
322 4074 1348
323 4096 10418
324 4098 6806
325 4098 11290
326 4104 10366
327 4110 2154
328 4116 776
329 4128 9296
330 4140 1278
331 4140 10462
332 4162 4398
333 4164 4434
334 4164 12626
335 4168 2406
336 4170 11920
337 4192 12268
338 4194 2388
339 4196 10428
340 4198 2404
341 4212 10322
342 4224 9218
343 4230 11396
344 4234 4298
345 4234 10382
346 4244 4382
347 4254 12276
348 4280 10354
349 4284 10380
350 4290 10676
351 4296 10524
352 4306 11774
353 4308 4170
354 4308 10612
355 4310 10302
356 4324 442
357 4334 7528
358 4352 12014
359 4354 10388
360 4360 12120
361 4364 6998
362 4364 10948
363 4368 4186
364 4370 10472
365 4374 9364
366 4374 10008
367 4380 10416
368 4388 10466
369 4390 4086
370 4392 10684
371 4394 9012
372 4420 4150
373 4438 1782
374 4448 3820
375 4450 948
376 4462 10644
377 4464 10374
378 4468 3814
379 4476 13004
380 4486 4268
381 4488 6768
382 4494 568
383 4496 10340
384 4498 10232
385 4498 10620
386 4514 4302
387 4528 3892
388 4542 9028
389 4552 10228
390 4560 4334
391 4562 10642
392 4564 6682
393 4564 10232
394 4570 10472
395 4574 9404
396 4576 10400
397 4580 10582
398 4584 10310
399 4598 1962
400 4598 4216
401 4610 9132
402 4626 9448
403 4632 12742
404 4644 6770
405 4646 2126
406 4662 10572
407 4664 9916
408 4664 10484
409 4680 10380
410 4680 12666
411 4686 10472
412 4692 10618
413 4700 6550
414 4708 10204
415 4712 10208
416 4720 504
417 4722 9878
418 4736 1772
419 4758 10648
420 4766 6728
421 4786 10528
422 4788 10756
423 4794 10646
424 4796 8822
425 4800 8848
426 4816 826
427 4816 9870
428 4860 9944
429 4860 11304
430 4862 8870
431 4864 4400
432 4864 9730
433 4866 10710
434 4876 1596
435 4882 9854
436 4884 7250
437 4886 9844
438 4886 10556
439 4894 12904
440 4900 1260
441 4908 4416
442 4908 11334
443 4910 11580
444 4918 9330
445 4920 3522
446 4920 10022
447 4920 10598
448 4928 13380
449 4932 9028
450 4932 11178
451 4932 12896
452 4940 10648
453 4944 11242
454 4950 6726
455 4954 10214
456 4956 3996
457 4964 904
458 4972 7276
459 4972 7324
460 4982 11388
461 4988 9004
462 4998 10612
463 5000 10074
464 5000 10606
465 5006 3884
466 5022 10066
467 5024 4438
468 5028 7354
469 5032 4106
470 5034 11192
471 5038 10484
472 5038 11488
473 5048 3700
474 5054 10464
475 5056 9992
476 5062 9288
477 5084 10026
478 5088 9870
479 5104 9004
480 5104 10062
481 5104 10718
482 5108 9864
483 5108 10448
484 5114 10484
485 5118 10368
486 5118 11166
487 5118 11482
488 5120 10152
489 5126 3590
490 5126 10598
491 5134 9352
492 5136 7360
493 5136 10434
494 5152 11122
495 5156 10384
496 5158 10636
497 5162 8942
498 5162 10244
499 5168 7976
500 5170 11402
501 5172 6788
502 5176 10726
503 5184 6684
504 5208 9980
505 5210 3922
506 5210 3986
507 5210 7510
508 5210 9058
509 5220 9374
510 5228 4596
511 5232 9408
512 5252 8906
513 5262 6092
514 5262 11194
515 5278 10622
516 5284 6092
517 5286 9970
518 5288 2624
519 5288 11102
520 5298 11070
521 5298 11158
522 5300 10302
523 5302 10192
524 5310 9444
525 5314 11132
526 5320 10126
527 5338 10546
528 5340 9352
529 5340 10276
530 5352 10220
531 5360 10298
532 5362 4648
533 5366 6510
534 5370 2388
535 5370 7784
536 5396 1284
537 5400 10544
538 5408 932
539 5424 8906
540 5428 10400
541 5430 5166
542 5432 3384
543 5434 1236
544 5436 2520
545 5438 10384
546 5448 10352
547 5460 9242
548 5466 976
549 5466 9780
550 5468 3620
551 5476 3324
552 5480 7482
553 5504 10248
554 5534 1134
555 5534 9846
556 5536 1622
557 5544 5352
558 5544 7274
559 5550 1330
560 5554 9858
561 5562 9626
562 5564 1296
563 5568 1362
564 5570 9588
565 5576 5302
566 5580 2050
567 5582 5314
568 5586 10412
569 5588 11070
570 5590 2050
571 5596 2052
572 5602 9588
573 5606 5614
574 5606 10298
575 5626 1694
576 5634 10042
577 5640 6428
578 5644 1312
579 5654 9384
580 5662 7640
581 5662 9168
582 5664 1926
583 5672 1780
584 5676 9250
585 5682 1894
586 5690 10708
587 5696 9086
588 5700 9290
589 5712 10710
590 5714 3664
591 5714 5220
592 5722 5256
593 5728 9294
594 5740 5334
595 5748 10946
596 5750 2156
597 5750 4378
598 5750 5312
599 5754 4404
600 5766 9220
601 5770 5252
602 5772 7992
603 5782 9344
604 5782 10050
605 5784 9988
606 5786 2414
607 5788 2226
608 5814 2016
609 5816 9306
610 5818 9514
611 5834 9486
612 5850 7460
613 5854 7906
614 5860 2194
615 5866 4306
616 5870 10568
617 5874 9418
618 5882 10668
619 5884 9156
620 5884 9962
621 5892 10084
622 5904 8906
623 5910 8926
624 5918 8890
625 5948 9072
626 5962 1578
627 5964 7472
628 5970 2500
629 5974 4770
630 6010 9160
631 6028 9296
632 6040 4328
633 6048 1714
634 6058 9736
635 6068 8046
636 6070 9446
637 6086 5402
638 6090 5788
639 6098 4422
640 6116 9520
641 6128 9286
642 6136 10404
643 6144 6380
644 6168 9260
645 6194 9288
646 6220 8246
647 6230 8012
648 6230 9280
649 6232 9168
650 6292 10108
651 6300 5798
652 6306 3340
653 6306 7268
654 6320 9204
655 6324 8922
656 6324 9536
657 6338 7034
658 6342 8112
659 6366 9048
660 6390 6814
661 6398 5054
662 6428 6866
663 6428 9208
664 6436 6816
665 6440 5070
666 6446 2894
667 6460 6842
668 6460 9370
669 6470 8022
670 6472 8316
671 6480 5522
672 6516 9942
673 6540 4608
674 6570 9184
675 6584 9204
676 6590 9706
677 6608 8322
678 6642 7436
679 6652 9512
680 6670 4818
681 6680 9046
682 6708 3342
683 6712 5706
684 6714 9998
685 6728 9984
686 6730 13186
687 6740 7802
688 6740 12602
689 6750 5398
690 6774 3174
691 6780 4502
692 6786 3100
693 6798 118
694 6798 4532
695 6814 7888
696 6840 4582
697 6842 7936
698 6856 4544
699 6882 5492
700 6912 8432
701 6914 4608
702 6922 160
703 6934 4518
704 7004 3114
705 7022 3334
706 7024 138
707 7024 3284
708 7038 7476
709 7040 6490
710 7050 8962
711 7054 7786
712 7058 3492
713 7062 3324
714 7098 7112
715 7110 3276
716 7112 7616
717 7116 7756
718 7122 3746
719 7140 3322
720 7168 8294
721 7170 7948
722 7190 14124
723 7194 7518
724 7222 3290
725 7222 7780
726 7224 7584
727 7246 8996
728 7252 8988
729 7286 8054
730 7288 12232
731 7292 9002
732 7298 5296
733 7300 7874
734 7308 7592
735 7312 12278
736 7320 7626
737 7330 3194
738 7334 4758
739 7338 3324
740 7340 8310
741 7342 3462
742 7352 8862
743 7356 8082
744 7356 8814
745 7358 12266
746 7360 7562
747 7364 184
748 7366 8064
749 7368 4268
750 7370 5122
751 7376 7766
752 7382 8370
753 7386 4304
754 7396 3554
755 7446 9026
756 7454 3668
757 7454 7612
758 7456 6884
759 7458 7976
760 7468 5334
761 7480 5030
762 7484 7728
763 7500 306
764 7504 3704
765 7508 7610
766 7520 7956
767 7522 338
768 7526 7628
769 7534 7824
770 7538 6210
771 7548 5366
772 7552 7772
773 7562 8728
774 7564 3634
775 7570 7538
776 7570 8918
777 7578 5568
778 7580 7610
779 7584 8782
780 7586 3518
781 7586 7218
782 7588 7500
783 7590 2174
784 7592 7928
785 7604 2198
786 7608 7650
787 7616 8954
788 7622 298
789 7624 8120
790 7634 6690
791 7634 7564
792 7636 6184
793 7640 2050
794 7650 3600
795 7652 7810
796 7656 3544
797 7662 7602
798 7664 8710
799 7666 8994
800 7680 7418
801 7688 8700
802 7692 3802
803 7696 8104
804 7700 6902
805 7708 3882
806 7712 8730
807 7712 9044
808 7714 7342
809 7734 422
810 7752 8580
811 7756 7782
812 7762 7600
813 7764 4408
814 7766 6854
815 7768 6568
816 7770 8140
817 7782 9066
818 7786 9044
819 7790 1988
820 7794 9116
821 7800 5310
822 7804 8864
823 7812 462
824 7816 5880
825 7830 4138
826 7832 7426
827 7838 402
828 7850 9052
829 7854 3492
830 7870 476
831 7872 5288
832 7874 4278
833 7886 4590
834 7896 3626
835 7904 6060
836 7906 5384
837 7906 8794
838 7906 8902
839 7914 8936
840 7924 266
841 7924 2152
842 7926 8566
843 7934 8660
844 7940 472
845 7944 9170
846 7954 5884
847 7980 488
848 7984 8690
849 7986 412
850 7986 5812
851 7990 476
852 7990 9466
853 7994 4434
854 7998 8550
855 8008 438
856 8050 9150
857 8078 6074
858 8078 8892
859 8086 8692
860 8098 7926
861 8100 7142
862 8104 374
863 8104 4590
864 8120 8632
865 8126 4416
866 8130 8002
867 8142 8552
868 8150 8646
869 8152 8946
870 8232 9214
871 8242 8862
872 8280 4538
873 8284 9098
874 8292 286
875 8292 8864
876 8310 8582
877 8314 4610
878 8322 9002
879 8356 510
880 8356 7936
881 8362 9306
882 8364 9062
883 8372 8814
884 8376 8002
885 8378 9000
886 8388 9626
887 8396 7900
888 8400 9080
889 8408 310
890 8416 4864
891 8422 4866
892 8426 7946
893 8428 8612
894 8428 9612
895 8438 5766
896 8440 9146
897 8442 8904
898 8452 4638
899 8452 9668
900 8458 7910
901 8462 536
902 8480 4834
903 8482 9118
904 8482 9428
905 8488 7334
906 8510 4540
907 8520 8964
908 8522 8824
909 8522 9652
910 8526 9000
911 8532 4646
912 8540 8190
913 8546 8620
914 8558 9032
915 8560 5956
916 8562 9488
917 8576 6172
918 8590 9638
919 8596 9566
920 8598 8484
921 8600 8600
922 8604 244
923 8620 8820
924 8628 5680
925 8648 9308
926 8652 9272
927 8662 9116
928 8666 8722
929 8670 9082
930 8674 230
931 8674 9356
932 8676 9582
933 8686 8956
934 8692 6456
935 8694 4920
936 8694 8354
937 8694 9000
938 8700 270
939 8702 8624
940 8726 9502
941 8732 8692
942 8734 8762
943 8738 8752
944 8738 9700
945 8750 4612
946 8756 5168
947 8758 9398
948 8772 4944
949 8776 8414
950 8792 9530
951 8794 4712
952 8794 9842
953 8796 82
954 8800 8784
955 8814 8248
956 8820 5768
957 8820 5812
958 8822 4632
959 8826 5098
960 8826 8296
961 8828 9704
962 8832 9742
963 8832 9960
964 8834 5644
965 8840 6130
966 8842 5616
967 8842 9414
968 8842 9516
969 8844 9644
970 8850 8672
971 8852 8912
972 8852 9800
973 8854 32
974 8854 5744
975 8856 9366
976 8858 8258
977 8858 10146
978 8872 9598
979 8874 5516
980 8876 7286
981 8880 8660
982 8884 9774
983 8886 9706
984 8888 5374
985 8888 7342
986 8900 5386
987 8902 9586
988 8904 8814
989 8908 5950
990 8908 6204
991 8916 9090
992 8918 9692
993 8930 7244
994 8932 5324
995 8932 9852
996 8934 6370
997 8936 4716
998 8944 6466
999 8944 10028
1000 8946 8732
1001 8968 9334
1002 8970 8928
1003 8970 9090
1004 8976 4834
1005 8978 5936
1006 8982 94
1007 8982 8868
1008 8988 9590
1009 8992 4448
1010 9008 4534
1011 9010 6784
1012 9010 8604
1013 9012 4710
1014 9016 8882
1015 9020 8770
1016 9026 4682
1017 9028 5858
1018 9034 4830
1019 9046 9520
1020 9054 9158
1021 9072 9336
1022 9074 404
1023 9078 8198
1024 9080 8750
1025 9084 4796
1026 9092 5776
1027 9098 5760
1028 9102 7130
1029 9104 388
1030 9118 9342
1031 9120 5912
1032 9128 5782
1033 9132 5958
1034 9132 7448
1035 9132 8314
1036 9140 3872
1037 9152 9820
1038 9156 4654
1039 9164 9484
1040 9172 7060
1041 9174 8944
1042 9174 8976
1043 9174 9420
1044 9180 5502
1045 9186 366
1046 9190 14018
1047 9196 5936
1048 9204 9124
1049 9206 7882
1050 9214 6726
1051 9214 8108
1052 9216 12
1053 9220 4368
1054 9222 342
1055 9230 14274
1056 9238 5638
1057 9242 9520
1058 9246 9032
1059 9252 4326
1060 9256 38
1061 9258 8928
1062 9260 280
1063 9260 9018
1064 9262 5756
1065 9262 9348
1066 9266 9532
1067 9280 13966
1068 9282 9204
1069 9286 272
1070 9296 4604
1071 9298 4462
1072 9298 8996
1073 9304 4502
1074 9304 8998
1075 9322 9798
1076 9332 9230
1077 9334 8138
1078 9334 9524
1079 9338 9360
1080 9340 4440
1081 9348 9714
1082 9350 9482
1083 9364 10212
1084 9366 13808
1085 9372 4304
1086 9374 5492
1087 9376 9008
1088 9380 5558
1089 9396 6592
1090 9398 9510
1091 9400 9688
1092 9404 9810
1093 9406 9356
1094 9416 5532
1095 9422 9204
1096 9430 8746
1097 9430 13694
1098 9436 5464
1099 9442 5638
1100 9444 9176
1101 9446 13694
1102 9448 8802
1103 9454 9240
1104 9464 4242
1105 9466 0
1106 9466 5474
1107 9466 8126
1108 9472 6074
1109 9476 5116
1110 9478 8936
1111 9480 8078
1112 9488 8914
1113 9492 8144
1114 9502 464
1115 9504 8176
1116 9506 9146
1117 9508 9526
1118 9512 9022
1119 9516 6712
1120 9516 7958
1121 9516 9440
1122 9528 7592
1123 9530 8186
1124 9532 9298
1125 9534 8724
1126 9542 6434
1127 9544 5948
1128 9544 8084
1129 9548 7922
1130 9550 8088
1131 9556 8926
1132 9560 4288
1133 9562 218
1134 9564 4274
1135 9568 9426
1136 9576 9400
1137 9578 4300
1138 9578 9782
1139 9582 6722
1140 9586 9734
1141 9598 6038
1142 9604 9870
1143 9606 4886
1144 9610 9702
1145 9622 294
1146 9622 418
1147 9630 6988
1148 9634 9974
1149 9640 7698
1150 9640 9966
1151 9648 8394
1152 9648 13740
1153 9650 5666
1154 9650 6196
1155 9650 9038
1156 9654 8930
1157 9656 6192
1158 9658 8162
1159 9658 8932
1160 9662 260
1161 9662 8970
1162 9668 6144
1163 9672 7638
1164 9676 4716
1165 9704 6772
1166 9712 8088
1167 9720 7596
1168 9728 8022
1169 9730 6538
1170 9730 7798
1171 9730 8358
1172 9734 8136
1173 9736 8080
1174 9742 8172
1175 9752 9180
1176 9758 7810
1177 9764 6502
1178 9764 8036
1179 9772 4424
1180 9782 8872
1181 9784 8076
1182 9784 8772
1183 9786 9312
1184 9800 9418
1185 9802 8254
1186 9816 9242
1187 9832 8236
1188 9836 7128
1189 9838 9242
1190 9852 9698
1191 9864 9092
1192 9866 6186
1193 9880 7370
1194 9884 7318
1195 9898 7014
1196 9900 10038
1197 9904 8876
1198 9906 168
1199 9906 6190
1200 9912 10202
1201 9922 5376
1202 9942 8996
1203 9944 5624
1204 9954 10308
1205 9956 250
1206 9968 7836
1207 9982 10298
1208 9984 4380
1209 9990 9234
1210 9998 7496
1211 10004 4452
1212 10004 9346
1213 10014 194
1214 10026 8028
1215 10028 6984
1216 10036 9820
1217 10056 8318
1218 10062 6646
1219 10074 8024
1220 10078 9302
1221 10084 426
1222 10102 9126
1223 10110 7782
1224 10110 7916
1225 10114 7916
1226 10118 9992
1227 10120 7956
1228 10126 7250
1229 10126 7964
1230 10126 10062
1231 10130 548
1232 10130 7210
1233 10134 516
1234 10134 5678
1235 10134 9758
1236 10138 9070
1237 10146 9030
1238 10148 9746
1239 10150 7902
1240 10182 9012
1241 10188 514
1242 10194 10060
1243 10196 4542
1244 10204 6112
1245 10218 4672
1246 10218 9266
1247 10220 7802
1248 10226 6060
1249 10230 7836
1250 10234 6376
1251 10246 6622
1252 10248 8842
1253 10256 9036
1254 10268 7806
1255 10280 8982
1256 10294 7988
1257 10298 10398
1258 10304 6482
1259 10310 8000
1260 10314 9234
1261 10318 8602
1262 10320 7472
1263 10324 7994
1264 10328 6708
1265 10334 6742
1266 10336 8870
1267 10338 10424
1268 10354 7926
1269 10362 4592
1270 10362 13242
1271 10374 4806
1272 10380 5246
1273 10388 5260
1274 10388 7090
1275 10400 272
1276 10422 6724
1277 10434 6892
1278 10438 5132
1279 10442 7352
1280 10446 7586
1281 10448 298
1282 10456 7352
1283 10462 5180
1284 10468 6148
1285 10490 5178
1286 10496 7514
1287 10504 4994
1288 10508 5466
1289 10510 6960
1290 10524 7234
1291 10526 9692
1292 10528 6732
1293 10528 6916
1294 10534 7412
1295 10536 14246
1296 10540 9572
1297 10544 5474
1298 10544 7302
1299 10546 6936
1300 10550 5878
1301 10562 7616
1302 10568 8546
1303 10570 5774
1304 10574 7576
1305 10586 5492
1306 10594 8656
1307 10596 7522
1308 10602 10274
1309 10606 5226
1310 10608 9556
1311 10614 8398
1312 10628 5328
1313 10630 7590
1314 10636 8914
1315 10640 5102
1316 10642 5306
1317 10650 7610
1318 10652 7330
1319 10660 9170
1320 10666 5234
1321 10670 9762
1322 10678 6952
1323 10688 6976
1324 10692 5676
1325 10692 6406
1326 10696 9138
1327 10698 5466
1328 10706 7220
1329 10708 7224
1330 10712 8976
1331 10716 5656
1332 10724 7630
1333 10726 6954
1334 10726 7920
1335 10726 9448
1336 10734 7190
1337 10748 6812
1338 10766 9476
1339 10770 8260
1340 10770 9330
1341 10774 6186
1342 10784 9832
1343 10788 5198
1344 10792 5202
1345 10796 13242
1346 10800 5750
1347 10804 5032
1348 10820 9528
1349 10828 282
1350 10834 5450
1351 10838 6834
1352 10842 8018
1353 10844 5264
1354 10844 9234
1355 10856 7930
1356 10858 8410
1357 10876 9332
1358 10920 8186
1359 10920 8838
1360 10928 7144
1361 10936 398
1362 10938 5346
1363 10952 12044
1364 10954 4892
1365 10960 9206
1366 10968 4900
1367 10970 9092
1368 10976 2734
1369 10980 8084
1370 10984 8192
1371 10992 13340
1372 11004 8110
1373 11010 8092
1374 11010 8112
1375 11018 2786
1376 11018 7782
1377 11020 5712
1378 11020 8098
1379 11024 2790
1380 11036 5786
1381 11036 7978
1382 11052 5504
1383 11070 8070
1384 11072 5968
1385 11074 7822
1386 11088 8582
1387 11106 5004
1388 11108 7278
1389 11112 10316
1390 11114 8484
1391 11122 10336
1392 11124 8440
1393 11126 5248
1394 11132 1940
1395 11134 2566
1396 11136 5198
1397 11166 8190
1398 11170 7772
1399 11172 5924
1400 11172 6604
1401 11172 9020
1402 11174 5288
1403 11184 1990
1404 11184 7742
1405 11192 1850
1406 11204 6158
1407 11208 8416
1408 11208 13444
1409 11218 8326
1410 11218 8640
1411 11226 5618
1412 11228 5270
1413 11238 5052
1414 11238 5786
1415 11238 8504
1416 11238 10310
1417 11250 5976
1418 11256 2654
1419 11256 6582
1420 11262 5788
1421 11262 5842
1422 11264 5324
1423 11268 6784
1424 11272 304
1425 11272 5848
1426 11274 5828
1427 11276 5668
1428 11276 8638
1429 11286 5746
1430 11290 2472
1431 11298 7048
1432 11302 7366
1433 11312 7856
1434 11316 5998
1435 11326 8720
1436 11328 9572
1437 11330 8504
1438 11342 6060
1439 11348 5918
1440 11350 5996
1441 11352 10216
1442 11356 5632
1443 11360 5422
1444 11360 9750
1445 11362 5742
1446 11382 8068
1447 11400 5350
1448 11402 6506
1449 11402 9434
1450 11404 13632
1451 11408 5912
1452 11418 1990
1453 11432 8426
1454 11436 8312
1455 11442 7880
1456 11444 6650
1457 11446 5024
1458 11446 8318
1459 11454 7374
1460 11454 7840
1461 11458 5916
1462 11458 11962
1463 11470 7706
1464 11470 11436
1465 11472 5572
1466 11472 13972
1467 11474 5672
1468 11480 8538
1469 11488 2028
1470 11500 7652
1471 11508 11942
1472 11514 430
1473 11516 1980
1474 11522 4988
1475 11526 5766
1476 11528 8186
1477 11532 7686
1478 11536 8506
1479 11540 8518
1480 11560 3344
1481 11572 5476
1482 11574 4012
1483 11574 9810
1484 11592 4990
1485 11594 5584
1486 11610 5654
1487 11616 10756
1488 11624 5994
1489 11638 11416
1490 11644 5762
1491 11646 5692
1492 11656 334
1493 11670 6998
1494 11678 9128
1495 11686 3136
1496 11686 6080
1497 11688 10748
1498 11688 11384
1499 11696 6998
1500 11700 5894
1501 11700 11296
1502 11704 11818
1503 11714 2338
1504 11716 5714
1505 11716 5724
1506 11718 640
1507 11736 5816
1508 11738 8250
1509 11742 8336
1510 11750 5714
1511 11752 6768
1512 11754 6874
1513 11760 5810
1514 11762 10016
1515 11768 4950
1516 11774 10008
1517 11780 5436
1518 11788 7616
1519 11796 5430
1520 11800 2868
1521 11804 5696
1522 11812 10118
1523 11814 12764
1524 11822 5898
1525 11828 5650
1526 11830 5668
1527 11830 10366
1528 11844 12350
1529 11850 14212
1530 11852 5500
1531 11860 4876
1532 11870 5822
1533 11872 5500
1534 11874 5720
1535 11888 4866
1536 11890 9894
1537 11898 4856
1538 11902 11950
1539 11904 5348
1540 11906 5762
1541 11918 9482
1542 11920 10640
1543 11924 9734
1544 11930 10518
1545 11934 8090
1546 11938 10552
1547 11942 9692
1548 11950 10654
1549 11952 5844
1550 11958 13784
1551 11962 12090
1552 11966 5386
1553 11966 9724
1554 11968 4862
1555 11970 12638
1556 11984 5410
1557 11984 9408
1558 11986 13790
1559 11992 10086
1560 11996 5522
1561 12004 4846
1562 12006 14084
1563 12018 10420
1564 12024 12662
1565 12030 5676
1566 12030 10524
1567 12032 8974
1568 12036 5330
1569 12044 5736
1570 12050 13878
1571 12062 9778
1572 12062 10510
1573 12074 14252
1574 12080 562
1575 12080 9564
1576 12086 5920
1577 12092 5512
1578 12092 9082
1579 12092 11004
1580 12094 4768
1581 12102 5344
1582 12104 5800
1583 12106 14096
1584 12110 5238
1585 12112 492
1586 12112 12086
1587 12118 5690
1588 12120 14172
1589 12124 5218
1590 12124 5782
1591 12138 14222
1592 12144 10718
1593 12146 11948
1594 12156 13866
1595 12160 5172
1596 12168 9224
1597 12172 8390
1598 12184 520
1599 12186 5752
1600 12192 9680
1601 12192 13964
1602 12198 4746
1603 12198 5524
1604 12206 5654
1605 12208 11600
1606 12210 9918
1607 12214 5298
1608 12230 9802
1609 12234 10382
1610 12240 5370
1611 12252 2
1612 12266 9772
1613 12272 5646
1614 12276 9374
1615 12278 14356
1616 12282 404
1617 12284 5242
1618 12300 4816
1619 12308 14124
1620 12324 406
1621 12328 5052
1622 12334 7956
1623 12342 5780
1624 12350 5442
1625 12350 7132
1626 12350 8996
1627 12358 5584
1628 12370 14192
1629 12376 11440
1630 12378 242
1631 12382 7122
1632 12386 5674
1633 12400 5596
1634 12406 14088
1635 12408 5670
1636 12408 8970
1637 12408 10712
1638 12418 7154
1639 12426 14398
1640 12428 5714
1641 12452 4648
1642 12462 6848
1643 12476 14126
1644 12482 10510
1645 12492 14020
1646 12494 5390
1647 12504 10774
1648 12508 4732
1649 12510 5120
1650 12520 5226
1651 12524 4752
1652 12526 5320
1653 12528 4608
1654 12536 7082
1655 12542 14392
1656 12558 10894
1657 12562 8276
1658 12576 7864
1659 12576 8806
1660 12580 14238
1661 12582 5498
1662 12584 7404
1663 12586 8742
1664 12610 5494
1665 12612 4736
1666 12630 5480
1667 12642 5396
1668 12642 14362
1669 12648 9218
1670 12660 5986
1671 12662 5368
1672 12664 6008
1673 12666 3854
1674 12668 5590
1675 12670 4660
1676 12682 5280
1677 12686 5632
1678 12698 9472
1679 12702 14010
1680 12706 6414
1681 12706 7182
1682 12710 4678
1683 12710 5100
1684 12724 6034
1685 12730 4616
1686 12734 5514
1687 12736 9040
1688 12752 9432
1689 12756 6834
1690 12758 4970
1691 12758 14232
1692 12760 5088
1693 12762 8126
1694 12778 8996
1695 12786 5570
1696 12796 6272
1697 12804 8542
1698 12806 7282
1699 12824 5812
1700 12836 9922
1701 12840 5134
1702 12844 5232
1703 12844 14178
1704 12848 5326
1705 12848 5488
1706 12848 5538
1707 12866 5580
1708 12866 5584
1709 12866 13868
1710 12868 9088
1711 12874 14354
1712 12882 5830
1713 12890 10558
1714 12898 14122
1715 12930 5730
1716 12932 9404
1717 12940 13132
1718 12950 9624
1719 12954 9220
1720 12956 8954
1721 12958 7962
1722 12958 11812
1723 12964 6464
1724 12964 9056
1725 12968 5648
1726 12984 5248
1727 12984 7274
1728 12994 5052
1729 13002 5546
1730 13002 6482
1731 13006 5830
1732 13020 5762
1733 13028 6280
1734 13032 5006
1735 13040 4326
1736 13042 4360
1737 13054 7282
1738 13060 5418
1739 13064 5370
1740 13066 11664
1741 13072 9274
1742 13076 5458
1743 13076 5812
1744 13084 8920
1745 13086 11656
1746 13090 9182
1747 13096 7058
1748 13104 10238
1749 13106 5832
1750 13106 14086
1751 13110 13040
1752 13116 3618
1753 13124 5524
1754 13132 5866
1755 13138 8276
1756 13142 4970
1757 13142 5086
1758 13144 4774
1759 13148 3616
1760 13150 9138
1761 13154 5546
1762 13156 7222
1763 13170 4924
1764 13174 11738
1765 13182 4870
1766 13184 13058
1767 13184 13118
1768 13194 5438
1769 13196 5484
1770 13198 9330
1771 13206 9154
1772 13208 6244
1773 13214 4666
1774 13216 6844
1775 13218 8556
1776 13230 12946
1777 13234 5844
1778 13236 8864
1779 13238 8674
1780 13240 5136
1781 13240 11760
1782 13252 4898
1783 13254 4218
1784 13254 5404
1785 13258 14380
1786 13264 4918
1787 13270 9018
1788 13282 13262
1789 13286 7042
1790 13294 5666
1791 13298 5684
1792 13298 11678
1793 13310 5414
1794 13310 9166
1795 13330 3442
1796 13336 11806
1797 13338 5694
1798 13340 5698
1799 13344 7972
1800 13344 11746
1801 13350 5866
1802 13352 3694
1803 13354 13100
1804 13358 5716
1805 13366 4990
1806 13366 5494
1807 13368 3708
1808 13372 4258
1809 13372 9162
1810 13378 13420
1811 13384 9304
1812 13388 3560
1813 13390 4192
1814 13400 5374
1815 13414 6006
1816 13420 3558
1817 13430 7096
1818 13434 13084
1819 13440 5878
1820 13446 4338
1821 13446 9496
1822 13452 6078
1823 13458 3608
1824 13458 5922
1825 13458 11794
1826 13462 3800
1827 13464 3932
1828 13484 5864
1829 13488 13158
1830 13496 3630
1831 13500 3544
1832 13516 4850
1833 13516 8852
1834 13520 12926
1835 13524 4594
1836 13536 3508
1837 13536 3522
1838 13538 11780
1839 13540 11758
1840 13540 12116
1841 13544 11790
1842 13552 3684
1843 13552 14178
1844 13554 9684
1845 13566 14200
1846 13574 4148
1847 13574 4488
1848 13586 13004
1849 13596 1224
1850 13596 7912
1851 13604 12048
1852 13608 5924
1853 13614 8842
1854 13624 5830
1855 13626 3382
1856 13626 5726
1857 13632 8656
1858 13642 4692
1859 13644 7052
1860 13646 4082
1861 13666 4700
1862 13672 6056
1863 13676 5840
1864 13682 3836
1865 13682 7750
1866 13684 8958
1867 13684 12058
1868 13698 6094
1869 13698 7300
1870 13708 4458
1871 13708 9898
1872 13714 5988
1873 13726 12416
1874 13730 12416
1875 13734 5754
1876 13734 12424
1877 13738 12134
1878 13748 11732
1879 13748 13050
1880 13760 6010
1881 13768 7188
1882 13768 11636
1883 13780 5998
1884 13784 6110
1885 13784 13030
1886 13788 8096
1887 13794 3606
1888 13810 3274
1889 13814 9042
1890 13818 900
1891 13820 9926
1892 13826 7342
1893 13828 9850
1894 13834 6028
1895 13836 7596
1896 13842 11710
1897 13856 9868
1898 13866 3144
1899 13870 4436
1900 13870 9850
1901 13876 6678
1902 13878 13500
1903 13888 3284
1904 13892 4564
1905 13896 5964
1906 13904 11666
1907 13912 6102
1908 13914 12086
1909 13918 11824
1910 13920 9986
1911 13920 10006
1912 13922 3238
1913 13930 1300
1914 13936 7812
1915 13938 9908
1916 13944 4298
1917 13958 854
1918 13964 5954
1919 13968 9934
1920 13978 11906
1921 13992 9192
1922 14002 13278
1923 14006 5990
1924 14014 4490
1925 14014 5928
1926 14014 12924
1927 14018 5874
1928 14022 8264
1929 14026 8940
1930 14030 10000
1931 14032 4298
1932 14034 7546
1933 14040 7560
1934 14044 6038
1935 14046 3596
1936 14048 4498
1937 14050 3202
1938 14050 9516
1939 14058 4394
1940 14096 3348
1941 14108 6858
1942 14108 14302
1943 14110 9814
1944 14112 3500
1945 14116 5884
1946 14140 4488
1947 14142 9096
1948 14144 3368
1949 14152 7174
1950 14154 9016
1951 14160 9076
1952 14162 3588
1953 14164 5550
1954 14174 3758
1955 14174 5456
1956 14176 3432
1957 14186 4262
1958 14190 9698
1959 14192 4000
1960 14194 4104
1961 14202 5950
1962 14212 3998
1963 14218 3928
1964 14220 4400
1965 14228 750
1966 14228 14152
1967 14230 4112
1968 14246 9014
1969 14250 3940
1970 14262 4020
1971 14264 13196
1972 14270 3326
1973 14270 11652
1974 14284 10844
1975 14286 3664
1976 14300 5820
1977 14314 9562
1978 14330 4118
1979 14332 3852
1980 14334 8316
1981 14344 8976
1982 14348 3120
1983 14356 4066
1984 14374 3754
1985 14374 3784
1986 14384 3746
1987 14396 9346
1988 14400 7284
1989 14412 3042
1990 14420 3838
1991 14424 3786
1992 14432 9212
1993 14438 3522
1994 14440 3226
1995 14448 8498
1996 14456 8374
1997 14470 3198
1998 14472 13012
1999 14486 3432
2000 14486 8796
2001 14494 2892
2002 14496 5488
2003 14504 5474
2004 14528 3370
2005 14552 3608
2006 14562 2912
2007 14562 3138
2008 14566 8562
2009 14572 13078
2010 14610 3320
2011 14614 9786
2012 14620 5636
2013 14624 2932
2014 14628 3586
2015 14628 3804
2016 14636 2860
2017 14660 7928
2018 14674 7748
2019 14680 1104
2020 14698 3196
2021 14706 10432
2022 14712 3246
2023 14716 734
2024 14722 478
2025 14738 10030
2026 14746 8464
2027 14752 6034
2028 14766 6070
2029 14770 508
2030 14774 8376
2031 14788 3366
2032 14794 464
2033 14802 12846
2034 14808 3158
2035 14820 582
2036 14850 5710
2037 14852 2846
2038 14852 3270
2039 14854 12162
2040 14858 2996
2041 14880 2932
2042 14884 3142
2043 14888 10570
2044 14890 3062
2045 14892 3050
2046 14900 2988
2047 14910 8534
2048 14950 9796
2049 14960 1306
2050 14960 10074
2051 14968 3568
2052 14974 2734
2053 14990 10412
2054 14994 13838
2055 14998 872
2056 14998 2748
2057 15008 8874
2058 15010 852
2059 15016 10394
2060 15024 9094
2061 15026 3064
2062 15032 6074
2063 15036 8840
2064 15046 4980
2065 15046 7296
2066 15054 990
2067 15058 522
2068 15066 6220
2069 15072 928
2070 15074 2742
2071 15086 10592
2072 15090 13928
2073 15094 2694
2074 15094 13870
2075 15102 1260
2076 15104 736
2077 15106 7946
2078 15108 966
2079 15120 602
2080 15120 7896
2081 15124 7346
2082 15138 12454
2083 15156 8840
2084 15160 7342
2085 15168 642
2086 15168 4836
2087 15188 10044
2088 15198 5900
2089 15224 5122
2090 15226 5186
2091 15230 1208
2092 15236 9614
2093 15254 2470
2094 15258 8526
2095 15266 1346
2096 15268 6608
2097 15288 5654
2098 15318 13900
2099 15324 1300
2100 15332 9184
2101 15350 3296
2102 15358 8054
2103 15408 7350
2104 15408 7372
2105 15424 5954
2106 15434 7412
2107 15450 2478
2108 15460 8932
2109 15464 3024
2110 15482 9436
2111 15492 5868
2112 15504 9648
2113 15508 6242
2114 15514 2986
2115 15514 5950
2116 15532 8794
2117 15536 2326
2118 15538 6084
2119 15542 14370
2120 15544 5778
2121 15564 8738
2122 15576 1462
2123 15578 8076
2124 15582 5914
2125 15582 14104
2126 15584 9920
2127 15588 2492
2128 15604 1424
2129 15610 7392
2130 15616 14092
2131 15622 1456
2132 15622 5774
2133 15646 9410
2134 15650 5900
2135 15654 6356
2136 15664 9270
2137 15678 5944
2138 15678 6972
2139 15702 2718
2140 15702 7100
2141 15702 7154
2142 15712 9132
2143 15722 2474
2144 15724 2280
2145 15728 2218
2146 15734 4506
2147 15736 1754
2148 15736 1878
2149 15736 2584
2150 15742 13794
2151 15746 7908
2152 15756 6524
2153 15770 7436
2154 15776 8508
2155 15778 8896
2156 15790 13478
2157 15792 10184
2158 15798 7346
2159 15798 7376
2160 15798 10648
2161 15806 7286
2162 15812 7890
2163 15824 7266
2164 15828 1846
2165 15828 3160
2166 15834 8480
2167 15836 1778
2168 15838 11058
2169 15840 1424
2170 15842 14178
2171 15848 7254
2172 15852 7332
2173 15858 9336
2174 15860 10222
2175 15888 7322
2176 15888 8420
2177 15890 5798
2178 15900 2734
2179 15904 2812
2180 15904 7264
2181 15906 8906
2182 15918 9506
2183 15920 10228
2184 15922 6600
2185 15924 2912
2186 15930 6330
2187 15932 6744
2188 15932 9496
2189 15938 4310
2190 15942 1488
2191 15944 1484
2192 15954 7924
2193 15962 6736
2194 15978 7476
2195 15986 9964
2196 15990 6724
2197 15992 7968
2198 16004 3030
2199 16008 6254
2200 16020 3094
2201 16020 4472
2202 16024 9902
2203 16036 9820
2204 16042 2792
2205 16076 6974
2206 16076 8750
2207 16086 9852
2208 16088 6460
2209 16096 8272
2210 16102 8608
2211 16104 5452
2212 16122 9874
2213 16152 12568
2214 16156 1804
2215 16156 5750
2216 16158 8250
2217 16166 6020
2218 16178 7984
2219 16180 9934
2220 16184 7604
2221 16190 9860
2222 16204 6278
2223 16228 9370
2224 16240 13614
2225 16252 3040
2226 16262 13956
2227 16272 8150
2228 16288 6736
2229 16294 8230
2230 16298 9388
2231 16352 9718
2232 16360 5334
2233 16362 8954
2234 16368 6450
2235 16388 9748
2236 16394 8674
2237 16400 2952
2238 16402 6450
2239 16426 7972
2240 16434 4882
2241 16460 2660
2242 16466 9956
2243 16472 9474
2244 16482 10182
2245 16500 6468
2246 16502 10900
2247 16524 6446
2248 16524 9078
2249 16526 8648
2250 16552 9796
2251 16566 2630
2252 16566 14268
2253 16572 7088
2254 16574 7400
2255 16574 14036
2256 16590 5674
2257 16618 4324
2258 16628 13904
2259 16636 6526
2260 16654 13932
2261 16668 4398
2262 16672 10292
2263 16678 8426
2264 16680 13992
2265 16688 11070
2266 16694 2646
2267 16696 14042
2268 16700 13964
2269 16714 7550
2270 16716 8374
2271 16724 5390
2272 16724 13928
2273 16726 10268
2274 16728 10252
2275 16742 7284
2276 16758 10300
2277 16764 9248
2278 16768 5484
2279 16774 10106
2280 16792 8490
2281 16802 14028
2282 16808 8256
2283 16822 8646
2284 16824 9824
2285 16834 2608
2286 16836 6648
2287 16840 7870
2288 16848 2706
2289 16854 2618
2290 16858 2468
2291 16860 9452
2292 16866 7680
2293 16874 2454
2294 16874 2700
2295 16886 2418
2296 16890 6020
2297 16894 2500
2298 16918 8984
2299 16918 10102
2300 16920 10044
2301 16930 8314
2302 16938 9742
2303 16940 8282
2304 16940 14130
2305 16942 2586
2306 16946 6026
2307 16946 11164
2308 16948 2640
2309 16948 4708
2310 16956 8572
2311 16972 13984
2312 16978 10304
2313 16984 7852
2314 16984 10002
2315 17014 2400
2316 17014 12738
2317 17016 4726
2318 17018 9996
2319 17036 11144
2320 17038 8644
2321 17042 8608
2322 17046 7866
2323 17050 8188
2324 17066 6202
2325 17092 10032
2326 17096 8400
2327 17100 11012
2328 17106 7320
2329 17108 8670
2330 17122 5570
2331 17122 8830
2332 17140 5268
2333 17152 9654
2334 17156 8454
2335 17156 8552
2336 17158 8708
2337 17164 10564
2338 17170 9140
2339 17170 9240
2340 17170 11006
2341 17172 9574
2342 17186 8258
2343 17186 8542
2344 17194 7338
2345 17200 5708
2346 17204 8564
2347 17204 13978
2348 17206 14250
2349 17220 5082
2350 17224 5250
2351 17230 10750
2352 17232 8500
2353 17238 10204
2354 17240 8144
2355 17242 7074
2356 17248 8612
2357 17250 6682
2358 17262 9708
2359 17264 6972
2360 17300 8540
2361 17308 8202
2362 17322 6746
2363 17326 8386
2364 17360 9344
2365 17362 5266
2366 17372 7838
2367 17382 7856
2368 17386 6934
2369 17386 8610
2370 17388 6310
2371 17388 10010
2372 17390 8558
2373 17396 9060
2374 17404 4678
2375 17428 8872
2376 17452 6810
2377 17454 8882
2378 17458 5990
2379 17464 10916
2380 17476 8888
2381 17480 8552
2382 17490 6914
2383 17508 7636
2384 17512 5450
2385 17524 3810
2386 17524 8338
2387 17532 6978
2388 17540 9490
2389 17548 6774
2390 17554 3788
2391 17568 9488
2392 17570 3870
2393 17584 6912
2394 17590 5118
2395 17596 6832
2396 17598 8442
2397 17606 8840
2398 17606 9718
2399 17606 10654
2400 17612 8492
2401 17614 6946
2402 17618 6478
2403 17620 8586
2404 17624 5126
2405 17626 9304
2406 17632 5212
2407 17632 9508
2408 17636 10244
2409 17646 9732
2410 17662 8580
2411 17676 9948
2412 17680 2760
2413 17702 5768
2414 17702 8302
2415 17718 9466
2416 17720 9454
2417 17722 8500
2418 17732 3628
2419 17734 2826
2420 17734 6980
2421 17742 7832
2422 17750 10554
2423 17764 5672
2424 17806 6082
2425 17808 6068
2426 17846 2762
2427 17856 5726
2428 17858 2878
2429 17868 4038
2430 17874 6062
2431 17880 2708
2432 17890 5552
2433 17906 8410
2434 17932 4974
2435 17948 3118
2436 17952 4950
2437 17954 5432
2438 17974 7544
2439 18010 8450
2440 18016 5222
2441 18020 7056
2442 18020 8542
2443 18030 8494
2444 18046 5594
2445 18052 5824
2446 18054 5820
2447 18058 5162
2448 18060 5330
2449 18082 10338
2450 18098 6190
2451 18112 8466
2452 18130 9314
2453 18132 6152
2454 18152 9740
2455 18166 5904
2456 18172 6682
2457 18210 5032
2458 18210 7812
2459 18222 5306
2460 18224 9962
2461 18236 5784
2462 18254 5278
2463 18262 5330
2464 18262 6064
2465 18262 8056
2466 18266 6134
2467 18274 5652
2468 18284 8884
2469 18284 10706
2470 18286 11228
2471 18290 4220
2472 18306 3782
2473 18306 5262
2474 18316 5186
2475 18334 8436
2476 18338 9170
2477 18352 9728
2478 18358 10132
2479 18360 4772
2480 18360 5438
2481 18370 8840
2482 18392 8924
2483 18396 1688
2484 18408 4652
2485 18410 5326
2486 18418 8450
2487 18422 8876
2488 18426 1674
2489 18434 9662
2490 18444 9882
2491 18448 5164
2492 18458 2208
2493 18462 4670
2494 18502 9558
2495 18504 8404
2496 18518 4614
2497 18520 10080
2498 18522 7270
2499 18542 9516
2500 18542 9676
2501 18548 4580
2502 18550 1878
2503 18550 9854
2504 18554 9818
2505 18570 9580
2506 18572 7264
2507 18576 1900
2508 18578 3604
2509 18592 4004
2510 18600 9718
2511 18622 9762
2512 18626 9254
2513 18628 9264
2514 18630 5272
2515 18632 9448
2516 18634 11942
2517 18646 10126
2518 18656 5224
2519 18664 3984
2520 18666 4876
2521 18670 5538
2522 18670 5782
2523 18672 9752
2524 18698 5788
2525 18704 6330
2526 18706 9278
2527 18730 7614
2528 18736 7768
2529 18756 5066
2530 18762 4836
2531 18792 5228
2532 18804 9678
2533 18816 2946
2534 18864 2446
2535 18870 1012
2536 18874 5484
2537 18876 988
2538 18896 5878
2539 18900 2406
2540 18970 688
2541 18972 10224
2542 18974 6622
2543 18994 7622
2544 18996 9714
2545 19010 7094
2546 19014 2708
2547 19016 7200
2548 19020 3726
2549 19020 7138
2550 19032 4152
2551 19050 3468
2552 19072 5810
2553 19074 8206
2554 19120 9322
2555 19148 1766
2556 19148 3266
2557 19160 5578
2558 19184 2528
2559 19202 2772
2560 19210 8736
2561 19224 1740
2562 19238 4000
2563 19238 8468
2564 19252 1740
2565 19274 6220
2566 19298 8978
2567 19340 660
2568 19364 2248
2569 19390 10990
2570 19398 870
2571 19400 6624
2572 19402 2164
2573 19434 6740
2574 19438 1642
2575 19464 958
2576 19486 2004
2577 19490 2164
2578 19490 2228
2579 19496 2730
2580 19516 2556
2581 19520 2800
2582 19524 9126
2583 19532 12410
2584 19536 7122
2585 19578 2336
2586 19580 9454
2587 19620 988
2588 19634 962
2589 19650 13698
2590 19658 6738
2591 19666 986
2592 19678 1168
2593 19678 2028
2594 19698 1116
2595 19710 9844
2596 19732 2810
2597 19740 1138
2598 19746 1796
2599 19746 7080
2600 19768 6804
2601 19784 4110
2602 19784 10286
2603 19786 8062
2604 19818 2638
2605 19820 2624
2606 19822 1628
2607 19856 5348
2608 19864 3590
2609 19866 1422
2610 19872 5908
2611 19884 1154
2612 19924 5900
2613 19930 1178
2614 19930 1680
2615 19950 5398
2616 19970 6474
2617 19972 4058
2618 19992 5284
2619 19998 1360
2620 20010 9734
2621 20058 1644
2622 20086 7998
2623 20088 9074
2624 20100 1380
2625 20106 1442
2626 20120 6968
2627 20124 1552
2628 20132 1276
2629 20138 1426
2630 20164 2536
2631 20166 1218
2632 20166 7018
2633 20166 8542
2634 20170 5418
2635 20172 7020
2636 20200 6468
2637 20202 1562
2638 20224 1300
2639 20226 1296
2640 20242 6320
2641 20294 1312
2642 20298 1204
2643 20316 10572
2644 20320 11284
2645 20332 1168
2646 20364 10808
2647 20364 11572
2648 20366 8308
2649 20388 8274
2650 20390 1172
2651 20390 3610
2652 20390 12578
2653 20418 8284
2654 20432 14016
2655 20446 5872
2656 20460 3082
2657 20480 3078
2658 20482 5008
2659 20484 12602
2660 20500 8856
2661 20512 5860
2662 20516 12354
2663 20554 5046
2664 20554 12672
2665 20564 12540
2666 20576 3706
2667 20580 7848
2668 20604 2958
2669 20606 3816
2670 20634 12566
2671 20684 7562
2672 20686 6346
2673 20692 3658
2674 20734 4454
2675 20750 6328
2676 20760 12484
2677 20772 4426
2678 20772 12604
2679 20776 12466
2680 20806 7730
2681 20806 7754
2682 20816 4250
2683 20826 14074
2684 20832 14028
2685 20850 2822
2686 20850 3702
2687 20860 14042
2688 20888 3976
2689 20912 6142
2690 20914 6564
2691 20936 5396
2692 20948 5304
2693 20948 14084
2694 21126 11192
2695 21128 8840
2696 21156 11270
2697 21180 5220
2698 21194 4140
2699 21196 5148
2700 21208 10228
2701 21212 6238
2702 21222 10736
2703 21226 4912
2704 21232 13688
2705 21258 11210
2706 21272 5838
2707 21294 4122
2708 21302 6196
2709 21316 5148
2710 21340 13576
2711 21354 3596
2712 21356 3840
2713 21398 8138
2714 21452 5104
2715 21506 9210
2716 21518 6910
2717 21522 2930
2718 21530 2518
2719 21530 5428
2720 21536 5164
2721 21552 7368
2722 21580 5344
2723 21602 10258
2724 21608 5478
2725 21610 8834
2726 21614 5448
2727 21642 4748
2728 21710 6002
2729 21772 4980
2730 21794 2268
2731 21796 5034
2732 21816 3420
2733 21824 5422
2734 21828 1406
2735 21850 3420
2736 21886 5180
2737 21896 3302
2738 21898 7332
2739 21920 1370
2740 21936 4868
2741 21946 6286
2742 21974 7612
2743 22046 2006
2744 22052 2018
2745 22052 13396
2746 22098 6128
2747 22100 3438
2748 22118 5054
2749 22130 6336
2750 22136 1688
2751 22162 6300
2752 22180 1862
2753 22210 1230
2754 22218 2132
2755 22220 1468
2756 22224 1536
2757 22234 5862
2758 22240 1420
2759 22242 1410
2760 22242 5908
2761 22262 8502
2762 22272 1482
2763 22316 530
2764 22316 5818
2765 22348 1382
2766 22366 3290
2767 22416 10730
2768 22428 10744
2769 22432 1060
2770 22438 1864
2771 22448 1060
2772 22450 6704
2773 22464 10674
2774 22476 10034
2775 22482 3890
2776 22488 10764
2777 22496 10298
2778 22504 6712
2779 22510 5276
2780 22520 5778
2781 22520 10748
2782 22560 6696
2783 22562 10736
2784 22570 10738
2785 22580 5572
2786 22588 1446
2787 22592 4110
2788 22594 8572
2789 22608 812
2790 22614 6136
2791 22644 2526
2792 22652 10822
2793 22664 3102
2794 22674 1442
2795 22684 1120
2796 22690 2996
2797 22696 1112
2798 22698 3134
2799 22704 10694
2800 22712 13026
2801 22728 1134
2802 22728 1354
2803 22764 4336
2804 22768 2246
2805 22770 620
2806 22778 3002
2807 22804 2408
2808 22814 904
2809 22820 4458
2810 22824 224
2811 22844 56
2812 22846 1366
2813 22852 2158
2814 22860 1578
2815 22862 1114
2816 22874 13860
2817 22918 840
2818 22946 2542
2819 22948 10220
2820 22960 720
2821 22964 1748
2822 22966 13076
2823 22968 13098
2824 22986 1082
2825 22986 1146
2826 23072 10946
2827 23082 14222
2828 23108 3024
2829 23112 1418
2830 23120 3140
2831 23148 4694
2832 23160 8326
2833 23184 5002
2834 23198 8570
2835 23212 5328
2836 23214 5004
2837 23218 2998
2838 23226 7202
2839 23242 8532
2840 23272 5520
2841 23284 2510
2842 23284 3138
2843 23304 1172
2844 23308 1220
2845 23308 3124
2846 23394 3132
2847 23408 1094
2848 23420 1044
2849 23430 930
2850 23448 3070
2851 23450 3018
2852 23454 3092
2853 23464 2514
2854 23468 334
2855 23478 1140
2856 23570 2918
2857 23582 2904
2858 23594 2680
2859 23604 8838
2860 23622 6804
2861 23654 2830
2862 23680 14070
2863 23692 2920
2864 23734 2830
2865 23734 14326
2866 23776 2570
2867 23782 2528
2868 23800 3038
2869 23800 14358
2870 23808 482
2871 23810 740
2872 23822 14316
2873 23832 2084
2874 23846 2890
2875 23904 13622
2876 23910 14286
2877 23912 14390
2878 23952 2052
2879 23966 8760
2880 24006 10114
2881 24008 2038
2882 24024 2580
2883 24028 2780
2884 24044 2812
2885 24044 8272
2886 24046 6412
2887 24050 14322
2888 24062 9232
2889 24068 14044
2890 24080 14188
2891 24086 14182
2892 24088 8670
2893 24102 8232
2894 24108 8358
2895 24112 2402
2896 24116 11490
2897 24120 7638
2898 24132 1756
2899 24136 10500
2900 24146 14358
2901 24158 11532
2902 24166 14026
2903 24170 730
2904 24176 6760
2905 24196 216
2906 24198 184
2907 24206 14342
2908 24208 14286
2909 24212 8714
2910 24220 8692
2911 24238 1128
2912 24264 14300
2913 24268 8700
2914 24280 926
2915 24282 14262
2916 24284 2238
2917 24288 8636
2918 24288 14222
2919 24298 8642
2920 24300 8596
2921 24302 14350
2922 24306 8676
2923 24306 12174
2924 24312 2966
2925 24314 2500
2926 24322 8678
2927 24324 1506
2928 24336 540
2929 24348 6246
2930 24354 2990
2931 24358 594
2932 24370 6192
2933 24382 11448
2934 24394 8702
2935 24396 1620
2936 24396 6182
2937 24410 14240
2938 24420 14328
2939 24428 1634
2940 24448 572
2941 24456 2432
2942 24462 11420
2943 24466 2724
2944 24466 14134
2945 24486 14138
2946 24488 8594
2947 24496 7222
2948 24502 6338
2949 24512 8728
2950 24512 9832
2951 24516 2298
2952 24528 7268
2953 24568 7840
2954 24578 9818
2955 24610 2030
2956 24612 14352
2957 24614 9764
2958 24614 14356
2959 24616 1438
2960 24630 1432
2961 24660 11366
2962 24664 3034
2963 24670 2946
2964 24696 2970
2965 24716 7078
2966 24726 3052
2967 24730 1282
2968 24748 13536
2969 24810 1248
2970 24838 470
2971 24844 1262
2972 24852 1410
2973 24882 3098
2974 24906 13758
2975 24984 13880
2976 25020 1014
2977 25118 1126
2978 25166 6590
2979 25208 3210
2980 25210 494
2981 25216 6518
2982 25218 3258
2983 25220 3204
2984 25256 2840
2985 25356 10034
2986 25376 2058
2987 25400 2228
2988 25402 14360
2989 25406 690
2990 25444 3340
2991 25460 1168
2992 25468 10992
2993 25488 1074
2994 25504 7648
2995 25518 1048
2996 25550 1278
2997 25576 6376
2998 25588 2672
2999 25594 2664
6 5 3 1 36 8 9 
5 20 11 0 2 21 
3 1 7 4 
4 6 7 0 5 
4 2 16 89 122 
3 3 0 10 
4 22 3 15 18 
3 2 3 13 
3 9 0 12 
3 10 0 8 
3 14 5 9 
4 56 71 107 1 
3 8 44 19 
4 47 16 7 25 
3 15 10 17 
4 6 14 30 31 
3 57 4 13 
3 14 19 23 
3 26 6 38 
3 17 12 44 
3 95 1 116 
3 1 34 86 
3 24 25 6 
3 30 17 44 
3 27 22 29 
3 35 13 22 
4 33 28 18 108 
3 40 24 29 
4 32 42 29 26 
4 41 27 24 28 
3 15 23 55 
4 38 15 87 100 
4 73 78 28 33 
3 32 26 108 
3 49 21 150 
3 39 25 37 
3 52 0 183 
3 35 40 51 
3 18 31 134 
3 47 35 65 
3 37 27 46 
6 48 43 29 63 72 54 
3 91 60 28 
3 46 41 45 
4 23 19 12 52 
3 53 43 48 
3 50 40 43 
3 57 13 39 
3 45 41 62 
4 137 129 86 34 
3 51 46 53 
4 37 50 61 79 
3 44 36 81 
3 58 50 45 
3 66 41 84 
3 30 88 98 
3 154 11 105 
5 64 67 16 47 80 
3 61 53 59 
3 58 62 68 
3 72 63 42 
3 51 58 70 
3 59 48 66 
3 41 60 72 
4 69 67 57 112 
3 74 39 76 
3 62 54 77 
3 89 57 64 
3 59 77 75 
3 85 64 146 
3 83 61 75 
4 227 151 117 11 
4 41 63 60 84 
3 115 32 92 
3 80 65 103 
3 70 68 93 
3 111 65 79 
3 68 66 93 
3 115 99 32 
3 76 51 83 
3 90 57 74 
3 82 52 183 
3 88 81 120 
3 79 70 96 
3 54 72 91 
3 131 89 69 
3 116 21 49 
3 31 125 100 
3 98 55 82 
4 122 4 67 85 
3 114 80 97 
4 123 93 84 42 
3 109 73 133 
4 94 75 77 91 
3 101 96 93 
3 104 20 147 
3 83 94 101 
3 113 90 103 
3 55 88 102 
4 106 124 78 119 
3 31 87 167 
3 110 96 94 
3 98 121 125 
3 97 74 118 
3 158 105 95 
3 160 56 104 
3 145 127 99 
2 248 11 
3 33 26 138 
3 115 92 133 
3 111 101 123 
3 118 76 110 
3 146 64 114 
3 153 179 97 
3 146 112 90 
5 128 78 73 109 194 
3 147 20 86 
3 142 379 71 
3 103 111 132 
3 252 99 128 
3 121 82 170 
3 135 102 120 
3 4 89 131 
3 110 91 126 
3 136 126 99 
3 87 102 166 
3 130 123 124 
3 140 136 106 
3 204 119 115 
3 155 49 137 
3 141 132 126 
3 122 85 150 
3 144 118 130 
3 109 92 143 
3 138 38 163 
3 164 121 171 
3 178 124 127 
3 129 49 214 
3 139 108 134 
3 143 138 182 
3 216 127 145 
3 152 149 130 
3 156 148 117 
3 133 139 161 
3 153 132 149 
3 187 140 106 
4 172 69 112 114 
3 95 116 157 
3 206 379 142 
3 152 144 141 
3 34 131 168 
3 223 156 71 
3 188 149 141 
3 184 113 144 
3 162 159 56 
3 157 129 203 
3 213 142 151 
3 165 147 155 
3 177 160 104 
3 217 154 162 
3 177 105 158 
3 194 143 197 
3 159 154 174 
3 134 167 208 
3 166 135 171 
3 189 157 246 
3 169 125 164 
3 163 100 175 
3 150 172 176 
4 173 175 166 192 
3 171 120 183 
4 164 135 170 196 
3 168 146 180 
3 198 169 192 
3 221 162 177 
3 208 167 169 
3 240 168 181 
4 174 160 158 191 
3 215 202 136 
3 190 113 186 
4 181 172 190 195 
3 185 176 180 
3 197 139 201 
7 193 170 81 36 1105 1052 973 
3 186 153 188 
3 270 324 181 
3 353 179 184 
5 216 145 261 264 229 
3 200 184 152 
3 277 191 165 
3 195 180 179 
3 221 177 189 
4 198 173 169 196 
4 693 233 199 183 
3 115 161 255 
3 276 180 190 
3 192 171 199 
4 241 161 182 201 
3 207 173 192 
5 228 211 205 196 193 
3 269 188 202 
3 197 182 210 
3 200 178 226 
4 237 239 155 230 
3 234 128 235 
3 209 199 211 
3 213 219 148 
3 212 198 209 
3 210 163 175 
3 207 205 295 
3 201 208 212 
4 224 205 199 231 
3 297 210 207 
4 219 206 156 225 
3 230 137 240 
3 226 178 220 
4 220 140 187 218 
3 232 159 222 
3 216 229 244 
3 334 206 213 
3 215 216 236 
3 222 174 191 
3 217 221 277 
3 225 151 227 
4 285 211 251 304 
3 259 213 223 
3 272 202 215 
4 223 71 232 238 
3 231 199 233 
3 218 187 244 
3 245 203 214 
3 243 211 228 
3 238 227 217 
3 228 193 702 
6 266 252 204 235 249 257 
3 234 204 249 
3 220 263 279 
3 267 203 318 
3 242 227 232 
3 246 203 267 
3 214 176 303 
3 258 197 309 
3 274 238 253 
3 275 247 231 
3 218 229 271 
3 296 230 357 
3 289 165 239 
3 251 243 275 
2 448 107 
3 234 235 250 
3 254 249 256 
3 304 224 247 
3 261 119 234 
3 317 242 277 
3 282 260 250 
3 256 194 258 
3 268 250 255 
4 266 234 260 262 
6 265 280 268 255 241 322 
5 301 225 288 300 278 
3 262 257 254 
3 187 252 264 
3 257 260 282 
3 236 273 286 
3 187 261 271 
3 327 280 258 
3 271 234 257 
4 314 239 237 302 
3 283 256 258 
3 369 200 272 
3 392 185 276 
4 244 264 266 273 
3 269 226 313 
3 263 271 286 
3 300 288 242 
3 356 247 243 
4 287 270 195 281 
4 253 222 189 325 
3 301 259 310 
3 236 293 284 
3 305 258 265 
3 276 344 292 
3 283 262 254 
3 294 282 268 
2 279 311 
3 426 328 224 
3 263 273 294 
3 413 276 290 
3 259 274 300 
3 331 246 291 
3 557 287 292 
3 307 289 314 
4 290 281 332 333 
3 279 299 311 
3 299 286 283 
3 375 209 328 
3 306 245 468 
3 298 212 375 
3 440 309 297 
3 293 294 305 
4 259 288 274 317 
5 334 259 278 310 319 
3 315 267 329 
3 320 240 324 
3 382 224 251 
3 312 299 280 
3 308 296 507 
3 323 291 326 
3 318 306 499 
3 330 241 298 
3 301 278 317 
4 313 284 293 312 
3 316 311 305 
3 374 272 311 
3 341 291 267 
3 366 302 329 
3 445 312 335 
4 310 300 253 336 
3 237 308 342 
3 301 336 321 
3 357 303 361 
3 337 319 358 
3 373 258 330 
3 339 331 307 
3 303 185 381 
3 343 277 350 
3 345 307 341 
4 338 335 265 373 
3 457 295 285 
3 315 302 342 
4 434 418 322 309 
3 351 289 323 
3 333 292 346 
3 541 292 332 
3 379 219 301 
3 316 327 340 
3 319 317 352 
3 347 379 321 
3 340 327 405 
3 364 323 345 
3 518 335 338 
4 348 326 314 355 
5 365 417 329 318 371 
4 352 325 350 362 
3 281 363 380 
3 339 326 349 
4 332 380 386 390 
3 403 337 360 
3 349 341 355 
3 359 345 348 
3 343 325 354 
3 354 331 364 
3 336 343 429 
3 363 186 372 
3 370 350 351 
3 348 341 384 
3 416 275 763 
3 245 320 459 
3 360 321 443 
3 367 349 377 
3 410 347 358 
3 436 320 381 
3 343 370 376 
3 400 344 353 
3 351 339 368 
3 395 427 342 
3 384 315 407 
3 397 368 359 
3 385 364 367 
3 372 269 374 
3 362 354 376 
3 388 342 499 
4 400 353 369 387 
3 399 327 322 
3 369 313 378 
3 297 295 457 
3 362 370 385 
3 394 359 383 
3 387 374 445 
6 448 117 148 334 337 403 
3 346 344 400 
3 361 324 392 
3 426 304 416 
3 396 377 389 
3 355 366 389 
3 391 376 368 
3 390 346 400 
3 372 378 473 
3 401 371 424 
4 393 383 384 414 
3 431 346 386 
3 429 385 397 
3 404 381 270 
3 398 389 415 
3 408 406 377 
3 402 365 401 
3 408 383 398 
3 412 391 367 
3 409 396 393 
3 405 373 418 
5 386 380 363 372 456 
3 395 388 425 
3 432 395 444 
3 379 347 410 
3 436 392 420 
3 534 338 399 
3 419 412 394 
3 446 366 417 
4 421 394 396 411 
3 411 398 485 
3 439 403 360 
3 408 409 474 
3 422 397 406 
3 420 287 513 
3 415 389 463 
3 455 393 414 
3 382 356 767 
3 428 407 342 
3 566 399 330 
3 422 406 423 
3 404 413 454 
3 438 423 408 
3 450 412 419 
3 433 419 421 
3 425 388 535 
3 430 401 424 
3 538 285 382 
3 428 365 435 
3 446 417 427 
3 442 352 391 
5 497 479 461 449 425 
3 441 390 469 
3 478 437 402 
3 450 423 452 
3 575 566 330 
3 466 427 437 
3 459 361 404 
3 475 435 432 
3 447 421 471 
3 448 410 451 
3 536 556 298 
3 467 541 431 
3 460 429 453 
3 358 460 472 
4 491 402 449 476 
3 489 378 316 
3 463 407 428 
3 462 452 438 
4 722 248 379 439 
4 476 444 430 461 
3 453 422 433 
3 686 439 487 
3 433 447 462 
3 442 450 470 
3 458 420 503 
3 498 415 488 
3 469 400 465 
3 538 375 328 
3 459 454 501 
4 468 357 436 458 
3 443 442 486 
3 528 449 430 
4 470 452 447 464 
3 414 446 466 
3 481 462 471 
3 505 456 473 
3 463 435 480 
3 510 441 682 
3 492 296 459 
3 431 456 506 
3 453 462 486 
3 464 438 474 
3 443 514 487 
3 465 387 489 
3 471 411 483 
3 523 477 437 
3 491 444 449 
3 529 480 475 
3 504 432 482 
3 508 547 430 
4 529 488 466 477 
3 494 464 490 
4 478 511 549 555 
3 484 474 493 
3 496 490 483 
3 495 409 522 
3 460 470 494 
3 451 472 500 
3 498 455 480 
3 550 473 445 
3 502 481 484 
3 509 444 476 
4 552 507 468 558 
3 515 483 495 
3 486 481 519 
3 540 493 485 
3 502 484 515 
3 584 430 512 
3 522 455 488 
3 371 308 535 
3 487 521 569 
3 660 458 503 
3 519 490 496 
3 501 454 533 
3 526 478 517 
3 506 465 590 
3 469 505 590 
3 535 306 492 
3 588 547 479 
3 511 491 528 
3 532 565 467 
3 524 482 509 
4 539 581 497 602 
3 516 413 557 
3 472 519 521 
4 520 496 493 527 
4 533 513 573 638 
3 576 504 560 
3 542 340 544 
4 514 494 502 520 
3 525 519 515 
3 500 514 525 
3 485 498 531 
3 530 529 475 
3 564 511 579 
3 521 520 586 
3 530 504 576 
3 515 540 537 
3 579 509 461 
5 531 480 477 523 530 
4 553 529 523 526 
3 546 522 529 
4 591 510 597 599 
3 503 516 577 
3 544 405 566 
4 602 424 499 507 
3 556 440 543 
3 586 527 545 
4 548 457 426 823 
3 622 587 512 
3 527 495 545 
3 565 333 441 
3 550 518 551 
3 559 536 548 
3 518 534 606 
3 537 540 546 
4 568 545 531 574 
3 579 479 508 
4 554 543 538 830 
3 555 482 561 
4 590 489 542 551 
3 550 542 628 
4 580 492 558 612 
3 574 530 621 
3 578 562 548 
3 560 482 549 
3 575 440 536 
3 513 290 567 
3 552 492 657 
3 563 543 562 
3 605 517 555 
3 549 564 572 
3 578 559 554 
3 626 575 559 
3 572 561 524 
3 567 541 510 
4 570 534 418 434 
3 557 565 592 
3 616 546 642 
3 500 589 595 
3 571 566 582 
3 596 570 582 
3 561 564 610 
3 638 516 594 
3 546 553 650 
4 583 434 556 563 
3 604 526 517 
3 533 651 643 
3 626 562 554 
4 611 524 528 547 
3 687 613 552 
3 600 584 512 
3 571 570 585 
3 608 585 575 
4 593 588 497 581 
3 596 582 583 
3 589 525 537 
3 619 600 539 
3 603 508 584 
3 569 586 618 
4 506 505 550 652 
3 592 532 629 
3 567 591 601 
3 609 603 584 
3 638 573 598 
3 688 569 618 
3 607 571 585 
3 532 705 615 
3 637 594 601 
3 532 615 632 
3 609 581 587 
3 598 592 673 
3 512 535 613 
3 617 588 593 
3 621 576 605 
3 604 560 620 
3 628 544 607 
3 606 596 614 
3 614 583 633 
3 636 593 600 
4 640 634 572 611 
3 610 579 617 
3 627 552 653 
3 635 602 580 
3 628 607 608 
3 599 597 719 
3 618 568 642 
3 636 611 603 
4 730 595 589 616 
3 636 587 625 
3 605 634 672 
3 650 553 604 
3 623 539 624 
3 631 625 622 
3 630 622 646 
3 636 619 623 
4 633 563 578 844 
3 716 612 678 
4 666 551 606 614 
3 591 639 673 
3 641 631 624 
3 636 623 630 
3 639 599 712 
3 608 626 847 
3 620 610 676 
4 658 646 613 647 
8 640 617 609 619 625 631 641 644 
3 651 598 661 
4 651 516 573 594 
3 629 632 718 
4 656 610 636 645 
3 636 630 644 
3 616 568 952 
3 660 577 651 
3 636 641 649 
4 640 649 654 648 
3 670 624 635 
3 669 635 687 
3 668 645 663 
3 645 644 655 
3 574 621 684 
6 643 577 638 637 665 671 
3 682 590 666 
3 612 657 714 
3 663 645 659 
3 659 649 670 
3 676 640 679 
3 653 558 662 
3 677 635 669 
3 654 655 681 
4 664 501 643 683 
3 665 637 694 
3 657 664 667 
3 648 654 674 
3 662 660 771 
3 651 661 680 
3 692 652 628 
3 662 777 709 
3 679 648 675 
3 658 647 697 
3 677 655 646 
3 651 680 689 
3 685 620 899 
3 601 629 691 
3 675 663 681 
3 668 674 727 
3 634 656 886 
3 700 670 658 
3 708 627 714 
3 656 668 852 
3 671 665 696 
3 674 659 710 
4 467 652 690 705 
3 660 689 699 
3 650 685 962 
3 684 672 944 
3 1084 451 688 
4 695 647 580 716 
3 686 595 735 
3 683 671 701 
3 707 682 692 
4 694 673 764 749 
3 704 690 666 
3 706 193 953 
3 698 661 691 
4 697 687 711 725 
3 701 680 698 
3 721 669 695 
3 696 694 703 
4 683 738 750 732 
3 744 677 720 
4 738 689 696 853 
3 747 233 706 
3 698 753 813 
3 715 692 847 
3 597 682 713 
3 930 702 693 
3 719 713 690 
3 723 678 758 
3 667 824 770 
3 728 681 744 
3 695 717 725 
3 632 724 741 
3 705 707 719 
3 678 653 758 
3 719 704 783 
3 687 627 726 
3 725 711 734 
3 639 754 756 
5 615 713 707 715 724 
3 740 700 729 
3 729 697 733 
4 1295 1055 448 1046 
3 726 708 790 
3 712 719 737 
5 695 711 717 736 751 
3 734 716 723 
3 731 675 728 
3 727 710 742 
3 743 720 721 
3 735 618 977 
3 755 727 799 
3 760 699 911 
3 748 721 751 
3 717 726 746 
3 688 730 745 
3 725 746 757 
3 739 724 785 
3 699 701 833 
3 754 741 737 
3 752 720 743 
3 754 712 739 
3 787 728 744 
3 740 729 748 
4 776 742 710 700 
3 1097 735 1267 
3 736 734 781 
3 922 840 702 
4 743 733 759 766 
3 753 691 764 
4 699 761 877 898 
3 733 725 762 
4 810 773 740 789 
4 813 703 749 832 
4 756 718 741 739 
3 807 820 731 
3 764 718 754 
3 736 775 765 
3 708 714 790 
3 748 769 766 
3 771 732 890 
3 750 833 863 
3 772 751 768 
3 767 356 788 
4 749 691 756 774 
4 778 768 757 797 
4 748 759 769 784 
3 809 416 763 
3 786 762 765 
3 766 759 772 
3 709 824 792 
3 664 760 821 
3 795 769 762 
3 779 752 798 
3 805 764 780 
3 791 757 782 
3 787 744 779 
3 824 667 821 
3 786 765 797 
3 776 773 798 
3 794 774 785 
3 782 746 804 
3 775 781 800 
3 785 715 793 
3 789 766 795 
4 780 737 783 819 
3 811 768 778 
4 799 742 776 822 
3 827 763 840 
3 752 784 803 
4 723 758 792 815 
3 797 775 800 
3 790 770 835 
3 783 851 901 
3 802 780 796 
3 784 772 811 
3 794 819 829 
4 778 765 791 812 
3 779 773 801 
4 818 731 787 839 
3 791 782 808 
3 806 798 810 
3 825 805 794 
3 816 789 866 
3 781 815 814 
3 825 774 802 
3 837 822 801 
3 818 817 755 
3 826 800 814 
3 823 767 827 
3 843 801 752 
3 860 795 786 
3 860 797 826 
3 853 703 753 
3 808 804 857 
3 804 790 835 
3 842 803 866 
3 820 807 828 
3 828 807 799 
4 841 796 785 1022 
3 845 755 817 
3 777 771 831 
3 838 787 806 
3 830 538 809 
4 846 770 709 777 
5 832 805 802 834 1231 
3 812 808 861 
4 849 809 788 862 
3 873 817 818 
3 834 796 841 
3 548 823 844 
3 836 821 891 
3 853 753 825 
3 761 738 865 
3 825 829 1114 
3 815 792 846 
3 895 850 831 
3 858 806 848 
3 869 839 822 
3 882 799 838 
3 874 788 747 
3 829 819 1045 
3 843 816 854 
3 848 810 842 
3 626 830 855 
3 852 820 856 
3 835 824 850 
3 704 633 851 
3 859 837 843 
3 855 827 862 
3 857 846 836 
3 793 847 855 
3 886 679 845 
4 701 813 832 865 
3 867 842 880 
4 879 851 844 849 
3 870 845 873 
3 917 814 850 
3 869 837 871 
3 871 848 864 
4 866 811 812 905 
3 905 826 934 
3 849 827 889 
3 761 865 872 
3 868 859 867 
4 863 833 853 1394 
4 816 803 860 880 
3 864 854 884 
3 883 864 876 
3 878 838 858 
3 881 856 896 
3 875 858 859 
3 877 863 1036 
3 856 828 888 
3 889 840 938 
3 897 871 883 
3 893 868 892 
3 750 872 906 
3 882 869 885 
3 901 855 1022 
3 854 866 887 
3 904 870 896 
3 888 839 878 
3 908 875 868 
3 867 887 892 
4 910 878 897 907 
4 899 676 852 894 
3 884 880 980 
3 903 873 882 
3 1029 862 874 
4 891 760 945 902 
3 935 831 890 
3 876 884 900 
3 913 928 876 
3 899 886 904 
3 915 836 924 
3 881 870 903 
3 885 875 908 
3 911 750 906 
5 944 672 886 894 909 
3 912 892 985 
3 793 879 1022 
3 890 958 951 
4 896 888 914 927 
4 916 894 881 925 
3 860 861 980 
3 898 877 1036 
3 910 885 923 
3 897 883 923 
3 899 919 918 
3 914 885 907 
3 732 898 945 
3 920 900 985 
3 928 893 921 
3 903 910 933 
3 965 917 895 
3 919 904 931 
3 934 857 915 
3 969 909 932 
3 909 916 940 
3 921 912 936 
3 939 913 920 
3 938 747 930 
3 907 908 942 
3 957 895 946 
3 931 904 926 
3 925 927 991 
3 926 903 929 
3 942 893 913 
3 927 933 937 
4 1069 922 706 1133 
3 947 916 925 
3 918 940 950 
4 937 929 914 942 
3 998 861 917 
3 948 891 997 
3 920 1028 955 
3 929 933 971 
3 1062 874 922 
3 941 921 949 
4 950 932 919 947 
3 943 939 970 
4 933 923 928 943 
3 954 942 941 
3 961 685 899 
3 890 911 1009 
4 964 956 924 948 
4 967 940 931 975 
4 959 946 935 1004 
3 939 955 960 
3 932 940 968 
3 997 902 1010 
3 963 642 972 
3 1006 693 1060 
3 988 971 943 
3 949 936 1040 
3 957 946 964 
5 989 924 956 979 974 
3 902 1053 1010 
3 984 948 1018 
3 949 1034 976 
3 983 962 944 
3 982 684 961 
3 977 952 972 
3 956 946 966 
3 990 915 989 
3 964 984 979 
3 968 947 1030 
3 978 950 967 
3 992 918 978 
3 988 941 981 
3 1002 937 954 
3 963 952 982 
3 1060 183 1052 
3 1017 957 994 
3 947 1020 1001 
3 960 1034 1023 
4 1083 730 963 999 
3 969 968 987 
3 957 966 986 
3 887 905 993 
3 1000 970 1012 
4 995 972 962 983 
3 982 961 992 
3 986 966 959 
3 912 900 993 
3 979 984 994 
3 1008 978 1019 
3 1007 954 970 
3 965 957 1005 
3 996 965 1033 
3 1003 926 1002 
3 1037 983 969 
4 985 980 1011 1050 
3 974 986 1025 
3 999 982 1037 
3 1011 998 990 
3 935 951 1013 
3 1011 934 996 
3 1083 977 995 
3 1015 1014 981 
3 1021 975 1068 
4 1003 991 971 1007 
3 1020 991 1002 
3 948 1013 1018 
3 989 1017 1031 
3 1630 1198 953 
3 1014 1002 988 
3 1081 987 1057 
3 945 1368 1059 
4 1016 951 958 1085 
4 993 998 996 1047 
3 1024 981 1035 
3 1004 997 1016 
3 1042 1007 1000 
3 1041 1000 1024 
3 1013 1010 1038 
3 1005 974 1026 
3 959 1004 1025 
3 987 1043 1039 
3 975 1003 1048 
3 1030 1001 1076 
4 819 901 879 1029 
5 1096 1035 976 1051 1077 
3 1061 1015 1012 
3 994 1018 1038 
3 1032 1017 1027 
3 1026 1044 1056 
3 936 1050 1040 
3 1022 889 1045 
3 1065 967 1021 
3 1033 1005 1032 
3 1031 1026 1064 
3 990 1031 1047 
4 1049 976 960 1089 
3 1102 1012 1023 
3 906 872 1403 
3 995 992 1075 
3 1025 1016 1071 
3 1057 1019 1093 
3 955 1028 1089 
3 1063 1042 1015 
3 1058 1014 1041 
3 1019 1065 1079 
3 1056 1027 1070 
3 841 1029 1054 
3 1295 722 1067 
3 1011 1033 1064 
3 1068 1020 1058 
3 1111 1051 1034 
3 1028 993 1108 
3 1077 1023 1049 
3 973 183 1105 
3 958 1059 1104 
3 1114 1045 1062 
2 1639 722 
5 1027 1044 1070 1086 1088 
4 1066 1008 1039 1082 
3 1048 1042 1063 
3 1053 1009 1375 
3 2810 953 973 
4 1110 1072 1024 1112 
3 1054 938 1069 
3 1058 1041 1072 
3 1047 1032 1088 
4 1079 1043 1030 1103 
4 1091 1057 1082 1078 
3 1529 1046 1084 
3 1076 1001 1048 
3 1145 1062 930 
3 1056 1044 1073 
4 1073 1038 1085 1080 
3 1074 1063 1061 
3 1109 1070 1071 
3 1087 1100 1072 
3 1092 1037 1081 
3 1021 1068 1095 
3 1023 1051 1107 
3 1138 1066 1090 
3 1043 1065 1093 
3 1164 1071 1137 
4 1092 1075 1008 1091 
3 1066 1057 1136 
3 1204 977 999 
5 1067 686 1097 1101 1152 
3 1071 1010 1104 
3 1056 1109 1098 
3 1118 1116 1074 
3 1064 1056 1094 
5 1119 1034 1040 1141 1126 
3 1117 1078 1121 
3 1142 1081 1066 
3 1148 1075 1081 
3 1039 1079 1124 
3 1099 1088 1106 
3 1103 1076 1100 
3 1102 1023 1125 
4 1101 1084 745 1363 
3 1106 1086 1143 
3 1153 1108 1094 
3 1095 1074 1116 
3 1084 1097 1462 
3 1112 1035 1096 
3 1124 1065 1095 
5 1134 1132 1085 1053 1379 
3 1611 1052 183 
3 1094 1098 1201 
3 1113 1077 1111 
3 1050 1099 1127 
3 1086 1073 1143 
3 1118 1061 1131 
4 1128 1107 1049 1120 
3 1131 1061 1102 
4 1158 1123 1115 1107 
3 834 1054 1146 
3 1182 1125 1113 
3 1175 1100 1087 
3 1140 1090 1135 
3 1155 1087 1110 
3 1139 1122 1089 
3 1111 1122 1129 
3 1090 1136 1135 
3 1149 1120 1119 
3 1171 1151 1113 
3 1093 1103 1186 
3 1156 1096 1115 
3 1169 1089 1154 
3 1141 1108 1153 
3 1130 1111 1168 
3 1120 1149 1170 
3 1166 1158 1128 
3 1156 1110 1112 
3 1137 1104 1134 
4 1205 1160 930 1213 
3 1208 1132 1104 
3 1117 1121 1183 
3 1121 1082 1189 
3 1179 1080 1132 
3 1142 1078 1140 
3 1147 1119 1169 
3 1138 1117 1144 
3 1162 1089 1127 
3 1150 1091 1138 
3 1098 1109 1164 
3 1200 1140 1184 
3 1146 1069 1160 
3 1233 1114 1145 
4 1188 1163 1139 1165 
3 1204 1092 1150 
3 1129 1122 1163 
3 1204 1148 1142 
3 1240 1197 1123 
3 1466 1084 1270 
3 1127 1099 1203 
3 1126 1162 1157 
3 1175 1118 1161 
3 1159 1131 1125 
3 1154 1162 1192 
3 1174 1113 1130 
3 1161 1156 1180 
3 1221 1145 1133 
3 1191 1155 1159 
4 1192 1157 1154 1141 
3 1149 1147 1167 
3 1272 1143 1080 
3 1147 1177 1218 
3 1172 1130 1173 
3 1170 1163 1193 
4 1178 1128 1176 1206 
3 1139 1126 1177 
3 1176 1129 1167 
3 1252 1123 1185 
3 1187 1174 1166 
3 1166 1178 1181 
3 1185 1158 1172 
3 1186 1116 1155 
3 1168 1170 1210 
3 1165 1169 1199 
3 1173 1168 1224 
3 1211 1278 1137 
4 1202 1191 1159 1182 
3 1217 1173 1214 
3 1202 1180 1115 
3 1184 1135 1189 
3 1190 1144 1183 
3 1171 1174 1187 
3 1189 1124 1175 
3 1261 1185 1172 
3 1194 1147 1195 
4 1183 1136 1186 1209 
3 1196 1184 1212 
3 1209 1161 1180 
3 1199 1157 1162 
3 1167 1194 1232 
3 1193 1188 1215 
3 1188 1218 1215 
5 1200 1190 1216 1235 1226 
3 1237 1202 1151 
3 1630 1213 1006 
3 1177 1192 1244 
3 1204 1144 1196 
3 1203 1106 1273 
4 1222 1180 1182 1197 
3 1234 1153 1201 
6 1257 1083 1148 1150 1200 1207 
3 1275 1281 1133 
3 1168 1210 1223 
4 1204 1230 1242 1308 
4 1243 1211 1134 1482 
4 1220 1212 1189 1191 
3 1206 1176 1228 
3 1245 1179 1208 
3 1190 1209 1220 
3 1349 1133 1198 
3 1181 1225 1219 
3 1194 1195 1251 
3 1196 1220 1235 
3 1261 1181 1219 
3 1195 1165 1250 
4 1217 1214 1227 1229 
4 1216 1212 1209 1222 
3 1241 1160 1361 
3 1220 1202 1236 
3 1247 1206 1262 
3 1225 1178 1239 
3 1214 1224 1239 
3 1230 1196 1291 
3 1229 1219 1239 
3 1210 1232 1274 
3 1256 1219 1227 
3 1207 1226 1242 
3 1405 825 1233 
3 1228 1193 1265 
3 1231 1146 1241 
3 1248 1203 1273 
3 1196 1216 1238 
3 1246 1222 1237 
3 1236 1197 1240 
3 1235 1246 1296 
4 1227 1225 1224 1249 
3 1253 1237 1151 
3 1506 1233 1221 
3 1207 1230 1342 
3 1269 1347 1208 
3 1250 1199 1248 
3 1271 1287 1211 
3 1238 1236 1260 
3 1249 1223 1282 
3 1284 1244 1234 
3 1239 1247 1254 
3 1258 1218 1244 
4 1276 1264 1215 1258 
3 1266 1255 1171 
3 1260 1240 1255 
3 1256 1249 1280 
3 1253 1252 1266 
3 1259 1229 1254 
3 1267 1204 1389 
3 1251 1250 1325 
3 1306 1256 1263 
3 1246 1253 1319 
3 1314 1187 1217 
3 1223 1274 1279 
3 1302 1259 1268 
3 1293 1265 1251 
3 1277 1232 1264 
3 1314 1255 1252 
3 745 1257 1391 
3 1263 1280 1301 
3 1537 1364 1243 
4 1345 1371 1152 1551 
3 1347 1343 1245 
3 1273 1164 1283 
4 1288 1234 1201 1272 
3 1262 1228 1277 
3 1349 1281 1205 
3 1292 1293 1251 
3 1289 1274 1265 
3 1285 1283 1179 
3 1282 1262 1289 
3 1268 1254 1286 
3 1361 1205 1275 
3 1247 1279 1290 
3 1272 1278 1285 
4 1341 1325 1248 1300 
3 1309 1283 1278 
3 1304 1280 1294 
3 1315 1320 1245 
3 1297 1303 1273 
3 1279 1277 1299 
4 1298 1282 1322 1323 
3 1321 1226 1310 
3 1337 1276 1400 
3 1299 1264 1276 
3 1286 1298 1318 
3 1615 722 1046 
3 1238 1319 1310 
3 1305 1288 1312 
3 1294 1290 1328 
3 1289 1293 1337 
3 1341 1284 1303 
3 1311 1268 1304 
3 1306 1263 1311 
3 1300 1288 1324 
3 1301 1286 1307 
3 1331 1297 1327 
3 1330 1259 1302 
3 1313 1304 1318 
3 1389 1207 1483 
3 1320 1312 1285 
3 1291 1296 1335 
3 1302 1301 1339 
3 1297 1309 1316 
3 1317 1334 1307 
3 1330 1266 1261 
2 1353 1287 
3 1327 1312 1320 
3 1332 1355 1313 
3 1307 1294 1329 
3 1296 1260 1326 
4 1350 1316 1309 1287 
3 1342 1291 1348 
3 1323 1290 1337 
3 1290 1322 1333 
3 1346 1303 1331 
3 1419 1258 1284 
4 1340 1319 1330 1359 
3 1380 1305 1316 
4 1329 1298 1336 1360 
3 1388 1318 1328 
4 1326 1314 1306 1356 
3 1346 1324 1305 
3 1404 1376 1317 
3 1336 1323 1351 
4 1355 1352 1339 1313 
3 1338 1310 1340 
3 1328 1333 1360 
4 1351 1322 1299 1292 
3 1348 1335 1357 
3 1356 1311 1334 
3 1335 1326 1354 
3 1419 1284 1300 
3 1242 1321 1444 
3 1442 1344 1271 
3 1362 1353 1343 
3 1371 1270 1528 
3 1384 1324 1331 
3 1393 1271 1243 
4 1436 1321 1338 1357 
3 1424 1275 1213 
3 1414 1377 1320 
3 1333 1337 1423 
3 1369 1358 1334 
3 1382 1315 1344 
3 1340 1410 1367 
3 1381 1334 1317 
3 1330 1339 1358 
3 1348 1338 1365 
3 1370 1356 1352 
3 1326 1386 1410 
3 1328 1336 1431 
3 1472 1221 1281 
3 1411 1382 1344 
4 1097 1464 1489 1498 
3 1366 1269 1531 
3 1449 1357 1367 
3 1474 1387 1364 
4 1365 1354 1428 1401 
3 1375 1009 1395 
3 1373 1372 1352 
3 1392 1358 1372 
3 1408 1270 1345 
3 1374 1370 1369 
3 1378 1369 1383 
3 1407 1372 1378 
3 1379 1059 1368 
3 1385 1332 1398 
3 1421 1380 1350 
3 1374 1373 1383 
3 1104 1375 1418 
3 1399 1327 1377 
3 1383 1355 1385 
3 1420 1353 1362 
4 1397 1378 1373 1381 
3 1406 1346 1399 
3 1433 1381 1376 
3 1359 1390 1415 
4 1413 1396 1366 1474 
4 1432 1470 1329 1499 
3 1257 1308 1416 
3 1415 1386 1392 
3 1464 1267 1416 
3 1415 1390 1370 
3 1402 1347 1396 
3 1403 865 1405 
3 1368 1469 1430 
3 1412 1393 1387 
3 1409 1383 1446 
3 1433 1376 1404 
3 1417 1384 1380 
3 1423 1292 1419 
4 1494 1367 1428 1435 
3 1422 1442 1393 
3 1452 1036 1394 
3 1398 1332 1463 
3 1452 1394 1231 
3 1448 1384 1417 
3 1415 1374 1409 
3 1450 1371 1523 
3 1407 1397 1454 
3 1354 1359 1437 
3 1442 1427 1362 
3 1447 1422 1396 
3 1447 1387 1457 
3 1420 1421 1350 
5 1437 1386 1390 1392 1407 
4 1487 1391 1389 1441 
3 1434 1406 1399 
3 1480 1379 1430 
4 1456 1400 1325 1341 
4 1426 1414 1382 1429 
3 1425 1377 1414 
3 1443 1402 1412 
3 1512 1351 1400 
3 1492 1349 1630 
3 1434 1421 1426 
3 1439 1425 1420 
3 1445 1429 1411 
3 1401 1367 1437 
3 1420 1427 1445 
3 1418 1395 1469 
3 1360 1512 1493 
3 1459 1470 1388 
3 1455 1385 1398 
3 1438 1417 1425 
3 1401 1453 1468 
3 1444 1348 1449 
4 1428 1410 1415 1453 
3 1448 1434 1440 
3 1440 1426 1451 
3 1448 1438 1439 
5 1527 1416 1543 1514 1522 
4 1467 1411 1343 1402 
3 1485 1465 1422 
3 1483 1342 1436 
3 1475 1429 1427 
3 1454 1397 1455 
3 1481 1412 1413 
4 1456 1406 1438 1440 
3 1547 1436 1365 
3 1550 1466 1408 
4 1461 1439 1475 1490 
3 1469 1403 1405 
4 1468 1435 1437 1458 
4 1458 1409 1446 1455 
4 1454 1446 1433 1460 
3 1511 1419 1448 
3 1517 1413 1484 
3 1453 1454 1476 
3 1470 1432 1625 
3 1476 1455 1463 
3 1488 1451 1507 
4 1101 1656 1471 1538 
3 1460 1404 1477 
3 1363 1391 1489 
3 1486 1467 1443 
3 1562 1152 1450 
3 1475 1442 1465 
3 1435 1453 1478 
4 1430 1395 1452 1473 
4 1477 1388 1432 1459 
3 1538 1462 1502 
3 1585 1361 1616 
3 1503 1469 1506 
3 1484 1387 1366 
4 1451 1445 1467 1491 
3 1508 1458 1460 
3 1463 1470 1518 
3 1479 1468 1509 
3 1567 1494 1478 
3 1482 1418 1495 
3 1485 1447 1517 
3 1580 1208 1480 
3 1308 1444 1543 
3 1457 1474 1515 
3 1486 1443 1481 
3 1491 1465 1485 
4 1501 1416 1546 1497 
3 1496 1461 1500 
3 1363 1464 1498 
4 1451 1504 1505 1510 
3 1504 1475 1486 
3 2032 1616 1424 
3 1499 1431 1642 
3 1541 1401 1479 
3 1673 1480 1520 
3 1511 1488 1524 
4 1487 1542 1548 1592 
4 1363 1489 1501 1647 
3 1388 1493 1642 
3 1488 1513 1540 
3 1498 1487 1579 
3 1471 1656 1605 
3 1795 1520 1473 
4 1510 1505 1490 1491 
3 1490 1504 1510 
3 1473 1241 1574 
3 1461 1521 1513 
4 1509 1476 1545 1622 
3 1597 1478 1508 
4 1490 1505 1504 1521 
4 1512 1456 1496 1576 
4 1431 1423 1511 1642 
3 1500 1507 1534 
3 1522 1441 1516 
3 1539 1484 1531 
4 1514 1536 1571 1606 
4 1525 1481 1457 1519 
3 1545 1477 1625 
3 1530 1517 1539 
3 1752 1495 1503 
3 1507 1510 1526 
3 1441 1514 1559 
3 1408 1528 1555 
3 1496 1532 1549 
3 1526 1517 1530 
3 1521 1525 1560 
3 1563 1544 1441 
4 1555 1523 1345 1586 
3 1591 1573 1067 
3 1533 1525 1519 
3 1515 1364 1535 
3 1549 1524 1540 
3 1560 1530 1556 
3 1513 1577 1603 
3 1568 1531 1537 
3 1516 1553 1571 
3 1554 1535 1269 
3 1462 1471 1593 
3 1552 1519 1515 
3 1532 1500 1565 
4 1547 1494 1578 1557 
3 1548 1497 1566 
3 1441 1483 1553 
3 1566 1546 1527 
3 1508 1518 1622 
3 1487 1544 1566 
3 1553 1449 1541 
3 1592 1497 1542 
4 1524 1532 1569 1582 
3 1558 1570 1450 
3 1270 1593 1586 
3 1556 1539 1568 
4 1536 1543 1547 1575 
3 1581 1537 1561 
3 1564 1523 1528 
3 1533 1552 1581 
3 1541 1626 1596 
3 1594 1550 1717 
3 1522 1700 1871 
3 1526 1533 1577 
3 1584 1554 1580 
3 1583 1588 1466 
3 1572 1527 1609 
3 1751 1717 1555 
3 1569 1540 1624 
4 1542 1546 1544 1572 
3 1578 1479 1597 
3 1581 1552 1535 
3 1549 1565 1587 
3 1601 1583 1550 
3 1516 1536 1600 
3 1644 1566 1563 
3 1615 1529 1660 
3 1888 1506 1585 
3 1553 1596 1614 
3 1511 1582 1623 
4 1603 1534 1560 1610 
3 1541 1567 1626 
3 1501 1637 1647 
3 1561 1482 1602 
5 1556 1568 1554 1584 1607 
3 1576 1549 1590 
3 1619 1562 1570 
3 1581 1561 1589 
5 1598 1898 1574 1472 1620 
3 1528 1551 1796 
3 1569 1646 1604 
3 1628 1591 1562 
3 1584 1618 1595 
3 1582 1613 1599 
3 1660 1529 1588 
3 1497 1548 1637 
3 1551 1538 1722 
3 1645 1558 1767 
3 1589 1653 1621 
3 1575 1557 1636 
3 1567 1509 1657 
4 1890 1849 1937 1585 
3 1590 1633 1632 
4 1612 1608 1571 1669 
3 1634 1619 1570 
3 1618 1580 1641 
3 1534 1577 1624 
3 1587 1627 1613 
3 1764 1502 1629 
3 1700 1516 1608 
3 1610 1581 1617 
3 1606 1600 1612 
3 1563 1871 1748 
3 1577 1607 1650 
2 2811 1105 
4 1608 1600 1678 1718 
3 1590 1604 1627 
4 1575 1659 1687 1669 
4 1639 1295 1573 1660 
3 1620 1472 1492 
3 1607 1621 1649 
3 1589 1602 1641 
3 1628 1583 1601 
4 2024 1965 1585 1616 
3 1617 1595 1648 
3 1508 1545 1658 
3 1670 1576 1640 
3 1565 1603 1652 
3 1518 1459 1631 
3 1557 1578 1663 
3 1613 1604 1667 
6 1660 1588 1619 1634 1645 1643 
3 1740 1605 1656 
4 1424 1198 1006 2810 
3 1638 1625 1642 
3 1599 1664 1635 
3 1599 1667 1661 
3 1628 1601 1645 
3 1640 1632 1674 
3 1596 1697 1659 
4 1579 1592 1644 1713 
3 1662 1631 1654 
4 1055 1615 1655 2877 
3 1623 1635 1677 
3 1618 1602 1653 
5 1631 1499 1493 1512 1680 
3 1628 1788 1679 
3 1637 1572 1748 
4 1628 1634 1594 1803 
3 1587 1652 1671 
3 1498 1579 1713 
3 1651 1621 1653 
3 1617 1651 1683 
3 1652 1610 1683 
3 1649 1648 1665 
4 1646 1624 1650 1676 
4 1648 1595 1641 1673 
3 1681 1638 1689 
3 1639 1668 1785 
4 1629 1502 1462 1713 
3 1663 1597 1693 
3 1721 1622 1662 
4 1694 1614 1636 1697 
5 1615 1573 1591 1628 1691 
3 1633 1667 1664 
3 1658 1638 1698 
3 1626 1657 1697 
3 1632 1661 1666 
6 1690 1651 1807 1675 1685 1682 
3 1674 1664 1667 
5 1666 1661 1633 1627 1671 
3 1655 1691 1711 
3 1600 1614 1710 
3 1672 1623 1699 
4 1686 1667 1646 1676 
3 1684 1680 1670 
3 1653 1495 1752 
3 1677 1635 1666 
3 1665 1823 1685 
4 1706 1671 1652 1692 
4 1699 1640 1674 1686 
3 1718 1612 1688 
5 1750 1714 1643 1788 1709 
3 1642 1672 1696 
3 1727 1698 1654 
3 1728 1665 1736 
3 1650 1649 1692 
3 1696 1672 1712 
3 1665 1675 1735 
3 1695 1677 1671 
3 1614 1694 1720 
3 1678 1719 1716 
3 1747 1654 1723 
5 1726 1701 1702 1692 1665 
3 1668 1660 1703 
4 1706 1676 1683 1690 
3 1697 1657 1721 
3 1687 1659 1720 
3 1708 1715 1686 
3 1723 1680 1684 
5 1659 1636 1663 1693 1755 
3 1662 1681 1727 
3 1712 1670 1677 
3 1559 1606 1893 
3 1742 1702 1690 
3 1704 1690 1701 
3 1711 1691 1714 
3 1729 1705 1702 
2 1706 1704 
4 1707 1676 1692 1705 
3 1725 1708 1706 
3 1732 1695 1707 
3 1750 1679 1810 
3 1669 1744 1724 
3 1785 1668 1703 
4 1731 1684 1699 1715 
4 1656 1647 1637 1911 
3 1845 1703 1679 
3 1732 1712 1695 
3 1844 1688 1741 
3 1558 1564 1751 
3 1844 1612 1678 
3 1688 1724 1746 
3 1687 1694 1744 
3 1799 1693 1658 
3 1593 1781 1796 
3 1730 1689 1696 
3 1719 1710 1744 
3 1777 1707 1729 
3 1738 1690 1728 
3 1737 1698 1681 
4 1739 1726 1682 1734 
3 1725 1704 1753 
4 1774 1723 1733 1772 
3 1733 1712 1743 
3 1743 1715 1708 
3 1730 1731 1754 
3 1728 1758 1756 
3 1736 1685 1830 
3 1682 1735 1783 
4 1869 1895 1727 1762 
3 1742 1726 1739 
3 1738 1728 1757 
3 1764 1629 1745 
3 1770 1716 1746 
3 1753 1701 1738 
3 1749 1731 1732 
4 1724 1710 1720 1778 
3 1792 1740 1974 
3 1741 1719 1760 
3 1762 1689 1789 
3 1644 1609 1891 
3 1777 1754 1743 
3 1843 1679 1709 
3 1766 1717 1564 
4 1673 1520 1812 1759 
3 1761 1729 1742 
3 1801 1733 1749 
3 1775 1697 1799 
3 1757 1734 1763 
3 1768 1739 1756 
3 1734 1783 1773 
3 1802 1752 1816 
3 1771 1746 1787 
4 1790 1791 1753 1769 
3 1737 1747 1817 
3 1780 1756 1765 
3 1781 1605 1740 
3 1782 1763 1773 
3 1767 1751 1776 
3 1594 1766 1803 
3 1769 1757 1784 
3 1797 1761 1768 
3 1821 1741 1771 
3 1794 1770 1760 
2 1730 1815 
3 1765 1758 1808 
3 1789 1730 1822 
3 1779 1755 1886 
3 1766 1840 1873 
3 1801 1749 1725 
3 1787 1744 1779 
3 1778 1775 1857 
3 1784 1763 1786 
3 1722 1764 1800 
3 1786 1765 1835 
3 1758 1736 1826 
3 1793 1768 1780 
4 1655 1711 1942 2119 
3 1805 1780 1782 
3 1760 1778 1833 
3 1679 1643 1818 
3 1817 1747 1774 
3 1798 1791 1761 
3 1801 1761 1790 
3 1800 1745 1974 
3 1806 1784 1814 
3 1811 1771 1809 
3 1812 1503 1855 
3 1586 1722 1825 
3 1804 1798 1769 
3 1828 1790 1797 
4 1755 1721 1865 1850 
3 1839 1781 1792 
4 1819 1754 1777 1791 
3 1807 1759 1831 
3 1645 1767 1818 
3 1862 1828 1797 
3 1814 1786 1832 
3 1854 1852 1793 
3 1665 1802 1823 
3 1820 1773 1813 
3 1938 1794 1866 
3 1902 1709 1829 
3 1943 1821 1794 
3 1752 1795 1816 
3 1808 1826 1827 
3 1856 1793 1805 
3 1822 1772 1824 
3 1759 1812 1831 
3 1762 1789 1859 
4 1829 1788 1803 1834 
3 1824 1801 1828 
3 1870 1847 1808 
3 1844 1770 1811 
3 1901 1774 1815 
3 1675 1807 1836 
3 1868 1815 1819 
3 1840 1796 1838 
4 1827 1813 1783 1830 
3 1846 1813 1826 
4 1868 1819 1798 1804 
3 1810 1818 1848 
3 1826 1735 1837 
3 1802 1816 1836 
4 1875 1856 1805 1858 
3 1787 1857 1853 
3 1848 1818 1876 
3 1858 1782 1847 
4 1837 1823 1831 1855 
3 1842 1830 1836 
3 1841 1825 1839 
3 1838 1800 1882 
3 1776 1825 1851 
3 1851 1838 1878 
4 1864 1860 1846 1837 
3 1845 1750 1966 
4 1893 1718 1716 1821 
3 1942 1714 1843 
3 1870 1827 1842 
3 1835 1820 1870 
3 1879 1829 1834 
3 1913 1937 1598 
4 2017 1886 1799 1914 
3 1867 1840 1841 
3 1872 1862 1806 
3 1866 1833 1928 
3 1863 1872 1806 
3 1836 1795 1888 
3 1863 1814 1832 
3 1833 1779 1928 
3 1861 1832 1835 
3 1881 1817 1901 
3 1870 1842 1864 
3 1953 1858 1904 
4 1884 1868 1804 1852 
3 1880 1854 1856 
3 1860 1842 1887 
3 1914 1799 1895 
3 1889 1809 1853 
3 1877 1851 1896 
4 2065 1824 1828 1862 
3 1892 1737 1881 
5 1847 1820 1846 1860 1899 
3 1609 1559 1897 
3 1884 1852 1854 
3 1874 1776 1877 
3 1876 1873 1908 
3 1927 1883 1832 
3 1834 1874 1908 
3 1873 1867 1909 
3 1841 1882 1896 
4 1922 1848 1908 1885 
3 1884 1863 1883 
4 1988 1869 1859 1949 
3 1878 1839 1974 
6 1894 1880 1875 1927 1905 1923 
5 2103 1862 1872 1880 1907 
3 1879 1973 1926 
3 1928 1775 1850 
3 1916 1864 1888 
4 1903 1887 1855 1574 
3 1921 1866 1929 
3 1913 1598 1917 
3 1910 1748 1897 
3 1932 1869 1988 
3 1900 1700 1844 
3 1934 1907 1883 
3 1865 1737 1933 
3 1867 1878 1906 
3 1891 1871 1900 
3 1944 1912 1585 
3 1924 1870 1916 
4 1915 1897 1893 1943 
3 1941 1859 1822 
3 2054 1810 1922 
3 1935 1888 1912 
3 1955 1861 1924 
3 1883 1925 1918 
3 1909 1896 2043 
3 2096 1884 1894 
4 1879 1876 1874 1920 
3 1920 1877 1906 
3 1930 1911 1891 
3 2021 1713 1910 
3 1952 1903 1898 
3 2001 1849 1890 
3 2017 1850 1865 
3 2126 1919 1900 
4 1931 1939 1899 1887 
3 2019 1890 1965 
3 1905 1925 1961 
4 2025 2050 1930 1915 
3 1908 1909 1973 
3 1977 1889 1947 
3 1902 1879 1971 
4 2027 1883 1961 2088 
3 1936 1904 1899 
3 1918 1905 1945 
3 1998 1885 2039 
3 1945 1883 1875 
4 1980 1853 1857 1886 
3 1950 1889 1995 
3 2059 1910 1919 
4 1964 1916 1960 1957 
3 1933 1892 2081 
3 2018 1895 1932 
3 2028 2068 1894 
3 1954 1959 1903 
3 2003 1924 1946 
3 1940 1598 1849 
3 1977 1958 1809 
3 2064 1946 1916 
3 1948 1944 1937 
3 2065 1949 1901 
3 1785 1845 2170 
4 1900 1811 1958 2011 
3 1952 1898 1940 
3 1925 1927 1976 
3 2090 1936 1939 
3 1987 1921 1951 
4 1956 1940 1982 1972 
3 2065 1881 1941 
3 1951 1929 1968 
3 1947 1950 1968 
4 1975 1954 1912 1944 
4 2012 1976 1861 1955 
3 1963 1935 1952 
3 2002 1953 1904 
3 1984 1975 1948 
3 1964 1931 1967 
3 2011 1943 1938 
3 1960 1935 1962 
3 1967 1931 1959 
3 1923 1918 2120 
3 1970 1959 1963 
3 1969 1962 1954 
3 2064 1931 1957 
3 1917 1620 2023 
3 1843 2072 2125 
3 1978 1957 1960 
3 1951 1950 1981 
4 1983 1970 1963 1979 
3 1978 1962 1969 
3 2054 1922 2009 
3 1993 1948 1994 
3 1885 1920 2071 
4 1882 1792 1745 2021 
3 1985 1952 1956 
3 1945 1953 2036 
3 2011 1938 1921 
3 2064 1967 1970 
3 1983 1969 1985 
3 1996 1928 2102 
3 1992 1968 2000 
3 1997 1948 1989 
3 2090 1969 1979 
4 1990 1956 1993 1986 
3 1990 1979 1975 
4 1991 1984 2022 2005 
3 2011 1947 1992 
3 2081 1892 1881 
3 1982 2001 2006 
3 2090 1985 1984 
3 2015 2089 1986 
4 1987 1981 2000 2060 
3 1984 1972 1999 
3 1999 1972 1997 
3 2008 1929 1996 
3 2030 1995 1980 
4 1994 1982 2013 2007 
3 2009 1926 2033 
4 1993 1994 2004 2010 
3 1992 1981 2008 
3 2006 1989 1913 
3 2012 1955 2003 
3 2012 2002 1936 
3 1999 2007 2010 
3 1986 2034 2014 
3 1989 2001 2016 
3 2004 1997 2037 
3 2000 1995 2026 
3 2156 1971 1998 
4 1999 2004 2020 2022 
5 2048 1943 1958 1977 1987 
4 2036 1953 2002 2003 
3 1997 2016 2037 
3 2015 2005 2031 
4 2086 1991 2014 2031 
3 2013 2006 2049 
3 2077 1850 1914 
3 2080 1933 2106 
3 2049 1917 2023 
3 2010 2041 2040 
3 1974 1911 2053 
3 1986 2010 2034 
3 2019 1965 2035 
3 2029 1620 2032 
3 2087 2050 1919 
3 2047 2008 2030 
4 2062 2028 1923 2105 
3 2068 1934 2027 
4 2067 2079 2035 2024 
4 2176 2026 1996 2209 
3 2015 2014 2038 
3 2024 1492 2810 
3 2589 1998 2082 
3 2005 2022 2044 
4 2058 2055 2023 2029 
3 1976 2012 2097 
3 2007 2013 2052 
3 2051 2031 2042 
4 2082 1926 2168 2307 
3 2020 2041 2046 
3 2040 2020 2056 
3 2038 2044 2061 
3 2071 1906 2053 
3 2042 2034 2045 
3 2044 2046 2107 
3 2045 2040 2070 
4 2063 2057 2026 2094 
3 2207 2011 2092 
3 2016 2019 2075 
3 2174 1919 2025 
4 2086 2038 2101 2165 
3 2056 2037 2093 
3 2043 2021 2059 
3 2074 1902 1971 
3 2066 2035 2058 
3 2041 2052 2073 
3 2060 2047 2063 
3 2055 2035 2076 
3 2053 1930 2174 
3 2092 1992 2057 
3 2042 2127 2109 
3 2118 2113 2027 
4 2083 2100 2057 2047 
4 2090 1939 1964 1978 
4 2084 1949 1941 1868 
3 2075 2055 2069 
3 2540 2537 2029 
3 2152 1934 2028 
3 2078 2066 2076 
3 2046 2073 2107 
3 2160 1973 2043 
3 2125 1966 2074 
3 2070 2056 2117 
3 2098 2072 2054 
3 2095 2049 2066 
3 2069 2058 2085 
3 2102 2017 2080 
3 2128 2091 2069 
3 2535 2085 2029 
3 2151 2077 2018 
3 1932 1988 2084 
3 2213 2033 2039 
3 2108 2063 2116 
3 2104 2081 2065 
4 2597 2592 2076 2079 
3 2089 2015 2051 
3 2157 2025 2126 
3 2105 1923 2111 
5 2090 1991 2086 2225 2146 
7 2097 1946 2064 1983 1990 2089 2201 
3 2099 2095 2078 
3 2112 2048 2060 
3 2052 2148 2117 
3 2121 2047 2154 
3 2147 2075 2091 
3 2187 2138 1907 
3 2120 2036 2090 
3 2130 2074 2150 
3 2122 2147 2091 
3 2133 2110 2063 
4 2051 2109 2114 2165 
3 2123 1980 2077 
3 2104 1884 2141 
3 2106 2084 2103 
3 2027 2088 2115 
3 2018 2104 2129 
3 2045 2070 2144 
4 2142 2136 2083 2116 
3 2101 2061 2114 
3 2203 2112 2100 
3 2124 2088 2132 
3 2203 2092 2110 
3 2135 2062 2118 
3 2101 2109 2139 
3 2118 2105 2124 
3 2108 2083 2121 
3 2073 2093 2145 
4 2113 2062 2115 2137 
3 2877 1785 2252 
3 1961 2097 2132 
3 2116 2094 2154 
3 2167 2099 2131 
3 2216 2102 2197 
3 2115 2111 2134 
4 2170 1966 2072 2130 
3 2087 1915 2202 
3 2061 2144 2143 
3 2169 2131 2078 
3 2153 2106 2158 
4 2125 2098 2226 2255 
4 2191 2190 2122 2128 
3 2111 2120 2211 
3 2207 2100 2136 
3 2137 2124 2177 
3 2152 2113 2186 
3 2182 2133 2108 
4 2118 2134 2177 2215 
3 2140 2096 2187 
3 2185 2114 2149 
3 2161 2141 2138 
3 2158 2103 2140 
3 2173 2108 2155 
3 2149 2127 2144 
4 2143 2127 2107 2145 
3 2144 2117 2164 
3 2089 2237 2189 
4 2164 2148 2095 2099 
3 2093 2147 2164 
3 2179 2139 2143 
3 2226 2098 2156 
3 2197 2080 2162 
3 2184 2068 2135 
3 2162 2129 2159 
3 2121 2094 2166 
3 2181 2142 2166 
3 2224 2150 2009 
4 2174 2087 2195 2244 
4 2159 2129 2141 2161 
3 2153 2158 2172 
3 2168 2071 2183 
3 2158 2140 2163 
3 2192 2151 2153 
3 2161 2193 2171 
5 2178 2145 2148 2147 2167 
3 2051 2101 2200 
3 2155 2154 2176 
3 2214 2164 2122 
4 2265 2039 2160 2246 
3 2488 2128 2592 
3 2252 1942 2125 
3 2172 2163 2193 
3 2159 2171 2175 
3 2223 2188 2142 
4 2183 2059 2050 2157 
3 2194 2172 2180 
3 2166 2030 2209 
3 2137 2134 2271 
3 2204 2179 2164 
3 2185 2149 2178 
3 2175 2196 2205 
3 2233 2155 2206 
3 2207 2136 2188 
3 2262 2160 2174 
4 2228 2253 2196 2152 
3 2198 2139 2179 
3 2208 2135 2199 
3 2138 2096 2193 
3 2231 2182 2173 
3 2201 2146 2288 
3 2214 2131 2191 
3 2483 2190 2131 
3 2197 2162 2194 
4 2171 2163 2187 2196 
3 2220 2192 2175 
3 2157 2202 2219 
5 2254 2205 2180 2193 2184 
4 2218 2123 2151 2192 
3 2200 2185 2204 
3 2222 2186 2217 
4 2165 2198 2251 2225 
3 2090 2189 2257 
3 2195 2126 2212 
3 2207 2112 2110 
3 2198 2178 2241 
3 2254 2180 2196 
3 2181 2210 2236 
5 2212 2048 2203 2133 2182 
3 2228 2186 2234 
3 2176 2030 2216 
3 2236 2206 2216 
3 2132 2240 2232 
3 2202 2207 2221 
3 2316 2082 2583 
3 2295 2167 2190 
3 2217 2137 2278 
4 2210 2209 2123 2229 
3 2199 2215 2256 
3 2227 2197 2220 
3 2242 2195 2221 
3 2218 2194 2269 
3 2219 2212 2235 
3 2234 2199 2296 
3 2230 2173 2248 
3 2654 2258 2156 
3 2089 2200 2237 
3 2130 2150 2260 
3 2229 2218 2239 
3 2253 2184 2208 
4 2263 2216 2227 2239 
3 2243 2223 2298 
3 2235 2188 2243 
3 2271 2211 2240 
3 2248 2181 2283 
3 2238 2208 2222 
3 2250 2221 2231 
3 2206 2210 2249 
3 2146 2225 2266 
3 2245 2234 2247 
3 2229 2227 2269 
3 2232 2211 2261 
3 2204 2290 2251 
3 2279 2219 2250 
3 2231 2230 2277 
3 2274 2157 2279 
4 2357 2259 2238 2247 
3 2265 2168 2262 
3 2245 2238 2324 
3 2223 2233 2320 
3 2236 2280 2283 
3 2284 2242 2235 
3 2200 2241 2290 
3 2119 2170 2348 
3 2275 2184 2228 
3 2269 2205 2196 
3 2267 2130 2264 
3 2217 2278 2330 
3 2261 2201 2294 
5 2654 2347 2272 2260 2224 
3 2362 2286 2245 
4 2268 2226 2258 2272 
3 2309 2240 2257 
3 2246 2183 2273 
3 2280 2229 2270 
3 2267 2255 2268 
4 2307 2168 2246 2276 
3 2237 2290 2285 
3 2304 2255 2264 
3 2281 2264 2260 
4 2292 2239 2220 2254 
3 2263 2287 2282 
3 2177 2232 2332 
3 2311 2260 2258 
3 2276 2262 2274 
3 2312 2273 2244 
3 2328 2292 2253 
3 2337 2265 2273 
3 2291 2243 2298 
3 2256 2215 2332 
3 2244 2242 2299 
4 2249 2263 2326 2334 
3 2304 2268 2311 
3 2301 2270 2313 
3 2233 2249 2310 
3 2300 2250 2302 
3 2289 2266 2297 
3 2368 2359 2259 
3 2270 2292 2328 
3 2189 2289 2294 
3 2308 2288 2285 
4 2266 2251 2241 2293 
3 2302 2277 2339 
4 2287 2269 2275 2328 
3 2297 2290 2295 
3 2257 2288 2308 
3 2293 2214 2315 
3 2306 2222 2345 
3 2305 2285 2293 
3 2277 2230 2331 
3 2312 2279 2300 
3 2299 2284 2314 
3 2326 2282 2303 
3 2284 2291 2333 
4 2301 2322 2323 2342 
3 2348 2267 2281 
3 2412 2308 2297 
3 2324 2296 2378 
4 2039 2265 2327 2319 
4 2385 2294 2289 2305 
3 2317 2332 2261 
3 2321 2283 2334 
3 2281 2272 2347 
3 2337 2274 2299 
3 2322 2282 2344 
3 2300 2358 2318 
3 2431 2295 2502 
3 2704 2213 2652 
3 2349 2309 2385 
3 2325 2314 2358 
3 2516 2307 2340 
3 2329 2248 2321 
3 2320 2310 2335 
3 2303 2313 2387 
3 2303 2366 2354 
5 2370 2247 2306 2425 2424 
3 2337 2318 2358 
3 2280 2301 2363 
3 2307 2351 2340 
4 2287 2292 2275 2355 
3 2336 2320 2356 
3 2345 2256 2365 
3 2338 2298 2336 
4 2278 2271 2309 2350 
3 2358 2302 2341 
4 2352 2310 2280 2363 
4 2346 2321 2352 2343 
3 2331 2329 2369 
5 2351 2276 2312 2325 2353 
3 2339 2331 2373 
3 2341 2291 2338 
3 2319 2327 2379 
3 2358 2333 2339 
3 2386 2303 2361 
3 2335 2352 2360 
3 2313 2355 2368 
3 2296 2330 2384 
3 2356 2335 2372 
3 2683 2311 2258 
3 2877 2252 2304 
3 2350 2317 2374 
3 2365 2332 2349 
3 2327 2337 2399 
4 2360 2343 2335 2334 
3 2337 2358 2371 
3 2361 2323 2367 
3 2344 2328 2359 
3 2329 2346 2372 
3 2362 2245 2370 
7 2353 2325 2318 2314 2333 2341 2364 
3 2355 2286 2368 
3 2381 2343 2352 
3 2342 2354 2458 
4 2376 2259 2357 2402 
3 2334 2326 2386 
3 2371 2358 2373 
3 2330 2350 2394 
3 2367 2323 2383 
3 2354 2366 2421 
4 2344 2359 2286 2382 
3 2375 2336 2381 
3 2357 2324 2424 
3 2408 2353 2364 
3 2356 2346 2381 
5 2388 2398 2364 2338 2375 
3 2394 2349 2392 
3 2377 2373 2369 
3 2382 2362 2389 
3 2380 2391 2375 
3 2425 2306 2413 
3 2470 2340 2399 
3 2407 2377 2397 
4 2369 2372 2360 2400 
4 2387 2368 2376 2393 
3 2366 2420 2438 
3 2423 2345 2406 
3 2317 2308 2390 
4 2396 2363 2342 2414 
3 2322 2382 2401 
3 2398 2373 2391 
3 2395 2376 2402 
3 2392 2385 2418 
3 2409 2388 2377 
3 2429 2374 2390 
3 2401 2382 2395 
3 2404 2365 2374 
3 2393 2389 2445 
3 2417 2400 2386 
3 2405 2380 2403 
3 2411 2373 2388 
3 2379 2351 2422 
4 2410 2403 2381 2396 
4 2420 2387 2393 2450 
3 2389 2362 2430 
3 2397 2400 2410 
4 2440 2406 2394 2434 
4 2452 2416 2407 2397 
3 2437 2384 2404 
3 2409 2380 2405 
4 2422 2371 2411 2460 
4 2411 2391 2407 2415 
4 2403 2400 2417 2442 
5 2460 2408 2398 2409 2454 
3 2426 2419 2305 
3 2378 2423 2427 
3 2433 2386 2465 
3 2454 2409 2416 
3 2477 2415 2405 
3 2410 2396 2433 
4 2472 2390 2419 2435 
3 2428 2418 2412 
3 2441 2383 2401 
3 2367 2527 2458 
3 2399 2408 2449 
3 2413 2384 2432 
3 2370 2324 2430 
3 2324 2378 2430 
3 2428 2412 2431 
3 2445 2413 2444 
3 2435 2419 2426 
3 2471 2436 2392 
4 2402 2424 2425 2445 
3 2426 2315 2492 
3 2423 2437 2459 
3 2439 2417 2414 
3 2440 2404 2436 
3 2418 2428 2534 
3 2447 2434 2429 
3 2432 2406 2448 
4 2527 2383 2498 2506 
3 2451 2443 2433 
3 2448 2404 2434 
3 2498 2420 2456 
3 2452 2410 2443 
3 2476 2442 2439 
3 2446 2427 2459 
4 2395 2430 2427 2446 
3 2455 2445 2444 
3 2448 2436 2457 
4 2437 2440 2447 2462 
3 2469 2422 2478 
3 2401 2455 2453 
3 2468 2439 2475 
3 2489 2405 2442 
3 2450 2461 2464 
3 2490 2411 2415 
3 2450 2446 2461 
3 2545 2441 2466 
3 2474 2447 2479 
3 2361 2421 2528 
3 2444 2432 2462 
3 2408 2411 2490 
3 2453 2455 2467 
4 2463 2459 2448 2473 
3 2480 2467 2462 
3 2466 2453 2522 
3 2475 2414 2528 
3 2525 2456 2464 
3 2461 2463 2480 
4 2482 2476 2451 2481 
3 2569 2470 2449 
3 2516 2379 2469 
3 2484 2429 2509 
3 2509 2418 2508 
3 2485 2462 2474 
3 2473 2457 2491 
3 2486 2451 2465 
3 2494 2443 2468 
3 2504 2416 2489 
4 2449 2503 2497 2517 
4 2491 2457 2484 2493 
3 2467 2463 2485 
3 2487 2468 2486 
3 2512 2468 2487 
3 2502 2191 2488 
3 2493 2479 2471 
3 2480 2473 2514 
4 2560 2481 2475 2495 
3 2566 2482 2481 
3 2483 2169 2609 
3 2500 2477 2452 
3 2460 2454 2503 
3 2518 2474 2479 
3 2431 2507 2555 
3 2479 2484 2496 
3 2500 2476 2499 
3 2486 2543 2553 
3 2520 2493 2501 
3 2517 2478 2544 
3 2438 2441 2506 
3 2505 2494 2513 
3 2510 2489 2494 
3 2520 2496 2519 
3 2507 2315 2483 
4 2478 2490 2504 2523 
3 2503 2477 2511 
3 2510 2499 2515 
3 2438 2498 2547 
3 2492 2502 2555 
3 2472 2533 2551 
3 2471 2472 2519 
4 2511 2500 2505 2515 
3 2504 2510 2523 
3 2526 2513 2482 
3 2526 2499 2512 
3 2521 2485 2518 
3 2510 2505 2526 
3 2583 2319 2470 
3 2541 2478 2497 
3 2531 2514 2491 
3 2501 2509 2548 
4 2529 2496 2501 2530 
3 2522 2514 2536 
3 2524 2464 2521 
3 2503 2511 2532 
3 2552 2538 2522 
3 2542 2466 2538 
4 2554 2515 2513 2512 
3 2543 2421 2438 
3 2465 2458 2543 
3 2557 2531 2520 
3 2610 2520 2550 
4 2557 2536 2518 2529 
3 2544 2523 2554 
3 2508 2534 2546 
3 2533 2435 2539 
3 2594 2079 2537 
3 2552 2521 2531 
3 2535 2067 2575 
3 2525 2524 2552 
3 2546 2534 2555 
3 2570 2067 2567 
3 2602 2569 2517 
3 2571 2545 2525 
5 2553 2495 2528 2527 2547 
3 2497 2532 2586 
3 2549 2456 2542 
3 2533 2539 2558 
3 2543 2506 2549 
3 2550 2519 2551 
3 2603 2547 2545 
3 2530 2548 2562 
3 2548 2508 2556 
5 2590 2565 2538 2524 2536 
3 2563 2495 2543 
3 2532 2526 2582 
5 2572 2539 2492 2507 2561 
3 2551 2559 2581 
3 2616 2531 2529 
3 2559 2546 2568 
3 2556 2558 2579 
3 2566 2486 2563 
4 2564 2576 2555 2574 
3 2601 2550 2596 
3 2560 2553 2603 
3 2598 2561 2606 
3 2599 2571 2552 
3 2582 2487 2560 
3 2540 2854 2763 
3 2580 2558 2572 
3 2662 2469 2541 
3 2588 2575 2540 
4 2633 2573 2542 2565 
3 2578 2568 2555 
3 2633 2584 2571 
3 2561 2609 2625 
3 2587 2537 2570 
3 2593 2577 2561 
3 2630 2578 2576 
3 2585 2572 2577 
3 2581 2559 2580 
3 2579 2568 2585 
3 2596 2556 2579 
5 2620 2586 2554 2566 2623 
3 2665 2213 2516 
3 2623 2603 2573 
3 2605 2580 2578 
3 2595 2544 2582 
3 2594 2575 2591 
3 2645 2591 2570 
3 2827 2684 2033 
3 2600 2599 2552 
3 2645 2587 2588 
3 2613 2169 2085 
3 2630 2576 2598 
3 2597 2535 2587 
3 2644 2602 2586 
3 2562 2581 2604 
3 2611 2085 2594 
3 2593 2564 2614 
3 2622 2565 2590 
3 2626 2649 2590 
3 2607 2562 2608 
3 2647 2541 2595 
4 2623 2563 2549 2584 
3 2608 2596 2605 
3 2656 2604 2585 
3 2614 2564 2627 
3 2612 2610 2601 
3 2617 2601 2604 
4 2574 2488 2619 2624 
3 2616 2530 2607 
3 2645 2613 2597 
3 2616 2607 2615 
3 2631 2592 2611 
3 2598 2606 2621 
3 2612 2617 2618 
4 2626 2557 2610 2612 
3 2615 2608 2656 
3 2634 2615 2651 
3 2609 2628 2638 
3 2643 2582 2623 
3 2743 2614 2637 
3 2648 2633 2599 
5 2620 2582 2603 2584 2633 
3 2629 2609 2641 
3 2627 2574 2629 
5 2632 2600 2616 2636 2640 
3 2637 2606 2625 
3 2639 2619 2631 
3 2625 2624 2734 
3 2668 2577 2593 
3 2628 2613 2642 
3 2635 2667 2626 
5 2660 2623 2573 2571 2622 
3 2636 2618 2658 
3 2671 2632 2655 
3 2626 2634 2640 
3 2750 2621 2627 
3 2641 2619 2639 
3 2638 2628 2642 
3 2626 2636 2663 
3 2624 2638 2769 
3 2639 2631 2650 
3 2694 2646 2620 
3 2647 2595 2646 
4 2650 2611 2591 2588 
3 2676 2644 2643 
3 2662 2602 2644 
3 2660 2622 2649 
3 2653 2648 2600 
3 2642 2645 2789 
3 2666 2618 2657 
3 2659 2316 2670 
3 2695 2649 2667 
3 2684 2258 2224 
3 2635 2677 2661 
3 2617 2605 2657 
3 2651 2656 2668 
3 2663 2634 2674 
3 2678 2664 2652 
3 2700 2633 2648 
3 2672 2655 2691 
3 2665 2569 2647 
3 2640 2658 2677 
3 2745 2710 2659 
3 2670 2583 2662 
3 2669 2651 2673 
3 2653 2632 2681 
3 2657 2630 2685 
3 2682 2674 2666 
3 2678 2652 2665 
3 2680 2635 2672 
3 2671 2661 2675 
3 2686 2666 2717 
3 2658 2669 2677 
3 2690 2672 2689 
3 2678 2646 2679 
4 2655 2663 2674 2682 
5 2800 2659 2670 2676 2679 
3 2678 2676 2696 
3 2681 2671 2690 
3 2713 2667 2680 
3 2677 2669 2688 
3 2693 2347 2687 
4 2865 2687 2654 2589 
3 2668 2730 2718 
3 2688 2673 2711 
3 2693 2683 2684 
4 2698 2692 2682 2686 
3 2675 2719 2706 
3 2680 2675 2701 
3 2661 2692 2697 
3 2691 2688 2698 
3 2869 2683 2687 
3 2696 2643 2702 
3 2715 2653 2725 
3 2679 2694 2705 
3 2691 2699 2709 
3 2692 2688 2707 
3 2709 2697 2703 
3 2723 2702 2660 
3 2690 2706 2708 
3 2705 2694 2700 
3 2709 2699 2707 
3 2827 2316 2710 
3 2696 2702 2768 
3 2701 2689 2724 
3 2703 2698 2712 
4 2741 2716 2701 2728 
4 2697 2699 2703 2714 
3 2816 2704 2664 
3 2712 2686 2732 
3 2727 2707 2711 
3 2725 2681 2721 
4 2720 2709 2727 2729 
4 2774 2723 2695 2725 
3 2738 2721 2708 
3 2737 2673 2718 
3 2717 2685 2754 
3 2724 2689 2722 
3 2722 2714 2731 
3 2742 2713 2716 
3 2726 2719 2720 
3 2767 2700 2715 
4 2728 2706 2719 2726 
5 2715 2695 2713 2761 2788 
3 2724 2722 2733 
3 2714 2712 2775 
3 2746 2708 2724 
3 2731 2714 2851 
3 2685 2744 2754 
4 2736 2720 2729 2740 
3 2735 2711 2737 
3 2757 2726 2736 
3 2755 2629 2739 
3 2747 2732 2796 
3 2733 2731 2748 
3 2732 2717 2791 
3 2742 2716 2772 
3 2759 2734 2753 
3 2731 2846 2787 
3 2751 2749 2708 
3 2761 2721 2738 
3 2744 2621 2752 
3 2754 2730 2743 
3 2862 2816 2664 
3 2751 2728 2760 
4 2775 2735 2766 2830 
3 2779 2736 2809 
3 2772 2741 2751 
3 2752 2637 2756 
4 2782 2749 2741 2746 
3 2770 2743 2750 
3 2739 2771 2795 
4 2804 2718 2730 2744 
3 2756 2734 2758 
4 2750 2755 2758 2762 
3 2760 2733 2764 
3 2756 2755 2759 
4 2762 2758 2739 2765 
3 2790 2746 2757 
3 2788 2725 2742 
3 2770 2756 2759 
3 2805 2567 2854 
3 2757 2785 2780 
3 2786 2759 2795 
3 2747 2793 2798 
3 2768 2723 2773 
3 2776 2705 2767 
3 2771 2641 2789 
3 2813 2752 2762 
3 2753 2769 2808 
3 2778 2738 2749 
3 2781 2767 2777 
4 2777 2715 2859 2879 
4 2727 2747 2842 2845 
3 2800 2768 2781 
3 2773 2774 2819 
3 2832 2772 2782 
3 2835 2785 2748 
3 2790 2764 2840 
3 2776 2773 2783 
3 2838 2778 2751 
3 2784 2781 2819 
3 2792 2783 2799 
3 2764 2779 2835 
3 2813 2765 2794 
3 2803 2740 2852 
3 2725 2761 2834 
3 2769 2650 2805 
3 2860 2760 2780 
3 2737 2804 2807 
4 2826 2822 2784 2799 
3 2798 2766 2806 
4 2814 2821 2786 2802 
3 2765 2753 2797 
3 2806 2735 2818 
3 2801 2795 2808 
3 2766 2793 2828 
3 2792 2784 2888 
3 2823 2678 2776 
3 2802 2797 2815 
3 2812 2794 2801 
3 2809 2787 2868 
3 2791 2754 2813 
4 2820 2789 2763 2870 
3 2828 2793 2796 
3 2818 2791 2813 
3 2797 2771 2817 
3 2831 2748 2803 
4 2032 1630 1060 2906 
2 2906 1611 
3 2829 2802 2825 
5 2841 2807 2804 2770 2786 
3 2873 2867 2794 
3 2825 2801 2824 
3 2862 2710 2745 
3 2824 2808 2820 
3 2796 2807 2841 
3 2783 2777 2909 
3 2849 2817 2805 
3 2867 2853 2794 
3 2823 2792 2901 
3 2875 2800 2822 
3 2847 2815 2817 
3 2843 2812 2815 
3 2896 2792 2880 
3 2865 2589 2704 
3 2798 2806 2837 
3 2878 2812 2844 
3 2747 2837 2842 
3 2833 2809 2930 
3 2839 2778 2838 
3 2836 2835 2831 
3 2859 2788 2839 
4 2840 2785 2779 2833 
3 2932 2833 2962 
3 2830 2828 2857 
3 2832 2782 2860 
3 2879 2834 2832 
3 2886 2780 2835 
3 2853 2818 2813 
3 2775 2830 2845 
4 2898 2844 2825 2855 
3 2881 2829 2843 
3 2775 2842 2851 
3 2740 2856 2850 
3 2855 2824 2848 
3 2911 2847 2849 
3 2848 2820 2871 
3 2852 2846 2857 
3 2729 2845 2856 
3 2787 2850 2863 
3 2858 2841 2821 
3 2763 2567 2905 
3 2927 2843 2847 
3 2846 2851 2857 
4 2850 2856 2837 2861 
3 2861 2853 2866 
3 2774 2834 2879 
3 2838 2790 2904 
3 2864 2857 2858 
3 2891 2816 2745 
3 2852 2864 2874 
3 2863 2861 2884 
4 2869 2684 2827 2872 
3 2883 2858 2867 
4 2882 2866 2821 2814 
3 2803 2874 2924 
5 2877 2693 2865 2872 2876 
3 2871 2805 2905 
3 2849 2870 2903 
3 2869 2865 2876 
3 2895 2814 2878 
3 2868 2863 2884 
3 2889 2823 2923 
3 2869 2872 2890 
8 1639 2119 2348 2869 2887 2900 2958 2988 
3 2873 2829 2881 
5 2774 2859 2839 2885 2892 
3 2899 2826 2888 
3 2916 2878 2844 
3 2883 2867 2895 
3 2884 2866 2882 
4 2924 2874 2864 2883 
5 2879 2897 2952 2965 2893 
3 2904 2840 2929 
3 2877 2890 2908 
3 2880 2799 2913 
3 2891 2875 2902 
3 2887 2876 2891 
4 2908 2890 2862 2889 
3 2910 2879 2894 
3 2894 2885 2953 
3 2920 2892 2893 
4 2925 2943 2882 2873 
3 2901 2826 2899 
3 2885 2904 2947 
3 2916 2843 2935 
3 2896 2880 2950 
3 2877 2907 2921 
3 2822 2896 2933 
3 2918 2889 2923 
3 2914 2871 2931 
4 2897 2860 2886 2929 
5 2970 2928 2870 2854 2906 
4 2980 2905 2810 2811 
3 2921 2900 2912 
3 2912 2887 2891 
3 2819 2910 2913 
3 2909 2892 2917 
3 2927 2848 2914 
4 2921 2907 2908 2915 
3 2888 2909 2922 
3 2967 2911 2903 
3 2912 2918 2937 
4 2941 2925 2881 2898 
3 2919 2910 2920 
3 2915 2902 2944 
3 2922 2917 2953 
3 2917 2894 2953 
5 2956 2900 2907 2912 2938 
4 2926 2950 2913 2919 
3 2902 2875 2933 
3 2930 2868 2884 
3 2943 2895 2916 
3 2934 2922 2946 
3 2935 2855 2911 
3 2940 2931 2905 
3 2904 2886 2932 
3 2831 2924 2963 
3 2969 2903 2928 
3 2929 2836 2936 
4 2923 2901 2954 2942 
3 2949 2957 2926 
3 2939 2898 2927 
3 2948 2932 2979 
3 2938 2915 2945 
3 2956 2921 2937 
3 2955 2935 2959 
3 2976 2928 2970 
3 2943 2916 2951 
3 2933 2992 2961 
4 2963 2895 2925 2941 
3 2945 2918 2968 
3 2937 2944 2975 
3 2949 2926 2953 
3 2952 2897 2948 
3 2947 2936 2982 
3 2985 2934 2946 
3 2899 2922 2954 
3 2963 2941 2955 
3 2885 2947 2965 
5 2946 2919 2920 2893 2978 
3 2933 2950 2957 
3 2984 2951 2939 
4 2988 2958 2921 2938 
3 2985 2954 2934 
3 2988 2877 2956 
3 2939 2967 2960 
3 2959 2971 2972 
3 2968 2942 2992 
3 2966 2836 2964 
4 2964 2930 2943 2951 
4 2973 2966 2962 2963 
3 2885 2952 2978 
3 2973 2962 2964 
3 2959 2914 2969 
3 2974 2944 2961 
3 2971 2967 2931 
3 2989 2940 2905 
3 2960 2969 2977 
3 2986 2960 2991 
3 2979 2966 2964 
3 2988 2975 2968 
3 2988 2945 2974 
3 2993 2977 2940 
3 2971 2976 2993 
3 2953 2965 2981 
3 2936 2973 2983 
2 2989 2906 
3 2994 2978 2990 
3 2990 2948 2983 
3 2982 2979 2984 
3 2983 2955 2987 
4 2992 2957 2949 2994 
3 2987 2972 2991 
3 2998 2984 2986 
7 2877 2958 2956 2975 2974 2992 2997 
3 2995 2970 2980 
3 2981 2982 2998 
3 2986 2972 2993 
6 2988 2961 2942 2985 2994 2997 
4 2991 2977 2976 2995 
4 2992 2985 2981 2997 
3 2996 2993 2989 
2 2999 2995 
4 2988 2992 2994 2999 
3 2990 2987 2999 
3 2997 2998 2996 
