50
0 1322 14006
1 1406 5874
2 2464 5558
3 2806 9880
4 3116 2258
5 3678 6732
6 4436 6286
7 4466 3560
8 5612 8806
9 6230 4256
10 6266 6036
11 6612 8816
12 7438 10300
13 7844 9076
14 7928 17138
15 8616 9192
16 8706 10360
17 9028 11890
18 9366 9134
19 9734 17202
20 10028 11160
21 10374 734
22 10454 7882
23 10814 17844
24 10896 8474
25 11120 4738
26 11168 9482
27 11286 9620
28 11332 9882
29 11560 7742
30 11864 10518
31 12560 17468
32 12778 12012
33 12916 14522
34 13670 4588
35 13688 2566
36 13778 8784
37 13986 5914
38 14032 4510
39 14038 10992
40 14314 12708
41 15276 11790
42 15588 7946
43 15692 13206
44 15766 11622
45 16644 8494
46 16768 8808
47 18734 10960
48 20098 11972
49 20490 4950
4 19 14 1 3 
3 0 4 2 
3 5 1 7 
3 0 5 8 
3 7 1 21 
3 3 2 6 
3 8 5 7 
6 9 10 11 6 2 4 
3 11 3 6 
3 25 22 7 
3 15 13 7 
3 12 8 7 
3 19 11 13 
3 16 12 10 
2 23 0 
3 16 10 18 
3 17 13 15 
3 19 16 20 
3 26 15 24 
5 23 0 12 17 20 
3 19 17 28 
3 49 35 4 
3 24 9 25 
4 14 19 33 31 
4 26 18 22 29 
3 22 9 34 
3 27 18 24 
3 28 26 36 
3 30 20 27 
3 24 34 37 
3 39 32 28 
3 23 43 48 
3 40 33 30 
3 23 32 40 
3 29 25 38 
3 49 38 21 
3 39 27 42 
3 42 29 38 
4 45 37 34 35 
3 41 30 36 
3 33 32 41 
3 40 39 44 
3 45 36 37 
3 31 44 47 
3 43 41 46 
4 47 46 42 38 
3 47 44 45 
4 48 43 46 45 
3 31 47 49 
3 48 35 21 
