100
0 450 16108
1 1228 4676
2 1556 17518
3 2062 13122
4 2252 16622
5 2292 6074
6 2336 21554
7 2774 9004
8 2830 1610
9 2904 9784
10 3166 13340
11 3588 5680
12 3720 4178
13 3804 11096
14 4044 4658
15 4208 4406
16 4312 13370
17 4426 7920
18 4458 5742
19 4674 4702
20 5248 12246
21 5590 9164
22 5700 9414
23 6042 8024
24 6300 15682
25 6392 12446
26 6430 11266
27 6904 7444
28 6978 9360
29 7170 18372
30 7794 12524
31 7862 11500
32 7876 18130
33 7930 6530
34 8110 6496
35 8150 17152
36 8176 5840
37 8320 9920
38 8368 5024
39 8416 12802
40 8442 17060
41 9038 10092
42 9278 11082
43 9498 10330
44 9622 7762
45 9914 17690
46 10098 7892
47 10124 1136
48 10186 4920
49 10186 7492
50 10376 11164
51 10502 11408
52 10550 8086
53 10608 2288
54 10914 11848
55 10950 9964
56 11028 7242
57 11264 4644
58 11264 11720
59 11288 14136
60 11506 9574
61 11560 11412
62 11664 10474
63 12018 9632
64 12088 10622
65 12158 4138
66 12366 10980
67 12496 13798
68 12974 14566
69 13120 9594
70 13134 10394
71 13146 11064
72 13308 7098
73 13360 17602
74 13518 4364
75 14286 5924
76 14336 6454
77 14694 9968
78 14930 11526
79 15062 7348
80 15326 8328
81 15778 17968
82 16174 13480
83 16514 11910
84 16596 4662
85 17124 15188
86 17452 2250
87 17458 9124
88 17732 9468
89 17984 5228
90 18834 2818
91 18856 5622
92 18916 19816
93 20306 7444
94 20390 10288
95 20434 13998
96 21368 16908
97 21416 3862
98 21692 16862
99 21762 4802
4 2 6 1 3 
3 5 0 8 
3 6 0 4 
4 10 0 7 9 
4 2 10 16 24 
3 7 1 11 
4 0 2 29 92 
3 9 3 5 
4 15 12 1 47 
4 13 3 7 17 
3 4 3 13 
5 18 17 5 12 14 
3 14 11 8 
5 20 16 10 9 21 
3 11 12 15 
3 19 14 8 
3 4 13 20 
3 23 9 11 
4 27 23 11 19 
3 38 18 15 
3 25 16 13 
3 22 13 23 
3 26 21 28 
4 28 21 17 18 
4 35 4 25 30 
3 24 20 26 
3 31 25 22 
3 28 18 33 
4 37 22 23 27 
3 6 35 32 
3 39 24 31 
4 30 26 37 42 
3 29 40 45 
3 27 36 34 
3 44 33 36 
3 29 24 40 
5 49 34 33 38 48 
4 41 31 28 44 
3 36 19 53 
3 59 30 51 
4 45 32 35 59 
3 43 37 46 
3 50 31 43 
3 42 41 55 
3 46 37 34 
3 32 40 73 
4 52 41 44 49 
3 86 53 8 
3 36 53 57 
4 52 46 36 56 
3 51 42 55 
3 54 39 50 
3 60 46 49 
4 65 48 38 47 
3 59 51 58 
3 50 43 60 
3 60 49 57 
3 56 48 65 
3 67 54 61 
4 40 39 54 67 
5 63 62 55 52 56 
4 58 62 64 66 
3 61 60 63 
4 64 62 60 69 
3 66 61 63 
4 74 72 57 53 
4 71 61 64 70 
3 68 59 58 
4 85 73 67 82 
3 70 63 72 
4 71 66 69 77 
3 78 66 70 
3 69 65 76 
3 81 45 68 
3 84 75 65 
3 79 76 74 
3 79 72 75 
4 83 78 70 80 
3 82 71 77 
5 80 76 75 84 89 
3 87 77 79 
3 92 73 85 
4 95 68 78 83 
3 82 77 88 
3 79 74 90 
3 81 68 95 
3 97 90 47 
3 88 80 91 
3 83 87 93 
3 91 79 90 
4 97 89 84 86 
3 87 89 99 
4 6 81 96 98 
3 94 88 99 
3 98 95 93 
4 96 85 82 94 
3 92 95 98 
3 99 90 86 
4 92 96 94 99 
4 98 93 91 97 
