20
0 1030 4366
1 1860 11290
2 2878 11404
3 3494 4510
4 4174 6888
5 4832 13868
6 8708 8490
7 9916 10990
8 11084 590
9 11138 11176
10 11820 8570
11 12358 8356
12 13186 13186
13 13720 8652
14 14868 10608
15 16770 4398
16 17740 14124
17 17930 16084
18 18522 9218
19 22160 6634
4 3 4 1 8 
4 2 5 0 4 
3 5 1 6 
3 6 0 8 
3 6 1 0 
5 17 1 2 7 12 
4 10 2 4 3 
3 9 5 10 
4 19 15 3 0 
3 12 7 14 
3 7 6 11 
3 13 10 15 
3 17 5 9 
3 14 11 15 
4 16 9 13 18 
4 19 13 11 8 
3 17 14 18 
4 5 12 16 19 
3 16 14 19 
4 17 18 15 8 
