1182
0 300 384
1 228 1074
2 290 734
3 686 1031
4 304 989
5 732 387
6 153 621
7 713 528
8 287 525
9 915 812
10 90 286
11 44 747
12 -16 84
13 751 947
14 94 1049
15 373 81
16 363 172
17 583 887
18 65 84
19 -4 594
20 915 786
21 802 745
22 773 939
23 829 222
24 873 245
25 94 1059
26 644 114
27 996 475
28 210 336
29 1022 753
30 851 879
31 296 583
32 287 724
33 817 91
34 159 384
35 86 286
36 618 127
37 870 745
38 207 384
39 911 565
40 1061 685
41 227 786
42 645 948
43 829 344
44 255 1059
45 51 650
46 83 417
47 522 323
48 649 390
49 80 903
50 686 875
51 922 245
52 255 989
53 177 873
54 44 603
55 642 127
56 117 343
57 457 694
58 51 571
59 1010 423
60 673 114
61 914 541
62 688 896
63 596 521
64 412 -18
65 757 528
66 385 647
67 153 642
68 321 394
69 94 1066
70 667 387
71 84 366
72 195 165
73 710 947
74 192 406
75 817 92
76 153 676
77 381 -2
78 405 694
79 545 1069
80 210 357
81 508 265
82 195 203
83 630 581
84 50 177
85 859 295
86 618 155
87 66 259
88 362 989
89 491 172
90 490 521
91 191 737
92 965 734
93 255 1020
94 144 683
95 682 395
96 795 629
97 419 512
98 92 874
99 932 146
100 437 637
101 132 432
102 132 13
103 94 1035
104 859 330
105 915 921
106 471 512
107 287 662
108 298 65
109 521 197
110 464 942
111 311 365
112 98 453
113 239 204
114 403 127
115 1000 685
116 795 536
117 191 691
118 893 532
119 523 521
120 830 40
121 262 286
122 659 386
123 287 589
124 1102 335
125 407 687
126 879 616
127 126 286
128 137 638
129 516 631
130 91 483
131 113 453
132 521 155
133 71 885
134 786 204
135 583 1039
136 565 512
137 795 596
138 1015 586
139 922 221
140 393 988
141 299 384
142 601 512
143 117 319
144 419 521
145 305 364
146 909 616
147 686 885
148 295 406
149 443 521
150 65 63
151 877 65
152 298 -34
153 132 453
154 468 53
155 196 210
156 44 615
157 246 204
158 774 767
159 877 91
160 72 329
161 311 393
162 649 491
163 759 448
164 1022 746
165 485 512
166 75 417
167 566 491
168 679 875
169 932 127
170 122 432
171 859 287
172 740 875
173 521 186
174 473 657
175 305 425
176 715 875
177 784 745
178 675 896
179 66 277
180 615 155
181 464 1015
182 117 286
183 932 186
184 109 1074
185 298 98
186 -23 159
187 44 554
188 845 629
189 675 837
190 933 586
191 101 453
192 929 921
193 859 344
194 493 654
195 117 290
196 521 247
197 690 528
198 363 174
199 829 515
200 63 84
201 531 631
202 878 515
203 846 616
204 315 118
205 1010 426
206 444 37
207 450 637
208 907 273
209 495 631
210 -23 84
211 385 652
212 844 192
213 777 130
214 137 616
215 450 670
216 925 629
217 195 190
218 773 947
219 574 491
220 403 89
221 474 491
222 159 386
223 1010 414
224 195 196
225 31 362
226 860 543
227 11 561
228 408 637
229 649 418
230 93 286
231 403 154
232 227 788
233 468 93
234 1063 211
235 633 896
236 508 244
237 306 413
238 215 346
239 131 432
240 932 149
241 296 667
242 191 704
243 559 817
244 114 874
245 462 433
246 83 393
247 51 690
248 65 35
249 464 937
250 432 521
251 191 686
252 444 60
253 1010 421
254 550 832
255 44 627
256 932 109
257 153 640
258 191 525
259 911 616
260 287 568
261 925 590
262 822 459
263 444 26
264 94 1074
265 830 39
266 829 207
267 774 805
268 1022 871
269 990 211
270 195 256
271 51 592
272 665 837
273 519 1069
274 227 823
275 290 756
276 564 512
277 649 427
278 148 -26
279 615 970
280 830 19
281 822 412
282 759 411
283 763 387
284 564 155
285 66 228
286 190 827
287 12 84
288 767 114
289 859 245
290 774 875
291 822 438
292 44 588
293 741 114
294 388 -18
295 83 398
296 625 631
297 907 271
298 831 515
299 404 964
300 962 686
301 93 453
302 615 1026
303 265 249
304 845 192
305 865 192
306 1022 737
307 822 450
308 264 525
309 172 -44
310 363 200
311 597 289
312 932 114
313 911 543
314 267 118
315 72 298
316 464 988
317 360 200
318 473 654
319 296 605
320 271 989
321 823 812
322 475 521
323 971 211
324 298 2
325 191 609
326 455 512
327 542 512
328 468 99
329 287 627
330 692 95
331 552 512
332 649 438
333 795 588
334 360 244
335 521 234
336 680 948
337 722 457
338 215 326
339 87 525
340 117 295
341 615 951
342 122 525
343 521 204
344 94 1050
345 821 629
346 153 658
347 786 152
348 191 563
349 346 118
350 464 1026
351 311 258
352 177 853
353 78 417
354 196 250
355 261 118
356 621 521
357 1002 541
358 404 946
359 311 312
360 195 187
361 630 597
362 822 515
363 830 59
364 521 283
365 760 114
366 159 391
367 597 155
368 774 835
369 327 394
370 690 114
371 191 628
372 403 151
373 559 837
374 296 624
375 172 483
376 848 812
377 72 483
378 462 394
379 508 255
380 269 269
381 153 625
382 150 525
383 1102 403
384 846 580
385 94 290
386 743 114
387 311 244
388 208 384
389 719 114
390 259 125
391 947 586
392 373 71
393 4 84
394 552 155
395 682 457
396 412 88
397 363 198
398 807 387
399 755 114
400 125 860
401 910 543
402 464 970
403 884 629
404 732 457
405 1102 248
406 965 685
407 922 259
408 895 812
409 72 318
410 893 812
411 450 694
412 407 661
413 879 745
414 296 593
415 51 589
416 80 883
417 922 301
418 763 406
419 174 406
420 462 491
421 15 177
422 649 416
423 195 236
424 360 226
425 922 215
426 669 948
427 256 786
428 872 543
429 373 131
430 350 989
431 191 603
432 137 683
433 195 125
434 438 394
435 462 439
436 773 893
437 65 33
438 692 113
439 444 62
440 373 64
441 63 329
442 403 122
443 135 13
444 125 853
445 910 91
446 505 1069
447 1010 445
448 385 550
449 273 118
450 395 -18
451 859 261
452 265 216
453 868 543
454 622 631
455 615 887
456 86 277
457 191 533
458 572 837
459 915 882
460 618 491
461 80 874
462 1103 674
463 902 616
464 700 893
465 158 -44
466 1102 370
467 75 483
468 795 595
469 148 -32
470 615 964
471 227 799
472 44 703
473 759 405
474 774 116
475 357 111
476 601 290
477 203 1074
478 215 365
479 117 306
480 149 525
481 847 879
482 774 873
483 290 710
484 258 125
485 255 1074
486 642 114
487 682 401
488 795 623
489 884 245
490 592 887
491 688 955
492 196 215
493 624 896
494 907 245
495 51 554
496 521 211
497 191 703
498 305 466
499 287 710
500 932 124
501 385 694
502 476 491
503 72 300
504 137 610
505 282 384
506 627 861
507 521 181
508 915 891
509 31 346
510 688 1015
511 922 319
512 30 561
513 512 491
514 467 99
515 407 641
516 505 1026
517 656 948
518 195 218
519 360 208
520 776 387
521 627 873
522 887 543
523 615 987
524 529 512
525 681 387
526 690 571
527 849 192
528 94 1014
529 287 667
530 1102 257
531 877 61
532 58 177
533 449 637
534 494 631
535 66 177
536 315 989
537 583 884
538 617 521
539 732 440
540 1010 431
541 527 323
542 773 940
543 661 386
544 972 921
545 65 79
546 754 528
547 136 1074
548 893 515
549 195 189
550 686 948
551 688 1006
552 1102 247
553 627 840
554 287 604
555 210 365
556 501 244
557 630 589
558 290 786
559 1085 403
560 859 303
561 412 23
562 1087 403
563 10 561
564 897 879
565 30 587
566 686 896
567 227 787
568 311 321
569 822 390
570 69 417
571 362 118
572 682 387
573 846 586
574 1022 783
575 801 204
576 773 907
577 177 874
578 500 1026
579 628 127
580 798 745
581 78 525
582 306 349
583 270 737
584 306 466
585 393 927
586 595 512
587 774 780
588 929 541
589 832 745
590 891 515
591 621 512
592 910 541
593 1002 514
594 265 525
595 243 1074
596 373 111
597 925 625
598 296 589
599 859 270
600 702 111
601 897 186
602 159 398
603 194 286
604 615 888
605 1 177
606 631 873
607 950 211
608 915 879
609 501 521
610 1022 842
611 1012 586
612 106 1074
613 94 990
614 287 611
615 881 91
616 148 -37
617 56 329
618 306 352
619 922 213
620 589 887
621 143 13
622 94 992
623 30 596
624 65 13
625 583 1069
626 882 186
627 196 204
628 732 398
629 910 629
630 494 654
631 153 610
632 269 286
633 83 397
634 615 957
635 877 192
636 904 879
637 583 521
638 550 836
639 265 256
640 196 234
641 255 1053
642 521 289
643 907 254
644 458 394
645 253 286
646 593 521
647 407 694
648 925 586
649 296 564
650 104 286
651 627 854
652 462 462
653 464 985
654 581 289
655 508 263
656 227 827
657 287 737
658 290 752
659 519 323
660 830 186
661 464 1023
662 479 521
663 955 921
664 489 521
665 892 616
666 94 1003
667 393 989
668 306 373
669 1022 825
670 451 14
671 404 986
672 795 609
673 163 525
674 44 614
675 247 -44
676 -4 596
677 491 244
678 846 608
679 1022 741
680 191 697
681 639 948
682 195 144
683 825 745
684 521 268
685 117 366
686 191 540
687 806 745
688 80 966
689 962 733
690 255 786
691 566 1069
692 784 744
693 71 883
694 400 694
695 649 464
696 403 172
697 587 289
698 494 244
699 892 186
700 373 12
701 877 33
702 671 839
703 229 1074
704 655 896
705 795 614
706 911 604
707 296 659
708 237 1074
709 759 416
710 688 948
711 196 216
712 996 512
713 522 521
714 1076 685
715 833 344
716 915 745
717 444 36
718 1102 211
719 753 893
720 65 77
721 665 581
722 1012 734
723 450 641
724 785 387
725 570 837
726 44 657
727 1042 211
728 627 842
729 1102 322
730 210 363
731 137 627
732 583 1026
733 774 839
734 65 16
735 649 419
736 256 525
737 298 19
738 442 521
739 550 798
740 616 948
741 759 387
742 822 388
743 418 394
744 460 172
745 66 236
746 877 52
747 300 406
748 809 812
749 1067 586
750 44 596
751 322 989
752 774 744
753 944 586
754 1102 304
755 962 700
756 265 406
757 444 35
758 773 915
759 90 874
760 284 -44
761 385 646
762 153 641
763 907 251
764 137 658
765 1002 512
766 439 172
767 468 14
768 688 999
769 809 839
770 829 261
771 220 1074
772 153 683
773 714 875
774 72 290
775 210 354
776 157 -44
777 809 873
778 271 737
779 159 406
780 1102 367
781 909 541
782 877 19
783 189 483
784 970 541
785 1097 403
786 922 211
787 412 6
788 -23 172
789 93 443
790 393 986
791 798 839
792 420 521
793 72 525
794 418 521
795 215 336
796 491 197
797 448 14
798 829 330
799 71 903
800 298 -44
801 615 959
802 759 428
803 1052 211
804 774 773
805 915 777
806 846 543
807 318 111
808 822 461
809 652 896
810 373 118
811 1002 523
812 973 921
813 597 290
814 550 512
815 117 355
816 -4 565
817 137 637
818 1010 403
819 444 14
820 586 512
821 80 878
822 127 853
823 788 528
824 846 555
825 481 1026
826 939 586
827 630 631
828 31 359
829 305 393
830 830 21
831 309 321
832 337 989
833 418 512
834 774 130
835 922 333
836 649 409
837 557 512
838 685 896
839 615 948
840 367 172
841 117 344
842 611 1026
843 907 249
844 44 608
845 879 515
846 65 80
847 153 659
848 125 874
849 769 528
850 287 559
851 795 528
852 619 512
853 785 130
854 829 279
855 774 790
856 385 650
857 113 525
858 792 204
859 457 659
860 843 812
861 521 185
862 464 978
863 461 521
864 906 543
865 550 809
866 306 431
867 164 1074
868 627 839
869 404 927
870 175 853
871 763 440
872 444 99
873 1103 586
874 139 483
875 -23 158
876 200 1074
877 306 393
878 65 29
879 630 608
880 846 605
881 1022 806
882 822 387
883 31 394
884 290 733
885 531 521
886 864 245
887 111 525
888 1102 261
889 649 386
890 298 48
891 508 323
892 83 376
893 550 884
894 175 1074
895 198 406
896 575 884
897 672 873
898 51 567
899 306 350
900 44 329
901 398 694
902 763 448
903 -23 91
904 836 745
905 148 3
906 51 733
907 404 952
908 203 286
909 690 581
910 80 959
911 111 874
912 252 483
913 403 88
914 45 177
915 742 387
916 726 457
917 226 483
918 734 528
919 72 317
920 700 896
921 1022 734
922 932 162
923 360 219
924 702 114
925 857 515
926 1022 839
927 412 19
928 94 987
929 874 616
930 899 879
931 392 394
932 94 1021
933 258 525
934 215 341
935 686 878
936 859 255
937 574 155
938 877 76
939 615 896
940 689 457
941 458 657
942 1022 789
943 264 118
944 559 798
945 732 425
946 309 989
947 819 91
948 385 644
949 298 111
950 176 406
951 226 384
952 450 662
953 191 695
954 869 192
955 508 302
956 257 989
957 153 681
958 159 394
959 985 586
960 215 286
961 311 293
962 630 600
963 809 879
964 999 685
965 287 623
966 450 682
967 736 528
968 702 95
969 44 702
970 311 346
971 733 387
972 -23 146
973 901 186
974 373 6
975 627 865
976 819 812
977 332 118
978 269 256
979 916 91
980 153 636
981 418 519
982 305 360
983 308 118
984 258 786
985 72 502
986 689 896
987 83 401
988 269 282
989 133 13
990 209 -44
991 915 805
992 521 202
993 796 629
994 260 122
995 44 624
996 915 896
997 124 525
998 265 248
999 578 837
1000 635 127
1001 93 452
1002 229 483
1003 195 175
1004 686 970
1005 928 186
1006 194 1074
1007 962 734
1008 615 996
1009 679 837
1010 122 874
1011 381 -18
1012 156 525
1013 654 873
1014 305 399
1015 555 1069
1016 290 742
1017 44 558
1018 727 875
1019 148 -44
1020 490 654
1021 298 -35
1022 464 920
1023 210 286
1024 475 1026
1025 196 256
1026 876 879
1027 884 812
1028 583 885
1029 311 394
1030 233 -44
1031 703 457
1032 305 349
1033 508 316
1034 503 631
1035 612 155
1036 661 387
1037 688 1024
1038 457 657
1039 197 406
1040 50 747
1041 117 525
1042 1083 685
1043 140 853
1044 190 859
1045 121 432
1046 306 429
1047 66 221
1048 181 406
1049 779 130
1050 305 384
1051 1064 586
1052 877 29
1053 997 512
1054 774 123
1055 561 1069
1056 51 648
1057 72 515
1058 447 521
1059 468 63
1060 407 637
1061 559 821
1062 297 406
1063 94 1026
1064 44 601
1065 284 118
1066 298 88
1067 911 582
1068 872 192
1069 18 177
1070 260 118
1071 540 155
1072 195 157
1073 496 244
1074 296 550
1075 393 920
1076 1022 921
1077 256 483
1078 196 226
1079 688 1031
1080 265 204
1081 148 13
1082 363 185
1083 688 875
1084 419 920
1085 311 304
1086 893 541
1087 642 873
1088 31 329
1089 550 806
1090 644 873
1091 403 90
1092 352 244
1093 297 118
1094 72 319
1095 328 244
1096 1016 921
1097 210 359
1098 311 302
1099 227 819
1100 385 605
1101 333 244
1102 51 747
1103 774 114
1104 268 256
1105 763 399
1106 658 581
1107 527 289
1108 674 387
1109 -23 177
1110 268 286
1111 692 114
1112 373 172
1113 783 528
1114 31 417
1115 830 91
1116 260 125
1117 854 515
1118 1022 795
1119 924 629
1120 830 192
1121 66 188
1122 780 839
1123 203 125
1124 198 286
1125 710 948
1126 829 204
1127 119 483
1128 311 265
1129 856 812
1130 287 579
1131 581 290
1132 1103 685
1133 309 346
1134 -23 142
1135 330 394
1136 911 569
1137 1068 685
1138 115 366
1139 108 453
1140 601 289
1141 817 186
1142 564 837
1143 311 370
1144 385 610
1145 1015 403
1146 795 622
1147 786 130
1148 191 553
1149 175 483
1150 830 66
1151 877 186
1152 1010 475
1153 83 366
1154 411 172
1155 373 -2
1156 262 384
1157 962 685
1158 190 874
1159 103 286
1160 915 763
1161 1102 289
1162 829 282
1163 679 873
1164 412 69
1165 786 182
1166 -4 561
1167 191 644
1168 201 483
1169 550 810
1170 679 839
1171 932 91
1172 1102 237
1173 288 786
1174 80 987
1175 881 515
1176 907 91
1177 630 587
1178 305 397
1179 358 111
1180 93 432
1181 907 333
2 1050 141 
2 703 771 
2 1016 884 
5 1079 135 302 1004 1037 
2 946 320 
3 971 628 572 
2 381 631 
2 918 197 
3 850 594 747 
3 608 408 991 
2 230 35 
5 1040 799 227 623 472 
2 393 210 
3 510 1125 542 
2 344 103 
3 913 596 392 
3 840 198 449 
3 620 516 1028 
3 433 200 846 
2 676 816 
2 991 805 
3 687 748 580 
2 542 758 
2 770 266 
2 489 886 
2 69 344 
2 60 486 
3 712 193 818 
2 775 1023 
2 574 164 
2 1026 481 
2 598 649 
2 657 499 
4 947 75 1147 1150 
4 38 222 685 555 
3 10 774 456 
3 579 86 154 
2 413 904 
2 388 34 
2 1136 313 
2 1137 115 
4 690 567 286 583 
2 517 681 
3 715 882 798 
4 894 641 667 350 
2 247 1056 
3 1180 353 987 
2 541 659 
2 836 889 
2 910 416 
3 1083 935 168 
3 407 494 139 
3 956 93 577 
3 1158 577 400 
2 844 1064 
3 1108 1000 486 
2 841 143 
3 739 411 630 
2 415 898 
2 205 253 
2 370 26 
2 588 592 
2 986 566 
2 538 646 
3 280 450 800 
2 849 546 
2 856 761 
2 346 762 
2 369 1029 
3 264 1174 25 
3 1108 1036 543 
2 1138 1153 
3 627 1003 1072 
3 1125 710 542 
2 1039 1048 
2 1141 33 
2 957 847 
3 787 1155 1011 
2 647 694 
2 1015 273 
2 1097 775 
2 955 655 
2 518 224 
3 1106 1177 356 
2 532 914 
2 560 171 
4 543 1140 180 36 
2 179 745 
2 667 430 
4 507 796 744 872 
2 609 664 
4 583 286 444 242 
2 722 1007 
2 641 52 
2 772 432 
2 487 572 
3 993 692 488 
2 326 833 
3 911 759 400 
2 240 169 
2 533 228 
3 153 239 779 
2 989 624 
2 14 1063 
2 193 560 
3 192 218 996 
2 165 326 
3 483 529 329 
2 1066 890 
2 992 173 
2 402 249 
2 1143 970 
2 191 301 
2 157 627 
2 372 442 
2 40 964 
2 333 851 
2 953 251 
2 1086 548 
2 885 713 
3 363 968 265 
2 1110 645 
2 543 889 
2 554 1130 
2 780 729 
2 647 412 
2 665 929 
3 603 195 182 
2 764 817 
2 201 1034 
2 1127 467 
2 153 1139 
3 1071 507 328 
2 799 693 
3 858 915 1165 
3 446 302 3 
2 820 276 
2 672 468 
2 1051 611 
2 51 425 
2 667 790 
2 0 505 
2 852 586 
2 56 479 
3 792 207 794 
2 1050 982 
2 259 463 
2 566 935 
3 1062 1077 756 
2 1058 738 
2 720 248 
2 938 531 
2 324 1021 
3 1149 131 101 
3 36 1059 757 
2 492 627 
2 995 674 
2 1080 113 
2 804 752 
2 615 1115 
3 1153 441 1094 
2 1029 1143 
4 197 591 460 695 
3 902 918 802 
2 29 679 
2 524 106 
2 353 570 
2 219 513 
3 50 455 1163 
2 99 500 
2 239 1045 
2 85 599 
2 290 1018 
3 109 236 861 
3 952 859 630 
2 498 1014 
3 1018 464 773 
3 580 1122 692 
2 838 704 
3 774 617 87 
2 86 1035 
2 661 316 
2 127 650 
3 269 1005 922 
2 547 612 
2 949 1066 
2 788 875 
3 1017 512 1057 
2 403 345 
2 1009 272 
2 826 648 
2 1139 112 
2 663 105 
4 27 715 104 1181 
2 630 1020 
3 340 385 127 
2 684 335 
3 7 526 162 
2 1082 16 
2 298 362 
2 18 287 
3 454 630 129 
2 845 925 
3 929 488 678 
2 977 983 
2 540 59 
2 252 717 
4 1038 723 533 144 
2 1181 297 
2 1034 534 
4 12 605 903 624 
2 501 856 
2 304 1120 
2 1049 834 
2 731 504 
2 966 952 
4 1157 1119 259 597 
2 224 549 
3 1037 542 105 
2 460 167 
2 1091 913 
2 502 420 
2 366 34 
2 253 818 
2 82 217 
2 883 828 
2 453 806 
5 512 623 11 563 377 
2 100 1060 
2 735 422 
2 1159 10 
2 696 372 
2 471 567 
2 328 1059 
3 1172 803 1171 
2 809 493 
3 379 556 173 
3 1046 877 1029 
2 478 934 
2 101 170 
2 922 99 
3 483 707 856 
2 91 497 
2 1061 944 
2 1010 911 
2 435 378 
2 633 892 
2 906 45 
2 150 437 
2 110 1022 
2 738 792 
2 117 1167 
2 439 206 
2 59 223 
2 638 1169 
2 726 995 
2 312 1171 
2 762 980 
3 736 457 673 
3 216 146 706 
2 1130 850 
2 597 648 
2 808 307 
3 486 757 819 
3 612 676 69 
2 120 830 
2 23 1126 
2 368 855 
2 1076 610 
3 727 323 183 
4 1025 456 423 354 
2 1056 415 
3 189 999 827 
2 79 446 
2 656 1099 
2 558 658 
2 136 837 
2 332 735 
2 905 469 
2 523 470 
3 782 830 64 
2 291 569 
2 709 473 
3 520 1105 741 
2 937 394 
2 745 1047 
3 352 91 41 
2 200 393 
2 1103 365 
3 886 936 1126 
4 436 172 482 1122 
2 307 281 
2 750 1017 
2 386 389 
2 450 1011 
2 987 633 
2 827 454 
2 208 643 
2 1117 199 
2 671 907 
2 755 1157 
3 112 377 1001 
4 3 135 842 1008 
3 978 354 998 
2 527 212 
2 954 527 
2 679 921 
2 262 291 
2 594 933 
2 990 465 
3 677 317 397 
2 1140 697 
2 500 256 
4 648 39 401 357 
2 449 943 
2 503 774 
2 181 653 
4 310 519 1080 1116 
3 1020 941 534 
2 374 414 
2 4 956 
2 860 976 
2 662 863 
2 269 607 
2 737 152 
2 371 431 
3 106 97 420 
2 814 524 
3 132 514 233 
2 107 965 
3 968 438 767 
2 837 814 
3 695 277 1036 
2 468 116 
3 677 1092 424 
2 196 496 
2 550 426 
2 916 1031 
2 795 960 
3 887 504 581 
2 479 195 
2 634 839 
2 997 1041 
2 496 992 
2 25 14 
2 188 993 
2 847 67 
2 1165 1147 
3 431 631 1148 
2 571 977 
4 1024 44 671 661 
2 1128 387 
3 1044 870 286 
2 46 166 
3 270 640 303 
2 943 1070 
3 83 538 591 
4 1051 313 784 811 
2 907 869 
2 568 1085 
2 549 1003 
2 962 557 
4 199 806 851 808 
3 1150 1103 120 
2 642 684 
2 288 399 
2 958 222 
2 1035 937 
2 733 267 
2 1135 68 
2 1111 60 
2 1167 325 
2 231 114 
3 1142 893 1061 
2 707 319 
2 1149 874 
2 1129 860 
4 467 985 227 301 
3 245 644 541 
2 655 236 
2 988 978 
2 980 6 
2 1012 480 
3 873 785 466 
2 573 824 
2 195 774 
2 399 293 
3 1095 351 1080 
2 951 38 
2 293 924 
2 1116 484 
2 959 753 
2 15 440 
2 287 12 
2 284 1071 
3 940 695 487 
3 872 913 1164 
2 310 1082 
2 882 724 
2 365 386 
3 53 98 822 
2 313 864 
2 862 110 
2 629 188 
3 918 916 539 
2 530 552 
2 964 1157 
2 417 51 
2 9 410 
2 1094 919 
2 408 1027 
3 57 647 966 
2 125 515 
2 716 37 
2 319 598 
2 271 58 
2 49 821 
2 511 407 
2 871 1105 
2 950 779 
3 221 326 652 
2 1069 605 
2 229 836 
2 270 518 
2 334 923 
2 139 619 
2 336 517 
2 984 690 
2 522 453 
2 1112 810 
2 88 832 
2 325 348 
3 94 461 764 
3 1123 682 18 
2 644 743 
2 652 245 
3 576 719 290 
2 248 878 
2 1111 330 
2 872 252 
2 392 700 
2 160 617 
2 114 1091 
2 621 989 
3 822 759 91 
2 979 1176 
3 273 485 135 
2 1152 540 
3 1100 584 794 
4 1065 16 314 949 
3 64 767 294 
2 599 936 
2 998 1080 
2 428 226 
3 296 944 201 
3 604 490 168 
3 35 1047 270 
2 686 258 
3 999 868 725 
2 508 608 
2 162 219 
3 821 693 432 
2 1132 873 
2 146 665 
3 719 566 176 
2 309 776 
2 383 780 
2 130 377 
2 137 333 
2 278 616 
2 279 801 
2 1099 232 
2 11 969 
2 282 741 
2 1054 1103 
2 1179 807 
3 889 813 1140 
2 771 876 
3 505 555 238 
2 143 340 
2 382 997 
2 30 963 
2 290 733 
3 884 107 241 
2 390 1123 
3 595 446 625 
3 26 55 263 
2 395 95 
3 96 1146 203 
2 494 24 
2 455 620 
3 768 710 1125 
2 711 155 
2 235 939 
3 51 843 489 
3 898 1017 793 
2 335 343 
2 242 680 
3 584 1074 175 
2 32 529 
2 169 312 
3 901 1016 211 
2 513 221 
2 919 315 
3 631 214 339 
3 141 1156 478 
2 975 651 
3 861 89 132 
2 996 459 
2 828 1088 
3 1037 551 13 
2 835 417 
3 565 227 187 
2 167 502 
2 328 872 
2 412 1060 
3 732 578 17 
2 426 42 
2 423 82 
2 923 317 
2 724 283 
3 606 537 975 
3 864 428 1086 
2 1008 279 
2 327 165 
3 572 1108 834 
2 909 197 
2 305 304 
2 932 666 
2 499 107 
2 888 405 
2 151 746 
2 535 84 
2 207 100 
3 209 318 637 
3 1121 532 682 
2 751 946 
3 1028 896 521 
2 356 63 
2 404 945 
2 447 205 
3 378 47 1131 
4 218 13 73 22 
4 70 1036 122 86 
2 812 663 
2 846 720 
2 65 967 
2 867 184 
3 118 590 712 
2 217 360 
3 710 1004 336 
2 510 768 
2 405 1172 
2 728 868 
2 614 123 
3 478 34 730 
2 236 1073 
2 361 1177 
3 865 1173 275 
2 562 1145 
2 104 85 
2 1164 927 
2 785 559 
3 227 1166 1114 
2 930 1026 
2 623 512 
4 62 838 147 464 
2 232 41 
2 970 359 
2 281 742 
2 166 1114 
2 810 349 
3 5 95 525 
2 880 384 
2 942 29 
2 1126 858 
2 758 436 
4 52 928 848 53 
2 516 825 
2 1000 36 
2 21 177 
2 339 793 
3 899 1032 1133 
3 778 41 91 
4 833 448 498 866 
2 790 1075 
2 142 820 
2 855 804 
2 784 61 
2 904 683 
2 548 1175 
3 356 852 162 
2 61 781 
2 811 765 
3 8 308 1077 
2 485 708 
3 810 1179 15 
2 216 261 
2 414 31 
2 171 451 
2 924 968 
2 973 699 
2 779 958 
2 1124 127 
2 939 455 
3 421 1088 210 
2 1087 521 
2 323 786 
3 459 636 9 
2 713 90 
2 268 926 
2 138 959 
2 184 264 
2 622 928 
2 965 554 
2 1176 159 
2 469 1019 
3 441 900 179 
2 668 899 
2 425 786 
2 490 17 
2 1081 443 
2 666 613 
3 11 227 565 
4 102 734 210 1019 
4 485 691 1079 1076 
2 699 1151 
3 113 155 72 
2 945 5 
2 1119 403 
4 57 174 194 201 
3 6 504 348 
3 1032 1110 988 
2 295 246 
2 801 341 
3 786 1068 1005 
2 608 930 
3 646 534 885 
2 893 254 
2 1104 1025 
2 354 1078 
2 44 93 
3 1107 891 364 
2 297 763 
2 378 434 
2 121 960 
2 63 637 
3 411 78 125 
3 190 261 313 
2 31 1074 
2 182 1159 
2 506 728 
2 420 435 
2 316 862 
2 697 1107 
2 81 379 
3 1022 1044 274 
3 658 778 32 
3 275 657 1016 
2 47 891 
3 1151 1120 1141 
2 350 181 
2 664 322 
2 544 192 
2 90 662 
2 463 126 
2 528 622 
4 44 88 140 671 
2 877 618 
2 926 881 
2 767 797 
3 350 667 299 
2 705 137 
2 258 1012 
2 156 844 
2 760 1030 
3 264 1109 19 
4 698 334 310 796 
2 203 880 
2 164 306 
2 497 953 
3 42 740 920 
3 1072 535 433 
2 589 687 
2 364 196 
3 34 1138 815 
2 1148 457 
2 683 21 
2 1174 910 
2 1007 755 
2 427 41 
2 625 1055 
3 177 752 96 
3 133 1102 461 
2 78 901 
3 162 332 395 
3 1154 1112 231 
2 311 654 
2 1073 677 
2 601 626 
2 440 974 
2 746 1052 
2 1170 868 
2 708 1 
2 178 809 
2 1146 672 
2 259 1067 
2 241 374 
2 595 703 
2 802 282 
3 491 550 73 
2 1078 492 
3 1053 548 27 
2 119 609 
2 1042 1137 
2 193 43 
3 1160 413 1007 
2 206 757 
3 873 1172 782 
3 436 920 464 
2 545 150 
2 909 1106 
2 921 92 
2 952 207 
2 398 520 
2 458 1142 
2 969 255 
2 803 269 
2 651 553 
2 124 754 
2 555 1097 
2 817 214 
2 842 516 
2 482 368 
2 878 624 
2 277 229 
2 933 258 
2 890 324 
2 149 250 
3 944 1089 57 
2 681 839 
3 283 473 915 
2 569 882 
2 434 931 
2 89 766 
2 87 285 
2 531 701 
3 8 1062 829 
3 976 769 21 
2 873 1051 
2 1064 292 
2 832 536 
3 692 158 909 
2 391 826 
2 729 1161 
2 689 300 
2 148 895 
3 154 717 263 
3 22 576 963 
3 98 821 444 
4 800 1011 1021 675 
2 66 948 
2 67 257 
2 643 843 
2 432 128 
3 593 1053 1152 
2 744 1154 
3 330 670 450 
2 551 491 
3 777 791 748 
2 854 23 
2 1 477 
3 953 94 957 
2 176 1083 
4 385 315 179 35 
2 80 28 
2 465 1019 
2 963 769 
2 657 583 
3 419 101 602 
2 466 124 
2 592 1086 
5 718 1171 1052 280 800 
2 1168 1149 
2 357 588 
2 383 562 
3 607 619 635 
3 819 927 77 
2 1109 186 
2 1001 1180 
2 140 585 
2 769 1122 
2 250 144 
3 581 495 1057 
3 144 448 981 
2 934 338 
2 677 89 
2 670 819 
2 43 1162 
3 910 11 133 
3 782 64 760 
2 470 634 
2 163 709 
2 234 727 
2 587 158 
2 20 1160 
3 226 824 362 
2 475 949 
2 362 262 
2 704 235 
3 429 571 596 
2 357 593 
2 1096 544 
2 476 1131 
2 331 327 
2 685 841 
3 1174 19 1166 
2 128 731 
4 1145 223 27 835 
3 797 263 787 
2 586 136 
4 928 416 461 759 
3 1043 400 444 
3 851 1113 902 
2 384 806 
2 578 1024 
2 753 190 
3 272 296 879 
2 225 509 
3 1178 747 1050 
2 265 280 
3 1133 978 961 
2 430 751 
3 97 981 584 
3 213 525 1054 
3 818 1181 511 
2 422 48 
2 276 331 
2 566 178 
3 740 341 939 
2 1112 16 
2 815 56 
2 302 732 
2 763 494 
2 674 54 
2 1175 202 
2 18 545 
2 76 346 
2 577 1010 
2 1113 65 
3 260 8 1074 
3 116 823 362 
2 591 142 
2 1147 1049 
2 1162 770 
3 267 1009 587 
3 211 241 66 
2 1041 887 
3 575 134 1141 
4 952 1038 941 174 
2 376 321 
2 173 507 
2 653 402 
2 322 1058 
2 401 522 
3 1169 558 1089 
2 584 1046 
2 894 547 
3 702 553 458 
3 358 1075 1022 
2 352 1043 
2 902 418 
4 514 89 396 439 
5 462 749 1152 383 718 
2 375 1127 
3 1166 186 972 
2 477 1006 
2 237 668 
2 437 734 
2 827 962 
2 678 573 
2 669 1118 
3 742 398 43 
2 1114 225 
2 2 483 
2 637 119 
2 24 289 
2 857 339 
2 1161 530 
3 122 48 476 
2 108 737 
4 659 931 1033 642 
2 246 1153 
4 896 1022 638 373 
3 1006 867 44 
2 756 1039 
2 537 893 
2 1163 1013 
2 58 495 
2 618 582 
2 617 1088 
2 694 501 
3 823 163 871 
2 1134 210 
2 37 589 
2 1081 278 
2 1102 247 
2 299 358 
2 1023 1124 
3 752 721 526 
3 688 799 49 
2 244 98 
2 1077 1002 
3 396 220 15 
2 84 1069 
3 741 971 134 
2 404 337 
2 1002 1168 
4 967 7 404 163 
2 409 503 
3 681 986 719 
3 306 722 1042 
2 183 240 
2 424 519 
3 389 1111 600 
2 202 1117 
2 610 669 
2 561 787 
3 613 821 577 
2 126 203 
2 636 564 
3 743 1135 891 
2 1063 528 
2 308 736 
2 238 795 
2 147 50 
2 451 289 
2 367 284 
3 1171 1150 151 
3 493 839 604 
2 1031 395 
3 859 1038 318 
2 1118 574 
2 314 355 
3 243 739 454 
2 539 628 
2 536 4 
2 1115 33 
2 761 1144 
3 807 449 185 
2 1048 419 
2 1156 388 
4 215 723 859 174 
3 680 772 117 
2 1068 305 
2 1033 81 
2 320 52 
2 772 76 
2 602 366 
2 611 391 
3 645 338 1023 
3 1098 831 1128 
2 879 361 
3 481 758 777 
2 115 406 
2 329 614 
2 411 215 
2 546 918 
3 600 330 120 
2 472 726 
3 111 1133 568 
2 915 5 
2 875 1134 
2 1005 601 
2 700 1155 
2 521 506 
2 321 748 
2 349 204 
4 831 380 1104 303 
2 1171 445 
2 257 381 
2 794 833 
2 145 1032 
2 204 1093 
2 1173 427 
2 1057 377 
2 920 62 
2 46 295 
2 632 380 
2 443 102 
2 1030 309 
2 9 20 
2 343 109 
2 345 96 
2 1116 1070 
2 255 156 
2 105 508 
2 480 342 
2 303 452 
2 272 458 
2 55 579 
2 301 789 
2 912 917 
2 360 72 
2 3 550 
3 183 635 973 
2 876 894 
3 92 716 689 
2 302 523 
3 1170 189 855 
2 848 244 
3 294 77 760 
2 673 382 
2 897 1090 
2 175 1178 
2 1055 79 
3 658 2 501 
3 292 187 495 
2 172 176 
3 776 616 624 
2 194 318 
3 1155 152 760 
5 249 869 1084 656 893 
3 960 28 908 
2 825 350 
2 639 270 
2 564 30 
2 410 1129 
2 17 537 
3 68 237 161 
2 675 990 
2 337 940 
3 582 982 632 
2 891 955 
2 129 209 
2 180 367 
3 70 332 543 
3 3 510 218 
3 941 859 207 
2 895 74 
2 1102 11 
2 342 857 
3 1132 921 714 
2 870 822 
3 1158 352 656 
2 170 1180 
2 866 237 
3 456 285 1121 
2 74 950 
2 853 213 
3 829 0 145 
3 749 138 357 
2 701 782 
2 765 712 
2 834 474 
2 691 1015 
2 45 271 
3 793 187 985 
2 863 149 
2 233 154 
3 228 515 1100 
2 373 243 
2 747 148 
2 103 932 
2 54 750 
2 1093 449 
2 185 108 
2 706 1136 
2 635 954 
2 914 421 
3 355 994 1081 
2 394 132 
2 72 682 
2 556 698 
3 649 850 498 
4 1084 869 585 1158 
5 625 1079 1096 268 1132 
3 594 912 148 
2 640 711 
3 625 3 1076 
4 387 452 157 317 
3 1070 621 905 
2 397 198 
2 773 50 
2 1022 1075 
2 359 1098 
3 781 522 118 
2 1090 606 
3 900 509 605 
2 865 739 
2 1013 1087 
2 442 220 
2 334 1101 
2 983 1065 
2 160 409 
2 1101 387 
2 1076 812 
2 730 80 
2 1085 961 
2 274 471 
3 1060 1144 448 
2 1092 1095 
3 693 1040 906 
3 474 288 363 
2 978 639 
2 418 283 
2 721 83 
3 654 1131 642 
3 525 70 55 
2 676 788 
2 632 121 
3 924 370 438 
3 696 840 429 
2 823 849 
3 570 563 883 
2 159 947 
3 317 390 994 
2 925 298 
2 881 942 
2 216 629 
3 212 1126 660 
2 1047 535 
3 791 290 177 
2 484 433 
2 908 603 
3 491 73 13 
4 289 266 575 1120 
2 874 130 
2 961 351 
2 1027 376 
2 123 260 
3 813 541 1107 
3 1076 1042 462 
3 970 582 831 
2 972 903 
2 931 369 
2 1067 39 
2 714 40 
2 685 71 
2 131 191 
3 476 311 86 
3 660 858 75 
2 725 373 
2 161 111 
2 948 1100 
2 559 818 
2 488 705 
3 347 853 33 
2 348 686 
3 783 375 153 
3 938 33 363 
2 626 660 
3 873 765 447 
3 71 892 160 
2 766 696 
3 77 974 1021 
2 505 951 
3 406 300 216 
3 1075 53 1044 
2 650 230 
2 805 716 
2 754 888 
2 798 854 
3 168 897 1170 
2 396 561 
2 134 347 
3 563 816 875 
2 251 371 
2 917 783 
2 254 865 
3 1163 702 1009 
5 234 256 979 938 782 
3 552 234 718 
2 558 984 
3 69 816 688 
2 590 845 
2 445 615 
2 557 83 
2 1014 829 
2 596 475 
3 1045 789 46 
3 835 193 208 
