2961
0 2962 1635
1 3022 869
2 1382 1674
3 290 3211
4 1516 818
5 1832 894
6 3923 3001
7 1828 2745
8 4516 3897
9 1716 1134
10 3285 2355
11 4445 3154
12 1277 2728
13 1735 3416
14 2058 687
15 3450 2405
16 2269 2041
17 1520 818
18 272 359
19 3361 2836
20 494 3211
21 1583 699
22 2574 2204
23 2424 82
24 3832 1327
25 2469 206
26 2435 393
27 3713 3526
28 3981 2270
29 1713 4622
30 2483 3691
31 2305 2273
32 1978 687
33 3863 2270
34 222 1289
35 1947 2649
36 3267 2836
37 3751 455
38 2962 2929
39 3273 2610
40 3022 1385
41 813 1727
42 2804 2961
43 4383 287
44 681 3974
45 4560 4268
46 -16 3217
47 1061 3967
48 3510 2168
49 1565 1289
50 1735 3302
51 1549 3151
52 2435 97
53 2038 687
54 1929 2845
55 3751 549
56 4927 3565
57 317 887
58 3185 1654
59 4021 3992
60 3602 330
61 1034 3967
62 2901 212
63 1655 3109
64 1600 3151
65 3625 4585
66 3401 4361
67 603 4580
68 1703 4752
69 2145 3260
70 3485 2307
71 819 2304
72 159 3540
73 3630 3977
74 394 3734
75 29 3067
76 2469 41
77 2111 2086
78 862 1036
79 681 3983
80 3065 511
81 4250 3968
82 318 322
83 2269 2048
84 3307 2836
85 1396 680
86 4662 1067
87 2755 775
88 2682 813
89 1513 1223
90 394 4040
91 1735 3617
92 435 944
93 309 763
94 4489 3190
95 934 2304
96 1510 478
97 4662 1006
98 3207 4409
99 791 4474
100 634 4813
101 1735 3510
102 2435 260
103 3234 1277
104 1629 519
105 4339 2419
106 2348 2118
107 951 1858
108 2343 2643
109 3007 598
110 948 3699
111 3352 2540
112 820 2344
113 1669 1687
114 4539 604
115 2154 3260
116 4435 1384
117 2644 858
118 3575 179
119 1895 687
120 529 3069
121 3867 1581
122 3404 2277
123 3397 2836
124 3466 1998
125 3909 2262
126 934 2363
127 2037 3692
128 222 1363
129 2044 519
130 1277 2822
131 3268 1382
132 3236 2277
133 1715 519
134 158 2973
135 4300 2227
136 4393 3927
137 1809 1717
138 2814 2961
139 2483 3823
140 4446 287
141 1831 2745
142 1735 3388
143 1123 4078
144 1793 1717
145 2600 2851
146 3795 3913
147 3749 4901
148 564 3395
149 3013 2256
150 3385 4326
151 1753 2745
152 1651 4837
153 3207 4510
154 616 1138
155 3242 1654
156 1667 4837
157 4604 932
158 2509 2509
159 377 1471
160 2155 3298
161 2103 1832
162 104 2826
163 346 322
164 1732 2925
165 634 4831
166 2348 2213
167 3207 4337
168 3589 2371
169 3401 4237
170 3933 4028
171 652 940
172 3723 4028
173 1461 2690
174 2579 1060
175 639 812
176 494 2933
177 1556 4837
178 2828 41
179 3905 2868
180 529 3055
181 1707 2416
182 4387 3001
183 2374 82
184 1801 687
185 2220 3692
186 2199 3656
187 603 4435
188 3640 4322
189 2867 2179
190 723 4992
191 2435 379
192 4608 604
193 3233 511
194 603 4637
195 594 23
196 4387 2346
197 3921 2270
198 2574 2267
199 3667 4322
200 3944 4669
201 493 2877
202 1852 4622
203 3723 4021
204 2528 4446
205 1396 215
206 2974 2458
207 3007 775
208 1607 1466
209 1947 2325
210 2509 2851
211 652 826
212 654 2180
213 2825 4246
214 3962 2435
215 3795 3268
216 55 3169
217 700 3533
218 680 3654
219 3971 2712
220 3015 3875
221 719 4155
222 1679 2745
223 4435 912
224 3309 602
225 696 4122
226 1510 0
227 101 920
228 3685 3956
229 2188 2961
230 3872 1533
231 680 3940
232 3044 2752
233 948 3671
234 1407 2877
235 3352 2504
236 4465 4415
237 2828 223
238 332 1444
239 49 3067
240 454 837
241 2834 4512
242 3711 3421
243 3944 4877
244 547 2752
245 4284 2442
246 3413 330
247 4804 3190
248 4662 1320
249 1632 1480
250 1442 228
251 1921 2594
252 1767 1717
253 4578 915
254 4353 4665
255 1824 3151
256 632 2631
257 134 576
258 2943 3094
259 3859 3222
260 2588 813
261 1568 2690
262 101 1119
263 2024 2273
264 2186 2086
265 4360 1824
266 3285 2307
267 547 2761
268 3685 3861
269 2561 809
270 3207 4309
271 2561 858
272 4446 596
273 1669 1644
274 3398 2467
275 2574 2220
276 3448 2307
277 4608 720
278 1574 -9
279 2458 260
280 1340 4078
281 101 795
282 652 848
283 3874 4901
284 2348 2479
285 2109 3112
286 2682 858
287 53 3067
288 3007 713
289 3390 2376
290 2320 444
291 2504 41
292 1353 2877
293 947 933
294 2199 3692
295 4465 4538
296 4163 3984
297 1703 4811
298 1413 2690
299 2962 2849
300 2429 444
301 3222 1303
302 3484 330
303 3232 2610
304 3207 4306
305 680 3786
306 245 1444
307 808 -25
308 3500 330
309 2278 3692
310 3575 205
311 843 1036
312 1551 1178
313 1607 1289
314 1510 132
315 652 847
316 4560 4203
317 3923 4028
318 2908 2961
319 984 3975
320 3022 775
321 2574 2086
322 2682 869
323 3905 2793
324 3884 2558
325 1743 1134
326 2735 4357
327 3268 1277
328 593 3976
329 694 2353
330 3667 4049
331 1575 4837
332 1789 2925
333 462 322
334 3491 2277
335 526 3211
336 1921 2613
337 3836 4028
338 1743 935
339 2296 2273
340 1424 4270
341 518 784
342 2983 4105
343 2317 492
344 2374 3815
345 719 4215
346 234 1444
347 2348 2279
348 4470 912
349 2834 4484
350 3027 869
351 3285 2334
352 3250 2256
353 4284 2478
354 1136 84
355 2750 775
356 1136 163
357 1279 4078
358 3732 4126
359 2574 2177
360 4662 1138
361 813 1778
362 442 523
363 3235 102
364 1412 3096
365 3751 252
366 2577 813
367 2079 3260
368 1878 2745
369 1214 4078
370 3518 3977
371 3352 2277
372 3554 2356
373 4590 1345
374 1816 -9
375 222 1298
376 1510 79
377 1383 215
378 158 2893
379 394 3784
380 3972 3913
381 3625 4673
382 1749 769
383 1841 769
384 616 1384
385 2890 212
386 746 3828
387 3832 1452
388 4435 1345
389 1159 215
390 3674 3321
391 616 1058
392 1651 519
393 2816 2803
394 454 768
395 1552 2690
396 2273 3656
397 1237 1727
398 4071 2270
399 2760 775
400 3314 2836
401 844 1858
402 455 949
403 1502 2752
404 1525 2944
405 3207 4257
406 3232 2393
407 640 3438
408 489 4040
409 3352 2331
410 2483 3716
411 3510 2277
412 1095 2308
413 4435 1698
414 3048 2823
415 1551 1097
416 222 1444
417 3309 553
418 2784 769
419 3227 1303
420 309 629
421 1742 3692
422 3795 3394
423 2964 102
424 2707 2851
425 1525 3096
426 3578 3321
427 684 -12
428 947 902
429 3917 2435
430 3625 4597
431 1964 519
432 580 3442
433 4350 2419
434 4344 287
435 2401 479
436 1716 2925
437 2790 41
438 2509 2690
439 296 1890
440 630 1336
441 2705 775
442 2857 4257
443 1972 2785
444 343 887
445 3625 4828
446 1551 1223
447 2804 2867
448 2647 769
449 694 2506
450 984 3946
451 1354 1727
452 3522 156
453 4662 1270
454 1947 2514
455 947 911
456 2706 2086
457 2241 4467
458 3180 2256
459 442 717
460 4175 2262
461 296 1897
462 1369 1742
463 2867 2166
464 1633 519
465 2201 1923
466 442 559
467 3795 3408
468 2267 82
469 2241 4622
470 1469 2690
471 535 2767
472 3618 3321
473 1548 4119
474 4389 3927
475 639 191
476 1424 4837
477 3872 1365
478 4364 1824
479 934 2406
480 3258 2376
481 3266 598
482 1583 722
483 1182 2558
484 2921 3092
485 309 576
486 1859 2925
487 4274 3001
488 1657 2534
489 788 4992
490 671 1036
491 4446 496
492 3259 2405
493 309 774
494 1749 519
495 308 1444
496 3214 1654
497 3751 366
498 4927 3639
499 1809 1722
500 746 3648
501 3510 2241
502 1159 163
503 2847 2086
504 1287 4078
505 3007 552
506 2063 3519
507 3187 2277
508 3496 2420
509 4185 3968
510 3821 3111
511 3182 2383
512 4284 2425
513 984 3967
514 3254 4034
515 789 1114
516 1843 804
517 2158 513
518 2628 2851
519 976 3918
520 700 3481
521 1525 2925
522 4445 3057
523 803 3983
524 3442 653
525 2483 3817
526 1666 1584
527 2372 3923
528 1729 -9
529 1026 1727
530 2348 2119
531 3435 3977
532 3915 2435
533 4163 2527
534 1606 -9
535 394 3540
536 1372 4078
537 1974 2785
538 1236 2673
539 2384 492
540 917 3918
541 3207 4512
542 461 322
543 4927 3346
544 529 3068
545 2579 1008
546 1669 1831
547 -4 3062
548 4219 2278
549 2256 1633
550 3522 224
551 437 3211
552 3285 2405
553 639 170
554 2311 2101
555 4897 3897
556 3215 862
557 1635 3233
558 3316 2836
559 1014 -47
560 2977 2383
561 3401 4235
562 4163 2500
563 4560 4242
564 2579 1054
565 1865 519
566 3744 4322
567 1669 1220
568 3083 869
569 3398 2524
570 3182 2393
571 1630 -9
572 2320 2273
573 599 949
574 1396 814
575 2199 2899
576 1996 2273
577 3038 2752
578 3725 4322
579 3493 3275
580 1175 215
581 2076 2083
582 2435 373
583 593 4034
584 1657 2925
585 1874 2845
586 640 3423
587 3751 490
588 1465 2901
589 447 2751
590 4522 604
591 3522 582
592 593 3923
593 4560 4233
594 2579 1063
595 1960 2731
596 907 1727
597 100 3067
598 3859 3202
599 3522 323
600 1657 2580
601 1530 1223
602 604 4122
603 2248 2288
604 101 887
605 1439 1674
606 3372 2376
607 2624 858
608 3447 330
609 4435 1510
610 3345 3977
611 442 768
612 680 3648
613 2901 290
614 2161 1923
615 878 1858
616 193 1122
617 832 1036
618 101 1007
619 2150 -9
620 948 3657
621 1901 519
622 719 4324
623 1724 1831
624 2213 444
625 2869 2823
626 3401 4102
627 1824 3233
628 3907 3001
629 101 880
630 3685 3526
631 1987 -9
632 1318 1727
633 584 949
634 3466 2040
635 4582 3897
636 521 3211
637 4284 2444
638 51 3540
639 2155 3283
640 1539 4078
641 2334 2086
642 3522 124
643 459 1922
644 3347 123
645 3971 2600
646 3493 3150
647 1548 4087
648 1510 144
649 1171 2558
650 2085 3112
651 3243 2256
652 3571 617
653 4084 2435
654 1735 3692
655 2469 326
656 4545 912
657 309 694
658 1396 223
659 296 1737
660 394 3988
661 1660 2745
662 158 2927
663 3625 4707
664 605 170
665 3010 2836
666 4020 2270
667 349 3211
668 1486 812
669 3526 2356
670 1747 3692
671 3667 4010
672 4578 912
673 4505 829
674 2974 2426
675 3377 486
676 1548 4078
677 593 3910
678 2199 2961
679 3022 1375
680 3848 2262
681 1883 687
682 1171 2673
683 2430 3895
684 746 3897
685 3654 653
686 3007 707
687 1947 2530
688 179 3540
689 4560 4109
690 2561 959
691 394 3999
692 1669 1353
693 350 3540
694 593 3997
695 2150 32
696 4300 2168
697 3667 4034
698 2708 41
699 4387 2419
700 485 949
701 4446 336
702 2017 519
703 1277 2850
704 3385 4136
705 3167 4512
706 936 3983
707 3848 2435
708 2412 2484
709 1845 687
710 4446 597
711 3493 3184
712 4048 2435
713 1202 4078
714 2025 3260
715 2574 2221
716 2589 769
717 4031 3927
718 1815 3151
719 394 3578
720 394 3895
721 2063 3635
722 1759 894
723 2063 3566
724 2348 2472
725 1881 2845
726 4465 4392
727 2921 3021
728 280 359
729 3232 2511
730 529 3018
731 4302 3001
732 652 1036
733 2140 3260
734 1423 1742
735 2523 2851
736 2076 2078
737 2248 2101
738 2983 3960
739 4446 604
740 3273 2802
741 3968 3913
742 4465 4432
743 4548 1345
744 576 1922
745 1805 1717
746 141 3211
747 2353 82
748 1431 4837
749 4300 1824
750 1249 1742
751 603 4358
752 3998 2262
753 2733 2086
754 2983 4115
755 158 2865
756 2374 3821
757 531 170
758 4163 3992
759 4621 3190
760 3232 2779
761 406 322
762 3207 4352
763 2509 2530
764 4284 2448
765 742 3648
766 1477 2925
767 4308 2419
768 1409 3079
769 1685 2534
770 3565 617
771 1481 3096
772 2063 3407
773 4662 1144
774 813 1837
775 576 1945
776 2143 3283
777 296 1814
778 485 2631
779 984 3983
780 2248 2024
781 4542 3897
782 3751 343
783 449 322
784 1492 3096
785 55 3165
786 1510 512
787 640 3473
788 3667 4057
789 1277 2690
790 4483 912
791 4556 829
792 3273 2579
793 671 4992
794 1409 3096
795 -16 3333
796 3190 2296
797 3795 3526
798 4630 3190
799 1835 866
800 1236 2558
801 3575 194
802 1711 746
803 493 2834
804 2983 4095
805 4202 2527
806 2574 2097
807 914 3481
808 640 3630
809 529 3005
810 2241 4463
811 1424 4149
812 957 2306
813 3648 4901
814 3872 1354
815 1525 2950
816 3198 869
817 2983 4246
818 3207 4470
819 4927 3605
820 2849 4246
821 1607 1382
822 101 941
823 4927 3706
824 2413 82
825 2098 3260
826 3602 469
827 2343 2568
828 2655 2086
829 2082 3260
830 1354 1674
831 4561 829
832 2199 2851
833 975 902
834 -2 2826
835 2432 3877
836 3905 2803
837 2561 924
838 2343 2851
839 3234 1299
840 3154 4034
841 469 1922
842 3398 2420
843 1549 3281
844 652 925
845 2784 770
846 2188 2979
847 1658 3233
848 3007 644
849 2509 2841
850 3723 4319
851 630 1361
852 2740 769
853 3401 4062
854 2348 2443
855 682 23
856 3812 4162
857 3723 4140
858 2262 1795
859 1707 2480
860 2348 2253
861 3522 53
862 844 3481
863 3667 4076
864 2398 82
865 3048 2277
866 3268 1428
867 3824 3111
868 3178 4034
869 1424 4589
870 2834 4276
871 948 3481
872 1120 1742
873 2993 4512
874 4465 4469
875 4405 912
876 2983 4074
877 547 3079
878 1407 1674
879 4643 3897
880 745 -12
881 3723 4133
882 3 3475
883 2179 1766
884 1808 2415
885 3285 2353
886 4284 2483
887 1136 113
888 2063 3387
889 4064 2262
890 1805 2925
891 2834 4271
892 657 4992
893 3905 2980
894 3685 3321
895 4435 1824
896 2148 2101
897 3377 155
898 2921 3059
899 1768 2745
900 1698 519
901 2962 3094
902 1063 2304
903 435 932
904 1507 683
905 1981 3201
906 4560 3968
907 2119 3306
908 2158 628
909 2469 93
910 2348 2243
911 1703 4757
912 1274 1742
913 3493 3239
914 1921 2415
915 1843 2745
916 381 1922
917 1679 1831
918 3285 2475
919 807 2353
920 3723 3986
921 1664 3233
922 1424 4458
923 541 170
924 101 850
925 285 3211
926 1396 722
927 2273 3691
928 3944 4901
929 1655 2957
930 2893 4512
931 101 675
932 731 3648
933 964 2304
934 2320 3691
935 3167 102
936 3401 4367
937 2566 769
938 2597 858
939 2201 2019
940 2401 481
941 2834 4257
942 3654 549
943 1570 519
944 3124 1303
945 529 3079
946 3625 4406
947 1631 1584
948 1565 1280
949 2201 1932
950 3914 2712
951 4542 604
952 3667 4281
953 2003 3692
954 3928 2712
955 948 3813
956 4285 3001
957 1439 1694
958 947 1109
959 3019 1453
960 222 1390
961 3352 2256
962 1972 2845
963 2241 4421
964 1663 1780
965 4216 2262
966 3835 4028
967 4069 2270
968 1835 804
969 442 598
970 2274 2273
971 692 2304
972 4585 604
973 1670 1687
974 2178 1923
975 1519 722
976 1236 2674
977 1735 3286
978 3273 2739
979 101 836
980 2018 3526
981 719 4281
982 1669 1387
983 947 1114
984 3575 290
985 1396 800
986 3377 287
987 1607 1732
988 3893 1284
989 3944 4883
990 484 949
991 791 4635
992 593 4040
993 1663 1789
994 3207 4346
995 4445 3017
996 154 576
997 1669 1202
998 4334 2278
999 2076 1888
1000 222 1139
1001 4560 4243
1002 820 2353
1003 3510 3321
1004 1859 2883
1005 1231 215
1006 2948 2802
1007 2544 2851
1008 654 2232
1009 4927 3354
1010 984 3918
1011 396 1471
1012 3869 1548
1013 3867 1572
1014 1811 687
1015 4300 1950
1016 2779 775
1017 1424 4787
1018 3466 2172
1019 2150 496
1020 3347 511
1021 4445 3100
1022 755 3918
1023 700 3496
1024 3207 4339
1025 394 3713
1026 3493 3163
1027 1669 1654
1028 1790 2925
1029 593 3922
1030 1551 1211
1031 1945 2674
1032 4569 3897
1033 2435 95
1034 1075 2306
1035 3890 1277
1036 4456 829
1037 1607 1471
1038 593 3608
1039 3232 2468
1040 3 3436
1041 3971 2709
1042 315 1471
1043 2566 4421
1044 158 2957
1045 3667 3999
1046 3589 2378
1047 2201 2047
1048 1878 687
1049 3126 869
1050 4927 3190
1051 2528 4432
1052 3352 2499
1053 2063 3623
1054 2076 2021
1055 2983 4206
1056 2320 2256
1057 3827 252
1058 2374 3718
1059 4064 3001
1060 531 145
1061 3022 856
1062 1815 -9
1063 3852 3249
1064 3219 653
1065 1193 2674
1066 1739 687
1067 3941 3995
1068 3015 3869
1069 1442 4078
1070 3754 4028
1071 1245 4078
1072 3217 2277
1073 1981 3112
1074 2248 2049
1075 709 1036
1076 3166 1303
1077 1795 894
1078 808 -12
1079 3398 2487
1080 3048 2802
1081 1602 2690
1082 3235 1277
1083 3723 4012
1084 1476 478
1085 547 3150
1086 4409 3927
1087 1629 1584
1088 454 808
1089 2256 1727
1090 2974 2435
1091 2248 2303
1092 547 2933
1093 3354 2405
1094 746 3918
1095 396 1444
1096 639 248
1097 2819 2802
1098 649 3423
1099 791 4384
1100 4435 1527
1101 1607 1704
1102 4513 1345
1103 4662 963
1104 4178 3927
1105 4135 2435
1106 3872 1581
1107 2392 4421
1108 1238 1742
1109 101 911
1110 1796 2745
1111 3268 1566
1112 634 4697
1113 1561 -9
1114 3022 827
1115 1399 4078
1116 1401 814
1117 681 3940
1118 2430 4421
1119 4560 4110
1120 1439 478
1121 2149 -9
1122 1371 2690
1123 2230 1795
1124 3575 287
1125 4745 3190
1126 2832 290
1127 3352 2362
1128 3685 3859
1129 1743 1035
1130 2242 3692
1131 3872 1572
1132 1195 2674
1133 2343 2710
1134 3285 2546
1135 2509 2794
1136 1171 2462
1137 1510 48
1138 2063 3448
1139 3969 4665
1140 1835 894
1141 1635 -9
1142 904 1727
1143 537 2631
1144 3848 2270
1145 3464 486
1146 593 3505
1147 2343 2548
1148 2158 580
1149 4446 457
1150 4684 3897
1151 1418 1742
1152 2201 2273
1153 3667 4042
1154 2561 800
1155 548 768
1156 948 880
1157 4161 3001
1158 3215 724
1159 1409 3085
1160 2246 1633
1161 1152 1742
1162 2047 687
1163 1316 4078
1164 2129 1923
1165 3385 4257
1166 1399 812
1167 948 3630
1168 2946 2823
1169 2735 4246
1170 3401 4129
1171 3269 2256
1172 4492 3968
1173 1607 1432
1174 791 4992
1175 4260 2262
1176 2088 519
1177 4348 3001
1178 3007 511
1179 1034 3900
1180 2201 2282
1181 3905 2712
1182 2372 3845
1183 4025 3001
1184 1424 4183
1185 3048 2836
1186 4552 829
1187 3733 3111
1188 1396 634
1189 4240 2278
1190 919 1727
1191 4163 2454
1192 1439 1742
1193 746 3859
1194 2190 2086
1195 2248 2025
1196 2184 82
1197 4163 3968
1198 3207 4472
1199 3075 3977
1200 685 2558
1201 2720 2851
1202 3309 565
1203 4927 3708
1204 2962 2976
1205 4626 932
1206 1029 2424
1207 3036 2383
1208 3714 4901
1209 2544 1010
1210 3740 4901
1211 2429 468
1212 1095 2424
1213 1296 2690
1214 1502 2783
1215 934 2424
1216 1551 818
1217 3848 2513
1218 4413 4665
1219 2004 4622
1220 898 -47
1221 1095 2313
1222 3510 2272
1223 576 2107
1224 3522 486
1225 3070 4512
1226 3767 252
1227 296 1910
1228 4560 4360
1229 616 1386
1230 547 3211
1231 3510 1968
1232 2281 3691
1233 2248 1928
1234 1735 3327
1235 694 2558
1236 968 2308
1237 2063 3533
1238 2165 444
1239 1396 767
1240 518 768
1241 1418 818
1242 529 2997
1243 1409 3014
1244 3466 1974
1245 3305 102
1246 1034 3881
1247 18 2826
1248 3525 617
1249 791 4555
1250 1823 2415
1251 3575 617
1252 3667 4143
1253 4172 3927
1254 2086 687
1255 309 627
1256 150 1122
1257 1424 4245
1258 2921 2961
1259 3575 320
1260 603 4453
1261 1286 215
1262 1625 1480
1263 187 1122
1264 1408 2877
1265 4391 3927
1266 1409 3039
1267 4205 2262
1268 108 1122
1269 -4 2884
1270 1164 4078
1271 3145 2383
1272 3377 330
1273 3154 4026
1274 508 2933
1275 3949 2270
1276 1322 215
1277 2834 4277
1278 680 3759
1279 3905 2581
1280 3352 2451
1281 33 3158
1282 1669 1253
1283 530 1922
1284 2256 1768
1285 2834 4292
1286 1657 2668
1287 2910 2256
1288 3227 2277
1289 1669 1398
1290 2544 999
1291 3 3333
1292 1703 4622
1293 2111 1832
1294 2119 3308
1295 2807 4246
1296 689 2558
1297 3743 3586
1298 742 1114
1299 1424 4581
1300 3522 617
1301 3103 3977
1302 3228 2256
1303 296 1899
1304 1735 3306
1305 3812 4322
1306 1134 -12
1307 2735 4280
1308 3285 2376
1309 2062 687
1310 1136 26
1311 3015 3914
1312 791 4449
1313 949 902
1314 309 359
1315 2828 290
1316 296 1560
1317 1913 2731
1318 2867 2256
1319 4347 2278
1320 2574 2348
1321 3285 2474
1322 2320 2159
1323 682 4992
1324 4794 3897
1325 1520 812
1326 1988 2748
1327 3696 549
1328 975 1858
1329 948 3615
1330 1540 4078
1331 791 4930
1332 1798 1717
1333 3625 4445
1334 3266 653
1335 550 322
1336 3522 236
1337 4380 3968
1338 2343 2492
1339 4927 3744
1340 2320 3692
1341 3103 4257
1342 2158 636
1343 1663 1742
1344 920 880
1345 4608 627
1346 1089 2308
1347 1095 1828
1348 2231 2851
1349 791 4725
1350 132 3540
1351 1699 1134
1352 2245 1727
1353 1866 804
1354 2962 1592
1355 3859 3185
1356 437 1922
1357 309 599
1358 1396 683
1359 4100 3992
1360 784 3481
1361 791 4358
1362 2333 4421
1363 435 949
1364 1607 1742
1365 222 1184
1366 -16 3177
1367 2018 3519
1368 3145 2256
1369 603 4606
1370 630 1116
1371 948 3535
1372 1136 103
1373 3510 2307
1374 3795 3576
1375 3493 3129
1376 394 3951
1377 1803 -9
1378 1524 1235
1379 2343 2525
1380 1607 1480
1381 2430 3937
1382 719 4280
1383 2157 1795
1384 1608 3233
1385 1703 4658
1386 4927 3798
1387 3036 2836
1388 2188 3306
1389 3091 4257
1390 3266 526
1391 3575 103
1392 1034 3839
1393 3347 102
1394 4428 3968
1395 1744 894
1396 3385 4083
1397 4367 3968
1398 3401 4233
1399 3602 400
1400 2825 2961
1401 4504 3190
1402 1885 804
1403 1580 1289
1404 3510 2112
1405 2097 3112
1406 4897 3798
1407 594 322
1408 887 1858
1409 3872 1284
1410 1657 2690
1411 1703 4651
1412 1607 1724
1413 975 880
1414 296 1637
1415 1907 2731
1416 1548 4149
1417 1277 2769
1418 3266 521
1419 2435 160
1420 1424 4803
1421 700 3497
1422 1525 2941
1423 1551 874
1424 4381 1824
1425 4560 4348
1426 547 2751
1427 1033 -47
1428 1655 2745
1429 3944 4665
1430 1510 228
1431 1546 2690
1432 1409 2924
1433 2171 2101
1434 930 1727
1435 3859 3204
1436 3253 2376
1437 593 3615
1438 2435 94
1439 3401 4076
1440 3466 2047
1441 3285 2421
1442 1419 683
1443 2248 2369
1444 716 4122
1445 3795 3249
1446 212 3211
1447 261 3540
1448 1307 1727
1449 3493 3139
1450 3589 2377
1451 3007 590
1452 222 1122
1453 2201 2086
1454 2052 4622
1455 4053 3927
1456 820 2304
1457 4098 2435
1458 4850 3897
1459 1341 1727
1460 2132 2273
1461 2363 492
1462 3 3412
1463 1857 2415
1464 2201 2368
1465 2509 2556
1466 2914 4246
1467 1743 1028
1468 4446 356
1469 4061 3001
1470 957 3813
1471 2130 3297
1472 3145 2311
1473 634 4844
1474 603 4570
1475 935 2304
1476 3957 252
1477 2135 4622
1478 4465 4665
1479 2962 3029
1480 1406 818
1481 565 3442
1482 746 3900
1483 394 3574
1484 1226 1727
1485 3401 4109
1486 2179 1795
1487 4273 252
1488 1838 2745
1489 4560 4035
1490 1095 1752
1491 791 4387
1492 601 2107
1493 4451 604
1494 841 -47
1495 4473 1345
1496 1467 2783
1497 447 2631
1498 1565 1235
1499 3379 2256
1500 1855 2415
1501 527 4040
1502 2188 3101
1503 1396 622
1504 2195 2086
1505 1465 2783
1506 1809 1831
1507 1628 1584
1508 1445 818
1509 2272 82
1510 3966 252
1511 3200 869
1512 719 4197
1513 3832 1386
1514 1832 2415
1515 1735 3572
1516 1424 4752
1517 1485 2690
1518 4536 912
1519 2725 775
1520 4284 2460
1521 694 2362
1522 858 1727
1523 2130 3283
1524 101 951
1525 3685 3939
1526 2262 2851
1527 2063 3451
1528 1000 2424
1529 638 1114
1530 3268 1491
1531 1424 4388
1532 3575 572
1533 3812 4306
1534 1655 2717
1535 3723 4284
1536 4560 4215
1537 3883 1277
1538 616 969
1539 1885 769
1540 3296 102
1541 3740 3586
1542 2289 492
1543 1878 2731
1544 435 887
1545 1507 1223
1546 4662 1055
1547 1655 3015
1548 3232 2497
1549 1171 2431
1550 1095 1742
1551 1478 722
1552 3905 2837
1553 3685 3583
1554 159 3211
1555 4592 932
1556 1944 2674
1557 1979 687
1558 3463 486
1559 2974 2632
1560 3377 308
1561 2247 444
1562 2188 3260
1563 447 2677
1564 3266 612
1565 2989 2752
1566 1414 228
1567 1607 1397
1568 3007 541
1569 296 1922
1570 3578 2420
1571 4560 4319
1572 2245 1766
1573 2119 3387
1574 2632 769
1575 1749 -9
1576 632 4122
1577 4313 4665
1578 545 2767
1579 3385 4256
1580 3602 486
1581 3273 2800
1582 813 1789
1583 1305 2690
1584 141 3209
1585 4033 2270
1586 3403 2256
1587 3022 511
1588 3232 2835
1589 3905 2798
1590 948 3806
1591 3015 3955
1592 2992 2383
1593 3022 1428
1594 3812 4159
1595 3273 2405
1596 3232 2781
1597 2201 2396
1598 4662 981
1599 3573 2420
1600 447 2674
1601 1476 4837
1602 3485 330
1603 1551 1151
1604 3309 571
1605 2528 4485
1606 3803 4126
1607 808 -47
1608 1236 2545
1609 3522 260
1610 4662 1150
1611 1984 2785
1612 101 778
1613 1225 1742
1614 104 1122
1615 616 1079
1616 791 4907
1617 2792 4246
1618 1743 928
1619 3522 183
1620 2974 2603
1621 593 3701
1622 3602 368
1623 3285 2277
1624 3723 4155
1625 4435 1576
1626 419 1922
1627 1663 1831
1628 4210 4665
1629 4662 1176
1630 2808 2961
1631 387 887
1632 4335 287
1633 2816 2822
1634 2435 326
1635 1415 683
1636 2249 4421
1637 3450 2381
1638 3850 3913
1639 2269 2086
1640 2446 3691
1641 4426 287
1642 2834 4312
1643 4090 2262
1644 2828 102
1645 1863 804
1646 3751 516
1647 1894 -9
1648 2283 2101
1649 2469 353
1650 1988 2785
1651 4662 1248
1652 51 3475
1653 4897 3855
1654 3431 2256
1655 2245 1600
1656 2111 2049
1657 1549 3286
1658 2435 248
1659 2513 2479
1660 1510 221
1661 4435 1346
1662 4038 3001
1663 3048 2781
1664 3667 4246
1665 547 2993
1666 791 4324
1667 3575 330
1668 2921 2991
1669 3233 653
1670 1921 687
1671 4517 3897
1672 619 2107
1673 2348 2333
1674 630 1150
1675 791 4554
1676 3915 4901
1677 1095 2305
1678 3361 2256
1679 3522 510
1680 2111 2062
1681 3411 2405
1682 2111 -9
1683 3401 4211
1684 2544 1063
1685 2753 2851
1686 1280 4078
1687 286 322
1688 526 2631
1689 1743 959
1690 4219 4665
1691 882 1114
1692 743 4324
1693 2983 1453
1694 3712 3526
1695 603 4452
1696 101 1122
1697 2735 4378
1698 689 3983
1699 3254 3988
1700 885 3983
1701 3667 4166
1702 1894 2731
1703 640 3448
1704 3352 2405
1705 1095 1848
1706 1835 826
1707 4435 1708
1708 529 2767
1709 1611 1584
1710 2101 687
1711 3786 4126
1712 2406 3965
1713 1409 2982
1714 1354 1722
1715 3456 3977
1716 3128 4257
1717 435 929
1718 481 3211
1719 3728 3111
1720 920 1012
1721 1525 3054
1722 94 3067
1723 948 3769
1724 4284 2526
1725 4352 2419
1726 2348 2323
1727 3377 322
1728 3309 647
1729 1879 687
1730 1738 769
1731 4300 2187
1732 2509 2493
1733 621 170
1734 3589 2402
1735 1735 3412
1736 2834 4470
1737 4662 1303
1738 1551 1112
1739 680 3735
1740 3288 2823
1741 2983 3852
1742 531 3079
1743 4117 2262
1744 857 1114
1745 3401 4221
1746 2108 687
1747 2574 2144
1748 4608 644
1749 2689 769
1750 3795 3870
1751 2063 3692
1752 1539 2690
1753 2701 2851
1754 3961 4665
1755 2483 3695
1756 2867 2210
1757 435 4040
1758 1887 2731
1759 2245 1572
1760 394 3819
1761 1136 106
1762 3562 3321
1763 1784 2745
1764 1551 902
1765 2262 1789
1766 564 3442
1767 493 2797
1768 2308 4421
1769 2539 41
1770 3078 511
1771 1034 3963
1772 1436 1742
1773 3466 2113
1774 920 962
1775 919 1036
1776 2968 4246
1777 3466 2256
1778 2200 2086
1779 630 1114
1780 4433 3968
1781 2158 492
1782 4416 287
1783 1607 1341
1784 232 1444
1785 -16 3212
1786 3795 3570
1787 3268 1605
1788 692 -12
1789 4608 813
1790 3007 698
1791 2018 3533
1792 547 3132
1793 947 1111
1794 3042 869
1795 3377 228
1796 2343 2484
1797 934 2308
1798 4110 252
1799 3215 813
1800 429 1922
1801 3805 252
1802 3167 2256
1803 3266 564
1804 3872 1548
1805 4041 3927
1806 3286 2823
1807 3207 4426
1808 2010 519
1809 1891 687
1810 4560 4254
1811 2579 1050
1812 3197 4512
1813 639 826
1814 1921 2674
1815 3493 3128
1816 3511 2420
1817 3625 4336
1818 2435 83
1819 2974 2469
1820 4284 2419
1821 2469 229
1822 442 438
1823 3893 1277
1824 3207 4402
1825 3206 4512
1826 1651 3151
1827 1396 484
1828 967 3918
1829 3352 2376
1830 2867 2086
1831 3459 653
1832 4168 3968
1833 3385 4217
1834 3377 511
1835 630 1298
1836 639 803
1837 3187 2292
1838 3625 4345
1839 3575 132
1840 2876 290
1841 152 1122
1842 373 359
1843 51 3531
1844 3015 3881
1845 546 3079
1846 3589 3977
1847 914 1858
1848 1624 1584
1849 948 3550
1850 746 3768
1851 2372 3831
1852 1247 215
1853 3268 1571
1854 1859 804
1855 1171 2549
1856 3492 330
1857 355 1922
1858 3625 4322
1859 3194 1654
1860 4608 818
1861 442 457
1862 493 2769
1863 2189 82
1864 2615 2086
1865 2469 151
1866 1329 4078
1867 44 3158
1868 3377 271
1869 1981 3260
1870 3081 4512
1871 2199 2917
1872 1611 2690
1873 2076 2101
1874 2177 3306
1875 4266 3968
1876 3353 2376
1877 683 4992
1878 663 2304
1879 1507 1235
1880 1818 2925
1881 518 817
1882 3007 734
1883 4891 3190
1884 3017 775
1885 746 3909
1886 2974 4512
1887 1759 1831
1888 435 912
1889 3944 4874
1890 3795 3586
1891 4132 2435
1892 4435 1783
1893 3522 548
1894 4560 4331
1895 1664 2745
1896 1518 818
1897 1467 812
1898 2348 2086
1899 1510 151
1900 3723 4014
1901 2962 3026
1902 2063 3557
1903 4300 1846
1904 1728 -9
1905 1921 2548
1906 4008 4665
1907 2921 3008
1908 2769 2086
1909 3723 4126
1910 2111 1810
1911 2248 2273
1912 4313 287
1913 222 1269
1914 3209 2307
1915 3207 4374
1916 2962 2859
1917 3685 3421
1918 422 3211
1919 3022 1331
1920 522 2631
1921 4405 829
1922 1808 -9
1923 1465 2925
1924 1669 1647
1925 2030 -9
1926 684 22
1927 296 1828
1928 4560 4209
1929 1171 2674
1930 820 2327
1931 1809 1830
1932 1579 683
1933 2203 3692
1934 2495 2479
1935 593 3585
1936 1521 2745
1937 2429 462
1938 1083 1727
1939 3966 2712
1940 922 3481
1941 2471 41
1942 727 4324
1943 864 1858
1944 2134 -9
1945 2561 813
1946 1510 54
1947 2188 3093
1948 2343 2657
1949 1691 3151
1950 2155 1795
1951 1409 2895
1952 984 3972
1953 3445 2307
1954 490 949
1955 4401 3001
1956 3385 4367
1957 3377 218
1958 2804 2884
1959 1607 1437
1960 2763 2086
1961 101 872
1962 4101 2270
1963 3685 3977
1964 2248 2287
1965 1743 1133
1966 1097 4078
1967 1310 4078
1968 2348 2362
1969 1424 4291
1970 593 3979
1971 296 1471
1972 1525 2984
1973 3352 2307
1974 3667 4044
1975 1097 3967
1976 3212 1303
1977 3352 2482
1978 3257 2277
1979 4500 1345
1980 3268 1550
1981 3520 1905
1982 2201 2049
1983 2721 41
1984 1885 793
1985 216 3211
1986 531 62
1987 685 4992
1988 3625 4364
1989 593 3496
1990 813 1858
1991 1703 4719
1992 3232 2836
1993 2111 1801
1994 2011 687
1995 3254 3977
1996 634 4766
1997 4095 3992
1998 2205 1795
1999 442 359
2000 222 1316
2001 3207 4278
2002 3215 869
2003 2962 2836
2004 1707 2534
2005 2005 4622
2006 1095 2325
2007 576 2095
2008 3576 1905
2009 4432 3927
2010 3382 2823
2011 3832 1548
2012 2574 2178
2013 1517 4149
2014 3859 3249
2015 1799 1831
2016 2804 2890
2017 3352 2274
2018 694 2461
2019 3268 1323
2020 1396 794
2021 1510 519
2022 4662 941
2023 640 3476
2024 2816 2823
2025 3266 631
2026 741 3481
2027 1175 1742
2028 700 3630
2029 2430 4485
2030 1551 932
2031 2248 2086
2032 1002 2304
2033 3512 2356
2034 2248 1923
2035 2604 769
2036 3575 522
2037 4465 4423
2038 71 3067
2039 2539 2851
2040 658 2631
2041 2302 3691
2042 1859 2845
2043 3 3344
2044 2076 2009
2045 3685 3561
2046 2469 166
2047 634 4768
2048 4348 3927
2049 1607 1671
2050 1525 2947
2051 3234 1303
2052 4662 932
2053 2894 4257
2054 2561 777
2055 1809 1753
2056 2407 3691
2057 679 23
2058 3048 2383
2059 385 3540
2060 222 1441
2061 394 3911
2062 2921 4246
2063 1583 683
2064 2735 4271
2065 3602 355
2066 158 2857
2067 1496 4078
2068 442 711
2069 383 3540
2070 1947 2633
2071 1095 1858
2072 616 1220
2073 3667 4072
2074 85 3540
2075 3385 4043
2076 1095 2304
2077 3832 1277
2078 603 4697
2079 1750 687
2080 3263 2405
2081 758 1114
2082 831 -47
2083 2980 2256
2084 2877 4257
2085 3795 3545
2086 2735 4295
2087 3510 2152
2088 2031 519
2089 4435 1815
2090 1396 228
2091 3416 330
2092 2076 1976
2093 2454 2484
2094 3795 3859
2095 791 4348
2096 2628 4421
2097 3832 1318
2098 687 4992
2099 1687 -9
2100 595 322
2101 2158 617
2102 4562 3190
2103 3309 653
2104 3567 53
2105 1011 -47
2106 4133 3992
2107 447 2705
2108 3575 53
2109 3 3177
2110 3022 1376
2111 4014 3913
2112 2017 4622
2113 1689 2925
2114 3757 252
2115 -4 3054
2116 4219 2270
2117 3752 4028
2118 1988 2783
2119 4927 3403
2120 4284 2527
2121 2843 4257
2122 2289 2086
2123 1972 2819
2124 4259 3968
2125 3754 3111
2126 603 4589
2127 4446 292
2128 603 4122
2129 387 1922
2130 3007 550
2131 3905 3001
2132 3781 4901
2133 897 -47
2134 2201 1927
2135 1702 -9
2136 2047 -9
2137 3723 4302
2138 694 2497
2139 3685 3586
2140 4457 4665
2141 2283 492
2142 2469 260
2143 680 3681
2144 1981 3230
2145 934 2315
2146 4927 3749
2147 3625 4587
2148 3907 252
2149 525 2631
2150 3872 1385
2151 868 1858
2152 1502 2745
2153 1927 2731
2154 2756 769
2155 3207 4439
2156 3329 511
2157 616 1337
2158 3510 2242
2159 1735 3404
2160 593 3744
2161 654 2107
2162 2320 2145
2163 639 322
2164 1520 814
2165 352 887
2166 3655 3977
2167 1525 2745
2168 3795 3421
2169 719 4276
2170 4515 3927
2171 3189 1303
2172 1711 769
2173 3377 226
2174 4465 4597
2175 1378 1674
2176 934 2306
2177 3466 2126
2178 1653 4837
2179 2901 266
2180 3407 3977
2181 694 2379
2182 1587 -9
2183 2095 3387
2184 2070 3387
2185 3162 1303
2186 1277 2741
2187 4539 912
2188 3385 4206
2189 2185 82
2190 3905 2558
2191 1632 3286
2192 309 597
2193 3466 1905
2194 2544 959
2195 4366 2419
2196 2773 769
2197 3007 677
2198 4081 2435
2199 2063 3112
2200 1589 4837
2201 -4 3067
2202 4219 2277
2203 2846 102
2204 1530 722
2205 640 3542
2206 2901 275
2207 1510 -9
2208 3292 2823
2209 1767 1687
2210 576 2071
2211 3021 1654
2212 4118 2262
2213 3352 2545
2214 616 993
2215 2579 903
2216 3493 3111
2217 2735 4320
2218 2118 2101
2219 624 23
2220 2435 82
2221 1607 1584
2222 3232 2473
2223 3977 3001
2224 4206 2262
2225 553 768
2226 3 3427
2227 934 2364
2228 2150 508
2229 3352 2266
2230 616 1183
2231 1136 1
2232 947 1007
2233 3589 2356
2234 4300 2033
2235 2076 2080
2236 4662 1345
2237 2343 2806
2238 3667 4202
2239 1947 2595
2240 3667 3986
2241 3971 2617
2242 1560 722
2243 1921 2423
2244 3417 2405
2245 2706 4421
2246 1607 1330
2247 101 1017
2248 2528 4421
2249 547 3164
2250 791 4858
2251 639 802
2252 531 23
2253 1711 687
2254 1988 2731
2255 3710 3526
2256 1468 3096
2257 4072 3992
2258 3905 2870
2259 940 1727
2260 2248 2396
2261 1095 2370
2262 3010 2823
2263 3503 653
2264 1396 492
2265 603 4558
2266 2188 2968
2267 1136 -12
2268 630 1386
2269 296 1840
2270 3723 4019
2271 4405 850
2272 3366 2546
2273 1024 2304
2274 3561 2420
2275 1525 2717
2276 616 1150
2277 2158 687
2278 3812 4126
2279 3232 2748
2280 2199 2916
2281 3944 4825
2282 4927 3229
2283 1996 2324
2284 2920 4257
2285 4300 2023
2286 3521 1905
2287 593 3903
2288 1703 4787
2289 2320 2101
2290 3154 3977
2291 2867 2103
2292 4260 2527
2293 2201 2044
2294 2574 2268
2295 3575 595
2296 1171 2557
2297 869 3918
2298 4386 3927
2299 3905 2816
2300 2983 4022
2301 2085 3260
2302 2248 2299
2303 562 949
2304 3015 3977
2305 1703 4827
2306 3232 2739
2307 1862 769
2308 3941 3992
2309 3493 3321
2310 2158 545
2311 4807 3190
2312 158 3067
2313 3260 2610
2314 4265 3968
2315 4428 1824
2316 3859 3111
2317 3385 4243
2318 1607 1305
2319 2679 2851
2320 296 1854
2321 652 863
2322 4169 2527
2323 3887 1284
2324 593 3599
2325 2150 82
2326 2828 212
2327 1408 2895
2328 639 229
2329 435 920
2330 740 1036
2331 2125 3112
2332 4445 3001
2333 2245 1633
2334 1465 2819
2335 3511 486
2336 1277 2810
2337 3625 4711
2338 1452 4078
2339 2131 3283
2340 2343 2714
2341 4560 4392
2342 616 949
2343 597 23
2344 1465 2924
2345 3423 2277
2346 2372 3821
2347 3267 102
2348 3273 2756
2349 4662 1131
2350 684 23
2351 4244 3001
2352 947 1043
2353 2161 444
2354 3266 511
2355 4465 4395
2356 3232 2823
2357 1441 818
2358 4709 3897
2359 2039 4622
2360 587 949
2361 4443 1345
2362 2854 2802
2363 2661 4421
2364 1809 1788
2365 1465 2820
2366 3015 3852
2367 2920 4246
2368 1095 2342
2369 101 576
2370 948 3507
2371 1691 4837
2372 2555 959
2373 1921 2622
2374 3625 4857
2375 2174 1795
2376 2393 444
2377 3795 3349
2378 1094 2308
2379 3254 4023
2380 2348 2286
2381 634 4929
2382 326 359
2383 4445 3190
2384 3362 2405
2385 3724 3586
2386 2883 4512
2387 3401 4181
2388 3268 1551
2389 2574 2232
2390 2412 4421
2391 279 576
2392 2430 3877
2393 2063 3588
2394 3022 776
2395 4384 3927
2396 4257 2527
2397 3885 2435
2398 2429 479
2399 4126 2262
2400 3048 2355
2401 873 -47
2402 3285 2320
2403 3751 299
2404 3941 4028
2405 719 4122
2406 1669 1480
2407 2183 2101
2408 2974 2752
2409 4276 287
2410 3905 2574
2411 3347 155
2412 2483 3877
2413 3383 2836
2414 544 2993
2415 3992 2435
2416 3565 3111
2417 3268 1654
2418 2334 4421
2419 4465 4429
2420 101 776
2421 3022 787
2422 459 2751
2423 843 1858
2424 4218 2527
2425 1463 4078
2426 2124 -9
2427 3285 2329
2428 3097 869
2429 4387 2410
2430 3268 1467
2431 3145 2346
2432 2343 2750
2433 4007 252
2434 616 1382
2435 635 4992
2436 3522 285
2437 1396 588
2438 2804 2851
2439 3723 4261
2440 547 2954
2441 3404 486
2442 1715 4622
2443 791 4898
2444 2129 1795
2445 4662 1094
2446 3802 3111
2447 1284 2690
2448 3872 2558
2449 529 2993
2450 1952 -9
2451 616 1103
2452 1667 2745
2453 2256 1572
2454 55 3158
2455 4138 3992
2456 1549 3284
2457 3022 1303
2458 3522 539
2459 2509 2699
2460 1036 -12
2461 4446 565
2462 3847 1548
2463 4653 932
2464 2256 1789
2465 1549 3109
2466 3575 215
2467 3575 514
2468 2834 4305
2469 2074 3112
2470 1947 2346
2471 576 2027
2472 2983 4080
2473 2469 360
2474 975 898
2475 296 1687
2476 4341 3968
2477 1788 2415
2478 3764 252
2479 2574 2479
2480 934 2422
2481 1571 519
2482 296 1574
2483 948 3567
2484 2561 769
2485 2372 3965
2486 1530 4149
2487 2579 869
2488 3351 2836
2489 2119 3353
2490 3510 2153
2491 2439 4485
2492 393 887
2493 3625 4830
2494 1735 3313
2495 4004 3992
2496 2096 1869
2497 3944 4730
2498 4287 3968
2499 1482 683
2500 3804 4126
2501 3576 1968
2502 2921 2966
2503 1988 2769
2504 2509 2651
2505 2088 3112
2506 3329 2823
2507 1097 4018
2508 4446 403
2509 1501 228
2510 330 322
2511 2111 1766
2512 3215 653
2513 2150 519
2514 3146 869
2515 4927 3282
2516 1703 3233
2517 1809 1738
2518 1204 2431
2519 3495 653
2520 894 1858
2521 346 1471
2522 495 3211
2523 1607 1360
2524 639 768
2525 2188 3112
2526 2469 393
2527 3398 2546
2528 2974 2383
2529 948 3604
2530 4300 1919
2531 475 837
2532 1034 3959
2533 2150 687
2534 630 1247
2535 102 3177
2536 4515 3897
2537 2469 80
2538 1703 4760
2539 3232 2802
2540 4387 2291
2541 3048 2256
2542 4662 1301
2543 2579 1033
2544 3352 2461
2545 2241 4496
2546 1616 1480
2547 2921 3094
2548 1735 3303
2549 3792 4322
2550 1471 812
2551 3667 4271
2552 2682 805
2553 4560 4085
2554 4560 4154
2555 4927 3554
2556 3735 3526
2557 2735 4421
2558 3317 653
2559 3401 4044
2560 1628 4837
2561 3186 4512
2562 2273 3670
2563 222 1376
2564 1894 2845
2565 4668 3190
2566 3027 2383
2567 2974 2719
2568 1424 4826
2569 603 4581
2570 663 1036
2571 2701 41
2572 2509 2484
2573 1658 2925
2574 1876 2415
2575 3510 2356
2576 2962 1453
2577 3017 2752
2578 4435 1724
2579 3921 2600
2580 3 3158
2581 2401 492
2582 1424 4575
2583 517 2631
2584 1000 1727
2585 2269 2049
2586 3941 3001
2587 1657 2537
2588 923 1114
2589 1409 2998
2590 751 -12
2591 3266 648
2592 3625 4418
2593 309 764
2594 4528 1345
2595 158 2826
2596 4927 3448
2597 4445 3085
2598 36 2826
2599 2802 4246
2600 3672 3986
2601 158 2965
2602 4445 3059
2603 3056 3977
2604 3076 869
2605 1545 2690
2606 746 3661
2607 2201 2023
2608 593 3939
2609 603 4203
2610 1006 2304
2611 4632 1345
2612 4560 4249
2613 2579 897
2614 2615 813
2615 4608 660
2616 2840 2961
2617 2828 58
2618 948 3809
2619 2430 3965
2620 565 4040
2621 3131 102
2622 -4 3060
2623 2348 2411
2624 4875 3897
2625 640 3543
2626 3190 2307
2627 4445 3078
2628 2155 3306
2629 2735 4408
2630 3172 102
2631 497 2631
2632 2440 3691
2633 3848 2558
2634 4387 2278
2635 834 3983
2636 3352 2546
2637 2232 1766
2638 272 322
2639 2201 1945
2640 3522 330
2641 2096 1888
2642 1657 2555
2643 2952 2802
2644 576 1989
2645 4633 3190
2646 639 192
2647 3022 843
2648 593 3560
2649 1396 812
2650 1586 2690
2651 2955 4512
2652 3625 4573
2653 3353 653
2654 4445 3013
2655 2188 3042
2656 2820 41
2657 2435 2484
2658 1792 519
2659 1186 215
2660 2867 2137
2661 3057 1654
2662 3022 803
2663 593 3611
2664 4608 829
2665 518 837
2666 2203 4622
2667 -4 2826
2668 482 4040
2669 3397 2823
2670 3022 1453
2671 55 3177
2672 1509 1235
2673 977 1858
2674 1470 683
2675 4276 252
2676 4068 2262
2677 1446 3096
2678 1136 57
2679 2130 3306
2680 593 3442
2681 499 2933
2682 1034 3813
2683 4300 2208
2684 2867 2097
2685 773 3983
2686 141 3177
2687 4522 3968
2688 791 4850
2689 4150 2270
2690 4146 2262
2691 3385 4337
2692 3723 4322
2693 493 2767
2694 529 3041
2695 1221 1742
2696 1396 818
2697 1655 2925
2698 1996 2325
2699 822 1858
2700 3201 2307
2701 3807 3913
2702 3953 2270
2703 2183 82
2704 3905 2600
2705 2872 290
2706 1136 143
2707 3832 1409
2708 2241 4573
2709 3625 4741
2710 2574 2269
2711 3872 1532
2712 2374 3691
2713 1597 1289
2714 3832 1520
2715 3625 4329
2716 1642 3151
2717 1607 1456
2718 1592 -9
2719 1240 215
2720 1408 2889
2721 1707 2415
2722 948 3781
2723 1409 3051
2724 4888 3190
2725 791 4391
2726 3122 1303
2727 994 1727
2728 2201 2373
2729 523 322
2730 2443 393
2731 3221 1303
2732 3352 2352
2733 1774 2925
2734 3667 4096
2735 4276 260
2736 1171 2452
2737 4300 2262
2738 2435 4485
2739 871 3918
2740 1405 2877
2741 4111 2270
2742 1551 1173
2743 3291 102
2744 409 359
2745 3352 2510
2746 1743 969
2747 686 3630
2748 531 45
2749 3926 2270
2750 1408 2880
2751 4481 3190
2752 743 1114
2753 1409 3052
2754 1372 1674
2755 1743 894
2756 309 887
2757 649 3395
2758 4509 3968
2759 3003 2256
2760 4465 4482
2761 3207 4368
2762 654 2304
2763 4662 967
2764 1326 2877
2765 3218 1654
2766 4456 604
2767 2201 2101
2768 2962 3019
2769 1903 687
2770 4448 604
2771 1644 3233
2772 920 902
2773 2421 444
2774 2111 1797
2775 2320 2242
2776 675 2558
2777 4304 3927
2778 694 2446
2779 3015 3966
2780 4300 1982
2781 309 880
2782 3 3399
2783 1547 818
2784 3556 2356
2785 1785 1717
2786 1601 3233
2787 222 1336
2788 3335 3977
2789 640 3457
2790 547 2767
2791 1277 2877
2792 2537 2479
2793 1236 2431
2794 3181 2383
2795 314 322
2796 3751 389
2797 1036 -47
2798 158 3050
2799 4300 2244
2800 2269 1923
2801 3625 4901
2802 3832 1430
2803 2962 1525
2804 4578 932
2805 3398 2469
2806 4608 726
2807 684 15
2808 1711 2925
2809 2983 4047
2810 3277 2405
2811 543 2767
2812 2044 3112
2813 1735 3673
2814 2469 371
2815 593 3704
2816 1424 4278
2817 654 4992
2818 3285 2256
2819 2254 2101
2820 603 4299
2821 3795 3297
2822 3514 486
2823 4225 2527
2824 3444 653
2825 434 887
2826 2340 4421
2827 2450 4485
2828 2561 804
2829 2372 3866
2830 3625 4688
2831 858 -47
2832 3273 2546
2833 4362 3968
2834 2077 687
2835 2509 2719
2836 3166 102
2837 825 -47
2838 1735 3340
2839 1081 1858
2840 3046 2383
2841 311 359
2842 1947 2551
2843 1097 3989
2844 3377 290
2845 3905 2716
2846 2245 1627
2847 3093 102
2848 3496 486
2849 3493 3228
2850 3131 3977
2851 613 3395
2852 1549 3233
2853 3385 4157
2854 1701 2925
2855 2690 769
2856 728 3983
2857 1491 2690
2858 2343 2577
2859 2682 775
2860 603 4264
2861 654 2242
2862 1646 1480
2863 1439 1738
2864 2063 3596
2865 2816 2811
2866 2962 1654
2867 1921 2518
2868 288 576
2869 1735 3663
2870 2096 1832
2871 3128 869
2872 3046 511
2873 1139 4078
2874 1570 -9
2875 3625 4657
2876 3401 4031
2877 3575 486
2878 150 2826
2879 675 2607
2880 1669 1584
2881 3385 4031
2882 4886 3190
2883 1396 478
2884 1730 769
2885 3872 1447
2886 3450 2376
2887 1409 3091
2888 3848 2493
2889 526 949
2890 3170 4034
2891 2942 2823
2892 1711 753
2893 1396 589
2894 2828 97
2895 4163 2435
2896 4031 3913
2897 852 1858
2898 2816 2802
2899 1859 2847
2900 920 1036
2901 675 2631
2902 17 3067
2903 2879 4512
2904 2158 3112
2905 4267 3001
2906 3268 1308
2907 3484 1905
2908 4183 2527
2909 1232 1727
2910 1607 1665
2911 700 3581
2912 2150 444
2913 1947 2674
2914 640 3437
2915 1296 215
2916 1669 1134
2917 3010 4512
2918 3589 2420
2919 746 3695
2920 3625 4683
2921 1277 2710
2922 842 1114
2923 1159 188
2924 442 685
2925 493 2933
2926 3190 2292
2927 1646 3109
2928 309 630
2929 634 4992
2930 3048 2752
2931 3148 511
2932 1034 3906
2933 1414 4078
2934 1030 2308
2935 2828 239
2936 815 1858
2937 4284 2507
2938 2393 82
2939 2082 3112
2940 1703 4837
2941 1817 4622
2942 3385 4041
2943 1095 2306
2944 3832 1279
2945 3024 102
2946 1517 -9
2947 3654 562
2948 3667 4147
2949 3235 1654
2950 2320 2174
2951 1869 2415
2952 2784 775
2953 3753 3421
2954 3253 2405
2955 1424 4474
2956 2435 115
2957 4419 912
2958 2076 1978
2959 3309 511
2960 4448 3927
2 2866 1354 
3 350 322 1061 
2 878 2175 
2 667 925 
2 1896 1508 
2 1140 1077 
2 2586 628 
2 141 1110 
2 1671 2536 
2 325 1351 
2 1308 885 
2 2383 1021 
2 2186 2921 
2 101 1735 
2 1309 1162 
3 1570 2244 1637 
2 83 2800 
2 2783 1896 
3 728 2369 1687 
2 2413 2488 
2 2522 1718 
2 482 2063 
2 275 2012 
2 2220 824 
2 1513 2097 
2 1821 2046 
3 2730 300 191 
2 2556 1694 
2 666 2702 
2 2442 1292 
3 1755 1640 2547 
2 572 339 
2 1557 1670 
2 197 1144 
2 375 1913 
2 2913 2070 
2 84 1992 
2 587 2796 
2 1204 1916 
3 978 2313 792 
2 1593 2110 
3 1522 361 2268 
3 1630 396 2016 
2 1782 434 
2 79 1117 
2 1571 1810 
2 795 1785 
2 1975 61 
2 501 2490 
3 1403 830 948 
2 2548 977 
3 64 2852 2465 
2 2956 1033 
2 1162 1994 
2 962 2564 
3 1921 1327 1646 
2 819 2555 
2 444 2756 
2 1859 2661 
2 2257 2495 
3 782 2065 1124 
3 47 779 1771 
3 2179 385 2411 
3 255 2927 1547 
2 2716 51 
2 2147 2652 
2 936 169 
2 2569 1474 
2 911 1991 
2 115 733 
2 1373 276 
2 1456 971 
2 688 1350 
3 2166 2876 1846 
2 379 1025 
2 239 2902 
3 1941 2537 695 
3 264 1873 1680 
2 1775 311 
3 1698 1576 44 
2 1770 2872 
2 2124 509 
2 2510 2795 
2 2585 16 
2 400 36 
2 1358 1188 
2 2445 1546 
2 399 355 
3 286 2614 2552 
2 601 1545 
4 1757 2078 638 691 
2 2869 1515 
2 1363 903 
2 2593 657 
2 1401 2751 
2 1475 1456 
3 786 1084 1430 
2 1546 1598 
2 1807 1824 
2 1675 1312 
2 165 2047 
2 1515 13 
3 279 1634 1658 
3 1082 839 2002 
2 464 2481 
2 433 767 
2 530 1898 
2 1328 1847 
2 1948 2858 
2 848 1451 
2 1723 233 
2 2213 2745 
2 1002 1930 
3 973 1343 1027 
2 951 590 
2 1562 69 
2 609 1661 
2 286 607 
2 801 1839 
2 2769 1809 
2 945 544 
3 1106 2008 1013 
2 2345 371 
3 2216 2413 2669 
2 634 1244 
2 752 680 
2 2227 2145 
2 1751 953 
2 2563 2787 
2 1176 2088 
2 703 2336 
2 866 2019 
3 1978 2926 1288 
2 494 900 
2 2798 2601 
2 2799 2683 
2 1086 1265 
3 499 745 1655 
2 1400 1630 
2 2412 525 
4 192 2127 1641 2108 
2 1488 7 
2 2159 2838 
2 2873 1966 
2 1332 2785 
2 518 1007 
4 2701 2308 920 1750 
2 2132 1210 
3 2851 1766 1230 
2 2541 2759 
2 2691 1165 
2 899 222 
2 2178 2560 
2 541 1198 
2 2276 2451 
2 2417 2949 
2 2371 2178 
2 1205 1555 
2 763 1732 
2 1011 2521 
2 2628 639 
2 1293 2870 
2 2878 2598 
2 761 2510 
2 2733 436 
2 1473 100 
2 910 530 
2 1024 270 
2 1450 2233 
2 66 561 
2 2404 317 
2 732 844 
3 2117 1909 203 
2 470 298 
2 594 564 
2 1813 1836 
3 2681 2449 2925 
2 331 1601 
4 861 2617 2656 2426 
2 2258 1552 
2 544 2694 
2 859 2721 
2 1955 1177 
2 2938 747 
2 1014 2079 
2 1130 1933 
3 927 721 1573 
2 1695 751 
2 199 1858 
2 1756 463 
2 489 2098 
2 26 582 
4 2052 1345 972 140 
2 2354 2931 
2 2078 1369 
2 2343 2252 
2 2429 2540 
2 2749 33 
2 2294 2389 
3 2692 188 952 
3 2497 1305 1429 
2 2925 803 
2 1219 2941 
2 172 2270 
2 1605 1051 
3 658 377 1946 
2 1819 1090 
3 1884 2952 1882 
2 1037 2717 
3 2470 546 576 
3 735 838 849 
4 1344 315 1813 389 
2 1008 2161 
2 820 1295 
2 2415 429 
2 2821 1445 
2 2671 785 
2 2911 1421 
2 2143 612 
3 1177 1939 1041 
2 1844 1068 
2 1512 2405 
2 151 2452 
2 348 2957 
2 1728 1604 
2 1444 1576 
2 1137 2207 
2 822 1109 
2 1963 1525 
3 2266 2254 832 
2 1804 2711 
3 1117 583 305 
2 2930 577 
2 110 620 
2 1264 2740 
2 2745 1052 
2 2037 2355 
2 2935 2326 
2 1095 495 
2 287 75 
3 2531 1544 1088 
4 2903 469 1605 349 
2 2953 1917 
2 989 1889 
2 267 1426 
2 637 512 
2 2091 1272 
3 2311 1125 2332 
2 2236 1737 
2 2862 1262 
2 2509 1566 
2 336 1905 
3 2785 1627 2209 
2 2804 672 
2 1218 1577 
4 627 718 63 1073 
2 2040 1143 
2 996 2369 
2 901 2547 
2 2014 1435 
2 2614 366 
2 2650 395 
2 1696 2247 
3 1460 2698 1873 
2 1194 77 
2 478 749 
3 2402 1914 1623 
2 2790 244 
2 1525 1128 
2 1945 2828 
2 167 304 
4 938 2487 837 1945 
2 710 2461 
2 1924 2880 
2 2805 842 
2 715 22 
2 70 1953 
2 2806 2615 
2 2182 2874 
2 2142 102 
2 536 1866 
2 979 1612 
2 2321 315 
2 1676 2132 
3 1934 1796 724 
2 2331 1405 
3 322 117 88 
2 2038 239 
2 1882 686 
2 2886 606 
2 2376 1561 
2 1769 1941 
2 2740 2764 
2 2232 455 
2 1933 1751 
2 2174 2760 
2 758 1197 
2 2305 2288 
2 173 1122 
2 1916 2003 
3 1937 2773 26 
2 419 2731 
2 1602 608 
3 2313 2306 729 
2 270 2001 
2 231 1278 
2 495 346 
3 2267 2590 2831 
2 2640 1856 
2 1340 1130 
2 2466 801 
2 78 617 
3 1030 833 2742 
3 2318 2713 1282 
2 648 376 
2 282 211 
2 1928 2554 
3 170 2278 337 
2 1258 2616 
2 779 1952 
3 2394 1884 2872 
3 1864 806 1898 
3 1 2487 286 
2 1589 2845 
2 2190 2448 
3 1759 9 1965 
2 1697 2217 
3 2906 1082 2263 
2 1970 2608 
3 919 1521 971 
2 788 1974 
2 2200 177 
2 1028 2733 
2 2729 542 
2 411 2345 
2 1230 636 
2 2373 251 
2 317 966 
2 1689 1618 
2 31 970 
2 2816 1257 
2 1881 1240 
2 754 804 
2 1461 1542 
2 756 1058 
2 2169 1512 
3 306 1971 1784 
2 2380 860 
2 790 223 
3 241 2557 1736 
2 1794 1 
2 885 2427 
2 1171 651 
2 886 1520 
2 1372 2678 
2 87 1519 
3 502 553 2706 
2 1686 1071 
2 1711 1909 
2 2012 1747 
2 773 2349 
2 1582 41 
2 466 1861 
2 2347 2630 
2 2677 794 
3 2114 2403 1391 
2 260 1945 
2 829 714 
3 443 915 1543 
2 1071 713 
2 1846 1715 
3 122 1973 2017 
2 2784 669 
2 2611 743 
2 1647 1062 
2 2000 34 
2 314 1946 
2 205 1276 
2 662 755 
2 1760 74 
2 2111 741 
2 2920 2875 
2 383 1730 
2 2307 382 
2 1229 2434 
2 62 2326 
2 1193 1850 
2 2714 2802 
4 2361 1661 988 2804 
3 580 211 2923 
2 894 472 
2 1615 2214 
2 900 464 
2 2865 2898 
2 1240 611 
2 261 1431 
3 2562 1388 42 
2 1448 2909 
2 1962 967 
2 1016 87 
2 558 84 
2 2897 2423 
2 990 1363 
4 1214 2334 1496 2152 
2 2050 1422 
4 2001 1716 817 2075 
4 2954 1039 570 1436 
2 1703 2914 
2 1501 2668 
2 2732 1973 
3 525 1058 1755 
3 1373 334 1222 
3 1221 2378 2943 
2 1707 1625 
2 2356 2262 
2 1738 2030 
3 1784 2595 2060 
2 1202 2959 
3 845 2196 1315 
2 2051 301 
2 2928 1255 
2 670 654 
2 467 2377 
2 2945 2203 
2 1201 1753 
3 2465 784 1721 
2 472 1762 
4 1788 2807 2252 2837 
3 1313 455 1344 
2 214 532 
2 2875 2147 
2 1808 621 
2 2680 1481 
2 1725 105 
2 43 1632 
3 2398 940 2376 
2 164 2808 
2 2656 1983 
2 2459 2504 
2 461 2320 
2 851 1835 
2 1519 2859 
2 2084 2121 
3 537 2123 368 
2 2165 57 
2 2493 2709 
3 1498 601 1030 
2 1958 2438 
2 1749 1574 
3 2776 2138 1215 
2 513 1010 
3 1772 1459 1714 
2 1619 642 
2 2542 1651 
2 687 2470 
2 293 428 
2 753 828 
2 2545 810 
2 1302 1802 
2 611 2068 
2 1267 2690 
2 1303 439 
2 1151 912 
2 189 2660 
3 392 2063 104 
3 2134 974 1123 
3 969 485 362 
2 2168 422 
2 1509 1863 
4 2940 2666 2708 241 
2 1517 173 
2 2811 1708 
2 390 426 
2 1416 647 
2 1265 2298 
2 2646 553 
3 748 2443 2568 
2 2150 814 
2 1424 265 
2 2480 2227 
2 1308 1436 
2 1564 1803 
4 1325 2242 21 2253 
2 800 649 
2 2547 898 
4 611 2192 2868 466 
3 1073 1880 1004 
2 956 2905 
3 769 2587 2793 
2 1174 190 
2 1075 2570 
2 2461 1149 
2 2080 2954 
2 2781 2593 
2 2658 133 
2 238 306 
2 2765 1859 
2 2796 782 
2 823 819 
2 2517 137 
4 2606 765 2028 807 
2 2158 48 
3 2923 356 1946 
3 1830 1908 2800 
3 1967 811 1686 
2 1451 2130 
3 1237 1367 1527 
2 1072 865 
2 1816 842 
2 81 1832 
2 867 2446 
3 570 2794 2626 
2 245 1820 
2 1952 450 
3 2075 868 2379 
2 2922 2081 
2 1854 968 
2 2310 1781 
2 2319 145 
2 1010 1828 
3 2026 1023 1098 
3 2697 1422 766 
2 2602 995 
2 2635 2685 
2 2824 2653 
2 139 410 
2 2880 947 
2 2485 2829 
2 1575 1904 
3 1938 2584 830 
2 166 106 
2 1715 2180 
2 429 2397 
3 2322 645 562 
2 571 2718 
3 1483 2059 1766 
2 1115 280 
2 1611 443 
2 976 800 
2 2581 1461 
2 1828 2739 
3 2493 1825 153 
3 333 1999 783 
2 1009 2515 
2 120 180 
2 2543 2215 
4 917 209 2721 1627 
2 2201 2622 
3 1189 2895 2202 
3 1089 1160 2576 
2 1336 1619 
2 1718 1918 
3 1704 1441 2810 
3 475 1733 356 
2 2289 1648 
4 1478 2624 1653 1386 
2 2002 1799 
2 2771 1384 
2 2488 400 
2 1427 2105 
2 1592 2528 
2 169 1398 
2 533 1191 
2 1001 593 
2 174 1811 
2 621 2658 
2 2549 578 
2 1282 997 
2 2428 2604 
2 2527 1079 
3 406 2930 511 
2 1141 534 
3 1796 31 1056 
2 2342 2360 
3 1116 2696 2649 
2 2280 832 
3 2283 209 736 
2 232 2577 
2 566 2692 
2 2309 913 
2 2659 389 
2 1873 2235 
2 191 1634 
3 992 694 231 
2 2573 2697 
2 725 2042 
4 1098 2914 2680 2757 
2 1646 37 
2 2344 2365 
3 2422 755 2107 
2 114 2766 
2 1300 1893 
2 2608 1029 
2 563 1536 
3 2457 1684 174 
2 2254 2153 
2 1190 1142 
2 2312 1722 
2 1435 1355 
2 2640 2436 
2 1286 2642 
2 446 89 
2 1576 2128 
2 2302 1964 
2 1109 629 
3 957 878 1380 
2 289 1876 
2 117 938 
2 302 2091 
2 1100 116 
3 2180 2881 2788 
4 394 1088 485 459 
3 932 218 808 
3 1178 1840 2206 
2 974 1164 
2 1408 2151 
2 1452 1263 
2 311 2330 
3 2247 1524 2756 
3 2108 1121 2797 
2 233 1167 
3 431 2253 565 
3 1942 1112 981 
2 1887 917 
2 1561 1238 
2 2891 2024 
2 1485 1439 
3 1869 2516 255 
2 6 2131 
2 604 1961 
3 2255 2045 1917 
2 1925 2450 
2 1459 1448 
2 2360 2303 
2 1440 124 
2 879 1032 
2 335 2522 
2 764 245 
4 2074 90 882 1843 
3 160 776 1562 
2 1330 2067 
3 1898 2122 2585 
3 452 897 2104 
2 841 1356 
2 2411 1393 
3 2241 2579 533 
2 1026 1449 
3 473 676 2485 
2 1899 314 
3 483 1235 2296 
2 2505 2939 
2 352 1302 
2 1251 770 
2 1457 2198 
4 421 676 2813 721 
2 1649 2142 
2 672 2187 
2 93 2928 
2 2090 205 
2 777 2475 
2 691 1376 
2 1895 1428 
2 1044 378 
2 2337 2830 
2 1733 923 
2 1387 2003 
2 1585 28 
2 1918 3 
2 1325 2550 
2 372 2033 
2 953 421 
2 697 1045 
3 253 656 2664 
2 1186 1036 
2 1090 2528 
3 2441 1834 1272 
3 647 1330 654 
2 1029 2287 
3 2525 1871 1526 
3 2110 2576 1919 
3 125 1144 2501 
2 1809 1729 
3 1065 1929 2901 
2 1381 2392 
2 1482 1193 
3 2077 1251 2947 
2 288 1790 
2 2842 454 
2 1447 72 
2 1119 2553 
3 1811 2372 837 
2 90 660 
2 982 1282 
2 2069 1447 
2 583 1970 
3 76 2325 1925 
2 1731 2234 
2 1153 671 
2 1983 2571 
3 2602 2195 2429 
2 1954 990 
2 1468 2127 
2 2088 1808 
2 2791 130 
2 2853 1396 
2 2561 1870 
2 779 1700 
3 2397 2888 2918 
2 2657 1796 
2 1048 1014 
2 739 272 
2 2849 1026 
2 2198 2415 
2 369 1270 
2 367 1869 
2 2389 275 
2 2035 937 
3 1805 1197 1638 
2 255 1949 
2 1025 1483 
2 2061 1760 
3 186 654 1053 
2 1077 1395 
2 2393 1902 
2 284 854 
2 2564 585 
3 2355 1780 1425 
2 898 1907 
2 1314 18 
2 303 1548 
2 2694 809 
2 1177 956 
3 2570 2451 171 
2 69 825 
2 1772 1151 
2 2039 210 
3 2235 576 1054 
2 2819 2767 
2 2300 1741 
3 2770 1921 710 
3 2669 2539 1581 
3 380 1638 2014 
2 874 2419 
2 373 2594 
3 775 1283 1990 
2 137 1332 
3 1554 1652 1584 
2 183 1509 
2 1601 476 
3 265 1903 1106 
2 912 1108 
3 1112 187 2820 
2 889 125 
2 1960 456 
2 1055 342 
3 378 2066 589 
3 2392 2346 344 
3 923 761 1060 
3 1577 2455 296 
2 798 2102 
2 1596 2279 
3 783 163 757 
2 2761 994 
2 1465 158 
2 1520 637 
2 500 932 
2 521 1923 
2 105 1820 
2 1159 2753 
3 2004 1410 488 
2 652 1248 
2 784 2256 
2 1138 888 
2 1610 360 
2 1990 1582 
2 2644 744 
2 639 2339 
2 1927 659 
2 2631 1497 
4 2405 706 319 61 
2 1195 1233 
2 1032 1671 
3 497 60 2403 
2 542 761 
2 425 771 
2 216 2454 
2 2021 96 
2 2023 2789 
2 2073 330 
4 2447 2275 2921 976 
2 1518 348 
2 831 1186 
2 39 2832 
2 1323 892 
4 364 2682 871 2887 
2 882 46 
2 2626 2926 
3 2085 2556 2168 
2 2645 759 
2 1140 1706 
3 538 483 1608 
2 310 118 
2 2892 2253 
2 201 1767 
2 342 2472 
2 2424 2908 
2 1747 321 
3 1940 500 862 
4 2747 612 2287 2625 
2 730 1242 
2 457 963 
3 2013 1184 504 
2 1034 2176 
2 1208 2801 
2 477 1409 
2 1972 2050 
2 1511 2514 
3 405 1776 1055 
2 1198 2155 
2 498 56 
2 1466 213 
2 1567 2523 
2 1524 227 
2 1203 498 
2 23 864 
3 733 1523 2301 
2 1580 1399 
2 2858 1147 
2 456 1864 
2 2301 367 
4 2754 1714 529 49 
2 2664 791 
4 1348 575 229 1597 
3 312 1313 2474 
2 1247 2667 
2 2412 2392 
2 2299 1589 
2 690 271 
3 210 1526 2237 
2 2051 103 
3 2890 2472 1273 
2 1283 643 
3 508 274 1093 
2 2456 2852 
2 171 2321 
2 2952 418 
2 2655 2266 
2 921 2771 
2 2197 109 
2 210 1135 
2 2692 2137 
2 2268 440 
2 2154 2855 
2 1439 2559 
2 724 2623 
2 2350 2057 
2 1533 1594 
2 1624 881 
3 2800 2464 1765 
2 2004 181 
2 347 910 
3 2104 1393 178 
2 807 1360 
2 2734 2073 
2 824 2938 
5 507 1837 1472 2400 1287 
2 2430 131 
2 2316 510 
2 514 2890 
2 1516 1299 
2 1277 891 
3 2370 1940 794 
2 1161 1550 
2 2917 1886 
2 2760 742 
3 2957 1823 2271 
3 2472 2412 2809 
3 1792 1845 1665 
2 605 2 
3 1150 2170 635 
2 2590 1788 
2 857 1909 
5 1652 638 2929 795 1040 
2 2637 2511 
2 1250 2477 
2 10 351 
2 2937 353 
2 2706 1761 
3 2184 772 2548 
2 2676 752 
2 1880 1028 
2 870 941 
2 793 2817 
2 2131 2258 
3 1917 390 1719 
3 2332 2315 2089 
2 1433 2218 
3 1957 2411 642 
2 484 727 
2 1763 151 
2 133 392 
3 1741 258 1479 
2 2076 2273 
2 92 1717 
2 1932 2499 
2 2144 1073 
3 1489 2687 1458 
3 2679 1294 977 
2 1342 2101 
2 1865 2537 
2 860 166 
2 2538 68 
2 462 750 
2 579 2849 
3 2243 2574 2470 
2 368 1488 
2 2129 1857 
2 623 546 
2 1134 1321 
2 1002 329 
4 1083 2600 1963 146 
2 2516 847 
2 2955 1531 
2 664 757 
2 1961 979 
2 3 1985 
3 1551 1239 1358 
4 1232 1933 186 2562 
4 1174 1676 989 1478 
2 1547 2697 
2 2651 2386 
2 2420 2369 
2 765 612 
2 2032 1475 
2 2712 2041 
2 2630 2836 
3 2920 1956 66 
2 716 2484 
2 607 271 
2 2607 2639 
2 2581 435 
3 2121 891 2599 
3 1327 2947 1580 
2 2481 2021 
2 2185 2726 
3 1742 2686 120 
2 2592 1988 
2 526 1087 
2 49 1498 
2 2639 2134 
2 954 1181 
2 972 114 
2 199 2551 
3 127 2346 670 
2 1939 950 
3 1470 2739 2618 
2 731 487 
2 2863 605 
2 1793 2352 
2 2670 1693 
2 2060 2563 
2 1678 2818 
3 2505 54 2123 
4 1636 2029 810 1416 
2 993 1343 
2 1175 2224 
2 337 1070 
2 398 1585 
3 516 1706 2172 
2 2924 466 
2 339 1911 
3 71 329 1878 
2 192 951 
2 2209 113 
2 465 614 
2 2204 1551 
3 789 1132 538 
4 907 50 2191 1869 
2 2348 39 
2 924 281 
2 1791 1367 
2 622 1382 
2 1289 692 
3 1545 2588 1793 
2 1259 1124 
2 2649 2020 
2 2844 1868 
2 1364 1412 
3 388 2323 1823 
2 928 243 
2 700 402 
2 1349 1249 
3 2128 2620 583 
2 1627 964 
2 762 1024 
2 522 2654 
2 2391 257 
2 567 2916 
3 1319 1189 2737 
3 2641 2092 1506 
2 1365 1452 
2 2612 563 
3 1215 919 112 
2 1762 2309 
2 486 2899 
2 2719 2659 
2 2643 2362 
2 145 2039 
2 2861 212 
2 2119 543 
3 450 519 1246 
3 1356 159 1095 
3 1804 1013 2462 
3 121 2417 1012 
2 709 184 
2 2780 2530 
2 2952 399 
2 1420 1516 
2 1777 2177 
2 2228 2912 
2 1834 2156 
2 11 2597 
2 2297 1094 
2 1421 520 
2 994 167 
2 74 719 
2 711 646 
2 113 1924 
2 890 332 
2 592 677 
2 446 312 
2 2913 1556 
2 635 781 
2 52 1438 
2 2943 812 
2 1823 1537 
2 673 1921 
2 1380 208 
2 2663 2324 
2 2222 406 
2 882 2226 
2 219 2241 
2 2521 1971 
2 2096 2248 
2 2601 662 
2 671 2240 
2 1734 1450 
2 1982 2293 
2 1729 709 
2 2871 2428 
3 2282 1883 2052 
2 204 2248 
2 235 1977 
2 721 2864 
2 736 2044 
2 817 754 
2 572 2775 
2 2148 1801 
3 344 1340 410 
2 1157 1469 
2 757 1986 
2 1 2647 
2 374 1922 
2 2014 1445 
2 1669 2512 
3 1132 1929 682 
2 2079 2253 
2 2404 2308 
2 220 2366 
2 2338 2933 
2 966 2117 
2 357 369 
2 1288 507 
4 2812 905 255 486 
3 2585 1982 1195 
2 2330 490 
2 2171 2185 
2 5 722 
2 2460 2590 
2 569 2805 
3 2539 2643 1663 
2 1872 2650 
2 327 103 
2 1900 920 
2 96 1120 
2 2249 1792 
2 2009 136 
2 947 1507 
3 2531 240 611 
3 1765 1284 549 
2 206 674 
2 1443 2302 
3 2440 1274 2790 
3 2384 842 1704 
3 1022 1117 1885 
3 1011 238 1229 
2 2163 2328 
2 2362 2898 
3 520 586 2327 
2 1491 1361 
2 1625 609 
2 1412 2049 
2 2594 1979 
2 2763 2022 
2 2777 1253 
2 2895 1891 
3 749 121 1131 
2 2390 2826 
2 750 1613 
2 227 604 
2 7 1763 
3 1853 2670 2388 
3 1996 751 622 
2 2874 2946 
2 2647 2662 
2 2933 536 
2 2164 574 
3 44 231 1094 
2 2248 2390 
2 2554 689 
2 1084 2883 
2 619 1944 
2 298 1583 
3 465 1998 1572 
3 60 984 2466 
2 247 2565 
2 2705 1315 
2 1829 2732 
2 268 2139 
2 1965 1467 
2 309 185 
2 1106 1804 
2 976 1065 
2 2340 1948 
3 2636 2832 918 
2 849 2835 
2 1855 2736 
2 1946 226 
2 1527 772 
2 1906 1754 
3 1209 5 799 
2 2099 571 
3 596 1550 1522 
2 256 1688 
3 33 2233 680 
2 2848 1558 
2 2648 1989 
2 827 1379 
2 2101 2310 
2 491 2508 
2 2358 879 
2 734 462 
3 1911 1180 1460 
2 1974 697 
3 2828 2581 2054 
2 2225 1240 
2 1413 1344 
2 2351 1059 
2 1799 2512 
2 2887 768 
2 549 2333 
2 2027 872 
2 14 53 
2 1866 1967 
3 614 1656 1293 
2 150 1579 
2 1897 2649 
2 620 1329 
4 2262 2003 1258 2891 
3 1617 2064 2619 
2 2387 1485 
2 2818 352 
3 2758 1780 2170 
2 1959 1567 
2 489 928 
2 2737 965 
2 2513 129 
3 182 731 219 
3 1587 1568 613 
2 2932 1246 
2 1464 1152 
3 950 2845 2704 
2 2829 1851 
2 1662 2223 
2 1257 811 
2 1992 1387 
2 791 673 
2 2125 1719 
2 85 1503 
3 998 1820 548 
3 1434 596 1879 
2 562 2895 
3 1364 1772 2863 
2 684 386 
3 1504 264 1982 
2 1074 780 
2 2189 2703 
3 1832 296 717 
2 153 818 
2 1301 2603 
2 1296 2776 
2 1685 424 
2 1604 417 
2 1339 823 
2 2768 38 
2 2463 157 
2 1212 1528 
2 2840 2566 
2 1210 813 
3 1684 1140 1290 
2 147 1208 
2 2398 1937 
3 1549 1206 2261 
2 1583 2447 
3 2042 2334 403 
4 1528 449 1002 2480 
4 2916 1423 2783 2172 
2 2633 2888 
2 2140 254 
2 2005 202 
2 2105 2133 
2 2006 412 
3 411 1777 2158 
3 1492 2631 2007 
3 1679 2822 2640 
2 1870 2917 
2 1801 2478 
2 1569 1303 
2 2341 1425 
3 2268 1095 384 
3 148 335 2249 
3 2501 1404 2193 
2 2041 927 
2 780 2034 
2 2838 2494 
2 649 1296 
2 2934 1797 
2 1902 506 
2 624 2353 
2 2020 926 
3 1155 341 394 
2 2357 1480 
2 809 2449 
2 1266 2589 
2 124 2193 
2 1393 1540 
3 1179 1010 1392 
3 2598 834 1696 
2 770 1300 
2 991 1675 
2 1514 884 
3 685 652 2295 
2 2948 2734 
2 1104 1455 
2 1710 2834 
2 420 1357 
2 1841 1268 
2 340 1184 
3 2502 318 1168 
2 1667 984 
2 2265 1695 
2 2915 1852 
2 249 2546 
2 616 1841 
3 2750 234 1496 
3 136 474 2536 
2 2723 1243 
2 2224 460 
2 1256 1614 
2 2115 2667 
2 713 2873 
3 2794 2058 2431 
3 246 675 1727 
2 840 2290 
2 1092 2681 
2 2702 2749 
2 377 2915 
2 1285 870 
2 305 1739 
2 2704 2410 
2 2544 1704 
2 1867 2580 
3 692 313 567 
2 744 841 
2 2464 1089 
2 2468 1277 
2 1410 600 
3 2083 865 1318 
2 132 1072 
2 2406 982 
2 1209 2194 
2 2043 2109 
3 29 1411 1299 
3 1164 161 1910 
2 2489 907 
2 213 2599 
2 1235 1200 
2 1890 1541 
2 2752 1529 
3 1292 869 2582 
3 1248 2263 591 
2 2850 1199 
2 651 458 
2 1227 461 
2 2494 2548 
3 200 2549 1533 
2 2267 2460 
2 2086 2064 
3 1829 480 10 
2 2834 14 
2 2678 2231 
2 1591 1844 
2 99 2725 
2 833 428 
2 2841 728 
3 1126 418 2935 
2 2482 1971 
3 2153 1415 1814 
3 1287 2294 1756 
2 2634 998 
2 2479 2710 
2 918 1441 
2 2950 2162 
2 1877 793 
2 1458 2358 
3 2164 668 482 
2 2503 2254 
2 55 942 
2 2673 107 
2 1167 2529 
2 676 640 
3 2817 1616 2801 
2 745 144 
2 2652 2592 
3 2103 1669 2591 
2 1407 2729 
2 1609 550 
2 1394 1397 
2 1379 1796 
3 2146 1406 1203 
3 1058 309 2632 
2 1716 1389 
2 2277 908 
3 964 1364 113 
4 1156 428 2772 211 
2 1748 192 
2 2378 2934 
2 1705 1490 
2 1526 832 
2 2688 991 
2 72 2074 
2 9 2916 
2 1572 2333 
2 1402 1645 
2 0 2803 
2 598 2316 
3 643 1800 1011 
2 1255 2192 
3 1635 926 85 
2 2106 1997 
2 862 2026 
2 1099 2095 
2 2418 1768 
3 402 1452 92 
3 1343 1192 987 
2 1913 1000 
3 1785 2667 2201 
3 506 980 2494 
2 1802 2541 
2 194 2126 
2 1674 1779 
2 1849 2370 
3 1761 2350 354 
3 2575 70 411 
2 1890 1786 
2 1449 1815 
2 660 2061 
2 1922 1575 
2 1498 2672 
2 1147 1338 
4 2546 2221 605 1037 
2 2619 683 
2 981 2169 
2 2375 1950 
2 557 2786 
2 1991 1411 
2 555 2146 
2 1185 665 
3 396 1874 1562 
2 1341 2284 
2 1803 1418 
3 365 1839 2104 
2 1246 2682 
3 644 1245 861 
2 1780 1337 
2 722 2755 
2 704 2075 
2 1337 2833 
2 561 1745 
2 826 1622 
2 2616 138 
2 2102 94 
3 2194 1353 1984 
2 2713 49 
2 2087 1231 
2 285 2505 
3 1653 2536 1339 
2 2100 1335 
2 2520 615 
3 2323 814 2944 
4 1534 1872 1286 769 
2 1385 1292 
2 987 1101 
3 2474 1156 2696 
2 2475 2482 
2 1317 1702 
3 963 2486 473 
2 2336 2186 
2 1390 2354 
2 1658 2956 
2 2568 1017 
2 217 1023 
2 404 521 
2 1764 1216 
2 2315 478 
3 1228 726 1894 
3 244 2149 1929 
2 2797 559 
2 661 2167 
3 1754 200 2404 
3 96 2509 1660 
2 395 2605 
2 1713 1951 
2 2407 896 
2 2259 1190 
2 259 598 
3 480 406 2700 
2 1621 2663 
2 1033 1818 
2 626 853 
2 1773 634 
2 1321 552 
2 2674 1635 
2 2260 1091 
2 2405 225 
3 1063 215 1719 
2 1985 1554 
2 693 688 
2 632 397 
2 646 1375 
2 1046 168 
2 109 505 
3 1000 616 1363 
2 2031 1778 
2 1477 2359 
2 1253 1805 
4 95 2176 1930 71 
2 1891 653 
3 2624 906 1324 
2 451 632 
2 1152 263 
2 539 343 
2 2226 2782 
2 2951 1500 
2 2728 1180 
2 2504 763 
2 2367 820 
2 1129 2746 
2 2508 701 
2 1059 1662 
2 2682 955 
2 2679 1523 
3 2431 865 1837 
2 2381 165 
2 67 2265 
2 933 95 
2 1510 2148 
2 2666 1454 
3 928 2140 555 
2 901 1901 
2 1241 2696 
2 432 1766 
2 1885 684 
2 719 535 
2 2909 1938 
2 1170 626 
2 1998 2375 
2 2675 1798 
2 915 141 
2 2553 906 
2 1347 1550 
2 2725 1099 
2 1672 1223 
2 2766 2770 
2 2831 2082 
2 1979 2361 
3 1264 1505 403 
3 778 1600 1569 
4 948 1378 446 2916 
2 1586 1678 
2 1463 1514 
2 2620 408 
2 2525 1947 
2 1188 2893 
2 1778 1194 
3 1496 2336 2152 
3 999 2015 1931 
2 1087 1848 
2 4 2357 
2 747 468 
2 2433 1476 
2 2002 816 
2 345 221 
2 2707 24 
2 1500 1250 
2 91 101 
2 1017 869 
2 2857 470 
2 2187 790 
2 355 441 
2 353 764 
2 2181 329 
2 1142 41 
3 2339 1471 825 
2 618 822 
2 228 268 
3 838 678 1348 
2 506 1138 
2 1206 1215 
2 1298 1779 
3 1980 2051 2430 
2 922 1969 
3 2295 2036 1580 
2 1305 856 
3 2452 2275 1410 
2 2137 2439 
2 593 1928 
2 1035 2077 
2 2214 2342 
3 1984 2307 1994 
2 1245 2743 
2 1297 2385 
2 343 2141 
3 1758 368 2004 
3 1888 2825 240 
3 89 1879 983 
2 86 97 
2 63 929 
2 729 2222 
3 2518 2736 1212 
3 872 1490 1142 
2 975 926 
2 179 2299 
2 2139 2045 
2 1446 746 
2 157 2804 
2 1031 1814 
2 1994 32 
2 1145 2441 
2 2567 1620 
2 1727 2844 
2 290 624 
4 1388 639 115 2525 
3 2422 2107 1600 
2 2025 481 
2 2577 2408 
2 250 2090 
2 1173 821 
2 2130 1178 
4 1857 1497 2066 1227 
3 2918 1599 15 
2 1894 45 
5 2034 1123 2444 2637 1352 
3 186 2183 2489 
2 448 2035 
2 1377 528 
3 225 602 79 
3 254 1690 758 
2 2790 2811 
2 1165 2317 
3 942 1532 826 
2 740 2348 
2 774 361 
2 1122 1213 
2 746 2686 
2 967 666 
3 1654 2229 1499 
2 2872 1178 
2 1992 2356 
2 836 323 
2 2618 2722 
2 2779 1311 
2 2566 560 
2 2670 40 
2 856 2278 
2 2810 2080 
2 2539 760 
3 2260 832 2728 
2 97 2763 
2 1570 2274 
2 1563 1497 
2 177 748 
2 1856 302 
2 2742 1738 
2 224 1202 
3 241 2827 204 
2 2500 1711 
2 2837 2252 
2 800 2793 
2 2436 1336 
2 1629 773 
2 1650 537 
2 281 2420 
2 1108 2695 
2 1268 1696 
2 2451 391 
2 1331 2443 
2 2599 1169 
2 338 2755 
2 550 452 
2 1559 1819 
2 2815 1437 
2 1399 2065 
3 266 1978 2229 
2 2439 857 
2 413 1100 
2 1800 2129 
4 546 2793 993 252 
2 1690 1906 
2 1651 1610 
2 138 42 
2 2492 2165 
2 434 1912 
2 2024 2865 
2 582 102 
3 1442 1358 2021 
2 1768 963 
2 15 2886 
3 741 717 2701 
2 2122 2031 
2 30 2632 
3 140 1782 2675 
2 1736 2468 
2 1743 2676 
3 2203 2326 2894 
2 1353 1854 
2 55 587 
2 2450 374 
2 554 2819 
2 2473 655 
3 1947 1611 2118 
2 453 1629 
4 1843 882 2671 746 
2 555 1406 
2 1777 1586 
3 2846 137 2453 
3 1680 2641 1164 
3 2191 1975 2456 
2 102 1419 
2 2792 1934 
2 1430 1899 
2 116 388 
2 1469 1183 
2 1080 2930 
2 2551 2238 
3 877 2414 2440 
3 2095 1692 1966 
2 2877 1259 
2 1907 2502 
2 1334 1064 
2 32 2769 
2 781 8 
2 2161 1492 
2 1968 1726 
2 2534 1370 
2 1249 99 
2 928 283 
2 2943 2076 
2 1499 961 
2 2458 1224 
2 77 1656 
2 2244 2384 
2 2426 2136 
2 1745 2387 
3 594 2453 1209 
2 2438 1201 
2 504 357 
3 2795 18 2638 
2 1143 2149 
2 2746 338 
2 1577 1628 
2 2588 1744 
2 1666 1942 
2 959 2576 
2 27 2255 
2 1260 187 
3 1614 1247 262 
2 2629 326 
2 2856 79 
2 2379 1995 
2 706 2635 
2 2238 2948 
2 1415 1758 
2 2789 407 
3 1093 1280 552 
2 2071 1347 
2 799 968 
2 2578 413 
2 471 2693 
2 1848 2221 
2 1746 1254 
2 1606 358 
2 2619 2485 
2 2589 1432 
2 451 830 
2 370 531 
2 405 1341 
2 903 2329 
2 20 551 
4 1187 1445 894 2416 
2 2900 1774 
2 425 1972 
2 597 2038 
2 2722 110 
2 2120 2937 
2 2195 433 
2 1673 2380 
2 1272 1560 
2 2103 224 
2 681 1048 
2 382 2884 
2 2683 696 
2 158 2572 
2 553 664 
2 2918 1046 
2 13 2159 
2 349 1642 
2 248 2542 
2 1603 415 
2 1278 2143 
2 2208 1806 
3 2366 738 901 
2 1845 945 
2 2212 1643 
2 1691 2922 
2 1398 1683 
2 2533 1710 
2 359 806 
2 2615 1345 
2 2855 448 
2 146 2094 
2 294 127 
2 2605 2857 
2 424 2319 
2 1139 1429 
2 410 30 
2 1318 189 
2 2668 90 
2 1702 1543 
3 2453 2209 325 
2 720 379 
2 887 1372 
2 426 1003 
2 1110 899 
2 2030 1423 
3 858 1089 2803 
3 1481 535 148 
2 803 1862 
2 1362 1636 
2 2571 291 
3 2931 2512 80 
2 61 2532 
3 1192 734 451 
2 2177 1440 
2 1720 2772 
2 2900 78 
2 817 2062 
3 1222 1654 1018 
2 1453 1504 
3 1529 1370 2451 
3 1172 726 1394 
3 2141 517 2912 
2 1641 43 
2 2523 2246 
2 346 416 
2 46 1366 
2 1374 2085 
3 2661 1853 2011 
2 880 427 
2 1860 2806 
2 686 2197 
3 1902 2159 980 
2 1085 877 
2 983 958 
2 2604 350 
2 1868 2173 
4 708 1338 572 284 
3 1236 2145 2176 
2 1487 2433 
2 556 1158 
2 1356 1626 
2 1057 1226 
2 458 1368 
2 481 1390 
3 1131 1012 230 
2 1455 717 
2 1740 2356 
2 2155 98 
2 702 431 
2 119 681 
2 45 2612 
3 564 690 2543 
2 1825 2561 
3 211 2342 175 
3 1556 1317 2373 
2 1375 2216 
2 2274 508 
2 1838 2715 
2 1438 2220 
2 1620 206 
3 767 512 1189 
2 2142 25 
2 1861 1999 
3 988 1035 875 
2 98 1915 
2 541 1812 
2 1949 2716 
2 2264 2883 
2 519 540 
3 1876 1308 1127 
3 2684 503 2866 
2 2519 2824 
2 509 1197 
2 2317 2188 
3 2263 1020 675 
2 440 2534 
2 175 2251 
3 2926 1472 865 
2 1988 1817 
2 118 1391 
2 613 2705 
2 1263 1256 
2 2744 2382 
2 638 1652 
2 1311 220 
2 877 1742 
2 73 370 
2 107 2520 
2 1507 1709 
2 2483 1371 
2 386 2919 
2 1182 2346 
2 1261 2719 
2 1787 1111 
2 1645 516 
2 2296 1136 
2 308 1602 
2 916 1569 
3 188 2715 2387 
2 496 58 
2 2664 1789 
2 362 1822 
2 1767 2693 
2 468 2189 
2 828 321 
2 2046 909 
2 280 1163 
2 2454 1281 
2 986 1795 
4 714 977 627 2144 
2 705 1225 
2 678 2280 
2 1410 1081 
4 2218 263 581 77 
2 1388 2628 
2 2498 2314 
2 606 1829 
2 1987 1323 
2 971 2762 
3 2672 1190 1545 
2 486 890 
2 2665 341 
2 207 288 
2 1050 2724 
2 320 207 
2 1094 1482 
2 873 2651 
2 2015 623 
2 2329 1544 
2 243 2281 
3 2094 1297 1374 
2 1105 1457 
2 2089 2578 
2 591 2458 
2 1425 1571 
2 2452 661 
2 17 4 
2 2550 1166 
4 321 106 2289 641 
2 1660 648 
2 2270 1083 
2 1479 2768 
3 723 1791 1237 
2 2530 749 
2 528 2135 
2 251 2867 
2 1628 1139 
2 727 1668 
2 503 1960 
3 358 881 172 
2 1293 1993 
3 970 1964 1152 
2 1632 2409 
2 34 1365 
2 266 2700 
2 1824 2761 
2 38 299 
3 242 630 894 
2 551 667 
2 679 2457 
2 2149 2583 
4 1036 2271 55 739 
2 1062 1377 
3 766 2589 2344 
2 1027 273 
3 2136 695 631 
2 2350 2807 
2 2269 777 
2 1536 316 
3 1065 1426 682 
2 112 1456 
2 1506 2364 
2 2063 904 
3 185 294 927 
2 1659 284 
2 2324 2648 
2 2167 2152 
2 1211 300 
2 1484 529 
2 219 954 
2 871 807 
2 291 76 
2 1692 622 
3 2151 2161 2897 
2 1121 2426 
4 366 271 2277 269 
4 376 205 502 1137 
3 1502 1650 2655 
3 1133 2260 108 
2 718 1826 
2 1383 2444 
3 1432 2327 2334 
2 319 513 
2 276 1973 
2 2889 700 
3 2597 182 2120 
3 936 2761 2691 
2 2173 897 
2 2016 447 
2 2717 1173 
2 1908 753 
2 629 924 
2 2741 398 
3 920 2166 228 
2 603 1911 
2 325 1129 
3 143 1666 2507 
2 1163 504 
2 2623 1673 
2 1531 2816 
2 694 328 
3 1042 1316 346 
2 1721 815 
3 1953 409 371 
2 330 1153 
3 2843 47 1657 
2 2731 2171 
2 1052 2544 
2 1623 132 
2 1102 1495 
2 2388 1530 
2 2286 2907 
3 1074 1194 1047 
2 437 698 
2 1402 1539 
2 925 1446 
2 1060 2748 
2 2098 1877 
2 946 1838 
2 1146 2680 
3 2936 744 774 
2 68 1385 
3 36 1185 1588 
2 1910 2774 
3 53 1539 1557 
3 2788 1699 2290 
2 2047 1112 
2 1359 2257 
2 1123 1486 
3 1822 2744 542 
2 2787 375 
2 304 405 
3 103 1511 556 
3 665 299 1168 
3 1543 769 859 
2 2112 1219 
2 2368 1221 
2 1223 2210 
3 2501 2286 121 
2 2960 1086 
2 2669 2506 
3 2462 1787 2714 
2 22 359 
2 2486 811 
3 741 1063 259 
2 1506 1887 
2 42 1958 
2 371 2229 
2 2138 2778 
2 131 2906 
2 985 1239 
3 943 1635 786 
3 1103 2463 2052 
2 2205 787 
3 625 2438 1633 
2 2591 1564 
2 1360 520 
2 2695 1161 
3 500 2747 2911 
3 2738 2545 963 
2 415 1764 
2 1639 1453 
2 2610 933 
2 669 2575 
3 1233 1572 2464 
4 1574 2859 716 2526 
2 1532 2467 
2 2419 236 
2 1722 287 
2 1007 735 
2 2901 256 
2 934 1232 
3 585 2899 1214 
2 2782 1291 
2 1054 2958 
2 1553 630 
2 25 1865 
2 100 1996 
3 2395 2777 2896 
2 1101 2910 
2 815 404 
3 1530 419 839 
3 1050 2022 192 
2 2284 2084 
2 1154 2484 
2 2364 2517 
2 2632 2712 
2 855 2219 
3 1271 2840 2400 
2 535 2069 
2 416 960 
2 1376 720 
2 1776 2367 
3 21 1932 464 
2 1307 1169 
2 1622 60 
3 755 2595 1569 
2 640 2425 
2 459 2924 
2 2059 693 
2 35 2239 
3 2076 2839 1705 
2 2157 2230 
2 863 788 
2 1350 638 
4 1396 405 514 2942 
3 1677 902 2071 
3 1537 2944 685 
3 2381 90 194 
2 184 1066 
2 1595 492 
2 515 2752 
2 1494 2837 
2 2759 1287 
2 2053 442 
2 1786 797 
2 2217 1307 
2 2490 1404 
2 129 702 
2 895 1892 
3 1566 2883 658 
2 608 246 
2 2958 999 
2 2572 2657 
2 1750 1890 
2 1361 1666 
2 2363 1043 
2 24 2944 
2 190 1987 
2 2135 1141 
2 2163 1407 
3 908 2513 1148 
2 759 1401 
3 2558 1334 1728 
4 2108 1391 642 861 
2 559 1220 
2 2455 1359 
2 589 1563 
4 140 2675 2104 619 
2 1291 2580 
2 40 679 
2 2896 380 
2 2359 2005 
2 2854 2573 
2 2478 365 
2 2622 1269 
3 2202 2689 2737 
2 1070 172 
2 1650 2503 
2 2596 1009 
3 1955 2292 1724 
2 442 941 
2 641 1639 
2 962 443 
2 2314 81 
2 2446 1187 
2 1369 2569 
2 701 140 
3 602 2609 992 
2 1626 916 
2 505 1568 
3 628 2316 893 
2 283 147 
2 1220 2401 
2 949 465 
2 1904 2099 
2 1682 1925 
2 850 1535 
2 449 2018 
3 2385 1128 1553 
3 1478 1218 2174 
2 1542 1781 
3 655 279 1821 
2 1739 218 
2 1869 905 
2 126 1797 
2 1386 1339 
2 430 65 
2 1476 1057 
3 1688 1426 1920 
2 2885 477 
2 615 1943 
4 1936 403 1505 2275 
2 595 1317 
2 2196 852 
2 818 1807 
2 1020 2959 
2 2434 2072 
2 1222 501 
3 1791 1735 142 
2 2287 2815 
3 212 1672 1943 
2 1322 2289 
3 2524 2100 1096 
3 2783 1116 1325 
2 1631 444 
3 1963 2240 73 
2 1428 1936 
3 797 2953 467 
2 1382 345 
3 1172 2960 879 
2 1976 1076 
5 2884 968 2755 1216 2892 
2 1795 1957 
3 2140 295 2341 
2 2 2754 
3 812 1797 1456 
2 1018 1773 
2 156 152 
2 2206 62 
2 531 610 
2 2778 1521 
2 2718 278 
2 1573 2184 
2 2183 888 
2 1076 944 
2 1417 12 
2 656 1518 
2 1833 2853 
2 1863 1196 
3 2410 324 2198 
2 977 1657 
2 1357 485 
4 2907 1231 1244 2417 
3 2372 1290 1402 
2 699 1725 
2 418 2154 
2 1790 848 
3 653 2190 712 
2 2469 2812 
2 2560 331 
4 2902 2580 1366 547 
2 548 2116 
2 423 1644 
2 2242 975 
2 2625 2023 
2 613 2179 
3 2946 226 2267 
2 2506 1740 
3 252 973 1759 
2 2007 2471 
2 2661 2866 
2 2399 1743 
2 2636 111 
2 391 1538 
2 545 2613 
3 2416 1815 123 
2 326 2086 
2 896 1873 
2 2057 2343 
3 1818 23 2537 
3 1709 2910 1380 
2 1548 1039 
2 1183 2586 
2 965 1267 
2 2524 1155 
2 1040 1462 
2 479 126 
2 2513 1019 
3 2017 1623 1586 
2 2072 2276 
2 1310 2267 
2 2352 293 
3 168 2784 1144 
2 696 2285 
2 581 736 
3 2724 2611 248 
2 838 2432 
2 1664 1701 
3 2070 2842 2698 
3 2600 1045 2166 
2 1041 645 
2 482 2204 
2 2867 914 
2 15 1681 
2 2557 2363 
2 1783 2318 
2 262 618 
3 1043 1051 1118 
2 1230 1085 
2 2443 2688 
2 1836 2524 
5 195 2748 2638 1607 427 
4 1066 802 482 621 
4 229 1326 595 2913 
2 1694 630 
2 771 2677 
2 1997 59 
2 893 179 
2 2727 1434 
3 1948 1597 1443 
2 1212 2368 
2 414 1168 
4 327 2519 1834 1300 
2 2437 1827 
2 1474 1260 
2 846 229 
4 2207 2231 1306 307 
3 41 1229 851 
2 2320 1927 
2 203 1900 
2 875 1921 
2 2527 2636 
2 902 2610 
2 1599 1816 
3 1534 2152 789 
2 2230 154 
3 1945 2533 1342 
3 1594 2500 317 
2 760 2306 
2 1871 575 
2 1889 2497 
2 2515 1050 
2 2698 576 
2 1389 2053 
2 2234 2780 
2 2008 1981 
3 677 2160 808 
2 297 2538 
3 2162 554 1898 
3 1995 1273 2850 
2 2660 2684 
2 2120 2396 
2 1047 2607 
3 2710 198 1318 
2 1251 1532 
2 649 1855 
2 2739 1022 
2 474 2395 
2 1552 836 
3 2809 738 2304 
2 825 829 
2 1091 603 
2 633 2889 
3 2603 2300 2779 
2 2940 297 
2 2279 303 
2 1539 383 
3 2495 1067 146 
3 1003 2366 579 
2 1148 517 
2 2882 247 
4 2454 597 2798 2925 
2 39 303 
2 1875 2124 
3 895 2634 1424 
3 1355 867 2131 
2 1579 1833 
2 2246 313 
2 1753 518 
2 439 2269 
2 844 282 
2 2908 533 
2 988 1409 
2 1038 1935 
3 2703 2912 695 
3 385 237 1644 
3 1951 1098 2720 
2 1096 2646 
2 1717 1888 
2 617 1075 
2 2904 285 
3 247 2654 895 
3 1160 1352 2846 
4 2365 1951 403 1214 
2 2822 2848 
3 130 1417 1505 
2 2709 663 
2 2425 1069 
2 776 1523 
2 2432 1133 
3 2174 1228 2624 
4 1538 573 2665 1813 
2 2219 195 
2 1923 588 
2 334 122 
3 756 1851 953 
2 2743 363 
2 1581 978 
2 360 2445 
3 1372 855 1926 
2 2905 1157 
3 958 2900 2232 
2 1238 2912 
3 2959 1418 193 
2 236 726 
3 1806 1588 414 
2 1508 1241 
2 1324 1150 
2 1454 2112 
2 573 633 
2 1495 388 
2 1006 1097 
2 2245 2096 
2 1931 2055 
2 588 2334 
3 1068 1741 2309 
2 2062 1466 
2 2261 2006 
5 257 931 2667 2638 18 
2 1371 871 
2 2940 156 
2 690 2194 
2 1814 336 
2 2801 2493 
2 1486 1383 
3 2773 435 290 
2 422 2821 
2 412 1346 
2 514 1699 
2 1726 347 
3 2435 2078 1473 
2 1842 2841 
3 2751 2896 11 
2 1681 1093 
2 1541 2139 
2 930 2903 
3 1858 1683 1170 
2 1111 1980 
2 198 715 
2 1118 1107 
2 2868 996 
3 835 683 756 
2 2864 723 
2 2421 320 
2 2298 2048 
2 2292 2823 
2 532 707 
3 2484 435 1211 
2 2690 2212 
2 2058 865 
2 2133 2831 
2 2427 266 
2 782 365 
3 1429 170 1067 
3 221 1444 779 
3 2880 2862 1289 
2 2767 1433 
3 1565 2643 2567 
3 1912 2796 2735 
2 1279 2190 
3 897 62 644 
3 876 835 139 
2 123 19 
2 1665 2449 
2 712 214 
2 1719 2216 
3 2193 155 1013 
2 2826 1362 
2 742 2037 
2 1612 931 
2 2662 2394 
3 2693 589 1563 
2 401 2699 
2 2823 805 
2 2067 2338 
3 1944 178 1682 
2 351 2402 
2 1049 568 
2 699 196 
2 1530 866 
2 1271 1472 
2 2237 2340 
2 1798 1510 
2 384 2157 
3 2817 2929 2381 
2 599 1609 
2 2893 2264 
3 447 1685 2024 
2 1535 1624 
2 1665 1092 
2 1558 675 
2 2941 29 
3 1616 2250 476 
3 1950 2774 1572 
2 2349 86 
2 510 2125 
2 1213 789 
2 324 2633 
3 2414 1242 176 
2 631 1647 
4 1779 154 1615 732 
3 222 1895 1534 
3 1655 1759 1684 
3 785 1867 2312 
2 758 2106 
2 1657 843 
3 2726 1919 594 
2 1893 1679 
2 2835 438 
2 1306 1078 
2 272 491 
2 1012 2011 
3 2022 1205 2664 
3 858 2034 1284 
3 2927 51 425 
2 1124 310 
2 2036 2877 
2 1642 1285 
2 2939 2199 
3 454 914 209 
2 2210 2644 
3 804 876 840 
2 2814 1649 
2 833 1413 
2 659 1414 
2 2833 2498 
2 884 2721 
2 1226 2114 
3 2898 2792 1320 
2 1215 479 
2 104 943 
2 1414 1316 
2 2529 1849 
3 937 2054 2398 
3 1712 647 527 
2 1416 2013 
3 322 2613 271 
2 19 558 
2 1573 1294 
2 48 2087 
2 2827 2738 
2 2825 1631 
3 2374 541 445 
3 1367 1234 1304 
2 59 2308 
2 2641 2870 
2 2281 200 
2 2476 1875 
2 904 2674 
2 2278 1606 
3 680 1231 2008 
2 1668 1258 
2 2118 1326 
2 438 1465 
3 1405 650 962 
2 2010 2208 
2 1966 2843 
2 1149 1468 
2 1430 250 
2 163 82 
3 883 2774 2517 
3 1064 1158 1770 
3 2101 1176 2228 
2 816 2871 
2 543 2282 
2 627 921 
4 2511 2870 2055 499 
2 2793 1549 
2 2263 1831 
2 1847 1408 
2 159 1042 
2 636 20 
2 821 1783 
3 2251 2225 2163 
4 1562 2904 1502 678 
3 2035 2730 2814 
3 2633 2272 569 
3 560 674 2710 
2 1329 2483 
2 1015 1903 
3 2665 240 1088 
2 1771 2932 
2 2277 1746 
2 1835 1674 
2 2686 2671 
3 8 1265 1406 
3 909 2220 76 
2 2288 911 
3 740 1080 1596 
2 196 2634 
2 1368 149 
2 1737 453 
2 1811 545 
2 1977 1280 
3 2708 457 2029 
2 1262 1380 
3 258 30 484 
3 888 1304 50 
2 1305 566 
2 668 1897 
2 952 1664 
2 88 2859 
2 689 1489 
2 316 1119 
2 56 2596 
2 797 27 
3 349 2245 2629 
2 2653 2103 
2 853 2876 
2 152 2200 
2 1812 705 
2 927 396 
2 960 128 
2 54 725 
2 1125 2645 
2 1207 1592 
2 2408 1559 
2 476 1420 
2 2126 67 
2 490 732 
2 698 1769 
3 1732 2093 2792 
2 2113 584 
2 914 2951 
3 2033 2886 1373 
4 1693 2803 549 679 
2 577 1565 
2 1892 1707 
2 645 2704 
3 1281 2109 2201 
3 1154 539 940 
2 1299 2955 
3 1920 2631 2776 
2 529 2727 
3 641 1074 83 
2 2223 6 
2 2642 488 
2 983 1691 
3 1243 1713 1923 
3 1078 880 307 
2 1334 2025 
2 1333 946 
2 493 93 
2 743 1102 
3 2066 2878 416 
2 2555 2119 
3 1021 1955 2627 
2 162 1247 
3 1295 941 1617 
2 920 2240 
2 134 1044 
3 2627 699 522 
2 1199 2304 
2 568 1794 
2 1431 1752 
2 2919 500 
2 2293 939 
2 328 592 
2 2860 2128 
2 2273 2032 
2 2236 373 
2 1810 1001 
2 2215 2487 
2 88 260 
2 277 1748 
2 318 1400 
2 2894 178 
2 955 1590 
3 1169 1712 1381 
2 992 1501 
2 2836 2847 
2 547 2115 
2 854 1968 
3 555 2341 1458 
2 808 2205 
3 2700 511 796 
2 2597 2602 
3 1874 2679 160 
2 2557 1697 
2 363 935 
4 2583 778 1223 2762 
3 1640 1340 2056 
4 2448 2669 2527 1217 
3 2540 1319 2315 
2 1700 523 
3 2272 1134 2213 
2 1572 883 
3 1687 2369 2252 
2 939 949 
3 1224 308 599 
3 1656 999 2496 
2 600 2587 
3 1080 1006 2408 
2 2471 775 
2 2565 798 
2 2328 475 
2 1061 1114 
2 1935 1146 
3 1166 574 985 
2 1081 261 
2 1886 930 
2 65 1333 
2 524 2558 
2 995 2332 
2 1947 846 
2 178 437 
2 2093 708 
2 565 494 
2 1005 580 
2 463 2291 
3 58 2211 1787 
2 1114 2421 
2 1437 1038 
4 2463 672 831 1860 
3 2342 2531 1881 
2 469 1477 
4 834 1269 1366 2369 
2 408 1757 
4 123 2010 740 2633 
3 1111 959 1593 
3 2535 1652 216 
2 1378 1879 
2 2839 1328 
2 2499 1442 
4 1641 2735 1487 2108 
2 1643 889 
2 2256 364 
2 354 1310 
3 2628 907 1471 
3 1989 432 586 
2 1274 176 
3 1392 1470 794 
2 135 1731 
2 2291 1830 
2 523 2856 
3 1584 2535 945 
2 906 2758 
2 2250 1349 
2 2116 2741 
2 460 2399 
2 1956 150 
3 578 199 850 
3 1708 1862 2422 
2 180 730 
2 1613 2027 
3 1480 1413 574 
3 584 929 521 
3 2239 2283 263 
2 2423 2936 
3 1914 1436 2626 
2 1638 146 
2 28 1275 
2 1196 2325 
3 2579 1181 1279 
2 1840 1126 
2 356 887 
2 2802 1513 
2 469 2545 
2 445 2337 
3 2528 1320 2294 
2 230 2885 
2 2056 934 
2 313 1403 
2 2011 387 
2 1817 1858 
2 1826 64 
2 208 1959 
2 534 2182 
2 1852 1005 
2 2327 2750 
3 2477 181 546 
2 1590 1723 
2 2753 1266 
3 1883 2882 2236 
2 1312 1491 
2 944 2457 
2 2584 2259 
2 1597 1464 
2 1335 333 
2 2526 26 
2 301 1976 
2 1127 409 
2 332 164 
2 1252 863 
2 2409 2675 
2 1136 1549 
4 998 2116 1175 2799 
2 2491 2029 
3 540 2297 955 
2 234 292 
2 2689 1962 
2 312 1603 
2 1540 2347 
2 1999 1842 
2 111 235 
2 1467 1689 
2 2028 808 
2 1986 2252 
2 1275 197 
2 2720 1264 
2 94 2383 
2 2081 1298 
2 768 2723 
2 2175 830 
3 1395 1618 2172 
3 57 618 2781 
3 586 2851 2791 
2 2687 1172 
2 149 2083 
2 295 874 
3 1915 762 1956 
3 1878 2631 2861 
2 1598 1103 
2 292 2791 
2 2949 496 
2 590 1493 
2 737 2407 
2 1901 1204 
2 1670 119 
2 1493 739 
2 847 557 
2 1774 1344 
2 300 2376 
3 1993 2511 2444 
2 1056 2950 
4 1200 2879 2583 449 
2 2048 1104 
2 2018 2181 
2 2304 1591 
2 2285 1015 
2 2756 493 
2 1462 2043 
3 1216 17 2164 
2 2233 372 
2 144 252 
2 1384 2852 
2 128 2000 
2 610 1995 
2 787 1703 
3 1092 1578 267 
3 2764 2757 703 
3 2479 2572 1659 
4 488 1608 2518 1627 
2 511 1271 
2 82 1687 
3 37 497 2409 
2 619 1427 
2 2312 134 
2 2737 135 
3 503 16 858 
4 813 1331 2940 2374 
2 387 2707 
3 1354 1765 2576 
3 1555 388 253 
2 1079 274 
2 1789 277 
2 1926 427 
2 436 2854 
2 876 2300 
2 552 1595 
2 1578 471 
2 2199 1073 
2 654 2869 
2 2526 2473 
2 2160 1621 
2 1969 340 
3 892 2435 1331 
2 961 1171 
2 1648 737 
2 751 2860 
2 2377 215 
2 1224 2335 
2 2396 2424 
2 1831 524 
2 1544 2492 
2 1107 2418 
2 1605 2491 
2 269 1154 
2 527 1182 
2 663 2920 
3 2401 307 1494 
3 1134 792 2954 
2 1397 2476 
2 1254 1309 
2 1135 2459 
2 935 2621 
3 2082 427 1607 
2 142 1234 
2 2071 2673 
2 2058 1207 
2 2382 1314 
2 2239 687 
2 2507 1975 
2 1560 986 
2 323 1181 
2 2333 1655 
2 2621 2945 
2 2335 1145 
2 913 711 
2 2290 1301 
2 2757 148 
3 2786 843 51 
2 2188 704 
2 2808 2113 
2 852 1749 
2 2685 1698 
2 1752 1517 
2 108 827 
3 441 2552 2035 
2 2820 2609 
2 2762 1008 
2 2406 249 
2 1192 957 
2 1053 2393 
2 1633 393 
3 2211 1830 0 
2 1905 2243 
2 485 2391 
2 2813 91 
3 161 2496 2517 
2 2514 1049 
3 80 320 1587 
2 1270 143 
2 278 1113 
2 381 430 
3 2559 2881 73 
2 2467 1667 
2 2595 162 
2 2901 2776 
3 273 526 2406 
3 2876 2942 610 
2 2724 2311 
3 1120 1827 2090 
2 1730 2172 
2 2711 2150 
3 1637 289 2575 
2 794 1159 
2 1217 707 
2 2303 1954 
2 868 840 
2 1168 625 
2 2172 802 
2 1503 2437 
2 1644 2617 
3 1191 1105 548 
3 2048 2111 2383 
2 1943 401 
3 1097 393 2479 
2 1004 2042 
3 2352 1775 1720 
3 682 2040 2879 
2 75 2201 
2 2386 241 
2 2525 2331 
2 487 2351 
2 2019 327 
2 1981 2193 
2 805 2322 
2 397 1484 
2 2049 2221 
2 2028 217 
4 2353 1781 1019 2325 
3 2254 1031 35 
2 407 586 
2 1276 1261 
4 1351 997 1498 1216 
2 1225 873 
3 707 1570 1734 
2 1850 2606 
3 2830 936 381 
2 12 789 
2 1744 515 
2 389 502 
2 2068 969 
3 176 2312 201 
3 796 1837 132 
2 63 2465 
2 657 420 
2 2435 882 
3 1663 232 570 
2 193 1770 
2 2532 1179 
2 1069 1115 
2 1346 1236 
2 1315 237 
2 2699 1990 
2 1724 886 
2 864 183 
2 650 2469 
4 2801 2371 2305 469 
2 202 2442 
2 2075 2881 
3 412 1034 1677 
3 1409 2097 2077 
2 2847 423 
2 1113 2207 
2 685 942 
2 1701 1252 
2 155 2765 
2 2775 1322 
2 2574 1463 
3 207 1016 845 
2 2168 242 
3 492 2832 406 
2 2582 922 
2 1419 52 
2 223 875 
2 2044 2092 
3 2156 417 2354 
2 2170 2009 
