370
0 106 69
1 243 201
2 193 110
3 220 98
4 116 132
5 220 152
6 205 23
7 286 250
8 78 223
9 134 29
10 193 136
11 11 129
12 79 253
13 238 46
14 94 98
15 186 264
16 266 59
17 63 117
18 237 31
19 149 36
20 148 134
21 215 285
22 25 129
23 94 101
24 233 191
25 185 232
26 280 250
27 123 55
28 11 191
29 186 157
30 136 52
31 228 77
32 226 77
33 265 68
34 68 66
35 129 75
36 232 46
37 265 46
38 11 107
39 62 117
40 193 113
41 75 117
42 266 55
43 252 140
44 193 107
45 26 85
46 240 138
47 215 309
48 142 207
49 30 89
50 263 104
51 9 110
52 126 55
53 255 43
54 173 219
55 149 25
56 13 129
57 20 85
58 123 134
59 194 258
60 77 190
61 168 273
62 41 82
63 255 202
64 50 142
65 255 208
66 25 89
67 152 55
68 166 27
69 0 222
70 119 134
71 -27 194
72 33 191
73 162 36
74 145 36
75 220 165
76 25 157
77 265 43
78 116 101
79 193 126
80 189 240
81 75 126
82 152 36
83 165 218
84 77 223
85 -27 191
86 186 155
87 253 202
88 42 82
89 137 55
90 172 132
91 9 107
92 230 77
93 25 136
94 230 250
95 233 166
96 2 166
97 141 29
98 189 227
99 115 55
100 240 140
101 -27 222
102 238 86
103 77 216
104 78 83
105 286 272
106 106 20
107 187 34
108 238 43
109 78 228
110 142 25
111 152 50
112 94 14
113 233 66
114 228 23
115 84 14
116 220 178
117 -8 222
118 193 140
119 190 264
120 188 264
121 220 168
122 78 239
123 11 113
124 25 166
125 54 142
126 138 253
127 107 134
128 70 14
129 217 23
130 227 112
131 106 32
132 77 181
133 139 272
134 166 36
135 42 222
136 235 129
137 266 46
138 54 129
139 156 133
140 77 195
141 238 77
142 158 133
143 70 27
144 284 250
145 205 31
146 42 191
147 130 210
148 177 222
149 9 115
150 35 89
151 264 31
152 35 191
153 151 207
154 25 117
155 242 43
156 251 124
157 189 219
158 205 24
159 122 55
160 245 129
161 187 36
162 139 270
163 -8 191
164 94 91
165 220 36
166 78 234
167 152 133
168 11 122
169 215 250
170 235 149
171 25 163
172 150 222
173 220 150
174 38 181
175 107 131
176 115 74
177 201 248
178 83 117
179 215 292
180 234 112
181 182 240
182 259 43
183 255 246
184 227 142
185 136 207
186 225 309
187 -15 222
188 79 83
189 38 172
190 154 134
191 90 89
192 186 178
193 193 155
194 220 161
195 235 123
196 263 112
197 78 244
198 177 219
199 235 131
200 235 46
201 232 66
202 202 248
203 235 112
204 182 228
205 265 80
206 70 66
207 224 247
208 18 129
209 220 69
210 103 14
211 245 123
212 141 25
213 252 138
214 213 98
215 154 136
216 165 207
217 122 75
218 251 126
219 28 89
220 240 31
221 258 31
222 42 89
223 139 256
224 134 52
225 16 85
226 220 173
227 94 89
228 215 263
229 147 210
230 249 31
231 153 134
232 249 250
233 9 129
234 106 27
235 106 37
236 265 66
237 42 211
238 116 126
239 182 232
240 21 166
241 87 89
242 227 150
243 129 132
244 77 198
245 75 85
246 165 219
247 265 97
248 42 85
249 60 239
250 129 74
251 148 210
252 231 201
253 232 53
254 12 82
255 116 55
256 68 59
257 138 256
258 78 253
259 266 66
260 42 197
261 43 209
262 139 132
263 286 309
264 194 264
265 119 253
266 37 117
267 243 202
268 142 36
269 183 107
270 81 253
271 78 85
272 238 66
273 75 89
274 143 207
275 -22 191
276 182 219
277 116 75
278 2 129
279 263 126
280 185 228
281 11 126
282 77 14
283 227 147
284 238 69
285 60 244
286 137 210
287 116 82
288 286 295
289 33 85
290 139 273
291 42 209
292 220 85
293 255 216
294 63 244
295 54 128
296 12 85
297 264 23
298 152 37
299 75 87
300 158 132
301 219 31
302 110 253
303 265 103
304 40 89
305 134 36
306 136 55
307 193 264
308 136 29
309 130 207
310 27 191
311 169 219
312 94 117
313 231 191
314 265 104
315 142 210
316 178 273
317 138 210
318 70 55
319 134 49
320 43 211
321 52 142
322 16 82
323 187 27
324 152 132
325 75 128
326 233 176
327 220 65
328 240 309
329 252 31
330 107 128
331 42 59
332 165 213
333 251 104
334 178 264
335 38 142
336 131 207
337 25 153
338 232 31
339 255 247
340 75 14
341 190 275
342 97 253
343 82 89
344 224 248
345 106 83
346 183 98
347 85 128
348 193 275
349 70 59
350 172 136
351 170 273
352 234 46
353 55 181
354 220 77
355 142 52
356 194 248
357 238 104
358 235 166
359 244 123
360 138 207
361 106 14
362 41 191
363 63 128
364 215 178
365 106 40
366 42 81
367 177 221
368 172 135
369 148 222
3 176 188 99 
3 87 267 358 
2 40 44 
3 173 214 292 
3 243 127 238 
2 194 173 
3 129 158 210 
2 105 297 
3 109 244 147 
3 308 305 234 
2 118 79 
3 56 233 281 
2 270 258 
3 272 200 108 
2 23 164 
2 120 334 
2 259 42 
2 41 39 
2 220 338 
2 82 74 
2 231 58 
2 179 228 
2 93 154 
2 312 14 
3 267 313 326 
3 80 204 280 
4 105 63 279 314 
4 52 176 159 224 
2 310 163 
2 192 86 
2 355 224 
2 92 32 
3 31 354 201 
2 205 236 
4 206 88 366 349 
3 262 287 250 
3 352 253 107 
2 236 77 
3 123 91 66 
3 17 295 273 
2 79 2 
2 178 17 
3 16 77 137 
3 63 218 213 
4 2 90 269 214 
3 289 66 57 
3 100 203 160 
6 186 101 290 341 348 179 
2 274 360 
4 150 266 154 219 
3 314 196 333 
2 149 91 
2 306 27 
2 182 155 
2 198 311 
3 68 110 112 
2 208 11 
2 45 225 
2 20 70 
3 334 169 344 
2 140 132 
2 351 290 
3 88 289 366 
3 26 65 43 
2 321 335 
3 293 87 63 
4 219 38 45 289 
4 346 89 355 111 
3 323 107 55 
3 135 285 117 
3 58 309 127 
2 101 85 
2 152 310 
2 134 82 
2 19 268 
3 121 194 242 
2 171 337 
5 42 37 182 165 151 
2 238 287 
2 10 40 
3 356 181 25 
3 325 363 312 
3 73 298 19 
2 246 332 
3 166 261 103 
3 275 71 254 
3 193 29 350 
3 65 1 100 
3 248 62 34 
2 67 306 
3 368 142 44 
4 38 51 278 296 
2 141 31 
2 337 22 
3 232 228 344 
3 358 326 242 
3 240 275 208 
3 268 308 212 
3 202 280 157 
3 255 0 365 
3 87 136 46 
4 187 258 47 71 
2 357 141 
2 84 244 
3 188 245 365 
5 288 339 26 144 7 
3 212 234 282 
3 36 161 68 
3 155 13 165 
3 166 8 369 
2 55 212 
2 67 298 
3 210 55 115 
2 272 201 
2 297 129 
2 112 282 
5 313 157 364 193 226 
2 69 187 
2 193 10 
2 307 120 
3 119 316 15 
2 226 75 
2 197 166 
2 168 38 
3 174 240 171 
3 353 321 175 
3 257 265 181 
4 70 132 175 4 
2 340 254 
2 114 6 
3 180 184 354 
2 235 234 
3 60 353 127 
4 290 257 162 334 
2 161 73 
3 285 69 237 
3 100 199 195 
3 144 42 297 
4 335 266 295 363 
2 190 300 
2 244 60 
3 102 92 284 
3 215 300 90 
3 318 331 282 
3 105 259 137 
4 301 165 323 158 
4 261 260 362 353 
3 286 8 309 
3 204 172 367 
2 233 51 
2 304 49 
3 77 221 297 
2 362 72 
2 216 274 
3 22 208 49 
2 53 108 
4 279 213 218 211 
3 98 276 116 
3 145 323 6 
2 27 255 
3 46 359 218 
3 327 134 107 
2 133 223 
2 28 275 
2 14 227 
3 77 108 145 
3 122 84 109 
3 231 262 324 
2 281 123 
3 59 202 207 
2 358 199 
2 124 76 
2 148 369 
2 5 3 
3 362 124 189 
3 127 125 330 
3 277 0 27 
2 202 356 
2 312 41 
3 47 21 232 
2 203 130 
3 80 126 239 
2 77 53 
2 339 293 
2 283 130 
3 360 336 215 
2 328 47 
2 117 101 
3 271 104 0 
2 174 335 
3 215 231 139 
2 227 241 
3 364 332 29 
3 116 86 118 
2 75 5 
2 136 203 
2 279 50 
3 270 249 122 
3 276 367 54 
2 170 136 
2 13 352 
4 113 32 327 253 
3 169 177 98 
4 46 195 180 357 
4 280 25 239 148 
2 247 33 
3 245 34 349 
3 344 169 252 
3 96 56 154 
2 354 327 
3 361 6 112 
3 156 359 333 
3 110 97 106 
3 43 156 279 
3 3 44 346 
3 185 190 142 
3 332 153 350 
3 345 277 250 
3 43 160 156 
2 49 66 
2 230 18 
2 151 329 
3 295 304 248 
3 162 257 356 
3 30 27 319 
2 57 296 
2 116 121 
4 164 191 345 287 
3 21 264 94 
2 251 315 
2 329 220 
4 190 20 167 324 
3 179 94 339 
3 11 278 149 
3 9 131 106 
2 365 131 
2 33 37 
3 320 135 291 
3 4 330 78 
2 181 204 
2 124 96 
2 191 343 
3 95 75 283 
2 262 4 
3 8 103 140 
3 299 206 104 
4 311 369 251 83 
3 303 205 259 
2 222 88 
3 197 294 320 
4 324 35 217 306 
3 246 229 274 
3 339 207 313 
2 201 36 
3 296 85 128 
2 159 99 
2 349 331 
4 223 133 265 126 
5 12 290 101 285 294 
3 144 247 16 
2 291 146 
3 84 320 146 
3 167 243 35 
2 328 288 
3 348 307 228 
3 126 257 302 
3 138 335 49 
3 339 24 1 
3 74 355 97 
3 44 300 346 
3 342 12 197 
3 299 188 277 
4 333 284 113 13 
3 343 39 299 
3 153 251 48 
4 163 85 278 96 
2 157 198 
3 217 271 176 
3 233 275 91 
4 26 213 156 196 
3 25 204 98 
2 11 168 
4 115 106 143 340 
2 242 184 
2 141 272 
4 294 258 69 135 
2 317 147 
3 78 227 35 
2 263 105 
3 66 45 62 
4 61 47 258 133 
2 237 260 
2 3 354 
2 183 65 
3 258 285 249 
3 138 222 39 
4 225 91 254 322 
5 7 137 151 114 361 
2 111 82 
3 273 245 271 
3 142 139 269 
2 338 145 
2 265 342 
2 314 247 
2 222 150 
2 319 9 
3 89 250 52 
2 264 119 
2 97 9 
3 336 147 70 
2 72 28 
2 54 246 
4 330 81 178 23 
3 24 252 116 
3 26 50 303 
2 229 317 
3 341 351 120 
2 315 286 
2 349 143 
2 224 305 
3 249 237 261 
2 125 64 
3 296 331 366 
3 145 68 158 
3 231 167 250 
3 347 363 81 
2 24 95 
3 201 209 161 
2 263 186 
2 221 230 
4 175 347 312 238 
3 256 322 143 
3 83 216 192 
3 50 211 272 
3 15 133 59 
4 64 189 266 138 
2 185 309 
2 76 93 
2 18 301 
5 105 232 252 267 183 
2 282 128 
3 348 47 316 
2 302 270 
2 241 273 
3 94 59 207 
2 227 217 
3 214 269 67 
2 330 325 
3 47 341 264 
4 206 34 256 318 
3 86 216 368 
2 316 61 
2 200 36 
3 132 146 125 
4 32 130 292 209 
3 67 30 268 
3 177 223 80 
3 359 203 102 
3 1 95 170 
3 211 160 357 
2 48 185 
2 297 210 
3 146 152 174 
3 325 138 81 
2 116 192 
3 99 104 235 
3 62 322 34 
2 148 198 
2 350 90 
3 172 109 246 
