1604
0 2269 903
1 589 163
2 832 2201
3 351 304
4 480 370
5 24 1103
6 95 1935
7 1739 666
8 1017 1339
9 1759 1913
10 24 1289
11 337 40
12 212 1017
13 942 2047
14 -66 508
15 919 1902
16 139 2004
17 1844 1401
18 1162 1028
19 1695 1972
20 120 1098
21 548 711
22 1909 602
23 1085 1363
24 151 1464
25 1220 427
26 115 1519
27 1477 1204
28 890 1041
29 472 1505
30 126 804
31 70 81
32 1457 1477
33 404 1804
34 221 2130
35 1162 1182
36 1144 942
37 843 1092
38 1562 1346
39 714 149
40 918 2087
41 1477 1213
42 1373 18
43 62 1546
44 1118 1299
45 427 2056
46 88 81
47 1463 1820
48 689 2218
49 1289 976
50 102 1464
51 67 752
52 2140 903
53 1842 534
54 427 1993
55 1617 1972
56 126 854
57 468 1728
58 24 1195
59 227 1083
60 529 178
61 163 -71
62 509 1480
63 1419 1983
64 1863 210
65 427 1824
66 859 1041
67 1445 896
68 609 875
69 2157 397
70 2289 903
71 764 891
72 427 1998
73 1446 977
74 340 1540
75 2040 1205
76 843 1360
77 152 136
78 351 232
79 1043 1339
80 1407 746
81 439 636
82 24 1435
83 72 349
84 114 661
85 1024 150
86 1455 874
87 404 1771
88 80 993
89 1058 653
90 227 1065
91 619 1530
92 1397 941
93 1916 146
94 729 1862
95 1419 1850
96 1989 890
97 528 686
98 946 149
99 1427 235
100 1759 1962
101 114 857
102 2176 903
103 843 1358
104 404 1778
105 1145 376
106 24 1402
107 445 640
108 1251 721
109 1308 1509
110 1755 666
111 598 856
112 1795 1815
113 1663 598
114 62 1630
115 232 113
116 101 1435
117 634 1789
118 1088 1041
119 1673 1227
120 1085 1410
121 337 112
122 427 1804
123 304 306
124 1511 1448
125 780 1497
126 1042 1339
127 67 725
128 832 2217
129 2059 294
130 221 2064
131 671 445
132 693 149
133 459 854
134 149 136
135 95 1996
136 850 918
137 579 163
138 337 105
139 843 1047
140 -66 447
141 231 136
142 2289 932
143 1403 1518
144 126 892
145 1457 1182
146 960 1069
147 72 273
148 571 1833
149 461 886
150 1377 721
151 1673 1052
152 684 159
153 67 797
154 1467 29
155 1477 1286
156 734 1866
157 1896 146
158 1680 1972
159 1557 1298
160 641 163
161 1437 1833
162 461 879
163 1989 839
164 619 1635
165 70 120
166 970 1152
167 671 424
168 673 2170
169 265 113
170 583 561
171 1140 942
172 1104 2001
173 944 1069
174 750 267
175 899 1497
176 843 1163
177 1035 670
178 2005 704
179 480 366
180 299 636
181 142 2043
182 126 657
183 1023 1497
184 1647 236
185 155 1527
186 233 590
187 806 267
188 342 2130
189 1544 1426
190 1280 170
191 623 1647
192 1145 407
193 1220 522
194 670 1647
195 1088 1197
196 71 455
197 1457 1496
198 62 1636
199 1538 1496
200 568 639
201 476 639
202 560 196
203 1701 236
204 107 273
205 1372 1521
206 534 1432
207 493 323
208 756 383
209 1844 1396
210 1491 1339
211 322 1657
212 2005 722
213 221 2118
214 1167 1467
215 1685 1302
216 459 864
217 1457 1314
218 2130 397
219 115 1596
220 337 71
221 108 1465
222 1929 208
223 524 1494
224 1251 630
225 816 1367
226 1266 774
227 269 1527
228 2289 1033
229 2090 903
230 114 945
231 115 1541
232 1851 606
233 126 979
234 1233 241
235 860 2136
236 1587 1705
237 1293 1550
238 1083 150
239 970 1086
240 201 2043
241 1643 1224
242 169 -74
243 1389 1521
244 204 1527
245 522 317
246 660 163
247 1261 721
248 468 1715
249 1045 1339
250 1145 346
251 630 1833
252 225 136
253 24 1304
254 1220 403
255 1670 1695
256 1544 1461
257 1275 1509
258 48 237
259 634 1817
260 485 323
261 1851 647
262 1519 1675
263 126 703
264 509 1486
265 115 1643
266 1643 1293
267 1641 1224
268 2254 903
269 1903 647
270 1277 1528
271 747 149
272 67 755
273 1711 666
274 115 1532
275 1120 1299
276 2005 767
277 1327 18
278 1135 528
279 1673 1198
280 1969 839
281 764 918
282 792 875
283 188 1017
284 1759 1959
285 1328 98
286 619 1568
287 1406 721
288 101 2004
289 1744 666
290 472 1527
291 1356 29
292 1875 276
293 484 1833
294 1496 29
295 634 1761
296 696 891
297 1759 1861
298 1999 703
299 71 1465
300 115 1657
301 502 1576
302 95 1842
303 601 486
304 74 661
305 229 1527
306 908 2132
307 195 1657
308 -66 532
309 1844 1570
310 798 267
311 1519 1702
312 1100 580
313 859 875
314 900 2136
315 1144 971
316 664 875
317 337 -17
318 608 1447
319 151 1492
320 445 759
321 1918 703
322 62 1477
323 126 1017
324 718 267
325 167 405
326 1162 1067
327 1647 1250
328 942 2087
329 1457 1305
330 404 1779
331 839 1367
332 832 2170
333 1852 1666
334 1328 184
335 442 1747
336 1220 510
337 425 1747
338 126 992
339 782 149
340 1334 29
341 163 1083
342 1862 146
343 820 383
344 35 1098
345 628 1950
346 1474 972
347 502 1597
348 512 317
349 2289 977
350 859 918
351 1852 1689
352 832 2218
353 970 1172
354 480 323
355 1439 896
356 -43 237
357 673 2134
358 1844 1599
359 1162 1299
360 480 306
361 246 590
362 1088 1129
363 1491 1448
364 62 1534
365 335 1540
366 505 1833
367 1100 537
368 -37 556
369 640 2002
370 1714 585
371 174 136
372 87 1465
373 1397 896
374 1673 1268
375 1844 1425
376 22 447
377 67 706
378 1100 528
379 1085 1339
380 199 306
381 935 1497
382 734 1867
383 1622 1224
384 1647 1065
385 1590 1972
386 142 2033
387 70 136
388 1457 1342
389 1338 1521
390 241 113
391 114 906
392 1506 1972
393 1655 1346
394 571 1517
395 1842 583
396 2116 1141
397 601 469
398 2036 1348
399 2233 903
400 2094 1141
401 1126 1467
402 647 886
403 1628 236
404 1704 666
405 598 661
406 1338 1528
407 126 737
408 2107 1141
409 82 273
410 -5 237
411 1117 1410
412 1348 29
413 1114 184
414 970 1203
415 617 875
416 851 345
417 2192 1141
418 524 1456
419 126 665
420 -66 556
421 1844 1562
422 1474 947
423 210 1017
424 1979 806
425 102 1435
426 107 272
427 163 2
428 258 306
429 1145 415
430 502 1690
431 71 447
432 24 1098
433 851 350
434 221 2117
435 640 2064
436 2289 1047
437 2110 294
438 335 1657
439 1626 1224
440 573 492
441 757 383
442 67 848
443 1780 763
444 114 716
445 351 306
446 683 875
447 1556 1695
448 67 993
449 1537 1339
450 1854 703
451 756 424
452 1643 1234
453 1995 806
454 1848 1396
455 513 1474
456 1463 1790
457 874 149
458 167 450
459 1677 1302
460 2036 1368
461 1088 1203
462 2040 1179
463 1145 231
464 351 246
465 1544 1361
466 142 2004
467 1391 976
468 1291 2001
469 82 354
470 427 1855
471 183 590
472 1416 29
473 114 937
474 501 492
475 794 1367
476 918 1041
477 104 1098
478 67 661
479 472 1507
480 1446 930
481 62 1537
482 1085 670
483 1506 1800
484 624 1647
485 1407 761
486 1407 820
487 231 636
488 163 81
489 606 1432
490 843 1094
491 2004 397
492 863 1041
493 1529 1339
494 114 819
495 1328 117
496 62 1465
497 67 666
498 1145 241
499 548 759
500 908 2111
501 1485 18
502 2164 294
503 1397 976
504 1673 1297
505 509 1485
506 2289 1075
507 24 1423
508 67 754
509 232 136
510 480 417
511 61 273
512 126 852
513 1327 29
514 580 323
515 1759 1887
516 1140 880
517 598 730
518 1463 1815
519 1559 1705
520 1321 2001
521 1145 468
522 346 1540
523 1896 210
524 126 972
525 2058 903
526 1261 774
527 1455 879
528 404 1774
529 227 1058
530 820 355
531 843 1315
532 177 2043
533 1140 1006
534 -48 273
535 1844 1463
536 67 736
537 127 81
538 1909 483
539 95 2003
540 1280 76
541 1100 581
542 1140 838
543 635 886
544 1776 236
545 1340 29
546 1233 189
547 1095 1950
548 2005 1396
549 67 803
550 851 278
551 1277 1550
552 1540 1675
553 521 686
554 1512 236
555 24 1404
556 544 1517
557 1156 1467
558 1117 1451
559 1419 1845
560 1457 1274
561 62 1485
562 2013 294
563 556 886
564 404 1787
565 1095 1902
566 1083 1467
567 82 307
568 1114 2001
569 347 189
570 1590 598
571 559 1950
572 1377 18
573 280 1527
574 1126 1436
575 1477 1298
576 851 292
577 640 2087
578 601 620
579 340 189
580 1280 81
581 560 178
582 1958 839
583 167 306
584 480 492
585 558 1517
586 2199 903
587 703 2218
588 843 1254
589 484 1894
590 1451 977
591 114 921
592 921 149
593 484 1950
594 1501 18
595 72 354
596 257 1527
597 167 550
598 1085 1338
599 942 2015
600 1622 1225
601 942 149
602 447 601
603 466 639
604 427 2130
605 167 590
606 1330 1509
607 335 1557
608 515 1833
609 843 1172
610 1035 667
611 114 681
612 167 433
613 1167 1454
614 942 1911
615 348 1540
616 1912 210
617 1844 703
618 942 2022
619 1083 1479
620 589 1950
621 1474 977
622 249 1527
623 598 770
624 427 2043
625 10 273
626 548 686
627 310 228
628 2005 703
629 168 136
630 24 1260
631 601 584
632 1407 874
633 1673 1262
634 1586 236
635 1604 585
636 114 898
637 1622 1243
638 1183 976
639 598 773
640 1435 1833
641 944 1062
642 1100 574
643 437 306
644 1220 441
645 1095 2001
646 335 1651
647 1852 1612
648 286 306
649 517 196
650 -51 556
651 1419 1860
652 1261 740
653 1661 585
654 598 676
655 513 1480
656 969 1355
657 185 136
658 1766 666
659 337 69
660 1670 1704
661 1427 189
662 200 -74
663 619 1601
664 1261 733
665 2036 1362
666 70 90
667 1145 528
668 1453 236
669 1167 1410
670 227 1024
671 1100 556
672 2176 397
673 469 1527
674 1023 1526
675 380 306
676 1161 1467
677 502 1658
678 1419 1906
679 1373 29
680 283 113
681 583 639
682 1601 1972
683 149 1657
684 1083 1528
685 1852 1815
686 1544 1675
687 1300 2001
688 126 984
689 163 56
690 843 1233
691 92 1435
692 62 1542
693 1140 728
694 82 160
695 1647 1224
696 2033 397
697 1946 703
698 551 1456
699 115 1645
700 908 1911
701 706 261
702 1544 1470
703 1647 1233
704 580 317
705 -19 237
706 1780 728
707 348 1527
708 643 1761
709 745 267
710 484 1836
711 163 -70
712 908 1902
713 557 317
714 999 1355
715 102 81
716 1326 976
717 114 665
718 167 527
719 634 1833
720 654 1761
721 1233 364
722 630 875
723 114 744
724 -66 531
725 351 213
726 24 1205
727 851 267
728 484 1835
729 1938 1396
730 1593 585
731 858 1016
732 1319 1550
733 673 2105
734 1759 1863
735 1673 1237
736 1419 1961
737 100 237
738 1145 476
739 1844 1456
740 1369 976
741 601 484
742 335 1570
743 770 875
744 1913 428
745 62 1619
746 2128 294
747 1162 1201
748 619 1535
749 227 1066
750 486 639
751 820 363
752 1140 839
753 1087 653
754 780 1367
755 729 1867
756 1599 1705
757 1844 1471
758 705 891
759 1427 236
760 109 2004
761 1643 236
762 1477 1182
763 780 1461
764 484 1866
765 54 556
766 1506 1790
767 1455 892
768 24 1155
769 1537 1385
770 1519 1705
771 183 1017
772 2170 1141
773 608 1456
774 1419 1844
775 439 591
776 1095 1942
777 1062 1203
778 596 1432
779 443 306
780 780 1452
781 2040 1229
782 1844 1586
783 480 317
784 813 149
785 1989 898
786 619 1517
787 598 628
788 513 1432
789 190 -74
790 1647 1052
791 1909 647
792 1100 653
793 2289 928
794 72 160
795 1647 1266
796 484 1912
797 142 2018
798 536 1833
799 1023 150
800 1140 860
801 1647 1061
802 1162 1139
803 843 1016
804 114 692
805 684 163
806 114 833
807 480 348
808 412 2130
809 1926 703
810 601 628
811 67 934
812 1848 1815
813 1338 1543
814 395 306
815 734 1862
816 970 1151
817 445 680
818 963 1069
819 427 1919
820 1162 1146
821 619 1647
822 780 1482
823 1422 1833
824 335 1551
825 126 795
826 1780 666
827 468 1527
828 1532 1448
829 1085 1337
830 1338 1550
831 1892 210
832 832 2136
833 534 879
834 1673 1251
835 608 1517
836 95 1777
837 502 1540
838 1457 1253
839 1647 1176
840 1261 760
841 1377 751
842 735 891
843 1403 1521
844 1663 631
845 1167 1449
846 299 632
847 1166 1410
848 1506 1872
849 607 445
850 1474 959
851 647 891
852 1477 1292
853 1463 1833
854 1407 721
855 1377 774
856 2005 806
857 1970 703
858 -9 237
859 1117 1415
860 126 773
861 1140 1028
862 1233 283
863 1480 1496
864 1846 1815
865 835 918
866 673 2160
867 1534 1705
868 1085 1355
869 -66 555
870 721 149
871 1844 1565
872 1537 1351
873 644 445
874 664 2087
875 447 590
876 341 189
877 1377 761
878 1673 1076
879 851 347
880 843 1298
881 459 876
882 517 178
883 1457 1215
884 1969 703
885 1667 1052
886 692 424
887 1852 1613
888 846 267
889 1261 739
890 126 823
891 1663 610
892 787 383
893 1145 324
894 1403 18
895 991 1902
896 2176 294
897 151 2043
898 82 180
899 601 445
900 1670 1705
901 1663 666
902 427 2017
903 468 1704
904 673 2218
905 1446 950
906 1909 428
907 457 1747
908 1140 1041
909 258 113
910 1851 495
911 471 759
912 1419 1943
913 1012 150
914 -66 480
915 1036 1902
916 134 636
917 163 50
918 226 1657
919 1145 431
920 1551 1298
921 775 875
922 1550 1972
923 2155 294
924 343 1540
925 1469 947
926 1006 1203
927 128 2004
928 1673 1071
929 583 638
930 677 1647
931 1759 1890
932 1506 1807
933 310 193
934 813 267
935 891 2136
936 1270 2001
937 843 1091
938 502 1650
939 997 1339
940 1851 616
941 293 -74
942 1220 617
943 67 663
944 1251 617
945 1487 29
946 404 1747
947 223 1657
948 841 1497
949 1481 236
950 1140 729
951 558 1950
952 1643 1289
953 240 -74
954 1009 1497
955 1254 721
956 439 621
957 560 1432
958 1220 414
959 598 825
960 1851 609
961 1427 211
962 678 875
963 843 1225
964 915 1041
965 221 2102
966 895 1497
967 1594 1972
968 1463 29
969 870 1041
970 1463 1816
971 369 2130
972 484 1540
973 1333 29
974 1674 1972
975 780 1417
976 72 237
977 1162 1164
978 2289 1113
979 673 2087
980 843 1324
981 227 1017
982 1851 526
983 1958 806
984 1220 567
985 1851 639
986 1280 158
987 126 1010
988 1233 210
989 780 1408
990 908 2136
991 296 306
992 95 2004
993 1095 1917
994 1204 2001
995 673 2104
996 780 1369
997 2289 1059
998 1653 1695
999 1929 146
1000 427 1962
1001 62 1473
1002 599 261
1003 2036 1302
1004 1759 1961
1005 1284 2001
1006 77 1777
1007 1494 18
1008 912 1902
1009 351 262
1010 1685 1346
1011 1673 1245
1012 2243 903
1013 523 879
1014 1852 1670
1015 1407 810
1016 1220 498
1017 174 1657
1018 1765 666
1019 390 2130
1020 1267 976
1021 902 149
1022 970 1091
1023 756 411
1024 82 237
1025 2289 989
1026 439 590
1027 1622 1298
1028 151 1518
1029 502 1704
1030 62 1523
1031 2036 1380
1032 126 999
1033 1468 1496
1034 3 556
1035 671 432
1036 2143 397
1037 351 195
1038 320 189
1039 894 2136
1040 1371 29
1041 513 1439
1042 459 802
1043 1474 971
1044 598 740
1045 68 1465
1046 427 1937
1047 601 510
1048 1646 1695
1049 572 886
1050 1952 428
1051 114 698
1052 24 1123
1053 273 113
1054 556 879
1055 24 1170
1056 1128 1410
1057 1079 150
1058 859 883
1059 1088 1132
1060 1909 542
1061 509 1505
1062 668 1761
1063 445 686
1064 107 237
1065 1117 1467
1066 1983 839
1067 958 1902
1068 114 1464
1069 1220 495
1070 95 1811
1071 484 1937
1072 785 918
1073 832 2212
1074 167 445
1075 212 2043
1076 1846 1396
1077 123 1083
1078 673 2156
1079 1727 585
1080 1032 150
1081 1699 1972
1082 1457 1281
1083 1464 236
1084 734 1863
1085 1436 18
1086 115 1631
1087 1140 971
1088 1800 703
1089 1145 384
1090 704 261
1091 1759 1819
1092 533 1456
1093 229 -74
1094 540 492
1095 1444 874
1096 1051 1902
1097 214 -74
1098 1304 2001
1099 1792 583
1100 104 2004
1101 1439 236
1102 1909 294
1103 1106 670
1104 114 993
1105 1220 512
1106 1477 1257
1107 114 880
1108 115 1465
1109 473 759
1110 482 639
1111 1338 1532
1112 237 113
1113 1126 184
1114 1455 905
1115 780 1386
1116 1740 585
1117 1220 527
1118 2172 1141
1119 944 1057
1120 1376 976
1121 62 1633
1122 750 2218
1123 673 2167
1124 224 306
1125 459 886
1126 634 261
1127 1673 1260
1128 1455 918
1129 833 355
1130 251 1657
1131 1447 18
1132 1983 428
1133 1419 1857
1134 114 787
1135 1073 150
1136 176 590
1137 486 879
1138 126 781
1139 1780 752
1140 687 149
1141 300 1657
1142 56 237
1143 844 267
1144 24 1280
1145 560 248
1146 67 901
1147 601 599
1148 583 547
1149 1852 251
1150 517 194
1151 1328 76
1152 666 1647
1153 1347 1509
1154 67 675
1155 1134 528
1156 161 1527
1157 851 355
1158 1593 1346
1159 1100 567
1160 793 875
1161 1544 1695
1162 310 306
1163 447 639
1164 126 940
1165 1175 976
1166 109 1464
1167 167 454
1168 1663 645
1169 92 237
1170 970 1184
1171 1457 1486
1172 801 1367
1173 1890 210
1174 1506 1909
1175 1673 1206
1176 2043 397
1177 1862 276
1178 1941 294
1179 2040 1141
1180 71 136
1181 1251 645
1182 115 1545
1183 1455 941
1184 598 812
1185 2289 926
1186 107 259
1187 1275 1515
1188 118 1098
1189 1226 617
1190 1841 583
1191 114 706
1192 299 604
1193 179 1017
1194 1140 870
1195 553 196
1196 833 875
1197 1865 647
1198 1407 765
1199 2176 309
1200 608 1432
1201 212 636
1202 2036 1331
1203 1759 1972
1204 301 1527
1205 67 662
1206 2005 745
1207 513 1440
1208 180 590
1209 1140 730
1210 1972 1396
1211 62 1687
1212 1455 947
1213 1622 1276
1214 1792 1815
1215 1264 774
1216 637 886
1217 316 1657
1218 1544 1346
1219 748 891
1220 1673 1302
1221 888 1497
1222 115 1647
1223 445 802
1224 1376 29
1225 2069 397
1226 2004 407
1227 502 1613
1228 988 149
1229 677 1672
1230 2040 1203
1231 1719 585
1232 792 267
1233 459 825
1234 1220 382
1235 1544 1496
1236 1145 473
1237 1590 585
1238 1759 1955
1239 1854 210
1240 1656 1695
1241 1275 1527
1242 524 1517
1243 843 1367
1244 673 2111
1245 2122 1141
1246 704 2218
1247 593 1456
1248 944 1041
1249 569 1456
1250 822 1497
1251 1852 1663
1252 920 2087
1253 2037 1302
1254 1094 1410
1255 468 1747
1256 989 1497
1257 1233 347
1258 743 149
1259 942 1983
1260 598 632
1261 1280 79
1262 583 492
1263 908 2087
1264 553 1833
1265 272 1527
1266 632 163
1267 1220 364
1268 1955 294
1269 468 1540
1270 1251 687
1271 2004 428
1272 542 1833
1273 115 1495
1274 126 844
1275 163 -62
1276 1085 1299
1277 1162 976
1278 351 270
1279 1989 903
1280 67 949
1281 634 1791
1282 126 735
1283 200 636
1284 473 1704
1285 1852 1694
1286 1457 1279
1287 1989 878
1288 525 317
1289 1906 146
1290 72 187
1291 351 189
1292 712 875
1293 677 1708
1294 812 267
1295 2232 1141
1296 1363 774
1297 337 -35
1298 1443 1833
1299 1162 1142
1300 1095 1929
1301 62 1531
1302 601 509
1303 1501 29
1304 114 836
1305 167 391
1306 1647 1276
1307 484 1914
1308 126 894
1309 2040 1238
1310 1233 334
1311 1302 1509
1312 1412 29
1313 1909 452
1314 843 1179
1315 1403 1509
1316 24 1131
1317 1167 1445
1318 1116 184
1319 631 445
1320 560 221
1321 793 1497
1322 1673 1272
1323 859 1016
1324 598 870
1325 1376 189
1326 1873 276
1327 1658 1695
1328 1506 1879
1329 1862 251
1330 246 604
1331 2176 348
1332 1892 647
1333 560 163
1334 335 1633
1335 1852 1698
1336 1909 293
1337 494 1704
1338 1035 668
1339 1457 1441
1340 114 881
1341 2040 1259
1342 1338 1533
1343 1145 288
1344 167 474
1345 1220 453
1346 545 1517
1347 638 886
1348 1780 746
1349 292 1657
1350 1673 1073
1351 851 340
1352 1145 184
1353 62 1777
1354 1869 647
1355 1083 1489
1356 1639 598
1357 1157 1410
1358 2289 1002
1359 677 1761
1360 787 267
1361 1912 703
1362 131 1017
1363 120 1083
1364 615 1517
1365 640 1970
1366 756 422
1367 445 772
1368 1764 585
1369 845 355
1370 167 379
1371 115 1594
1372 337 65
1373 1544 1438
1374 515 317
1375 1929 210
1376 2007 903
1377 1491 1342
1378 1456 18
1379 634 1806
1380 70 102
1381 2040 1169
1382 843 1212
1383 114 721
1384 -65 273
1385 548 735
1386 560 261
1387 601 607
1388 1140 896
1389 117 1098
1390 339 1527
1391 1280 189
1392 1714 236
1393 1162 1031
1394 480 409
1395 1114 150
1396 126 828
1397 642 163
1398 56 1435
1399 1273 774
1400 337 34
1401 2040 1142
1402 1800 763
1403 979 1203
1404 604 1456
1405 274 113
1406 1090 653
1407 1477 1205
1408 894 1497
1409 1844 1612
1410 351 242
1411 1162 1169
1412 830 149
1413 62 1538
1414 1140 871
1415 287 -74
1416 1023 1528
1417 373 306
1418 1614 598
1419 843 1093
1420 598 804
1421 72 295
1422 71 273
1423 480 407
1424 640 1950
1425 727 267
1426 1083 1522
1427 598 716
1428 1136 1410
1429 546 1432
1430 598 831
1431 1909 276
1432 1842 495
1433 1275 1528
1434 115 1530
1435 1537 1425
1436 68 237
1437 1780 732
1438 1566 1695
1439 2005 753
1440 227 1080
1441 1280 123
1442 163 -74
1443 71 556
1444 970 1069
1445 1085 1407
1446 1770 236
1447 1776 251
1448 1618 1298
1449 1280 153
1450 52 447
1451 988 150
1452 517 1432
1453 1856 210
1454 -33 556
1455 114 806
1456 1220 601
1457 1994 294
1458 71 549
1459 1673 1233
1460 632 261
1461 1649 1076
1462 1851 625
1463 1638 236
1464 1186 976
1465 1701 666
1466 1538 236
1467 942 1973
1468 1313 774
1469 2176 355
1470 1409 2001
1471 609 870
1472 97 1098
1473 286 2130
1474 1851 630
1475 718 261
1476 1645 1972
1477 2227 1141
1478 1100 577
1479 2289 1097
1480 1909 513
1481 71 539
1482 2289 986
1483 126 915
1484 1378 1521
1485 95 1830
1486 2183 1141
1487 601 498
1488 677 1745
1489 1487 1441
1490 1966 428
1491 1402 1509
1492 95 1988
1493 1277 1546
1494 310 189
1495 1673 1220
1496 1491 1441
1497 1508 1972
1498 337 113
1499 1419 1833
1500 1328 189
1501 727 149
1502 2040 1302
1503 445 636
1504 1117 670
1505 1909 610
1506 1140 670
1507 -65 237
1508 959 1497
1509 640 2084
1510 1419 2001
1511 614 445
1512 502 1590
1513 1776 585
1514 1851 556
1515 1997 806
1516 151 1505
1517 1854 207
1518 1403 1519
1519 167 390
1520 1931 703
1521 1980 1396
1522 1759 1815
1523 1457 1294
1524 24 1172
1525 1221 617
1526 936 149
1527 1457 1256
1528 2036 1396
1529 182 590
1530 1749 585
1531 1457 1462
1532 573 1432
1533 62 1650
1534 1288 1550
1535 1643 1279
1536 1329 29
1537 67 939
1538 211 590
1539 2289 1141
1540 236 113
1541 780 1398
1542 1776 583
1543 1495 1298
1544 282 306
1545 13 556
1546 969 1339
1547 1140 1410
1548 151 1527
1549 1537 1448
1550 335 1544
1551 970 1155
1552 754 267
1553 167 546
1554 684 149
1555 1647 1293
1556 1126 1410
1557 337 -74
1558 1477 1280
1559 851 310
1560 1461 236
1561 1980 806
1562 221 2043
1563 1647 1076
1564 82 207
1565 1398 189
1566 1145 399
1567 1328 89
1568 95 1795
1569 1456 947
1570 187 136
1571 1446 905
1572 187 306
1573 1299 76
1574 1673 1176
1575 851 319
1576 487 492
1577 535 759
1578 1397 925
1579 2093 294
1580 1117 1412
1581 163 27
1582 1446 896
1583 1385 18
1584 1646 1346
1585 673 2165
1586 163 -17
1587 195 -74
1588 1643 1695
1589 211 2043
1590 1219 2001
1591 1854 146
1592 1035 653
1593 846 875
1594 520 686
1595 221 2119
1596 1167 1464
1597 1162 1006
1598 942 2036
1599 969 1350
1600 1795 763
1601 517 191
1602 126 636
1603 1897 146
3 1358 268 672 
2 1266 137 
2 1073 332 
2 445 1278 
2 1423 179 
2 1052 432 
2 1492 302 
2 289 273 
2 126 939 
2 1238 931 
2 253 1144 
2 1372 1400 
2 981 423 
3 1263 1598 645 
2 724 914 
2 1067 1008 
2 466 927 
2 375 209 
2 1393 1597 
2 1081 158 
3 425 1188 341 
2 1385 626 
2 1505 1060 
2 1445 868 
4 319 1108 1068 788 
2 644 958 
2 1434 1273 
2 1407 762 
2 964 969 
3 479 596 62 
2 890 825 
4 46 666 1507 711 
2 1171 1531 
3 54 1562 564 
4 1473 904 992 1595 
2 747 1411 
4 315 171 108 526 
2 1419 937 
2 1158 1218 
2 870 132 
2 1252 1263 
2 1106 1407 
2 572 277 
2 745 692 
3 275 1276 461 
3 808 624 593 
2 715 31 
2 853 970 
2 587 904 
2 716 1020 
3 1166 1045 425 
2 508 536 
2 102 229 
3 395 1432 910 
3 72 33 1000 
2 1476 682 
2 144 512 
2 1255 248 
2 726 1524 
3 788 341 1440 
2 581 882 
2 711 1442 
4 655 505 29 455 
3 1005 736 392 
2 1173 1453 
2 470 122 
3 492 609 1323 
2 1582 355 
4 415 1054 1324 1471 
2 672 1036 
2 1185 896 
4 1072 1219 402 1160 
2 902 54 
4 590 145 503 905 
2 924 365 
2 781 1230 
3 1243 103 656 
2 629 134 
2 1410 725 
2 249 126 
2 485 854 
3 1503 180 956 
3 1353 420 507 
2 595 1421 
3 717 304 182 
2 1080 799 
3 527 1095 443 
2 528 946 
2 1104 448 
2 753 1592 
2 749 529 
2 748 786 
2 503 1578 
2 999 1289 
3 815 755 1359 
2 1133 559 
3 785 422 1287 
2 626 553 
2 1228 601 
2 759 961 
2 1203 1004 
2 1107 1304 
2 586 52 
2 76 980 
2 330 528 
2 1089 250 
2 555 253 
2 817 1503 
3 955 36 1270 
4 606 389 270 1311 
2 1018 289 
3 1324 499 1430 
2 864 1214 
3 891 1356 1513 
2 1121 745 
3 1540 509 488 
2 425 691 
2 1281 295 
4 908 362 1444 1248 
2 1459 1495 
3 1254 566 1445 
2 1498 138 
3 293 65 330 
2 1162 991 
2 828 363 
3 1321 786 822 
2 79 8 
2 536 377 
2 352 1073 
2 1579 562 
2 965 1562 
3 1592 873 1035 
2 39 1140 
2 216 1233 
2 77 1180 
2 539 1492 
2 350 865 
2 1 1333 
2 121 220 
2 937 803 
4 376 914 1507 1384 
4 509 1064 694 252 
2 349 793 
2 1518 1315 
2 1308 56 
4 1407 883 669 73 
2 818 173 
3 409 1421 1422 
2 251 1264 
2 563 1125 
3 287 841 247 
3 928 885 1279 
2 805 1554 
2 549 272 
3 945 661 968 
2 852 1558 
2 382 1084 
2 1603 342 
2 19 974 
2 1448 920 
2 1397 1266 
2 1298 640 
3 1137 1125 881 
3 1287 1066 453 
2 821 663 
2 387 1380 
2 1551 816 
3 886 1035 514 
2 904 1123 
2 1053 909 
2 929 1148 
3 36 1087 1388 
2 568 645 
3 146 531 641 
2 1552 709 
2 381 966 
2 609 490 
3 482 313 1338 
2 212 628 
2 4 807 
3 81 487 846 
4 897 1595 288 386 
3 419 84 1602 
3 674 954 619 
2 203 761 
2 1156 1548 
2 361 1538 
2 1294 310 
2 971 1473 
2 1373 465 
2 1391 986 
2 484 821 
2 429 1566 
2 1117 1105 
2 930 1152 
2 461 1059 
2 1481 431 
5 1033 262 1315 1171 363 
2 1533 1121 
2 1235 863 
2 681 750 
2 1110 603 
3 1320 1195 581 
2 1392 184 
3 583 409 426 
2 1484 389 
2 1429 1452 
3 899 260 348 
3 441 1023 324 
3 1076 17 215 
3 493 1377 575 
2 438 1217 
2 1206 178 
2 1595 434 
3 257 676 1596 
3 209 459 1175 
2 881 133 
2 388 329 
2 1036 1225 
2 1086 1371 
2 138 659 
2 1108 372 
3 1375 616 999 
3 1242 655 418 
2 1181 944 
2 331 1172 
2 1399 1215 
3 1265 365 596 
2 436 1358 
2 52 525 
2 1104 473 
2 1182 274 
2 960 1514 
2 688 524 
2 862 988 
2 935 832 
2 756 519 
2 732 1534 
3 1395 413 1057 
2 1022 1444 
2 1589 532 
3 452 267 790 
2 789 1442 
2 843 1484 
2 305 1156 
2 1288 1374 
2 805 1397 
3 150 664 955 
2 57 903 
2 379 79 
2 105 893 
2 719 148 
2 141 1570 
3 1398 106 10 
2 958 1234 
3 660 1327 1409 
3 702 1549 1373 
3 1311 1187 214 
2 1142 410 
2 719 1379 
2 207 354 
3 1197 826 985 
3 552 311 197 
2 1282 419 
2 1061 505 
2 699 1086 
3 1555 1027 952 
2 241 439 
3 0 1012 856 
2 791 1332 
3 1493 1433 109 
2 339 1258 
2 153 508 
2 7 404 
2 231 1434 
2 359 44 
2 856 1439 
3 42 513 1297 
2 667 1155 
2 1175 1574 
2 1066 582 
3 1072 803 851 
2 1160 921 
2 423 771 
2 1004 1238 
2 495 1567 
2 663 748 
2 854 150 
3 1100 181 539 
2 110 7 
3 972 673 1242 
2 1040 412 
2 1431 1326 
3 366 728 122 
2 1303 945 
3 708 117 1255 
2 758 851 
2 734 1091 
2 628 857 
2 372 1045 
3 683 836 1222 
2 1512 837 
2 6 1485 
2 1487 741 
2 84 478 
2 622 244 
2 990 500 
2 947 1017 
2 869 724 
2 782 871 
2 187 1232 
2 770 262 
2 541 1478 
3 1058 1593 177 
2 990 1039 
3 1277 861 36 
2 962 722 
2 1400 1297 
2 773 1200 
2 1516 24 
3 911 1367 1063 
2 809 1361 
2 561 1001 
3 1362 1363 987 
4 530 208 704 1475 
2 612 1305 
2 802 1393 
2 795 703 
3 500 1252 1510 
2 217 1523 
3 122 564 104 
2 1243 225 
3 2 1246 990 
2 1014 1251 
2 1500 495 
2 907 337 
2 1105 1016 
2 335 946 
2 1032 688 
2 784 271 
3 545 540 973 
3 59 20 1077 
2 157 1591 
3 378 892 751 
2 1472 432 
2 1424 620 
2 621 1043 
2 1227 1512 
3 1374 207 1386 
2 1482 142 
3 1323 136 1058 
2 1285 1014 
3 1122 128 1203 
2 1170 1551 
3 260 807 783 
2 67 373 
2 705 1507 
2 1078 1244 
2 1409 782 
3 669 275 747 
3 783 779 649 
3 1330 186 428 
2 1059 118 
3 124 197 1496 
2 481 1301 
3 74 1550 227 
2 608 293 
2 671 378 
2 1454 650 
2 435 1365 
2 1231 653 
2 657 629 
2 221 299 
4 355 1578 855 632 
2 1322 633 
2 739 17 
2 1450 140 
2 127 1154 
3 1155 367 343 
3 868 249 598 
2 1124 1572 
2 1508 175 
3 712 755 156 
3 439 600 762 
2 1563 801 
3 967 1510 922 
2 181 797 
3 1180 1142 165 
2 1339 217 
3 205 406 109 
2 909 1112 
2 591 636 
3 1497 63 1174 
2 1010 1584 
3 835 837 585 
4 985 1513 1190 53 
2 1245 408 
3 741 1262 899 
3 665 1202 1502 
2 1012 586 
2 408 1179 
3 557 1065 574 
3 71 1347 1054 
2 1463 634 
2 273 1465 
2 654 1260 
2 1111 389 
2 860 1282 
2 396 400 
3 204 567 147 
2 258 858 
3 1556 1580 1254 
2 291 545 
3 1318 1566 238 
3 1403 980 1170 
2 722 68 
2 879 1351 
2 1477 1486 
3 1092 223 788 
2 263 182 
2 82 869 
2 871 757 
3 850 925 96 
2 12 283 
2 1561 983 
3 50 116 20 
2 204 1186 
2 1581 1586 
3 1544 361 1124 
2 919 192 
3 1029 677 821 
3 196 1450 595 
4 344 5 650 448 
2 1157 879 
2 213 965 
2 1509 369 
2 997 228 
2 746 1579 
3 946 211 646 
2 267 383 
2 1262 1094 
2 892 208 
2 1146 549 
3 1600 86 1139 
2 1383 1191 
3 1417 1162 3 
2 1292 962 
2 1438 1161 
3 88 432 1280 
4 1218 872 493 1027 
2 1361 617 
3 1406 886 1366 
2 1535 241 
3 1515 163 1561 
2 729 1076 
3 655 62 1207 
3 766 518 843 
2 1021 1412 
2 1167 1074 
2 215 1220 
2 1031 665 
3 44 777 195 
2 1230 1381 
2 498 1352 
2 1009 1410 
2 189 1218 
3 797 16 1217 
2 503 1120 
2 687 1005 
3 612 595 567 
2 819 65 
2 1538 1529 
2 968 1312 
2 230 591 
2 1094 1576 
2 1172 754 
2 1248 964 
2 1389 1472 
3 304 1205 1034 
3 573 29 1061 
2 905 1571 
2 1413 364 
2 1103 177 
2 932 766 
2 1152 191 
2 1198 80 
2 632 1015 
2 180 1201 
3 115 537 689 
2 1200 778 
2 176 1419 
3 696 1226 1178 
2 969 66 
2 449 210 
2 806 1455 
2 334 285 
3 1045 1001 1398 
2 1154 943 
2 1343 463 
3 111 1577 1385 
3 306 832 328 
2 1007 1378 
2 896 923 
3 73 467 92 
2 1220 1322 
2 264 62 
2 1479 997 
2 82 555 
2 272 51 
3 1494 141 115 
2 584 1394 
2 1422 625 
2 56 1274 
3 1536 870 277 
3 167 713 704 
2 931 734 
2 1388 1414 
2 1044 1427 
2 970 456 
2 236 867 
2 1470 1098 
2 1236 919 
3 615 903 924 
2 616 831 
2 233 1164 
2 229 1376 
3 1215 36 840 
3 767 1582 86 
2 104 87 
2 90 670 
3 1129 751 324 
3 980 880 173 
2 240 897 
2 861 1087 
2 625 1384 
2 757 739 
2 51 127 
2 488 715 
2 1480 1313 
3 288 992 135 
4 1573 1261 1228 340 
2 792 312 
2 752 1209 
2 1216 1049 
3 1447 1446 1239 
2 412 340 
4 1391 988 1267 1352 
2 645 776 
2 1528 1521 
2 442 153 
2 576 727 
3 1534 815 1493 
2 686 262 
2 97 1594 
2 1466 949 
2 507 106 
2 1346 1242 
2 676 401 
2 1065 859 
2 95 774 
2 1286 1527 
2 1030 322 
2 129 1457 
3 1049 851 149 
2 33 330 
3 993 1096 732 
3 619 1243 120 
2 469 409 
2 994 172 
2 1291 876 
3 1418 854 635 
2 620 951 
2 1583 42 
3 1204 1265 479 
2 401 1556 
4 1543 210 1286 852 
2 1559 550 
4 874 604 1509 700 
2 810 1387 
2 876 1038 
2 1441 1261 
3 202 60 1333 
3 280 1114 983 
3 1572 1370 204 
3 1576 1026 510 
2 394 1346 
2 399 102 
2 1246 48 
2 880 690 
2 796 764 
3 621 73 1212 
2 473 391 
2 1526 1021 
3 951 45 1071 
3 999 1007 1557 
3 469 431 83 
3 227 622 29 
2 605 1553 
2 379 829 
2 618 1259 
2 637 383 
2 98 1526 
3 1163 1503 875 
2 201 1163 
3 1123 808 577 
3 1136 916 597 
2 1153 109 
2 742 824 
2 798 366 
3 1314 176 66 
2 1338 1592 
2 804 717 
3 1074 469 325 
2 1596 845 
3 1467 700 895 
2 1269 522 
3 1329 523 222 
2 450 1088 
2 1598 599 
4 1355 183 566 1065 
2 345 571 
3 762 590 346 
2 596 305 
2 639 1044 
2 45 902 
2 511 534 
3 21 97 681 
2 1162 933 
4 178 298 1271 1176 
2 371 77 
2 1144 726 
3 1147 787 1047 
3 1095 373 486 
2 374 1127 
2 403 1466 
3 653 570 730 
2 391 1340 
2 1213 600 
2 1464 1165 
2 1420 623 
2 161 823 
2 173 1119 
2 1478 1159 
2 779 814 
2 1345 25 
3 172 13 547 
2 438 1334 
3 887 1409 1528 
2 991 1544 
3 1195 360 1150 
3 368 432 869 
2 678 1133 
2 840 889 
3 370 635 1542 
3 1427 405 810 
3 223 62 455 
3 714 76 1599 
2 1570 371 
2 826 1018 
2 220 1372 
2 900 255 
3 961 1565 154 
2 1097 1587 
2 164 286 
2 889 247 
2 460 398 
2 1380 31 
3 1456 278 738 
2 1560 1101 
4 1317 847 359 145 
2 529 981 
2 1159 367 
3 0 69 1469 
2 290 827 
2 1416 183 
2 814 1417 
2 214 557 
2 430 938 
2 912 651 
3 1224 1151 1040 
2 1498 1405 
4 626 200 929 787 
2 55 967 
2 1017 300 
3 1433 1416 1426 
4 1203 812 1335 1539 
3 1161 552 1235 
2 1098 468 
2 338 233 
2 488 917 
2 588 963 
2 116 1398 
2 43 1413 
2 950 1506 
3 898 794 141 
2 703 839 
2 1176 491 
2 884 1520 
2 1249 1092 
2 1222 265 
3 614 577 712 
2 1475 1090 
2 1235 256 
2 327 695 
3 514 713 324 
2 858 356 
2 1437 826 
2 827 1390 
2 720 295 
2 174 1425 
2 764 728 
3 1275 31 61 
3 1008 700 382 
3 704 514 1288 
2 868 656 
2 537 46 
2 740 49 
2 611 84 
2 1553 1344 
3 755 251 259 
2 1062 708 
3 1345 1257 759 
3 316 415 1471 
2 1134 1383 
2 308 14 
2 78 1037 
2 630 58 
3 550 888 1451 
2 710 293 
2 1210 454 
2 635 1237 
2 1323 803 
3 830 565 237 
2 1244 995 
2 515 297 
2 1011 1459 
2 63 912 
2 1064 1169 
2 667 1236 
2 535 375 
2 1120 716 
2 303 397 
2 1334 607 
2 921 1292 
2 1050 906 
2 114 43 
3 923 437 1375 
2 359 35 
2 286 91 
2 1440 90 
2 200 1110 
2 343 530 
2 800 542 
2 1406 89 
4 475 996 1200 1314 
4 382 1424 719 94 
2 900 236 
2 421 535 
2 842 296 
3 1101 721 99 
2 927 1100 
2 184 1463 
3 383 27 621 
2 822 780 
2 589 710 
2 1443 1545 
3 483 456 770 
2 1114 527 
2 1055 1316 
2 1435 872 
4 867 766 311 1161 
2 283 1193 
3 1118 1341 1245 
3 822 1404 318 
2 559 1499 
3 956 1026 875 
2 547 1300 
3 461 1276 926 
2 489 1532 
2 360 643 
2 763 975 
2 1309 75 
2 358 309 
2 354 360 
2 1412 339 
2 1279 96 
3 91 1364 125 
3 1260 681 631 
5 1452 418 1041 24 59 
2 1587 242 
4 885 801 241 850 
3 1520 269 1505 
3 1103 1406 541 
2 142 1185 
3 694 1290 1180 
2 1306 327 
2 1307 589 
2 386 466 
2 1272 608 
2 85 913 
2 1194 752 
2 384 790 
2 1299 326 
3 731 139 281 
2 1051 611 
3 1475 246 152 
2 1304 494 
2 179 354 
3 604 1019 45 
2 1520 321 
3 654 578 1511 
2 1537 1146 
2 685 864 
2 830 1342 
2 643 675 
3 1084 94 551 
2 166 1022 
3 1063 107 1163 
2 1444 146 
2 1046 470 
2 977 1299 
3 191 430 164 
3 125 773 763 
2 640 1499 
2 607 1550 
2 30 1138 
4 1088 706 658 261 
2 673 707 
2 1549 124 
2 598 1276 
3 1499 732 813 
2 523 1173 
3 235 1078 500 
2 1054 1013 
2 1127 1011 
2 1364 394 
3 1568 1006 300 
3 301 972 394 
2 1527 883 
2 695 1563 
2 526 652 
2 877 150 
2 1219 758 
3 456 243 1518 
2 1168 891 
2 613 1317 
2 180 1192 
2 669 1357 
2 1328 932 
2 1511 899 
3 790 1043 422 
3 296 281 563 
2 575 155 
3 1174 1298 47 
3 80 287 570 
3 373 1296 877 
3 268 1515 276 
2 298 884 
2 410 705 
2 558 1580 
2 1138 407 
3 908 533 315 
2 1310 234 
2 199 1033 
2 812 112 
2 136 1072 
2 1585 1078 
2 519 770 
3 23 714 379 
3 650 420 308 
3 1501 39 513 
2 309 421 
2 769 449 
2 131 1319 
2 979 577 
3 602 775 1576 
2 569 579 
2 855 841 
3 1574 1461 1350 
2 433 416 
2 531 588 
3 162 1396 216 
4 60 1601 1291 1405 
2 838 145 
2 857 697 
2 151 790 
2 451 167 
2 1251 647 
2 727 1143 
2 652 664 
3 1396 30 1223 
2 844 113 
2 343 441 
2 250 1343 
2 1085 1583 
3 915 614 1067 
4 70 1199 502 999 
2 532 181 
2 1564 694 
3 849 397 207 
3 1522 756 660 
3 1465 1095 1168 
2 624 72 
3 1284 248 522 
3 48 34 168 
2 73 480 
3 744 1313 1102 
2 1255 335 
3 1299 118 861 
2 169 390 
3 982 53 1326 
2 1109 320 
2 736 678 
2 799 1451 
2 14 140 
2 1096 895 
3 1283 1602 605 
2 689 1581 
2 1130 947 
3 521 429 1267 
2 159 1543 
2 282 743 
2 385 1497 
2 502 746 
2 522 74 
2 422 1569 
2 777 1403 
2 16 760 
2 1350 151 
2 681 170 
3 1229 194 1416 
2 9 515 
2 848 483 
2 627 1494 
2 1143 1294 
2 1039 235 
2 1005 1590 
2 37 139 
2 677 1227 
2 8 1546 
2 1462 960 
2 1557 1415 
3 1525 1506 1456 
2 497 1205 
3 224 1189 1237 
2 294 154 
3 337 87 438 
2 918 307 
2 1221 1250 
2 554 1083 
2 1209 693 
2 571 593 
2 266 1535 
2 1415 1093 
2 183 1256 
2 247 108 
2 81 775 
2 1532 1429 
2 25 254 
2 1430 1184 
2 940 232 
2 99 661 
2 446 316 
2 690 1382 
2 476 28 
2 434 130 
2 175 1408 
2 682 385 
2 154 472 
2 28 492 
2 47 518 
2 1019 188 
3 837 1269 290 
2 340 1536 
2 158 1476 
2 780 989 
3 1024 1436 1290 
2 1411 820 
3 1539 1528 1479 
3 1263 995 874 
4 1546 103 531 414 
3 670 12 1125 
2 1514 910 
3 424 582 1402 
2 1456 1117 
3 261 395 1474 
2 190 1449 
3 323 1104 1032 
2 234 546 
2 975 1541 
4 332 314 306 1081 
2 123 648 
3 34 1353 539 
2 1300 565 
2 1590 568 
2 733 979 
2 1115 754 
2 506 436 
2 1240 1048 
4 896 222 93 594 
2 54 1046 
2 322 496 
2 1460 1386 
4 1253 1202 1076 1341 
2 100 284 
3 468 936 63 
2 836 1353 
3 594 1303 501 
2 15 712 
2 1278 464 
3 1409 393 1220 
2 834 735 
2 268 399 
2 833 1137 
2 351 333 
2 486 1198 
2 336 1069 
2 307 683 
2 658 110 
2 808 971 
2 49 1464 
2 592 457 
2 816 239 
2 1366 208 
3 1169 976 1564 
2 1358 1482 
3 775 1192 584 
4 449 1448 1213 266 
2 1548 1516 
3 1062 1337 430 
2 1301 561 
2 1528 460 
2 987 338 
2 863 197 
3 1545 478 1454 
2 131 167 
2 69 218 
2 725 1291 
2 579 1494 
2 314 935 
2 679 291 
2 1207 788 
3 1233 1223 1109 
2 346 850 
2 623 517 
3 299 496 50 
2 1000 819 
2 631 1302 
2 998 1588 
2 543 563 
2 1490 744 
2 1191 804 
2 1316 5 
2 1405 169 
3 402 833 68 
2 1524 768 
2 1428 1556 
2 238 1135 
2 350 313 
2 195 362 
2 22 1480 
3 1242 479 264 
3 1359 720 1029 
3 1594 320 817 
3 1186 737 141 
3 401 619 558 
2 163 280 
2 895 15 
2 24 1166 
2 1016 1345 
2 1485 1568 
2 593 1307 
3 865 281 71 
2 128 2 
2 458 612 
2 1562 1589 
3 454 209 1003 
2 341 1363 
3 866 357 832 
2 1116 1231 
2 1135 85 
3 1203 990 19 
2 1523 1286 
2 949 1560 
2 156 815 
2 1131 894 
3 265 219 1548 
2 533 171 
3 617 1402 826 
2 1566 105 
2 701 1126 
2 297 1522 
2 698 418 
2 953 1097 
2 440 474 
3 86 632 901 
2 565 915 
3 1093 1297 662 
2 520 687 
2 1190 1542 
2 760 288 
2 668 759 
2 906 1336 
3 1504 482 792 
3 987 88 230 
2 193 336 
2 1558 41 
2 1340 101 
3 1273 221 24 
3 1577 1042 911 
2 750 201 
2 1342 406 
2 390 1540 
2 1352 1318 
3 1128 767 582 
2 1541 996 
2 1530 1079 
2 984 193 
2 1486 772 
2 641 1248 
2 467 740 
2 198 114 
2 352 1246 
3 168 604 1585 
2 428 380 
3 149 981 162 
2 1090 1460 
2 633 834 
2 1183 1114 
2 1369 530 
2 1349 918 
2 1378 1085 
2 1271 1490 
2 651 95 
2 1455 723 
2 1057 1080 
2 1208 605 
3 1013 162 1324 
2 825 860 
2 443 1348 
2 132 1554 
2 1217 1349 
3 1436 258 387 
2 888 934 
2 10 630 
2 1386 1320 
2 811 442 
2 1387 631 
2 170 1262 
2 1329 1447 
2 649 1601 
3 1567 1573 679 
2 194 484 
2 1491 606 
2 377 497 
3 278 378 1157 
2 244 185 
3 1155 1369 433 
2 1584 38 
2 642 671 
3 1196 71 282 
3 447 770 686 
3 445 123 627 
3 603 817 602 
2 524 1483 
2 638 1277 
2 1068 50 
2 1344 458 
2 901 844 
2 737 1024 
2 414 353 
2 197 32 
2 225 475 
2 831 64 
3 392 853 1328 
3 215 1495 279 
3 1225 628 696 
3 1326 1432 1329 
3 1268 491 1336 
3 400 1401 1350 
3 134 794 387 
2 1270 224 
2 1371 231 
2 1212 1128 
2 959 1420 
2 793 70 
2 426 1064 
2 1241 257 
2 20 1389 
2 944 1525 
2 395 1099 
2 444 1051 
3 846 1330 1026 
2 771 1362 
2 1414 800 
2 202 649 
2 1593 1160 
2 1354 261 
2 1015 485 
2 1331 896 
3 318 489 754 
2 487 1283 
2 398 1003 
5 352 1081 100 685 1539 
2 1390 573 
2 943 478 
2 1439 212 
2 455 1041 
2 1529 1136 
2 542 950 
2 1521 729 
2 1353 1533 
3 1569 590 1183 
2 1027 637 
2 112 1522 
2 226 526 
2 1347 543 
3 211 466 1141 
3 38 465 449 
2 71 842 
4 459 1010 1555 504 
2 1408 948 
2 300 699 
3 1042 890 1367 
2 1312 679 
2 218 1176 
2 1271 491 
2 938 347 
3 1451 98 540 
2 1293 930 
2 75 462 
2 1079 370 
2 310 1360 
2 133 1042 
2 254 1267 
3 686 199 702 
2 738 521 
3 730 944 1447 
2 284 9 
3 1453 544 1517 
2 1327 998 
2 1433 1187 
4 556 290 1061 223 
3 566 331 76 
2 357 733 
2 772 396 
3 1122 587 332 
2 1404 1249 
3 118 1119 476 
2 1247 698 
2 948 1321 
2 333 887 
2 328 40 
2 1502 1003 
2 411 120 
3 295 907 57 
2 954 1508 
2 721 1310 
2 271 1501 
2 599 1467 
2 405 787 
3 580 1395 540 
3 1148 440 397 
3 40 979 13 
2 148 1272 
2 573 227 
2 160 1 
3 1234 919 546 
2 1457 1178 
2 972 615 
2 108 1181 
3 628 1132 1226 
2 1264 798 
2 26 1108 
2 512 1396 
2 1586 711 
3 44 829 777 
3 1165 1597 315 
2 3 1009 
3 1376 151 785 
2 448 1537 
2 1379 117 
2 407 263 
3 1201 916 1330 
2 1337 903 
2 1335 351 
3 575 1082 560 
2 96 163 
2 713 245 
2 93 1603 
2 976 794 
3 1037 569 882 
2 743 446 
2 1488 1229 
2 934 187 
3 1502 1477 1479 
2 855 1468 
3 277 317 1097 
2 853 161 
3 820 908 802 
2 776 993 
2 364 1030 
2 1047 1487 
3 1591 294 1007 
2 101 806 
2 325 1519 
2 1555 795 
2 1071 796 
2 1483 144 
2 1341 781 
2 1257 862 
2 109 257 
2 472 1224 
2 538 906 
3 1382 754 609 
3 143 1491 197 
2 768 1052 
2 845 669 
2 1113 413 
2 873 1511 
2 1145 202 
2 1250 125 
2 504 374 
3 66 731 350 
3 68 1137 111 
2 1565 1500 
3 292 910 1177 
2 255 1240 
2 1174 848 
3 1177 1149 616 
3 1192 1283 361 
2 1469 1199 
2 269 1354 
3 137 581 1405 
2 646 742 
2 685 1285 
3 1178 1102 1431 
2 1029 1284 
2 177 610 
3 1489 1531 388 
2 636 1107 
3 1003 1309 772 
2 813 1111 
2 893 498 
2 718 1167 
3 1069 644 721 
2 585 556 
2 402 1216 
2 1139 1437 
2 1141 1130 
3 1179 878 928 
2 416 1575 
4 546 463 1113 1395 
4 1006 992 82 1211 
2 1332 1197 
2 1426 619 
2 113 1418 
2 847 1547 
3 228 0 1025 
3 94 1062 1488 
2 1232 1552 
2 321 450 
2 1193 323 
3 1077 1389 323 
2 786 835 
2 369 1424 
2 451 1023 
2 1223 320 
2 1513 1530 
3 1157 1129 1425 
2 1519 583 
2 219 1182 
2 659 11 
2 256 189 
2 245 348 
3 746 1431 222 
2 525 1279 
2 1496 210 
2 501 1131 
2 259 1281 
2 165 666 
2 462 1401 
2 963 1314 
2 723 444 
3 534 140 1507 
2 499 21 
3 1002 348 1145 
2 578 1147 
2 171 516 
3 1188 477 1363 
2 707 1204 
3 1500 546 190 
2 1446 203 
2 326 18 
2 510 1423 
3 1352 238 1261 
3 881 1274 890 
2 246 160 
3 691 496 253 
2 1468 226 
2 11 317 
2 1381 1179 
3 983 1600 1088 
2 926 414 
2 773 1247 
4 680 1333 882 1053 
3 792 753 451 
3 41 145 27 
2 966 1221 
4 647 255 1010 358 
2 464 78 
2 35 977 
2 457 784 
2 692 481 
2 516 1194 
2 941 953 
3 684 930 674 
2 675 445 
2 1356 570 
2 490 37 
3 1471 1184 639 
2 83 147 
2 147 511 
2 1394 4 
3 1365 345 755 
3 709 1369 1475 
2 684 1355 
2 517 654 
2 1547 1056 
2 957 206 
2 111 959 
3 1336 292 1375 
3 53 1542 1177 
3 270 684 1241 
2 274 26 
2 1549 769 
2 976 1142 
2 1348 706 
2 1588 447 
2 276 1206 
2 59 749 
2 1449 580 
3 242 61 1507 
3 1602 765 1458 
3 239 818 118 
2 120 23 
2 544 1392 
3 1149 1237 544 
2 1027 159 
2 986 1441 
2 431 376 
3 913 727 1228 
2 206 788 
2 64 1239 
2 1034 368 
2 494 1134 
3 942 667 984 
2 562 1268 
2 1443 1481 
2 735 119 
2 1126 1002 
2 878 1563 
2 1474 940 
2 761 403 
2 1020 638 
2 404 901 
2 634 554 
2 1259 614 
2 1296 1399 
2 672 1331 
2 1510 520 
3 722 68 1420 
2 477 344 
2 188 34 
2 985 1462 
4 1425 324 701 805 
2 974 55 
2 1295 417 
2 312 642 
3 978 1295 506 
2 1060 538 
2 1458 196 
2 1025 349 
2 1164 1308 
2 243 205 
2 302 1070 
2 417 1118 
2 1302 303 
2 1359 1293 
2 1496 1339 
2 1132 1050 
2 1315 1153 
2 135 6 
2 551 270 
3 1038 933 509 
2 119 1175 
3 363 1489 1377 
2 922 392 
3 1554 680 121 
3 823 774 830 
3 1325 1391 334 
2 1258 870 
3 398 1253 1295 
3 107 81 602 
2 1506 1103 
2 791 22 
3 693 1504 942 
5 356 1384 140 1442 31 
2 1256 381 
2 577 435 
3 328 1470 385 
3 1319 810 849 
2 347 301 
3 113 1368 395 
2 232 982 
2 856 453 
2 1028 319 
2 1239 1591 
2 843 143 
2 1305 1370 
3 697 809 791 
2 548 1210 
3 1214 1091 900 
2 329 1082 
2 58 1055 
2 1189 942 
2 601 592 
2 560 838 
4 647 548 1031 978 
2 471 1208 
2 1368 1116 
2 32 1339 
2 778 957 
2 1211 198 
2 237 551 
2 952 452 
2 973 513 
2 1280 811 
2 186 471 
3 1203 685 978 
2 1112 115 
2 989 1115 
3 1099 653 1432 
2 920 575 
2 648 428 
2 765 1034 
3 939 1599 980 
2 1357 1428 
3 185 1086 1028 
3 256 828 1435 
2 824 365 
2 353 166 
2 1360 174 
2 597 718 
3 1140 152 1498 
3 1220 266 1306 
3 1056 574 411 
2 594 941 
2 155 1106 
2 1575 576 
2 1083 668 
2 453 424 
3 130 1075 33 
3 1461 839 384 
2 1024 898 
2 661 1325 
3 192 413 1089 
2 285 1151 
2 1070 836 
2 925 1212 
2 252 657 
2 480 1582 
2 380 583 
2 1151 540 
2 279 878 
2 1351 1559 
3 474 875 584 
2 499 1109 
2 92 373 
2 437 129 
2 859 411 
2 917 427 
3 1571 67 527 
2 894 572 
2 393 1158 
2 1123 866 
2 427 1275 
2 662 789 
2 1048 1438 
2 1075 240 
2 936 994 
3 342 1517 1303 
3 89 610 131 
2 313 1196 
2 553 1063 
3 34 181 213 
2 214 613 
2 18 1277 
2 13 618 
2 656 1546 
2 1402 443 
2 1150 882 
3 916 182 1443 
2 1289 157 
