2326
0 2962 1635
1 2005 2944
2 4358 1820
3 24 1690
4 1036 486
5 1134 844
6 622 2618
7 3420 4186
8 1638 49
9 2302 3567
10 4345 4977
11 4426 3697
12 4312 1795
13 1318 4473
14 983 2255
15 378 2948
16 2286 258
17 4514 3492
18 382 1627
19 936 3821
20 1331 208
21 2212 1851
22 22 4082
23 439 1627
24 4758 1889
25 3870 5415
26 4589 3147
27 1202 3670
28 1989 3146
29 3154 4229
30 3423 2682
31 4008 2334
32 5017 448
33 2286 512
34 2984 562
35 4785 2478
36 1036 182
37 4106 2275
38 1267 3838
39 3553 1783
40 3378 3214
41 346 1334
42 3870 5066
43 1134 1007
44 3279 3186
45 3323 189
46 577 248
47 378 2913
48 1964 389
49 4348 3957
50 1035 2528
51 5442 2341
52 536 1502
53 1415 3541
54 4127 3367
55 2637 4323
56 744 491
57 4369 3637
58 896 491
59 480 4976
60 346 1329
61 3093 4619
62 2637 4649
63 1269 4985
64 3344 4229
65 1076 4547
66 1036 403
67 2914 344
68 2367 1857
69 2971 1623
70 1607 67
71 3951 2337
72 303 4171
73 2785 4262
74 87 3969
75 281 943
76 236 2830
77 1874 4399
78 1923 3905
79 1230 570
80 1104 2255
81 2351 1946
82 670 3916
83 4986 795
84 2750 384
85 4585 3182
86 4428 -224
87 5389 1774
88 236 2663
89 1066 5001
90 378 3086
91 4138 3147
92 1758 3541
93 3491 3085
94 5012 2773
95 280 846
96 4651 1889
97 3245 3943
98 981 491
99 2229 3595
100 1022 1284
101 1490 2379
102 2022 3923
103 105 4301
104 1787 570
105 37 4657
106 725 2908
107 2986 338
108 74 3969
109 1607 49
110 3807 3
111 3981 -224
112 983 1892
113 755 4093
114 343 4683
115 3441 2710
116 4156 -224
117 378 2834
118 622 2443
119 4872 2478
120 1269 4948
121 758 2618
122 4328 3957
123 1787 563
124 577 196
125 1840 712
126 999 549
127 454 529
128 2691 4741
129 988 4580
130 2424 512
131 1307 4216
132 3011 4161
133 493 529
134 2911 3284
135 4359 1795
136 3029 827
137 26 151
138 1362 2255
139 1373 4563
140 1269 4834
141 2286 411
142 272 3086
143 2011 2944
144 1831 590
145 5442 1981
146 3070 4500
147 83 846
148 1615 2379
149 4581 3671
150 343 4697
151 2911 3334
152 3042 4262
153 983 2302
154 3364 2984
155 3125 799
156 5442 2169
157 1639 4572
158 59 4770
159 4439 2131
160 236 2612
161 1373 4445
162 2351 1982
163 3150 455
164 4543 3671
165 3054 5155
166 3245 3700
167 892 2503
168 4514 3591
169 4785 3147
170 210 3155
171 1176 311
172 4293 2166
173 2637 4607
174 3069 827
175 4081 3049
176 2984 407
177 3510 4795
178 4293 2055
179 4238 2375
180 2022 3967
181 1146 1919
182 3916 5443
183 4439 2265
184 4624 3697
185 3316 4186
186 2658 4262
187 3348 1731
188 1923 3981
189 2147 3196
190 3245 3582
191 37 4604
192 3225 1692
193 3768 3038
194 482 5190
195 3323 244
196 24 1713
197 334 3962
198 1044 4306
199 4652 3957
200 3738 3214
201 1840 579
202 1615 2342
203 105 4217
204 105 4556
205 764 491
206 1351 2374
207 4913 1470
208 1838 1063
209 1445 3541
210 3739 3038
211 3560 1775
212 5389 1708
213 2276 3559
214 3951 2102
215 1390 2995
216 1134 1252
217 2351 1877
218 59 4556
219 1066 1676
220 2317 4519
221 2517 4223
222 1546 2177
223 2276 472
224 2264 512
225 2355 1857
226 4357 1795
227 1787 4349
228 1269 5001
229 4165 5120
230 2906 344
231 363 2084
232 48 2084
233 2076 3146
234 1373 4342
235 3125 553
236 1061 2351
237 281 846
238 745 3007
239 2842 338
240 2022 4083
241 2009 1072
242 729 3007
243 983 1768
244 3553 1838
245 1383 2995
246 4183 2275
247 3951 2406
248 624 3150
249 5442 2085
250 1003 2351
251 3199 5375
252 1838 1073
253 1414 3211
254 2632 384
255 3391 4229
256 4382 4651
257 3620 4954
258 4209 2275
259 3054 4788
260 1267 3700
261 2249 512
262 13 151
263 1002 357
264 340 1526
265 4986 2787
266 396 4115
267 910 2907
268 3423 2710
269 1043 630
270 640 196
271 1036 354
272 1607 142
273 4829 1256
274 323 151
275 3054 5214
276 910 2788
277 1018 1152
278 2804 572
279 3951 2311
280 612 196
281 2873 827
282 483 2428
283 1787 4465
284 4894 1470
285 1838 1091
286 2147 3310
287 1036 488
288 1923 3641
289 105 3969
290 2113 4535
291 1671 198
292 3054 4934
293 438 3155
294 1450 3541
295 1607 94
296 983 1869
297 1587 2379
298 2994 3393
299 1691 387
300 1414 3154
301 1947 3905
302 983 2428
303 -2 151
304 4514 3636
305 4933 2478
306 661 196
307 4624 3861
308 1328 570
309 919 1729
310 3125 806
311 3266 4066
312 4208 3367
313 393 3884
314 2984 473
315 210 3799
316 3364 3040
317 3283 265
318 1691 532
319 3379 5375
320 1036 487
321 228 1627
322 1301 1252
323 1309 3928
324 -64 547
325 1331 488
326 1923 3663
327 1018 949
328 4853 2478
329 728 4093
330 2424 484
331 1036 184
332 988 4514
333 2147 3061
334 3185 1401
335 3955 2413
336 410 4697
337 4214 3321
338 2950 4262
339 3724 2125
340 1326 4473
341 4304 1795
342 5017 280
343 4858 1256
344 290 2774
345 2593 572
346 210 3242
347 3432 1731
348 378 2774
349 1134 711
350 22 4371
351 3420 4066
352 261 4665
353 3282 1447
354 3060 265
355 1840 532
356 5389 1619
357 4785 2477
358 24 1995
359 3125 647
360 346 1578
361 4785 2842
362 1943 4056
363 1002 488
364 2923 3505
365 2286 266
366 4514 3654
367 722 2808
368 3174 3200
369 5017 225
370 3068 4186
371 4436 3697
372 3154 4407
373 1134 863
374 1002 138
375 4772 2107
376 901 3155
377 3106 832
378 948 3526
379 62 2084
380 4509 4367
381 1060 2398
382 1076 4379
383 2986 265
384 1023 1084
385 2288 4458
386 983 2315
387 1018 566
388 1202 4314
389 3540 137
390 2072 2914
391 1126 630
392 3283 4106
393 5442 1831
394 350 3086
395 1018 1084
396 1202 3657
397 1658 135
398 928 5001
399 215 4665
400 482 2355
401 1831 570
402 4094 5443
403 1284 1284
404 3125 649
405 983 2304
406 3282 1682
407 4302 1795
408 639 1502
409 4754 3147
410 3381 3085
411 1766 389
412 4359 1815
413 5442 2066
414 260 3821
415 577 201
416 3213 4106
417 635 4093
418 1658 142
419 1354 4298
420 1116 630
421 2146 4609
422 1269 4648
423 4812 2341
424 445 3884
425 4329 3460
426 3951 2345
427 4466 4309
428 970 5001
429 2911 3297
430 2016 3905
431 281 951
432 3620 4796
433 4341 -224
434 3540 159
435 1134 570
436 4829 1239
437 821 491
438 2696 827
439 3560 1883
440 5389 1685
441 13 846
442 613 5190
443 2160 291
444 1202 3707
445 2517 4168
446 999 4580
447 1036 196
448 2775 384
449 1018 1284
450 2659 4262
451 1269 4657
452 1353 3928
453 393 3155
454 2684 4262
455 1060 2379
456 1494 3541
457 1365 2351
458 5002 1470
459 4362 3460
460 3215 537
461 3293 265
462 1132 3928
463 1434 3275
464 1050 1284
465 4586 1889
466 3245 3935
467 281 1065
468 2500 384
469 670 3884
470 4585 3329
471 24 1733
472 1874 4273
473 1134 891
474 3282 1629
475 711 549
476 2080 3146
477 1169 4400
478 776 3007
479 343 4675
480 983 2272
481 983 2351
482 2637 4556
483 3154 4483
484 1086 2351
485 4757 956
486 3620 4913
487 2984 426
488 4585 3255
489 2147 3475
490 3027 1526
491 3154 4370
492 239 2084
493 1018 1104
494 926 3821
495 2700 4168
496 4460 3957
497 5017 572
498 807 3884
499 948 3489
500 1615 2378
501 3053 3505
502 5214 2341
503 4182 3147
504 -64 643
505 2009 1091
506 4214 3263
507 1007 2639
508 2911 3329
509 4798 2107
510 3620 4777
511 3437 3085
512 5012 2787
513 1267 3928
514 303 4040
515 1018 708
516 3420 4204
517 701 2618
518 2205 1851
519 401 3155
520 2118 3595
521 340 181
522 116 4212
523 3510 4688
524 3234 3200
525 786 5190
526 269 3155
527 4369 3697
528 3993 3049
529 4764 216
530 2767 827
531 1932 3663
532 3951 2381
533 4624 3722
534 254 3086
535 1125 2374
536 748 2618
537 378 3005
538 281 915
539 3323 254
540 715 2808
541 1882 1072
542 194 1627
543 948 3790
544 37 4675
545 4833 2787
546 4585 3233
547 4293 2054
548 242 1627
549 722 5190
550 1264 570
551 1169 4379
552 4858 1427
553 2070 2944
554 1233 4358
555 3870 5263
556 37 4773
557 563 4093
558 116 4405
559 1434 3260
560 3133 4619
561 4785 2850
562 4021 1924
563 2876 4161
564 3225 1635
565 3245 3907
566 2198 1929
567 3294 4106
568 1036 16
569 1375 3892
570 822 3007
571 4812 2229
572 346 1492
573 1044 4418
574 462 1627
575 1039 2374
576 4514 3468
577 1205 4358
578 2403 1851
579 1088 4379
580 4757 879
581 2311 4609
582 4772 1979
583 2147 3317
584 3449 3085
585 1976 1091
586 3150 3584
587 1269 4805
588 223 4665
589 1936 4056
590 1434 3417
591 3054 4779
592 3349 1781
593 1372 2379
594 3392 2932
595 1615 2233
596 85 3969
597 1092 4305
598 5389 1596
599 236 2532
600 1414 3000
601 1779 2944
602 4345 4803
603 2775 4164
604 3090 3200
605 398 3155
606 1331 570
607 1055 3928
608 3951 1924
609 5442 2138
610 4008 2275
611 5442 1894
612 4999 2341
613 340 1512
614 3441 2682
615 2058 3196
616 1414 2995
617 3209 3214
618 4050 2275
619 4165 5223
620 405 4093
621 1838 998
622 2210 4458
623 5006 225
624 4250 4977
625 998 2255
626 4369 3460
627 1176 276
628 2318 4401
629 3198 3393
630 4439 1989
631 20 151
632 5170 2341
633 1076 4490
634 290 2594
635 3154 4255
636 2629 572
637 483 529
638 1044 2528
639 2911 3217
640 1025 1039
641 1689 4572
642 919 1714
643 1923 3961
644 836 3155
645 4942 1470
646 1202 4239
647 878 196
648 2290 1851
649 2265 1851
650 4624 4367
651 4110 5443
652 836 3007
653 2259 4609
654 4439 1971
655 3553 2103
656 3870 5443
657 1018 928
658 3952 5443
659 5131 2341
660 4476 3816
661 346 1448
662 1297 4216
663 4858 1470
664 1373 4216
665 3215 553
666 761 335
667 1338 4298
668 1036 139
669 2153 389
670 1383 2976
671 -64 756
672 2147 3200
673 1134 984
674 3870 5245
675 4668 2415
676 303 4091
677 4345 4656
678 4585 3215
679 236 2566
680 290 2612
681 4173 3367
682 4709 2415
683 2994 3454
684 3054 5329
685 948 4054
686 4757 795
687 480 5145
688 1647 2976
689 4833 2478
690 295 3865
691 3907 3049
692 2002 3196
693 948 3592
694 1094 2255
695 861 5001
696 3364 3085
697 3106 847
698 397 1281
699 3737 3038
700 95 846
701 807 3821
702 3677 159
703 1730 3541
704 1233 4437
705 1018 549
706 843 335
707 295 3862
708 689 549
709 1336 2995
710 5442 2054
711 4126 -224
712 3620 4840
713 3510 4849
714 3560 1888
715 2045 3146
716 2217 1929
717 1434 3356
718 910 2639
719 4571 1156
720 3887 3367
721 1207 2255
722 167 846
723 4621 3671
724 3027 1468
725 4007 -224
726 1134 708
727 4756 3147
728 5389 1532
729 4566 2375
730 3054 5056
731 3194 3690
732 5330 1470
733 3553 1781
734 4887 1470
735 952 2428
736 1106 3928
737 406 529
738 1267 4260
739 2911 3407
740 2998 4161
741 861 5019
742 2490 384
743 3915 3049
744 1607 68
745 1094 3441
746 1693 389
747 3905 5443
748 3245 4066
749 4785 3123
750 910 3155
751 1206 3441
752 443 4697
753 548 529
754 2198 1902
755 3065 827
756 3054 5050
757 3215 455
758 1893 2944
759 1576 198
760 2725 572
761 2453 4401
762 5017 694
763 1816 2944
764 4662 4309
765 654 1558
766 1691 320
767 239 1627
768 4525 1889
769 2517 4367
770 1002 -53
771 3028 1635
772 3027 1501
773 1036 397
774 3093 1468
775 4165 5112
776 2637 4361
777 3348 80
778 397 1324
779 4629 2415
780 2160 389
781 3350 4186
782 624 3073
783 4829 1196
784 2491 4401
785 2286 277
786 1485 2976
787 4829 1245
788 4243 2375
789 4585 3267
790 2639 384
791 5114 2341
792 4622 2415
793 2113 4459
794 4439 2110
795 1607 58
796 1407 2995
797 1002 435
798 4592 4367
799 919 1676
800 4662 4148
801 4476 3953
802 4786 2478
803 5017 640
804 2552 682
805 4008 2413
806 5442 1961
807 4609 1156
808 4215 2313
809 517 3155
810 4757 1028
811 3054 5375
812 3100 4619
813 1018 576
814 4851 2478
815 480 4871
816 4328 3517
817 1373 4568
818 1025 992
819 1018 774
820 482 2084
821 5017 649
822 2998 1635
823 2517 4378
824 3054 4741
825 340 349
826 210 3206
827 1169 4407
828 1365 2374
829 4214 3338
830 2542 4168
831 983 1919
832 1136 1919
833 3252 4066
834 612 1627
835 4703 1100
836 3364 2979
837 2923 3477
838 210 3167
839 3620 4771
840 2262 4609
841 1658 115
842 3201 1401
843 4345 4497
844 5442 2172
845 1269 4832
846 1840 1058
847 812 196
848 3027 1529
849 3150 3668
850 1543 2379
851 341 2774
852 629 3007
853 1219 570
854 4302 1820
855 2799 827
856 1060 2505
857 2661 806
858 -64 846
859 3085 3407
860 -64 248
861 2911 3473
862 4817 1196
863 1691 293
864 1989 3190
865 2147 2862
866 303 2774
867 281 1195
868 482 2428
869 966 491
870 746 5190
871 1377 2255
872 1134 1088
873 3690 3038
874 3441 2932
875 1048 196
876 144 151
877 2554 4168
878 1213 1676
879 4785 2806
880 1267 4247
881 2752 4168
882 303 4048
883 3324 80
884 3154 4280
885 2351 1857
886 3125 589
887 3117 3510
888 4068 3367
889 3225 1777
890 3560 1921
891 1354 4473
892 3053 1468
893 340 403
894 728 3884
895 4165 5148
896 290 2727
897 2984 384
898 3553 2043
899 4800 216
900 2286 434
901 4439 1966
902 350 529
903 4345 4373
904 334 4150
905 3175 1635
906 2552 572
907 3387 4229
908 2637 4265
909 1331 564
910 1134 630
911 1169 335
912 585 1627
913 1202 4323
914 480 4853
915 1495 4572
916 334 3907
917 1528 2379
918 2995 265
919 107 2084
920 3364 3186
921 2833 4161
922 4624 3681
923 4215 2275
924 910 2895
925 988 4545
926 1025 1084
927 3225 1731
928 4514 3460
929 2584 682
930 667 2871
931 1334 4473
932 741 549
933 1217 1676
934 4015 5443
935 1018 630
936 3770 3038
937 354 2774
938 1269 2374
939 1208 2379
940 5442 1895
941 4293 2001
942 2914 3477
943 3947 3049
944 3054 5202
945 1615 2177
946 1724 3541
947 1722 546
948 4058 3367
949 4492 2346
950 4627 1889
951 3125 600
952 1044 2522
953 3282 1731
954 424 1438
955 1620 4572
956 281 1134
957 1466 2225
958 980 2639
959 1076 4580
960 2271 512
961 1169 4580
962 3070 4294
963 3560 3214
964 3154 4438
965 37 4710
966 5017 632
967 4627 1196
968 1190 4216
969 4282 2375
970 1002 355
971 4584 4367
972 1096 2351
973 2278 2834
974 1167 2374
975 4174 -224
976 1658 49
977 3198 3582
978 4578 2415
979 4770 216
980 3154 4619
981 3015 1623
982 2861 4161
983 2198 1851
984 4563 3460
985 4231 2375
986 577 324
987 1217 1807
988 2870 338
989 4624 4309
990 670 3941
991 4812 2266
992 1234 1252
993 1967 3905
994 1840 988
995 3510 5358
996 3622 1977
997 3807 66
998 -64 768
999 650 529
1000 741 491
1001 4703 1156
1002 3620 4859
1003 1970 4401
1004 480 4753
1005 334 3884
1006 1235 2255
1007 343 4134
1008 3125 844
1009 3050 1468
1010 3724 2088
1011 3364 3079
1012 4476 3697
1013 1177 1919
1014 2508 384
1015 2942 572
1016 3627 3214
1017 1691 389
1018 210 3401
1019 3281 3186
1020 3427 1731
1021 397 1432
1022 116 4309
1023 3215 3582
1024 1920 389
1025 4439 2003
1026 4510 1889
1027 1036 84
1028 24 1693
1029 1267 3859
1030 3870 5411
1031 2223 1982
1032 3620 4977
1033 2160 258
1034 948 3570
1035 3887 3214
1036 1331 490
1037 1269 4583
1038 4690 3147
1039 543 2428
1040 4293 2346
1041 667 2939
1042 2860 827
1043 1354 4391
1044 3147 265
1045 2911 3376
1046 4514 1889
1047 295 3857
1048 3215 496
1049 3553 1977
1050 1202 4281
1051 4293 2124
1052 4858 1270
1053 596 1502
1054 4462 3957
1055 5012 2533
1056 779 5190
1057 1680 198
1058 3385 3186
1059 4165 5298
1060 3323 80
1061 3510 5363
1062 2022 3988
1063 1355 2351
1064 340 529
1065 2228 2862
1066 514 529
1067 3627 3085
1068 3325 4186
1069 823 196
1070 1874 4299
1071 815 3821
1072 182 1627
1073 2424 389
1074 3127 265
1075 1018 1186
1076 3870 5308
1077 4868 2787
1078 2984 572
1079 2939 4741
1080 4370 4309
1081 4345 4849
1082 3029 4161
1083 993 335
1084 3443 3085
1085 5442 1829
1086 175 846
1087 644 1502
1088 906 5001
1089 4753 2415
1090 3141 265
1091 3027 1500
1092 5442 2184
1093 3341 4186
1094 2160 311
1095 1076 4477
1096 1267 3616
1097 3644 4977
1098 4328 3617
1099 1217 1755
1100 4703 1104
1101 4585 3460
1102 2661 769
1103 3229 1401
1104 2147 3345
1105 948 3821
1106 4478 1889
1107 2977 1635
1108 3150 3537
1109 1386 3441
1110 2986 455
1111 2956 338
1112 861 5100
1113 4601 4367
1114 2113 4458
1115 2517 4173
1116 3005 3494
1117 3976 5443
1118 4165 4977
1119 1029 2351
1120 1373 4525
1121 1020 2528
1122 749 3007
1123 1136 3928
1124 2072 2930
1125 736 549
1126 1434 3441
1127 4955 2341
1128 24 1803
1129 1058 196
1130 281 1239
1131 1018 879
1132 713 2618
1133 3186 3200
1134 2377 512
1135 1134 4281
1136 -64 461
1137 1607 50
1138 3245 4027
1139 1840 1005
1140 3070 4600
1141 1373 4518
1142 1562 3541
1143 1134 592
1144 1466 2177
1145 836 3077
1146 2286 292
1147 281 1071
1148 1134 4305
1149 3054 4746
1150 3085 3298
1151 3106 1468
1152 59 4614
1153 340 1472
1154 2986 344
1155 4293 2234
1156 3054 4981
1157 1354 4346
1158 3053 3510
1159 223 4171
1160 2147 3146
1161 1414 3105
1162 948 3659
1163 4757 841
1164 4554 216
1165 3628 3038
1166 3627 3182
1167 1059 335
1168 4345 4496
1169 4812 2107
1170 2984 428
1171 480 4697
1172 5012 2645
1173 1722 4572
1174 4945 2787
1175 1687 3541
1176 2920 4262
1177 4226 4977
1178 1104 2374
1179 4293 1924
1180 3887 3257
1181 1018 992
1182 2166 4401
1183 389 4115
1184 1920 4401
1185 892 2618
1186 233 3155
1187 506 3155
1188 1658 123
1189 3123 860
1190 3323 251
1191 254 2830
1192 59 4775
1193 2893 572
1194 2517 4395
1195 290 2565
1196 263 3086
1197 4165 5060
1198 334 4133
1199 334 3998
1200 2517 4193
1201 1398 3441
1202 4439 2269
1203 4328 3829
1204 1267 4216
1205 910 2732
1206 3870 5258
1207 1076 2374
1208 983 1729
1209 4837 795
1210 254 3084
1211 624 3007
1212 890 4093
1213 3627 3164
1214 3070 4267
1215 37 4673
1216 4081 3054
1217 254 2944
1218 708 2618
1219 2986 309
1220 2994 3494
1221 1122 4379
1222 948 3505
1223 3846 3049
1224 2702 4741
1225 1332 4216
1226 2022 3595
1227 1838 979
1228 4785 2848
1229 4146 1924
1230 1331 558
1231 1331 229
1232 1838 834
1233 2147 3278
1234 1267 3880
1235 3245 3905
1236 1018 795
1237 1202 4216
1238 3053 4741
1239 1607 126
1240 3887 3303
1241 1974 3905
1242 334 4072
1243 4428 -139
1244 2317 4609
1245 858 2618
1246 1331 304
1247 415 4697
1248 624 3155
1249 2147 3360
1250 4571 1196
1251 4174 3367
1252 1380 3541
1253 3854 4977
1254 2195 2834
1255 3282 1590
1256 2637 4741
1257 4337 4977
1258 1794 4273
1259 1062 4580
1260 1036 367
1261 4081 3147
1262 1691 198
1263 897 335
1264 3198 3420
1265 4328 3891
1266 577 329
1267 1217 1852
1268 861 5027
1269 281 1045
1270 1787 4572
1271 4165 5443
1272 217 151
1273 3187 5375
1274 1691 256
1275 2217 1851
1276 2661 682
1277 2480 4401
1278 5442 2251
1279 3081 3494
1280 1466 2255
1281 116 4345
1282 4476 3915
1283 3752 159
1284 281 1133
1285 3184 3668
1286 4785 2415
1287 343 4115
1288 1874 4333
1289 322 3155
1290 482 2258
1291 3620 4933
1292 670 3939
1293 2249 258
1294 1312 4216
1295 457 4093
1296 877 4093
1297 2986 297
1298 2795 4262
1299 346 1455
1300 2842 344
1301 3194 3668
1302 3215 546
1303 3054 5300
1304 1267 4298
1305 1336 2976
1306 4757 1196
1307 1838 1087
1308 2994 3244
1309 22 4077
1310 3597 4688
1311 281 1255
1312 1002 149
1313 460 4093
1314 457 3155
1315 3106 827
1316 447 2084
1317 2994 3397
1318 3510 5359
1319 1134 4216
1320 4624 3671
1321 1018 1278
1322 1923 4051
1323 3566 3214
1324 397 1438
1325 2683 4168
1326 4086 -224
1327 1838 1014
1328 667 2845
1329 3154 4534
1330 1331 198
1331 1923 3936
1332 1787 4466
1333 2637 4498
1334 4382 4632
1335 405 4115
1336 210 3255
1337 5079 2341
1338 3077 4619
1339 1375 3822
1340 5017 506
1341 4368 4309
1342 4566 2379
1343 1375 3541
1344 3807 -224
1345 1923 4056
1346 4347 -224
1347 4345 4829
1348 2892 827
1349 4440 3697
1350 1043 4580
1351 2147 3211
1352 2911 3419
1353 116 4488
1354 236 2792
1355 809 2618
1356 1373 4369
1357 3758 4977
1358 1355 3441
1359 2833 572
1360 4293 2259
1361 590 3884
1362 254 3025
1363 3673 3214
1364 229 1627
1365 3282 1451
1366 983 1863
1367 2317 4545
1368 4439 2181
1369 193 846
1370 4662 4142
1371 2204 2862
1372 2273 3559
1373 4815 2341
1374 4958 216
1375 4969 216
1376 2449 4401
1377 2351 1912
1378 3420 4093
1379 1076 4383
1380 3085 3494
1381 1193 3441
1382 5017 373
1383 4662 3957
1384 4874 2341
1385 4629 1889
1386 3039 827
1387 1071 2379
1388 211 4665
1389 3027 1494
1390 1892 3541
1391 3647 159
1392 725 2808
1393 5017 604
1394 536 1459
1395 979 5001
1396 4215 2364
1397 1414 3068
1398 1002 335
1399 2160 384
1400 4368 3957
1401 2994 3433
1402 4566 2396
1403 5389 1609
1404 4439 2203
1405 1036 169
1406 3668 2125
1407 480 4980
1408 394 4115
1409 1043 2255
1410 1134 1018
1411 3620 4888
1412 4644 4309
1413 1202 4264
1414 1926 1072
1415 577 312
1416 4214 3367
1417 4345 4309
1418 4812 2294
1419 4624 3754
1420 3054 5072
1421 4312 1820
1422 3194 3706
1423 2214 4609
1424 671 335
1425 4345 4857
1426 4514 3671
1427 2923 3488
1428 3520 80
1429 220 3821
1430 2637 4574
1431 1874 4395
1432 1267 4276
1433 1923 3909
1434 105 4058
1435 4428 -51
1436 3161 1401
1437 3797 3049
1438 1615 2251
1439 4439 2104
1440 1267 2379
1441 5212 2341
1442 1269 4661
1443 3827 4977
1444 115 2084
1445 1036 351
1446 2806 4262
1447 3441 2705
1448 4972 795
1449 1267 3910
1450 2378 4401
1451 1874 4386
1452 482 2091
1453 3478 80
1454 2517 4383
1455 3106 1442
1456 4214 3147
1457 3027 1623
1458 3302 4186
1459 340 155
1460 1169 4412
1461 3234 3186
1462 852 491
1463 480 5190
1464 5149 1470
1465 1202 3928
1466 729 335
1467 358 4115
1468 482 2408
1469 2817 827
1470 5442 1982
1471 3070 4619
1472 4785 2979
1473 631 335
1474 3282 1409
1475 59 4726
1476 334 4171
1477 611 3884
1478 346 1556
1479 3229 4106
1480 3620 4781
1481 3553 1893
1482 210 3165
1483 1202 4358
1484 2266 1982
1485 848 2618
1486 2364 1857
1487 2661 827
1488 3294 5375
1489 3085 3209
1490 3179 1401
1491 3025 4741
1492 1002 69
1493 5017 656
1494 3046 3494
1495 2022 3905
1496 -58 151
1497 3809 3049
1498 2317 4543
1499 254 3046
1500 1414 3027
1501 3907 5443
1502 1865 3541
1503 1060 2404
1504 132 151
1505 5017 291
1506 254 2831
1507 -64 309
1508 1874 4367
1509 4468 4309
1510 4775 1196
1511 1774 546
1512 2351 1978
1513 667 2808
1514 4514 3587
1515 1699 389
1516 1036 -81
1517 210 3586
1518 3898 5443
1519 5389 1829
1520 981 549
1521 2223 1929
1522 3343 4229
1523 1176 245
1524 4023 3367
1525 1365 2995
1526 4428 -24
1527 3290 1781
1528 3475 80
1529 215 151
1530 210 3441
1531 4384 3697
1532 1354 4372
1533 983 2374
1534 1923 3541
1535 482 2135
1536 5017 301
1537 3560 1810
1538 3510 5163
1539 4527 3460
1540 1399 198
1541 237 4171
1542 105 4246
1543 4293 2029
1544 254 2952
1545 3632 1977
1546 2238 3559
1547 1134 1104
1548 2775 4168
1549 1647 2944
1550 3501 80
1551 897 196
1552 4586 2415
1553 3378 80
1554 922 196
1555 622 2499
1556 3387 4066
1557 3553 1921
1558 116 4526
1559 2994 3200
1560 948 3807
1561 945 491
1562 1823 4273
1563 995 4456
1564 4812 2136
1565 1324 1252
1566 4293 2293
1567 4439 1953
1568 3553 2081
1569 2351 1873
1570 3282 1485
1571 116 4172
1572 116 4665
1573 842 196
1574 346 1498
1575 1413 198
1576 4566 2348
1577 2562 4168
1578 2111 389
1579 984 2255
1580 948 4093
1581 2775 4161
1582 2937 572
1583 5078 1470
1584 47 1627
1585 1331 242
1586 3870 5135
1587 340 419
1588 1002 17
1589 2984 481
1590 290 2743
1591 948 3750
1592 4617 216
1593 4471 2346
1594 432 2084
1595 3282 1582
1596 1860 4273
1597 116 4171
1598 1973 4137
1599 1217 1770
1600 983 1811
1601 1060 2439
1602 4439 2346
1603 4624 3876
1604 2022 3645
1605 3054 5298
1606 1217 1691
1607 667 3007
1608 1269 4879
1609 4585 3202
1610 1989 3153
1611 1176 209
1612 1460 198
1613 3282 1471
1614 941 3988
1615 3054 5322
1616 4345 4818
1617 2227 3559
1618 1937 2944
1619 24 2084
1620 1036 3928
1621 1838 1084
1622 2086 3146
1623 397 529
1624 4618 216
1625 3054 4931
1626 4293 1985
1627 1314 1284
1628 397 1239
1629 1354 4403
1630 1267 3822
1631 2795 384
1632 3807 76
1633 1002 2255
1634 1060 2485
1635 2022 3631
1636 105 4524
1637 2637 4608
1638 1607 131
1639 356 1255
1640 1685 3541
1641 3770 3049
1642 4056 2275
1643 2144 4458
1644 266 151
1645 1767 4572
1646 1269 4881
1647 1076 4507
1648 1125 196
1649 1298 2351
1650 3553 2125
1651 3267 4106
1652 3724 1977
1653 2080 2834
1654 670 4093
1655 2289 1982
1656 210 3399
1657 38 151
1658 105 4356
1659 1044 4456
1660 2424 481
1661 2911 3200
1662 4104 1924
1663 2403 1857
1664 3665 159
1665 4662 4295
1666 1072 2255
1667 2072 2944
1668 3394 3214
1669 4429 4309
1670 1375 3649
1671 1615 2294
1672 22 4525
1673 4035 -224
1674 1392 4572
1675 3154 4231
1676 1610 142
1677 2402 1851
1678 3951 2321
1679 1163 1284
1680 378 2945
1681 2868 344
1682 3149 1635
1683 2292 4401
1684 2962 1623
1685 3301 265
1686 4585 3360
1687 3198 3424
1688 2271 2834
1689 3125 860
1690 1217 1808
1691 4497 1889
1692 3441 2947
1693 2994 3484
1694 326 1627
1695 290 2456
1696 2147 3546
1697 2424 384
1698 3870 5307
1699 2022 4137
1700 620 335
1701 5017 459
1702 3012 4741
1703 3323 82
1704 4439 2205
1705 845 196
1706 1020 2639
1707 4811 2107
1708 2318 4456
1709 4101 5443
1710 4214 3316
1711 3215 507
1712 1226 3441
1713 22 4556
1714 948 3720
1715 340 1627
1716 510 1627
1717 236 2465
1718 3106 860
1719 1375 3780
1720 4680 1889
1721 1134 722
1722 520 529
1723 2424 502
1724 1253 5001
1725 4932 2478
1726 1874 4401
1727 1047 5001
1728 1134 1019
1729 498 5190
1730 3510 4806
1731 2264 4609
1732 22 3969
1733 2945 4161
1734 1923 3609
1735 236 2456
1736 623 4093
1737 3245 3602
1738 3041 4262
1739 3802 4977
1740 3073 4619
1741 3510 5088
1742 2278 2862
1743 3671 3038
1744 939 196
1745 3541 1781
1746 4514 3668
1747 1402 4572
1748 4476 3957
1749 4624 3957
1750 105 4158
1751 3085 3368
1752 281 1059
1753 1840 1072
1754 3502 80
1755 3951 2050
1756 2989 4262
1757 4428 -163
1758 4858 1392
1759 1024 2255
1760 951 491
1761 3510 5338
1762 4566 2415
1763 1331 377
1764 3095 3200
1765 1787 4286
1766 3627 3186
1767 61 1627
1768 1373 4572
1769 650 549
1770 4214 3289
1771 3441 3038
1772 1176 335
1773 1187 3441
1774 5017 566
1775 5442 1956
1776 619 3884
1777 1034 1919
1778 1801 570
1779 4328 3714
1780 938 196
1781 3887 3253
1782 378 2806
1783 3620 4688
1784 4428 216
1785 1657 142
1786 3182 1635
1787 3150 3510
1788 3870 5158
1789 3364 2983
1790 3029 4186
1791 4185 4977
1792 1838 1029
1793 295 3884
1794 220 3836
1795 1267 3918
1796 1117 2379
1797 5410 1829
1798 4293 2071
1799 1373 4422
1800 4008 2391
1801 1833 532
1802 2113 4474
1803 2160 350
1804 5442 1983
1805 1943 3663
1806 2362 4401
1807 1233 4375
1808 892 3821
1809 954 335
1810 919 1695
1811 1792 532
1812 3184 553
1813 37 4556
1814 1134 601
1815 210 3601
1816 2286 301
1817 -64 319
1818 2911 3477
1819 250 3155
1820 948 3780
1821 3620 4925
1822 3198 3214
1823 1134 1229
1824 3198 4106
1825 1076 4435
1826 5389 1470
1827 4772 1889
1828 654 1502
1829 2318 4519
1830 -31 846
1831 356 1239
1832 3413 5375
1833 463 2084
1834 3225 1685
1835 2286 308
1836 4165 5143
1837 256 151
1838 3070 4262
1839 303 4052
1840 -64 421
1841 536 1438
1842 1202 3680
1843 236 2555
1844 1414 3019
1845 892 2524
1846 1020 2569
1847 3080 265
1848 2637 4713
1849 3364 3036
1850 3386 3214
1851 941 3928
1852 1498 2177
1853 3994 -224
1854 2024 3595
1855 469 2084
1856 1269 4863
1857 4382 4656
1858 1831 746
1859 1989 3196
1860 861 5063
1861 4008 2380
1862 4165 5067
1863 2258 3559
1864 1375 3928
1865 1018 1233
1866 1134 1102
1867 3870 5363
1868 1143 4379
1869 4357 1820
1870 3364 2932
1871 3420 4229
1872 3807 -151
1873 3125 763
1874 654 1627
1875 480 4902
1876 736 3007
1877 105 4007
1878 1324 1262
1879 2022 3947
1880 1840 745
1881 340 1510
1882 4566 2346
1883 1018 1240
1884 1025 1080
1885 2286 350
1886 1647 2947
1887 3177 553
1888 2637 4262
1889 3870 5119
1890 3553 1920
1891 1360 2379
1892 3245 3768
1893 1069 4580
1894 1176 196
1895 1270 1252
1896 236 2590
1897 4932 2787
1898 2022 4112
1899 3070 3494
1900 1343 2374
1901 3054 4894
1902 4785 2442
1903 3807 -50
1904 2911 3247
1905 125 151
1906 2153 4401
1907 904 2428
1908 2261 472
1909 948 3632
1910 1002 30
1911 728 3901
1912 1174 2255
1913 577 335
1914 2293 1982
1915 3870 4977
1916 3242 3214
1917 303 4072
1918 3724 2110
1919 4008 2279
1920 2160 281
1921 260 3924
1922 1248 2351
1923 4076 -224
1924 5017 485
1925 4801 795
1926 1972 3905
1927 4282 2346
1928 3282 1726
1929 3286 1731
1930 3951 2413
1931 3889 3367
1932 197 4171
1933 3148 455
1934 4345 4793
1935 22 4072
1936 948 3441
1937 3887 3343
1938 4345 4540
1939 1077 2351
1940 1084 708
1941 5012 2508
1942 4439 1974
1943 1018 1154
1944 3553 2098
1945 997 2639
1946 3282 1468
1947 4345 4817
1948 2517 4349
1949 2318 4493
1950 -48 151
1951 3085 3345
1952 4913 2787
1953 1336 2978
1954 4001 -224
1955 3198 3404
1956 1267 3846
1957 4098 3147
1958 1176 217
1959 596 4093
1960 3807 -108
1961 3054 5219
1962 2302 3559
1963 4008 2351
1964 725 2840
1965 670 4091
1966 536 1480
1967 4724 1889
1968 1670 3541
1969 2302 3595
1970 2249 1982
1971 4164 2275
1972 2022 3628
1973 1607 130
1974 295 3821
1975 2987 265
1976 1615 2280
1977 4293 2280
1978 1033 2528
1979 924 2428
1980 210 3396
1981 536 1487
1982 1202 3633
1983 4439 2190
1984 105 4363
1985 1718 3541
1986 4324 -224
1987 4783 795
1988 2072 2834
1989 105 4500
1990 343 4171
1991 3125 801
1992 378 3062
1993 2887 344
1994 622 2535
1995 2064 3196
1996 4428 101
1997 1691 369
1998 579 5190
1999 1840 820
2000 3027 1482
2001 3807 159
2002 3494 3186
2003 3401 1731
2004 2146 3595
2005 4785 2955
2006 1269 4580
2007 861 5143
2008 1233 4408
2009 4924 795
2010 3510 5375
2011 2022 3663
2012 4439 2183
2013 1202 3777
2014 1169 4549
2015 374 4697
2016 4328 3864
2017 1049 3441
2018 1267 3869
2019 4571 1176
2020 725 2882
2021 482 2292
2022 4812 2163
2023 4476 4309
2024 2986 376
2025 3510 4708
2026 1324 1284
2027 1174 196
2028 3807 21
2029 3590 3214
2030 728 4041
2031 1967 4401
2032 1711 546
2033 892 2563
2034 4428 4
2035 836 3116
2036 3510 4998
2037 4359 1820
2038 1217 1919
2039 3282 1401
2040 2113 4588
2041 5442 1833
2042 753 3007
2043 577 293
2044 177 151
2045 493 3884
2046 -64 507
2047 3807 -120
2048 1681 198
2049 1059 630
2050 378 2778
2051 1134 1182
2052 4158 5443
2053 670 4055
2054 983 1879
2055 3523 1781
2056 5196 2341
2057 3106 1401
2058 3959 2413
2059 2113 4609
2060 1831 834
2061 4936 2787
2062 1202 3574
2063 105 4148
2064 -64 153
2065 500 1438
2066 2700 4741
2067 3620 4890
2068 1909 389
2069 3054 4852
2070 1787 546
2071 340 151
2072 340 332
2073 1970 4056
2074 3102 265
2075 37 4762
2076 4831 2787
2077 919 196
2078 3553 1872
2079 5012 2772
2080 3809 4977
2081 1002 -81
2082 220 3924
2083 3678 159
2084 3194 4106
2085 4414 3957
2086 303 4000
2087 5017 556
2088 2113 4463
2089 5325 1470
2090 892 2489
2091 579 196
2092 3250 4106
2093 4345 4887
2094 3070 4596
2095 2147 3137
2096 1065 5001
2097 1134 1051
2098 2529 4168
2099 725 3007
2100 1787 4273
2101 5017 795
2102 4400 -224
2103 -64 151
2104 343 4665
2105 108 1627
2106 1134 4301
2107 1036 447
2108 1787 4511
2109 2249 472
2110 5389 1761
2111 910 2917
2112 4942 2341
2113 1327 2374
2114 2592 682
2115 3150 3511
2116 983 3928
2117 2937 3505
2118 1414 3260
2119 24 1627
2120 3154 4485
2121 4214 3281
2122 3553 2003
2123 1176 226
2124 3162 1401
2125 622 2428
2126 2962 3200
2127 3282 1622
2128 5005 2478
2129 3420 4106
2130 5389 1562
2131 297 151
2132 1938 1072
2133 3870 5279
2134 3037 1635
2135 3031 3494
2136 1095 5001
2137 3435 3085
2138 2637 4726
2139 1036 335
2140 1018 599
2141 985 549
2142 4961 2478
2143 883 335
2144 2457 384
2145 4464 216
2146 4874 1470
2147 4293 2032
2148 1036 96
2149 1018 1117
2150 1018 892
2151 3724 2035
2152 2999 1635
2153 4476 4367
2154 4585 3147
2155 -35 151
2156 1143 570
2157 2147 3559
2158 290 2680
2159 3035 1635
2160 4963 2341
2161 303 3884
2162 861 5190
2163 1787 4311
2164 2062 3196
2165 983 1904
2166 941 4045
2167 3870 5254
2168 471 529
2169 1365 2364
2170 3400 1781
2171 988 4456
2172 340 1267
2173 1691 546
2174 3085 3200
2175 2030 389
2176 2292 4451
2177 2286 420
2178 334 3954
2179 370 2084
2180 2751 572
2181 254 3055
2182 202 2084
2183 3616 3214
2184 37 4775
2185 2193 3595
2186 480 5041
2187 667 2852
2188 1336 2379
2189 4213 3367
2190 4081 1924
2191 2994 3212
2192 105 4098
2193 1373 4415
2194 4670 3147
2195 2292 4458
2196 3560 1767
2197 2517 4401
2198 1044 4305
2199 861 5062
2200 1002 196
2201 4577 1196
2202 3245 3687
2203 1044 2505
2204 1233 4473
2205 3225 1781
2206 3540 80
2207 910 3056
2208 3870 5109
2209 1080 2351
2210 3627 3158
2211 2994 3207
2212 1002 -11
2213 4785 2787
2214 1267 3574
2215 2819 4262
2216 1217 1831
2217 622 2473
2218 2147 4401
2219 3455 1781
2220 1940 1072
2221 210 3287
2222 546 5190
2223 4306 1795
2224 2363 1857
2225 2933 3200
2226 290 2578
2227 2260 258
2228 892 2428
2229 2968 4741
2230 59 4557
2231 4256 4977
2232 1973 4133
2233 2424 448
2234 728 3976
2235 983 1744
2236 397 1399
2237 1530 2976
2238 3190 4229
2239 2975 827
2240 346 1267
2241 3267 3214
2242 4328 3460
2243 3873 5443
2244 576 3884
2245 728 4064
2246 5012 2478
2247 957 2428
2248 664 4093
2249 4703 1028
2250 3245 3673
2251 1910 4401
2252 462 3884
2253 1036 362
2254 741 508
2255 622 2504
2256 1515 198
2257 1924 2944
2258 210 3821
2259 4935 216
2260 343 4119
2261 622 2491
2262 4165 5440
2263 4266 -224
2264 3323 265
2265 1134 4226
2266 4215 2375
2267 1044 4334
2268 1696 546
2269 4235 4977
2270 4008 2338
2271 2805 572
2272 2147 3039
2273 553 4093
2274 340 1380
2275 3528 1731
2276 2911 3433
2277 2286 472
2278 3714 2125
2279 3054 4815
2280 3207 5375
2281 4619 4367
2282 948 3442
2283 105 3993
2284 3560 1731
2285 4969 225
2286 4293 2277
2287 5389 1752
2288 4439 1969
2289 236 2573
2290 5266 2341
2291 3027 1553
2292 3315 3214
2293 303 3937
2294 4382 4540
2295 346 1450
2296 612 1502
2297 1140 4379
2298 948 4045
2299 1114 335
2300 1515 2379
2301 1606 2177
2302 -64 781
2303 650 530
2304 4327 4977
2305 4662 4299
2306 4585 3320
2307 2243 4401
2308 532 3884
2309 2407 512
2310 1989 3160
2311 4402 3697
2312 1973 4056
2313 285 1627
2314 1644 3541
2315 346 1627
2316 4253 -224
2317 3620 4752
2318 480 4971
2319 1060 2487
2320 4439 1889
2321 -64 713
2322 3618 3214
2323 1039 335
2324 3247 4186
2325 5315 2341
3 1107 578 1684 
2 143 1618 
3 2037 1179 1869 
2 1028 2119 
2 320 2107 
2 373 1721 
3 517 348 1994 
3 516 781 2129 
2 976 109 
2 1969 1962 
4 2262 1257 2093 650 
2 371 2311 
2 226 2223 
2 340 2204 
3 1579 480 831 
2 537 1680 
5 239 1697 365 2227 841 
2 1514 576 
2 23 2315 
2 1105 494 
2 1231 1330 
2 1275 518 
2 350 1309 
3 574 18 52 
2 1827 1967 
3 402 2010 1030 
2 2194 2154 
2 1842 396 
3 715 1610 688 
3 2238 1675 1790 
3 614 268 162 
2 2270 1919 
2 1701 1382 
2 1134 960 
3 1078 1589 1110 
3 802 2213 357 
2 331 1405 
2 1971 1642 
2 1956 1630 
2 244 733 
2 1850 2292 
2 661 60 
2 2208 1915 
2 1410 673 
2 1019 1461 
2 195 1703 
2 2043 415 
3 1211 1680 117 
2 2175 1024 
3 1400 122 527 
2 638 1978 
2 764 1278 
3 1053 23 1981 
2 209 1252 
2 681 888 
2 776 908 
2 205 1000 
2 527 626 
2 1561 1462 
2 1407 2318 
2 41 2240 
2 812 1338 
2 1848 1637 
3 228 120 1256 
2 907 1522 
2 959 1647 
2 2107 773 
2 1154 230 
2 1663 1486 
2 981 1684 
3 383 744 795 
2 426 1678 
3 1476 1541 676 
2 1298 454 
2 289 596 
2 431 538 
3 1191 170 1354 
2 1726 1431 
3 301 1433 326 
3 550 853 909 
2 1912 694 
2 1512 1377 
2 1292 469 
2 2101 1448 
2 448 790 
2 1609 2154 
3 369 1757 2102 
2 1519 2110 
2 1354 160 
2 2136 2096 
3 809 394 1992 
2 503 1957 
2 1502 703 
2 1067 584 
2 512 2079 
2 237 1369 
2 1720 1385 
2 1138 466 
3 705 869 363 
2 1969 2185 
3 464 1828 449 
3 2300 593 828 
2 1879 1495 
2 1658 1542 
3 1778 606 123 
2 1215 191 
2 2099 2020 
3 1154 1111 1219 
2 596 1732 
3 8 1137 1516 
2 2028 1903 
2 1853 1344 
2 2165 2054 
2 1296 329 
2 150 479 
3 874 268 1447 
2 975 711 
2 47 1782 
2 2217 2125 
2 1725 328 
2 63 1646 
2 1355 536 
3 49 351 1265 
2 104 2070 
3 2091 415 2071 
2 1880 201 
2 705 2141 
2 2168 737 
2 2066 1256 
3 446 1171 925 
3 906 2309 1723 
2 1294 662 
2 1082 740 
2 1066 637 
2 429 1904 
3 412 226 663 
2 1386 2239 
2 1657 631 
2 871 1006 
2 817 1120 
2 1856 845 
2 2177 1885 
2 394 1196 
2 553 1 
2 1858 401 
2 1470 806 
2 2094 962 
2 700 441 
3 1988 297 500 
2 723 164 
3 2015 1475 114 
2 1045 508 
2 1838 1738 
2 405 480 
2 1849 1789 
2 1991 1873 
2 844 609 
2 641 955 
2 1192 1475 
2 1368 794 
2 88 1896 
2 1141 1799 
3 30 1914 1512 
2 757 1933 
2 149 1426 
2 944 1420 
2 1892 2202 
3 1121 1845 2090 
2 304 1514 
4 1383 727 749 512 
3 1482 289 76 
2 1772 627 
3 1155 923 1051 
2 1637 1430 
2 1315 755 
3 1216 528 1762 
2 487 897 
2 1730 2025 
2 1798 547 
3 788 985 1927 
2 1062 1879 
2 1013 832 
2 658 1501 
2 1202 1704 
2 533 922 
2 1068 1458 
2 450 1888 
2 2003 1929 
2 1322 643 
3 672 1995 1160 
3 1737 1023 720 
2 105 1813 
2 927 1834 
2 936 210 
2 1729 1463 
2 1190 45 
2 471 1028 
2 1199 2178 
2 2267 2198 
2 1383 1749 
2 1035 1363 
2 125 355 
2 500 1671 
2 1542 1750 
3 1572 218 1636 
2 437 56 
2 828 1900 
2 645 284 
2 252 1792 
2 294 53 
2 193 699 
2 1537 2196 
2 2287 440 
2 1962 1372 
2 279 1755 
2 796 245 
3 992 464 1823 
3 1377 1521 1569 
3 204 2230 1813 
2 878 799 
3 1829 1498 2195 
2 1948 1200 
2 2301 1852 
2 2277 1908 
2 960 261 
2 2224 885 
2 135 12 
2 283 2163 
3 275 1724 63 
2 1836 775 
2 67 1993 
2 2179 492 
2 379 1619 
2 476 715 
2 1356 664 
3 1887 886 1110 
2 1939 1119 
3 538 95 1064 
2 1122 1876 
3 988 1300 16 
2 1898 1062 
4 505 2220 804 1487 
2 1876 2099 
2 1600 2235 
2 2078 39 
2 215 1525 
2 258 1971 
2 1930 532 
2 1248 782 
2 609 413 
2 1119 481 
2 2280 1273 
2 1621 208 
2 2118 300 
2 790 1014 
2 1871 907 
2 1857 1334 
2 1032 1291 
2 923 246 
2 2279 591 
2 1630 1096 
3 224 355 2109 
2 631 303 
2 797 970 
2 1715 613 
2 512 1174 
2 1335 1408 
2 2111 924 
3 115 973 30 
2 2049 935 
2 306 280 
2 2253 1445 
3 1676 1894 1638 
3 343 2284 787 
2 2071 2131 
3 1961 228 944 
2 924 1205 
2 1943 2149 
2 2271 2180 
2 1678 214 
2 270 2091 
2 1348 1042 
2 1039 868 
2 1332 227 
2 207 734 
3 585 2026 1307 
2 583 1233 
3 435 705 320 
2 326 1734 
3 2283 74 170 
2 2040 1802 
2 1057 759 
2 1156 1625 
2 1314 519 
2 456 209 
2 1239 744 
2 2054 1366 
2 148 850 
2 1317 1308 
2 1017 1997 
2 253 1161 
2 993 78 
3 2203 2247 1533 
2 262 2155 
2 366 168 
2 2142 1725 
2 847 270 
2 1603 1419 
2 606 550 
3 1208 820 642 
2 1008 1991 
2 1556 833 
2 2189 1251 
2 424 1005 
2 1589 1170 
2 2258 1815 
2 1011 1849 
2 461 1044 
2 2173 1017 
2 1832 1488 
2 287 4 
2 1364 542 
2 1565 1895 
2 452 513 
2 504 2046 
3 1036 1772 1763 
3 531 78 288 
2 1181 657 
2 119 814 
2 113 1654 
2 1723 1660 
2 447 36 
2 925 2171 
2 2095 2272 
2 842 1490 
2 2058 1930 
2 1247 2015 
2 829 1710 
2 1756 1176 
3 426 2278 1918 
2 931 13 
2 2223 407 
2 1505 369 
3 1052 273 2101 
3 866 1191 1590 
2 636 906 
2 1336 826 
2 2275 1020 
3 2050 937 6 
2 1721 726 
2 1672 22 
3 1378 1556 122 
2 2104 588 
2 1365 1474 
2 1847 918 
3 201 1801 261 
3 440 1827 1403 
2 35 1902 
2 1619 1128 
2 404 951 
2 2315 1478 
2 1228 879 
2 2073 589 
3 705 98 797 
4 2117 982 1427 1220 
2 785 16 
2 1746 304 
2 1392 540 
3 1133 1764 1461 
5 1826 342 623 1375 86 
2 2324 1790 
2 1349 11 
2 964 491 
2 473 5 
2 1312 1492 
3 509 1882 582 
2 750 644 
2 697 1315 
2 1034 1222 
2 919 232 
2 971 2153 
2 1503 455 
3 579 1379 2198 
3 1975 1297 70 
2 926 395 
2 2195 622 
2 481 405 
2 813 705 
2 913 1050 
2 434 2206 
2 1124 1988 
3 910 1940 420 
2 567 1651 
2 2041 1085 
2 90 142 
3 384 493 1181 
2 27 1982 
2 418 1188 
2 428 1088 
2 588 1388 
2 1468 2021 
3 144 1778 1801 
3 1709 934 25 
2 1627 1679 
3 1873 1315 359 
2 386 153 
2 1928 474 
3 341 854 2196 
2 1087 2296 
3 727 1320 1038 
2 2137 696 
2 2068 1515 
2 2037 135 
2 249 710 
2 1974 1429 
2 46 124 
3 1479 1824 748 
2 2248 1736 
3 1262 1785 397 
3 1157 667 664 
2 391 2049 
2 1423 2059 
2 451 1037 
3 1373 1286 1418 
2 2252 313 
2 459 2242 
3 532 339 71 
2 1509 1669 
2 1395 398 
2 508 134 
2 1495 1241 
3 1831 1269 75 
2 712 1480 
3 1346 1872 1986 
3 1391 1190 389 
3 2156 1143 287 
2 787 783 
2 1462 205 
2 530 1487 
2 714 1537 
2 212 356 
2 147 1830 
2 549 1998 
2 1094 1920 
2 2013 1842 
3 2098 1115 1699 
2 1350 129 
4 875 2200 1312 331 
2 1631 84 
3 100 1841 1321 
2 454 186 
2 1442 422 
2 1864 323 
2 605 1289 
2 73 450 
3 1387 381 1533 
2 1142 294 
3 2169 1063 1280 
2 1583 645 
2 626 425 
2 1302 1711 
2 1685 317 
3 1123 2298 736 
2 717 559 
3 1679 100 216 
2 950 768 
2 97 565 
2 1147 1752 
3 1014 742 1300 
3 894 82 1776 
2 1686 2306 
2 1128 196 
4 1070 1596 1345 1598 
2 673 373 
2 406 2127 
2 1125 708 
2 1622 233 
2 827 551 
2 570 2042 
2 114 2104 
2 153 14 
3 250 1533 386 
3 1430 2197 1333 
2 2120 964 
2 972 2209 
3 810 2264 580 
2 1821 2067 
2 1170 176 
2 789 546 
2 1696 1249 
2 848 772 
2 372 884 
2 231 2182 
2 2149 395 
3 19 498 1808 
2 881 1325 
2 1054 2085 
3 1393 2285 1774 
3 1851 894 494 
3 2062 1222 2282 
2 148 202 
3 1158 2117 1279 
2 2290 1441 
2 1456 91 
2 2321 324 
4 1684 983 585 241 
2 2121 1456 
2 1706 1945 
2 151 429 
2 1707 375 
2 1480 839 
2 1084 2137 
4 169 265 94 2325 
3 323 1465 1795 
2 882 2086 
2 819 935 
2 1871 7 
2 1218 6 
2 21 983 
2 293 605 
3 2004 1854 2157 
2 2072 1459 
2 1022 1571 
3 1310 2025 980 
3 1850 1133 1019 
2 2162 1056 
2 1289 1819 
3 1531 49 57 
2 175 943 
2 979 1624 
2 855 438 
2 1805 326 
2 247 426 
2 1419 184 
3 1196 1186 1210 
2 974 1178 
2 121 1132 
2 1992 15 
2 75 237 
2 2264 1190 
2 367 1513 
2 1414 1753 
3 321 1072 1311 
2 1560 1820 
2 965 1215 
2 1077 2076 
2 488 678 
2 178 2147 
2 2313 767 
2 870 442 
2 308 79 
3 477 1868 1483 
2 663 1758 
2 1667 143 
3 1807 577 1304 
2 2133 1206 
3 1192 2184 2075 
2 1959 2273 
2 1353 1281 
3 463 2118 2310 
2 980 812 
2 2005 1228 
2 2190 608 
3 1733 982 849 
3 1834 1786 1255 
2 466 1235 
3 716 945 754 
2 2129 392 
2 1027 1516 
2 1864 1339 
2 652 478 
2 991 2022 
2 1574 1299 
2 1659 2267 
2 1716 23 
2 1207 1533 
2 17 928 
2 554 1483 
4 1663 1677 0 2205 
2 1221 382 
2 485 1163 
2 1244 1731 
2 375 1827 
2 1104 286 
2 93 1084 
2 505 285 
2 849 1108 
2 845 1442 
2 352 399 
2 362 1345 
2 1126 717 
2 259 1149 
2 2170 1527 
2 101 1891 
2 874 1870 
2 1438 945 
2 74 108 
2 1148 2198 
2 1403 2130 
2 1843 1717 
2 1844 616 
2 763 1549 
2 1947 1934 
2 1548 1581 
2 1764 2174 
2 519 453 
2 104 308 
2 736 1620 
4 562 1755 1652 854 
2 156 249 
3 618 1919 1755 
2 940 2041 
2 1337 2160 
2 264 1881 
3 1447 30 1650 
2 2164 692 
3 600 796 2237 
2 1916 1822 
2 1642 610 
2 1059 895 
3 1295 1335 1005 
2 1327 1227 
2 385 1643 
2 369 2285 
2 2231 2269 
2 1633 1579 
3 928 57 459 
2 171 1523 
3 1806 1708 1683 
2 1955 1822 
2 1025 1942 
2 137 262 
3 2056 2246 659 
2 1647 1095 
2 680 2226 
3 884 1838 1675 
2 760 345 
2 133 2168 
3 1305 50 952 
2 1904 1661 
2 1884 818 
2 1173 157 
2 309 1810 
2 188 1331 
3 376 1248 2035 
2 458 207 
2 1413 1237 
2 1551 1705 
2 1677 649 
3 648 885 1275 
3 10 2281 764 
2 2052 1709 
3 1145 570 1205 
2 840 1423 
2 1942 2288 
3 1650 1944 996 
2 2243 1463 
2 327 2150 
2 1117 182 
2 632 791 
2 1282 1012 
2 2295 41 
2 131 1204 
3 2146 135 552 
4 234 419 1225 1864 
3 2249 1812 1302 
2 706 1466 
2 419 1304 
2 1405 2148 
2 780 1578 
2 786 1305 
2 998 2321 
2 1351 189 
2 43 473 
2 2167 1788 
2 682 779 
3 72 1921 1917 
2 1934 1938 
2 546 1609 
2 2289 1843 
2 2158 634 
2 1251 54 
2 1089 675 
2 1693 1401 
3 1273 2162 1615 
2 1580 2298 
3 1987 1163 1784 
3 1729 1192 2186 
3 28 2237 1886 
2 814 802 
2 1793 707 
2 743 1223 
3 615 1226 1859 
2 1909 1034 
2 80 1666 
3 1088 741 815 
3 410 1461 1011 
2 1718 377 
2 778 1628 
2 210 873 
2 722 147 
2 1071 1974 
2 2083 1664 
2 92 946 
2 2204 2008 
5 387 126 98 363 287 
2 2143 666 
2 690 1047 
2 475 1769 
4 1525 1712 1706 1953 
2 413 1804 
2 116 1326 
2 1002 432 
2 2036 1730 
2 890 439 
2 233 28 
2 1521 566 
2 590 463 
3 958 1205 1185 
3 807 2019 1689 
3 1931 190 1937 
2 1006 1912 
2 1086 700 
3 1320 149 1101 
3 1009 2000 1042 
2 1673 1954 
2 349 910 
2 169 409 
2 2130 1826 
3 1342 969 1576 
2 1420 756 
2 1422 1301 
2 1826 2089 
3 39 1745 2196 
2 284 2146 
2 2247 1979 
2 462 607 
2 127 1623 
2 1432 880 
2 1352 1045 
2 132 1733 
2 1268 695 
2 468 2144 
3 943 691 805 
3 841 295 70 
2 1773 2017 
2 1515 1017 
2 1501 1518 
3 833 416 1138 
2 169 1472 
3 1936 376 2207 
2 1712 1381 
2 1171 1247 
2 999 1722 
2 566 983 
2 174 1386 
2 730 1156 
3 1048 163 1685 
2 2257 763 
2 291 2256 
2 2180 636 
2 1277 1376 
2 2101 1493 
2 758 601 
5 1271 650 1412 2305 51 
2 1874 1828 
2 1997 863 
2 548 1364 
2 465 1046 
2 823 1948 
2 2212 2081 
2 2159 2152 
2 490 1091 
2 66 1260 
2 1151 892 
2 229 1862 
2 1333 55 
2 1553 883 
2 2236 698 
2 675 792 
3 2109 669 1399 
2 7 1093 
2 248 1211 
3 436 862 2009 
2 2197 1277 
2 1146 365 
2 2237 670 
2 273 436 
2 969 179 
2 2306 488 
2 84 254 
2 659 1337 
2 779 1552 
2 2088 1114 
2 159 1439 
2 70 1137 
2 616 215 
2 363 263 
2 1113 971 
3 219 1810 1874 
2 1665 1370 
2 1748 1282 
2 689 35 
2 821 966 
3 929 241 906 
4 743 2058 1800 2266 
2 145 1775 
2 1001 719 
2 1396 923 
3 1248 1187 90 
3 1306 2249 485 
3 1273 2243 870 
2 560 61 
2 2140 387 
2 328 689 
3 695 1875 914 
2 1098 2242 
2 1768 139 
3 640 2150 1940 
2 1236 515 
3 1452 1855 309 
2 1493 803 
2 2152 1107 
2 1454 769 
3 1149 1238 1471 
2 893 2072 
2 346 838 
2 1460 477 
3 101 206 2169 
2 1416 337 
2 877 2098 
3 1777 14 2165 
2 181 1777 
2 311 748 
2 1874 912 
2 1100 2249 
2 1789 1870 
3 1427 942 2126 
3 826 1482 1186 
2 510 2317 
2 1731 653 
3 16 1188 744 
2 1103 334 
2 1938 1168 
3 1092 2325 156 
2 140 587 
2 1753 1139 
2 1069 306 
2 2291 490 
3 1285 563 586 
2 297 917 
2 937 866 
2 1607 1211 
2 79 2156 
3 1421 608 407 
2 1469 530 
3 1549 2203 2319 
2 1487 1102 
2 1713 2302 
2 1380 1751 
2 1507 2064 
2 1818 2276 
2 783 1510 
2 766 1274 
2 1859 2310 
3 1371 2272 1988 
2 851 344 
2 1130 956 
3 282 1695 1468 
2 98 1760 
3 1056 811 549 
2 1280 138 
2 1866 2097 
2 699 1743 
3 1692 594 115 
2 1129 447 
2 2044 1504 
2 1577 830 
2 933 219 
2 361 2213 
2 738 1204 
2 1548 495 
2 1839 514 
2 777 1060 
2 491 635 
3 225 1569 649 
2 951 235 
3 1787 1158 1380 
2 54 948 
2 2205 927 
3 996 1557 714 
3 1120 931 1629 
2 774 1009 
2 1587 825 
3 498 1911 469 
2 619 1836 
2 1590 2158 
3 176 1631 1154 
2 1568 2122 
2 2259 979 
2 2277 2177 
2 2288 1567 
2 1623 1064 
4 2294 1168 1783 1417 
2 1476 1198 
2 1786 1682 
3 345 804 130 
2 255 64 
2 55 1888 
3 79 1230 2173 
3 726 391 1814 
2 1772 2299 
2 834 1716 
3 1483 1148 388 
2 815 1004 
2 955 1747 
2 2178 1005 
2 850 2300 
2 354 1975 
2 1444 379 
2 1058 1019 
2 982 1581 
2 184 1320 
3 808 258 172 
2 267 276 
2 129 332 
3 2051 384 1884 
2 889 192 
3 1539 576 626 
2 2114 804 
2 1041 2187 
2 891 340 
2 1520 1125 
3 1606 878 2026 
2 402 1117 
3 269 515 2140 
3 1641 193 1930 
2 348 851 
2 2113 974 
2 1440 1796 
2 1775 611 
2 1543 1626 
2 837 1818 
2 528 743 
2 275 165 
3 595 2301 566 
2 703 1985 
2 1511 2032 
2 888 1524 
2 1882 1593 
2 1385 465 
2 359 886 
2 638 2203 
3 1929 2205 1928 
2 2065 1324 
2 157 915 
2 867 1284 
2 1280 1144 
2 1945 718 
3 961 1893 65 
2 33 224 
3 2006 959 2014 
2 146 1214 
2 1323 1668 
2 483 372 
2 2075 544 
2 803 1393 
2 1306 2201 
2 1237 1319 
2 729 788 
2 263 1398 
2 798 380 
2 1922 484 
3 1742 1688 268 
2 938 535 
2 2316 116 
3 1060 8 1872 
3 1023 1301 1687 
2 1552 1762 
2 899 529 
3 523 560 1329 
2 1457 69 
4 563 921 364 1158 
3 518 754 505 
2 1101 1539 
2 179 2266 
2 1266 1415 
2 1690 1599 
2 1111 239 
2 1412 2023 
2 2053 1292 
2 1418 571 
2 1895 216 
2 1926 301 
2 1139 1999 
2 1318 1761 
3 1545 655 890 
2 1632 2028 
2 2302 671 
3 2303 753 2254 
3 56 2254 1473 
3 1306 807 1100 
2 1411 712 
2 2218 2031 
2 914 1171 
4 313 620 916 2161 
2 138 721 
3 2171 1990 2260 
2 1689 310 
2 892 724 
2 1918 2151 
2 696 316 
3 660 1349 1426 
2 2038 181 
2 254 468 
2 1078 1582 
2 1363 2322 
4 746 1811 318 299 
2 1530 1656 
3 920 524 44 
2 347 2003 
2 1324 2236 
2 1281 522 
2 190 977 
2 48 2068 
2 1439 630 
2 1046 1691 
2 2148 568 
2 196 3 
2 2018 1956 
2 25 1867 
3 1970 1653 1521 
3 1097 1061 257 
3 1293 1920 1262 
2 693 378 
3 1781 200 1261 
2 1230 325 
2 422 2006 
2 409 2194 
2 2125 282 
3 1602 1927 1566 
2 1607 930 
3 281 724 1469 
2 1629 1532 
2 317 1090 
2 739 151 
2 768 1026 
2 707 1974 
2 1711 757 
2 2122 1557 
2 388 1413 
2 172 1798 
2 1758 343 
2 2296 52 
2 1748 496 
2 1172 1941 
2 525 870 
2 2048 291 
2 2002 920 
2 2262 619 
3 883 1703 976 
3 2010 1318 1032 
2 240 180 
2 457 1649 
3 902 237 1587 
3 1742 1661 1371 
2 1722 133 
3 2210 93 1641 
2 1093 185 
2 1573 847 
2 1288 472 
2 1808 701 
2 542 2105 
2 2233 1697 
2 1090 2074 
2 1865 1943 
2 1867 1698 
2 1952 545 
3 1386 1015 34 
2 2229 1224 
2 1669 1341 
2 1425 1347 
3 1458 132 2084 
2 1398 1809 
2 584 511 
3 393 1797 1826 
2 1369 722 
2 1828 408 
2 398 695 
2 1286 682 
2 1044 1074 
2 772 1389 
2 1278 844 
2 781 1068 
2 1803 443 
2 633 1825 
2 260 2214 
2 1357 1032 
2 1779 816 
2 1599 1606 
2 1001 835 
3 723 984 1686 
2 857 1276 
2 2039 842 
2 1249 583 
3 1123 19 1560 
2 1691 2320 
2 822 0 
2 586 2115 
2 1201 1358 
4 1933 235 34 2024 
2 107 988 
2 2007 1860 
2 2281 798 
3 1643 793 2031 
2 1200 445 
2 2135 1220 
2 934 658 
3 1791 1197 1915 
2 236 250 
3 139 891 1141 
3 1978 1846 167 
2 2042 238 
3 1465 462 1105 
2 1667 390 
2 932 475 
3 1968 1201 590 
2 2160 2112 
2 358 471 
2 1648 875 
2 1311 867 
2 2150 1236 
2 536 1218 
2 524 368 
2 2309 33 
2 2106 2265 
2 2046 1840 
2 795 109 
2 748 97 
2 846 994 
2 1471 2094 
2 1120 161 
2 2314 456 
2 1814 435 
3 1852 957 2038 
2 2035 652 
2 1816 785 
2 1284 467 
3 913 597 2106 
2 591 824 
2 1951 1489 
3 1570 774 1455 
2 1475 2230 
2 1881 2274 
4 2024 897 67 107 
2 1360 172 
2 756 292 
2 1532 419 
3 887 982 501 
2 1541 1932 
4 189 1622 1667 2095 
2 300 1397 
2 1714 1909 
2 580 686 
2 1592 2145 
2 1743 1771 
2 1766 1213 
2 2299 2323 
2 843 903 
3 1564 1707 1519 
2 314 487 
3 1004 752 129 
2 2079 1055 
2 1645 641 
2 265 2061 
2 1985 1640 
2 338 2215 
2 2269 1791 
2 535 1207 
3 1626 1229 2 
2 1240 1781 
2 395 327 
2 2307 1906 
2 1408 1467 
2 2031 2251 
4 718 1392 1245 2033 
3 1819 838 534 
2 809 1314 
2 397 841 
2 1689 1718 
3 539 195 434 
3 1506 76 344 
3 687 556 158 
2 1582 1359 
2 2197 1454 
2 2226 1695 
2 142 534 
2 1862 1118 
2 904 1242 
2 1242 197 
3 1888 221 1115 
2 1126 1109 
2 1602 183 
2 2016 1779 
3 662 880 1237 
3 276 652 718 
2 555 2167 
2 1178 575 
3 2235 309 1606 
2 2009 1925 
2 534 2181 
3 852 782 47 
2 1580 1296 
2 1166 2210 
2 962 1838 
2 544 105 
2 1261 175 
2 1544 1506 
2 1132 517 
2 107 1297 
3 1116 364 1693 
2 2297 579 
2 378 499 
2 691 1497 
2 1079 2066 
2 664 1294 
3 1854 1972 692 
2 621 1232 
2 561 361 
2 1179 1662 
2 909 1036 
2 1585 20 
3 1227 2060 1880 
2 286 1351 
2 1449 2018 
2 565 1892 
2 1131 819 
3 1204 646 968 
2 824 1491 
2 1973 295 
2 1937 1180 
2 430 1926 
3 1287 1198 1199 
2 1435 1757 
3 1848 581 1367 
2 1185 1485 
2 1763 1585 
2 752 336 
3 644 809 248 
2 489 1104 
3 2201 2039 2019 
2 312 681 
2 53 1343 
2 1915 1443 
2 1688 1653 
3 2127 564 1595 
3 128 63 2138 
2 10 2304 
2 1562 2100 
2 1893 1350 
2 773 2253 
3 1957 1035 1216 
4 1033 1274 2048 418 
2 1809 2143 
2 1687 1955 
2 122 2016 
2 1913 986 
2 2038 2216 
2 2199 741 
2 1752 431 
3 2040 1645 2108 
3 2052 2262 764 
2 1837 1529 
3 251 811 684 
2 863 1262 
2 649 21 
3 1102 2114 1359 
2 784 761 
2 51 1092 
3 1380 501 1899 
4 457 871 957 2301 
2 558 1022 
2 801 660 
2 2001 2083 
2 956 1147 
2 1301 849 
3 1902 1089 423 
3 1467 2260 1242 
2 1508 1070 
2 453 526 
2 2021 1535 
2 257 1821 
2 990 82 
2 2227 1033 
2 1225 131 
2 1313 620 
2 1212 113 
2 1219 383 
2 1446 73 
2 572 2295 
3 1681 468 239 
3 731 1285 977 
2 665 460 
2 1615 1605 
3 667 554 1432 
3 670 1953 638 
4 1510 967 1001 810 
2 285 1621 
2 298 2191 
2 22 1935 
2 1783 523 
3 2172 542 1130 
3 447 2071 374 
2 2273 1295 
2 1187 293 
3 377 174 404 
2 1833 1594 
2 1401 298 
2 1061 995 
3 968 2265 1580 
3 922 723 409 
2 449 1883 
2 1345 188 
2 2029 963 
3 954 1478 1021 
2 495 1577 
2 711 1923 
2 1792 621 
2 2187 1513 
2 980 2120 
3 1540 20 1894 
2 643 1433 
2 2108 283 
2 482 776 
2 256 2294 
3 2198 266 620 
2 2221 346 
2 791 612 
2 61 1740 
2 569 1719 
2 2087 1924 
2 1080 1417 
2 1402 729 
4 1252 1670 2214 2282 
2 111 2081 
3 589 472 1322 
2 2102 433 
2 1081 1616 
2 2239 281 
2 1012 371 
2 1259 446 
2 1233 672 
2 2276 739 
2 1558 558 
2 76 88 
2 1485 121 
2 2193 234 
2 1739 1097 
3 1109 1712 2118 
3 1193 1276 2271 
2 2286 1155 
2 1477 2244 
2 1499 1544 
3 200 1016 1766 
2 767 321 
2 1946 353 
2 296 1600 
2 1244 1498 
2 2012 159 
2 95 1086 
2 800 1383 
2 1065 865 
2 213 1863 
2 1384 423 
2 1375 2259 
3 369 1374 2034 
2 761 1450 
2 81 217 
2 2129 351 
2 1825 382 
3 887 1279 859 
2 751 1773 
2 32 1536 
3 1370 199 169 
2 2112 1373 
2 96 950 
3 755 136 1078 
2 1796 455 
2 399 1572 
2 1091 2000 
2 1534 1502 
2 1664 434 
3 1964 367 1185 
2 966 497 
2 1966 1841 
2 1727 428 
2 2266 808 
2 1161 1500 
3 2139 970 1083 
2 780 1803 
2 2085 49 
2 683 1317 
2 1762 1342 
2 356 598 
2 1704 1983 
2 36 668 
2 2278 1650 
2 2186 59 
2 266 1183 
2 1666 1759 
2 1728 43 
2 2067 1002 
2 764 989 
2 1050 646 
2 2132 541 
2 986 2043 
3 2242 2189 829 
3 1341 903 1871 
2 423 991 
2 307 533 
2 165 730 
2 1869 854 
2 2084 731 
2 653 421 
2 1466 1473 
2 2093 1081 
3 164 1012 1746 
2 364 837 
2 2206 1754 
3 414 1794 2258 
2 173 482 
2 77 1451 
2 1304 738 
2 1331 78 
2 2192 1877 
2 1526 1243 
2 2124 2057 
2 1497 1641 
2 1976 595 
2 794 1025 
2 2188 939 
2 502 2056 
2 587 451 
2 1253 2080 
2 2182 919 
2 271 2139 
2 2215 1298 
2 115 614 
2 83 2009 
2 1795 1234 
2 1376 1806 
2 1431 1508 
2 1535 820 
2 1550 1528 
2 1194 823 
2 1151 2057 
3 2154 506 503 
3 2134 981 2291 
3 185 2324 1082 
2 521 2071 
2 2014 827 
3 44 368 696 
2 58 437 
3 194 656 2184 
3 2089 1583 2101 
3 513 1123 2013 
2 666 1424 
2 1183 1287 
2 868 400 
2 1042 855 
2 1804 145 
3 1740 824 1140 
2 749 2005 
3 1424 1000 1700 
2 353 2039 
4 158 1152 1572 150 
3 2104 72 904 
2 1776 1361 
3 360 1574 1324 
2 2092 416 
2 432 510 
2 1890 2078 
2 838 170 
3 577 551 913 
2 1655 1970 
2 1245 1355 
2 68 2224 
3 438 241 857 
2 319 2280 
2 1150 2174 
2 334 2124 
2 1238 1702 
2 374 1910 
2 762 821 
2 1899 2135 
3 102 430 2011 
2 1950 2103 
2 1223 1437 
2 1367 220 
2 2181 1362 
2 1397 1844 
2 182 747 
2 1390 92 
2 1601 381 
2 876 1905 
2 1536 342 
2 1217 1191 
2 1817 860 
2 1451 1288 
3 2023 2294 427 
2 862 1306 
2 2070 947 
2 162 81 
3 540 1328 1782 
2 168 17 
2 411 746 
4 109 568 2081 2263 
2 1815 1530 
2 747 2243 
3 1797 1169 87 
2 2141 932 
3 1031 716 217 
2 64 2238 
2 627 2123 
2 948 1931 
2 245 709 
2 2034 1435 
2 592 2205 
2 1453 1553 
2 1272 2044 
2 1517 1018 
2 2311 527 
2 1043 1157 
4 575 455 302 481 
3 1734 1390 1859 
2 1290 1452 
2 1382 1505 
2 439 211 
2 1761 1741 
2 984 928 
2 1575 1330 
2 72 1159 
2 103 203 
2 2147 941 
2 1362 1217 
2 1652 996 
2 1863 1617 
2 2051 1866 
3 1790 881 603 
3 601 1886 856 
2 1754 1453 
2 2077 647 
2 792 978 
2 1528 777 
2 1780 2077 
2 2255 2261 
2 351 311 
3 890 1049 1890 
2 1572 1353 
3 2174 2211 2126 
2 1105 543 
2 1760 58 
2 1596 1258 
2 1659 2171 
2 2022 1169 
3 1878 322 2060 
3 1040 1927 1977 
2 901 2320 
3 1944 1663 898 
2 217 885 
3 1595 1151 1613 
2 522 1597 
4 1388 1475 204 1558 
2 1705 1069 
2 1478 572 
2 1612 1540 
2 729 1882 
2 1325 877 
2 669 2175 
2 625 14 
3 1319 1212 685 
3 921 603 1969 
2 1015 1193 
2 1464 458 
2 1767 2119 
2 1246 1231 
2 1788 1889 
3 1064 893 1913 
2 1910 2212 
2 34 314 
2 344 896 
2 1820 1714 
2 1624 1164 
2 949 1602 
2 1316 2179 
2 1255 1570 
2 472 1562 
3 1932 1571 1750 
3 1699 472 2232 
2 987 1099 
2 1366 243 
2 1634 1503 
3 1593 1040 1202 
2 1749 307 
2 2011 1635 
2 1303 1961 
3 1099 1208 933 
3 2099 852 1041 
3 1646 1856 2059 
2 678 85 
2 2310 28 
2 1958 1894 
2 2256 1575 
2 1570 1946 
2 2166 1851 
2 684 1303 
2 1347 1947 
2 1546 2157 
2 1 2257 
4 232 1735 1732 358 
2 607 2116 
3 1307 252 1753 
2 1160 476 
2 737 902 
2 529 1592 
2 292 1901 
2 941 1179 
2 2026 403 
4 698 1639 1831 1769 
2 891 1043 
2 38 260 
2 897 448 
2 2001 997 
2 1759 625 
2 2319 1601 
2 1604 1972 
2 204 1989 
3 62 1829 173 
2 272 1973 
3 2240 1831 1628 
2 1175 1968 
3 1437 1067 936 
2 37 618 
2 622 1114 
2 2131 1837 
2 1270 1173 
2 120 1608 
3 65 1659 633 
2 2027 1129 
2 1063 1922 
3 1406 614 655 
2 392 2092 
3 2151 1545 608 
3 1254 1988 1031 
3 329 2248 1965 
2 1914 1484 
2 1018 1980 
2 1905 137 
2 1984 103 
3 1647 1563 573 
2 330 2233 
3 2225 639 1065 
2 1229 2190 
3 1568 68 578 
2 702 1391 
2 2305 800 
2 694 1409 
3 1160 553 1124 
2 963 1850 
2 427 1080 
2 1719 1343 
2 202 1976 
3 1813 1713 350 
2 1923 725 
2 1747 1768 
2 635 29 
2 1785 272 
2 578 648 
2 71 279 
2 403 464 
2 15 47 
2 1993 1300 
2 905 2134 
3 628 2176 2307 
3 69 0 505 
3 2264 757 461 
2 1101 470 
2 977 1264 
2 973 1254 
3 719 1189 1008 
2 2216 987 
2 1026 1106 
2 1771 874 
2 1220 683 
2 1715 2313 
3 1195 1735 868 
2 2157 489 
3 2144 1073 16 
2 1076 2133 
3 445 1598 1898 
2 1473 1913 
2 1924 32 
2 1491 2229 
2 45 1060 
2 183 1404 
2 647 1573 
3 709 507 1846 
2 1169 509 
2 1949 628 
2 651 402 
2 337 1770 
2 460 1048 
3 1358 751 709 
3 2184 858 1672 
2 1591 1162 
3 2315 1694 264 
2 912 574 
2 599 1735 
3 1189 2057 697 
2 1339 1670 
2 1967 96 
2 5 349 
2 753 1066 
3 130 2277 330 
2 228 2136 
2 305 119 
3 2251 2108 77 
2 2096 1395 
2 2097 1410 
3 2222 194 687 
2 713 177 
2 581 840 
4 108 1935 1840 1619 
2 740 563 
2 288 1534 
3 1695 1717 1619 
2 417 1959 
2 2250 190 
2 152 1756 
2 2080 1357 
2 1338 1471 
2 1538 2036 
3 1870 1065 973 
2 873 1165 
2 2200 1780 
2 733 2055 
2 1426 366 
2 915 1674 
3 1749 1054 801 
3 199 1748 1603 
3 1597 203 2063 
2 859 1951 
2 467 1269 
3 541 1621 846 
2 1428 1550 
3 610 214 608 
2 1738 338 
2 1243 86 
2 552 1052 
2 1409 1633 
2 869 1561 
2 995 1538 
3 978 175 1402 
2 325 1246 
2 368 604 
2 2163 2100 
3 1363 2002 1166 
2 2105 1584 
3 1674 2006 817 
3 708 1628 2303 
2 1710 2121 
3 1165 2137 1692 
3 325 911 171 
2 1381 745 
2 497 2087 
2 806 940 
2 469 1477 
2 832 831 
2 401 104 
2 1203 1098 
2 1744 1554 
2 1180 1035 
3 1513 117 2050 
3 2317 1310 903 
4 2145 686 2001 1996 
2 418 1676 
2 564 905 
3 2115 887 1955 
2 674 1586 
2 154 836 
3 370 29 1548 
2 1177 1118 
2 208 1327 
3 2161 1921 690 
2 2082 1429 
2 513 1449 
2 939 1387 
2 1085 1519 
2 1051 178 
2 161 2193 
2 805 1861 
3 355 401 1811 
2 290 2088 
2 1399 1094 
2 710 1470 
2 2011 531 
2 1450 628 
2 2008 554 
2 494 1071 
2 1083 1263 
2 642 799 
3 1801 2070 1017 
2 665 1887 
3 218 191 1672 
2 910 1143 
2 315 1517 
2 1835 1146 
2 1840 1507 
3 942 1962 861 
2 526 1186 
2 543 1591 
2 1291 486 
3 617 629 2174 
2 216 2051 
2 416 2084 
2 1095 1379 
4 1085 728 732 369 
3 582 24 356 
3 765 1087 100 
3 1637 220 1949 
3 441 2119 1840 
3 1628 1639 431 
2 2010 319 
2 1855 1316 
2 192 564 
2 1885 1816 
2 895 229 
2 1644 1272 
3 1214 152 635 
2 1917 882 
4 1830 1732 1136 1817 
3 1394 2065 449 
2 444 27 
2 679 599 
2 1500 600 
2 2033 167 
2 1706 1121 
2 2074 354 
3 2138 1244 62 
2 316 154 
3 1668 40 524 
3 2116 1614 498 
2 222 1144 
2 1954 111 
2 520 1226 
2 820 1833 
2 1608 140 
3 1947 256 2153 
2 2060 144 
3 692 1534 864 
2 1112 2199 
2 1800 1963 
2 775 1197 
2 1372 1546 
4 2100 664 452 569 
2 1883 1075 
2 1547 872 
2 1030 1076 
2 551 2297 
2 2 1421 
3 594 836 1742 
3 1417 255 516 
3 2047 976 433 
2 155 404 
3 799 834 765 
2 2318 815 
2 238 242 
3 1434 2283 2082 
2 2026 1565 
3 180 2312 102 
3 1999 1232 125 
2 613 1153 
3 1576 949 375 
2 1321 1865 
2 926 640 
2 141 1835 
2 688 1549 
2 1812 235 
3 186 908 1200 
2 1586 2208 
2 1557 1481 
2 593 2188 
2 1235 166 
2 959 1259 
4 1330 1611 2027 272 
2 322 992 
2 160 2289 
2 2061 1952 
2 1699 240 
2 1279 1494 
2 206 2113 
2 1625 2069 
2 357 1286 
2 110 1960 
2 134 639 
2 1504 1657 
2 1182 2218 
2 1979 2228 
2 223 2109 
2 1162 693 
2 1492 1588 
2 2234 894 
2 721 80 
3 1700 1587 1266 
2 162 1655 
3 1118 42 1253 
2 2241 617 
2 676 1839 
2 339 1010 
2 31 610 
2 443 1033 
3 676 2082 1793 
2 1649 972 
2 1326 1673 
2 1340 1701 
2 1209 1987 
2 1241 993 
3 1040 179 1566 
2 953 406 
2 187 953 
3 335 936 247 
2 1524 720 
2 1159 1597 
2 163 1110 
2 602 677 
2 1309 1732 
3 2017 2282 750 
2 720 1240 
2 677 843 
2 2209 236 
3 818 2049 391 
2 1055 2246 
2 630 654 
2 1075 277 
2 655 1568 
2 507 958 
2 1613 1365 
3 1616 602 1857 
2 769 221 
2 1829 1708 
2 2155 1496 
2 1751 1150 
2 1897 1077 
2 709 1305 
2 725 1853 
3 1264 1787 629 
2 1029 38 
2 91 1261 
2 2123 1611 
2 1736 557 
2 1903 2047 
2 1605 275 
3 9 213 1818 
2 1861 2270 
2 2020 1392 
3 1654 2053 2245 
2 1981 1394 
2 24 1720 
3 1640 2314 1126 
3 1581 99 9 
2 1484 1031 
2 246 37 
2 1635 1226 
2 1638 1239 
3 701 1047 414 
2 918 383 
2 1671 1438 
2 1566 2286 
2 50 1121 
2 735 1907 
2 1656 2221 
2 52 1966 
2 396 2062 
2 1404 2012 
2 1989 1658 
2 946 1175 
2 433 2263 
2 1925 686 
4 1653 865 390 148 
2 1636 1984 
2 2104 1007 
2 310 155 
2 90 537 
2 230 1681 
2 6 2255 
2 189 2164 
2 1784 2034 
2 299 766 
2 442 2222 
2 994 1880 
2 1389 724 
3 1784 1283 1632 
2 1766 1058 
2 1020 187 
2 2185 520 
2 1472 561 
3 1037 961 1768 
2 2162 1112 
2 704 1807 
3 1448 783 1209 
3 25 1832 1061 
3 1495 1805 1604 
2 1983 1368 
2 1465 444 
3 961 1460 2204 
2 336 150 
2 1265 1203 
2 745 1936 
2 1234 1029 
2 1250 719 
2 106 1964 
2 400 1290 
2 571 1564 
3 989 2153 1509 
2 1110 1154 
2 177 523 
4 933 1627 1878 285 
2 1894 1648 
3 997 2206 110 
2 2183 1323 
2 2245 2234 
3 1003 1114 1184 
2 947 2268 
2 1185 1845 
3 1375 1996 1526 
2 644 1145 
2 1741 713 
3 2320 2 412 
3 1144 1013 1267 
3 1474 1103 1250 
3 2059 1270 290 
2 611 393 
2 478 1122 
2 1415 46 
2 1529 876 
2 2308 2252 
2 324 1136 
2 1960 1872 
2 1262 1057 
3 420 1940 269 
2 1782 348 
3 1823 926 1547 
2 1271 651 
2 1965 990 
2 112 296 
2 1745 2219 
2 1441 632 
3 1436 1455 1718 
2 805 335 
3 421 1608 2040 
3 1232 1565 1858 
2 1174 1897 
3 2214 1982 499 
2 1750 2192 
2 860 2103 
2 1841 954 
2 1224 128 
2 486 1411 
2 1024 411 
2 1901 2279 
3 123 1511 1811 
4 124 1459 274 1312 
2 825 521 
2 2312 362 
2 1074 1847 
2 556 965 
2 545 2213 
2 1554 1551 
2 1481 244 
2 94 1172 
2 1443 1739 
4 1516 770 2103 1344 
3 1921 1877 1794 
2 1283 702 
3 1824 1082 1422 
2 496 1400 
2 514 2293 
2 1774 1340 
2 1802 793 
2 732 1464 
2 167 2228 
2 280 124 
2 1651 1479 
2 10 1425 
2 1140 146 
2 1160 333 
2 89 1727 
2 872 1728 
2 830 445 
3 242 1607 106 
3 1258 1765 1864 
4 1464 343 83 762 
2 86 1346 
3 1496 2064 2081 
4 479 352 1476 1990 
2 1072 1767 
2 1148 1135 
2 4 66 
3 1270 1332 1726 
3 1908 261 780 
2 87 2287 
2 2207 267 
2 1127 1384 
2 1900 938 
2 1276 929 
2 1108 1787 
2 1620 1851 
2 501 364 
3 559 1358 253 
3 1584 3 1830 
2 1329 483 
2 1770 506 
2 898 1049 
2 1523 1958 
2 1490 1436 
3 2228 118 1039 
3 1559 837 2225 
2 474 1255 
2 2246 2142 
3 7 567 1378 
2 598 728 
2 274 1644 
2 2220 1414 
2 1698 555 
3 1682 2159 1457 
2 1494 1116 
2 1724 89 
3 511 410 1771 
2 1256 1848 
3 2323 1445 1398 
2 935 813 
3 126 1520 2254 
2 2128 305 
2 1263 706 
2 742 1697 
2 1164 1784 
2 734 663 
2 547 1543 
2 668 1027 
2 277 493 
3 818 657 1131 
2 1010 1652 
2 771 822 
3 380 1857 2023 
3 26 85 1456 
2 303 1950 
2 853 435 
3 1617 520 1696 
2 896 680 
2 2134 771 
2 612 1127 
3 1005 2293 1793 
3 684 525 2007 
2 227 1765 
2 1995 615 
2 831 112 
3 2298 2245 1614 
2 1206 674 
2 637 127 
2 828 457 
2 2219 592 
3 1563 332 1007 
3 2240 2274 1311 
3 2268 909 318 
4 604 1822 1489 1559 
2 1578 48 
2 2195 1683 
2 900 141 
2 197 916 
2 1594 231 
2 278 760 
2 1210 1499 
2 492 1444 
2 2322 2029 
3 1463 1713 556 
2 99 2004 
2 687 1407 
2 930 1328 
2 1891 1440 
2 1416 312 
2 1662 562 
2 1308 2211 
2 2063 1434 
2 1799 1356 
2 1038 26 
3 220 385 2176 
4 407 211 733 2284 
3 482 784 1194 
4 597 382 198 1335 
2 1860 1268 
2 447 1744 
2 967 1250 
2 166 2250 
3 856 952 302 
3 13 2014 704 
4 1527 578 889 953 
3 389 1428 2028 
2 750 2111 
2 1889 42 
2 484 1939 
2 1213 1067 
2 2191 1559 
2 1588 770 
3 2076 879 35 
3 1096 2062 1343 
2 1176 1446 
2 1267 1690 
2 2261 118 
2 1906 1003 
2 2055 2170 
2 241 2132 
2 1980 1336 
2 1998 1729 
2 12 341 
2 1486 225 
2 2126 1661 
2 634 1195 
2 16 1293 
3 1907 2090 2125 
2 1702 1079 
2 1152 218 
2 2304 624 
2 1598 2312 
2 1660 1073 
2 2030 1911 
2 243 1208 
2 1021 778 
3 688 616 786 
2 1522 29 
2 136 1348 
3 60 2172 1639 
2 2292 1916 
3 425 816 1416 
3 1518 656 811 
2 1361 2308 
3 1965 2030 2166 
3 1941 2128 632 
2 302 735 
2 1654 417 
3 810 835 665 
2 2202 1737 
2 1184 1726 
2 2045 424 
2 1260 271 
3 2141 999 1000 
2 1994 1555 
2 759 1612 
2 1618 758 
3 1429 2283 315 
3 1374 2285 899 
2 1007 1287 
2 1555 2217 
3 1271 1059 10 
3 1986 1516 2316 
3 485 1685 539 
2 1135 1319 
3 985 805 1396 
2 573 198 
2 2032 2173 
2 624 1177 
2 1963 31 
2 1359 278 
2 333 865 
2 557 1313 
2 1153 2172 
2 2284 347 
2 861 1352 
3 1723 223 900 
2 339 1406 
2 2069 259 
2 1488 251 
2 650 1113 
3 1343 499 1936 
3 1877 289 2258 
3 2196 2275 273 
3 623 497 2259 
2 1977 1360 
2 2110 212 
2 654 901 
2 1896 679 
2 2325 502 
2 1457 848 
2 40 2241 
2 2086 2161 
3 1334 903 1509 
2 1299 661 
2 408 1053 
2 1868 1221 
3 685 2166 462 
2 911 1167 
2 917 101 
3 945 1280 222 
2 858 998 
2 1769 999 
2 1257 2231 
2 764 1665 
2 470 789 
2 1683 1182 
2 2244 2045 
2 130 1134 
3 864 559 1610 
2 11 1531 
3 2232 2073 1879 
2 1694 548 
2 1968 1142 
3 18 1715 360 
2 2263 975 
2 839 1783 
2 59 1875 
2 856 1634 
3 1106 1567 2037 
2 671 504 
2 1016 2183 
2 1167 2139 
2 1458 370 
3 512 2290 844 
