3363
0 779 2538
1 4763 449
2 2811 4321
3 2572 2336
4 -215 2728
5 6373 5959
6 855 5448
7 2813 6815
8 3400 -183
9 5972 199
10 280 5442
11 5792 1439
12 1079 -8
13 5234 3019
14 978 343
15 694 3193
16 3974 285
17 5757 339
18 2648 4955
19 6405 5959
20 5096 1088
21 607 111
22 4688 4215
23 3288 3737
24 2709 2411
25 894 1092
26 5575 4726
27 859 988
28 1992 4175
29 4841 684
30 2137 4202
31 1107 6141
32 33 2362
33 1693 4148
34 1904 648
35 763 5511
36 2958 4321
37 2581 4304
38 5148 5152
39 2402 4955
40 3279 1787
41 3431 1941
42 1285 394
43 3781 133
44 473 721
45 4015 1561
46 3254 1787
47 5703 5307
48 233 4322
49 2430 5282
50 4685 2556
51 729 1019
52 345 1147
53 5677 4296
54 4731 2556
55 1509 648
56 1639 5705
57 645 1704
58 4467 3679
59 1728 5467
60 1853 840
61 4440 2480
62 695 1704
63 646 3327
64 5179 1126
65 6500 5230
66 2175 5851
67 4834 2614
68 3586 4770
69 948 1893
70 5060 5250
71 5966 1419
72 3040 4827
73 393 1268
74 5883 498
75 2531 4321
76 551 -8
77 5864 2922
78 4752 6425
79 3413 6542
80 3020 341
81 535 1470
82 4149 6133
83 4400 3679
84 6510 1534
85 169 1045
86 1656 5498
87 1113 1497
88 290 6250
89 5578 4367
90 -47 5026
91 1410 470
92 5891 2140
93 4440 2487
94 5544 2556
95 4679 572
96 6469 544
97 4254 627
98 2999 4827
99 -215 2674
100 5471 511
101 5996 5589
102 6633 4973
103 3020 110
104 4454 2301
105 2581 4322
106 1970 -131
107 5010 2556
108 80 4436
109 2400 1864
110 169 1594
111 5327 5180
112 13 2813
113 5824 996
114 5220 5152
115 4547 1686
116 187 1045
117 5724 5276
118 473 699
119 607 376
120 1286 760
121 608 2815
122 896 2882
123 6116 1419
124 1872 2855
125 6355 498
126 5592 3014
127 55 2109
128 1107 5870
129 1855 5467
130 1761 648
131 2171 2801
132 2706 2204
133 5315 339
134 2667 4955
135 3413 6544
136 2281 6104
137 2175 5985
138 138 1343
139 6264 1628
140 3982 1561
141 4688 4322
142 684 376
143 2929 4322
144 3052 6815
145 1639 5829
146 4577 2812
147 3807 1561
148 784 302
149 5951 5276
150 6009 498
151 5636 4516
152 859 787
153 6536 5959
154 33 2813
155 36 5026
156 1769 4390
157 5575 4802
158 3553 255
159 1349 3934
160 1510 5107
161 3110 5001
162 2297 4202
163 5565 4850
164 5544 2370
165 5286 2600
166 4185 5788
167 6469 650
168 6857 5750
169 3729 5409
170 4143 5407
171 528 1250
172 1410 525
173 535 1679
174 1649 4858
175 3787 1167
176 1286 4081
177 2962 5118
178 1871 4175
179 5093 4227
180 4687 269
181 3436 5409
182 4454 5128
183 3033 4081
184 6380 5230
185 1231 1269
186 -215 2806
187 694 3236
188 6025 1808
189 1020 3380
190 694 2951
191 1588 5062
192 1343 -8
193 4603 2614
194 608 2940
195 -203 5070
196 1219 111
197 583 5166
198 2444 6210
199 2012 1508
200 1970 -263
201 2709 2336
202 2531 4202
203 3413 6562
204 170 3564
205 3277 5083
206 4294 1561
207 3092 -183
208 583 5311
209 657 5177
210 3729 5402
211 1349 3741
212 3535 4564
213 2696 4171
214 3616 977
215 3677 5409
216 1049 155
217 5246 63
218 5096 935
219 1322 3997
220 2789 2231
221 393 1305
222 580 190
223 1583 4785
224 5847 996
225 1588 5069
226 3365 2244
227 5792 1472
228 4709 3741
229 1570 2876
230 3374 816
231 296 3564
232 5965 996
233 954 5122
234 5151 3035
235 1630 3434
236 1497 5122
237 392 4849
238 607 190
239 318 6157
240 855 5209
241 5739 5168
242 2175 5916
243 524 111
244 6377 5230
245 585 111
246 2703 2073
247 2215 1703
248 5762 404
249 3217 1762
250 -215 2557
251 3093 -183
252 3217 1845
253 1023 5122
254 3616 1059
255 3687 1334
256 916 1166
257 2921 3385
258 2576 159
259 5600 404
260 1872 2819
261 1760 4088
262 2346 -109
263 5069 6374
264 2774 2473
265 1497 4347
266 342 6141
267 3356 4922
268 3439 48
269 415 715
270 2600 6616
271 475 1153
272 3663 4343
273 2055 3040
274 1525 3670
275 2369 240
276 2902 529
277 180 2109
278 6078 1419
279 3102 6815
280 3456 4223
281 5677 5438
282 -215 2648
283 2581 4263
284 2803 2473
285 4704 3759
286 1182 2882
287 2444 6437
288 2576 150
289 3321 4827
290 6376 1628
291 5387 79
292 1994 2717
293 3953 3995
294 5694 4441
295 3684 5409
296 3927 146
297 3270 3118
298 -203 5081
299 3321 4676
300 3886 1316
301 3064 4827
302 5178 5180
303 1738 5049
304 5294 6374
305 3183 4321
306 3413 6589
307 3178 3765
308 4294 1538
309 4653 5180
310 169 1937
311 6447 5230
312 4632 4074
313 2703 2159
314 280 5354
315 255 715
316 1234 1325
317 1275 4055
318 473 624
319 6416 996
320 5275 780
321 4387 1716
322 1656 5221
323 5190 5152
324 3616 1073
325 2159 2656
326 5167 1126
327 2461 4322
328 6125 498
329 3822 1271
330 6264 2922
331 2753 4322
332 6822 5959
333 2374 4202
334 198 5311
335 5643 1472
336 5589 5380
337 290 5750
338 6147 3581
339 5891 2055
340 1153 5122
341 1103 4854
342 4632 4081
343 535 1704
344 -203 5311
345 5972 338
346 4454 5018
347 415 1077
348 3205 -183
349 5700 6152
350 3413 6070
351 -34 4436
352 1020 3415
353 1107 5680
354 5209 6374
355 4797 1686
356 6287 498
357 5565 4648
358 883 2769
359 6025 1628
360 524 19
361 2581 3902
362 2159 2411
363 2143 5467
364 568 2990
365 2392 2541
366 2703 2173
367 -78 2813
368 3439 257
369 473 578
370 1107 394
371 323 4849
372 470 5311
373 5703 5192
374 769 3380
375 5584 805
376 4688 4074
377 859 725
378 3903 1316
379 1394 -8
380 1234 1019
381 6106 1628
382 5665 4516
383 3911 1316
384 1269 5535
385 1639 5505
386 894 1065
387 345 1491
388 3143 4519
389 3363 3112
390 2175 5346
391 4216 3895
392 5471 404
393 5968 79
394 2108 3360
395 5643 2189
396 695 1791
397 1250 2761
398 1113 1863
399 2460 1864
400 4960 684
401 5792 1419
402 695 1900
403 4582 684
404 551 5026
405 1107 5694
406 3117 3339
407 5496 339
408 3666 3757
409 3291 5083
410 3413 6624
411 380 1147
412 3116 -183
413 47 4271
414 3490 816
415 2198 5346
416 3809 1561
417 4978 89
418 2128 4202
419 5303 2600
420 4015 255
421 3307 2326
422 2353 5025
423 2874 6815
424 5927 339
425 5536 3019
426 1691 3595
427 2600 3867
428 6166 2922
429 5253 1500
430 5677 2922
431 2866 4321
432 3431 1897
433 5139 2600
434 3641 2269
435 5565 4892
436 3787 1060
437 4512 1850
438 550 3325
439 5078 1686
440 6857 5589
441 525 111
442 3146 5964
443 748 376
444 222 4790
445 3953 4024
446 5537 339
447 646 3533
448 169 1637
449 608 3267
450 5275 566
451 855 388
452 940 5122
453 3456 3701
454 3194 2326
455 4592 2812
456 3194 4322
457 4387 1736
458 3389 2326
459 1872 2811
460 2531 4476
461 618 376
462 1319 394
463 3566 4770
464 2581 4301
465 2381 2411
466 1872 2885
467 6172 1419
468 3734 2326
469 3020 218
470 246 3564
471 695 1890
472 3223 5001
473 5914 996
474 1970 -215
475 6264 3244
476 3270 5083
477 3553 285
478 3821 396
479 3356 4971
480 551 4762
481 5589 5409
482 4577 2669
483 2703 2080
484 3687 1176
485 6620 4611
486 331 6141
487 1182 2801
488 5211 2600
489 1102 5122
490 1693 4154
491 932 5441
492 2392 2505
493 415 988
494 1921 5688
495 763 5210
496 855 5366
497 1974 1487
498 1049 5049
499 6264 3577
500 345 1549
501 4454 5049
502 280 5443
503 3156 -183
504 5706 404
505 4930 684
506 -203 5095
507 932 5226
508 1656 5811
509 280 5618
510 1228 155
511 2263 2801
512 473 901
513 2400 1811
514 1760 4109
515 608 2866
516 1669 3983
517 2964 2473
518 2809 4321
519 4688 3759
520 3356 5134
521 213 2815
522 966 332
523 535 1645
524 4138 5246
525 4518 5138
526 1260 155
527 2581 3931
528 3186 4519
529 932 5122
530 3300 1889
531 5739 5099
532 608 3193
533 6048 5230
534 6264 2971
535 415 763
536 3217 2201
537 2789 256
538 2039 5688
539 3226 3737
540 5370 78
541 2346 240
542 173 1937
543 5201 1315
544 3586 4771
545 944 3380
546 5677 4126
547 4070 396
548 1770 3040
549 663 3533
550 5465 2556
551 1973 1594
552 142 2815
553 1970 -189
554 434 1122
555 5469 3019
556 4676 3895
557 2175 5688
558 2576 213
559 1107 5859
560 59 5026
561 2850 3867
562 3945 396
563 938 2882
564 5719 2140
565 3321 4613
566 4584 6518
567 415 826
568 787 111
569 2238 2801
570 5660 4367
571 3597 2269
572 3857 396
573 -215 2463
574 3413 6777
575 1230 394
576 2590 2336
577 1231 1305
578 2581 4321
579 3822 1223
580 3721 285
581 3251 4322
582 475 1342
583 408 3564
584 1231 1166
585 2744 136
586 5790 79
587 6503 5589
588 966 294
589 4034 255
590 3889 285
591 1721 5688
592 568 3235
593 568 3063
594 859 489
595 5677 4095
596 2001 1508
597 4149 6254
598 1676 5467
599 1336 155
600 5710 4402
601 2392 2469
602 4169 3753
603 1570 2977
604 5723 339
605 4210 5449
606 169 1343
607 534 5515
608 4957 89
609 5589 5356
610 5710 4445
611 456 323
612 456 1122
613 2092 3360
614 5025 5106
615 2818 256
616 5575 4804
617 5768 5438
618 3729 652
619 6092 3581
620 657 5198
621 475 1237
622 3217 2077
623 5273 6374
624 6452 1419
625 415 1122
626 3184 3737
627 3020 -9
628 473 643
629 4985 2556
630 555 3533
631 1107 5641
632 2509 5282
633 3439 439
634 4374 3895
635 894 1166
636 5589 5365
637 3146 5898
638 3365 2257
639 2706 2053
640 998 2730
641 5740 4516
642 6857 5604
643 1970 -257
644 4763 566
645 3146 2341
646 3675 3764
647 5352 4322
648 4559 2487
649 33 2192
650 3439 149
651 3827 1316
652 5114 5853
653 5185 3140
654 4763 269
655 2703 2058
656 2600 6515
657 923 4945
658 5557 3146
659 1187 5107
660 3217 1850
661 4081 1316
662 522 5311
663 3663 3963
664 4454 5129
665 79 4790
666 3953 3942
667 3953 3753
668 4222 631
669 2787 3339
670 3605 285
671 4096 1489
672 4469 5129
673 3020 235
674 684 5515
675 3663 4211
676 1760 4168
677 2175 6017
678 1107 5960
679 3005 4519
680 3687 1114
681 3231 5001
682 5694 4404
683 5325 4153
684 5891 2090
685 5130 4153
686 1639 5733
687 3146 5655
688 5739 79
689 3033 3912
690 2600 6522
691 3675 3959
692 1974 -263
693 1671 3983
694 1107 6054
695 932 5317
696 3365 2162
697 456 190
698 2962 5129
699 1875 3040
700 2967 4827
701 2587 4322
702 6029 2922
703 629 5166
704 5096 1027
705 3729 809
706 1760 4175
707 5544 2295
708 608 2932
709 5177 63
710 3115 2473
711 3367 754
712 6633 4631
713 1002 1166
714 3020 369
715 3729 631
716 922 2730
717 644 376
718 4376 3679
719 4592 2732
720 5114 5871
721 2634 136
722 1973 1524
723 966 200
724 2651 3931
725 1036 4992
726 3032 5147
727 876 5209
728 2447 4202
729 3356 5409
730 1461 3941
731 2214 6104
732 3687 1329
733 268 1981
734 5920 6152
735 3392 5409
736 1726 5467
737 2175 5757
738 6107 5589
739 4577 1850
740 779 2815
741 2600 6815
742 4638 1686
743 2215 1657
744 6469 723
745 4149 6500
746 5294 6253
747 4869 2614
748 4143 5444
749 5348 63
750 280 4436
751 4270 5618
752 2581 3874
753 5710 4326
754 3687 1241
755 473 622
756 3363 3027
757 2696 3931
758 5460 4367
759 4455 1686
760 4551 6518
761 3128 6815
762 290 5959
763 5144 5726
764 1234 783
765 -203 5047
766 731 3533
767 47 3837
768 859 894
769 2036 5467
770 4720 684
771 2380 5230
772 5677 4367
773 960 3533
774 4679 275
775 5072 5152
776 5592 3128
777 4637 4322
778 2581 3883
779 3464 485
780 5715 5192
781 3010 390
782 5208 5106
783 5151 3140
784 4985 5106
785 2220 6104
786 1272 760
787 4166 396
788 1113 1577
789 3513 2269
790 5388 79
791 1589 3823
792 1821 648
793 4149 6518
794 3242 4519
795 6179 2922
796 3336 3701
797 3586 4493
798 1349 3898
799 2600 6684
800 3393 2091
801 3321 4669
802 1656 5555
803 1973 1487
804 3356 5188
805 5710 4336
806 3413 6720
807 1394 111
808 2157 1678
809 3840 396
810 1676 5476
811 5182 63
812 5972 339
813 6365 5230
814 859 735
815 456 218
816 1234 1460
817 4149 6350
818 4454 1746
819 4707 2614
820 3198 2326
821 5565 4396
822 4752 6292
823 2673 3931
824 779 2419
825 966 165
826 1349 3816
827 6330 5230
828 47 4248
829 909 5166
830 2897 6815
831 4277 3679
832 6469 992
833 5346 5250
834 2311 2801
835 4080 1561
836 1006 1166
837 1450 3670
838 524 -4
839 1970 -86
840 3675 4343
841 2861 4321
842 6633 4909
843 345 1259
844 3050 3972
845 3953 3900
846 4164 5449
847 494 5311
848 6469 881
849 5565 4532
850 4582 682
851 233 4355
852 2846 488
853 488 5311
854 393 1341
855 1656 5347
856 616 1704
857 748 190
858 2703 2215
859 5096 1126
860 3074 5147
861 5592 3007
862 3178 3490
863 2274 2695
864 5085 6374
865 551 4917
866 5949 6152
867 2549 4955
868 2866 3867
869 318 6141
870 6092 3763
871 4022 1316
872 4222 682
873 1054 394
874 1103 4807
875 169 1931
876 4985 5250
877 779 2610
878 2096 5688
879 773 6141
880 2014 4175
881 2706 2040
882 5828 3793
883 345 1593
884 3356 5321
885 3595 285
886 5073 63
887 6117 498
888 473 768
889 5434 3019
890 4620 2001
891 6510 1589
892 1124 2882
893 586 1704
894 3663 2326
895 5076 1686
896 923 5166
897 318 6217
898 2785 4827
899 2444 6156
900 989 2730
901 3934 285
902 5114 5794
903 1349 3861
904 1410 505
905 3399 2326
906 978 394
907 -69 2813
908 1602 5203
909 4685 2360
910 946 2882
911 493 1092
912 1540 4347
913 4254 459
914 3178 3407
915 47 3940
916 3306 3490
917 3228 1765
918 1103 5090
919 4709 3755
920 854 1019
921 904 3380
922 763 5293
923 3671 1102
924 1048 5122
925 169 1636
926 2902 390
927 3607 844
928 5191 5180
929 1441 96
930 169 1087
931 694 2815
932 1240 5535
933 1349 3870
934 5346 5180
935 3218 1762
936 909 5209
937 -74 4524
938 1118 2882
939 6442 498
940 393 3325
941 763 5515
942 2407 4202
943 9 5311
944 5377 3146
945 47 4132
946 4659 4074
947 3535 4495
948 33 2463
949 2380 5282
950 4813 684
951 1602 5341
952 5849 1419
953 6027 1419
954 5694 4245
955 3431 1889
956 2670 4185
957 1234 997
958 5227 2556
959 3939 5246
960 1656 5368
961 1036 4970
962 4454 2097
963 5202 5726
964 2988 3848
965 1113 1476
966 5584 996
967 784 190
968 2835 4322
969 3067 6815
970 784 205
971 3456 4023
972 129 1343
973 4235 682
974 2400 2330
975 2696 4107
976 5225 1500
977 89 1292
978 5636 4571
979 350 4502
980 3431 1950
981 5694 3793
982 5504 3146
983 3228 1787
984 4568 2487
985 5536 2889
986 4454 1850
987 5933 1419
988 5694 4463
989 3413 6650
990 5232 3140
991 4149 6492
992 3303 3757
993 1853 760
994 5025 5180
995 966 333
996 923 4991
997 270 4790
998 19 5311
999 2783 3339
1000 2508 5282
1001 208 5311
1002 1540 648
1003 4265 1538
1004 6125 996
1005 475 1145
1006 3241 5001
1007 6469 973
1008 2988 3800
1009 2267 -109
1010 4149 6275
1011 5225 339
1012 5096 1082
1013 2654 4321
1014 1691 2977
1015 4415 5129
1016 5237 1500
1017 859 934
1018 2041 1594
1019 3300 5974
1020 5447 3146
1021 551 4747
1022 1992 1594
1023 6647 5959
1024 3586 4474
1025 5370 79
1026 2192 2801
1027 392 3171
1028 5685 404
1029 3096 4519
1030 4679 475
1031 -74 4529
1032 1330 155
1033 5001 5180
1034 822 2702
1035 2493 5346
1036 2600 6439
1037 3020 -53
1038 607 372
1039 480 1704
1040 470 5354
1041 5353 4153
1042 5034 5180
1043 1089 5122
1044 441 4849
1045 5096 981
1046 4752 6427
1047 393 1355
1048 5114 5726
1049 4270 5466
1050 5575 4892
1051 3464 469
1052 1394 36
1053 3020 -141
1054 4685 2025
1055 3365 2141
1056 415 970
1057 2531 4251
1058 5033 5152
1059 261 2815
1060 2503 4321
1061 1691 3823
1062 655 3327
1063 3460 816
1064 6329 5959
1065 5792 1446
1066 3274 4827
1067 5396 2600
1068 4042 285
1069 4245 5618
1070 5257 6374
1071 1760 4022
1072 -41 2463
1073 5867 6152
1074 5565 4862
1075 2988 3385
1076 5536 2765
1077 3321 4519
1078 3439 573
1079 6313 1419
1080 3146 5556
1081 5891 2119
1082 221 1028
1083 1630 5252
1084 3456 4254
1085 4042 255
1086 -74 4483
1087 1103 4790
1088 1639 5269
1089 1085 6141
1090 1974 845
1091 568 2919
1092 5225 1327
1093 727 6141
1094 3843 5246
1095 3149 4827
1096 1234 817
1097 763 5334
1098 5294 6230
1099 895 6141
1100 2092 3361
1101 188 1937
1102 1691 3579
1103 763 5447
1104 2368 2411
1105 535 1486
1106 3146 2363
1107 1184 1476
1108 2142 2680
1109 4814 157
1110 4353 3679
1111 5651 5438
1112 475 1236
1113 4508 682
1114 975 1886
1115 5275 656
1116 5498 2600
1117 47 4006
1118 5598 2922
1119 268 1937
1120 6055 2922
1121 4668 5152
1122 2416 6104
1123 5152 4311
1124 843 3533
1125 4096 1499
1126 2444 6213
1127 343 4355
1128 4957 684
1129 1156 2774
1130 6264 3287
1131 3146 5463
1132 1975 5688
1133 3984 396
1134 1612 4725
1135 -203 5167
1136 3356 4958
1137 6488 5959
1138 33 2199
1139 4270 5598
1140 345 1299
1141 3586 4446
1142 3413 6408
1143 2346 213
1144 1132 5535
1145 4149 6271
1146 256 715
1147 1113 1814
1148 2761 3385
1149 3359 5409
1150 5450 2600
1151 5706 2922
1152 1602 5441
1153 2818 352
1154 2611 4322
1155 3729 823
1156 5195 6374
1157 2744 158
1158 345 1515
1159 3456 3727
1160 1234 760
1161 221 937
1162 5093 4153
1163 2139 2823
1164 3717 1561
1165 3356 5217
1166 5710 4245
1167 1337 111
1168 718 1250
1169 1734 2832
1170 3535 4566
1171 -158 2813
1172 290 5769
1173 5791 339
1174 1176 1476
1175 4149 5950
1176 -215 2813
1177 1040 111
1178 537 5026
1179 3846 396
1180 2442 4322
1181 5185 5250
1182 4655 684
1183 1879 2757
1184 2023 1594
1185 -74 4790
1186 6195 3581
1187 3477 2326
1188 551 4518
1189 5114 5757
1190 473 1019
1191 3297 4519
1192 2962 4959
1193 2175 5918
1194 5634 4571
1195 5529 3019
1196 6057 5230
1197 3270 3339
1198 6835 5959
1199 3146 2471
1200 4518 5152
1201 4105 3753
1202 1639 5305
1203 1727 4858
1204 2761 3371
1205 2392 2434
1206 3127 4321
1207 4584 2812
1208 6419 1419
1209 5006 1686
1210 4709 3716
1211 2600 6784
1212 6501 5230
1213 3369 2091
1214 1639 5535
1215 4985 5236
1216 2380 5232
1217 1390 611
1218 3321 4673
1219 2392 2411
1220 5114 5764
1221 923 4790
1222 5294 6365
1223 5412 3019
1224 255 2109
1225 2175 5895
1226 3729 5386
1227 2341 2801
1228 587 2815
1229 1656 5542
1230 3020 51
1231 1410 394
1232 1234 1328
1233 3675 3908
1234 5972 334
1235 746 5515
1236 2444 6439
1237 2576 136
1238 4226 1547
1239 491 6141
1240 3261 3339
1241 4447 1686
1242 4149 6508
1243 5280 4322
1244 169 1241
1245 5418 511
1246 5151 3019
1247 4688 3792
1248 3033 3812
1249 3013 3339
1250 3274 4519
1251 278 4790
1252 4254 3753
1253 3835 1561
1254 5793 4516
1255 -74 4558
1256 33 2312
1257 5996 5521
1258 290 6124
1259 2412 240
1260 3586 4386
1261 5609 339
1262 5681 5307
1263 -192 2813
1264 3146 2473
1265 1646 2809
1266 415 901
1267 2957 4827
1268 -215 2768
1269 4210 5788
1270 5643 1397
1271 4226 1538
1272 3332 3490
1273 4096 1470
1274 3146 5974
1275 1559 760
1276 316 2815
1277 5721 4516
1278 1107 5991
1279 4518 3679
1280 1156 2737
1281 894 1085
1282 3146 5490
1283 1349 3897
1284 392 3155
1285 4149 6187
1286 1675 3823
1287 3317 3757
1288 748 111
1289 3273 4827
1290 5027 5250
1291 5994 1419
1292 5696 4245
1293 527 5311
1294 822 2377
1295 6507 4570
1296 345 1249
1297 5863 2922
1298 923 5026
1299 6536 5230
1300 1760 3983
1301 4383 5129
1302 2160 1508
1303 2631 3867
1304 139 2815
1305 923 4844
1306 4554 5036
1307 3605 255
1308 4752 6293
1309 2876 4955
1310 6507 5230
1311 6615 5959
1312 1287 2761
1313 6092 3765
1314 3444 3701
1315 1641 4725
1316 4149 6309
1317 2891 4827
1318 1616 4858
1319 4434 3679
1320 5719 2189
1321 5093 4311
1322 6264 3114
1323 47 3921
1324 415 907
1325 1308 5535
1326 811 2769
1327 3865 5246
1328 923 5051
1329 1497 4260
1330 828 2769
1331 3657 2326
1332 932 5232
1333 1113 1594
1334 290 5655
1335 2706 2131
1336 5033 5106
1337 607 116
1338 -101 2463
1339 3429 1889
1340 1691 3491
1341 1610 648
1342 1769 4347
1343 4247 682
1344 280 4615
1345 2392 2801
1346 3781 396
1347 6092 3756
1348 6633 5200
1349 4621 5180
1350 3586 4367
1351 280 4790
1352 3953 3822
1353 5460 4396
1354 -203 5263
1355 1107 5715
1356 290 5992
1357 2706 2107
1358 5590 339
1359 4632 4270
1360 1734 2809
1361 3787 1057
1362 4340 5129
1363 2846 464
1364 5194 5152
1365 5281 5152
1366 5198 2600
1367 3456 3777
1368 2988 3867
1369 1991 710
1370 4331 5018
1371 5312 3019
1372 6092 3755
1373 1768 2885
1374 -200 2463
1375 2581 3918
1376 5329 5180
1377 5346 5106
1378 5103 5250
1379 4649 6518
1380 6507 4545
1381 4764 6374
1382 1903 4175
1383 3356 3027
1384 769 3266
1385 4222 396
1386 169 1376
1387 551 4949
1388 6025 1838
1389 3217 2228
1390 493 1019
1391 2215 1508
1392 4149 6473
1393 2902 391
1394 5509 1397
1395 4134 396
1396 3586 4901
1397 2531 4369
1398 5858 4516
1399 1285 1476
1400 3146 2405
1401 2902 502
1402 583 5249
1403 1676 5562
1404 5416 780
1405 4764 1686
1406 5575 2291
1407 3345 3701
1408 6701 5959
1409 3020 -33
1410 4627 1686
1411 3439 -183
1412 769 3242
1413 4096 1506
1414 568 2815
1415 5584 780
1416 1583 4858
1417 1974 725
1418 2706 2093
1419 5309 5106
1420 5785 3793
1421 4998 6374
1422 6483 5959
1423 4222 439
1424 1209 155
1425 3953 4023
1426 6092 3658
1427 769 2945
1428 5224 5871
1429 6025 1952
1430 1270 -8
1431 674 1704
1432 3164 2326
1433 3178 3737
1434 4319 5018
1435 3675 3846
1436 2346 5025
1437 1974 870
1438 3905 285
1439 5677 4138
1440 465 4849
1441 4073 396
1442 6510 1628
1443 855 5445
1444 2785 4611
1445 729 2815
1446 6310 1628
1447 1974 785
1448 1153 155
1449 5813 2140
1450 -79 5026
1451 473 717
1452 5294 6203
1453 3729 419
1454 5565 4567
1455 2057 1508
1456 1103 5107
1457 4270 5449
1458 3081 3800
1459 2916 4321
1460 4944 684
1461 2706 2231
1462 473 907
1463 4749 578
1464 2902 401
1465 1639 5709
1466 2142 2717
1467 345 1325
1468 966 249
1469 859 388
1470 1085 1166
1471 5536 2600
1472 568 3199
1473 1795 2885
1474 5509 1416
1475 3146 5611
1476 415 967
1477 3464 439
1478 473 677
1479 1669 4152
1480 53 5311
1481 4684 2001
1482 3953 4048
1483 391 6141
1484 3228 1779
1485 4752 6437
1486 4577 2487
1487 415 741
1488 3456 3757
1489 2157 1594
1490 2392 2597
1491 4554 5106
1492 4628 5152
1493 3217 1987
1494 6519 5589
1495 657 5209
1496 6158 1419
1497 473 573
1498 932 5284
1499 3439 671
1500 4688 3895
1501 5769 2140
1502 4922 2600
1503 63 4790
1504 5997 498
1505 2200 2411
1506 2175 5717
1507 2351 240
1508 6170 498
1509 5917 3793
1510 2531 4322
1511 5065 5152
1512 2317 6104
1513 4638 1795
1514 4149 5953
1515 3270 3292
1516 6264 2980
1517 1738 5015
1518 5346 5230
1519 5592 2922
1520 395 4518
1521 1509 702
1522 2601 2336
1523 4709 3679
1524 5114 5838
1525 3407 3757
1526 2141 2717
1527 524 79
1528 2703 2105
1529 3413 6524
1530 5860 4516
1531 23 4790
1532 3299 5001
1533 1656 5175
1534 2020 5688
1535 537 4948
1536 2422 4202
1537 1005 394
1538 6073 1628
1539 1288 1476
1540 4825 2556
1541 2400 2336
1542 4592 2665
1543 47 3797
1544 2408 2336
1545 3420 2326
1546 5792 1447
1547 3020 248
1548 345 1241
1549 2464 2215
1550 4292 3895
1551 70 4790
1552 558 372
1553 268 2108
1554 5827 996
1555 1656 5397
1556 1390 701
1557 1589 5049
1558 1760 4116
1559 2274 2741
1560 1288 5535
1561 392 2878
1562 3413 6815
1563 1570 2809
1564 4234 439
1565 2696 4185
1566 5339 5152
1567 6857 5850
1568 3675 4225
1569 2761 3342
1570 2257 -109
1571 3456 3988
1572 5677 4110
1573 6469 498
1574 464 6141
1575 769 3215
1576 3896 1561
1577 3301 3737
1578 6025 1771
1579 6229 2922
1580 5972 230
1581 4554 5020
1582 6092 3606
1583 5530 4367
1584 2581 4185
1585 1691 3732
1586 1103 5079
1587 3628 1102
1588 2303 2791
1589 4685 2095
1590 2706 2203
1591 2386 2801
1592 3293 5974
1593 1660 3823
1594 4125 396
1595 5802 443
1596 2403 1811
1597 608 3327
1598 33 2410
1599 2744 256
1600 3586 4891
1601 6307 4516
1602 2346 235
1603 1781 5467
1604 4518 5180
1605 4454 2044
1606 6507 4611
1607 4762 578
1608 6804 5959
1609 4184 3895
1610 5788 339
1611 3080 3385
1612 290 5863
1613 5043 5106
1614 3146 5829
1615 6564 5959
1616 473 388
1617 3431 1978
1618 3802 285
1619 2444 6214
1620 3079 3385
1621 4978 189
1622 906 1166
1623 1349 3931
1624 535 1478
1625 537 4849
1626 2508 4955
1627 5996 6011
1628 1643 4168
1629 3953 3806
1630 221 1045
1631 769 2920
1632 4096 1316
1633 706 1250
1634 1974 860
1635 4 4436
1636 3050 4028
1637 6469 937
1638 5565 4508
1639 3521 2326
1640 169 1665
1641 478 6141
1642 4017 1561
1643 493 1250
1644 2390 6104
1645 4920 2556
1646 2802 4827
1647 886 111
1648 2948 4827
1649 1104 1166
1650 238 2109
1651 393 1165
1652 274 4790
1653 5996 6017
1654 987 1166
1655 5949 1419
1656 3229 4322
1657 6504 5959
1658 1656 5751
1659 2346 -105
1660 5708 5099
1661 392 3280
1662 1330 3934
1663 1760 4161
1664 4022 1561
1665 2380 4955
1666 290 5736
1667 779 2377
1668 3857 5246
1669 1349 3917
1670 473 1018
1671 6092 3730
1672 1125 111
1673 268 4849
1674 5802 404
1675 2761 6815
1676 123 2815
1677 5522 6152
1678 2139 2847
1679 2160 1703
1680 415 769
1681 5169 5152
1682 5512 1397
1683 2503 2215
1684 4415 5018
1685 5972 320
1686 3146 5176
1687 5623 5307
1688 1525 3436
1689 3425 2260
1690 6857 5959
1691 290 5872
1692 518 6141
1693 3321 4570
1694 4752 6518
1695 290 6188
1696 979 3533
1697 5025 5130
1698 3836 1561
1699 2902 532
1700 6279 5230
1701 4352 6518
1702 4592 2725
1703 3729 5385
1704 5944 5276
1705 47 4052
1706 6291 5959
1707 1036 5049
1708 535 1687
1709 1182 2870
1710 3178 3800
1711 4254 604
1712 318 6282
1713 3356 5083
1714 5471 450
1715 3388 3757
1716 5643 2291
1717 600 2815
1718 698 376
1719 1050 1166
1720 3535 4770
1721 4011 5246
1722 1518 5107
1723 5030 6374
1724 3701 439
1725 1390 760
1726 4277 3753
1727 1036 4946
1728 1177 155
1729 5669 1472
1730 3270 3117
1731 470 5515
1732 4600 2614
1733 6025 1945
1734 4763 378
1735 3033 3888
1736 1036 4897
1737 1630 5312
1738 859 570
1739 5346 5151
1740 3178 3760
1741 -215 2613
1742 4679 269
1743 2175 5903
1744 4592 2780
1745 2709 2473
1746 2989 4519
1747 4632 4077
1748 1002 1019
1749 2392 2530
1750 1630 5203
1751 2600 6481
1752 6486 1628
1753 775 372
1754 3350 3490
1755 3702 439
1756 6633 4846
1757 1036 4858
1758 1250 2730
1759 3071 5147
1760 1783 4175
1761 2434 5346
1762 3953 3985
1763 1537 5535
1764 3663 4177
1765 5096 814
1766 5316 5180
1767 3695 631
1768 1103 5049
1769 1639 5516
1770 6633 4616
1771 5480 3019
1772 345 1478
1773 966 160
1774 392 3156
1775 1275 3952
1776 3363 3135
1777 5217 2600
1778 3278 3490
1779 3356 5190
1780 5547 339
1781 5189 1315
1782 4685 2315
1783 5093 330
1784 4273 682
1785 1112 1019
1786 2926 3867
1787 3089 2231
1788 3927 204
1789 4638 1843
1790 3787 1074
1791 169 1292
1792 110 4790
1793 1532 760
1794 1919 2717
1795 1052 2730
1796 1158 394
1797 5536 2695
1798 3535 4641
1799 2380 4991
1800 255 4790
1801 6120 3581
1802 1107 5794
1803 4243 1561
1804 1669 4015
1805 966 155
1806 1853 814
1807 1105 1019
1808 6633 5230
1809 4096 1561
1810 5575 4571
1811 415 997
1812 535 1698
1813 4688 4278
1814 3787 910
1815 4619 5231
1816 5972 175
1817 635 1250
1818 2346 -29
1819 4415 5054
1820 3146 5763
1821 3675 4297
1822 3270 3027
1823 4454 2227
1824 5825 1419
1825 4638 1850
1826 4764 6289
1827 89 1334
1828 1185 1019
1829 3217 2029
1830 91 4790
1831 5626 1397
1832 4763 321
1833 837 1893
1834 3178 3757
1835 4254 439
1836 -16 5026
1837 1509 760
1838 1976 1508
1839 6857 5642
1840 4685 2001
1841 4985 5248
1842 524 5
1843 3146 5691
1844 4685 2365
1845 934 -8
1846 345 1678
1847 153 4271
1848 1020 3458
1849 1970 -48
1850 3363 3057
1851 2599 4322
1852 6344 996
1853 2159 2680
1854 764 190
1855 89 1343
1856 2816 3385
1857 1042 4858
1858 3822 1167
1859 3289 5974
1860 604 -8
1861 188 2815
1862 5988 498
1863 6264 3344
1864 2513 5282
1865 4543 3895
1866 5929 996
1867 1664 648
1868 4192 3895
1869 1650 5049
1870 4149 6326
1871 1042 -8
1872 2581 4476
1873 4304 3895
1874 1602 5312
1875 2346 -43
1876 1045 394
1877 2885 4827
1878 2325 2695
1879 3695 538
1880 4454 1806
1881 1086 4858
1882 1588 5049
1883 264 4790
1884 4272 3895
1885 2328 6104
1886 1669 3994
1887 548 3564
1888 999 394
1889 5025 5152
1890 3020 -183
1891 2600 6565
1892 809 1894
1893 1160 111
1894 6469 584
1895 1207 5107
1896 2696 3992
1897 3190 4322
1898 6540 5230
1899 4463 2487
1900 5706 4516
1901 166 5311
1902 2152 4202
1903 1159 1476
1904 4632 4110
1905 3531 4922
1906 1491 3823
1907 2378 5025
1908 3717 631
1909 1944 3040
1910 5225 1497
1911 1138 394
1912 2662 136
1913 6021 1419
1914 3134 5001
1915 5246 4311
1916 4461 1850
1917 5585 404
1918 915 5166
1919 3903 396
1920 2744 239
1921 2672 2336
1922 6460 5230
1923 5359 3140
1924 480 1470
1925 -109 2463
1926 859 532
1927 475 1269
1928 5731 2922
1929 3161 3800
1930 -55 4790
1931 3292 1889
1932 1814 648
1933 475 1122
1934 6469 962
1935 2444 6357
1936 -74 4436
1937 2175 5798
1938 1583 4738
1939 3356 5328
1940 5894 5276
1941 439 6141
1942 3729 863
1943 3535 4765
1944 4978 159
1945 1113 1557
1946 5096 1092
1947 5183 5180
1948 4879 2614
1949 4356 5129
1950 5875 339
1951 4330 682
1952 6276 498
1953 5215 5871
1954 779 2454
1955 2832 2231
1956 859 976
1957 6092 3793
1958 4440 2477
1959 1257 1476
1960 31 4436
1961 4454 2001
1962 4685 2037
1963 932 5451
1964 923 5102
1965 4291 682
1966 1078 1166
1967 6083 498
1968 3365 3701
1969 5096 1084
1970 501 4518
1971 456 337
1972 6531 5959
1973 3439 -49
1974 1669 4168
1975 2444 6307
1976 480 1538
1977 169 1159
1978 6025 1856
1979 345 1412
1980 280 5628
1981 186 2109
1982 6092 3705
1983 5359 3146
1984 3675 3757
1985 3917 285
1986 5910 6152
1987 1602 5122
1988 6061 5589
1989 306 6282
1990 4149 5806
1991 2158 4202
1992 648 376
1993 4677 3679
1994 551 4634
1995 5745 5276
1996 4096 1369
1997 5225 1315
1998 5643 2211
1999 1366 3941
2000 4995 5106
2001 3837 396
2002 379 2815
2003 4592 2675
2004 2696 4155
2005 1974 1500
2006 5189 1155
2007 784 332
2008 3927 255
2009 4638 1792
2010 4149 5952
2011 695 1866
2012 169 1160
2013 5290 339
2014 822 2478
2015 5304 4153
2016 5058 684
2017 3146 2359
2018 3197 3737
2019 3102 3385
2020 2179 2801
2021 3248 3757
2022 5592 3146
2023 5866 5276
2024 769 3166
2025 109 4790
2026 3050 3889
2027 859 405
2028 1394 34
2029 3217 2080
2030 4254 631
2031 2175 5836
2032 4086 3753
2033 4685 2023
2034 5093 4244
2035 890 2769
2036 729 1250
2037 1734 2885
2038 239 3564
2039 5521 2600
2040 1322 4005
2041 2380 5025
2042 6784 5589
2043 5667 1472
2044 1304 111
2045 3220 -183
2046 268 2109
2047 5972 79
2048 269 715
2049 3456 3772
2050 5347 4322
2051 5739 5192
2052 3229 5001
2053 3729 5344
2054 47 3626
2055 6130 5959
2056 1410 96
2057 3779 255
2058 3108 3385
2059 4807 1686
2060 2175 5877
2061 2139 2979
2062 1020 3507
2063 5261 5152
2064 2159 2476
2065 3586 4784
2066 5107 63
2067 5677 4109
2068 2962 5147
2069 1734 96
2070 3350 3428
2071 5347 63
2072 1351 3941
2073 5152 63
2074 3199 4322
2075 4554 5021
2076 2249 -109
2077 1107 5874
2078 5299 5180
2079 350 4355
2080 2706 2200
2081 4290 3895
2082 5877 996
2083 179 5017
2084 282 715
2085 2175 5997
2086 2371 2695
2087 2999 390
2088 475 1238
2089 4128 3990
2090 2470 2215
2091 3607 977
2092 5093 4230
2093 568 3100
2094 1693 4116
2095 6312 1419
2096 47 4000
2097 5972 308
2098 3108 4827
2099 2392 2479
2100 859 742
2101 493 1041
2102 470 5373
2103 6245 3581
2104 3146 5826
2105 1321 155
2106 4245 5788
2107 1375 3941
2108 5462 4367
2109 5114 5737
2110 3063 -183
2111 5315 2600
2112 3687 1509
2113 350 4362
2114 550 -8
2115 1275 3934
2116 3663 3997
2117 5207 4153
2118 5311 3019
2119 369 4518
2120 5159 5152
2121 535 1675
2122 1013 2882
2123 6084 5230
2124 1196 5535
2125 4974 1728
2126 4764 1728
2127 47 4009
2128 2042 4202
2129 3323 6815
2130 6234 498
2131 3178 3711
2132 4179 3753
2133 1322 3998
2134 778 388
2135 143 5026
2136 551 4570
2137 3686 2269
2138 1130 5107
2139 456 372
2140 474 1704
2141 5544 2291
2142 586 5166
2143 275 3564
2144 169 1553
2145 2445 1811
2146 2610 6815
2147 33 2109
2148 2005 -148
2149 779 2387
2150 894 1019
2151 1627 2977
2152 1760 4154
2153 6026 4516
2154 5353 4322
2155 1676 5612
2156 3729 5406
2157 3455 816
2158 1853 865
2159 521 6141
2160 2157 1703
2161 1630 5247
2162 4255 3895
2163 922 2769
2164 4617 5106
2165 3178 3799
2166 4388 682
2167 1873 870
2168 3270 3069
2169 -203 5026
2170 2785 4657
2171 1710 5467
2172 1970 -227
2173 2157 1662
2174 3729 814
2175 4345 3895
2176 2274 2791
2177 5536 2940
2178 551 4814
2179 3356 4927
2180 4985 5233
2181 814 1893
2182 47 3673
2183 1113 1604
2184 966 188
2185 2706 2181
2186 3710 285
2187 5575 339
2188 4452 3895
2189 2175 5912
2190 4978 63
2191 5996 5994
2192 345 1704
2193 3579 2269
2194 1234 1335
2195 1647 4347
2196 4677 4074
2197 1322 4081
2198 568 3121
2199 694 3066
2200 1974 762
2201 1089 2730
2202 1691 3778
2203 2897 4827
2204 1872 2823
2205 5996 6152
2206 2706 2157
2207 3924 396
2208 1391 525
2209 5939 498
2210 6224 4516
2211 2410 4202
2212 5276 2600
2213 1156 2765
2214 6228 2922
2215 1611 4725
2216 3402 4922
2217 4254 562
2218 1984 2717
2219 5802 412
2220 6573 5589
2221 4192 5788
2222 1502 4347
2223 3217 1937
2224 592 5515
2225 5229 4311
2226 3776 1561
2227 1588 5122
2228 3020 -121
2229 3271 3757
2230 5536 2641
2231 3439 359
2232 5275 779
2233 2159 2505
2234 1698 5688
2235 784 270
2236 5294 6152
2237 1234 778
2238 6510 1564
2239 3439 -106
2240 2932 2231
2241 1656 5766
2242 5341 5152
2243 4632 4291
2244 199 2815
2245 1691 3550
2246 3695 617
2247 708 1250
2248 3722 2269
2249 345 1532
2250 6510 1459
2251 1792 760
2252 3413 6399
2253 2094 3360
2254 47 4100
2255 4149 6225
2256 5460 4369
2257 3733 1561
2258 1057 5049
2259 2923 3339
2260 3456 3919
2261 194 5311
2262 5219 4311
2263 3255 5974
2264 3029 6815
2265 3367 773
2266 5125 5250
2267 3955 5246
2268 179 4946
2269 608 3131
2270 1639 5685
2271 454 6141
2272 5575 4763
2273 345 1477
2274 3217 2143
2275 915 2882
2276 6025 1631
2277 729 1193
2278 1698 4858
2279 5427 511
2280 6469 996
2281 923 4919
2282 777 3533
2283 4143 5246
2284 6507 4572
2285 2159 2527
2286 345 1255
2287 3033 4058
2288 3304 -183
2289 4810 157
2290 290 5658
2291 1979 2717
2292 5904 1419
2293 1743 760
2294 763 5275
2295 695 1931
2296 1676 5688
2297 5901 3793
2298 1392 3670
2299 3675 4138
2300 264 2109
2301 4721 2614
2302 633 5166
2303 2513 5303
2304 3110 5083
2305 2409 6104
2306 5444 3019
2307 2139 3361
2308 3089 4519
2309 493 1103
2310 4328 682
2311 4680 3679
2312 6610 5959
2313 1974 710
2314 3260 3757
2315 5710 4457
2316 1549 5535
2317 5979 1952
2318 686 5515
2319 3304 3490
2320 3146 5292
2321 5608 404
2322 1594 5535
2323 3409 671
2324 3413 6627
2325 4638 1777
2326 3020 312
2327 5592 2946
2328 1733 96
2329 1481 5535
2330 1509 662
2331 164 5026
2332 1691 3493
2333 5313 3019
2334 290 6020
2335 5457 2600
2336 608 2969
2337 583 5261
2338 3356 5001
2339 5474 404
2340 183 4436
2341 3687 1278
2342 3130 3339
2343 950 2730
2344 169 1516
2345 2986 4322
2346 2139 3040
2347 5151 3132
2348 6178 5959
2349 4334 682
2350 1602 5318
2351 415 1063
2352 5505 4396
2353 5694 4334
2354 3413 6267
2355 5719 2180
2356 1734 2815
2357 4709 3759
2358 3367 816
2359 3980 5246
2360 3032 2231
2361 4904 2556
2362 4763 578
2363 39 2109
2364 3663 4143
2365 4411 6518
2366 1879 2809
2367 5521 79
2368 3607 816
2369 568 3325
2370 6082 1628
2371 2791 4955
2372 3020 390
2373 392 3146
2374 2444 6104
2375 5346 5152
2376 4113 396
2377 6176 4516
2378 3474 2260
2379 923 4890
2380 4688 4261
2381 47 4120
2382 2400 2228
2383 393 1219
2384 4082 1316
2385 6264 3567
2386 784 353
2387 3663 3900
2388 288 715
2389 -84 5311
2390 3007 5147
2391 3314 5001
2392 3729 439
2393 619 -8
2394 169 1752
2395 2576 237
2396 6169 1628
2397 3367 809
2398 2380 5173
2399 3146 5960
2400 290 5671
2401 748 372
2402 3456 4367
2403 2631 4321
2404 1014 4790
2405 5291 5250
2406 680 3327
2407 3607 841
2408 4104 3753
2409 6230 4516
2410 4985 5152
2411 2531 4371
2412 809 1893
2413 3547 4770
2414 393 1147
2415 5704 2189
2416 6040 5276
2417 784 201
2418 763 5209
2419 475 1132
2420 5987 5438
2421 1691 3434
2422 921 1166
2423 2380 5054
2424 796 1019
2425 1970 -174
2426 4774 1686
2427 -50 4436
2428 2363 4991
2429 820 388
2430 1288 1465
2431 1525 3823
2432 3822 1182
2433 3413 5974
2434 1583 4725
2435 608 2879
2436 6510 1518
2437 6633 5100
2438 3586 4922
2439 5469 511
2440 5646 2189
2441 2159 2443
2442 428 6141
2443 555 3564
2444 1107 5535
2445 1461 3823
2446 6264 3581
2447 5644 2189
2448 4392 6518
2449 5737 5192
2450 1234 987
2451 5996 5438
2452 2744 247
2453 2815 3385
2454 5093 189
2455 5483 339
2456 568 3218
2457 6111 5230
2458 6460 5589
2459 5093 270
2460 4149 6175
2461 975 1863
2462 4770 684
2463 1113 1846
2464 3781 255
2465 4690 6518
2466 2187 2411
2467 5764 339
2468 -215 2708
2469 3807 133
2470 3439 415
2471 3687 1561
2472 290 6282
2473 5225 1482
2474 6580 5959
2475 5636 4557
2476 3953 4054
2477 3729 410
2478 3695 560
2479 4454 1840
2480 5643 1414
2481 6025 1863
2482 2346 4991
2483 1656 5385
2484 655 376
2485 1069 1166
2486 1230 1476
2487 1879 2717
2488 2967 2231
2489 3678 285
2490 2541 4955
2491 1075 -8
2492 2644 2336
2493 1639 5700
2494 4902 89
2495 568 3053
2496 47 3623
2497 3734 2269
2498 3586 4876
2499 3464 465
2500 1548 5535
2501 3456 4227
2502 77 2815
2503 5565 4698
2504 3269 3490
2505 4679 578
2506 4482 5018
2507 6194 1419
2508 4149 6168
2509 4518 5129
2510 810 1893
2511 3146 5703
2512 1106 -8
2513 4685 2265
2514 4922 2614
2515 5033 5180
2516 5321 1500
2517 5747 79
2518 855 5461
2519 17 4790
2520 4523 5231
2521 3251 4321
2522 3028 4827
2523 1656 5829
2524 3038 2231
2525 2194 1703
2526 1738 5013
2527 5565 4440
2528 179 5002
2529 384 6141
2530 4985 5180
2531 4577 2676
2532 1853 860
2533 1877 3040
2534 5013 5152
2535 3675 3794
2536 2962 5006
2537 1969 96
2538 1662 648
2539 2696 4180
2540 1769 4637
2541 3439 235
2542 2761 3339
2543 3146 5147
2544 5914 3793
2545 5677 4115
2546 5321 339
2547 994 1019
2548 6507 4516
2549 1656 5725
2550 3365 2091
2551 3254 4827
2552 345 1247
2553 6024 5589
2554 2175 5467
2555 169 1355
2556 1107 5868
2557 2608 2336
2558 1556 648
2559 748 138
2560 3113 3800
2561 5694 4359
2562 2642 4322
2563 1769 4725
2564 2599 3931
2565 2709 2433
2566 3325 -183
2567 3439 131
2568 -184 2463
2569 3050 3897
2570 6043 5959
2571 1234 1360
2572 4128 3984
2573 3217 1785
2574 393 1176
2575 4531 682
2576 3350 3135
2577 1769 4614
2578 932 5473
2579 3018 3385
2580 1760 4049
2581 3365 2260
2582 4554 5018
2583 2785 4766
2584 5078 1728
2585 33 2815
2586 1769 4384
2587 2291 -109
2588 1718 4347
2589 3363 3095
2590 493 388
2591 5747 3793
2592 4461 5018
2593 2902 435
2594 2139 2801
2595 2709 2442
2596 1689 2977
2597 680 6141
2598 859 584
2599 152 4790
2600 1458 4190
2601 6306 996
2602 1525 3566
2603 1970 96
2604 5010 684
2605 4387 1686
2606 786 2882
2607 2813 2473
2608 3033 4083
2609 5844 5438
2610 2677 136
2611 2149 2680
2612 3178 3701
2613 -130 5311
2614 2175 5698
2615 4396 6518
2616 3146 5276
2617 1410 154
2618 3729 744
2619 3927 133
2620 2215 1614
2621 521 372
2622 2175 5449
2623 4087 4054
2624 5246 4322
2625 822 2480
2626 3700 2269
2627 4464 5018
2628 3146 2337
2629 5346 5241
2630 1525 3654
2631 5245 3140
2632 1991 648
2633 1639 5175
2634 2964 3867
2635 4316 3679
2636 2346 208
2637 6469 5230
2638 6240 2922
2639 784 282
2640 4763 446
2641 4272 1561
2642 5883 6152
2643 5033 5144
2644 3787 1043
2645 1669 4099
2646 1322 3999
2647 2587 4321
2648 3405 3757
2649 3146 5937
2650 4522 2001
2651 5189 1126
2652 1570 2878
2653 480 1574
2654 2768 4955
2655 2744 161
2656 4668 5106
2657 695 2014
2658 1639 5729
2659 5210 4311
2660 3607 881
2661 5129 2556
2662 2513 5346
2663 392 3081
2664 1410 439
2665 2046 -109
2666 3431 2091
2667 5509 1500
2668 1768 5467
2669 2460 1811
2670 1461 3864
2671 47 3564
2672 3035 5147
2673 5291 5726
2674 4764 6320
2675 1602 5463
2676 632 5166
2677 2346 -107
2678 6328 5230
2679 392 3282
2680 2442 4321
2681 3413 6597
2682 825 111
2683 5291 5871
2684 6469 801
2685 4290 1561
2686 51 4436
2687 1090 2882
2688 774 6141
2689 3456 3737
2690 6092 3724
2691 5346 5131
2692 5275 715
2693 2387 4202
2694 1458 4171
2695 5868 6152
2696 855 5317
2697 5055 684
2698 1525 3434
2699 2785 4519
2700 5734 5192
2701 3141 3339
2702 2444 6253
2703 3822 1316
2704 1349 3892
2705 922 2737
2706 221 952
2707 657 5166
2708 5068 1686
2709 725 376
2710 1804 4175
2711 3663 3757
2712 2392 2695
2713 731 -8
2714 4149 5788
2715 242 1937
2716 3787 925
2717 4592 2614
2718 2452 4202
2719 5504 2600
2720 3729 910
2721 3694 285
2722 169 1786
2723 3699 2269
2724 345 1618
2725 3687 1467
2726 221 715
2727 695 1972
2728 3247 3339
2729 5096 809
2730 2838 4519
2731 169 1246
2732 4143 5449
2733 4577 2557
2734 6264 3318
2735 2175 5362
2736 4045 1561
2737 1656 5552
2738 1602 5195
2739 1816 2885
2740 1903 96
2741 3279 1889
2742 2564 240
2743 3050 3800
2744 4668 5231
2745 1234 1318
2746 2513 5333
2747 5718 5099
2748 5703 5099
2749 2818 464
2750 3112 4322
2751 1234 1465
2752 3781 176
2753 695 1820
2754 5628 2922
2755 3270 3211
2756 90 4790
2757 1129 2882
2758 187 4849
2759 4458 3895
2760 4149 6023
2761 4752 6289
2762 11 2463
2763 1093 1166
2764 2175 5371
2765 6644 5959
2766 2175 5942
2767 5165 339
2768 3146 5687
2769 6354 1419
2770 5924 2922
2771 2691 4185
2772 1403 155
2773 1602 5384
2774 3146 5203
2775 5710 4455
2776 2756 2231
2777 6510 1583
2778 3825 396
2779 3695 521
2780 4830 89
2781 3439 485
2782 694 2943
2783 6207 1419
2784 3431 1998
2785 641 -8
2786 6092 3617
2787 233 4271
2788 855 5515
2789 6116 996
2790 2350 5025
2791 1349 3887
2792 3663 4297
2793 5935 4516
2794 5565 4643
2795 2131 3360
2796 975 1893
2797 5912 1952
2798 1181 111
2799 1103 4858
2800 1277 155
2801 2139 3360
2802 1204 1019
2803 6284 5589
2804 4309 5018
2805 1758 3040
2806 5575 4640
2807 1497 5107
2808 2400 2215
2809 524 -8
2810 5293 6374
2811 1974 1508
2812 2449 5282
2813 1113 1857
2814 779 2702
2815 784 372
2816 6208 996
2817 2167 5467
2818 753 1019
2819 5835 339
2820 1978 -263
2821 3675 4061
2822 2576 240
2823 3250 2326
2824 2785 4547
2825 2744 220
2826 4277 3714
2827 3828 5246
2828 4149 6468
2829 608 3274
2830 822 2620
2831 3456 4257
2832 5353 4303
2833 392 2815
2834 779 2557
2835 5438 3019
2836 3456 4006
2837 956 5122
2838 1275 4081
2839 4149 6315
2840 2962 5064
2841 694 3327
2842 945 1166
2843 6633 4890
2844 968 1166
2845 6059 2922
2846 3456 3925
2847 456 204
2848 3180 3757
2849 473 767
2850 2785 4718
2851 4414 3895
2852 5132 4153
2853 748 177
2854 2368 4202
2855 5677 4318
2856 923 4863
2857 5033 5112
2858 3146 2326
2859 2563 4955
2860 169 1082
2861 579 -8
2862 551 4910
2863 2703 2040
2864 5589 5402
2865 1127 1476
2866 4810 110
2867 1584 4725
2868 1872 2809
2869 4309 5036
2870 3407 816
2871 4128 4054
2872 -215 2720
2873 3695 439
2874 -74 4440
2875 3413 6107
2876 240 2815
2877 1970 -168
2878 169 1492
2879 3362 2326
2880 608 2890
2881 3321 4739
2882 6430 5959
2883 268 2076
2884 165 1343
2885 3953 4019
2886 4516 5129
2887 5096 695
2888 2013 -109
2889 1107 5819
2890 6453 4516
2891 966 343
2892 6416 5589
2893 2346 0
2894 5544 2310
2895 568 3188
2896 1639 5236
2897 4387 1743
2898 5228 5871
2899 3020 64
2900 809 2037
2901 3152 4322
2902 473 790
2903 4638 1837
2904 2875 3867
2905 1639 5466
2906 5589 5307
2907 1602 5535
2908 765 2037
2909 5375 780
2910 2597 4185
2911 4180 3753
2912 5802 475
2913 2902 413
2914 -183 2463
2915 2005 -212
2916 3234 5083
2917 4454 2436
2918 2600 6574
2919 6269 1628
2920 4577 6518
2921 2727 4955
2922 819 2769
2923 537 4934
2924 2392 2510
2925 5274 6374
2926 4518 5231
2927 2141 -109
2928 6610 5230
2929 5703 5304
2930 4245 5757
2931 1207 5122
2932 918 1893
2933 3127 -183
2934 4978 157
2935 2357 240
2936 3572 4922
2937 2412 5282
2938 290 5628
2939 47 3609
2940 658 376
2941 3033 3800
2942 626 388
2943 2205 2411
2944 644 3533
2945 3083 4827
2946 3408 3737
2947 2783 256
2948 2043 2717
2949 3050 4322
2950 3535 4505
2951 3413 6174
2952 3953 4053
2953 5291 5780
2954 4222 420
2955 -69 4790
2956 1390 694
2957 4638 1749
2958 5096 684
2959 2409 5282
2960 5286 3019
2961 6572 5959
2962 3395 2260
2963 138 1292
2964 -75 2813
2965 33 2191
2966 5589 5438
2967 2709 2430
2968 3284 -183
2969 4206 5449
2970 1518 5122
2971 2400 2274
2972 6048 5276
2973 4080 396
2974 5276 3140
2975 4867 684
2976 5502 4367
2977 6328 5959
2978 2741 3867
2979 1234 827
2980 901 3533
2981 6857 5822
2982 392 3036
2983 784 334
2984 5252 5250
2985 3598 285
2986 6264 2983
2987 3413 5984
2988 4685 2106
2989 695 2037
2990 6428 5230
2991 1691 3486
2992 4332 682
2993 5510 79
2994 3586 4868
2995 280 5311
2996 3888 396
2997 1390 552
2998 2173 2801
2999 6469 554
3000 5544 2530
3001 5788 5438
3002 670 1250
3003 3729 5246
3004 393 1174
3005 4685 2021
3006 3883 285
3007 3356 5256
3008 1751 3040
3009 809 2001
3010 5271 6374
3011 5414 79
3012 1769 4525
3013 779 2769
3014 4454 5031
3015 3833 1316
3016 1836 96
3017 3496 5409
3018 3786 1561
3019 3510 2269
3020 5180 5152
3021 5565 4432
3022 608 3036
3023 6510 1419
3024 6111 2922
3025 5244 5106
3026 3033 3960
3027 877 111
3028 1410 427
3029 1458 4260
3030 6150 5589
3031 4440 2436
3032 1182 2774
3033 1020 3533
3034 6264 3499
3035 1340 760
3036 3953 3951
3037 4454 2355
3038 4764 6308
3039 4622 3679
3040 2715 3867
3041 4096 1496
3042 5636 4539
3043 5677 3793
3044 2189 2801
3045 4632 4322
3046 3729 396
3047 5703 5276
3048 3535 4723
3049 3695 590
3050 268 2102
3051 932 5515
3052 602 111
3053 3510 2260
3054 4685 2092
3055 5090 189
3056 2022 2717
3057 354 715
3058 1639 5177
3059 932 5402
3060 2709 2441
3061 5646 79
3062 5351 511
3063 576 5311
3064 603 388
3065 5077 684
3066 2833 4827
3067 5166 4311
3068 1270 394
3069 628 388
3070 2250 2411
3071 3365 2123
3072 4668 5180
3073 551 4575
3074 1656 5303
3075 4570 2001
3076 1410 155
3077 3050 4035
3078 673 -8
3079 6266 5230
3080 1817 2885
3081 5301 6152
3082 1397 394
3083 4294 1560
3084 6491 1419
3085 5541 1397
3086 5029 2600
3087 1853 870
3088 280 4681
3089 5913 339
3090 3221 1762
3091 4829 1686
3092 1753 3983
3093 1322 3996
3094 1020 4790
3095 3406 2091
3096 2005 -263
3097 1390 746
3098 3146 5835
3099 3663 4087
3100 2818 380
3101 1570 2879
3102 169 1258
3103 4128 3895
3104 1322 3941
3105 2139 2843
3106 2581 3867
3107 3350 3158
3108 1119 1166
3109 3383 2326
3110 1224 5535
3111 5093 339
3112 47 4203
3113 2014 4202
3114 5412 780
3115 1583 4814
3116 4603 5180
3117 3675 4091
3118 -215 2785
3119 2846 532
3120 1670 3434
3121 5731 5438
3122 1390 749
3123 3775 396
3124 4309 5129
3125 4589 2812
3126 475 1297
3127 2957 4519
3128 2047 5688
3129 169 1560
3130 2968 3339
3131 2022 1594
3132 1620 4347
3133 3687 1102
3134 1349 3914
3135 1106 111
3136 6420 5589
3137 2962 4955
3138 2750 2231
3139 4810 89
3140 3729 5397
3141 4676 6518
3142 5710 4320
3143 1458 4168
3144 2600 6502
3145 6243 4516
3146 -215 2649
3147 3217 1839
3148 -203 5294
3149 5471 454
3150 415 915
3151 456 277
3152 6469 920
3153 2846 497
3154 2444 6436
3155 2576 149
3156 6557 5230
3157 5225 1432
3158 2693 136
3159 2612 3931
3160 3439 -8
3161 2785 4793
3162 5337 5106
3163 3248 5001
3164 822 2641
3165 6633 4611
3166 2386 4955
3167 876 5515
3168 5380 511
3169 5169 3140
3170 4632 4135
3171 3363 3030
3172 2581 4444
3173 6633 5129
3174 4523 5152
3175 2348 4991
3176 233 715
3177 605 -8
3178 456 284
3179 3980 285
3180 3035 -183
3181 2103 5688
3182 4529 2001
3183 3822 1270
3184 1212 5535
3185 1760 4085
3186 1268 -8
3187 1595 5049
3188 5592 2991
3189 5802 498
3190 5733 79
3191 4212 3753
3192 3367 671
3193 5088 63
3194 1769 4356
3195 262 3564
3196 1349 3809
3197 2600 6597
3198 5891 2052
3199 4897 1686
3200 5976 3793
3201 1234 1319
3202 1182 2876
3203 1231 1318
3204 1835 5467
3205 1127 394
3206 1107 5696
3207 5887 5438
3208 859 733
3209 4632 4189
3210 6510 1573
3211 1160 2774
3212 5597 404
3213 1107 5681
3214 5772 339
3215 5309 3019
3216 1036 4932
3217 5291 5845
3218 310 715
3219 318 6233
3220 551 4855
3221 859 1019
3222 2392 2791
3223 4553 5231
3224 2517 4321
3225 4844 684
3226 2860 3385
3227 608 3244
3228 5734 404
3229 4387 1746
3230 3916 1316
3231 3687 1226
3232 4536 5152
3233 1912 96
3234 2793 3385
3235 6040 2922
3236 5888 2140
3237 769 2882
3238 4289 3679
3239 4518 5193
3240 3616 1102
3241 1672 96
3242 4431 682
3243 2175 6104
3244 2753 2473
3245 4226 1561
3246 5748 6152
3247 716 6141
3248 5275 511
3249 1639 5425
3250 345 1443
3251 932 5237
3252 4738 578
3253 2444 6171
3254 5884 2922
3255 5663 79
3256 2173 2411
3257 3309 4827
3258 1656 760
3259 47 4263
3260 128 2815
3261 2581 4358
3262 583 5270
3263 2625 4321
3264 3944 1561
3265 3146 5576
3266 2703 2171
3267 623 -8
3268 5346 5116
3269 1394 99
3270 1531 4347
3271 310 3564
3272 2696 2336
3273 -203 5250
3274 5719 2185
3275 5406 3019
3276 2706 2042
3277 3687 1360
3278 5710 4463
3279 1738 4858
3280 1751 2977
3281 6368 4516
3282 3270 3322
3283 -161 2463
3284 3190 3737
3285 5026 6374
3286 1471 3823
3287 179 5026
3288 2073 3040
3289 3192 3490
3290 1630 5304
3291 4254 442
3292 830 111
3293 3265 3737
3294 5996 5959
3295 670 5515
3296 2062 5467
3297 6469 980
3298 3270 3737
3299 2962 5065
3300 2696 3964
3301 2175 5812
3302 2696 4123
3303 2690 3931
3304 350 4518
3305 4149 5984
3306 4523 3679
3307 179 4849
3308 303 2815
3309 1769 4439
3310 1602 5514
3311 3146 5400
3312 859 849
3313 392 3325
3314 475 1355
3315 1287 2730
3316 3217 2231
3317 4554 5082
3318 763 5291
3319 1156 2730
3320 1068 1863
3321 3232 3757
3322 3178 3385
3323 2400 2247
3324 2460 1838
3325 5225 1348
3326 1349 3670
3327 268 2045
3328 1751 3014
3329 135 4790
3330 4520 2001
3331 3535 4493
3332 4739 684
3333 2771 2473
3334 272 5311
3335 4415 5033
3336 3050 4083
3337 2756 3867
3338 3781 147
3339 3228 1762
3340 1013 394
3341 6479 5959
3342 932 5218
3343 535 4518
3344 608 2874
3345 1813 5467
3346 5891 1952
3347 2587 4185
3348 2005 -222
3349 1602 5172
3350 1390 525
3351 5262 6374
3352 5370 63
3353 3456 4272
3354 6294 5959
3355 4244 5788
3356 5544 2311
3357 4149 6155
3358 4242 5449
3359 4688 4111
3360 1592 5122
3361 4754 2556
3362 2005 -109
2 2834 1954 
2 644 2640 
2 841 518 
2 576 1544 
3 1263 1268 2872 
2 19 1064 
2 2518 1443 
2 423 1675 
2 1411 2566 
2 1580 1816 
3 2938 502 314 
2 1065 401 
2 2512 2491 
2 2960 1246 
3 906 2891 1424 
2 187 2199 
2 3179 901 
2 2467 604 
2 134 2859 
2 2882 5 
2 1946 1969 
3 1288 1337 3052 
2 2380 3359 
2 1577 3298 
2 2967 201 
2 635 1281 
2 2272 2806 
2 3221 1956 
3 880 1382 1300 
2 3225 950 
2 1902 418 
4 1975 1089 694 3243 
2 1598 1256 
2 490 2094 
3 2632 993 792 
3 941 208 1103 
3 1206 1459 1565 
2 578 464 
2 2120 775 
2 1626 3166 
3 3147 46 2471 
2 980 432 
2 462 3068 
3 2469 3338 3160 
2 2849 1451 
2 1642 140 
2 40 983 
3 2420 1262 2929 
2 851 2787 
2 2812 2937 
3 54 193 1844 
2 2818 1390 
3 411 1548 1630 
2 2855 1439 
2 3361 50 
3 1002 2330 172 
2 1465 2493 
2 1431 856 
2 1279 1319 
2 2668 736 
2 2532 1806 
2 93 1958 
5 2461 2412 396 1431 81 
2 1062 1597 
2 2651 326 
2 1212 2637 
2 2060 2031 
2 747 2301 
3 544 463 797 
2 2796 2932 
2 1378 1290 
2 1291 1655 
2 301 2522 
2 221 2383 
2 2209 3189 
3 578 3224 1057 
2 2861 2114 
3 3254 1297 1716 
2 1046 1308 
3 135 1529 793 
2 714 2326 
4 965 62 1624 1643 
2 3357 2760 
2 1319 718 
2 2238 2436 
4 116 2860 977 2048 
2 1229 1555 
2 1945 965 
2 2472 1695 
2 570 1583 
2 1836 1450 
2 904 2664 
3 2638 3236 1081 
3 1899 756 61 
4 1519 1471 550 3000 
2 2505 1030 
2 2999 1573 
2 2030 1711 
2 2522 700 
2 2468 3146 
3 1415 2439 3149 
3 2553 3294 1257 
2 2437 842 
2 469 2899 
2 3037 1823 
3 701 3261 1510 
2 839 2877 
2 2661 629 
2 2340 2686 
2 2808 513 
2 925 3129 
2 1376 1766 
3 154 2585 907 
3 1554 1270 966 
2 2063 1364 
2 1410 759 
3 1630 85 1161 
2 1995 3047 
2 1451 1478 
3 461 2590 1038 
2 3035 786 
2 931 1717 
2 2275 2606 
2 1496 278 
2 466 2204 
2 939 356 
2 776 861 
2 277 2363 
3 2077 3051 2556 
2 769 3204 
2 1932 1867 
3 2998 2594 2176 
2 1461 1590 
2 2546 2013 
2 2921 18 
2 203 79 
2 1512 785 
2 2085 2766 
2 2884 972 
2 2919 2396 
2 45 3264 
4 2582 777 1813 1321 
2 1718 2940 
2 2345 968 
2 969 2264 
3 2523 1278 686 
3 1207 2589 2531 
2 416 3018 
2 2007 2639 
3 2416 1704 533 
2 1967 1504 
3 382 3042 3021 
2 3312 2100 
2 1615 1972 
3 2585 112 948 
2 560 1836 
2 3309 2586 
2 616 2272 
3 1307 477 2567 
3 1999 1662 1623 
2 1722 2807 
3 1914 2304 1192 
2 2854 1991 
2 1074 2503 
2 3000 3356 
2 419 2212 
2 2221 2714 
2 744 1894 
4 2981 2042 3165 1839 
3 2732 295 2156 
2 748 2283 
2 1817 1643 
3 55 2208 904 
2 1708 2121 
2 2278 1318 
3 1858 2725 1790 
2 2197 2838 
2 698 3299 
2 1382 2710 
2 2092 1162 
2 654 1742 
2 3017 735 
2 664 501 
2 2608 2287 
2 2990 244 
2 577 584 
2 1176 3118 
2 2841 15 
2 1388 1578 
3 352 545 286 
2 2199 2782 
2 225 1882 
2 379 1430 
3 819 1732 50 
2 2336 708 
2 298 765 
2 2044 2798 
3 2142 1402 404 
2 1126 3253 
2 1455 596 
3 692 643 2809 
4 710 24 3272 1461 
3 1057 2718 361 
2 306 135 
2 2038 2671 
2 409 476 
3 2605 2685 3083 
2 251 2110 
3 35 3063 3262 
2 620 2707 
2 2156 3140 
2 3196 3326 
2 1170 2950 
2 2539 2004 
3 254 2091 1767 
2 295 3017 
2 1448 1805 
2 2071 811 
2 1045 1765 
2 2133 3093 
2 1955 2776 
2 854 73 
3 238 2621 3052 
2 3115 1938 
2 2082 1554 
3 1987 1722 191 
2 638 696 
3 3346 1729 1546 
2 919 1210 
2 2652 1563 
2 2870 2358 
2 3271 2143 
2 2789 1866 
2 2837 452 
2 2347 1246 
2 3120 2698 
2 2970 2931 
2 1044 371 
3 1038 222 1337 
2 897 869 
3 727 2696 2418 
2 2051 531 
3 1193 2523 2189 
3 441 815 1527 
2 184 813 
2 3052 441 
2 483 655 
3 513 2525 743 
2 1674 3228 
3 935 1596 2091 
2 1741 573 
2 412 207 
2 660 3147 
2 924 2837 
2 324 214 
2 3277 732 
2 2422 1622 
3 1075 1008 3226 
2 558 288 
2 2321 3212 
2 2204 459 
2 514 3185 
3 2677 2587 1053 
2 864 1723 
2 284 3333 
3 2222 1087 1329 
2 2529 486 
3 2216 2179 289 
2 2567 3160 
3 1487 3057 2139 
2 799 3197 
2 1112 1005 
3 840 1350 2792 
4 3288 1909 466 2366 
3 1593 837 2630 
2 1259 2935 
2 1699 1401 
2 1981 127 
2 123 953 
2 761 969 
2 2501 971 
2 3121 1111 
2 3146 1741 
2 464 1584 
2 2607 264 
2 2357 519 
5 189 2757 3202 397 1312 
2 1236 3154 
2 258 3155 
3 267 3257 2881 
2 1752 1446 
2 790 1025 
2 3056 2218 
2 2885 1762 
3 988 772 682 
2 169 215 
2 1788 2619 
2 2755 1730 
2 506 195 
2 2881 1218 
2 378 3015 
2 2945 72 
3 1947 2180 1042 
5 390 1533 1869 1517 1436 
3 1694 2810 1690 
2 2521 1206 
2 2681 203 
2 2165 1740 
3 3083 1003 976 
2 3072 1349 
3 542 2147 875 
2 1922 2990 
3 946 1747 2871 
2 3266 1528 
2 10 2995 
2 1146 3176 
2 1232 3201 
2 2838 1775 
2 628 755 
2 2280 1852 
3 2909 2651 2232 
2 457 2605 
2 3074 1533 
2 1364 3020 
2 3240 254 
2 1853 2285 
2 64 859 
2 1510 1180 
2 1508 887 
2 2703 3183 
3 534 1429 1446 
2 968 2562 
2 1198 1608 
2 2693 2854 
2 1001 2261 
3 2043 2667 2480 
2 2864 636 
2 1172 1666 
2 1186 1801 
2 684 3198 
2 2931 489 
2 2799 874 
2 1904 1747 
3 893 1039 1812 
5 2613 1980 2472 1176 3148 
2 812 1234 
3 2592 3014 1684 
2 625 2351 
2 2045 503 
2 3246 1677 
2 2875 2987 
2 1635 2427 
2 1848 189 
2 3213 631 
2 1070 1156 
2 2059 2426 
2 125 1952 
2 2503 2794 
2 2035 1330 
3 1538 2276 987 
2 1527 1842 
3 1375 202 778 
3 3256 2441 2160 
2 2817 3296 
2 2495 1091 
2 1490 1749 
2 858 3266 
2 2964 1171 
3 477 2231 2541 
2 755 1497 
2 3205 873 
4 237 1673 1351 3304 
3 853 1040 2995 
3 780 3047 2748 
4 921 2282 2841 1384 
2 966 1415 
3 3359 2196 1500 
2 3208 2598 
2 383 300 
4 2056 2028 192 1849 
4 2745 584 2802 957 
2 2396 2370 
3 1900 151 988 
2 3230 378 
2 1560 932 
2 1769 2905 
2 1281 2150 
2 1158 1772 
2 528 1029 
2 1776 2589 
4 415 2735 303 949 
2 2162 1868 
3 2339 1714 2013 
2 2047 586 
2 2795 2253 
3 2447 1998 1840 
2 2753 62 
3 286 3032 3315 
3 2487 3320 2813 
3 2863 2808 3324 
2 2604 1128 
3 1824 11 2480 
2 2295 471 
3 1182 3183 850 
3 197 1178 1387 
2 3206 3213 
2 2342 1249 
2 446 2455 
2 1984 2711 
2 1713 205 
2 2324 2681 
2 2414 52 
4 2933 3352 2239 251 
3 1847 1635 3259 
2 2368 1063 
2 1761 390 
2 1253 147 
3 2934 608 2190 
2 30 2128 
2 2111 165 
2 589 2008 
2 2879 2823 
2 1907 2790 
2 830 7 
2 812 3089 
3 776 1195 2177 
2 1585 1102 
2 1303 3106 
2 795 3024 
2 2516 1016 
2 1151 2754 
2 1459 841 
2 41 955 
2 1366 3086 
2 2137 571 
3 1050 1377 1074 
2 1790 1361 
2 739 1916 
2 2369 940 
3 2584 895 2667 
2 642 1573 
2 245 243 
3 1274 2662 2399 
3 451 2709 2401 
2 1800 2599 
2 1482 1425 
2 1780 407 
3 549 2443 2944 
2 1640 925 
2 2829 3227 
2 1115 3248 
4 1469 2429 443 2815 
3 233 529 1707 
4 667 1159 1314 1754 
2 820 1432 
3 1246 3125 1744 
2 2074 1897 
2 2897 321 
2 905 3109 
2 260 2868 
3 1872 1665 2411 
2 717 119 
2 3082 42 
2 68 2413 
2 37 283 
2 1219 1104 
4 273 3280 3080 124 
2 2507 1496 
3 3031 894 2497 
2 673 103 
2 3195 2038 
2 402 2011 
2 2052 1914 
2 1866 2082 
2 553 2172 
2 1130 1322 
2 205 2916 
4 885 3046 368 158 
2 2778 1346 
2 2338 1136 
2 2178 1021 
2 2966 2864 
2 2531 2733 
2 1528 246 
2 3231 680 
3 712 2548 1442 
2 266 869 
2 1709 3032 
2 1777 1366 
2 340 1043 
3 1663 1974 33 
2 1963 3059 
3 2924 2099 1745 
2 1811 1056 
2 1132 591 
2 2294 2418 
2 1443 2696 
2 2005 1437 
2 2258 1707 
2 2446 2385 
2 883 2249 
2 182 3014 
2 509 10 
2 348 2933 
2 3228 1028 
2 1460 2975 
2 1135 298 
3 1332 896 3342 
3 2523 2241 2296 
2 1980 502 
2 526 1424 
2 834 569 
2 1462 2902 
3 1596 109 247 
2 1558 261 
3 2782 3344 1717 
4 693 2094 1886 730 
2 710 2607 
2 2 1013 
3 285 1247 1726 
2 804 1713 
2 2876 2244 
2 995 588 
2 2121 1105 
3 2283 1721 3124 
2 1200 2509 
2 2800 510 
3 2564 1584 1375 
2 794 388 
3 452 3342 2856 
2 1339 1931 
3 241 2747 1606 
2 3227 2269 
3 1196 149 2051 
3 1516 2638 330 
2 1680 1487 
2 1389 2274 
2 615 2947 
2 3128 1534 
2 3293 2018 
2 1025 3352 
3 1507 1369 1602 
2 1101 310 
2 1997 1781 
2 2065 68 
2 189 921 
2 1439 2545 
2 1441 1133 
2 699 2805 
3 766 2115 447 
2 94 958 
3 1022 1147 722 
2 1861 1304 
2 2425 474 
2 612 625 
2 1771 2306 
2 1500 1865 
3 2614 3181 2554 
2 2395 258 
2 2556 2889 
2 2135 155 
2 868 3337 
2 1133 2207 
2 910 2275 
3 1501 2355 2584 
2 801 1693 
2 1379 2920 
2 1266 1680 
2 2682 1288 
2 511 1026 
3 772 821 89 
2 434 2193 
2 2996 1179 
4 1374 250 2726 977 
2 1562 806 
2 3068 1796 
2 1522 3 
2 3203 185 
3 2647 75 37 
2 3183 2432 
2 1618 2186 
3 1191 1656 2521 
2 3314 3126 
2 1887 3271 
3 185 3108 380 
3 1157 3158 1409 
2 393 2517 
2 1494 2458 
2 522 1468 
2 1085 420 
2 1438 3006 
2 494 2234 
2 2369 2456 
2 2093 2495 
3 1926 2027 906 
2 2067 3043 
2 199 1838 
2 1145 2255 
3 2171 810 960 
2 2772 1032 
2 610 805 
2 2099 1205 
2 2132 1201 
3 2151 2698 3101 
2 17 1261 
2 3358 2969 
3 2555 2884 1791 
2 2224 1731 
2 417 2494 
2 636 2906 
2 2775 600 
2 1971 3178 
2 1933 554 
3 2253 1100 3288 
3 1336 1697 2000 
3 1153 537 627 
2 1050 157 
2 3001 3121 
2 2618 715 
3 1801 1582 2022 
2 1495 209 
3 1643 2088 1112 
2 2029 1829 
2 2925 3010 
2 3084 1208 
4 554 2414 347 1190 
2 3284 1433 
3 1230 615 1409 
2 1478 318 
2 107 1645 
3 2944 2671 1597 
2 353 2444 
2 1864 1000 
3 1477 2781 2470 
2 2851 2175 
3 1622 2277 25 
2 336 609 
2 2649 3098 
2 2581 226 
2 1418 3276 
2 1795 900 
2 1254 1277 
3 1839 3023 440 
2 2172 200 
2 2362 1 
2 2017 2628 
2 2535 1984 
2 2154 2050 
3 984 1899 2917 
2 1138 2965 
2 2541 2567 
2 3015 2703 
2 720 1524 
2 990 3169 
3 1832 180 1621 
2 246 2863 
2 690 3144 
2 996 2281 
2 2022 982 
2 1895 2138 
3 2741 2223 252 
2 2384 871 
2 1293 847 
2 2116 2387 
3 672 1015 182 
2 2756 1551 
2 3036 845 
4 2032 1629 1984 453 
2 2030 715 
2 2259 999 
2 2489 2985 
2 3041 1273 
2 2886 664 
2 1547 469 
2 2318 3295 
2 2792 1764 
3 706 1974 1663 
2 3243 2085 
2 1278 2077 
2 2308 1746 
2 484 3133 
2 1006 2052 
2 294 2561 
3 1041 1915 2015 
2 1081 339 
2 2852 1162 
2 145 2658 
2 2768 1475 
3 2517 3190 3352 
2 3026 1735 
2 1891 656 
2 2821 1233 
2 2820 200 
2 3092 516 
2 31 1278 
2 3059 1498 
2 226 1055 
3 2847 3176 2809 
2 2068 177 
2 2533 548 
2 98 1267 
2 1851 105 
2 3235 2770 
2 2676 2142 
2 1012 1045 
2 2174 2618 
3 1760 3029 676 
2 2894 2141 
2 194 2880 
2 811 2073 
3 1264 517 201 
2 2265 3192 
3 1756 485 1770 
2 836 1654 
2 2372 80 
4 668 872 618 1908 
3 2343 2705 1034 
2 1992 461 
3 83 1110 783 
2 1744 1702 
3 1953 1826 652 
2 1912 1237 
4 551 1539 803 2811 
2 1468 2184 
2 823 3159 
2 1707 961 
2 2672 2390 
2 936 240 
2 2718 1536 
3 1149 1080 1939 
3 516 2107 2670 
2 785 3243 
2 255 2341 
2 3327 1119 
2 866 1986 
2 181 1149 
2 59 2171 
2 1937 1506 
2 3030 1988 
2 1825 437 
4 3237 1445 3013 1326 
3 2146 2472 1211 
2 1405 1410 
2 247 2620 
2 2684 167 
2 1242 991 
2 1222 1098 
2 1948 67 
2 2732 170 
2 3352 2071 
3 1344 2340 2113 
3 1048 1069 1139 
2 778 3106 
2 805 3142 
2 2341 3231 
2 318 369 
3 3171 1383 93 
3 3300 3303 2978 
3 2108 2256 2154 
2 115 1241 
2 2920 2365 
2 2129 279 
2 1356 1691 
2 963 1048 
2 1096 2237 
2 195 2169 
2 2282 549 
2 1323 1543 
2 1017 3312 
2 3296 129 
2 3332 1182 
2 1216 2398 
3 294 570 2855 
2 1696 2980 
3 1030 1835 1742 
2 38 1511 
3 2022 425 126 
2 141 3045 
2 361 752 
3 2779 2781 1051 
2 2700 373 
2 2372 2087 
2 3025 1613 
3 3169 718 2347 
2 2000 2656 
2 136 731 
2 120 1160 
2 1385 1395 
2 1333 1945 
2 2193 3019 
2 3011 291 
2 1593 2431 
2 34 1932 
3 1701 79 1242 
2 1250 528 
2 2214 428 
2 1407 2612 
2 68 1024 
2 3134 1283 
3 1211 1236 270 
2 3095 1213 
2 1218 565 
2 2549 2737 
3 722 2167 1447 
2 1779 520 
2 600 753 
2 574 989 
3 2617 1167 3269 
2 2160 2173 
2 1179 2001 
2 1403 598 
2 217 709 
4 1504 1674 424 345 
2 244 827 
2 2100 3208 
3 3151 2847 243 
2 2751 2571 
2 2828 1870 
3 2957 1880 2897 
2 2301 193 
2 2823 454 
3 3021 2352 570 
2 1308 2761 
2 3303 724 
2 1954 2149 
2 2184 1773 
2 903 3196 
2 813 2678 
2 3259 3112 
3 1918 936 2707 
3 2264 423 1036 
3 3238 2826 1776 
2 2280 3297 
3 2906 2405 2629 
2 1227 511 
2 1809 2736 
2 1719 713 
2 274 2298 
2 1842 2809 
2 1849 106 
4 1350 272 1821 3045 
2 431 2 
2 102 2843 
2 1140 2286 
2 1636 2569 
2 666 1352 
2 2969 2732 
2 662 853 
2 3152 2684 
2 1454 1638 
3 403 2575 2505 
3 1127 1960 48 
2 3153 1363 
2 847 372 
2 1047 221 
2 960 3074 
2 57 893 
3 1854 2401 2853 
3 1461 1683 366 
3 326 1632 1946 
3 3098 1759 2304 
2 126 3188 
3 3289 2612 914 
3 1878 1559 1853 
2 1156 263 
2 1387 2862 
2 2205 734 
2 2859 2490 
2 2904 561 
3 486 239 2938 
2 1313 1347 
2 661 3230 
3 973 1814 715 
2 370 1876 
2 341 1087 
2 310 2722 
3 1290 1457 1841 
2 2814 2834 
2 3181 3128 
2 2688 1093 
3 3113 28 1100 
3 3276 2863 3147 
2 2297 1420 
2 2724 500 
2 1939 3007 
2 2985 477 
2 3193 2190 
2 328 1967 
2 2902 2849 
3 2835 1923 1223 
3 1481 1486 3075 
3 3165 1442 2777 
2 2757 938 
2 856 343 
2 468 1331 
2 439 2708 
3 507 1918 1964 
2 3219 239 
3 1646 1626 3161 
2 3253 2374 
2 640 2343 
2 16 1985 
2 1524 1220 
2 933 826 
2 172 91 
3 1545 458 2581 
3 1888 594 14 
2 112 2964 
2 1874 2738 
2 1844 1782 
2 2122 563 
2 2309 2101 
2 3132 3270 
2 2217 3291 
2 862 3322 
2 2096 1323 
2 1272 2319 
2 1484 3339 
2 1456 1586 
2 2357 228 
2 3221 2424 
2 545 374 
2 1097 3318 
2 3133 1587 
3 1043 253 1456 
2 448 110 
3 2087 1393 3100 
2 2660 2407 
2 2078 1947 
2 3241 2056 
2 1977 2860 
2 1445 121 
2 384 3110 
2 2791 903 
3 1518 1376 2375 
2 3090 249 
3 3251 727 829 
2 1031 1086 
2 892 2687 
2 1573 125 
2 438 3313 
3 2788 1235 35 
2 2211 2693 
2 998 2389 
2 1020 1983 
2 3112 2381 
2 2196 312 
2 2950 3331 
3 154 2762 1598 
3 2959 390 1216 
2 29 2462 
2 2773 2350 
2 2292 1824 
2 278 1913 
3 1292 2353 2545 
3 432 1339 1164 
2 2771 2910 
2 380 2450 
2 550 2661 
2 2267 1327 
3 598 2483 855 
2 725 1727 
2 1823 1605 
2 2673 763 
2 1368 1008 
3 2865 87 81 
3 113 1997 375 
3 2417 1854 3292 
2 143 331 
2 279 144 
2 2235 2417 
2 280 2836 
3 138 1855 2963 
2 1343 872 
2 1541 2971 
2 3302 1896 
3 1016 308 1910 
4 1827 573 2726 85 
3 2748 1194 2475 
2 3304 2113 
2 1617 41 
2 2591 3043 
3 658 3043 1020 
4 46 2669 2573 1484 
2 1486 648 
2 2177 1076 
3 1916 1961 2479 
3 1655 359 2292 
3 3278 382 294 
2 806 2324 
2 2631 653 
2 745 1392 
2 1287 2229 
3 1806 2251 34 
2 2515 1033 
2 2891 522 
2 1298 657 
2 1652 1883 
2 1480 943 
2 669 2542 
2 632 2812 
2 3334 334 
2 2558 55 
2 308 1271 
2 2816 2789 
2 271 2419 
2 3163 681 
2 3297 1934 
3 2941 964 257 
2 2587 1570 
2 1316 1145 
2 2013 2767 
2 1969 704 
2 518 2403 
2 3280 2596 
3 664 1301 1819 
2 429 976 
2 1956 768 
2 1489 1184 
2 2433 1592 
2 982 944 
2 480 1994 
2 3131 551 
2 1408 2765 
3 797 3331 1141 
3 291 2454 540 
2 569 3044 
2 1661 1774 
2 504 2321 
2 388 2308 
2 95 774 
2 1255 937 
2 599 2105 
2 994 2530 
3 716 1326 3164 
2 2662 1761 
3 830 1751 1126 
2 1409 2228 
3 119 1552 238 
3 343 2140 2653 
2 2102 372 
3 2832 683 1572 
2 302 2515 
2 489 924 
2 1440 237 
2 704 218 
3 1485 78 1381 
3 3314 1846 854 
3 763 2109 751 
2 1139 1457 
3 1687 435 616 
2 779 2499 
2 3269 2028 
3 2228 262 1890 
2 1962 2033 
2 696 3071 
2 493 1476 
2 75 202 
3 1511 1889 2643 
2 3308 2876 
2 3224 2680 
3 1300 1286 2202 
2 2406 63 
3 414 2157 1499 
2 5 2977 
2 1546 11 
2 3257 1289 
2 1150 2111 
3 1395 3179 1085 
4 751 2930 2714 2732 
2 3351 354 
3 2580 2094 1300 
2 2762 1338 
2 2695 3246 
2 435 163 
2 2579 257 
2 985 1797 
3 1693 1191 2402 
2 1499 2781 
2 2769 2095 
3 3265 1282 729 
2 92 684 
2 1630 2706 
2 3290 2161 
2 2831 2501 
3 1068 589 2289 
2 937 2874 
3 874 3094 265 
2 1202 2896 
2 31 1099 
2 1634 1447 
2 364 1414 
3 1394 3325 1997 
2 879 3247 
2 1668 2827 
2 2551 2098 
2 2979 764 
2 1103 922 
2 746 1452 
2 1089 2688 
3 2307 880 613 
2 2715 542 
2 426 2245 
2 35 1097 
2 465 3070 
2 523 1624 
2 1400 2017 
2 2486 1174 
3 2611 2291 2160 
2 2934 2289 
2 718 2635 
2 281 2966 
2 621 271 
2 2575 3242 
2 2796 2461 
3 2692 2958 450 
2 2719 2335 
2 2127 2096 
2 2754 1519 
3 733 2715 2192 
2 2845 3235 
2 2410 1492 
2 2374 2305 
2 3067 1321 
2 2980 2282 
2 1413 3041 
3 1036 1619 198 
2 2079 851 
2 400 1460 
3 3211 2122 2213 
2 2734 475 
2 1282 3311 
2 1534 494 
2 547 562 
2 1315 2215 
2 3273 506 
2 479 2179 
2 1657 1422 
2 1256 649 
2 751 1049 
2 1467 843 
2 1024 1260 
2 1529 2252 
2 1602 2636 
2 2124 2444 
2 1010 597 
2 2048 315 
3 2463 2183 551 
3 3234 3337 1204 
2 735 729 
2 2335 1067 
2 1928 430 
2 2675 2773 
2 3100 615 
2 2562 1851 
2 1942 2174 
2 354 864 
2 2655 585 
2 2249 387 
2 2689 453 
3 786 2237 1738 
3 2706 116 2388 
3 685 179 2357 
2 3105 2594 
3 2257 955 2471 
2 3007 1779 
3 3142 1292 1420 
2 807 2044 
2 2036 2247 
2 2037 2356 
2 1798 212 
2 367 1263 
2 1612 337 
2 2819 1610 
3 1107 1903 2751 
2 2010 1990 
2 344 186 
2 3135 1647 
3 404 3287 1535 
2 572 809 
3 327 1342 2680 
2 2984 2266 
2 770 403 
2 2366 2487 
2 1018 3131 
3 2955 1450 1255 
2 2103 338 
3 1639 1545 3019 
3 2136 3343 3029 
2 1220 2109 
3 1390 625 1670 
3 1077 1250 581 
3 161 2536 3137 
2 2766 242 
2 978 1810 
2 425 1771 
2 2123 533 
3 1272 1240 3282 
2 1690 332 
2 1264 1400 
4 3174 3116 1604 525 
2 602 2408 
2 3249 1088 
2 3279 2278 
2 1148 1569 
2 601 1219 
2 305 36 
2 3125 146 
2 624 2769 
2 2708 3199 
2 228 1523 
2 741 799 
2 1310 65 
2 800 2550 
2 2270 1769 
2 1841 2180 
2 949 771 
2 2956 2997 
2 299 801 
3 1205 465 1541 
2 902 1189 
3 2404 1305 2136 
3 2925 746 2205 
2 889 3275 
2 2300 1650 
2 1743 2060 
2 3140 1703 
2 1591 834 
3 1717 1414 2046 
2 2737 86 
2 2899 627 
3 3028 3082 3076 
2 2194 316 
2 691 1435 
2 345 1685 
2 941 2318 
3 799 1712 287 
3 721 3155 2677 
2 3245 1271 
2 1692 1641 
2 1197 2728 
2 759 2605 
2 793 745 
2 2050 2624 
2 2731 2012 
2 2279 3168 
3 13 234 455 
2 1500 519 
2 1735 2941 
2 406 3130 
2 1191 794 
2 1351 1652 
2 1726 3191 
2 1698 416 
3 1398 641 3278 
2 1185 1031 
2 32 1138 
2 101 2451 
2 1695 2334 
2 2742 275 
2 1141 1350 
2 604 1358 
2 47 1687 
3 1171 1936 4 
3 1822 710 1199 
2 1360 1563 
2 1324 567 
2 700 1648 
2 3118 4 
2 3355 2221 
3 2480 1831 113 
3 1003 1238 1413 
3 1754 916 1197 
3 671 1996 1781 
3 2263 2374 442 
2 3258 1793 
2 2002 3308 
2 641 1900 
3 694 678 145 
2 3306 58 
2 2213 3319 
2 25 386 
2 1080 1131 
2 798 2704 
2 1774 2373 
2 2255 2460 
2 1061 1593 
2 1715 992 
3 568 2559 21 
2 1066 2551 
2 70 876 
2 1913 71 
2 1166 954 
2 3063 662 
3 3315 2014 2900 
3 2284 2890 1380 
2 2286 2552 
2 77 1928 
2 1328 996 
2 1898 1310 
4 28 1071 3092 1061 
2 1015 1949 
3 1391 1489 1455 
2 3040 427 
2 552 3260 
2 2856 1221 
2 3317 2075 
2 2057 158 
2 78 822 
2 3137 2371 
2 1299 1212 
2 2765 2312 
3 2698 286 3315 
2 1957 870 
2 453 1968 
3 2563 3279 1134 
2 2839 1010 
2 2203 1877 
2 174 1416 
2 58 83 
3 1579 2415 3274 
3 1123 141 2034 
2 475 2986 
2 915 767 
2 3150 1266 
2 2329 1560 
3 2922 740 1034 
2 959 1668 
2 1964 1298 
3 265 3029 3113 
2 358 2922 
2 894 1639 
2 3251 507 
2 2183 788 
2 2290 2938 
2 2206 1357 
3 1613 2857 614 
2 238 21 
2 1072 1925 
2 955 530 
2 2332 2991 
2 2538 2558 
3 3194 2588 1180 
3 1784 1858 973 
2 3088 750 
3 2542 1591 3222 
2 478 3123 
2 870 1372 
2 1808 3173 
2 309 3116 
4 1260 2501 272 840 
3 371 1251 3088 
3 3103 845 1629 
3 2352 1613 2256 
2 3148 3273 
2 1802 3206 
2 2334 762 
2 1335 1418 
2 1261 2187 
2 2243 3209 
3 2868 2356 1265 
2 436 2644 
2 1949 3124 
3 852 2749 2593 
2 114 323 
2 1566 2063 
2 488 433 
2 2260 2049 
3 2287 2634 964 
4 2811 2632 541 1599 
2 1684 1434 
2 2333 2118 
2 1347 1671 
2 1473 2037 
2 2568 573 
2 527 361 
2 934 111 
3 3268 3162 435 
2 2266 70 
2 3141 566 
2 1295 2548 
3 1421 1046 2674 
2 28 178 
2 756 1822 
2 374 1412 
3 2954 787 1742 
2 2878 2555 
2 404 865 
2 1978 188 
2 3316 536 
3 51 2101 1190 
3 2620 1302 3119 
2 991 2828 
2 1464 926 
3 1682 1474 1092 
3 787 1594 1068 
3 2804 2438 1600 
2 2411 1510 
2 1530 1254 
2 1539 1959 
2 1199 1106 
2 276 2593 
3 2337 197 1495 
2 2155 810 
2 1415 3114 
3 2426 2126 742 
2 1716 2141 
2 1968 796 
2 1608 1023 
3 627 585 1037 
2 742 115 
3 2047 8 3096 
2 1384 1575 
3 1271 1664 1125 
3 1228 1091 2833 
4 375 1404 100 3189 
3 1318 2799 3115 
2 2200 2313 
2 1357 639 
2 3162 3025 
3 882 1166 2591 
2 3285 1381 
2 1137 3341 
3 1564 2392 2954 
3 510 14 1728 
2 445 2885 
2 1982 2786 
2 2024 1631 
2 2898 1953 
3 330 2317 1733 
2 192 3186 
2 62 57 
2 454 2858 
3 626 1834 2131 
2 1370 2804 
2 1233 2535 
3 2790 303 2482 
2 497 1634 
2 1985 590 
2 53 546 
2 1625 1044 
2 2973 547 
3 485 1752 891 
2 6 496 
2 2170 2824 
2 740 931 
3 290 330 2919 
3 1090 803 2200 
2 1728 216 
2 3236 1501 
3 90 2169 1185 
2 44 118 
2 1098 2236 
2 2392 2477 
2 2794 849 
2 1302 199 
3 2138 924 918 
3 1049 3358 876 
2 2560 2743 
2 36 431 
2 1128 505 
4 3138 201 858 132 
2 1670 512 
2 1607 3252 
2 2913 1393 
2 2658 56 
3 2594 1526 1853 
2 1979 1140 
2 588 723 
3 2027 451 2891 
3 2763 3203 1966 
3 2230 2039 94 
2 2456 2895 
2 2739 1373 
2 2667 1394 
2 687 3265 
2 1056 3150 
3 2873 2499 633 
2 118 628 
2 1974 2645 
2 1901 998 
2 1840 890 
2 2952 445 
2 2442 2529 
3 983 2573 917 
2 1694 1046 
3 2733 984 890 
2 535 269 
4 2711 2049 1525 2689 
3 2173 1018 1302 
2 2712 365 
3 2164 2509 3317 
2 1121 3232 
2 1829 2223 
2 2220 587 
3 2418 1402 620 
2 467 123 
2 369 1616 
2 695 3251 
4 1063 2323 2372 1078 
3 376 556 1247 
2 1449 564 
3 3086 2514 1540 
2 1551 1531 
3 150 1862 812 
2 2943 2466 
2 737 2614 
2 2935 541 
2 2130 328 
2 3200 2544 
3 105 1397 327 
2 775 1058 
2 1885 136 
2 2903 2009 
2 3305 2010 
2 3282 2755 
2 2986 534 
2 303 2526 
2 2629 934 
3 1118 2327 94 
2 1970 2119 
2 1837 2330 
2 2557 576 
3 1210 2311 1983 
2 652 902 
2 1488 2648 
2 1466 2948 
2 243 360 
2 313 483 
2 79 1142 
2 2793 1398 
2 1503 2519 
2 2391 3163 
3 322 2633 303 
2 538 1132 
2 1178 2923 
2 728 2211 
2 3340 1888 
2 2370 359 
3 722 1399 2430 
3 2361 1502 3361 
3 1544 1219 974 
2 2003 2717 
2 767 2182 
2 3 1541 
2 1187 905 
2 227 1065 
2 2326 673 
2 2552 52 
2 2090 2808 
2 1873 2081 
2 665 1503 
2 1038 2621 
2 2046 3050 
2 224 113 
2 86 2483 
2 3097 2956 
2 3187 1882 
2 2152 514 
2 2176 863 
2 1325 384 
2 2982 2833 
3 2129 574 1694 
3 1265 229 2796 
2 1835 1423 
4 36 2771 2539 2608 
2 2242 1365 
2 1690 2981 
2 1821 2299 
2 1204 2542 
2 1009 2076 
2 2836 2846 
3 2545 1041 2067 
4 440 96 939 2047 
2 1641 2271 
2 1412 2024 
2 3264 1698 
2 2946 23 
2 188 2276 
3 2638 2214 1320 
2 2097 9 
2 2075 2582 
2 2786 619 
2 89 2976 
3 3347 283 527 
2 2202 426 
2 918 1768 
2 923 3240 
2 3222 2176 
2 2988 3054 
2 132 2080 
2 1345 1227 
2 1019 1859 
3 1286 791 274 
2 1395 2376 
2 2912 2219 
5 2145 513 2358 249 2573 
4 63 630 2369 2829 
2 948 32 
3 2947 1369 2452 
2 1396 2498 
2 3281 3145 
2 541 1143 
2 3345 2668 
2 3239 1200 
2 962 1961 
3 2437 531 2284 
2 2362 1463 
3 332 2205 1408 
2 1868 3103 
2 1173 3214 
2 2019 1620 
2 1691 1172 
3 782 1336 1353 
2 3098 2104 
2 2961 153 
4 2590 1497 2139 2621 
2 2784 980 
2 3006 580 
2 2702 1126 
2 1611 2579 
3 3055 654 1944 
2 256 635 
2 159 1669 
2 1105 81 
3 2923 1440 3073 
3 2490 39 898 
2 1653 2191 
2 1974 3143 
2 1352 667 
3 52 116 1082 
2 1427 3237 
3 1996 2384 859 
2 2247 3002 
2 1437 1090 
3 1960 351 413 
2 3077 844 
2 1934 3152 
3 1810 849 2527 
2 1331 1187 
2 2394 448 
2 1239 1574 
2 1664 45 
3 171 81 621 
2 2305 1885 
2 629 2361 
2 3066 898 
2 1177 3027 
2 1267 2203 
2 3108 2763 
2 1224 1981 
2 3004 2414 
2 1251 997 
2 2205 1627 
2 713 2844 
2 71 987 
2 581 2074 
2 1972 1137 
2 2241 2549 
2 1875 2677 
2 2747 2748 
2 2679 1027 
2 159 2115 
3 676 490 2152 
3 2736 1642 1413 
4 3166 1799 2563 460 
2 337 2400 
3 2625 2149 2989 
2 1327 1094 
2 1623 3134 
2 1190 1462 
2 1372 2690 
2 1893 3135 
2 371 2758 
3 2219 248 812 
2 7 2146 
2 3260 2502 
2 349 3081 
2 2061 3105 
2 2525 2160 
2 567 535 
2 3020 2120 
2 3085 1394 
2 858 2090 
3 346 3335 1370 
2 1234 2097 
2 2774 2543 
3 1262 2906 1050 
2 2602 2698 
2 2378 2962 
4 1694 304 1198 1567 
2 762 1612 
2 2159 1239 
2 565 1077 
5 1562 2465 1485 304 1690 
2 88 1258 
2 3033 773 
2 1889 614 
2 1576 1253 
3 3192 3119 276 
2 2678 3079 
2 2448 793 
2 719 2003 
2 1226 2053 
2 149 1940 
2 2254 2127 
2 3354 2348 
3 498 452 725 
3 1812 1924 173 
2 3202 487 
3 2260 1929 2165 
2 97 2217 
3 1236 1989 3219 
3 520 409 2338 
2 3149 392 
2 2648 1287 
3 77 1406 1998 
3 121 515 1228 
2 2709 142 
2 2485 836 
3 2413 1905 1943 
2 524 2359 
3 2970 160 225 
2 263 3285 
2 1755 2873 
3 1837 3035 3122 
3 519 1252 2826 
2 961 3216 
2 1424 1448 
2 227 2043 
2 297 2168 
3 607 2442 2102 
2 193 2717 
2 1429 2481 
2 2640 1832 
2 689 1248 
2 3216 1757 
3 2493 2675 3290 
3 1160 2598 1926 
2 2375 2691 
2 307 1834 
2 282 250 
4 180 774 1385 2934 
2 2189 1225 
2 455 719 
3 3244 492 2595 
2 679 3127 
2 342 312 
2 1807 2547 
2 365 2924 
3 2161 3349 3058 
2 3144 1036 
2 1442 290 
2 2815 2401 
3 453 1272 2070 
2 2392 1724 
2 2843 712 
3 1857 1736 2404 
2 3315 3319 
2 860 2672 
2 2710 706 
2 1035 415 
2 293 3036 
2 2500 2329 
2 675 2364 
2 218 2729 
2 111 2078 
3 1908 214 2246 
3 1882 1586 2258 
2 1214 385 
2 712 3165 
2 1195 555 
2 387 2273 
2 825 1805 
2 1027 1284 
2 317 2115 
3 831 2576 389 
2 2212 488 
2 2319 2504 
2 1165 804 
2 2187 446 
3 543 1273 2006 
2 909 2513 
2 3111 2459 
2 1965 1343 
2 1828 1807 
2 2634 2904 
2 3316 2524 
2 2008 296 
2 1825 2903 
2 175 436 
2 606 3102 
2 3329 2025 
2 1275 1837 
2 2291 2487 
2 2201 640 
2 575 1911 
3 1076 2514 2230 
2 3048 1170 
3 2041 2428 1665 
2 1883 444 
2 338 619 
2 2889 1355 
2 2641 3245 
2 2645 1886 
3 216 1773 3027 
2 60 993 
2 1785 1748 
3 2042 2928 1348 
2 3245 835 
3 1194 2806 1638 
2 2351 493 
2 343 1708 
2 141 2380 
3 2716 2720 872 
2 2744 3223 
2 9 2047 
2 3002 171 
2 2893 1875 
2 1015 3335 
2 2104 2511 
2 840 1568 
3 1383 2168 1264 
2 104 962 
2 952 401 
3 1840 739 1789 
3 3038 2761 720 
2 1855 977 
2 2802 1785 
2 622 1493 
3 2025 3307 2756 
2 1270 3085 
2 1734 654 
2 2932 2181 
3 2848 1740 1433 
3 3291 1564 774 
2 155 90 
3 1793 1725 1521 
2 596 2811 
2 168 642 
4 395 3005 1481 1825 
2 876 1215 
2 360 838 
2 2511 2768 
2 50 909 
2 1871 2713 
3 2192 2724 1047 
2 2787 413 
2 2062 352 
3 2603 379 839 
2 2589 3171 
2 1154 701 
2 319 2601 
4 863 1466 2611 325 
2 967 857 
3 972 2147 1827 
2 3226 2453 
2 1881 1757 
3 2432 175 1343 
2 1592 2263 
2 3177 2861 
2 2244 552 
2 1504 2209 
2 3034 2734 
3 2303 632 2068 
2 556 2759 
2 232 473 
2 130 2538 
2 391 1609 
2 303 3187 
2 817 2839 
2 2491 1845 
3 2699 460 3172 
2 2175 1550 
2 2350 908 
2 1818 1659 
3 873 3350 3340 
2 1317 3066 
2 2086 863 
2 2478 2779 
2 2479 818 
2 2799 1857 
3 1557 191 1768 
2 997 1800 
2 2081 2162 
2 1644 1512 
2 1804 516 
2 2443 583 
2 1537 906 
3 1058 2534 1697 
3 3180 1053 3348 
2 2918 690 
2 3009 2412 
2 2798 1672 
2 167 2999 
2 2807 659 
2 975 3300 
2 456 2901 
2 3156 1299 
2 648 93 
2 1277 382 
2 2261 1480 
3 1991 2680 30 
2 1174 2865 
2 3170 342 
3 2936 2216 1720 
2 2431 3286 
2 2041 422 
2 715 1767 
2 273 2533 
2 976 2473 
2 1796 3205 
2 2610 721 
2 953 1291 
2 472 161 
3 2624 2225 683 
2 437 986 
2 3212 2339 
2 896 829 
2 2207 2996 
2 2452 2825 
2 3272 2492 
2 2637 311 
3 1983 2974 889 
3 1708 1976 3314 
2 1338 3283 
2 1738 594 
2 3126 2088 
2 1297 1151 
2 1710 2560 
2 2519 2955 
2 530 2741 
2 792 130 
3 2419 612 2309 
2 1007 1637 
2 3154 1975 
3 2427 2874 1263 
2 3301 737 
2 223 2434 
2 729 884 
2 1704 2023 
2 2271 2442 
2 2720 1155 
2 1720 3048 
2 1621 2934 
2 788 87 
2 859 20 
2 928 302 
2 2514 747 
2 1301 1362 
2 3089 2819 
2 2992 2310 
2 356 2130 
2 1428 720 
2 0 824 
2 2240 220 
2 27 1017 
3 2890 3200 1313 
2 61 3031 
2 1399 2486 
3 2686 1635 851 
3 3330 1605 986 
3 2141 3054 1054 
2 2578 491 
2 896 1328 
2 2310 1784 
2 1470 2485 
2 887 150 
2 1314 1407 
2 20 1012 
2 3343 1520 
2 2139 611 
2 153 1657 
3 3139 3160 2239 
4 676 1628 1479 490 
3 1935 31 2702 
2 2653 1924 
2 2012 930 
2 2481 1388 
2 3250 1467 
3 2472 344 509 
2 1650 277 
2 2690 1426 
3 944 1523 1923 
3 646 408 667 
2 901 1438 
2 734 2642 
3 2633 3360 225 
2 738 2553 
2 1712 2472 
2 1175 2714 
2 162 1902 
2 2484 717 
2 2311 3039 
2 1021 3073 
2 2023 117 
2 1273 1632 
3 1092 543 966 
2 1716 395 
3 2107 2072 159 
2 614 784 
2 809 2778 
2 2833 1276 
2 1702 1542 
2 213 3302 
2 2811 497 
2 1781 2651 
2 2983 148 
3 420 2464 1788 
2 1513 2325 
2 1514 1175 
2 471 2753 
2 1244 1977 
3 133 392 1011 
2 2625 1294 
2 683 2117 
3 3065 2697 2362 
2 1106 645 
2 539 3284 
2 2058 1611 
2 3044 2998 
2 2314 3321 
3 619 658 776 
2 1940 1995 
2 1575 1427 
2 1792 1830 
2 2569 2743 
2 594 1469 
2 1052 379 
2 2274 622 
3 2310 668 97 
2 66 3301 
2 2408 667 
2 1054 3005 
2 1321 2092 
2 2163 358 
3 2751 1168 2277 
3 1373 2151 1169 
2 470 204 
2 1471 2719 
2 2197 2646 
3 2423 1907 1799 
3 168 2220 1808 
2 1729 335 
2 1167 196 
2 2968 348 
3 1228 2300 1553 
4 1573 1816 393 1411 
3 2084 85 1146 
2 1367 1488 
2 647 1243 
3 533 2449 241 
2 681 472 
2 1703 3003 
2 2182 2496 
2 2348 2570 
3 929 2617 379 
2 2464 1307 
2 3322 2019 
2 3091 355 
2 1225 66 
2 2346 1678 
2 3033 1848 
2 1365 114 
2 2233 2441 
2 2994 544 
2 2073 3193 
2 1572 595 
3 2390 1864 698 
2 3016 2328 
2 1754 3107 
2 749 217 
2 1999 3104 
2 709 2066 
2 1656 456 
3 1306 1581 2624 
2 1570 2927 
2 678 128 
2 1766 928 
3 2113 1127 2838 
2 1590 2185 
2 1550 1884 
2 473 224 
2 3287 2528 
2 2388 2048 
2 677 137 
2 2712 1878 
2 781 926 
2 1927 621 
2 2871 2572 
2 1683 1549 
3 214 249 2660 
2 2034 179 
2 2198 593 
3 33 516 1071 
2 1079 2783 
2 1117 915 
2 1685 1580 
2 1095 2945 
2 492 601 
2 152 814 
2 911 1390 
2 1731 1040 
2 2446 1186 
2 1614 1820 
2 1032 2800 
3 2761 3355 2930 
2 730 1999 
2 2976 758 
2 1189 1048 
2 207 3180 
2 1067 419 
2 2471 2725 
3 979 750 2079 
2 76 2809 
4 1662 3104 1775 549 
2 3099 663 
2 2015 2852 
2 1371 3215 
2 1520 3304 
2 1681 38 
2 173 523 
4 2687 910 2163 1129 
2 2457 1196 
2 3184 1144 
2 2584 2126 
3 2125 2957 1405 
2 1705 1117 
2 418 3113 
2 1562 761 
2 1952 1508 
2 1433 2612 
2 2911 602 
2 2646 219 
2 2429 3069 
2 2331 560 
3 1221 3073 1188 
3 2723 434 3053 
2 659 1456 
3 1616 269 1971 
2 1039 2192 
3 1406 707 1962 
2 703 197 
2 231 3195 
2 3129 2344 
2 2669 1596 
2 1675 741 
5 2363 2965 2568 1855 310 
2 3362 2915 
2 824 1667 
3 2547 386 3221 
3 2596 603 2037 
2 1663 1558 
2 2377 2793 
3 758 647 2832 
2 2296 1403 
2 169 210 
2 1063 2870 
2 3087 2532 
2 2597 1692 
4 1679 362 1108 808 
2 1083 1750 
2 1884 391 
3 2122 2035 2705 
2 2656 1491 
2 1710 307 
2 3242 2349 
3 803 3087 2313 
3 2576 1730 1822 
3 1450 765 3118 
2 2850 1444 
2 736 598 
3 3348 474 643 
2 808 1489 
2 1155 705 
2 634 1873 
3 1588 131 1559 
2 425 985 
2 3220 480 
2 1136 267 
3 1215 2744 302 
2 1833 2510 
2 1543 2054 
2 1147 1333 
2 723 825 
2 2080 2206 
2 580 2721 
2 1358 1780 
2 2759 2851 
2 242 1743 
3 886 417 2239 
2 1627 3294 
3 2140 1119 1846 
2 571 789 
2 2571 1232 
2 2588 3132 
2 376 946 
3 3143 176 2040 
2 2895 2093 
2 15 190 
2 1447 1417 
2 3319 1795 
2 1061 1585 
2 1648 1317 
2 124 260 
4 1222 866 1653 1608 
2 2185 1335 
2 562 1919 
2 172 3350 
2 1862 74 
2 2409 2377 
2 1536 942 
2 165 1777 
2 1129 1280 
2 1579 795 
2 1134 2867 
2 1905 267 
2 1711 913 
2 292 2291 
2 1595 1674 
2 2042 1494 
2 1269 166 
2 3270 265 
2 1493 660 
2 3295 607 
2 1915 2262 
2 3018 2257 
2 3360 2970 
2 1037 1053 
2 992 2314 
2 1797 1471 
2 2470 368 
2 320 2692 
2 2285 2064 
2 591 2296 
2 2639 970 
3 3081 1452 2683 
2 764 1160 
2 3210 84 
3 2190 1973 412 
2 2488 1955 
2 508 1658 
2 2375 1566 
2 3045 1359 
2 521 1861 
2 1102 2332 
2 1767 3049 
2 1168 1633 
2 2497 2626 
2 500 1158 
2 2436 3023 
2 993 2293 
2 1142 2354 
2 394 613 
2 2381 1705 
2 597 1285 
2 1353 758 
2 2226 1164 
2 1768 498 
2 3130 669 
3 2846 1710 1367 
2 334 1901 
2 2225 2659 
2 1859 1274 
2 144 830 
2 2397 711 
2 1181 1378 
2 2359 959 
2 2528 3307 
2 532 3022 
2 2493 1214 
2 1574 1941 
2 157 26 
2 1772 3250 
2 536 2029 
2 563 122 
2 1578 359 
3 2036 2309 635 
2 1203 174 
2 2439 1245 
3 3023 319 832 
2 657 2379 
3 1124 766 374 
3 170 524 2926 
2 1606 1295 
2 325 2233 
2 843 1296 
3 183 1368 3026 
2 2566 2968 
3 1109 1085 2866 
2 2400 1334 
3 2218 1794 1108 
2 987 952 
2 2251 3258 
2 3318 495 
2 2727 402 
3 2234 508 2155 
2 2544 882 
2 837 3326 
2 1568 3117 
2 2046 1224 
2 67 819 
2 2707 2676 
2 2746 1864 
3 2543 860 161 
2 1122 1644 
2 555 2835 
3 3106 1100 2801 
2 1029 679 
3 2277 1933 911 
3 1951 1965 2030 
2 1523 1993 
2 1311 2474 
3 1417 2167 2632 
2 2229 2021 
2 3278 2775 
2 2322 2500 
2 1429 2797 
2 1235 674 
2 916 1778 
2 3311 2616 
2 1028 259 
2 2907 2316 
2 1499 3192 
2 989 410 
2 2009 2957 
2 80 1547 
2 3188 1519 
2 2069 3241 
2 1763 1325 
2 1521 55 
2 3287 2135 
2 2245 1340 
2 3275 1371 
2 1258 1356 
2 1116 1150 
2 3022 194 
2 3262 1402 
3 1713 2391 479 
2 1917 392 
2 750 108 
2 732 754 
2 2701 406 
2 900 716 
2 2144 2878 
2 2949 143 
2 2801 2061 
2 783 234 
2 1706 2055 
2 2166 2992 
2 951 1874 
2 347 1811 
2 821 1353 
2 2561 954 
2 2252 2951 
2 3274 564 
2 1169 1360 
3 1162 285 919 
3 230 1596 2397 
2 1721 2267 
3 2524 2858 2488 
2 1645 1540 
3 2016 1607 644 
2 127 2147 
2 1764 3099 
2 760 2615 
3 273 2868 1183 
2 3061 2993 
3 2407 414 3049 
3 1597 438 592 
2 381 1538 
2 1309 2654 
3 1499 781 714 
2 1284 2663 
3 899 1122 1274 
3 934 2242 1739 
2 1594 2973 
2 2210 2153 
2 3053 1689 
2 2281 2856 
2 1813 22 
2 945 2254 
2 3323 2808 
2 73 2574 
2 1632 661 
2 499 3034 
2 2815 2983 
2 663 2711 
3 3218 1161 2084 
2 943 2613 
2 726 2068 
3 2338 2916 1532 
3 1423 1755 1453 
2 3267 3177 
2 2722 1640 
2 2822 558 
2 139 381 
2 2358 2265 
2 771 2423 
2 442 2649 
2 1666 2290 
3 1753 443 857 
3 3331 1077 3353 
2 1013 3263 
3 3094 1757 1221 
2 833 2984 
2 2841 1062 
2 927 2368 
2 1201 2032 
2 3145 2210 
2 2534 1121 
2 460 1397 
3 2510 1892 62 
2 463 1720 
3 1651 411 625 
2 1320 2440 
2 2972 149 
2 970 967 
3 240 495 1495 
2 1005 1933 
3 2451 3207 47 
3 2991 3120 3008 
2 2842 256 
2 2398 2041 
2 920 2818 
2 2877 553 
2 355 1405 
2 351 1936 
2 1799 3175 
2 451 2134 
3 1539 2751 3087 
2 791 1906 
2 579 1858 
3 2987 1019 2714 
3 2867 1938 3270 
2 2880 3344 
2 84 2250 
3 3173 1606 102 
3 3003 2936 1396 
2 100 2279 
2 2415 2447 
2 2064 362 
3 1941 1483 1731 
3 2787 1887 447 
3 1144 631 3059 
3 3286 2670 3326 
3 2548 2103 499 
2 2440 395 
2 2615 1701 
2 2051 2700 
2 957 2979 
3 1257 2420 2972 
3 1599 2822 1920 
2 1856 3234 
3 2459 3055 1025 
2 407 2546 
2 592 1472 
3 3079 2972 2123 
2 587 3136 
2 1783 2454 
2 1285 2508 
3 3320 1114 62 
2 950 3332 
2 2813 1147 
3 2008 2057 2752 
2 1694 3141 
2 1505 3256 
2 3214 17 
2 2872 99 
2 2619 43 
2 633 2231 
4 1164 40 2112 2703 
5 1989 741 344 1980 88 
2 1910 3157 
2 2312 2961 
2 978 3042 
3 2623 2821 2952 
2 1453 3046 
2 3049 1879 
2 986 1880 
3 401 335 1270 
2 1733 1978 
3 3175 1436 3279 
2 1555 960 
2 2940 1992 
2 1966 1719 
2 1959 1107 
3 1794 1183 398 
2 2360 2240 
2 2721 670 
2 867 1626 
2 12 1871 
2 1921 2557 
3 56 1737 2270 
2 608 2780 
2 593 364 
2 2054 2939 
3 468 2248 3229 
2 1600 2994 
2 1051 1477 
2 2316 1763 
3 1350 1084 280 
2 1676 2585 
2 163 357 
2 1778 3289 
3 3252 850 95 
2 2582 2627 
2 2783 467 
2 2460 3357 
3 525 2886 1491 
2 2181 2412 
2 1820 1843 
2 3186 12 
2 1782 2988 
3 1797 1948 1502 
2 1042 994 
2 2667 429 
2 586 688 
2 2788 6 
2 1531 1930 
2 3223 2926 
4 581 305 3336 2836 
2 72 98 
3 242 145 508 
2 1787 2360 
2 247 1679 
2 1517 3279 
2 1638 3021 
2 2083 2268 
2 1483 266 
2 1033 3072 
2 146 482 
2 2158 60 
2 1909 699 
2 1889 2410 
2 1435 646 
2 2840 1192 
2 2603 3233 
2 1867 1341 
2 1565 213 
2 2563 2577 
2 368 650 
3 999 1569 1345 
3 1686 2304 2916 
2 1509 2297 
3 954 546 1572 
2 2455 133 
2 1748 2150 
3 485 1380 2446 
2 1658 802 
3 1213 3071 2741 
3 1289 3137 1095 
2 1296 1548 
2 1988 101 
3 557 2817 2622 
2 1386 606 
2 128 559 
2 2492 1522 
2 1341 1002 
2 2853 1288 
2 1929 1458 
2 682 2353 
2 331 1154 
3 1665 1315 2540 
2 3159 527 
2 3060 2967 
2 8 2288 
3 158 650 268 
3 2914 1374 2147 
2 844 2026 
2 2055 3294 
2 816 2194 
2 2089 3103 
3 983 1596 1484 
2 2383 3004 
2 850 1113 
3 1776 3107 2168 
2 2540 3012 
2 3051 1963 
2 1620 1075 
2 3185 1071 
4 2962 905 3316 638 
3 1581 2506 141 
2 3161 2850 
3 564 2125 439 
4 2502 2671 112 154 
2 156 3194 
2 262 1009 
2 1342 2195 
3 389 1850 146 
3 3064 1616 119 
2 1420 981 
2 2627 346 
3 1401 1363 2913 
4 131 1163 3288 1466 
2 1745 3060 
2 1014 2151 
2 3247 2159 
2 377 1738 
2 444 3329 
2 3029 2694 
2 1852 2816 
2 2630 1688 
3 2632 2537 1849 
2 2697 400 
3 1241 321 206 
2 122 3237 
2 517 284 
3 3336 1565 183 
2 3207 3001 
2 3158 1912 
2 1853 1108 
3 796 2131 862 
2 2389 344 
2 1506 557 
2 2365 2448 
2 2320 2774 
3 3076 807 2056 
2 705 618 
3 296 2469 3139 
2 743 1391 
3 1552 1616 222 
2 2554 2764 
2 2871 2476 
3 1243 2075 1915 
3 2830 1667 2014 
2 2248 2723 
2 2506 2592 
2 645 2858 
2 833 1518 
2 274 2602 
2 2974 990 
5 1369 2313 34 2603 3362 
3 1533 3058 1987 
2 1368 1786 
2 1110 3238 
2 1143 2893 
2 65 1922 
3 534 1579 92 
2 148 2235 
3 1 1734 3111 
2 2685 1803 
2 1986 2695 
2 1058 2857 
2 1361 2716 
2 1479 1804 
2 2040 2133 
2 3263 578 
2 1525 1715 
2 2399 637 
2 3182 3330 
3 2006 64 320 
2 3101 229 
2 1039 1976 
2 2371 2921 
2 2825 1157 
2 784 2164 
2 2989 2727 
3 686 2907 1465 
2 2262 3067 
2 2091 927 
2 958 107 
3 442 1035 2746 
2 2373 2982 
2 91 3028 
2 2927 2888 
3 3053 3095 2784 
4 439 2516 1474 335 
2 1603 59 
3 3324 2145 983 
2 730 2445 
5 204 2939 2585 3313 630 
2 1759 726 
3 2953 963 2966 
2 1381 3038 
3 3310 1152 1737 
2 2302 703 
3 1237 1659 262 
2 827 1700 
2 3313 1661 
3 1060 1180 1902 
2 410 306 
2 3292 568 
3 2236 2898 3217 
2 848 744 
2 206 2641 
2 108 1960 
2 938 2122 
2 1099 879 
3 1488 2946 1159 
2 1671 1982 
2 1739 3268 
2 2232 1115 
2 942 333 
2 2600 3143 
2 2642 1073 
2 496 240 
2 2016 2604 
4 235 1688 1312 603 
3 2730 2824 1872 
2 2449 780 
2 2728 2342 
2 1975 1619 
3 651 2471 329 
2 1283 2791 
2 2163 716 
2 1082 1161 
3 829 209 2302 
2 895 1209 
2 443 1718 
2 178 1760 
3 408 2387 1488 
3 3222 2086 1490 
2 1845 3078 
4 166 1990 2433 1069 
2 1119 1101 
2 2644 1814 
3 1732 1542 2733 
2 202 728 
2 2039 1116 
3 1814 3133 1942 
2 2186 2489 
2 875 2394 
2 2626 2137 
2 1846 883 
3 2112 3277 175 
4 3176 977 573 2809 
2 2657 2295 
3 1240 3322 2701 
2 1765 2887 
2 3127 2699 
3 3102 2963 1244 
4 846 1069 169 748 
3 2717 482 1486 
2 1863 1130 
2 2764 390 
2 835 1664 
2 802 1229 
2 908 3349 
2 3080 1473 
2 3233 3016 
3 1931 2550 660 
2 2822 1259 
3 1458 2026 2941 
3 2180 1815 3116 
2 3201 380 
2 2662 2303 
2 531 1660 
3 1660 373 978 
3 1363 2811 3100 
2 2901 2949 
5 2430 1174 2036 3203 816 
2 2464 3338 
2 2011 396 
2 430 1118 
2 1515 297 
2 1830 665 
2 286 892 
2 1673 3307 
2 1865 2188 
2 82 3305 
3 1826 822 2106 
2 948 1072 
2 1649 1470 
2 2622 2735 
2 1023 1311 
2 137 1193 
2 1011 3111 
2 1843 687 
2 1208 1079 
2 702 3254 
2 1565 956 
2 3076 599 
2 1152 951 
2 2616 1686 
2 2315 610 
2 220 3138 
2 891 3210 
2 2001 478 
3 1879 779 3291 
2 2494 3139 
3 779 1078 633 
3 190 515 3237 
2 2095 2507 
2 2666 1617 
2 3078 3267 
2 1426 1582 
3 48 1847 2443 
3 3167 941 2518 
2 1004 232 
2 422 1436 
2 2704 933 
2 272 675 
2 2153 1530 
2 357 1454 
2 2801 394 
3 1563 69 1114 
2 2317 3346 
2 196 1893 
3 1416 1881 341 
2 2105 526 
3 2307 2795 2346 
2 380 1828 
2 2892 3030 
3 1434 2869 1396 
2 548 3008 
2 26 1810 
2 160 1895 
4 1549 2382 109 399 
5 2114 838 697 2726 200 
2 304 2925 
5 1838 722 2005 1369 2749 
2 1000 49 
2 398 2463 
2 3013 877 
3 451 1753 2386 
2 2601 1004 
2 2554 363 
2 2424 51 
2 1950 1173 
2 3096 692 
3 3117 691 2476 
3 2452 2742 2395 
2 421 820 
2 1444 2699 
2 1920 2655 
2 1726 831 
2 1094 3003 
2 1392 817 
2 1597 449 
2 3164 2625 
2 3353 1084 
2 2154 1041 
3 1414 1561 2002 
2 877 0 
2 2306 889 
3 971 2521 1571 
2 253 233 
3 176 2079 317 
2 1870 1316 
2 3299 2536 
3 374 2406 187 
2 2844 2422 
2 842 1756 
2 1654 2842 
2 3024 1120 
2 1571 2260 
2 815 697 
2 3321 1834 
2 888 44 
2 2583 2170 
2 2188 634 
2 2117 685 
2 857 2559 
2 333 162 
2 772 53 
3 529 2379 1305 
2 2643 1336 
3 1432 2628 2360 
2 18 867 
3 930 2963 85 
2 1860 76 
2 865 3220 
3 881 655 399 
2 481 336 
2 1903 965 
2 2289 3139 
2 2215 2434 
3 2366 459 1360 
2 3124 2804 
2 2157 230 
3 312 2623 2089 
2 4 2468 
2 1724 1477 
2 1086 1936 
2 2951 350 
2 1059 521 
2 106 2425 
2 2344 1386 
2 3109 421 
2 708 2435 
2 289 299 
2 3341 19 
3 3050 3327 2989 
2 606 138 
2 1425 293 
2 2509 672 
2 2729 2958 
2 2665 3362 
2 559 1802 
3 1295 3281 1957 
3 14 1469 995 
2 3136 2803 
2 2636 1818 
2 3356 707 
2 1472 2198 
2 1088 3058 
3 818 3229 457 
2 2683 1428 
2 103 1230 
3 1294 2908 3009 
2 1897 2750 
2 512 888 
2 1789 1513 
2 1786 868 
2 385 3249 
3 1687 609 833 
3 2658 2322 3310 
2 2900 2989 
2 3114 320 
2 956 3347 
2 3191 2132 
2 3189 1595 
2 2593 1464 
2 3283 2568 
2 2148 3348 
3 476 2543 2391 
3 648 3031 3037 
2 3197 1891 
2 1446 139 
2 566 760 
2 2654 134 
2 1330 1326 
2 1535 1625 
2 1749 492 
3 2810 623 1222 
3 2520 2283 3239 
2 2076 2665 
2 1808 3156 
2 47 3047 
2 2106 1069 
2 236 340 
2 69 1833 
2 503 412 
4 1944 1742 1109 417 
2 275 1507 
2 2438 1905 
2 49 2959 
3 869 1334 10 
2 2496 2671 
2 142 2484 
3 2743 1248 1008 
2 3069 3064 
2 3070 1505 
2 447 630 
2 2098 301 
2 2689 1577 
2 537 1599 
2 1526 3056 
2 2750 2345 
2 212 947 
2 2354 2875 
2 2476 1482 
2 3217 2673 
2 1423 1385 
2 1930 1185 
2 1556 1217 
3 2325 818 2126 
3 2887 3065 1115 
2 2937 949 
2 3215 13 
2 2474 1615 
2 1689 2581 
3 972 2860 2731 
2 907 367 
2 649 2147 
3 1111 2673 481 
2 2565 24 
2 2288 2045 
2 605 846 
3 2227 236 1722 
2 974 3323 
3 2451 2416 2457 
2 2376 1441 
2 1923 2631 
2 505 3225 
2 1583 2108 
2 1064 3354 
3 3337 757 3040 
2 2450 1096 
2 773 1124 
2 1567 168 
2 2663 1561 
2 2386 2007 
2 2405 1181 
2 670 885 
2 1322 1516 
2 350 2433 
2 2513 1589 
4 2908 1667 2883 2657 
2 311 184 
2 1340 2421 
2 2349 1951 
2 2367 3011 
2 2498 2065 
3 372 314 3334 
2 1919 572 
2 1217 3350 
2 2020 131 
3 3023 1894 96 
2 94 164 
2 2609 617 
2 1633 1817 
3 2827 2053 2438 
2 2574 1651 
2 2033 1840 
2 590 1618 
2 884 1165 
3 2805 2421 3328 
2 2900 1892 
2 623 3351 
2 2993 790 
2 2577 3309 
2 740 2814 
2 501 346 
2 300 651 
2 2740 2069 
2 215 181 
2 147 2226 
3 789 1187 3053 
2 323 1681 
3 151 2527 821 
2 2269 2336 
5 642 2250 3084 2280 2999 
2 428 2845 
2 1419 782 
2 2287 689 
3 1647 1805 3292 
2 2664 1231 
4 1329 1188 2600 706 
2 2803 738 
4 2917 1958 468 3229 
3 487 3211 397 
3 3326 1696 2062 
2 2385 1863 
2 1725 120 
2 1762 666 
2 2917 104 
2 2674 1826 
2 1993 3306 
2 2978 1303 
2 1125 671 
2 2475 151 
3 981 595 982 
2 1026 2020 
3 777 840 2243 
3 3123 2477 477 
3 117 2929 373 
2 1943 1798 
3 2246 2368 2478 
2 1553 2883 
3 128 3167 2578 
3 21 222 245 
4 2137 3019 2378 2666 
2 1589 1962 
2 2454 1621 
2 2948 292 
2 269 3218 
3 2896 1750 2633 
3 2444 491 695 
2 2595 2565 
2 3255 2367 
2 3168 3248 
2 208 1293 
2 2942 2590 
2 2958 2016 
2 1877 1646 
2 2659 1123 
2 42 575 
2 2134 2942 
2 1104 2943 
2 1055 2550 
2 2530 309 
3 1994 1625 2136 
2 855 322 
2 890 3182 
3 1231 2772 2617 
2 3336 1636 
2 2713 2785 
2 1700 2457 
2 466 2739 
2 1677 2236 
2 1231 462 
2 206 308 
2 3023 624 
2 1831 1682 
2 433 1502 
3 2167 2430 2158 
2 1351 1344 
2 424 1950 
2 3339 935 
2 3199 2059 
2 1300 693 
2 219 3104 
2 1087 2404 
2 2666 800 
2 1411 2820 
2 3122 1556 
3 637 860 1614 
2 2364 2116 
3 926 2749 1153 
3 603 3315 2652 
2 1791 2731 
3 1609 2572 1352 
3 2072 3093 2115 
2 1678 1163 
3 427 752 2307 
2 2070 2576 
2 584 1649 
2 458 2879 
2 932 3184 
4 2767 3248 2640 1783 
2 828 945 
3 2128 1329 880 
2 1404 2909 
2 1416 223 
3 1349 2744 1200 
2 2299 2821 
3 2169 186 1268 
3 1699 1391 3153 
2 2421 235 
2 617 281 
2 1725 3097 
2 1346 3046 
3 1362 524 2869 
2 455 1207 
2 582 1927 
2 1746 2730 
2 878 538 
2 110 2144 
2 1249 2259 
2 1184 1022 
2 2195 912 
3 680 923 2720 
2 1669 798 
2 1672 1177 
2 2458 2892 
3 1192 1309 2551 
2 2776 1461 
4 2780 2866 2619 1973 
2 210 1226 
2 2465 1379 
2 753 1166 
3 1628 2694 2197 
2 656 1751 
2 1601 2409 
2 99 282 
3 252 881 40 
2 344 1354 
2 100 1714 
2 1476 1324 
2 3178 815 
2 1637 848 
2 3119 852 
2 287 1935 
2 288 1237 
2 2928 1898 
2 2473 3325 
2 585 2610 
2 724 2564 
3 43 268 1973 
2 898 2583 
2 1377 1419 
2 1532 1006 
2 1034 2830 
3 168 1770 891 
2 39 1665 
2 3051 2788 
2 1245 3062 
2 653 783 
2 3209 1904 
2 1850 756 
2 1872 3261 
2 1348 2437 
2 3232 1200 
2 2428 2482 
3 315 2726 697 
2 2393 1860 
2 611 3151 
2 1068 16 
2 2110 1890 
2 557 878 
2 3075 2650 
3 329 579 403 
2 3110 2124 
2 261 2580 
2 1430 2512 
2 1869 1557 
2 861 2327 
3 74 1415 2912 
2 688 3255 
2 1252 2911 
3 2323 711 1699 
2 2066 886 
2 2586 1342 
2 2143 470 
2 826 211 
2 270 2918 
2 339 3346 
2 1209 3091 
2 1957 1509 
2 316 2745 
2 286 1709 
3 2751 1470 577 
2 129 3345 
2 1911 370 
2 1355 405 
2 2420 2609 
2 814 377 
2 1359 3170 
2 2777 2238 
2 3032 1129 
2 259 1917 
2 405 353 
2 1610 2467 
2 2118 2960 
2 1727 1736 
2 2683 2953 
2 3057 2388 
2 1712 897 
2 2862 2178 
3 2150 920 27 
3 1345 1588 2712 
2 1815 2520 
2 75 1060 
2 2975 29 
2 257 1856 
2 449 532 
2 248 504 
3 3031 2497 2897 
2 871 383 
2 754 484 
2 1492 3174 
2 2537 2740 
2 2453 1148 
2 1120 702 
2 92 1449 
4 2606 1631 2782 740 
2 2635 831 
2 2926 1604 
3 1587 3339 324 
2 2328 929 
2 1113 2166 
3 731 31 677 
2 3333 1745 
3 1803 1809 1238 
2 1073 349 
2 1093 2597 
3 3062 450 3111 
2 2905 1202 
2 2273 1979 
3 1498 936 1332 
2 1463 2505 
2 198 899 
2 2770 77 
2 3190 3061 
2 2466 362 
2 289 1066 
2 2293 1275 
2 413 828 
2 1304 1676 
2 3172 105 
2 208 2337 
2 2403 2647 
2 140 1576 
2 1475 1080 
2 366 313 
2 2785 2393 
2 2691 1377 
2 807 1052 
3 912 2434 2222 
2 583 231 
2 201 1921 
2 1354 1135 
2 1320 2355 
2 1223 2333 
2 639 881 
2 2725 255 
3 1254 988 2315 
4 2482 2526 1203 1315 
3 3328 1014 466 
2 2890 1601 
2 1197 1515 
2 1925 2914 
2 2018 626 
2 1723 1421 
2 1906 2445 
3 1178 2331 2083 
3 613 273 2594 
2 2504 862 
2 1737 1083 
3 913 2779 1835 
3 3027 967 2682 
2 3298 539 
3 2570 2191 101 
2 674 2224 
2 363 769 
2 832 1007 
2 23 3293 
2 177 2840 
2 1896 757 
2 2031 1937 
2 2004 975 
2 757 823 
3 2119 371 979 
2 2760 1514 
2 3039 1279 
3 2758 2268 1830 
2 1276 1059 
2 3012 156 
2 2907 2675 
2 1131 2320 
2 768 152 
3 940 2671 2679 
3 1924 1047 582 
5 3101 1312 397 1758 1294 
3 2581 1787 1389 
2 1491 1306 
2 922 2294 
3 1758 1280 2201 
2 398 2461 
2 2021 2848 
3 914 2058 2728 
2 2971 2382 
2 399 2669 
2 3157 1092 
4 2298 2445 211 3033 
2 2883 733 
2 3008 3280 
2 2599 1792 
2 2650 1961 
3 947 2402 1024 
2 2462 770 
2 264 3244 
2 2995 1001 
2 1819 1684 
3 2521 2608 3077 
3 561 2978 1148 
2 2752 43 
3 917 3090 3240 
2 1876 1537 
2 1422 2882 
2 507 529 
2 1188 1970 
2 2435 515 
2 3204 1603 
3 2797 3198 227 
2 2910 1584 
3 1890 2915 2172 
3 1750 2738 3360 
3 2208 2997 1876 
2 3010 1070 
4 688 540 749 412 
2 2402 2831 
2 2977 1706 
2 2106 1269 
2 164 2894 
2 2508 82 
2 1457 605 
2 22 376 
3 1987 3349 2227 
2 1540 54 
3 2888 2632 2148 
