2006
0 1143 267
1 936 2250
2 508 1569
3 1960 1127
4 1179 2024
5 932 895
6 1345 1986
7 1237 878
8 1114 885
9 863 241
10 1131 763
11 1876 105
12 1381 565
13 717 946
14 1882 144
15 373 1778
16 1845 1458
17 600 554
18 132 306
19 593 1216
20 1080 1882
21 924 483
22 445 1931
23 1702 798
24 1978 1099
25 2176 1450
26 345 1918
27 1983 1139
28 1110 1584
29 1368 792
30 943 360
31 1100 1527
32 1378 1338
33 1074 1527
34 1648 1668
35 1580 806
36 1378 1197
37 1435 1771
38 299 280
39 583 520
40 1464 1033
41 1826 40
42 1119 397
43 539 543
44 1536 1694
45 1378 1333
46 699 2323
47 749 1341
48 1542 470
49 2217 1715
50 55 280
51 1050 1228
52 901 483
53 1093 4
54 1387 1771
55 594 2116
56 823 791
57 1803 317
58 1990 216
59 2136 428
60 1440 1033
61 69 796
62 621 1216
63 2016 1399
64 1698 105
65 1077 1697
66 1095 397
67 824 2149
68 1497 211
69 1287 2067
70 164 631
71 1159 1683
72 1378 1228
73 1348 1771
74 462 1789
75 1390 1066
76 1323 1771
77 1948 784
78 695 1884
79 1275 729
80 1345 1966
81 969 4
82 790 481
83 1570 196
84 833 788
85 1680 2034
86 2136 435
87 2283 1450
88 194 403
89 1561 913
90 193 854
91 1861 1208
92 1771 279
93 1077 1706
94 1648 1626
95 1948 1689
96 517 1666
97 368 1778
98 18 1258
99 993 437
100 1537 855
101 2064 1988
102 1171 1902
103 18 999
104 1788 2261
105 552 1278
106 145 1923
107 1549 434
108 872 91
109 1980 1139
110 217 906
111 1978 1135
112 786 791
113 1335 1540
114 1197 397
115 2020 2181
116 385 1325
117 723 122
118 1990 202
119 1459 1540
120 1497 172
121 457 1233
122 594 1931
123 1329 878
124 1332 173
125 379 1819
126 164 613
127 1290 172
128 712 2323
129 1378 1540
130 1042 1740
131 764 939
132 814 2323
133 1542 330
134 215 125
135 265 1252
136 2032 782
137 982 1248
138 239 1548
139 203 1511
140 1727 2055
141 1400 711
142 1181 1683
143 385 1367
144 1936 708
145 1116 1527
146 745 360
147 145 854
148 1712 2037
149 1627 799
150 2085 1988
151 1491 1892
152 1306 230
153 1680 2023
154 374 1689
155 943 1709
156 414 323
157 1250 267
158 1013 2333
159 1077 1669
160 1422 878
161 873 895
162 814 2292
163 2288 1715
164 2049 1867
165 1194 2024
166 1275 494
167 1080 1948
168 1042 1711
169 1978 502
170 269 1146
171 2194 782
172 1778 1361
173 18 976
174 145 1910
175 1680 2090
176 1858 105
177 2145 1399
178 -8 411
179 259 1505
180 429 1594
181 1916 1127
182 345 1758
183 498 1476
184 1551 353
185 1192 1095
186 1520 462
187 37 392
188 18 1121
189 1549 470
190 1080 1810
191 1906 1422
192 771 895
193 1570 227
194 1491 172
195 247 1505
196 763 809
197 800 360
198 663 2323
199 1727 2098
200 986 1250
201 899 966
202 2270 782
203 1785 447
204 18 1112
205 2181 428
206 661 481
207 498 1563
208 1627 915
209 1471 1402
210 619 1757
211 946 1104
212 69 405
213 1582 105
214 1536 1751
215 501 1621
216 1183 1810
217 2050 981
218 1007 2333
219 57 125
220 993 483
221 1551 375
222 901 1163
223 393 1890
224 249 280
225 269 1125
226 2288 1591
227 1778 1402
228 1104 763
229 1584 1402
230 123 125
231 1354 1544
232 753 809
233 2083 981
234 1993 1770
235 1291 589
236 581 1278
237 1310 230
238 1077 1689
239 824 2077
240 1852 48
241 147 1511
242 1627 880
243 923 1163
244 2288 1492
245 1835 1208
246 2054 782
247 1550 497
248 900 999
249 2049 2103
250 1521 769
251 1286 1795
252 1429 1892
253 539 548
254 1104 784
255 970 1163
256 145 1577
257 2075 981
258 2170 1399
259 1936 542
260 1570 127
261 1976 1104
262 1425 1771
263 1882 189
264 1821 1208
265 593 1243
266 1114 1551
267 1653 1903
268 1070 1542
269 646 1278
270 9 125
271 1059 114
272 1906 1458
273 913 26
274 164 735
275 914 1163
276 1321 1158
277 1329 1540
278 2005 600
279 594 1984
280 1771 327
281 1481 98
282 305 253
283 1867 1173
284 2206 1715
285 524 1757
286 1501 1402
287 1287 2121
288 2276 1715
289 723 221
290 1192 1066
291 1189 397
292 568 1796
293 1179 1930
294 1125 2332
295 1239 397
296 677 1822
297 859 1111
298 1635 1903
299 976 360
300 1003 2333
301 1923 2261
302 1719 52
303 654 1216
304 1104 782
305 455 1931
306 1329 1678
307 1936 524
308 1476 1033
309 1154 1663
310 1179 1810
311 594 2254
312 1205 1066
313 872 114
314 1978 1094
315 1058 114
316 345 1907
317 859 966
318 1286 1780
319 884 966
320 1240 1143
321 1332 196
322 1839 1208
323 1965 600
324 1794 279
325 1312 2033
326 457 1489
327 18 1055
328 1727 2261
329 2206 1740
330 1479 1402
331 373 1802
332 1519 1033
333 859 991
334 2042 239
335 205 1548
336 1077 1621
337 824 2129
338 215 381
339 330 1548
340 1023 410
341 1122 1527
342 37 366
343 1867 1208
344 1821 1361
345 613 1872
346 1551 345
347 1459 1466
348 1480 1088
349 1702 799
350 547 520
351 1978 1096
352 1518 769
353 594 2131
354 1990 239
355 1154 1683
356 1815 447
357 539 537
358 1225 1066
359 2135 981
360 2049 1820
361 183 1548
362 860 999
363 145 1550
364 901 360
365 145 1951
366 132 314
367 1112 397
368 122 906
369 1392 878
370 662 1278
371 1340 1234
372 560 554
373 1133 1902
374 1107 1583
375 2270 1450
376 48 306
377 485 323
378 305 274
379 1201 1066
380 581 1229
381 40 411
382 901 482
383 1177 1683
384 1275 688
385 1208 172
386 1600 1033
387 1009 4
388 1125 2186
389 1167 1143
390 1424 73
391 462 1796
392 1119 1902
393 1430 1540
394 771 2323
395 1553 345
396 1057 199
397 1812 1458
398 746 1216
399 749 1333
400 485 477
401 153 280
402 814 2310
403 594 2108
404 813 2323
405 1990 208
406 101 392
407 1465 913
408 2050 1020
409 1381 711
410 1557 1033
411 193 403
412 379 1797
413 165 1505
414 1469 1892
415 1842 42
416 1936 614
417 1422 1066
418 1154 1621
419 164 462
420 1243 127
421 677 1884
422 1541 572
423 88 405
424 2049 2160
425 1469 610
426 609 553
427 1329 1612
428 1473 1088
429 305 261
430 749 1244
431 485 463
432 217 865
433 180 403
434 594 2207
435 145 1915
436 560 583
437 508 1483
438 837 779
439 1368 642
440 896 456
441 725 1276
442 965 1709
443 1637 1679
444 1550 559
445 462 1751
446 1312 2082
447 1388 73
448 753 360
449 1029 4
450 1627 911
451 1594 105
452 1020 277
453 145 1722
454 1568 329
455 2077 1988
456 -8 405
457 763 794
458 498 1796
459 1057 114
460 2270 882
461 1821 1242
462 688 261
463 1459 1404
464 379 1689
465 457 1513
466 932 763
467 1821 1280
468 1378 1088
469 863 187
470 1278 1683
471 880 966
472 1680 2091
473 1188 1810
474 307 1125
475 18 1212
476 901 1143
477 1125 2263
478 1422 886
479 192 1505
480 164 403
481 593 1278
482 760 122
483 1093 88
484 1115 1584
485 345 1947
486 1312 2096
487 814 2159
488 490 609
489 1813 447
490 1302 267
491 1727 2037
492 2136 488
493 1815 374
494 471 1666
495 1093 2035
496 890 779
497 634 881
498 501 1611
499 106 125
500 1502 806
501 1329 1640
502 1719 75
503 2100 564
504 1069 1532
505 1422 1033
506 1208 127
507 749 1216
508 2230 981
509 1154 1584
510 72 974
511 1522 470
512 699 1908
513 263 1511
514 427 1216
515 1142 267
516 1057 2333
517 539 553
518 498 1246
519 1218 878
520 1607 855
521 1329 1633
522 1046 2333
523 379 1855
524 147 1505
525 594 2283
526 977 360
527 613 554
528 814 2169
529 765 895
530 553 1757
531 1549 455
532 1080 1772
533 2136 502
534 164 682
535 594 2061
536 1842 1208
537 1719 40
538 215 323
539 457 1278
540 666 935
541 688 338
542 409 1431
543 508 1567
544 1079 1104
545 1266 172
546 498 1518
547 1220 878
548 723 261
549 1275 397
550 2049 2181
551 67 914
552 1569 1679
553 1778 1394
554 379 1701
555 1460 822
556 2137 981
557 824 2230
558 2078 1988
559 1329 1683
560 688 329
561 9 130
562 345 1593
563 1507 211
564 2143 1399
565 498 1513
566 1368 597
567 1378 1151
568 1057 1104
569 1917 202
570 134 405
571 1354 1595
572 1329 1595
573 1549 330
574 1936 647
575 1077 1657
576 824 2237
577 1481 97
578 1698 2091
579 1088 397
580 1570 119
581 2050 1103
582 2270 856
583 932 843
584 1506 1892
585 1821 1349
586 498 1504
587 593 520
588 593 1235
589 1275 411
590 1153 1540
591 1378 1142
592 1570 172
593 69 829
594 1815 403
595 1803 363
596 1433 913
597 740 1288
598 594 1976
599 1368 773
600 264 1951
601 1481 106
602 1948 1697
603 248 1951
604 37 379
605 1727 2142
606 1365 711
607 1967 782
608 462 1692
609 730 1908
610 2030 2181
611 1011 2333
612 1154 1660
613 330 1520
614 613 1837
615 132 334
616 793 791
617 1420 878
618 345 1906
619 1267 878
620 1550 769
621 1648 1593
622 121 405
623 2147 1797
624 457 1581
625 715 935
626 37 356
627 385 1431
628 1936 516
629 1187 1143
630 936 2252
631 134 1258
632 1648 1672
633 2100 542
634 345 1548
635 508 1571
636 2050 1089
637 1272 1795
638 594 2323
639 1948 782
640 613 481
641 1975 1127
642 1481 314
643 2270 981
644 898 50
645 1286 1772
646 54 1258
647 96 125
648 1771 301
649 501 1594
650 824 2130
651 215 380
652 2048 1806
653 1429 642
654 989 277
655 60 405
656 1648 1679
657 457 1497
658 1080 1884
659 245 1505
660 1172 1143
661 842 779
662 901 779
663 1936 739
664 1125 2183
665 305 280
666 2048 1797
667 680 935
668 606 1796
669 132 315
670 1125 2169
671 941 999
672 2036 239
673 1328 230
674 373 1819
675 1980 1706
676 1480 806
677 946 1000
678 2048 1820
679 829 360
680 208 1951
681 1099 1143
682 1584 1903
683 901 481
684 560 595
685 1057 267
686 723 129
687 1080 1898
688 145 1824
689 1381 775
690 946 1040
691 882 779
692 338 1548
693 397 1603
694 919 483
695 1700 2037
696 640 1278
697 1312 2078
698 370 323
699 855 456
700 677 1874
701 814 2311
702 1302 196
703 1455 1033
704 1131 729
705 1151 1536
706 2229 782
707 215 403
708 1719 105
709 1727 2144
710 1275 477
711 1513 1088
712 600 520
713 1312 2069
714 814 2128
715 893 456
716 613 1907
717 1329 642
718 1936 502
719 1590 105
720 485 598
721 1362 1771
722 1375 1354
723 824 2182
724 949 360
725 1765 2261
726 1882 202
727 2244 981
728 559 595
729 392 1125
730 1119 1887
731 132 392
732 1573 775
733 102 949
734 345 1927
735 1181 729
736 1287 267
737 677 1860
738 1540 572
739 897 1709
740 1069 4
741 1568 307
742 1536 1741
743 512 1796
744 1411 314
745 558 1757
746 1163 397
747 1437 913
748 1575 1088
749 1097 129
750 2100 600
751 1119 1860
752 1247 878
753 535 617
754 462 1748
755 102 940
756 1499 572
757 1416 1892
758 2051 600
759 863 189
760 855 471
761 873 2250
762 457 1931
763 1567 345
764 1936 686
765 872 261
766 501 1656
767 1136 1584
768 1080 2333
769 1284 230
770 1602 105
771 970 4
772 1125 2221
773 1405 1771
774 338 1520
775 1121 2035
776 164 405
777 1275 480
778 1042 1709
779 2288 1450
780 1283 1795
781 2288 1540
782 485 496
783 164 484
784 740 122
785 719 1926
786 1204 230
787 2206 1797
788 69 854
789 872 193
790 824 2203
791 1544 1088
792 814 2194
793 1689 775
794 1381 762
795 1680 1903
796 865 2250
797 269 1248
798 1906 1399
799 164 412
800 304 1548
801 764 946
802 1422 913
803 164 677
804 1303 1771
805 2089 981
806 1110 1551
807 1680 2007
808 345 1716
809 730 881
810 1724 1402
811 1472 769
812 1882 174
813 164 411
814 932 848
815 1240 1795
816 688 308
817 634 935
818 1319 1143
819 1321 589
820 18 1110
821 2171 239
822 1353 1544
823 579 1931
824 1354 1551
825 859 999
826 1536 1892
827 1549 350
828 1680 1998
829 1077 1645
830 946 1057
831 215 325
832 548 553
833 913 966
834 1077 1694
835 1958 600
836 2049 1884
837 1585 1402
838 517 1750
839 932 863
840 18 1086
841 993 481
842 593 1263
843 1933 790
844 613 553
845 1368 584
846 749 1283
847 1317 230
848 1154 1544
849 814 2174
850 915 4
851 1307 1066
852 494 1594
853 751 881
854 1329 1544
855 946 984
856 2181 250
857 1566 127
858 1951 1689
859 936 2257
860 2226 981
861 485 387
862 2270 879
863 1192 1086
864 1374 1354
865 1460 823
866 1973 2261
867 1481 127
868 34 280
869 1359 1551
870 1378 1306
871 498 1431
872 1936 528
873 749 1380
874 198 1258
875 1469 769
876 593 1241
877 1459 1440
878 945 1709
879 485 541
880 1597 806
881 1469 711
882 1378 1148
883 1754 1402
884 1052 1706
885 1459 1489
886 677 1811
887 1501 1771
888 2036 502
889 1179 1902
890 1698 2088
891 937 360
892 544 1931
893 1481 241
894 1283 1683
895 1049 277
896 1412 642
897 1879 1458
898 1114 878
899 508 1437
900 178 280
901 594 2148
902 143 1258
903 145 1858
904 1018 1706
905 270 125
906 740 1276
907 1332 308
908 345 1689
909 164 599
910 1259 172
911 1261 267
912 814 2091
913 198 1252
914 1339 878
915 613 487
916 1973 2239
917 1459 1503
918 2049 2072
919 373 1807
920 343 1951
921 1356 314
922 1104 872
923 1709 1402
924 1008 1250
925 521 1757
926 1460 1033
927 946 1020
928 379 1890
929 517 1698
930 2020 542
931 850 2250
932 1378 1319
933 1644 1903
934 1976 1127
935 932 890
936 2223 782
937 216 906
938 1978 1103
939 517 1604
940 1963 202
941 1385 1551
942 795 114
943 1243 397
944 1236 2067
945 1644 105
946 1332 314
947 1985 1773
948 18 1157
949 1548 172
950 1145 230
951 932 786
952 1627 806
953 370 1626
954 704 2323
955 1227 878
956 670 2323
957 1627 855
958 379 1625
959 1179 1939
960 1536 1771
961 345 1859
962 913 4
963 1585 915
964 2089 1979
965 561 1278
966 1724 2037
967 2089 1988
968 145 1548
969 1296 620
970 594 2233
971 932 872
972 923 1706
973 662 1276
974 1627 1046
975 2033 2181
976 1332 211
977 932 768
978 1588 855
979 1347 620
980 634 1757
981 1312 2072
982 18 1030
983 1254 397
984 1125 2145
985 594 2115
986 473 1796
987 833 784
988 204 1511
989 2079 239
990 1413 1088
991 1321 1234
992 1469 622
993 1727 2069
994 1125 2184
995 2083 1797
996 1648 1574
997 764 895
998 91 280
999 1985 1776
1000 1727 2170
1001 1332 73
1002 1154 1624
1003 1727 2251
1004 145 1816
1005 1569 211
1006 1077 1542
1007 1993 1752
1008 305 177
1009 1717 2037
1010 2238 981
1011 1719 104
1012 338 1540
1013 1946 542
1014 2181 315
1015 1381 598
1016 1936 600
1017 1061 2333
1018 1551 447
1019 168 1258
1020 2065 600
1021 1022 1104
1022 1570 218
1023 1077 1551
1024 510 1431
1025 1145 1902
1026 535 595
1027 2181 292
1028 1550 554
1029 130 125
1030 920 360
1031 2113 1399
1032 198 1951
1033 1548 913
1034 145 1913
1035 1111 397
1036 1080 1792
1037 1413 1066
1038 1783 1361
1039 863 196
1040 608 2323
1041 2095 981
1042 1204 1066
1043 345 1696
1044 1365 1234
1045 814 2288
1046 506 1431
1047 37 306
1048 1375 1583
1049 872 61
1050 727 1216
1051 1376 1892
1052 485 502
1053 1997 1139
1054 913 763
1055 18 1130
1056 145 1906
1057 1147 1527
1058 863 188
1059 446 1216
1060 594 2087
1061 717 1926
1062 1803 346
1063 385 1340
1064 1539 913
1065 677 1757
1066 1519 172
1067 457 1216
1068 134 735
1069 983 483
1070 932 803
1071 1801 1458
1072 881 999
1073 18 1125
1074 111 405
1075 1216 1795
1076 2087 502
1077 608 1757
1078 1697 2091
1079 1709 2037
1080 1627 1088
1081 18 1210
1082 439 323
1083 847 779
1084 891 991
1085 2018 2181
1086 1481 211
1087 462 1716
1088 132 358
1089 1551 354
1090 634 925
1091 412 323
1092 1156 1104
1093 1568 345
1094 392 1203
1095 215 335
1096 184 1505
1097 1548 855
1098 1346 1540
1099 724 951
1100 1097 187
1101 2100 566
1102 368 1859
1103 1699 799
1104 1345 2024
1105 1312 2121
1106 1518 855
1107 1549 460
1108 498 1558
1109 1627 1057
1110 263 1505
1111 2138 1399
1112 2049 1969
1113 1947 202
1114 882 966
1115 777 114
1116 1350 314
1117 1952 2261
1118 1104 805
1119 2074 1988
1120 901 1160
1121 708 935
1122 1481 283
1123 594 2168
1124 753 861
1125 723 184
1126 1080 1774
1127 686 481
1128 1973 2251
1129 164 724
1130 498 1239
1131 1993 1775
1132 1119 1811
1133 185 1511
1134 1162 878
1135 1312 2024
1136 1760 40
1137 2049 1876
1138 498 1516
1139 132 339
1140 593 1255
1141 1933 782
1142 393 1896
1143 380 1603
1144 1020 1250
1145 379 1703
1146 594 2163
1147 200 1511
1148 196 906
1149 1973 2260
1150 915 966
1151 117 392
1152 392 1192
1153 1942 1127
1154 1466 1771
1155 715 946
1156 1567 127
1157 1024 277
1158 164 433
1159 1050 1250
1160 1933 775
1161 1059 230
1162 217 854
1163 1562 211
1164 145 1864
1165 1080 1841
1166 392 1216
1167 1464 314
1168 1906 1457
1169 1429 73
1170 1545 1402
1171 2049 1845
1172 715 939
1173 1053 2333
1174 993 410
1175 1329 1674
1176 688 322
1177 1016 410
1178 485 436
1179 1287 2122
1180 932 885
1181 1365 73
1182 69 827
1183 58 306
1184 498 1216
1185 97 280
1186 1694 1402
1187 66 306
1188 1852 105
1189 567 520
1190 1216 2028
1191 953 1709
1192 514 1604
1193 968 4
1194 330 1534
1195 936 2305
1196 663 1276
1197 833 779
1198 1345 1918
1199 580 1757
1200 672 481
1201 1518 127
1202 1286 1771
1203 1323 127
1204 1550 775
1205 721 1908
1206 1368 782
1207 1041 277
1208 1618 1033
1209 712 1216
1210 971 483
1211 594 2321
1212 695 1908
1213 593 1219
1214 2288 1523
1215 713 1926
1216 379 1603
1217 141 405
1218 1966 202
1219 1478 1771
1220 2089 1969
1221 2065 239
1222 171 1951
1223 379 1771
1224 1592 915
1225 1560 775
1226 517 1612
1227 1599 1679
1228 1257 1143
1229 1129 1527
1230 1139 1143
1231 322 1125
1232 1368 796
1233 1181 397
1234 1347 614
1235 1625 1903
1236 389 1890
1237 1688 799
1238 1248 1143
1239 379 1760
1240 932 873
1241 21 411
1242 1216 2067
1243 1057 187
1244 1302 200
1245 753 876
1246 1381 796
1247 1075 267
1248 1139 230
1249 2050 1001
1250 1107 1584
1251 517 620
1252 1186 397
1253 2143 981
1254 932 769
1255 1087 106
1256 1378 1329
1257 1941 790
1258 1378 1184
1259 1329 662
1260 1410 314
1261 1050 1147
1262 833 791
1263 1314 267
1264 392 1145
1265 1275 620
1266 1882 105
1267 1153 230
1268 2288 1562
1269 1702 775
1270 1378 1066
1271 526 1216
1272 1201 1683
1273 385 1369
1274 1496 572
1275 1575 806
1276 1830 42
1277 1459 913
1278 891 50
1279 379 1798
1280 1069 1542
1281 2133 1797
1282 1745 1458
1283 72 942
1284 740 2323
1285 1091 2026
1286 1112 763
1287 1498 1033
1288 373 1859
1289 194 906
1290 594 2098
1291 897 1706
1292 1568 227
1293 1355 1771
1294 1262 1683
1295 867 360
1296 699 1276
1297 18 1249
1298 498 1495
1299 1146 1902
1300 1093 106
1301 1057 214
1302 634 897
1303 1795 279
1304 1080 1740
1305 1321 1211
1306 594 2031
1307 1368 1583
1308 1119 1841
1309 814 2182
1310 1241 1066
1311 1598 1402
1312 164 616
1313 1821 1246
1314 2205 981
1315 2169 428
1316 2288 1551
1317 1748 1458
1318 1057 277
1319 855 465
1320 1568 241
1321 748 951
1322 1802 40
1323 1381 767
1324 933 2250
1325 1329 1651
1326 1648 1603
1327 731 1926
1328 594 2301
1329 1985 1747
1330 498 1481
1331 1551 356
1332 345 1610
1333 1635 1679
1334 1698 2037
1335 1343 878
1336 723 164
1337 305 220
1338 161 1548
1339 1882 165
1340 508 1549
1341 1550 572
1342 613 1796
1343 1080 1959
1344 72 970
1345 457 1431
1346 448 1278
1347 872 187
1348 997 1250
1349 566 1216
1350 913 50
1351 1536 1903
1352 1987 502
1353 1073 106
1354 1370 73
1355 1941 542
1356 1648 1483
1357 345 1579
1358 1069 1529
1359 132 366
1360 187 403
1361 84 1258
1362 617 1278
1363 1312 2122
1364 1831 42
1365 1154 1551
1366 2170 1423
1367 1151 1533
1368 305 125
1369 1216 1810
1370 594 2065
1371 1157 1683
1372 1771 340
1373 1387 878
1374 946 991
1375 590 1931
1376 1587 915
1377 1570 105
1378 1030 2333
1379 1648 1640
1380 946 4
1381 621 1926
1382 1358 314
1383 1378 1273
1384 1050 1169
1385 613 1846
1386 593 1261
1387 67 942
1388 2266 981
1389 1433 1892
1390 723 187
1391 1381 642
1392 777 122
1393 1077 1652
1394 814 2213
1395 1710 1458
1396 2257 981
1397 517 1757
1398 1094 267
1399 753 853
1400 1469 716
1401 2037 2181
1402 758 939
1403 824 2250
1404 152 411
1405 215 341
1406 37 374
1407 145 1581
1408 385 1409
1409 1125 2248
1410 1683 1458
1411 2050 1139
1412 508 1553
1413 814 2079
1414 977 351
1415 926 991
1416 379 1727
1417 753 846
1418 18 1089
1419 1220 1066
1420 1368 711
1421 1906 1454
1422 1093 1583
1423 1365 1354
1424 738 946
1425 695 1889
1426 22 1258
1427 923 483
1428 1670 775
1429 783 791
1430 406 1594
1431 1457 1771
1432 1345 1892
1433 305 153
1434 1520 372
1435 164 706
1436 1803 364
1437 1536 1719
1438 528 1931
1439 1811 1458
1440 269 1187
1441 2054 981
1442 1916 1173
1443 928 1706
1444 1648 1518
1445 1520 397
1446 1948 1747
1447 132 329
1448 2061 782
1449 1561 172
1450 594 2141
1451 1469 727
1452 406 1597
1453 2170 1450
1454 1345 711
1455 1497 572
1456 222 323
1457 1217 397
1458 711 261
1459 1378 1317
1460 1381 567
1461 936 2255
1462 1761 2261
1463 393 1931
1464 1972 1747
1465 753 881
1466 498 1581
1467 758 951
1468 2078 782
1469 500 1666
1470 1979 1689
1471 594 1961
1472 1993 1715
1473 491 1931
1474 1771 447
1475 688 360
1476 1312 2060
1477 749 1350
1478 640 1926
1479 1378 1199
1480 1080 1887
1481 1459 1470
1482 457 1455
1483 1680 1922
1484 1585 913
1485 59 125
1486 1701 799
1487 1183 1095
1488 345 1778
1489 1985 1764
1490 581 1216
1491 67 976
1492 1097 114
1493 102 908
1494 814 2114
1495 2270 827
1496 2083 1969
1497 100 411
1498 946 999
1499 1332 221
1500 1068 106
1501 1378 1230
1502 850 481
1503 1612 1903
1504 1948 790
1505 145 1940
1506 764 923
1507 594 2113
1508 833 790
1509 1498 1402
1510 1151 1540
1511 1077 1595
1512 1057 106
1513 1097 147
1514 1648 1458
1515 269 1216
1516 305 271
1517 1560 127
1518 9 214
1519 749 1329
1520 1520 416
1521 110 405
1522 18 1001
1523 764 914
1524 485 554
1525 863 261
1526 740 1358
1527 345 1876
1528 1393 314
1529 681 1926
1530 1491 127
1531 1936 715
1532 634 903
1533 594 2208
1534 987 1104
1535 864 895
1536 1052 397
1537 740 1397
1538 1936 691
1539 563 1931
1540 824 2185
1541 982 1250
1542 145 1629
1543 1172 230
1544 1275 471
1545 546 1757
1546 2288 1471
1547 1580 775
1548 457 1507
1549 1856 1458
1550 18 1137
1551 1526 196
1552 1841 1208
1553 1057 275
1554 1077 267
1555 1116 397
1556 1978 1139
1557 164 651
1558 553 1216
1559 436 1431
1560 1570 211
1561 1550 447
1562 1680 2021
1563 2049 1988
1564 457 1552
1565 1727 2050
1566 495 1796
1567 102 976
1568 89 125
1569 940 1709
1570 1249 1066
1571 1382 1583
1572 1363 1771
1573 1460 855
1574 2206 1793
1575 1319 172
1576 145 1793
1577 738 481
1578 685 881
1579 1805 1361
1580 210 403
1581 305 218
1582 2170 782
1583 61 306
1584 1422 883
1585 269 1252
1586 1119 1870
1587 1050 1157
1588 2117 1399
1589 1329 682
1590 2103 981
1591 71 1258
1592 1052 410
1593 763 791
1594 1125 2084
1595 345 1951
1596 417 1594
1597 2003 600
1598 1091 114
1599 1151 1527
1600 1131 1551
1601 1321 1197
1602 740 1385
1603 1481 73
1604 1191 729
1605 795 895
1606 1375 1540
1607 1050 1175
1608 723 196
1609 1935 202
1610 1533 1771
1611 2106 1797
1612 1680 1970
1613 1936 775
1614 1345 1951
1615 486 1931
1616 553 520
1617 481 1796
1618 577 520
1619 1332 230
1620 1719 47
1621 614 2323
1622 749 1391
1623 1125 2035
1624 1093 54
1625 1481 172
1626 814 2173
1627 1385 1583
1628 888 966
1629 723 186
1630 999 1709
1631 1080 1776
1632 373 1832
1633 859 1009
1634 2270 901
1635 594 1995
1636 69 735
1637 164 549
1638 1681 2091
1639 385 1423
1640 9 157
1641 1481 196
1642 1976 1085
1643 1791 1458
1644 1708 1402
1645 1321 1143
1646 1469 715
1647 165 403
1648 2200 782
1649 1953 1747
1650 1477 1088
1651 859 1014
1652 1469 572
1653 1342 314
1654 1093 2026
1655 946 974
1656 2049 1842
1657 1365 1329
1658 936 2267
1659 901 1111
1660 1847 1208
1661 1648 1639
1662 624 1926
1663 1154 1638
1664 1520 400
1665 594 2265
1666 1963 542
1667 1288 2122
1668 265 125
1669 1079 106
1670 1803 374
1671 385 1384
1672 824 2113
1673 583 1757
1674 575 1757
1675 749 1370
1676 164 442
1677 830 2250
1678 593 1239
1679 872 112
1680 1313 267
1681 437 1594
1682 145 1863
1683 2170 1440
1684 1345 1915
1685 1591 855
1686 1611 1088
1687 1154 1667
1688 1319 127
1689 990 4
1690 498 1278
1691 999 277
1692 1262 127
1693 1598 1903
1694 1233 1066
1695 2143 1797
1696 1233 267
1697 1275 589
1698 581 1236
1699 230 280
1700 1390 878
1701 55 306
1702 406 1603
1703 1383 878
1704 206 906
1705 1541 172
1706 529 1278
1707 1586 775
1708 1803 279
1709 771 360
1710 1933 1127
1711 100 280
1712 1980 1689
1713 913 15
1714 1536 1679
1715 149 411
1716 742 481
1717 1183 1104
1718 1857 105
1719 1080 2026
1720 1483 196
1721 1050 410
1722 2181 364
1723 866 779
1724 546 1216
1725 962 1709
1726 1973 2181
1727 2036 1139
1728 1469 751
1729 1680 1932
1730 498 1578
1731 153 125
1732 1077 1583
1733 762 1908
1734 1208 156
1735 305 138
1736 1978 1085
1737 1378 1354
1738 1936 736
1739 1216 2044
1740 1342 620
1741 2089 1984
1742 993 419
1743 1589 1679
1744 1939 1127
1745 1332 127
1746 102 906
1747 485 429
1748 1027 277
1749 1214 127
1750 1329 666
1751 1400 1771
1752 1368 565
1753 379 1626
1754 1431 913
1755 1050 1143
1756 1128 267
1757 647 1926
1758 305 131
1759 982 1223
1760 517 609
1761 725 1908
1762 1119 1895
1763 1336 711
1764 1175 1143
1765 812 895
1766 2048 542
1767 2050 782
1768 86 1258
1769 516 1931
1770 1378 1191
1771 667 481
1772 1949 1127
1773 764 925
1774 762 1926
1775 345 1865
1776 396 1603
1777 548 1278
1778 896 481
1779 1208 170
1780 385 1357
1781 1332 267
1782 814 2267
1783 1135 267
1784 305 277
1785 1031 2333
1786 508 1604
1787 1003 4
1788 2050 1062
1789 1936 508
1790 798 895
1791 421 323
1792 2050 1022
1793 1783 2261
1794 594 1939
1795 102 411
1796 1648 1459
1797 993 438
1798 1422 1060
1799 1945 1127
1800 1469 642
1801 1413 314
1802 1647 1903
1803 164 646
1804 2168 1797
1805 2049 2162
1806 65 306
1807 457 1234
1808 1332 172
1809 1830 40
1810 345 1732
1811 2288 1668
1812 1431 642
1813 977 277
1814 872 50
1815 175 403
1816 72 976
1817 855 477
1818 1302 211
1819 1568 304
1820 1345 73
1821 1056 4
1822 2222 782
1823 2049 2123
1824 392 1178
1825 1980 1715
1826 2050 1008
1827 613 1926
1828 462 1702
1829 824 2169
1830 535 620
1831 613 520
1832 1080 1940
1833 1312 2080
1834 1503 211
1835 1057 274
1836 2012 782
1837 982 1163
1838 1250 878
1839 501 1659
1840 69 753
1841 2177 782
1842 510 1437
1843 1469 630
1844 1680 1909
1845 1455 711
1846 1614 855
1847 1389 1771
1848 1347 589
1849 1771 392
1850 1459 1402
1851 2116 239
1852 464 1666
1853 487 1796
1854 1520 470
1855 879 360
1856 37 384
1857 1378 1090
1858 1128 1104
1859 872 79
1860 1321 1186
1861 1536 1752
1862 1974 1747
1863 1993 1776
1864 507 1931
1865 932 991
1866 201 280
1867 1104 819
1868 1852 42
1869 1061 1740
1870 1057 230
1871 1093 90
1872 345 1608
1873 1481 184
1874 1269 1683
1875 164 480
1876 625 2323
1877 764 951
1878 2049 1956
1879 594 2015
1880 9 280
1881 1421 1088
1882 983 4
1883 724 939
1884 1648 1660
1885 1422 891
1886 654 481
1887 1673 799
1888 1069 1534
1889 269 1133
1890 814 2160
1891 164 495
1892 1821 1300
1893 240 125
1894 1566 855
1895 153 1511
1896 1460 806
1897 855 481
1898 1282 878
1899 1127 1902
1900 1582 806
1901 1080 1985
1902 462 1666
1903 749 1397
1904 379 1853
1905 1069 1527
1906 844 481
1907 1381 624
1908 1275 536
1909 1125 2092
1910 1902 1458
1911 462 1581
1912 345 1626
1913 1520 330
1914 859 1019
1915 2270 899
1916 1568 339
1917 848 360
1918 1536 1709
1919 814 2208
1920 2081 502
1921 2100 568
1922 1541 806
1923 836 360
1924 379 1842
1925 1235 1795
1926 393 1892
1927 688 303
1928 1481 280
1929 1154 1540
1930 2034 2181
1931 824 2245
1932 69 845
1933 913 34
1934 1344 1771
1935 901 763
1936 740 1304
1937 192 125
1938 2226 1450
1939 30 411
1940 2049 1848
1941 861 456
1942 1130 1584
1943 72 914
1944 1125 2043
1945 613 1853
1946 1183 267
1947 107 392
1948 1385 1559
1949 2097 981
1950 807 2323
1951 1493 127
1952 1080 1837
1953 485 609
1954 1815 408
1955 2232 981
1956 880 999
1957 498 1229
1958 1648 1545
1959 824 2235
1960 392 1195
1961 1560 1903
1962 715 951
1963 2181 239
1964 719 360
1965 1882 135
1966 9 133
1967 6 411
1968 814 2077
1969 1099 1104
1970 863 114
1971 1050 1249
1972 1434 1088
1973 729 122
1974 1627 1033
1975 385 1278
1976 1125 2333
1977 526 1757
1978 180 854
1979 1597 915
1980 1815 401
1981 946 966
1982 814 2229
1983 1216 2024
1984 1104 781
1985 1344 642
1986 1506 913
1987 1217 1795
1988 1332 99
1989 462 1694
1990 1179 1811
1991 936 2333
1992 2094 239
1993 1216 2058
1994 872 113
1995 1329 711
1996 1080 1851
1997 501 1666
1998 1354 1583
1999 1154 1664
2000 2103 782
2001 1104 885
2002 539 520
2003 1328 1683
2004 1077 1613
2005 1648 1543
2 1946 515 
3 630 1324 495 
2 635 543 
2 641 1772 
3 165 1623 959 
3 1981 662 935 
2 1104 80 
2 752 955 
3 290 2001 898 
2 1525 1039 
3 1984 1286 79 
2 1266 176 
4 1652 1460 1752 1854 
2 1424 1155 
2 1339 1965 
3 331 97 154 
2 1549 397 
3 436 372 426 
4 538 366 1187 1185 
3 62 1213 1490 
2 658 1996 
2 1210 1427 
2 305 1463 
3 349 1204 843 
2 938 351 
3 1938 284 1453 
3 734 316 928 
2 1053 109 
2 484 1250 
2 1232 1206 
2 724 891 
2 145 33 
2 1737 45 
2 31 1905 
2 632 1884 
2 1900 1275 
2 1479 1770 
2 1431 262 
2 665 224 
2 587 1618 
3 308 926 963 
2 1809 1322 
2 746 1555 
2 253 357 
2 1918 1714 
2 32 1256 
2 954 956 
2 1477 399 
2 189 511 
2 288 284 
2 998 868 
2 1971 1607 
3 694 1429 382 
2 1809 740 
2 1847 1572 
2 353 985 
2 1262 616 
2 1062 1708 
2 354 405 
3 1315 86 493 
2 703 505 
2 1182 1840 
2 303 19 
2 1031 798 
2 708 945 
2 93 834 
2 1035 579 
2 1829 650 
2 1834 1086 
3 287 944 325 
2 1803 1312 
2 383 1371 
2 1501 1479 
3 1293 1934 559 
2 391 445 
2 1037 1270 
2 1934 804 
2 1504 639 
3 1425 421 878 
5 1206 10 1604 384 1995 
2 6 1614 
2 771 1193 
2 1906 1716 
3 1560 1551 592 
2 1508 987 
2 175 153 
2 492 59 
3 226 375 643 
2 1580 411 
2 1484 1033 
2 1162 1978 
2 343 1660 
4 324 648 193 726 
4 1304 778 884 65 
2 1661 1326 
3 858 602 656 
3 929 1997 1226 
2 15 1488 
5 1426 968 365 178 1297 
2 1797 1742 
2 1097 1106 
2 1119 1563 
2 889 1299 
2 1522 173 
2 301 1793 
2 965 1777 
2 1505 435 
2 531 827 
2 1679 1859 
2 27 1556 
4 225 937 432 1251 
2 1556 938 
2 616 1429 
2 1098 277 
2 1457 291 
2 610 1085 
2 1063 1975 
4 1973 686 1368 1115 
4 1992 405 1218 1266 
3 621 393 917 
2 1066 194 
2 1807 1067 
3 1794 1375 1827 
2 914 1898 
2 321 1808 
2 1924 1279 
2 1312 909 
2 1575 545 
2 1284 954 
2 393 1606 
3 1869 1733 168 
3 801 1402 1773 
3 1991 404 701 
2 573 1913 
2 1893 1937 
2 1585 913 
2 1767 1836 
2 1541 1759 
2 800 335 
2 988 1147 
2 993 1565 
2 1845 409 
2 1272 383 
2 1273 1780 
2 1531 1538 
2 341 31 
2 448 1964 
3 1978 1746 1932 
2 1009 1079 
3 1887 952 875 
2 967 558 
2 584 414 
2 237 769 
2 85 1562 
3 464 15 1912 
2 878 1569 
3 1791 861 1091 
3 911 1318 1696 
2 1378 611 
2 238 575 
3 1584 617 1573 
3 1150 1535 1262 
2 402 1045 
4 550 787 288 1811 
2 1137 1940 
2 1983 4 
2 1908 777 
2 1343 1832 
2 130 778 
2 1352 718 
2 1440 1889 
2 1648 1841 
3 1038 553 1080 
3 103 178 551 
2 1034 1056 
2 472 85 
2 11 1718 
2 258 564 
5 1967 173 98 456 187 
2 1110 195 
2 1681 1596 
3 1710 283 1103 
2 1488 1810 
2 1330 871 
2 1089 346 
3 818 1487 863 
2 1854 1520 
3 406 178 1856 
2 1073 204 
3 1028 48 1107 
2 1952 1036 
2 1421 798 
2 1605 529 
3 92 1320 1022 
2 120 1625 
2 179 659 
3 1399 457 1429 
2 679 1709 
2 956 1876 
2 605 993 
2 1348 1541 
2 833 1628 
3 779 1495 1963 
2 489 1474 
2 188 820 
3 1915 1315 1722 
2 1771 1886 
2 1730 1108 
3 1974 1979 450 
2 330 1850 
2 980 1077 
3 1534 1659 830 
2 423 655 
2 719 1377 
2 1861 742 
2 766 498 
2 473 310 
3 1441 1249 1504 
2 611 300 
2 1485 270 
4 704 1935 1069 841 
2 1018 1331 
3 275 507 1120 
3 1926 1236 391 
2 38 1699 
3 474 1889 110 
3 1811 87 1268 
3 1439 883 553 
2 1286 466 
2 837 1170 
2 1029 499 
3 869 822 1606 
3 1417 527 1593 
2 805 257 
2 1131 1007 
2 819 1697 
3 481 965 1698 
2 847 152 
2 834 159 
3 1672 1968 1719 
3 1266 1276 1868 
3 1895 968 524 
2 450 957 
2 255 275 
2 1214 1546 
2 322 264 
2 1448 1767 
2 1028 1561 
2 671 1072 
2 1823 918 
2 620 352 
3 1432 780 318 
2 1389 757 
2 517 43 
2 1118 304 
2 1837 243 
2 1407 363 
2 233 1441 
3 1366 177 508 
3 1355 1016 872 
3 592 1156 580 
2 934 1642 
2 37 773 
2 726 812 
3 245 461 974 
2 1140 876 
2 1600 806 
2 795 1802 
2 1006 1280 
3 370 1024 696 
4 219 561 456 962 
2 1598 315 
3 1712 1910 1168 
2 1933 1713 
3 1162 1068 1129 
2 243 222 
2 1860 1645 
3 113 854 1929 
2 758 1597 
2 1635 598 
2 1372 648 
2 601 577 
2 429 1337 
3 322 1237 181 
3 49 329 25 
2 1977 925 
2 1170 1509 
2 1179 69 
2 163 49 
2 548 1608 
3 379 863 8 
2 114 1252 
2 668 743 
2 959 889 
2 1976 477 
2 943 1457 
2 737 886 
3 1659 303 1914 
2 933 1235 
2 526 724 
2 218 1991 
2 1117 104 
2 502 1620 
3 1209 62 297 
2 254 1984 
2 762 22 
2 559 1175 
2 872 628 
2 1287 40 
2 1999 612 
4 216 1990 1132 1075 
2 1665 970 
2 1419 1042 
4 459 1970 1994 1512 
2 351 1736 
2 271 459 
2 26 618 
3 471 333 1877 
2 251 645 
2 1628 1114 
2 1238 629 
2 976 124 
3 1552 245 283 
2 1597 835 
2 1303 92 
3 1476 69 1135 
2 657 1482 
2 840 982 
3 1462 1976 1003 
2 1574 284 
2 1509 209 
2 919 15 
2 410 1287 
3 1084 825 317 
2 1221 672 
3 138 361 1194 
2 829 2004 
2 650 1672 
2 707 651 
2 692 800 
2 1721 1177 
2 1229 145 
2 1406 626 
3 798 91 1442 
3 1549 1579 585 
2 716 1945 
3 395 184 573 
2 1481 877 
3 711 1650 417 
3 1642 1486 23 
2 1616 2002 
2 24 314 
2 250 811 
3 1450 1595 55 
3 672 1708 58 
4 1371 1202 1304 1687 
4 718 489 1849 1954 
2 43 2002 
2 1694 1419 
2 556 1590 
3 1220 1656 652 
3 335 1338 613 
2 1956 825 
2 256 968 
2 1030 1855 
4 1222 638 98 1505 
2 669 18 
2 1555 1035 
2 1289 1746 
2 617 1700 
3 939 269 1296 
2 1044 991 
3 17 436 832 
2 1025 1899 
3 1250 1422 1600 
2 87 1938 
2 1701 1047 
3 1475 1082 665 
2 1784 1516 
2 1042 290 
2 1698 1490 
2 1497 1939 
2 52 683 
2 142 71 
2 79 1265 
3 910 1100 1779 
2 1208 410 
2 449 1787 
3 772 994 1242 
2 660 1230 
2 1169 447 
3 986 223 74 
3 1899 1654 1762 
2 119 129 
2 1950 1284 
2 763 346 
2 1301 1243 
2 16 1439 
2 507 1050 
2 47 1519 
2 782 431 
2 900 1711 
2 701 162 
2 1507 1290 
2 132 1950 
2 58 118 
2 1947 187 
2 1986 1277 
2 1792 1826 
3 141 794 1420 
2 386 332 
2 88 1360 
2 1279 1223 
2 1096 524 
2 151 1389 
2 1868 1364 
2 574 1016 
3 348 1037 1798 
2 1002 509 
2 1875 1676 
2 1692 1749 
3 78 716 700 
2 1341 738 
2 1521 212 
2 1805 1823 
2 992 1652 
3 527 17 712 
2 521 572 
2 1650 1972 
2 1516 282 
2 846 507 
3 2002 400 1178 
2 110 1162 
2 1360 1815 
2 1533 1123 
2 106 1034 
3 684 372 17 
2 1340 899 
2 661 1197 
2 1391 1985 
3 1778 715 1030 
2 906 1296 
2 1630 1725 
2 656 1333 
2 1341 1028 
2 74 754 
2 486 1833 
2 390 1354 
2 1709 146 
2 1821 387 
2 208 242 
2 770 719 
2 1157 1691 
2 1576 1542 
2 1916 741 
2 558 1119 
3 178 270 1880 
2 196 1593 
2 743 1566 
2 315 313 
2 1915 862 
2 1313 264 
3 1458 1927 1008 
2 877 1850 
3 554 154 1753 
2 1564 1548 
3 228 977 1054 
2 1892 1313 
3 990 1857 1694 
3 1347 1058 1392 
2 894 1874 
2 1114 317 
4 1638 1105 1104 175 
2 1369 216 
2 1231 225 
2 1297 1081 
2 1120 1659 
3 294 1409 1179 
2 1885 1584 
2 659 1096 
3 1647 776 731 
3 1362 236 842 
2 1392 784 
2 1871 1624 
2 1942 28 
3 1595 734 1463 
2 1105 446 
2 1890 714 
2 1760 1953 
2 356 203 
2 1680 736 
3 1565 966 999 
2 533 86 
3 59 1980 1708 
2 1469 1852 
3 775 1 1654 
2 662 691 
3 1578 1302 1830 
3 215 649 1786 
2 230 647 
2 1922 676 
2 1325 521 
2 1011 302 
2 1101 633 
2 1888 1358 
3 60 1798 802 
3 1749 1734 1492 
4 430 906 398 222 
3 1955 258 860 
3 418 767 1365 
2 1816 1344 
2 48 1854 
2 1205 1212 
3 613 988 1110 
2 1059 1166 
2 0 1783 
2 1017 1173 
3 832 1026 253 
2 1690 1130 
2 547 1134 
2 1846 1685 
2 501 427 
2 1173 1785 
2 928 1904 
3 413 241 1361 
2 1328 1665 
4 1174 683 299 1414 
3 232 426 844 
2 1626 1890 
2 192 997 
2 745 1545 
2 1107 107 
3 1075 1126 1304 
4 706 633 1076 492 
2 1435 803 
2 1370 1306 
2 1660 1552 
3 1136 1620 1787 
3 1456 831 18 
3 1690 1346 1807 
2 667 817 
2 1475 560 
2 1559 627 
2 2 1412 
2 1969 568 
2 127 910 
2 1108 1138 
2 955 519 
3 1525 1458 289 
3 589 983 946 
5 866 1401 678 1805 163 
3 1387 173 788 
2 1743 1714 
2 227 172 
2 1145 464 
2 865 1896 
2 1253 359 
2 1959 790 
2 150 455 
3 73 2003 306 
2 541 1176 
2 1966 270 
2 1872 1357 
2 1163 1834 
2 177 1111 
2 1138 586 
3 1907 1848 845 
2 1258 882 
2 544 1021 
2 1609 726 
2 1217 622 
3 960 1175 1998 
2 427 854 
5 346 1561 827 133 1292 
2 764 416 
2 159 1393 
2 1931 1959 
2 281 1603 
3 709 1078 890 
2 66 1536 
2 260 1377 
2 1411 636 
2 862 1495 
2 814 1070 
2 826 151 
2 344 1892 
2 565 1298 
3 712 832 39 
2 1678 1213 
2 1544 549 
3 1929 1600 1510 
2 882 1857 
3 83 1449 260 
2 1932 1182 
3 1954 1670 1980 
2 1436 1062 
2 747 1754 
2 1936 906 
2 279 1471 
2 1206 1420 
2 920 603 
2 867 281 
3 1825 1446 95 
2 600 680 
2 1856 1406 
2 709 199 
2 1420 1454 
2 1836 639 
2 1989 1902 
2 1733 1761 
2 975 115 
2 158 218 
2 309 1663 
3 774 361 513 
2 1385 1342 
2 1139 1447 
3 56 112 1197 
2 160 369 
2 316 1527 
2 1898 1838 
3 1707 250 881 
3 1326 119 996 
2 570 1074 
3 1804 1695 1453 
3 1911 1596 1564 
3 1172 1121 853 
2 342 1047 
4 542 1110 874 1639 
2 307 1789 
2 320 1764 
2 1461 1 
2 902 1768 
2 656 34 
3 503 1766 533 
5 1430 1216 1357 692 1012 
2 1786 2 
2 581 1788 
2 780 815 
4 1040 1991 365 1211 
3 607 77 1613 
3 1886 915 861 
2 934 3 
3 1913 1167 1122 
3 87 1388 1634 
2 1350 1278 
2 318 1202 
2 1591 1426 
2 499 1568 
2 280 92 
4 1786 498 852 1466 
2 67 337 
2 338 1405 
3 360 678 666 
2 1812 896 
2 1691 1813 
3 212 1967 731 
3 95 443 632 
3 1548 1012 326 
2 1480 20 
2 195 479 
2 1764 389 
2 1083 438 
3 5 496 1054 
2 1613 1738 
2 994 670 
3 377 38 1784 
3 995 652 1472 
2 1121 540 
2 1342 292 
2 1447 366 
2 664 984 
2 1498 248 
2 334 354 
2 1619 847 
2 1632 919 
2 1825 1712 
2 500 1896 
2 927 1498 
3 550 1863 652 
2 1923 197 
2 603 1032 
2 1230 1755 
2 1693 1961 
3 382 1778 526 
3 1578 728 436 
3 1247 1835 1870 
2 1336 117 
2 1832 1480 
2 903 1004 
2 1246 1323 
2 830 927 
2 496 1723 
2 634 339 
2 1702 1776 
2 1427 52 
2 1079 1334 
2 269 1362 
2 1833 981 
2 1091 1456 
3 1941 1319 1475 
2 421 737 
2 132 402 
3 1244 1100 1575 
2 926 60 
3 735 1935 220 
2 1510 1367 
3 1915 936 533 
3 879 1580 338 
3 1188 64 1011 
3 1000 578 605 
2 777 1544 
2 791 348 
3 1831 426 587 
2 981 1476 
2 487 1494 
2 440 1941 
3 1827 345 421 
3 1985 1259 1265 
3 169 1789 356 
2 451 213 
2 1953 1524 
2 1572 1293 
2 1737 864 
2 1540 1829 
2 299 30 
2 1793 1462 
3 569 92 263 
2 1396 1010 
2 684 1026 
3 1264 1231 817 
2 1762 1586 
4 480 655 1151 1359 
2 1547 1225 
2 1567 755 
2 485 26 
2 1604 704 
2 490 911 
2 700 296 
2 422 756 
3 1569 1065 1291 
2 53 1821 
2 454 1819 
2 214 1437 
2 292 458 
2 1801 1260 
2 1674 530 
2 1233 42 
2 1277 596 
2 1686 791 
2 1513 1492 
3 1841 1020 1921 
2 1586 1308 
2 1838 7 
2 1830 1026 
2 445 1087 
2 733 1493 
2 738 1455 
2 252 1051 
2 1020 278 
2 1039 1058 
2 1817 1319 
2 1324 796 
2 1615 305 
2 1093 395 
2 1538 574 
3 1813 1525 789 
2 1839 215 
2 509 1942 
2 1976 1017 
2 152 786 
2 945 451 
2 1882 81 
2 1409 388 
2 262 1751 
3 1194 613 1482 
2 1623 495 
3 813 1217 480 
2 166 710 
3 168 1630 93 
2 1546 202 
2 251 637 
2 1316 1214 
2 1052 400 
2 1891 1875 
2 482 1973 
2 1327 1061 
2 769 1543 
4 967 1804 1574 163 
3 1943 551 1932 
2 765 1347 
2 557 1540 
2 748 711 
2 1919 1309 
2 1269 1428 
2 1323 409 
3 1844 267 1446 
2 761 931 
2 1585 1515 
3 63 191 343 
2 1158 813 
2 339 138 
3 1877 1424 131 
3 1754 505 1885 
2 534 1557 
2 76 1202 
2 1041 233 
2 266 1023 
2 1562 828 
2 1810 1043 
2 853 1578 
2 883 923 
3 352 1204 875 
2 263 1339 
3 799 1404 776 
2 839 583 
3 637 1369 1925 
2 1176 1927 
3 540 729 1090 
3 1645 1228 185 
2 1848 235 
2 204 1418 
2 1963 1851 
4 231 869 824 854 
2 1375 1539 
3 1307 1998 822 
3 362 1633 333 
3 1351 584 960 
2 107 573 
2 807 1612 
2 1393 336 
3 1487 211 690 
2 1095 538 
3 372 517 587 
2 1150 201 
2 65 238 
2 323 1016 
3 1496 1878 1137 
3 1311 1514 229 
2 1397 929 
2 971 814 
2 1418 327 
2 220 1797 
2 481 1386 
3 1257 23 1141 
2 527 1831 
2 566 1752 
2 1519 430 
2 673 237 
2 1365 1929 
2 1309 1626 
2 1380 962 
2 1270 1570 
2 649 1681 
3 1465 625 809 
3 822 572 277 
3 1374 1150 1655 
2 1027 1963 
2 1156 1517 
2 1470 95 
2 1658 1461 
2 508 1314 
3 640 1747 156 
2 460 582 
2 185 290 
2 722 1423 
2 1573 555 
4 1976 1117 1149 550 
3 1530 1745 601 
2 50 1880 
3 1627 822 231 
2 1459 1383 
5 1046 899 183 1482 1345 
2 259 307 
2 1622 1675 
3 627 1019 913 
4 811 149 1896 1728 
2 265 1678 
2 347 463 
3 1191 78 155 
3 1524 707 1052 
2 952 1900 
4 620 1646 1845 1800 
3 567 1044 591 
2 227 810 
2 93 904 
2 917 1481 
2 296 1065 
2 1610 1219 
2 1920 1352 
3 293 102 1990 
2 578 1334 
2 30 1030 
2 1539 1438 
2 1928 1086 
2 2003 470 
2 1318 1207 
2 653 1391 
2 1910 1549 
3 1134 8 1867 
3 1842 437 871 
2 1866 401 
2 1146 1450 
2 1019 631 
2 1682 688 
2 884 1443 
2 1368 1668 
3 597 441 507 
2 946 1781 
2 1043 1912 
2 126 1637 
2 545 385 
2 736 157 
2 1494 1413 
3 135 874 1567 
2 1335 123 
2 1831 640 
2 1128 1726 
2 119 885 
2 249 1563 
2 674 331 
2 1595 600 
2 1382 1116 
2 2001 1867 
2 810 1644 
2 1144 1348 
2 285 1397 
2 40 703 
2 690 677 
4 1236 26 1288 523 
2 838 96 
2 1766 1666 
2 796 1677 
2 1256 1459 
2 1802 298 
4 1556 1442 641 261 
2 5 1180 
2 706 1822 
2 110 1704 
2 111 24 
4 1226 1192 1842 370 
2 1218 1113 
3 1714 1948 1606 
2 1970 1115 
2 983 295 
2 69 1242 
2 64 770 
3 1653 549 907 
2 999 1489 
2 1081 1550 
2 1449 1705 
2 1267 1248 
2 1070 1254 
3 957 880 149 
2 1753 1912 
2 128 46 
3 7 547 1232 
2 46 198 
3 242 1846 952 
2 1753 1216 
2 4 293 
4 826 1610 571 1861 
3 1102 1775 1488 
3 850 1713 270 
3 1376 40 1484 
2 1741 1220 
2 236 105 
2 491 1009 
4 1823 150 1741 787 
4 1338 363 98 241 
2 1740 1265 
2 311 1533 
2 1240 839 
2 1443 1291 
3 1196 1362 1140 
3 264 1109 1974 
2 1930 610 
2 1499 321 
2 1254 466 
3 1685 1484 1894 
3 1391 1740 1234 
2 1065 210 
2 697 713 
2 327 1522 
2 549 943 
2 670 1909 
2 55 1507 
3 1617 391 1397 
2 84 1197 
2 513 139 
2 1992 1221 
2 1881 468 
3 371 1599 1305 
2 1843 425 
3 1726 199 140 
2 388 664 
2 1611 666 
2 621 1958 
3 529 1523 1465 
2 1185 50 
3 1863 491 947 
3 1003 1363 709 
3 1820 1988 1624 
2 1663 418 
2 328 1000 
2 688 1576 
2 1560 1163 
3 1023 268 1510 
2 234 1472 
3 462 1581 1433 
2 966 148 
2 727 1955 
2 708 502 
3 634 1194 657 
2 1666 1355 
2 1722 1027 
2 1907 1460 
4 835 416 1341 259 
2 768 516 
3 1474 1561 221 
2 874 902 
2 750 758 
2 568 1534 
2 193 1560 
3 806 1732 1006 
3 1842 1046 269 
2 1299 373 
4 728 753 1760 517 
2 1014 856 
3 444 189 247 
2 1731 230 
3 891 440 364 
2 1588 63 
2 680 1222 
2 89 1064 
2 435 174 
2 367 66 
2 190 1631 
2 417 75 
2 1579 172 
2 9 759 
2 1621 638 
2 1949 805 
2 312 379 
2 808 908 
3 1657 371 882 
2 162 1782 
2 1024 871 
3 376 626 1880 
2 1571 1307 
2 1859 1814 
2 398 1209 
2 757 1432 
2 879 782 
2 1727 27 
3 466 662 1935 
2 1550 1073 
2 174 1164 
2 1599 1229 
2 759 469 
2 1067 514 
2 1290 1370 
2 785 1215 
2 595 57 
2 1780 116 
2 1033 1986 
4 886 1342 980 739 
2 1705 120 
3 1184 121 1059 
2 274 1636 
2 220 1210 
2 583 951 
2 1439 1643 
2 248 1956 
2 1055 188 
2 622 1521 
3 1987 310 532 
2 533 1920 
2 210 1673 
2 578 1638 
2 148 695 
3 172 1686 1109 
2 475 948 
2 377 1791 
3 1723 661 1935 
2 1415 333 
2 115 1726 
3 68 893 1641 
2 754 1828 
2 1359 1139 
2 1331 184 
2 817 1532 
2 156 698 
2 1717 1858 
3 1849 763 1916 
2 1166 1960 
2 1405 831 
2 479 413 
2 1894 100 
2 1606 113 
2 1321 1962 
4 702 1243 1513 385 
2 1921 503 
2 1288 961 
3 1486 181 1237 
4 472 1135 6 1351 
3 1363 486 472 
2 100 1573 
2 189 531 
2 207 546 
2 1080 974 
3 513 179 627 
3 564 1588 1411 
2 1563 1878 
2 940 1609 
2 319 471 
3 942 117 1814 
2 921 1653 
2 866 301 
2 1867 254 
2 455 101 
2 222 476 
2 625 667 
2 642 1928 
2 434 1146 
2 1245 1399 
2 1629 1336 
2 1631 532 
2 1577 1200 
2 1149 916 
2 274 1435 
2 518 1957 
3 1863 1329 234 
3 1308 1631 310 
2 1147 1895 
2 519 898 
3 1104 325 1983 
3 1322 1276 537 
2 836 164 
2 546 565 
2 1088 615 
3 973 1386 265 
2 843 1160 
2 1463 1926 
2 1776 1216 
2 1159 924 
2 1416 554 
2 1123 901 
2 139 1133 
2 1704 1289 
2 866 1128 
3 855 833 161 
2 731 1947 
2 1960 1824 
2 1799 1744 
2 1219 1431 
3 13 1962 1172 
2 260 857 
2 1748 452 
2 1676 799 
3 1905 1144 1971 
3 1613 1141 1269 
2 1248 1870 
4 432 90 274 1953 
2 1005 563 
2 1056 1682 
2 1996 1952 
3 514 1515 1094 
2 642 1801 
2 272 1421 
2 1603 390 
2 229 286 
2 1940 1656 
3 1883 1155 625 
2 516 522 
4 1177 1697 1742 526 
3 306 1325 571 
2 560 816 
3 340 1174 1536 
2 431 1747 
3 1667 477 287 
2 935 1240 
2 1354 1820 
2 593 61 
2 1583 1701 
3 1271 1957 1067 
3 1711 18 998 
2 1644 1311 
2 18 1806 
2 1718 708 
2 1618 1616 
2 1739 1983 
2 1725 878 
2 939 1786 
2 81 1380 
3 1012 335 774 
2 1991 1658 
2 1296 973 
4 438 987 616 1427 
2 1614 1684 
2 1673 1674 
2 1127 1771 
2 1517 1951 
3 804 645 355 
2 1745 1688 
3 1225 23 811 
2 1761 512 
3 29 79 599 
2 895 1748 
2 1974 386 
2 1050 303 
2 1069 21 
2 638 1328 
3 512 1662 1425 
2 588 19 
2 781 244 
2 1061 1529 
3 1143 958 634 
2 776 570 
2 118 940 
2 887 1154 
3 964 360 1695 
2 989 334 
2 1032 365 
2 412 1239 
2 1979 1376 
2 732 1204 
2 96 939 
2 1333 1743 
3 818 1238 1717 
2 1057 341 
2 389 681 
2 729 474 
3 1246 955 29 
3 1252 1592 746 
2 979 1848 
2 298 1503 
2 223 928 
3 1103 283 1887 
2 1228 320 
2 1223 1416 
3 1180 971 1984 
2 1939 1967 
3 944 388 1993 
3 1100 396 1347 
2 1818 702 
2 1465 1124 
3 1896 1232 689 
2 1554 685 
2 950 1161 
2 1826 217 
3 28 1304 374 
3 1830 110 1760 
2 291 1233 
2 1314 556 
2 951 977 
2 1300 1669 
2 45 932 
2 1504 843 
2 1770 567 
2 1750 717 
2 744 1528 
3 1587 1837 1755 
3 161 56 1508 
2 1781 1680 
2 1824 729 
4 969 717 384 1697 
4 118 1965 11 240 
3 1543 950 1818 
2 226 1316 
2 1160 793 
2 75 851 
2 1724 1184 
2 1294 142 
2 1671 143 
2 1455 1652 
2 35 1922 
3 1364 240 1136 
2 407 747 
2 644 1814 
2 125 412 
3 268 1443 1888 
2 1695 1611 
2 1317 1395 
2 1344 1943 
2 394 128 
2 1654 1719 
2 10 228 
2 332 308 
3 928 1102 1632 
2 1148 368 
2 403 1060 
3 972 739 1903 
3 1320 573 1560 
2 721 73 
2 1874 1272 
2 1855 1917 
3 441 370 1196 
2 98 475 
2 586 1330 
2 102 1025 
3 1492 1255 1871 
2 1870 396 
2 1532 497 
2 1708 324 
5 532 1869 93 1250 355 
2 991 1601 
2 535 1879 
3 1048 1998 824 
2 751 1132 
2 792 849 
2 1570 1694 
2 1186 837 
2 70 126 
2 467 461 
2 860 1253 
2 205 59 
2 1268 781 
2 1643 1282 
4 1536 895 1553 157 
2 760 699 
3 1819 1292 193 
2 1467 1099 
2 41 1136 
2 689 794 
2 1 761 
2 1175 501 
2 94 621 
2 1774 785 
2 1211 525 
4 1131 1489 1862 1825 
2 1298 183 
2 221 1089 
2 1912 1872 
2 443 1227 
3 695 890 1483 
2 1703 914 
2 1125 686 
2 282 1581 
2 361 968 
2 812 14 
2 1412 437 
3 1016 422 444 
3 614 668 1065 
2 1901 167 
2 510 1283 
2 871 1559 
2 539 1975 
3 1243 789 469 
2 924 200 
2 1490 1558 
3 1512 644 1933 
3 1961 1104 826 
2 888 169 
2 1669 1500 
2 447 1181 
2 1013 259 
2 1444 1796 
2 562 634 
2 504 1905 
2 731 1088 
2 411 433 
3 1768 524 1591 
3 696 481 973 
3 1000 1667 1105 
2 415 1276 
2 509 848 
2 1683 258 
2 705 1599 
3 1758 905 117 
3 1614 473 815 
2 1060 535 
2 71 355 
2 1849 280 
2 1700 1703 
3 1498 1865 855 
2 122 823 
2 1224 963 
3 213 580 1603 
2 1785 158 
2 1884 1661 
2 1193 850 
2 1662 1827 
3 1528 1752 921 
2 870 1501 
2 1607 1587 
2 1945 614 
2 842 1140 
2 1491 551 
2 643 1396 
2 414 252 
2 1608 1629 
4 896 439 979 1907 
3 469 482 1492 
2 575 829 
2 1982 1919 
2 1282 1410 
2 1388 727 
3 925 986 838 
2 1756 1554 
3 1124 1417 196 
2 1451 1646 
2 550 1930 
2 131 1883 
3 1677 1782 1931 
2 813 1715 
2 651 1095 
2 604 342 
2 1542 256 
2 1639 1671 
2 477 772 
2 1395 1514 
3 1111 1727 581 
2 543 1340 
2 912 1968 
2 526 1813 
2 1865 1084 
2 1239 1145 
2 1399 232 
2 820 840 
2 358 312 
3 409 599 606 
2 1168 191 
2 374 1732 
3 864 1510 1657 
2 801 13 
2 1212 78 
2 646 98 
3 21 1197 694 
2 793 1707 
3 112 196 52 
3 1596 1452 634 
2 1154 37 
3 1051 1684 251 
2 1008 1735 
2 1445 1913 
2 1129 534 
2 1670 595 
2 742 1918 
2 892 1769 
3 397 1071 227 
2 1515 170 
2 257 217 
3 343 934 1556 
3 904 972 1280 
2 2005 1356 
2 1664 1434 
3 1649 795 602 
2 615 669 
2 1468 246 
2 592 949 
2 901 353 
2 1728 1400 
2 1702 1430 
3 25 623 1683 
2 606 1763 
2 756 1274 
2 698 538 
2 295 114 
2 548 462 
2 932 870 
2 1015 12 
2 859 630 
2 725 328 
3 22 485 1142 
2 1862 1649 
3 997 853 1245 
3 649 1911 1730 
2 1877 1321 
2 2000 1448 
2 1997 494 
2 1712 858 
2 598 1794 
3 666 1007 1712 
2 1864 1615 
2 203 1018 
4 1964 699 377 541 
2 713 325 
3 1675 47 1541 
2 1757 1662 
2 72 36 
2 687 658 
2 885 347 
3 326 774 871 
3 1334 1729 1844 
3 963 89 978 
2 1568 219 
2 349 1103 
3 185 1717 830 
3 97 961 182 
2 947 1329 
3 19 380 1349 
3 1816 1522 1387 
5 506 749 1392 1598 1300 
2 755 1746 
2 714 912 
2 582 202 
2 1741 836 
2 1795 381 
3 677 671 1374 
3 1619 1818 976 
2 1353 1512 
2 1383 72 
2 1897 1906 
2 1235 1693 
3 217 1257 77 
2 365 106 
2 1773 1523 
2 985 403 
2 1262 84 
2 286 330 
4 590 1006 705 1423 
2 2004 1732 
3 1500 313 1350 
2 1100 749 
3 1410 1796 837 
3 1166 797 1440 
2 378 429 
2 857 1201 
2 1880 1640 
2 399 846 
2 186 1664 
2 1074 423 
3 982 103 1491 
2 1506 997 
2 720 879 
3 765 548 9 
2 1602 1936 
2 618 1775 
2 1260 1382 
2 1215 1757 
2 1951 867 
2 1738 144 
2 1090 1302 
2 970 434 
3 1021 1755 211 
2 161 1765 
3 579 1177 1318 
3 1903 1977 1602 
2 144 764 
2 823 892 
2 790 723 
3 200 1477 137 
2 453 1407 
2 786 1267 
2 710 589 
2 530 1977 
2 244 779 
2 1707 732 
2 465 657 
3 897 16 344 
2 948 1055 
2 83 1720 
2 536 322 
2 1318 1835 
2 1398 1247 
2 42 367 
4 109 1442 934 111 
2 803 1803 
2 1349 1724 
2 1345 542 
4 1022 1292 1005 83 
3 1018 247 573 
2 153 807 
3 101 918 1112 
2 624 465 
2 140 491 
2 458 1853 
3 913 1816 733 
2 647 1485 
2 155 739 
2 851 1310 
2 1627 1048 
2 54 721 
3 1106 160 865 
2 787 329 
3 1808 702 127 
2 1004 453 
2 1716 1127 
3 809 497 684 
2 344 1038 
2 707 88 
2 1337 1008 
2 1841 2000 
2 1806 1183 
2 478 160 
3 1975 135 797 
2 730 751 
2 1384 1261 
2 1111 1031 
2 1995 1750 
2 359 1949 
2 1361 646 
3 1908 1721 1233 
3 457 232 1778 
2 1909 1944 
3 353 920 485 
3 180 1430 624 
2 278 323 
2 1492 271 
3 1367 1057 991 
3 374 266 590 
2 1305 1860 
2 1537 1526 
4 1377 577 1169 1620 
2 79 735 
2 1790 192 
4 129 941 231 1098 
2 51 1384 
2 289 1390 
2 1113 569 
2 960 887 
2 1281 995 
2 828 1729 
3 639 1160 663 
3 80 1369 1198 
2 1473 762 
2 1189 350 
2 1853 986 
2 39 1189 
3 1781 673 1499 
3 302 1603 537 
2 1876 1040 
2 1903 873 
3 1944 775 4 
3 1001 483 1689 
3 194 1873 1808 
2 849 528 
4 1918 1571 869 1948 
2 201 319 
2 1390 1125 
2 778 442 
3 1132 1036 1126 
2 1288 674 
2 1651 825 
2 643 1915 
2 1879 279 
3 1068 1840 1967 
2 909 1891 
2 1078 472 
2 627 1408 
2 1518 1966 
3 1720 1086 1873 
3 1736 261 349 
2 1071 1317 
2 923 1186 
3 276 818 1857 
2 1400 881 
2 1815 480 
2 1822 171 
2 1464 1446 
2 348 428 
2 1914 1633 
3 1274 425 12 
2 1116 946 
3 495 1285 392 
2 855 1981 
2 1171 360 
2 1423 1044 
2 1195 859 
3 476 297 211 
2 91 536 
2 1379 94 
3 1478 1381 1212 
2 612 1002 
2 1520 1445 
2 525 311 
2 930 1013 
2 1363 1179 
2 905 1893 
2 1255 1353 
3 594 1849 1436 
2 1408 1273 
2 337 239 
2 1077 1199 
2 1199 745 
2 873 1477 
2 419 1158 
2 931 1403 
2 876 588 
2 1994 108 
2 1263 490 
2 852 180 
2 1164 903 
2 1453 1366 
2 1198 1432 
2 520 978 
2 1080 748 
2 355 1999 
2 1203 1692 
3 1787 1624 1882 
3 1706 539 518 
2 452 654 
2 1688 420 
2 1503 682 
3 1310 468 358 
3 623 1220 1281 
2 157 1946 
3 235 1265 1174 
2 236 380 
2 224 1866 
2 369 1373 
2 1183 376 
3 1902 693 1452 
2 1373 1335 
2 937 1148 
2 949 1066 
2 1777 1690 
3 1428 1547 620 
4 493 57 1303 354 
2 197 448 
2 1744 181 
2 401 1185 
4 1472 675 1470 272 
3 273 1814 962 
3 552 44 941 
2 1404 1795 
2 82 1577 
3 1228 1092 1487 
2 176 1188 
3 1285 239 1901 
2 1551 1641 
2 1592 340 
2 205 1014 
2 691 1083 
2 1558 1271 
2 442 1191 
3 1085 916 993 
2 1411 1053 
2 875 1451 
2 1612 1483 
2 1466 207 
2 1937 1029 
3 1422 1511 1023 
3 1774 609 130 
2 1779 506 
2 1433 1758 
3 314 1642 1826 
3 1850 722 32 
2 663 1531 
2 1993 1190 
2 979 969 
3 967 1496 964 
2 99 1174 
2 1227 552 
2 1153 1710 
3 867 1203 1988 
4 368 1493 1943 147 
2 1178 861 
2 1207 1157 
2 420 506 
2 1589 1259 
2 773 1847 
3 12 845 1382 
3 464 953 958 
2 596 802 
3 681 1261 1534 
2 1783 1398 
2 1529 1478 
2 1735 1368 
2 137 1837 
3 1251 488 1026 
2 609 1205 
2 392 730 
2 1454 1995 
2 629 660 
2 1535 1790 
2 633 930 
2 246 136 
2 631 1361 
2 1438 1864 
2 36 1258 
2 1200 206 
2 3 1799 
2 131 1506 
3 1968 1327 1733 
2 1527 961 
2 693 1143 
2 105 1706 
4 683 1593 1897 440 
2 385 1734 
2 143 1063 
3 907 1263 1619 
3 1045 1982 1403 
2 515 1756 
2 665 378 
2 522 1378 
4 1192 498 649 635 
3 387 537 1689 
2 636 1792 
2 628 718 
2 1765 1605 
2 1082 156 
2 1788 408 
2 104 725 
2 1471 122 
2 1715 1497 
2 1356 1514 
2 841 99 
2 417 505 
2 1772 1153 
3 881 1812 1843 
2 1167 744 
2 267 933 
2 1557 70 
2 787 623 
2 550 424 
2 1187 1583 
2 539 121 
3 1625 124 1575 
3 1868 41 53 
2 182 808 
2 163 226 
2 1800 653 
3 654 1414 765 
4 1278 1049 1115 1713 
2 433 1647 
3 1567 1491 510 
2 1897 760 
3 1499 1267 1244 
2 741 1320 
2 1181 1001 
2 740 449 
2 936 1648 
3 424 249 967 
3 1152 1264 1962 
3 1329 602 675 
3 408 1736 1249 
3 1381 122 716 
2 1087 1989 
2 723 67 
3 497 1251 753 
3 844 712 915 
2 167 687 
2 446 697 
2 563 68 
2 1553 685 
2 136 607 
3 1759 255 1261 
2 619 752 
2 1997 766 
2 61 1636 
3 171 1582 750 
3 939 899 1024 
2 1800 992 
2 1483 795 
2 881 141 
2 957 520 
2 1751 54 
4 566 1234 819 1908 
4 356 1093 1372 1670 
3 209 463 1737 
2 821 1992 
2 494 1902 
2 1566 1617 
3 511 12 186 
2 364 1295 
2 187 604 
3 591 1645 468 
2 1092 1969 
2 108 1049 
2 1601 276 
2 960 214 
2 1329 1464 
3 678 999 1131 
2 1769 1473 
2 1374 1415 
2 1699 900 
3 898 922 1118 
4 1963 240 415 1809 
2 1304 130 
3 1161 685 1301 
2 1300 483 
2 1332 562 
2 1641 1625 
2 470 1294 
2 783 419 
2 198 1621 
3 317 1467 801 
2 1112 836 
2 1306 1635 
4 868 1047 456 1518 
2 1972 990 
2 1689 771 
2 1402 1172 
2 34 1379 
2 802 478 
2 206 640 
2 1237 149 
2 1280 504 
2 170 225 
2 528 487 
2 1637 783 
2 585 467 
2 1668 134 
2 978 1097 
2 1133 241 
4 676 555 1246 875 
3 1778 1502 1817 
2 123 619 
2 373 392 
2 880 35 
2 1719 1343 
3 1852 608 1702 
3 1291 1537 1622 
2 523 1924 
3 33 1358 1159 
2 1502 82 
3 1391 566 1015 
3 1848 1592 166 
2 984 1594 
2 272 897 
2 1466 624 
4 953 154 908 1332 
3 133 1434 642 
2 297 1651 
4 1634 706 205 460 
2 1093 454 
2 1295 1923 
3 1437 1627 44 
2 1394 792 
2 1076 888 
2 750 1101 
2 1275 500 
2 1917 679 
2 1904 125 
2 815 1987 
2 1142 223 
2 816 462 
2 1122 893 
3 277 848 590 
2 1401 975 
2 1403 576 
3 147 788 593 
2 1350 273 
2 73 76 
4 1054 1083 220 704 
2 1526 597 
2 134 1731 
2 375 25 
2 381 1241 
2 164 1171 
2 715 699 
2 767 484 
3 1283 788 1746 
2 1594 1623 
2 345 1385 
2 1696 0 
2 1151 406 
2 1627 941 
2 1590 1041 
2 404 394 
2 1201 1530 
2 1165 190 
3 488 1162 720 
2 356 594 
2 1010 508 
2 1072 362 
2 1130 1184 
2 996 2005 
2 576 557 
2 1094 1152 
2 682 1351 
3 1099 1824 1155 
4 202 856 821 1868 
2 146 1475 
2 14 1266 
2 1640 561 
4 1241 1636 178 655 
3 239 1413 1774 
2 1858 544 
2 313 942 
2 1159 51 
2 428 1881 
2 784 117 
3 974 1208 208 
3 1346 116 1585 
4 768 294 328 866 
3 1545 285 1537 
2 90 147 
2 208 1224 
2 594 493 
3 1655 5 2001 
2 1782 1394 
3 1135 1190 165 
3 304 1240 10 
2 439 717 
2 1064 407 
2 1925 1075 
2 1745 1001 
2 1828 608 
2 889 310 
4 300 638 132 1195 
3 1851 989 118 
2 1242 1739 
2 313 1679 
3 1763 79 1589 
2 20 1165 
3 96 1469 1839 
3 1307 571 824 
2 1687 309 
2 1582 1468 
3 8 1981 922 
3 350 357 431 
2 559 894 
2 336 1511 
2 1958 1444 
