713
0 361 589
1 379 314
2 308 535
3 381 700
4 521 596
5 117 385
6 175 222
7 453 236
8 379 272
9 349 46
10 680 70
11 146 385
12 497 100
13 479 363
14 459 74
15 306 163
16 159 136
17 707 237
18 207 611
19 206 36
20 53 350
21 612 122
22 624 128
23 547 412
24 313 78
25 620 651
26 516 280
27 697 520
28 248 267
29 446 295
30 661 206
31 521 635
32 527 696
33 55 139
34 68 241
35 661 168
36 455 665
37 118 264
38 10 385
39 159 121
40 446 275
41 208 654
42 521 696
43 301 704
44 648 441
45 308 501
46 357 46
47 179 611
48 131 326
49 374 700
50 459 89
51 487 494
52 469 443
53 461 494
54 55 125
55 667 441
56 763 272
57 479 443
58 53 363
59 361 575
60 651 213
61 661 177
62 528 339
63 538 115
64 424 250
65 416 411
66 230 267
67 122 215
68 273 267
69 308 508
70 553 510
71 423 479
72 278 550
73 229 28
74 547 420
75 16 625
76 763 307
77 266 213
78 52 307
79 82 264
80 24 139
81 620 663
82 625 145
83 424 271
84 661 186
85 571 492
86 294 163
87 30 604
88 612 35
89 733 441
90 55 173
91 206 23
92 266 232
93 24 125
94 46 581
95 680 65
96 716 537
97 146 388
98 46 237
99 86 616
100 170 375
101 353 701
102 46 215
103 453 63
104 540 304
105 405 316
106 616 467
107 10 442
108 119 385
109 379 316
110 338 267
111 464 236
112 452 325
113 297 163
114 466 494
115 203 23
116 709 441
117 446 368
118 553 498
119 776 635
120 677 234
121 38 139
122 122 151
123 392 224
124 49 385
125 455 615
126 625 131
127 361 510
128 735 537
129 339 193
130 303 47
131 151 388
132 520 494
133 127 363
134 446 250
135 170 299
136 312 29
137 343 223
138 771 384
139 470 236
140 424 245
141 507 115
142 569 492
143 115 581
144 175 225
145 416 390
146 424 297
147 650 441
148 674 35
149 776 610
150 175 188
151 547 296
152 776 584
153 364 267
154 52 264
155 86 604
156 10 477
157 8 549
158 430 477
159 361 487
160 46 203
161 81 264
162 624 427
163 661 213
164 351 487
165 303 52
166 68 250
167 612 87
168 361 573
169 424 252
170 179 606
171 478 236
172 441 395
173 229 48
174 122 90
175 436 316
176 689 748
177 285 654
178 206 52
179 353 704
180 77 223
181 658 168
182 306 52
183 46 232
184 122 153
185 422 385
186 588 696
187 629 427
188 520 412
189 170 285
190 634 467
191 97 385
192 325 584
193 455 649
194 411 29
195 487 608
196 41 385
197 159 105
198 416 404
199 536 316
200 223 654
201 413 31
202 339 162
203 122 101
204 771 307
205 159 119
206 94 581
207 40 176
208 589 492
209 680 67
210 776 630
211 612 17
212 52 286
213 615 467
214 416 479
215 632 87
216 641 234
217 361 517
218 446 443
219 416 437
220 287 594
221 455 668
222 606 484
223 175 218
224 645 168
225 416 385
226 55 164
227 230 285
228 188 232
229 148 157
230 423 516
231 552 510
232 46 250
233 254 28
234 86 609
235 137 307
236 680 80
237 547 293
238 159 43
239 749 748
240 46 220
241 493 280
242 737 748
243 131 363
244 625 129
245 10 397
246 306 78
247 170 307
248 416 408
249 148 190
250 86 646
251 459 71
252 229 31
253 547 419
254 680 87
255 230 28
256 438 516
257 503 608
258 210 232
259 697 533
260 514 494
261 411 224
262 10 426
263 598 492
264 208 611
265 697 467
266 339 46
267 455 658
268 303 28
269 272 28
270 8 531
271 122 126
272 175 232
273 10 436
274 521 677
275 762 237
276 528 365
277 455 680
278 624 35
279 479 325
280 459 82
281 493 266
282 46 552
283 285 704
284 547 287
285 536 280
286 196 611
287 612 88
288 165 278
289 521 627
290 521 686
291 413 29
292 521 597
293 379 273
294 348 46
295 86 650
296 680 69
297 493 96
298 612 19
299 493 259
300 165 299
301 306 162
302 46 563
303 620 748
304 338 46
305 677 237
306 140 307
307 697 507
308 612 121
309 727 237
310 430 471
311 446 237
312 170 300
313 53 355
314 528 347
315 613 87
316 553 492
317 776 537
318 641 213
319 230 275
320 40 185
321 489 494
322 618 427
323 376 29
324 177 606
325 288 267
326 46 385
327 550 696
328 678 748
329 442 365
330 641 225
331 612 96
332 6 531
333 436 336
334 170 388
335 6 477
336 8 546
337 697 530
338 16 648
339 446 307
340 587 696
341 720 537
342 693 748
343 763 252
344 441 412
345 771 426
346 447 325
347 122 214
348 122 95
349 424 307
350 170 347
351 352 29
352 16 624
353 498 494
354 357 50
355 770 692
356 493 271
357 46 207
358 589 691
359 114 363
360 538 83
361 430 459
362 465 325
363 690 237
364 25 139
365 559 286
366 424 224
367 505 280
368 115 590
369 468 96
370 547 324
371 745 441
372 445 538
373 771 441
374 156 606
375 148 606
376 170 364
377 776 627
378 55 90
379 172 285
380 497 205
381 574 696
382 159 168
383 224 52
384 697 518
385 159 182
386 55 110
387 290 163
388 479 436
389 348 50
390 145 307
391 536 294
392 54 176
393 479 332
394 287 267
395 453 31
396 446 341
397 46 217
398 479 368
399 165 307
400 159 145
401 361 511
402 446 292
403 261 28
404 146 606
405 450 699
406 165 285
407 37 552
408 52 302
409 313 55
410 6 498
411 10 420
412 312 487
413 382 224
414 528 349
415 250 28
416 503 206
417 10 398
418 44 139
419 379 296
420 423 459
421 40 187
422 285 668
423 769 441
424 553 500
425 375 267
426 343 584
427 159 23
428 771 339
429 468 443
430 759 537
431 629 441
432 16 650
433 589 696
434 737 441
435 490 432
436 360 267
437 479 442
438 372 224
439 446 252
440 446 305
441 159 91
442 182 232
443 82 223
444 606 467
445 770 719
446 668 748
447 776 677
448 629 748
449 428 316
450 288 28
451 478 443
452 415 700
453 218 654
454 10 403
455 16 604
456 423 478
457 444 494
458 493 243
459 265 594
460 97 363
461 170 355
462 625 164
463 354 29
464 75 650
465 6 520
466 355 589
467 331 584
468 719 441
469 284 28
470 697 537
471 640 748
472 216 654
473 148 210
474 361 499
475 55 152
476 589 651
477 436 365
478 719 748
479 339 50
480 68 224
481 559 280
482 140 590
483 581 492
484 379 294
485 763 237
486 122 223
487 528 353
488 771 405
489 479 236
490 487 432
491 154 606
492 585 427
493 414 31
494 776 623
495 493 236
496 279 267
497 497 96
498 507 432
499 86 617
500 353 700
501 430 494
502 122 141
503 118 223
504 379 700
505 165 264
506 589 682
507 501 205
508 330 267
509 648 87
510 761 441
511 54 581
512 606 477
513 446 412
514 343 193
515 347 704
516 388 29
517 680 35
518 36 650
519 66 604
520 455 699
521 776 671
522 503 596
523 637 748
524 521 670
525 379 267
526 308 550
527 538 48
528 343 589
529 265 550
530 612 128
531 429 385
532 625 168
533 497 115
534 175 182
535 546 412
536 478 608
537 648 213
538 282 163
539 449 516
540 430 475
541 416 459
542 343 224
543 165 283
544 303 46
545 763 258
546 361 571
547 736 537
548 339 177
549 375 29
550 748 537
551 122 118
552 448 236
553 520 501
554 237 28
555 770 748
556 441 385
557 538 17
558 261 232
559 53 307
560 326 46
561 694 237
562 422 316
563 680 86
564 170 358
565 352 487
566 536 324
567 212 285
568 625 157
569 53 360
570 776 574
571 446 700
572 303 29
573 417 316
574 55 187
575 334 162
576 122 210
577 441 394
578 175 215
579 285 659
580 157 606
581 61 650
582 446 325
583 293 704
584 170 353
585 442 368
586 702 237
587 493 267
588 630 441
589 292 550
590 387 224
591 146 590
592 449 520
593 661 199
594 266 163
595 165 279
596 47 176
597 55 176
598 771 407
599 776 692
600 339 165
601 725 748
602 423 526
603 521 667
604 146 387
605 16 619
606 284 267
607 192 611
608 446 236
609 55 147
610 94 90
611 118 247
612 450 700
613 528 324
614 313 50
615 459 63
616 521 629
617 776 556
618 479 432
619 540 297
620 135 210
621 63 250
622 424 235
623 120 385
624 503 205
625 137 326
626 548 427
627 559 492
628 528 368
629 479 328
630 265 578
631 318 162
632 133 590
633 776 638
634 680 81
635 583 427
636 202 285
637 126 210
638 670 441
639 285 697
640 150 606
641 641 226
642 511 412
643 455 608
644 449 538
645 625 128
646 416 461
647 244 267
648 146 602
649 664 35
650 538 75
651 24 130
652 506 368
653 501 280
654 771 389
655 606 492
656 339 179
657 622 467
658 208 643
659 521 675
660 308 513
661 554 492
662 459 96
663 229 52
664 464 494
665 472 608
666 771 433
667 493 246
668 423 538
669 55 203
670 122 157
671 49 203
672 77 90
673 436 350
674 549 696
675 8 552
676 708 537
677 732 237
678 68 223
679 172 23
680 507 412
681 656 467
682 55 120
683 24 137
684 625 147
685 75 363
686 416 442
687 361 546
688 430 516
689 559 287
690 776 681
691 520 510
692 343 207
693 770 741
694 540 324
695 435 316
696 148 172
697 521 654
698 547 427
699 308 487
700 497 206
701 540 280
702 61 604
703 287 584
704 589 685
705 235 232
706 313 69
707 395 29
708 536 281
709 45 187
710 521 626
711 121 264
712 159 106
3 643 466 59 
2 109 419 
2 526 660 
2 452 504 
3 292 522 70 
2 108 191 
3 144 473 223 
3 111 552 700 
2 293 525 
2 46 294 
2 236 296 
4 131 604 623 243 
2 533 497 
3 652 398 393 
2 280 251 
4 77 113 301 631 
2 400 39 
2 309 586 
2 264 286 
2 178 91 
3 313 559 48 
2 530 308 
2 645 530 
2 253 370 
3 631 246 706 
3 81 655 470 
2 285 367 
2 337 384 
3 68 647 92 
2 440 402 
2 163 593 
2 697 616 
2 674 42 
3 609 418 54 
2 166 480 
3 61 181 254 
2 221 267 
3 711 79 611 
3 245 335 93 
2 16 205 
2 402 439 
4 472 639 295 658 
3 32 520 290 
2 515 583 
2 147 588 
2 69 699 
3 354 9 201 
3 607 250 170 
3 625 20 247 
2 504 500 
2 662 280 
2 321 114 
2 451 429 
2 664 457 
2 33 682 
2 638 147 
2 76 545 
3 316 451 437 
3 685 124 569 
2 0 168 
2 163 537 
2 84 35 
2 314 613 
3 308 141 360 
2 169 140 
2 219 248 
3 647 319 505 
2 486 347 
2 496 28 
2 660 45 
4 476 4 231 424 
2 230 456 
2 589 529 
3 255 252 91 
2 698 253 
2 338 352 
3 428 363 56 
3 705 15 129 
3 559 196 408 
3 37 161 166 
4 364 207 245 683 
3 478 476 25 
2 684 126 
2 146 169 
2 593 61 
2 483 142 
2 113 387 
2 702 455 
3 278 527 298 
2 434 468 
2 597 226 
4 73 19 115 211 
3 28 558 542 
3 651 38 378 
4 511 455 407 302 
2 209 517 
2 341 676 
2 591 604 
2 232 183 
3 499 234 404 
2 334 376 
2 179 500 
2 397 357 
3 615 514 354 
2 694 619 
2 573 109 
2 657 213 
2 156 273 
2 623 5 
4 105 225 227 1 
2 436 508 
2 139 7 
2 362 346 
2 15 86 
2 51 664 
2 91 679 
2 468 638 
2 513 396 
2 424 316 
2 633 210 
3 363 305 593 
2 418 364 
2 184 502 
2 261 590 
3 191 326 58 
2 193 643 
2 82 244 
3 401 426 474 
2 547 341 
3 514 77 656 
2 165 544 
3 334 529 11 
3 553 260 316 
2 243 359 
3 439 175 311 
2 312 189 
2 351 572 
2 542 692 
2 654 428 
2 171 111 
2 64 622 
2 63 533 
2 85 627 
3 368 206 604 
2 272 6 
2 198 225 
2 349 83 
2 55 44 
2 517 649 
2 494 152 
2 578 534 
2 370 237 
3 149 355 570 
2 425 436 
3 161 212 232 
3 234 519 368 
3 407 410 107 
2 675 336 
2 501 540 
3 474 565 214 
3 671 357 421 
2 79 154 
2 187 322 
3 305 60 30 
2 565 412 
3 182 538 130 
3 79 621 34 
3 315 287 527 
2 59 546 
2 83 64 
3 47 324 630 
2 489 139 
2 344 577 
2 663 252 
3 348 610 238 
3 333 695 134 
2 342 328 
4 500 579 200 220 
3 383 400 19 
3 446 515 101 
2 443 678 
2 35 224 
3 246 165 614 
2 98 240 
3 229 670 122 
3 531 225 477 
2 433 340 
3 431 162 216 
2 535 642 
3 379 135 543 
2 681 657 
2 5 124 
2 467 703 
2 267 125 
2 291 707 
2 257 536 
3 326 454 78 
3 712 229 441 
3 344 248 145 
2 566 391 
2 177 453 
3 493 46 291 
3 600 575 389 
2 551 348 
3 317 428 485 
2 39 712 
2 143 511 
3 596 320 80 
2 263 483 
3 296 509 95 
2 119 377 
4 517 298 91 557 
2 408 154 
3 106 444 431 
3 159 646 456 
2 509 315 
3 371 187 641 
2 687 401 
4 429 361 344 513 
2 686 65 
3 177 459 528 
2 277 36 
2 655 512 
2 6 578 
2 181 532 
3 185 145 109 
2 90 475 
3 109 567 319 
2 258 442 
3 696 184 197 
2 602 71 
2 70 691 
4 621 154 454 98 
2 403 415 
2 99 155 
2 306 559 
2 634 10 
2 151 284 
3 441 174 679 
2 555 242 
2 183 397 
3 653 279 356 
2 239 601 
3 11 133 625 
2 126 645 
3 417 38 80 
3 24 301 182 
5 350 625 48 399 312 
2 65 198 
3 473 696 385 
3 295 499 47 
2 14 615 
2 173 73 
3 74 535 23 
3 586 35 563 
2 554 73 
2 539 688 
3 616 195 522 
2 705 228 
2 470 337 
2 132 353 
2 366 123 
2 273 411 
2 655 208 
3 658 18 459 
3 307 681 510 
2 294 304 
2 36 193 
3 572 450 298 
2 469 403 
3 455 336 410 
2 502 551 
4 442 505 486 144 
2 107 262 
2 290 659 
2 485 677 
2 628 487 
3 405 221 524 
2 649 88 
3 629 362 241 
2 50 14 
2 587 299 
2 302 326 
4 583 303 432 639 
3 689 237 701 
3 701 708 26 
2 18 607 
2 331 167 
2 595 505 
2 616 710 
2 42 274 
3 201 194 298 
2 710 4 
2 484 8 
2 9 266 
3 41 464 250 
2 10 209 
2 497 369 
5 88 395 291 268 211 
2 281 667 
2 399 406 
2 15 246 
2 94 282 
2 448 283 
2 266 560 
3 654 163 120 
2 390 235 
2 384 265 
3 21 63 331 
2 677 17 
2 540 361 
3 134 349 608 
2 247 135 
2 569 20 
2 414 62 
2 215 167 
4 661 118 132 57 
2 617 204 
3 537 330 416 
2 227 66 
2 421 207 
2 353 51 
2 162 492 
2 516 549 
2 170 580 
2 508 394 
3 124 282 196 
2 381 674 
2 176 446 
3 585 477 339 
2 641 318 
2 308 287 
3 675 432 465 
2 673 175 
3 699 131 100 
2 410 38 
2 157 270 
2 259 27 
2 432 75 
3 582 329 440 
2 186 381 
2 128 96 
2 478 176 
2 545 485 
3 218 198 172 
2 666 598 
2 112 582 
2 67 576 
2 203 174 
3 562 146 311 
2 584 247 
2 463 136 
2 75 605 
2 260 321 
3 103 389 46 
3 445 430 152 
2 241 587 
2 102 160 
2 433 704 
2 133 460 
2 63 650 
3 310 420 218 
2 279 112 
3 561 76 120 
2 121 80 
2 689 481 
3 622 261 662 
3 26 613 653 
3 632 155 143 
2 297 662 
2 23 151 
3 510 434 216 
2 644 668 
3 617 423 666 
2 580 491 
2 640 404 
2 100 564 
2 210 494 
4 672 386 93 427 
2 636 189 
2 700 533 
2 340 327 
2 385 400 
2 663 178 
2 27 307 
3 534 249 382 
2 682 378 
2 86 538 
2 437 618 
3 354 202 479 
2 399 306 
2 199 708 
2 597 596 
2 13 629 
2 325 606 
3 527 493 298 
3 117 585 582 
2 240 102 
2 618 13 
3 247 390 300 
3 382 16 178 
2 217 127 
2 29 40 
2 269 233 
3 375 99 648 
3 520 500 277 
2 300 543 
3 94 156 411 
2 78 212 
2 706 614 
4 270 465 335 156 
3 407 262 454 
2 164 699 
3 590 525 438 
2 487 314 
2 233 554 
3 318 495 624 
2 454 245 
2 33 121 
2 1 484 
3 361 456 686 
4 709 160 454 320 
2 639 579 
2 373 510 
2 70 118 
2 525 153 
3 528 467 127 
3 679 378 557 
3 138 76 204 
2 52 218 
3 355 550 510 
3 588 213 187 
5 518 283 332 675 338 
3 478 186 358 
2 371 89 
2 498 490 
2 153 110 
2 57 388 
2 413 542 
2 40 134 
2 339 29 
2 197 238 
2 228 272 
2 503 180 
3 213 512 498 
2 693 355 
3 328 471 179 
2 690 521 
2 523 303 
2 695 562 
2 268 469 
2 57 52 
2 571 3 
2 200 472 
5 411 417 421 232 196 
4 87 605 270 94 
3 71 214 420 
2 53 501 
2 667 495 
3 220 264 703 
2 359 685 
2 564 584 
2 532 568 
2 549 351 
2 295 581 
2 332 410 
2 0 528 
3 426 192 526 
2 89 116 
2 450 269 
3 676 25 259 
2 446 523 
2 453 41 
3 6 620 249 
2 127 159 
2 226 609 
3 81 506 70 
3 329 185 673 
5 601 342 612 433 81 
2 389 614 
2 34 678 
3 365 701 641 
2 591 632 
2 208 85 
2 419 293 
4 204 343 275 517 
3 272 503 67 
2 276 414 
2 598 654 
2 495 171 
3 435 618 680 
2 374 640 
3 322 635 689 
2 395 201 
2 377 149 
3 458 489 416 
2 606 68 
3 12 297 527 
3 444 435 698 
2 250 99 
4 49 101 177 405 
3 457 688 158 
2 122 271 
3 486 611 443 
2 3 49 
4 66 288 711 272 
2 704 476 
3 624 700 530 
2 110 325 
3 645 215 209 
4 423 430 265 371 
2 206 94 
2 222 444 
2 218 117 
3 692 129 103 
2 179 43 
2 707 323 
4 485 95 148 211 
2 581 432 
2 155 702 
3 612 405 42 
2 447 633 
3 4 257 644 
2 471 448 
3 659 277 603 
3 8 425 413 
3 467 589 2 
6 167 650 497 615 395 88 
3 466 220 426 
3 72 630 131 
3 22 507 21 
2 556 185 
3 224 624 462 
3 141 380 12 
3 150 385 594 
4 253 188 628 694 
2 195 665 
2 60 318 
3 387 594 165 
3 592 256 691 
2 158 310 
2 646 686 
3 438 92 137 
3 189 406 595 
4 560 614 130 572 
2 56 343 
2 168 687 
2 550 128 
2 656 600 
2 323 463 
2 430 547 
2 271 203 
2 7 608 
2 691 132 
2 415 255 
3 239 693 599 
3 577 531 585 
2 211 427 
2 92 705 
3 235 20 78 
2 304 544 
2 586 363 
3 449 573 349 
2 254 634 
2 376 461 
2 159 164 
3 694 613 199 
2 227 636 
2 462 684 
2 58 313 
2 152 617 
2 612 452 
3 136 544 268 
2 562 105 
3 669 709 597 
2 202 631 
3 637 347 670 
2 172 556 
2 223 150 
2 422 177 
2 324 374 
2 464 518 
3 346 396 339 
2 43 283 
2 461 350 
3 556 329 396 
3 17 561 254 
2 356 281 
2 44 431 
2 526 72 
2 123 413 
3 648 482 97 
2 644 539 
3 120 30 84 
3 538 534 663 
2 543 288 
2 392 207 
3 574 392 90 
2 345 488 
2 555 690 
2 548 202 
2 242 478 
3 668 230 688 
2 524 697 
3 97 143 11 
2 352 455 
2 394 496 
2 286 47 
3 552 311 622 
2 475 33 
2 174 672 
2 37 503 
3 478 571 520 
3 566 62 367 
4 479 409 182 544 
3 251 103 527 
3 31 257 289 
3 570 373 317 
3 490 388 398 
2 104 701 
2 473 637 
2 166 232 
3 608 140 366 
2 11 108 
3 416 507 532 
3 243 48 247 
2 635 698 
2 142 661 
3 535 652 276 
2 393 279 
3 703 170 529 
3 575 15 24 
2 482 368 
2 521 119 
2 563 236 
2 492 626 
2 567 379 
2 620 576 
2 116 55 
3 283 41 422 
2 491 375 
3 216 481 330 
2 188 680 
3 665 125 0 
3 522 372 592 
3 244 22 509 
2 214 541 
2 28 66 
2 404 591 
2 148 278 
2 360 527 
2 683 93 
3 628 680 13 
2 367 241 
3 488 305 138 
3 25 263 222 
2 129 548 
2 190 106 
2 41 264 
2 274 524 
2 2 69 
2 627 316 
3 369 366 50 
3 594 383 173 
2 114 53 
2 536 643 
2 373 345 
2 299 458 
3 372 687 602 
3 678 671 574 
2 576 184 
2 669 160 
2 610 378 
2 477 333 
2 327 32 
3 432 332 157 
2 96 470 
2 275 309 
3 180 480 669 
3 115 238 427 
3 642 490 652 
2 265 190 
2 54 386 
2 80 651 
2 568 82 
2 460 58 
3 420 541 219 
3 546 217 668 
3 256 602 501 
3 492 284 365 
2 599 447 
3 231 539 553 
2 137 514 
2 555 445 
3 535 566 104 
2 175 449 
2 249 229 
2 603 31 
3 626 498 74 
3 412 45 334 
3 7 380 507 
4 481 284 619 285 
2 519 87 
3 192 459 630 
2 358 506 
3 558 258 77 
2 24 409 
2 194 516 
2 391 285 
2 574 421 
2 289 292 
2 505 37 
2 205 197 
