533
0 91 23
1 134 324
2 360 290
3 23 60
4 156 22
5 362 312
6 248 226
7 30 51
8 252 300
9 289 286
10 433 211
11 408 312
12 372 105
13 247 331
14 249 24
15 200 341
16 375 137
17 123 208
18 421 281
19 23 53
20 405 267
21 212 251
22 261 72
23 53 403
24 337 307
25 314 436
26 349 -13
27 351 -13
28 305 340
29 182 50
30 166 237
31 258 186
32 178 215
33 127 264
34 260 307
35 380 137
36 421 312
37 23 84
38 181 356
39 155 104
40 220 255
41 211 265
42 59 50
43 23 40
44 350 182
45 252 290
46 349 270
47 83 23
48 172 265
49 374 194
50 335 226
51 338 194
52 53 416
53 172 295
54 88 421
55 355 307
56 376 96
57 24 40
58 84 313
59 360 279
60 216 389
61 66 397
62 115 406
63 206 418
64 151 179
65 261 68
66 335 96
67 53 425
68 64 202
69 277 75
70 54 202
71 260 289
72 78 119
73 338 215
74 84 346
75 260 335
76 253 362
77 355 286
78 45 304
79 360 286
80 172 338
81 421 308
82 192 68
83 247 332
84 52 50
85 81 304
86 301 286
87 74 104
88 23 62
89 176 418
90 325 269
91 246 78
92 30 49
93 322 71
94 409 273
95 120 304
96 355 289
97 372 107
98 129 220
99 64 157
100 59 99
101 69 104
102 417 -2
103 352 315
104 394 273
105 60 304
106 375 139
107 105 104
108 175 360
109 168 113
110 252 293
111 87 484
112 40 75
113 178 251
114 277 93
115 161 324
116 29 299
117 55 206
118 233 113
119 338 201
120 84 342
121 198 170
122 218 163
123 260 347
124 193 68
125 200 350
126 360 274
127 365 -13
128 178 190
129 360 312
130 349 274
131 23 42
132 52 84
133 433 195
134 372 83
135 166 282
136 260 286
137 355 303
138 258 179
139 108 313
140 301 93
141 311 186
142 218 170
143 193 265
144 122 294
145 375 153
146 354 307
147 209 163
148 146 371
149 409 194
150 53 397
151 316 5
152 154 182
153 387 75
154 129 278
155 153 324
156 221 340
157 417 -5
158 32 237
159 166 163
160 129 264
161 392 -13
162 375 140
163 101 23
164 84 397
165 335 77
166 261 75
167 181 22
168 335 212
169 144 104
170 335 107
171 305 343
172 64 195
173 166 113
174 156 38
175 54 195
176 355 291
177 29 243
178 249 179
179 260 304
180 338 230
181 84 329
182 29 237
183 270 352
184 235 251
185 122 274
186 334 182
187 117 406
188 90 23
189 176 22
190 270 309
191 88 406
192 166 271
193 59 23
194 155 58
195 117 381
196 315 93
197 253 70
198 417 -11
199 30 117
200 129 282
201 281 307
202 131 104
203 220 251
204 316 -6
205 78 130
206 122 211
207 363 -13
208 316 18
209 124 324
210 151 182
211 244 340
212 217 24
213 166 280
214 146 393
215 84 369
216 321 286
217 108 406
218 120 294
219 53 477
220 193 170
221 375 155
222 260 362
223 128 26
224 301 408
225 421 273
226 92 23
227 117 386
228 30 40
229 166 128
230 238 251
231 246 75
232 252 255
233 64 206
234 192 51
235 214 401
236 397 273
237 284 239
238 84 358
239 315 107
240 29 248
241 260 331
242 73 397
243 84 332
244 152 104
245 193 163
246 283 307
247 200 340
248 64 176
249 347 286
250 404 -13
251 146 360
252 335 79
253 246 100
254 413 312
255 84 365
256 129 208
257 292 239
258 253 75
259 98 406
260 218 164
261 252 331
262 318 436
263 248 239
264 347 269
265 161 358
266 166 269
267 292 405
268 59 41
269 398 194
270 423 87
271 388 75
272 314 408
273 88 446
274 238 209
275 310 269
276 355 298
277 84 372
278 225 251
279 398 312
280 214 389
281 359 274
282 141 358
283 84 338
284 253 68
285 316 71
286 88 458
287 229 255
288 313 315
289 252 312
290 372 95
291 117 324
292 385 -13
293 151 174
294 248 75
295 161 331
296 136 58
297 433 260
298 370 182
299 53 475
300 311 182
301 209 22
302 178 181
303 316 -13
304 117 313
305 84 386
306 157 22
307 212 253
308 114 304
309 40 61
310 178 233
311 179 340
312 433 210
313 214 407
314 52 99
315 324 307
316 252 267
317 178 221
318 260 309
319 129 221
320 126 57
321 317 315
322 178 172
323 64 178
324 186 265
325 88 484
326 360 298
327 336 307
328 53 402
329 270 310
330 88 304
331 398 269
332 372 75
333 146 282
334 314 415
335 30 74
336 166 226
337 342 360
338 117 368
339 310 264
340 335 228
341 355 295
342 347 194
343 417 7
344 88 479
345 375 107
346 30 118
347 250 331
348 375 129
349 70 104
350 270 313
351 246 208
352 252 291
353 242 208
354 179 418
355 349 269
356 352 355
357 214 417
358 245 24
359 342 355
360 117 377
361 427 260
362 84 374
363 38 61
364 23 118
365 338 221
366 380 129
367 216 352
368 180 251
369 261 40
370 342 436
371 172 340
372 270 286
373 402 194
374 319 -13
375 105 125
376 53 484
377 187 113
378 84 389
379 335 204
380 156 191
381 246 205
382 260 290
383 210 340
384 388 96
385 268 239
386 260 328
387 129 218
388 126 52
389 394 269
390 129 279
391 246 179
392 417 71
393 261 59
394 248 255
395 166 132
396 348 286
397 128 52
398 107 104
399 212 255
400 156 182
401 166 158
402 178 231
403 160 358
404 386 87
405 280 286
406 181 340
407 201 251
408 397 269
409 151 159
410 172 300
411 159 282
412 292 343
413 261 26
414 178 170
415 424 260
416 151 125
417 166 191
418 352 274
419 252 328
420 335 75
421 415 312
422 105 113
423 126 324
424 29 304
425 166 270
426 292 362
427 145 358
428 49 213
429 335 230
430 409 96
431 312 182
432 78 104
433 210 352
434 270 362
435 367 312
436 376 92
437 44 237
438 292 241
439 261 45
440 342 435
441 209 24
442 417 75
443 261 55
444 248 362
445 93 304
446 349 273
447 205 163
448 433 194
449 185 163
450 49 206
451 146 418
452 216 380
453 429 260
454 200 352
455 295 248
456 241 340
457 292 248
458 84 324
459 64 130
460 335 186
461 122 221
462 375 182
463 405 260
464 52 92
465 292 408
466 49 237
467 335 206
468 156 50
469 166 274
470 322 75
471 192 50
472 64 205
473 52 96
474 172 311
475 115 104
476 211 255
477 216 361
478 126 58
479 405 87
480 149 104
481 122 264
482 261 57
483 88 481
484 405 269
485 38 75
486 56 304
487 151 58
488 212 68
489 261 24
490 357 -13
491 417 -13
492 59 100
493 407 96
494 376 87
495 261 34
496 59 195
497 128 23
498 423 96
499 360 308
500 248 238
501 256 331
502 166 151
503 214 418
504 178 246
505 238 208
506 310 248
507 248 186
508 386 96
509 117 358
510 305 315
511 53 467
512 122 282
513 375 157
514 23 73
515 396 273
516 318 -13
517 122 208
518 322 307
519 246 113
520 372 94
521 238 219
522 248 405
523 250 239
524 53 206
525 82 23
526 375 124
527 172 314
528 181 360
529 247 340
530 360 284
531 59 104
532 313 182
2 226 188 
2 155 423 
2 326 79 
2 88 19 
4 306 174 497 204 
2 435 129 
2 500 507 
2 335 92 
2 289 110 
2 86 405 
3 297 270 312 
2 254 279 
2 97 290 
3 347 83 527 
2 489 358 
2 125 247 
2 106 348 
2 256 517 
2 81 225 
2 3 131 
2 484 463 
3 203 307 407 
2 166 65 
2 52 328 
2 146 327 
3 262 483 503 
2 27 374 
2 490 26 
2 171 510 
2 471 468 
3 48 266 336 
2 141 507 
2 317 128 
2 160 481 
2 318 179 
3 269 526 366 
4 370 421 81 297 
3 182 364 514 
3 528 265 454 
3 173 244 194 
2 287 399 
3 352 143 476 
2 100 268 
3 57 131 193 
3 298 460 186 
2 352 316 
2 446 355 
2 188 525 
4 324 53 30 113 
3 389 342 462 
2 340 168 
3 342 119 460 
2 67 23 
2 410 48 
2 273 191 
3 129 146 137 
4 508 366 345 436 
2 228 43 
3 291 458 105 
2 530 126 
3 522 280 452 
2 242 150 
2 187 217 
2 503 354 
2 210 293 
2 22 393 
2 170 252 
2 511 52 
2 472 172 
3 470 114 166 
3 233 450 175 
3 190 382 136 
3 459 531 422 
2 365 119 
2 238 120 
2 123 241 
2 222 444 
4 96 201 396 126 
2 486 424 
2 2 530 
3 311 371 295 
2 36 18 
3 124 173 234 
2 529 13 
3 132 309 193 
2 330 105 
2 216 9 
3 432 349 478 
2 514 3 
2 354 451 
2 264 275 
2 253 231 
4 363 485 7 228 
3 470 285 102 
3 225 236 484 
3 291 304 144 
2 176 77 
3 345 170 12 
2 319 387 
2 248 459 
2 492 42 
2 349 531 
3 343 93 157 
3 359 321 129 
2 515 446 
3 85 58 486 
2 162 16 
2 398 432 
3 528 251 265 
2 377 173 
2 8 352 
2 325 376 
3 314 485 363 
4 368 476 48 504 
3 140 138 69 
3 295 155 527 
2 424 240 
2 233 524 
3 122 377 253 
2 73 51 
2 74 283 
2 142 220 
3 260 147 118 
3 183 444 75 
2 488 82 
2 454 15 
4 59 77 281 236 
2 292 207 
2 32 302 
4 5 103 55 499 
3 418 372 446 
2 19 43 
2 464 84 
2 312 448 
2 520 332 
3 474 411 213 
4 372 71 316 275 
2 55 276 
3 300 178 114 
3 291 445 308 
2 196 114 
2 460 31 
3 505 121 260 
2 41 324 
4 95 218 512 200 
2 221 162 
2 55 24 
2 122 447 
2 214 251 
3 463 373 498 
3 61 328 424 
4 208 489 301 204 
2 400 210 
2 271 332 
2 390 160 
2 115 1 
2 456 383 
3 270 102 198 
2 437 182 
4 449 414 417 401 
3 154 33 319 
2 250 292 
2 145 106 
2 497 226 
3 191 242 378 
2 252 420 
4 69 258 22 285 
2 301 189 
2 50 467 
2 480 202 
3 97 239 66 
4 359 426 412 28 
3 68 496 323 
4 109 229 39 82 
2 468 4 
3 496 70 485 
2 341 96 
2 240 182 
2 138 391 
2 34 382 
3 355 429 365 
2 243 458 
4 158 177 37 346 
3 444 123 412 
2 230 278 
2 512 481 
2 44 532 
3 451 62 227 
3 0 388 47 
2 167 306 
3 329 71 201 
3 259 54 164 
2 469 425 
6 525 268 84 228 43 303 
4 39 487 397 468 
2 227 360 
3 239 140 470 
2 258 284 
2 157 491 
2 346 335 
3 333 144 390 
3 246 190 77 
2 169 475 
2 278 21 
3 151 4 374 
3 517 459 375 
2 461 517 
2 127 490 
2 285 151 
3 423 295 291 
3 152 256 64 
2 529 456 
2 358 441 
2 135 469 
2 451 148 
2 277 255 
2 249 86 
2 62 259 
3 144 308 233 
2 376 299 
2 121 414 
2 513 145 
2 434 76 
2 397 497 
2 272 465 
3 18 94 415 
2 163 0 
2 187 195 
3 92 57 193 
2 395 173 
3 394 184 521 
3 294 91 488 
3 316 394 457 
4 218 117 70 472 
2 82 471 
2 313 280 
3 94 126 515 
2 257 385 
2 255 74 
3 170 431 196 
2 116 177 
4 75 501 386 350 
2 164 61 
3 509 283 181 
3 39 416 480 
2 447 449 
3 518 510 201 
3 383 15 406 
2 323 99 
2 396 216 
2 491 161 
3 108 148 427 
2 66 165 
3 519 118 91 
2 421 11 
2 215 238 
3 387 17 210 
3 438 237 379 
3 166 294 197 
2 217 191 
2 142 122 
3 501 347 419 
2 370 25 
4 523 394 351 500 
2 355 90 
4 108 403 371 38 
2 425 30 
2 465 426 
2 42 193 
3 373 463 35 
5 10 498 479 442 157 
2 442 153 
3 334 224 337 
2 286 54 
2 521 505 
3 90 136 339 
2 137 341 
2 362 215 
2 184 203 
2 11 435 
3 60 235 528 
2 126 418 
2 427 509 
2 120 243 
3 197 488 439 
3 93 166 208 
2 344 273 
2 394 40 
2 321 510 
2 419 8 
2 12 520 
6 209 458 58 139 304 95 
2 161 127 
2 64 409 
2 258 231 
3 80 209 115 
2 487 478 
3 36 453 10 
2 462 44 
2 219 511 
3 431 507 138 
3 441 167 151 
2 128 322 
2 516 193 
3 291 308 95 
2 378 362 
2 189 4 
2 399 21 
3 304 139 218 
3 314 363 84 
2 504 402 
3 406 371 80 
2 10 133 
2 357 235 
5 531 459 112 309 473 
2 327 518 
3 136 45 232 
2 402 32 
2 386 34 
3 160 98 380 
2 478 388 
2 103 288 
2 302 414 
2 172 248 
2 143 48 
3 111 483 370 
2 499 2 
2 24 315 
2 23 150 
2 350 190 
2 445 85 
2 484 408 
4 153 494 134 420 
2 411 200 
3 440 465 272 
2 199 7 
2 30 417 
3 272 359 356 
2 360 509 
2 275 506 
2 429 50 
2 276 176 
2 49 51 
2 392 102 
2 483 286 
3 526 97 56 
3 450 182 199 
2 261 13 
2 16 526 
2 87 101 
3 412 241 329 
3 263 353 381 
3 110 41 45 
2 351 505 
2 63 89 
4 389 46 264 180 
3 440 337 421 
2 503 313 
2 14 212 
3 337 171 103 
2 195 338 
2 453 415 
2 305 277 
3 309 112 92 
2 424 37 
2 180 73 
3 35 56 430 
3 477 433 456 
2 407 113 
2 439 495 
4 325 262 440 36 
3 311 265 80 
3 405 136 130 
2 149 269 
3 26 204 516 
3 416 205 422 
3 111 424 219 
2 118 109 
2 164 305 
3 467 257 460 
3 417 319 400 
2 351 391 
2 179 71 
2 156 247 
2 493 508 
2 237 523 
2 241 318 
2 98 256 
3 397 320 188 
4 408 355 49 462 
2 200 154 
4 178 507 381 519 
2 442 343 
2 65 482 
4 232 287 230 263 
2 502 229 
2 77 249 
3 194 388 223 
3 475 422 107 
3 40 476 307 
3 380 152 401 
3 159 400 502 
2 310 317 
2 265 427 
2 479 494 
2 9 372 
2 247 311 
2 21 368 
2 331 389 
2 293 416 
2 474 53 
2 135 333 
3 171 183 350 
2 495 489 
3 220 322 159 
3 361 225 498 
3 409 375 244 
3 336 380 159 
2 281 130 
2 261 289 
3 332 165 470 
3 36 356 254 
3 375 72 398 
2 1 209 
5 78 150 376 364 116 
2 192 266 
3 267 434 171 
3 403 251 282 
2 466 450 
3 180 506 340 
3 498 366 493 
3 532 300 239 
2 107 87 
2 367 454 
2 426 222 
2 279 5 
2 56 494 
2 466 158 
2 457 257 
3 443 284 369 
3 370 334 356 
3 212 471 301 
3 270 271 392 
2 482 439 
5 76 452 529 123 183 
3 139 330 466 
3 104 130 46 
2 147 245 
2 133 491 
2 245 159 
4 524 428 346 70 
4 89 483 187 214 
3 60 477 444 
2 297 361 
3 433 38 125 
2 506 457 
3 211 367 156 
3 455 232 438 
3 291 181 58 
4 205 99 314 72 
4 51 379 141 44 
2 481 206 
4 389 49 298 513 
3 20 269 149 
2 473 132 
4 224 334 522 267 
3 445 437 428 
2 168 379 
3 29 194 174 
2 213 192 
4 420 196 69 93 
3 234 29 441 
2 233 68 
2 314 464 
3 527 135 410 
2 202 398 
3 399 41 113 
2 452 367 
3 296 87 320 
2 270 404 
2 244 169 
3 33 185 461 
2 393 443 
4 325 344 451 25 
3 94 331 20 
3 112 175 92 
2 105 78 
2 194 296 
3 284 231 124 
3 413 14 151 
2 207 27 
3 448 198 250 
2 531 100 
2 430 384 
3 404 436 332 
2 369 413 
2 172 175 
3 223 163 4 
4 415 149 430 270 
2 129 326 
2 263 6 
2 241 261 
2 401 395 
4 25 63 357 522 
2 113 310 
3 353 274 142 
3 339 455 429 
4 31 6 391 300 
2 384 56 
3 282 338 243 
3 288 28 246 
2 299 67 
2 144 185 
2 462 221 
2 37 88 
2 236 104 
2 374 303 
3 17 206 205 
2 315 246 
2 391 253 
2 290 134 
2 230 274 
3 465 503 60 
2 385 263 
2 117 450 
2 47 193 
3 35 348 345 
3 13 115 474 
3 280 108 38 
3 444 211 83 
2 79 59 
4 101 72 314 492 
2 186 431 
