359
0 221 166
1 330 75
2 73 193
3 18 293
4 239 234
5 34 153
6 358 91
7 341 241
8 9 153
9 321 278
10 26 135
11 17 261
12 248 29
13 235 29
14 99 103
15 -29 186
16 112 262
17 294 274
18 339 113
19 121 327
20 139 177
21 296 31
22 241 166
23 -29 163
24 60 299
25 73 213
26 195 126
27 294 277
28 -36 231
29 105 141
30 134 279
31 32 101
32 -2 109
33 17 265
34 253 52
35 -2 119
36 279 308
37 276 329
38 -36 192
39 18 296
40 286 239
41 341 246
42 313 262
43 202 249
44 314 261
45 329 31
46 82 21
47 321 140
48 277 31
49 -2 126
50 57 213
51 294 263
52 202 298
53 295 262
54 203 156
55 57 26
56 202 308
57 180 51
58 216 51
59 208 150
60 230 246
61 204 246
62 186 120
63 -2 97
64 212 150
65 17 285
66 221 329
67 139 225
68 73 210
69 43 153
70 57 35
71 180 32
72 107 21
73 61 293
74 62 141
75 305 262
76 73 290
77 164 50
78 326 116
79 74 21
80 77 8
81 358 113
82 168 120
83 103 21
84 286 192
85 154 155
86 357 75
87 18 303
88 358 75
89 143 52
90 286 234
91 21 97
92 233 166
93 141 160
94 250 47
95 168 89
96 178 185
97 150 86
98 253 329
99 242 238
100 286 203
101 57 45
102 266 31
103 149 52
104 279 266
105 321 273
106 65 293
107 62 191
108 299 326
109 164 32
110 127 262
111 260 329
112 307 262
113 262 31
114 247 334
115 221 334
116 17 282
117 137 147
118 230 166
119 287 238
120 253 31
121 242 221
122 286 254
123 95 21
124 321 268
125 139 261
126 45 176
127 32 107
128 276 371
129 -36 186
130 -2 103
131 134 103
132 299 363
133 168 115
134 202 263
135 308 31
136 178 211
137 341 261
138 287 168
139 138 21
140 321 168
141 145 86
142 178 188
143 107 309
144 253 334
145 242 245
146 216 29
147 286 232
148 241 150
149 172 126
150 341 211
151 65 290
152 284 31
153 62 186
154 135 32
155 73 297
156 248 47
157 57 103
158 143 325
159 178 183
160 21 150
161 320 211
162 107 320
163 295 261
164 306 211
165 249 334
166 321 116
167 -14 261
168 202 275
169 250 52
170 75 8
171 221 332
172 9 94
173 118 103
174 295 258
175 112 261
176 57 30
177 143 316
178 121 320
179 110 21
180 82 8
181 202 246
182 154 89
183 -36 261
184 32 109
185 101 141
186 171 175
187 314 326
188 90 21
189 154 160
190 143 291
191 134 32
192 271 260
193 73 26
194 62 155
195 77 141
196 69 103
197 332 113
198 328 261
199 279 275
200 286 238
201 341 247
202 291 308
203 207 329
204 136 177
205 282 176
206 301 261
207 295 211
208 176 32
209 143 327
210 242 234
211 330 72
212 299 369
213 294 262
214 18 290
215 130 177
216 343 113
217 45 153
218 178 120
219 271 266
220 139 256
221 134 52
222 178 221
223 135 261
224 203 166
225 358 103
226 223 334
227 18 285
228 112 21
229 315 31
230 21 135
231 154 147
232 287 234
233 195 120
234 207 166
235 143 292
236 204 329
237 32 111
238 74 10
239 73 291
240 291 168
241 171 161
242 219 246
243 242 246
244 -36 202
245 -18 153
246 294 266
247 219 236
248 135 327
249 202 313
250 103 141
251 178 207
252 27 135
253 234 238
254 253 330
255 354 75
256 20 303
257 329 52
258 32 135
259 235 334
260 317 326
261 168 95
262 168 101
263 299 371
264 206 150
265 76 103
266 154 150
267 341 254
268 254 31
269 282 185
270 304 31
271 134 262
272 323 116
273 61 299
274 21 94
275 232 29
276 164 52
277 -2 102
278 330 113
279 335 75
280 60 303
281 286 222
282 197 221
283 9 135
284 335 113
285 286 224
286 111 320
287 130 160
288 321 262
289 138 32
290 -2 135
291 32 97
292 74 8
293 9 97
294 73 21
295 17 277
296 45 213
297 9 136
298 -36 226
299 321 124
300 180 40
301 286 260
302 191 126
303 140 86
304 154 86
305 57 96
306 45 189
307 286 185
308 -29 173
309 -29 153
310 32 153
311 216 166
312 202 274
313 139 160
314 73 309
315 171 183
316 321 326
317 330 116
318 130 147
319 143 279
320 136 86
321 130 141
322 73 191
323 -2 130
324 74 15
325 278 260
326 62 147
327 21 153
328 319 168
329 57 62
330 139 226
331 203 150
332 57 32
333 294 279
334 47 303
335 171 126
336 143 288
337 294 31
338 -36 259
339 282 168
340 216 35
341 45 168
342 230 236
343 137 21
344 204 313
345 299 355
346 294 308
347 294 270
348 9 142
349 9 144
350 191 120
351 330 52
352 8 135
353 321 285
354 306 168
355 237 234
356 234 234
357 134 86
358 308 261
2 118 311 
3 279 278 211 
2 68 322 
2 39 214 
2 210 355 
2 69 310 
2 225 88 
2 41 150 
4 327 11 167 349 
2 353 105 
2 252 230 
3 33 8 296 
3 21 13 139 
2 12 275 
2 173 265 
3 28 308 245 
3 110 143 175 
2 27 347 
2 216 284 
4 248 128 87 162 
3 67 204 313 
3 270 337 12 
4 339 121 92 148 
2 308 309 
3 273 280 227 
2 76 68 
4 331 302 233 169 
2 333 17 
3 338 298 15 
2 321 250 
3 248 178 271 
2 127 291 
2 35 130 
4 73 227 295 11 
2 257 169 
2 49 32 
4 202 37 219 199 
3 345 111 36 
2 244 129 
3 87 65 3 
2 122 200 
2 201 7 
2 288 112 
2 134 181 
2 198 358 
4 88 351 229 180 
2 188 79 
2 140 299 
2 152 102 
2 323 35 
3 151 296 107 
2 246 213 
2 56 168 
2 75 213 
2 224 331 
3 176 63 292 
2 249 52 
3 58 95 300 
4 233 57 340 156 
2 64 264 
2 243 242 
3 242 344 181 
2 350 218 
5 293 277 309 55 172 
2 148 59 
3 39 167 116 
3 98 171 203 
3 330 20 315 
3 175 25 2 
3 217 5 258 
3 101 274 332 
4 300 77 208 146 
3 179 191 83 
3 106 273 33 
3 195 326 157 
2 112 53 
3 143 239 25 
3 276 191 71 
2 317 272 
4 46 193 294 324 
2 180 170 
2 137 225 
5 218 335 231 321 133 
2 72 123 
2 100 307 
2 189 266 
3 88 255 351 
5 256 19 128 183 39 
4 6 216 86 45 
2 103 221 
2 200 147 
2 291 293 
4 22 356 247 118 
2 189 313 
3 169 156 337 
3 261 276 57 
2 142 159 
3 304 182 141 
3 111 254 66 
3 145 253 210 
2 281 84 
2 329 70 
2 48 113 
2 276 89 
3 199 325 301 
2 9 124 
3 314 73 151 
3 322 50 153 
3 187 345 346 
2 208 289 
2 271 16 
2 37 98 
2 42 75 
2 102 268 
2 165 259 
4 226 263 236 171 
2 65 295 
3 231 313 321 
2 92 0 
3 246 200 232 
3 268 156 146 
3 192 210 22 
2 301 40 
2 83 188 
2 105 288 
4 319 271 223 220 
2 306 341 
2 184 31 
3 263 87 19 
2 38 309 
3 32 245 277 
3 133 173 357 
2 212 345 
4 82 131 182 262 
2 312 43 
2 229 270 
2 222 251 
4 316 198 267 81 
2 240 339 
3 12 343 238 
3 150 328 47 
2 97 303 
2 251 96 
3 162 76 16 
3 345 165 254 
2 243 99 
5 275 120 340 71 179 
2 90 285 
3 22 64 299 
2 302 335 
4 7 161 140 216 
3 314 106 50 
2 337 48 
2 107 194 
2 289 191 
2 314 239 
3 94 58 120 
4 196 74 217 305 
2 209 177 
3 96 315 224 
2 327 230 
2 150 164 
4 286 19 314 143 
3 206 213 174 
2 161 207 
2 144 114 
3 272 331 278 
3 65 338 8 
2 52 312 
3 34 26 94 
2 80 292 
2 115 66 
3 274 63 176 
2 131 14 
2 163 207 
3 223 16 68 
3 332 172 55 
2 158 235 
3 248 286 30 
3 228 146 72 
2 45 80 
4 61 43 282 247 
3 133 97 304 
2 87 338 
2 237 127 
2 250 195 
2 315 241 
2 260 108 
2 123 46 
3 315 93 85 
2 235 336 
3 154 77 72 
3 325 219 121 
3 221 329 79 
2 153 326 
2 185 74 
2 265 157 
2 284 278 
3 137 288 44 
2 36 104 
3 119 40 90 
2 267 41 
2 346 36 
2 66 236 
2 20 215 
2 269 339 
2 358 163 
3 164 174 307 
2 71 109 
3 236 248 158 
3 99 4 121 
2 1 351 
2 263 132 
4 53 51 232 163 
2 3 227 
3 204 322 287 
4 150 317 18 88 
3 341 69 157 
2 62 82 
3 36 243 192 
3 125 330 222 
3 89 357 193 
3 282 220 136 
2 125 175 
3 234 159 54 
2 81 6 
2 259 115 
3 24 214 33 
2 343 179 
2 45 135 
3 10 160 283 
3 266 117 82 
3 213 119 281 
3 26 350 58 
3 311 282 224 
2 177 190 
5 203 115 209 249 344 
2 258 184 
3 139 324 292 
2 155 76 
2 354 138 
2 186 335 
2 60 61 
4 219 60 253 145 
2 298 38 
3 15 130 290 
3 347 119 51 
3 342 181 92 
4 209 19 178 30 
3 236 319 56 
2 29 185 
2 136 142 
2 258 10 
3 99 243 342 
2 144 98 
2 86 279 
2 334 87 
2 351 34 
3 69 252 237 
2 114 226 
2 316 187 
2 262 95 
2 133 261 
4 128 115 212 316 
2 59 331 
2 14 196 
2 85 231 
2 137 201 
2 113 120 
3 301 325 205 
2 135 21 
3 30 110 125 
2 78 166 
3 314 24 73 
3 291 172 70 
2 13 146 
4 95 304 103 77 
2 130 63 
3 197 166 1 
2 255 1 
3 314 334 24 
3 232 285 100 
3 181 222 234 
3 230 297 352 
2 18 197 
2 147 281 
2 178 162 
2 215 318 
3 124 42 198 
2 109 154 
3 352 245 323 
4 31 91 274 329 
3 170 238 55 
2 91 63 
3 79 332 324 
2 116 33 
3 50 11 306 
2 348 283 
2 28 244 
3 47 148 317 
2 57 71 
4 346 104 269 122 
2 26 149 
2 141 320 
3 182 97 276 
2 157 329 
2 296 126 
3 207 84 339 
2 15 23 
3 23 129 63 
2 5 327 
2 0 234 
2 168 134 
3 93 20 117 
7 162 334 280 273 106 151 155 
4 159 67 189 186 
4 263 260 353 137 
3 299 78 216 
2 287 321 
3 249 336 125 
2 303 357 
4 117 318 29 82 
3 2 107 215 
2 290 49 
3 79 294 238 
3 104 192 269 
2 194 74 
3 310 8 160 
2 140 354 
4 305 291 101 193 
2 220 67 
4 264 54 26 166 
3 70 176 294 
2 346 27 
3 280 314 256 
3 149 241 82 
2 190 319 
3 21 94 152 
3 167 183 28 
4 138 307 205 22 
2 58 146 
2 126 217 
3 253 247 356 
2 139 228 
2 236 61 
4 132 144 37 108 
4 108 202 301 333 
2 17 246 
2 349 297 
2 8 348 
2 233 62 
4 86 211 257 45 
2 283 290 
2 316 9 
2 328 240 
2 4 356 
3 355 342 92 
3 320 131 221 
2 44 206 
