300
0 326 1928
1 334 1812
2 486 6384
3 692 944
4 758 7542
5 1060 5556
6 1172 168
7 1242 366
8 1320 2068
9 1616 7210
10 1820 4504
11 1844 7828
12 1858 388
13 1884 324
14 1930 7802
15 1934 722
16 1990 2508
17 2116 2858
18 2222 1158
19 2290 1542
20 2316 340
21 2436 436
22 2438 502
23 2620 2310
24 2886 6468
25 2938 6260
26 3174 7784
27 3210 5074
28 3352 4954
29 3628 7938
30 3690 9054
31 3780 5202
32 3794 4744
33 3984 2808
34 4110 7098
35 4124 4558
36 4214 2958
37 4276 8670
38 4670 11802
39 4814 612
40 4874 7148
41 4904 7444
42 4936 3326
43 4946 606
44 5020 7268
45 5062 7470
46 5212 8052
47 5520 240
48 5552 10954
49 5564 7232
50 5602 340
51 5738 4746
52 5796 476
53 5834 11398
54 6016 780
55 6072 6232
56 6246 9186
57 6320 3486
58 6448 6518
59 6696 742
60 6836 748
61 6936 7814
62 7048 8640
63 7298 2766
64 7434 5968
65 7470 3624
66 7530 9828
67 7548 1832
68 7570 6456
69 7630 3472
70 7670 9050
71 7692 8608
72 7720 8842
73 7726 6384
74 7786 9474
75 7820 912
76 7934 8702
77 7956 798
78 8026 9370
79 8424 6794
80 8580 1034
81 8672 2812
82 8768 7324
83 8800 5474
84 8834 5840
85 8846 1260
86 8874 5850
87 8912 7704
88 8978 7320
89 9068 5170
90 9122 11824
91 9136 5044
92 9210 8774
93 9222 6144
94 9346 5544
95 9396 176
96 9566 11526
97 9638 134
98 9654 2904
99 9716 2192
100 9742 8328
101 9824 6022
102 9978 4086
103 10002 7666
104 10024 3184
105 10070 7780
106 10162 5870
107 10228 7510
108 10234 4960
109 10264 1486
110 10350 2994
111 10388 3354
112 10424 6392
113 10788 1276
114 10834 2884
115 10916 4320
116 10968 1150
117 10978 5984
118 11068 4254
119 11142 5250
120 11344 2488
121 11452 1566
122 11508 2608
123 11592 2852
124 11646 2564
125 11686 3360
126 11792 2446
127 11872 4734
128 11932 3908
129 12048 2216
130 12104 9686
131 12118 5830
132 12162 5644
133 12174 2844
134 12268 2690
135 12402 10782
136 12462 7352
137 12498 2942
138 12656 8574
139 12666 5330
140 12816 6832
141 12902 1814
142 12926 10318
143 12968 5738
144 12998 2008
145 13004 6852
146 13044 11292
147 13070 4066
148 13074 16
149 13128 3896
150 13138 8976
151 13184 8496
152 13228 7678
153 13384 5866
154 13414 5416
155 13420 2362
156 13492 4504
157 13520 3832
158 13526 7126
159 13542 7000
160 13550 1166
161 13760 4876
162 13824 1030
163 13870 174
164 13916 5052
165 14002 1292
166 14046 6264
167 14130 2170
168 14156 7782
169 14164 7984
170 14208 10306
171 14236 3038
172 14414 2650
173 14494 6886
174 14608 5932
175 14684 4476
176 14756 7804
177 14870 7190
178 14906 1986
179 14906 7094
180 14940 916
181 14996 1648
182 15100 4334
183 15108 13000
184 15112 1808
185 15168 7342
186 15232 6274
187 15278 12934
188 15300 6778
189 15312 286
190 15316 834
191 15632 11816
192 15784 7654
193 15834 7682
194 15840 2492
195 15974 12554
196 16012 4382
197 16024 6206
198 16108 9756
199 16162 6760
200 16330 7146
201 16386 10954
202 16396 4642
203 16456 7220
204 16614 5814
205 16688 2822
206 16694 4174
207 16932 5718
208 17012 7768
209 17018 10244
210 17128 6268
211 17268 9728
212 17280 9292
213 17314 7640
214 17412 3326
215 17620 6046
216 17738 7550
217 17792 7252
218 17912 1018
219 17938 3380
220 17942 10358
221 17966 9660
222 18100 2226
223 18160 2682
224 18250 4512
225 18334 10040
226 18338 5532
227 18492 6270
228 18554 2606
229 18682 8518
230 18706 3200
231 18996 1882
232 19054 4508
233 19062 4146
234 19074 5502
235 19092 4600
236 19132 2324
237 19454 5344
238 19512 6152
239 19574 4384
240 19708 354
241 19718 6558
242 19840 4446
243 20174 10366
244 20214 3014
245 20246 1814
246 20446 5674
247 20520 4000
248 20528 3138
249 20804 7652
250 20816 5284
251 20866 4914
252 20882 2616
253 20990 7952
254 21292 9248
255 21362 7640
256 21366 5452
257 21420 4140
258 21466 3990
259 21466 6378
260 21538 2638
261 21546 6196
262 21810 10840
263 21894 92
264 21972 7682
265 22192 1546
266 22276 88
267 22472 5250
268 22702 7634
269 22716 5760
270 22836 7690
271 22946 3618
272 22946 5818
273 23068 1624
274 23078 3368
275 23198 7156
276 23236 6498
277 23300 7780
278 23304 2192
279 23434 7792
280 23474 2764
281 23646 1434
282 24038 948
283 24040 630
284 24082 436
285 24248 1286
286 24486 1738
287 24516 5824
288 24536 180
289 24664 8158
290 24870 5868
291 24922 1956
292 24922 3318
293 24936 4346
294 25006 4958
295 25242 3896
296 25264 5538
297 25292 5658
298 25332 1510
299 25498 5024
3 8 2 1 
2 0 3 
4 9 4 0 5 
3 1 6 7 
3 11 38 2 
4 24 2 17 10 
6 47 13 7 3 148 97 
4 12 15 3 6 
3 16 0 19 
3 14 2 34 
3 24 5 17 
3 30 4 14 
3 15 7 13 
3 20 12 6 
3 11 9 26 
3 18 7 12 
3 17 8 23 
4 27 10 5 16 
3 19 15 22 
3 8 18 39 
3 21 13 47 
3 39 22 20 
3 39 18 21 
3 33 16 43 
4 34 5 10 25 
3 24 27 31 
3 29 14 41 
3 25 17 28 
3 27 36 32 
3 46 37 26 
3 48 11 37 
3 55 25 32 
3 31 28 35 
3 57 36 23 
3 40 9 24 
3 51 32 42 
3 42 28 33 
3 56 30 29 
3 183 4 53 
4 19 22 21 43 
3 44 34 58 
3 45 26 44 
4 57 51 35 36 
3 23 39 50 
3 41 40 49 
4 61 41 49 82 
4 71 62 29 61 
4 50 20 6 95 
3 53 30 66 
3 45 44 79 
3 52 43 47 
3 64 35 42 
3 59 54 50 
3 90 38 48 
3 67 63 52 
3 58 31 64 
3 74 66 37 
3 65 42 33 
3 40 55 68 
4 60 75 67 52 
3 77 59 95 
3 46 45 87 
3 72 70 46 
3 69 54 67 
3 55 51 84 
3 83 57 69 
4 96 48 56 74 
4 63 54 59 85 
3 79 58 73 
3 65 63 81 
3 78 62 72 
3 92 76 46 
3 70 62 76 
3 79 68 86 
3 66 56 78 
3 80 59 77 
3 92 72 71 
3 75 60 163 
3 146 74 70 
5 82 49 68 73 86 
3 116 85 75 
3 69 109 99 
4 45 79 93 88 
3 84 65 89 
4 86 64 83 89 
3 109 67 80 
4 79 73 84 94 
3 61 88 103 
3 87 82 101 
3 84 83 91 
3 183 53 96 
3 94 89 98 
4 135 76 71 100 
3 82 94 101 
4 93 86 91 102 
3 60 47 97 
3 183 90 66 
3 95 6 148 
3 104 91 99 
5 120 110 98 81 113 
3 130 92 105 
3 88 93 106 
3 108 94 104 
3 105 87 107 
3 111 102 98 
3 170 100 103 
3 112 101 108 
4 138 150 103 112 
3 106 102 111 
3 81 85 113 
3 111 99 114 
4 115 108 104 110 
3 107 106 117 
3 99 109 116 
3 110 122 123 
3 119 111 118 
6 160 141 144 121 113 80 
3 136 112 119 
5 127 132 115 125 128 
3 131 117 115 
3 122 99 126 
3 155 129 116 
3 114 120 124 
3 125 114 124 
3 123 122 126 
3 118 123 133 
4 134 124 120 129 
3 154 139 118 
3 147 118 133 
3 155 126 121 
3 170 142 100 
3 140 119 132 
3 143 131 118 
3 128 125 134 
4 137 133 126 155 
3 146 92 142 
3 138 117 140 
3 157 149 134 
5 150 107 136 152 151 
3 153 143 127 
3 145 136 131 
3 144 116 160 
3 191 135 130 
3 153 132 139 
3 155 116 141 
3 173 159 140 
3 187 78 135 
3 156 128 149 
5 266 263 163 97 6 
3 147 137 157 
3 201 107 138 
3 198 138 169 
3 168 138 158 
4 166 143 139 154 
3 153 127 161 
5 134 129 121 144 167 
3 161 147 157 
4 156 149 137 171 
3 185 152 159 
3 177 158 145 
3 141 116 162 
3 164 154 156 
3 165 160 189 
3 189 77 148 
4 197 174 161 175 
3 167 162 180 
3 173 153 174 
3 172 155 165 
3 176 169 152 
3 151 168 176 
3 201 130 105 
3 175 157 172 
3 171 167 178 
3 179 145 166 
3 186 166 164 
3 164 171 182 
3 169 168 193 
3 185 159 179 
3 182 172 181 
3 177 173 188 
4 181 165 189 190 
3 184 178 180 
3 196 175 178 
5 38 90 96 187 262 
3 194 196 181 
3 192 158 177 
3 199 188 174 
4 183 146 195 262 
3 200 179 186 
6 240 218 190 180 162 163 
3 205 180 189 
3 195 142 201 
3 208 193 185 
3 208 176 192 
3 205 206 184 
3 187 191 262 
3 202 182 184 
3 199 164 204 
3 209 151 211 
4 200 186 197 210 
3 203 188 199 
5 191 170 150 209 220 
3 204 196 206 
3 208 200 215 
3 197 202 207 
3 214 194 190 
3 202 194 214 
3 210 204 224 
5 212 193 192 203 213 
3 220 201 198 
3 199 207 215 
3 220 198 212 
3 221 211 208 
3 208 217 216 
3 219 206 205 
3 203 210 226 
3 229 213 241 
3 213 227 238 
4 231 222 189 240 
3 224 214 223 
5 243 201 209 211 225 
3 225 212 229 
3 228 223 218 
3 230 219 222 
3 207 219 232 
3 220 221 253 
3 227 215 235 
3 217 226 234 
4 244 230 222 236 
3 221 216 249 
3 233 223 228 
3 236 218 245 
3 235 224 233 
3 239 232 230 
3 227 242 237 
3 226 232 239 
3 244 228 231 
3 238 234 242 
3 217 237 246 
3 242 235 233 
3 218 189 263 
3 216 246 259 
4 237 234 239 247 
3 262 220 254 
3 248 228 236 
3 252 231 265 
3 241 238 250 
3 251 242 248 
3 247 244 252 
3 229 276 255 
3 256 246 251 
3 250 247 257 
3 260 248 245 
3 225 255 264 
3 243 270 277 
3 253 249 276 
3 269 261 250 
3 267 251 258 
3 257 260 271 
3 276 241 261 
3 258 252 278 
3 259 256 272 
6 183 187 195 243 279 289 
3 240 148 266 
3 253 275 268 
3 273 245 283 
4 288 284 263 148 
3 269 257 271 
3 270 264 275 
3 272 256 267 
3 277 254 268 
3 267 258 274 
3 287 261 269 
3 278 265 281 
3 271 278 280 
3 268 264 290 
4 255 249 259 290 
3 279 254 270 
5 294 280 274 260 273 
3 262 277 290 
3 287 274 278 
3 293 273 282 
3 285 281 283 
3 282 265 284 
3 283 266 288 
3 291 286 282 
3 291 292 285 
3 290 272 280 
3 298 284 266 
3 262 297 299 
5 279 275 276 287 296 
4 295 286 285 298 
3 295 293 286 
3 294 281 292 
3 296 278 293 
3 299 292 291 
4 297 290 294 299 
3 289 296 299 
3 299 291 288 
5 289 297 296 295 298 
