800
0 64 5316
1 72 98
2 122 948
3 160 6854
4 204 7810
5 266 1600
6 298 7542
7 312 1526
8 620 1540
9 658 2786
10 702 5322
11 736 6820
12 750 194
13 830 502
14 832 2790
15 868 178
16 884 4572
17 892 6854
18 1022 4590
19 1068 1304
20 1090 5258
21 1146 1000
22 1190 2534
23 1208 5150
24 1248 6342
25 1266 5634
26 1276 5632
27 1338 5726
28 1374 1364
29 1558 7326
30 1568 2394
31 1600 5344
32 1652 96
33 1652 2464
34 1774 2826
35 1788 5270
36 1882 6176
37 1884 6042
38 1898 6006
39 1900 5876
40 1958 3074
41 2020 6240
42 2064 1924
43 2192 1412
44 2204 366
45 2308 5810
46 2404 4632
47 2410 514
48 2416 380
49 2418 7070
50 2464 7774
51 2468 8168
52 2474 9872
53 2482 4720
54 2488 2230
55 2500 7072
56 2522 1880
57 2540 4334
58 2748 5324
59 2774 5232
60 2800 4928
61 2808 5256
62 2808 7312
63 2830 1128
64 2856 4934
65 2876 2480
66 2942 9874
67 2948 6654
68 2956 4620
69 3000 5626
70 3086 6076
71 3114 7558
72 3128 8038
73 3132 5974
74 3172 3438
75 3178 9818
76 3216 6040
77 3216 8878
78 3300 4910
79 3366 4882
80 3454 6540
81 3522 1388
82 3598 12180
83 3608 7180
84 3612 2520
85 3624 11060
86 3634 10616
87 3696 5472
88 3722 9680
89 3758 6432
90 3856 4710
91 3886 2424
92 3938 1570
93 3974 7160
94 3992 8690
95 4050 3692
96 4054 8172
97 4078 8002
98 4090 658
99 4110 7002
100 4112 5086
101 4130 5902
102 4158 5776
103 4178 6584
104 4240 6986
105 4274 5204
106 4360 7400
107 4368 846
108 4378 7410
109 4418 8054
110 4578 6606
111 4626 7118
112 4638 7390
113 4648 4506
114 4662 1212
115 4672 944
116 4688 6578
117 4768 594
118 4776 11524
119 4792 7164
120 4796 3590
121 4828 7660
122 4834 11548
123 4878 3558
124 4912 7704
125 4954 7006
126 4956 7594
127 4972 6090
128 4996 786
129 5084 6236
130 5178 5664
131 5302 6340
132 5324 7992
133 5404 7648
134 5422 758
135 5428 8182
136 5518 5516
137 5574 220
138 5610 5942
139 5646 424
140 5650 11468
141 5688 5658
142 5732 5644
143 5738 2906
144 5750 10772
145 5752 2892
146 5756 3006
147 5770 5632
148 5792 4834
149 5798 6042
150 5814 176
151 5822 5824
152 5824 11382
153 5902 6980
154 5914 6246
155 5934 2566
156 5948 510
157 6060 870
158 6092 5490
159 6110 7802
160 6190 7860
161 6226 7568
162 6354 9390
163 6384 1632
164 6390 1862
165 6458 3826
166 6500 1940
167 6520 8740
168 6550 9534
169 6644 1088
170 6676 4532
171 6690 10786
172 6694 11094
173 6698 8656
174 6726 11368
175 6778 4678
176 6778 7172
177 6778 8312
178 6778 9374
179 6796 1542
180 6800 10496
181 6820 9572
182 6830 10716
183 6854 9676
184 6896 178
185 6898 9624
186 6906 2302
187 6946 8342
188 6974 9420
189 6990 9420
190 7014 8316
191 7020 11686
192 7022 2236
193 7042 9370
194 7078 9732
195 7080 2278
196 7106 1558
197 7126 1328
198 7134 9730
199 7154 8564
200 7162 7722
201 7174 4792
202 7216 7218
203 7250 10986
204 7254 6490
205 7330 10730
206 7332 5536
207 7334 5684
208 7342 2978
209 7380 3458
210 7418 7046
211 7430 5956
212 7570 290
213 7574 1732
214 7576 3362
215 7666 6828
216 7682 8130
217 7696 2754
218 7762 9854
219 7806 4372
220 7810 1120
221 7830 7450
222 7940 4528
223 8016 11078
224 8028 9932
225 8032 4254
226 8042 8788
227 8042 9562
228 8048 3580
229 8086 9206
230 8108 6860
231 8166 4512
232 8166 7312
233 8206 8414
234 8208 1902
235 8242 1864
236 8380 4646
237 8392 4628
238 8442 702
239 8492 518
240 8498 5874
241 8554 5522
242 8650 7716
243 8662 1922
244 8680 1760
245 8792 3540
246 8810 6086
247 8836 2212
248 8956 3062
249 8958 3846
250 8960 1212
251 8988 1284
252 9024 4600
253 9030 5890
254 9098 34
255 9120 9680
256 9124 6424
257 9156 3144
258 9188 11426
259 9216 3094
260 9230 26
261 9282 1872
262 9316 394
263 9354 2696
264 9358 11660
265 9392 88
266 9402 11538
267 9410 2824
268 9422 3058
269 9474 866
270 9484 928
271 9484 8228
272 9510 10636
273 9526 8210
274 9588 3118
275 9616 3802
276 9638 3092
277 9668 3710
278 9672 4288
279 9708 906
280 9734 1450
281 9780 9748
282 9810 532
283 9820 7234
284 9866 3408
285 9898 10802
286 9908 5848
287 9926 292
288 9938 1764
289 9980 6716
290 10006 5306
291 10028 642
292 10056 6904
293 10056 9858
294 10070 2608
295 10096 2178
296 10130 270
297 10130 3042
298 10174 862
299 10196 8760
300 10216 5056
301 10226 5376
302 10228 628
303 10234 1674
304 10254 11048
305 10262 3902
306 10268 10870
307 10282 4970
308 10302 2938
309 10304 1338
310 10336 3458
311 10364 5022
312 10394 7732
313 10414 5876
314 10440 2494
315 10448 2256
316 10450 3496
317 10478 5338
318 10520 9984
319 10528 4998
320 10530 2110
321 10532 1322
322 10558 2854
323 10568 8106
324 10596 5336
325 10632 3488
326 10654 4654
327 10656 300
328 10680 4930
329 10690 3266
330 10692 6232
331 10724 5332
332 10842 8796
333 10926 4118
334 10984 5334
335 11004 2888
336 11052 2016
337 11082 7544
338 11122 9786
339 11124 3704
340 11238 198
341 11322 2474
342 11334 7796
343 11342 2142
344 11344 1948
345 11372 4286
346 11440 3130
347 11442 1652
348 11446 4724
349 11480 5802
350 11502 1168
351 11524 1898
352 11526 4450
353 11558 3046
354 11560 482
355 11652 4406
356 11662 1294
357 11664 5510
358 11736 5260
359 11748 4622
360 11796 5926
361 11840 2148
362 11888 5060
363 11926 1138
364 11936 3524
365 11966 5454
366 12016 4966
367 12020 5468
368 12028 2912
369 12048 236
370 12084 5398
371 12102 1604
372 12104 3854
373 12114 2446
374 12122 4716
375 12134 5564
376 12152 4214
377 12198 1868
378 12236 1400
379 12312 3582
380 12396 1304
381 12398 10752
382 12428 10798
383 12490 7984
384 12536 4910
385 12608 9852
386 12608 10076
387 12648 7378
388 12670 6048
389 12672 3342
390 12700 1112
391 12718 7800
392 12752 8916
393 12754 3166
394 12774 8314
395 12844 2980
396 12888 2548
397 12922 362
398 12930 906
399 12962 6914
400 13008 1148
401 13022 3560
402 13040 11236
403 13042 9286
404 13042 11450
405 13044 2422
406 13044 12338
407 13046 3048
408 13050 9872
409 13088 1620
410 13088 5014
411 13090 4270
412 13092 3464
413 13148 8382
414 13182 3550
415 13200 570
416 13200 5780
417 13204 6236
418 13208 3450
419 13226 4482
420 13260 4932
421 13264 1984
422 13266 4690
423 13272 4670
424 13330 7180
425 13330 7808
426 13338 534
427 13362 1196
428 13362 2266
429 13410 1356
430 13460 5452
431 13466 12180
432 13470 5166
433 13486 1364
434 13486 4348
435 13504 7590
436 13518 7856
437 13594 7496
438 13612 5272
439 13670 5688
440 13672 6552
441 13674 3792
442 13692 2396
443 13702 6102
444 13714 8040
445 13718 12146
446 13752 1836
447 13768 6706
448 13820 3818
449 13842 276
450 13866 536
451 13898 5600
452 13902 3094
453 13928 4070
454 13930 4296
455 13940 1656
456 13982 2468
457 13984 1196
458 14030 4274
459 14042 1958
460 14046 4544
461 14050 2522
462 14060 2240
463 14066 3108
464 14080 3856
465 14082 168
466 14086 5874
467 14090 94
468 14092 3070
469 14102 4748
470 14154 76
471 14154 5120
472 14206 12376
473 14214 4640
474 14218 5026
475 14234 2916
476 14244 6256
477 14292 2596
478 14296 844
479 14306 6766
480 14360 5530
481 14366 7994
482 14390 3290
483 14412 1502
484 14426 3484
485 14432 1146
486 14432 6890
487 14452 5650
488 14472 3626
489 14494 3384
490 14510 2412
491 14544 1368
492 14570 5412
493 14586 5118
494 14606 94
495 14628 6932
496 14656 10986
497 14660 2280
498 14680 1146
499 14680 11950
500 14694 1272
501 14706 3164
502 14708 4000
503 14828 7086
504 14840 2864
505 14842 6062
506 14846 6918
507 14848 1270
508 14868 5052
509 14904 870
510 14912 1996
511 14912 12648
512 14920 3022
513 14958 1940
514 14984 478
515 15006 12940
516 15012 3690
517 15046 2944
518 15046 7492
519 15072 4276
520 15098 892
521 15122 4252
522 15122 13482
523 15138 4564
524 15148 13080
525 15164 2200
526 15174 1458
527 15184 4802
528 15220 666
529 15248 2518
530 15260 2804
531 15286 2232
532 15334 6826
533 15380 11680
534 15398 4880
535 15402 4986
536 15402 12112
537 15410 13314
538 15416 4832
539 15424 12248
540 15478 3236
541 15508 2838
542 15530 2088
543 15590 706
544 15590 12246
545 15608 3838
546 15616 12692
547 15626 4094
548 15632 3168
549 15716 2914
550 15722 4906
551 15778 6242
552 15786 3114
553 15794 6246
554 15858 3934
555 15912 5682
556 15942 3292
557 15980 3270
558 16030 11762
559 16050 2688
560 16064 2370
561 16072 5924
562 16072 8444
563 16174 7586
564 16184 7640
565 16190 7984
566 16206 11924
567 16322 11622
568 16334 8048
569 16342 7226
570 16362 11124
571 16366 7670
572 16382 4040
573 16388 7108
574 16392 4776
575 16412 11808
576 16462 10338
577 16478 3920
578 16542 6808
579 16572 2952
580 16590 7674
581 16652 4182
582 16712 6498
583 16722 3964
584 16778 12706
585 16946 7702
586 16974 2372
587 16982 2770
588 17016 5404
589 17028 598
590 17050 4526
591 17054 4870
592 17102 4782
593 17106 10860
594 17110 9724
595 17194 44
596 17198 5476
597 17206 3046
598 17236 10522
599 17254 3738
600 17260 9624
601 17306 11134
602 17316 9476
603 17342 6146
604 17354 1024
605 17366 9558
606 17392 9314
607 17402 7852
608 17408 3340
609 17448 4154
610 17474 5698
611 17496 5500
612 17524 4158
613 17578 2840
614 17608 4404
615 17628 2172
616 17636 7152
617 17664 4464
618 17700 6774
619 17712 6038
620 17748 5502
621 17786 7702
622 17818 12118
623 17852 2754
624 17892 9732
625 17894 3332
626 17930 9592
627 17944 6428
628 17980 10392
629 18004 6536
630 18050 7122
631 18054 8800
632 18146 9746
633 18284 2010
634 18316 8758
635 18348 3218
636 18422 3048
637 18428 4104
638 18456 696
639 18464 7730
640 18514 11096
641 18516 6864
642 18592 1982
643 18648 5174
644 18666 5526
645 18740 8230
646 18848 6812
647 18862 768
648 18880 8144
649 18976 644
650 19046 2956
651 19052 4070
652 19222 2198
653 19252 5180
654 19320 1830
655 19334 3124
656 19344 3078
657 19446 7598
658 19470 1918
659 19600 3934
660 19600 7450
661 19656 9514
662 19686 5964
663 19704 3914
664 19714 5260
665 19792 7382
666 19820 5682
667 19936 3992
668 20002 11400
669 20078 2854
670 20102 2936
671 20102 10588
672 20156 4838
673 20216 1166
674 20286 5704
675 20294 5624
676 20306 62
677 20306 5008
678 20350 5258
679 20406 5292
680 20426 11402
681 20432 2562
682 20500 2746
683 20558 5862
684 20574 5836
685 20660 11400
686 20728 6014
687 20804 2608
688 20818 4010
689 20894 4948
690 20966 3114
691 20996 6038
692 21070 4860
693 21100 5054
694 21182 5052
695 21202 2580
696 21230 4334
697 21248 4878
698 21250 3078
699 21280 5440
700 21298 6002
701 21318 2358
702 21440 1626
703 21444 5382
704 21486 5962
705 21532 9914
706 21560 5750
707 21630 4646
708 21734 6246
709 21798 9398
710 21806 5730
711 21808 5886
712 21942 4270
713 21950 1752
714 21964 5310
715 22072 4096
716 22098 1750
717 22152 5934
718 22154 3682
719 22198 34
720 22200 2438
721 22384 722
722 22384 5268
723 22402 5920
724 22636 2028
725 22700 7564
726 22852 1920
727 22868 11868
728 22926 6714
729 22948 7784
730 22992 5306
731 23008 1770
732 23008 3834
733 23178 5672
734 23290 556
735 23296 3150
736 23312 5918
737 23318 710
738 23338 6194
739 23358 1666
740 23424 2234
741 23442 7466
742 23446 3150
743 23550 706
744 23568 2752
745 23582 6182
746 23644 600
747 23666 2224
748 23698 5922
749 23710 3674
750 23724 5990
751 23742 324
752 23746 2850
753 23776 5306
754 23790 6270
755 23804 5262
756 23848 6700
757 23954 2380
758 23988 5642
759 23998 2146
760 24002 7748
761 24130 1332
762 24136 804
763 24178 1744
764 24188 2222
765 24248 4980
766 24254 4382
767 24338 692
768 24384 578
769 24448 5684
770 24458 2148
771 24522 8052
772 24588 6266
773 24674 5538
774 24718 388
775 24926 6676
776 24962 2596
777 25006 6982
778 25014 1330
779 25040 5596
780 25074 2198
781 25096 7256
782 25118 1130
783 25150 2572
784 25166 2972
785 25190 1508
786 25266 7508
787 25292 100
788 25378 5646
789 25390 5744
790 25420 5218
791 25428 7436
792 25428 7714
793 25458 1184
794 25482 7344
795 25524 1152
796 25544 2554
797 25554 8480
798 25584 6408
799 25598 2488
5 3 4 1 2 5 
6 15 12 2 0 260 32 
3 5 0 1 
3 4 0 9 
4 82 0 3 6 
3 0 2 7 
3 4 10 11 
4 8 9 5 13 
4 22 7 19 28 
3 14 3 7 
3 6 14 16 
3 17 6 20 
3 44 13 1 
4 21 7 12 44 
4 16 10 9 22 
3 44 1 150 
3 18 10 14 
4 29 52 11 24 
3 20 16 34 
3 28 8 21 
3 11 18 23 
4 63 19 13 47 
3 14 8 30 
3 25 20 40 
3 29 17 25 
3 24 23 26 
4 37 27 25 31 
3 36 66 26 
3 43 8 19 
3 52 17 24 
4 33 22 42 54 
6 39 26 57 46 35 59 
3 150 1 254 
3 65 34 30 
3 40 18 33 
3 31 53 60 
3 51 27 37 
3 36 26 38 
3 41 37 39 
3 38 31 45 
3 74 23 34 
3 49 38 45 
3 30 43 56 
3 42 28 63 
4 48 13 12 15 
3 41 39 58 
3 53 31 57 
3 98 21 48 
3 47 44 137 
3 55 50 41 
7 72 51 49 55 67 62 71 
3 66 36 50 
3 82 17 29 
3 60 35 46 
3 65 30 56 
3 50 49 70 
3 54 42 81 
3 46 31 74 
3 69 45 61 
3 61 31 64 
3 64 35 53 
3 58 59 78 
3 50 105 80 
3 43 21 98 
3 59 60 68 
3 84 33 54 
4 82 27 51 75 
3 50 70 76 
3 78 64 74 
3 73 58 79 
3 67 55 73 
3 50 83 106 
3 77 50 97 
3 76 70 69 
4 95 68 57 40 
4 86 66 77 88 
3 67 73 87 
3 75 72 96 
3 61 68 79 
3 69 78 95 
3 62 105 89 
3 92 56 107 
6 522 4 52 66 85 122 
3 71 89 93 
3 123 65 91 
3 118 82 86 
3 118 85 75 
3 76 90 100 
3 144 75 94 
3 83 80 101 
3 87 95 113 
3 146 84 92 
3 91 81 114 
3 106 83 99 
3 88 96 109 
4 90 79 74 120 
3 94 77 97 
4 109 96 72 121 
4 107 63 47 117 
4 111 93 103 104 
3 105 87 113 
3 103 89 102 
3 103 101 105 
4 110 99 101 102 
3 111 99 110 
6 130 127 102 80 62 100 
3 108 71 93 
3 115 81 98 
3 121 106 112 
3 135 94 97 
3 104 103 116 
3 119 99 104 
3 126 108 119 
4 148 100 90 120 
3 143 92 115 
3 114 107 128 
3 125 110 129 
3 128 98 137 
3 122 85 86 
3 112 111 125 
3 113 95 123 
3 124 97 108 
3 82 118 140 
3 170 120 84 
3 132 121 126 
3 133 119 116 
3 133 124 112 
3 129 105 130 
3 115 117 134 
3 131 116 127 
3 127 105 136 
3 153 129 138 
3 167 135 124 
3 159 126 125 
3 155 128 139 
3 162 109 132 
3 141 130 148 
4 139 117 48 150 
3 149 131 141 
3 157 134 137 
3 191 122 152 
3 138 136 142 
3 141 158 147 
3 146 114 145 
3 172 152 88 
3 219 143 155 
3 165 91 143 
3 151 142 158 
3 136 113 175 
3 154 138 151 
5 184 156 137 15 32 
3 149 147 158 
3 140 144 174 
3 161 131 154 
3 176 153 149 
3 145 134 164 
3 169 157 150 
3 163 139 156 
4 151 147 142 175 
3 160 133 161 
3 167 159 161 
5 177 173 160 159 153 
3 168 171 135 
3 164 157 169 
3 166 155 163 
3 240 201 146 
4 192 186 209 164 
4 178 181 132 160 
3 183 180 162 
4 179 163 156 184 
3 201 175 123 
3 172 162 182 
4 174 144 171 203 
3 178 161 177 
4 264 191 152 172 
4 201 158 148 170 
3 190 154 204 
3 187 173 161 
3 181 167 173 
3 195 192 169 
5 182 168 183 185 194 
3 183 167 178 
3 205 171 180 
5 180 168 181 188 185 
7 212 220 197 196 169 150 265 
3 180 183 189 
3 208 166 195 
3 188 177 190 
3 189 183 187 
3 185 188 193 
4 193 187 176 200 
3 524 140 174 
3 195 166 179 
3 194 189 190 
3 180 193 198 
5 208 186 192 179 196 
3 195 184 197 
3 213 196 184 
3 218 194 199 
3 198 200 216 
3 199 190 202 
5 240 206 175 170 165 
3 200 204 210 
3 223 172 205 
3 202 176 207 
3 203 182 272 
3 240 207 201 
3 211 204 206 
3 214 186 195 
3 225 219 166 
3 221 202 215 
3 230 215 207 
4 287 239 238 184 
3 234 217 197 
3 225 208 217 
4 230 232 210 211 
3 226 199 221 
3 228 214 213 
3 224 198 227 
3 222 145 209 
3 244 235 184 
4 233 216 210 232 
3 241 219 231 
3 258 203 285 
3 272 218 255 
3 231 209 214 
3 229 216 233 
3 218 229 299 
3 236 217 234 
3 227 226 271 
3 283 215 211 
3 236 222 225 
3 242 221 215 
3 226 221 242 
3 228 213 235 
3 243 234 220 
4 253 231 228 237 
3 236 245 252 
6 269 270 250 251 212 239 
3 238 212 262 
4 246 206 201 165 
3 253 246 222 
3 271 233 232 
3 247 235 244 
3 261 243 220 
3 249 237 248 
3 256 240 241 
3 263 248 243 
3 257 245 247 
3 278 252 245 
3 280 251 238 
3 261 238 250 
3 286 237 249 
3 289 241 236 
3 265 32 260 
4 281 293 224 332 
3 292 283 246 
3 275 248 259 
3 266 223 304 
3 257 267 268 
5 719 595 470 254 1 
3 294 244 251 
3 282 239 287 
4 297 276 267 247 
3 406 174 266 
5 467 340 296 184 254 
3 264 258 382 
4 274 268 259 263 
3 277 259 267 
3 279 238 298 
3 280 238 279 
3 229 242 273 
3 285 205 224 
3 271 312 323 
4 284 311 267 276 
3 278 257 277 
3 310 274 263 
3 307 275 268 
3 290 249 275 
3 270 269 298 
3 288 250 270 
3 293 255 394 
3 302 291 262 
3 312 230 256 
3 310 305 274 
3 306 223 272 
6 313 289 252 290 300 301 
3 262 212 296 
3 295 280 303 
3 292 253 286 
3 286 278 300 
3 350 298 282 
3 337 256 289 
3 318 255 281 
3 308 261 295 
3 314 294 288 
3 327 287 265 
3 325 263 308 
5 321 309 279 269 291 
3 332 227 323 
3 286 290 307 
4 286 311 317 324 
3 350 282 354 
3 315 288 309 
3 258 306 381 
3 333 326 284 
3 304 285 318 
3 311 300 277 
3 329 297 294 
3 320 303 298 
3 316 284 276 
4 301 307 274 319 
3 342 273 283 
3 330 286 349 
3 322 295 315 
3 314 303 320 
3 333 310 325 
3 301 319 324 
3 306 293 338 
3 317 311 328 
3 335 315 309 
3 347 336 298 
3 335 329 314 
3 299 273 342 
3 301 317 331 
3 339 316 297 
3 348 328 305 
3 354 296 340 
3 331 319 326 
3 339 308 322 
3 387 337 313 
3 334 324 328 
3 255 299 383 
3 345 305 316 
3 357 331 358 
3 346 322 320 
3 341 321 344 
3 342 292 330 
3 385 318 392 
4 345 325 329 346 
3 369 327 265 
3 346 336 343 
4 391 323 312 337 
3 346 341 344 
3 343 336 351 
4 352 348 333 339 
5 339 335 341 343 353 
3 351 321 356 
3 358 326 345 
3 360 313 357 
4 356 291 302 363 
3 361 344 347 
3 362 345 355 
3 346 361 368 
3 415 302 327 
3 359 352 364 
3 371 347 350 
3 349 334 365 
3 365 334 348 
3 366 362 355 
3 388 399 349 
3 353 351 371 
3 370 352 359 
3 378 350 398 
3 372 355 368 
3 367 357 358 
5 370 359 376 374 401 
3 375 365 370 
3 364 353 373 
3 449 397 340 
4 367 362 366 384 
3 361 356 378 
3 376 364 379 
3 368 377 409 
3 366 389 401 
3 417 388 367 
3 366 372 389 
3 373 378 380 
4 377 371 363 380 
3 372 396 393 
3 377 378 390 
3 382 304 386 
3 404 266 381 
3 394 332 391 
3 410 370 411 
4 408 386 338 403 
3 402 381 385 
3 391 330 399 
3 417 360 375 
3 374 376 393 
3 400 380 398 
4 425 383 342 387 
3 403 338 413 
3 389 379 395 
3 413 281 383 
3 407 393 405 
3 379 409 405 
4 514 450 426 369 
4 400 390 363 415 
3 424 387 360 
3 427 390 398 
3 366 374 412 
3 404 386 496 
4 576 408 385 392 
3 431 382 402 
4 407 395 396 421 
3 515 264 431 
3 412 395 405 
3 496 385 403 
3 396 373 427 
3 416 384 420 
3 419 384 414 
3 414 401 407 
3 392 394 444 
3 411 412 418 
4 478 398 354 426 
3 417 410 430 
4 440 388 375 416 
3 414 428 442 
4 423 422 411 434 
3 432 410 422 
3 428 405 429 
3 420 419 423 
3 469 422 419 
4 437 435 399 447 
3 436 391 435 
3 450 415 397 
4 429 409 400 478 
3 442 418 421 
5 433 446 456 421 427 
3 439 416 432 
4 472 406 404 445 
3 438 430 420 
3 455 429 457 
3 419 441 454 
3 425 424 437 
3 481 444 425 
3 435 424 486 
3 451 432 471 
3 443 430 451 
3 447 417 443 
3 448 434 452 
3 456 418 428 
3 440 439 466 
3 576 413 436 
3 431 499 536 
3 462 461 429 
3 479 424 440 
3 453 441 452 
3 514 369 465 
3 528 426 397 
3 439 438 480 
3 448 441 461 
3 454 448 464 
4 460 434 453 458 
3 459 433 483 
3 461 442 429 
3 433 509 485 
3 473 454 488 
3 490 462 455 
3 473 469 454 
6 475 468 463 452 456 446 
3 477 446 459 
3 464 461 468 
3 453 463 488 
3 449 467 494 
3 476 443 487 
3 494 465 265 
3 484 463 461 
3 474 423 460 
3 494 260 595 
3 480 438 474 
4 511 431 539 544 
3 493 460 458 
3 492 471 469 
3 489 482 461 
3 506 479 466 
3 501 489 462 
3 509 427 415 
3 486 447 476 
3 487 451 471 
3 576 436 518 
3 502 484 475 
3 513 455 491 
3 488 468 482 
3 498 457 520 
3 495 437 479 
3 505 466 480 
4 502 458 464 484 
3 527 475 477 
4 504 501 459 497 
3 483 498 500 
3 505 474 493 
3 492 473 508 
4 465 467 470 676 
3 503 486 506 
3 570 402 408 
3 504 490 510 
4 500 491 485 638 
3 445 533 558 
3 491 498 507 
3 519 477 490 
4 551 508 488 482 
3 518 495 506 
3 512 490 497 
3 532 487 492 
4 503 495 476 532 
3 526 500 604 
3 551 493 502 
4 520 457 478 543 
3 525 497 513 
3 546 515 472 
3 516 504 517 
3 542 510 483 
3 589 397 449 
4 524 406 511 546 
3 519 512 540 
3 540 512 530 
3 562 481 503 
4 523 501 516 521 
3 485 509 638 
3 519 545 547 
3 82 537 727 
3 534 527 519 
3 537 191 515 
3 531 529 510 
3 542 507 604 
4 535 553 489 523 
3 543 450 589 
3 530 525 531 
3 541 517 529 
3 529 525 542 
3 563 506 505 
3 499 570 567 
4 550 535 523 538 
3 555 527 534 
3 539 445 566 
3 522 524 584 
3 534 547 572 
3 472 536 544 
3 516 517 548 
3 549 530 559 
4 560 531 513 526 
3 509 528 589 
3 472 539 622 
3 554 521 556 
3 584 515 511 
3 538 521 554 
3 540 549 552 
5 579 557 552 548 541 
3 588 534 574 
4 553 569 508 502 
3 556 548 549 
3 573 551 527 
3 547 545 577 
3 561 535 596 
3 545 552 557 
3 556 549 579 
3 575 499 567 
3 579 541 560 
3 586 559 542 
3 582 578 555 
3 598 518 565 
3 571 564 532 
3 568 565 563 
3 568 562 564 
3 622 536 575 
4 558 533 601 668 
3 594 565 564 
3 580 551 573 
3 533 496 593 
3 580 600 563 
3 538 577 583 
3 569 553 578 
3 591 550 581 
3 566 558 680 
4 593 403 444 481 
3 572 554 597 
3 573 561 582 
4 557 549 559 587 
3 585 571 569 
5 590 574 583 599 609 
3 578 561 603 
3 581 572 608 
3 537 546 727 
3 607 580 616 
3 587 560 615 
3 597 579 586 
3 596 550 591 
4 649 543 528 514 
3 592 581 614 
3 588 574 592 
3 591 590 617 
4 601 570 576 598 
3 598 568 600 
3 470 260 719 
3 611 555 588 
3 577 587 613 
4 593 562 594 628 
3 581 608 625 
4 594 571 602 605 
3 567 593 640 
3 600 607 606 
3 618 582 610 
3 526 507 647 
3 624 600 631 
3 602 621 639 
3 602 585 621 
3 599 583 623 
3 612 581 635 
4 619 603 611 620 
3 620 610 596 
3 614 609 655 
3 597 642 623 
4 617 590 612 637 
3 586 647 633 
3 585 618 630 
3 643 592 614 
3 616 603 629 
3 627 610 644 
3 610 611 643 
3 606 607 630 
3 544 566 727 
3 608 613 652 
4 632 628 605 626 
3 599 652 636 
3 624 631 634 
3 641 629 619 
3 640 598 624 
3 641 618 627 
3 621 616 641 
5 626 605 639 645 634 
3 671 624 661 
3 615 673 642 
3 626 631 648 
3 609 636 656 
4 635 625 652 650 
3 614 670 651 
3 498 520 649 
3 631 606 646 
3 668 601 628 
4 630 629 627 646 
3 613 633 654 
4 653 644 620 617 
3 666 619 643 
3 631 686 648 
3 639 641 662 
3 615 604 649 
3 634 645 657 
4 647 638 589 676 
3 636 681 669 
3 672 637 659 
5 681 636 625 623 658 
3 664 643 677 
3 658 642 673 
3 612 656 670 
3 655 635 669 
3 648 691 660 
3 652 654 702 
3 651 687 663 
4 657 691 700 665 
3 671 632 665 
3 646 666 683 
3 667 659 690 
3 675 653 678 
3 661 660 708 
3 674 662 644 
4 688 672 663 698 
3 680 567 640 
3 656 650 682 
3 637 655 682 
3 685 632 661 
3 677 651 667 
3 654 633 719 
3 684 666 675 
3 674 664 679 
3 649 494 719 
3 653 672 689 
3 679 664 689 
3 675 678 693 
3 575 668 685 
3 687 650 652 
3 670 669 687 
4 686 662 684 699 
3 683 674 694 
4 727 680 671 705 
3 691 645 683 
4 659 682 681 695 
3 696 667 720 
3 678 677 692 
3 663 695 698 
4 660 657 686 700 
3 697 689 696 
3 679 697 694 
4 699 684 693 707 
3 690 687 701 
3 692 688 718 
3 693 692 712 
3 667 690 720 
3 683 694 703 
3 660 691 704 
3 695 702 713 
4 713 701 658 721 
4 706 699 707 712 
3 708 700 706 
3 685 709 771 
3 704 703 710 
3 703 694 712 
4 728 665 704 711 
3 705 725 729 
3 711 706 714 
3 717 708 710 
4 703 707 697 715 
3 701 702 716 
3 710 715 722 
3 714 712 718 
3 724 713 737 
3 738 711 723 
3 715 696 726 
7 787 751 721 673 676 595 260 
3 688 698 724 
3 702 719 734 
3 730 714 732 
3 717 733 736 
3 720 716 726 
3 729 709 728 
3 718 724 731 
5 522 584 622 685 797 
3 725 708 738 
3 709 725 741 
5 733 722 732 742 749 
3 726 743 739 
3 730 722 735 
3 736 723 730 
3 737 721 751 
3 742 732 740 
4 748 723 733 753 
3 716 734 743 
3 728 717 745 
3 740 731 761 
3 735 739 747 
3 760 729 756 
3 730 735 744 
3 731 737 746 
3 752 742 747 
3 754 738 750 
3 762 743 751 
3 744 740 759 
3 750 736 758 
3 766 730 752 
3 745 748 769 
5 774 768 746 734 719 
3 749 744 757 
3 758 736 755 
3 756 745 772 
3 753 766 765 
3 781 741 754 
3 752 759 764 
3 748 753 773 
3 757 747 763 
3 771 741 786 
3 763 739 762 
3 761 746 767 
3 759 761 778 
3 757 778 770 
3 773 755 796 
3 755 749 784 
3 782 762 768 
3 767 751 774 
3 750 773 779 
3 776 764 778 
3 797 705 760 
4 775 777 754 789 
4 779 769 758 765 
3 768 751 787 
3 777 772 789 
3 784 770 780 
3 781 772 775 
5 780 770 764 763 782 
3 788 769 773 
3 783 776 778 
3 786 756 777 
4 793 785 778 767 
3 784 780 785 
4 766 776 783 796 
3 783 782 793 
3 792 760 781 
3 795 774 719 
3 789 779 790 
5 791 775 772 788 790 
3 789 788 799 
3 792 789 794 
3 797 786 791 
3 785 782 795 
3 797 791 798 
3 799 793 787 
3 765 784 799 
5 727 771 792 794 798 
3 797 794 799 
4 798 790 796 795 
