600
0 52 6954
1 68 8326
2 114 7216
3 138 7194
4 140 8238
5 156 3248
6 260 10
7 276 1636
8 284 5268
9 310 5326
10 312 4926
11 366 2120
12 460 758
13 520 5630
14 556 3338
15 586 6656
16 592 4654
17 638 4030
18 662 4302
19 666 5316
20 726 5208
21 738 2532
22 818 520
23 868 12
24 868 2828
25 882 342
26 926 2788
27 938 1212
28 938 4784
29 958 5420
30 968 2882
31 968 4286
32 1004 5430
33 1030 6984
34 1052 160
35 1062 4802
36 1098 2284
37 1098 4002
38 1104 7980
39 1110 7982
40 1126 1276
41 1154 82
42 1166 2044
43 1238 2280
44 1250 4000
45 1272 2538
46 1304 5634
47 1324 5710
48 1332 5254
49 1368 4980
50 1458 5582
51 1478 6498
52 1504 6266
53 1582 7012
54 1680 7466
55 1704 7060
56 1778 1586
57 1802 6600
58 1826 5884
59 1866 3358
60 1980 2278
61 2010 584
62 2066 1456
63 2070 2608
64 2136 1920
65 2174 3444
66 2176 472
67 2194 4738
68 2222 4434
69 2244 7440
70 2244 7550
71 2264 500
72 2294 2424
73 2320 2216
74 2342 1250
75 2486 10112
76 2496 10184
77 2508 5724
78 2510 2314
79 2516 9838
80 2562 7286
81 2600 5382
82 2692 6436
83 2704 6334
84 2708 128
85 2708 6738
86 2724 6158
87 3000 9862
88 3054 8096
89 3120 7014
90 3130 2290
91 3138 5976
92 3206 8868
93 3278 3974
94 3354 5674
95 3416 8862
96 3436 6484
97 3452 1536
98 3548 1418
99 3600 12166
100 3608 8472
101 3624 5276
102 3664 7614
103 3790 6872
104 3940 3532
105 3948 6108
106 3956 5674
107 3990 4644
108 4032 284
109 4074 6342
110 4106 11976
111 4150 6632
112 4152 6136
113 4166 864
114 4230 5102
115 4326 7382
116 4368 6166
117 4382 5218
118 4396 6824
119 4408 3972
120 4494 788
121 4664 7380
122 4764 8002
123 4768 8750
124 4792 3866
125 4834 48
126 4896 6172
127 4904 4448
128 4908 6692
129 4938 270
130 4952 6120
131 4964 14
132 5110 7288
133 5146 7892
134 5418 10590
135 5436 8186
136 5688 5428
137 5704 10854
138 5748 2944
139 5798 4830
140 5858 6076
141 5956 8154
142 5974 5848
143 6036 7556
144 6266 11748
145 6336 6970
146 6372 4286
147 6422 8360
148 6438 8998
149 6454 9088
150 6472 992
151 6584 9338
152 6610 3974
153 6706 1938
154 6808 11462
155 6814 10502
156 6828 10398
157 6852 7414
158 6854 1252
159 6872 8750
160 6916 9468
161 6930 8886
162 6952 7886
163 7026 6610
164 7036 10524
165 7140 8896
166 7246 2818
167 7306 4860
168 7562 7048
169 7642 3998
170 7720 10058
171 7786 9672
172 7818 9942
173 7856 3818
174 7914 9532
175 7938 4694
176 7990 3838
177 8080 9964
178 8102 10024
179 8138 5150
180 8184 6228
181 8194 1690
182 8262 11102
183 8268 11558
184 8280 6576
185 8340 11638
186 8348 7644
187 8378 4102
188 8416 526
189 8452 2474
190 8460 11026
191 8474 11466
192 8618 10536
193 8648 1500
194 8662 5902
195 8752 6072
196 8778 5414
197 8796 11512
198 8828 6524
199 8856 11898
200 8860 1336
201 9020 692
202 9028 4448
203 9028 4454
204 9042 3478
205 9090 926
206 9180 11542
207 9216 6470
208 9344 4152
209 9424 1226
210 9502 5072
211 9512 1430
212 9520 4950
213 9558 3256
214 9590 8344
215 9648 3996
216 9668 2226
217 9714 3240
218 9754 3834
219 9766 9652
220 9782 2532
221 9790 5182
222 9814 3698
223 9830 6162
224 9836 6336
225 9878 1904
226 9912 2770
227 9998 1172
228 10018 3980
229 10032 7808
230 10046 5128
231 10148 2336
232 10210 7404
233 10290 6260
234 10310 6184
235 10326 4198
236 10430 1330
237 10430 8776
238 10460 2530
239 10504 3636
240 10532 4604
241 10544 3092
242 10554 5734
243 10622 5180
244 10666 3246
245 10682 3818
246 10698 5042
247 10746 3566
248 10750 4340
249 10808 984
250 10810 6426
251 10840 920
252 10846 3010
253 10880 3526
254 10890 6034
255 10894 1742
256 10954 1098
257 10962 5822
258 10982 3918
259 11092 2096
260 11216 94
261 11220 3192
262 11338 4932
263 11352 5096
264 11400 2070
265 11430 282
266 11494 4492
267 11512 2712
268 11620 2700
269 11644 6570
270 11660 1096
271 11712 5274
272 11792 1042
273 11820 5458
274 11878 2878
275 11886 1004
276 11898 2486
277 11936 6004
278 11992 1164
279 12002 1548
280 12022 10326
281 12028 1340
282 12046 2254
283 12206 4992
284 12242 4756
285 12246 1958
286 12262 4618
287 12334 3280
288 12340 3704
289 12374 6990
290 12378 1018
291 12446 6972
292 12476 5478
293 12550 7630
294 12558 8078
295 12684 984
296 12722 4878
297 12722 7918
298 12750 8760
299 12792 7476
300 12814 7104
301 12824 2408
302 12830 2298
303 12880 3892
304 12940 788
305 12940 7446
306 12968 3454
307 12974 72
308 13040 11946
309 13056 9530
310 13058 11518
311 13062 7954
312 13126 8382
313 13142 5954
314 13170 8486
315 13208 5286
316 13222 7324
317 13230 8590
318 13278 7382
319 13340 7154
320 13388 496
321 13396 220
322 13416 226
323 13442 9028
324 13448 248
325 13510 6404
326 13576 4884
327 13600 6286
328 13716 2878
329 13826 6358
330 13848 1380
331 13854 2976
332 13862 4404
333 13880 4636
334 13908 6792
335 13934 6494
336 13972 5498
337 14002 2202
338 14046 7004
339 14050 3186
340 14074 5406
341 14104 6534
342 14150 2868
343 14200 10432
344 14202 10114
345 14240 3132
346 14270 4738
347 14274 5368
348 14334 2620
349 14350 4406
350 14360 7500
351 14434 1022
352 14436 4716
353 14446 3146
354 14492 11842
355 14496 5662
356 14532 6068
357 14564 11172
358 14574 5428
359 14584 4940
360 14632 6166
361 14664 1176
362 14682 13318
363 14684 6150
364 14702 2694
365 14728 2378
366 14760 11314
367 14884 2876
368 14886 4420
369 14910 5190
370 14920 1200
371 14936 12910
372 14956 3190
373 14986 7914
374 15000 6740
375 15050 12798
376 15206 8114
377 15216 6204
378 15394 708
379 15424 11434
380 15482 1652
381 15500 8004
382 15636 5840
383 15692 6188
384 15700 5692
385 15712 2444
386 15730 5130
387 15746 3184
388 15750 7846
389 15822 7938
390 15872 9572
391 15878 12542
392 15882 678
393 15888 11550
394 15898 2542
395 15908 9630
396 15938 6570
397 15982 8038
398 16006 3540
399 16014 2738
400 16038 5738
401 16044 2754
402 16048 4092
403 16090 5722
404 16090 9988
405 16144 708
406 16180 3238
407 16190 6770
408 16202 4592
409 16238 6950
410 16270 4642
411 16348 9138
412 16356 146
413 16370 11006
414 16388 4538
415 16432 2956
416 16518 3022
417 16542 6346
418 16548 6988
419 16614 3590
420 16690 5302
421 16700 7912
422 16750 1016
423 16760 6274
424 16822 4784
425 16924 5468
426 16934 2306
427 16938 4820
428 16942 11946
429 16996 62
430 17018 2426
431 17070 6474
432 17072 5900
433 17102 2850
434 17122 7550
435 17128 10938
436 17132 9904
437 17168 7236
438 17178 9906
439 17186 3704
440 17280 4386
441 17282 6618
442 17366 10522
443 17378 10664
444 17428 5290
445 17516 2052
446 17538 4170
447 17550 624
448 17580 8850
449 17608 538
450 17688 4472
451 17854 8014
452 17878 3368
453 17936 830
454 17982 6394
455 17984 9104
456 18118 4592
457 18158 2742
458 18188 11396
459 18204 5676
460 18214 9426
461 18242 10056
462 18284 2188
463 18304 1846
464 18310 1838
465 18354 6382
466 18466 8560
467 18472 3846
468 18478 5632
469 18486 4316
470 18506 10134
471 18550 7966
472 18584 650
473 18660 7162
474 18804 5434
475 18838 2320
476 19084 1544
477 19092 3660
478 19280 2018
479 19358 7636
480 19456 7600
481 19462 5980
482 19500 2558
483 19560 7342
484 19588 5186
485 19636 8852
486 19644 9820
487 19646 544
488 19648 9882
489 19698 8626
490 19700 6804
491 19802 2958
492 19802 3216
493 19958 4824
494 19988 9838
495 20036 5144
496 20046 5578
497 20062 4610
498 20138 4746
499 20446 4802
500 20456 5352
501 20468 4802
502 20474 11510
503 20504 3908
504 20694 11202
505 20700 7726
506 20750 4800
507 20780 11040
508 20788 11170
509 20808 3264
510 20826 5056
511 20828 5484
512 20860 5050
513 20862 3058
514 20932 5042
515 20976 5718
516 21034 7940
517 21044 4800
518 21070 11052
519 21216 2688
520 21244 1058
521 21268 4862
522 21274 5944
523 21278 3240
524 21324 2898
525 21364 3876
526 21412 2660
527 21492 6284
528 21540 5556
529 21708 5950
530 21774 1908
531 21898 4034
532 21912 5446
533 21918 4270
534 21994 6114
535 22032 11848
536 22060 6200
537 22152 1782
538 22236 7640
539 22342 12064
540 22362 5396
541 22372 972
542 22410 5748
543 22422 3856
544 22438 2940
545 22466 6712
546 22508 6986
547 22660 2528
548 22704 11994
549 22800 738
550 22892 5352
551 22912 792
552 22938 2004
553 22958 1296
554 22964 8578
555 23100 2582
556 23118 634
557 23176 3768
558 23180 846
559 23240 7272
560 23310 8352
561 23364 7586
562 23382 7162
563 23552 5548
564 23602 6370
565 23606 2142
566 23642 7814
567 23688 5960
568 23704 8330
569 23740 8434
570 23752 5202
571 23836 5926
572 23852 430
573 23952 5502
574 23970 1616
575 24134 5754
576 24154 5570
577 24194 530
578 24220 7712
579 24226 7724
580 24316 4542
581 24434 4654
582 24568 262
583 24616 1340
584 24644 870
585 24690 5986
586 24696 3412
587 24700 3240
588 24746 7558
589 24770 3242
590 24800 3258
591 24826 6870
592 24894 7032
593 24944 4638
594 25024 1812
595 25286 3248
596 25318 6984
597 25364 1946
598 25472 5520
599 25526 6206
5 2 1 5 8 9 
4 99 0 2 4 
3 1 0 3 
3 4 2 15 
3 1 3 38 
3 0 6 7 
5 131 23 12 7 5 
5 11 10 5 6 12 
3 9 0 10 
3 13 0 8 
3 8 7 16 
3 21 14 7 
3 7 6 22 
3 15 9 19 
3 17 11 24 
3 33 3 13 
3 19 10 17 
4 31 18 16 14 
3 28 20 17 
3 13 16 20 
3 29 19 18 
3 24 11 27 
3 27 12 25 
8 429 307 125 84 41 34 25 6 
3 14 21 26 
3 22 23 34 
3 30 24 36 
3 40 21 22 
3 35 32 18 
3 32 33 20 
3 31 26 36 
4 35 17 30 37 
3 51 29 28 
3 38 15 29 
4 61 40 25 23 
3 46 28 31 
3 30 26 42 
3 31 45 44 
4 39 4 33 53 
3 76 38 54 
4 56 42 27 34 
3 120 66 23 
3 43 36 40 
3 45 42 56 
4 49 48 37 59 
3 37 43 60 
3 47 35 48 
3 52 51 46 
3 46 44 49 
3 50 48 44 
4 58 57 52 49 
3 53 32 47 
3 55 47 50 
3 55 38 51 
3 75 39 55 
4 54 53 52 57 
3 43 40 62 
3 70 55 50 
3 69 50 67 
3 65 44 63 
3 63 45 64 
3 74 34 66 
3 64 56 74 
3 59 60 72 
3 73 60 62 
3 68 59 72 
3 71 61 41 
3 77 58 68 
3 81 67 65 
4 70 58 85 80 
3 79 57 69 
3 113 98 66 
4 93 65 63 73 
3 78 72 64 
3 97 62 61 
3 76 54 79 
3 99 39 75 
3 83 82 67 
3 104 73 90 
4 87 75 70 92 
3 88 69 89 
3 91 86 68 
3 85 77 83 
4 85 82 77 86 
3 108 23 125 
4 89 69 82 83 
3 96 83 81 
3 134 79 95 
3 92 80 102 
3 80 85 103 
3 104 78 97 
3 96 81 94 
3 79 88 95 
3 107 101 72 
3 105 91 101 
3 87 92 100 
3 103 86 91 
3 90 74 98 
3 97 71 113 
4 362 1 76 110 
4 123 95 102 115 
3 106 94 93 
3 100 88 103 
4 102 89 96 111 
3 119 78 90 
3 112 109 94 
3 112 101 114 
3 142 114 93 
3 150 84 129 
3 111 105 116 
3 99 137 144 
3 118 103 109 
3 116 105 106 
3 98 71 120 
3 117 106 107 
3 100 118 121 
3 126 109 112 
3 140 130 114 
3 115 111 128 
3 127 104 124 
3 150 113 41 
3 122 115 132 
4 135 123 121 133 
3 134 100 122 
3 127 119 138 
3 260 84 23 
3 128 116 130 
3 136 119 124 
3 145 118 126 
3 188 108 260 
3 126 117 140 
2 429 6 
3 143 121 145 
3 141 122 143 
3 137 87 123 
4 148 149 122 141 
3 142 127 139 
3 110 134 155 
3 139 124 153 
4 163 136 138 146 
3 163 130 117 
4 147 135 133 157 
3 163 107 136 
3 133 132 157 
3 199 110 154 
3 168 132 128 
3 167 139 152 
3 159 141 162 
3 149 135 159 
3 151 135 148 
4 200 158 120 108 
3 160 156 149 
4 169 175 146 166 
3 166 138 158 
5 183 185 144 164 170 
3 164 137 156 
3 164 155 151 
3 141 143 168 
3 181 153 150 
4 165 161 148 147 
3 170 151 161 
3 171 160 159 
3 147 168 186 
4 168 140 142 139 
4 154 155 156 170 
3 174 159 214 
3 152 153 181 
3 179 180 146 
5 162 157 145 163 184 
3 187 152 173 
4 154 164 160 172 
3 172 161 174 
3 177 170 171 
3 176 169 189 
3 219 171 165 
4 210 196 179 152 
4 202 187 173 204 
3 178 172 219 
3 192 182 177 
3 194 167 175 
3 184 167 195 
3 166 158 193 
3 183 178 190 
5 185 154 182 191 197 
3 168 180 198 
3 199 154 183 
3 162 198 232 
3 203 169 176 
4 201 205 129 265 
3 173 193 216 
3 191 182 192 
3 197 183 190 
4 362 206 190 178 
3 189 181 200 
3 195 179 196 
3 223 180 194 
3 194 175 221 
3 206 183 191 
3 186 184 207 
3 362 144 185 
3 193 150 209 
3 251 205 188 
3 203 176 208 
3 210 187 202 
3 208 176 213 
3 209 188 201 
3 362 197 192 
3 232 198 224 
3 202 204 215 
4 211 200 205 227 
4 221 175 203 212 
3 225 216 209 
3 221 210 215 
3 204 220 217 
4 237 219 165 229 
3 212 208 218 
3 220 189 211 
3 222 213 226 
3 228 215 222 
4 308 177 174 214 
3 226 213 216 
4 196 210 212 230 
3 228 218 217 
4 233 224 195 230 
3 250 207 223 
3 259 231 211 
3 217 220 231 
3 236 209 249 
3 235 218 222 
3 298 214 232 
3 223 221 235 
3 238 226 225 
4 294 229 186 207 
3 250 223 234 
3 233 240 242 
3 230 228 239 
3 255 227 256 
3 309 280 214 
6 252 253 244 241 231 259 
3 240 235 241 
3 243 234 239 
3 245 239 238 
3 254 234 243 
3 242 240 246 
3 258 247 238 
3 248 241 247 
3 254 243 248 
3 258 245 244 
3 257 246 245 
3 256 227 251 
4 269 224 233 254 
4 275 272 249 201 
3 261 253 238 
3 258 238 252 
4 250 242 246 257 
3 264 259 236 
3 236 249 270 
3 254 248 263 
4 262 247 244 253 
4 267 238 225 255 
4 265 129 125 307 
3 266 252 267 
3 263 258 266 
3 271 257 262 
3 268 255 270 
3 304 188 260 
3 283 262 261 
3 261 259 268 
4 274 267 264 276 
3 293 250 277 
3 264 256 272 
3 292 273 263 
4 279 270 251 275 
3 300 277 271 
3 287 268 276 
4 290 278 272 251 
3 274 268 282 
4 291 289 269 273 
3 281 275 290 
3 282 272 281 
3 357 310 237 
3 285 279 278 
3 276 279 285 
3 292 266 284 
3 313 283 286 
3 302 282 281 
3 296 284 288 
3 288 274 301 
3 303 286 287 
3 293 277 291 
3 278 275 295 
3 299 289 277 
3 313 271 283 
3 297 269 289 
3 314 232 297 
3 330 290 304 
3 326 315 286 
3 312 294 293 
3 323 229 317 
3 311 291 305 
3 316 305 273 
3 306 287 302 
4 328 301 285 337 
3 332 288 306 
3 295 265 320 
3 299 300 318 
3 332 303 301 
5 412 321 260 23 429 
3 362 219 310 
3 343 237 323 
3 354 308 280 
6 312 299 318 338 350 373 
3 314 297 311 
3 325 292 284 
3 317 294 312 
3 327 296 326 
3 318 300 319 
3 298 314 376 
4 311 305 316 334 
3 316 325 335 
3 351 304 321 
3 322 320 307 
4 392 378 324 321 
4 390 344 309 298 
3 370 351 322 
3 319 313 327 
3 315 296 333 
3 329 325 315 
3 331 302 342 
3 335 327 336 
3 337 295 361 
4 345 339 349 328 
4 346 333 303 306 
3 336 326 332 
3 318 341 360 
3 341 319 329 
3 329 333 340 
4 365 348 302 330 
3 311 363 377 
3 349 331 345 
3 336 346 347 
3 334 335 356 
3 353 328 348 
3 357 309 344 
3 379 343 323 
3 353 339 331 
4 347 340 332 352 
3 355 340 346 
3 364 342 337 
3 352 331 339 
3 373 311 374 
3 361 320 324 
3 359 346 349 
3 372 345 342 
3 371 310 366 
3 356 347 358 
3 341 355 386 
3 366 280 343 
3 355 359 369 
3 358 352 368 
3 334 386 363 
3 380 330 351 
7 99 199 206 192 308 371 539 
3 338 360 384 
3 367 348 365 
3 385 364 337 
3 379 354 357 
3 372 364 399 
3 359 372 398 
3 358 402 408 
3 380 324 378 
3 362 354 375 
4 368 353 367 387 
4 381 311 350 388 
3 409 350 377 
3 371 393 391 
3 390 317 381 
7 396 407 374 338 382 400 383 
3 370 322 392 
3 393 366 344 
4 385 361 370 422 
3 376 373 389 
3 377 384 400 
3 396 377 403 
3 382 363 424 
3 394 365 380 
3 360 356 410 
3 406 372 401 
3 389 373 409 
3 397 381 388 
3 395 323 376 
3 375 428 502 
3 405 378 322 
3 375 379 413 
3 399 385 426 
3 404 390 411 
3 407 377 383 
3 411 389 421 
3 402 368 406 
3 401 367 394 
3 377 382 403 
3 415 387 399 
3 408 369 398 
3 383 400 420 
3 413 395 436 
3 422 392 447 
3 398 387 415 
4 418 377 396 417 
3 410 369 402 
3 418 388 374 
3 386 408 414 
3 436 395 397 
6 582 572 556 487 449 307 
3 393 404 435 
3 424 410 419 
4 416 406 401 430 
4 439 419 415 433 
3 407 425 423 
3 437 409 407 
3 440 414 416 
3 425 403 427 
3 448 397 434 
3 380 405 447 
3 431 417 432 
3 427 384 414 
3 417 420 444 
3 430 394 447 
3 420 424 440 
3 391 435 458 
4 582 307 23 131 
3 415 426 445 
3 441 423 454 
3 423 444 459 
3 439 416 463 
3 451 421 437 
3 428 413 443 
3 438 404 411 
3 434 418 441 
3 442 436 448 
3 446 416 433 
3 450 427 419 
3 473 437 431 
3 443 438 461 
3 435 442 470 
3 432 425 456 
3 430 453 464 
3 450 439 452 
4 426 422 405 449 
3 455 438 421 
4 472 453 447 412 
4 456 440 446 467 
3 455 434 471 
3 446 462 457 
3 476 445 449 
3 431 468 465 
3 460 448 451 
3 444 450 469 
3 467 452 462 
3 428 494 507 
3 432 469 468 
3 461 455 466 
3 470 442 460 
4 475 457 452 463 
3 462 433 464 
3 463 445 476 
3 473 454 481 
3 486 460 471 
3 450 457 477 
3 454 459 474 
3 459 456 477 
3 443 461 488 
3 466 451 479 
3 520 449 487 
3 479 441 465 
3 468 497 484 
3 482 462 478 
4 519 478 464 453 
3 469 467 492 
3 519 475 476 
3 471 473 480 
4 489 485 479 483 
3 490 465 484 
3 519 491 475 
4 538 505 480 490 
3 481 474 493 
3 486 480 489 
3 488 466 485 
3 549 472 412 
3 470 486 494 
3 485 480 516 
3 483 481 496 
3 492 482 519 
3 477 491 513 
3 495 484 497 
3 458 488 554 
6 500 496 493 498 499 501 
3 527 490 495 
4 498 493 474 503 
3 495 497 503 
3 501 495 509 
3 511 515 495 
3 495 499 506 
4 535 391 504 508 
3 498 497 509 
3 502 507 508 
3 516 483 538 
3 510 501 523 
3 504 458 554 
3 502 504 518 
3 499 503 513 
3 511 506 512 
3 515 500 510 
3 510 517 514 
3 509 492 524 
3 528 512 521 
3 522 500 511 
3 560 489 505 
3 512 525 531 
3 535 508 569 
5 491 482 478 476 526 
3 530 472 541 
3 528 514 533 
3 529 527 515 
3 525 506 524 
3 523 513 526 
3 531 517 523 
3 524 519 530 
3 546 496 522 
3 529 514 521 
5 534 536 522 528 532 
3 526 520 537 
5 533 517 525 544 547 
3 529 543 540 
3 521 531 543 
4 536 529 542 563 
4 539 502 518 569 
3 545 529 534 
3 544 530 541 
3 505 483 561 
4 362 535 588 548 
3 542 532 557 
3 537 520 551 
3 534 540 550 
3 532 533 555 
3 531 537 547 
3 559 546 536 
3 561 527 545 
3 531 544 552 
2 539 596 
3 551 487 556 
3 542 557 570 
4 558 553 541 549 
3 555 547 553 
3 552 551 558 
3 507 494 560 
3 543 552 565 
3 549 412 572 
3 550 540 565 
3 553 551 577 
3 561 545 562 
3 554 516 568 
5 566 538 546 559 562 
3 561 559 564 
4 567 534 570 573 
3 562 567 571 
3 557 555 574 
3 568 561 578 
3 564 563 571 
3 569 560 566 
4 535 518 568 579 
3 563 550 580 
3 564 567 575 
3 556 412 582 
3 576 563 581 
3 565 577 583 
3 578 571 576 
3 575 573 581 
3 574 558 582 
3 579 566 575 
3 569 578 591 
3 581 570 586 
5 585 576 573 580 593 
6 597 584 577 572 412 429 
3 587 574 584 
3 594 583 582 
3 591 581 593 
3 580 587 590 
3 589 586 583 
3 539 592 596 
3 590 587 594 
3 586 589 595 
3 592 579 585 
3 588 591 596 
3 585 581 595 
3 597 589 584 
4 598 593 590 597 
4 548 588 592 599 
5 599 598 595 594 582 
3 599 595 597 
3 596 598 597 
