700
0 246 4308
1 262 84
2 264 6530
3 306 1600
4 398 6562
5 426 1694
6 428 2656
7 504 152
8 514 4652
9 530 5178
10 568 7076
11 640 8506
12 764 7036
13 842 502
14 844 4024
15 872 4316
16 900 1718
17 904 6990
18 910 7054
19 920 4822
20 970 1962
21 978 3488
22 986 4664
23 1016 6766
24 1022 206
25 1068 7870
26 1074 8536
27 1084 1520
28 1090 3844
29 1138 948
30 1168 5616
31 1170 5000
32 1210 4642
33 1240 4564
34 1352 5618
35 1396 150
36 1452 1988
37 1486 7966
38 1518 2304
39 1610 2460
40 1612 7298
41 1774 6430
42 1800 2346
43 1954 730
44 1968 4726
45 2000 6386
46 2026 6078
47 2046 794
48 2050 5788
49 2058 8562
50 2070 1218
51 2088 3612
52 2122 7148
53 2164 3478
54 2186 7100
55 2288 4846
56 2486 10046
57 2526 2454
58 2634 2530
59 2644 6848
60 2650 6638
61 2658 6084
62 2722 7952
63 2742 5228
64 2828 1128
65 2864 594
66 2984 9860
67 3082 7772
68 3128 4416
69 3170 4390
70 3216 4578
71 3230 7454
72 3272 5634
73 3316 6382
74 3360 6604
75 3424 7008
76 3438 7302
77 3456 4184
78 3474 6864
79 3522 334
80 3540 12208
81 3586 5380
82 3620 5808
83 3638 4790
84 3638 10980
85 3660 5184
86 3756 7736
87 3778 5892
88 3808 5742
89 3814 7184
90 3816 6422
91 3854 4776
92 3862 3410
93 3944 6604
94 4004 5790
95 4022 7506
96 4038 6352
97 4054 216
98 4076 4990
99 4106 4526
100 4242 7890
101 4288 2970
102 4374 674
103 4406 4644
104 4434 4724
105 4474 6312
106 4532 7356
107 4572 1148
108 4680 6594
109 4686 1176
110 4694 7826
111 4704 4648
112 4704 7400
113 4718 11830
114 4782 8008
115 4814 11676
116 4904 522
117 4906 6810
118 4948 3958
119 4970 6678
120 4974 8674
121 5000 7644
122 5060 6536
123 5074 5246
124 5150 7394
125 5166 7898
126 5212 5056
127 5262 7922
128 5304 6530
129 5314 6028
130 5346 5152
131 5420 7908
132 5460 2520
133 5460 6144
134 5506 2538
135 5538 5740
136 5554 812
137 5638 864
138 5678 11104
139 5716 478
140 5764 10612
141 5814 8214
142 5888 5654
143 5920 6698
144 5990 656
145 5992 2646
146 6038 1054
147 6082 750
148 6116 10568
149 6118 466
150 6160 7174
151 6216 5862
152 6228 11726
153 6318 9484
154 6414 7594
155 6430 9816
156 6434 6866
157 6474 8160
158 6518 1854
159 6548 9734
160 6580 7498
161 6628 10114
162 6658 9632
163 6660 794
164 6694 10748
165 6708 9324
166 6744 106
167 6748 118
168 6758 9224
169 6818 558
170 6820 9056
171 6928 950
172 6988 444
173 7028 6052
174 7030 4714
175 7068 9436
176 7076 7714
177 7110 2012
178 7114 6984
179 7152 8690
180 7250 6246
181 7302 2258
182 7464 3640
183 7534 3772
184 7568 1784
185 7614 8208
186 7650 3828
187 7708 172
188 7852 3288
189 7854 3900
190 7934 500
191 7994 3782
192 8012 11064
193 8044 4328
194 8058 9674
195 8082 5350
196 8220 9436
197 8238 4040
198 8272 11954
199 8278 12070
200 8282 5690
201 8352 10620
202 8478 6418
203 8544 5236
204 8566 5306
205 8586 10228
206 8600 1394
207 8704 6318
208 8734 8762
209 8868 5800
210 8894 3674
211 8932 6484
212 9048 3228
213 9092 1808
214 9184 2964
215 9204 1870
216 9220 5314
217 9256 410
218 9310 2558
219 9350 8778
220 9382 11720
221 9384 7546
222 9402 5370
223 9410 718
224 9494 3126
225 9526 446
226 9578 5424
227 9708 1020
228 9802 2858
229 9802 3132
230 9840 1896
231 9904 3058
232 9926 298
233 9940 1206
234 9956 7742
235 10048 3388
236 10080 7596
237 10102 2214
238 10114 8046
239 10124 8068
240 10128 5046
241 10130 1642
242 10140 6474
243 10142 6418
244 10176 4200
245 10182 412
246 10192 5440
247 10194 4092
248 10200 564
249 10204 6774
250 10224 1752
251 10258 9640
252 10270 11000
253 10278 11004
254 10340 11114
255 10344 1056
256 10346 8764
257 10352 2984
258 10392 4162
259 10424 6856
260 10426 1064
261 10458 5574
262 10460 2122
263 10476 1442
264 10488 2572
265 10518 3426
266 10534 2526
267 10538 5844
268 10556 724
269 10568 1016
270 10574 2688
271 10594 4768
272 10608 5776
273 10706 2064
274 10752 3108
275 10820 3272
276 10898 2792
277 10906 6054
278 10908 2228
279 10952 7906
280 10998 10016
281 11016 6658
282 11020 58
283 11038 6496
284 11060 1118
285 11066 3126
286 11108 3762
287 11128 3596
288 11150 670
289 11200 4038
290 11362 8792
291 11368 546
292 11430 1752
293 11430 10362
294 11470 322
295 11480 1854
296 11498 2818
297 11508 6070
298 11538 4646
299 11584 1002
300 11600 3610
301 11614 6268
302 11642 4400
303 11680 1424
304 11682 5382
305 11736 3560
306 11792 6456
307 11814 558
308 11830 7552
309 11852 4148
310 11874 3868
311 11962 3540
312 11964 1458
313 11964 1922
314 12006 3260
315 12054 5838
316 12056 6286
317 12074 1734
318 12092 2178
319 12102 2436
320 12184 1438
321 12190 1462
322 12220 2870
323 12238 1404
324 12250 10740
325 12342 280
326 12354 716
327 12372 9556
328 12402 260
329 12420 1318
330 12428 5246
331 12430 958
332 12462 1830
333 12462 5158
334 12470 5102
335 12472 5908
336 12482 3824
337 12618 7142
338 12646 3298
339 12706 2530
340 12706 2690
341 12768 2638
342 12768 10014
343 12836 8
344 12858 4398
345 12862 7220
346 12880 2392
347 12898 5138
348 12928 9790
349 12988 3620
350 13032 6844
351 13054 1518
352 13056 11014
353 13058 11226
354 13084 1632
355 13086 914
356 13088 610
357 13098 4036
358 13112 4534
359 13128 4616
360 13178 1970
361 13180 7602
362 13206 2226
363 13218 12342
364 13220 6384
365 13224 4434
366 13228 3450
367 13248 8434
368 13260 4728
369 13264 3544
370 13276 2160
371 13286 8106
372 13294 4822
373 13324 2516
374 13344 6062
375 13350 4278
376 13432 6442
377 13452 8064
378 13456 9022
379 13472 3058
380 13486 5296
381 13518 5352
382 13548 6310
383 13552 1678
384 13584 2318
385 13640 4994
386 13710 5558
387 13714 1880
388 13736 604
389 13754 816
390 13808 3736
391 13820 5148
392 13886 3484
393 13920 4078
394 13934 4050
395 13942 1946
396 13958 864
397 14060 1138
398 14066 4178
399 14070 4394
400 14134 3250
401 14178 7104
402 14180 4766
403 14202 370
404 14234 2834
405 14242 4132
406 14246 6236
407 14308 4104
408 14336 6470
409 14338 2266
410 14394 1850
411 14414 3918
412 14432 4078
413 14440 6648
414 14454 1230
415 14456 4406
416 14476 4856
417 14484 5674
418 14526 4902
419 14564 5904
420 14630 1642
421 14670 3352
422 14680 4460
423 14692 1662
424 14720 56
425 14720 6240
426 14736 4690
427 14814 208
428 14856 7716
429 14890 1900
430 14930 11392
431 14932 6758
432 14932 12982
433 14934 4006
434 15000 1012
435 15064 2772
436 15144 5628
437 15186 13148
438 15248 774
439 15250 2588
440 15318 2232
441 15384 4880
442 15390 12124
443 15394 7798
444 15414 13284
445 15418 13852
446 15454 11624
447 15510 7994
448 15588 5464
449 15662 5784
450 15698 6142
451 15730 6196
452 15744 1696
453 15772 272
454 15810 6778
455 15818 3422
456 15818 11360
457 15826 10954
458 15864 4506
459 15874 3908
460 15930 4058
461 15950 5548
462 15950 11778
463 15970 9674
464 15972 5854
465 15990 7510
466 16012 5470
467 16012 6512
468 16018 11620
469 16030 3960
470 16036 1662
471 16168 114
472 16206 1132
473 16224 6208
474 16262 644
475 16302 2490
476 16362 5316
477 16466 4328
478 16500 7106
479 16562 784
480 16604 7668
481 16628 7234
482 16636 7532
483 16662 2838
484 16682 3110
485 16720 3664
486 16722 6398
487 16804 12660
488 16806 2212
489 16820 7762
490 16872 5584
491 16958 9698
492 16970 3998
493 17000 4458
494 17064 3796
495 17070 9172
496 17088 6996
497 17176 2436
498 17204 7826
499 17220 9904
500 17224 6206
501 17276 11682
502 17314 6688
503 17378 3604
504 17432 6184
505 17436 6686
506 17436 7854
507 17460 3022
508 17478 2026
509 17542 6760
510 17550 3766
511 17556 4104
512 17566 7546
513 17572 7000
514 17592 2196
515 17634 9432
516 17686 6766
517 17760 856
518 17800 2756
519 17836 4452
520 17844 7710
521 17876 960
522 17920 706
523 17990 4388
524 18076 6044
525 18136 9090
526 18226 2182
527 18272 2852
528 18316 4546
529 18318 1564
530 18342 8536
531 18376 1590
532 18400 11492
533 18430 4052
534 18430 11712
535 18434 12218
536 18436 7176
537 18490 2940
538 18512 11060
539 18580 3058
540 18598 444
541 18602 5430
542 18646 4104
543 18676 7172
544 18684 8616
545 18702 1058
546 18718 1084
547 18884 6004
548 18948 5610
549 18954 1354
550 19072 7818
551 19248 2012
552 19276 3488
553 19292 5272
554 19294 4128
555 19320 3166
556 19376 8074
557 19386 12368
558 19432 8182
559 19448 3408
560 19488 5722
561 19590 5434
562 19598 6476
563 19604 7522
564 19608 6844
565 19612 8062
566 19622 8410
567 19656 9248
568 19678 4066
569 19692 8474
570 19760 7618
571 19802 5670
572 19884 1100
573 19934 3980
574 20096 5458
575 20106 4448
576 20126 10962
577 20152 3372
578 20182 5164
579 20230 5260
580 20282 5036
581 20338 5194
582 20376 6054
583 20428 7690
584 20442 3006
585 20452 5286
586 20724 6156
587 20812 1044
588 20942 3216
589 20944 3804
590 21010 3412
591 21058 2816
592 21074 2534
593 21150 3550
594 21210 7622
595 21218 10014
596 21234 7840
597 21354 6380
598 21358 9564
599 21482 1734
600 21610 2646
601 21616 2588
602 21690 10018
603 21714 1974
604 21748 902
605 21822 4126
606 21848 3442
607 21884 5542
608 21920 5496
609 21934 7926
610 22034 7686
611 22114 5308
612 22156 1642
613 22208 5214
614 22222 7574
615 22342 7566
616 22376 2448
617 22384 1922
618 22422 9862
619 22426 5708
620 22484 4036
621 22516 1754
622 22590 3078
623 22590 5712
624 22654 5064
625 22678 5316
626 22698 2834
627 22718 428
628 22772 5746
629 22782 5930
630 22836 4036
631 22908 2752
632 22912 1540
633 22964 26
634 22968 3852
635 23032 3288
636 23066 7672
637 23130 11010
638 23212 3222
639 23304 2418
640 23358 1910
641 23362 3270
642 23394 7096
643 23458 3248
644 23556 7746
645 23584 2516
646 23606 5848
647 23754 1412
648 23782 6432
649 23906 5204
650 23920 8568
651 23984 6124
652 24030 6408
653 24064 7688
654 24096 7778
655 24106 1654
656 24120 1558
657 24148 6718
658 24198 972
659 24244 790
660 24250 6718
661 24296 7690
662 24298 8588
663 24306 880
664 24392 5690
665 24430 5190
666 24444 902
667 24454 4676
668 24566 4338
669 24656 1392
670 24678 5596
671 24700 724
672 24712 944
673 24738 3920
674 24750 944
675 24776 5990
676 24802 1218
677 24850 6148
678 24888 1592
679 24974 4468
680 24996 8580
681 25026 1144
682 25066 2302
683 25090 1502
684 25104 1516
685 25154 4192
686 25156 8596
687 25222 4656
688 25248 3158
689 25264 3788
690 25282 270
691 25306 8462
692 25334 2096
693 25366 2188
694 25376 7486
695 25404 5530
696 25448 7746
697 25464 5878
698 25480 3768
699 25542 8112
3 2 1 3 
6 166 35 7 3 0 343 
3 4 11 0 
4 5 6 0 1 
3 10 2 9 
4 16 20 21 3 
3 14 8 3 
3 24 13 1 
3 9 6 15 
3 4 8 19 
4 25 11 4 12 
4 26 80 2 10 
3 18 10 17 
3 29 7 24 
3 15 6 21 
3 22 8 14 
3 20 5 27 
3 18 12 23 
3 40 12 17 
3 30 9 22 
3 38 5 16 
3 28 14 5 
3 31 19 15 
3 17 30 41 
3 13 7 35 
3 37 26 10 
3 56 11 25 
3 36 16 29 
4 33 32 21 51 
3 27 13 43 
3 34 23 19 
3 34 22 32 
3 31 28 33 
3 44 32 28 
3 41 30 31 
5 97 79 43 24 1 
3 38 27 50 
3 49 25 40 
3 39 20 36 
3 53 38 42 
3 37 18 52 
3 23 34 45 
3 57 39 50 
3 47 29 35 
3 48 33 51 
3 52 41 46 
3 54 45 48 
3 50 43 65 
3 46 44 55 
3 66 37 62 
4 42 36 47 64 
3 44 28 53 
4 62 40 45 54 
4 68 55 51 39 
3 52 46 59 
4 63 61 48 53 
3 84 80 26 
3 58 42 109 
3 101 92 57 
3 71 54 60 
3 75 59 61 
3 74 60 55 
3 49 52 67 
3 72 73 55 
3 107 50 102 
3 102 47 79 
3 84 49 67 
3 66 62 71 
3 70 53 69 
3 83 68 77 
3 85 81 68 
3 67 59 76 
3 82 73 63 
5 90 93 74 63 72 
3 78 61 73 
3 76 60 78 
3 86 71 75 
3 99 69 92 
3 89 75 74 
4 116 65 35 97 
5 445 11 56 84 113 
3 88 82 70 
3 87 72 81 
3 85 69 91 
4 113 80 56 66 
3 94 70 83 
3 100 115 76 
3 96 82 88 
3 94 87 81 
3 106 95 78 
3 93 73 96 
3 98 83 99 
3 77 58 101 
3 106 73 90 
3 105 88 85 
3 110 100 89 
3 108 90 87 
3 79 35 166 
3 105 91 104 
3 103 91 77 
3 120 86 95 
3 92 58 132 
3 64 65 116 
3 104 99 118 
3 98 103 111 
3 108 94 98 
3 112 89 93 
3 109 64 136 
3 117 96 105 
3 57 107 136 
3 125 114 95 
3 123 104 118 
4 121 106 117 122 
4 80 84 115 152 
3 120 110 127 
3 113 86 138 
3 102 79 139 
3 112 108 119 
3 111 103 134 
3 117 123 122 
3 140 100 114 
3 125 112 124 
3 112 119 129 
3 119 111 126 
3 121 128 143 
3 127 110 121 
3 130 123 145 
3 114 125 131 
3 124 129 133 
3 128 122 130 
4 135 129 126 182 
3 141 127 150 
3 134 101 137 
3 143 128 135 
3 145 118 132 
4 151 133 130 142 
4 137 109 107 144 
3 146 132 136 
3 152 115 140 
3 116 167 149 
3 138 120 148 
3 153 131 157 
3 151 135 174 
3 156 124 133 
3 147 136 149 
3 126 134 158 
3 158 137 147 
3 163 146 144 
3 164 140 155 
3 144 139 167 
3 154 131 156 
3 173 135 142 
3 199 113 138 
3 155 141 165 
3 157 150 160 
3 148 153 159 
3 178 150 143 
3 170 141 154 
3 177 145 146 
3 161 155 162 
3 176 154 178 
3 192 164 159 
3 159 165 175 
3 171 147 169 
3 198 148 161 
3 162 153 168 
4 167 97 1 282 
6 187 172 169 149 139 166 
3 175 165 170 
3 163 167 172 
3 168 157 179 
3 206 184 163 
3 190 169 167 
3 180 151 200 
3 195 142 183 
3 194 162 168 
3 179 160 178 
3 181 158 184 
4 176 160 156 180 
3 170 176 185 
3 202 178 173 
4 214 188 182 177 
3 183 130 181 
3 186 174 182 
3 213 177 171 
3 196 179 202 
3 189 193 183 
3 328 232 167 
3 191 181 212 
3 193 186 191 
3 206 172 217 
3 197 189 188 
3 198 161 201 
3 203 186 189 
3 205 175 196 
3 200 174 204 
3 194 185 208 
3 203 191 210 
4 199 164 192 201 
4 445 152 198 220 
3 209 173 195 
3 198 192 205 
3 185 180 207 
3 204 193 197 
3 216 195 203 
3 252 201 194 
4 213 171 190 223 
3 211 202 209 
4 219 196 221 239 
3 207 200 222 
3 244 197 212 
3 249 221 207 
3 210 188 224 
3 215 184 206 
3 224 181 218 
3 230 218 213 
3 222 204 240 
3 225 190 232 
3 228 214 215 
3 251 208 256 
3 363 199 254 
3 234 208 211 
3 226 209 216 
3 227 206 225 
3 229 212 214 
4 248 223 217 245 
4 246 243 242 222 
3 233 241 223 
3 257 231 218 
3 235 224 231 
3 237 215 241 
3 265 229 228 
3 294 217 187 
3 241 227 255 
3 238 221 236 
3 265 247 229 
3 234 259 306 
3 264 257 230 
3 239 234 279 
3 208 238 279 
3 246 216 244 
5 250 230 227 233 263 
3 249 226 243 
3 242 226 267 
3 240 210 247 
3 291 225 294 
3 261 226 240 
3 258 244 235 
3 288 268 225 
3 259 211 242 
3 273 262 241 
3 280 252 219 
3 253 205 251 
3 254 252 293 
3 363 220 253 
3 260 233 268 
4 290 219 279 308 
3 275 228 237 
4 271 261 247 289 
3 236 249 281 
3 263 255 269 
3 267 246 258 
3 278 266 250 
3 273 241 260 
3 270 237 266 
3 286 235 231 
3 264 262 278 
3 243 261 272 
3 255 248 288 
3 284 260 288 
3 276 274 264 
3 297 272 258 
3 277 267 271 
3 278 250 263 
3 285 275 270 
3 287 257 274 
3 296 285 270 
3 301 283 272 
4 266 262 273 295 
4 256 239 238 308 
3 293 251 342 
3 259 283 306 
3 166 343 424 
3 281 277 306 
4 303 292 269 299 
4 314 305 274 276 
3 289 265 287 
3 300 286 275 
4 269 268 248 291 
3 298 258 286 
3 327 256 367 
4 307 299 288 245 
3 295 284 303 
3 324 253 280 
3 245 232 325 
3 313 278 292 
3 322 276 319 
3 301 271 304 
3 304 289 302 
3 320 284 291 
3 302 287 305 
3 306 277 297 
3 298 300 309 
3 312 292 284 
3 315 297 298 
4 310 300 285 311 
5 236 281 283 301 316 
3 326 291 325 
3 256 279 337 
3 330 302 310 
3 334 309 305 
3 336 305 314 
3 321 317 303 
4 339 318 295 317 
3 338 311 285 
3 335 316 304 
3 337 306 315 
3 332 313 312 
3 340 319 313 
3 322 296 318 
3 321 299 323 
3 354 312 320 
3 338 296 319 
3 320 331 329 
3 352 353 293 
3 307 294 328 
3 331 307 356 
3 348 342 290 
3 325 187 427 
3 351 323 355 
3 335 309 333 
3 323 326 355 
3 360 346 317 
3 374 330 334 
3 347 333 310 
3 364 315 330 
4 357 358 344 311 
3 345 308 316 
3 349 314 322 
3 341 313 346 
3 366 318 341 
3 379 340 339 
3 430 280 327 
3 633 282 1 
3 359 347 336 
3 361 337 350 
3 339 332 362 
3 380 334 344 
3 456 327 378 
3 357 338 369 
3 361 345 364 
3 383 329 397 
3 430 353 324 
3 432 324 352 
3 383 360 321 
3 329 331 389 
3 326 403 388 
3 375 336 349 
3 359 336 365 
4 368 372 344 358 
3 370 332 354 
3 371 345 350 
3 373 346 370 
3 432 220 254 
3 376 350 335 
3 358 375 399 
3 393 369 340 
3 378 290 371 
3 385 372 359 
3 393 349 366 
3 362 360 387 
3 367 361 377 
3 380 359 368 
3 379 362 384 
3 382 333 381 
3 365 357 393 
3 377 364 382 
4 371 376 401 428 
3 457 348 367 
3 390 341 373 
3 381 347 372 
3 386 374 380 
3 408 376 374 
4 387 354 351 414 
3 392 373 395 
3 391 368 402 
3 406 381 391 
3 395 370 383 
3 389 356 403 
3 396 355 388 
3 394 379 392 
3 417 386 385 
3 390 384 400 
5 398 375 369 366 394 
3 407 393 390 
3 384 387 410 
3 397 389 438 
3 414 351 396 
3 399 393 405 
3 402 365 398 
3 411 392 404 
3 428 377 413 
3 416 385 399 
3 388 356 427 
3 421 400 409 
3 415 398 407 
3 408 386 419 
3 405 394 412 
3 413 382 406 
3 404 410 429 
3 409 395 420 
3 412 400 421 
3 407 411 433 
3 431 401 408 
3 383 397 434 
3 422 416 405 
3 418 402 415 
3 419 391 418 
3 417 416 426 
4 425 406 417 436 
3 423 410 434 
3 411 404 435 
3 426 415 433 
3 452 429 420 
3 471 282 633 
3 431 419 449 
3 441 418 422 
4 453 403 328 471 
4 443 377 401 431 
3 440 409 423 
3 446 352 342 
4 428 413 425 450 
3 437 363 353 
3 422 412 455 
3 420 414 438 
3 421 440 439 
3 419 441 448 
3 445 432 442 
3 434 396 474 
3 455 435 470 
3 435 429 452 
3 436 426 459 
3 444 437 446 
4 447 428 454 465 
3 445 442 487 
6 80 199 437 444 557 637 
3 462 442 430 
3 463 443 489 
3 466 436 458 
3 450 425 461 
3 451 431 449 
3 454 450 464 
3 440 423 472 
4 540 522 474 427 
3 443 451 467 
4 459 433 439 475 
3 468 348 457 
3 456 378 463 
3 448 460 477 
3 460 441 455 
3 458 459 469 
3 464 449 466 
3 487 446 468 
3 491 457 447 
3 473 451 461 
3 480 443 478 
3 461 448 476 
3 478 454 473 
3 501 462 456 
3 460 484 485 
3 475 439 472 
3 690 427 424 
4 488 470 452 474 
3 486 467 464 
4 479 472 438 453 
3 483 455 470 
3 490 466 493 
3 493 458 492 
3 481 465 467 
3 517 508 474 
4 489 465 482 496 
3 482 478 486 
3 480 481 496 
3 484 475 488 
4 503 485 469 483 
3 494 469 484 
3 481 473 500 
4 444 462 501 535 
3 497 483 472 
3 498 447 480 
3 500 476 519 
3 499 463 495 
3 511 477 494 
3 476 477 519 
3 492 485 510 
3 491 498 506 
3 480 482 502 
3 507 488 514 
3 506 495 489 
4 538 491 515 525 
3 486 490 504 
3 487 468 532 
3 496 504 505 
3 510 484 507 
3 502 500 528 
3 509 502 524 
3 495 498 512 
3 503 497 518 
3 514 479 529 
3 516 513 505 
4 533 494 503 539 
3 523 492 533 
3 520 506 513 
3 520 512 509 
3 497 508 526 
3 499 530 525 
3 536 509 524 
3 521 479 522 
3 527 507 526 
3 490 493 523 
3 530 512 513 
3 545 529 517 
3 517 453 540 
3 528 519 511 
3 516 505 541 
3 499 515 544 
4 527 518 514 531 
3 537 518 526 
3 504 523 542 
3 531 508 521 
4 515 520 536 550 
3 526 529 546 
3 534 501 538 
3 542 511 510 
3 535 532 567 
3 557 487 534 
3 530 516 543 
3 539 527 551 
3 532 499 566 
3 555 510 537 
3 522 453 627 
3 548 524 554 
3 528 533 552 
3 550 536 547 
4 525 570 556 558 
3 572 546 521 
3 549 531 545 
3 543 548 560 
3 547 541 553 
3 551 546 572 
3 530 543 563 
3 592 537 549 
3 554 542 555 
3 561 548 575 
3 541 552 568 
5 577 559 552 539 584 
3 544 570 565 
5 445 535 576 618 637 
3 566 544 565 
3 573 568 555 
4 562 547 561 571 
3 560 553 578 
3 564 560 571 
3 570 550 564 
3 563 562 582 
3 558 556 596 
3 569 538 558 
3 576 534 569 
3 575 554 559 
3 598 567 566 
4 583 556 544 563 
3 562 560 574 
3 549 545 587 
3 575 559 577 
3 582 571 579 
4 553 568 573 589 
4 557 567 595 602 
3 590 573 555 
3 579 561 580 
3 574 578 581 
3 581 578 589 
3 585 579 580 
3 586 564 574 
3 596 570 594 
3 588 555 591 
3 607 586 581 
3 597 582 585 
3 599 572 604 
3 606 590 584 
3 580 575 593 
3 593 577 588 
3 584 592 600 
3 601 591 551 
3 605 589 590 
3 610 583 597 
3 602 576 598 
3 609 565 583 
3 594 586 619 
3 595 569 609 
3 603 587 612 
3 591 601 616 
3 600 592 603 
4 576 595 644 618 
3 601 599 617 
4 612 587 627 659 
3 608 593 606 
3 605 588 622 
4 619 585 608 611 
3 607 605 611 
3 598 596 610 
3 609 594 614 
3 607 608 613 
3 621 599 604 
3 611 620 624 
3 610 623 615 
3 636 614 629 
3 626 600 617 
3 616 603 621 
4 557 602 650 662 
3 623 597 607 
3 630 613 622 
3 617 612 632 
3 620 606 626 
3 614 619 625 
3 625 613 630 
3 628 623 624 
3 622 616 631 
3 604 540 690 
4 646 648 629 625 
3 642 615 628 
3 624 620 634 
3 635 626 639 
3 640 621 659 
3 690 424 343 
3 649 630 635 
3 634 631 638 
3 644 615 642 
4 445 557 686 691 
3 641 635 645 
3 645 631 640 
3 639 632 647 
3 668 638 643 
3 636 629 648 
3 673 641 655 
3 602 636 653 
3 638 639 656 
3 651 628 649 
3 640 659 658 
3 642 628 652 
3 646 634 667 
3 662 618 654 
4 652 646 665 664 
3 657 648 651 
3 654 644 657 
3 650 653 661 
3 643 656 669 
3 655 645 666 
3 660 653 652 
3 647 659 663 
6 663 658 647 632 604 671 
3 661 657 675 
3 680 654 660 
3 618 650 680 
3 666 658 659 
3 651 679 670 
3 651 667 679 
3 672 656 663 
3 665 649 668 
3 667 641 673 
3 678 655 676 
3 675 664 687 
3 674 659 690 
3 674 676 666 
3 668 643 688 
3 681 672 671 
3 677 660 670 
3 683 669 672 
3 694 675 697 
3 682 669 684 
3 664 665 685 
3 686 662 661 
3 683 674 690 
3 688 678 684 
3 684 676 681 
4 682 678 683 690 
3 687 679 689 
3 637 680 691 
3 695 670 685 
4 689 673 682 692 
3 695 685 688 
9 698 693 692 684 681 671 627 471 633 
3 637 686 699 
3 693 688 690 
3 698 692 690 
3 696 677 697 
3 697 687 689 
3 699 694 697 
6 699 696 694 677 695 698 
4 699 697 693 690 
4 691 696 697 698 
