1000
0 100 6176
1 126 878
2 188 6716
3 218 7608
4 238 6528
5 284 6690
6 368 358
7 416 5532
8 476 5422
9 566 7074
10 578 7658
11 586 6948
12 598 7672
13 670 1030
14 756 7800
15 856 4030
16 910 6980
17 942 1770
18 948 290
19 956 6562
20 982 7966
21 1032 6904
22 1070 6870
23 1104 2280
24 1130 2050
25 1174 1920
26 1206 296
27 1258 4690
28 1262 4390
29 1272 8894
30 1284 1906
31 1306 5360
32 1350 4328
33 1428 2314
34 1440 194
35 1466 2460
36 1524 752
37 1532 6164
38 1574 7074
39 1574 7372
40 1584 1528
41 1668 2126
42 1702 4502
43 1768 7052
44 1772 1590
45 1842 3254
46 1872 6504
47 1908 284
48 1914 5818
49 1928 4824
50 1954 688
51 1954 7326
52 2060 8974
53 2070 6108
54 2096 2320
55 2106 5420
56 2112 150
57 2252 6112
58 2260 1478
59 2292 1500
60 2298 6326
61 2306 5586
62 2312 7784
63 2322 10036
64 2348 7356
65 2406 6144
66 2428 5948
67 2452 8082
68 2470 5476
69 2484 8048
70 2498 6040
71 2522 356
72 2570 124
73 2574 6456
74 2580 6872
75 2586 4872
76 2596 6900
77 2634 2466
78 2672 7826
79 2742 2476
80 2744 6262
81 2754 6426
82 2780 4672
83 2802 6696
84 2844 6804
85 2852 4526
86 2878 5436
87 2904 7700
88 2964 4420
89 2964 6512
90 3126 4218
91 3164 4534
92 3264 6858
93 3274 5656
94 3276 5792
95 3352 7616
96 3404 8348
97 3440 6600
98 3444 1428
99 3502 7462
100 3566 7600
101 3614 8458
102 3624 5832
103 3626 9724
104 3628 10742
105 3634 2708
106 3636 11028
107 3708 2634
108 3792 110
109 3798 5754
110 3832 5766
111 3846 7894
112 3858 4066
113 3880 2242
114 3912 6604
115 3922 9696
116 4046 3700
117 4062 3748
118 4070 6154
119 4074 7312
120 4104 5798
121 4116 5610
122 4134 80
123 4146 8140
124 4208 3722
125 4224 5132
126 4230 6302
127 4234 660
128 4270 6502
129 4270 7378
130 4334 3072
131 4340 4112
132 4348 8758
133 4364 770
134 4380 3990
135 4384 4448
136 4396 3040
137 4404 7210
138 4502 6852
139 4516 7968
140 4528 4284
141 4534 5148
142 4558 876
143 4588 4576
144 4598 6430
145 4630 7116
146 4672 7384
147 4740 11460
148 4744 4550
149 4758 1452
150 4766 654
151 4790 906
152 4800 11564
153 4816 5146
154 4916 906
155 4918 960
156 4940 6748
157 4946 6276
158 4946 6520
159 5016 11800
160 5018 7864
161 5050 10608
162 5060 5116
163 5078 8000
164 5080 8650
165 5084 8620
166 5090 8518
167 5170 9894
168 5204 6864
169 5364 2648
170 5378 6762
171 5400 4412
172 5400 5882
173 5480 8268
174 5520 1068
175 5538 6912
176 5572 204
177 5596 996
178 5604 790
179 5606 2136
180 5780 2520
181 5788 10684
182 5790 5178
183 5794 11076
184 5798 5228
185 5798 10752
186 5830 7848
187 5854 6070
188 5866 6402
189 5974 7086
190 5982 6900
191 6004 6070
192 6008 462
193 6022 5854
194 6088 5118
195 6172 6406
196 6252 7834
197 6270 870
198 6276 11036
199 6294 8098
200 6378 1948
201 6428 8464
202 6450 3950
203 6464 9032
204 6514 9626
205 6578 8784
206 6596 8166
207 6606 3962
208 6610 9230
209 6656 9190
210 6656 10110
211 6674 9034
212 6686 11238
213 6690 11068
214 6708 8692
215 6714 7750
216 6724 1616
217 6746 10992
218 6762 4562
219 6770 8886
220 6800 10960
221 6806 162
222 6838 8782
223 6838 10164
224 6842 8950
225 6866 8170
226 6946 7490
227 6960 1564
228 7000 9292
229 7006 4546
230 7014 11426
231 7018 11150
232 7034 7422
233 7038 10904
234 7062 2222
235 7084 7554
236 7138 1226
237 7146 11178
238 7160 6376
239 7192 6898
240 7218 7080
241 7302 3178
242 7348 8058
243 7356 3548
244 7360 2848
245 7414 7110
246 7476 7102
247 7484 5516
248 7488 8050
249 7566 7304
250 7584 7046
251 7588 1738
252 7590 9844
253 7632 334
254 7658 4036
255 7668 3828
256 7680 9268
257 7696 6446
258 7728 6356
259 7766 9842
260 7774 4424
261 7780 4600
262 7788 4208
263 7790 2204
264 7874 4128
265 7882 9926
266 7914 7062
267 7918 4618
268 7920 8596
269 7994 4478
270 8034 1030
271 8060 3782
272 8112 9962
273 8114 5660
274 8126 5704
275 8132 10636
276 8150 7460
277 8210 1468
278 8218 4504
279 8232 9610
280 8328 830
281 8378 4114
282 8410 4664
283 8412 12064
284 8418 10282
285 8434 12042
286 8462 5238
287 8514 552
288 8526 1002
289 8526 1116
290 8540 2392
291 8574 1890
292 8590 1890
293 8604 4472
294 8704 5418
295 8782 2908
296 8798 11628
297 8822 2482
298 8872 3540
299 8894 5264
300 8904 6112
301 8982 2950
302 9040 2650
303 9040 8458
304 9084 4350
305 9138 2810
306 9172 3082
307 9194 1862
308 9208 9762
309 9276 616
310 9280 6306
311 9286 1048
312 9298 7558
313 9310 902
314 9338 848
315 9350 7558
316 9376 2632
317 9392 11518
318 9424 2912
319 9430 11570
320 9452 4288
321 9506 36
322 9506 11666
323 9512 3928
324 9512 10434
325 9514 1180
326 9514 10706
327 9548 9964
328 9556 7996
329 9560 5332
330 9620 2856
331 9632 4248
332 9644 2908
333 9670 7876
334 9678 4968
335 9700 3868
336 9714 132
337 9718 9828
338 9738 10236
339 9748 1038
340 9760 3688
341 9788 5404
342 9816 10064
343 9862 5748
344 9878 7560
345 9882 1208
346 9916 3902
347 9916 3992
348 9958 198
349 9960 7128
350 9964 106
351 10010 3110
352 10018 7816
353 10046 3406
354 10050 5400
355 10056 7678
356 10094 7914
357 10110 6656
358 10112 2564
359 10154 4964
360 10168 4314
361 10220 2926
362 10242 11102
363 10262 1790
364 10262 4512
365 10280 1132
366 10292 6564
367 10336 10708
368 10354 6416
369 10370 3098
370 10392 5106
371 10396 794
372 10444 5006
373 10446 1576
374 10448 4510
375 10486 3622
376 10496 3296
377 10496 6174
378 10514 126
379 10528 4442
380 10534 3226
381 10544 2854
382 10558 5110
383 10560 4830
384 10586 5304
385 10590 2906
386 10590 3466
387 10600 4380
388 10614 2148
389 10664 5686
390 10670 8776
391 10680 3736
392 10688 4646
393 10704 642
394 10714 6642
395 10776 1998
396 10784 2366
397 10784 3152
398 10814 4572
399 10868 3850
400 10886 4316
401 10928 1312
402 10968 6472
403 10970 3462
404 11018 1088
405 11048 5244
406 11090 1382
407 11152 3496
408 11162 1476
409 11216 3968
410 11272 2428
411 11332 1010
412 11354 2310
413 11386 2184
414 11392 3506
415 11400 3130
416 11420 2276
417 11460 9616
418 11464 3398
419 11482 4292
420 11510 3638
421 11518 4872
422 11544 370
423 11550 194
424 11558 2576
425 11564 1928
426 11570 986
427 11586 1494
428 11596 5920
429 11598 786
430 11616 1052
431 11616 1656
432 11648 5058
433 11660 2236
434 11670 3666
435 11696 5054
436 11698 5964
437 11716 872
438 11740 6444
439 11760 684
440 11764 8782
441 11792 4270
442 11806 2734
443 11814 3112
444 11824 1090
445 11830 6240
446 11840 1148
447 11846 5952
448 11876 4050
449 11882 1276
450 11910 5412
451 11916 4940
452 11920 5598
453 11924 3760
454 11928 842
455 11940 4336
456 12014 2844
457 12030 3484
458 12036 858
459 12116 4794
460 12130 10710
461 12142 9834
462 12148 1834
463 12212 842
464 12232 7928
465 12242 5192
466 12246 3100
467 12254 4676
468 12284 2298
469 12286 2060
470 12304 3840
471 12376 8116
472 12402 5188
473 12432 3048
474 12432 3500
475 12462 5570
476 12480 5142
477 12494 6906
478 12504 5160
479 12586 8850
480 12594 5656
481 12594 6794
482 12598 2032
483 12622 5522
484 12642 4928
485 12644 2202
486 12654 3106
487 12676 2834
488 12750 8664
489 12782 8528
490 12894 10574
491 12966 2346
492 12968 2192
493 13000 2356
494 13008 3958
495 13032 8438
496 13036 8334
497 13046 11442
498 13054 10648
499 13062 1468
500 13074 5956
501 13080 7002
502 13102 5456
503 13112 6238
504 13120 4368
505 13120 8286
506 13140 3722
507 13156 1260
508 13182 8544
509 13212 2612
510 13222 254
511 13250 7272
512 13274 4516
513 13276 4338
514 13284 8748
515 13306 5004
516 13328 3260
517 13338 7754
518 13352 7740
519 13358 4128
520 13380 5384
521 13384 3240
522 13402 2418
523 13406 5830
524 13446 5080
525 13472 2220
526 13474 8872
527 13504 890
528 13522 7474
529 13536 1514
530 13550 12380
531 13568 5162
532 13574 544
533 13608 6270
534 13622 3762
535 13634 3758
536 13652 12070
537 13672 5224
538 13708 12114
539 13712 6368
540 13722 6378
541 13778 5876
542 13806 6186
543 13814 1326
544 13816 5280
545 13830 626
546 13842 3002
547 13858 2338
548 13868 2378
549 13902 196
550 13914 5868
551 13918 5474
552 13930 2116
553 13934 2238
554 13944 2106
555 13950 5212
556 13964 4786
557 13988 4562
558 13998 1726
559 14002 2476
560 14084 5832
561 14094 5550
562 14100 4714
563 14102 1166
564 14144 6136
565 14154 390
566 14156 5050
567 14178 894
568 14178 6002
569 14206 4864
570 14226 2674
571 14284 5362
572 14290 6720
573 14306 3616
574 14320 2876
575 14364 10840
576 14372 4706
577 14376 3432
578 14388 7998
579 14392 4728
580 14422 1222
581 14444 3392
582 14452 3026
583 14454 3248
584 14502 11346
585 14506 2748
586 14510 4534
587 14528 7678
588 14538 2944
589 14706 7848
590 14726 2794
591 14730 1828
592 14734 11754
593 14754 6812
594 14760 5884
595 14824 174
596 14826 5010
597 14844 13196
598 14848 2770
599 14850 2092
600 14858 6458
601 14906 1506
602 14910 1878
603 14950 3554
604 14966 794
605 14972 8172
606 14976 432
607 14976 13146
608 14994 468
609 15026 1948
610 15038 3776
611 15050 4548
612 15056 2534
613 15082 1528
614 15120 8156
615 15136 7666
616 15148 2356
617 15172 12972
618 15190 9338
619 15202 2752
620 15204 3752
621 15208 4510
622 15210 7494
623 15218 9562
624 15234 12978
625 15240 4708
626 15244 7678
627 15258 1850
628 15288 3114
629 15316 7670
630 15330 5478
631 15352 1612
632 15360 3938
633 15412 4072
634 15416 13684
635 15426 1580
636 15432 1362
637 15492 2798
638 15506 2304
639 15520 5892
640 15532 64
641 15532 5780
642 15572 2574
643 15580 7652
644 15586 2182
645 15606 8010
646 15610 2836
647 15672 64
648 15676 142
649 15690 2540
650 15690 4998
651 15720 5136
652 15732 2822
653 15756 5816
654 15770 2772
655 15770 8150
656 15772 2760
657 15778 6254
658 15792 11696
659 15850 11542
660 15904 7516
661 15906 8958
662 15914 11798
663 15932 2598
664 15942 3240
665 15998 5006
666 16010 8676
667 16048 5666
668 16058 4998
669 16080 6254
670 16082 10054
671 16110 5576
672 16126 6154
673 16172 6544
674 16190 11718
675 16246 4410
676 16284 3494
677 16290 11622
678 16312 3994
679 16314 5842
680 16320 5460
681 16346 4298
682 16386 2816
683 16396 11884
684 16404 5136
685 16404 6332
686 16456 4866
687 16468 4334
688 16478 7220
689 16492 3938
690 16574 6402
691 16640 5642
692 16652 4450
693 16696 1018
694 16700 5236
695 16706 6174
696 16744 12586
697 16758 3772
698 16806 212
699 16834 3584
700 16898 7700
701 16990 2904
702 17002 5642
703 17014 2174
704 17026 3810
705 17112 9110
706 17176 3378
707 17198 11312
708 17202 9172
709 17204 11674
710 17220 1922
711 17228 6434
712 17244 12434
713 17256 9842
714 17268 6492
715 17354 938
716 17356 884
717 17362 10920
718 17364 208
719 17388 8262
720 17430 4816
721 17440 6972
722 17446 6834
723 17488 5746
724 17498 4724
725 17552 2692
726 17582 1988
727 17584 2010
728 17624 5732
729 17644 7682
730 17652 7096
731 17676 5530
732 17730 2162
733 17732 2240
734 17756 5782
735 17790 9362
736 17792 5126
737 17798 3730
738 17800 9648
739 17898 3248
740 17902 2240
741 17920 212
742 17920 782
743 17926 3578
744 17958 8756
745 17978 9654
746 17990 3922
747 18004 626
748 18014 5162
749 18048 9118
750 18076 8802
751 18112 2628
752 18112 7220
753 18148 8036
754 18216 8006
755 18286 6502
756 18328 4464
757 18432 12044
758 18446 6866
759 18446 7572
760 18448 3004
761 18468 5632
762 18486 7460
763 18500 10544
764 18506 2356
765 18512 9972
766 18524 3072
767 18544 6450
768 18574 6970
769 18608 1036
770 18608 6380
771 18612 9646
772 18624 4210
773 18644 1604
774 18656 686
775 18658 4416
776 18674 5680
777 18702 138
778 18768 6852
779 18806 8450
780 18822 5526
781 18846 6408
782 18856 8590
783 18878 9206
784 18914 1050
785 18916 5646
786 18940 8404
787 18958 7784
788 19006 4604
789 19038 3664
790 19066 3222
791 19076 3030
792 19088 5646
793 19138 5796
794 19168 3140
795 19190 3180
796 19228 5910
797 19244 3158
798 19252 240
799 19266 4450
800 19288 548
801 19290 228
802 19350 8418
803 19366 3132
804 19442 2376
805 19468 8176
806 19506 7526
807 19510 6140
808 19528 6076
809 19528 7300
810 19532 7316
811 19612 8258
812 19690 6044
813 19706 7142
814 19742 9804
815 19752 5312
816 19808 6234
817 19876 2074
818 19880 6396
819 19902 3850
820 19924 1130
821 19954 9812
822 19956 3220
823 19956 9658
824 19988 9354
825 20006 2842
826 20048 5908
827 20152 5628
828 20172 3916
829 20208 7826
830 20230 5730
831 20270 11504
832 20378 5928
833 20420 11056
834 20546 4788
835 20554 5180
836 20652 5086
837 20654 2514
838 20658 2412
839 20676 4810
840 20686 6094
841 20692 104
842 20694 11178
843 20700 3190
844 20724 5776
845 20734 1060
846 20764 11198
847 20874 4804
848 20894 1110
849 20894 1730
850 20920 6010
851 20930 9020
852 20968 5908
853 21018 5554
854 21058 2806
855 21084 2398
856 21112 5738
857 21240 5332
858 21244 2778
859 21248 3556
860 21250 2568
861 21268 5944
862 21308 6102
863 21312 7890
864 21314 5380
865 21338 5070
866 21342 3588
867 21344 3312
868 21360 7662
869 21378 6200
870 21426 6204
871 21430 7568
872 21438 4252
873 21460 1986
874 21484 8616
875 21492 6026
876 21500 9020
877 21550 2464
878 21598 4818
879 21602 5844
880 21656 8478
881 21710 2598
882 21730 5870
883 21760 5998
884 21856 12346
885 21962 5384
886 22028 4000
887 22038 24
888 22046 5256
889 22092 3942
890 22098 5300
891 22130 80
892 22138 4038
893 22158 6712
894 22162 6014
895 22190 3644
896 22192 8082
897 22218 1934
898 22268 7662
899 22286 1354
900 22300 5278
901 22420 3854
902 22426 7652
903 22436 1986
904 22564 5638
905 22592 3482
906 22596 3184
907 22612 2516
908 22624 11918
909 22630 444
910 22664 2536
911 22708 2726
912 22762 11824
913 22764 360
914 22776 2642
915 22822 2624
916 22862 608
917 22868 2818
918 22900 962
919 22922 538
920 22932 5786
921 22964 3798
922 22974 3240
923 22998 8240
924 23028 2726
925 23076 3578
926 23174 796
927 23192 8246
928 23218 6428
929 23232 2418
930 23250 3618
931 23258 5800
932 23298 2632
933 23344 3376
934 23360 7592
935 23370 9538
936 23376 3192
937 23426 1260
938 23430 682
939 23448 3332
940 23532 2048
941 23534 3646
942 23560 7374
943 23664 8380
944 23666 2476
945 23706 7762
946 23744 2620
947 23754 3772
948 23758 7716
949 23936 952
950 23958 7888
951 24028 1108
952 24056 60
953 24118 316
954 24154 6280
955 24164 1060
956 24260 1000
957 24266 8586
958 24288 1216
959 24354 1826
960 24364 1154
961 24370 2294
962 24410 998
963 24422 1044
964 24480 4344
965 24526 6300
966 24552 180
967 24564 7632
968 24604 1470
969 24610 456
970 24718 160
971 24762 7642
972 24774 830
973 24776 652
974 24802 5976
975 24824 2548
976 24828 2044
977 24836 834
978 24866 252
979 24868 934
980 24900 6900
981 24914 1624
982 24926 1624
983 24974 2990
984 25030 2430
985 25070 4812
986 25086 2684
987 25142 4550
988 25152 3916
989 25166 2994
990 25238 4264
991 25256 3276
992 25272 6782
993 25278 7042
994 25350 5866
995 25376 7390
996 25376 7726
997 25392 3656
998 25470 2586
999 25506 7230
4 4 2 3 1 
2 0 6 
3 3 0 5 
5 10 14 29 0 2 
3 5 0 7 
3 9 2 4 
4 13 1 34 18 
3 4 17 8 
3 11 7 15 
3 10 5 11 
3 12 3 9 
3 9 8 19 
3 14 10 16 
3 25 17 6 
4 20 3 12 38 
3 27 8 23 
3 12 19 21 
3 24 7 13 
3 26 6 56 
3 16 11 31 
3 52 14 39 
3 38 16 22 
3 21 37 46 
3 28 15 24 
3 35 23 17 
3 35 13 30 
3 36 18 47 
3 31 15 28 
3 27 23 32 
2 63 3 
4 33 25 40 44 
3 37 19 27 
3 42 28 45 
4 54 35 30 41 
2 6 56 
5 112 45 24 25 33 
3 40 26 50 
3 22 31 48 
3 14 21 43 
4 62 20 43 51 
3 44 30 36 
3 54 33 59 
3 85 49 32 
3 39 38 73 
3 30 40 58 
3 90 32 35 
3 22 53 60 
4 71 50 26 176 
3 53 37 55 
3 75 55 42 
3 58 36 47 
3 64 39 74 
4 103 104 20 67 
3 57 46 48 
3 77 33 41 
3 61 48 49 
3 18 34 72 
3 60 53 61 
3 59 44 50 
3 41 58 98 
4 73 46 57 65 
3 57 55 68 
3 78 67 39 
3 104 106 29 
3 87 51 76 
3 60 66 70 
3 65 68 82 
3 52 62 69 
3 66 61 75 
3 96 67 78 
3 80 65 86 
3 127 47 176 
3 56 122 108 
3 43 60 81 
3 76 51 83 
3 68 49 82 
3 64 74 84 
3 79 117 54 
3 69 62 87 
3 105 77 98 
3 81 70 94 
3 89 73 80 
3 66 75 85 
3 84 74 89 
3 92 76 83 
3 82 42 88 
3 93 70 91 
3 78 64 95 
3 91 85 90 
3 97 83 81 
3 135 88 45 
3 125 86 88 
3 99 84 97 
3 94 86 125 
3 102 80 93 
3 87 99 100 
3 101 69 111 
3 114 92 89 
3 79 59 133 
3 100 95 92 
3 111 95 99 
3 103 96 123 
3 118 94 109 
4 147 52 101 115 
3 152 63 52 
3 116 79 107 
2 159 63 
3 130 105 113 
3 221 72 321 
3 110 102 121 
3 120 118 109 
3 123 96 100 
3 131 135 35 
3 107 133 142 
3 119 97 128 
3 147 103 132 
3 124 117 105 
3 131 77 116 
3 126 102 110 
3 129 123 114 
3 157 110 121 
3 120 109 141 
2 72 321 
5 101 111 119 129 139 
3 134 116 130 
3 141 93 91 
3 144 128 118 
3 133 71 150 
3 138 114 126 
3 123 119 137 
3 124 107 136 
3 140 112 117 
3 115 139 164 
4 142 113 98 127 
3 171 140 124 
3 143 90 112 
3 130 149 169 
3 129 138 145 
3 137 128 156 
3 132 123 146 
3 148 131 134 
3 121 125 153 
3 151 113 133 
3 162 135 148 
3 158 156 126 
3 146 137 168 
3 160 139 145 
3 152 103 115 
3 182 143 140 
3 136 151 155 
3 178 127 192 
3 154 149 142 
5 159 104 147 161 183 
3 172 141 162 
3 155 151 178 
3 174 149 154 
3 168 138 144 
3 158 120 172 
3 170 144 157 
5 283 634 106 152 230 
3 163 146 186 
3 185 152 167 
3 184 153 143 
3 173 166 160 
3 167 132 165 
3 204 164 166 
3 204 165 163 
3 181 161 164 
3 175 145 156 
3 136 179 180 
3 175 158 188 
3 182 134 202 
3 187 157 153 
3 201 203 163 
3 179 155 177 
3 189 168 170 
4 192 71 47 221 
3 216 174 178 
4 197 177 154 150 
3 180 169 174 
4 202 169 179 200 
3 198 185 167 
4 184 148 171 194 
3 152 185 198 
3 193 162 182 
4 198 183 161 181 
3 199 160 196 
3 191 188 172 
3 190 170 187 
4 226 175 190 240 
3 189 188 195 
3 195 187 193 
3 150 176 253 
3 238 191 184 
3 247 182 218 
3 239 190 191 
3 199 186 215 
3 270 236 178 
4 212 183 185 181 
3 201 186 196 
3 234 180 216 
4 205 173 199 206 
3 207 171 180 
3 208 173 205 
4 210 165 166 208 
3 203 201 214 
3 225 201 215 
3 218 202 241 
3 204 203 209 
3 228 208 211 
3 223 213 204 
3 209 214 219 
5 230 198 213 231 237 
3 212 210 217 
5 222 219 211 205 225 
3 206 196 226 
4 251 200 177 227 
3 213 223 220 
3 194 207 229 
3 224 211 214 
3 217 265 233 
3 176 108 336 
3 224 214 242 
3 217 210 252 
3 228 219 222 
3 214 206 235 
3 215 189 232 
3 251 216 236 
3 252 209 224 
3 261 218 243 
3 296 159 212 
3 237 212 233 
4 235 226 245 246 
3 231 220 275 
3 244 200 263 
3 242 225 232 
3 277 227 197 
3 319 212 231 
3 257 239 193 
3 240 195 238 
3 245 189 239 
3 243 207 244 
3 222 235 248 
4 255 254 229 241 
3 295 241 234 
3 232 240 246 
3 232 245 250 
3 273 258 194 
3 256 242 249 
3 248 250 266 
3 249 246 257 
3 291 216 227 
3 223 228 259 
3 287 192 336 
3 262 260 243 
3 262 243 271 
3 259 248 268 
3 250 238 258 
3 257 247 274 
4 265 252 256 279 
3 261 254 262 
3 267 229 260 
5 269 260 254 255 264 
3 290 234 291 
3 262 271 281 
3 272 220 259 
3 276 249 300 
3 286 261 269 
3 256 276 312 
3 278 267 262 
3 277 197 280 
3 264 255 298 
3 327 284 265 
3 274 247 286 
3 258 273 294 
3 317 233 284 
3 312 268 266 
3 291 236 270 
3 282 269 293 
3 308 259 303 
4 288 289 270 287 
3 304 264 323 
3 299 278 293 
3 634 159 285 
3 324 275 272 
3 530 283 296 
3 294 273 267 
3 309 280 253 
3 289 280 313 
3 292 280 288 
3 297 263 292 
4 292 263 251 277 
4 290 291 289 311 
3 282 278 304 
5 300 274 286 299 329 
3 301 244 305 
3 322 285 230 
3 302 290 307 
3 340 271 306 
3 294 282 334 
3 310 266 294 
3 306 295 318 
3 305 297 307 
3 279 315 328 
3 293 281 320 
5 318 295 302 307 316 
3 351 298 301 
4 305 302 297 311 
3 337 327 279 
3 314 287 336 
3 315 300 343 
3 307 292 313 
3 315 268 276 
3 311 288 314 
3 325 313 309 
4 303 312 310 349 
3 330 305 325 
3 319 275 326 
3 301 305 332 
4 322 237 317 362 
3 364 304 331 
5 640 350 108 122 887 
3 536 296 319 
3 331 281 335 
3 326 284 338 
3 316 314 339 
3 367 317 324 
3 342 272 308 
3 337 303 333 
3 341 294 370 
3 332 316 358 
3 360 320 323 
3 361 318 330 
3 328 344 352 
3 299 364 359 
3 347 323 340 
4 309 253 221 350 
3 342 308 328 
3 324 342 417 
3 345 325 348 
4 346 335 298 353 
3 343 329 354 
4 338 327 337 390 
3 357 310 341 
3 352 333 349 
4 373 363 339 365 
3 347 340 375 
3 360 335 346 
3 371 339 350 
3 344 315 357 
4 378 348 336 321 
3 353 306 369 
4 356 333 344 355 
3 340 351 376 
3 368 341 384 
3 352 366 394 
3 440 390 352 
3 349 343 366 
3 330 363 396 
3 372 334 374 
3 387 331 347 
3 369 332 381 
3 497 319 367 
3 388 358 345 
3 334 320 374 
4 401 345 371 404 
3 355 357 368 
3 460 362 326 
3 366 354 377 
3 380 351 361 
3 382 329 372 
3 365 348 393 
3 370 359 383 
3 395 345 408 
3 359 364 379 
3 391 346 386 
3 386 353 380 
3 394 368 389 
3 549 423 350 
3 383 374 387 
4 403 376 369 397 
3 385 361 410 
3 384 370 392 
3 372 379 392 
3 389 354 382 
3 415 397 381 
3 375 376 403 
3 379 360 400 
3 396 363 395 
3 377 384 405 
3 417 342 356 
3 399 375 407 
4 382 383 400 398 
3 371 423 422 
4 355 377 428 402 
3 413 388 373 
3 358 388 412 
3 407 380 385 
3 405 392 400 
3 409 400 391 
5 421 398 392 387 399 
3 406 365 404 
3 394 436 438 
3 407 386 380 
3 401 365 411 
3 389 398 432 
3 427 408 401 
4 414 391 403 397 
3 425 373 406 
3 419 399 420 
3 424 381 412 
4 430 404 429 426 
3 410 396 416 
3 433 416 395 
3 420 407 418 
3 418 385 443 
3 424 412 413 
3 461 338 390 
3 414 415 466 
3 421 409 441 
3 434 409 414 
3 432 400 419 
4 439 429 393 423 
4 510 422 393 378 
3 442 410 416 
3 433 408 431 
3 430 411 437 
3 431 406 449 
3 436 394 452 
3 411 422 439 
3 446 411 426 
3 462 425 427 
3 405 421 435 
3 456 413 425 
3 453 420 457 
3 450 432 441 
4 402 428 475 447 
4 444 426 439 454 
3 464 402 445 
4 454 437 429 422 
3 461 356 464 
3 435 419 448 
3 456 443 424 
3 415 442 466 
3 446 437 458 
3 477 438 447 
3 449 430 444 
3 445 436 480 
3 451 441 453 
3 462 427 446 
4 452 435 451 465 
3 450 448 455 
3 428 450 472 
4 470 455 448 434 
3 458 437 439 
3 459 451 453 
3 466 442 433 
3 474 434 473 
3 444 454 463 
3 465 455 467 
3 497 367 490 
3 490 417 440 
3 469 431 449 
3 507 458 510 
3 471 440 438 
3 450 459 472 
5 418 443 456 468 473 
3 484 459 470 
3 466 469 485 
3 468 462 482 
3 467 453 474 
3 489 479 464 
3 452 465 476 
3 457 466 487 
3 470 457 486 
3 436 478 483 
3 478 472 484 
4 501 496 445 481 
3 475 476 512 
3 498 471 488 
3 447 483 502 
3 477 500 503 
3 485 469 499 
3 480 475 515 
3 476 467 504 
3 468 482 492 
3 494 474 487 
3 486 473 491 
3 514 479 489 
3 488 471 495 
3 498 460 461 
3 493 487 492 
3 491 485 499 
3 522 509 491 
3 504 486 506 
3 508 489 496 
3 495 477 505 
3 592 362 460 
3 584 490 479 
3 492 482 507 
3 481 520 523 
3 511 477 540 
3 480 531 520 
3 533 481 523 
3 484 494 513 
3 508 496 517 
3 519 494 516 
3 499 463 527 
3 514 495 505 
3 516 493 522 
4 532 463 423 549 
3 528 517 501 
3 515 478 513 
3 512 504 519 
3 526 488 508 
3 524 483 512 
3 506 509 521 
3 505 511 518 
3 578 517 528 
3 513 506 534 
3 500 502 537 
3 534 516 522 
4 521 509 493 525 
3 503 500 544 
3 531 515 556 
3 547 522 529 
3 623 575 514 
3 529 507 532 
3 587 518 511 
3 525 527 543 
3 597 285 538 
3 502 524 579 
3 545 527 510 
3 539 503 541 
3 519 521 535 
3 557 534 546 
3 538 322 592 
3 544 520 569 
3 617 530 536 
3 540 533 542 
3 572 501 539 
3 533 551 550 
3 539 550 564 
3 558 529 545 
3 523 537 555 
3 543 532 549 
3 573 535 548 
3 548 525 552 
4 559 546 547 553 
5 565 545 510 378 595 
3 542 541 560 
3 561 541 555 
3 547 558 554 
3 559 548 554 
3 553 552 563 
3 551 544 566 
3 524 557 562 
3 562 556 535 
3 552 543 563 
3 570 548 553 
3 568 550 561 
3 560 551 571 
3 556 557 576 
4 554 558 565 567 
3 600 542 568 
4 604 567 563 549 
3 571 555 569 
3 580 563 565 
3 564 560 594 
3 566 537 579 
3 585 574 559 
3 594 561 566 
3 593 615 540 
3 586 546 577 
3 582 577 570 
3 659 584 526 
3 579 562 586 
3 573 574 581 
3 605 518 589 
4 596 569 531 576 
3 601 591 567 
3 611 577 583 
3 583 574 588 
3 603 581 582 
3 592 498 575 
3 590 588 570 
3 611 576 573 
3 589 528 615 
3 582 585 590 
3 578 587 626 
4 588 585 599 598 
3 602 599 580 
4 536 497 584 658 
3 622 572 600 
3 639 568 571 
3 606 549 648 
3 630 579 625 
3 634 530 607 
3 590 612 619 
3 612 590 591 
3 593 564 657 
3 613 602 580 
3 609 591 601 
3 610 583 628 
3 613 565 608 
3 618 578 614 
3 693 608 595 
3 634 597 617 
4 693 636 604 606 
3 616 602 627 
4 621 603 664 620 
3 625 586 581 
4 642 598 599 616 
3 631 601 604 
3 618 605 645 
3 626 587 572 
3 612 609 638 
3 624 607 538 
3 623 605 614 
3 637 598 642 
3 632 610 676 
3 625 610 633 
3 643 629 593 
3 670 526 618 
3 634 617 662 
4 650 596 611 621 
3 589 615 629 
3 644 609 631 
3 603 637 646 
3 626 622 643 
3 641 596 651 
3 627 613 635 
3 678 633 620 
3 675 621 632 
8 159 283 597 607 624 696 712 884 
3 710 631 636 
3 635 608 693 
4 646 628 619 656 
3 649 616 644 
3 657 594 641 
3 647 648 321 
3 653 639 630 
3 619 612 649 
4 645 629 622 660 
3 638 627 703 
3 655 614 643 
3 628 637 652 
3 777 640 887 
3 698 595 640 
3 663 642 638 
3 665 651 625 
3 630 650 665 
3 664 646 654 
3 672 641 667 
3 682 652 656 
3 661 645 660 
3 654 637 663 
3 669 600 639 
3 662 592 659 
4 662 658 575 670 
3 655 643 673 
3 670 655 666 
4 624 658 659 674 
3 656 649 733 
3 676 610 652 
4 651 650 675 668 
3 705 661 688 
3 672 653 671 
3 684 665 686 
3 673 657 672 
4 659 623 661 708 
3 667 684 680 
4 669 653 667 679 
3 660 669 685 
3 683 662 677 
3 665 633 681 
3 699 620 664 
3 674 713 707 
3 681 632 689 
3 685 672 680 
4 691 679 671 694 
3 687 675 678 
3 701 654 725 
3 696 674 709 
3 694 671 668 
3 690 673 679 
3 668 692 720 
3 692 681 689 
3 700 666 690 
3 687 678 697 
3 688 685 695 
3 702 695 680 
3 686 687 704 
5 769 636 608 606 715 
3 680 684 736 
3 711 690 691 
3 634 683 712 
3 704 689 699 
3 716 648 718 
3 697 676 706 
3 719 688 721 
3 766 706 682 
3 723 691 731 
3 733 644 732 
3 692 697 737 
4 708 666 719 753 
3 699 701 739 
3 709 677 717 
4 713 670 705 744 
5 683 707 717 763 833 
3 726 727 635 
3 714 695 723 
3 634 696 757 
3 677 708 735 
3 755 722 711 
3 769 693 716 
3 715 698 742 
3 709 707 738 
3 741 698 777 
3 705 700 729 
3 736 686 724 
3 730 700 722 
3 721 714 755 
3 711 702 728 
4 720 737 746 756 
3 760 682 751 
3 727 710 773 
3 732 710 726 
3 734 723 731 
3 753 719 730 
3 752 729 721 
3 728 702 748 
3 740 703 727 
3 740 663 703 
3 770 728 761 
3 738 713 749 
3 748 694 720 
3 724 704 743 
3 745 717 735 
3 743 706 766 
3 764 733 732 
3 747 718 777 
3 784 716 747 
3 746 737 739 
3 750 708 754 
3 765 738 771 
3 724 743 790 
3 774 742 741 
3 731 736 788 
3 735 750 779 
3 749 744 759 
3 791 725 764 
3 759 730 758 
3 705 729 754 
3 744 753 759 
3 722 714 767 
3 724 772 775 
3 712 842 831 
3 768 752 767 
4 750 754 752 762 
3 794 766 725 
3 776 734 780 
3 779 759 768 
3 709 765 814 
3 804 751 740 
3 763 745 771 
4 790 739 701 760 
3 758 755 770 
3 762 758 778 
3 784 693 715 
3 781 767 734 
3 765 745 783 
3 775 756 789 
3 817 726 820 
3 820 747 800 
3 799 756 772 
3 796 761 785 
6 801 798 741 718 647 841 
3 787 768 781 
3 782 749 762 
3 785 761 788 
3 778 770 807 
3 783 779 786 
3 814 771 782 
3 820 769 742 
4 792 793 776 780 
3 802 782 787 
3 786 778 806 
3 780 748 799 
3 819 772 795 
3 746 766 795 
3 794 751 838 
3 793 785 815 
3 796 785 792 
3 797 760 791 
3 789 790 797 
3 808 776 793 
3 795 794 803 
3 800 777 801 
3 788 775 828 
3 845 774 798 
3 798 777 841 
3 823 786 805 
3 822 797 825 
3 838 764 817 
3 811 802 806 
3 805 787 809 
3 809 781 808 
3 807 796 812 
3 810 806 807 
3 811 809 813 
3 824 805 810 
3 816 808 826 
3 829 810 818 
3 821 763 783 
3 827 792 834 
4 818 812 826 832 
3 804 773 849 
3 813 816 840 
3 828 789 822 
4 773 784 774 845 
3 833 814 823 
3 819 803 843 
4 821 802 824 851 
3 823 811 829 
3 803 837 854 
3 816 812 830 
3 830 815 835 
4 834 799 819 859 
3 824 813 869 
3 826 827 865 
3 884 757 846 
3 816 853 844 
3 842 709 821 
3 839 815 828 
3 827 839 836 
3 835 847 886 
3 860 825 838 
4 837 791 804 855 
3 835 834 847 
3 818 844 850 
3 801 777 887 
3 846 757 833 
3 859 822 854 
3 840 832 853 
3 848 820 800 
4 884 831 842 876 
3 836 839 872 
3 849 845 909 
3 873 817 848 
3 862 840 852 
3 876 823 863 
3 850 853 856 
4 852 844 832 857 
3 843 825 858 
4 877 838 873 897 
4 879 861 852 864 
3 864 853 865 
3 867 854 860 
3 866 828 843 
3 881 858 837 
3 875 862 856 
3 869 850 861 
3 874 851 868 
3 885 856 857 
4 888 857 830 878 
3 872 859 867 
3 866 858 881 
3 863 870 871 
3 870 829 862 
3 868 869 875 
3 868 883 893 
3 847 866 895 
3 855 849 899 
3 876 863 880 
3 870 861 879 
4 846 851 874 923 
3 907 881 855 
3 888 865 886 
3 882 875 856 
3 874 898 896 
4 911 867 860 877 
3 883 879 885 
3 894 871 882 
4 634 831 846 908 
3 882 864 890 
3 878 836 889 
5 952 891 841 647 321 
3 890 865 878 
3 892 886 895 
3 885 888 900 
3 913 909 887 
3 900 889 901 
3 898 871 894 
3 893 883 904 
3 889 872 906 
3 923 880 902 
3 903 855 937 
3 880 893 902 
3 873 916 918 
3 904 890 892 
3 892 905 921 
3 896 898 934 
3 907 897 937 
3 920 894 900 
3 925 901 906 
4 922 905 895 917 
3 910 877 903 
3 884 935 912 
3 916 848 891 
3 914 907 951 
4 917 881 914 915 
2 908 996 
3 919 891 953 
3 911 910 915 
3 911 914 929 
3 899 909 919 
3 906 911 924 
3 899 919 926 
4 926 918 916 913 
3 931 928 904 
3 931 901 930 
3 933 906 936 
3 927 876 896 
3 917 929 932 
3 930 905 933 
3 918 919 938 
3 935 923 934 
3 942 920 954 
3 924 915 940 
3 941 921 925 
3 954 920 921 
3 936 924 944 
3 925 922 939 
3 927 902 942 
4 908 927 943 957 
3 939 922 932 
3 903 897 949 
3 949 926 953 
4 941 933 936 946 
3 929 955 958 
3 947 930 939 
3 945 934 928 
3 935 945 950 
3 946 932 959 
3 943 942 948 
3 939 944 961 
3 987 964 941 
3 950 945 965 
4 955 951 937 938 
3 943 948 967 
3 910 949 955 
3 970 966 887 
3 938 913 966 
3 965 928 931 
4 940 951 949 956 
3 955 969 962 
3 935 971 996 
3 940 963 960 
3 944 968 981 
3 968 958 963 
3 975 946 976 
3 963 956 972 
4 968 960 958 962 
3 987 985 947 
3 948 954 974 
3 953 952 970 
3 971 950 980 
4 981 959 960 963 
3 973 956 970 
4 978 969 966 952 
3 957 967 993 
3 977 962 973 
3 972 969 978 
3 980 965 985 
3 986 983 961 
3 984 961 982 
3 979 972 978 
4 998 977 973 970 
3 998 982 977 
3 993 967 974 
3 982 959 968 
4 984 976 981 979 
3 989 988 975 
3 986 976 982 
3 974 964 987 
3 989 975 984 
5 992 985 964 947 988 
3 990 987 983 
3 991 983 986 
3 994 988 991 
3 997 990 989 
3 996 993 987 
4 996 971 980 992 
3 995 990 997 
3 996 994 999 
6 912 957 993 992 995 999 
3 994 991 998 
4 999 997 979 978 
3 996 995 998 
