3000
0 16 4792
1 46 6748
2 60 6564
3 68 7372
4 102 2944
5 106 2864
6 112 7140
7 116 7170
8 120 956
9 126 3246
10 134 5408
11 178 2338
12 190 1334
13 200 6626
14 204 4676
15 210 3190
16 216 5022
17 226 5612
18 246 6520
19 258 4864
20 264 832
21 270 4864
22 270 8144
23 272 18
24 282 6932
25 284 1354
26 286 4300
27 292 8610
28 298 6280
29 316 158
30 320 1072
31 372 2610
32 380 2138
33 396 6412
34 448 4594
35 464 5568
36 466 1078
37 478 218
38 478 5436
39 484 5400
40 490 6300
41 512 6870
42 530 5178
43 540 2090
44 582 5240
45 582 5490
46 606 298
47 608 4898
48 608 5420
49 614 3466
50 614 4578
51 618 5432
52 624 5254
53 660 7114
54 662 7018
55 670 2524
56 684 1162
57 686 870
58 694 282
59 722 7550
60 728 7594
61 740 1836
62 754 6432
63 780 6924
64 822 2522
65 824 7932
66 856 7670
67 874 1904
68 878 5224
69 890 4288
70 902 5616
71 904 1596
72 914 6380
73 918 3518
74 920 7618
75 936 198
76 938 1824
77 938 3816
78 948 242
79 950 1606
80 950 5518
81 954 1820
82 960 300
83 960 5546
84 964 2280
85 986 6822
86 990 2566
87 990 7046
88 1000 558
89 1002 4516
90 1062 7630
91 1076 4602
92 1084 4604
93 1086 4952
94 1094 7568
95 1108 5470
96 1116 4802
97 1128 2910
98 1128 2952
99 1128 4908
100 1140 2534
101 1140 7598
102 1164 160
103 1182 8608
104 1216 7942
105 1218 1952
106 1246 5330
107 1256 2470
108 1264 7798
109 1282 5376
110 1288 1552
111 1296 2904
112 1306 1530
113 1314 4752
114 1340 8622
115 1346 630
116 1366 5122
117 1378 886
118 1396 1314
119 1396 6324
120 1416 2522
121 1444 5138
122 1486 2012
123 1514 6322
124 1540 7638
125 1562 4936
126 1572 6954
127 1572 7960
128 1578 2292
129 1582 1926
130 1584 2324
131 1600 7960
132 1604 242
133 1630 6788
134 1636 84
135 1646 6860
136 1652 2136
137 1656 1874
138 1682 2526
139 1682 4838
140 1694 1938
141 1694 7314
142 1730 7954
143 1752 4382
144 1766 2606
145 1778 4900
146 1792 1586
147 1826 4502
148 1834 2676
149 1838 1632
150 1860 5336
151 1874 5488
152 1884 2280
153 1890 3414
154 1908 604
155 1908 784
156 1908 4430
157 1910 6552
158 1922 5580
159 1924 6424
160 1930 7942
161 1932 5004
162 1940 572
163 1952 7320
164 1960 4906
165 1994 8628
166 2002 520
167 2002 802
168 2014 5656
169 2018 4512
170 2030 7280
171 2030 7814
172 2038 7286
173 2042 5796
174 2044 8544
175 2060 8654
176 2064 9476
177 2068 2152
178 2076 8956
179 2078 9044
180 2078 9554
181 2084 5142
182 2142 522
183 2168 8012
184 2178 3394
185 2180 6270
186 2204 7374
187 2212 206
188 2214 1158
189 2230 6140
190 2246 5742
191 2262 1990
192 2270 8572
193 2302 338
194 2302 7144
195 2310 7146
196 2336 2126
197 2338 7722
198 2342 6848
199 2342 9860
200 2374 6596
201 2394 4722
202 2400 6336
203 2412 1356
204 2412 2530
205 2430 1638
206 2430 5226
207 2436 2228
208 2446 4446
209 2448 4342
210 2450 6240
211 2468 6176
212 2472 8068
213 2488 6106
214 2502 1954
215 2516 2308
216 2526 4840
217 2536 5812
218 2538 5612
219 2540 6736
220 2544 2144
221 2582 10226
222 2588 4600
223 2590 4368
224 2596 4678
225 2612 6704
226 2616 2308
227 2624 6704
228 2632 5682
229 2632 6194
230 2638 7742
231 2652 6656
232 2654 4550
233 2672 4234
234 2676 7826
235 2684 1278
236 2710 450
237 2716 9872
238 2734 2318
239 2758 4412
240 2758 5780
241 2768 1722
242 2768 2308
243 2778 1952
244 2780 6410
245 2806 1682
246 2816 4404
247 2828 1000
248 2842 460
249 2864 716
250 2864 1670
251 2866 8178
252 2876 8000
253 2884 628
254 2886 4840
255 2954 7898
256 2964 526
257 2994 4770
258 3016 4604
259 3020 4636
260 3022 4554
261 3046 5476
262 3068 634
263 3078 8092
264 3082 646
265 3084 6804
266 3112 8108
267 3122 5694
268 3126 3742
269 3134 6340
270 3140 3176
271 3144 2864
272 3144 6496
273 3174 3364
274 3176 6482
275 3184 3888
276 3186 5068
277 3244 7394
278 3252 5478
279 3268 1554
280 3280 5360
281 3306 3782
282 3324 4582
283 3344 1458
284 3344 3966
285 3362 3782
286 3386 4876
287 3388 3922
288 3388 7284
289 3432 4568
290 3434 7308
291 3442 6668
292 3458 7000
293 3462 4930
294 3478 9762
295 3532 6458
296 3544 5222
297 3554 4440
298 3576 11952
299 3600 8084
300 3606 3812
301 3608 9848
302 3618 7800
303 3632 7638
304 3632 11308
305 3634 10634
306 3636 11280
307 3654 7012
308 3666 12140
309 3692 7980
310 3718 2634
311 3728 9040
312 3768 3208
313 3768 8590
314 3792 9692
315 3796 5736
316 3798 88
317 3808 12160
318 3828 3954
319 3834 7262
320 3838 6928
321 3838 7266
322 3848 5212
323 3852 9670
324 3852 12124
325 3870 162
326 3878 164
327 3884 2432
328 3888 6344
329 3892 5404
330 3894 4040
331 3896 6344
332 3908 12096
333 3926 9590
334 3934 7440
335 3938 3946
336 3946 7826
337 3948 1578
338 3972 6690
339 3992 7664
340 4004 8046
341 4006 8058
342 4014 5550
343 4014 5632
344 4036 5554
345 4050 3202
346 4062 7168
347 4068 6296
348 4080 3058
349 4094 2660
350 4096 2256
351 4098 2310
352 4100 114
353 4118 7516
354 4120 8004
355 4122 4068
356 4124 2490
357 4126 6352
358 4126 7616
359 4128 8674
360 4132 8768
361 4134 8694
362 4138 2960
363 4146 5916
364 4146 7868
365 4150 5416
366 4166 6446
367 4178 5410
368 4200 7188
369 4222 5774
370 4224 8664
371 4238 608
372 4260 4710
373 4274 11846
374 4300 3790
375 4316 4102
376 4334 11794
377 4340 8786
378 4352 7260
379 4366 11760
380 4386 7556
381 4388 866
382 4392 7614
383 4398 2990
384 4406 5192
385 4410 4116
386 4410 4658
387 4416 3160
388 4416 7918
389 4436 3824
390 4436 7710
391 4440 2936
392 4442 3592
393 4442 6364
394 4476 3972
395 4514 8816
396 4528 1248
397 4550 11572
398 4554 5704
399 4566 7656
400 4568 3456
401 4572 4824
402 4590 5576
403 4602 922
404 4624 8676
405 4642 7928
406 4646 7542
407 4666 682
408 4692 894
409 4692 5598
410 4694 774
411 4696 6518
412 4700 8686
413 4712 5698
414 4712 6368
415 4734 948
416 4734 4588
417 4738 7214
418 4750 11452
419 4752 5712
420 4752 7122
421 4762 8794
422 4794 584
423 4804 5684
424 4822 5246
425 4824 5244
426 4848 2902
427 4876 6556
428 4888 6160
429 4890 4704
430 4898 4998
431 4900 4982
432 4906 6172
433 4910 6752
434 4914 8038
435 4916 3912
436 4916 6846
437 4920 6498
438 4954 4444
439 4958 4452
440 4960 7346
441 4972 7358
442 4974 7550
443 4982 812
444 4994 5710
445 4996 11802
446 4998 7890
447 5004 6724
448 5014 8044
449 5016 6920
450 5022 8032
451 5030 7582
452 5036 6480
453 5040 10910
454 5054 5220
455 5082 7552
456 5084 6322
457 5090 11780
458 5094 7418
459 5098 5580
460 5124 6016
461 5130 4880
462 5150 6238
463 5152 7590
464 5172 8754
465 5176 7360
466 5180 5842
467 5204 8108
468 5210 4738
469 5254 11730
470 5262 4676
471 5266 7198
472 5270 6808
473 5294 7144
474 5304 10550
475 5314 4258
476 5352 4736
477 5356 4080
478 5356 6240
479 5360 5160
480 5360 5168
481 5362 5554
482 5364 8170
483 5376 5580
484 5398 6550
485 5404 2904
486 5406 4772
487 5408 686
488 5414 7588
489 5416 7644
490 5428 4700
491 5436 750
492 5480 2634
493 5482 8018
494 5488 450
495 5490 5806
496 5502 6710
497 5506 244
498 5508 6956
499 5512 426
500 5512 7608
501 5526 2808
502 5534 7206
503 5576 6914
504 5584 5392
505 5586 846
506 5586 5404
507 5590 11096
508 5594 522
509 5600 6042
510 5604 8242
511 5612 338
512 5626 5538
513 5650 11330
514 5658 11230
515 5670 5774
516 5676 7838
517 5702 8014
518 5704 544
519 5712 4762
520 5714 4756
521 5730 2566
522 5730 2734
523 5732 11460
524 5770 7706
525 5784 7702
526 5792 10734
527 5794 6910
528 5808 508
529 5814 374
530 5838 7842
531 5844 6890
532 5862 2610
533 5870 630
534 5882 2682
535 5884 5882
536 5902 11598
537 5916 6232
538 5920 5766
539 5924 6908
540 5946 8250
541 5970 622
542 5972 8148
543 5974 558
544 5976 526
545 5990 7086
546 6020 5030
547 6032 10894
548 6050 5556
549 6072 5454
550 6074 10546
551 6088 5702
552 6098 7690
553 6108 5412
554 6122 4964
555 6122 6106
556 6136 7026
557 6162 5562
558 6180 6930
559 6194 8336
560 6200 6390
561 6200 6630
562 6200 6632
563 6208 5906
564 6208 6700
565 6224 5118
566 6244 7052
567 6244 7622
568 6248 10508
569 6256 634
570 6266 6420
571 6268 10968
572 6286 8318
573 6288 6466
574 6288 7974
575 6310 720
576 6316 642
577 6340 3350
578 6340 8044
579 6344 6432
580 6356 6702
581 6364 7156
582 6384 9334
583 6418 606
584 6450 4052
585 6456 1694
586 6460 9612
587 6468 1842
588 6492 9520
589 6504 3974
590 6510 3154
591 6512 1608
592 6514 9464
593 6522 8750
594 6524 8504
595 6528 7688
596 6530 4466
597 6534 1662
598 6534 1768
599 6556 1924
600 6558 8984
601 6558 9196
602 6560 9338
603 6564 9034
604 6584 8984
605 6586 8792
606 6596 8692
607 6596 9144
608 6608 9282
609 6614 8654
610 6628 11784
611 6630 6898
612 6632 9092
613 6644 1112
614 6656 8650
615 6670 2006
616 6672 9420
617 6676 496
618 6680 1540
619 6690 952
620 6698 9532
621 6698 10940
622 6708 9184
623 6718 8950
624 6724 8894
625 6730 894
626 6732 4586
627 6736 11384
628 6738 2012
629 6748 2062
630 6772 8088
631 6778 728
632 6792 1032
633 6794 940
634 6802 4310
635 6804 2114
636 6804 11048
637 6806 9678
638 6808 2008
639 6810 11210
640 6814 10338
641 6818 4676
642 6826 8544
643 6832 8610
644 6834 556
645 6844 7420
646 6850 4270
647 6854 1964
648 6860 8160
649 6882 1246
650 6886 108
651 6890 1648
652 6890 9198
653 6892 7284
654 6900 6558
655 6908 780
656 6916 8592
657 6932 9134
658 6936 7704
659 6938 4278
660 6944 4714
661 6948 8992
662 6948 9566
663 6952 2210
664 6990 8748
665 6992 10096
666 7008 11316
667 7030 11758
668 7036 8546
669 7038 8502
670 7046 7112
671 7058 9192
672 7060 7612
673 7060 7826
674 7068 8554
675 7074 1620
676 7088 714
677 7088 4798
678 7094 4726
679 7108 1196
680 7110 8894
681 7120 708
682 7128 7194
683 7130 8784
684 7130 9146
685 7138 5338
686 7140 2708
687 7148 2716
688 7150 8850
689 7152 9670
690 7164 6100
691 7172 10774
692 7176 6166
693 7192 6054
694 7198 7634
695 7214 6714
696 7236 3096
697 7242 6266
698 7244 7772
699 7258 6208
700 7260 7300
701 7280 6136
702 7308 5948
703 7316 12462
704 7322 2196
705 7332 1952
706 7334 6432
707 7344 3704
708 7344 10810
709 7360 3774
710 7374 7340
711 7402 2214
712 7404 7658
713 7418 6356
714 7430 7664
715 7436 3684
716 7440 1614
717 7458 6008
718 7468 12606
719 7470 3874
720 7478 6830
721 7484 5948
722 7502 6942
723 7512 3760
724 7514 6028
725 7526 2708
726 7528 210
727 7538 7364
728 7574 9426
729 7578 4058
730 7596 7750
731 7600 8306
732 7602 2664
733 7606 146
734 7630 7318
735 7630 8684
736 7642 9324
737 7648 4022
738 7648 6352
739 7662 1936
740 7662 4116
741 7668 6422
742 7670 3744
743 7680 4174
744 7692 3536
745 7694 8208
746 7700 264
747 7702 908
748 7702 3354
749 7716 9762
750 7720 106
751 7742 8072
752 7752 244
753 7754 3904
754 7756 9630
755 7762 9326
756 7770 8982
757 7788 3842
758 7796 4546
759 7798 2188
760 7806 5502
761 7810 9052
762 7826 6444
763 7836 8604
764 7844 4072
765 7852 3470
766 7866 3722
767 7868 9330
768 7870 2888
769 7872 2856
770 7880 762
771 7882 550
772 7886 9632
773 7894 7472
774 7896 3514
775 7900 9092
776 7914 6148
777 7932 2868
778 7934 4776
779 7966 4736
780 7974 1232
781 7982 992
782 7986 8344
783 8002 4656
784 8008 10414
785 8010 11852
786 8014 10354
787 8014 10420
788 8016 9324
789 8022 6826
790 8024 1522
791 8024 9472
792 8024 10276
793 8030 12098
794 8048 3596
795 8062 6276
796 8066 10850
797 8076 12312
798 8082 3910
799 8102 5624
800 8106 10526
801 8110 4414
802 8120 8858
803 8122 4500
804 8128 8418
805 8130 9584
806 8144 5162
807 8144 5170
808 8150 4050
809 8154 1792
810 8158 3256
811 8164 6572
812 8170 6218
813 8180 8934
814 8192 9612
815 8200 1934
816 8216 1514
817 8218 12264
818 8222 6906
819 8230 7266
820 8230 10154
821 8232 1574
822 8250 9866
823 8252 8410
824 8260 9906
825 8262 11998
826 8268 126
827 8274 10176
828 8274 11098
829 8280 5242
830 8286 1358
831 8306 6776
832 8308 6752
833 8322 6868
834 8352 6554
835 8364 4042
836 8376 2450
837 8376 8840
838 8394 886
839 8426 10674
840 8446 4802
841 8450 5078
842 8456 1386
843 8468 9412
844 8470 1498
845 8470 7224
846 8478 6574
847 8480 1530
848 8486 6894
849 8488 9382
850 8490 1472
851 8490 2614
852 8510 11732
853 8514 3684
854 8520 1232
855 8520 2830
856 8526 11438
857 8530 1018
858 8550 6088
859 8550 11654
860 8556 11948
861 8558 5420
862 8566 218
863 8568 6158
864 8574 1176
865 8588 1166
866 8588 6044
867 8604 5786
868 8624 10530
869 8628 2608
870 8632 1820
871 8632 11660
872 8652 2658
873 8652 7342
874 8654 8772
875 8666 7706
876 8676 6164
877 8702 11436
878 8716 5438
879 8718 1310
880 8736 9390
881 8744 2772
882 8744 3558
883 8744 11418
884 8750 534
885 8758 1236
886 8770 5272
887 8784 5860
888 8790 1196
889 8794 5222
890 8794 5674
891 8820 2662
892 8820 6150
893 8824 2558
894 8826 3616
895 8842 6568
896 8844 3120
897 8864 11736
898 8870 7718
899 8876 3036
900 8890 3898
901 8908 5830
902 8922 9642
903 8932 1402
904 8932 2068
905 8956 2900
906 8960 6124
907 8962 5720
908 8968 4134
909 8976 5938
910 8984 2972
911 8994 4304
912 9006 8228
913 9014 698
914 9014 4498
915 9018 6160
916 9026 1802
917 9040 932
918 9040 3232
919 9040 7544
920 9044 2146
921 9048 4060
922 9052 1800
923 9054 5178
924 9064 5332
925 9070 3154
926 9072 766
927 9074 1258
928 9086 8768
929 9102 890
930 9106 9884
931 9112 10018
932 9124 1866
933 9134 3948
934 9144 2838
935 9152 6482
936 9164 5114
937 9168 5124
938 9170 3184
939 9178 1310
940 9178 3364
941 9200 892
942 9208 6146
943 9212 1138
944 9224 4046
945 9238 5214
946 9272 8454
947 9284 1074
948 9290 2290
949 9292 996
950 9292 4916
951 9300 5584
952 9304 4062
953 9322 1420
954 9336 11464
955 9338 902
956 9342 5672
957 9342 7544
958 9344 2042
959 9354 5262
960 9356 3092
961 9360 3466
962 9382 36
963 9392 1388
964 9404 7548
965 9406 3870
966 9410 2688
967 9410 11574
968 9412 712
969 9424 1846
970 9426 3010
971 9428 9848
972 9454 100
973 9478 4106
974 9482 930
975 9494 10660
976 9496 4118
977 9506 8760
978 9516 1856
979 9530 190
980 9532 9606
981 9532 10236
982 9534 3524
983 9538 186
984 9552 8002
985 9552 10724
986 9554 3676
987 9554 8138
988 9574 5160
989 9574 11608
990 9576 11274
991 9578 2596
992 9588 770
993 9608 5344
994 9626 942
995 9628 4076
996 9628 5346
997 9628 5544
998 9634 1320
999 9634 1348
1000 9636 3752
1001 9654 9842
1002 9666 3712
1003 9666 8220
1004 9668 194
1005 9670 2846
1006 9676 3250
1007 9688 158
1008 9694 1030
1009 9702 2762
1010 9704 4398
1011 9706 4960
1012 9708 2218
1013 9714 9990
1014 9716 2164
1015 9716 3972
1016 9718 4320
1017 9742 4338
1018 9754 3412
1019 9762 912
1020 9814 9650
1021 9814 9742
1022 9816 3408
1023 9816 4202
1024 9826 10060
1025 9828 2780
1026 9828 6168
1027 9830 6034
1028 9830 6718
1029 9838 7324
1030 9842 2470
1031 9846 6996
1032 9850 7076
1033 9874 5802
1034 9884 7794
1035 9886 1912
1036 9886 7076
1037 9890 7010
1038 9900 566
1039 9900 3104
1040 9902 3074
1041 9918 446
1042 9928 6530
1043 9928 7732
1044 9932 2138
1045 9936 3998
1046 9948 1392
1047 9956 1086
1048 9960 74
1049 9962 1778
1050 9972 1396
1051 9976 7100
1052 9986 2004
1053 10002 7852
1054 10016 5626
1055 10018 3090
1056 10028 3870
1057 10030 2834
1058 10036 1670
1059 10038 8002
1060 10044 4230
1061 10046 5126
1062 10054 5926
1063 10080 940
1064 10086 4244
1065 10086 7810
1066 10088 6324
1067 10114 3780
1068 10116 9816
1069 10122 1514
1070 10124 5368
1071 10134 3638
1072 10138 4970
1073 10144 5548
1074 10146 1294
1075 10152 2772
1076 10156 1656
1077 10160 5560
1078 10164 3234
1079 10164 5576
1080 10164 9810
1081 10170 3044
1082 10176 962
1083 10176 2748
1084 10194 3270
1085 10208 2288
1086 10212 2838
1087 10222 3090
1088 10224 810
1089 10224 4192
1090 10228 1750
1091 10242 3146
1092 10242 3632
1093 10246 5354
1094 10250 9844
1095 10252 1872
1096 10270 1766
1097 10296 6738
1098 10304 5176
1099 10306 6260
1100 10306 7604
1101 10308 3694
1102 10318 5118
1103 10326 6962
1104 10332 5170
1105 10342 6302
1106 10358 7050
1107 10362 1928
1108 10386 5874
1109 10386 6068
1110 10390 1338
1111 10392 346
1112 10392 872
1113 10394 6694
1114 10400 6324
1115 10402 6982
1116 10404 6432
1117 10406 9812
1118 10410 764
1119 10410 1490
1120 10412 3154
1121 10418 4388
1122 10420 3300
1123 10424 10744
1124 10428 294
1125 10430 728
1126 10440 6180
1127 10468 3406
1128 10472 2410
1129 10472 4608
1130 10494 3500
1131 10494 4766
1132 10496 9814
1133 10502 3182
1134 10506 4454
1135 10506 5248
1136 10520 2406
1137 10522 3720
1138 10522 4984
1139 10526 2644
1140 10528 10048
1141 10538 5172
1142 10544 4448
1143 10550 4952
1144 10552 5034
1145 10574 3428
1146 10578 1236
1147 10578 5304
1148 10584 3054
1149 10610 5852
1150 10622 6178
1151 10634 3788
1152 10634 6546
1153 10638 7562
1154 10648 1838
1155 10654 1650
1156 10656 1172
1157 10666 5226
1158 10668 8042
1159 10682 5682
1160 10696 8204
1161 10708 2202
1162 10710 2784
1163 10714 3104
1164 10716 5246
1165 10728 2966
1166 10742 2788
1167 10748 8774
1168 10764 1760
1169 10770 5144
1170 10804 4888
1171 10808 3388
1172 10810 3762
1173 10820 1440
1174 10822 6644
1175 10832 4964
1176 10842 4224
1177 10846 926
1178 10846 2794
1179 10848 1028
1180 10848 10358
1181 10852 9864
1182 10860 1988
1183 10866 740
1184 10866 7986
1185 10872 3066
1186 10874 770
1187 10874 1028
1188 10880 7968
1189 10888 1928
1190 10888 2078
1191 10898 2500
1192 10902 1032
1193 10908 4894
1194 10914 9880
1195 10916 10100
1196 10918 9924
1197 10918 10290
1198 10920 8768
1199 10930 2936
1200 10934 1444
1201 10938 3630
1202 10944 2784
1203 10950 2788
1204 10968 1708
1205 10974 4916
1206 10984 3560
1207 10988 3402
1208 10998 914
1209 11000 2998
1210 11004 4434
1211 11006 7530
1212 11014 4320
1213 11024 1170
1214 11028 5524
1215 11040 34
1216 11040 6090
1217 11042 4114
1218 11044 946
1219 11074 4658
1220 11096 1256
1221 11102 3212
1222 11102 4868
1223 11110 2536
1224 11112 1274
1225 11122 5214
1226 11126 3854
1227 11136 2692
1228 11158 5230
1229 11164 428
1230 11192 1796
1231 11192 3252
1232 11198 1468
1233 11206 2132
1234 11208 5232
1235 11210 3216
1236 11214 1000
1237 11216 3492
1238 11218 1844
1239 11220 324
1240 11242 370
1241 11246 3680
1242 11248 2288
1243 11250 3752
1244 11264 672
1245 11268 1496
1246 11278 494
1247 11284 1420
1248 11290 8342
1249 11296 4366
1250 11302 5206
1251 11312 1428
1252 11324 4088
1253 11326 2440
1254 11328 620
1255 11330 8186
1256 11332 1022
1257 11336 140
1258 11338 3914
1259 11342 2052
1260 11346 36
1261 11350 3890
1262 11354 10706
1263 11358 932
1264 11376 3354
1265 11386 5020
1266 11388 1318
1267 11388 3786
1268 11390 10362
1269 11396 144
1270 11406 1022
1271 11412 2662
1272 11418 1276
1273 11418 2372
1274 11422 240
1275 11424 868
1276 11430 2394
1277 11430 3816
1278 11440 2580
1279 11446 3216
1280 11468 3432
1281 11476 1940
1282 11480 812
1283 11480 5572
1284 11482 3348
1285 11482 5638
1286 11484 2448
1287 11486 4298
1288 11502 2566
1289 11506 1594
1290 11508 3632
1291 11520 1882
1292 11520 5246
1293 11532 4868
1294 11536 5486
1295 11542 2944
1296 11548 484
1297 11550 6256
1298 11552 2470
1299 11556 968
1300 11564 1524
1301 11572 4018
1302 11574 3290
1303 11576 6118
1304 11582 5702
1305 11586 2134
1306 11590 5970
1307 11594 3102
1308 11594 10714
1309 11606 4090
1310 11622 1836
1311 11630 2160
1312 11630 4824
1313 11636 2712
1314 11642 1898
1315 11642 3934
1316 11674 4420
1317 11676 1624
1318 11684 2328
1319 11686 3998
1320 11696 1086
1321 11700 3996
1322 11704 804
1323 11704 3572
1324 11710 2850
1325 11720 6288
1326 11724 3758
1327 11730 1604
1328 11736 1526
1329 11736 8226
1330 11740 5058
1331 11748 1546
1332 11770 2322
1333 11790 10322
1334 11792 6100
1335 11796 1726
1336 11802 3710
1337 11806 4034
1338 11816 1646
1339 11824 10292
1340 11832 1634
1341 11836 328
1342 11852 242
1343 11854 4152
1344 11876 2942
1345 11880 4062
1346 11880 4436
1347 11884 3772
1348 11890 634
1349 11906 1442
1350 11918 5926
1351 11918 9630
1352 11926 1522
1353 11926 10274
1354 11942 5896
1355 11946 3880
1356 11950 1960
1357 11954 2726
1358 11966 4150
1359 11970 2590
1360 11972 636
1361 11990 1458
1362 12004 1284
1363 12004 3054
1364 12006 834
1365 12006 1574
1366 12008 5488
1367 12022 2626
1368 12022 5356
1369 12030 4632
1370 12036 5186
1371 12044 5362
1372 12044 6394
1373 12048 842
1374 12058 2478
1375 12060 3626
1376 12062 1228
1377 12080 5988
1378 12088 4968
1379 12090 708
1380 12092 10708
1381 12110 3622
1382 12124 9664
1383 12128 5416
1384 12134 8788
1385 12136 5226
1386 12138 1898
1387 12140 5486
1388 12148 1648
1389 12168 3720
1390 12170 2424
1391 12192 704
1392 12216 3912
1393 12224 2378
1394 12224 3580
1395 12226 704
1396 12230 4726
1397 12234 596
1398 12242 2038
1399 12272 8448
1400 12308 1510
1401 12320 4808
1402 12322 5208
1403 12352 3098
1404 12354 4810
1405 12360 7274
1406 12366 4216
1407 12368 104
1408 12368 3680
1409 12388 384
1410 12396 3670
1411 12400 1970
1412 12410 7366
1413 12412 5208
1414 12420 8188
1415 12430 454
1416 12432 5170
1417 12454 1494
1418 12464 688
1419 12464 1820
1420 12472 4382
1421 12478 1500
1422 12486 1972
1423 12504 5998
1424 12528 8854
1425 12532 6888
1426 12548 1996
1427 12568 4500
1428 12568 7596
1429 12570 8070
1430 12572 3290
1431 12576 5964
1432 12580 3760
1433 12582 1888
1434 12586 1864
1435 12590 10644
1436 12594 8074
1437 12596 3472
1438 12600 7136
1439 12600 9420
1440 12602 10576
1441 12604 5096
1442 12608 9672
1443 12616 9554
1444 12638 4832
1445 12638 9450
1446 12644 5128
1447 12648 3924
1448 12654 3688
1449 12656 6786
1450 12666 3470
1451 12668 2764
1452 12670 4738
1453 12672 3346
1454 12674 5586
1455 12680 5494
1456 12682 4916
1457 12688 1230
1458 12694 7632
1459 12696 4676
1460 12698 4106
1461 12700 3024
1462 12700 5416
1463 12700 8574
1464 12718 5402
1465 12720 772
1466 12730 5356
1467 12738 5286
1468 12738 7954
1469 12748 5610
1470 12748 8660
1471 12758 1878
1472 12762 5260
1473 12766 2508
1474 12772 8874
1475 12774 7908
1476 12782 7260
1477 12788 2452
1478 12802 2794
1479 12804 2802
1480 12810 606
1481 12814 3476
1482 12818 4338
1483 12824 2608
1484 12826 2362
1485 12832 1622
1486 12836 6830
1487 12840 5086
1488 12840 5630
1489 12862 4226
1490 12868 1168
1491 12874 1690
1492 12876 1164
1493 12878 9492
1494 12880 1276
1495 12898 9484
1496 12902 6022
1497 12916 842
1498 12916 5340
1499 12918 4104
1500 12924 2134
1501 12924 4940
1502 12928 10290
1503 12936 218
1504 12936 3642
1505 12936 9512
1506 12940 7452
1507 12942 262
1508 12944 5486
1509 12946 2332
1510 12946 9292
1511 12948 7416
1512 12956 260
1513 12958 5438
1514 12974 6022
1515 12976 1666
1516 12976 2198
1517 12976 9184
1518 12982 9352
1519 12984 3266
1520 12986 2622
1521 12986 4878
1522 12996 5186
1523 13022 8730
1524 13026 1064
1525 13036 5164
1526 13044 6632
1527 13048 10460
1528 13050 9472
1529 13050 10202
1530 13052 11822
1531 13054 5944
1532 13064 4626
1533 13074 5850
1534 13078 4034
1535 13080 7008
1536 13082 2746
1537 13084 4718
1538 13084 7600
1539 13084 7616
1540 13094 7576
1541 13096 7944
1542 13098 7568
1543 13114 8428
1544 13116 7388
1545 13118 4610
1546 13120 6598
1547 13122 8688
1548 13128 8202
1549 13132 6608
1550 13138 1400
1551 13142 716
1552 13144 7878
1553 13150 6678
1554 13154 624
1555 13158 636
1556 13168 7706
1557 13170 7034
1558 13174 90
1559 13174 2372
1560 13182 5786
1561 13206 6852
1562 13206 8870
1563 13218 7098
1564 13222 1704
1565 13222 7958
1566 13224 7916
1567 13228 1554
1568 13232 8188
1569 13232 8292
1570 13234 2152
1571 13236 4870
1572 13248 6136
1573 13252 12358
1574 13254 4118
1575 13260 7706
1576 13270 8288
1577 13280 1932
1578 13282 378
1579 13304 2598
1580 13318 6254
1581 13322 6574
1582 13336 1252
1583 13336 3796
1584 13336 7190
1585 13352 7110
1586 13372 3676
1587 13374 6124
1588 13388 5336
1589 13392 482
1590 13398 7288
1591 13412 914
1592 13416 550
1593 13418 1686
1594 13424 2072
1595 13428 9026
1596 13436 1590
1597 13436 7088
1598 13448 5058
1599 13452 5790
1600 13462 5104
1601 13470 8744
1602 13474 6450
1603 13476 966
1604 13482 608
1605 13482 1544
1606 13486 5294
1607 13494 3142
1608 13494 5812
1609 13508 3272
1610 13518 1336
1611 13532 4304
1612 13538 7032
1613 13548 5292
1614 13562 3542
1615 13570 6150
1616 13572 6854
1617 13576 2000
1618 13600 6230
1619 13612 6706
1620 13624 50
1621 13632 2754
1622 13632 6000
1623 13634 1182
1624 13642 1928
1625 13642 5696
1626 13644 12066
1627 13646 450
1628 13650 1188
1629 13666 5206
1630 13666 12224
1631 13682 100
1632 13690 5778
1633 13694 816
1634 13694 7592
1635 13696 4752
1636 13700 2552
1637 13700 6826
1638 13710 12176
1639 13720 2616
1640 13726 4750
1641 13726 6186
1642 13732 2228
1643 13738 6248
1644 13768 8022
1645 13786 2038
1646 13788 2210
1647 13800 2878
1648 13802 5400
1649 13802 5590
1650 13804 34
1651 13812 5614
1652 13814 2140
1653 13816 4896
1654 13820 2830
1655 13822 6368
1656 13842 8
1657 13842 3028
1658 13852 5368
1659 13854 3848
1660 13856 1876
1661 13858 7030
1662 13866 7496
1663 13870 7164
1664 13874 3414
1665 13888 234
1666 13894 170
1667 13894 3318
1668 13894 5322
1669 13900 4634
1670 13904 2146
1671 13906 3310
1672 13912 4150
1673 13912 5562
1674 13916 686
1675 13916 4502
1676 13918 8158
1677 13920 5560
1678 13922 2118
1679 13936 3408
1680 13950 5860
1681 13958 2998
1682 13960 726
1683 13962 1624
1684 13964 5164
1685 13972 1888
1686 13972 7430
1687 13976 3856
1688 13994 2282
1689 13994 5010
1690 13996 1144
1691 14000 3922
1692 14006 598
1693 14010 6672
1694 14024 6904
1695 14030 7042
1696 14034 7126
1697 14046 7176
1698 14048 6500
1699 14050 1892
1700 14052 1238
1701 14066 3462
1702 14084 7746
1703 14090 5544
1704 14100 620
1705 14100 1170
1706 14120 3698
1707 14142 5078
1708 14156 12372
1709 14166 328
1710 14166 7114
1711 14168 1094
1712 14170 7216
1713 14172 222
1714 14182 6484
1715 14190 356
1716 14204 4526
1717 14204 8390
1718 14208 3974
1719 14208 9362
1720 14210 6270
1721 14216 3856
1722 14218 6398
1723 14224 6642
1724 14232 5918
1725 14248 4168
1726 14256 4628
1727 14260 2690
1728 14260 4302
1729 14262 876
1730 14266 1300
1731 14274 2514
1732 14286 3464
1733 14294 6636
1734 14300 8142
1735 14304 4934
1736 14310 5122
1737 14312 7996
1738 14314 3112
1739 14366 6866
1740 14370 500
1741 14378 4010
1742 14380 732
1743 14380 1620
1744 14382 3046
1745 14392 4344
1746 14396 1330
1747 14396 10862
1748 14404 5830
1749 14416 1068
1750 14418 6516
1751 14426 4938
1752 14448 3394
1753 14452 4876
1754 14460 12214
1755 14462 6200
1756 14466 4070
1757 14466 11562
1758 14470 1508
1759 14474 218
1760 14476 11624
1761 14482 3442
1762 14482 5098
1763 14486 5032
1764 14486 6648
1765 14490 1976
1766 14494 3412
1767 14494 10912
1768 14496 2648
1769 14498 2806
1770 14510 3908
1771 14510 6632
1772 14532 3446
1773 14532 5908
1774 14546 744
1775 14564 7630
1776 14568 2492
1777 14568 10910
1778 14570 3932
1779 14572 7712
1780 14582 2436
1781 14586 2970
1782 14596 11192
1783 14610 3672
1784 14610 6760
1785 14612 5182
1786 14636 2878
1787 14636 11206
1788 14638 3636
1789 14664 4260
1790 14674 4458
1791 14674 6330
1792 14674 11136
1793 14678 5930
1794 14682 7074
1795 14682 13212
1796 14684 4326
1797 14690 12818
1798 14692 12570
1799 14696 3320
1800 14700 12368
1801 14702 4384
1802 14706 3670
1803 14710 2178
1804 14710 6220
1805 14716 4032
1806 14722 7722
1807 14732 1370
1808 14740 5226
1809 14742 354
1810 14746 778
1811 14776 1118
1812 14784 7642
1813 14786 574
1814 14794 1760
1815 14794 6094
1816 14800 4828
1817 14822 5614
1818 14828 620
1819 14830 1392
1820 14836 912
1821 14850 6002
1822 14876 718
1823 14878 13082
1824 14880 7834
1825 14894 6694
1826 14898 3470
1827 14902 180
1828 14912 5774
1829 14920 4274
1830 14922 2366
1831 14936 4330
1832 14936 5290
1833 14938 3966
1834 14942 1530
1835 14956 4246
1836 14962 526
1837 14968 2024
1838 14970 5974
1839 14970 6034
1840 14982 4150
1841 14984 4004
1842 14992 3308
1843 14992 5290
1844 15014 4090
1845 15016 190
1846 15020 5970
1847 15024 3096
1848 15038 2454
1849 15040 2762
1850 15044 2774
1851 15056 4708
1852 15068 3376
1853 15078 2530
1854 15082 594
1855 15096 6426
1856 15126 3434
1857 15142 5036
1858 15142 6024
1859 15148 5618
1860 15160 2944
1861 15182 224
1862 15184 6254
1863 15190 5210
1864 15198 11380
1865 15208 6748
1866 15212 518
1867 15220 6016
1868 15220 7546
1869 15226 13856
1870 15238 1282
1871 15256 4666
1872 15260 13596
1873 15264 3060
1874 15266 4502
1875 15268 11532
1876 15274 442
1877 15274 6752
1878 15276 3054
1879 15276 4680
1880 15282 64
1881 15284 6774
1882 15288 13682
1883 15292 590
1884 15292 11612
1885 15300 784
1886 15300 3410
1887 15304 13766
1888 15310 3420
1889 15316 5270
1890 15320 630
1891 15320 6030
1892 15330 13696
1893 15334 4466
1894 15336 5786
1895 15362 5758
1896 15366 7624
1897 15398 3264
1898 15402 3330
1899 15406 13520
1900 15414 11198
1901 15418 3768
1902 15430 2000
1903 15432 2170
1904 15434 7792
1905 15444 2332
1906 15474 4604
1907 15484 3366
1908 15484 5900
1909 15490 4992
1910 15490 7592
1911 15506 5464
1912 15512 2330
1913 15528 6318
1914 15538 5726
1915 15540 2878
1916 15546 924
1917 15552 868
1918 15552 2590
1919 15566 5212
1920 15572 12328
1921 15590 8174
1922 15596 5216
1923 15600 11748
1924 15614 6248
1925 15616 7322
1926 15618 826
1927 15628 12228
1928 15630 7212
1929 15634 2222
1930 15652 2580
1931 15662 2386
1932 15674 86
1933 15678 3306
1934 15682 4780
1935 15690 6516
1936 15696 1696
1937 15698 5186
1938 15700 11602
1939 15702 7430
1940 15724 3838
1941 15726 4904
1942 15734 11726
1943 15744 6648
1944 15748 6362
1945 15756 5792
1946 15758 12012
1947 15762 6256
1948 15794 5950
1949 15798 3956
1950 15804 2830
1951 15804 7794
1952 15806 7620
1953 15810 6424
1954 15818 2824
1955 15838 5640
1956 15838 10520
1957 15840 7574
1958 15840 10218
1959 15848 7716
1960 15852 6958
1961 15852 7938
1962 15854 11262
1963 15858 3434
1964 15858 3966
1965 15860 7076
1966 15868 7054
1967 15870 2538
1968 15870 8624
1969 15870 9436
1970 15872 4390
1971 15878 11948
1972 15888 6744
1973 15894 4366
1974 15896 4964
1975 15906 506
1976 15908 4150
1977 15916 8182
1978 15916 9406
1979 15918 7384
1980 15918 9076
1981 15928 6154
1982 15930 8212
1983 15932 11882
1984 15938 3964
1985 15940 5618
1986 15960 2588
1987 15974 7080
1988 15980 7710
1989 15986 2694
1990 15998 3494
1991 16012 2458
1992 16014 5540
1993 16026 11636
1994 16030 12262
1995 16036 2922
1996 16040 8106
1997 16044 674
1998 16050 6140
1999 16054 11700
2000 16056 3810
2001 16058 2602
2002 16064 11546
2003 16066 6144
2004 16068 9904
2005 16070 4962
2006 16072 4972
2007 16076 9342
2008 16088 12354
2009 16096 5012
2010 16096 8056
2011 16098 9868
2012 16114 10050
2013 16120 6448
2014 16124 3966
2015 16126 2934
2016 16126 7314
2017 16134 6202
2018 16140 872
2019 16150 8454
2020 16154 3314
2021 16170 4040
2022 16174 8066
2023 16188 6776
2024 16190 5456
2025 16194 6336
2026 16194 7972
2027 16210 6686
2028 16216 4056
2029 16216 5128
2030 16236 11554
2031 16240 3522
2032 16240 5584
2033 16244 5750
2034 16288 6304
2035 16296 7676
2036 16306 4652
2037 16308 11858
2038 16314 3922
2039 16318 2680
2040 16330 10406
2041 16352 9848
2042 16360 12112
2043 16368 5744
2044 16370 5204
2045 16376 5620
2046 16380 1632
2047 16380 10418
2048 16388 10802
2049 16414 552
2050 16416 4276
2051 16420 5426
2052 16426 9440
2053 16430 4634
2054 16432 5120
2055 16440 10310
2056 16448 11936
2057 16450 10388
2058 16456 7222
2059 16464 4270
2060 16472 3766
2061 16490 3842
2062 16514 3750
2063 16514 7686
2064 16538 3838
2065 16540 4706
2066 16546 5806
2067 16554 6340
2068 16570 12022
2069 16572 7230
2070 16586 12236
2071 16618 5342
2072 16622 4042
2073 16642 10606
2074 16652 3804
2075 16654 1952
2076 16656 5756
2077 16666 1006
2078 16678 5732
2079 16688 2808
2080 16694 1004
2081 16706 6464
2082 16710 10494
2083 16712 4422
2084 16714 4442
2085 16714 7180
2086 16740 6166
2087 16744 5844
2088 16744 6656
2089 16752 6576
2090 16756 5410
2091 16768 2986
2092 16776 3676
2093 16778 5284
2094 16780 6492
2095 16790 6486
2096 16790 8504
2097 16792 2418
2098 16808 7246
2099 16818 5358
2100 16822 672
2101 16824 6426
2102 16828 3774
2103 16828 7214
2104 16838 4222
2105 16878 5406
2106 16878 7180
2107 16908 7762
2108 16914 7714
2109 16918 4090
2110 16924 4778
2111 16932 6430
2112 16936 7702
2113 16938 5382
2114 16964 5320
2115 16970 2354
2116 16978 54
2117 16984 4498
2118 16984 4514
2119 17008 11062
2120 17034 74
2121 17038 7686
2122 17044 10954
2123 17054 11862
2124 17058 2794
2125 17062 4526
2126 17062 7570
2127 17086 2244
2128 17092 10690
2129 17094 4520
2130 17094 6464
2131 17102 3660
2132 17108 10922
2133 17116 3678
2134 17126 5576
2135 17134 18
2136 17140 4444
2137 17160 4048
2138 17160 9912
2139 17164 7770
2140 17170 926
2141 17174 10932
2142 17176 3342
2143 17178 3708
2144 17188 9660
2145 17190 10466
2146 17192 4516
2147 17220 9068
2148 17222 3932
2149 17226 7258
2150 17234 3926
2151 17236 1830
2152 17238 1688
2153 17238 11666
2154 17252 10474
2155 17252 12114
2156 17254 8034
2157 17260 5598
2158 17262 5594
2159 17262 9780
2160 17266 4712
2161 17266 9566
2162 17266 9910
2163 17274 10198
2164 17276 9962
2165 17278 5608
2166 17282 6606
2167 17282 7182
2168 17286 10304
2169 17288 4746
2170 17296 10648
2171 17316 10582
2172 17328 6320
2173 17342 246
2174 17350 6210
2175 17356 7098
2176 17360 3810
2177 17370 11106
2178 17378 4498
2179 17378 10230
2180 17380 4254
2181 17384 8998
2182 17392 8710
2183 17392 11656
2184 17396 4858
2185 17400 3328
2186 17402 3234
2187 17406 5684
2188 17418 3214
2189 17418 7102
2190 17428 3836
2191 17436 4898
2192 17438 8468
2193 17440 5116
2194 17442 7520
2195 17470 3190
2196 17476 46
2197 17490 4676
2198 17500 2274
2199 17512 5392
2200 17538 6206
2201 17538 12040
2202 17544 2180
2203 17544 2270
2204 17552 7574
2205 17556 4092
2206 17562 2192
2207 17590 5226
2208 17600 8876
2209 17608 640
2210 17618 2694
2211 17618 11250
2212 17622 5308
2213 17630 9312
2214 17636 3954
2215 17636 7540
2216 17638 9062
2217 17658 11988
2218 17680 9328
2219 17684 8990
2220 17686 9038
2221 17688 7140
2222 17702 5360
2223 17704 7134
2224 17714 7186
2225 17722 4960
2226 17722 5282
2227 17742 7136
2228 17770 4458
2229 17776 4960
2230 17788 6460
2231 17800 8762
2232 17808 7064
2233 17808 7642
2234 17810 5866
2235 17844 5962
2236 17850 8812
2237 17870 830
2238 17874 2266
2239 17892 12096
2240 17900 2074
2241 17904 7986
2242 17908 3696
2243 17918 4098
2244 17930 3590
2245 17932 3592
2246 17934 10062
2247 17936 3228
2248 17942 10346
2249 17948 9592
2250 17954 10260
2251 17966 10862
2252 17968 10502
2253 17968 10772
2254 17972 3938
2255 17978 4804
2256 17982 4954
2257 17986 3602
2258 17986 5532
2259 17988 5380
2260 17988 7970
2261 18020 6422
2262 18020 6470
2263 18036 3924
2264 18046 3200
2265 18048 5172
2266 18050 3476
2267 18060 2634
2268 18070 4346
2269 18074 2010
2270 18082 2906
2271 18082 4008
2272 18086 2622
2273 18092 2686
2274 18094 8836
2275 18108 4130
2276 18112 1628
2277 18116 5972
2278 18116 7540
2279 18134 5544
2280 18136 6764
2281 18144 9436
2282 18146 8000
2283 18172 5410
2284 18172 10248
2285 18186 5570
2286 18188 3412
2287 18190 8836
2288 18196 3742
2289 18208 3816
2290 18222 5580
2291 18224 9786
2292 18224 10280
2293 18232 6428
2294 18240 3168
2295 18254 6264
2296 18254 6266
2297 18268 6780
2298 18270 7350
2299 18274 6336
2300 18278 4470
2301 18284 6556
2302 18288 6334
2303 18308 1826
2304 18308 4036
2305 18308 10344
2306 18320 4028
2307 18322 8770
2308 18326 6512
2309 18330 4502
2310 18334 3216
2311 18342 9838
2312 18350 7674
2313 18352 7532
2314 18354 7662
2315 18356 6490
2316 18366 4522
2317 18368 5826
2318 18372 6442
2319 18398 3268
2320 18398 7524
2321 18404 9430
2322 18426 12440
2323 18428 7428
2324 18434 8664
2325 18446 5238
2326 18446 10108
2327 18454 2946
2328 18468 7174
2329 18484 6524
2330 18500 458
2331 18500 8288
2332 18504 5530
2333 18508 5532
2334 18508 8342
2335 18512 6868
2336 18516 9668
2337 18516 9722
2338 18528 3206
2339 18538 1856
2340 18556 2522
2341 18564 6066
2342 18578 8690
2343 18582 6718
2344 18584 2466
2345 18586 3144
2346 18602 4640
2347 18604 8030
2348 18614 4546
2349 18618 7192
2350 18634 8842
2351 18640 1040
2352 18640 6014
2353 18656 4102
2354 18664 4570
2355 18666 4514
2356 18684 4800
2357 18696 6414
2358 18708 7052
2359 18718 7478
2360 18736 2654
2361 18762 5422
2362 18762 6002
2363 18764 4318
2364 18788 6068
2365 18788 7944
2366 18790 6068
2367 18796 8944
2368 18800 1662
2369 18804 8252
2370 18808 8290
2371 18822 5558
2372 18844 4932
2373 18852 8584
2374 18854 9418
2375 18858 8802
2376 18862 8330
2377 18878 5896
2378 18884 2000
2379 18884 5948
2380 18892 2340
2381 18894 5348
2382 18898 5168
2383 18900 3866
2384 18910 3222
2385 18934 1492
2386 18942 3066
2387 18942 7174
2388 18948 2926
2389 18950 5610
2390 18954 2760
2391 18956 7290
2392 18962 1034
2393 18968 6000
2394 18984 3112
2395 18990 12756
2396 18994 2004
2397 19000 7932
2398 19004 1894
2399 19018 8156
2400 19020 7884
2401 19038 4614
2402 19044 3518
2403 19052 5502
2404 19054 7854
2405 19056 4806
2406 19056 5934
2407 19070 3994
2408 19070 4672
2409 19088 3148
2410 19094 2968
2411 19100 3550
2412 19114 6148
2413 19120 4992
2414 19120 7846
2415 19126 6442
2416 19130 2852
2417 19134 806
2418 19142 542
2419 19148 5446
2420 19160 4984
2421 19166 2200
2422 19170 3424
2423 19170 5552
2424 19180 4188
2425 19186 1574
2426 19186 2736
2427 19188 2186
2428 19192 3428
2429 19198 4102
2430 19200 8500
2431 19220 382
2432 19242 5234
2433 19250 6496
2434 19270 5470
2435 19272 4004
2436 19272 8268
2437 19284 4452
2438 19300 3412
2439 19302 1830
2440 19308 324
2441 19308 5358
2442 19328 2756
2443 19336 5574
2444 19344 550
2445 19344 3982
2446 19344 8350
2447 19350 5274
2448 19360 5830
2449 19370 7890
2450 19380 4684
2451 19384 3014
2452 19386 6186
2453 19388 4680
2454 19396 3722
2455 19410 2478
2456 19410 5352
2457 19414 1898
2458 19414 4836
2459 19416 5888
2460 19420 7818
2461 19430 5340
2462 19436 8288
2463 19450 6050
2464 19478 548
2465 19484 2548
2466 19484 3684
2467 19496 5172
2468 19512 8210
2469 19516 4100
2470 19518 7960
2471 19522 7318
2472 19532 3574
2473 19540 8066
2474 19544 7270
2475 19574 4472
2476 19586 4752
2477 19590 7128
2478 19602 7258
2479 19612 4144
2480 19614 7130
2481 19616 5258
2482 19622 3972
2483 19622 4682
2484 19636 2660
2485 19642 7828
2486 19648 9330
2487 19682 5598
2488 19684 5688
2489 19694 5678
2490 19696 7204
2491 19700 2774
2492 19704 6538
2493 19718 3850
2494 19720 294
2495 19724 6980
2496 19730 10480
2497 19744 5306
2498 19760 3132
2499 19774 4652
2500 19780 2852
2501 19786 6146
2502 19796 7000
2503 19796 7046
2504 19804 5774
2505 19860 60
2506 19860 2120
2507 19864 3568
2508 19870 7698
2509 19870 7880
2510 19908 4382
2511 19940 6084
2512 19944 4470
2513 19954 5866
2514 19974 5492
2515 19974 7868
2516 19978 3972
2517 19980 11816
2518 19992 5064
2519 19996 11520
2520 20004 4162
2521 20006 10524
2522 20016 3360
2523 20038 3630
2524 20070 5918
2525 20090 5520
2526 20124 11408
2527 20164 1668
2528 20168 7694
2529 20172 328
2530 20176 4586
2531 20178 10624
2532 20188 4586
2533 20220 4720
2534 20226 3474
2535 20236 2790
2536 20244 5062
2537 20246 1674
2538 20256 4964
2539 20260 7686
2540 20286 5702
2541 20296 806
2542 20298 5696
2543 20298 11410
2544 20310 5216
2545 20328 5998
2546 20332 5172
2547 20332 11040
2548 20362 5652
2549 20380 5292
2550 20400 11506
2551 20406 5254
2552 20422 3234
2553 20426 7684
2554 20480 4806
2555 20500 1772
2556 20514 1530
2557 20516 1364
2558 20518 3822
2559 20532 3128
2560 20552 1068
2561 20560 5190
2562 20562 3926
2563 20572 4498
2564 20574 4810
2565 20610 5938
2566 20612 1828
2567 20616 5952
2568 20632 1708
2569 20634 234
2570 20642 2188
2571 20644 2426
2572 20644 5336
2573 20668 2018
2574 20676 202
2575 20686 5996
2576 20722 8932
2577 20726 7722
2578 20732 2618
2579 20740 9950
2580 20746 4978
2581 20776 2554
2582 20808 4186
2583 20808 6336
2584 20810 8996
2585 20812 3036
2586 20816 1672
2587 20816 4212
2588 20820 1762
2589 20864 1828
2590 20878 2554
2591 20878 4946
2592 20886 1736
2593 20894 6122
2594 20906 736
2595 20928 4916
2596 20938 7648
2597 20978 7792
2598 20984 2922
2599 21010 2554
2600 21022 6186
2601 21064 5324
2602 21072 4442
2603 21076 4282
2604 21096 7874
2605 21098 2456
2606 21122 3606
2607 21142 3502
2608 21146 4862
2609 21148 5828
2610 21158 3546
2611 21182 3286
2612 21192 2792
2613 21196 4158
2614 21198 5676
2615 21208 2000
2616 21216 2648
2617 21226 3638
2618 21250 3148
2619 21262 1044
2620 21266 10860
2621 21270 2182
2622 21274 3238
2623 21278 5050
2624 21296 9336
2625 21298 8098
2626 21314 7724
2627 21330 2794
2628 21338 9078
2629 21344 9484
2630 21346 3700
2631 21352 3486
2632 21362 9322
2633 21364 7706
2634 21372 9352
2635 21376 3114
2636 21406 2090
2637 21432 4802
2638 21446 5328
2639 21462 8558
2640 21468 6370
2641 21470 4672
2642 21486 6334
2643 21526 9804
2644 21552 2568
2645 21568 6184
2646 21570 2000
2647 21572 9882
2648 21588 8608
2649 21598 1770
2650 21620 4732
2651 21638 1846
2652 21650 9926
2653 21656 1068
2654 21700 5330
2655 21712 5548
2656 21738 9356
2657 21746 10018
2658 21760 5374
2659 21770 6694
2660 21776 234
2661 21778 5068
2662 21788 5796
2663 21808 11360
2664 21810 6206
2665 21814 924
2666 21818 6004
2667 21832 10178
2668 21836 9804
2669 21838 2216
2670 21852 3614
2671 21852 7648
2672 21854 1936
2673 21888 166
2674 21918 5552
2675 21952 5840
2676 21958 11976
2677 21972 5454
2678 21974 5364
2679 21978 7628
2680 21988 1620
2681 22008 5822
2682 22012 6182
2683 22024 5726
2684 22040 6710
2685 22060 2462
2686 22074 8064
2687 22082 12178
2688 22092 2052
2689 22098 12336
2690 22106 7628
2691 22108 6100
2692 22112 7726
2693 22114 6016
2694 22114 7856
2695 22124 7494
2696 22126 7816
2697 22144 36
2698 22156 5450
2699 22166 1924
2700 22170 7562
2701 22176 2202
2702 22178 7904
2703 22180 10060
2704 22188 1924
2705 22202 5324
2706 22210 5314
2707 22214 5214
2708 22246 5894
2709 22248 2794
2710 22254 1272
2711 22258 1180
2712 22260 5170
2713 22286 1494
2714 22288 2292
2715 22290 1000
2716 22292 2112
2717 22300 5820
2718 22348 11930
2719 22350 5244
2720 22362 5050
2721 22380 9870
2722 22402 1756
2723 22406 12078
2724 22416 12168
2725 22450 10116
2726 22456 6026
2727 22466 6098
2728 22516 2998
2729 22530 340
2730 22532 294
2731 22536 3646
2732 22548 12136
2733 22552 5430
2734 22562 6692
2735 22564 1924
2736 22568 270
2737 22582 6952
2738 22608 12028
2739 22610 2288
2740 22612 2354
2741 22612 2734
2742 22616 2780
2743 22632 1464
2744 22660 7670
2745 22660 11910
2746 22674 1996
2747 22674 2830
2748 22680 2964
2749 22686 5804
2750 22688 5464
2751 22724 2250
2752 22734 1600
2753 22740 3088
2754 22752 6030
2755 22770 5204
2756 22788 5058
2757 22816 7684
2758 22822 8484
2759 22836 11936
2760 22838 564
2761 22844 11886
2762 22848 3982
2763 22848 5780
2764 22852 3684
2765 22856 6214
2766 22858 1364
2767 22874 8552
2768 22888 670
2769 22894 3580
2770 22902 6382
2771 22906 6418
2772 22918 586
2773 22920 2008
2774 22950 3306
2775 22954 420
2776 22954 7628
2777 22968 1946
2778 22970 5754
2779 22970 5756
2780 22998 3376
2781 22998 5600
2782 23004 5122
2783 23004 5830
2784 23022 5858
2785 23028 3242
2786 23030 1366
2787 23030 2000
2788 23044 3074
2789 23046 7612
2790 23066 6776
2791 23084 3680
2792 23102 742
2793 23108 850
2794 23132 11028
2795 23134 622
2796 23134 3108
2797 23136 8236
2798 23138 3090
2799 23182 2576
2800 23194 2012
2801 23198 7140
2802 23246 6710
2803 23250 2736
2804 23260 2068
2805 23262 2732
2806 23264 5334
2807 23310 1622
2808 23316 3482
2809 23350 2226
2810 23352 6268
2811 23374 5454
2812 23376 2406
2813 23386 2816
2814 23412 8594
2815 23416 6220
2816 23420 1304
2817 23430 2688
2818 23434 2684
2819 23448 7656
2820 23496 7458
2821 23536 2924
2822 23540 610
2823 23544 706
2824 23548 1318
2825 23564 1306
2826 23568 3688
2827 23582 7348
2828 23592 892
2829 23612 7320
2830 23632 2146
2831 23676 2850
2832 23738 1196
2833 23738 5090
2834 23746 5920
2835 23770 5562
2836 23784 238
2837 23784 6752
2838 23786 5608
2839 23790 274
2840 23806 854
2841 23812 890
2842 23814 1366
2843 23818 3828
2844 23818 8466
2845 23844 8568
2846 23858 610
2847 23858 8304
2848 23914 8256
2849 23954 2252
2850 23958 2506
2851 23994 452
2852 23998 2144
2853 23998 5954
2854 24002 5778
2855 24024 7688
2856 24036 548
2857 24054 6462
2858 24056 230
2859 24056 876
2860 24074 6742
2861 24088 6122
2862 24094 1758
2863 24102 4172
2864 24106 608
2865 24110 1164
2866 24128 1426
2867 24136 3946
2868 24154 6134
2869 24162 464
2870 24168 7842
2871 24178 8676
2872 24180 1750
2873 24188 970
2874 24198 5198
2875 24212 1898
2876 24220 7662
2877 24222 1018
2878 24226 5750
2879 24290 6120
2880 24294 398
2881 24308 5650
2882 24310 1896
2883 24314 1218
2884 24318 998
2885 24322 1980
2886 24328 902
2887 24338 758
2888 24392 4636
2889 24422 7704
2890 24452 1878
2891 24452 6210
2892 24492 4662
2893 24494 1422
2894 24494 1572
2895 24494 6244
2896 24520 6210
2897 24544 608
2898 24548 7394
2899 24568 4524
2900 24580 7530
2901 24594 1948
2902 24600 1504
2903 24612 2010
2904 24620 3980
2905 24624 1810
2906 24648 7464
2907 24672 5588
2908 24680 3468
2909 24686 6796
2910 24700 7464
2911 24706 592
2912 24708 5186
2913 24718 1474
2914 24720 2684
2915 24732 662
2916 24734 5186
2917 24758 6274
2918 24764 6742
2919 24772 5984
2920 24784 4490
2921 24786 5500
2922 24794 1698
2923 24798 2448
2924 24834 4116
2925 24844 1680
2926 24850 40
2927 24852 1436
2928 24852 6824
2929 24880 1580
2930 24890 4292
2931 24894 370
2932 24904 6200
2933 24904 6212
2934 24904 6798
2935 24934 1168
2936 24944 1812
2937 24954 2952
2938 24986 2984
2939 24996 4154
2940 25000 3382
2941 25000 4236
2942 25010 4254
2943 25018 2240
2944 25030 6158
2945 25036 2248
2946 25038 5902
2947 25048 5652
2948 25056 1314
2949 25056 5190
2950 25058 2726
2951 25058 7766
2952 25066 1824
2953 25086 6356
2954 25086 7302
2955 25088 2080
2956 25090 2566
2957 25102 2612
2958 25102 7406
2959 25108 6130
2960 25116 1530
2961 25116 6202
2962 25124 7696
2963 25124 8488
2964 25130 7622
2965 25160 2534
2966 25170 1128
2967 25170 2586
2968 25180 2014
2969 25210 3936
2970 25228 6340
2971 25234 5186
2972 25256 3030
2973 25272 2190
2974 25290 3252
2975 25300 5746
2976 25306 6178
2977 25312 3980
2978 25318 5740
2979 25338 1514
2980 25344 3638
2981 25344 4060
2982 25352 4996
2983 25378 7528
2984 25388 7612
2985 25398 5034
2986 25400 5994
2987 25438 3858
2988 25462 5780
2989 25464 5908
2990 25466 8440
2991 25474 2094
2992 25484 3890
2993 25492 7282
2994 25510 3668
2995 25526 2326
2996 25532 2390
2997 25534 7684
2998 25550 6214
2999 25564 2634
3 1 8 4 
5 6 7 3 0 2 
4 13 1 10 17 
2 27 1 
3 0 8 5 
3 9 4 8 
3 7 1 24 
3 22 1 6 
5 12 5 4 0 23 
3 10 5 11 
3 2 9 14 
5 31 49 15 9 12 
4 25 11 8 20 
3 24 2 18 
3 16 10 15 
3 26 14 11 
3 17 14 19 
3 2 16 39 
6 41 59 13 28 45 33 
3 21 16 26 
3 30 12 29 
3 42 19 34 
5 27 7 65 127 131 
7 962 316 134 102 29 8 1656 
3 60 6 13 
3 32 12 30 
3 34 19 15 
4 308 3 22 103 
3 18 38 35 
3 37 20 23 
3 36 25 20 
3 49 11 32 
3 31 25 43 
3 63 18 40 
4 21 26 69 50 
3 28 38 44 
3 56 30 57 
3 46 29 75 
3 35 28 39 
3 38 17 42 
3 62 33 51 
3 54 53 18 
3 44 39 21 
3 55 32 61 
4 52 35 42 47 
3 18 52 48 
3 57 37 58 
3 93 44 50 
3 51 45 52 
3 69 11 31 
3 47 34 89 
3 70 40 48 
5 80 48 45 44 68 
3 74 41 54 
3 53 41 63 
3 77 43 64 
4 67 61 36 57 
4 67 56 36 46 
3 71 46 75 
3 66 60 18 
3 65 24 59 
3 64 43 56 
3 85 40 72 
4 87 54 33 85 
4 86 73 55 61 
4 104 22 60 66 
3 65 59 74 
3 84 56 57 
3 80 52 93 
3 89 34 49 
4 72 51 83 95 
3 79 76 58 
3 62 70 119 
3 77 64 98 
3 90 66 53 
4 78 58 37 102 
3 84 71 81 
3 91 55 73 
3 115 82 75 
3 81 71 88 
3 83 52 68 
3 100 76 79 
3 110 88 78 
3 70 80 106 
3 86 67 76 
3 63 62 133 
3 97 64 84 
3 94 63 126 
3 105 79 82 
3 91 50 69 
3 108 74 94 
4 92 96 89 77 
3 113 91 111 
3 68 47 99 
3 101 90 87 
3 70 106 109 
3 116 99 91 
3 98 86 100 
3 73 97 111 
3 116 93 96 
3 97 81 107 
3 108 94 141 
4 193 132 75 23 
4 114 180 27 142 
4 127 65 108 124 
4 107 88 110 112 
4 109 95 83 116 
3 111 100 105 
4 104 90 101 124 
3 158 95 106 
3 105 82 112 
4 92 98 107 120 
3 105 110 118 
3 125 92 130 
3 165 176 103 
3 117 78 154 
4 121 106 99 96 
3 118 115 155 
3 122 112 117 
3 72 173 123 
3 111 122 128 
3 151 116 125 
3 120 118 129 
3 159 119 185 
3 104 108 163 
3 121 113 139 
3 141 87 135 
3 131 22 104 
3 130 120 136 
3 122 146 137 
3 138 113 128 
3 22 127 142 
4 193 166 162 102 
3 135 85 157 
3 325 187 23 
3 170 126 133 
3 152 128 140 
3 140 129 149 
3 144 143 130 
3 145 125 143 
3 136 137 188 
3 163 101 126 
4 103 131 171 160 
3 147 139 138 
4 148 138 152 177 
3 150 139 147 
3 149 129 167 
3 145 143 156 
3 153 144 196 
3 137 146 188 
3 151 145 161 
3 158 121 150 
3 144 136 177 
3 156 148 184 
3 155 115 162 
4 167 117 154 253 
3 161 147 153 
3 194 133 159 
3 168 109 151 
3 157 123 185 
3 183 142 234 
3 150 156 164 
4 154 132 166 182 
4 124 141 170 172 
3 181 161 169 
3 176 114 174 
3 182 162 132 
4 188 146 155 249 
3 190 173 158 
3 201 164 184 
3 163 135 194 
3 142 186 197 
3 186 163 195 
3 189 119 168 
3 175 165 183 
3 178 174 192 
4 180 114 165 179 
3 144 152 191 
3 179 175 360 
3 176 178 311 
3 199 103 176 
3 206 190 164 
3 162 166 236 
3 212 174 160 
3 169 153 204 
4 198 159 123 189 
3 171 172 195 
3 193 134 326 
4 203 140 149 167 
3 202 185 173 
3 211 168 181 
3 196 177 205 
3 313 175 251 
4 236 132 102 187 
3 195 170 157 
5 186 172 194 198 219 
3 207 148 191 
3 230 171 227 
3 195 185 200 
3 237 221 180 
3 198 202 210 
3 216 169 208 
3 200 189 210 
3 205 188 235 
3 209 184 207 
3 214 191 203 
4 218 181 216 254 
3 215 204 196 
3 222 201 209 
3 223 208 204 
3 200 202 211 
3 210 190 213 
3 251 183 252 
3 219 211 217 
4 220 205 235 241 
4 226 233 207 220 
3 206 201 224 
3 219 213 218 
3 228 217 206 
4 195 213 217 225 
3 215 214 243 
3 298 199 237 
3 224 208 232 
3 239 209 233 
3 216 222 232 
3 227 219 229 
3 242 238 215 
3 197 225 231 
3 229 218 254 
3 225 228 240 
3 234 197 277 
3 265 227 244 
3 224 222 239 
3 223 215 268 
4 255 160 230 303 
3 214 203 247 
3 248 182 193 
3 221 199 294 
3 270 226 242 
3 232 223 246 
4 229 257 276 261 
3 214 245 250 
4 271 238 226 243 
4 242 220 283 279 
3 231 267 269 
3 241 247 250 
3 260 239 275 
3 245 235 249 
3 256 236 499 
4 247 167 264 371 
3 241 245 283 
3 192 212 266 
3 263 212 255 
3 262 155 256 
3 228 206 258 
3 252 234 302 
3 253 248 494 
3 276 240 259 
3 259 254 260 
3 257 258 282 
3 258 246 284 
3 240 293 280 
3 264 253 371 
3 266 252 309 
3 249 262 371 
3 292 231 272 
3 251 263 299 
3 244 280 278 
3 275 233 273 
3 272 244 278 
3 273 238 271 
3 270 242 310 
3 265 269 274 
3 281 268 270 
3 291 272 280 
3 246 268 281 
3 240 257 286 
3 230 288 290 
3 269 267 280 
4 337 327 243 283 
5 274 278 267 261 296 
3 285 275 273 
3 259 318 289 
4 279 243 250 381 
3 260 285 287 
3 284 281 310 
3 293 276 289 
3 284 312 300 
3 290 277 292 
3 286 282 297 
3 277 288 319 
3 307 274 295 
3 307 288 265 
3 261 286 372 
3 301 237 314 
3 291 315 328 
3 280 372 322 
3 289 330 375 
3 308 221 304 
3 313 266 341 
3 318 287 345 
3 305 294 314 
3 336 255 339 
3 339 234 334 
3 298 305 306 
3 304 301 323 
3 304 323 474 
4 346 292 291 320 
5 317 1869 27 298 324 
3 340 263 336 
3 285 271 327 
3 333 179 395 
3 287 327 348 
3 359 192 299 
3 301 294 323 
3 328 295 329 
3 972 352 23 
3 718 1869 308 
3 282 300 335 
3 321 290 346 
3 368 307 338 
3 380 334 319 
4 342 329 296 401 
4 306 305 314 333 
3 703 308 332 
3 326 134 352 
3 497 187 325 
4 349 312 310 279 
3 331 295 315 
3 343 315 322 
3 355 297 335 
3 338 328 347 
3 324 373 445 
3 323 311 421 
3 353 303 321 
3 330 318 374 
4 364 309 302 339 
5 350 351 279 403 396 
3 320 331 366 
4 336 302 303 358 
3 341 309 354 
3 299 340 434 
4 344 343 322 365 
3 363 329 342 
3 369 342 367 
3 392 300 348 
3 368 319 307 
3 357 331 363 
3 345 312 362 
3 362 327 356 
3 391 351 337 
3 356 337 350 
3 325 316 650 
3 382 358 334 
3 340 364 388 
3 375 330 394 
3 383 349 351 
4 393 366 347 419 
3 390 339 353 
3 361 313 370 
3 377 178 361 
3 377 360 359 
3 387 348 349 
3 347 343 369 
3 388 354 336 
3 342 401 367 
3 420 338 357 
3 344 365 384 
3 378 346 320 
3 363 344 398 
3 404 359 448 
4 249 264 262 422 
3 296 293 386 
3 332 376 445 
4 389 394 335 392 
3 385 297 355 
3 373 379 513 
3 395 360 361 
3 406 368 417 
3 376 453 397 
3 399 321 406 
3 403 283 407 
3 399 390 353 
3 387 356 391 
3 402 367 401 
3 438 375 394 
3 372 439 416 
3 400 362 383 
3 405 354 364 
3 435 477 374 
3 405 358 382 
3 383 350 426 
3 374 345 400 
3 414 411 357 
4 475 385 355 374 
3 311 377 421 
3 492 337 415 
3 379 453 418 
3 369 402 413 
3 446 382 380 
3 392 387 577 
4 384 365 322 416 
3 409 398 384 
3 337 381 408 
3 412 370 448 
3 434 388 390 
3 442 380 378 
3 410 381 422 
4 415 403 410 443 
3 413 402 424 
3 443 408 407 
3 427 436 393 
3 421 404 467 
3 419 398 409 
3 437 393 428 
3 585 396 408 
4 429 401 386 439 
3 440 378 420 
3 397 526 507 
3 357 413 423 
3 440 417 366 
4 333 395 412 464 
3 407 371 508 
3 428 419 425 
3 409 430 425 
3 423 424 430 
3 485 391 492 
3 433 411 437 
3 432 414 423 
3 461 431 416 
4 444 425 424 431 
4 454 459 430 429 
3 456 428 444 
3 449 436 427 
3 448 341 405 
3 584 477 389 
3 441 411 433 
4 447 427 414 452 
3 490 439 385 
5 470 468 416 386 438 
3 441 417 420 
4 458 442 440 436 
3 451 406 441 
4 408 410 487 491 
3 460 432 430 
3 332 373 457 
3 450 399 451 
3 471 449 437 
4 404 370 434 450 
3 465 433 447 
3 467 448 446 
3 446 442 455 
3 472 437 456 
4 397 379 474 526 
3 459 431 480 
3 463 451 458 
3 452 432 462 
3 610 445 469 
3 455 441 465 
3 466 431 454 
3 462 444 466 
3 479 429 468 
3 484 456 460 
3 489 493 455 
3 586 421 482 
3 489 458 449 
3 478 460 459 
3 482 412 450 
3 461 439 470 
3 457 523 536 
3 476 468 439 
3 489 447 473 
3 498 473 452 
3 488 471 472 
3 453 306 586 
3 641 520 394 
2 486 470 
3 596 389 435 
3 484 466 481 
3 504 480 461 
3 481 454 479 
3 483 478 480 
3 510 464 467 
3 495 481 506 
3 496 462 478 
3 590 426 501 
3 549 476 490 
3 491 443 518 
3 500 489 473 
5 516 463 465 471 488 
3 519 486 438 
3 505 443 487 
3 426 396 521 
3 510 463 517 
3 508 256 499 
3 509 483 515 
3 503 484 509 
3 511 326 726 
3 502 472 503 
3 494 248 511 
3 524 488 502 
3 485 521 522 
3 500 498 527 
3 498 496 527 
3 549 506 479 
3 591 491 533 
3 512 483 504 
3 514 418 547 
3 518 422 494 
3 537 496 495 
3 582 482 493 
3 529 499 497 
3 538 515 506 
3 523 376 514 
3 627 513 507 
3 535 495 512 
3 517 489 524 
3 540 493 516 
3 487 508 528 
3 546 490 520 
3 554 519 475 
3 501 492 587 
3 501 532 534 
3 536 469 513 
4 530 516 500 525 
3 524 545 552 
3 418 453 550 
3 502 503 531 
3 533 518 529 
5 617 583 544 528 511 
3 559 542 524 
3 539 527 564 
3 522 599 615 
3 505 528 541 
4 686 522 635 663 
3 555 515 538 
3 667 469 523 
3 560 562 509 
3 535 512 548 
3 558 545 531 
3 601 517 542 
3 575 533 543 
3 601 540 530 
2 541 544 
3 569 543 529 
3 525 539 556 
3 565 553 519 
4 571 507 568 691 
3 551 538 549 
4 548 504 486 553 
3 526 637 568 
3 563 555 548 
3 574 525 567 
3 557 549 546 
3 685 565 520 
3 570 535 551 
5 566 653 581 545 558 
3 690 563 553 
3 556 539 611 
3 603 530 572 
3 570 561 537 
2 562 560 
3 564 537 561 
3 579 551 557 
3 580 531 562 
3 693 546 554 
3 682 700 556 
3 595 552 581 
4 691 547 550 640 
3 576 575 544 
3 573 560 555 
3 639 547 621 
3 593 559 574 
3 580 570 579 
3 578 572 552 
3 613 541 569 
3 619 569 583 
3 589 400 590 
4 630 642 594 574 
4 654 695 573 563 
3 611 564 573 
3 645 567 556 
3 602 588 510 
3 631 576 529 
3 596 435 589 
4 598 415 597 651 
4 474 464 588 620 
3 599 521 598 
3 586 582 592 
3 634 584 577 
4 707 577 485 696 
3 597 505 613 
3 588 602 616 
3 605 600 572 
3 609 606 578 
3 658 630 567 
3 626 477 584 
4 585 591 618 675 
3 647 587 585 
4 628 615 532 587 
3 604 603 593 
3 608 540 542 
3 592 582 608 
3 607 559 600 
3 612 600 623 
3 624 593 606 
4 605 594 609 614 
3 608 603 612 
4 602 601 607 622 
3 606 594 614 
3 703 457 667 
3 670 558 580 
3 622 607 604 
3 591 575 619 
3 606 609 643 
3 629 532 599 
3 620 592 652 
3 644 529 746 
3 597 649 679 
3 613 576 625 
3 637 586 616 
3 636 571 708 
3 608 612 657 
3 661 604 624 
4 623 605 656 664 
3 632 619 631 
3 641 596 634 
3 667 514 666 
3 629 599 638 
4 635 615 628 638 
3 648 578 595 
5 655 633 625 583 676 
3 649 625 633 
3 632 631 655 
4 660 626 589 646 
3 663 534 629 
3 852 639 621 
3 550 620 662 
4 629 628 647 705 
3 666 571 636 
3 784 568 665 
3 660 475 626 
3 656 643 578 
3 614 642 656 
3 770 681 617 
3 672 581 653 
3 659 634 709 
3 638 598 716 
3 669 630 673 
3 618 632 679 
3 733 352 750 
3 585 675 716 
3 616 657 671 
3 710 645 556 
3 695 579 692 
3 633 631 676 
4 624 643 642 668 
4 684 652 622 661 
3 673 595 672 
3 678 646 729 
3 677 641 634 
4 657 623 683 680 
3 689 637 671 
3 534 635 704 
3 683 624 674 
3 640 689 749 
3 785 627 639 
4 793 610 536 627 
3 674 656 669 
3 668 648 698 
3 682 611 722 
3 662 652 684 
3 694 658 645 
4 648 658 694 698 
3 664 668 745 
3 651 597 790 
3 655 631 681 
3 685 660 678 
3 677 659 729 
3 618 649 747 
3 661 688 735 
3 747 676 644 
3 700 566 670 
3 661 664 731 
3 671 657 756 
4 702 554 677 740 
3 725 687 534 
3 696 686 725 
3 680 731 782 
4 665 662 728 754 
3 692 557 693 
3 708 547 568 
3 697 654 690 
3 690 565 702 
3 673 672 727 
3 720 579 654 
3 715 590 687 
3 706 692 699 
3 669 673 712 
3 697 702 701 
3 710 566 682 
3 706 699 702 
6 717 713 701 699 693 685 
3 718 324 610 
3 711 663 739 
3 638 821 739 
3 720 697 701 
3 709 590 715 
3 796 621 691 
3 719 646 707 
3 727 653 700 
3 732 704 759 
3 714 698 734 
3 720 702 717 
3 730 712 773 
3 723 707 696 
3 647 651 816 
4 724 713 702 721 
4 1869 317 703 797 
3 729 709 723 
5 722 695 706 713 741 
3 724 717 743 
3 670 720 789 
3 719 715 742 
3 738 717 721 
4 748 687 686 732 
3 752 497 733 
3 694 710 734 
3 689 736 767 
4 678 659 719 737 
3 751 714 875 
3 688 683 745 
3 769 725 711 
3 726 650 826 
3 712 727 818 
3 680 804 763 
3 755 728 761 
3 740 729 753 
3 741 724 760 
3 704 705 809 
3 743 685 737 
3 762 720 738 
3 757 723 744 
3 758 721 740 
3 742 748 765 
4 782 731 674 751 
3 771 617 752 
4 781 780 679 681 
3 744 725 768 
4 792 786 665 772 
3 826 650 972 
3 782 745 730 
3 746 726 862 
3 764 737 757 
3 772 689 791 
3 767 736 775 
3 761 684 802 
3 753 742 766 
3 778 760 743 
3 836 711 815 
3 776 738 758 
3 775 736 756 
3 789 741 776 
3 802 735 823 
3 801 783 753 
3 774 744 768 
3 798 757 774 
3 728 755 788 
3 765 748 769 
3 777 768 732 
3 781 644 771 
3 838 770 746 
3 749 754 805 
3 875 714 819 
3 794 766 765 
3 755 761 813 
3 795 762 760 
3 810 769 851 
3 795 758 779 
3 799 778 783 
3 830 790 747 
3 854 747 770 
4 804 688 745 751 
3 807 779 764 
3 787 640 786 
3 860 825 666 
3 784 749 792 
3 800 784 820 
3 791 767 874 
3 818 722 762 
3 675 780 816 
3 754 788 849 
3 786 749 822 
3 797 667 825 
3 798 774 810 
3 811 776 778 
4 828 708 800 839 
3 718 793 817 
3 808 766 794 
3 832 812 779 
3 796 787 827 
3 803 764 808 
4 813 756 763 837 
3 840 806 801 
3 735 782 823 
3 814 772 843 
4 829 858 807 803 
3 834 783 806 
3 801 798 835 
3 815 739 847 
3 794 777 855 
3 818 795 812 
3 831 811 799 
3 775 802 837 
3 902 822 805 
3 836 759 809 
4 821 716 790 830 
3 1882 797 860 
4 734 789 811 833 
3 773 848 845 
4 827 787 824 930 
3 705 816 844 
3 824 792 814 
3 763 804 912 
3 820 822 930 
3 793 785 860 
3 733 750 972 
3 800 820 931 
3 856 796 981 
4 861 867 806 841 
3 842 816 780 
3 833 812 832 
3 831 799 834 
3 848 818 831 
3 846 832 807 
3 914 808 853 
3 851 759 815 
3 813 802 874 
3 857 771 884 
3 796 868 981 
4 936 889 841 803 
3 886 829 840 
3 850 830 854 
3 805 849 880 
3 847 821 850 
3 873 819 848 
3 848 834 863 
3 870 809 844 
5 873 845 819 833 846 
3 843 791 928 
3 844 842 879 
3 777 836 869 
3 860 636 859 
3 835 855 882 
3 842 781 864 
3 853 810 872 
3 859 828 877 
4 885 865 864 838 
3 863 806 866 
3 871 852 856 
5 817 825 785 852 897 
3 878 890 829 
4 884 752 983 979 
3 876 846 858 
3 854 857 865 
3 879 864 857 
3 858 867 887 
3 887 866 829 
3 839 931 1013 
3 872 851 870 
4 904 893 869 847 
3 897 859 989 
3 881 855 869 
3 898 845 848 
3 788 837 946 
3 898 730 773 
3 895 863 892 
3 967 856 883 
3 890 861 886 
4 903 850 865 885 
3 980 843 977 
4 899 896 872 891 
4 894 900 853 896 
3 954 877 975 
3 913 838 862 
3 879 857 888 
3 878 841 889 
3 909 866 867 
7 998 927 939 885 926 917 943 
3 886 840 923 
3 901 861 878 
3 905 881 893 
3 895 876 906 
3 891 870 904 
3 900 882 918 
3 919 876 892 
3 882 881 899 
3 1573 860 871 
4 912 875 873 919 
3 896 881 910 
3 908 882 894 
3 909 890 907 
3 971 814 980 
3 953 916 879 
3 920 893 870 
3 938 910 891 
4 915 892 909 1033 
3 901 924 959 
3 911 900 921 
6 906 887 901 951 993 956 
3 925 899 905 
4 1016 914 908 976 
3 823 898 987 
3 968 926 884 
3 950 835 911 
3 935 906 942 
3 920 903 922 
3 888 926 929 
3 940 894 925 
4 957 898 895 935 
3 934 904 916 
3 908 933 944 
4 969 932 916 953 
3 924 889 937 
3 907 923 945 
3 938 918 910 
5 941 929 917 888 913 
3 999 939 888 
3 849 946 977 
3 949 917 926 
3 820 824 971 
3 868 827 971 
3 958 948 922 
3 944 921 940 
3 960 938 920 
3 1028 919 915 
3 937 840 950 
3 945 923 936 
4 961 925 905 934 
3 963 888 927 
3 961 933 918 
3 955 949 926 
3 1026 915 1027 
3 998 888 947 
3 952 921 933 
3 959 924 937 
3 928 874 1003 
3 943 949 1008 
4 991 966 932 958 
4 947 929 941 974 
4 1011 936 914 1010 
3 909 988 1121 
3 973 944 965 
3 922 903 963 
3 967 883 990 
3 1019 974 941 
3 909 996 997 
3 964 919 1031 
3 1012 948 932 
3 907 945 988 
3 982 934 970 
4 986 965 940 938 
3 1048 23 1215 
3 953 939 999 
4 984 957 1032 1029 
3 952 961 986 
3 1005 970 948 
3 989 877 954 
3 992 913 1038 
4 978 1014 922 1049 
3 1006 960 966 
4 931 930 902 1001 
7 1007 1004 983 826 750 316 1048 
3 976 952 995 
3 994 949 955 
3 985 883 1024 
3 911 973 995 
4 880 928 1158 1160 
3 1095 1035 969 
3 1041 862 983 
4 1020 1021 902 880 
3 828 839 1024 
3 986 960 1018 
4 1125 979 862 972 
3 987 964 1034 
3 990 975 1140 
5 1002 1000 965 961 982 
3 1003 912 984 
3 951 959 1011 
3 1530 871 967 
3 954 985 1123 
3 1009 948 1030 
3 1088 1019 968 
3 996 909 1134 
3 1082 1008 974 
4 1016 976 973 1015 
3 956 993 1072 
3 1054 956 1061 
3 1046 888 943 
3 1046 963 927 
3 1045 1015 986 
3 1013 971 1021 
3 1056 986 1071 
4 946 987 1034 1059 
3 1186 972 1007 
3 1040 966 1009 
3 1018 970 1039 
3 1004 972 1048 
3 1047 947 994 
3 1025 1005 991 
3 950 1017 1064 
3 988 950 1089 
3 1030 958 1014 
3 868 1001 1068 
4 1085 1012 969 1044 
3 1023 995 1000 
3 1017 911 995 
4 1010 1016 1023 1060 
3 982 1006 1022 
3 1063 955 992 
3 1080 980 1167 
3 1068 1001 980 
3 1071 1018 1078 
3 1017 1015 1045 
3 975 981 1068 
4 1057 1081 1009 1075 
3 1042 942 1027 
3 1026 942 1062 
3 1031 935 1042 
3 1043 964 1051 
3 1083 991 1012 
3 1037 957 1028 
3 1036 964 1037 
3 1062 906 1054 
3 1003 984 1043 
3 1107 1052 978 
4 1051 1032 1097 1103 
3 1032 1031 1105 
3 1088 968 1041 
3 1006 1040 1055 
3 1055 1039 1005 
3 1118 1038 979 
3 1028 1026 1066 
3 1053 1034 1029 
3 1085 1014 1052 
4 1023 1000 1056 1067 
3 1050 999 998 
3 1156 1074 1008 
6 1257 1124 1111 1007 972 962 
3 969 1058 1090 
3 1069 1046 1074 
3 1029 1036 1106 
3 1161 1044 1035 
3 1059 1043 1065 
3 1033 997 1073 
3 1087 1039 1040 
3 1045 1002 1067 
3 1086 1081 1025 
3 1049 1069 1076 
3 1158 1003 1053 
3 1064 1017 1101 
3 1070 997 1072 
4 1066 1027 1033 1079 
4 1082 1019 1112 1177 
3 1010 1060 1089 
3 1053 1100 1211 
4 1042 1062 1108 1099 
3 1045 1056 1092 
4 1024 1013 1021 1080 
3 1058 1050 1110 
3 1073 1061 1102 
3 1002 1022 1092 
3 1061 996 1129 
3 1077 1054 1070 
3 1110 1050 1047 
3 1162 1025 1083 
3 1090 1058 1119 
3 1079 1073 1093 
3 1084 1022 1091 
3 1062 1077 1135 
3 1094 1068 1020 
4 1087 1025 1057 1086 
3 1179 994 1063 
3 1075 1030 1139 
3 1122 1092 1078 
3 1128 1014 1044 
3 1081 1057 1166 
4 1091 1055 1081 1178 
3 1112 992 1038 
3 1011 1064 1151 
3 1096 1049 1076 
3 1120 1078 1087 
4 1101 1067 1071 1084 
3 1077 1098 1104 
3 1140 1080 1117 
3 1107 978 1096 
3 1154 1095 1090 
3 1036 1116 1113 
3 1093 1102 1104 
5 1105 1066 1109 1126 1150 
3 1065 1106 1153 
3 1137 1060 1092 
3 1098 1070 1131 
3 1115 1036 1174 
3 1093 1098 1138 
3 1114 1037 1099 
3 1100 1051 1115 
3 1182 1035 1095 
3 1109 1066 1147 
3 1099 1108 1149 
3 1069 1074 1146 
4 1229 1183 1048 1124 
4 1177 1063 1088 1118 
3 1097 1152 1174 
3 1116 1105 1216 
3 1106 1103 1325 
3 1152 1097 1114 
3 1132 1094 1198 
3 1112 1041 1125 
3 1155 1076 1146 
3 1133 1091 1148 
3 1134 951 1172 
3 1127 1084 1133 
3 990 1180 1262 
4 1239 1111 1048 1274 
3 1208 1118 983 
3 1099 1149 1150 
3 1145 1130 1122 
3 1139 1085 1136 
3 1131 1072 1142 
3 1137 1127 1145 
3 1102 1129 1217 
3 1181 1117 1351 
4 1122 1120 1148 1163 
3 993 1121 1142 
3 1147 1079 1141 
3 1191 1128 1161 
3 1151 1101 1130 
3 1144 1104 1143 
3 1162 1083 1128 
3 1195 985 1094 
3 1157 1135 1144 
3 1129 1134 1176 
3 1138 1212 1170 
3 1141 1138 1175 
3 1130 1127 1171 
3 1119 1110 1156 
3 1108 1135 1157 
3 1133 1120 1165 
4 1306 1126 1109 1159 
3 1099 1126 1216 
3 1089 1137 1172 
3 1113 1116 1303 
3 1100 1372 1211 
5 1189 1096 1155 1200 1168 
3 1154 1119 1173 
3 1146 1047 1179 
3 1164 1147 1141 
3 977 1059 1188 
3 1149 1164 1214 
3 1167 977 1184 
3 1136 1052 1190 
3 1166 1075 1139 
3 1133 1209 1185 
3 1159 1157 1169 
3 1148 1203 1199 
3 1178 1086 1162 
3 1020 1160 1198 
3 1154 1232 1204 
3 1225 1164 1175 
3 1193 1143 1210 
3 1207 1145 1221 
3 1121 1151 1201 
3 1200 1155 1213 
3 1103 1113 1297 
3 1169 1144 1205 
3 1142 1226 1217 
3 1218 1063 1112 
3 1087 1166 1202 
3 1187 1156 1082 
3 1262 1123 1197 
3 1194 1132 1382 
3 1190 1107 1189 
3 1186 1111 1244 
3 1255 1160 1188 
3 1221 1163 1209 
3 1208 1004 1183 
3 1192 1179 1236 
3 1184 1158 1405 
3 1182 1154 1238 
3 1233 1161 1182 
3 1202 1136 1233 
3 1213 1187 1236 
3 1205 1170 1222 
3 1196 1181 1382 
4 1268 1197 1140 1196 
3 1333 1195 1194 
3 1262 1180 1195 
3 1117 1167 1248 
3 1209 1165 1271 
3 1154 1173 1220 
3 1226 1172 1206 
3 1203 1178 1191 
4 1165 1202 1223 1227 
3 1230 1168 1245 
3 1265 1175 1193 
3 1201 1207 1237 
3 1206 1171 1231 
3 1218 1125 1186 
4 1185 1163 1199 1295 
3 1219 1170 1212 
3 1065 1153 1405 
3 1210 1143 1217 
3 1173 1192 1236 
4 1285 1304 1159 1228 
3 1260 962 1656 
3 1114 1150 1306 
4 1212 1131 1176 1258 
3 1236 1177 1208 
3 1222 1210 1249 
3 1224 1200 1263 
3 1235 1171 1185 
3 1293 1193 1219 
3 1203 1242 1253 
3 1232 1220 1256 
3 1228 1169 1265 
3 1176 1201 1243 
3 1203 1286 1278 
3 1234 1214 1225 
4 1246 1111 1240 1341 
3 1238 1204 1289 
3 1237 1207 1235 
3 1168 1224 1247 
3 1191 1190 1259 
3 1283 1228 1250 
4 1279 1264 1231 1221 
5 1213 1192 1187 1218 1263 
3 1241 1206 1231 
3 1281 1189 1230 
3 1240 1124 1342 
3 1229 1239 1341 
4 1267 1243 1237 1290 
3 1223 1259 1281 
3 1261 1226 1241 
3 1275 1183 1254 
3 1300 1204 1251 
3 1254 1229 1296 
3 1251 1232 1270 
3 1384 1198 1255 
3 1219 1252 1287 
3 1292 1234 1265 
3 1245 1247 1266 
3 1249 1258 1261 
3 1223 1273 1276 
3 1282 1244 1246 
3 1329 1248 1184 
3 1270 1224 1275 
3 1269 1048 1407 
3 1252 1217 1261 
3 1242 1233 1281 
3 1407 1215 1650 
4 1252 1258 1243 1267 
4 1308 1123 1180 1197 
3 1220 1236 1275 
4 1280 1235 1279 1284 
4 1330 1250 1225 1205 
3 1251 1299 1272 
3 1277 1261 1241 
3 1380 1308 1195 
3 1503 1274 1257 
3 1247 1256 1299 
3 1324 1199 1288 
3 1266 1322 1320 
3 1276 1253 1305 
3 1342 1124 1269 
4 1256 1263 1244 1282 
3 1286 1253 1273 
3 1315 1301 1267 
3 1227 1298 1288 
3 1264 1235 1307 
3 1336 1290 1264 
4 1242 1259 1238 1291 
3 1275 1254 1322 
3 1285 1234 1294 
3 1323 1264 1302 
4 1304 1214 1283 1366 
3 1298 1227 1276 
3 1316 1249 1309 
4 1313 1271 1278 1298 
3 1317 1230 1300 
3 1326 1241 1280 
3 1281 1317 1310 
3 1294 1250 1370 
3 1330 1222 1312 
4 1283 1292 1385 1368 
3 1307 1209 1324 
3 1348 1246 1409 
3 1325 1174 1334 
4 1288 1278 1286 1318 
3 1266 1270 1322 
4 1328 1289 1245 1349 
3 1309 1277 1319 
3 1323 1284 1307 
3 1152 1306 1334 
3 1354 1214 1285 
3 1311 1273 1314 
4 1303 1216 1149 1350 
4 1375 1302 1279 1295 
3 1530 1262 1268 
3 1343 1287 1301 
3 1314 1291 1335 
3 1318 1305 1314 
3 1378 1293 1316 
3 1324 1288 1359 
4 1311 1305 1310 1335 
3 1319 1277 1326 
3 1346 1312 1287 
3 1291 1289 1327 
3 1298 1311 1332 
3 1301 1315 1321 
3 1362 1272 1364 
3 1337 1319 1355 
4 1272 1299 1282 1348 
3 1347 1284 1302 
4 1344 1295 1271 1313 
3 1115 1297 1423 
3 1315 1290 1336 
3 1338 1317 1331 
3 1331 1300 1352 
3 1399 1255 1414 
3 1370 1265 1293 
3 1340 1327 1328 
3 1359 1318 1335 
3 1380 1196 1339 
3 1297 1303 1377 
4 1332 1314 1310 1338 
3 1347 1326 1280 
3 1406 1345 1321 
4 1356 1335 1327 1340 
3 1333 1382 1353 
3 1386 1338 1331 
3 1229 1240 1503 
3 1239 1274 1503 
3 1346 1309 1358 
3 1363 1324 1357 
3 1406 1358 1337 
3 1369 1316 1343 
4 1406 1355 1336 1323 
3 1360 1322 1296 
3 1361 1300 1362 
3 1377 1306 1354 
3 1382 1132 1384 
3 1365 1328 1361 
3 1435 1339 1439 
3 1431 1350 1304 
3 1406 1321 1347 
3 1390 1374 1338 
3 1363 1344 1359 
3 1420 1343 1345 
4 1367 1357 1313 1332 
3 1379 1348 1397 
3 1400 1352 1349 
3 1349 1320 1376 
3 1381 1344 1357 
3 1373 1320 1379 
3 1388 1386 1352 
3 1285 1383 1387 
3 1403 1359 1374 
3 1371 1294 1402 
3 1396 1378 1346 
3 1385 1292 1330 
3 1383 1368 1413 
3 1425 1153 1423 
3 1376 1364 1395 
3 1367 1356 1390 
3 1392 1307 1381 
3 1417 1362 1373 
3 1423 1334 1350 
3 1402 1312 1369 
3 1364 1360 1391 
3 1626 1268 1333 
3 1389 1375 1363 
5 1339 1194 1181 1351 1424 
4 1455 1387 1366 1371 
3 1351 1248 1399 
3 1294 1370 1402 
3 1398 1340 1365 
3 1454 1366 1383 
3 1419 1365 1400 
3 1392 1381 1394 
4 1451 1374 1356 1393 
3 1395 1379 1397 
3 1406 1375 1389 
3 1473 1390 1398 
3 1408 1389 1403 
3 1373 1391 1418 
3 1401 1369 1427 
3 1391 1360 1415 
3 1393 1386 1411 
3 1384 1329 1414 
3 1388 1361 1417 
3 1404 1441 1396 
4 1368 1385 1378 1416 
3 1430 1394 1367 
3 1444 1401 1452 
4 1412 1188 1211 1438 
6 1420 1345 1337 1355 1347 1392 
3 1257 1260 1558 
3 1460 1394 1410 
4 1554 1415 1296 1507 
3 1432 1408 1437 
3 1422 1398 1419 
3 1428 1429 1405 
3 1462 1371 1416 
3 1399 1329 1429 
5 1480 1465 1418 1397 1409 
3 1413 1402 1441 
3 1421 1400 1376 
4 1457 1421 1395 1415 
3 1434 1411 1388 
3 1427 1358 1406 
3 1485 1417 1418 
3 1426 1411 1433 
4 1372 1325 1377 1431 
3 1382 1436 1463 
3 1438 1372 1449 
3 1477 1422 1433 
3 1396 1420 1482 
3 1458 1475 1412 
3 1436 1414 1412 
3 1453 1437 1403 
4 1449 1423 1354 1469 
3 1447 1410 1448 
4 1484 1426 1422 1434 
4 1471 1500 1433 1419 
3 1626 1353 1440 
3 1424 1429 1468 
3 1410 1430 1450 
3 1476 1405 1425 
5 1445 1443 1442 1353 1474 
3 1435 1442 1502 
4 1446 1416 1401 1456 
3 1440 1439 1443 
3 1502 1442 1439 
3 1456 1404 1452 
3 1493 1529 1439 
3 1467 1441 1487 
3 1489 1460 1432 
3 1432 1481 1504 
3 1476 1425 1431 
3 1481 1437 1453 
3 1478 1461 1390 
3 1444 1404 1459 
3 1450 1430 1461 
3 1469 1387 1455 
3 1454 1383 1462 
3 1501 1441 1444 
3 1494 1485 1418 
3 1552 1428 1506 
3 1452 1482 1532 
3 1482 1408 1447 
3 1453 1451 1479 
3 1455 1413 1464 
3 1470 1424 1468 
3 1513 1462 1466 
3 1497 1490 1415 
3 1464 1467 1498 
4 1466 1446 1487 1472 
3 1463 1436 1475 
3 1488 1431 1454 
4 1523 1474 1463 1543 
3 1500 1434 1491 
3 1467 1521 1522 
3 1483 1393 1477 
3 1510 1439 1470 
3 1541 1468 1428 
4 1506 1438 1449 1486 
3 1473 1426 1484 
3 1479 1451 1483 
3 1461 1478 1520 
3 1551 1497 1415 
3 1448 1450 1519 
4 1459 1427 1460 1489 
3 1478 1473 1559 
5 1477 1433 1516 1570 1509 
3 1491 1421 1457 
3 1511 1476 1496 
3 1467 1446 1501 
3 1496 1469 1508 
3 1482 1447 1499 
4 1550 1494 1465 1492 
3 1471 1485 1515 
3 1582 1490 1524 
3 1782 1445 1495 
3 1515 1457 1490 
3 1505 1493 1510 
3 1514 1486 1488 
3 1524 1465 1480 
3 1513 1466 1522 
3 1489 1504 1534 
3 1516 1434 1471 
3 1487 1456 1521 
3 1527 1440 1443 
5 1507 1341 1342 1269 1558 
3 1499 1448 1519 
3 1747 1495 1528 
4 1552 1458 1476 1511 
3 1409 1503 1512 
3 1533 1488 1513 
3 1559 1484 1594 
4 1518 1495 1474 1517 
3 1539 1506 1486 
3 1578 1507 1631 
4 1560 1508 1464 1498 
3 1526 1496 1531 
3 1577 1491 1494 
3 1484 1500 1570 
3 1510 1523 1562 
3 1528 1510 1595 
3 1504 1481 1536 
3 1536 1479 1559 
3 1472 1501 1537 
4 1599 1498 1472 1525 
4 1562 1517 1470 1547 
3 1582 1492 1497 
3 1588 1522 1571 
3 1535 1514 1546 
3 1626 1502 1529 
3 1777 1505 1518 
3 1757 1527 1445 
3 1638 989 1308 
3 1546 1514 1533 
3 1537 1459 1545 
3 1572 1531 1508 
3 1574 1499 1583 
3 1538 1526 1546 
3 1519 1520 1579 
3 1571 1521 1532 
3 1539 1535 1540 
4 1556 1552 1511 1538 
3 1538 1544 1542 
4 1565 1568 1548 1475 
3 1540 1563 1590 
3 1547 1470 1548 
3 1540 1553 1557 
4 1635 1532 1574 1611 
4 1549 1535 1526 1531 
3 1601 1523 1543 
3 1569 1543 1541 
3 1553 1546 1581 
4 1596 1567 1564 1490 
3 1591 1480 1555 
5 1566 1565 1458 1506 1539 
5 1616 1561 1557 1544 1549 
3 1555 1409 1592 
3 1591 1551 1554 
3 1575 1566 1539 
4 1563 1544 1553 1561 
3 1503 1407 1620 
4 1520 1483 1509 1642 
3 1615 1587 1513 
3 1585 1557 1553 
3 1595 1517 1523 
3 1584 1542 1557 
3 1577 1550 1567 
3 1969 1541 1552 
3 1717 1552 1556 
3 1593 1564 1550 
3 2004 1576 1541 
3 1601 1548 1576 
3 1484 1516 1594 
3 1598 1525 1537 
3 1580 1533 1587 
3 1795 897 1630 
4 1545 1534 1732 1659 
4 1644 1676 1556 1634 
3 2012 1569 1568 
3 1594 1515 1564 
3 1627 1589 1512 
3 1607 1536 1642 
3 1602 1581 1572 
3 1619 1549 1580 
3 1610 1492 1524 
3 1534 1586 1701 
3 1590 1563 1585 
3 1584 1561 1597 
5 1583 1607 1609 1614 1664 
4 1618 1655 1572 1560 
3 1625 1525 1606 
3 1592 1578 1627 
3 1542 1584 1663 
3 1603 1551 1555 
3 1604 1554 1589 
3 1624 1567 1596 
4 1509 1570 1577 1617 
3 1719 1518 1562 
3 1593 1550 1605 
3 1663 1585 1612 
3 1600 1571 1635 
3 1608 1615 1522 
3 1606 1598 1640 
3 1719 1547 1569 
3 1693 1619 1580 
3 1623 1591 1633 
3 1633 1592 1627 
3 1660 1596 1610 
3 1588 1600 1613 
3 1586 1579 1621 
3 1622 1599 1632 
3 1586 1621 1657 
3 1605 1582 1623 
3 1545 1691 1672 
3 1597 1616 1661 
4 1649 1651 1606 1629 
3 1586 1681 1667 
4 1643 1618 1560 1599 
3 1612 1553 1637 
3 1642 1594 1624 
3 1655 1587 1615 
3 1637 1581 1602 
3 1631 1558 1650 
3 1609 1607 1636 
3 1714 1641 1608 
3 1628 1610 1603 
3 1645 1617 1593 
3 1680 1632 1588 
4 1638 1380 1435 1527 
4 1604 1589 1578 1665 
3 1683 1623 1690 
3 1648 1613 1653 
3 1795 1573 1638 
3 1666 1512 1620 
3 1722 1608 1625 
3 1603 1604 1674 
3 1702 1575 1662 
3 1598 1545 1640 
3 1639 1621 1646 
3 1661 1616 1619 
4 1708 1630 1530 1626 
3 1647 1636 1670 
3 1600 1635 1675 
3 1698 1643 1622 
4 1579 1559 1617 1646 
3 1698 1615 1641 
3 1734 1676 1575 
3 1652 1624 1660 
3 1636 1642 1652 
3 1657 1639 1654 
3 1649 1629 1658 
6 1651 1613 1648 1658 1668 1673 
4 1880 1620 1260 2135 
3 1680 1613 1649 
3 1670 1646 1645 
3 1689 1629 1669 
3 1681 1647 1688 
3 1698 1587 1618 
4 2926 2135 1215 23 
3 1609 1647 1681 
3 1649 1648 1668 
3 1687 1574 1706 
3 1685 1645 1605 
3 1696 1612 1637 
3 1775 1634 1686 
3 1697 1590 1597 
3 1586 1671 1679 
3 1692 1627 1666 
3 1713 1665 1631 
3 1614 1681 1671 
3 1649 1658 1684 
3 1689 1653 1675 
3 1639 1652 1678 
4 1679 1664 1667 1681 
3 1675 1611 1718 
3 1649 1684 1677 
3 1682 1633 1692 
4 1716 1669 1640 1672 
3 1717 1575 1644 
3 1673 1707 1703 
3 1688 1670 1685 
3 1701 1664 1671 
3 1720 1625 1651 
6 1738 1671 1667 1614 1657 1654 
3 1729 1690 1674 
3 1699 1628 1700 
3 1673 1668 1689 
3 1699 1678 1660 
3 1868 1662 1712 
3 1691 1659 1706 
3 1727 1654 1678 
4 1707 1684 1653 1669 
3 1700 1628 1682 
3 1611 1687 1721 
3 1704 1674 1665 
4 1694 1695 1602 1723 
3 1695 1693 1739 
4 1696 1693 1694 1739 
4 1697 1661 1695 1710 
3 1712 1663 1696 
4 1723 1655 1643 1641 
3 1731 1685 1683 
3 1683 1690 1705 
3 1732 1583 1679 
3 1737 1634 1779 
3 1724 1677 1736 
3 1742 1692 1709 
3 1700 1729 1711 
3 1687 1659 1766 
3 1677 1689 1735 
4 1797 1823 1638 1754 
3 1715 1704 1713 
3 1696 1865 1794 
3 1730 1705 1742 
3 1868 1686 1697 
3 1709 1666 1759 
3 1733 1622 1722 
3 1740 1742 1709 
3 1726 1675 1728 
3 1978 1566 1676 
3 1725 1672 1721 
4 1958 1956 1595 1601 
3 1722 1680 1724 
3 1718 1691 1761 
4 1750 1714 1632 1720 
3 1693 1698 1733 
3 1720 1703 1748 
3 1728 1718 1741 
3 1751 1735 1716 
3 1738 1688 1731 
3 1745 1716 1725 
3 1705 1682 1742 
3 1746 1743 1711 
3 1768 1727 1699 
3 1574 1701 1752 
3 1764 1723 1714 
3 1980 1644 1737 
4 1751 1736 1707 1726 
3 1703 1735 1763 
4 1921 1734 1702 1824 
4 1752 1681 1727 1744 
3 1695 1694 1784 
3 1810 1774 1715 
4 1756 1725 1783 1770 
6 1807 1749 1711 1729 1704 1715 
3 1765 1730 1746 
3 1766 1738 1769 
3 1753 1728 1796 
3 1743 1730 1749 
3 1767 1792 1505 
3 1755 1724 1762 
3 1758 1746 1742 
3 1764 1722 1755 
4 1763 1735 1726 1753 
3 1766 1732 1738 
3 1751 1745 1790 
3 1797 1708 1760 
3 1750 1748 1773 
3 1789 1741 1805 
3 1760 1529 1782 
3 1814 1765 1749 
4 1809 1813 1713 1827 
3 1754 1757 1787 
3 1783 1721 1766 
3 1773 1748 1763 
4 1785 1762 1736 1751 
4 1784 1733 1750 1771 
3 1780 1743 1758 
5 1772 1761 1706 1752 1744 
3 1864 1747 1777 
3 1769 1731 1776 
3 1781 1744 1768 
4 1778 1741 1802 1901 
3 1764 1791 1862 
3 1788 1766 1799 
3 1793 1755 1762 
3 1929 1811 1740 
3 1812 1779 1662 
4 1849 1786 1768 1780 
3 1900 1767 1528 
3 1833 1805 1770 
3 1806 1702 1775 
4 1776 1765 1803 1830 
3 1799 1769 1786 
3 1787 1757 1493 
3 1741 1761 1788 
3 1739 1764 1825 
3 1808 1793 1763 
3 1781 1776 1850 
3 1760 1782 1792 
3 1802 1783 1772 
3 1796 1756 1840 
3 1816 1753 1801 
3 1771 1804 1858 
5 1884 1800 1798 1787 1747 
3 1804 1773 1785 
4 1925 1939 1710 1881 
3 1882 1573 1630 
3 1801 1745 1789 
4 1823 1708 1754 1798 
3 1797 1792 1800 
3 1772 1781 1847 
3 1798 1792 1920 
3 1790 1796 1829 
3 1770 1788 1826 
3 1830 1780 1814 
3 1791 1793 1815 
3 1840 1756 1778 
3 1824 1779 1812 
3 1819 1814 1742 
3 1832 1817 1785 
3 1866 1836 1759 
3 1820 1740 1813 
3 1902 1819 1774 
3 1806 1775 1896 
3 1818 1810 1759 
4 1837 1803 1758 1807 
3 1804 1821 1839 
3 1832 1790 1831 
3 1821 1808 1832 
3 1822 1813 1836 
3 1834 1807 1811 
3 1929 1810 1822 
4 1815 1817 1828 1838 
3 1870 1820 1818 
3 1872 1708 1797 
3 1737 1806 1904 
3 1865 1784 1855 
4 1802 1842 1852 1856 
3 1845 1759 1932 
3 1821 1843 1859 
3 1831 1801 1835 
4 1848 1780 1803 1837 
4 1851 1816 1829 1835 
4 1843 1817 1808 1816 
3 1841 1778 1949 
3 1902 1903 1819 
3 1831 1829 1840 
3 1854 1818 1809 
3 1905 1830 1814 
3 1821 1894 1846 
3 1815 1846 1858 
4 1835 1789 1805 1844 
3 1844 1833 1964 
3 1826 1847 1873 
3 1828 1832 1857 
3 1874 1840 1841 
3 2173 1861 1827 
3 1839 1838 1908 
3 1842 1799 1860 
3 1853 1830 1905 
3 1850 1776 1853 
3 1860 1786 1849 
3 1857 1831 1871 
3 1826 1878 1897 
3 1918 1849 1848 
3 1890 1885 1836 
3 1825 1862 1913 
3 1826 1898 1886 
3 1863 1843 1851 
3 1791 1839 1867 
3 1895 1828 1863 
3 1873 1847 1850 
3 2330 1876 1845 
3 1855 1771 1891 
3 1889 1859 1857 
3 1938 1875 1767 
3 1877 1710 1825 
3 1883 1809 1876 
3 1891 1858 1908 
3 1910 1686 1712 
5 308 317 718 1887 2689 
3 1929 1822 1885 
3 1879 1851 1874 
3 1882 1823 1920 
3 1842 1860 1878 
3 1871 1844 1893 
3 1923 1884 1864 
3 1975 1866 1861 
3 1881 1865 1913 
3 1852 1873 1915 
3 1909 1871 1906 
3 1932 1650 2116 
3 1928 1794 1877 
5 1892 817 1795 1872 1899 
3 1926 1890 1866 
3 1927 1792 1875 
4 1916 1936 1870 1854 
3 1888 1856 1907 
3 1869 1892 2689 
3 1901 1886 1907 
3 1911 1863 1919 
3 1917 1854 1883 
3 1862 1867 1945 
3 1887 1882 2395 
3 1874 1976 1973 
3 1838 1895 1914 
3 1894 1859 1914 
3 1904 1812 1910 
3 1898 1852 1950 
3 1856 1897 1933 
3 1882 2008 2070 
3 1962 1938 1777 
3 1940 1770 1888 
3 1929 1834 1811 
3 1931 1912 1834 
3 1951 1824 1896 
3 1848 1837 1912 
3 1934 1879 1970 
3 1888 1886 1933 
3 1867 1846 1945 
3 1919 1879 1941 
3 1952 1896 1868 
3 1914 1889 1922 
3 1931 1905 1903 
4 1935 1877 1855 1924 
4 1894 1895 1911 1955 
3 1878 1918 1950 
3 1936 1885 1917 
3 1916 1890 1926 
3 1915 1853 1930 
3 1922 1889 1909 
3 1872 1800 1927 
3 1977 1968 1737 
3 1911 1919 1937 
3 1946 1875 1942 
3 1947 1913 1948 
3 1939 1794 1928 
3 2018 1917 1883 
3 1920 1884 1946 
3 1925 1881 1965 
5 1967 1902 1774 1820 1870 
4 1995 1954 1918 1967 
3 1967 1912 1903 
3 1827 1880 2120 
4 1963 1907 1898 1954 
3 2006 1941 1906 
4 1943 1913 1944 1953 
3 1991 1885 1916 
3 1992 1922 1974 
4 1993 1942 1864 1900 
3 1957 1794 1925 
3 1949 1901 1963 
3 1974 1909 1934 
3 1971 1923 1938 
3 1972 1960 1935 
3 1935 1947 1981 
4 1948 1891 1908 1985 
3 1994 1927 1923 
3 1944 1924 1981 
3 1924 1945 2033 
3 1964 1833 1940 
3 1897 1915 1954 
3 1961 1904 1959 
3 1959 1910 1957 
3 2013 1935 1998 
4 2020 1933 1950 1930 
3 1914 1992 1985 
3 1962 1719 1958 
4 1959 1952 1939 1979 
3 2040 1956 1719 
4 1951 1952 1957 1988 
3 1987 1966 1943 
3 1977 1951 1988 
3 1993 1900 1956 
3 1990 1940 1933 
3 1841 1949 1984 
3 1979 1928 1966 
3 2016 1965 1960 
4 1986 1930 1931 1929 
3 1980 1921 1982 
3 2011 1565 1978 
3 2005 1906 1973 
3 1994 1942 1983 
3 2023 1987 1943 
3 1970 1893 2028 
3 2009 1937 1941 
3 2049 1997 1876 
3 1893 2014 2021 
3 1982 1921 1961 
4 2041 1969 1717 2007 
3 1957 1965 2016 
3 2007 1734 1968 
3 1944 1947 2043 
4 2019 1968 1977 1996 
3 1971 1999 2037 
3 2014 1964 2000 
3 1945 1955 2024 
3 2001 1989 1967 
3 2016 1960 1972 
3 1961 1959 2035 
3 2015 1995 1986 
3 2031 2000 1963 
3 2001 1936 2046 
3 1955 1937 2024 
4 1999 1938 1962 2002 
3 2008 1946 1971 
3 2020 1930 1989 
3 1982 2035 2010 
3 2077 2018 1975 
3 2003 1953 2043 
4 1983 1993 2002 2030 
3 2014 1984 1990 
3 2039 1986 1991 
3 1999 1993 2040 
3 2017 1998 2066 
3 2012 1568 2011 
3 2006 1970 2036 
3 2009 1934 2005 
3 2052 1978 1980 
3 1899 1994 2042 
3 2029 1974 2006 
4 2022 1996 2069 2026 
3 2004 1969 2041 
3 2055 1576 2004 
3 2027 1953 2025 
4 1976 1984 2000 2060 
3 2020 1989 2079 
4 1979 1966 1987 2058 
3 2034 2025 2003 
4 2077 2046 1926 1997 
3 2147 2052 1982 
4 2031 1954 1995 2015 
3 2028 1976 2038 
3 2096 2010 2026 
3 2058 1972 2027 
4 2032 1985 1992 2029 
3 2013 2017 2034 
3 2022 2010 2063 
3 2023 2013 2088 
4 2050 1973 2021 2072 
4 2044 2024 2009 2054 
3 2037 1999 2048 
3 2060 1990 2020 
3 2045 2033 2024 
3 1948 2032 2043 
3 2067 2025 2017 
3 1996 1988 2069 
3 2005 2050 2053 
3 2056 1983 2030 
4 2021 2062 2061 2064 
3 2079 2001 2097 
3 2047 2002 1958 
3 2138 2011 1978 
4 2070 2008 2056 2068 
5 2066 1998 1981 2033 2045 
4 2099 2071 2051 2029 
3 2043 2032 2051 
3 2075 1991 2018 
3 2048 2040 2057 
3 2030 2047 2073 
3 2209 2100 1975 
3 2036 2028 2059 
3 2045 2044 2071 
3 2144 2007 2019 
3 2065 2036 2084 
3 2093 2029 2065 
3 2057 2012 2138 
3 2042 2037 2119 
3 2082 2047 2055 
3 2069 2016 2023 
4 2083 2050 2072 2104 
3 2014 2031 2062 
3 2038 2062 2064 
4 2061 2038 2060 2091 
3 2107 2026 2098 
3 2038 2061 2074 
3 2110 2054 2053 
3 2003 2043 2076 
3 2081 2034 2086 
3 2042 2153 2123 
4 2010 2035 2058 2085 
3 1899 2042 2155 
3 2090 2051 2044 
3 2059 2028 2102 
3 2128 2048 2082 
3 2064 2092 2102 
3 2097 2046 2077 
3 2086 2066 2078 
4 2075 2018 1997 2080 
3 2087 2076 2090 
4 2091 2015 2039 2124 
3 2152 2077 2100 
3 2094 2089 2067 
3 2073 2057 2145 
3 2118 2084 2059 
3 2110 2053 2083 
3 2103 2069 2088 
3 2101 2067 2076 
3 2111 2078 2134 
3 2085 2027 2089 
3 2088 2081 2094 
3 2078 2071 2105 
3 2062 2079 2124 
3 2074 2124 2142 
3 2114 2113 2054 
3 2089 2081 2095 
3 2106 2094 2101 
3 2182 2181 2022 
3 2039 2075 2115 
3 2108 2063 2103 
3 2113 2105 2044 
4 2237 2140 2080 2049 
3 2111 2095 2086 
3 2072 2074 2131 
3 2098 2085 2106 
3 2118 2059 2109 
3 2134 2090 2099 
3 2149 2103 2095 
3 2156 2063 2108 
3 2107 2098 2112 
3 2117 2104 2133 
3 2193 2065 2084 
3 2130 2101 2087 
3 2108 2126 2121 
4 2158 2099 2093 2114 
3 2199 2113 2093 
3 2124 2097 2127 
3 2120 1880 2196 
3 2118 2109 2137 
5 2125 2184 2083 2104 2117 
3 2177 2056 2122 
3 2494 1932 2116 
3 2139 2112 2194 
3 2119 2128 2132 
3 2217 2068 2183 
5 2142 2092 2091 2079 2115 
3 2169 2118 2129 
3 2112 2149 2221 
3 2198 2115 2151 
3 2122 2073 2171 
5 2160 2125 2136 2180 2146 
3 2166 2111 2172 
3 2133 2102 2186 
3 2141 2122 2170 
3 2143 2109 2131 
3 2157 2087 2105 
6 2926 2697 2505 2196 1650 1656 
3 2129 2150 2180 
3 2117 2143 2148 
4 2055 2041 2159 2162 
3 2156 2121 2204 
3 2351 2276 2100 
3 2177 2132 2251 
3 2092 2124 2186 
3 2137 2133 2185 
3 2159 2052 2161 
4 2154 2082 2163 2168 
3 2160 2129 2178 
3 2161 2019 2181 
3 2137 2185 2150 
3 2126 2106 2167 
3 2136 2148 2176 
3 2202 2127 2152 
3 2240 2151 2080 
3 2068 2211 2183 
3 2171 2145 2248 
3 2322 2070 2201 
3 2192 2107 2139 
3 2165 2134 2158 
3 2157 2113 2199 
3 2138 2144 2218 
3 2169 2129 2146 
3 2144 2147 2213 
3 2164 2138 2249 
3 2168 2145 2164 
3 2179 2163 2162 
3 2187 2157 2222 
3 2167 2130 2172 
3 2149 2166 2175 
3 2145 2163 2179 
3 2184 2125 2160 
3 2251 2132 2171 
4 2253 2170 2128 2154 
3 2166 2130 2174 
3 2494 2440 1845 
3 2172 2187 2200 
3 2189 2167 2230 
3 2190 2150 2195 
3 2211 2119 2141 
3 2197 2146 2228 
3 2168 2164 2246 
3 2129 2136 2205 
3 2216 2147 2096 
3 2208 2096 2192 
3 2123 2153 2526 
4 2191 2118 2169 2197 
3 2148 2143 2195 
3 2131 2142 2188 
3 2234 2174 2165 
3 2186 2198 2195 
3 2221 2175 2262 
3 2214 2176 2244 
3 2225 2193 2184 
3 2182 2156 2241 
3 2207 2110 2191 
3 2204 2121 2224 
4 2176 2185 2188 2210 
3 2574 2116 2135 
3 2255 2184 2178 
3 2188 2127 2203 
3 2158 2114 2212 
3 2230 2174 2235 
3 2239 2155 2217 
3 2206 2203 2151 
3 2210 2198 2202 
3 2139 2194 2215 
3 2243 2180 2214 
3 2238 2267 2202 
3 2212 2193 2225 
3 2219 2182 2231 
3 2237 2049 2330 
3 2247 2195 2203 
3 2526 2153 2177 
4 2222 2199 2207 2226 
3 2218 2161 2216 
3 2205 2190 2242 
3 2233 2204 2224 
3 2213 2181 2220 
3 2201 2123 2519 
3 2159 2213 2287 
3 2220 2208 2236 
3 2216 2219 2274 
3 2126 2189 2223 
3 2258 2165 2212 
3 2227 2221 2232 
3 2215 2194 2227 
3 2229 2207 2191 
3 2259 2212 2229 
3 2224 2223 2232 
3 2309 2178 2268 
3 2226 2225 2256 
3 2175 2200 2261 
3 2236 2208 2282 
3 2227 2223 2280 
3 2241 2215 2278 
3 2277 2235 2187 
3 2295 2200 2234 
3 2274 2219 2231 
3 2392 2100 2209 
3 2267 2206 2240 
3 2322 2201 2517 
3 2238 2152 2269 
3 2192 2233 2260 
3 2254 2214 2245 
4 2275 2268 2205 2254 
3 2245 2190 2266 
3 2257 2242 2244 
3 2250 2179 2291 
3 2266 2210 2264 
3 2252 2154 2250 
3 2291 2162 2281 
3 2248 2246 2284 
3 2526 2141 2170 
3 2253 2248 2305 
3 2526 2171 2252 
3 2243 2242 2263 
3 2256 2197 2316 
3 2265 2229 2255 
3 2288 2245 2286 
3 2279 2277 2222 
3 2279 2226 2265 
3 2282 2241 2278 
3 2262 2230 2296 
3 2189 2261 2293 
3 2271 2254 2289 
3 2247 2270 2294 
3 2283 2259 2256 
3 2244 2247 2286 
4 2273 2206 2238 2272 
3 2300 2228 2243 
3 2272 2240 2303 
3 2294 2264 2273 
3 2304 2275 2263 
3 2267 2269 2340 
3 2327 2270 2267 
3 2287 2220 2236 
3 2300 2243 2271 
3 2303 2140 2351 
3 2295 2234 2258 
3 2260 2233 2298 
3 2285 2258 2259 
3 2297 2232 2301 
3 2249 2307 2321 
3 2231 2260 2312 
4 2332 2290 2265 2325 
3 2292 2250 2311 
3 2290 2317 2279 
3 2257 2266 2319 
3 2218 2274 2307 
3 2289 2257 2338 
4 2306 2263 2288 2402 
3 2352 2285 2283 
3 2311 2246 2249 
3 2305 2284 2326 
3 2301 2262 2299 
3 2310 2264 2270 
4 2296 2235 2277 2317 
3 2299 2261 2295 
3 2298 2280 2301 
3 2313 2278 2297 
3 2293 2296 2302 
3 2309 2268 2275 
4 2297 2280 2293 2308 
5 2318 2299 2341 2364 2366 
3 2339 2269 2276 
3 2353 2271 2306 
3 2496 2252 2292 
3 2304 2289 2383 
4 2281 2287 2312 2324 
3 2301 2318 2315 
3 2316 2228 2300 
3 2319 2294 2338 
3 2284 2291 2337 
3 2307 2282 2314 
3 2314 2298 2320 
3 2331 2312 2313 
3 2335 2308 2318 
3 2348 2255 2309 
3 2341 2295 2285 
4 2329 2315 2308 2302 
3 2286 2310 2338 
3 2347 2313 2323 
3 2336 2281 2350 
3 2395 2155 2239 
3 2365 2320 2328 
3 2342 2307 2334 
4 2361 2283 2346 2356 
3 2496 2292 2337 
3 2384 2345 2273 
4 2349 2359 2323 2335 
3 2343 2318 2357 
4 2418 2209 1861 2431 
3 2334 2314 2347 
3 2371 2333 2283 
3 2389 2377 2332 
3 2324 2331 2370 
3 2328 2315 2343 
3 2337 2321 2374 
4 2496 2326 2311 2336 
4 2288 2319 2310 2345 
3 2344 2303 2368 
3 2386 2272 2344 
3 2302 2317 2352 
3 2350 2324 2373 
4 2358 2335 2329 2433 
3 2360 2340 2339 
3 2422 2338 2327 
3 2325 2348 2354 
3 2369 2331 2320 
3 2346 2316 2355 
3 2359 2328 2358 
3 2367 2321 2342 
3 2276 2140 2392 
3 2341 2290 2362 
3 2424 2363 2304 
3 2356 2346 2355 
3 2354 2348 2363 
3 2372 2325 2354 
3 2415 2329 2412 
3 2387 2349 2343 
3 2400 2328 2349 
3 2388 2344 2380 
3 2371 2325 2381 
3 2364 2352 2379 
3 2401 2355 2353 
3 2366 2302 2362 
3 2369 2323 2397 
3 2302 2364 2393 
3 2374 2350 2375 
3 2378 2339 2385 
3 2370 2347 2365 
3 2376 2334 2369 
3 2389 2332 2361 
3 2382 2356 2405 
3 2375 2342 2376 
3 2336 2367 2486 
3 2367 2373 2430 
3 2373 2370 2399 
3 2379 2333 2389 
3 2396 2380 2368 
4 2362 2377 2423 2406 
3 2390 2360 2378 
3 2403 2361 2382 
4 2432 2381 2372 2413 
3 2407 2306 2411 
3 2422 2327 2386 
4 2425 2398 2368 2392 
3 2394 2384 2340 
3 2391 2358 2495 
3 2394 2360 2390 
4 2377 2333 2371 2403 
3 2409 2388 2380 
3 2400 2387 2477 
4 2385 2351 2237 2417 
3 2412 2366 2406 
3 2422 2386 2388 
3 1892 2322 2687 
3 2410 2378 2398 
3 2399 2365 2400 
3 2421 2396 2385 
3 2436 2376 2397 
4 2397 2359 2391 2404 
3 2408 2363 2437 
3 2411 2289 2422 
3 2389 2381 2419 
3 2400 2471 2414 
3 2413 2372 2408 
3 2393 2379 2448 
3 2435 2429 2383 
3 2450 2405 2401 
3 2422 2390 2410 
3 2409 2396 2416 
3 2383 2402 2428 
3 2357 2393 2463 
3 2382 2405 2420 
3 2449 2404 2478 
3 2433 2357 2452 
4 2410 2421 2426 2442 
3 2392 2418 2444 
3 2444 2417 2330 
3 2403 2447 2441 
3 2432 2413 2458 
3 2416 2398 2427 
6 2428 2402 2345 2384 2394 2409 
3 2379 2441 2434 
3 2437 2353 2429 
3 2527 2439 2385 
3 2416 2427 2455 
3 2426 2421 2439 
3 2411 2422 2438 
4 2512 2475 2424 2407 
3 2486 2375 2446 
3 2464 2330 2440 
3 2447 2382 2420 
4 2492 2343 2415 2452 
3 2443 2423 2456 
3 2469 2407 2445 
3 2446 2399 2449 
3 2453 2401 2424 
3 2454 2428 2451 
3 2457 2427 2425 
3 2529 2431 2173 
3 2423 2419 2467 
3 2451 2416 2465 
4 2488 2504 2448 2434 
3 2417 2418 2464 
3 2435 2454 2482 
3 2430 2436 2462 
3 2419 2432 2467 
3 2459 2406 2443 
3 2436 2414 2460 
3 2458 2408 2453 
3 2438 2442 2491 
3 2433 2415 2463 
3 2476 2450 2437 
3 2445 2438 2466 
4 2465 2426 2457 2506 
4 2487 2434 2467 2461 
3 2506 2455 2439 
3 2467 2420 2450 
3 2463 2448 2513 
3 2470 2449 2478 
3 2456 2467 2481 
3 2629 2446 2468 
4 2501 2452 2412 2459 
3 2541 2444 2431 
3 2484 2442 2455 
3 2454 2472 2507 
6 2481 2461 2456 2441 2447 2458 
4 2576 2584 2462 2473 
3 2479 2435 2516 
3 2473 2460 2485 
3 2404 2474 2478 
3 2466 2500 2498 
3 2468 2470 2509 
3 2471 2477 2480 
3 2499 2483 2429 
3 2518 2453 2483 
4 2480 2474 2391 2503 
5 2460 2414 2471 2503 2490 
4 2520 2563 2510 2469 
3 2474 2477 2503 
3 2497 2461 2467 
3 2516 2445 2493 
3 2476 2475 2499 
3 2491 2465 2571 
3 2470 2490 2508 
3 2579 2374 2430 
3 2489 2456 2514 
3 2504 2443 2489 
3 2504 2488 2487 
3 2485 2478 2503 
3 2500 2451 2484 
3 2495 2433 2501 
3 2482 2507 2523 
3 2529 2173 2120 
3 2502 2387 2492 
4 2521 2305 2326 2337 
3 2514 2481 2518 
3 2522 2472 2500 
3 2533 2483 2475 
4 2498 2472 2491 2535 
3 2492 2463 2511 
3 2503 2495 2583 
6 2490 2478 2480 2477 2502 2583 
4 2513 2443 2488 2489 
3 2673 2135 2697 
3 2570 2455 2457 
3 2493 2466 2522 
3 2485 2640 2528 
3 2473 2528 2515 
3 2532 2512 2479 
3 2501 2524 2545 
3 2530 2429 2510 
3 2524 2459 2504 
3 2525 2487 2497 
3 2625 2509 2553 
3 2469 2482 2562 
4 2676 2687 2239 2550 
3 2497 2476 2538 
3 2217 2543 2550 
3 2582 2587 2479 
3 2531 2496 2579 
3 2507 2498 2552 
3 2558 2493 2534 
3 2511 2513 2540 
3 2540 2514 2536 
5 2543 2183 2211 2251 2253 
3 2537 2555 2425 
3 2509 2508 2539 
4 2541 2440 2494 2569 
3 2532 2533 2512 
3 2547 2521 2647 
3 2564 2530 2510 
3 2554 2499 2530 
3 2607 2523 2552 
3 2559 2500 2578 
3 2544 2525 2538 
3 2568 2527 2556 
6 2561 2551 2546 2536 2518 2554 
3 2528 2659 2553 
3 2524 2525 2542 
3 2557 2464 2529 
3 2545 2540 2548 
4 2550 2519 2526 2547 
3 2548 2536 2546 
5 2593 2511 2542 2567 2575 
3 2549 2544 2538 
3 2543 2531 2620 
3 2565 2542 2544 
3 2565 2546 2551 
4 2676 2517 2519 2543 
3 2572 2549 2538 
3 2534 2522 2559 
4 2577 2515 2539 2596 
3 2564 2538 2533 
3 2589 2566 2527 
3 2568 2537 2557 
3 2556 2541 2560 
3 2562 2523 2606 
3 2552 2535 2585 
3 2557 2569 2594 
3 2572 2538 2580 
3 2582 2516 2558 
3 2595 2479 2602 
4 2591 2580 2554 2532 
3 2567 2548 2549 
3 2615 2573 2555 
3 2575 2545 2565 
4 2588 2537 2556 2586 
3 2560 2529 2574 
3 2571 2506 2573 
3 2581 2484 2570 
3 2609 2551 2561 
3 2621 2570 2566 
4 2660 2594 2569 2196 
3 2593 2545 2567 
3 2628 2584 2468 
3 2597 2553 2596 
3 2598 2535 2581 
3 2521 2486 2643 
4 2666 2601 2561 2564 
3 2590 2578 2571 
4 2603 2587 2520 2562 
3 2503 2502 2600 
4 2632 2624 2468 2576 
3 2611 2559 2598 
3 2592 2568 2619 
3 2602 2520 2582 
3 2589 2568 2592 
3 2646 2555 2588 
2 2599 2581 
3 2638 2564 2595 
4 2649 2651 2588 2586 
3 2600 2545 2575 
3 2619 2560 2574 
3 2591 2563 2608 
4 2597 2577 2553 2659 
3 2604 2577 2596 
3 2618 2585 2578 
3 2612 2590 2605 
3 2640 2583 2593 
3 2666 2614 2580 
3 2641 2563 2587 
3 2641 2582 2613 
3 2625 2597 2626 
3 2616 2599 2621 
3 2617 2558 2610 
3 2610 2534 2631 
6 2661 2654 2623 2595 2641 2637 
3 2642 2572 2614 
3 2617 2606 2607 
3 2631 2585 2622 
4 2627 2635 2599 2616 
3 2650 2603 2630 
3 2645 2609 2601 
3 2646 2636 2566 
3 2612 2605 2644 
3 2630 2606 2610 
3 2622 2598 2635 
3 2653 2586 2594 
3 2663 2547 2667 
3 2605 2573 2636 
3 2731 2611 2618 
3 2655 2638 2608 
3 2634 2629 2584 
4 2639 2515 2604 2694 
3 2604 2659 2633 
3 2709 2728 2612 
3 2632 2576 2639 
3 2643 2462 2624 
3 2613 2617 2670 
3 2670 2607 2611 
3 2634 2584 2628 
3 2626 2684 2671 
3 2652 2624 2632 
3 2774 2618 2612 
3 2669 2621 2615 
3 2661 2608 2650 
3 2662 2591 2623 
4 2648 2656 2628 2625 
4 2508 2600 2642 2664 
4 2650 2608 2602 2603 
3 2640 2609 2645 
3 2647 2579 2629 
3 2616 2669 2685 
3 2664 2642 2614 
4 2688 2615 2589 2672 
3 2652 2531 2643 
4 2656 2639 2686 2758 
3 2651 2592 2680 
4 2712 2637 2641 2613 
4 2672 2592 2649 2680 
3 2657 2647 2634 
3 2680 2619 2665 
3 2658 2655 2608 
3 2662 2623 2654 
3 2668 2639 2648 
3 2667 2652 2668 
3 2674 2654 2678 
4 2626 2596 2539 2682 
3 2665 2574 2673 
3 2707 2608 2637 
4 2675 2666 2638 2655 
3 2718 2620 2725 
4 2640 2645 2666 2682 
3 2710 2653 2660 
5 2664 2601 2580 2662 2675 
3 2620 2657 2703 
3 2657 2656 2767 
3 2644 2636 2701 
3 2731 2630 2631 
3 2692 2633 2679 
3 2646 2651 2699 
3 2660 2505 2697 
4 2683 2658 2677 2698 
3 2666 2662 2681 
3 2723 2517 2550 
3 2674 2678 2698 
3 2677 2658 2705 
3 2690 2671 2695 
4 2651 2649 2653 2713 
3 2693 2675 2683 
4 2659 2664 2693 2691 
3 2717 2681 2674 
3 2695 2633 2691 
3 2741 2644 2714 
3 2648 2702 2757 
3 2395 2517 2724 
3 2716 2646 2746 
4 1869 1887 2724 2732 
3 2692 2679 2700 
3 2684 2682 2708 
4 2696 2671 2690 2700 
3 2682 2681 2708 
3 2702 2625 2696 
3 2700 2679 2684 
3 2694 2692 2744 
9 2926 2836 2736 2730 2715 2711 2673 2505 2135 
3 2674 2677 2733 
3 2704 2672 2722 
4 2692 2690 2695 2737 
3 2714 2669 2716 
3 2686 2694 2757 
3 2725 2667 2721 
2 2735 2699 
3 2733 2678 2706 
3 2705 2707 2719 
3 2719 2706 2661 
3 2691 2693 2717 
3 2728 2627 2742 
3 2713 2665 2711 
3 2710 2697 2715 
3 2719 2650 2720 
3 2680 2710 2743 
3 2685 2701 2739 
3 2711 2697 2729 
3 2701 2688 2773 
5 2726 2727 2708 2683 2749 
3 2723 2663 2745 
5 2706 2707 2712 2720 2756 
3 2719 2712 2762 
3 2725 2703 2814 
3 2699 2743 2752 
3 2732 2676 2718 
3 2689 2687 2732 
4 2663 2703 2721 2871 
3 2754 2727 2717 
3 2734 2717 2726 
4 2753 2627 2709 2748 
3 2760 2715 2730 
4 2775 2729 2697 2736 
3 2764 2670 2622 
5 2689 2724 2723 2738 2759 
3 2750 2698 2705 
3 2737 2727 2771 
3 2746 2704 2752 
3 2775 2730 2697 
3 2744 2700 2734 
3 2732 2745 2761 
3 2740 2714 2751 
3 2803 2741 2739 
3 2742 2685 2740 
3 2747 2709 2741 
3 2722 2713 2766 
3 2696 2737 2776 
3 2738 2718 2794 
3 2773 2688 2735 
3 2788 2748 2742 
3 2753 2728 2747 
3 2754 2717 2763 
3 2778 2733 2755 
3 2799 2739 2773 
3 2735 2722 2786 
3 2774 2728 2748 
3 2765 2726 2749 
3 2750 2756 2782 
3 2755 2719 2791 
3 2686 2702 2776 
3 2767 2648 2797 
3 2732 2761 2990 
3 2772 2768 2729 
3 2759 2738 2963 
3 2720 2764 2791 
3 2783 2749 2779 
3 2762 2731 2769 
3 2770 2754 2784 
3 2786 2743 2768 
3 2814 2668 2758 
4 2792 2766 2760 2772 
3 2764 2774 2780 
3 2802 2771 2765 
3 2790 2734 2770 
3 2795 2768 2760 
5 2799 2751 2716 2746 2777 
4 2769 2635 2753 2785 
3 2822 2730 2736 
3 2757 2744 2789 
3 2787 2773 2786 
3 2779 2750 2781 
3 2783 2763 2778 
3 2791 2769 2785 
3 2778 2782 2806 
3 2781 2755 2791 
3 2784 2763 2779 
3 2810 2765 2783 
4 2780 2774 2788 2796 
4 2777 2752 2766 2793 
3 2800 2812 2777 
3 2798 2785 2747 
3 2797 2776 2801 
3 2820 2801 2771 
5 2782 2756 2762 2780 2808 
3 2793 2768 2795 
3 2807 2786 2792 
3 2745 2871 2951 
3 2792 2772 2822 
3 2808 2785 2798 
3 2844 2758 2789 
3 2796 2788 2803 
3 2805 2751 2773 
3 2804 2787 2807 
3 2819 2789 2790 
3 2820 2770 2810 
3 2798 2740 2805 
3 2809 2800 2824 
3 2813 2803 2799 
4 2835 2811 2781 2808 
3 2800 2793 2816 
4 2826 2806 2791 2796 
3 2812 2804 2832 
3 2802 2784 2815 
3 2838 2834 2806 
3 2817 2787 2809 
4 2821 2805 2817 2818 
3 2721 2767 2845 
3 2837 2810 2834 
3 2824 2807 2823 
3 2813 2812 2818 
3 2813 2817 2830 
3 2844 2801 2820 
4 2819 2790 2802 2827 
3 2826 2813 2831 
4 2823 2795 2775 2839 
3 2828 2816 2822 
3 2804 2816 2825 
3 2824 2828 2832 
3 2833 2808 2821 
3 2820 2837 2829 
5 2825 2823 2846 2856 2840 
3 2847 2827 2857 
3 2849 2818 2842 
3 2843 2821 2850 
4 2842 2809 2825 2841 
3 2835 2826 2843 
3 2853 2815 2811 
3 2838 2806 2833 
3 2839 2697 2858 
3 2827 2815 2861 
3 2854 2811 2835 
3 2851 2822 2836 
3 2841 2828 2864 
3 2832 2840 2859 
3 2830 2832 2865 
4 2863 2874 2833 2831 
5 2845 2797 2819 2847 2848 
4 2871 2814 2844 2889 
3 2828 2851 2856 
4 2844 2829 2855 2848 
3 2844 2847 2870 
3 2850 2830 2852 
4 2867 2831 2849 2852 
3 2869 2846 2839 
3 2850 2849 2862 
3 2861 2834 2854 
3 2853 2838 2878 
3 2847 2860 2876 
3 2828 2846 2869 
3 2860 2829 2868 
3 2880 2836 2926 
3 2873 2841 2864 
4 2855 2857 2891 2895 
3 2868 2837 2853 
3 2852 2866 2872 
3 2874 2843 2867 
3 2859 2840 2880 
3 2866 2842 2873 
3 2872 2862 2865 
3 2888 2863 2850 
3 2857 2861 2879 
3 2856 2851 2880 
3 2848 2876 2898 
4 2794 2725 2845 2951 
3 2875 2862 2866 
4 2884 2877 2865 2859 
3 2881 2843 2863 
4 2885 2904 2872 2882 
3 2870 2855 2909 
3 2883 2873 2884 
3 2879 2854 2881 
3 2891 2868 2878 
6 2911 2897 2887 2864 2869 2858 
3 2919 2878 2874 
3 2903 2875 2890 
3 2894 2890 2877 
4 2894 2877 2873 2886 
4 2943 2923 2914 2875 
3 2893 2884 2887 
3 2886 2880 2897 
3 2892 2907 2867 
3 2845 2898 2900 
3 2901 2882 2883 
3 2896 2860 2879 
3 2912 2888 2899 
3 2902 2894 2886 
4 2901 2883 2884 2893 
3 2917 2860 2896 
3 2895 2891 2919 
3 2887 2880 2911 
3 2889 2870 2928 
3 2892 2904 2920 
4 2889 2934 2906 2910 
3 2903 2890 2894 
3 2905 2893 2913 
4 2943 2882 2901 2905 
4 2924 2899 2875 2908 
3 2903 2902 2922 
3 2910 2900 2934 
3 2919 2888 2912 
3 2904 2914 2940 
3 2876 2917 2918 
3 2900 2906 2954 
4 2915 2897 2880 2931 
3 2916 2907 2892 
3 2922 2902 2927 
3 2937 2908 2885 
3 2935 2927 2911 
3 2921 2912 2920 
3 2909 2895 2932 
3 2928 2909 2933 
5 2932 2896 2881 2907 2921 
3 2916 2899 2930 
3 2946 2919 2916 
3 2905 2913 2925 
3 2956 2950 2885 
3 2939 2930 2904 
3 2936 2922 2929 
7 2979 2966 2931 2858 2697 2135 1656 
3 2929 2913 2915 
3 2898 2918 2934 
3 2936 2925 2927 
3 2920 2924 2941 
3 2948 2911 2926 
4 2933 2917 2919 2944 
3 2953 2918 2932 
4 2906 2900 2928 2953 
3 2948 2952 2915 
3 2955 2925 2929 
3 2938 2940 2914 
3 2980 2937 2950 
3 2941 2924 2969 
3 2969 2908 2937 
3 2942 2930 2939 
3 2949 2941 2977 
3 2945 2885 2903 
3 2961 2932 2946 
3 2965 2943 2955 
3 2944 2921 2947 
3 2959 2946 2949 
3 2960 2935 2931 
3 2947 2942 2971 
3 2938 2923 2957 
3 2794 2871 2962 
3 2968 2955 2935 
3 2934 2933 2970 
3 2958 2910 2970 
4 2965 2945 2936 2952 
3 2967 2957 2923 
3 2972 2950 2956 
3 2983 2964 2954 
3 2961 2947 2975 
3 2968 2948 2966 
3 2970 2944 2959 
3 2963 2951 2964 
3 2761 2962 2990 
3 2962 2958 2984 
3 2967 2945 2955 
3 2991 2960 2926 
3 2972 2956 2965 
3 2973 2952 2960 
3 2977 2939 2940 
4 2954 2953 2961 2976 
3 2975 2949 2982 
4 2974 2957 2967 2973 
3 2996 2972 2968 
3 2987 2980 2972 
3 2959 2971 2978 
3 2970 2978 2986 
4 2981 2942 2969 2987 
3 2976 2975 2985 
2 2991 2926 
3 2987 2938 2974 
3 2982 2977 2992 
3 2985 2971 2981 
3 2984 2958 2993 
3 2997 2964 2983 
4 2986 2978 2982 2992 
4 2976 2985 2988 2989 
4 2992 2977 2980 2974 
3 2989 2986 2994 
3 2993 2986 2988 
3 2759 2963 2997 
3 2995 2966 2979 
4 2985 2981 2987 2994 
3 2997 2983 2989 
3 2988 2992 2999 
3 2999 2996 2991 
3 2999 2973 2995 
4 2990 2984 2993 2998 
2 2997 2999 
4 2998 2994 2996 2995 
