200
0 182 5206
1 520 4502
2 798 6770
3 998 6766
4 1036 8476
5 1634 7630
6 1920 5204
7 1996 6208
8 2054 5752
9 2112 944
10 2210 8550
11 2266 2476
12 2310 6246
13 2334 6714
14 2560 5384
15 2766 1866
16 2966 6496
17 3224 3850
18 3492 5008
19 3528 5708
20 3550 5226
21 3558 7014
22 3672 9048
23 3690 7716
24 3722 4532
25 3760 9310
26 3898 1762
27 3926 4256
28 3954 3776
29 4168 6608
30 4374 3572
31 4404 6952
32 4656 11056
33 4806 5620
34 4918 6832
35 5034 1628
36 5392 7648
37 5416 11648
38 5434 7908
39 5786 7870
40 5876 6420
41 6206 5478
42 6424 4042
43 6576 11748
44 6668 8854
45 6700 8540
46 6722 1480
47 6726 9360
48 6732 1970
49 6772 9028
50 6838 728
51 6932 8758
52 7054 7340
53 7134 8356
54 7578 3804
55 7812 4136
56 7828 3842
57 7890 9574
58 8052 10484
59 8268 11970
60 8498 11812
61 8546 12076
62 8594 5978
63 8602 5386
64 8656 5588
65 8756 5470
66 8792 3866
67 8796 5358
68 8816 5670
69 8944 5994
70 9318 11424
71 9562 8764
72 9644 10014
73 9672 3744
74 9678 7872
75 9852 4974
76 9854 4214
77 9888 142
78 10124 2738
79 10192 3108
80 10380 24
81 10452 5370
82 10488 3324
83 10506 996
84 10618 1322
85 10686 3800
86 10726 6536
87 10734 9860
88 10756 2086
89 10798 2786
90 10828 4572
91 10956 1416
92 11210 5272
93 11528 10368
94 11656 10370
95 11684 6124
96 11790 5992
97 11934 3920
98 12090 478
99 12144 638
100 12318 1976
101 12404 4764
102 12542 2634
103 12658 7714
104 12980 1576
105 13052 9842
106 13082 8948
107 13234 3306
108 13256 2154
109 13274 5328
110 13294 5250
111 13408 3602
112 13452 230
113 13556 4364
114 13580 2454
115 13598 5454
116 13764 6406
117 13808 5696
118 13868 3470
119 13902 7414
120 13960 782
121 13994 5606
122 14012 5184
123 14038 7620
124 14166 1992
125 14378 6476
126 14414 7018
127 14490 1506
128 14506 106
129 14526 4276
130 14598 4810
131 14994 7546
132 15146 4656
133 15194 3492
134 15210 4660
135 15222 4952
136 15238 2636
137 15298 4332
138 15636 2912
139 15670 4002
140 15746 12488
141 15820 2602
142 15960 5860
143 15972 30
144 16266 10378
145 16480 12142
146 16516 6660
147 16888 3070
148 16914 7882
149 17008 4858
150 17294 758
151 17314 6694
152 17392 8368
153 17416 2566
154 17438 8282
155 17776 852
156 17978 7084
157 18008 5164
158 18026 10398
159 18044 5658
160 18214 3538
161 18308 4528
162 18326 10048
163 18420 562
164 18446 8556
165 18512 10222
166 18692 456
167 19312 5636
168 19378 1856
169 19562 5264
170 19576 2506
171 20046 2982
172 20122 4518
173 20426 5542
174 20504 4470
175 20628 5006
176 21256 3070
177 21352 2972
178 21526 9894
179 21888 12140
180 21972 7912
181 22354 6168
182 22562 7080
183 22620 2820
184 22848 516
185 23036 3716
186 23082 7284
187 23420 7306
188 23570 1724
189 24116 6524
190 24252 706
191 24476 5754
192 24574 5982
193 24632 7830
194 24800 1796
195 25242 7660
196 25290 3692
197 25440 8388
198 25448 7848
199 25482 5152
4 2 4 9 1 
4 6 0 9 11 
3 4 0 3 
3 5 2 7 
5 10 32 37 0 2 
3 32 10 3 
3 14 8 1 
3 13 3 8 
3 12 7 6 
5 15 1 0 80 50 
3 32 4 5 
3 17 1 15 
3 16 13 8 
4 22 25 7 12 
3 16 6 17 
4 11 9 50 26 
3 21 12 14 
4 18 14 11 28 
4 20 19 17 24 
4 29 21 18 20 
3 34 19 18 
3 23 16 19 
3 25 13 23 
3 22 21 31 
3 18 28 27 
3 32 13 22 
3 28 15 35 
3 33 24 30 
4 24 17 26 30 
3 36 31 19 
4 42 27 28 48 
3 38 23 29 
5 37 4 10 5 25 
3 40 34 27 
3 39 20 33 
3 26 77 46 
3 39 38 29 
4 43 61 4 32 
3 47 31 36 
3 44 36 34 
3 45 33 41 
3 52 40 42 
3 41 30 54 
3 59 37 47 
3 49 39 45 
3 51 44 40 
3 48 35 83 
3 43 38 49 
3 54 30 46 
3 58 47 44 
3 15 9 77 
3 58 45 53 
3 53 41 55 
3 57 51 52 
3 56 42 48 
3 63 52 56 
4 66 55 54 78 
3 58 53 62 
5 59 49 51 57 68 
4 61 43 58 60 
3 59 72 70 
3 140 37 59 
3 57 64 65 
3 65 64 55 
3 62 63 65 
4 62 64 63 67 
4 69 67 56 73 
3 68 65 66 
3 69 58 67 
3 71 68 66 
3 60 93 94 
4 72 69 74 103 
3 60 71 87 
3 76 66 79 
3 71 75 86 
3 81 74 76 
4 90 92 75 73 
3 35 50 80 
3 79 56 88 
3 82 73 78 
7 143 128 112 98 83 77 9 
3 95 86 75 
4 101 85 79 89 
3 84 46 80 
3 91 88 83 
3 101 90 82 
3 74 81 95 
4 93 72 106 105 
4 97 89 78 84 
3 97 82 88 
3 92 76 85 
3 100 84 99 
3 96 76 90 
3 94 70 87 
3 144 70 93 
4 103 86 81 96 
3 116 95 92 
3 109 89 88 
3 99 80 112 
3 120 91 98 
4 108 102 91 104 
3 109 85 82 
3 107 110 100 
3 71 95 119 
4 100 120 150 127 
3 162 87 106 
3 105 87 123 
3 118 111 102 
3 114 100 124 
4 116 101 97 110 
3 115 109 102 
3 130 113 107 
3 163 98 80 
3 122 115 111 
3 133 118 108 
4 117 110 113 122 
3 126 96 109 
3 125 115 121 
3 129 107 114 
3 123 103 126 
3 104 99 150 
3 142 117 135 
3 115 113 130 
3 106 119 131 
3 136 108 127 
3 148 126 117 
4 131 119 116 125 
3 124 104 155 
3 166 80 143 
3 137 130 118 
4 122 111 129 132 
3 152 123 126 
3 134 130 137 
3 139 114 138 
3 135 132 139 
3 142 121 134 
3 138 124 141 
3 132 129 139 
3 147 133 136 
4 149 134 137 133 
3 61 145 179 
3 136 155 153 
4 146 121 135 149 
3 184 128 80 
3 158 94 165 
3 140 158 179 
3 151 148 142 
3 160 138 153 
3 154 125 146 
3 157 142 139 
3 104 120 163 
3 156 146 159 
3 162 131 154 
3 147 141 170 
4 164 152 148 156 
3 141 127 163 
3 154 151 167 
3 159 149 161 
3 145 144 165 
3 151 157 169 
3 161 147 171 
3 157 160 172 
3 165 105 152 
5 168 155 150 112 166 
3 165 154 173 
5 158 144 162 164 178 
3 184 163 128 
3 156 169 174 
3 177 170 163 
3 167 159 172 
3 171 153 168 
3 176 160 170 
3 169 161 174 
3 180 164 175 
4 175 167 172 176 
3 181 173 174 
3 174 171 177 
3 176 168 183 
3 179 165 180 
5 140 145 178 193 197 
4 178 173 182 186 
3 182 175 185 
3 186 180 181 
3 185 177 188 
3 190 166 143 
4 191 181 183 188 
3 187 180 182 
3 193 186 189 
3 185 183 190 
3 195 187 192 
3 194 188 184 
3 192 185 196 
3 189 191 199 
3 179 187 195 
2 196 190 
3 198 193 189 
3 199 191 194 
2 179 198 
3 197 195 199 
3 198 192 196 
