500
0 30 76
1 114 1636
2 124 8614
3 130 4828
4 156 1992
5 264 190
6 272 4556
7 386 6538
8 498 6300
9 716 8482
10 780 3448
11 830 214
12 964 1716
13 966 2076
14 1088 1684
15 1128 6958
16 1174 8900
17 1196 1958
18 1198 1762
19 1250 1794
20 1268 4712
21 1350 8938
22 1384 760
23 1618 7292
24 1656 1628
25 1738 5692
26 1810 7890
27 1858 362
28 1882 3138
29 1886 3188
30 1886 4436
31 1956 4368
32 1960 4916
33 2064 456
34 2074 1418
35 2114 2848
36 2130 4918
37 2160 4482
38 2226 356
39 2322 5700
40 2336 2186
41 2414 7968
42 2432 8010
43 2464 7076
44 2478 5022
45 2610 4928
46 2686 7946
47 2708 4872
48 2850 7186
49 2928 4744
50 2954 7104
51 3072 5072
52 3202 2396
53 3244 536
54 3262 5784
55 3284 6426
56 3406 5294
57 3422 4190
58 3494 9902
59 3602 2586
60 3608 7280
61 3632 10982
62 3636 11120
63 3674 5854
64 3732 5950
65 3862 6608
66 3880 9724
67 3932 7456
68 3944 7094
69 4030 6580
70 4046 110
71 4168 3014
72 4196 8716
73 4230 4972
74 4494 6736
75 4564 6158
76 4626 6358
77 4636 826
78 4664 1134
79 4694 7166
80 4774 6654
81 4834 7456
82 4908 1436
83 5018 10564
84 5152 6676
85 5156 7894
86 5298 5284
87 5432 4606
88 5506 698
89 5510 7252
90 5512 3982
91 5518 11594
92 5604 5810
93 5668 4678
94 5750 10786
95 5766 2676
96 5770 8242
97 5790 11226
98 5844 8342
99 5872 2654
100 5980 8148
101 6020 6166
102 6164 632
103 6244 9304
104 6300 3994
105 6382 770
106 6494 8508
107 6698 10928
108 6742 8880
109 6770 822
110 6796 6928
111 6810 176
112 6810 10356
113 6834 10136
114 6882 980
115 6894 1622
116 6938 9330
117 7074 1592
118 7084 744
119 7120 2694
120 7206 10984
121 7302 1996
122 7316 6626
123 7414 6474
124 7596 292
125 7660 7282
126 7770 9470
127 7838 4476
128 7840 3230
129 7842 846
130 7998 1012
131 8024 9340
132 8034 10134
133 8044 10904
134 8076 7594
135 8280 6632
136 8286 6260
137 8484 9380
138 8546 1880
139 8570 9676
140 8644 11822
141 8654 1194
142 8780 11726
143 8786 6672
144 8804 6802
145 8814 9654
146 8842 5668
147 8848 3042
148 8948 11724
149 8966 6402
150 8968 9622
151 9046 4490
152 9124 2906
153 9306 2170
154 9312 5542
155 9404 3542
156 9454 2910
157 9496 560
158 9532 4294
159 9566 11522
160 9576 1870
161 9616 1416
162 9622 9734
163 9634 3098
164 9686 146
165 9712 4086
166 9774 2262
167 9784 1490
168 9874 440
169 9874 3184
170 9932 5326
171 9964 7818
172 9970 3650
173 9982 2126
174 9988 2134
175 10002 578
176 10010 1336
177 10106 2692
178 10144 1814
179 10152 3238
180 10178 2126
181 10192 5184
182 10198 5792
183 10262 2128
184 10270 6756
185 10284 3722
186 10336 7718
187 10352 1040
188 10366 5596
189 10392 5460
190 10400 5802
191 10626 270
192 10676 1886
193 10694 4946
194 10746 5792
195 10778 2942
196 10806 8028
197 10874 3108
198 10918 9932
199 10926 9984
200 10948 1772
201 10960 5782
202 10976 3266
203 10980 5658
204 10982 6646
205 10998 1566
206 11056 3394
207 11058 6382
208 11188 5042
209 11248 5304
210 11288 3260
211 11336 8180
212 11346 3966
213 11370 650
214 11372 3512
215 11378 958
216 11392 1964
217 11476 3226
218 11484 2950
219 11542 2466
220 11570 5264
221 11596 2730
222 11606 4888
223 11614 644
224 11644 2308
225 11742 1882
226 11886 2720
227 11894 560
228 11898 6190
229 11990 6150
230 12008 1416
231 12060 860
232 12212 602
233 12244 7868
234 12260 2834
235 12400 1314
236 12424 150
237 12426 7988
238 12462 4674
239 12528 7554
240 12550 4342
241 12566 7528
242 12582 1866
243 12614 10566
244 12618 2726
245 12622 10074
246 12676 4734
247 12688 8972
248 12692 7570
249 12732 7802
250 12784 38
251 12792 4874
252 12866 3096
253 12870 3980
254 12888 1238
255 12908 4612
256 12916 5258
257 12938 1852
258 12980 4096
259 13044 11612
260 13062 3184
261 13078 458
262 13116 2932
263 13118 8832
264 13164 8282
265 13170 1408
266 13190 1246
267 13190 7704
268 13338 7700
269 13342 6602
270 13368 4298
271 13376 2742
272 13494 5252
273 13504 6114
274 13602 6602
275 13612 1956
276 13614 418
277 13634 200
278 13674 3782
279 13690 3422
280 13692 6586
281 13694 3268
282 13710 5442
283 13726 7536
284 13752 2276
285 13766 4338
286 13824 992
287 13860 6256
288 13876 7384
289 13980 5002
290 14030 3826
291 14074 3344
292 14076 5026
293 14214 228
294 14220 7980
295 14232 18
296 14232 3104
297 14248 1312
298 14346 6598
299 14422 4948
300 14424 2658
301 14516 11138
302 14532 6608
303 14542 5058
304 14548 11382
305 14588 2770
306 14688 5028
307 14698 13156
308 14772 1014
309 14796 1594
310 14938 4552
311 14962 11412
312 15008 4246
313 15032 13430
314 15084 4828
315 15140 5176
316 15168 7900
317 15172 13222
318 15176 3260
319 15188 1338
320 15274 6166
321 15304 1818
322 15378 3414
323 15404 3764
324 15408 894
325 15430 11714
326 15438 4064
327 15480 4874
328 15530 5912
329 15560 5050
330 15562 4772
331 15592 7484
332 15594 1030
333 15618 7694
334 15660 7886
335 15674 5210
336 15730 11672
337 15744 11548
338 15750 2360
339 15784 3750
340 15824 11702
341 15874 5688
342 15936 8364
343 15966 508
344 16010 1662
345 16056 6200
346 16070 2276
347 16084 9356
348 16154 7336
349 16158 3496
350 16158 7310
351 16186 6300
352 16204 4358
353 16618 3844
354 16628 11564
355 16722 4176
356 16852 4444
357 16864 11146
358 16882 2854
359 16924 4040
360 17028 9380
361 17132 10068
362 17138 10814
363 17166 9624
364 17184 10764
365 17192 10760
366 17228 9322
367 17264 4970
368 17302 8020
369 17342 762
370 17380 3398
371 17382 8424
372 17438 562
373 17612 5798
374 17614 6036
375 17622 3724
376 17666 3578
377 17668 4096
378 17798 9650
379 17874 3764
380 17878 3606
381 17956 2752
382 17984 10156
383 18026 6580
384 18044 5474
385 18262 1592
386 18276 6866
387 18296 1944
388 18430 12082
389 18446 10160
390 18460 3112
391 18462 7540
392 18474 5624
393 18494 11496
394 18526 2398
395 18624 4926
396 18642 5552
397 18684 5422
398 18724 774
399 18786 5434
400 18824 6872
401 18938 6544
402 18996 12652
403 19068 5176
404 19124 5850
405 19188 2906
406 19212 3972
407 19236 3776
408 19270 3568
409 19272 5736
410 19282 1806
411 19322 5708
412 19352 3134
413 19532 6764
414 19656 546
415 19750 2232
416 19938 6212
417 19994 9688
418 20004 5786
419 20104 11406
420 20144 5898
421 20220 3492
422 20466 4870
423 20522 5768
424 20570 5504
425 20638 5054
426 20708 9182
427 20714 9302
428 20862 4076
429 20882 3928
430 20888 4024
431 21096 6330
432 21108 2208
433 21264 1998
434 21298 9704
435 21436 7576
436 21708 2644
437 21896 820
438 21942 1994
439 22012 5224
440 22078 2066
441 22178 7848
442 22238 7842
443 22306 2430
444 22392 8416
445 22496 5886
446 22572 7008
447 22616 11982
448 22682 632
449 22682 2114
450 22772 2764
451 22832 7692
452 22936 64
453 22958 5774
454 22970 7636
455 23320 6726
456 23336 1784
457 23378 2874
458 23530 2842
459 23558 610
460 23562 6052
461 23590 5380
462 23592 7738
463 23670 2718
464 23672 2678
465 23674 8280
466 23738 266
467 23740 3908
468 23756 8336
469 23760 2856
470 23768 5078
471 23794 1052
472 23796 2958
473 23812 552
474 23836 1280
475 23884 310
476 23940 5570
477 23952 300
478 24028 312
479 24064 6198
480 24166 5058
481 24184 2530
482 24190 2790
483 24194 4758
484 24244 2360
485 24430 4650
486 24458 192
487 24566 8684
488 24636 7626
489 24642 5208
490 24840 1460
491 24880 1620
492 24900 6212
493 24902 2068
494 24998 7740
495 25174 7644
496 25212 2686
497 25310 3940
498 25546 7772
499 25564 3542
6 70 5 1 2 295 250 
4 4 3 0 5 
6 16 62 0 3 7 9 
5 8 7 2 1 6 
4 13 10 6 1 
3 11 1 0 
3 20 3 4 
3 2 3 8 
3 15 7 3 
4 16 2 15 23 
3 20 4 28 
5 27 22 12 5 70 
5 18 17 13 11 14 
3 28 4 12 
3 18 12 22 
3 9 8 25 
4 21 62 2 9 
5 40 35 28 12 19 
3 19 12 14 
3 17 18 24 
5 32 25 6 10 30 
3 61 16 26 
4 14 11 27 33 
3 26 9 25 
3 40 19 34 
4 39 23 15 20 
4 41 42 21 23 
3 22 11 38 
5 29 10 13 17 35 
3 37 31 28 
3 37 20 31 
3 37 30 29 
3 36 39 20 
3 34 22 38 
3 52 24 33 
3 28 17 52 
4 45 44 32 37 
5 36 30 31 29 57 
4 53 33 27 70 
4 43 25 32 44 
3 52 17 24 
3 42 26 43 
4 58 26 41 46 
4 50 48 41 39 
3 39 36 45 
3 44 36 47 
3 72 42 48 
3 51 45 49 
3 60 46 43 
3 51 47 57 
3 60 43 55 
4 56 54 47 49 
4 59 35 40 34 
3 78 38 70 
3 63 55 51 
3 50 54 64 
3 63 51 57 
5 73 56 49 37 71 
3 61 42 66 
3 71 52 82 
5 67 48 50 65 68 
5 62 21 58 66 83 
4 91 2 16 61 
3 64 54 56 
4 65 55 63 73 
3 60 64 69 
3 61 58 72 
3 72 60 79 
4 79 60 69 74 
3 68 65 75 
7 164 111 77 53 38 11 0 
3 57 59 95 
8 103 83 66 46 67 81 85 98 
3 64 57 90 
3 68 76 80 
3 76 69 86 
4 80 74 75 92 
3 78 70 88 
3 82 53 77 
5 89 81 67 68 84 
3 84 74 76 
3 85 72 79 
4 95 59 78 105 
3 94 61 72 
3 79 80 101 
3 96 72 81 
3 92 75 87 
3 93 86 90 
3 77 111 102 
3 96 79 110 
3 87 73 95 
4 140 313 62 97 
4 101 76 86 93 
3 92 87 104 
3 97 83 112 
4 90 71 82 99 
3 98 85 89 
3 91 94 107 
4 106 72 96 100 
3 104 95 115 
3 106 98 110 
4 122 110 84 92 
3 105 88 111 
4 113 72 106 108 
4 127 93 99 119 
3 109 82 102 
4 103 98 100 134 
3 120 97 112 
3 116 103 134 
3 114 105 118 
4 125 100 89 101 
5 124 102 88 70 164 
4 120 107 94 113 
3 112 103 116 
3 115 109 118 
4 119 99 114 117 
3 126 113 108 
4 121 115 129 130 
3 114 109 124 
3 128 104 115 
4 140 107 112 133 
3 128 117 138 
3 125 101 123 
4 135 122 127 136 
4 157 129 118 111 
4 134 110 122 135 
3 132 116 131 
3 151 123 104 
4 151 119 121 147 
3 130 117 124 
3 141 117 129 
4 137 139 126 134 
3 133 126 139 
3 142 120 132 
6 137 131 108 106 125 144 
3 143 125 123 
3 143 123 146 
3 145 131 134 
3 153 121 141 
3 132 131 145 
4 313 91 120 142 
3 161 138 130 
3 140 133 148 
4 144 135 136 149 
3 171 134 143 
4 159 139 137 150 
3 149 136 151 
3 151 128 152 
3 307 142 159 
5 184 143 146 154 182 
3 162 145 171 
8 170 154 146 127 128 147 155 158 
4 156 155 147 153 
3 152 138 160 
3 182 149 151 
3 151 152 163 
3 163 152 166 
3 176 124 168 
3 170 151 165 
3 259 148 145 
4 173 166 153 167 
3 167 141 176 
3 198 199 150 
3 169 155 156 
5 191 168 111 70 250 
4 193 181 158 172 
3 177 156 160 
3 160 161 176 
3 175 157 164 
3 172 163 177 
6 189 188 182 151 158 181 
4 150 144 184 186 
4 185 165 169 179 
3 180 174 160 
3 177 173 180 
3 187 168 191 
5 178 167 161 157 187 
5 179 169 166 174 183 
3 183 180 176 
4 172 177 195 197 
4 183 174 173 178 
3 170 165 193 
4 190 149 154 170 
4 177 180 178 192 
3 171 149 207 
4 212 172 202 206 
3 196 171 204 
4 205 192 176 175 
3 190 170 189 
5 203 194 188 170 193 
3 207 182 188 
5 227 213 175 164 236 
4 195 183 187 200 
4 208 189 181 165 
3 207 189 201 
3 197 179 192 
3 211 198 186 
3 202 179 195 
6 245 199 162 196 211 247 
3 243 162 198 
3 216 192 205 
3 207 194 203 
3 185 197 210 
3 201 189 209 
3 239 186 207 
3 200 187 215 
3 214 185 210 
6 204 184 190 194 201 228 
3 209 193 222 
3 203 208 220 
4 206 202 218 217 
3 198 196 233 
3 240 185 214 
3 215 191 223 
3 212 206 217 
3 230 205 213 
4 224 219 200 225 
4 253 214 210 234 
3 210 221 226 
3 226 221 216 
5 229 228 209 238 256 
3 218 219 226 
3 208 240 238 
3 231 213 227 
3 226 216 225 
3 224 216 230 
5 234 218 221 219 224 
3 232 223 191 
3 241 207 220 
3 269 241 220 
4 242 225 215 231 
4 235 230 223 232 
4 231 227 236 261 
3 237 211 239 
4 252 217 226 244 
3 242 231 254 
3 232 191 250 
4 264 247 233 249 
4 246 220 222 240 
3 233 204 241 
6 255 246 238 222 212 258 
4 248 239 228 229 
4 244 230 235 257 
3 259 199 245 
3 271 234 242 
3 243 198 263 
3 251 238 240 
3 198 237 263 
3 249 241 269 
3 237 248 267 
5 277 236 164 0 295 
3 272 256 246 
3 260 234 262 
3 258 217 278 
5 266 265 257 235 261 
3 272 240 270 
3 273 220 251 
3 275 242 254 
3 240 253 278 
4 307 159 243 301 
5 281 279 278 252 262 
3 254 232 277 
3 260 252 271 
4 245 247 264 294 
3 263 237 268 
3 275 254 266 
3 265 254 276 
3 249 269 268 
3 264 267 283 
6 274 288 283 267 248 229 
3 272 255 278 
4 281 262 244 284 
6 282 273 251 255 270 285 
3 274 256 272 
4 288 269 273 280 
5 284 257 265 286 297 
4 286 266 277 293 
4 276 261 250 295 
6 290 285 270 258 253 260 
3 290 260 291 
3 298 274 287 
3 291 260 271 
4 287 272 289 292 
3 294 268 269 
4 300 271 275 309 
4 299 289 272 278 
4 308 297 275 276 
4 298 280 282 303 
3 294 269 274 
3 292 282 285 
5 312 310 278 279 291 
4 290 279 281 296 
4 303 282 289 299 
4 324 308 276 295 
4 263 283 288 316 
6 452 343 293 277 250 0 
3 318 291 300 
3 309 275 286 
3 302 280 287 
3 306 292 285 
4 305 296 284 321 
4 311 304 259 347 
3 331 298 320 
3 287 292 306 
3 311 307 301 
3 318 300 338 
4 315 303 299 314 
5 313 148 259 304 325 
3 319 286 293 
4 321 284 297 319 
3 330 314 290 
4 337 325 304 301 
4 330 290 323 326 
6 91 140 307 317 402 447 
3 306 310 330 
4 320 306 327 329 
3 294 333 334 
3 313 340 388 
3 322 296 305 
5 344 309 308 324 332 
4 345 302 315 328 
3 300 309 344 
3 349 323 318 
3 312 322 339 
3 319 293 343 
3 307 311 336 
3 330 312 339 
3 329 315 330 
3 345 320 335 
3 335 315 327 
6 335 327 314 310 312 326 
3 333 302 348 
3 344 319 343 
3 334 316 331 
3 342 316 333 
6 341 328 329 330 352 356 
3 340 325 337 
3 354 336 311 
4 349 305 344 346 
4 352 326 323 349 
3 317 336 354 
3 345 335 367 
3 347 334 368 
5 372 369 332 324 295 
6 358 346 338 321 319 332 
4 351 320 328 341 
3 358 338 344 
3 360 301 342 
3 368 331 350 
4 353 339 322 338 
4 348 351 374 383 
3 350 345 373 
3 335 339 355 
3 355 349 358 
4 388 340 337 357 
4 356 352 353 359 
3 367 335 355 
3 354 361 362 
5 370 353 346 344 381 
3 377 355 370 
3 363 347 371 
4 364 362 357 363 
3 357 361 364 
3 361 360 366 
3 362 361 365 
3 393 364 382 
3 378 363 371 
3 384 341 356 
4 371 342 348 391 
3 385 343 372 
4 376 375 359 358 
4 378 366 360 368 
4 398 369 343 414 
3 374 351 384 
3 350 373 392 
3 377 370 376 
3 380 375 370 
4 395 359 375 379 
5 389 382 366 371 391 
5 407 406 377 380 390 
3 379 376 381 
3 380 358 387 
3 393 365 378 
3 386 350 392 
3 392 373 367 
3 387 369 398 
3 391 383 401 
4 394 381 385 410 
4 402 317 354 393 
3 393 378 417 
3 379 394 405 
4 378 368 386 400 
4 383 374 384 396 
5 402 388 365 382 389 
3 405 390 387 
4 403 399 397 377 
3 404 392 397 
3 399 396 395 
3 385 372 414 
3 409 397 395 
3 391 401 413 
4 413 400 386 404 
5 313 388 393 419 447 
5 418 411 395 406 422 
3 416 401 396 
5 412 408 390 394 415 
3 403 379 407 
3 406 379 408 
3 407 405 412 
3 416 399 411 
3 415 387 414 
3 416 409 403 
3 421 408 405 
5 435 426 400 401 416 
6 437 433 410 398 372 452 
3 405 410 432 
6 431 413 404 409 411 420 
3 419 389 427 
3 420 403 424 
3 447 402 417 
3 416 418 423 
4 429 428 412 436 
3 425 403 428 
3 431 420 424 
4 423 418 425 439 
3 439 424 422 
3 427 413 435 
3 434 417 426 
3 422 421 430 
3 430 421 450 
3 428 429 450 
3 446 416 423 
3 436 415 433 
3 432 414 438 
3 447 427 444 
3 441 426 413 
3 421 432 443 
5 449 440 438 414 448 
3 440 433 437 
5 461 453 445 424 425 
3 443 438 437 
3 444 435 442 
3 444 441 446 
3 450 436 440 
5 434 441 442 451 465 
3 446 439 453 
4 451 442 431 445 
7 313 402 419 434 468 487 498 
3 456 437 452 
3 457 450 437 
5 467 430 429 443 449 
3 444 446 454 
6 486 466 459 448 414 295 
3 460 445 439 
3 462 451 455 
3 462 454 460 
4 484 464 448 474 
3 467 449 458 
3 472 457 463 
3 471 452 466 
3 479 455 453 
3 476 439 470 
4 465 454 455 488 
3 469 458 464 
3 463 456 481 
3 468 444 462 
5 475 473 459 452 486 
5 483 470 450 457 472 
3 487 447 465 
3 472 463 482 
3 476 461 467 
3 474 459 473 
4 467 458 469 482 
4 471 466 475 478 
3 491 456 471 
3 473 466 477 
4 479 461 470 480 
3 478 475 486 
3 473 477 486 
3 488 460 476 
4 489 476 483 485 
3 482 464 484 
4 497 472 469 481 
3 480 467 485 
3 481 456 493 
3 480 483 497 
6 499 490 478 477 466 452 
4 447 468 494 498 
3 494 462 479 
3 492 480 497 
3 499 491 486 
4 496 493 474 490 
3 495 489 497 
3 496 484 491 
3 487 488 495 
3 498 494 492 
3 499 493 491 
5 492 489 485 482 499 
4 447 487 495 499 
5 498 497 496 490 486 
