1144
0 0 0
1 0 17
2 0 18
3 0 19
4 0 20
5 0 21
6 0 22
7 0 23
8 0 24
9 0 25
10 0 26
11 0 27
12 0 28
13 0 29
14 0 30
15 0 31
16 0 32
17 0 33
18 0 34
19 0 35
20 0 36
21 0 37
22 0 38
23 0 39
24 0 40
25 0 41
26 0 42
27 0 43
28 0 44
29 0 45
30 0 46
31 0 62
32 0 63
33 0 64
34 0 65
35 0 66
36 0 67
37 0 68
38 0 69
39 0 70
40 1 0
41 1 62
42 1 70
43 2 0
44 2 1
45 2 2
46 2 3
47 2 4
48 2 5
49 2 31
50 2 32
51 2 33
52 2 44
53 2 50
54 2 51
55 2 62
56 2 63
57 2 64
58 2 65
59 2 66
60 2 67
61 2 68
62 2 69
63 2 70
64 3 0
65 3 5
66 3 8
67 3 27
68 3 28
69 3 29
70 3 30
71 3 31
72 3 45
73 3 46
74 3 47
75 3 48
76 3 49
77 3 50
78 3 56
79 3 57
80 3 58
81 3 59
82 3 60
83 3 61
84 4 0
85 4 5
86 4 8
87 4 27
88 4 28
89 4 29
90 4 30
91 4 31
92 4 45
93 4 46
94 4 49
95 4 50
96 4 56
97 4 57
98 4 58
99 4 59
100 4 60
101 4 61
102 5 0
103 5 5
104 5 8
105 5 32
106 5 33
107 5 45
108 5 47
109 5 48
110 5 51
111 5 52
112 5 53
113 5 54
114 5 55
115 5 61
116 5 62
117 5 63
118 5 64
119 6 0
120 6 5
121 6 8
122 6 32
123 6 34
124 6 35
125 6 36
126 6 37
127 6 38
128 6 39
129 6 45
130 6 46
131 6 48
132 6 51
133 6 56
134 6 57
135 6 58
136 6 59
137 6 60
138 6 65
139 6 66
140 7 0
141 7 5
142 7 8
143 7 13
144 7 14
145 7 15
146 7 16
147 7 17
148 7 18
149 7 19
150 7 20
151 7 21
152 7 22
153 7 23
154 7 24
155 7 25
156 7 26
157 7 33
158 7 40
159 7 41
160 7 42
161 7 43
162 7 44
163 7 45
164 7 48
165 7 51
166 7 60
167 7 65
168 7 66
169 8 0
170 8 5
171 8 8
172 8 13
173 8 23
174 8 33
175 8 46
176 8 48
177 8 51
178 8 60
179 8 65
180 8 66
181 9 0
182 9 5
183 9 8
184 9 13
185 9 18
186 9 19
187 9 20
188 9 21
189 9 22
190 9 23
191 9 33
192 9 46
193 9 47
194 9 48
195 9 51
196 9 52
197 9 53
198 9 54
199 9 55
200 9 56
201 9 57
202 9 58
203 9 59
204 9 60
205 9 65
206 10 0
207 10 5
208 10 7
209 10 9
210 10 12
211 10 17
212 10 33
213 10 34
214 10 35
215 10 36
216 10 37
217 10 38
218 10 39
219 10 40
220 10 61
221 10 62
222 10 63
223 10 64
224 11 0
225 11 5
226 11 7
227 11 12
228 11 13
229 11 14
230 11 15
231 11 16
232 11 17
233 11 25
234 11 26
235 11 27
236 11 28
237 11 33
238 11 34
239 11 35
240 11 61
241 11 64
242 12 0
243 12 4
244 12 5
245 12 7
246 12 8
247 12 22
248 12 23
249 12 61
250 12 64
251 13 0
252 13 1
253 13 2
254 13 3
255 13 7
256 13 8
257 13 22
258 13 23
259 13 61
260 13 62
261 13 63
262 13 64
263 14 0
264 14 6
265 14 22
266 14 23
267 14 35
268 14 36
269 14 45
270 14 46
271 14 47
272 14 48
273 14 49
274 14 50
275 14 51
276 14 52
277 14 53
278 14 54
279 14 55
280 14 56
281 14 57
282 14 58
283 14 59
284 14 60
285 14 65
286 14 66
287 14 67
288 14 68
289 14 69
290 14 70
291 15 0
292 15 7
293 15 12
294 15 13
295 15 14
296 15 15
297 15 22
298 15 23
299 15 35
300 15 36
301 15 53
302 15 60
303 15 65
304 15 70
305 16 0
306 16 7
307 16 12
308 16 15
309 16 22
310 16 25
311 16 26
312 16 27
313 16 28
314 16 29
315 16 53
316 16 54
317 16 55
318 16 56
319 16 57
320 16 58
321 16 59
322 16 60
323 16 65
324 16 70
325 17 0
326 17 7
327 17 12
328 17 16
329 17 17
330 17 18
331 17 19
332 17 20
333 17 21
334 17 24
335 17 25
336 17 30
337 17 31
338 17 32
339 17 33
340 17 34
341 17 35
342 17 36
343 17 40
344 17 53
345 17 65
346 17 66
347 17 67
348 17 68
349 17 69
350 17 70
351 18 0
352 18 7
353 18 10
354 18 11
355 18 16
356 18 17
357 18 18
358 18 19
359 18 20
360 18 21
361 18 24
362 18 25
363 18 30
364 18 36
365 18 61
366 18 62
367 18 63
368 18 64
369 19 0
370 19 7
371 19 10
372 19 15
373 19 22
374 19 30
375 19 37
376 19 38
377 19 39
378 19 41
379 19 42
380 19 61
381 19 64
382 20 0
383 20 7
384 20 10
385 20 15
386 20 30
387 20 31
388 20 39
389 20 62
390 20 63
391 20 64
392 21 0
393 21 2
394 21 10
395 21 12
396 21 15
397 21 32
398 21 39
399 21 64
400 22 0
401 22 2
402 22 10
403 22 11
404 22 13
405 22 15
406 22 23
407 22 24
408 22 25
409 22 26
410 22 27
411 22 28
412 22 32
413 22 39
414 22 64
415 23 0
416 23 2
417 23 10
418 23 11
419 23 14
420 23 15
421 23 23
422 23 28
423 23 32
424 23 33
425 23 34
426 23 35
427 23 36
428 23 37
429 23 39
430 23 64
431 24 0
432 24 2
433 24 10
434 24 11
435 24 14
436 24 15
437 24 22
438 24 28
439 24 38
440 24 39
441 24 49
442 24 50
443 24 51
444 24 64
445 25 0
446 25 2
447 25 10
448 25 12
449 25 13
450 25 15
451 25 23
452 25 28
453 25 38
454 25 39
455 25 49
456 25 52
457 25 54
458 25 55
459 25 56
460 25 64
461 26 0
462 26 2
463 26 3
464 26 4
465 26 5
466 26 10
467 26 12
468 26 15
469 26 23
470 26 28
471 26 37
472 26 39
473 26 49
474 26 52
475 26 54
476 26 57
477 26 62
478 26 63
479 26 64
480 26 68
481 27 0
482 27 2
483 27 5
484 27 10
485 27 12
486 27 15
487 27 23
488 27 24
489 27 25
490 27 26
491 27 27
492 27 28
493 27 37
494 27 39
495 27 49
496 27 53
497 27 57
498 27 68
499 28 2
500 28 5
501 28 10
502 28 12
503 28 15
504 28 18
505 28 19
506 28 20
507 28 29
508 28 30
509 28 31
510 28 37
511 28 40
512 28 49
513 28 57
514 28 68
515 29 2
516 29 5
517 29 10
518 29 13
519 29 14
520 29 15
521 29 18
522 29 19
523 29 20
524 29 29
525 29 30
526 29 37
527 29 38
528 29 39
529 29 40
530 29 49
531 29 50
532 29 51
533 29 52
534 29 53
535 29 54
536 29 55
537 29 56
538 29 57
539 29 62
540 29 63
541 29 64
542 30 2
543 30 5
544 30 10
545 30 23
546 30 24
547 30 25
548 30 26
549 30 27
550 30 28
551 30 32
552 30 33
553 30 62
554 30 63
555 30 64
556 31 2
557 31 5
558 31 10
559 31 29
560 31 30
561 31 41
562 31 42
563 32 2
564 32 4
565 32 10
566 32 11
567 32 12
568 32 13
569 32 27
570 32 28
571 32 30
572 32 41
573 32 42
574 33 2
575 33 3
576 33 4
577 33 5
578 33 6
579 33 7
580 33 8
581 33 9
582 33 14
583 33 27
584 33 30
585 33 40
586 33 42
587 34 0
588 34 10
589 34 11
590 34 12
591 34 13
592 34 27
593 34 30
594 34 40
595 34 42
596 34 61
597 34 64
598 35 0
599 35 10
600 35 13
601 35 21
602 35 22
603 35 27
604 35 31
605 35 40
606 35 42
607 35 61
608 35 64
609 35 66
610 35 67
611 35 69
612 36 0
613 36 10
614 36 11
615 36 12
616 36 13
617 36 21
618 36 22
619 36 27
620 36 28
621 36 29
622 36 30
623 36 40
624 36 42
625 36 61
626 36 64
627 36 66
628 36 67
629 36 69
630 37 0
631 37 3
632 37 4
633 37 5
634 37 21
635 37 22
636 37 23
637 37 40
638 37 42
639 37 47
640 37 48
641 37 58
642 37 61
643 37 64
644 37 66
645 37 68
646 37 70
647 38 0
648 38 3
649 38 5
650 38 40
651 38 42
652 38 47
653 38 48
654 38 58
655 38 63
656 38 64
657 38 66
658 38 69
659 38 70
660 39 0
661 39 3
662 39 5
663 39 24
664 39 25
665 39 26
666 39 27
667 39 28
668 39 29
669 39 30
670 39 40
671 39 42
672 39 47
673 39 48
674 39 58
675 39 63
676 39 64
677 39 66
678 39 68
679 40 0
680 40 3
681 40 4
682 40 5
683 40 24
684 40 30
685 40 40
686 40 42
687 40 45
688 40 46
689 40 47
690 40 48
691 40 62
692 40 64
693 40 66
694 40 68
695 41 0
696 41 5
697 41 24
698 41 25
699 41 26
700 41 27
701 41 28
702 41 30
703 41 40
704 41 42
705 41 62
706 41 63
707 41 64
708 41 66
709 41 68
710 42 0
711 42 5
712 42 29
713 42 40
714 42 41
715 42 42
716 42 59
717 42 60
718 42 61
719 42 65
720 42 68
721 43 0
722 43 5
723 43 24
724 43 25
725 43 26
726 43 43
727 43 44
728 43 59
729 43 61
730 43 65
731 43 66
732 43 67
733 43 68
734 44 0
735 44 5
736 44 17
737 44 23
738 44 27
739 44 28
740 44 29
741 44 38
742 44 39
743 44 40
744 44 41
745 44 42
746 44 43
747 44 44
748 44 60
749 44 62
750 44 63
751 44 64
752 45 0
753 45 24
754 45 25
755 45 26
756 45 29
757 45 59
758 45 64
759 46 0
760 46 24
761 46 25
762 46 26
763 46 27
764 46 28
765 46 49
766 46 59
767 46 64
768 47 0
769 47 18
770 47 19
771 47 20
772 47 21
773 47 22
774 47 23
775 47 45
776 47 53
777 47 59
778 47 65
779 47 68
780 48 12
781 48 13
782 48 18
783 48 23
784 48 45
785 48 53
786 48 59
787 48 65
788 48 66
789 48 67
790 49 12
791 49 13
792 49 18
793 49 23
794 49 26
795 49 27
796 49 28
797 49 45
798 49 53
799 49 59
800 49 60
801 49 61
802 49 62
803 49 63
804 49 64
805 49 68
806 50 12
807 50 13
808 50 18
809 50 23
810 50 26
811 50 28
812 50 32
813 50 33
814 50 34
815 50 35
816 50 36
817 50 48
818 50 52
819 50 53
820 50 68
821 51 12
822 51 13
823 51 18
824 51 23
825 51 26
826 51 28
827 51 30
828 51 31
829 51 32
830 51 33
831 51 34
832 51 35
833 51 36
834 51 48
835 51 52
836 51 53
837 51 68
838 52 12
839 52 13
840 52 18
841 52 19
842 52 20
843 52 21
844 52 22
845 52 23
846 52 26
847 52 27
848 52 28
849 52 46
850 52 47
851 52 48
852 52 52
853 52 53
854 52 68
855 52 69
856 52 70
857 53 12
858 53 13
859 53 26
860 53 59
861 53 60
862 53 61
863 53 68
864 53 70
865 54 12
866 54 13
867 54 26
868 54 51
869 54 68
870 54 70
871 55 12
872 55 13
873 55 51
874 55 52
875 55 53
876 55 54
877 55 55
878 55 56
879 55 57
880 55 58
881 55 61
882 55 62
883 55 63
884 55 64
885 55 68
886 55 70
887 56 8
888 56 9
889 56 10
890 56 11
891 56 13
892 56 51
893 56 58
894 56 61
895 56 64
896 56 67
897 56 70
898 57 8
899 57 9
900 57 13
901 57 29
902 57 30
903 57 31
904 57 32
905 57 33
906 57 34
907 57 35
908 57 36
909 57 51
910 57 52
911 57 53
912 57 54
913 57 55
914 57 56
915 57 57
916 57 58
917 57 61
918 57 62
919 57 63
920 57 64
921 57 67
922 57 70
923 58 0
924 58 10
925 58 14
926 58 15
927 58 16
928 58 17
929 58 18
930 58 19
931 58 29
932 58 36
933 58 67
934 58 70
935 59 0
936 59 10
937 59 13
938 59 19
939 59 29
940 59 30
941 59 31
942 59 32
943 59 33
944 59 34
945 59 35
946 59 36
947 59 67
948 59 70
949 60 0
950 60 10
951 60 13
952 60 67
953 60 68
954 60 69
955 60 70
956 61 0
957 61 10
958 61 13
959 61 37
960 61 61
961 62 0
962 62 1
963 62 2
964 62 10
965 62 13
966 62 22
967 62 23
968 62 24
969 62 25
970 62 26
971 62 27
972 62 28
973 62 36
974 62 38
975 62 39
976 62 43
977 62 44
978 62 45
979 62 50
980 62 51
981 62 52
982 62 53
983 62 54
984 62 55
985 62 56
986 63 0
987 63 2
988 63 10
989 63 14
990 63 15
991 63 16
992 63 17
993 63 18
994 63 25
995 63 28
996 63 36
997 63 38
998 63 40
999 63 41
1000 63 42
1001 63 50
1002 63 51
1003 63 56
1004 64 0
1005 64 2
1006 64 10
1007 64 19
1008 64 20
1009 64 21
1010 64 22
1011 64 23
1012 64 24
1013 64 25
1014 64 26
1015 64 27
1016 64 28
1017 64 36
1018 64 38
1019 64 41
1020 64 52
1021 64 53
1022 64 54
1023 64 55
1024 64 56
1025 64 61
1026 64 62
1027 64 63
1028 64 64
1029 65 0
1030 65 2
1031 65 10
1032 65 19
1033 65 29
1034 65 30
1035 65 31
1036 65 32
1037 65 33
1038 65 34
1039 65 35
1040 65 36
1041 65 38
1042 65 42
1043 65 43
1044 65 44
1045 65 45
1046 65 47
1047 65 48
1048 65 49
1049 66 0
1050 66 1
1051 66 2
1052 66 10
1053 66 11
1054 66 12
1055 66 13
1056 66 14
1057 66 15
1058 66 16
1059 66 17
1060 66 18
1061 66 19
1062 66 29
1063 66 36
1064 66 38
1065 66 45
1066 66 47
1067 66 49
1068 67 5
1069 67 29
1070 67 30
1071 67 31
1072 67 32
1073 67 33
1074 67 34
1075 67 35
1076 67 36
1077 67 38
1078 67 39
1079 67 40
1080 67 41
1081 67 42
1082 67 43
1083 67 44
1084 67 45
1085 67 46
1086 67 47
1087 67 48
1088 67 60
1089 67 61
1090 67 62
1091 67 63
1092 67 64
1093 67 65
1094 67 66
1095 67 67
1096 67 68
1097 67 69
1098 67 70
1099 68 5
1100 68 9
1101 68 22
1102 68 23
1103 68 24
1104 68 25
1105 68 26
1106 68 27
1107 68 28
1108 68 37
1109 68 60
1110 68 70
1111 69 0
1112 69 1
1113 69 2
1114 69 5
1115 69 29
1116 69 30
1117 69 31
1118 69 37
1119 69 38
1120 69 39
1121 69 40
1122 69 60
1123 69 70
1124 70 0
1125 70 1
1126 70 2
1127 70 5
1128 70 29
1129 70 30
1130 70 31
1131 70 32
1132 70 33
1133 70 60
1134 70 61
1135 70 62
1136 70 63
1137 70 64
1138 70 65
1139 70 66
1140 70 67
1141 70 68
1142 70 69
1143 70 70
2 40 1 
2 2 0 
2 3 1 
2 4 2 
2 5 3 
2 6 4 
2 7 5 
2 8 6 
2 9 7 
2 10 8 
2 11 9 
2 12 10 
2 13 11 
2 14 12 
2 15 13 
2 16 14 
2 17 15 
2 18 16 
2 19 17 
2 20 18 
2 21 19 
2 22 20 
2 23 21 
2 24 22 
2 25 23 
2 26 24 
2 27 25 
2 28 26 
2 29 27 
2 30 28 
2 31 29 
3 41 32 30 
3 56 33 31 
3 57 34 32 
3 58 35 33 
3 59 36 34 
3 60 37 35 
3 61 38 36 
3 62 39 37 
2 42 38 
2 43 0 
2 55 31 
2 63 39 
3 64 44 40 
2 45 43 
2 46 44 
2 47 45 
3 65 48 46 
2 49 47 
2 50 48 
2 51 49 
2 52 50 
2 53 51 
2 54 52 
2 55 53 
4 116 41 54 83 
2 117 32 
2 118 33 
2 138 34 
2 139 35 
2 287 36 
2 288 37 
2 289 38 
2 290 42 
2 84 43 
4 85 208 66 47 
3 86 67 65 
2 68 66 
2 69 67 
2 70 68 
2 71 69 
2 72 70 
2 73 71 
2 74 72 
2 75 73 
2 76 74 
2 77 75 
2 78 76 
2 79 77 
2 80 78 
2 81 79 
2 82 80 
2 83 81 
3 101 55 82 
2 102 64 
2 103 65 
3 104 87 66 
2 88 86 
2 89 87 
2 90 88 
2 91 89 
2 92 90 
2 93 91 
2 94 92 
2 95 93 
2 96 94 
2 97 95 
2 98 96 
2 99 97 
2 100 98 
2 101 99 
3 115 83 100 
2 119 84 
2 120 85 
3 121 105 86 
2 106 104 
2 107 105 
2 108 106 
2 109 107 
2 110 108 
2 111 109 
2 112 110 
2 113 111 
2 114 112 
2 115 113 
4 220 101 114 137 
2 221 55 
2 222 56 
2 223 57 
3 140 243 102 
2 141 103 
3 142 122 104 
2 123 121 
2 124 122 
2 125 123 
2 126 124 
2 127 125 
2 128 126 
2 129 127 
2 130 128 
2 131 129 
2 132 130 
3 165 133 131 
2 134 132 
2 135 133 
2 136 134 
2 137 135 
3 166 115 136 
2 167 58 
2 168 59 
2 169 119 
2 170 120 
3 171 143 121 
4 172 144 142 210 
3 229 145 143 
2 146 144 
2 147 145 
3 185 148 146 
2 149 147 
2 150 148 
2 151 149 
2 152 150 
3 189 153 151 
3 173 154 152 
2 155 153 
2 156 154 
2 157 155 
3 174 158 156 
2 159 157 
2 160 158 
2 161 159 
3 192 162 160 
2 163 161 
3 175 164 162 
3 176 165 163 
3 177 132 164 
2 178 137 
2 179 138 
2 180 139 
2 181 140 
2 182 141 
3 183 209 142 
2 184 143 
2 190 153 
2 191 157 
2 193 163 
2 194 164 
2 195 165 
3 204 166 203 
2 205 167 
2 286 168 
2 206 169 
2 207 170 
2 246 171 
2 228 172 
3 186 147 211 
2 187 185 
2 188 186 
3 189 187 232 
3 247 152 188 
3 248 233 173 
2 212 174 
3 193 161 219 
3 194 175 192 
3 195 176 193 
3 196 177 194 
2 197 195 
2 198 196 
2 199 197 
2 200 198 
2 201 199 
2 202 200 
2 203 201 
3 283 178 202 
2 284 178 
2 285 179 
2 224 181 
2 225 182 
3 226 256 65 
3 353 210 171 
3 227 143 209 
2 185 231 
3 237 213 191 
2 214 212 
2 215 213 
2 216 214 
2 217 215 
2 218 216 
2 219 217 
3 192 218 239 
2 240 115 
2 260 116 
2 261 117 
2 241 118 
2 242 206 
2 244 207 
2 245 208 
3 293 210 354 
2 294 184 
3 295 230 144 
4 296 328 231 229 
3 232 211 230 
3 331 188 231 
3 314 234 190 
2 235 233 
2 236 234 
2 237 235 
3 238 212 236 
2 239 237 
4 267 268 219 238 
2 249 220 
2 250 223 
2 251 224 
3 244 119 254 
3 264 225 243 
2 255 226 
2 256 183 
3 257 189 333 
2 258 190 
2 259 240 
2 262 241 
3 263 252 242 
2 253 251 
3 393 254 252 
3 463 243 253 
2 292 245 
3 417 246 208 
2 265 247 
2 266 248 
2 365 249 
2 366 221 
2 367 222 
2 368 250 
2 291 251 
2 306 244 
2 297 257 
2 298 258 
2 299 239 
3 300 269 239 
2 270 268 
2 271 269 
2 272 270 
2 273 271 
2 274 272 
2 275 273 
2 276 274 
3 277 275 343 
2 278 276 
2 279 277 
3 280 278 301 
2 281 279 
2 282 280 
3 320 283 281 
3 321 203 282 
2 302 204 
2 303 205 
2 346 180 
2 347 60 
2 348 61 
2 349 62 
2 304 63 
2 305 263 
2 306 255 
2 307 227 
2 404 228 
2 419 229 
2 308 230 
2 309 265 
4 406 334 310 266 
2 341 267 
2 342 268 
3 315 279 379 
2 322 284 
2 323 285 
2 324 290 
2 325 291 
3 326 292 264 
2 327 293 
2 372 296 
2 373 297 
4 335 311 298 334 
2 312 310 
2 313 311 
2 314 312 
3 336 233 313 
3 344 316 301 
2 317 315 
2 318 316 
2 319 317 
2 320 318 
4 641 282 319 476 
2 716 283 
2 717 302 
2 345 303 
2 350 304 
2 351 305 
2 352 306 
2 395 307 
3 355 329 230 
2 330 328 
2 331 329 
3 332 232 330 
2 333 331 
4 360 247 332 359 
3 361 310 298 
2 362 310 
3 363 337 314 
2 338 336 
2 339 337 
2 340 338 
2 341 339 
3 364 299 340 
2 364 300 
2 276 364 
3 459 315 443 
2 719 323 
2 609 286 
2 610 287 
2 480 288 
2 611 289 
2 646 324 
2 369 325 
2 370 326 
3 371 354 209 
3 403 227 353 
3 356 328 385 
2 357 355 
2 358 356 
2 359 357 
3 506 333 358 
2 601 333 
2 407 334 
3 408 409 335 
2 374 336 
4 375 343 342 341 
2 380 259 
2 389 260 
2 390 261 
2 381 262 
2 382 351 
2 383 352 
2 384 353 
2 385 308 
2 437 309 
3 386 387 363 
3 428 376 364 
2 377 375 
3 388 378 376 
5 561 562 379 377 511 
3 441 301 378 
2 596 365 
2 391 368 
2 392 369 
3 581 370 465 
2 394 371 
3 396 355 372 
3 387 374 411 
3 397 374 386 
2 398 377 
2 477 366 
2 478 367 
2 399 381 
2 400 382 
2 401 253 
2 402 384 
2 448 327 
2 405 385 
3 412 428 387 
2 413 388 
2 414 391 
2 415 392 
2 416 393 
2 417 394 
2 418 354 
2 449 294 
2 420 396 
2 421 298 
2 488 361 
2 489 362 
3 490 410 362 
3 491 411 409 
3 422 386 410 
2 423 397 
2 429 398 
2 430 399 
2 431 400 
2 432 401 
3 433 402 256 
2 434 403 
2 435 295 
2 436 405 
2 451 406 
2 438 411 
3 424 412 509 
2 425 423 
3 471 426 424 
2 427 425 
3 453 428 426 
4 439 375 397 427 
2 440 413 
2 444 414 
2 445 415 
2 446 416 
2 447 417 
2 566 418 
2 519 419 
2 450 420 
2 602 373 
2 452 422 
2 454 428 
2 454 429 
3 455 442 379 
2 443 441 
3 459 344 442 
2 460 430 
2 461 431 
2 462 432 
2 466 433 
2 467 395 
2 518 404 
2 468 436 
2 469 421 
3 470 507 438 
2 472 427 
3 472 440 439 
3 473 456 441 
2 457 455 
2 458 456 
4 459 457 474 475 
4 476 344 443 458 
2 479 444 
2 481 445 
2 482 446 
3 464 254 515 
2 465 463 
3 483 383 464 
2 484 447 
2 485 448 
2 486 450 
2 487 451 
2 492 452 
3 493 494 425 
3 494 454 453 
2 495 455 
2 458 495 
2 458 496 
3 497 320 459 
2 539 389 
2 540 390 
2 541 460 
2 498 348 
2 587 461 
2 499 462 
2 500 465 
2 501 466 
2 502 467 
2 503 468 
2 545 469 
2 546 407 
2 547 408 
2 548 409 
2 549 410 
2 550 470 
2 510 471 
3 511 472 471 
3 512 474 473 
2 475 532 
2 513 476 
2 514 480 
2 515 482 
2 516 483 
2 517 484 
2 567 485 
3 520 504 486 
2 505 503 
2 506 504 
3 523 359 505 
3 524 508 452 
3 525 509 507 
3 551 423 508 
2 526 493 
3 529 378 494 
2 530 495 
2 538 497 
2 645 498 
3 542 463 499 
2 543 500 
2 544 501 
2 568 449 
4 582 736 520 435 
3 521 503 519 
2 522 520 
2 523 521 
3 634 506 522 
2 559 507 
2 560 508 
3 527 510 552 
2 528 526 
2 529 527 
3 585 511 528 
3 531 512 640 
2 532 530 
3 533 496 531 
2 534 532 
2 535 533 
3 536 534 776 
2 537 535 
2 538 536 
3 879 513 537 
2 553 477 
2 554 478 
2 555 479 
2 556 515 
2 557 516 
2 558 517 
2 636 487 
2 663 488 
2 664 489 
2 665 490 
2 569 491 
2 570 492 
3 552 509 604 
3 526 551 702 
2 691 539 
2 655 540 
2 597 541 
2 563 542 
3 581 543 564 
2 565 544 
2 621 524 
2 571 525 
2 572 378 
3 573 639 378 
2 574 556 
2 557 575 
2 588 558 
2 589 434 
2 590 502 
2 591 518 
2 583 549 
2 620 550 
2 584 560 
2 714 561 
3 586 687 562 
4 631 575 563 752 
3 576 564 574 
2 577 575 
2 578 576 
2 579 577 
2 580 578 
2 581 579 
4 588 383 557 580 
2 925 519 
2 592 569 
2 593 571 
2 594 529 
2 595 573 
2 598 481 
3 599 565 581 
2 614 566 
2 615 567 
2 600 568 
2 603 583 
2 622 584 
2 605 585 
2 606 586 
2 607 380 
2 608 555 
2 612 587 
2 613 588 
2 616 591 
2 617 360 
2 618 437 
2 619 592 
2 551 684 
2 623 594 
2 624 595 
2 625 596 
2 626 597 
2 627 346 
2 628 347 
2 629 349 
2 630 598 
3 614 599 633 
3 615 589 613 
3 780 590 614 
2 781 600 
2 634 601 
2 635 602 
2 666 603 
2 667 570 
2 668 559 
2 669 593 
2 637 605 
2 638 606 
2 642 607 
2 643 608 
2 644 609 
2 732 610 
2 658 611 
2 647 612 
3 648 632 574 
2 633 631 
3 649 613 632 
3 773 617 523 
2 773 618 
2 737 545 
2 650 623 
2 651 624 
3 652 640 562 
3 653 530 639 
2 654 320 
2 718 625 
2 656 626 
2 657 627 
2 678 514 
2 659 350 
2 660 630 
2 661 631 
2 662 633 
2 670 637 
2 671 638 
2 672 639 
2 673 640 
2 674 641 
2 675 554 
2 676 643 
2 677 644 
2 855 629 
2 856 646 
2 679 647 
2 680 648 
2 682 649 
2 683 546 
2 698 547 
2 699 548 
2 700 619 
2 701 620 
2 712 621 
2 684 622 
2 685 650 
2 686 651 
2 689 652 
2 690 653 
2 880 654 
2 706 655 
2 692 656 
2 693 657 
2 694 645 
2 695 660 
3 681 661 935 
2 682 680 
3 696 662 681 
2 697 663 
3 702 604 669 
3 703 670 826 
2 704 671 
3 688 573 727 
2 689 687 
3 690 672 688 
3 765 673 689 
2 705 553 
2 707 676 
2 708 677 
2 709 678 
2 710 679 
2 711 682 
2 723 683 
2 724 664 
2 725 665 
2 738 666 
2 739 667 
3 552 684 756 
2 713 685 
2 715 686 
2 749 691 
2 750 675 
2 751 692 
2 731 693 
2 720 694 
2 721 695 
2 722 696 
2 740 668 
3 714 703 741 
3 715 572 713 
3 726 704 714 
2 728 321 
2 748 322 
2 729 642 
2 730 345 
2 733 709 
2 734 710 
2 735 711 
2 753 697 
2 754 698 
2 755 699 
3 747 727 715 
3 747 687 726 
2 757 716 
2 801 718 
2 778 719 
2 788 708 
2 789 628 
2 779 720 
2 752 721 
3 887 722 962 
3 840 769 519 
2 774 636 
2 763 700 
2 764 701 
2 756 712 
3 742 713 812 
2 743 741 
2 744 742 
2 745 743 
2 746 744 
2 747 745 
4 775 727 726 746 
2 800 717 
2 802 705 
2 803 706 
2 758 707 
3 759 574 734 
2 760 723 
2 761 724 
2 762 725 
3 702 740 826 
2 766 728 
2 767 751 
2 768 752 
3 761 753 809 
3 846 754 760 
2 794 755 
2 795 738 
2 796 739 
3 776 690 775 
2 777 757 
2 804 758 
2 923 759 
3 782 770 736 
2 771 769 
2 772 770 
2 773 771 
4 845 635 634 772 
2 783 737 
3 784 765 747 
3 785 535 765 
2 786 766 
2 787 730 
2 805 733 
2 790 615 
2 791 616 
2 792 769 
2 793 774 
2 797 775 
2 798 776 
2 799 777 
2 1093 778 
2 1094 731 
2 896 732 
2 806 780 
2 807 781 
2 808 782 
2 809 783 
2 810 762 
2 847 763 
2 811 764 
3 817 784 816 
3 819 785 818 
2 860 786 
2 861 748 
2 862 729 
2 882 749 
2 883 750 
2 884 767 
2 820 779 
2 821 790 
2 822 791 
2 823 792 
3 824 760 793 
2 825 794 
2 826 796 
3 813 741 827 
2 814 812 
2 815 813 
2 816 814 
3 833 797 815 
3 834 818 797 
4 835 798 817 868 
2 836 798 
2 837 805 
2 838 806 
2 839 807 
2 840 808 
2 845 809 
2 846 810 
4 685 756 811 847 
3 828 812 848 
2 829 827 
2 830 828 
2 831 829 
2 832 830 
2 833 831 
3 849 816 832 
2 851 817 
2 852 818 
2 853 819 
2 854 820 
2 857 821 
2 858 822 
4 929 841 823 736 
2 842 840 
2 843 841 
2 844 842 
2 845 843 
4 867 824 773 844 
3 859 825 761 
3 826 795 859 
2 827 859 
3 850 833 908 
2 851 849 
3 868 834 850 
2 874 835 
2 875 836 
2 863 837 
2 954 658 
2 864 659 
2 865 838 
2 866 839 
4 867 848 847 846 
3 861 799 880 
3 881 800 860 
2 881 801 
2 869 854 
2 870 856 
2 871 857 
2 872 858 
3 901 859 845 
3 873 818 851 
2 885 863 
2 886 864 
3 1055 865 890 
2 891 866 
2 892 868 
3 875 852 909 
3 876 853 874 
2 877 875 
2 878 876 
2 879 877 
3 880 538 878 
4 893 860 674 879 
4 882 862 861 893 
3 883 802 881 
3 884 803 882 
4 895 804 883 894 
2 953 869 
2 897 870 
4 898 899 888 735 
2 889 887 
2 890 888 
3 871 889 924 
2 900 872 
2 909 873 
3 881 880 913 
2 884 916 
2 920 884 
2 921 789 
2 922 886 
3 899 887 963 
3 924 887 898 
2 937 891 
3 931 902 867 
2 903 901 
2 904 902 
2 905 903 
2 906 904 
2 907 905 
2 908 906 
3 932 849 907 
4 910 874 892 959 
2 911 909 
2 912 910 
2 913 911 
3 914 893 912 
2 915 913 
2 916 914 
3 917 894 915 
4 960 918 916 985 
2 919 917 
2 920 918 
3 1028 895 919 
2 933 896 
2 934 897 
2 935 768 
3 936 890 899 
3 989 926 582 
2 927 925 
2 928 926 
2 929 927 
4 938 930 840 928 
2 931 929 
3 939 901 930 
2 946 908 
2 947 921 
2 948 922 
3 949 680 923 
2 950 924 
2 951 900 
2 966 929 
3 940 931 972 
2 941 939 
2 942 940 
2 943 941 
2 944 942 
2 945 943 
2 946 944 
3 959 932 945 
2 952 933 
2 955 934 
2 956 935 
2 957 936 
2 958 937 
2 1095 947 
2 1096 885 
2 1097 855 
2 1098 948 
2 961 949 
2 964 950 
2 965 951 
3 909 946 973 
2 1025 917 
2 986 956 
3 963 735 1004 
3 987 898 962 
2 988 957 
2 1055 958 
3 967 938 990 
2 968 966 
2 969 967 
2 970 968 
2 971 969 
2 972 970 
3 973 939 971 
3 974 959 972 
2 975 973 
2 976 974 
2 977 975 
2 978 976 
2 979 977 
2 980 978 
2 981 979 
2 982 980 
2 983 981 
2 984 982 
2 985 983 
3 1003 917 984 
2 1004 961 
2 1005 963 
2 1006 964 
3 990 925 1055 
4 1007 991 966 989 
2 992 990 
2 993 991 
2 994 992 
2 995 993 
2 996 994 
2 997 995 
2 998 996 
2 999 997 
2 1000 998 
2 1001 999 
2 1002 1000 
2 1003 1001 
3 1024 985 1002 
3 1029 962 986 
2 1030 987 
2 1031 988 
3 1032 1008 990 
2 1009 1007 
2 1010 1008 
2 1011 1009 
2 1012 1010 
2 1013 1011 
2 1014 1012 
2 1015 1013 
2 1016 1014 
2 1017 1015 
2 1018 1016 
2 1019 1017 
2 1020 1018 
2 1021 1019 
2 1022 1020 
2 1023 1021 
3 1024 1022 1048 
3 1025 1003 1023 
3 1026 960 1024 
2 1027 1025 
2 1028 1026 
3 1092 920 1027 
2 1049 1004 
2 1051 1005 
2 1052 1006 
3 1033 1007 1060 
2 1034 1032 
2 1035 1033 
2 1036 1034 
2 1037 1035 
2 1038 1036 
2 1039 1037 
2 1040 1038 
2 1041 1039 
2 1042 1040 
2 1043 1041 
2 1044 1042 
2 1045 1043 
2 1046 1044 
2 1047 1045 
2 1048 1046 
3 1067 1023 1047 
3 1111 1050 1029 
2 1051 1049 
3 1068 1030 1050 
3 1053 1031 1068 
2 1054 1052 
2 1055 1053 
5 1056 989 965 871 1054 
2 1057 1055 
2 1058 1056 
2 1059 1057 
2 1060 1058 
3 1061 1032 1059 
2 1062 1060 
3 1069 1063 1061 
2 1064 1062 
2 1065 1063 
2 1066 1064 
2 1067 1065 
3 1090 1048 1066 
3 1099 1052 1051 
3 1070 1062 1106 
2 1071 1069 
2 1072 1070 
2 1073 1071 
2 1074 1072 
2 1075 1073 
2 1076 1074 
2 1077 1075 
2 1078 1076 
2 1079 1077 
2 1080 1078 
2 1081 1079 
2 1082 1080 
2 1083 1081 
2 1084 1082 
2 1085 1083 
2 1086 1084 
2 1087 1085 
2 1088 1086 
2 1089 1087 
2 1090 1088 
3 1091 1067 1089 
2 1092 1090 
3 1093 1028 1091 
3 1094 787 1092 
4 1095 788 1093 1109 
3 1096 952 1094 
3 1097 953 1095 
3 1123 954 1096 
2 1110 955 
3 1100 1068 1111 
2 1101 1099 
2 1102 1100 
2 1103 1101 
2 1104 1102 
2 1105 1103 
2 1106 1104 
3 1107 1069 1105 
2 1108 1106 
2 1109 1107 
3 1122 1094 1108 
2 1123 1098 
4 1124 1112 1099 1049 
2 1113 1111 
2 1114 1112 
2 1115 1113 
2 1116 1114 
2 1117 1115 
2 1118 1116 
2 1119 1117 
2 1120 1118 
2 1121 1119 
2 1122 1120 
3 1135 1109 1121 
3 1143 1110 1097 
2 1125 1111 
2 1126 1124 
2 1127 1125 
2 1128 1126 
2 1129 1127 
2 1130 1128 
2 1131 1129 
2 1132 1130 
2 1133 1131 
2 1134 1132 
2 1135 1133 
3 1136 1122 1134 
2 1137 1135 
2 1138 1136 
2 1139 1137 
2 1140 1138 
2 1141 1139 
2 1142 1140 
2 1143 1141 
2 1123 1142 
