1095
0 0 3
1 0 4
2 0 5
3 0 6
4 0 7
5 0 8
6 0 9
7 0 10
8 0 14
9 0 26
10 0 27
11 0 28
12 0 32
13 0 33
14 0 34
15 0 35
16 0 36
17 0 37
18 0 38
19 0 39
20 0 40
21 0 41
22 0 42
23 0 43
24 0 44
25 0 45
26 0 46
27 0 47
28 0 48
29 0 49
30 0 50
31 0 51
32 0 52
33 0 53
34 0 63
35 0 64
36 1 3
37 1 6
38 1 16
39 1 17
40 1 18
41 1 19
42 1 26
43 1 63
44 1 64
45 2 2
46 2 6
47 2 16
48 2 19
49 2 26
50 2 63
51 2 64
52 3 2
53 3 7
54 3 8
55 3 9
56 3 10
57 3 14
58 3 15
59 3 16
60 3 17
61 3 18
62 3 19
63 3 26
64 3 57
65 3 58
66 3 59
67 3 63
68 4 2
69 4 10
70 4 26
71 4 35
72 4 36
73 4 37
74 4 38
75 4 39
76 4 40
77 4 41
78 4 51
79 4 52
80 4 53
81 4 63
82 5 2
83 5 10
84 5 26
85 5 35
86 5 41
87 5 54
88 5 55
89 5 56
90 5 62
91 6 2
92 6 10
93 6 26
94 6 27
95 6 35
96 6 36
97 6 37
98 6 38
99 6 39
100 6 40
101 6 41
102 6 57
103 6 58
104 6 62
105 7 2
106 7 3
107 7 4
108 7 5
109 7 6
110 7 7
111 7 8
112 7 9
113 7 10
114 7 26
115 7 27
116 7 57
117 7 58
118 7 61
119 7 63
120 7 64
121 8 0
122 8 1
123 8 22
124 8 23
125 8 25
126 8 26
127 8 27
128 8 29
129 8 30
130 8 31
131 8 32
132 8 59
133 8 63
134 8 64
135 9 0
136 9 1
137 9 17
138 9 27
139 9 29
140 9 32
141 9 38
142 9 39
143 9 52
144 9 53
145 9 56
146 9 59
147 9 63
148 9 64
149 10 2
150 10 17
151 10 20
152 10 21
153 10 24
154 10 27
155 10 29
156 10 32
157 10 36
158 10 37
159 10 52
160 10 53
161 10 54
162 10 55
163 10 56
164 10 59
165 10 64
166 11 2
167 11 17
168 11 20
169 11 21
170 11 24
171 11 27
172 11 29
173 11 30
174 11 31
175 11 32
176 11 36
177 11 37
178 11 56
179 11 59
180 11 64
181 12 2
182 12 3
183 12 4
184 12 5
185 12 6
186 12 7
187 12 10
188 12 11
189 12 16
190 12 20
191 12 26
192 12 33
193 12 34
194 12 35
195 12 53
196 12 57
197 12 58
198 12 64
199 13 2
200 13 7
201 13 10
202 13 11
203 13 16
204 13 20
205 13 26
206 13 28
207 13 32
208 13 35
209 13 36
210 13 37
211 13 38
212 13 39
213 13 56
214 13 59
215 14 2
216 14 7
217 14 10
218 14 11
219 14 16
220 14 20
221 14 26
222 14 28
223 14 32
224 14 34
225 14 55
226 14 57
227 14 58
228 14 59
229 15 2
230 15 7
231 15 10
232 15 11
233 15 16
234 15 24
235 15 27
236 15 28
237 15 32
238 15 35
239 15 36
240 15 37
241 15 38
242 15 55
243 15 56
244 16 2
245 16 7
246 16 11
247 16 24
248 16 27
249 16 28
250 16 32
251 16 38
252 16 55
253 16 56
254 17 2
255 17 5
256 17 6
257 17 7
258 17 11
259 17 24
260 17 27
261 17 28
262 17 32
263 17 35
264 17 36
265 17 37
266 17 38
267 17 53
268 18 0
269 18 1
270 18 4
271 18 11
272 18 13
273 18 14
274 18 15
275 18 32
276 18 33
277 18 34
278 18 39
279 18 53
280 19 0
281 19 4
282 19 11
283 19 13
284 19 14
285 19 15
286 19 35
287 19 36
288 19 53
289 20 0
290 20 1
291 20 2
292 20 3
293 20 4
294 20 11
295 20 13
296 20 15
297 20 23
298 20 35
299 20 36
300 20 53
301 20 63
302 20 64
303 21 0
304 21 8
305 21 9
306 21 12
307 21 14
308 21 15
309 21 23
310 21 35
311 21 36
312 21 49
313 21 50
314 21 51
315 21 52
316 21 54
317 21 63
318 21 64
319 22 1
320 22 2
321 22 3
322 22 4
323 22 11
324 22 20
325 22 23
326 22 34
327 22 37
328 22 38
329 22 46
330 22 47
331 22 53
332 22 54
333 22 63
334 22 64
335 23 1
336 23 3
337 23 8
338 23 9
339 23 20
340 23 22
341 23 23
342 23 30
343 23 31
344 23 34
345 23 37
346 23 38
347 23 44
348 23 45
349 23 53
350 23 54
351 23 57
352 23 58
353 23 59
354 23 60
355 23 61
356 23 62
357 23 63
358 23 64
359 24 1
360 24 2
361 24 3
362 24 8
363 24 9
364 24 20
365 24 21
366 24 35
367 24 36
368 24 37
369 24 38
370 24 44
371 24 45
372 24 53
373 24 54
374 24 57
375 24 58
376 25 0
377 25 5
378 25 6
379 25 7
380 25 9
381 25 20
382 25 21
383 25 24
384 25 25
385 25 26
386 25 27
387 25 28
388 25 39
389 25 40
390 25 42
391 25 43
392 25 44
393 25 46
394 25 47
395 25 54
396 25 57
397 25 58
398 26 0
399 26 5
400 26 6
401 26 9
402 26 20
403 26 21
404 26 24
405 26 28
406 26 39
407 26 40
408 26 42
409 26 44
410 26 46
411 26 47
412 26 54
413 26 57
414 26 58
415 26 59
416 26 60
417 26 61
418 26 62
419 26 63
420 27 0
421 27 7
422 27 8
423 27 9
424 27 20
425 27 21
426 27 24
427 27 28
428 27 40
429 27 42
430 27 43
431 27 44
432 27 45
433 27 48
434 27 49
435 27 50
436 27 51
437 27 52
438 27 53
439 27 54
440 27 59
441 27 63
442 28 0
443 28 11
444 28 12
445 28 19
446 28 23
447 28 28
448 28 41
449 28 45
450 28 48
451 28 49
452 28 50
453 28 51
454 28 52
455 28 53
456 28 54
457 28 59
458 28 63
459 29 0
460 29 6
461 29 11
462 29 13
463 29 14
464 29 15
465 29 16
466 29 19
467 29 23
468 29 28
469 29 41
470 29 46
471 29 47
472 29 59
473 29 60
474 29 63
475 30 0
476 30 6
477 30 11
478 30 13
479 30 17
480 30 18
481 30 23
482 30 28
483 30 39
484 30 40
485 30 46
486 30 47
487 30 61
488 30 63
489 31 6
490 31 11
491 31 14
492 31 15
493 31 16
494 31 19
495 31 20
496 31 21
497 31 22
498 31 23
499 31 24
500 31 25
501 31 26
502 31 27
503 31 28
504 31 39
505 31 40
506 31 46
507 31 47
508 31 55
509 31 61
510 31 62
511 32 7
512 32 8
513 32 11
514 32 16
515 32 29
516 32 30
517 32 31
518 32 32
519 32 39
520 32 40
521 32 46
522 32 47
523 32 55
524 32 61
525 32 62
526 33 7
527 33 8
528 33 11
529 33 16
530 33 29
531 33 32
532 33 41
533 33 42
534 33 43
535 33 44
536 33 45
537 33 48
538 33 49
539 33 50
540 33 51
541 33 55
542 33 56
543 33 57
544 33 58
545 33 61
546 33 62
547 34 0
548 34 1
549 34 7
550 34 8
551 34 11
552 34 12
553 34 14
554 34 15
555 34 16
556 34 29
557 34 32
558 34 35
559 34 36
560 34 39
561 34 40
562 34 46
563 34 47
564 34 48
565 34 49
566 34 50
567 34 52
568 34 53
569 34 54
570 34 58
571 34 61
572 34 62
573 35 0
574 35 1
575 35 3
576 35 13
577 35 29
578 35 31
579 35 32
580 35 35
581 35 36
582 35 39
583 35 40
584 35 51
585 35 53
586 35 58
587 36 0
588 36 1
589 36 3
590 36 13
591 36 23
592 36 24
593 36 28
594 36 30
595 36 36
596 36 40
597 36 51
598 36 53
599 36 58
600 37 0
601 37 1
602 37 3
603 37 10
604 37 14
605 37 15
606 37 16
607 37 19
608 37 21
609 37 22
610 37 24
611 37 26
612 37 27
613 37 30
614 37 36
615 37 40
616 37 51
617 37 53
618 37 58
619 38 0
620 38 2
621 38 7
622 38 9
623 38 10
624 38 14
625 38 17
626 38 18
627 38 19
628 38 21
629 38 22
630 38 23
631 38 26
632 38 30
633 38 40
634 38 51
635 38 53
636 38 58
637 39 0
638 39 2
639 39 7
640 39 9
641 39 10
642 39 14
643 39 19
644 39 26
645 39 30
646 39 40
647 39 48
648 39 49
649 39 50
650 39 51
651 39 53
652 39 54
653 39 55
654 39 56
655 39 57
656 39 58
657 40 0
658 40 1
659 40 7
660 40 9
661 40 10
662 40 14
663 40 15
664 40 16
665 40 17
666 40 18
667 40 19
668 40 26
669 40 29
670 40 47
671 40 61
672 40 62
673 40 63
674 40 64
675 41 0
676 41 1
677 41 7
678 41 9
679 41 10
680 41 20
681 41 27
682 41 30
683 41 37
684 41 38
685 41 53
686 41 54
687 41 55
688 41 61
689 41 64
690 42 0
691 42 2
692 42 3
693 42 6
694 42 8
695 42 10
696 42 20
697 42 27
698 42 31
699 42 37
700 42 39
701 42 40
702 42 53
703 42 54
704 42 61
705 42 62
706 42 63
707 42 64
708 43 0
709 43 2
710 43 3
711 43 6
712 43 7
713 43 8
714 43 9
715 43 10
716 43 20
717 43 27
718 43 31
719 43 37
720 43 40
721 43 53
722 43 54
723 43 55
724 44 0
725 44 2
726 44 3
727 44 20
728 44 27
729 44 28
730 44 29
731 44 30
732 44 31
733 44 37
734 44 38
735 44 39
736 44 40
737 44 47
738 45 0
739 45 2
740 45 3
741 45 4
742 45 5
743 45 6
744 45 7
745 45 11
746 45 12
747 45 13
748 45 14
749 45 15
750 45 16
751 45 17
752 45 20
753 45 42
754 45 47
755 46 0
756 46 1
757 46 4
758 46 6
759 46 11
760 46 13
761 46 18
762 46 19
763 46 42
764 46 47
765 46 52
766 46 53
767 46 54
768 46 55
769 46 56
770 46 61
771 46 62
772 47 0
773 47 1
774 47 4
775 47 6
776 47 11
777 47 14
778 47 15
779 47 16
780 47 20
781 47 21
782 47 22
783 47 23
784 47 24
785 47 25
786 47 30
787 47 31
788 47 32
789 47 33
790 47 34
791 47 38
792 47 39
793 47 40
794 47 47
795 47 52
796 47 53
797 47 54
798 47 55
799 47 56
800 47 61
801 47 62
802 48 0
803 48 1
804 48 4
805 48 6
806 48 11
807 48 13
808 48 17
809 48 35
810 48 36
811 48 37
812 48 47
813 48 61
814 48 62
815 49 0
816 49 1
817 49 3
818 49 6
819 49 11
820 49 12
821 49 13
822 49 18
823 49 19
824 49 35
825 49 36
826 49 37
827 49 55
828 49 56
829 49 57
830 49 58
831 49 61
832 49 62
833 50 3
834 50 6
835 50 9
836 50 10
837 50 14
838 50 15
839 50 18
840 50 19
841 50 28
842 50 29
843 50 30
844 50 31
845 50 42
846 50 47
847 50 48
848 50 49
849 50 54
850 50 59
851 50 60
852 50 63
853 50 64
854 51 3
855 51 6
856 51 9
857 51 10
858 51 16
859 51 17
860 51 28
861 51 42
862 51 47
863 51 54
864 51 59
865 51 60
866 51 63
867 51 64
868 52 2
869 52 6
870 52 10
871 52 16
872 52 17
873 52 42
874 52 43
875 52 44
876 52 45
877 52 46
878 52 47
879 52 55
880 52 56
881 52 57
882 52 58
883 52 61
884 52 62
885 52 63
886 52 64
887 53 2
888 53 6
889 53 10
890 53 16
891 53 17
892 53 38
893 53 39
894 53 40
895 53 41
896 53 42
897 53 64
898 54 2
899 54 5
900 54 7
901 54 16
902 54 17
903 54 45
904 54 46
905 54 47
906 54 48
907 54 64
908 55 2
909 55 5
910 55 7
911 55 16
912 55 17
913 55 41
914 55 42
915 55 43
916 55 44
917 55 45
918 55 46
919 55 47
920 55 48
921 55 53
922 55 54
923 55 61
924 55 62
925 55 63
926 55 64
927 56 2
928 56 5
929 56 7
930 56 13
931 56 14
932 56 15
933 56 18
934 56 19
935 56 25
936 56 34
937 56 35
938 56 36
939 56 37
940 56 38
941 56 39
942 56 40
943 56 49
944 56 50
945 56 51
946 56 52
947 56 55
948 56 61
949 56 64
950 57 2
951 57 6
952 57 13
953 57 15
954 57 20
955 57 21
956 57 22
957 57 25
958 57 46
959 57 47
960 57 48
961 57 50
962 57 53
963 57 54
964 57 55
965 57 61
966 57 64
967 58 2
968 58 3
969 58 4
970 58 5
971 58 6
972 58 7
973 58 8
974 58 9
975 58 13
976 58 14
977 58 15
978 58 20
979 58 21
980 58 22
981 58 25
982 58 41
983 58 50
984 58 55
985 58 61
986 58 64
987 59 1
988 59 25
989 59 45
990 59 46
991 59 47
992 59 48
993 59 49
994 59 55
995 59 61
996 59 63
997 59 64
998 60 0
999 60 1
1000 60 25
1001 60 26
1002 60 27
1003 60 28
1004 60 45
1005 60 46
1006 60 47
1007 60 48
1008 60 49
1009 60 50
1010 60 51
1011 60 52
1012 60 53
1013 60 54
1014 60 55
1015 60 61
1016 60 62
1017 61 0
1018 61 2
1019 61 3
1020 61 4
1021 61 5
1022 61 6
1023 61 7
1024 61 8
1025 61 9
1026 61 12
1027 61 13
1028 61 14
1029 61 15
1030 61 16
1031 61 25
1032 61 26
1033 61 27
1034 61 28
1035 61 29
1036 61 45
1037 61 55
1038 61 61
1039 61 62
1040 62 0
1041 62 4
1042 62 10
1043 62 11
1044 62 46
1045 62 47
1046 62 55
1047 62 56
1048 62 57
1049 62 58
1050 62 59
1051 62 60
1052 63 0
1053 63 1
1054 63 2
1055 63 4
1056 63 12
1057 63 13
1058 63 14
1059 63 15
1060 63 23
1061 63 24
1062 63 25
1063 63 26
1064 63 27
1065 63 28
1066 63 29
1067 63 30
1068 63 31
1069 63 32
1070 63 33
1071 63 34
1072 63 35
1073 63 38
1074 63 39
1075 63 46
1076 63 47
1077 63 55
1078 63 60
1079 64 3
1080 64 4
1081 64 16
1082 64 17
1083 64 18
1084 64 40
1085 64 41
1086 64 43
1087 64 44
1088 64 45
1089 64 55
1090 64 56
1091 64 57
1092 64 58
1093 64 59
1094 64 60
3 36 1 45 
2 2 0 
2 3 1 
2 4 2 
2 5 3 
2 6 4 
2 7 5 
2 8 6 
2 9 7 
2 10 8 
2 11 9 
2 12 10 
4 71 13 11 42 
2 14 12 
2 15 13 
2 16 14 
2 17 15 
2 18 16 
2 19 17 
2 20 18 
2 21 19 
2 22 20 
2 23 21 
2 24 22 
2 25 23 
2 26 24 
2 27 25 
2 28 26 
2 29 27 
2 30 28 
2 31 29 
3 80 32 30 
3 64 33 31 
2 34 32 
4 43 35 33 66 
2 44 34 
3 37 0 105 
3 46 38 36 
3 47 39 37 
2 40 38 
2 41 39 
3 48 42 40 
3 49 12 41 
2 50 34 
2 51 35 
3 52 0 121 
3 53 37 106 
2 59 38 
2 62 41 
3 63 94 42 
3 67 43 90 
2 120 44 
3 68 45 122 
3 112 54 46 
2 55 53 
2 56 54 
3 69 57 55 
2 58 56 
2 59 57 
3 60 47 58 
3 137 61 59 
2 62 60 
3 123 48 61 
2 70 49 
4 102 65 32 89 
3 103 66 64 
3 132 34 65 
2 81 50 
2 82 52 
3 83 188 56 
2 84 63 
3 85 72 12 
2 73 71 
2 74 72 
2 75 73 
2 76 74 
2 77 75 
3 86 78 76 
2 79 77 
3 143 80 78 
4 144 87 31 79 
2 119 67 
2 91 68 
2 92 69 
2 93 70 
2 95 71 
2 101 77 
3 161 88 80 
3 162 89 87 
3 145 64 88 
3 104 50 118 
2 105 82 
2 113 83 
2 114 84 
3 115 128 49 
3 96 85 131 
2 97 95 
2 98 96 
4 141 99 97 158 
3 142 100 98 
2 101 99 
3 312 86 100 
2 116 64 
2 117 65 
3 147 90 228 
4 149 106 36 91 
3 107 46 105 
2 108 106 
2 109 107 
2 110 108 
2 111 109 
2 112 110 
4 113 53 111 186 
3 187 92 112 
3 126 93 125 
3 127 206 94 
2 196 102 
2 197 103 
2 90 179 
2 133 81 
2 134 51 
3 135 122 45 
3 136 52 121 
3 124 62 151 
2 125 123 
3 114 124 153 
2 191 114 
2 138 115 
3 139 129 94 
2 130 128 
2 131 129 
3 140 95 130 
2 146 66 
2 147 119 
2 148 120 
2 268 121 
2 269 122 
2 150 60 
2 154 127 
2 155 128 
2 156 131 
2 211 98 
2 212 99 
2 159 79 
2 160 80 
2 163 89 
2 164 132 
3 301 133 104 
2 165 134 
2 166 105 
2 167 137 
4 168 152 123 167 
2 153 151 
4 170 125 152 169 
2 171 138 
2 172 139 
3 175 157 140 
2 158 156 
4 177 98 157 176 
2 315 143 
2 195 144 
2 316 87 
2 225 88 
2 178 145 
2 179 146 
2 180 148 
2 181 149 
3 151 150 189 
4 190 169 151 233 
3 297 153 168 
2 234 153 
2 235 154 
3 173 155 206 
2 174 172 
2 175 173 
3 192 156 174 
2 158 194 
4 210 158 208 209 
2 213 163 
3 214 118 164 
2 198 165 
3 199 182 166 
2 183 181 
4 270 255 184 182 
2 185 183 
2 186 184 
3 200 112 185 
2 201 113 
3 202 189 69 
3 203 167 188 
2 204 168 
2 205 126 
3 193 175 207 
2 194 192 
3 176 193 250 
2 267 160 
2 226 116 
2 227 117 
2 302 180 
2 215 181 
3 216 304 186 
2 217 187 
2 218 188 
2 219 189 
2 220 190 
2 221 191 
3 222 172 115 
3 223 192 261 
2 177 224 
2 177 238 
2 240 177 
2 241 141 
2 278 142 
2 243 178 
2 228 179 
2 229 199 
2 230 200 
2 231 201 
2 232 202 
2 233 203 
2 324 204 
3 248 205 259 
2 236 206 
4 237 207 341 403 
2 208 250 
2 242 162 
2 351 196 
2 352 197 
3 353 104 214 
2 244 215 
3 245 216 256 
3 282 217 305 
2 246 218 
3 168 219 274 
2 247 170 
2 248 171 
2 249 222 
2 250 223 
3 239 209 250 
2 240 238 
3 251 210 239 
2 251 211 
2 252 225 
2 253 213 
2 254 229 
2 257 230 
2 258 232 
2 259 234 
3 260 235 221 
2 261 236 
6 262 238 224 194 237 383 
3 266 241 240 
3 253 242 439 
3 374 243 252 
3 291 292 244 
3 377 256 183 
3 378 230 255 
2 379 245 
2 271 246 
3 221 247 297 
3 261 248 297 
4 207 249 260 325 
5 275 276 277 263 250 
2 264 262 
3 278 265 263 
2 266 264 
3 278 251 265 
2 279 195 
2 280 135 
2 290 136 
2 281 183 
3 282 272 258 
3 283 273 271 
2 274 272 
4 285 233 273 284 
3 310 262 342 
2 298 262 
3 286 287 262 
4 329 212 266 264 
2 288 267 
2 289 268 
2 293 270 
3 294 271 231 
2 295 272 
2 274 295 
2 296 274 
2 299 277 
2 347 277 
2 300 279 
2 303 280 
2 319 269 
2 320 254 
3 321 322 254 
2 322 281 
2 323 282 
3 284 283 306 
3 308 285 307 
4 309 260 259 169 
2 311 276 
2 328 286 
2 331 288 
2 317 147 
2 318 198 
2 376 289 
3 337 305 200 
3 338 231 304 
2 295 323 
2 296 401 
3 364 296 444 
2 325 297 
3 345 275 326 
2 327 298 
3 313 101 330 
2 314 312 
2 315 313 
3 438 159 314 
2 332 161 
2 333 301 
2 334 302 
2 335 290 
2 360 291 
2 336 292 
3 399 293 292 
3 306 294 363 
2 339 220 
3 261 309 340 
3 344 310 343 
2 346 311 
3 346 370 299 
4 393 330 278 348 
3 394 312 329 
2 349 300 
2 350 316 
3 357 317 356 
2 358 318 
2 359 319 
2 361 321 
2 362 304 
2 363 305 
2 364 324 
2 325 365 
2 223 382 
3 343 275 387 
3 326 342 447 
3 366 326 518 
2 369 310 
3 389 328 327 
3 370 348 287 
3 371 329 347 
2 372 331 
2 373 332 
2 374 226 
2 375 227 
3 415 354 228 
3 416 355 353 
3 417 356 354 
3 418 333 355 
2 419 333 
2 674 334 
2 548 335 
2 620 320 
2 575 336 
2 422 337 
3 380 323 338 
3 381 339 308 
2 340 381 
3 367 344 557 
2 368 366 
2 369 367 
4 388 345 368 559 
3 392 347 328 
2 432 348 
2 438 349 
2 395 350 
3 396 351 253 
2 397 352 
2 398 303 
2 399 255 
2 400 256 
2 421 257 
2 401 363 
3 365 364 465 
2 341 402 
4 404 384 250 425 
2 385 383 
2 386 384 
2 387 385 
3 405 342 386 
3 406 389 369 
4 407 390 346 388 
3 408 391 389 
2 392 390 
3 409 370 391 
2 410 329 
2 411 330 
2 412 373 
3 413 374 508 
2 414 375 
2 420 376 
3 489 377 322 
2 460 378 
3 423 307 380 
2 382 492 
3 425 223 424 
2 426 383 
2 427 387 
2 483 388 
3 428 448 389 
2 429 390 
2 431 392 
2 470 393 
3 471 433 394 
2 439 395 
2 543 396 
2 544 397 
2 440 353 
2 473 354 
2 487 355 
2 510 356 
2 441 357 
2 442 398 
2 511 379 
2 512 362 
3 622 443 401 
2 403 445 
3 383 403 466 
3 468 404 446 
2 447 405 
2 484 407 
3 430 408 448 
2 431 429 
3 449 409 430 
2 449 371 
3 450 434 411 
2 435 433 
2 436 434 
2 437 435 
2 438 436 
4 439 372 315 437 
4 456 252 412 438 
2 457 415 
2 458 419 
2 459 420 
3 461 444 423 
3 462 308 443 
2 424 479 
3 467 426 480 
3 468 343 427 
3 469 429 407 
3 536 432 431 
3 537 451 433 
2 452 450 
2 453 451 
2 454 452 
2 455 453 
2 456 454 
3 508 439 455 
2 472 440 
2 474 441 
2 475 442 
2 476 400 
2 477 443 
3 478 463 444 
2 464 462 
2 465 463 
3 381 464 492 
2 425 480 
2 481 446 
3 482 447 426 
2 532 448 
2 485 410 
2 486 411 
3 473 457 830 
3 524 416 472 
2 488 458 
2 547 459 
2 489 460 
2 490 461 
3 576 491 462 
2 445 493 
3 446 466 493 
2 498 467 
2 503 468 
2 504 406 
2 505 428 
4 506 470 536 876 
2 507 471 
2 509 417 
2 673 474 
3 621 476 399 
2 513 477 
3 553 492 478 
4 493 402 465 491 
5 514 494 480 479 492 
2 495 493 
2 496 494 
2 497 495 
2 498 496 
3 499 481 497 
2 500 498 
2 501 499 
2 502 500 
2 503 501 
3 515 482 502 
2 519 483 
2 520 484 
2 521 485 
2 522 486 
3 523 396 456 
2 524 487 
2 525 418 
2 526 421 
2 527 422 
2 528 490 
2 529 493 
3 530 516 503 
2 517 515 
2 518 516 
3 531 344 517 
2 560 504 
2 561 505 
2 562 506 
2 563 507 
2 541 508 
3 545 509 473 
2 546 510 
2 549 511 
2 550 512 
3 551 552 513 
2 555 514 
2 556 515 
2 557 518 
3 533 469 583 
2 534 532 
2 535 533 
2 536 534 
4 485 449 535 753 
3 564 538 450 
2 539 537 
2 540 538 
2 541 539 
3 542 523 540 
2 543 541 
3 570 413 542 
2 570 414 
2 571 524 
2 572 525 
2 573 475 
2 574 359 
2 621 526 
3 622 527 677 
3 552 528 603 
3 576 528 551 
3 604 554 491 
2 555 553 
3 591 529 554 
2 577 530 
4 558 366 531 578 
2 559 557 
3 581 369 558 
2 582 519 
2 583 520 
2 877 521 
2 670 522 
4 647 584 565 537 
2 566 564 
2 567 565 
2 568 566 
2 569 567 
5 652 653 570 568 585 
4 586 544 543 569 
2 671 545 
2 672 546 
2 587 547 
2 588 548 
2 589 361 
3 590 478 552 
3 594 556 593 
3 579 557 594 
2 580 578 
2 581 579 
3 595 559 580 
2 700 560 
3 596 532 561 
3 597 585 564 
3 598 569 584 
2 599 570 
2 600 573 
2 601 574 
2 602 575 
2 747 576 
3 592 555 606 
2 593 591 
3 577 592 612 
3 613 578 577 
2 614 581 
2 615 583 
2 616 584 
2 617 585 
2 618 586 
2 619 587 
2 658 588 
2 692 589 
3 623 551 622 
3 624 605 553 
3 663 606 604 
5 664 625 607 591 605 
2 608 606 
2 609 607 
2 610 608 
2 611 609 
2 612 610 
3 593 611 631 
2 632 594 
3 684 595 645 
2 633 596 
2 634 597 
2 635 598 
2 636 599 
2 637 600 
2 638 360 
3 639 549 489 
4 640 603 423 550 
2 641 603 
2 642 604 
3 665 626 606 
3 666 627 625 
3 643 628 626 
2 629 627 
2 630 628 
2 631 629 
3 644 612 630 
2 645 613 
2 646 615 
2 650 616 
2 651 617 
2 656 618 
2 657 619 
2 691 620 
2 659 621 
2 660 622 
2 661 623 
2 662 624 
2 667 627 
2 668 631 
3 614 632 669 
3 701 753 633 
3 847 648 564 
2 649 647 
2 650 648 
3 765 634 649 
2 685 635 
2 686 569 
3 687 654 569 
3 769 655 653 
2 656 654 
3 830 636 655 
2 675 637 
2 676 601 
2 677 639 
2 678 640 
2 679 641 
2 748 642 
2 749 605 
2 750 606 
2 751 625 
2 761 626 
3 762 680 643 
3 681 644 680 
3 682 645 681 
2 737 563 
2 688 571 
2 705 572 
2 706 488 
2 689 358 
2 690 657 
2 756 658 
4 678 550 659 693 
3 679 660 677 
3 695 661 678 
3 696 668 667 
3 697 669 668 
3 698 683 669 
2 684 682 
3 700 614 683 
2 702 651 
2 703 652 
2 723 653 
2 704 671 
2 707 674 
2 708 675 
2 709 638 
3 710 693 602 
3 694 677 692 
2 695 693 
3 715 679 694 
2 716 680 
2 717 681 
3 718 699 682 
2 700 698 
4 720 582 684 699 
2 720 646 
3 721 685 765 
2 722 686 
2 770 688 
2 771 672 
2 852 673 
2 853 689 
2 724 690 
2 725 691 
3 726 711 692 
2 712 710 
2 713 711 
2 714 712 
2 715 713 
3 746 695 714 
2 727 696 
2 728 697 
3 719 698 731 
2 720 718 
4 736 701 700 719 
2 766 702 
2 767 703 
2 768 687 
2 738 708 
2 739 709 
3 740 741 710 
2 752 716 
3 729 717 783 
2 730 728 
2 731 729 
3 732 718 730 
2 733 731 
2 734 732 
2 735 733 
2 736 734 
3 793 720 735 
2 754 670 
2 755 724 
2 868 725 
2 817 726 
3 757 742 726 
2 743 741 
3 758 744 742 
2 745 743 
3 759 746 744 
3 747 715 745 
3 760 590 746 
2 777 662 
2 778 663 
2 779 664 
2 808 665 
2 780 727 
3 763 536 646 
2 764 737 
2 772 738 
2 773 676 
2 774 741 
2 775 743 
2 776 745 
2 807 747 
2 822 666 
2 823 667 
2 845 753 
2 794 754 
3 795 702 650 
2 796 721 
2 797 722 
2 798 723 
2 799 654 
2 800 704 
2 801 705 
2 802 755 
2 803 756 
2 804 757 
2 805 758 
2 806 759 
2 837 748 
2 838 749 
2 858 750 
3 781 752 840 
3 809 782 780 
2 783 781 
3 784 728 782 
2 785 783 
2 786 784 
2 787 785 
2 788 786 
2 789 787 
2 790 788 
2 791 789 
2 792 790 
3 793 791 811 
3 873 736 792 
2 812 764 
3 946 765 848 
2 921 766 
2 849 767 
2 827 768 
2 828 769 
2 813 770 
2 814 771 
2 815 772 
2 816 773 
3 899 774 854 
2 818 775 
2 819 776 
2 821 760 
2 859 751 
3 824 810 781 
2 811 809 
3 826 792 810 
2 846 794 
3 831 800 851 
2 832 801 
2 998 802 
2 987 803 
2 833 740 
2 834 805 
3 820 806 835 
2 821 819 
3 837 807 820 
2 839 761 
2 840 762 
3 825 809 844 
2 826 824 
3 895 811 825 
2 879 798 
3 880 829 799 
2 830 828 
4 850 472 656 829 
2 883 813 
2 884 814 
2 854 817 
3 855 835 818 
3 836 819 834 
3 857 837 835 
4 838 777 821 836 
3 890 778 837 
4 860 840 822 912 
4 841 780 823 839 
2 842 840 
2 843 841 
2 844 842 
3 824 843 860 
2 861 763 
2 862 812 
3 906 848 647 
3 944 795 847 
2 863 797 
3 864 851 830 
3 865 813 850 
2 866 706 
2 867 707 
3 804 833 898 
3 869 856 834 
2 857 855 
3 870 836 856 
2 871 779 
2 872 808 
3 892 844 839 
2 873 845 
2 878 846 
2 922 849 
3 865 850 882 
3 923 851 864 
2 885 852 
2 886 853 
2 887 739 
2 888 855 
2 889 857 
2 890 858 
2 891 859 
4 896 874 861 793 
2 875 873 
2 876 874 
3 903 485 875 
2 904 562 
2 905 862 
2 947 827 
3 881 828 994 
2 882 880 
3 965 864 881 
2 923 831 
2 924 832 
2 925 866 
2 897 867 
2 898 868 
3 900 869 899 
3 911 870 900 
3 901 871 838 
2 902 872 
3 913 893 860 
2 894 892 
2 895 893 
3 896 826 894 
3 917 873 895 
2 907 886 
3 908 854 887 
3 909 888 804 
3 910 889 888 
2 911 890 
2 912 891 
2 917 876 
2 918 877 
2 919 878 
2 920 847 
2 926 897 
2 927 898 
2 928 899 
2 929 900 
4 933 912 901 889 
4 935 839 902 911 
3 914 892 942 
2 915 913 
2 916 914 
2 917 915 
4 989 903 896 916 
2 958 904 
2 959 905 
3 960 943 906 
2 962 796 
2 963 863 
3 948 883 865 
2 1016 884 
2 996 885 
2 949 907 
3 950 928 908 
3 929 909 927 
3 930 910 928 
2 931 929 
2 932 930 
2 933 931 
3 934 911 932 
2 935 933 
3 936 912 934 
2 937 935 
2 938 936 
2 939 937 
2 940 938 
3 941 939 957 
2 942 940 
3 982 913 941 
2 961 920 
3 961 945 848 
2 946 944 
3 962 795 945 
2 964 879 
2 965 923 
2 966 926 
3 967 951 927 
2 952 950 
2 953 951 
2 954 952 
2 955 953 
2 956 954 
2 957 955 
3 981 940 956 
2 990 918 
2 991 919 
2 992 920 
3 983 944 943 
4 1013 921 946 983 
2 1013 922 
2 984 947 
3 985 948 882 
2 986 949 
3 968 950 999 
3 969 967 999 
2 970 968 
2 971 969 
2 972 970 
2 973 971 
2 974 972 
2 975 973 
2 976 974 
2 977 975 
2 978 976 
2 979 977 
2 980 978 
2 981 979 
3 988 957 980 
3 1036 942 1003 
3 962 961 993 
2 994 964 
2 995 965 
2 997 966 
2 999 816 
2 1000 981 
2 1004 917 
2 1005 958 
2 1006 959 
2 1007 960 
2 983 1007 
3 1014 880 984 
2 1015 985 
3 997 925 1016 
4 986 996 1039 1094 
2 1017 815 
4 968 967 987 1017 
3 1001 988 1030 
2 1002 1000 
2 1003 1001 
3 1035 982 1002 
2 1036 989 
2 1044 990 
2 1045 991 
4 1008 993 992 1045 
2 1009 1007 
2 1010 1008 
2 1011 1009 
2 1012 1010 
2 1013 1011 
4 1046 963 962 1012 
2 1037 994 
2 1038 995 
3 996 924 1038 
4 1040 1018 999 998 
2 1019 1017 
2 1020 1018 
3 1041 1021 1019 
2 1022 1020 
2 1023 1021 
3 1042 1024 1022 
3 1043 1025 1023 
2 1026 1024 
2 1027 1025 
2 1028 1026 
2 1029 1027 
2 1030 1028 
3 1031 1000 1029 
2 1032 1030 
2 1033 1031 
2 1034 1032 
2 1035 1033 
3 1074 1003 1034 
3 1044 1004 982 
2 1046 1014 
3 1016 1015 1051 
2 997 1078 
2 1052 1017 
2 1055 1020 
2 1057 1023 
2 1058 1024 
4 1045 1005 1036 1074 
4 1046 1007 1006 1044 
4 1047 1037 1013 1045 
2 1048 1046 
2 1049 1047 
2 1050 1048 
2 1051 1049 
3 1078 1038 1050 
3 1079 1053 1040 
2 1054 1052 
2 1055 1053 
3 1056 1041 1054 
2 1057 1055 
3 1058 1042 1056 
3 1059 1043 1057 
2 1060 1058 
2 1061 1059 
2 1062 1060 
2 1063 1061 
2 1064 1062 
2 1065 1063 
2 1066 1064 
2 1067 1065 
2 1068 1066 
2 1069 1067 
2 1070 1068 
2 1071 1069 
2 1072 1070 
2 1073 1071 
2 1074 1072 
4 1075 1044 1035 1073 
2 1076 1074 
2 1077 1075 
2 1078 1076 
4 1094 1039 1051 1077 
2 1080 1052 
2 1081 1079 
2 1082 1080 
2 1083 1081 
2 1084 1082 
2 1085 1083 
2 1086 1084 
2 1087 1085 
2 1088 1086 
2 1089 1087 
2 1090 1088 
2 1091 1089 
2 1092 1090 
2 1093 1091 
2 1094 1092 
3 997 1078 1093 
