541
0 0 0
1 0 1
2 0 2
3 0 3
4 0 4
5 0 5
6 0 6
7 0 27
8 0 28
9 0 29
10 0 30
11 0 31
12 0 32
13 0 33
14 0 34
15 0 35
16 0 36
17 0 37
18 0 38
19 0 39
20 0 40
21 0 41
22 0 42
23 0 50
24 0 51
25 0 52
26 0 53
27 0 54
28 0 55
29 0 56
30 0 57
31 0 58
32 0 59
33 0 60
34 1 0
35 1 1
36 1 27
37 1 28
38 1 29
39 1 30
40 1 31
41 1 32
42 1 33
43 1 34
44 1 35
45 1 42
46 1 50
47 1 60
48 2 0
49 2 1
50 2 36
51 2 37
52 2 38
53 2 42
54 2 46
55 2 50
56 2 60
57 3 0
58 3 1
59 3 28
60 3 39
61 3 42
62 3 46
63 3 50
64 3 60
65 4 0
66 4 2
67 4 3
68 4 4
69 4 5
70 4 6
71 4 7
72 4 8
73 4 28
74 4 39
75 4 42
76 4 46
77 4 50
78 4 60
79 5 0
80 5 3
81 5 4
82 5 5
83 5 6
84 5 28
85 5 39
86 5 42
87 5 46
88 5 49
89 5 60
90 6 0
91 6 2
92 6 29
93 6 30
94 6 31
95 6 32
96 6 39
97 6 40
98 6 41
99 6 42
100 6 46
101 6 49
102 6 60
103 7 0
104 7 2
105 7 29
106 7 32
107 7 33
108 7 34
109 7 35
110 7 38
111 7 39
112 7 46
113 7 49
114 7 60
115 8 0
116 8 2
117 8 32
118 8 33
119 8 34
120 8 35
121 8 38
122 8 39
123 8 46
124 8 49
125 8 60
126 9 0
127 9 1
128 9 35
129 9 38
130 9 39
131 9 46
132 9 49
133 9 60
134 10 0
135 10 1
136 10 38
137 10 39
138 10 46
139 10 49
140 10 60
141 11 0
142 11 1
143 11 34
144 11 35
145 11 38
146 11 39
147 11 46
148 11 49
149 11 60
150 12 0
151 12 1
152 12 34
153 12 35
154 12 38
155 12 39
156 12 50
157 12 60
158 13 0
159 13 1
160 13 34
161 13 35
162 13 50
163 13 60
164 14 0
165 14 1
166 14 34
167 14 35
168 14 50
169 14 60
170 15 0
171 15 34
172 15 35
173 15 41
174 15 50
175 15 60
176 16 7
177 16 8
178 16 9
179 16 10
180 16 11
181 16 12
182 16 13
183 16 14
184 16 15
185 16 34
186 16 35
187 16 41
188 16 50
189 16 60
190 17 7
191 17 15
192 17 34
193 17 35
194 17 41
195 17 50
196 17 60
197 18 7
198 18 15
199 18 34
200 18 35
201 18 41
202 18 42
203 18 50
204 18 60
205 19 8
206 19 9
207 19 10
208 19 11
209 19 15
210 19 34
211 19 35
212 19 50
213 19 60
214 20 12
215 20 15
216 20 34
217 20 35
218 20 39
219 20 42
220 20 50
221 20 60
222 21 12
223 21 15
224 21 39
225 21 42
226 21 50
227 21 60
228 22 9
229 22 12
230 22 15
231 22 42
232 22 50
233 22 60
234 23 2
235 23 9
236 23 12
237 23 13
238 23 15
239 23 50
240 23 60
241 24 2
242 24 14
243 24 15
244 24 50
245 24 60
246 25 2
247 25 17
248 25 18
249 25 50
250 25 60
251 26 2
252 26 17
253 26 18
254 26 28
255 26 36
256 26 50
257 26 60
258 27 22
259 27 23
260 27 50
261 27 60
262 28 20
263 28 21
264 28 23
265 28 50
266 28 60
267 29 0
268 29 1
269 29 2
270 29 3
271 29 4
272 29 20
273 29 21
274 29 22
275 29 23
276 29 50
277 29 60
278 30 0
279 30 4
280 30 28
281 30 32
282 30 33
283 30 34
284 30 35
285 30 36
286 30 50
287 30 60
288 31 0
289 31 4
290 31 12
291 31 28
292 31 32
293 31 37
294 31 50
295 31 60
296 32 0
297 32 2
298 32 3
299 32 4
300 32 12
301 32 32
302 32 37
303 32 49
304 32 60
305 33 0
306 33 1
307 33 32
308 33 33
309 33 34
310 33 35
311 33 36
312 33 37
313 33 44
314 33 45
315 33 46
316 33 49
317 33 60
318 34 0
319 34 1
320 34 49
321 34 60
322 35 0
323 35 1
324 35 49
325 35 60
326 36 0
327 36 1
328 36 49
329 36 60
330 37 0
331 37 2
332 37 3
333 37 49
334 37 60
335 38 0
336 38 3
337 38 49
338 38 60
339 39 0
340 39 3
341 39 23
342 39 24
343 39 25
344 39 26
345 39 27
346 39 28
347 39 29
348 39 49
349 39 60
350 40 0
351 40 1
352 40 2
353 40 3
354 40 23
355 40 29
356 40 49
357 40 60
358 41 0
359 41 23
360 41 29
361 41 47
362 41 48
363 41 60
364 42 0
365 42 22
366 42 29
367 42 47
368 42 60
369 43 22
370 43 29
371 43 42
372 43 43
373 43 44
374 43 47
375 43 60
376 44 22
377 44 29
378 44 42
379 44 44
380 44 47
381 44 48
382 44 49
383 44 60
384 45 20
385 45 21
386 45 22
387 45 23
388 45 24
389 45 25
390 45 26
391 45 27
392 45 28
393 45 29
394 45 32
395 45 33
396 45 34
397 45 35
398 45 36
399 45 37
400 45 38
401 45 39
402 45 40
403 45 41
404 45 44
405 45 50
406 45 60
407 46 13
408 46 14
409 46 32
410 46 44
411 46 50
412 46 60
413 47 32
414 47 44
415 47 50
416 47 60
417 48 32
418 48 44
419 48 50
420 48 60
421 49 21
422 49 22
423 49 23
424 49 24
425 49 25
426 49 26
427 49 27
428 49 28
429 49 29
430 49 30
431 49 31
432 49 44
433 49 50
434 49 60
435 50 0
436 50 1
437 50 2
438 50 3
439 50 4
440 50 5
441 50 6
442 50 7
443 50 8
444 50 9
445 50 10
446 50 11
447 50 12
448 50 13
449 50 14
450 50 15
451 50 16
452 50 17
453 50 18
454 50 19
455 50 20
456 50 45
457 50 46
458 50 47
459 50 48
460 50 49
461 50 60
462 51 0
463 51 60
464 52 0
465 52 60
466 53 0
467 53 60
468 54 0
469 54 60
470 55 0
471 55 60
472 56 0
473 56 60
474 57 0
475 57 60
476 58 0
477 58 60
478 59 0
479 59 60
480 60 0
481 60 1
482 60 2
483 60 3
484 60 4
485 60 5
486 60 6
487 60 7
488 60 8
489 60 9
490 60 10
491 60 11
492 60 12
493 60 13
494 60 14
495 60 15
496 60 16
497 60 17
498 60 18
499 60 19
500 60 20
501 60 21
502 60 22
503 60 23
504 60 24
505 60 25
506 60 26
507 60 27
508 60 28
509 60 29
510 60 30
511 60 31
512 60 32
513 60 33
514 60 34
515 60 35
516 60 36
517 60 37
518 60 38
519 60 39
520 60 40
521 60 41
522 60 42
523 60 43
524 60 44
525 60 45
526 60 46
527 60 47
528 60 48
529 60 49
530 60 50
531 60 51
532 60 52
533 60 53
534 60 54
535 60 55
536 60 56
537 60 57
538 60 58
539 60 59
540 60 60
2 34 1 
3 35 2 0 
2 3 1 
2 4 2 
2 5 3 
2 6 4 
3 36 7 5 
2 8 6 
2 9 7 
2 10 8 
2 11 9 
2 12 10 
2 13 11 
2 14 12 
2 15 13 
2 16 14 
3 17 15 44 
2 18 16 
3 52 19 17 
3 60 20 18 
3 45 21 19 
2 22 20 
2 23 21 
4 46 24 22 54 
2 25 23 
2 26 24 
2 27 25 
2 28 26 
2 29 27 
2 30 28 
2 31 29 
2 32 30 
2 33 31 
2 47 32 
2 48 0 
2 49 1 
3 59 37 6 
2 38 36 
2 39 37 
2 40 38 
2 41 39 
2 42 40 
2 43 41 
2 44 42 
3 50 16 43 
3 53 54 20 
2 55 23 
2 56 33 
2 57 34 
2 58 35 
3 51 44 59 
2 52 50 
3 85 18 51 
2 61 45 
3 62 23 45 
2 63 46 
3 64 47 77 
2 65 48 
3 69 49 65 
3 73 50 36 
2 74 19 
2 75 53 
2 76 54 
2 77 55 
2 78 56 
4 79 66 58 57 
2 67 65 
2 68 66 
2 69 67 
3 70 58 68 
2 71 69 
2 72 70 
2 73 71 
3 84 59 72 
2 85 60 
2 86 61 
2 87 62 
3 56 63 88 
2 89 64 
3 90 80 65 
2 81 79 
2 82 80 
2 83 81 
2 84 82 
3 96 73 83 
3 96 74 52 
2 99 75 
2 100 76 
3 101 77 100 
2 102 78 
3 103 91 79 
2 92 90 
2 93 91 
2 94 92 
2 95 93 
2 96 94 
4 97 85 84 95 
2 98 96 
2 99 97 
3 100 86 98 
4 101 88 87 99 
3 113 88 100 
2 114 89 
3 115 104 90 
2 105 103 
2 106 104 
2 107 105 
2 108 106 
2 109 107 
2 110 108 
2 111 109 
2 112 110 
2 113 111 
3 124 101 112 
2 125 102 
3 126 116 103 
2 117 115 
2 118 116 
2 119 117 
2 120 118 
2 121 119 
2 122 120 
2 123 121 
2 124 122 
3 132 113 123 
2 133 114 
4 134 135 127 115 
2 128 126 
2 129 127 
2 130 128 
2 131 129 
2 132 130 
3 139 124 131 
2 140 125 
2 141 126 
4 142 143 136 126 
2 137 135 
2 138 136 
2 139 137 
3 149 132 138 
2 149 133 
2 150 134 
4 151 234 176 135 
3 152 144 135 
3 153 145 143 
2 146 144 
2 147 145 
2 148 146 
2 149 147 
5 157 140 139 148 156 
2 158 141 
2 159 142 
2 160 143 
4 161 173 154 144 
2 155 153 
2 156 154 
3 162 149 155 
2 163 149 
2 164 150 
2 165 151 
2 166 152 
2 167 153 
2 168 156 
2 169 157 
2 170 158 
2 268 159 
2 171 160 
2 172 161 
2 174 162 
2 175 163 
2 267 164 
3 185 166 184 
2 186 167 
3 187 174 153 
3 188 168 173 
2 189 169 
3 190 177 142 
2 178 176 
3 208 179 177 
2 180 178 
2 181 179 
2 182 180 
2 183 181 
3 184 182 214 
3 191 171 183 
2 192 171 
2 193 172 
2 194 173 
2 195 174 
2 196 175 
2 197 176 
2 198 184 
2 199 185 
2 200 186 
3 201 187 218 
2 203 188 
2 204 189 
3 205 190 271 
2 209 191 
2 210 192 
2 211 193 
3 202 194 224 
3 219 203 201 
3 212 195 202 
2 213 196 
3 228 206 197 
2 207 205 
2 208 206 
3 214 178 207 
2 215 198 
2 216 199 
2 217 200 
2 220 203 
2 221 204 
3 222 183 208 
2 223 209 
4 217 210 248 254 
3 218 211 216 
3 224 194 217 
2 225 202 
2 226 212 
2 227 213 
2 229 214 
2 230 215 
3 201 218 255 
2 231 219 
2 232 220 
3 233 221 294 
3 235 236 205 
2 236 222 
2 238 223 
3 249 225 293 
2 239 226 
2 240 227 
3 241 270 142 
3 290 228 289 
4 242 237 229 228 
2 238 236 
3 243 230 237 
2 244 232 
2 245 233 
2 246 234 
3 252 243 236 
3 247 238 242 
2 249 239 
2 250 240 
2 251 241 
3 253 248 243 
3 258 216 247 
3 256 244 231 
2 257 245 
2 269 246 
2 262 242 
2 262 247 
3 255 216 259 
3 285 224 254 
2 260 249 
2 261 250 
3 264 259 248 
3 264 254 258 
2 265 256 
2 266 257 
4 272 263 253 252 
2 264 262 
4 275 259 258 263 
2 276 260 
2 277 261 
2 278 170 
2 306 165 
2 297 251 
3 298 271 234 
3 279 197 270 
3 273 262 290 
2 274 272 
2 275 273 
3 280 264 274 
2 286 265 
2 287 266 
2 288 267 
2 289 271 
3 291 281 275 
3 292 282 280 
2 283 281 
2 284 282 
2 285 283 
3 293 255 284 
2 294 276 
2 295 277 
2 296 278 
3 299 235 279 
3 300 272 235 
2 346 280 
2 301 281 
3 302 231 285 
3 227 286 303 
2 304 287 
2 305 288 
2 331 269 
3 332 299 270 
3 300 289 298 
3 341 290 299 
2 307 292 
2 312 293 
3 316 294 315 
2 317 295 
2 318 296 
2 319 268 
3 308 301 347 
2 309 307 
2 310 308 
2 311 309 
2 312 310 
3 313 302 311 
2 314 312 
2 315 313 
3 361 303 314 
2 320 303 
2 321 304 
2 322 305 
2 323 306 
2 324 316 
3 325 317 405 
2 326 318 
2 327 319 
2 328 320 
2 329 321 
2 330 322 
2 351 323 
2 333 324 
2 334 325 
2 335 326 
2 352 297 
4 336 384 365 298 
2 337 328 
2 338 329 
2 339 330 
2 340 332 
2 348 333 
2 349 334 
2 350 335 
2 353 336 
3 354 342 300 
2 343 341 
2 344 342 
2 345 343 
2 346 344 
3 347 291 345 
3 355 307 346 
2 356 337 
2 357 338 
2 358 339 
2 436 327 
3 437 353 331 
3 407 340 352 
2 359 341 
2 360 347 
3 405 348 362 
2 363 349 
2 364 350 
3 377 354 365 
2 366 355 
3 367 362 315 
3 382 356 361 
2 368 357 
2 435 358 
3 369 359 332 
2 370 360 
2 374 361 
2 375 363 
2 376 365 
3 377 371 366 
2 372 370 
2 373 371 
2 374 372 
3 381 367 373 
3 383 368 433 
2 386 369 
4 378 370 359 392 
2 379 377 
2 380 378 
2 381 379 
3 382 374 380 
4 415 362 381 404 
2 406 375 
3 385 332 408 
2 386 384 
3 387 376 385 
2 388 386 
2 389 387 
2 390 388 
2 391 389 
2 392 390 
3 393 377 391 
2 394 392 
3 409 395 393 
2 396 394 
2 397 395 
2 398 396 
2 399 397 
2 400 398 
2 401 399 
2 402 400 
2 403 401 
2 404 402 
3 410 382 403 
3 411 321 356 
2 412 383 
3 451 408 353 
3 421 384 407 
2 413 394 
2 414 404 
2 415 405 
2 416 406 
2 417 409 
3 418 410 417 
3 419 411 382 
2 420 412 
3 414 413 431 
2 432 414 
2 433 415 
2 434 416 
3 422 408 455 
2 423 421 
2 424 422 
2 425 423 
2 426 424 
2 427 425 
2 428 426 
2 429 427 
2 430 428 
2 431 429 
3 432 417 430 
3 456 418 431 
3 375 419 460 
2 461 420 
2 462 364 
3 437 351 466 
3 438 352 436 
2 439 437 
2 440 438 
2 441 439 
2 442 440 
2 443 441 
2 444 442 
2 445 443 
2 446 444 
2 447 445 
2 448 446 
2 449 447 
2 450 448 
2 451 449 
3 452 407 450 
2 453 451 
2 454 452 
2 455 453 
3 421 454 496 
3 457 432 524 
2 458 456 
2 459 457 
2 460 458 
3 479 433 459 
2 463 434 
2 464 435 
2 465 461 
2 466 462 
2 467 463 
3 468 436 464 
2 469 465 
2 470 466 
2 471 467 
2 472 468 
2 473 469 
2 474 470 
2 475 471 
2 476 472 
2 477 473 
2 478 474 
2 479 475 
2 480 476 
3 540 477 460 
2 481 478 
2 482 480 
2 483 481 
2 484 482 
2 485 483 
2 486 484 
2 487 485 
2 488 486 
2 489 487 
2 490 488 
2 491 489 
2 492 490 
2 493 491 
2 494 492 
2 495 493 
2 496 494 
3 497 455 495 
2 498 496 
2 499 497 
2 500 498 
2 501 499 
2 502 500 
2 503 501 
2 504 502 
2 505 503 
2 506 504 
2 507 505 
2 508 506 
2 509 507 
2 510 508 
2 511 509 
2 512 510 
2 513 511 
2 514 512 
2 515 513 
2 516 514 
2 517 515 
2 518 516 
2 519 517 
2 520 518 
2 521 519 
2 522 520 
2 523 521 
2 524 522 
3 525 456 523 
2 526 524 
2 527 525 
2 528 526 
2 529 527 
2 530 528 
2 531 529 
2 532 530 
2 533 531 
2 534 532 
2 535 533 
2 536 534 
2 537 535 
2 538 536 
2 539 537 
2 540 538 
2 479 539 
