1026
0 0 0
1 0 8
2 0 9
3 0 10
4 0 11
5 0 12
6 0 13
7 0 14
8 0 15
9 0 16
10 0 17
11 0 18
12 0 19
13 0 20
14 0 21
15 0 22
16 0 23
17 0 24
18 0 25
19 0 26
20 0 27
21 0 28
22 0 29
23 0 30
24 0 31
25 0 32
26 0 33
27 0 55
28 0 56
29 0 57
30 0 58
31 0 59
32 0 60
33 0 61
34 0 62
35 0 63
36 0 64
37 0 65
38 0 66
39 0 67
40 0 68
41 0 69
42 0 70
43 1 0
44 1 8
45 1 21
46 1 24
47 1 33
48 1 55
49 1 56
50 1 57
51 1 58
52 1 59
53 1 60
54 1 61
55 1 62
56 1 63
57 1 64
58 1 65
59 1 66
60 1 67
61 1 69
62 1 70
63 2 0
64 2 4
65 2 5
66 2 8
67 2 21
68 2 24
69 2 25
70 2 26
71 2 27
72 2 28
73 2 29
74 2 30
75 2 31
76 2 32
77 2 33
78 2 34
79 2 68
80 3 0
81 3 1
82 3 2
83 3 3
84 3 4
85 3 8
86 3 9
87 3 10
88 3 11
89 3 12
90 3 13
91 3 14
92 3 21
93 3 69
94 4 0
95 4 1
96 4 2
97 4 3
98 4 4
99 4 15
100 4 16
101 4 17
102 4 18
103 4 19
104 4 20
105 4 21
106 4 36
107 4 69
108 5 33
109 5 34
110 5 69
111 6 69
112 7 0
113 7 1
114 7 2
115 7 3
116 7 4
117 7 5
118 7 6
119 7 7
120 7 8
121 7 55
122 7 69
123 8 0
124 8 5
125 8 6
126 8 7
127 8 8
128 8 9
129 8 17
130 8 18
131 8 19
132 8 20
133 8 21
134 8 22
135 8 23
136 8 24
137 8 25
138 8 26
139 8 27
140 8 28
141 8 29
142 8 30
143 8 31
144 8 32
145 8 33
146 8 34
147 8 67
148 8 68
149 8 69
150 9 0
151 9 4
152 9 11
153 9 12
154 9 13
155 9 14
156 9 15
157 9 16
158 9 54
159 9 67
160 9 69
161 10 0
162 10 4
163 10 11
164 10 16
165 10 54
166 10 55
167 10 56
168 10 57
169 10 67
170 10 69
171 11 0
172 11 4
173 11 8
174 11 11
175 11 16
176 11 54
177 11 57
178 11 67
179 11 69
180 12 0
181 12 4
182 12 8
183 12 11
184 12 16
185 12 54
186 12 57
187 12 61
188 12 62
189 12 63
190 12 67
191 12 69
192 13 0
193 13 4
194 13 11
195 13 12
196 13 13
197 13 14
198 13 15
199 13 16
200 13 38
201 13 39
202 13 40
203 13 41
204 13 54
205 13 58
206 13 59
207 13 61
208 13 62
209 13 63
210 13 67
211 13 69
212 14 0
213 14 4
214 14 38
215 14 41
216 14 54
217 14 56
218 14 57
219 14 58
220 14 59
221 14 66
222 14 69
223 15 0
224 15 4
225 15 38
226 15 41
227 15 54
228 15 55
229 15 66
230 15 67
231 15 68
232 16 0
233 16 4
234 16 38
235 16 39
236 16 40
237 16 41
238 16 42
239 16 43
240 16 46
241 16 47
242 16 48
243 16 49
244 16 50
245 16 51
246 16 52
247 16 59
248 16 60
249 16 61
250 16 64
251 16 69
252 17 0
253 17 4
254 17 28
255 17 29
256 17 30
257 17 31
258 17 32
259 17 33
260 17 34
261 17 65
262 17 66
263 17 69
264 18 0
265 18 2
266 18 3
267 18 4
268 18 29
269 18 30
270 18 31
271 18 32
272 18 33
273 18 34
274 18 65
275 18 66
276 18 69
277 19 0
278 19 1
279 19 19
280 19 20
281 19 36
282 19 37
283 19 38
284 19 39
285 19 40
286 19 41
287 19 42
288 19 43
289 19 46
290 19 47
291 19 48
292 19 49
293 19 50
294 19 51
295 19 65
296 19 67
297 19 68
298 20 0
299 20 1
300 20 19
301 20 20
302 20 36
303 20 40
304 20 41
305 20 42
306 20 43
307 20 46
308 20 51
309 20 65
310 20 66
311 20 67
312 20 68
313 20 70
314 21 0
315 21 2
316 21 3
317 21 4
318 21 13
319 21 14
320 21 19
321 21 20
322 21 36
323 21 39
324 21 46
325 21 47
326 21 48
327 21 49
328 21 50
329 21 51
330 21 69
331 21 70
332 22 0
333 22 4
334 22 13
335 22 14
336 22 19
337 22 20
338 22 29
339 22 30
340 22 31
341 22 32
342 22 33
343 22 36
344 22 39
345 22 46
346 22 62
347 23 0
348 23 1
349 23 2
350 23 3
351 23 4
352 23 13
353 23 14
354 23 19
355 23 20
356 23 29
357 23 30
358 23 31
359 23 32
360 23 33
361 23 36
362 23 37
363 23 38
364 23 39
365 23 46
366 23 62
367 24 13
368 24 14
369 24 19
370 24 20
371 24 39
372 24 46
373 24 52
374 24 53
375 24 54
376 24 65
377 25 39
378 25 46
379 25 65
380 26 46
381 26 65
382 27 13
383 27 14
384 27 19
385 27 20
386 27 21
387 27 22
388 27 23
389 27 24
390 27 25
391 27 26
392 27 27
393 27 28
394 27 46
395 27 57
396 27 58
397 27 59
398 28 13
399 28 14
400 28 19
401 28 20
402 28 29
403 28 30
404 28 46
405 28 57
406 28 59
407 29 13
408 29 14
409 29 19
410 29 20
411 29 29
412 29 30
413 29 43
414 29 52
415 29 53
416 29 57
417 29 59
418 30 11
419 30 12
420 30 13
421 30 19
422 30 20
423 30 29
424 30 30
425 30 52
426 30 53
427 30 57
428 30 58
429 30 59
430 31 11
431 31 13
432 31 19
433 31 20
434 31 52
435 31 53
436 31 57
437 31 66
438 31 67
439 32 11
440 32 13
441 32 19
442 32 20
443 32 33
444 32 34
445 32 35
446 32 36
447 32 38
448 32 39
449 32 51
450 32 53
451 32 66
452 32 67
453 33 11
454 33 13
455 33 19
456 33 20
457 33 33
458 33 35
459 33 36
460 33 38
461 33 39
462 33 45
463 33 46
464 33 51
465 33 52
466 33 53
467 33 60
468 33 66
469 33 67
470 34 11
471 34 13
472 34 19
473 34 20
474 34 33
475 34 34
476 34 41
477 34 45
478 34 56
479 34 60
480 34 66
481 34 67
482 35 11
483 35 13
484 35 19
485 35 20
486 35 33
487 35 34
488 35 41
489 35 45
490 35 56
491 35 60
492 36 11
493 36 12
494 36 13
495 36 19
496 36 20
497 36 24
498 36 29
499 36 37
500 36 41
501 36 45
502 36 47
503 36 48
504 36 49
505 36 50
506 36 54
507 36 55
508 36 56
509 36 60
510 37 5
511 37 6
512 37 7
513 37 8
514 37 9
515 37 19
516 37 20
517 37 24
518 37 33
519 37 34
520 37 41
521 37 45
522 37 47
523 37 50
524 37 54
525 37 55
526 37 56
527 38 4
528 38 5
529 38 6
530 38 7
531 38 8
532 38 9
533 38 19
534 38 20
535 38 24
536 38 33
537 38 34
538 38 41
539 38 45
540 38 47
541 38 48
542 38 49
543 38 50
544 39 19
545 39 20
546 39 24
547 39 32
548 39 37
549 39 45
550 39 46
551 40 19
552 40 20
553 40 24
554 40 32
555 40 37
556 41 14
557 41 15
558 41 16
559 41 24
560 41 33
561 41 34
562 41 42
563 41 43
564 41 44
565 42 14
566 42 15
567 42 16
568 42 24
569 42 33
570 42 34
571 42 42
572 42 44
573 43 0
574 43 1
575 43 2
576 43 3
577 43 4
578 43 5
579 43 6
580 43 7
581 43 8
582 43 14
583 43 19
584 43 20
585 43 24
586 43 28
587 43 30
588 43 31
589 43 33
590 43 34
591 43 42
592 43 44
593 43 61
594 43 62
595 43 63
596 43 64
597 43 65
598 44 0
599 44 3
600 44 5
601 44 6
602 44 7
603 44 8
604 44 14
605 44 19
606 44 20
607 44 24
608 44 28
609 44 30
610 44 31
611 44 33
612 44 34
613 44 42
614 44 44
615 44 49
616 44 50
617 44 51
618 44 61
619 44 65
620 44 69
621 44 70
622 45 0
623 45 3
624 45 4
625 45 14
626 45 19
627 45 20
628 45 24
629 45 28
630 45 30
631 45 31
632 45 33
633 45 34
634 45 42
635 45 44
636 45 49
637 45 51
638 45 61
639 45 65
640 45 69
641 45 70
642 46 0
643 46 3
644 46 4
645 46 14
646 46 19
647 46 20
648 46 24
649 46 28
650 46 30
651 46 31
652 46 33
653 46 34
654 46 42
655 46 44
656 46 49
657 46 51
658 46 61
659 46 65
660 46 69
661 46 70
662 47 0
663 47 3
664 47 4
665 47 14
666 47 21
667 47 22
668 47 23
669 47 30
670 47 31
671 47 42
672 47 45
673 47 46
674 47 47
675 47 48
676 47 51
677 47 61
678 47 62
679 47 63
680 47 65
681 47 69
682 47 70
683 48 0
684 48 3
685 48 4
686 48 14
687 48 21
688 48 22
689 48 23
690 48 42
691 48 51
692 48 64
693 48 65
694 48 69
695 48 70
696 49 0
697 49 3
698 49 4
699 49 14
700 49 18
701 49 19
702 49 20
703 49 25
704 49 26
705 49 27
706 49 42
707 49 51
708 49 64
709 49 65
710 49 69
711 49 70
712 50 0
713 50 3
714 50 4
715 50 14
716 50 18
717 50 20
718 50 24
719 50 27
720 50 42
721 50 43
722 50 44
723 50 45
724 50 46
725 50 47
726 50 48
727 50 49
728 50 50
729 50 51
730 50 64
731 50 65
732 50 69
733 50 70
734 51 0
735 51 14
736 51 18
737 51 19
738 51 20
739 51 24
740 51 27
741 51 64
742 51 65
743 51 69
744 51 70
745 52 0
746 52 14
747 52 18
748 52 21
749 52 22
750 52 23
751 52 25
752 52 27
753 52 30
754 52 31
755 52 64
756 52 65
757 53 0
758 53 14
759 53 18
760 53 21
761 53 22
762 53 23
763 53 25
764 53 27
765 53 29
766 53 30
767 53 31
768 53 64
769 53 65
770 54 0
771 54 6
772 54 7
773 54 14
774 54 16
775 54 17
776 54 18
777 54 23
778 54 25
779 54 27
780 54 29
781 54 64
782 54 65
783 54 68
784 54 69
785 54 70
786 55 0
787 55 6
788 55 7
789 55 14
790 55 16
791 55 17
792 55 18
793 55 23
794 55 25
795 55 27
796 55 29
797 55 64
798 55 65
799 55 68
800 55 70
801 56 0
802 56 1
803 56 2
804 56 3
805 56 8
806 56 9
807 56 10
808 56 11
809 56 12
810 56 13
811 56 19
812 56 20
813 56 23
814 56 25
815 56 27
816 56 29
817 56 43
818 56 44
819 56 45
820 56 46
821 56 47
822 56 48
823 56 49
824 56 50
825 56 51
826 56 57
827 56 58
828 56 59
829 56 68
830 56 70
831 57 0
832 57 3
833 57 8
834 57 13
835 57 19
836 57 20
837 57 23
838 57 25
839 57 28
840 57 29
841 57 57
842 57 58
843 57 59
844 57 68
845 57 70
846 58 0
847 58 3
848 58 8
849 58 13
850 58 21
851 58 22
852 58 24
853 58 29
854 58 61
855 58 62
856 58 63
857 58 68
858 58 70
859 59 0
860 59 3
861 59 8
862 59 12
863 59 16
864 59 17
865 59 18
866 59 21
867 59 23
868 59 29
869 59 35
870 59 36
871 59 37
872 59 38
873 59 39
874 59 40
875 59 41
876 59 42
877 59 43
878 59 44
879 59 61
880 59 62
881 59 63
882 59 68
883 59 70
884 60 0
885 60 3
886 60 8
887 60 9
888 60 10
889 60 11
890 60 12
891 60 16
892 60 17
893 60 18
894 60 21
895 60 22
896 60 23
897 60 24
898 60 25
899 60 26
900 60 27
901 60 28
902 60 29
903 60 38
904 60 39
905 60 40
906 60 41
907 60 42
908 60 43
909 60 44
910 60 65
911 60 66
912 60 67
913 60 70
914 61 0
915 61 2
916 61 6
917 61 7
918 61 65
919 61 70
920 62 0
921 62 2
922 62 6
923 62 7
924 62 65
925 62 66
926 62 67
927 62 68
928 62 69
929 62 70
930 63 0
931 63 1
932 63 22
933 63 23
934 64 8
935 64 9
936 64 10
937 64 11
938 64 12
939 64 13
940 64 22
941 64 23
942 65 7
943 65 9
944 65 10
945 65 11
946 65 12
947 65 13
948 65 22
949 65 23
950 65 27
951 65 30
952 65 31
953 65 32
954 65 33
955 65 34
956 65 35
957 65 36
958 66 0
959 66 1
960 66 4
961 66 5
962 66 6
963 66 8
964 66 22
965 66 23
966 67 0
967 67 1
968 67 4
969 67 8
970 67 19
971 67 20
972 67 21
973 67 24
974 67 25
975 67 26
976 67 27
977 67 28
978 67 29
979 68 0
980 68 1
981 68 4
982 68 8
983 68 19
984 68 21
985 68 24
986 68 27
987 68 28
988 68 29
989 69 0
990 69 1
991 69 4
992 69 8
993 69 19
994 69 21
995 69 24
996 69 26
997 69 34
998 69 35
999 69 36
1000 69 37
1001 69 38
1002 69 39
1003 69 40
1004 69 41
1005 69 42
1006 69 43
1007 69 44
1008 70 0
1009 70 1
1010 70 4
1011 70 5
1012 70 6
1013 70 7
1014 70 8
1015 70 20
1016 70 21
1017 70 24
1018 70 25
1019 70 26
1020 70 59
1021 70 60
1022 70 61
1023 70 62
1024 70 63
1025 70 64
2 43 1 
3 44 2 0 
2 3 1 
2 4 2 
2 5 3 
2 6 4 
2 7 5 
2 8 6 
2 9 7 
2 10 8 
2 11 9 
3 12 10 91 
2 13 11 
3 45 14 12 
2 15 13 
2 16 14 
2 17 15 
2 18 16 
2 19 17 
2 20 18 
2 21 19 
2 22 20 
2 23 21 
2 24 22 
2 25 23 
2 26 24 
2 27 25 
2 28 26 
2 29 27 
2 30 28 
2 31 29 
2 32 30 
2 33 31 
2 34 32 
2 35 33 
2 36 34 
2 37 35 
2 38 36 
4 59 39 37 58 
3 60 40 38 
3 79 41 39 
3 61 42 40 
2 62 41 
2 63 0 
2 66 1 
3 67 46 13 
2 47 45 
2 48 46 
2 49 47 
2 50 48 
3 51 49 78 
4 52 50 106 121 
2 53 51 
2 54 52 
2 55 53 
2 56 54 
2 57 55 
3 58 56 168 
3 38 57 189 
2 221 38 
2 147 39 
2 93 41 
2 313 42 
3 80 64 43 
2 65 63 
2 66 64 
3 91 44 65 
4 92 108 68 45 
2 69 67 
2 70 68 
2 71 69 
2 72 70 
2 73 71 
2 74 72 
2 75 73 
2 76 74 
2 77 75 
2 78 76 
3 106 50 77 
2 148 40 
3 94 81 63 
2 82 80 
2 83 81 
2 84 82 
2 85 83 
2 86 84 
2 87 85 
2 88 86 
2 89 87 
2 90 88 
2 91 89 
4 101 11 66 90 
2 105 67 
2 107 61 
3 112 95 80 
2 96 94 
2 97 95 
3 120 98 96 
2 99 97 
2 100 98 
2 101 99 
3 102 91 100 
2 103 101 
2 104 102 
2 105 103 
3 137 92 104 
3 51 78 109 
2 110 93 
3 146 109 67 
3 158 106 108 
2 111 107 
2 122 110 
4 123 124 113 94 
2 114 112 
2 115 113 
2 116 114 
2 117 115 
2 118 116 
2 119 117 
2 120 118 
3 132 97 119 
2 51 158 
2 149 111 
2 150 112 
3 125 112 151 
2 126 124 
2 127 125 
3 173 128 126 
3 152 129 127 
2 130 128 
3 131 129 157 
2 132 130 
5 280 133 120 131 279 
2 134 132 
2 135 133 
2 136 134 
2 137 135 
3 138 105 136 
2 139 137 
2 140 138 
3 254 141 139 
2 142 140 
2 143 141 
2 144 142 
2 145 143 
2 146 144 
3 200 108 145 
2 159 60 
2 231 79 
2 160 122 
2 161 123 
3 162 124 180 
3 163 153 128 
2 154 152 
2 155 153 
2 156 154 
2 157 155 
3 164 130 156 
3 165 121 109 
2 169 147 
2 170 149 
2 171 150 
2 172 151 
2 174 152 
2 175 157 
3 176 166 158 
2 167 165 
2 168 166 
3 177 57 167 
2 178 159 
2 179 160 
2 180 161 
2 181 162 
2 182 127 
2 183 163 
2 184 164 
3 185 165 203 
2 186 168 
2 190 169 
2 191 170 
3 192 151 171 
2 193 172 
3 439 173 193 
2 194 174 
2 199 175 
2 204 176 
4 205 187 177 217 
2 188 186 
2 189 187 
3 209 58 188 
2 210 178 
2 211 179 
2 212 180 
3 213 182 181 
3 418 195 183 
2 196 194 
3 318 197 195 
3 319 198 196 
2 199 197 
3 279 184 198 
3 214 201 146 
2 202 200 
2 203 201 
3 215 176 202 
2 216 185 
3 220 206 186 
2 207 205 
2 208 206 
2 209 207 
3 250 189 208 
2 230 190 
2 222 191 
2 223 192 
3 224 193 265 
2 225 200 
2 226 203 
2 227 204 
3 218 186 228 
2 219 217 
2 220 218 
3 249 205 219 
3 229 59 261 
2 251 211 
2 232 212 
3 233 213 266 
2 234 214 
2 237 215 
3 228 216 246 
3 248 217 227 
2 262 221 
2 296 210 
2 297 148 
2 252 223 
2 253 224 
3 235 225 260 
2 236 234 
2 237 235 
3 238 226 236 
2 239 237 
2 240 238 
2 241 239 
2 242 240 
2 243 241 
2 244 242 
2 245 243 
3 294 246 244 
4 375 247 227 245 
2 248 246 
3 249 228 247 
3 250 220 248 
3 261 209 249 
2 263 222 
2 264 232 
2 267 233 
4 393 268 255 140 
2 256 254 
2 257 255 
2 258 256 
2 259 257 
2 260 258 
3 273 234 259 
3 274 221 250 
2 275 229 
2 276 251 
2 277 252 
3 213 278 299 
2 224 315 
2 317 253 
3 338 269 254 
2 270 268 
2 271 269 
2 272 270 
2 273 271 
3 281 260 272 
2 295 261 
2 310 262 
2 330 263 
2 298 264 
2 265 298 
3 300 132 199 
2 301 132 
3 302 282 273 
2 283 281 
2 284 282 
2 285 283 
2 286 284 
2 287 285 
2 288 286 
2 289 287 
2 290 288 
2 291 289 
2 292 290 
2 293 291 
2 294 292 
3 308 245 293 
4 309 274 346 366 
2 311 230 
2 312 231 
3 314 278 277 
2 265 332 
2 320 279 
2 321 280 
3 322 303 281 
2 304 302 
2 305 303 
2 306 304 
2 307 305 
2 308 306 
3 329 294 307 
2 376 295 
2 437 275 
2 438 296 
2 783 297 
2 331 62 
2 332 298 
3 316 266 347 
2 317 315 
3 333 267 316 
2 334 196 
2 335 197 
2 336 300 
2 337 301 
3 343 323 302 
3 344 324 322 
3 345 325 323 
2 326 324 
2 327 325 
2 328 326 
2 329 327 
3 373 308 328 
2 620 276 
2 621 313 
3 347 299 314 
2 351 317 
2 352 318 
2 353 319 
2 354 320 
2 355 321 
3 356 339 268 
3 357 340 338 
2 341 339 
2 342 340 
2 343 341 
3 361 322 342 
2 364 323 
2 365 324 
2 295 395 
5 573 527 348 315 332 
2 349 347 
2 350 348 
2 351 349 
3 510 333 350 
2 367 334 
2 368 335 
2 369 336 
2 370 337 
2 402 338 
5 403 547 443 358 339 
2 359 357 
2 360 358 
2 361 359 
3 362 343 360 
2 363 361 
2 364 362 
3 371 344 363 
2 372 345 
2 295 397 
2 382 352 
2 383 353 
2 384 354 
2 385 355 
2 377 364 
3 378 365 413 
3 414 374 329 
3 415 375 373 
3 395 246 374 
2 379 309 
2 448 371 
2 380 372 
2 381 376 
2 394 378 
4 597 379 467 596 
2 398 367 
2 399 368 
2 400 369 
3 401 386 370 
2 387 385 
2 388 386 
2 389 387 
2 390 388 
2 391 389 
2 392 390 
2 393 391 
3 411 254 392 
3 404 380 462 
4 405 396 346 375 
2 397 395 
3 406 366 396 
2 407 382 
2 408 383 
2 409 384 
2 410 385 
2 411 356 
2 412 357 
2 463 394 
2 416 395 
2 417 397 
2 420 398 
3 409 399 454 
3 421 400 408 
2 422 401 
3 423 402 393 
2 424 403 
3 462 372 448 
2 425 373 
2 426 374 
2 427 405 
2 429 406 
3 430 419 194 
2 420 418 
3 431 407 419 
2 432 409 
2 433 410 
2 498 411 
2 587 412 
2 434 414 
2 435 415 
3 436 428 416 
2 429 427 
3 467 417 428 
2 439 418 
2 440 420 
2 441 421 
2 442 422 
5 466 425 463 449 464 
2 450 426 
3 509 427 478 
2 451 310 
2 452 311 
3 453 430 182 
2 454 431 
2 455 432 
2 456 433 
3 457 444 357 
4 475 458 445 443 
2 446 444 
2 447 445 
2 448 446 
4 461 413 377 447 
2 434 502 
2 466 435 
2 468 437 
2 469 438 
2 470 439 
3 471 408 440 
2 472 441 
2 473 442 
2 474 443 
3 499 459 444 
2 460 458 
2 461 459 
3 476 448 460 
3 477 394 413 
3 434 404 521 
4 465 434 503 504 
2 466 464 
4 478 450 434 465 
3 479 381 429 
2 480 451 
2 481 452 
2 482 453 
2 483 454 
2 484 455 
2 485 456 
2 486 457 
2 487 444 
3 488 489 461 
2 489 462 
3 490 436 466 
2 491 467 
3 481 468 693 
3 829 469 480 
2 492 470 
2 494 471 
2 495 472 
4 496 666 497 473 
2 518 474 
2 519 475 
2 500 476 
3 501 477 476 
2 508 478 
2 509 479 
3 493 482 514 
2 494 492 
3 556 483 493 
3 515 484 558 
2 516 485 
4 517 586 498 485 
3 587 423 497 
3 548 500 458 
3 520 488 499 
2 521 489 
2 449 539 
2 464 522 
6 542 523 505 464 540 541 
2 506 504 
2 507 505 
2 508 506 
3 526 490 507 
3 593 491 436 
3 511 351 527 
2 512 510 
2 513 511 
2 514 512 
3 532 492 513 
2 533 495 
2 534 496 
2 535 497 
2 536 486 
2 537 487 
2 538 500 
3 539 463 501 
2 503 549 
3 543 524 504 
2 525 523 
3 526 524 617 
3 618 508 525 
4 528 510 347 573 
2 529 527 
2 530 528 
4 580 531 529 579 
3 581 532 530 
3 806 514 531 
2 544 515 
2 545 516 
2 546 517 
2 560 518 
2 561 519 
3 562 520 555 
3 502 521 562 
2 504 550 
3 675 504 592 
2 615 504 
2 616 523 
2 551 533 
2 552 534 
2 553 535 
3 554 560 357 
2 555 499 
2 522 563 
2 540 564 
2 583 544 
2 584 545 
2 559 546 
3 569 547 588 
3 538 548 612 
3 565 557 494 
2 558 556 
3 567 495 557 
3 568 703 553 
3 569 536 547 
2 570 537 
4 571 563 539 538 
4 721 564 549 562 
3 572 550 563 
3 582 566 556 
2 567 565 
3 700 558 566 
3 585 559 668 
3 589 560 554 
2 590 561 
2 591 562 
2 592 564 
4 598 574 527 347 
2 575 573 
2 576 574 
4 599 624 577 575 
2 578 576 
2 579 577 
4 601 530 578 600 
2 602 530 
2 603 531 
2 604 565 
2 605 551 
2 606 552 
2 607 568 
3 608 587 497 
4 588 424 498 586 
3 610 554 587 
2 611 569 
2 612 570 
2 613 571 
4 614 672 541 572 
3 618 594 509 
3 679 595 593 
2 596 594 
3 692 381 595 
2 619 381 
2 622 573 
2 623 576 
2 579 624 
2 771 579 
2 772 580 
2 805 581 
2 625 582 
2 626 583 
2 627 584 
2 628 585 
3 629 609 586 
2 610 608 
3 631 588 609 
2 632 589 
3 633 555 590 
2 634 591 
2 635 592 
3 636 616 542 
3 617 543 615 
3 637 525 616 
3 638 593 526 
2 639 597 
2 640 330 
2 641 331 
2 642 598 
2 643 599 
3 644 600 576 
2 645 604 
2 646 605 
2 647 606 
2 648 607 
3 649 630 608 
3 631 629 649 
4 651 610 630 650 
2 652 611 
2 653 612 
2 654 613 
2 655 614 
2 656 615 
2 657 617 
2 658 618 
2 659 619 
2 660 620 
2 661 621 
2 662 622 
2 663 623 
2 664 624 
2 665 625 
2 701 626 
2 702 627 
2 718 628 
3 630 629 703 
2 631 705 
3 670 631 669 
3 653 632 670 
3 720 633 652 
2 671 634 
2 722 635 
2 727 636 
2 676 637 
2 677 638 
2 680 639 
2 681 640 
2 682 641 
2 683 642 
2 684 643 
2 685 644 
2 686 645 
3 687 667 485 
2 668 666 
3 689 568 667 
2 651 719 
3 754 652 651 
2 690 654 
3 723 673 592 
2 674 672 
2 675 673 
3 727 541 674 
2 691 657 
3 678 658 707 
2 679 677 
3 692 594 678 
2 693 659 
2 694 660 
2 695 661 
2 696 662 
3 697 663 803 
2 698 664 
2 699 665 
3 688 666 702 
2 689 687 
3 750 668 688 
2 706 671 
2 707 676 
3 708 596 679 
3 709 480 680 
2 710 681 
2 711 682 
2 712 683 
2 713 684 
2 714 685 
2 715 686 
4 716 738 701 567 
3 717 646 700 
3 717 687 647 
4 751 704 649 559 
2 705 703 
3 719 650 704 
2 720 690 
3 729 677 691 
2 730 692 
2 731 693 
2 732 694 
2 733 695 
3 734 802 696 
2 804 697 
2 960 698 
2 735 699 
3 736 737 700 
3 749 702 701 
2 739 648 
3 740 669 705 
3 877 706 653 
2 817 563 
2 818 655 
3 724 672 818 
2 725 723 
2 726 724 
2 727 725 
4 728 656 675 726 
2 729 727 
3 826 707 728 
2 741 708 
2 742 709 
2 743 710 
2 744 711 
2 745 712 
2 746 715 
3 747 716 775 
2 760 716 
2 748 700 
2 852 718 
2 752 719 
2 755 730 
2 756 731 
2 784 732 
2 785 733 
2 757 734 
2 758 735 
2 759 736 
2 761 738 
2 762 717 
2 762 689 
2 763 703 
3 764 753 740 
2 754 752 
3 767 670 753 
2 768 741 
2 769 742 
2 770 745 
2 773 746 
2 776 747 
2 793 737 
2 777 748 
3 777 750 749 
2 778 751 
3 779 765 752 
3 780 766 764 
2 767 765 
3 873 754 766 
2 781 755 
2 782 756 
2 786 757 
2 787 601 
2 788 602 
3 789 774 758 
4 790 775 773 789 
3 791 736 774 
4 792 811 812 759 
3 793 762 761 
3 794 815 763 
2 795 764 
2 796 765 
2 797 768 
2 798 769 
2 799 312 
3 800 743 829 
2 800 744 
2 801 770 
2 916 771 
2 917 772 
3 774 773 810 
2 863 774 
2 864 775 
2 865 776 
3 813 777 760 
2 814 778 
2 815 779 
2 816 780 
3 798 781 828 
3 857 782 797 
2 829 783 
3 830 785 784 
2 831 786 
3 931 803 712 
3 915 684 802 
2 832 713 
2 833 603 
3 807 532 848 
2 808 806 
2 809 807 
3 862 810 808 
3 834 789 809 
3 835 836 776 
2 851 776 
2 837 793 
2 838 794 
3 839 795 778 
2 840 796 
2 877 721 
4 878 819 723 722 
2 820 818 
3 841 821 819 
2 822 820 
2 823 821 
2 824 822 
2 825 823 
2 826 824 
3 827 729 825 
2 828 826 
3 843 797 827 
4 844 784 799 481 
2 845 800 
2 846 801 
2 847 804 
2 848 805 
2 849 810 
3 866 811 893 
2 850 811 
2 867 813 
2 898 814 
2 853 815 
2 853 816 
3 879 842 820 
2 843 841 
3 854 828 842 
2 857 829 
2 858 830 
2 859 831 
2 860 832 
3 861 806 833 
2 939 834 
2 896 836 
2 867 812 
2 897 739 
3 868 840 839 
3 880 855 843 
2 856 854 
2 857 855 
4 883 844 798 856 
2 883 845 
2 884 846 
2 885 847 
2 886 848 
2 890 809 
2 891 790 
2 892 791 
2 893 792 
2 895 835 
3 896 837 851 
3 869 853 898 
2 870 868 
2 871 869 
2 872 870 
2 873 871 
3 874 767 872 
2 875 873 
2 876 874 
2 877 875 
4 908 817 720 876 
2 909 818 
4 918 910 880 841 
3 881 854 879 
2 882 880 
2 883 881 
4 913 858 857 882 
2 914 859 
3 991 860 921 
3 934 887 861 
2 888 886 
2 889 887 
2 890 888 
3 938 862 889 
3 892 863 939 
3 893 864 891 
4 894 835 865 892 
2 895 893 
4 932 896 866 894 
4 933 867 850 895 
3 898 852 941 
4 899 868 838 897 
2 900 898 
2 901 899 
2 902 900 
2 903 901 
2 904 902 
2 905 903 
2 906 904 
2 907 905 
3 908 906 957 
3 1007 877 907 
2 1007 878 
3 918 911 879 
2 912 910 
2 913 911 
3 919 883 912 
2 920 884 
2 921 803 
2 922 787 
2 923 788 
3 924 910 879 
2 929 913 
2 930 914 
3 885 915 959 
2 962 916 
2 942 917 
3 925 918 1024 
2 926 924 
2 927 925 
2 928 926 
2 929 927 
3 919 928 1025 
2 958 920 
2 959 802 
2 940 895 
2 941 896 
3 935 886 942 
2 936 934 
2 937 935 
2 938 936 
3 946 890 937 
3 947 891 849 
2 948 932 
3 949 897 933 
4 943 934 923 962 
2 944 942 
3 945 943 963 
2 946 944 
3 947 938 945 
3 964 939 946 
2 964 940 
3 965 950 941 
2 951 949 
2 952 950 
2 953 951 
2 954 952 
2 955 953 
3 956 954 978 
2 957 955 
3 1002 907 956 
2 966 930 
3 967 921 931 
3 968 961 714 
2 962 960 
4 963 942 922 961 
3 969 944 962 
4 977 965 948 947 
3 977 949 964 
2 979 958 
2 980 959 
2 981 960 
3 982 970 963 
2 971 969 
2 972 970 
2 973 971 
2 974 972 
2 975 973 
2 976 974 
2 977 975 
4 978 965 964 976 
3 988 955 977 
2 989 966 
2 990 967 
3 991 982 968 
3 983 969 981 
2 984 982 
2 985 983 
2 986 984 
2 987 985 
2 988 986 
3 999 978 987 
2 1008 979 
2 1009 980 
4 992 981 885 1009 
2 993 991 
2 994 992 
2 995 993 
2 996 994 
2 997 995 
2 998 996 
2 999 997 
3 1000 988 998 
2 1001 999 
2 1002 1000 
3 1003 957 1001 
2 1004 1002 
2 1005 1003 
2 1006 1004 
2 1007 1005 
4 1022 909 908 1006 
2 1009 989 
4 1010 991 990 1008 
2 1011 1009 
2 1012 1010 
2 1013 1011 
2 1014 1012 
2 1015 1013 
2 1016 1014 
2 1017 1015 
2 1018 1016 
2 1019 1017 
2 1020 1018 
2 1021 1019 
2 1022 1020 
3 1023 1007 1021 
2 1024 1022 
3 1025 924 1023 
2 929 1024 
