665
0 0 0
1 0 1
2 0 2
3 0 3
4 0 6
5 0 9
6 0 38
7 0 39
8 0 40
9 1 0
10 1 3
11 1 6
12 1 7
13 1 8
14 1 11
15 1 12
16 1 13
17 1 38
18 1 40
19 2 1
20 2 3
21 2 4
22 2 5
23 2 7
24 2 9
25 2 10
26 2 14
27 2 23
28 2 24
29 2 25
30 2 26
31 2 27
32 2 28
33 2 29
34 2 30
35 2 38
36 2 39
37 2 40
38 3 1
39 3 2
40 3 7
41 3 11
42 3 12
43 3 13
44 3 14
45 3 23
46 3 25
47 3 26
48 3 27
49 3 30
50 4 1
51 4 3
52 4 4
53 4 5
54 4 6
55 4 14
56 4 23
57 4 24
58 4 28
59 4 30
60 5 1
61 5 3
62 5 9
63 5 10
64 5 11
65 5 12
66 5 13
67 5 14
68 5 23
69 5 24
70 5 28
71 5 29
72 5 30
73 6 3
74 6 4
75 6 8
76 6 14
77 6 15
78 6 16
79 6 23
80 6 25
81 6 26
82 6 27
83 6 39
84 6 40
85 7 2
86 7 5
87 7 8
88 7 14
89 7 16
90 7 23
91 7 27
92 7 39
93 7 40
94 8 2
95 8 3
96 8 6
97 8 7
98 8 14
99 8 15
100 8 23
101 8 24
102 8 25
103 8 26
104 8 27
105 8 35
106 8 36
107 8 37
108 8 39
109 9 2
110 9 4
111 9 5
112 9 6
113 9 7
114 9 14
115 9 16
116 9 17
117 9 18
118 9 19
119 9 21
120 9 22
121 9 28
122 9 29
123 9 30
124 9 31
125 9 32
126 9 33
127 9 34
128 9 36
129 9 37
130 9 39
131 10 2
132 10 3
133 10 8
134 10 9
135 10 10
136 10 11
137 10 12
138 10 13
139 10 15
140 10 20
141 10 22
142 10 26
143 10 27
144 10 29
145 10 30
146 10 34
147 10 36
148 10 37
149 10 39
150 11 2
151 11 3
152 11 8
153 11 13
154 11 15
155 11 20
156 11 21
157 11 22
158 11 26
159 11 28
160 11 31
161 11 32
162 11 33
163 11 34
164 11 35
165 11 36
166 11 37
167 11 38
168 11 40
169 12 2
170 12 3
171 12 8
172 12 14
173 12 16
174 12 17
175 12 18
176 12 19
177 12 23
178 12 24
179 12 26
180 12 27
181 12 29
182 12 30
183 12 38
184 13 2
185 13 3
186 13 8
187 13 11
188 13 12
189 13 13
190 13 14
191 13 16
192 13 19
193 13 23
194 13 24
195 13 26
196 13 27
197 13 29
198 13 30
199 13 32
200 13 33
201 13 38
202 14 2
203 14 3
204 14 8
205 14 10
206 14 14
207 14 16
208 14 17
209 14 18
210 14 19
211 14 23
212 14 24
213 14 26
214 14 27
215 14 31
216 14 34
217 14 35
218 14 36
219 14 38
220 15 2
221 15 3
222 15 8
223 15 10
224 15 15
225 15 20
226 15 21
227 15 22
228 15 26
229 15 27
230 15 31
231 15 34
232 15 36
233 15 38
234 16 2
235 16 3
236 16 8
237 16 9
238 16 10
239 16 13
240 16 14
241 16 15
242 16 20
243 16 22
244 16 26
245 16 27
246 16 31
247 16 34
248 16 37
249 17 1
250 17 2
251 17 4
252 17 5
253 17 6
254 17 7
255 17 13
256 17 14
257 17 15
258 17 20
259 17 23
260 17 24
261 17 25
262 17 26
263 17 27
264 17 31
265 17 34
266 17 35
267 17 36
268 17 37
269 17 39
270 17 40
271 18 3
272 18 8
273 18 9
274 18 10
275 18 11
276 18 12
277 18 20
278 18 21
279 18 22
280 18 23
281 18 24
282 18 25
283 18 27
284 18 31
285 18 39
286 19 3
287 19 6
288 19 7
289 19 8
290 19 9
291 19 13
292 19 14
293 19 15
294 19 16
295 19 17
296 19 18
297 19 19
298 19 26
299 19 28
300 19 29
301 19 30
302 19 32
303 19 33
304 19 34
305 19 35
306 19 36
307 19 37
308 19 38
309 19 40
310 20 3
311 20 4
312 20 5
313 20 10
314 20 13
315 20 14
316 20 16
317 20 17
318 20 18
319 20 19
320 20 26
321 20 28
322 20 30
323 20 32
324 20 38
325 20 40
326 21 8
327 21 9
328 21 10
329 21 12
330 21 15
331 21 20
332 21 21
333 21 22
334 21 26
335 21 28
336 21 30
337 21 32
338 21 38
339 21 40
340 22 5
341 22 6
342 22 7
343 22 11
344 22 12
345 22 15
346 22 20
347 22 23
348 22 26
349 22 29
350 22 30
351 22 32
352 22 36
353 22 37
354 22 38
355 22 40
356 23 1
357 23 2
358 23 5
359 23 7
360 23 11
361 23 12
362 23 15
363 23 18
364 23 19
365 23 23
366 23 26
367 23 29
368 23 30
369 23 32
370 23 35
371 23 39
372 24 1
373 24 2
374 24 5
375 24 6
376 24 7
377 24 11
378 24 13
379 24 14
380 24 15
381 24 18
382 24 19
383 24 20
384 24 23
385 24 28
386 24 31
387 24 33
388 24 35
389 24 39
390 25 3
391 25 4
392 25 11
393 25 15
394 25 21
395 25 22
396 25 24
397 25 25
398 25 26
399 25 27
400 25 28
401 25 33
402 25 34
403 25 35
404 25 39
405 26 3
406 26 4
407 26 11
408 26 15
409 26 19
410 26 23
411 26 28
412 26 36
413 26 37
414 26 38
415 26 40
416 27 0
417 27 3
418 27 5
419 27 6
420 27 7
421 27 8
422 27 9
423 27 11
424 27 16
425 27 17
426 27 18
427 27 19
428 27 23
429 27 26
430 27 27
431 27 36
432 27 40
433 28 0
434 28 3
435 28 6
436 28 7
437 28 9
438 28 11
439 28 19
440 28 23
441 28 26
442 28 27
443 28 36
444 28 40
445 29 2
446 29 5
447 29 8
448 29 10
449 29 11
450 29 12
451 29 19
452 29 24
453 29 25
454 29 28
455 29 32
456 29 33
457 29 36
458 29 40
459 30 2
460 30 3
461 30 4
462 30 5
463 30 8
464 30 10
465 30 13
466 30 20
467 30 21
468 30 22
469 30 24
470 30 25
471 30 28
472 30 29
473 30 30
474 30 31
475 30 33
476 30 35
477 30 36
478 30 40
479 31 0
480 31 1
481 31 6
482 31 7
483 31 10
484 31 13
485 31 14
486 31 15
487 31 16
488 31 17
489 31 18
490 31 19
491 31 20
492 31 21
493 31 22
494 31 24
495 31 25
496 31 28
497 31 29
498 31 30
499 31 31
500 31 32
501 31 33
502 31 35
503 31 37
504 31 40
505 32 0
506 32 1
507 32 6
508 32 7
509 32 8
510 32 9
511 32 10
512 32 11
513 32 12
514 32 24
515 32 26
516 32 27
517 32 33
518 32 35
519 32 37
520 32 39
521 33 0
522 33 1
523 33 3
524 33 4
525 33 5
526 33 12
527 33 16
528 33 17
529 33 18
530 33 19
531 33 20
532 33 21
533 33 22
534 33 23
535 33 25
536 33 27
537 33 33
538 33 35
539 33 37
540 33 38
541 33 39
542 34 0
543 34 1
544 34 3
545 34 6
546 34 7
547 34 8
548 34 9
549 34 10
550 34 11
551 34 13
552 34 14
553 34 15
554 34 26
555 34 28
556 34 29
557 34 30
558 34 31
559 34 34
560 34 36
561 34 40
562 35 0
563 35 1
564 35 3
565 35 4
566 35 5
567 35 6
568 35 7
569 35 8
570 35 9
571 35 10
572 35 11
573 35 13
574 35 15
575 35 26
576 35 34
577 35 35
578 35 37
579 35 38
580 35 39
581 36 2
582 36 11
583 36 13
584 36 15
585 36 21
586 36 22
587 36 23
588 36 26
589 36 36
590 36 38
591 37 2
592 37 11
593 37 12
594 37 14
595 37 15
596 37 21
597 37 23
598 37 26
599 37 27
600 37 28
601 37 29
602 37 30
603 37 31
604 37 36
605 37 38
606 38 2
607 38 3
608 38 4
609 38 5
610 38 6
611 38 7
612 38 11
613 38 12
614 38 14
615 38 15
616 38 21
617 38 22
618 38 23
619 38 26
620 38 30
621 38 32
622 38 33
623 38 34
624 38 36
625 38 39
626 38 40
627 39 2
628 39 5
629 39 11
630 39 12
631 39 14
632 39 16
633 39 17
634 39 20
635 39 26
636 39 27
637 39 28
638 39 29
639 39 30
640 39 32
641 39 34
642 39 36
643 39 38
644 39 39
645 39 40
646 40 2
647 40 3
648 40 4
649 40 5
650 40 11
651 40 12
652 40 14
653 40 16
654 40 17
655 40 21
656 40 22
657 40 23
658 40 24
659 40 25
660 40 32
661 40 33
662 40 34
663 40 35
664 40 37
2 9 1 
3 19 2 0 
3 39 3 1 
3 10 4 2 
2 5 3 
2 6 4 
2 7 5 
2 8 6 
2 18 7 
2 416 0 
3 20 11 3 
2 12 10 
2 13 11 
2 14 12 
2 15 13 
2 16 14 
2 17 15 
2 18 16 
4 37 8 17 36 
2 38 1 
3 51 21 10 
3 40 22 20 
2 23 21 
2 24 22 
2 25 23 
2 26 24 
2 27 25 
2 28 26 
2 29 27 
2 30 28 
4 47 31 29 46 
3 48 32 30 
3 58 33 31 
4 71 49 34 32 
2 35 33 
4 167 36 34 107 
3 83 18 35 
2 84 18 
2 50 19 
2 85 2 
4 55 41 21 54 
2 42 40 
2 43 41 
2 44 42 
2 45 43 
2 46 44 
4 80 30 45 57 
2 81 30 
2 82 31 
3 59 105 33 
2 60 38 
4 61 74 52 20 
2 53 51 
2 54 52 
3 62 40 53 
5 67 77 56 40 66 
2 57 55 
4 69 46 56 68 
2 70 32 
3 72 124 49 
2 249 50 
2 73 51 
3 63 54 75 
3 64 62 87 
2 65 63 
2 66 64 
4 138 55 65 137 
2 76 55 
3 79 57 78 
2 101 57 
2 121 58 
2 122 33 
2 123 59 
2 95 61 
3 110 86 51 
2 62 96 
2 88 67 
3 99 78 55 
3 89 68 77 
2 90 68 
2 102 46 
2 103 47 
2 91 48 
2 92 36 
2 93 37 
2 94 39 
2 96 74 
2 63 97 
2 98 76 
2 115 78 
3 100 79 120 
2 104 82 
2 108 83 
2 168 84 
2 109 85 
2 132 73 
3 112 75 86 
3 113 87 112 
2 114 88 
2 139 77 
2 177 90 
2 178 69 
2 261 80 
2 142 81 
2 143 91 
4 164 106 49 127 
3 128 107 105 
3 129 35 106 
2 130 92 
2 131 94 
3 111 74 203 
2 112 110 
4 113 97 96 111 
3 133 97 112 
2 172 98 
3 173 116 89 
2 117 115 
2 118 116 
2 119 117 
3 120 118 140 
3 141 90 119 
2 159 70 
2 144 71 
2 145 72 
3 160 125 59 
3 161 126 124 
3 162 127 125 
3 146 105 126 
2 147 106 
2 148 107 
2 149 108 
2 150 109 
2 151 95 
3 152 134 113 
2 135 133 
3 205 136 134 
3 187 137 135 
3 188 66 136 
2 153 66 
2 154 99 
4 155 119 175 176 
2 157 120 
2 158 103 
2 180 104 
2 181 122 
2 182 123 
2 163 127 
2 165 128 
2 166 129 
2 269 130 
2 169 131 
2 170 132 
2 171 133 
2 189 138 
2 224 139 
3 225 156 140 
2 157 155 
3 227 141 156 
2 179 142 
2 299 121 
2 215 124 
2 199 125 
2 200 126 
2 216 146 
2 217 105 
2 218 147 
2 248 148 
2 183 35 
2 270 93 
2 184 150 
2 185 151 
2 186 152 
2 190 114 
3 191 174 115 
2 175 173 
3 176 140 174 
3 192 140 175 
2 193 100 
2 194 101 
2 195 158 
2 196 143 
2 197 144 
2 198 145 
2 201 167 
2 202 169 
2 203 170 
2 204 171 
2 275 136 
2 276 137 
2 239 153 
2 206 172 
2 207 173 
3 210 176 209 
2 211 177 
2 212 178 
2 213 179 
2 214 180 
2 300 181 
2 301 182 
2 302 161 
2 303 162 
2 219 183 
2 220 184 
3 221 110 185 
3 222 186 254 
2 223 135 
2 240 190 
3 294 208 191 
2 209 207 
3 296 192 208 
2 297 192 
2 259 193 
2 260 194 
2 228 195 
2 229 196 
2 230 160 
2 231 163 
2 266 164 
2 232 165 
2 233 201 
2 234 202 
2 235 203 
3 236 237 204 
3 238 205 237 
2 241 154 
3 242 226 155 
2 227 225 
4 243 157 226 278 
2 244 213 
2 245 214 
2 246 215 
2 247 216 
2 267 218 
2 308 219 
2 250 220 
3 271 251 221 
2 272 222 
3 273 223 222 
2 274 223 
2 255 189 
2 256 206 
2 257 224 
2 258 225 
2 279 227 
2 262 228 
2 263 229 
2 264 230 
2 265 231 
2 268 166 
2 356 60 
2 357 234 
3 287 252 235 
2 253 251 
2 254 252 
3 288 204 253 
2 291 239 
2 292 240 
2 293 241 
2 277 242 
2 280 211 
2 281 212 
2 282 102 
2 298 244 
2 283 245 
2 284 246 
2 304 247 
2 305 217 
2 306 232 
2 307 248 
2 285 149 
2 309 168 
2 286 235 
2 289 236 
2 290 237 
2 313 238 
2 343 187 
2 329 188 
2 331 258 
2 227 331 
2 333 243 
2 347 259 
2 396 260 
2 397 261 
2 399 263 
2 386 264 
2 371 269 
2 310 271 
3 288 251 312 
3 289 254 287 
3 326 272 288 
2 327 273 
2 314 255 
2 315 256 
2 330 257 
3 316 295 207 
2 296 294 
3 318 209 295 
2 319 210 
2 320 262 
2 321 159 
2 349 197 
2 322 198 
2 323 199 
2 387 200 
2 402 265 
2 370 266 
2 352 267 
2 353 268 
2 324 233 
2 325 270 
3 390 311 286 
2 312 310 
3 340 287 311 
2 328 274 
2 378 291 
2 379 292 
3 317 294 345 
2 318 316 
3 363 296 317 
2 364 297 
2 334 298 
2 335 299 
2 336 301 
2 337 302 
2 338 308 
2 339 309 
3 327 289 342 
3 328 290 326 
3 377 313 327 
2 344 276 
2 345 293 
4 346 332 278 277 
2 333 331 
3 395 279 332 
2 348 320 
2 385 321 
2 350 322 
2 351 323 
2 354 324 
2 355 325 
3 358 341 312 
2 342 340 
3 359 326 341 
2 360 275 
2 361 329 
3 362 316 330 
2 383 331 
2 365 280 
2 366 334 
2 367 300 
2 368 336 
2 369 337 
2 412 306 
2 413 307 
2 414 338 
2 415 339 
2 372 249 
2 373 250 
2 374 340 
2 376 342 
2 377 343 
2 450 344 
2 380 345 
2 381 318 
2 382 319 
2 384 347 
2 398 348 
2 472 349 
2 473 350 
2 455 351 
2 388 305 
2 389 285 
2 480 356 
2 445 357 
3 375 358 391 
2 376 374 
3 422 359 375 
3 392 360 328 
3 465 379 314 
3 380 315 378 
3 393 362 379 
2 426 363 
2 409 364 
3 394 346 427 
2 410 365 
2 400 335 
2 474 284 
2 401 303 
2 403 370 
2 404 371 
4 405 406 391 310 
3 419 374 390 
2 407 377 
2 408 380 
3 395 383 466 
3 468 333 394 
2 452 281 
2 453 282 
2 429 366 
2 430 283 
2 411 385 
2 456 387 
2 559 304 
2 476 388 
2 520 389 
2 417 390 
2 418 390 
2 423 392 
3 424 393 465 
2 427 382 
2 428 384 
2 454 400 
2 431 352 
2 503 353 
2 540 354 
2 432 355 
2 433 9 
2 434 405 
3 446 435 406 
3 436 420 391 
2 421 419 
3 437 422 420 
3 438 376 421 
2 438 407 
3 488 425 408 
2 426 424 
3 489 381 425 
3 439 383 409 
2 440 410 
2 441 398 
2 442 399 
2 443 412 
2 444 415 
2 479 416 
2 460 417 
2 463 418 
2 447 419 
2 448 421 
3 450 423 422 
2 451 427 
2 534 428 
2 515 429 
2 516 430 
2 457 431 
2 458 432 
2 459 373 
2 462 418 
2 483 436 
3 464 449 437 
2 450 448 
4 484 361 438 449 
2 490 439 
2 469 396 
2 470 397 
2 471 411 
2 500 369 
2 475 401 
2 477 443 
2 478 444 
2 581 445 
3 523 461 434 
2 462 460 
3 481 446 461 
3 483 435 482 
2 483 448 
3 484 408 378 
3 467 394 490 
2 468 466 
3 493 395 467 
2 494 452 
2 495 453 
2 496 454 
2 497 367 
2 498 368 
2 499 386 
2 501 456 
2 502 403 
2 560 457 
2 504 458 
2 505 433 
2 506 372 
3 507 482 462 
3 483 463 481 
5 512 464 447 463 482 
4 485 465 450 513 
2 486 484 
2 487 485 
2 488 486 
3 489 424 487 
3 490 426 488 
4 491 466 451 489 
2 492 490 
2 493 491 
3 533 468 492 
2 514 469 
2 535 470 
2 555 471 
2 556 472 
2 557 473 
2 558 474 
2 621 455 
2 517 475 
2 518 476 
2 519 413 
2 561 478 
2 521 479 
2 522 480 
3 508 481 525 
2 509 507 
2 510 508 
2 511 509 
3 526 512 510 
3 513 483 511 
3 527 484 512 
3 535 494 587 
2 554 441 
2 536 442 
2 537 501 
2 538 502 
2 539 503 
2 541 404 
3 542 563 505 
2 543 506 
3 544 524 460 
2 525 523 
3 545 507 524 
2 552 511 
3 528 513 553 
2 529 527 
2 530 528 
2 531 529 
2 532 530 
2 533 531 
3 534 493 532 
3 587 440 533 
3 575 495 514 
2 599 516 
2 622 517 
2 577 518 
2 578 519 
2 579 414 
2 580 520 
2 562 521 
2 563 522 
3 564 545 523 
3 546 525 544 
2 547 545 
2 548 546 
2 549 547 
2 550 548 
2 551 549 
2 552 550 
3 553 526 551 
3 574 527 552 
2 575 515 
2 600 496 
2 601 497 
2 602 498 
2 603 499 
3 576 577 402 
2 589 477 
2 626 504 
2 646 542 
3 646 543 521 
3 565 544 581 
2 566 564 
2 567 565 
2 568 566 
2 569 567 
2 570 568 
2 571 569 
2 572 570 
2 573 571 
2 574 572 
3 585 553 573 
3 588 554 535 
2 623 559 
3 589 538 559 
3 643 539 642 
2 590 540 
2 625 541 
4 591 582 564 459 
2 583 581 
2 584 582 
2 585 583 
3 586 574 584 
2 587 585 
4 598 514 534 586 
2 598 575 
3 604 560 577 
2 605 579 
3 606 592 581 
2 593 591 
2 594 592 
2 595 593 
2 596 594 
2 597 595 
2 598 596 
4 619 588 587 597 
2 636 536 
2 637 555 
2 638 556 
2 620 557 
3 621 558 620 
2 624 589 
2 643 590 
3 627 607 591 
2 608 606 
2 609 607 
2 610 608 
2 611 609 
2 612 610 
2 613 611 
2 614 612 
2 615 613 
2 616 614 
2 617 615 
2 618 616 
2 619 617 
3 636 598 618 
3 603 602 638 
4 622 500 603 638 
3 623 537 621 
3 641 576 622 
2 642 604 
2 644 580 
2 645 561 
3 646 628 606 
2 629 627 
2 630 628 
2 631 629 
2 632 630 
2 633 631 
2 634 632 
2 635 633 
2 636 634 
4 637 599 619 635 
3 638 600 636 
5 639 621 620 601 637 
2 640 638 
2 641 639 
3 642 623 640 
4 643 578 624 641 
4 644 605 578 642 
3 645 625 643 
3 626 644 664 
4 647 627 563 562 
2 648 646 
2 649 647 
2 650 648 
2 651 649 
2 652 650 
2 653 651 
2 654 652 
2 655 653 
2 656 654 
2 657 655 
2 658 656 
2 659 657 
2 660 658 
2 661 659 
2 662 660 
2 663 661 
2 664 662 
2 645 663 
