584
0 0 10
1 0 15
2 0 16
3 0 17
4 0 18
5 1 6
6 1 7
7 1 8
8 1 9
9 1 10
10 1 15
11 1 18
12 2 6
13 2 7
14 2 15
15 2 19
16 2 20
17 2 21
18 2 22
19 3 6
20 3 7
21 3 15
22 3 22
23 3 30
24 3 31
25 3 32
26 3 33
27 3 34
28 3 35
29 3 36
30 3 37
31 3 38
32 3 39
33 4 6
34 4 7
35 4 15
36 4 18
37 4 19
38 4 20
39 4 21
40 4 22
41 4 23
42 4 24
43 4 25
44 4 26
45 4 27
46 4 28
47 4 29
48 4 38
49 4 39
50 5 6
51 5 7
52 5 15
53 5 17
54 5 25
55 5 26
56 5 37
57 5 40
58 6 6
59 6 8
60 6 9
61 6 10
62 6 11
63 6 15
64 6 18
65 6 19
66 6 20
67 6 21
68 6 22
69 6 23
70 6 24
71 6 27
72 6 28
73 6 29
74 6 37
75 6 40
76 7 6
77 7 11
78 7 15
79 7 16
80 7 17
81 7 24
82 7 27
83 7 28
84 7 29
85 7 34
86 7 35
87 7 36
88 8 6
89 8 9
90 8 10
91 8 11
92 8 12
93 8 13
94 8 14
95 8 18
96 8 24
97 8 29
98 8 32
99 8 33
100 9 6
101 9 7
102 9 8
103 9 12
104 9 13
105 9 14
106 9 18
107 9 23
108 9 25
109 9 26
110 9 32
111 9 34
112 9 35
113 10 5
114 10 19
115 10 23
116 10 26
117 10 32
118 10 33
119 10 35
120 11 5
121 11 19
122 11 20
123 11 21
124 11 22
125 11 23
126 11 26
127 11 29
128 11 30
129 11 31
130 11 34
131 11 35
132 11 38
133 11 39
134 11 40
135 12 5
136 12 6
137 12 7
138 12 9
139 12 10
140 12 11
141 12 12
142 12 13
143 12 14
144 12 15
145 12 16
146 12 17
147 12 18
148 12 24
149 12 25
150 12 27
151 12 28
152 12 31
153 12 34
154 12 35
155 12 38
156 12 39
157 12 40
158 13 5
159 13 7
160 13 9
161 13 10
162 13 11
163 13 13
164 13 19
165 13 20
166 13 21
167 13 22
168 13 23
169 13 26
170 13 29
171 13 31
172 13 34
173 13 36
174 13 37
175 14 5
176 14 6
177 14 7
178 14 12
179 14 13
180 14 20
181 14 21
182 14 22
183 14 23
184 14 26
185 14 29
186 14 31
187 14 34
188 14 36
189 14 37
190 15 1
191 15 2
192 15 3
193 15 4
194 15 8
195 15 9
196 15 10
197 15 11
198 15 14
199 15 15
200 15 16
201 15 20
202 15 24
203 15 25
204 15 27
205 15 28
206 15 29
207 15 30
208 15 31
209 15 34
210 15 35
211 15 38
212 15 39
213 15 40
214 16 0
215 16 4
216 16 5
217 16 6
218 16 7
219 16 11
220 16 14
221 16 16
222 16 32
223 16 33
224 16 36
225 16 37
226 16 40
227 17 0
228 17 4
229 17 7
230 17 10
231 17 12
232 17 13
233 17 16
234 17 17
235 17 18
236 17 19
237 17 20
238 17 21
239 17 22
240 17 23
241 17 32
242 17 33
243 17 36
244 17 40
245 18 0
246 18 4
247 18 5
248 18 6
249 18 7
250 18 10
251 18 12
252 18 13
253 18 14
254 18 15
255 18 17
256 18 18
257 18 19
258 18 23
259 18 31
260 18 36
261 18 37
262 18 38
263 18 39
264 18 40
265 19 0
266 19 1
267 19 8
268 19 9
269 19 11
270 19 16
271 19 20
272 19 23
273 19 34
274 19 35
275 20 0
276 20 2
277 20 8
278 20 11
279 20 16
280 20 20
281 20 21
282 20 22
283 20 23
284 20 31
285 20 32
286 20 33
287 20 36
288 20 37
289 20 38
290 20 39
291 21 0
292 21 2
293 21 3
294 21 4
295 21 5
296 21 6
297 21 7
298 21 12
299 21 13
300 21 14
301 21 15
302 21 17
303 21 18
304 21 19
305 21 24
306 21 25
307 21 36
308 21 39
309 22 0
310 22 1
311 22 7
312 22 8
313 22 11
314 22 14
315 22 16
316 22 20
317 22 21
318 22 22
319 22 23
320 22 26
321 22 27
322 22 28
323 22 29
324 22 36
325 22 40
326 23 0
327 23 1
328 23 7
329 23 8
330 23 11
331 23 12
332 23 13
333 23 15
334 23 16
335 23 26
336 23 27
337 23 28
338 23 29
339 23 36
340 23 37
341 23 38
342 23 39
343 23 40
344 24 17
345 24 18
346 24 19
347 24 23
348 24 24
349 24 25
350 24 26
351 24 31
352 24 32
353 24 33
354 24 34
355 24 35
356 25 13
357 25 15
358 25 16
359 25 17
360 25 18
361 25 19
362 25 23
363 25 26
364 25 31
365 25 32
366 25 33
367 25 34
368 25 35
369 25 36
370 25 37
371 25 38
372 25 39
373 25 40
374 26 13
375 26 15
376 26 16
377 26 20
378 26 23
379 26 25
380 26 26
381 26 39
382 26 40
383 27 7
384 27 8
385 27 11
386 27 12
387 27 14
388 27 17
389 27 21
390 27 22
391 27 24
392 28 7
393 28 8
394 28 11
395 28 12
396 28 14
397 28 18
398 28 19
399 28 21
400 28 23
401 28 25
402 28 26
403 28 27
404 28 28
405 28 33
406 29 7
407 29 8
408 29 11
409 29 12
410 29 14
411 29 18
412 29 19
413 29 21
414 29 22
415 29 23
416 29 25
417 29 26
418 29 27
419 29 28
420 29 31
421 29 32
422 29 34
423 30 7
424 30 8
425 30 11
426 30 12
427 30 14
428 30 18
429 30 19
430 30 21
431 30 25
432 30 29
433 30 30
434 30 33
435 31 7
436 31 8
437 31 11
438 31 12
439 31 14
440 31 18
441 31 19
442 31 21
443 31 24
444 31 26
445 31 27
446 31 29
447 31 31
448 31 32
449 31 33
450 31 35
451 31 36
452 31 37
453 31 38
454 31 39
455 31 40
456 32 18
457 32 19
458 32 21
459 32 24
460 32 25
461 32 26
462 32 27
463 32 29
464 32 31
465 32 32
466 32 33
467 32 35
468 32 37
469 32 38
470 33 18
471 33 19
472 33 21
473 33 24
474 33 29
475 33 30
476 33 34
477 33 36
478 33 39
479 33 40
480 34 18
481 34 19
482 34 21
483 34 24
484 34 29
485 34 30
486 34 34
487 34 36
488 35 0
489 35 1
490 35 2
491 35 3
492 35 7
493 35 8
494 35 11
495 35 12
496 35 18
497 35 19
498 35 21
499 35 23
500 35 25
501 35 26
502 35 27
503 35 28
504 35 31
505 35 32
506 35 33
507 35 35
508 35 37
509 35 38
510 36 0
511 36 3
512 36 7
513 36 8
514 36 11
515 36 12
516 36 14
517 36 15
518 36 16
519 36 17
520 36 19
521 36 21
522 36 23
523 36 25
524 36 29
525 36 30
526 36 32
527 36 34
528 36 36
529 37 0
530 37 1
531 37 2
532 37 3
533 37 7
534 37 8
535 37 11
536 37 12
537 37 14
538 37 17
539 37 19
540 37 21
541 37 23
542 37 24
543 37 32
544 37 34
545 37 36
546 38 13
547 38 15
548 38 17
549 38 19
550 38 21
551 38 23
552 38 25
553 38 26
554 38 27
555 38 28
556 38 29
557 38 30
558 38 31
559 38 32
560 38 34
561 38 36
562 39 13
563 39 15
564 39 18
565 39 20
566 39 21
567 39 23
568 39 24
569 39 34
570 39 36
571 40 13
572 40 15
573 40 16
574 40 17
575 40 18
576 40 20
577 40 21
578 40 22
579 40 23
580 40 24
581 40 35
582 40 37
583 40 38
4 9 62 1 5 
3 10 2 0 
3 79 3 1 
3 53 4 2 
5 11 15 18 32 3 
6 12 6 0 214 190 113 
3 13 7 5 
3 59 8 6 
3 60 9 7 
3 61 0 8 
2 14 1 
2 36 4 
2 19 5 
2 20 6 
2 21 10 
3 37 16 4 
2 17 15 
2 18 16 
4 22 23 4 17 
2 33 12 
2 34 13 
3 35 14 94 
2 40 18 
3 24 18 47 
2 25 23 
3 98 26 24 
3 99 27 25 
3 85 28 26 
3 86 29 27 
3 87 30 28 
3 56 31 29 
3 48 32 30 
4 49 57 4 31 
2 50 19 
2 51 20 
2 52 21 
2 64 11 
3 65 38 15 
2 39 37 
2 40 38 
3 41 22 39 
3 54 42 40 
2 43 41 
3 55 44 42 
2 45 43 
2 46 44 
2 47 45 
3 73 23 46 
2 132 31 
2 133 32 
2 58 33 
2 101 34 
2 63 35 
2 80 3 
2 71 41 
2 71 43 
2 74 30 
2 75 32 
2 76 50 
2 102 7 
2 89 8 
2 90 9 
3 77 92 0 
2 78 52 
2 95 36 
4 114 107 66 37 
2 67 65 
2 68 66 
2 69 67 
2 70 68 
3 81 71 69 
4 72 55 54 70 
2 73 71 
3 84 47 72 
2 174 56 
2 134 57 
2 88 58 
2 91 62 
2 144 63 
2 145 2 
2 146 53 
4 96 109 82 70 
3 83 81 109 
2 84 82 
3 97 73 83 
2 111 27 
2 112 28 
2 173 29 
2 100 76 
2 138 60 
2 139 61 
2 140 77 
3 103 93 62 
3 104 94 92 
3 105 21 93 
2 106 64 
3 108 81 107 
2 127 84 
2 110 25 
2 118 26 
2 136 88 
2 137 51 
2 194 59 
2 141 92 
2 142 93 
2 143 94 
2 147 95 
3 115 96 65 
2 116 96 
3 170 82 81 
2 117 98 
2 130 85 
2 119 86 
3 120 5 193 
2 121 65 
3 125 149 107 
3 126 151 108 
3 222 110 129 
2 223 99 
2 131 112 
2 135 113 
3 164 122 114 
2 123 121 
2 124 122 
2 125 123 
3 148 115 124 
3 169 150 116 
3 170 128 97 
2 129 127 
3 152 117 128 
2 153 111 
2 154 119 
2 155 48 
2 156 49 
2 157 75 
2 158 120 
2 176 100 
2 159 101 
2 160 89 
2 161 90 
2 162 91 
2 178 103 
2 163 104 
2 198 105 
2 199 78 
2 200 79 
2 234 80 
3 235 164 106 
3 184 125 168 
2 169 115 
2 185 126 
2 170 116 
2 171 129 
2 172 130 
2 210 131 
2 211 132 
2 212 133 
2 213 134 
2 175 135 
2 177 137 
2 195 138 
2 196 139 
2 197 140 
2 179 142 
4 180 165 121 147 
2 166 164 
2 167 165 
2 168 166 
3 183 148 167 
3 204 126 149 
4 185 127 109 151 
2 186 152 
2 187 153 
2 188 87 
2 189 74 
2 216 158 
2 217 136 
2 218 159 
2 231 141 
2 232 163 
3 201 181 164 
2 182 180 
2 183 181 
3 202 168 182 
2 204 148 
3 206 170 150 
3 208 171 207 
2 209 172 
2 224 173 
2 225 174 
4 266 191 5 227 
3 276 192 190 
2 193 191 
3 215 113 192 
2 267 102 
2 268 160 
2 230 161 
2 219 162 
2 220 143 
2 254 144 
2 221 145 
2 237 180 
3 203 183 240 
3 306 204 202 
4 205 169 184 203 
2 206 204 
3 207 185 205 
3 186 206 323 
2 259 186 
2 273 187 
2 274 154 
2 262 155 
2 263 156 
2 226 157 
2 227 5 
2 228 193 
2 247 175 
2 248 176 
2 229 177 
2 269 197 
2 253 198 
2 233 200 
2 241 117 
2 242 118 
2 243 188 
2 261 189 
2 244 213 
3 245 190 214 
2 246 215 
2 249 218 
2 250 196 
2 251 178 
2 252 179 
2 270 221 
2 255 146 
4 256 257 236 147 
2 237 235 
3 238 201 236 
3 239 237 271 
2 240 238 
3 258 202 239 
2 285 222 
2 286 223 
2 260 224 
2 264 226 
2 265 227 
2 294 228 
2 295 216 
2 296 217 
2 297 229 
3 385 230 268 
2 298 231 
2 299 232 
2 300 220 
2 301 199 
2 302 234 
3 257 235 302 
3 271 235 256 
2 272 240 
2 284 208 
2 287 243 
2 288 225 
2 289 211 
2 290 212 
2 325 244 
2 275 245 
2 310 190 
2 277 194 
3 250 195 424 
2 278 219 
2 279 233 
3 280 238 257 
2 283 258 
2 354 209 
2 355 210 
2 291 265 
2 292 191 
2 312 267 
2 313 269 
2 315 270 
3 281 271 304 
2 282 280 
2 283 281 
3 305 272 282 
2 351 259 
2 352 241 
2 353 242 
2 307 260 
2 340 261 
2 341 262 
2 308 263 
2 309 275 
3 293 276 327 
2 294 292 
3 295 246 293 
3 296 247 294 
3 406 248 295 
2 311 249 
2 331 251 
2 332 252 
2 314 253 
2 333 254 
4 344 303 256 255 
2 304 302 
3 316 280 303 
3 306 283 319 
4 349 320 203 305 
2 324 287 
2 342 290 
2 326 291 
2 327 266 
2 328 297 
2 329 277 
2 330 278 
2 387 300 
2 334 279 
3 317 304 346 
2 318 316 
2 319 317 
4 347 348 305 318 
3 335 321 306 
2 322 320 
2 323 321 
3 338 207 322 
2 339 307 
2 343 264 
2 488 309 
3 489 292 310 
2 383 311 
2 384 312 
2 385 313 
2 386 298 
2 356 299 
2 357 301 
2 358 315 
3 350 336 320 
2 337 335 
2 338 336 
3 364 323 337 
2 369 324 
2 370 288 
2 371 289 
2 372 308 
2 373 325 
3 359 345 302 
2 346 344 
3 361 316 345 
2 362 319 
2 379 319 
2 379 306 
2 363 335 
2 364 284 
2 365 285 
2 366 286 
2 367 273 
2 368 274 
2 374 332 
2 375 333 
2 376 334 
3 388 360 344 
2 361 359 
3 377 346 360 
2 378 347 
2 380 350 
4 405 365 351 338 
3 366 352 364 
3 367 353 365 
3 368 354 366 
3 369 355 367 
3 370 339 368 
3 371 340 369 
3 381 341 370 
2 381 342 
2 382 343 
3 439 356 386 
3 517 376 357 
3 388 358 375 
2 389 361 
3 391 362 390 
3 402 349 348 
2 402 363 
3 455 372 371 
2 455 373 
2 392 328 
2 393 329 
3 394 330 250 
3 395 374 331 
2 396 314 
4 397 389 359 376 
3 390 377 388 
3 391 378 389 
3 402 378 390 
2 406 383 
2 407 384 
2 408 385 
2 409 386 
2 410 387 
4 411 412 398 388 
2 399 397 
2 400 398 
2 401 399 
2 402 400 
5 403 380 379 391 401 
2 404 402 
2 405 403 
3 422 364 404 
3 423 392 296 
2 424 393 
2 425 394 
2 426 395 
2 427 396 
2 428 397 
4 429 430 413 397 
2 414 412 
2 415 413 
2 416 414 
2 417 415 
2 418 416 
2 419 417 
2 420 418 
2 421 419 
2 422 420 
4 454 405 421 434 
2 435 406 
3 436 268 407 
2 437 408 
2 438 409 
2 439 410 
2 440 411 
2 441 412 
3 442 431 412 
2 432 430 
2 433 431 
2 434 432 
3 451 422 433 
2 492 423 
2 493 424 
2 494 425 
2 495 426 
3 517 427 374 
2 456 428 
2 457 429 
3 458 443 430 
3 459 444 442 
2 445 443 
2 446 444 
2 447 445 
2 448 446 
2 449 447 
2 450 448 
2 451 449 
3 452 434 450 
2 453 451 
2 454 452 
3 455 422 453 
6 479 382 381 454 469 478 
2 470 440 
2 471 441 
2 472 442 
3 473 460 443 
2 461 459 
2 462 460 
2 463 461 
3 474 464 462 
3 465 463 475 
2 466 464 
2 467 465 
2 468 466 
2 469 467 
4 455 468 476 477 
2 480 456 
2 481 457 
2 482 458 
2 483 459 
2 484 463 
2 464 484 
2 469 485 
3 487 469 486 
2 455 509 
2 455 583 
2 496 470 
3 482 471 496 
3 483 472 481 
3 484 473 482 
4 485 475 474 483 
3 486 476 484 
3 487 477 485 
3 509 477 486 
3 510 489 326 
3 490 327 488 
2 491 489 
2 492 490 
3 493 435 491 
3 494 436 492 
3 495 437 493 
3 516 438 494 
4 497 481 480 518 
2 498 496 
2 499 497 
2 500 498 
2 501 499 
2 502 500 
2 503 501 
2 504 502 
2 505 503 
2 506 504 
2 507 505 
2 508 506 
3 509 507 528 
4 478 487 508 582 
3 529 511 488 
2 512 510 
2 513 511 
2 514 512 
2 515 513 
2 516 514 
3 517 495 515 
4 518 375 439 516 
3 519 496 517 
2 520 518 
2 521 519 
2 522 520 
2 523 521 
2 524 522 
2 525 523 
2 526 524 
2 527 525 
2 528 526 
3 545 508 527 
3 571 530 510 
2 531 529 
3 546 532 530 
2 533 531 
2 534 532 
2 535 533 
2 536 534 
2 537 535 
2 538 536 
2 539 537 
2 540 538 
2 541 539 
2 542 540 
2 543 541 
2 544 542 
2 545 543 
3 561 528 544 
3 562 547 531 
2 548 546 
2 549 547 
2 550 548 
2 551 549 
2 552 550 
2 553 551 
2 554 552 
2 555 553 
2 556 554 
2 557 555 
2 558 556 
2 559 557 
2 560 558 
2 561 559 
3 570 545 560 
3 571 563 546 
2 564 562 
2 565 563 
2 566 564 
2 567 565 
2 568 566 
2 569 567 
2 570 568 
3 582 561 569 
3 572 562 529 
2 573 571 
2 574 572 
2 575 573 
2 576 574 
2 577 575 
2 578 576 
2 579 577 
2 580 578 
2 581 579 
2 582 580 
4 583 509 570 581 
2 479 582 
