355
0 0 0
1 0 1
2 0 4
3 0 5
4 0 6
5 0 7
6 0 8
7 0 9
8 0 10
9 0 11
10 0 12
11 0 17
12 0 18
13 0 19
14 0 20
15 0 21
16 0 22
17 0 23
18 0 24
19 0 25
20 0 26
21 0 27
22 0 28
23 0 29
24 0 30
25 1 0
26 1 1
27 1 4
28 1 12
29 1 17
30 1 18
31 1 19
32 1 20
33 1 21
34 1 22
35 1 27
36 1 30
37 2 0
38 2 1
39 2 5
40 2 12
41 2 23
42 2 25
43 2 26
44 2 27
45 2 30
46 3 0
47 3 1
48 3 5
49 3 12
50 3 23
51 3 24
52 3 28
53 3 29
54 3 30
55 4 0
56 4 1
57 4 5
58 4 13
59 4 14
60 4 15
61 4 16
62 4 17
63 4 18
64 4 19
65 4 20
66 4 21
67 5 0
68 5 1
69 5 5
70 5 7
71 5 8
72 5 13
73 5 14
74 5 15
75 5 16
76 5 21
77 6 0
78 6 2
79 6 3
80 6 4
81 6 6
82 6 9
83 6 10
84 6 12
85 6 17
86 6 22
87 6 23
88 6 24
89 6 25
90 6 26
91 6 27
92 6 28
93 6 29
94 6 30
95 7 0
96 7 1
97 7 4
98 7 5
99 7 6
100 7 11
101 7 12
102 7 17
103 7 24
104 7 26
105 7 27
106 7 28
107 7 29
108 7 30
109 8 2
110 8 3
111 8 7
112 8 8
113 8 9
114 8 10
115 8 17
116 8 23
117 8 25
118 9 2
119 9 3
120 9 7
121 9 13
122 9 17
123 9 19
124 9 20
125 9 23
126 9 25
127 10 2
128 10 3
129 10 7
130 10 13
131 10 17
132 10 18
133 10 21
134 10 22
135 10 23
136 10 25
137 11 2
138 11 3
139 11 7
140 11 13
141 11 17
142 11 18
143 11 23
144 11 25
145 11 29
146 11 30
147 12 2
148 12 4
149 12 5
150 12 6
151 12 8
152 12 9
153 12 10
154 12 11
155 12 13
156 12 14
157 12 17
158 12 18
159 12 22
160 12 25
161 12 29
162 12 30
163 13 2
164 13 3
165 13 6
166 13 7
167 13 8
168 13 9
169 13 10
170 13 11
171 13 13
172 13 14
173 13 17
174 13 18
175 13 22
176 13 26
177 13 27
178 13 29
179 13 30
180 14 2
181 14 3
182 14 5
183 14 14
184 14 17
185 14 18
186 14 22
187 14 26
188 14 27
189 14 29
190 14 30
191 15 2
192 15 3
193 15 5
194 15 14
195 15 17
196 15 18
197 15 22
198 15 26
199 15 28
200 15 30
201 16 1
202 16 5
203 16 6
204 16 7
205 16 8
206 16 9
207 16 14
208 16 17
209 16 18
210 16 22
211 16 26
212 16 28
213 16 30
214 17 2
215 17 3
216 17 5
217 17 6
218 17 7
219 17 14
220 17 17
221 17 18
222 17 22
223 17 23
224 17 26
225 17 28
226 17 30
227 18 2
228 18 4
229 18 8
230 18 14
231 18 17
232 18 18
233 18 23
234 18 26
235 18 27
236 18 28
237 18 29
238 19 2
239 19 4
240 19 8
241 19 14
242 19 17
243 19 18
244 19 24
245 19 25
246 20 4
247 20 8
248 20 9
249 20 15
250 20 16
251 20 19
252 20 20
253 20 24
254 20 25
255 21 4
256 21 8
257 21 9
258 21 19
259 21 21
260 21 22
261 21 24
262 21 25
263 22 4
264 22 8
265 22 9
266 22 19
267 22 23
268 22 26
269 22 27
270 22 28
271 22 29
272 22 30
273 23 0
274 23 4
275 23 6
276 23 7
277 23 19
278 23 23
279 23 26
280 23 27
281 23 29
282 23 30
283 24 0
284 24 4
285 24 7
286 24 19
287 24 23
288 24 28
289 25 4
290 25 7
291 25 10
292 25 19
293 25 23
294 25 28
295 26 8
296 26 9
297 26 11
298 26 12
299 26 13
300 26 14
301 26 15
302 26 16
303 26 17
304 26 18
305 26 23
306 26 27
307 26 29
308 26 30
309 27 8
310 27 10
311 27 11
312 27 12
313 27 13
314 27 23
315 27 27
316 28 3
317 28 4
318 28 5
319 28 8
320 28 10
321 28 14
322 28 23
323 28 27
324 29 0
325 29 1
326 29 2
327 29 5
328 29 8
329 29 10
330 29 14
331 29 19
332 29 20
333 29 21
334 29 22
335 29 23
336 29 27
337 30 0
338 30 1
339 30 2
340 30 3
341 30 4
342 30 5
343 30 8
344 30 9
345 30 10
346 30 14
347 30 15
348 30 16
349 30 17
350 30 18
351 30 25
352 30 26
353 30 28
354 30 29
2 25 1 
3 26 2 0 
2 3 1 
3 4 2 27 
2 5 3 
4 83 28 6 4 
2 7 5 
2 8 6 
2 9 7 
2 10 8 
2 11 9 
2 12 10 
2 13 11 
2 14 12 
2 15 13 
2 16 14 
3 34 17 15 
2 18 16 
2 19 17 
2 20 18 
2 21 19 
3 35 22 20 
2 23 21 
2 24 22 
2 36 23 
2 37 0 
2 38 1 
3 39 3 47 
3 40 29 5 
2 30 28 
2 31 29 
2 32 30 
2 33 31 
2 34 32 
3 41 16 33 
2 44 21 
2 45 24 
2 46 25 
2 47 26 
3 48 71 27 
2 49 28 
4 50 42 34 66 
2 43 41 
2 44 42 
3 54 35 43 
2 54 36 
2 55 37 
3 56 27 38 
2 57 39 
3 84 58 40 
3 87 51 41 
3 88 52 50 
2 53 51 
3 93 54 52 
4 94 45 44 53 
2 67 46 
3 68 78 47 
2 69 48 
3 72 59 49 
2 60 58 
2 61 59 
2 62 60 
4 85 63 61 75 
2 64 62 
2 65 63 
3 76 66 64 
3 86 41 65 
2 77 55 
2 96 56 
3 70 57 79 
2 71 69 
3 83 39 70 
3 121 73 58 
2 74 72 
2 75 73 
3 62 74 156 
2 86 65 
2 95 67 
3 109 79 56 
6 110 97 98 80 69 78 
3 99 81 79 
2 82 80 
2 83 81 
4 100 5 71 82 
2 101 49 
2 102 62 
3 116 66 76 
2 116 50 
3 103 89 51 
4 117 90 88 103 
3 104 91 89 
2 92 90 
2 93 91 
3 107 53 92 
2 108 54 
2 273 77 
2 201 68 
3 148 98 79 
3 111 79 97 
2 112 80 
3 101 83 114 
3 130 84 100 
2 115 85 
3 89 88 143 
3 176 105 90 
2 106 104 
2 107 105 
3 145 93 106 
2 146 94 
2 118 78 
2 119 79 
3 120 112 98 
3 113 99 111 
2 114 112 
3 100 113 139 
2 122 102 
3 125 87 86 
2 126 89 
2 127 109 
2 128 110 
2 129 111 
2 130 72 
4 131 132 123 115 
2 124 122 
2 125 123 
3 135 116 124 
2 136 117 
2 137 118 
2 138 119 
2 139 120 
3 140 121 101 
2 141 122 
3 142 133 122 
2 134 132 
2 135 133 
3 143 125 134 
2 144 126 
2 147 127 
2 164 128 
3 114 129 150 
2 155 130 
2 157 131 
3 158 159 132 
4 160 103 135 159 
2 160 136 
3 161 107 177 
2 162 108 
2 163 137 
5 228 182 165 149 97 
2 150 148 
3 151 139 149 
2 152 150 
2 153 151 
2 154 152 
2 155 153 
3 156 140 154 
3 172 75 155 
2 173 141 
2 174 142 
3 175 143 142 
3 176 144 143 
4 178 145 188 199 
2 179 146 
2 180 147 
2 181 138 
3 166 148 182 
2 167 165 
2 168 166 
2 169 167 
2 170 168 
3 171 169 206 
2 172 170 
3 183 156 171 
2 184 157 
2 185 158 
2 186 159 
4 187 104 160 222 
2 145 187 
2 189 161 
2 190 162 
2 191 163 
2 192 164 
3 193 165 148 
2 194 172 
2 195 173 
2 196 174 
2 197 175 
3 177 176 223 
2 161 198 
2 237 178 
2 200 179 
2 214 180 
2 215 181 
3 202 203 182 
2 207 183 
2 208 184 
2 209 185 
2 210 186 
3 211 188 233 
3 212 161 224 
2 213 190 
2 325 96 
2 216 193 
3 218 204 193 
2 205 203 
2 206 204 
3 170 205 229 
2 219 194 
2 220 195 
2 221 196 
2 222 197 
2 224 198 
3 225 199 234 
2 226 200 
2 227 191 
3 246 192 238 
3 217 202 239 
2 218 216 
3 229 203 217 
2 230 207 
2 231 208 
2 232 209 
3 176 210 251 
2 187 252 
3 199 211 244 
3 236 212 235 
2 272 213 
2 238 214 
2 239 148 
3 240 206 218 
2 241 219 
2 242 220 
2 243 221 
3 198 252 259 
2 212 245 
3 269 225 254 
2 270 225 
2 271 189 
3 326 215 227 
3 246 216 228 
2 247 229 
3 242 230 248 
3 243 231 241 
3 251 232 242 
2 224 260 
2 234 253 
3 255 239 215 
3 256 248 240 
4 257 249 241 247 
2 250 248 
2 251 249 
4 258 222 243 250 
3 233 223 258 
2 245 292 
3 262 235 261 
2 263 246 
2 264 247 
2 265 248 
3 266 252 251 
2 233 286 
2 244 286 
2 254 267 
3 268 254 278 
2 274 255 
3 265 256 276 
3 291 257 264 
2 277 258 
3 278 261 292 
2 280 262 
2 280 235 
2 288 236 
2 281 237 
2 282 226 
2 283 95 
3 284 275 263 
2 276 274 
3 285 264 275 
2 286 266 
4 287 279 262 267 
2 280 278 
4 306 269 268 279 
2 307 271 
2 308 272 
2 324 273 
2 289 274 
2 290 276 
4 260 259 277 304 
2 293 278 
2 294 270 
3 290 284 316 
3 295 285 289 
3 303 265 295 
3 267 253 304 
2 305 287 
2 353 288 
4 309 296 291 290 
2 297 295 
2 298 296 
2 299 297 
2 300 298 
2 301 299 
2 302 300 
2 303 301 
3 304 291 302 
4 305 292 286 303 
3 314 293 304 
2 315 280 
2 354 281 
2 282 354 
3 310 295 318 
2 311 309 
2 312 310 
2 313 311 
2 314 312 
3 322 305 313 
2 323 306 
3 317 289 326 
2 318 316 
3 319 309 317 
2 320 318 
2 321 319 
2 322 320 
3 335 314 321 
2 336 315 
3 337 325 283 
3 326 201 324 
4 327 316 238 325 
2 328 326 
2 329 327 
2 330 328 
2 331 329 
2 332 330 
2 333 331 
2 334 332 
2 335 333 
3 336 322 334 
3 353 323 335 
2 338 324 
2 339 337 
2 340 338 
2 341 339 
2 342 340 
2 343 341 
2 344 342 
2 345 343 
2 346 344 
2 347 345 
2 348 346 
2 349 347 
2 350 348 
2 351 349 
2 352 350 
2 353 351 
4 354 294 336 352 
3 308 307 353 
