1236
0 0 8
1 0 9
2 0 20
3 0 21
4 0 22
5 0 23
6 0 24
7 0 25
8 0 26
9 0 27
10 0 28
11 0 29
12 0 30
13 0 31
14 0 32
15 0 33
16 0 34
17 0 35
18 0 36
19 0 37
20 0 38
21 0 39
22 0 47
23 0 48
24 0 49
25 0 50
26 0 51
27 0 52
28 0 53
29 0 55
30 0 56
31 0 57
32 0 58
33 0 59
34 0 60
35 0 61
36 0 62
37 0 63
38 0 64
39 1 5
40 1 6
41 1 8
42 1 9
43 1 13
44 1 14
45 1 15
46 1 16
47 1 17
48 1 18
49 1 19
50 1 29
51 1 31
52 1 47
53 1 53
54 1 55
55 1 64
56 2 7
57 2 9
58 2 12
59 2 29
60 2 30
61 2 31
62 2 41
63 2 42
64 2 43
65 2 47
66 2 51
67 2 52
68 2 53
69 2 54
70 2 64
71 3 3
72 3 4
73 3 7
74 3 8
75 3 10
76 3 11
77 3 12
78 3 20
79 3 21
80 3 22
81 3 23
82 3 28
83 3 41
84 3 42
85 3 43
86 3 47
87 3 50
88 3 55
89 3 64
90 4 2
91 4 7
92 4 8
93 4 10
94 4 12
95 4 20
96 4 21
97 4 22
98 4 23
99 4 28
100 4 36
101 4 37
102 4 38
103 4 45
104 4 46
105 4 47
106 4 48
107 4 49
108 4 55
109 4 56
110 4 60
111 4 64
112 5 2
113 5 7
114 5 8
115 5 10
116 5 12
117 5 28
118 5 32
119 5 33
120 5 34
121 5 35
122 5 39
123 5 40
124 5 41
125 5 42
126 5 43
127 5 50
128 5 51
129 5 52
130 5 53
131 5 54
132 5 57
133 5 59
134 5 61
135 5 64
136 6 2
137 6 7
138 6 8
139 6 10
140 6 12
141 6 18
142 6 19
143 6 28
144 6 32
145 6 36
146 6 37
147 6 45
148 6 46
149 6 50
150 6 51
151 6 52
152 6 53
153 6 54
154 6 57
155 6 58
156 6 59
157 6 61
158 6 63
159 7 0
160 7 1
161 7 2
162 7 7
163 7 8
164 7 10
165 7 12
166 7 18
167 7 19
168 7 28
169 7 29
170 7 30
171 7 31
172 7 43
173 7 47
174 7 48
175 7 49
176 7 55
177 7 56
178 7 61
179 7 63
180 8 0
181 8 5
182 8 7
183 8 8
184 8 10
185 8 12
186 8 18
187 8 19
188 8 24
189 8 28
190 8 31
191 8 38
192 8 39
193 8 40
194 8 41
195 8 42
196 8 43
197 8 47
198 8 48
199 8 49
200 8 55
201 8 56
202 8 61
203 8 63
204 9 0
205 9 2
206 9 3
207 9 4
208 9 5
209 9 6
210 9 7
211 9 8
212 9 10
213 9 11
214 9 12
215 9 18
216 9 19
217 9 20
218 9 21
219 9 22
220 9 28
221 9 29
222 9 30
223 9 31
224 9 38
225 9 43
226 9 55
227 9 56
228 9 61
229 9 63
230 10 0
231 10 2
232 10 13
233 10 20
234 10 22
235 10 38
236 10 43
237 10 55
238 10 56
239 10 61
240 10 63
241 11 0
242 11 2
243 11 13
244 11 16
245 11 17
246 11 18
247 11 19
248 11 20
249 11 21
250 11 22
251 11 38
252 11 44
253 11 45
254 11 46
255 11 47
256 11 48
257 11 49
258 11 50
259 11 51
260 11 52
261 11 53
262 11 54
263 11 57
264 11 58
265 11 61
266 11 63
267 12 9
268 12 13
269 12 23
270 12 24
271 12 25
272 12 26
273 12 27
274 12 38
275 12 53
276 12 57
277 12 58
278 12 61
279 12 63
280 13 9
281 13 13
282 13 17
283 13 18
284 13 19
285 13 20
286 13 21
287 13 22
288 13 26
289 13 27
290 13 33
291 13 34
292 13 35
293 13 38
294 13 53
295 13 57
296 13 58
297 13 61
298 13 63
299 14 0
300 14 13
301 14 14
302 14 15
303 14 16
304 14 38
305 14 42
306 14 43
307 14 44
308 14 45
309 14 46
310 14 47
311 14 48
312 14 49
313 14 53
314 14 57
315 14 58
316 14 61
317 14 63
318 15 0
319 15 14
320 15 16
321 15 25
322 15 26
323 15 38
324 15 41
325 15 50
326 15 53
327 15 57
328 15 58
329 15 62
330 15 63
331 16 0
332 16 14
333 16 15
334 16 16
335 16 17
336 16 18
337 16 19
338 16 20
339 16 21
340 16 22
341 16 27
342 16 33
343 16 34
344 16 35
345 16 38
346 16 40
347 16 41
348 16 50
349 16 51
350 16 52
351 16 53
352 16 54
353 16 56
354 17 0
355 17 2
356 17 3
357 17 4
358 17 5
359 17 6
360 17 7
361 17 8
362 17 9
363 17 10
364 17 11
365 17 12
366 17 13
367 17 25
368 17 26
369 17 37
370 17 39
371 17 57
372 18 0
373 18 3
374 18 4
375 18 5
376 18 6
377 18 7
378 18 8
379 18 9
380 18 10
381 18 11
382 18 12
383 18 13
384 18 25
385 18 37
386 18 39
387 18 57
388 18 58
389 19 0
390 19 27
391 19 28
392 19 29
393 19 30
394 19 31
395 19 32
396 19 36
397 19 38
398 19 39
399 19 40
400 19 41
401 19 57
402 19 58
403 20 0
404 20 13
405 20 17
406 20 18
407 20 19
408 20 20
409 20 21
410 20 22
411 20 25
412 20 26
413 20 36
414 20 37
415 20 54
416 20 57
417 20 58
418 21 0
419 21 7
420 21 8
421 21 9
422 21 10
423 21 11
424 21 12
425 21 13
426 21 17
427 21 18
428 21 19
429 21 20
430 21 21
431 21 22
432 21 25
433 21 26
434 21 36
435 21 37
436 21 54
437 21 57
438 21 58
439 22 0
440 22 6
441 22 12
442 22 13
443 22 16
444 22 35
445 22 38
446 22 39
447 22 40
448 22 41
449 22 42
450 22 43
451 22 44
452 22 45
453 22 46
454 22 47
455 22 48
456 22 49
457 22 50
458 22 51
459 22 52
460 22 53
461 22 54
462 22 57
463 22 58
464 23 0
465 23 5
466 23 7
467 23 8
468 23 9
469 23 10
470 23 14
471 23 17
472 23 18
473 23 19
474 23 20
475 23 21
476 23 22
477 23 25
478 23 26
479 23 34
480 23 35
481 23 36
482 23 37
483 23 40
484 23 41
485 23 42
486 23 43
487 23 57
488 23 59
489 24 0
490 24 6
491 24 14
492 24 17
493 24 22
494 24 25
495 24 26
496 24 27
497 24 28
498 24 29
499 24 30
500 24 31
501 24 32
502 24 33
503 24 38
504 24 39
505 24 57
506 24 59
507 25 0
508 25 6
509 25 7
510 25 8
511 25 9
512 25 10
513 25 14
514 25 17
515 25 18
516 25 19
517 25 20
518 25 21
519 25 22
520 25 23
521 25 40
522 25 41
523 25 42
524 25 43
525 25 44
526 25 45
527 25 46
528 25 47
529 25 57
530 25 59
531 26 0
532 26 6
533 26 7
534 26 12
535 26 13
536 26 14
537 26 15
538 26 16
539 26 25
540 26 26
541 26 27
542 26 34
543 26 35
544 26 36
545 26 37
546 26 38
547 26 39
548 26 45
549 26 46
550 26 47
551 26 48
552 26 49
553 26 50
554 26 51
555 26 57
556 26 59
557 27 0
558 27 3
559 27 4
560 27 5
561 27 8
562 27 9
563 27 10
564 27 11
565 27 21
566 27 22
567 27 23
568 27 39
569 27 44
570 27 57
571 27 59
572 28 0
573 28 3
574 28 6
575 28 7
576 28 12
577 28 13
578 28 14
579 28 16
580 28 21
581 28 25
582 28 26
583 28 27
584 28 28
585 28 29
586 28 30
587 28 31
588 28 32
589 28 33
590 28 34
591 28 35
592 28 36
593 28 37
594 28 38
595 28 39
596 28 40
597 28 41
598 28 44
599 28 48
600 28 49
601 28 50
602 28 51
603 28 52
604 28 53
605 28 54
606 28 55
607 28 60
608 28 61
609 29 0
610 29 3
611 29 6
612 29 7
613 29 12
614 29 14
615 29 16
616 29 21
617 29 42
618 29 43
619 29 44
620 29 48
621 29 49
622 29 50
623 29 51
624 29 54
625 29 56
626 29 60
627 29 61
628 30 0
629 30 3
630 30 4
631 30 5
632 30 12
633 30 14
634 30 16
635 30 18
636 30 19
637 30 20
638 30 21
639 30 32
640 30 33
641 30 34
642 30 35
643 30 52
644 30 54
645 30 57
646 30 58
647 30 59
648 30 61
649 31 1
650 31 12
651 31 13
652 31 14
653 31 16
654 31 18
655 31 21
656 31 32
657 31 33
658 31 34
659 31 35
660 31 42
661 31 43
662 31 44
663 31 52
664 31 54
665 31 57
666 31 59
667 31 62
668 31 63
669 32 3
670 32 4
671 32 5
672 32 18
673 32 19
674 32 20
675 32 22
676 32 23
677 32 40
678 32 41
679 32 45
680 32 46
681 32 47
682 32 48
683 32 49
684 32 52
685 32 53
686 32 54
687 32 57
688 32 59
689 32 62
690 32 63
691 33 3
692 33 5
693 33 15
694 33 33
695 33 34
696 33 35
697 33 36
698 33 37
699 33 38
700 33 39
701 33 41
702 33 45
703 33 46
704 33 47
705 33 55
706 33 56
707 33 57
708 33 58
709 33 59
710 33 62
711 33 63
712 34 0
713 34 2
714 34 3
715 34 4
716 34 5
717 34 6
718 34 7
719 34 8
720 34 9
721 34 10
722 34 11
723 34 12
724 34 13
725 34 14
726 34 16
727 34 17
728 34 18
729 34 19
730 34 20
731 34 22
732 34 33
733 34 34
734 34 35
735 34 36
736 34 37
737 34 38
738 34 39
739 34 40
740 34 41
741 34 48
742 35 0
743 35 9
744 35 14
745 35 16
746 35 18
747 35 20
748 35 22
749 35 42
750 35 43
751 35 48
752 36 0
753 36 9
754 36 10
755 36 11
756 36 14
757 36 16
758 36 18
759 36 20
760 36 42
761 36 43
762 36 48
763 37 0
764 37 8
765 37 12
766 37 13
767 37 14
768 37 16
769 37 18
770 37 19
771 37 23
772 37 24
773 37 35
774 37 36
775 37 37
776 37 38
777 37 39
778 37 40
779 37 41
780 37 47
781 37 48
782 37 62
783 37 63
784 38 0
785 38 9
786 38 10
787 38 11
788 38 15
789 38 23
790 38 24
791 38 34
792 38 47
793 38 48
794 38 62
795 38 63
796 39 0
797 39 3
798 39 4
799 39 5
800 39 6
801 39 7
802 39 8
803 39 11
804 39 15
805 39 34
806 39 47
807 39 48
808 39 62
809 39 63
810 40 0
811 40 3
812 40 11
813 40 15
814 40 34
815 40 48
816 40 51
817 40 52
818 40 60
819 40 61
820 40 62
821 40 63
822 41 0
823 41 3
824 41 11
825 41 15
826 41 25
827 41 26
828 41 27
829 41 28
830 41 29
831 41 30
832 41 33
833 41 35
834 41 36
835 41 48
836 41 57
837 41 58
838 41 59
839 41 64
840 42 0
841 42 3
842 42 4
843 42 5
844 42 6
845 42 7
846 42 8
847 42 9
848 42 10
849 42 11
850 42 15
851 42 25
852 42 30
853 42 33
854 42 35
855 42 36
856 42 48
857 42 57
858 42 58
859 42 59
860 42 64
861 43 0
862 43 11
863 43 15
864 43 25
865 43 30
866 43 33
867 43 34
868 43 48
869 43 54
870 43 55
871 43 56
872 43 64
873 44 0
874 44 11
875 44 15
876 44 25
877 44 26
878 44 27
879 44 28
880 44 30
881 44 33
882 44 34
883 44 47
884 44 48
885 44 53
886 44 56
887 44 64
888 45 0
889 45 3
890 45 4
891 45 11
892 45 15
893 45 29
894 45 30
895 45 33
896 45 34
897 45 35
898 45 36
899 45 47
900 45 48
901 45 53
902 45 56
903 46 1
904 46 2
905 46 5
906 46 6
907 46 7
908 46 8
909 46 9
910 46 10
911 46 12
912 46 13
913 46 14
914 46 16
915 46 23
916 46 24
917 46 31
918 46 32
919 46 47
920 46 48
921 46 53
922 46 56
923 46 62
924 46 63
925 47 1
926 47 2
927 47 5
928 47 11
929 47 15
930 47 25
931 47 26
932 47 31
933 47 32
934 47 47
935 47 48
936 47 53
937 47 56
938 47 62
939 47 63
940 48 1
941 48 2
942 48 5
943 48 11
944 48 15
945 48 19
946 48 20
947 48 21
948 48 22
949 48 25
950 48 26
951 48 47
952 48 48
953 48 53
954 48 54
955 48 55
956 48 56
957 48 62
958 48 63
959 49 1
960 49 2
961 49 5
962 49 6
963 49 10
964 49 11
965 49 15
966 49 16
967 49 17
968 49 19
969 49 22
970 49 25
971 49 26
972 49 47
973 49 48
974 49 62
975 49 63
976 50 0
977 50 2
978 50 4
979 50 7
980 50 9
981 50 18
982 50 19
983 50 20
984 50 21
985 50 22
986 50 23
987 50 24
988 50 26
989 50 47
990 50 48
991 50 51
992 50 52
993 50 53
994 50 54
995 50 55
996 50 56
997 50 57
998 50 58
999 50 64
1000 51 0
1001 51 1
1002 51 2
1003 51 4
1004 51 7
1005 51 8
1006 51 9
1007 51 23
1008 51 26
1009 51 47
1010 51 48
1011 51 51
1012 51 52
1013 51 58
1014 51 64
1015 52 4
1016 52 5
1017 52 6
1018 52 18
1019 52 19
1020 52 20
1021 52 21
1022 52 22
1023 52 26
1024 52 46
1025 52 49
1026 52 50
1027 52 53
1028 52 58
1029 52 64
1030 53 4
1031 53 7
1032 53 12
1033 53 13
1034 53 14
1035 53 18
1036 53 22
1037 53 23
1038 53 24
1039 53 25
1040 53 26
1041 53 51
1042 53 52
1043 53 53
1044 53 54
1045 53 55
1046 53 56
1047 53 57
1048 53 58
1049 53 64
1050 54 4
1051 54 7
1052 54 12
1053 54 13
1054 54 14
1055 54 18
1056 54 19
1057 54 20
1058 54 21
1059 54 30
1060 54 64
1061 55 0
1062 55 1
1063 55 4
1064 55 7
1065 55 25
1066 55 26
1067 55 27
1068 55 28
1069 55 29
1070 55 37
1071 55 38
1072 55 39
1073 55 40
1074 55 64
1075 56 0
1076 56 1
1077 56 4
1078 56 7
1079 56 11
1080 56 22
1081 56 23
1082 56 24
1083 56 29
1084 56 37
1085 56 40
1086 56 42
1087 56 64
1088 57 0
1089 57 2
1090 57 3
1091 57 4
1092 57 5
1093 57 6
1094 57 18
1095 57 19
1096 57 20
1097 57 21
1098 57 28
1099 57 29
1100 57 30
1101 57 33
1102 57 37
1103 57 38
1104 57 39
1105 57 40
1106 57 42
1107 57 64
1108 58 0
1109 58 3
1110 58 18
1111 58 19
1112 58 27
1113 58 62
1114 58 64
1115 59 0
1116 59 3
1117 59 9
1118 59 10
1119 59 12
1120 59 13
1121 59 14
1122 59 20
1123 59 27
1124 59 62
1125 59 64
1126 60 0
1127 60 1
1128 60 3
1129 60 6
1130 60 7
1131 60 11
1132 60 12
1133 60 20
1134 60 21
1135 60 22
1136 60 23
1137 60 24
1138 60 25
1139 60 26
1140 60 27
1141 60 62
1142 60 64
1143 61 2
1144 61 3
1145 61 4
1146 61 5
1147 61 8
1148 61 11
1149 61 12
1150 61 28
1151 61 29
1152 61 30
1153 61 33
1154 61 37
1155 61 38
1156 61 39
1157 61 40
1158 61 42
1159 61 43
1160 61 44
1161 61 45
1162 61 46
1163 61 47
1164 61 48
1165 61 49
1166 61 50
1167 61 62
1168 61 64
1169 62 8
1170 62 11
1171 62 12
1172 62 25
1173 62 26
1174 62 27
1175 62 28
1176 62 62
1177 63 8
1178 63 11
1179 63 12
1180 63 25
1181 63 26
1182 63 27
1183 63 28
1184 63 29
1185 63 30
1186 63 31
1187 63 32
1188 63 33
1189 63 34
1190 63 35
1191 63 36
1192 63 37
1193 63 38
1194 63 39
1195 63 40
1196 63 62
1197 64 8
1198 64 9
1199 64 10
1200 64 11
1201 64 12
1202 64 13
1203 64 14
1204 64 15
1205 64 16
1206 64 17
1207 64 18
1208 64 19
1209 64 20
1210 64 21
1211 64 22
1212 64 23
1213 64 24
1214 64 41
1215 64 42
1216 64 43
1217 64 44
1218 64 45
1219 64 46
1220 64 47
1221 64 48
1222 64 49
1223 64 50
1224 64 51
1225 64 52
1226 64 53
1227 64 54
1228 64 55
1229 64 56
1230 64 57
1231 64 58
1232 64 59
1233 64 60
1234 64 63
1235 64 64
2 1 39 
2 2 0 
2 3 1 
2 4 2 
2 5 3 
2 6 4 
2 7 5 
3 8 6 49 
2 9 7 
2 10 8 
2 11 9 
3 50 12 10 
2 13 11 
3 51 14 12 
2 15 13 
2 16 14 
2 17 15 
2 18 16 
2 19 17 
2 20 18 
2 21 19 
4 83 62 22 20 
3 52 23 21 
2 24 22 
2 25 23 
2 26 24 
2 27 25 
3 53 28 26 
2 29 27 
2 30 28 
4 110 31 29 54 
2 32 30 
2 33 31 
2 34 32 
2 35 33 
2 36 34 
2 37 35 
2 38 36 
2 55 37 
3 40 0 71 
2 41 39 
5 74 57 42 40 56 
2 43 41 
3 44 42 58 
2 45 43 
2 46 44 
3 244 47 45 
3 245 48 46 
3 141 49 47 
4 142 78 7 48 
2 59 11 
2 61 13 
2 65 22 
2 69 27 
2 30 69 
2 70 38 
3 73 41 72 
2 75 41 
3 77 43 76 
3 60 50 82 
2 61 59 
3 100 51 60 
4 84 85 63 21 
2 64 62 
2 65 63 
3 66 52 64 
4 108 67 65 87 
2 68 66 
2 69 67 
4 88 54 53 68 
2 89 55 
3 72 39 90 
3 56 71 206 
2 91 56 
3 92 267 41 
3 93 76 57 
3 213 58 75 
3 94 232 58 
3 95 79 49 
2 80 78 
2 81 79 
2 82 80 
3 99 59 81 
3 126 21 102 
2 147 62 
4 148 103 86 62 
2 87 85 
3 66 86 107 
2 109 69 
3 111 70 158 
3 112 71 159 
2 113 73 
2 114 74 
2 115 75 
2 116 77 
3 217 96 78 
4 218 219 97 95 
2 98 96 
2 99 97 
3 117 82 98 
4 146 101 61 121 
2 102 100 
3 122 83 101 
3 174 104 85 
2 105 103 
2 106 104 
2 107 105 
3 127 87 106 
2 132 66 
2 132 88 
2 134 30 
2 135 89 
2 136 90 
2 137 91 
2 138 92 
2 139 93 
2 140 94 
3 143 118 99 
2 119 117 
3 120 118 144 
2 121 119 
3 145 100 120 
3 195 123 102 
2 124 122 
2 125 123 
2 126 124 
4 172 257 83 125 
3 149 128 107 
2 129 127 
2 130 128 
2 131 129 
2 132 130 
4 133 109 108 131 
2 134 132 
4 157 158 110 133 
2 839 111 
2 161 112 
4 162 113 181 209 
2 163 114 
3 164 115 267 
2 165 116 
2 166 48 
2 167 49 
3 168 117 188 
2 119 171 
2 191 121 
2 191 100 
2 197 84 
2 173 85 
3 150 127 174 
2 151 149 
2 152 150 
2 153 151 
2 154 152 
3 155 153 177 
2 156 154 
2 157 155 
3 178 134 156 
3 179 89 134 
3 180 160 90 
2 161 159 
3 205 136 160 
2 182 137 
2 183 138 
2 184 139 
2 185 140 
2 186 141 
2 187 142 
3 189 169 143 
2 170 168 
2 171 169 
3 190 144 170 
2 196 126 
2 198 148 
4 199 175 149 103 
2 176 174 
3 200 177 175 
3 201 154 176 
2 202 157 
2 203 158 
2 204 159 
2 137 207 
2 210 162 
2 211 163 
2 212 164 
2 214 165 
2 215 166 
2 216 167 
2 143 219 
2 220 168 
2 223 171 
4 224 192 146 145 
3 236 193 191 
2 194 192 
2 195 193 
3 225 122 194 
2 225 172 
2 258 147 
2 259 173 
2 260 174 
3 226 176 262 
3 227 263 177 
3 228 178 264 
2 229 179 
2 230 180 
3 231 206 161 
3 207 72 205 
3 208 181 206 
3 358 209 207 
3 359 137 208 
2 360 182 
2 361 183 
2 363 184 
2 364 76 
2 365 185 
2 246 186 
2 247 187 
2 233 95 
2 249 96 
3 234 188 96 
3 221 189 273 
2 222 220 
2 223 221 
3 290 190 222 
2 235 191 
3 236 196 195 
2 237 200 
2 238 201 
2 239 202 
2 240 203 
2 241 204 
2 242 205 
3 243 301 77 
2 248 217 
3 250 269 219 
2 251 224 
3 252 225 192 
2 606 226 
2 353 227 
2 265 228 
3 266 229 329 
2 299 230 
2 355 231 
2 268 232 
2 303 46 
2 282 47 
2 283 215 
2 284 216 
2 285 233 
2 286 218 
2 287 234 
2 274 235 
3 253 236 305 
2 254 252 
2 255 253 
2 256 254 
2 257 255 
3 258 126 256 
3 259 197 257 
3 260 198 258 
3 261 199 259 
3 275 262 260 
3 352 200 261 
3 276 264 201 
4 277 488 202 263 
2 278 239 
2 279 240 
3 280 139 74 
2 281 243 
3 520 270 234 
2 271 269 
3 321 272 270 
3 288 273 271 
3 289 220 272 
3 293 251 292 
2 294 261 
2 295 263 
2 296 264 
3 297 329 265 
2 298 266 
2 362 267 
2 300 268 
2 335 245 
2 336 246 
2 337 247 
2 338 248 
2 339 249 
2 340 250 
2 322 272 
2 341 273 
3 342 291 223 
3 343 292 290 
4 344 396 274 291 
3 304 370 274 
2 313 275 
2 314 276 
2 315 277 
2 316 278 
2 317 279 
2 318 241 
2 366 281 
3 319 302 232 
2 303 301 
3 320 244 302 
3 323 293 369 
3 306 252 324 
2 307 305 
2 308 306 
2 309 307 
2 310 308 
2 311 309 
3 325 312 310 
2 313 311 
3 326 294 312 
2 327 295 
2 328 296 
2 608 297 
2 330 298 
2 331 299 
2 332 301 
2 334 303 
2 367 271 
2 368 288 
2 345 304 
2 305 346 
2 350 311 
2 351 313 
2 371 314 
2 388 315 
3 667 240 278 
2 668 317 
2 354 318 
3 470 333 319 
2 334 332 
3 443 320 333 
2 405 282 
2 406 283 
2 407 284 
2 408 285 
2 409 286 
2 410 287 
2 390 289 
3 502 290 395 
2 479 291 
2 444 292 
2 397 323 
3 347 324 370 
2 348 346 
2 349 347 
3 350 348 400 
3 351 325 349 
3 460 326 350 
2 415 262 
2 625 238 
3 372 355 331 
3 356 242 354 
2 357 355 
2 358 356 
3 375 208 357 
2 376 209 
2 377 210 
2 378 211 
2 379 280 
2 380 212 
2 381 213 
2 382 214 
2 383 300 
2 384 321 
2 412 322 
3 385 304 396 
3 386 346 293 
2 387 327 
3 389 373 354 
2 374 372 
2 375 373 
3 465 358 374 
2 440 359 
2 419 360 
2 420 361 
2 421 362 
2 422 363 
2 423 364 
2 424 365 
2 404 366 
2 411 367 
2 414 369 
3 398 399 370 
2 401 371 
2 402 328 
2 403 372 
3 496 391 341 
2 392 390 
2 393 391 
2 394 392 
2 395 393 
3 501 342 394 
3 413 369 292 
2 445 345 
2 446 386 
3 447 400 386 
3 459 349 399 
2 416 387 
2 417 388 
2 418 389 
2 425 383 
2 426 335 
2 427 336 
2 428 337 
2 429 338 
2 430 339 
2 431 340 
2 432 384 
2 433 368 
2 434 396 
2 435 385 
2 436 352 
2 437 401 
2 438 402 
2 439 403 
2 466 377 
2 467 378 
2 468 379 
2 469 380 
2 564 381 
2 441 382 
2 442 404 
2 471 405 
2 472 406 
2 473 407 
2 474 408 
2 475 409 
2 476 410 
2 477 411 
2 478 412 
2 481 413 
2 482 414 
2 461 415 
2 462 416 
2 463 417 
2 464 418 
2 490 376 
2 534 424 
2 535 425 
2 538 334 
2 480 344 
2 503 397 
2 504 398 
3 483 448 399 
2 449 447 
2 450 448 
2 451 449 
2 452 450 
2 453 451 
2 454 452 
3 455 453 486 
3 554 456 454 
2 457 455 
2 458 456 
2 459 457 
3 460 400 458 
3 604 351 459 
2 605 436 
2 487 437 
2 646 438 
3 489 558 439 
3 560 375 559 
2 509 419 
2 510 420 
2 511 421 
2 512 422 
2 491 332 
2 492 426 
2 515 427 
2 516 428 
2 517 429 
2 518 430 
2 493 431 
2 494 432 
2 495 433 
2 542 343 
2 543 444 
2 544 434 
2 545 435 
3 521 484 447 
2 485 483 
2 486 484 
3 528 454 485 
2 505 462 
3 506 607 264 
2 507 464 
2 508 440 
2 513 470 
2 514 471 
2 519 476 
2 539 477 
2 540 478 
3 541 497 390 
2 498 496 
2 499 497 
2 500 498 
2 501 499 
3 588 395 500 
2 589 342 
2 546 445 
2 547 446 
2 529 487 
2 530 488 
2 531 489 
2 532 490 
2 533 466 
2 561 467 
2 562 468 
2 563 469 
2 536 491 
2 727 492 
2 635 472 
2 636 473 
2 637 474 
2 565 475 
2 566 493 
2 567 269 
3 522 483 595 
3 548 523 521 
2 524 522 
2 525 523 
2 526 524 
2 527 525 
2 528 526 
3 554 486 527 
2 555 505 
2 556 506 
2 557 507 
2 574 508 
2 575 509 
2 576 441 
2 577 442 
3 578 537 513 
2 538 536 
3 579 443 537 
2 581 494 
2 582 495 
2 583 496 
2 590 479 
2 591 480 
2 592 481 
2 593 482 
2 594 503 
2 568 504 
3 549 522 569 
2 550 548 
2 551 549 
2 552 550 
2 553 551 
3 554 552 569 
4 604 455 528 553 
2 570 529 
2 571 530 
2 572 531 
3 573 559 464 
3 630 465 558 
2 631 465 
2 719 510 
2 720 511 
2 721 512 
2 722 423 
2 580 518 
3 567 519 638 
3 676 520 566 
2 595 547 
3 553 548 597 
2 645 555 
2 647 556 
3 609 649 557 
2 610 558 
2 611 532 
2 612 533 
2 613 534 
2 651 535 
2 614 536 
2 615 538 
2 616 565 
3 582 539 676 
3 583 540 581 
3 584 541 582 
2 585 583 
2 586 584 
2 587 585 
2 588 586 
3 639 501 587 
2 640 502 
2 641 542 
2 642 543 
2 697 544 
2 698 545 
3 595 546 698 
4 596 521 568 594 
2 597 595 
4 617 598 569 596 
2 599 597 
2 600 598 
2 601 599 
2 602 600 
2 603 601 
4 643 604 602 623 
4 624 460 554 603 
2 624 461 
2 705 237 
3 626 627 488 
2 627 316 
2 628 572 
2 629 573 
2 717 574 
2 718 575 
2 632 576 
2 633 578 
2 634 579 
2 638 580 
3 660 618 597 
2 619 617 
2 620 618 
3 621 619 662 
2 622 620 
2 623 621 
3 603 622 683 
3 644 605 604 
2 706 353 
2 818 607 
3 648 608 607 
2 712 609 
2 669 610 
2 670 559 
2 671 560 
2 650 613 
2 652 614 
2 653 615 
2 654 515 
2 673 516 
2 674 517 
3 655 566 616 
2 656 588 
2 657 589 
2 658 590 
2 659 591 
2 663 603 
2 664 624 
2 665 570 
2 708 463 
2 666 571 
2 819 627 
3 903 713 572 
2 723 632 
2 724 577 
2 725 633 
3 726 634 693 
2 672 635 
3 675 638 674 
3 694 639 748 
2 694 640 
2 695 641 
2 696 642 
3 661 617 677 
2 662 660 
3 681 620 661 
3 684 643 816 
2 686 644 
2 687 645 
2 688 647 
2 689 329 
2 690 330 
2 691 629 
2 715 630 
2 692 631 
2 728 654 
3 729 674 636 
4 675 655 637 673 
3 676 655 674 
4 581 567 675 731 
3 678 660 699 
2 679 677 
2 680 678 
2 681 679 
4 704 682 662 680 
2 683 681 
3 623 682 741 
3 817 685 663 
2 686 684 
3 869 664 685 
2 707 665 
2 709 666 
2 710 667 
2 711 668 
3 714 669 713 
2 716 671 
2 653 744 
3 732 657 656 
2 733 658 
2 734 659 
2 735 592 
4 699 594 593 735 
3 700 677 698 
2 701 699 
2 702 700 
2 703 701 
2 704 702 
3 741 681 703 
2 870 606 
2 871 625 
2 836 687 
2 837 646 
2 838 688 
2 782 689 
2 783 690 
2 742 628 
3 904 691 649 
2 797 691 
2 798 670 
2 799 692 
2 800 611 
2 801 612 
2 764 561 
2 743 562 
2 754 563 
2 755 564 
2 765 650 
2 766 651 
2 744 652 
2 745 653 
3 728 514 745 
3 729 672 727 
3 730 673 728 
2 731 729 
3 748 676 730 
3 832 694 772 
2 791 695 
2 773 696 
5 774 760 736 698 697 
2 737 735 
2 738 736 
2 739 737 
3 749 740 738 
2 741 739 
4 751 683 704 740 
2 752 712 
2 753 720 
3 756 693 725 
4 757 746 727 726 
2 747 745 
2 748 746 
4 656 731 747 759 
3 761 750 739 
2 751 749 
4 762 741 750 780 
2 763 742 
2 785 743 
2 786 721 
2 787 722 
3 767 757 744 
3 758 745 756 
2 759 757 
3 771 748 758 
4 761 735 778 779 
3 780 749 760 
2 781 751 
2 784 752 
2 802 719 
3 766 723 874 
3 767 724 765 
4 788 768 756 766 
2 769 767 
2 770 768 
2 771 769 
3 772 759 770 
3 790 732 771 
2 833 734 
3 775 735 854 
2 776 774 
2 777 775 
2 778 776 
3 760 777 834 
2 760 855 
3 792 751 761 
2 793 762 
2 794 710 
2 795 711 
2 796 763 
2 847 753 
2 848 754 
2 803 755 
3 804 789 767 
2 790 788 
3 826 772 789 
2 805 733 
2 806 780 
2 807 781 
2 808 782 
2 809 783 
2 810 784 
2 811 714 
2 842 715 
2 843 716 
2 844 717 
2 845 718 
2 846 764 
2 812 787 
2 813 788 
2 814 791 
2 883 792 
2 815 793 
2 820 794 
2 821 795 
2 822 796 
2 823 797 
2 824 803 
2 825 804 
2 867 805 
2 835 807 
3 817 663 856 
3 885 684 816 
3 819 626 859 
3 1113 648 818 
2 923 808 
2 924 809 
2 840 810 
2 841 811 
2 849 812 
2 850 813 
3 851 827 790 
2 828 826 
2 829 827 
2 830 828 
2 831 829 
3 852 832 830 
3 853 732 831 
2 854 773 
2 778 854 
2 856 815 
2 857 707 
2 858 708 
2 859 709 
2 860 135 
2 861 822 
2 889 823 
2 890 798 
2 905 799 
2 906 800 
2 907 801 
2 908 802 
2 909 785 
2 910 786 
2 862 824 
2 863 825 
2 864 826 
2 865 831 
2 866 832 
4 834 774 833 867 
2 779 882 
3 868 816 835 
2 997 836 
2 998 837 
3 818 838 1013 
2 872 839 
2 873 840 
2 874 849 
2 875 850 
2 876 851 
2 880 852 
2 881 853 
3 854 814 881 
2 884 856 
3 870 686 885 
3 886 705 869 
2 886 706 
2 887 860 
2 888 861 
3 891 765 862 
2 892 863 
3 877 864 916 
2 878 876 
2 879 877 
3 893 880 878 
3 894 865 879 
3 867 866 917 
3 896 855 895 
2 899 806 
2 900 868 
3 901 869 817 
3 902 871 870 
2 999 872 
2 976 873 
2 1090 841 
2 978 842 
3 892 874 910 
3 916 875 891 
3 894 879 931 
3 917 880 893 
2 882 918 
3 897 882 933 
2 898 896 
3 899 897 1059 
3 919 883 898 
2 920 884 
2 921 885 
2 922 886 
2 925 649 
2 926 713 
2 927 843 
2 962 844 
2 979 845 
2 1005 846 
2 980 847 
5 928 911 891 848 980 
2 912 910 
2 913 911 
2 914 912 
2 915 913 
2 916 914 
4 930 876 892 915 
3 881 894 1008 
2 895 932 
2 934 899 
2 935 900 
2 936 901 
2 937 902 
2 938 820 
2 939 821 
2 940 903 
2 941 904 
2 942 905 
3 943 929 910 
2 930 928 
3 931 916 929 
3 950 893 930 
2 918 1023 
2 896 1040 
2 951 919 
2 952 920 
2 953 921 
2 956 922 
2 957 923 
2 958 924 
2 959 925 
2 960 926 
2 961 927 
3 944 928 963 
2 945 943 
2 946 944 
2 947 945 
2 948 946 
2 949 947 
2 950 948 
3 971 931 949 
2 972 934 
2 973 935 
4 993 954 936 992 
2 955 953 
2 956 954 
3 997 937 955 
2 974 938 
2 975 939 
2 1001 940 
2 977 941 
2 1016 942 
2 1017 906 
3 964 943 980 
3 981 965 963 
2 966 964 
2 967 965 
2 968 966 
2 969 967 
2 970 968 
2 971 969 
3 988 950 970 
3 989 951 1059 
2 990 952 
3 1113 975 957 
3 1087 958 974 
2 1000 888 
2 1002 960 
2 1003 890 
2 1004 907 
4 1006 963 910 909 
3 1018 982 964 
3 1019 983 981 
3 1020 984 982 
4 1021 1022 985 983 
2 986 984 
2 987 985 
3 988 986 1007 
3 1008 971 987 
3 1009 972 1073 
3 991 973 1009 
2 992 990 
3 1012 953 991 
3 1027 994 953 
2 995 993 
2 996 994 
2 997 995 
4 1048 857 956 996 
2 1013 858 
2 1014 887 
2 1061 976 
2 1062 959 
2 1089 977 
2 1015 978 
2 1031 979 
3 1006 908 1051 
3 1032 980 1005 
2 987 1022 
3 917 988 1038 
4 1010 990 989 1024 
2 1011 1009 
2 1012 1010 
4 1043 992 1011 1026 
3 1028 859 998 
2 1029 999 
2 1030 1003 
2 1092 961 
2 1093 962 
2 1035 981 
2 1056 982 
2 1057 983 
2 1058 984 
3 1036 1007 984 
2 932 1039 
3 1025 1009 1086 
2 1026 1024 
3 1041 1012 1025 
2 1043 993 
2 1048 1013 
2 1049 1014 
2 1050 1015 
2 1051 1004 
3 1052 1033 1006 
2 1034 1032 
2 1035 1033 
3 1055 1018 1034 
3 1080 1037 1022 
2 1038 1036 
3 1039 1008 1037 
3 1040 1023 1038 
3 933 1039 1065 
3 1042 1026 1165 
2 1043 1041 
4 1044 1027 1012 1042 
2 1045 1043 
2 1046 1044 
2 1047 1045 
2 1048 1046 
4 1141 1028 997 1047 
2 1060 1029 
2 1063 1030 
3 1064 1005 1031 
3 1053 1032 1079 
2 1054 1052 
2 1055 1053 
3 1094 1035 1054 
2 1095 1019 
2 1096 1020 
2 1097 1021 
3 972 898 1068 
2 1074 1049 
2 1075 1000 
2 1076 1001 
2 1077 1050 
2 1078 1051 
3 1066 1040 1081 
2 1067 1065 
2 1068 1066 
3 1069 1059 1067 
2 1070 1068 
2 1071 1069 
2 1072 1070 
2 1073 1071 
3 1086 989 1072 
2 1087 1060 
3 1088 1076 1061 
3 1089 1062 1075 
2 1091 1063 
3 1079 1064 1093 
3 1110 1052 1078 
3 1081 1036 1097 
3 1082 1065 1080 
2 1083 1081 
3 1084 1082 1098 
2 1085 1083 
2 1086 1084 
4 1106 1024 1073 1085 
3 1107 1074 975 
2 1108 1075 
3 1116 1002 1076 
2 1109 889 
3 1092 1077 1116 
3 1093 1016 1091 
4 1120 1078 1017 1092 
2 1110 1055 
2 1111 1056 
2 1122 1057 
3 1134 1080 1058 
3 1099 1083 1112 
2 1100 1098 
2 1101 1099 
2 1102 1100 
2 1103 1101 
2 1104 1102 
2 1105 1103 
2 1106 1104 
3 1163 1086 1105 
2 1114 1087 
2 1115 1088 
2 1116 1090 
4 1122 1111 1094 1079 
3 1122 1095 1110 
3 1123 1098 1134 
3 1124 974 819 
2 1125 1107 
3 1126 1116 1108 
5 1117 1091 1109 1089 1115 
2 1118 1116 
2 1119 1117 
2 1120 1118 
3 1121 1093 1119 
2 1122 1120 
5 1134 1096 1111 1110 1121 
2 1140 1112 
2 1141 1113 
2 1142 1114 
3 1143 1127 1115 
2 1128 1126 
2 1129 1127 
2 1130 1128 
2 1131 1129 
2 1132 1130 
2 1133 1131 
3 1134 1132 1149 
5 1135 1112 1097 1122 1133 
2 1136 1134 
2 1137 1135 
2 1138 1136 
2 1139 1137 
2 1140 1138 
3 1150 1123 1139 
3 1167 1124 1048 
2 1168 1125 
4 1197 1169 1144 1126 
2 1145 1143 
2 1146 1144 
2 1147 1145 
2 1148 1146 
2 1149 1147 
3 1171 1133 1148 
3 1175 1151 1140 
2 1152 1150 
2 1153 1151 
2 1154 1152 
2 1155 1153 
2 1156 1154 
2 1157 1155 
2 1158 1156 
2 1159 1157 
2 1160 1158 
2 1161 1159 
2 1162 1160 
2 1163 1161 
3 1164 1106 1162 
2 1165 1163 
3 1166 1041 1164 
2 1167 1165 
3 1176 1141 1166 
2 1235 1142 
3 1177 1170 1143 
2 1171 1169 
3 1172 1149 1170 
2 1173 1171 
2 1174 1172 
2 1175 1173 
3 1186 1150 1174 
2 1196 1167 
3 1197 1178 1169 
2 1179 1177 
2 1180 1178 
2 1181 1179 
2 1182 1180 
2 1183 1181 
2 1184 1182 
2 1185 1183 
2 1186 1184 
3 1187 1175 1185 
2 1188 1186 
2 1189 1187 
2 1190 1188 
2 1191 1189 
2 1192 1190 
2 1193 1191 
2 1194 1192 
2 1195 1193 
2 1196 1194 
3 1235 1176 1195 
3 1198 1177 1143 
2 1199 1197 
2 1200 1198 
2 1201 1199 
2 1202 1200 
2 1203 1201 
2 1204 1202 
2 1205 1203 
2 1206 1204 
2 1207 1205 
2 1208 1206 
2 1209 1207 
2 1210 1208 
2 1211 1209 
2 1212 1210 
2 1213 1211 
2 1214 1212 
2 1215 1213 
2 1216 1214 
2 1217 1215 
2 1218 1216 
2 1219 1217 
2 1220 1218 
2 1221 1219 
2 1222 1220 
2 1223 1221 
2 1224 1222 
2 1225 1223 
2 1226 1224 
2 1227 1225 
2 1228 1226 
2 1229 1227 
2 1230 1228 
2 1231 1229 
2 1232 1230 
2 1233 1231 
2 1234 1232 
2 1235 1233 
3 1168 1196 1234 
