1000
0 84 746
1 110 7756
2 110 13370
3 122 13730
4 132 90
5 166 8248
6 192 196
7 194 1990
8 196 9684
9 210 2184
10 266 1700
11 270 1832
12 276 6852
13 280 11110
14 288 10438
15 292 6514
16 320 7874
17 334 13734
18 338 6622
19 348 7850
20 400 1850
21 402 1044
22 436 3208
23 444 4124
24 446 4272
25 454 588
26 508 2952
27 590 10210
28 594 10402
29 604 5378
30 616 13626
31 620 1204
32 650 5354
33 728 12728
34 734 12624
35 768 11996
36 802 6726
37 816 9846
38 828 12380
39 842 3626
40 850 6516
41 886 6860
42 898 5282
43 924 7098
44 928 4320
45 948 8688
46 974 4888
47 988 7254
48 1000 8372
49 1012 1992
50 1038 3468
51 1076 5020
52 1078 3396
53 1102 7710
54 1164 4170
55 1180 13188
56 1234 8206
57 1278 9364
58 1304 11542
59 1306 3402
60 1312 6812
61 1334 1970
62 1346 1228
63 1368 1208
64 1386 3430
65 1394 7232
66 1408 9184
67 1432 2180
68 1466 344
69 1466 6348
70 1468 5516
71 1480 3866
72 1494 11286
73 1500 7128
74 1500 7638
75 1504 12104
76 1558 6468
77 1574 7458
78 1578 13120
79 1582 6440
80 1590 4472
81 1672 13302
82 1692 5344
83 1698 6648
84 1750 10022
85 1754 10398
86 1844 10762
87 1856 4210
88 1860 11818
89 1894 2632
90 1926 8670
91 1944 10816
92 1952 3546
93 1996 11680
94 2080 3516
95 2138 1694
96 2138 4380
97 2138 5416
98 2166 2016
99 2170 7736
100 2170 10084
101 2208 3222
102 2262 3228
103 2308 3600
104 2338 2336
105 2340 2296
106 2354 5328
107 2382 12066
108 2402 11158
109 2470 12094
110 2476 11460
111 2478 634
112 2498 7188
113 2498 10664
114 2514 2580
115 2552 628
116 2556 9034
117 2556 9590
118 2582 6082
119 2682 4508
120 2698 3194
121 2704 4346
122 2706 11594
123 2740 7618
124 2744 2758
125 2750 9948
126 2780 8550
127 2794 1928
128 2808 3586
129 2828 8582
130 2832 7584
131 2850 10578
132 2864 7976
133 2898 9238
134 2904 1154
135 2918 11554
136 2950 11560
137 2988 7898
138 3004 6760
139 3030 8416
140 3036 13694
141 3038 2070
142 3068 4856
143 3086 7532
144 3140 9938
145 3146 3168
146 3290 9562
147 3298 10468
148 3306 11590
149 3306 13978
150 3324 9540
151 3344 3420
152 3346 3276
153 3380 6008
154 3384 10320
155 3426 2826
156 3440 11564
157 3442 12626
158 3448 10640
159 3458 8338
160 3478 12930
161 3500 3720
162 3502 8542
163 3514 10402
164 3516 6580
165 3564 960
166 3564 1088
167 3572 5036
168 3574 4052
169 3594 900
170 3610 10492
171 3614 7802
172 3618 8268
173 3642 6292
174 3652 5502
175 3656 5478
176 3658 8400
177 3666 10418
178 3668 4934
179 3690 6040
180 3700 6800
181 3728 1966
182 3734 5472
183 3770 8078
184 3820 4204
185 3832 4978
186 3838 11234
187 3852 9028
188 3884 9032
189 3894 348
190 3932 278
191 3938 958
192 3970 12238
193 4002 7810
194 4090 10454
195 4092 3754
196 4092 13888
197 4226 7540
198 4228 5056
199 4244 5928
200 4256 12816
201 4266 3128
202 4266 6192
203 4270 1492
204 4272 6490
205 4274 5356
206 4274 8010
207 4278 11912
208 4286 3616
209 4318 13904
210 4328 10960
211 4348 1036
212 4352 3016
213 4390 1768
214 4396 7580
215 4416 7430
216 4436 4740
217 4470 6032
218 4472 9088
219 4500 4918
220 4572 1644
221 4598 9460
222 4616 13258
223 4616 13900
224 4618 12430
225 4632 896
226 4634 13272
227 4650 11128
228 4686 10854
229 4704 12846
230 4706 2692
231 4718 8642
232 4718 9230
233 4738 6570
234 4738 10876
235 4744 4054
236 4802 11438
237 4806 11508
238 4814 6780
239 4818 11598
240 4820 2250
241 4826 8724
242 4826 13276
243 4828 4368
244 4838 5680
245 4848 800
246 4856 12532
247 4870 13114
248 4874 3512
249 4880 126
250 4882 8926
251 4890 13432
252 4938 3880
253 4962 5080
254 5046 5890
255 5076 6786
256 5094 9666
257 5094 13802
258 5146 5070
259 5166 2752
260 5184 4106
261 5216 13394
262 5220 1250
263 5220 12036
264 5232 13706
265 5254 8422
266 5270 11782
267 5304 11112
268 5348 3254
269 5350 7708
270 5380 7102
271 5384 12552
272 5406 7080
273 5452 1052
274 5456 5990
275 5458 6574
276 5470 4962
277 5492 9914
278 5494 8372
279 5506 9692
280 5520 11854
281 5566 2018
282 5622 10138
283 5634 2962
284 5636 9890
285 5686 13620
286 5738 6236
287 5750 2552
288 5754 3290
289 5784 5064
290 5800 5110
291 5806 1686
292 5808 758
293 5826 9744
294 5840 9406
295 5872 13038
296 5892 11418
297 5902 692
298 5910 11546
299 5928 9346
300 5960 3064
301 5962 10622
302 6006 2312
303 6076 3106
304 6096 11668
305 6162 6926
306 6168 11414
307 6224 3568
308 6236 436
309 6240 7132
310 6260 5118
311 6260 9318
312 6282 9798
313 6290 2144
314 6338 12382
315 6348 11908
316 6370 12426
317 6402 3918
318 6412 12998
319 6428 6156
320 6430 3824
321 6480 11280
322 6508 5760
323 6512 4378
324 6516 4964
325 6518 12646
326 6590 4568
327 6606 9034
328 6624 7572
329 6670 1754
330 6692 8286
331 6694 9520
332 6702 11178
333 6718 6392
334 6718 6418
335 6720 7384
336 6728 4674
337 6748 7686
338 6776 7276
339 6814 5574
340 6816 1566
341 6832 9324
342 6862 2436
343 6882 5734
344 6886 5182
345 6894 4182
346 6918 1478
347 6918 8480
348 6952 6116
349 6954 7570
350 6954 12364
351 6958 7650
352 6982 7974
353 6998 310
354 7012 2240
355 7030 10580
356 7078 9524
357 7108 1106
358 7156 11188
359 7200 12122
360 7216 8824
361 7226 4866
362 7244 4222
363 7276 11418
364 7298 10926
365 7302 7592
366 7316 12402
367 7332 10248
368 7356 6464
369 7408 11902
370 7438 9348
371 7510 4882
372 7514 2808
373 7520 12600
374 7574 9236
375 7576 9214
376 7580 12910
377 7632 7860
378 7648 11086
379 7652 1004
380 7690 2574
381 7700 5298
382 7706 12486
383 7730 8980
384 7740 7558
385 7748 5726
386 7762 7136
387 7918 382
388 7986 2886
389 7994 6702
390 8048 198
391 8056 6716
392 8136 3250
393 8138 7246
394 8140 1396
395 8142 4898
396 8150 3002
397 8156 5828
398 8158 5096
399 8184 744
400 8184 13942
401 8208 13930
402 8232 1438
403 8236 10984
404 8242 2602
405 8242 4714
406 8248 4348
407 8248 13256
408 8250 3462
409 8250 12728
410 8254 5146
411 8270 10864
412 8366 8194
413 8390 13940
414 8428 9616
415 8504 7910
416 8542 9624
417 8562 7144
418 8626 10664
419 8652 7406
420 8652 11942
421 8678 9404
422 8684 13200
423 8700 11654
424 8702 5738
425 8736 7260
426 8784 1428
427 8820 1528
428 8826 6770
429 8842 2042
430 8856 8988
431 8870 2252
432 8878 2974
433 8900 886
434 8902 6562
435 8914 6974
436 8934 6494
437 8936 4958
438 8956 10140
439 8970 13330
440 8988 13090
441 9022 6702
442 9056 11384
443 9062 7244
444 9074 12480
445 9080 13212
446 9092 13146
447 9096 11986
448 9110 11676
449 9110 11982
450 9116 3462
451 9152 1874
452 9152 13494
453 9166 5546
454 9226 960
455 9228 706
456 9232 1648
457 9354 12638
458 9408 12636
459 9458 4932
460 9496 2672
461 9500 11018
462 9520 6576
463 9528 13222
464 9574 10388
465 9618 2728
466 9638 6416
467 9640 6762
468 9642 9542
469 9660 5432
470 9660 6946
471 9672 3416
472 9696 12984
473 9710 12578
474 9736 12116
475 9738 5056
476 9742 8004
477 9774 1674
478 9776 8788
479 9778 10406
480 9814 10308
481 9830 9756
482 9832 11132
483 9840 6376
484 9904 6748
485 9938 1140
486 9946 11632
487 10028 11190
488 10064 5794
489 10070 3136
490 10086 1990
491 10098 9678
492 10102 2948
493 10116 862
494 10116 3400
495 10120 6926
496 10142 6530
497 10212 452
498 10216 4754
499 10222 2378
500 10246 5648
501 10304 5306
502 10314 12758
503 10344 104
504 10346 8268
505 10370 2862
506 10410 5962
507 10412 11376
508 10418 11880
509 10506 11544
510 10516 3674
511 10540 12838
512 10588 11838
513 10614 1990
514 10708 1546
515 10758 12050
516 10766 13070
517 10784 3610
518 10786 2206
519 10806 2234
520 10818 8498
521 10842 4866
522 10882 6234
523 10944 4108
524 10948 9946
525 11024 1258
526 11048 5512
527 11056 9602
528 11082 990
529 11084 8302
530 11092 1244
531 11138 9882
532 11142 5572
533 11200 3218
534 11214 13866
535 11238 8916
536 11256 5950
537 11298 3844
538 11298 5136
539 11330 7828
540 11344 12652
541 11348 8732
542 11412 7090
543 11448 12184
544 11452 2132
545 11452 12718
546 11466 7438
547 11482 2164
548 11488 2056
549 11522 4674
550 11522 6054
551 11550 9196
552 11568 6410
553 11604 11408
554 11618 12762
555 11636 5858
556 11722 7622
557 11724 7544
558 11768 1350
559 11770 1330
560 11808 7684
561 11840 2118
562 11876 7924
563 11884 2654
564 11900 10154
565 11900 12494
566 11982 12264
567 12022 13274
568 12054 7966
569 12062 11940
570 12080 10232
571 12086 5022
572 12100 7202
573 12106 2400
574 12112 2478
575 12116 2030
576 12118 9018
577 12130 2244
578 12134 7522
579 12180 6696
580 12246 2338
581 12286 7526
582 12302 7138
583 12448 360
584 12454 206
585 12458 468
586 12470 9504
587 12544 10616
588 12554 6078
589 12566 2702
590 12568 3118
591 12640 8612
592 12648 1774
593 12648 3906
594 12708 3170
595 12710 220
596 12714 9594
597 12722 706
598 12744 3966
599 12798 5432
600 12818 7742
601 12822 7234
602 12848 5674
603 12848 9132
604 12856 11374
605 12916 4458
606 12916 12218
607 12926 4768
608 12970 2922
609 12976 12720
610 13006 10928
611 13040 5948
612 13056 13378
613 13070 12334
614 13076 9918
615 13098 11014
616 13126 8280
617 13144 6770
618 13150 4534
619 13168 2692
620 13222 10890
621 13244 11392
622 13248 1028
623 13282 10136
624 13284 12310
625 13296 10314
626 13300 10346
627 13344 7124
628 13364 2254
629 13366 5958
630 13402 10634
631 13404 1044
632 13408 1756
633 13418 5004
634 13424 2718
635 13426 1888
636 13448 2116
637 13462 1158
638 13482 7330
639 13504 7038
640 13510 10986
641 13528 7008
642 13538 12410
643 13578 13164
644 13592 2378
645 13594 8626
646 13618 10916
647 13626 11480
648 13628 9766
649 13632 4496
650 13684 4898
651 13714 3794
652 13754 1706
653 13760 10154
654 13790 706
655 13790 13676
656 13796 1334
657 13814 2472
658 13818 8188
659 13818 11296
660 13824 9942
661 13830 9010
662 13842 1758
663 13842 12834
664 13858 2064
665 13860 1394
666 13876 11748
667 13888 12748
668 13920 13594
669 13944 13894
670 13994 12156
671 14000 5836
672 14002 11288
673 14056 12438
674 14080 5338
675 14086 5624
676 14102 8314
677 14124 8944
678 14126 12538
679 14132 3014
680 14142 13458
681 14190 772
682 14222 3534
683 14224 12360
684 14234 8046
685 14234 9296
686 14308 3064
687 14312 7644
688 14318 5216
689 14338 6366
690 14372 6218
691 14444 8884
692 14448 12546
693 14496 11268
694 14532 13188
695 14534 1332
696 14546 12180
697 14574 12610
698 14578 7588
699 14582 7484
700 14602 7956
701 14664 10530
702 14666 5250
703 14692 10838
704 14696 6994
705 14736 2240
706 14778 9334
707 14804 13226
708 14808 1968
709 14858 10126
710 14860 9326
711 14864 10146
712 14872 9692
713 14976 4492
714 14992 2766
715 15000 1324
716 15030 12642
717 15110 950
718 15110 2966
719 15118 11512
720 15138 12260
721 15160 10220
722 15166 2422
723 15172 1682
724 15190 6818
725 15190 12630
726 15202 2080
727 15234 1604
728 15238 4954
729 15248 11086
730 15262 9240
731 15262 11588
732 15264 12752
733 15296 8526
734 15306 12530
735 15390 438
736 15400 11896
737 15414 13420
738 15434 6948
739 15438 7372
740 15466 10118
741 15490 8470
742 15494 7666
743 15506 7986
744 15506 12904
745 15552 10090
746 15574 1536
747 15580 10794
748 15604 5818
749 15608 10268
750 15640 5684
751 15670 3612
752 15680 7514
753 15686 7794
754 15724 9244
755 15740 9712
756 15742 8248
757 15804 1150
758 15840 10998
759 15900 13706
760 15922 2840
761 15928 4126
762 15954 9110
763 15978 12088
764 15982 5056
765 16000 6628
766 16014 10662
767 16034 7288
768 16036 2080
769 16040 11732
770 16098 10670
771 16116 12074
772 16136 9378
773 16176 4234
774 16242 9006
775 16306 8484
776 16320 11668
777 16336 6474
778 16342 1206
779 16364 7662
780 16368 10046
781 16390 442
782 16402 3206
783 16512 8828
784 16522 3292
785 16554 7698
786 16558 6588
787 16558 9560
788 16560 11166
789 16590 4656
790 16592 4954
791 16610 12196
792 16616 12830
793 16634 420
794 16642 10732
795 16646 12996
796 16660 2202
797 16668 12290
798 16722 4766
799 16746 4290
800 16752 6024
801 16754 13882
802 16830 10276
803 16868 9730
804 16870 6684
805 16876 1026
806 16906 10860
807 16916 8684
808 16954 9324
809 16972 12492
810 16974 2052
811 17028 1050
812 17036 7794
813 17056 8494
814 17124 12564
815 17154 8658
816 17156 5814
817 17156 5938
818 17158 3020
819 17170 4602
820 17180 2460
821 17222 7806
822 17240 7386
823 17242 9474
824 17258 5824
825 17260 8606
826 17274 5978
827 17322 1648
828 17324 3498
829 17330 1724
830 17366 8144
831 17380 2624
832 17384 7876
833 17390 10772
834 17404 7182
835 17408 2584
836 17450 148
837 17510 11066
838 17512 11804
839 17548 2164
840 17550 12988
841 17558 8496
842 17562 4904
843 17602 226
844 17606 7140
845 17632 8260
846 17680 6526
847 17694 12720
848 17714 5696
849 17722 12636
850 17742 1880
851 17762 1334
852 17790 6312
853 17822 8832
854 17842 7984
855 17862 7758
856 17876 9162
857 17924 2166
858 17936 3160
859 17944 7060
860 17950 13898
861 17958 13176
862 17984 9674
863 17986 12214
864 17994 12530
865 18012 6444
866 18014 11420
867 18022 9460
868 18054 8526
869 18088 12178
870 18092 6122
871 18098 7462
872 18168 12738
873 18198 4944
874 18200 226
875 18200 446
876 18292 5724
877 18316 10866
878 18316 10868
879 18322 230
880 18336 4506
881 18338 10164
882 18352 11074
883 18356 6624
884 18382 7202
885 18384 12576
886 18400 5834
887 18422 9946
888 18466 6922
889 18488 5392
890 18508 4632
891 18526 1742
892 18526 5366
893 18528 8234
894 18558 6898
895 18578 7416
896 18582 146
897 18606 2260
898 18622 9496
899 18628 11126
900 18630 10788
901 18680 7064
902 18696 5382
903 18728 6984
904 18752 1470
905 18782 13342
906 18784 5714
907 18784 6916
908 18786 2736
909 18798 13326
910 18802 13626
911 18812 11092
912 18836 8750
913 18862 13504
914 18894 11122
915 18930 9536
916 18932 9342
917 18978 11130
918 19012 150
919 19012 5888
920 19032 2316
921 19042 7398
922 19044 1724
923 19094 9590
924 19096 12608
925 19108 10254
926 19112 5332
927 19142 12708
928 19202 2680
929 19206 10464
930 19246 5102
931 19250 13050
932 19258 11470
933 19288 11256
934 19302 7710
935 19306 6246
936 19306 7038
937 19318 11800
938 19348 12596
939 19350 2536
940 19358 6482
941 19364 8422
942 19372 9172
943 19378 8746
944 19388 5524
945 19436 1038
946 19436 7012
947 19442 2820
948 19442 5184
949 19470 5666
950 19486 8788
951 19552 9276
952 19560 1164
953 19600 8704
954 19610 13216
955 19656 11304
956 19666 5258
957 19682 7074
958 19706 10798
959 19708 11096
960 19710 13064
961 19718 13368
962 19724 4320
963 19728 12176
964 19758 12738
965 19788 9258
966 19878 5032
967 19906 1744
968 19930 2748
969 19940 4424
970 19976 11846
971 19994 7034
972 20016 8204
973 20018 10386
974 20024 13462
975 20026 9576
976 20030 4822
977 20042 12608
978 20078 4792
979 20108 8842
980 20160 13812
981 20168 9126
982 20186 8218
983 20188 12106
984 20194 7450
985 20220 3018
986 20234 5742
987 20238 7012
988 20356 6296
989 20362 7004
990 20364 638
991 20364 9588
992 20368 1304
993 20368 2364
994 20370 12062
995 20372 2540
996 20372 11936
997 20374 4238
998 20374 10640
999 20382 9732
5 7 1 2 4 6 
5 16 5 2 0 12 
4 3 0 1 8 
4 17 149 2 13 
4 503 249 6 0 
4 45 27 8 1 
5 68 63 25 0 4 
3 9 0 10 
3 14 2 5 
3 15 7 11 
3 11 7 21 
3 20 9 10 
4 43 1 15 18 
3 35 3 14 
3 13 8 28 
3 12 9 24 
4 56 48 1 19 
4 196 3 30 140 
3 36 12 29 
3 16 47 53 
4 22 23 11 21 
3 20 10 25 
3 23 20 26 
3 24 20 22 
3 15 23 39 
4 62 31 21 6 
3 39 22 31 
3 28 5 37 
3 14 27 85 
3 18 39 32 
4 17 33 55 81 
3 49 26 25 
3 29 44 42 
3 55 30 34 
3 33 35 38 
4 38 34 13 58 
3 41 18 40 
3 27 45 57 
3 34 35 75 
4 29 24 26 50 
3 36 42 69 
3 43 36 60 
3 40 32 46 
3 47 12 41 
4 46 32 50 54 
3 37 5 48 
3 51 42 44 
3 19 43 65 
4 90 66 45 16 
4 67 52 31 61 
3 44 39 52 
4 70 69 46 54 
3 59 50 49 
3 19 65 74 
3 51 44 64 
4 81 30 33 78 
3 126 90 16 
3 84 37 66 
3 88 35 72 
3 64 52 101 
3 65 41 76 
3 104 49 62 
3 61 25 63 
4 95 98 62 6 
4 92 71 54 59 
4 53 47 60 73 
3 57 48 90 
3 114 89 49 
3 111 6 190 
3 76 40 51 
3 79 51 82 
3 87 80 64 
3 93 58 86 
3 77 65 83 
3 99 53 77 
3 38 88 107 
3 60 69 79 
4 130 74 73 112 
3 55 157 160 
3 83 76 70 
3 82 71 87 
3 30 55 226 
3 97 70 80 
3 112 73 79 
3 100 85 57 
3 86 28 84 
3 91 72 85 
4 96 80 71 92 
3 107 75 58 
3 120 101 67 
4 116 66 48 56 
3 108 86 113 
3 87 64 94 
3 109 72 110 
3 103 92 102 
3 98 63 134 
3 119 106 87 
3 118 82 106 
3 105 63 95 
3 132 74 123 
5 113 84 117 133 125 
3 102 59 89 
3 94 101 120 
3 121 94 128 
3 114 61 105 
3 104 98 127 
3 164 97 96 
3 109 75 88 
3 110 91 131 
3 157 107 93 
3 122 93 108 
3 134 68 115 
4 143 77 83 138 
3 91 100 131 
3 124 67 104 
3 169 111 189 
4 117 90 129 159 
3 100 116 133 
3 193 138 97 
3 142 96 121 
3 102 89 145 
3 119 103 128 
3 200 110 135 
3 137 99 130 
3 145 114 141 
4 154 100 146 144 
3 129 56 139 
3 141 105 166 
3 121 103 151 
3 116 126 159 
3 123 77 143 
3 108 113 147 
3 139 99 137 
3 100 117 162 
3 95 111 165 
3 136 122 158 
3 148 192 135 
3 132 123 171 
3 193 112 118 
3 126 132 183 
3 196 17 251 
3 124 127 166 
4 178 167 153 119 
3 171 130 112 
3 154 125 150 
3 152 120 124 
3 125 187 150 
3 158 131 163 
3 207 136 156 
4 3 209 400 860 
3 144 146 188 
3 161 128 152 
3 151 145 155 
3 173 164 142 
3 163 125 144 
3 152 166 181 
3 266 148 186 
4 222 160 78 109 
3 135 147 170 
3 116 129 172 
3 226 78 157 
3 195 168 151 
3 133 172 176 
3 177 147 154 
3 180 106 153 
3 166 134 169 
5 181 155 141 127 165 
4 175 174 142 185 
3 184 178 161 
3 191 165 115 
3 158 177 194 
3 193 137 143 
3 162 159 183 
3 180 153 179 
3 179 167 175 
3 174 167 182 
3 187 162 183 
3 170 163 221 
3 185 142 168 
3 204 173 174 
3 197 164 173 
3 201 155 166 
3 199 175 205 
4 176 172 139 193 
4 243 276 216 168 
3 198 167 178 
5 239 156 194 277 210 
3 188 146 176 
3 218 150 187 
3 191 115 190 
11 353 308 297 292 245 225 211 189 68 249 390 
3 203 169 189 
3 224 229 136 
5 206 183 171 138 118 
3 186 170 256 
3 235 161 208 
3 209 17 140 
3 214 206 180 
3 205 185 219 
3 217 202 182 
3 229 222 122 
3 208 181 212 
3 215 204 199 
3 220 213 191 
3 215 179 202 
3 244 182 198 
3 231 193 197 
3 263 224 148 
4 252 195 201 248 
3 149 196 223 
5 227 186 284 228 234 
3 220 190 225 
3 201 213 230 
3 240 212 203 
3 265 197 215 
4 214 204 202 238 
3 253 219 184 
3 233 199 254 
3 232 188 231 
3 244 198 216 
3 240 203 211 
3 256 177 232 
3 226 157 200 
3 401 209 257 
3 246 192 207 
4 262 211 190 245 
4 242 81 160 222 
4 298 236 237 210 
3 234 210 282 
4 247 200 192 246 
3 259 212 240 
3 241 218 206 
3 221 218 250 
3 255 238 217 
3 267 210 228 
3 260 243 195 
3 315 237 227 
3 239 227 236 
3 269 215 233 
3 266 186 237 
4 259 230 213 220 
3 250 231 265 
3 251 226 247 
3 289 184 235 
3 254 205 219 
3 273 225 190 
3 271 229 224 
3 242 229 295 
3 317 208 268 
4 836 390 190 4 
3 294 232 241 
3 140 242 261 
3 323 260 208 
3 254 216 258 
4 274 217 244 253 
3 270 233 275 
3 279 194 221 
3 223 264 452 
3 274 253 276 
3 283 230 240 
3 326 235 252 
3 264 251 318 
3 281 225 273 
3 314 207 280 
3 257 261 285 
3 241 214 278 
3 280 156 239 
3 296 234 301 
3 288 248 283 
3 278 238 270 
4 328 269 255 272 
3 325 246 316 
3 309 270 275 
3 262 245 292 
3 286 254 258 
3 272 255 286 
3 290 258 184 
3 186 279 284 
3 299 265 269 
3 277 256 294 
3 315 263 266 
3 287 262 291 
3 228 293 312 
4 300 268 259 287 
3 210 277 293 
3 264 376 407 
4 305 275 274 319 
3 283 281 302 
3 307 268 303 
3 310 290 243 
3 322 276 289 
3 302 281 297 
3 273 190 297 
3 282 284 311 
3 279 250 299 
3 247 325 318 
3 298 267 306 
5 379 357 291 292 190 
3 304 227 296 
3 294 278 311 
3 303 283 313 
3 332 267 312 
3 287 291 313 
4 307 288 300 342 
3 315 298 306 
3 309 286 319 
3 304 296 321 
3 320 288 303 
3 399 190 387 
4 335 272 305 319 
3 339 289 324 
3 293 299 327 
3 301 282 331 
3 300 302 329 
3 316 263 350 
4 350 280 236 304 
3 271 314 350 
3 345 248 320 
3 261 295 376 
4 309 305 286 322 
3 317 307 372 
3 359 306 332 
5 348 333 334 319 290 
3 326 252 345 
3 344 310 336 
3 295 271 373 
3 336 260 323 
3 341 311 330 
3 337 270 335 
3 354 313 340 
3 347 327 337 
3 355 312 341 
3 358 321 301 
3 368 334 322 
3 338 322 333 
3 328 309 338 
3 361 324 326 
3 330 328 351 
3 349 335 334 
3 343 310 344 
3 329 357 346 
3 356 331 327 
3 372 303 354 
3 348 339 385 
3 339 324 361 
3 362 323 317 
3 380 340 357 
3 356 330 352 
3 368 322 343 
3 365 351 338 
4 366 316 314 315 
3 352 337 349 
3 360 347 351 
3 583 387 190 
3 380 342 329 
3 364 358 331 
4 367 341 347 360 
4 394 346 340 297 
3 363 332 355 
3 366 321 369 
3 370 356 352 
3 371 344 336 
3 405 345 392 
4 369 358 364 378 
3 363 355 367 
3 377 349 386 
3 382 350 359 
3 364 356 370 
3 389 333 348 
3 420 359 363 
3 367 360 374 
3 395 381 361 
3 388 320 342 
3 409 325 382 
3 414 370 375 
3 374 377 383 
3 285 318 409 
3 375 365 384 
3 363 414 403 
3 394 297 454 
3 388 354 346 
3 385 371 398 
3 373 366 444 
3 375 417 412 
3 377 386 393 
3 397 343 381 
3 384 365 389 
3 497 308 353 
3 396 372 380 
3 391 386 368 
3 584 190 249 
3 393 389 397 
3 408 362 396 
3 384 391 417 
3 402 357 379 
3 398 371 405 
3 392 388 404 
4 391 385 410 424 
3 410 381 395 
3 433 308 455 
3 149 413 860 
3 413 223 534 
3 404 394 426 
3 423 378 411 
3 396 402 429 
5 395 362 406 450 510 
3 405 408 432 
3 285 440 422 
3 406 392 431 
3 376 373 457 
3 397 398 437 
3 403 416 418 
3 430 383 415 
3 400 401 669 
3 416 378 374 
3 412 419 443 
3 411 414 421 
3 383 393 428 
3 411 438 464 
3 415 428 425 
3 447 369 423 
3 438 416 430 
3 439 407 446 
3 420 403 442 
4 436 434 397 453 
3 419 441 435 
3 427 402 485 
3 456 429 426 
3 419 417 434 
3 431 404 427 
3 468 421 412 
3 408 429 451 
3 406 451 460 
3 454 399 493 
3 428 424 436 
3 443 425 441 
3 441 434 424 
3 410 517 459 
3 464 418 421 
3 452 422 445 
3 446 407 458 
4 435 425 436 462 
3 448 423 461 
3 415 435 467 
3 457 382 447 
3 452 439 446 
4 463 445 422 440 
3 444 420 449 
3 449 442 486 
3 474 447 448 
3 405 465 471 
4 460 432 431 456 
4 534 257 439 445 
3 424 475 469 
4 525 485 379 433 
3 493 399 497 
3 477 451 427 
3 409 444 458 
3 440 457 473 
3 475 437 517 
3 465 432 451 
3 482 442 479 
3 467 441 466 
3 534 446 472 
4 479 418 438 480 
3 492 450 460 
3 462 488 483 
4 470 443 462 484 
3 481 430 478 
3 453 521 501 
4 539 476 467 495 
3 450 489 494 
3 463 473 502 
3 472 458 474 
3 473 449 508 
3 453 459 498 
3 504 478 470 
3 490 456 514 
3 468 476 520 
3 461 464 524 
3 464 481 524 
4 480 468 535 491 
3 487 486 461 
3 496 466 506 
3 495 467 496 
3 525 426 454 
3 508 448 482 
3 507 482 587 
3 466 501 500 
3 494 471 492 
3 513 499 477 
3 481 551 527 
3 489 465 505 
3 528 433 455 
3 510 471 489 
3 546 470 484 
3 484 483 522 
3 585 455 387 
3 521 475 523 
3 505 490 519 
3 506 488 521 
3 488 469 521 
3 511 472 515 
2 896 4 
3 529 520 476 
3 533 492 499 
3 483 500 526 
3 553 509 487 
3 474 486 512 
3 569 512 507 
3 405 494 517 
4 516 502 540 545 
3 515 508 509 
3 518 490 514 
3 513 477 525 
3 543 502 512 
3 534 511 554 
4 459 437 510 533 
3 519 513 544 
3 563 499 518 
3 541 478 504 
5 500 501 469 498 549 
3 542 496 536 
3 498 533 537 
3 479 480 531 
4 514 485 454 530 
3 532 506 538 
4 531 491 603 586 
5 559 558 530 493 597 
3 591 504 539 
3 548 525 528 
3 564 524 527 
5 555 536 526 571 599 
5 537 523 517 505 590 
9 669 401 452 463 516 554 567 612 655 
3 551 481 541 
3 550 522 532 
3 593 523 533 
3 526 549 598 
3 562 529 470 
3 545 511 543 
3 576 535 520 
3 546 522 552 
3 566 540 515 
3 547 518 548 
3 554 511 540 
3 556 495 542 
3 590 563 544 
3 561 544 530 
3 538 521 598 
3 552 536 555 
3 491 535 576 
3 557 542 550 
3 569 507 604 
4 534 516 545 565 
4 588 579 550 532 
3 562 546 557 
3 560 556 552 
3 561 528 559 
4 575 558 528 622 
3 562 557 572 
4 573 574 548 558 
4 568 539 556 560 
3 590 519 547 
3 625 570 531 
3 554 566 613 
3 565 543 606 
3 534 624 609 
3 616 562 578 
3 606 509 553 
3 626 587 564 
3 532 605 607 
4 578 560 579 582 
3 574 561 577 
3 590 561 573 
3 577 559 592 
4 603 551 541 591 
3 580 573 575 
3 581 568 572 
4 601 582 572 555 
3 589 577 628 
3 600 578 601 
3 601 572 579 
3 735 353 595 
3 595 390 836 
5 654 715 597 497 735 
3 596 527 685 
3 610 487 570 
3 617 555 602 
3 590 580 619 
6 594 533 563 547 574 589 
3 645 576 529 
3 575 637 632 
3 598 537 594 
3 593 590 608 
3 843 583 584 
3 648 614 586 
4 631 622 528 585 
4 538 549 593 679 
3 602 532 633 
3 658 581 638 
4 581 582 579 627 
3 611 588 599 
3 527 576 661 
3 621 553 615 
3 618 571 651 
4 624 613 566 569 
3 633 571 618 
3 594 619 634 
3 567 624 642 
3 615 587 620 
3 629 641 602 
3 668 534 643 
3 565 606 624 
3 660 623 596 
3 659 604 610 
3 645 568 658 
3 639 627 588 
3 607 605 649 
3 608 589 644 
3 640 610 630 
3 647 604 659 
3 631 559 597 
3 653 625 614 
5 609 567 613 606 666 
3 626 564 623 
3 630 570 625 
3 638 601 617 
3 644 580 636 
3 689 611 671 
3 646 620 626 
4 695 637 622 597 
4 662 635 592 652 
3 599 607 650 
3 679 608 657 
3 664 636 632 
3 628 635 664 
3 656 592 631 
3 687 600 627 
3 687 617 641 
3 672 620 646 
3 699 639 611 
3 667 609 666 
3 694 612 663 
3 657 619 628 
3 677 591 616 
3 640 630 703 
4 719 666 621 693 
3 660 596 706 
3 650 618 682 
3 674 633 649 
3 605 686 682 
3 662 632 665 
3 701 623 711 
3 681 715 585 
3 759 534 668 
3 723 665 637 
3 714 634 644 
3 676 616 600 
3 621 615 672 
3 709 614 648 
3 685 603 677 
3 708 632 652 
5 643 667 678 697 716 
3 705 636 635 
3 708 652 656 
5 696 670 642 624 647 
3 663 642 673 
3 655 612 680 
3 413 534 801 
3 683 673 666 
3 689 629 675 
3 659 640 693 
3 678 667 670 
3 675 650 688 
3 690 671 674 
3 691 658 684 
3 661 645 691 
4 692 663 673 683 
3 686 598 634 
3 668 694 707 
3 717 654 781 
3 649 651 718 
3 678 670 696 
3 676 687 700 
3 706 586 661 
3 651 679 718 
4 684 638 639 698 
3 702 674 713 
5 724 704 629 671 690 
3 689 675 702 
3 730 677 676 
3 697 678 720 
3 647 672 729 
3 680 643 732 
3 746 727 631 
3 683 666 736 
3 663 692 734 
3 700 687 699 
3 698 641 704 
3 733 684 698 
3 703 653 721 
4 690 688 713 728 
4 646 701 749 747 
3 739 699 689 
3 722 664 726 
3 648 685 710 
3 737 680 744 
3 726 662 665 
3 711 660 712 
3 712 706 730 
3 721 653 709 
3 740 709 710 
3 702 688 751 
3 718 657 722 
3 746 585 654 
3 663 734 725 
3 757 681 793 
4 682 686 714 760 
3 731 647 788 
3 692 776 763 
3 701 711 740 
3 714 705 768 
3 768 656 727 
3 738 689 748 
3 732 716 809 
3 768 705 708 
3 723 695 746 
3 750 702 761 
3 693 747 758 
3 754 710 691 
3 769 736 719 
3 744 694 725 
5 762 700 743 756 741 
3 716 697 797 
3 781 585 583 
3 696 731 769 
4 910 759 707 795 
3 739 724 765 
3 742 704 738 
3 721 712 745 
3 775 733 812 
3 743 739 752 
3 733 742 753 
3 707 732 792 
3 749 740 755 
5 796 727 695 715 757 
3 729 703 766 
3 724 750 790 
3 766 703 745 
3 748 728 764 
3 713 760 782 
3 742 786 767 
3 743 767 779 
3 755 730 762 
3 745 754 772 
3 733 785 822 
3 778 746 717 
3 729 794 806 
3 801 655 737 
3 751 718 796 
3 773 728 784 
3 754 733 774 
3 720 866 771 
3 750 773 789 
3 738 800 777 
3 770 747 749 
3 753 752 804 
4 796 722 726 723 
3 736 731 776 
4 794 766 780 802 
3 791 763 838 
3 787 755 774 
3 799 764 761 
3 772 762 783 
4 813 807 783 741 
3 720 769 899 
3 786 765 817 
3 810 757 805 
3 785 753 834 
3 770 787 803 
3 681 735 793 
3 784 751 831 
3 808 774 775 
3 761 782 818 
3 756 779 822 
3 804 752 777 
3 780 772 808 
3 719 806 837 
3 798 764 799 
3 800 748 798 
3 863 797 771 
3 795 744 814 
3 717 781 843 
3 833 758 770 
3 737 792 840 
4 820 760 768 746 
3 809 734 791 
3 790 789 819 
3 789 773 828 
3 765 790 816 
3 860 669 759 
3 770 803 862 
3 802 780 823 
3 767 786 846 
4 811 827 778 875 
3 788 758 833 
3 856 775 815 
3 823 787 783 
3 814 725 797 
3 820 778 829 
3 952 851 805 
3 821 741 822 
3 825 775 830 
3 849 792 809 
3 853 807 825 
3 824 800 842 
4 826 852 777 824 
3 828 784 831 
3 842 798 858 
3 835 796 810 
3 832 812 871 
4 812 756 785 844 
3 862 803 808 
3 817 816 848 
3 815 813 841 
3 870 852 817 
3 850 829 805 
3 799 818 858 
3 839 810 827 
3 845 813 832 
3 818 782 835 
3 830 821 855 
4 900 877 806 794 
3 779 846 844 
4 858 831 820 839 
3 584 249 896 
3 882 788 878 
3 771 955 932 
4 857 897 835 829 
3 861 795 847 
3 868 825 845 
3 873 816 819 
3 874 793 595 
3 822 834 859 
3 841 830 854 
3 834 804 865 
3 861 840 849 
3 876 824 889 
5 872 847 814 863 864 
3 897 857 827 
3 904 891 811 
3 865 817 826 
3 916 815 912 
3 845 855 895 
3 854 832 871 
3 898 867 807 
3 897 839 850 
4 819 828 835 908 
3 884 844 888 
4 149 400 801 980 
3 910 840 847 
4 881 802 823 867 
3 849 791 869 
3 872 849 869 
3 883 846 852 
3 763 914 933 
3 887 862 856 
3 912 841 893 
3 864 863 932 
3 883 826 886 
3 855 821 884 
4 905 849 864 885 
3 892 842 880 
3 879 843 918 
3 945 805 879 
3 886 848 889 
3 878 833 900 
3 882 837 877 
3 875 874 918 
3 890 873 908 
3 900 862 887 
3 899 837 878 
4 888 865 870 906 
3 871 859 901 
3 924 872 937 
3 870 876 906 
3 881 867 898 
3 859 883 894 
3 876 848 892 
3 902 880 928 
3 920 851 922 
3 902 889 873 
3 941 868 934 
3 903 888 919 
3 854 901 921 
3 918 836 503 
4 920 839 857 850 
3 915 887 856 
3 776 882 911 
4 911 877 833 881 
4 895 884 903 907 
3 906 892 890 
3 901 894 907 
3 922 851 952 
3 913 872 909 
4 883 886 902 926 
3 901 903 935 
3 880 858 920 
3 905 927 931 
4 980 737 861 913 
4 914 899 900 925 
3 853 868 943 
3 980 910 905 
3 917 866 911 
3 923 898 916 
3 915 853 942 
3 933 914 929 
4 990 879 874 896 
3 894 926 944 
5 939 928 908 897 891 
3 934 895 936 
3 967 891 904 
3 925 915 951 
3 927 885 937 
3 929 911 923 
3 919 906 930 
3 909 924 938 
3 947 890 920 
3 958 917 925 
3 948 926 947 
4 954 961 909 938 
3 869 838 955 
3 955 866 917 
4 941 893 921 957 
3 940 907 949 
3 921 940 946 
3 924 885 955 
3 931 927 955 
3 947 920 967 
3 936 935 956 
3 953 893 934 
4 951 916 950 953 
3 950 912 953 
3 949 919 948 
3 992 952 875 
3 957 936 966 
4 930 928 939 968 
3 944 930 962 
3 935 944 956 
3 942 943 953 
3 923 942 965 
4 992 904 811 945 
5 942 950 943 941 972 
3 961 931 960 
7 963 938 937 932 838 933 959 
3 940 949 969 
3 934 946 971 
3 959 929 973 
3 970 955 958 
3 974 954 964 
3 980 931 954 
3 948 968 985 
3 964 955 970 
3 960 963 977 
3 975 951 979 
3 946 969 976 
3 939 922 992 
3 962 947 993 
3 966 956 985 
3 983 963 959 
3 957 986 987 
3 979 953 984 
3 994 958 975 
3 980 960 977 
3 973 965 981 
3 966 997 978 
3 974 964 983 
3 986 976 997 
3 981 965 972 
6 860 910 913 961 974 994 
4 998 975 979 982 
3 991 981 984 
3 977 970 994 
3 982 972 987 
3 969 962 993 
3 988 971 978 
3 984 971 988 
4 989 987 986 997 
3 991 988 997 
2 992 918 
3 998 982 989 
6 995 993 967 952 945 990 
4 995 985 968 992 
4 980 983 973 996 
4 999 997 993 992 
3 994 998 999 
6 999 989 988 978 976 995 
4 996 981 991 999 
4 996 998 997 995 
