100
0 59726 217556
1 72542 341026
2 73244 321398
3 80284 548006
4 89588 22666
5 93580 495102
6 105144 97024
7 105200 460986
8 108590 65202
9 138644 291270
10 144650 388188
11 146000 374198
12 146470 75052
13 149112 612018
14 156356 50502
15 159870 73262
16 167838 322360
17 168260 491838
18 170070 462460
19 172058 69636
20 179460 493602
21 180826 181714
22 186764 183324
23 189126 42948
24 194632 295848
25 201136 2660
26 207010 46268
27 213306 182354
28 219642 254400
29 229980 592974
30 230504 499346
31 237498 384062
32 238058 195008
33 239782 126212
34 241968 592590
35 250644 208028
36 252480 191980
37 261210 249396
38 261264 528836
39 265044 170884
40 271384 320314
41 273794 551094
42 277836 375818
43 279562 78682
44 281342 300446
45 293862 287316
46 295616 292978
47 296338 293746
48 296948 281524
49 297162 157342
50 301844 424746
51 302244 290864
52 303346 131910
53 303406 194598
54 305960 392274
55 315830 35448
56 317472 524910
57 317794 49348
58 339524 238158
59 344308 379416
60 360782 232222
61 361596 578568
62 379426 442204
63 385502 246090
64 387322 300082
65 388264 124584
66 388770 113210
67 395322 367958
68 398118 108930
69 406936 582040
70 416894 411958
71 428800 369742
72 431026 112414
73 431026 368352
74 434250 18166
75 438474 340070
76 447380 505472
77 449888 191912
78 451204 118076
79 453676 194782
80 458882 113566
81 461282 301518
82 465570 200526
83 472092 434186
84 492844 49868
85 502018 349628
86 507022 425298
87 510940 164352
88 519796 414024
89 522754 355452
90 528320 185648
91 530620 221722
92 531286 540012
93 538548 548100
94 539114 427190
95 543106 414842
96 544482 179698
97 548662 374280
98 567396 45094
99 581648 334694
4 2 1 3 4 
3 3 0 2 
3 1 0 6 
4 13 0 1 5 
4 14 8 0 25 
4 3 6 7 17 
3 5 2 8 
3 5 9 10 
3 12 6 4 
3 11 7 12 
3 18 7 11 
3 10 9 16 
3 9 8 15 
4 3 29 34 69 
3 19 4 23 
3 21 12 19 
3 11 21 24 
3 20 5 18 
4 17 10 24 31 
3 33 15 14 
3 30 38 17 
3 22 16 15 
4 37 28 21 27 
3 26 14 25 
3 18 16 28 
4 74 55 23 4 
3 57 43 23 
3 32 22 33 
3 44 24 22 
3 13 41 34 
3 38 20 50 
3 18 40 42 
3 35 27 36 
3 27 19 43 
3 13 29 61 
3 37 32 36 
3 35 32 39 
3 45 22 35 
4 41 20 30 56 
4 36 43 52 49 
3 42 31 44 
3 29 38 56 
3 50 31 40 
5 66 52 39 33 26 
3 40 28 46 
3 46 37 48 
3 47 44 45 
3 54 46 51 
3 45 53 58 
3 53 39 66 
4 62 30 42 54 
3 64 47 63 
3 39 43 66 
3 48 49 65 
3 50 47 59 
3 84 57 25 
4 41 38 62 83 
3 68 26 55 
3 48 65 60 
3 54 64 67 
5 63 58 77 79 82 
3 69 34 76 
3 56 50 70 
3 51 60 90 
3 81 59 51 
3 58 53 68 
4 49 52 43 68 
3 71 59 75 
4 72 65 66 57 
3 13 61 93 
3 83 62 71 
3 70 67 73 
3 80 78 68 
3 71 75 85 
2 98 25 
3 73 67 81 
3 92 61 86 
3 79 60 78 
3 77 72 80 
4 82 60 77 87 
4 87 78 72 84 
3 75 64 91 
3 60 79 90 
3 56 70 86 
3 80 55 98 
3 89 73 91 
3 76 83 88 
3 96 79 80 
3 94 86 89 
3 88 85 96 
3 63 82 96 
3 85 81 96 
4 93 76 94 95 
3 69 92 99 
3 92 88 95 
3 92 94 97 
5 89 91 90 87 98 
3 95 98 99 
5 99 97 96 84 74 
3 93 97 98 
