600
0 1050 53880
1 3732 348238
2 4122 456666
3 4642 137940
4 7302 475732
5 8142 393436
6 8674 352480
7 8720 226498
8 10940 50524
9 13918 436324
10 14648 304786
11 16448 573238
12 20450 477696
13 23532 384116
14 26584 294610
15 26916 289112
16 27678 511930
17 28748 407738
18 29988 72518
19 31848 15860
20 32696 478628
21 34040 342456
22 34826 42336
23 34854 39454
24 35144 464252
25 35718 101182
26 35742 227454
27 35934 465866
28 37276 463112
29 38026 304620
30 40204 10618
31 40292 435412
32 40378 63222
33 42336 589834
34 42508 66180
35 46426 510992
36 46572 404962
37 51140 144916
38 51292 50008
39 51862 525066
40 52372 267322
41 52384 233890
42 52434 6952
43 54016 525468
44 56470 225644
45 57182 219350
46 59574 218442
47 59670 219352
48 60802 338950
49 62964 340574
50 63522 289152
51 64538 310944
52 64904 178222
53 65780 289240
54 66152 194494
55 67408 343330
56 67590 342994
57 69216 460204
58 70370 459860
59 71444 237464
60 72574 186028
61 72896 321300
62 74092 111912
63 75230 452996
64 75394 342212
65 77234 257862
66 77864 352672
67 77958 583408
68 78084 297652
69 78106 350400
70 78606 49926
71 78628 285514
72 78776 77736
73 79490 575652
74 79750 351884
75 80204 270246
76 81484 404904
77 81602 531590
78 83370 302748
79 83818 302482
80 83978 566276
81 84066 301368
82 84964 618124
83 85240 544682
84 85310 30340
85 85322 618280
86 85806 66184
87 89422 183680
88 90580 29778
89 91138 28798
90 94108 578224
91 94404 579950
92 94600 445432
93 97120 134344
94 99656 205048
95 100366 609050
96 103090 197922
97 103298 344496
98 104054 24466
99 105464 424082
100 105508 404822
101 108282 599456
102 109040 219624
103 113890 461652
104 115008 85830
105 117522 144280
106 119628 278402
107 120638 141962
108 120918 21062
109 121668 323654
110 122436 76326
111 122606 20802
112 123130 21658
113 123384 166092
114 125088 76524
115 125106 169782
116 129324 296644
117 129564 278712
118 131072 551514
119 131524 4732
120 135206 457702
121 135956 392048
122 136392 561170
123 136672 561808
124 136766 401042
125 138168 562648
126 139872 402080
127 141544 476494
128 142194 476628
129 143100 299024
130 143170 478548
131 143484 24088
132 144482 508664
133 145382 166976
134 146912 477732
135 148700 237556
136 148704 473392
137 151002 13080
138 154352 600798
139 155154 339046
140 155182 339090
141 156770 189320
142 161962 231814
143 162070 555024
144 162178 232684
145 163746 387784
146 164138 299760
147 164490 233918
148 165410 507114
149 166550 235762
150 168250 599972
151 168374 176144
152 168876 315612
153 169768 88260
154 170138 39582
155 172704 419112
156 173138 576194
157 173234 422078
158 174008 171430
159 174388 145246
160 174780 170986
161 175900 418022
162 176678 76444
163 177228 252700
164 180352 471028
165 182300 310384
166 182648 309842
167 184598 184918
168 185068 605152
169 186520 357112
170 187400 358312
171 187646 183182
172 188690 270926
173 189796 400694
174 189852 240848
175 189876 548618
176 190582 199624
177 191052 321640
178 195770 377314
179 201540 605212
180 202274 605644
181 206054 194810
182 206704 295602
183 206852 483418
184 207320 383868
185 207600 404698
186 208556 112990
187 209178 400918
188 209648 314244
189 211078 491448
190 211214 491768
191 211982 367832
192 212482 215290
193 213496 26610
194 217296 44086
195 220038 496012
196 220562 113364
197 220898 495250
198 223418 257596
199 225474 42308
200 225498 583438
201 225818 584144
202 226086 387720
203 226364 4444
204 226542 584354
205 228074 504080
206 228124 438892
207 229456 51464
208 229512 390688
209 230374 2216
210 230438 429420
211 230780 445182
212 231366 354754
213 231774 355782
214 232432 523672
215 232572 445662
216 232736 440134
217 232960 439628
218 233708 23548
219 234784 491726
220 234794 185268
221 234994 532554
222 235148 360526
223 235942 198720
224 236078 127878
225 241256 431488
226 241606 592404
227 241950 171362
228 242434 18278
229 247164 44646
230 248640 267444
231 248646 249368
232 248718 54804
233 251206 208156
234 254352 174884
235 254496 265916
236 255122 226338
237 255552 327340
238 255972 558482
239 257452 43596
240 257568 262488
241 258564 538600
242 259784 518788
243 260342 611730
244 260646 216674
245 261246 355966
246 261616 292278
247 262418 215840
248 263458 55456
249 265240 398584
250 265598 539394
251 267802 269598
252 270624 300960
253 271838 553364
254 272052 411428
255 272182 410560
256 272318 410660
257 273418 552218
258 274248 96928
259 274446 317590
260 274948 247518
261 276722 78748
262 278478 234516
263 278548 71240
264 279022 518904
265 279392 79532
266 280190 355146
267 280550 78180
268 280856 73766
269 281278 324582
270 283682 212866
271 284534 277118
272 284966 514140
273 285296 574322
274 285312 31008
275 285946 444842
276 286378 289990
277 286830 282054
278 286996 436208
279 287262 220240
280 287640 592566
281 288798 324446
282 288926 457580
283 290038 281462
284 290914 328458
285 291198 331100
286 291354 258648
287 291676 220716
288 292650 289514
289 293714 284068
290 293876 201748
291 295996 217988
292 296572 280582
293 296990 306574
294 297196 254764
295 298080 331680
296 299776 136418
297 299800 296756
298 300076 395914
299 300160 397770
300 300296 425132
301 300614 395694
302 301636 314046
303 301658 287062
304 302598 90058
305 302982 63610
306 303162 160272
307 304798 274672
308 305706 297092
309 306512 226608
310 306530 226212
311 307354 566652
312 307656 298610
313 308006 384406
314 308582 410394
315 309130 384322
316 310238 386874
317 310460 385284
318 311160 382620
319 312044 593842
320 312472 215634
321 313742 50814
322 313926 84496
323 313998 215410
324 314950 122990
325 315208 325750
326 315370 33610
327 316618 522466
328 316828 559632
329 317228 218214
330 318182 216482
331 319994 520994
332 320530 524936
333 321178 221648
334 324096 279180
335 324170 65468
336 324422 68920
337 324586 67068
338 324782 349368
339 325808 298148
340 325870 375610
341 327074 282368
342 327826 301058
343 328488 363024
344 328708 71568
345 331726 496656
346 332118 59500
347 332148 64066
348 333238 220276
349 335262 345832
350 335640 253350
351 335728 180894
352 336450 578262
353 337406 531678
354 337790 577492
355 337874 62454
356 338700 103790
357 340496 14342
358 340496 235578
359 341262 64588
360 343342 62160
361 343644 543616
362 343702 544820
363 343760 306344
364 347228 97262
365 347826 300588
366 350620 290252
367 350998 249782
368 352280 378480
369 353394 113094
370 356358 127662
371 356820 313734
372 357104 288852
373 357146 290970
374 359494 308318
375 359828 30798
376 362780 549514
377 363568 200800
378 363656 272508
379 364068 120318
380 364736 353812
381 365592 120106
382 366860 53422
383 367120 323402
384 367918 319834
385 368186 483848
386 368694 323434
387 369010 366580
388 369946 452604
389 370144 448020
390 370952 310354
391 371150 277816
392 372766 236088
393 374260 338140
394 375262 163160
395 377646 444418
396 379478 441378
397 380842 419030
398 381956 102102
399 381958 46228
400 382792 209878
401 382948 204002
402 384218 114294
403 385024 83852
404 385988 115746
405 386808 202936
406 386902 462280
407 387438 378774
408 387520 112456
409 387828 463582
410 388976 491256
411 389174 461336
412 389246 113422
413 389268 58166
414 390900 266528
415 391314 224372
416 392830 57108
417 393274 293298
418 393350 366736
419 396440 67310
420 396804 105758
421 397808 221388
422 398582 106924
423 401840 395902
424 402342 395964
425 403834 384070
426 403858 140110
427 404622 263170
428 405534 400482
429 405726 580644
430 407030 582458
431 411266 527922
432 411352 572872
433 412230 304150
434 412268 29608
435 412570 237572
436 413804 542652
437 413924 99214
438 413942 108368
439 414974 102512
440 416816 539460
441 417038 108964
442 418032 487520
443 419548 411642
444 419620 373034
445 421348 293624
446 424098 413624
447 424766 611086
448 425680 440116
449 427812 360026
450 428756 312878
451 429438 241726
452 429554 371112
453 429558 372218
454 430382 379220
455 432144 377090
456 432752 377666
457 433388 372888
458 433810 247118
459 433924 478236
460 433970 478198
461 434998 374436
462 436920 121990
463 438024 370518
464 438370 602594
465 438910 372448
466 439278 14312
467 439828 372322
468 440058 493242
469 440126 385530
470 440208 186746
471 441478 261756
472 444516 66356
473 444998 344262
474 446294 162244
475 447056 79994
476 447350 605980
477 449934 191002
478 450354 279376
479 451682 459484
480 453190 41686
481 455544 163550
482 458844 113460
483 461732 345838
484 463378 254804
485 463444 344514
486 464140 424646
487 465368 216232
488 465652 412908
489 466532 280486
490 467354 243962
491 468178 244328
492 468362 578792
493 469968 367646
494 470860 36436
495 471460 588604
496 471696 367946
497 472518 81036
498 474798 495154
499 475394 495626
500 475858 111816
501 476004 373818
502 476658 112842
503 476706 360562
504 476966 61214
505 477140 222908
506 477370 47126
507 478716 190714
508 479340 102110
509 480046 607566
510 480218 135742
511 484538 311086
512 485852 521642
513 486394 113672
514 486952 551066
515 490238 257998
516 492380 607950
517 493546 469388
518 494502 368912
519 494696 220156
520 497182 252742
521 499156 78092
522 499800 266664
523 504204 513020
524 505672 194060
525 507540 397738
526 507672 161024
527 509146 406146
528 509332 405850
529 510134 492666
530 510896 333666
531 510940 120830
532 511510 165282
533 512628 118460
534 513618 298784
535 514892 255234
536 519676 167368
537 520692 51778
538 520732 77556
539 522140 183688
540 523228 352130
541 523672 153298
542 523858 104746
543 526772 242686
544 527690 463156
545 528798 603288
546 529544 231178
547 530280 202186
548 530690 541594
549 531438 345732
550 531860 55994
551 532220 56560
552 532630 502566
553 533308 29084
554 534030 7930
555 534030 261950
556 534462 264080
557 534958 95596
558 538932 11884
559 539386 128982
560 540836 178084
561 541664 315376
562 541832 343710
563 548488 53768
564 549254 373810
565 549734 564388
566 550442 149056
567 550574 148734
568 552556 282724
569 556832 202076
570 557360 201202
571 557392 204324
572 561570 124324
573 563852 587540
574 565546 23404
575 566274 48730
576 567160 47356
577 568146 189346
578 568560 66994
579 568924 68186
580 569298 189844
581 569862 321004
582 571006 469948
583 571730 321394
584 572576 604058
585 572724 377538
586 574724 193206
587 576834 466396
588 582754 30506
589 583578 570594
590 586434 538382
591 586486 225242
592 588596 565738
593 589416 24290
594 590626 92086
595 591466 19572
596 592386 116440
597 594940 419768
598 595984 495432
599 600550 435876
5 3 1 2 19 8 
3 2 0 3 
6 4 11 0 1 5 9 
3 7 1 0 
3 12 11 2 
3 2 6 13 
3 5 7 10 
5 26 15 10 6 3 
6 32 18 25 37 0 22 
4 24 2 13 17 
3 6 7 14 
4 33 82 2 4 
3 20 16 4 
3 9 5 21 
3 29 10 15 
3 29 14 7 
3 39 33 12 
3 31 9 21 
3 25 8 34 
4 98 23 0 30 
3 35 12 27 
3 17 13 29 
3 38 8 23 
3 22 19 84 
3 27 9 28 
4 62 37 8 18 
3 41 7 45 
3 77 20 24 
3 24 31 57 
5 36 21 14 15 40 
3 137 19 42 
3 28 17 36 
3 34 8 38 
3 82 11 16 
3 18 32 70 
3 43 39 20 
3 31 29 48 
3 52 8 25 
3 32 22 84 
3 67 16 35 
3 50 29 41 
3 40 26 44 
2 30 119 
3 80 73 35 
3 41 45 47 
3 44 26 46 
4 47 45 54 94 
3 59 44 46 
3 49 36 51 
3 55 66 48 
3 53 51 40 
3 61 48 50 
3 60 54 37 
4 116 68 50 71 
3 46 52 60 
3 69 49 56 
3 55 61 64 
3 118 28 58 
3 103 57 63 
3 65 47 102 
3 54 52 87 
3 56 51 78 
3 93 25 72 
3 58 76 92 
3 69 56 79 
3 106 75 59 
3 76 49 74 
3 82 39 73 
3 81 78 53 
3 74 55 64 
3 72 34 88 
3 53 75 106 
3 62 70 86 
3 67 43 80 
3 66 69 97 
3 106 71 65 
3 63 66 100 
3 123 83 27 
3 61 68 79 
3 64 78 81 
3 91 73 43 
3 109 79 68 
6 85 11 33 67 95 243 
3 125 90 77 
3 38 23 89 
2 82 447 
3 104 72 88 
3 96 60 115 
3 86 70 89 
3 88 84 98 
3 91 83 156 
3 101 80 90 
3 103 63 99 
3 105 113 62 
3 102 46 96 
3 82 101 168 
3 142 94 87 
3 121 74 109 
4 110 89 19 108 
3 120 92 100 
3 99 76 124 
3 138 95 91 
3 135 59 94 
3 127 58 92 
3 107 86 110 
3 113 93 107 
4 117 71 75 65 
3 113 105 104 
3 98 137 111 
3 139 97 81 
3 114 104 98 
3 112 108 203 
3 131 114 111 
4 115 93 105 107 
3 153 110 112 
3 87 113 133 
3 129 53 117 
3 116 106 135 
3 122 57 132 
2 42 209 
3 128 99 126 
3 124 97 140 
3 123 118 143 
3 125 77 122 
3 126 100 121 
3 156 83 123 
3 120 124 145 
3 128 132 103 
4 130 127 120 136 
3 146 152 116 
3 132 128 134 
3 193 154 112 
4 118 127 130 148 
3 141 115 159 
3 130 136 164 
3 117 102 144 
3 134 128 157 
3 108 30 209 
3 168 101 150 
3 140 109 152 
3 121 139 165 
3 142 133 151 
3 144 96 141 
3 122 148 175 
3 147 135 142 
3 155 126 169 
3 166 129 172 
3 174 149 144 
3 143 132 190 
3 198 163 147 
3 179 138 226 
3 141 159 158 
3 139 129 166 
3 186 114 162 
4 194 162 131 193 
3 157 145 161 
3 201 90 125 
3 136 155 161 
3 151 196 160 
3 151 133 186 
3 167 158 224 
3 157 155 173 
3 153 154 207 
3 182 172 149 
3 183 134 206 
3 177 140 166 
4 188 165 152 146 
4 181 176 160 171 
3 180 95 138 
3 170 145 177 
3 191 178 169 
3 220 167 224 
3 182 146 163 
3 185 161 178 
3 198 147 176 
3 200 143 221 
3 192 174 167 
3 212 169 165 
3 184 173 170 
3 476 180 150 
3 243 168 179 
3 223 192 167 
4 188 172 163 246 
3 189 164 211 
3 202 187 178 
3 206 173 187 
3 196 159 153 
3 210 185 184 
3 237 166 182 
3 195 190 183 
3 214 148 189 
3 202 170 213 
3 231 176 181 
3 154 131 218 
3 207 154 199 
3 205 189 197 
3 158 186 261 
4 195 215 275 219 
3 230 149 174 
3 229 194 218 
3 201 175 241 
3 204 156 200 
3 208 184 191 
4 357 228 111 209 
3 226 201 238 
3 242 214 195 
3 216 164 185 
3 232 162 194 
3 210 202 222 
4 554 203 137 119 
3 217 187 208 
3 215 183 216 
3 213 177 237 
3 222 191 212 
4 221 190 205 242 
3 197 211 254 
3 211 206 217 
3 216 210 225 
3 199 193 228 
3 272 197 282 
3 223 171 227 
3 241 175 214 
3 208 213 245 
3 233 181 220 
5 234 227 171 160 258 
3 217 249 255 
4 280 150 204 273 
3 233 220 224 
3 274 218 203 
4 248 232 199 239 
3 246 198 235 
3 240 192 236 
3 261 207 229 
4 244 236 223 227 
3 270 247 224 
3 251 230 240 
3 231 233 244 
3 212 188 259 
3 204 250 253 
3 248 229 274 
3 235 231 260 
3 250 200 221 
3 264 214 205 
3 82 180 509 
3 236 233 247 
3 222 269 266 
3 252 182 230 
3 262 244 234 
3 263 229 239 
3 255 225 266 
3 238 241 264 
3 307 271 235 
3 259 246 276 
3 273 238 257 
4 278 215 256 299 
3 256 225 249 
3 254 255 298 
3 253 345 327 
3 296 224 265 
3 269 237 252 
3 286 240 262 
3 265 196 232 
3 260 247 279 
3 268 248 305 
3 250 242 272 
3 258 261 267 
3 249 245 285 
3 304 265 268 
3 322 267 263 
3 245 259 281 
3 279 234 290 
4 292 283 277 251 
3 264 219 345 
3 226 253 311 
3 326 239 228 
3 282 197 278 
3 252 277 288 
4 288 276 271 283 
3 275 254 300 
3 287 262 270 
3 319 226 311 
3 284 269 293 
3 345 219 275 
4 289 277 271 292 
3 295 285 281 
3 313 266 284 
3 307 260 294 
3 294 279 291 
3 297 276 277 
3 303 308 283 
3 291 270 306 
3 309 287 290 
3 341 283 271 
3 302 281 297 
3 286 287 350 
3 318 284 302 
3 306 258 324 
3 308 293 288 
3 256 313 301 
3 314 254 301 
3 388 278 314 
3 299 298 316 
3 325 295 293 
3 365 339 289 
3 356 324 267 
3 335 263 321 
4 320 310 290 296 
4 334 341 251 286 
3 312 297 289 
3 350 291 310 
3 309 306 320 
3 280 273 328 
3 342 325 308 
3 298 285 315 
3 389 300 299 
3 317 313 318 
3 397 301 317 
3 316 315 368 
3 315 295 340 
3 464 280 352 
4 333 310 306 323 
3 346 305 326 
3 356 268 336 
3 329 320 370 
3 370 296 304 
3 338 302 312 
3 321 274 375 
3 257 385 331 
3 352 311 332 
3 333 323 330 
3 348 329 351 
3 332 327 385 
3 353 328 331 
3 358 320 329 
3 372 307 391 
3 337 305 347 
3 356 322 337 
3 344 336 335 
3 343 325 349 
3 363 342 303 
3 368 318 343 
3 366 292 307 
3 371 312 339 
3 387 340 338 
3 364 337 347 
4 257 272 282 406 
3 360 355 321 
3 344 335 355 
3 358 330 377 
3 380 338 383 
3 378 294 309 
3 377 330 379 
3 319 328 354 
3 361 332 385 
3 430 352 362 
4 403 359 347 346 
4 369 304 322 336 
3 375 203 466 
3 367 333 348 
3 439 398 355 
3 403 346 382 
3 376 362 353 
3 430 354 361 
3 374 371 339 
3 379 369 344 
3 374 303 366 
3 373 365 341 
3 378 358 392 
3 407 317 340 
3 379 356 364 
3 323 324 379 
3 384 342 363 
3 373 334 391 
3 390 366 372 
3 390 363 365 
4 399 382 326 357 
3 429 361 410 
3 400 348 351 
4 391 350 367 392 
5 351 370 369 364 381 
3 418 349 393 
3 394 379 402 
3 413 360 375 
3 386 349 384 
3 383 371 390 
4 353 331 327 409 
3 393 383 433 
3 418 407 343 
3 406 300 389 
3 388 314 395 
4 384 374 373 417 
4 372 334 378 414 
3 378 367 415 
3 449 380 386 
3 401 381 404 
3 406 389 396 
3 395 397 428 
3 396 316 423 
3 420 408 359 
3 416 375 434 
3 415 377 401 
3 400 394 405 
3 404 381 408 
4 437 355 360 419 
4 426 394 402 412 
3 421 401 426 
4 345 388 395 411 
3 425 368 387 
3 412 402 398 
3 410 385 411 
3 431 376 409 
3 409 406 443 
3 404 408 422 
3 419 382 416 
3 391 435 427 
3 392 400 421 
3 413 399 480 
3 445 390 427 
3 444 387 380 
3 403 413 472 
3 438 422 398 
3 435 415 405 
3 441 412 420 
3 424 397 425 
3 428 423 454 
3 423 407 444 
3 470 405 404 
3 417 414 451 
3 396 424 454 
3 430 376 432 
4 495 354 362 429 
5 436 410 442 459 460 
4 492 429 436 440 
3 450 386 445 
3 494 399 466 
3 451 414 421 
3 432 431 440 
3 439 403 475 
3 441 420 439 
4 500 438 359 437 
3 432 436 468 
4 482 462 422 438 
3 431 448 459 
3 446 411 454 
3 425 418 453 
3 433 417 478 
3 448 443 456 
2 85 516 
3 442 446 469 
3 452 393 473 
3 473 433 478 
4 458 427 435 470 
3 457 453 449 
3 455 444 452 
4 443 428 424 455 
3 456 454 453 
3 446 455 461 
3 461 452 463 
3 471 451 477 
3 431 442 460 
3 431 459 479 
3 456 457 465 
3 510 474 441 
3 465 457 483 
3 545 476 319 
3 461 463 467 
3 434 357 558 
3 469 465 493 
3 498 440 479 
3 488 448 467 
3 451 426 474 
3 478 458 484 
3 475 419 504 
3 483 449 450 
3 481 470 462 
3 497 437 472 
3 509 179 464 
4 487 458 481 507 
4 489 450 445 471 
3 468 460 486 
3 506 416 494 
3 532 477 474 
3 510 441 502 
3 463 473 485 
3 489 471 490 
3 503 483 511 
3 517 479 488 
3 505 490 477 
3 486 469 501 
3 511 478 484 
3 491 484 487 
3 520 515 490 
3 495 432 514 
3 496 467 503 
3 480 434 553 
3 545 430 492 
3 518 501 493 
3 508 475 521 
3 499 468 517 
3 523 512 498 
3 502 439 508 
3 527 488 496 
3 513 482 500 
3 493 485 530 
3 521 472 506 
3 535 487 519 
3 537 504 480 
3 524 477 539 
3 513 500 497 
3 516 243 476 
3 526 462 482 
4 530 485 489 534 
3 545 514 499 
3 531 502 508 
3 545 492 512 
3 522 491 520 
3 447 509 584 
3 529 498 486 
3 525 496 540 
3 543 505 524 
3 535 515 491 
3 497 504 538 
3 534 515 535 
3 548 499 529 
3 519 507 539 
3 528 518 540 
3 536 532 510 
3 544 501 528 
3 527 525 564 
3 552 523 517 
3 549 503 511 
3 541 513 533 
3 536 481 526 
3 531 538 542 
3 561 511 522 
4 556 522 520 505 
4 539 532 526 541 
3 550 506 553 
3 533 521 551 
4 547 524 507 536 
3 525 518 549 
3 560 536 531 
4 559 533 563 557 
3 555 519 546 
3 582 552 527 
5 584 464 495 514 512 
3 568 543 547 
3 571 546 539 
3 565 523 552 
3 540 530 562 
3 551 537 576 
3 538 550 563 
4 548 529 544 582 
3 537 494 574 
3 595 558 209 
3 568 556 543 
3 568 535 555 
3 542 578 579 
3 574 466 554 
4 567 566 542 572 
3 570 569 541 
3 581 562 534 
3 564 549 561 
3 542 551 575 
3 585 528 562 
3 589 573 548 
3 577 559 567 
3 566 559 572 
4 581 556 555 546 
3 571 560 570 
3 569 560 577 
3 591 547 569 
3 567 559 596 
3 584 565 589 
3 588 553 558 
3 578 563 576 
3 575 550 588 
3 580 570 566 
3 579 557 575 
3 594 557 578 
3 586 577 596 
3 583 561 568 
3 552 544 587 
3 585 581 591 
5 516 545 573 589 592 
3 587 564 583 
3 591 580 596 
3 590 582 585 
3 576 574 593 
4 584 573 565 592 
3 592 587 597 
5 597 583 571 586 596 
4 584 589 590 598 
3 594 588 595 
3 596 579 593 
4 599 596 593 554 
7 599 591 586 580 572 594 595 
3 599 590 591 
2 592 599 
4 598 597 596 595 
