35
0 38024 466646
1 52268 299134
2 60100 217108
3 72388 23592
4 98238 10108
5 114662 248434
6 134090 562232
7 149914 280946
8 173558 561534
9 173690 142940
10 175670 76394
11 176348 420526
12 195604 94798
13 209496 132098
14 233284 179298
15 255198 592902
16 261096 249326
17 283500 73062
18 294220 465620
19 295016 210706
20 296720 399838
21 301442 206750
22 302196 293418
23 302850 411396
24 308330 260360
25 308852 387322
26 321554 528100
27 374548 500708
28 378584 439232
29 407268 322966
30 451426 279836
31 456924 39964
32 473472 588096
33 478102 106144
34 524106 69378
3 6 3 1 
3 0 3 2 
3 5 1 3 
4 2 1 0 4 
3 31 10 3 
3 7 2 9 
4 15 0 11 8 
3 11 5 9 
3 15 6 18 
3 7 5 12 
3 12 4 17 
3 6 7 20 
4 13 9 10 17 
3 14 20 12 
3 19 16 13 
4 6 8 26 32 
3 22 23 14 
3 12 10 31 
3 26 8 23 
3 24 14 21 
3 23 11 13 
3 19 34 33 
3 25 16 24 
4 18 20 16 25 
3 29 22 19 
3 28 23 22 
3 15 18 27 
3 32 26 28 
3 27 25 29 
3 28 24 30 
3 32 29 33 
3 34 17 4 
4 15 27 30 34 
3 30 21 34 
4 32 33 21 31 
