70
0 30986 26904
1 38786 21710
2 45016 293700
3 46386 285422
4 54976 447284
5 67182 171804
6 69660 430988
7 73628 69644
8 76568 574762
9 77358 297562
10 78722 25398
11 80032 396234
12 91170 29462
13 98674 188806
14 111072 438166
15 123308 240946
16 124270 418970
17 130356 99202
18 133926 44736
19 146638 211882
20 151876 404266
21 158358 96494
22 185204 178430
23 196138 141688
24 199286 74404
25 199370 557546
26 203968 130224
27 212748 228512
28 215986 194328
29 235690 540806
30 235814 73098
31 258234 540912
32 262620 253216
33 266876 590918
34 267252 384618
35 277174 71462
36 284640 490488
37 286502 384808
38 290792 183332
39 318340 522416
40 343866 336508
41 347952 300618
42 349662 111086
43 350926 104252
44 352708 84964
45 364058 522244
46 364664 269388
47 370854 273770
48 377906 18618
49 386836 115076
50 391628 316930
51 398574 527268
52 401216 509768
53 413914 100522
54 421856 387184
55 423910 180212
56 426792 576276
57 428202 360088
58 433240 399414
59 439636 493308
60 444892 516062
61 458750 571796
62 477496 198692
63 478158 481154
64 482936 516830
65 499438 45122
66 523874 179876
67 538756 604368
68 566532 170950
69 587230 567086
2 2 1 
6 10 7 5 3 0 48 
3 4 0 3 
3 6 2 1 
2 8 2 
3 13 9 1 
3 8 3 11 
3 17 13 1 
4 33 4 6 25 
3 14 11 5 
3 65 12 1 
3 14 6 9 
4 35 43 18 10 
3 15 5 7 
4 25 11 9 16 
3 16 13 19 
3 14 15 20 
3 19 7 21 
3 30 24 12 
3 15 17 22 
3 16 27 34 
3 23 17 24 
4 38 28 19 23 
3 22 21 26 
3 21 18 30 
4 33 8 14 29 
3 23 30 42 
3 32 20 28 
3 46 27 22 
3 31 25 36 
5 49 42 26 24 18 
3 56 29 39 
3 47 41 27 
3 67 8 25 
3 37 20 40 
3 44 43 12 
3 39 29 37 
3 36 34 50 
3 46 22 49 
3 31 36 45 
3 34 41 50 
3 40 32 47 
3 49 26 30 
4 49 12 35 44 
3 43 35 65 
3 51 39 52 
4 47 28 38 55 
4 41 32 46 62 
2 65 1 
5 38 42 30 43 53 
5 57 54 37 40 68 
4 61 45 52 60 
3 51 45 59 
3 55 49 65 
3 58 59 50 
3 62 46 53 
3 67 31 61 
3 58 50 68 
3 63 54 57 
3 60 52 54 
3 64 51 59 
3 67 56 51 
3 47 55 66 
3 69 64 58 
3 69 60 63 
6 68 66 53 44 10 48 
3 62 65 68 
4 33 56 61 69 
5 69 57 50 66 65 
4 67 64 63 68 
