25
0 32118 477972
1 59782 218536
2 81910 461350
3 85592 30300
4 90872 347776
5 143076 96260
6 161090 96772
7 180144 186742
8 182386 200004
9 187970 183256
10 226520 264500
11 257902 610820
12 271550 169590
13 273960 332278
14 282324 353470
15 283066 367486
16 296336 295420
17 337672 584558
18 350286 248472
19 483594 175574
20 505388 604414
21 531746 502644
22 553794 203024
23 580016 129380
24 599618 140582
3 11 1 2 
2 0 3 
3 11 0 4 
5 23 6 5 4 1 
4 2 3 8 10 
3 6 7 3 
4 12 9 5 3 
3 8 5 9 
3 10 4 7 
3 16 7 6 
3 13 4 8 
5 0 2 15 17 20 
3 19 18 6 
3 14 10 16 
3 15 13 16 
3 11 14 22 
4 14 13 9 18 
3 20 11 22 
3 16 12 19 
3 18 12 23 
3 11 17 21 
2 20 24 
3 17 15 24 
3 24 19 3 
3 21 22 23 
