900
0 502 297318
1 1572 196574
2 2252 403990
3 2850 404362
4 3742 491686
5 4050 492688
6 4206 205864
7 5142 510962
8 7574 233780
9 9728 313144
10 17848 481850
11 18158 242946
12 20220 477886
13 21206 222494
14 26292 480168
15 26328 66600
16 27372 480238
17 28840 284276
18 29496 448764
19 30368 493378
20 30560 309624
21 30572 478288
22 30618 375160
23 31442 15672
24 31628 167568
25 33844 466952
26 36704 303290
27 37360 463608
28 37450 356544
29 37836 448490
30 37852 356950
31 38268 416444
32 39380 467256
33 39758 67386
34 40766 435146
35 41858 451476
36 42078 258010
37 42336 527098
38 44102 433512
39 44626 181538
40 46340 510478
41 46450 487572
42 46740 570100
43 46930 284470
44 48112 170572
45 50654 464518
46 51798 428660
47 52724 57236
48 53320 526284
49 55322 447152
50 56400 448178
51 56998 219004
52 57960 342442
53 58110 199956
54 58888 220396
55 59864 346770
56 62130 394256
57 62736 343806
58 62834 353338
59 63436 348014
60 64570 289258
61 65168 485500
62 66456 310816
63 67226 232824
64 67294 459220
65 67708 529690
66 68388 458114
67 68612 348272
68 68660 126276
69 68722 459432
70 69010 346058
71 69214 348748
72 69252 126010
73 69450 343834
74 69986 170724
75 71010 366664
76 71346 576546
77 71444 70744
78 71554 461338
79 71598 386410
80 71636 135166
81 71786 447722
82 71990 365728
83 72952 457644
84 73120 461546
85 73800 339486
86 73952 268982
87 74396 270030
88 76170 221730
89 78202 446244
90 78484 566570
91 78982 78908
92 78990 285180
93 81086 545154
94 81740 532250
95 82666 537514
96 82672 417532
97 82964 587964
98 84048 302378
99 84390 32230
100 84684 26192
101 85000 615784
102 85892 469548
103 86978 439492
104 87762 61192
105 88440 86472
106 90070 26220
107 90466 404366
108 91008 29068
109 91410 294410
110 93080 230278
111 95156 133972
112 96660 499178
113 97358 325018
114 98378 374784
115 101622 143500
116 102570 407174
117 103734 198166
118 104102 240914
119 105324 423618
120 107246 481466
121 108916 316472
122 109208 328508
123 109358 284392
124 110394 161802
125 110444 286044
126 111148 310506
127 111664 273520
128 112102 23810
129 114262 86112
130 115086 243774
131 116524 46344
132 119060 162138
133 119704 581926
134 120612 21308
135 120828 142332
136 120868 21488
137 121496 386024
138 122124 323782
139 123334 275398
140 123918 368128
141 124092 416382
142 125928 365582
143 126814 61614
144 127588 425262
145 129916 250300
146 130044 216850
147 130556 289150
148 131148 168406
149 132128 610384
150 132850 140508
151 133338 182688
152 133620 44400
153 133832 224942
154 133910 183032
155 134522 609538
156 136932 507092
157 138344 489138
158 138560 119356
159 138616 82524
160 139790 557334
161 140076 390544
162 140266 564318
163 141946 271706
164 142406 271096
165 142544 107218
166 142702 477036
167 142728 107394
168 142728 476102
169 143218 472338
170 144338 213206
171 144770 476234
172 145494 563474
173 145884 477118
174 146464 44322
175 146832 474918
176 147712 473626
177 148502 472146
178 149196 406376
179 149680 428254
180 150000 283066
181 150594 72954
182 150640 73146
183 150878 284570
184 151320 24424
185 151658 24208
186 152440 313660
187 152862 122722
188 152970 574280
189 153196 26562
190 153786 369230
191 157494 74012
192 158850 334838
193 158974 61232
194 159382 267398
195 160472 288344
196 160942 142744
197 161428 210286
198 161700 268742
199 161742 230160
200 161944 235192
201 162632 235886
202 163140 507336
203 163398 211250
204 163470 318324
205 163724 211138
206 163808 505066
207 164112 234512
208 164134 47688
209 164738 113402
210 166790 506120
211 166806 233028
212 168060 491512
213 169630 87358
214 169960 339354
215 170482 281598
216 170760 60610
217 171226 340584
218 172560 237322
219 172858 479188
220 174750 21940
221 175152 415616
222 175366 145460
223 175666 124350
224 175868 72982
225 176042 144304
226 176800 78128
227 176858 419098
228 177100 415098
229 177870 423000
230 178372 419440
231 178604 31192
232 179664 413942
233 180578 422082
234 180770 208290
235 181536 247376
236 181550 362674
237 182044 346370
238 182264 179074
239 182342 248842
240 182464 186234
241 182472 376770
242 182506 64530
243 182856 184700
244 182890 309816
245 184152 348734
246 184490 389238
247 185134 469210
248 185486 184936
249 185502 298128
250 185704 186520
251 185806 415960
252 185936 184542
253 186142 357182
254 186292 356916
255 186342 180426
256 188698 183568
257 188740 404962
258 189238 400360
259 189704 241088
260 189750 177502
261 189770 549042
262 190438 187878
263 190774 304934
264 191128 569598
265 191272 416660
266 191712 304750
267 195110 369840
268 195902 286624
269 196044 239458
270 197298 65286
271 197490 95172
272 197590 394368
273 198206 44496
274 198446 336982
275 199520 556138
276 199658 258270
277 200262 423070
278 201772 606374
279 202248 219276
280 204294 425580
281 204380 255220
282 204558 256020
283 204790 185064
284 206540 402996
285 207020 46140
286 207158 403510
287 207226 355214
288 207550 230172
289 208092 400900
290 209274 403318
291 209634 131772
292 210078 293786
293 210538 243982
294 211554 168524
295 211956 367866
296 212242 386728
297 212802 181826
298 213052 284092
299 213796 397462
300 213814 486906
301 214736 529746
302 214790 342846
303 215406 329682
304 216034 485940
305 216990 139784
306 217136 42792
307 217930 43748
308 217952 311162
309 219420 44368
310 219586 606176
311 219856 266454
312 221228 236744
313 222526 496204
314 223650 173636
315 223792 602192
316 224622 472976
317 224786 472974
318 224834 4788
319 225754 582950
320 226232 264816
321 227910 502462
322 229074 354602
323 229344 1126
324 229414 600390
325 230014 355652
326 230444 359846
327 230574 430620
328 231152 148984
329 231202 445588
330 231608 60488
331 231752 142828
332 231914 445018
333 232148 486626
334 233314 312412
335 233752 375476
336 233832 184918
337 234060 186248
338 234122 212772
339 234432 24234
340 234608 491722
341 235278 313862
342 235676 72782
343 235862 585820
344 238114 122672
345 238974 170838
346 239286 184848
347 239994 184482
348 241516 413324
349 243740 569264
350 245194 466984
351 245372 444970
352 246678 298224
353 247222 346894
354 247410 298396
355 248606 141316
356 248796 394536
357 248872 349914
358 249492 273646
359 249618 210450
360 251304 103254
361 252062 401576
362 255820 278212
363 256550 370102
364 256976 451560
365 257406 136568
366 258092 262106
367 258280 569316
368 259648 216596
369 260380 518392
370 260700 386028
371 261928 455656
372 263484 499664
373 263732 513404
374 264690 348052
375 266182 326646
376 268096 468602
377 268756 106984
378 269158 258276
379 269400 212672
380 269618 294456
381 269696 107270
382 271012 320880
383 271206 551354
384 271320 530414
385 271752 530466
386 272226 543930
387 272274 553746
388 272332 129422
389 272660 552624
390 272978 178340
391 273440 552926
392 273582 376220
393 273710 376196
394 274622 246834
395 274980 488974
396 275282 78286
397 276262 230542
398 276984 71630
399 277046 73878
400 278022 74934
401 278300 441022
402 278842 76680
403 278868 77522
404 279576 79834
405 280350 69804
406 280616 74382
407 280796 75830
408 281564 324574
409 282228 219828
410 282562 290558
411 282682 290576
412 282838 448486
413 283440 70220
414 284406 305658
415 285160 441508
416 285432 589996
417 285548 610810
418 285820 393512
419 285868 433980
420 285972 193214
421 286044 147504
422 286728 458070
423 287826 457692
424 287854 436528
425 288204 459398
426 288294 120948
427 288918 100928
428 289032 352970
429 290166 312288
430 290424 312476
431 291194 457850
432 291956 259494
433 293796 371746
434 293996 411064
435 294302 311508
436 294448 402514
437 295230 395440
438 295368 394924
439 296554 291190
440 296564 280578
441 296766 417556
442 296960 331426
443 297064 291272
444 297746 398718
445 298232 396672
446 299056 394336
447 299062 289870
448 299142 358846
449 299808 195408
450 300484 289952
451 300716 291938
452 300862 393636
453 300998 397396
454 301110 295180
455 301246 425608
456 301262 425984
457 302122 292386
458 302384 334912
459 302992 398736
460 303040 334494
461 303336 6944
462 303508 282654
463 303536 187194
464 303776 410626
465 304002 134532
466 304528 220822
467 305938 381066
468 305976 383368
469 306034 130490
470 306398 390296
471 306702 384216
472 306938 386524
473 307036 15138
474 307400 531512
475 308480 515470
476 309440 169464
477 309462 384480
478 309542 195124
479 309998 412438
480 310638 98654
481 310720 196558
482 310976 412664
483 312096 87508
484 312632 218684
485 313082 556970
486 313784 381568
487 313932 391456
488 314680 217524
489 314776 214334
490 314950 530098
491 314976 35794
492 315042 53432
493 315318 520900
494 315372 134706
495 315756 384576
496 316100 456286
497 316346 376140
498 316464 523850
499 316558 213598
500 316758 215592
501 317632 525576
502 318984 361572
503 319504 270444
504 319736 307978
505 319882 521316
506 320000 423444
507 320324 523548
508 320786 536900
509 322198 420480
510 322392 69878
511 322798 69408
512 323784 65812
513 323850 273724
514 323858 244800
515 324114 520928
516 324310 126232
517 325292 552706
518 326070 520392
519 326774 565272
520 326828 540244
521 327188 564886
522 327386 68240
523 328234 66758
524 328474 233232
525 329552 67628
526 329664 391442
527 332556 366170
528 333170 96822
529 335974 310974
530 338370 103810
531 338594 224320
532 338974 236334
533 340314 186214
534 342780 249022
535 343122 522534
536 343248 348758
537 343722 379546
538 343784 60956
539 344256 119252
540 344320 398154
541 344594 115174
542 344856 300082
543 347474 98952
544 349650 498908
545 351418 506452
546 351694 261876
547 351734 469092
548 352154 507108
549 353658 165652
550 353702 590060
551 354492 466424
552 354666 326186
553 355010 14682
554 357012 366254
555 357896 330776
556 357942 591680
557 357988 149210
558 359028 566530
559 360408 232190
560 360950 548794
561 361636 89912
562 363112 121424
563 363312 361370
564 364362 406864
565 364438 341698
566 364474 406888
567 364612 269720
568 364860 345958
569 365240 389740
570 365916 321960
571 365954 388554
572 365996 341946
573 366148 339092
574 366372 235262
575 367058 320534
576 367208 559882
577 367296 559988
578 367538 354238
579 367576 341050
580 367634 188990
581 367718 34956
582 367854 354962
583 367886 593992
584 369584 322286
585 369920 309556
586 370184 453444
587 370680 310212
588 370828 95570
589 370844 315462
590 371832 277022
591 372058 177034
592 373962 346304
593 374738 585228
594 375142 164230
595 375230 164270
596 375252 440478
597 376086 164348
598 379118 438396
599 379220 442536
600 379838 440300
601 380748 88382
602 381092 444054
603 381282 418844
604 381674 205606
605 382222 211426
606 382370 210972
607 382376 211864
608 382706 107486
609 383106 211928
610 383432 233396
611 384200 511750
612 384634 68648
613 385370 204914
614 385704 114030
615 385826 463984
616 386306 532020
617 386876 463724
618 387664 107612
619 388358 300862
620 388592 114202
621 389426 109642
622 389426 423492
623 389460 114314
624 389798 108956
625 389800 314686
626 389930 111576
627 390152 478136
628 390576 316858
629 391384 365618
630 392708 363984
631 392736 293420
632 392952 364868
633 394186 365722
634 395176 363376
635 395672 394682
636 395702 492532
637 395792 365906
638 395826 258116
639 396014 365442
640 396058 107398
641 396328 364360
642 397198 457250
643 397396 490666
644 397714 553814
645 398896 316362
646 399142 247980
647 399778 330958
648 399796 330736
649 400084 298930
650 400444 106654
651 400570 298700
652 401344 38228
653 401516 395870
654 401982 393896
655 402046 38086
656 402218 270808
657 402434 473794
658 404192 620138
659 404234 291640
660 404456 168944
661 405422 376286
662 405652 581336
663 405696 167936
664 406180 331524
665 406962 401304
666 407332 583904
667 407508 384812
668 407930 305314
669 409198 95260
670 409240 170452
671 409392 76860
672 409536 538182
673 410522 207198
674 410530 214432
675 411776 271300
676 411812 269658
677 412252 284444
678 413738 236944
679 413794 582124
680 413822 458920
681 414242 236756
682 414302 147204
683 414788 387618
684 416900 82114
685 417664 505344
686 418414 615020
687 418514 450110
688 418814 487374
689 419482 456500
690 420056 456392
691 420464 222876
692 423628 215158
693 423660 216774
694 425092 266918
695 426084 279874
696 426562 65138
697 427466 241584
698 427894 199830
699 429404 374650
700 429430 373802
701 429916 239202
702 430180 242996
703 430854 354952
704 432114 376904
705 432510 280468
706 433474 375594
707 433510 320010
708 433538 398736
709 433604 109456
710 433720 271024
711 433798 399432
712 433862 496510
713 434720 577540
714 435278 347616
715 435394 381010
716 435524 379232
717 436856 371230
718 437438 309710
719 438000 357592
720 438010 357108
721 438190 337566
722 439120 370020
723 440392 187100
724 441732 347628
725 441844 202890
726 442814 248882
727 443372 130522
728 444472 426786
729 447666 351040
730 447988 81546
731 448554 447544
732 451160 335064
733 452384 481898
734 453744 78638
735 457060 534632
736 457484 535340
737 457768 514126
738 459998 426670
739 460104 531826
740 461138 167996
741 462408 343344
742 463362 343840
743 463484 343364
744 463702 585354
745 465212 340062
746 465652 34104
747 465822 205428
748 466242 340632
749 466676 341818
750 468086 579376
751 469562 78982
752 469906 366938
753 470126 308458
754 470340 433872
755 470682 324862
756 472178 436196
757 472524 368224
758 473054 434440
759 473238 170534
760 474026 274584
761 475136 161918
762 475896 210886
763 476794 112740
764 476972 131550
765 477036 523696
766 477742 129752
767 478222 19952
768 478342 132454
769 478536 279268
770 479694 214098
771 481336 268490
772 481876 243206
773 482268 174930
774 483470 299024
775 483518 444464
776 484358 311676
777 484678 444704
778 484820 196430
779 485526 567942
780 486112 537122
781 486396 186890
782 486640 549780
783 487968 109130
784 489180 492232
785 490624 257794
786 490878 79076
787 491262 258312
788 491392 439980
789 491950 129140
790 492800 325606
791 494826 350118
792 498474 337592
793 498480 338018
794 499534 78932
795 501504 54170
796 501840 55534
797 504614 550038
798 505392 300294
799 505520 426652
800 507868 474632
801 508470 161598
802 511032 403926
803 511396 391940
804 514672 254216
805 515444 22094
806 517448 355366
807 518740 283672
808 519320 287420
809 519786 36192
810 520350 352590
811 520500 352294
812 521100 340342
813 521928 103108
814 522436 100818
815 522748 103000
816 523112 351506
817 523928 312254
818 523956 551700
819 524048 239964
820 524072 240350
821 524256 102914
822 526604 536128
823 527472 594648
824 528440 462552
825 529556 239022
826 530490 7318
827 532868 341802
828 532934 289966
829 533760 288948
830 534016 8488
831 534678 265588
832 535264 263718
833 536160 501488
834 536668 471662
835 537630 265140
836 537804 387226
837 540790 47128
838 541938 317012
839 543260 518556
840 543492 257962
841 543818 88650
842 544122 179854
843 544236 201660
844 544366 179908
845 544480 169126
846 545220 109328
847 547510 571816
848 548364 216600
849 549858 147580
850 549974 276332
851 551650 199552
852 552758 104510
853 552848 284826
854 552912 203166
855 552938 75030
856 553284 158506
857 553290 200656
858 553646 157900
859 553918 403594
860 555054 590100
861 556182 279500
862 556604 201362
863 557448 200676
864 560806 124596
865 561400 121332
866 562064 123472
867 563052 45382
868 563344 439342
869 564090 243342
870 565254 93802
871 565254 347578
872 568256 136874
873 569148 417112
874 569916 97654
875 570614 441370
876 572120 435296
877 573196 180930
878 573970 498108
879 575260 146890
880 578030 388520
881 578510 398822
882 578716 433160
883 579298 446254
884 580256 334668
885 580480 120780
886 581818 357388
887 582694 203016
888 583558 190410
889 584010 187456
890 587024 582802
891 587848 538340
892 589492 461774
893 591880 479206
894 591966 93668
895 592652 344206
896 593058 308128
897 599434 559206
898 599786 560088
899 601312 231704
6 9 2 1 8 11 17 
5 6 0 23 15 24 
4 3 4 0 9 
7 31 34 18 2 28 22 56 
5 19 5 7 2 10 
3 37 7 4 
3 13 8 1 
3 42 4 5 
3 0 6 13 
3 2 0 20 
3 4 12 14 
3 36 0 13 
3 10 18 25 
5 11 8 6 51 54 
3 16 10 32 
4 33 1 23 100 
3 41 14 21 
4 43 26 0 36 
3 12 3 29 
3 40 4 41 
3 28 9 26 
3 16 45 78 
3 3 30 75 
6 134 100 15 1 323 318 
5 44 39 1 68 80 
3 32 12 27 
4 52 55 20 17 
3 25 35 81 
3 30 3 20 
3 35 18 49 
3 22 28 58 
3 96 46 3 
3 14 25 45 
3 91 15 47 
3 49 3 38 
3 27 29 50 
3 17 11 63 
3 42 5 48 
3 49 34 46 
4 53 24 44 74 
3 48 19 61 
3 19 16 61 
4 76 101 7 37 
4 60 57 17 86 
3 39 24 115 
3 21 32 64 
3 38 31 119 
3 77 33 99 
4 65 37 40 112 
4 50 29 34 38 
3 35 49 81 
3 54 13 53 
3 59 55 26 
3 51 39 117 
3 88 13 51 
3 58 26 52 
3 107 3 79 
3 67 59 43 
3 82 30 55 
3 82 52 57 
3 62 43 87 
3 40 41 102 
3 73 70 60 
3 36 88 110 
3 69 45 66 
3 94 93 48 
3 64 89 103 
3 71 57 70 
3 24 105 72 
3 78 64 83 
3 67 62 73 
3 140 114 67 
3 80 68 129 
3 70 62 85 
3 39 135 124 
3 79 22 82 
3 97 42 90 
4 91 47 99 104 
3 84 21 69 
3 116 56 75 
3 24 72 111 
3 27 50 89 
4 114 75 58 59 
3 84 69 144 
3 102 78 83 
3 73 98 113 
3 87 43 118 
4 127 92 60 86 
3 63 54 146 
3 66 81 103 
3 76 93 160 
3 105 33 77 
3 109 98 87 
3 90 65 95 
3 95 65 156 
3 93 94 202 
3 119 31 107 
3 101 76 133 
3 85 92 109 
3 77 47 106 
3 106 15 23 
4 658 42 97 149 
3 120 61 84 
3 66 89 119 
3 143 77 108 
4 68 91 182 129 
4 108 99 100 128 
3 116 96 56 
3 131 104 106 
3 98 92 123 
3 118 63 153 
3 115 80 158 
3 48 120 157 
3 122 85 121 
3 137 82 71 
3 44 111 135 
3 141 107 79 
3 170 53 151 
3 130 86 110 
4 144 103 46 96 
3 112 102 168 
3 122 113 126 
3 142 113 121 
3 125 109 139 
3 132 74 150 
3 147 126 123 
3 138 121 125 
3 139 87 163 
3 152 106 136 
3 72 105 159 
3 145 118 200 
3 143 108 152 
3 148 124 150 
4 155 97 162 188 
4 220 185 136 23 
3 74 115 150 
3 184 128 134 
3 141 114 140 
3 192 190 126 
3 123 127 163 
3 137 71 142 
3 144 116 137 
3 161 140 122 
3 181 104 131 
5 169 83 119 141 161 
3 164 130 201 
3 153 88 170 
3 186 125 183 
3 151 132 150 
3 101 155 278 
5 148 132 124 135 158 
3 154 117 148 
3 131 128 174 
4 199 110 146 203 
3 197 151 196 
3 149 133 319 
3 202 94 157 
3 156 112 166 
3 150 111 165 
3 165 129 191 
3 162 90 210 
3 178 144 142 
3 133 160 172 
4 180 139 127 164 
3 163 145 194 
3 167 158 159 
3 157 168 171 
3 187 165 213 
3 166 120 169 
3 176 168 144 
3 146 117 197 
3 173 166 175 
4 188 162 261 275 
4 202 171 175 176 
3 193 152 184 
3 173 171 176 
4 173 175 169 177 
3 206 176 179 
3 221 179 161 
3 212 177 178 
3 183 163 198 
3 182 143 193 
3 191 105 181 
3 195 147 180 
3 174 136 185 
4 189 184 134 220 
3 204 192 147 
3 196 167 209 
3 133 172 264 
3 231 208 185 
3 246 228 138 
3 159 182 224 
3 214 138 186 
3 181 174 216 
3 198 164 239 
3 204 183 215 
3 222 154 187 
3 203 170 154 
3 180 194 269 
3 207 153 205 
4 218 201 130 207 
3 235 145 200 
5 95 156 173 206 210 
3 153 197 205 
3 214 186 195 
3 199 203 240 
3 202 177 212 
4 218 200 199 211 
3 242 216 189 
3 223 187 213 
3 160 202 300 
3 218 207 234 
3 206 179 219 
3 209 167 226 
4 217 192 204 244 
3 249 195 276 
3 242 193 208 
4 237 236 241 214 
4 259 200 207 211 
3 212 229 247 
3 185 134 473 
3 227 178 228 
3 238 196 225 
3 291 225 209 
3 226 191 242 
3 255 222 223 
3 271 213 224 
3 230 229 221 
4 251 221 190 232 
4 247 219 227 233 
3 277 233 227 
4 306 273 189 339 
3 228 257 286 
3 329 229 230 
4 338 279 211 262 
3 239 201 259 
3 241 217 253 
3 245 217 274 
3 248 243 222 
3 194 235 269 
3 250 205 243 
3 246 217 236 
4 270 224 216 208 
3 250 240 238 
3 214 249 263 
3 287 254 237 
3 258 190 241 
3 316 219 229 
3 250 238 252 
3 244 215 268 
5 262 240 243 248 256 
3 265 228 290 
4 248 255 260 256 
4 289 272 236 254 
3 267 253 245 
3 252 225 260 
3 250 252 294 
3 232 258 284 
3 257 246 272 
3 235 218 288 
3 252 255 305 
3 275 172 301 
3 234 250 283 
3 244 268 266 
3 188 387 349 
3 277 251 290 
3 308 263 292 
3 296 299 254 
3 263 249 282 
3 198 239 288 
3 271 242 273 
3 291 226 270 
3 284 258 253 
3 285 270 231 
3 237 308 303 
3 172 261 389 
3 215 293 281 
3 280 230 265 
3 149 315 310 
3 288 234 368 
3 327 332 277 
3 282 276 293 
3 298 268 281 
3 359 262 297 
3 286 257 272 
3 344 273 307 
3 232 284 290 
3 295 245 302 
5 312 293 269 259 279 
3 290 253 299 
5 327 265 251 286 289 
3 305 223 271 
3 352 266 298 
4 311 281 276 288 
4 314 297 256 328 
3 348 296 287 
3 299 267 295 
3 337 283 294 
3 292 282 311 
4 351 289 267 296 
3 313 210 304 
4 383 261 321 369 
4 353 322 287 303 
3 302 274 341 
3 313 300 316 
3 331 260 291 
3 307 231 339 
3 309 285 306 
4 334 274 266 354 
4 330 342 307 491 
3 417 278 315 
3 298 293 320 
3 320 288 397 
3 321 300 304 
3 336 294 345 
3 310 278 324 
3 304 247 317 
3 333 316 350 
3 461 23 323 
3 343 155 367 
3 358 311 312 
3 301 313 340 
4 363 325 326 302 
3 826 318 23 
3 315 343 416 
3 370 326 322 
3 335 322 325 
3 351 280 290 
3 294 331 355 
3 350 233 332 
4 405 398 342 309 
3 328 305 344 
3 329 280 351 
3 372 340 317 
3 341 308 380 
3 356 348 326 
3 337 314 346 
3 379 297 336 
3 368 234 359 
3 306 231 473 
4 372 373 321 333 
3 375 303 334 
3 360 309 330 
3 324 319 485 
3 331 285 360 
3 347 314 355 
3 420 336 347 
3 346 345 390 
3 364 295 335 
3 367 264 485 
3 395 317 329 
4 364 332 327 299 
3 354 292 362 
3 374 357 302 
3 308 352 380 
3 345 328 365 
3 361 335 370 
3 392 363 353 
3 362 320 366 
3 379 338 283 
3 344 342 396 
3 401 371 356 
3 410 352 358 
3 418 322 357 
3 371 351 348 
3 355 377 388 
3 358 397 378 
3 319 349 485 
3 409 279 338 
3 384 301 373 
3 434 356 325 
3 376 364 361 
3 493 340 333 
3 498 369 340 
3 393 353 375 
3 374 341 382 
3 395 371 422 
3 381 365 396 
3 440 366 394 
3 484 359 337 
3 334 354 410 
4 426 377 404 427 
5 408 375 411 414 429 
3 389 301 386 
3 385 386 369 
3 474 386 384 
4 383 384 385 474 
3 264 391 517 
3 421 365 426 
3 391 275 383 
4 463 478 347 421 
3 387 389 508 
3 418 357 393 
3 418 392 374 
3 432 378 397 
3 475 350 376 
3 377 360 399 
4 394 366 312 409 
3 399 330 405 
3 400 396 398 
4 402 403 399 406 
4 412 422 361 419 
3 403 400 407 
3 404 400 402 
3 427 381 403 
3 413 398 330 
3 407 400 413 
3 483 402 406 
3 428 382 430 
3 466 397 368 
3 411 380 362 
4 439 414 382 410 
3 423 401 415 
3 406 405 492 
3 429 382 411 
3 412 419 424 
3 550 324 519 
3 658 310 556 
4 436 363 392 393 
5 424 415 401 441 456 
3 449 489 346 
3 390 388 465 
3 425 376 401 
3 431 425 412 
3 415 419 506 
3 518 422 423 
3 469 388 381 
3 381 404 480 
3 433 408 442 
3 430 382 414 
3 408 429 435 
3 544 423 496 
3 440 394 466 
3 437 428 448 
3 441 370 436 
3 442 430 454 
3 434 418 437 
3 436 433 438 
3 444 437 448 
3 443 411 447 
3 447 378 432 
3 456 419 434 
3 458 428 435 
3 451 439 450 
3 455 438 445 
5 453 444 448 446 452 
3 445 458 468 
3 450 439 440 
4 445 438 433 458 
3 481 499 420 
4 451 443 447 462 
3 457 443 450 
3 445 472 470 
3 459 445 470 
3 460 435 457 
5 456 444 464 479 482 
4 419 441 455 509 
3 454 451 503 
4 446 448 442 460 
3 464 453 487 
3 467 458 454 
3 826 473 318 
3 450 484 514 
3 478 390 476 
3 479 455 459 
3 494 421 469 
3 432 409 484 
3 471 468 460 
3 472 446 467 
4 465 426 530 543 
3 453 452 486 
3 477 472 467 
4 452 468 471 477 
4 339 220 461 553 
3 386 385 490 
3 505 493 395 
3 463 494 539 
3 472 471 486 
3 481 390 463 
3 482 455 464 
3 427 483 528 
4 605 449 478 533 
3 455 479 540 
3 480 407 510 
4 462 466 379 488 
4 343 367 349 517 
4 495 470 477 497 
3 459 495 526 
3 524 484 489 
3 500 488 420 
3 508 474 501 
3 492 309 553 
3 512 413 491 
3 507 372 475 
3 476 465 516 
3 487 486 537 
3 547 431 596 
3 486 502 527 
3 501 373 507 
3 531 500 449 
3 532 489 499 
3 490 498 507 
3 497 504 536 
4 513 504 457 514 
3 529 502 503 
3 507 475 515 
3 424 509 603 
5 501 498 493 505 515 
3 520 391 490 
3 506 456 564 
3 483 512 511 
3 510 512 522 
4 523 511 510 492 
3 542 503 546 
3 503 462 524 
3 507 505 518 
3 494 561 541 
4 521 485 387 520 
3 535 515 425 
3 550 416 521 
3 576 517 508 
3 558 519 517 
3 528 511 525 
3 525 512 538 
3 534 514 488 
3 612 522 523 
3 540 487 571 
3 554 497 536 
3 530 480 522 
3 552 504 542 
3 469 528 543 
3 559 532 499 
3 534 500 531 
3 580 481 549 
3 546 524 532 
3 560 518 545 
3 527 502 555 
3 571 495 554 
3 696 523 581 
3 562 476 541 
3 482 526 569 
3 539 516 588 
3 585 529 513 
3 469 530 561 
3 611 545 431 
3 548 535 544 
3 567 513 534 
3 636 496 551 
3 616 560 545 
3 580 533 557 
3 556 416 519 
3 547 596 586 
3 555 529 570 
5 767 581 491 473 830 
7 537 527 570 565 568 578 563 
3 536 552 570 
3 583 417 550 
3 591 549 562 
3 593 521 577 
3 574 531 607 
3 576 535 548 
3 516 543 612 
4 557 539 608 614 
3 629 554 582 
3 566 509 569 
3 554 575 573 
3 603 564 635 
3 590 546 574 
3 578 554 572 
3 564 540 571 
4 554 555 552 575 
4 635 569 526 537 
4 568 573 584 579 
3 572 565 584 
3 567 559 610 
3 565 570 585 
3 577 520 560 
3 662 558 576 
3 582 554 568 
3 592 572 589 
3 604 533 549 
3 652 538 553 
3 632 563 578 
3 686 556 593 
3 572 573 589 
4 625 587 575 542 
4 615 627 551 599 
3 628 589 585 
3 541 612 601 
4 592 579 584 587 
3 619 567 638 
3 613 557 594 
3 630 579 589 
3 583 558 666 
3 595 591 614 
3 597 698 594 
3 551 496 598 
3 660 595 620 
3 600 596 622 
3 602 586 600 
3 599 598 728 
3 608 588 612 
3 687 642 599 
3 622 506 566 
3 606 580 613 
3 607 481 606 
3 605 604 673 
3 609 559 605 
3 618 562 601 
3 674 607 673 
3 646 574 674 
4 672 616 544 636 
6 671 601 588 561 525 696 
3 604 591 698 
3 594 562 621 
3 688 586 617 
3 644 548 611 
3 657 615 642 
3 624 608 669 
3 625 590 631 
3 623 597 621 
3 620 614 624 
3 598 603 665 
3 663 620 626 
4 626 621 618 640 
5 628 585 619 631 649 
3 682 623 624 
3 685 643 586 
4 634 587 625 645 
3 633 667 563 
3 632 592 634 
3 625 619 656 
3 633 582 630 
3 637 629 632 
3 639 630 628 
4 653 566 571 654 
3 611 547 643 
3 661 633 639 
3 656 590 646 
4 699 637 634 641 
3 624 730 650 
3 639 647 664 
3 680 617 602 
3 685 636 627 
3 679 662 616 
3 648 628 651 
3 638 610 678 
3 641 648 668 
3 647 645 659 
3 625 659 651 
3 709 640 751 
3 645 649 659 
3 696 581 655 
3 665 635 654 
3 653 635 667 
3 652 767 746 
3 631 638 676 
3 688 617 680 
4 101 417 686 860 
4 648 651 649 675 
3 670 597 663 
3 708 683 637 
3 666 577 644 
4 660 623 682 764 
3 700 641 668 
3 728 622 653 
4 744 593 662 679 
3 683 654 629 
3 664 647 677 
3 618 684 730 
3 723 660 740 
3 730 684 612 
3 750 713 611 
3 609 606 725 
3 692 610 609 
4 707 677 659 676 
4 695 675 656 694 
3 703 668 675 
3 646 691 681 
3 666 644 713 
3 657 642 689 
3 697 678 691 
3 663 626 727 
3 711 667 661 
3 669 671 730 
4 736 643 627 688 
3 658 583 823 
3 689 602 754 
4 712 685 615 657 
4 712 680 687 690 
3 733 689 731 
4 681 678 692 693 
4 693 691 674 762 
3 701 691 692 
4 710 676 702 726 
3 705 718 676 
4 734 612 538 652 
3 702 681 701 
3 725 613 595 
3 704 639 700 
4 699 664 703 714 
3 772 697 693 
3 726 694 697 
3 700 677 714 
3 708 699 706 
3 753 695 710 
3 716 704 717 
3 721 675 718 
4 711 661 704 715 
3 763 727 650 
3 760 705 694 
3 738 683 708 
3 735 688 689 
3 744 679 672 
3 700 703 721 
3 708 716 742 
3 715 706 722 
3 706 719 722 
3 732 707 695 
3 722 717 720 
3 719 721 724 
4 724 720 714 707 
4 716 717 719 729 
3 778 747 670 
3 729 720 721 
3 747 673 698 
3 785 694 702 
4 682 709 763 766 
3 600 665 738 
4 722 724 732 741 
6 640 669 684 671 734 751 
3 733 690 756 
3 741 729 718 
4 737 690 731 756 
3 751 730 696 
3 736 712 739 
3 779 685 735 
3 765 739 733 
3 754 728 711 
3 782 735 737 
3 759 670 761 
3 743 729 732 
3 715 743 748 
3 742 741 745 
4 823 666 713 750 
3 748 743 755 
3 795 655 805 
3 762 725 723 
4 749 742 745 793 
3 791 752 748 
3 744 672 779 
4 786 650 730 734 
3 757 758 749 
3 776 755 705 
3 758 687 738 
3 790 745 753 
3 733 731 758 
3 803 752 791 
4 775 756 754 752 
3 842 773 740 
3 769 710 771 
3 740 768 801 
4 770 692 747 778 
3 727 709 783 
3 768 663 766 
3 780 737 775 
3 764 727 789 
3 655 553 830 
3 858 761 764 
3 798 774 760 
3 772 762 778 
3 807 760 787 
3 804 701 770 
3 843 781 759 
3 790 776 769 
3 777 765 758 
3 790 753 774 
4 800 784 775 788 
5 804 770 762 723 781 
5 750 736 782 797 818 
3 782 765 784 
3 819 778 773 
4 797 779 739 780 
3 763 786 813 
3 780 777 800 
3 831 787 726 
3 783 751 794 
3 831 771 785 
3 824 777 799 
3 849 766 846 
4 792 755 776 774 
3 806 757 749 
3 793 790 798 
3 812 748 792 
3 813 786 796 
3 796 746 809 
3 814 794 795 
3 779 782 822 
3 792 769 808 
3 824 788 802 
3 833 784 777 
3 845 761 856 
3 824 799 803 
3 802 757 806 
4 832 772 778 820 
3 809 746 830 
3 803 791 810 
3 808 771 831 
3 817 798 807 
3 837 795 805 
3 836 806 811 
3 810 812 816 
3 811 793 817 
3 783 794 815 
3 815 796 841 
3 813 814 821 
3 859 811 827 
3 812 808 828 
3 847 779 822 
3 820 781 843 
3 804 819 825 
3 852 815 874 
3 818 797 839 
3 686 744 860 
4 834 788 799 802 
3 832 820 848 
3 830 461 323 
3 873 816 838 
3 817 835 829 
3 838 828 840 
5 867 805 767 553 826 
4 807 787 785 835 
3 835 804 825 
3 839 800 834 
3 833 824 868 
4 828 831 832 848 
3 875 868 810 
3 855 809 867 
3 871 827 829 
3 822 833 878 
3 850 829 862 
3 870 814 855 
3 844 759 845 
3 819 773 851 
3 851 842 856 
3 842 801 856 
3 865 789 852 
3 860 818 891 
3 835 825 854 
3 858 789 864 
3 861 853 840 
3 857 843 844 
3 846 821 874 
3 886 871 850 
3 848 857 862 
3 870 841 837 
4 844 845 801 858 
3 854 851 879 
4 856 768 849 872 
3 873 876 816 
4 658 823 847 890 
3 884 850 869 
3 840 854 863 
3 869 862 877 
3 849 865 866 
3 864 846 874 
3 872 864 874 
3 894 837 830 
3 875 834 836 
3 884 861 863 
3 874 841 855 
3 880 838 853 
3 858 866 885 
3 882 859 827 
6 866 865 852 821 870 894 
4 878 868 836 876 
3 883 875 859 
4 888 887 863 879 
3 891 839 875 
3 877 857 885 
3 881 871 886 
3 892 882 880 
3 883 873 881 
3 897 876 882 
4 886 861 869 887 
3 879 872 894 
4 892 880 853 884 
3 884 877 888 
3 887 877 889 
3 895 888 894 
2 860 898 
3 897 847 878 
3 893 881 886 
3 897 892 895 
6 899 896 889 885 874 867 
3 893 889 896 
3 898 895 894 
4 898 891 883 893 
4 890 897 896 899 
2 898 894 
