200
0 1430 196166
1 2022 296926
2 14752 49212
3 21234 222632
4 25744 288840
5 26438 294852
6 33412 467512
7 37726 303530
8 37774 304298
9 38378 464040
10 40414 287672
11 46396 293586
12 47314 210822
13 57908 205090
14 62806 288532
15 65214 415414
16 66184 311030
17 66662 304450
18 66698 353174
19 67378 461020
20 68580 342296
21 70346 25046
22 76952 269356
23 77302 191684
24 83218 31862
25 83962 578792
26 83984 545108
27 85250 162106
28 86200 26458
29 94562 116556
30 94684 607370
31 100472 418358
32 101214 407934
33 103170 304836
34 111516 66910
35 116126 363558
36 117054 581082
37 123792 267846
38 137200 558988
39 145514 473594
40 145898 166928
41 145948 221964
42 146088 74994
43 146872 238738
44 147570 19396
45 149078 447742
46 150712 406398
47 151506 123788
48 151530 276578
49 153658 297590
50 157254 548640
51 159934 73190
52 161860 63608
53 163282 393430
54 164098 231696
55 164408 264358
56 173226 419960
57 175186 75998
58 182100 184026
59 182494 180538
60 185252 358844
61 186456 236480
62 188082 184906
63 191430 254742
64 192744 7738
65 194704 15186
66 194912 352706
67 198926 337186
68 199828 74366
69 209012 267304
70 209812 267402
71 214546 170412
72 222640 497690
73 223422 299482
74 232600 430626
75 238754 245122
76 240022 98138
77 240800 413872
78 247414 247860
79 247524 172044
80 249860 274572
81 251662 598942
82 257776 193900
83 267478 527794
84 269024 172824
85 274372 340364
86 275490 349814
87 275544 180430
88 279474 69876
89 286802 393946
90 287188 239108
91 290474 401178
92 291142 331704
93 293624 403156
94 297380 290608
95 299064 286598
96 299132 419096
97 302608 289646
98 303008 135762
99 305104 297918
100 307950 129828
101 309682 298828
102 315142 406678
103 316304 212722
104 316738 525486
105 318132 528214
106 320610 522886
107 321258 361724
108 323250 279316
109 323976 520800
110 326514 216386
111 328546 68606
112 332306 61476
113 337422 438070
114 337552 69068
115 337570 205576
116 339614 186642
117 339848 376254
118 343088 65174
119 357158 590230
120 360510 364310
121 360958 340872
122 360982 101010
123 364674 44530
124 366484 339950
125 369966 175030
126 371658 539732
127 376494 178818
128 376950 443210
129 377524 445842
130 377640 234800
131 378050 443630
132 381046 435026
133 381134 417864
134 382186 487030
135 383138 438042
136 383708 233000
137 385996 361750
138 387258 465890
139 388382 113170
140 389018 40426
141 389528 465486
142 396014 298596
143 396254 299124
144 397732 182728
145 402744 341796
146 414974 387862
147 415546 49326
148 416894 464458
149 419364 502848
150 419532 373490
151 419642 456068
152 420096 333682
153 422234 288678
154 423156 52508
155 423572 257640
156 427730 368288
157 428228 227942
158 428534 240048
159 437472 378780
160 440820 188746
161 443332 110682
162 449564 614868
163 449852 246256
164 451870 570792
165 451906 117484
166 452606 368666
167 458372 488534
168 474100 11754
169 477038 270038
170 478770 130772
171 486378 548678
172 488970 374016
173 490238 258484
174 493616 522174
175 494526 220476
176 497074 199944
177 501608 54902
178 503008 477962
179 508218 404352
180 518082 356794
181 522852 102750
182 545134 256736
183 552366 243438
184 552464 173908
185 555218 485856
186 562762 207012
187 569558 66882
188 575226 146948
189 578708 379386
190 583208 216430
191 583712 252122
192 586632 48780
193 588606 34236
194 589154 24574
195 589178 494618
196 589224 461930
197 592448 292382
198 595574 124408
199 597348 497804
3 3 1 2 
6 8 18 6 0 4 5 
3 29 0 21 
4 10 4 0 12 
4 5 1 3 10 
3 7 1 4 
5 26 25 30 1 9 
3 8 5 11 
3 16 1 7 
3 6 15 19 
3 11 4 3 
3 7 10 14 
3 22 3 13 
3 22 12 23 
3 17 11 22 
3 9 18 32 
3 20 8 17 
3 33 16 14 
3 15 1 20 
3 39 9 31 
3 18 16 33 
4 28 24 2 64 
4 33 14 12 13 
3 13 27 40 
3 34 21 28 
4 36 30 6 26 
3 38 25 6 
3 40 23 29 
3 24 21 44 
5 47 40 27 2 34 
5 162 6 25 36 81 
3 39 19 32 
3 31 15 35 
5 35 20 17 22 37 
3 42 29 24 
4 46 32 33 49 
3 30 25 38 
4 48 33 41 43 
3 36 26 50 
4 50 19 31 45 
6 59 58 41 23 27 29 
5 54 43 37 40 58 
3 47 34 51 
3 37 41 54 
4 52 28 64 65 
4 72 39 46 56 
3 45 35 53 
5 71 29 42 51 57 
3 49 37 55 
3 67 35 48 
4 81 38 39 72 
3 47 42 52 
4 68 57 51 44 
3 56 46 60 
3 61 43 41 
4 69 48 61 63 
3 74 45 53 
3 47 52 68 
3 62 41 40 
3 62 40 71 
4 77 53 67 66 
4 63 55 54 62 
4 61 58 59 71 
5 70 69 55 61 75 
5 168 123 65 44 21 
3 88 44 64 
3 60 67 86 
4 66 60 49 73 
4 76 57 52 88 
3 70 55 63 
4 80 73 69 63 
4 79 62 59 47 
3 83 50 45 
3 67 70 80 
3 83 56 77 
3 78 63 82 
4 84 79 68 88 
4 74 60 89 91 
3 80 75 90 
3 82 71 76 
4 85 73 70 78 
5 162 30 50 83 119 
4 75 79 84 87 
5 105 81 72 74 104 
3 82 76 98 
3 86 80 94 
4 107 66 85 92 
3 116 82 98 
5 76 68 65 112 111 
3 91 77 107 
3 95 78 103 
3 93 77 89 
3 107 86 99 
3 102 96 91 
3 85 95 97 
3 94 90 108 
3 106 93 102 
3 99 94 108 
3 87 84 100 
3 101 92 97 
3 98 111 122 
3 107 99 108 
4 113 96 93 117 
3 110 90 116 
3 105 83 106 
3 126 83 104 
3 104 96 109 
5 117 89 86 92 101 
6 121 101 97 95 110 130 
3 106 113 134 
3 108 103 115 
4 114 100 88 112 
3 111 88 123 
4 128 109 102 132 
3 122 111 118 
3 110 116 127 
4 115 103 87 125 
4 133 102 107 120 
3 122 114 123 
3 162 81 164 
4 117 121 124 137 
4 120 108 142 124 
4 139 100 114 118 
4 118 112 64 140 
3 120 121 143 
3 127 116 139 
3 164 105 149 
4 130 115 125 139 
4 131 129 113 135 
4 138 134 128 131 
3 108 127 136 
3 129 128 135 
3 135 113 133 
4 135 132 117 146 
4 149 109 129 138 
5 141 131 128 132 133 
3 142 130 144 
3 150 120 145 
3 134 129 141 
6 144 127 125 122 154 161 
3 147 123 168 
3 138 135 148 
4 143 121 136 155 
4 152 145 124 142 
3 157 136 139 
3 156 137 143 
3 133 150 159 
3 154 140 168 
3 149 141 151 
4 126 134 148 167 
3 146 137 156 
3 148 159 179 
3 156 143 153 
3 152 155 163 
3 177 139 147 
3 153 142 158 
5 166 159 150 145 152 
3 158 144 160 
3 163 155 157 
4 151 146 156 172 
3 176 157 165 
3 165 139 177 
5 30 81 119 164 199 
4 169 153 158 175 
4 162 119 126 171 
3 170 160 161 
3 172 156 169 
3 174 149 179 
4 194 147 140 64 
4 180 166 163 173 
3 184 165 181 
3 164 174 195 
4 179 159 166 180 
3 169 175 182 
4 171 167 178 185 
3 173 163 176 
3 186 175 160 
3 161 154 193 
3 185 174 179 
5 196 178 167 151 172 
3 189 172 169 
3 188 170 187 
3 197 173 183 
3 191 182 186 
3 186 170 188 
4 195 174 178 196 
4 190 183 176 184 
3 198 181 192 
4 190 184 181 198 
3 196 180 197 
4 197 191 186 188 
3 197 183 190 
3 198 187 193 
4 198 192 177 194 
3 198 193 168 
4 199 171 185 196 
5 195 185 179 189 197 
7 199 196 189 182 191 190 198 
7 199 197 188 187 192 193 194 
4 162 195 197 198 
