60
0 38062 149596
1 64646 168916
2 68684 458566
3 70626 268916
4 81208 264696
5 87746 162330
6 95296 579782
7 95444 347918
8 118144 451856
9 131364 101948
10 147390 478064
11 149314 476552
12 149588 448892
13 160480 321916
14 161728 17938
15 163210 393348
16 184178 16156
17 187818 178514
18 230684 52160
19 258832 373688
20 271852 411514
21 290986 297534
22 294548 287486
23 299952 291632
24 302466 345986
25 311572 383732
26 316702 555670
27 317340 523262
28 317504 438408
29 319566 288348
30 325000 303076
31 325792 297768
32 334488 496954
33 335312 44446
34 346162 306294
35 348570 111160
36 380954 445252
37 384066 133094
38 384572 68402
39 393240 330260
40 398992 299052
41 408422 330302
42 415160 109740
43 421842 54306
44 425588 67872
45 438022 161282
46 447964 134466
47 458142 99004
48 465972 204928
49 478806 128604
50 505456 602022
51 507202 406090
52 507584 179046
53 516520 266662
54 536942 431818
55 543042 176368
56 543764 258680
57 549974 275904
58 553646 140074
59 580160 264656
3 1 2 14 
4 4 3 0 5 
5 10 6 0 3 8 
3 7 2 1 
4 13 7 1 5 
3 4 1 9 
3 50 2 26 
3 8 3 4 
4 2 7 15 12 
4 17 5 16 18 
3 27 2 11 
3 10 12 20 
3 11 8 19 
3 15 4 17 
2 0 16 
3 8 13 21 
5 43 33 18 9 14 
3 22 13 9 
3 35 9 16 
3 12 30 24 
3 28 11 25 
3 15 22 23 
3 23 21 17 
3 21 22 29 
4 25 19 34 39 
3 20 24 41 
3 50 6 27 
3 26 10 32 
3 36 32 20 
3 31 23 37 
3 34 19 31 
3 30 29 48 
3 27 28 36 
3 43 38 16 
3 24 30 40 
3 37 18 42 
3 32 28 51 
3 45 29 35 
3 42 33 44 
3 41 24 40 
3 39 34 48 
4 25 39 53 57 
3 46 35 38 
4 58 44 33 16 
3 47 38 43 
3 48 37 46 
3 45 42 49 
3 55 49 44 
4 40 31 45 52 
4 55 52 46 47 
4 6 26 54 59 
3 54 36 59 
3 48 49 55 
3 41 55 56 
3 50 51 59 
6 56 53 52 49 47 58 
3 57 53 55 
3 41 56 59 
3 59 55 43 
5 50 54 51 57 58 
