45
0 30634 375664
1 33864 370178
2 73272 208986
3 74288 309704
4 88220 567490
5 127714 9810
6 128540 59794
7 128842 582054
8 144764 473478
9 148064 473448
10 149390 404100
11 159400 265430
12 184844 381734
13 213090 284014
14 214392 346006
15 244382 268504
16 261388 267608
17 273196 552610
18 273696 76726
19 291702 258254
20 294330 395962
21 302958 302434
22 312814 263944
23 315638 215422
24 318764 363414
25 324672 65332
26 327128 427932
27 374638 338824
28 385946 146160
29 402276 294584
30 404522 342150
31 411864 609594
32 424842 611360
33 428928 369950
34 429594 240456
35 444226 580208
36 466100 35064
37 466614 341574
38 474786 299418
39 495144 462388
40 498344 190852
41 520522 340616
42 555324 484828
43 562886 215864
44 577064 467346
3 4 2 1 
3 0 6 3 
2 0 5 
3 10 1 6 
5 31 7 0 8 17 
6 36 25 18 13 6 2 
4 11 3 1 5 
2 32 4 
3 4 10 9 
3 17 8 12 
3 8 3 11 
3 12 10 6 
3 9 11 14 
3 14 5 15 
3 20 12 13 
4 13 18 23 16 
4 21 20 15 19 
3 31 4 9 
3 15 5 25 
3 22 16 23 
3 26 14 16 
3 27 24 16 
3 29 19 34 
3 19 15 28 
3 26 21 27 
4 28 18 5 36 
3 32 20 24 
3 30 24 21 
4 40 34 23 25 
3 30 22 34 
3 33 27 29 
3 32 4 17 
5 7 31 26 35 44 
3 39 30 37 
4 38 29 22 28 
3 32 39 42 
3 43 25 5 
3 39 33 38 
3 41 37 34 
4 42 35 33 37 
3 43 41 28 
3 44 38 40 
3 35 39 44 
3 44 40 36 
4 32 42 41 43 
