400
0 408 196246
1 3570 491596
2 6622 344604
3 9610 313046
4 14408 245416
5 15006 619266
6 15478 88696
7 18814 440636
8 23554 204744
9 23866 618452
10 24812 289790
11 26198 39228
12 26268 66884
13 27274 175086
14 28576 63390
15 32912 352626
16 33550 236130
17 36558 467980
18 39318 39176
19 39336 38252
20 44050 404806
21 45492 293930
22 48348 59156
23 48832 224268
24 54768 537130
25 54888 586602
26 60978 165710
27 63222 342590
28 64310 345050
29 64712 346186
30 65836 342816
31 67532 458188
32 68162 460736
33 69430 433314
34 70268 455878
35 70516 24854
36 72326 69450
37 72836 547366
38 73436 547300
39 74862 269816
40 75960 269258
41 76228 268170
42 76686 340252
43 79740 546514
44 82480 161636
45 83408 356234
46 84758 25328
47 87630 22902
48 91552 21904
49 92010 341884
50 93894 28266
51 94702 444812
52 95378 530462
53 95424 33168
54 95472 348124
55 98422 204848
56 98806 407208
57 99174 178854
58 102228 406236
59 103558 108366
60 105170 327618
61 107358 216262
62 109042 599168
63 111466 479920
64 111702 9220
65 112422 271360
66 114450 283222
67 115014 308788
68 115200 524676
69 116992 46764
70 120070 200548
71 120916 21812
72 121710 523704
73 126006 81980
74 127138 82922
75 127660 195208
76 131018 99978
77 131304 352180
78 136658 508420
79 137770 392900
80 138708 560490
81 141940 106554
82 143786 15548
83 145036 477408
84 150332 478438
85 150838 123646
86 152804 25798
87 157528 86436
88 158610 268918
89 159484 286908
90 163218 505378
91 165390 206788
92 168724 456214
93 170586 503906
94 172240 117170
95 172602 129556
96 176442 421752
97 176986 420296
98 177192 418754
99 178688 415914
100 180706 182098
101 181438 184792
102 182016 139648
103 182532 310396
104 182646 413482
105 183268 527148
106 185094 468076
107 186722 356424
108 188066 410798
109 188282 181198
110 188488 445780
111 192518 450204
112 192696 450658
113 194364 587530
114 196682 369498
115 197584 94400
116 198934 394834
117 202108 607118
118 207886 455814
119 209514 55802
120 213842 486794
121 216308 211946
122 220352 497106
123 220468 77220
124 220522 237394
125 220728 128250
126 221146 56098
127 222966 207284
128 224504 385390
129 224850 6594
130 229104 429830
131 230442 355886
132 231052 429726
133 231120 167956
134 233398 179326
135 235170 585420
136 238626 362450
137 241340 430682
138 243372 569244
139 246418 142726
140 246678 44670
141 246932 325088
142 247472 298364
143 248188 141066
144 248250 59868
145 249124 142210
146 249212 274812
147 249442 172340
148 249676 426814
149 251742 35810
150 252982 109230
151 256020 205640
152 256544 598744
153 257022 167080
154 257800 240506
155 259080 193938
156 260314 256158
157 262054 268236
158 262086 268594
159 264676 118626
160 267968 508462
161 268698 258748
162 268824 285848
163 269104 451644
164 269542 255328
165 270978 300368
166 272418 33334
167 272670 4048
168 272670 348920
169 273662 77186
170 274602 125390
171 276448 68704
172 279438 440918
173 280264 68786
174 280424 74734
175 282056 5018
176 284172 292580
177 284330 451488
178 284834 292864
179 285548 332914
180 285892 495846
181 286704 458910
182 287532 279074
183 287888 325698
184 290724 419112
185 293324 548254
186 293682 200696
187 294764 310642
188 295298 401918
189 295428 302380
190 295478 287642
191 295964 603484
192 296252 293570
193 296290 290588
194 297336 396830
195 297918 399396
196 298214 284952
197 302732 164130
198 302992 401096
199 303020 130810
200 305138 251506
201 305628 37904
202 305860 425040
203 305900 131886
204 306958 87006
205 307030 132150
206 308264 385102
207 309210 410080
208 309232 249240
209 309758 289482
210 310538 289006
211 310596 411592
212 311316 322758
213 313334 87012
214 313918 130602
215 315278 214558
216 315408 521486
217 316568 528110
218 317300 340434
219 317844 340078
220 318576 179624
221 320444 524110
222 320548 521574
223 322548 301028
224 323610 273548
225 324930 70836
226 325860 552996
227 325900 71354
228 326248 375412
229 327426 415018
230 329430 387384
231 329598 269560
232 330226 67888
233 330668 249474
234 330988 388028
235 333952 103060
236 335146 502924
237 336934 269146
238 337522 85852
239 337660 584808
240 339514 223288
241 339588 301912
242 339836 236514
243 343340 265120
244 347074 453684
245 350014 110018
246 350792 247350
247 350898 29140
248 353460 478010
249 354848 466058
250 356448 122554
251 357692 389594
252 360964 580448
253 361354 74264
254 363592 573946
255 364504 340916
256 364550 351968
257 365216 453420
258 368708 195684
259 370138 327860
260 370654 309468
261 370824 314886
262 371108 326678
263 372494 337576
264 373998 346324
265 375360 361442
266 375410 163672
267 375680 350646
268 376296 358038
269 376548 584876
270 378082 441462
271 378162 446790
272 379214 478056
273 380116 440364
274 382420 112360
275 383022 227354
276 383196 210698
277 384350 109594
278 384580 68026
279 385374 203702
280 385448 446200
281 385682 308576
282 386374 371418
283 387044 114136
284 387414 113200
285 388670 250858
286 389598 597488
287 389832 114864
288 390646 224050
289 390776 97646
290 395300 257588
291 395614 441904
292 397720 458292
293 402372 252030
294 403602 94372
295 404324 263358
296 407770 69642
297 408190 409570
298 409264 337302
299 412186 238144
300 413192 491316
301 413556 380430
302 415024 108098
303 415792 582760
304 416118 505376
305 416684 464116
306 417078 288090
307 421306 232052
308 423368 411916
309 426288 279394
310 426886 241990
311 428040 227820
312 428066 227198
313 429700 556616
314 430194 207156
315 430586 373898
316 434440 372804
317 434488 371344
318 434654 155160
319 435948 372140
320 436624 374760
321 436774 377244
322 442414 202628
323 442434 449060
324 443292 486108
325 443368 65642
326 446424 445684
327 446960 298028
328 447714 8280
329 450710 335732
330 451982 262866
331 452036 211170
332 454326 193926
333 456746 255534
334 457128 40126
335 457276 56564
336 464474 329792
337 467026 244066
338 468372 542106
339 470386 512940
340 470510 512744
341 474482 588026
342 477422 350240
343 479378 130068
344 480878 411478
345 488324 369522
346 493552 80944
347 494120 47686
348 494254 219140
349 494956 483662
350 497334 305038
351 497878 350982
352 499628 266738
353 502254 55142
354 502740 426174
355 503834 330122
356 513686 402768
357 518036 60116
358 518494 356622
359 518638 206568
360 518960 415448
361 519264 608092
362 524028 103784
363 531680 56520
364 534304 343588
365 539068 604002
366 541910 317424
367 542344 286474
368 542958 179048
369 544130 543452
370 544856 92340
371 546010 172268
372 550118 276572
373 552438 147206
374 558166 198274
375 560114 60878
376 562758 282018
377 562778 439648
378 562794 207082
379 564864 493072
380 566540 346814
381 569094 99332
382 569248 379462
383 572234 469836
384 580608 309608
385 581340 176816
386 582652 29998
387 583636 202284
388 586986 401988
389 588978 192160
390 589070 192162
391 591288 19692
392 592514 576846
393 593098 246276
394 594066 574522
395 596240 495166
396 596318 537564
397 597250 497978
398 598116 560366
399 599146 560254
4 4 2 1 6 
5 5 0 2 7 17 
5 15 7 1 0 3 
3 2 4 10 
3 3 0 8 
4 1 24 9 361 
4 13 0 11 12 
5 17 1 2 20 33 
4 23 16 4 13 
4 5 25 62 117 
3 21 3 16 
5 12 6 64 35 19 
3 6 11 14 
3 8 6 26 
3 12 18 22 
5 20 2 27 28 29 
4 39 21 10 8 
3 1 7 31 
3 14 19 35 
3 18 11 35 
4 56 7 15 45 
4 42 27 10 16 
3 36 14 35 
3 41 8 55 
3 37 5 32 
4 62 9 37 38 
4 55 13 59 44 
3 30 15 21 
3 29 15 30 
3 45 15 28 
3 28 27 42 
3 32 17 34 
4 63 52 24 31 
3 34 7 56 
3 31 33 51 
7 46 22 18 19 11 64 47 
5 59 22 46 53 69 
3 25 24 38 
3 25 37 43 
3 60 16 40 
3 65 39 41 
3 65 40 23 
3 49 30 21 
3 80 38 52 
3 57 26 59 
4 20 29 49 54 
3 36 35 47 
3 46 35 48 
3 50 47 64 
3 45 42 60 
3 53 48 71 
3 92 34 58 
3 43 32 68 
3 36 50 71 
3 77 45 60 
4 61 23 26 70 
3 33 20 58 
3 75 70 44 
4 51 56 77 79 
5 44 26 36 73 76 
4 54 49 39 67 
3 88 65 55 
4 9 25 80 113 
3 68 32 83 
6 82 48 35 11 167 129 
4 66 40 41 61 
3 67 65 88 
3 60 66 89 
3 52 63 72 
3 73 36 86 
4 91 55 57 75 
3 53 50 82 
3 80 68 78 
3 74 59 69 
3 87 76 73 
4 70 57 85 100 
3 81 59 74 
3 107 58 54 
3 72 84 90 
6 116 99 98 96 58 114 
5 62 43 72 90 105 
3 85 76 87 
4 86 71 64 129 
3 84 63 92 
3 78 83 92 
3 95 75 81 
4 119 87 69 82 
5 115 94 81 74 86 
5 89 66 61 91 124 
3 103 67 88 
3 80 78 93 
4 121 88 70 101 
5 106 84 83 51 110 
3 105 90 106 
3 95 87 115 
3 102 85 94 
3 110 79 97 
3 96 98 104 
3 97 79 99 
3 98 79 104 
3 101 75 102 
3 91 100 109 
4 133 109 100 95 
4 107 89 146 142 
4 97 99 116 108 
5 113 80 93 120 122 
5 120 93 92 112 118 
3 114 77 103 
3 130 104 116 
3 127 101 102 
3 111 92 96 
3 112 110 130 
3 118 106 111 
4 62 105 138 135 
4 128 79 107 131 
4 125 94 87 123 
4 108 104 79 128 
3 9 152 191 
4 106 112 137 163 
3 126 123 86 
3 105 106 163 
3 124 91 127 
3 160 105 163 
4 115 119 126 144 
4 154 88 121 127 
3 139 133 115 
3 123 119 140 
4 124 121 109 134 
6 188 148 132 116 114 136 
4 149 82 64 167 
3 111 108 132 
3 136 114 141 
3 137 130 128 
4 147 134 102 125 
3 151 127 133 
3 152 113 138 
3 194 128 131 
3 118 132 148 
3 135 113 185 
3 147 125 143 
3 126 149 166 
6 183 179 168 131 142 165 
3 141 103 162 
3 145 139 150 
3 150 123 166 
3 153 143 159 
4 103 156 157 158 
3 155 133 139 
3 172 137 128 
3 140 129 166 
3 143 144 169 
3 154 134 155 
3 191 117 135 
3 155 145 170 
3 156 124 151 
4 186 151 147 153 
3 146 154 164 
3 158 146 161 
3 162 146 157 
3 170 145 169 
3 216 122 180 
3 182 157 164 
4 176 165 142 158 
5 122 120 118 172 177 
3 161 156 200 
3 141 162 176 
7 201 173 171 144 140 149 175 
4 328 175 129 64 
4 206 194 141 218 
4 159 150 171 174 
3 199 153 159 
3 173 169 166 
4 163 148 184 202 
4 225 174 171 166 
3 204 169 173 
5 328 247 201 166 167 
3 178 165 162 
3 181 163 202 
4 189 176 182 190 
3 218 141 183 
3 216 160 181 
3 180 177 244 
3 196 178 161 
3 179 141 187 
3 172 188 207 
3 191 138 217 
4 215 155 197 220 
4 212 183 189 223 
3 184 128 195 
3 187 178 192 
3 193 178 196 
6 361 117 152 185 239 286 
3 189 193 209 
3 192 190 209 
4 198 195 136 168 
3 198 188 194 
4 190 182 200 224 
4 186 203 205 214 
4 207 195 194 206 
3 203 170 204 
3 196 164 208 
3 232 166 175 
4 244 177 172 211 
3 205 197 199 
3 213 199 174 
3 197 203 214 
3 198 168 228 
3 211 184 198 
4 233 231 200 215 
4 223 192 193 210 
3 223 209 224 
3 229 202 207 
3 219 187 241 
3 235 204 238 
3 197 205 235 
3 240 208 186 
5 222 221 217 160 180 
3 226 185 216 
4 228 168 179 219 
3 255 218 212 
4 258 186 250 266 
3 226 216 222 
3 221 216 236 
4 241 187 209 210 
3 210 196 231 
3 227 173 232 
3 239 217 221 
3 238 225 232 
3 230 206 218 
4 244 211 230 234 
3 234 229 228 
3 224 208 237 
5 253 238 227 225 201 
4 243 208 242 246 
3 251 229 230 
3 245 214 213 
3 254 222 248 
3 241 231 243 
4 245 213 227 232 
3 191 226 252 
3 275 242 215 
4 260 212 223 237 
3 246 233 240 
3 237 233 290 
5 249 181 202 229 257 
5 274 250 235 238 253 
3 285 233 242 
3 278 175 328 
3 272 236 249 
4 272 248 244 257 
3 220 245 283 
3 270 234 256 
3 286 239 254 
3 245 232 278 
4 269 252 236 304 
3 256 219 259 
5 265 251 255 264 267 
4 249 244 270 271 
4 279 276 220 266 
4 263 255 261 262 
3 261 241 290 
4 262 259 260 281 
3 298 259 261 
3 264 259 298 
3 256 263 298 
3 282 256 268 
3 258 220 283 
3 268 256 298 
3 265 267 298 
3 286 254 313 
3 257 251 273 
3 257 273 280 
3 300 248 249 
5 291 280 271 270 297 
3 283 245 277 
3 285 240 276 
4 288 275 258 279 
3 284 274 289 
4 296 289 253 247 
3 314 276 258 
3 292 271 273 
4 298 261 295 306 
3 297 265 298 
4 266 250 274 284 
3 287 283 277 
3 290 246 275 
5 361 191 252 269 303 
4 318 284 294 302 
3 299 293 276 
3 277 278 294 
4 260 243 285 293 
3 292 273 308 
4 305 300 280 291 
4 295 290 288 299 
4 287 289 296 325 
5 309 306 281 293 310 
3 294 278 325 
4 308 273 282 301 
11 317 315 301 282 268 267 264 263 262 281 329 
3 293 288 307 
4 304 272 292 324 
3 297 298 315 
3 318 287 325 
3 341 286 313 
4 338 313 254 300 
3 324 292 323 
3 327 281 295 
3 299 312 311 
4 291 297 321 344 
3 327 295 330 
3 333 295 311 
4 337 310 307 331 
3 307 314 331 
4 341 303 269 304 
3 312 279 322 
3 301 298 316 
3 321 315 317 
3 319 316 298 
5 332 322 287 302 343 
3 320 317 329 
3 321 319 345 
4 308 316 320 345 
3 331 314 318 
3 324 305 326 
5 340 339 300 305 323 
5 346 302 294 296 335 
4 349 323 344 354 
4 350 336 306 309 
5 391 334 247 175 167 
3 319 298 336 
3 352 309 333 
5 337 311 312 322 332 
3 348 331 318 
3 352 330 310 
3 347 335 328 
3 325 334 347 
3 342 329 327 
4 352 311 331 348 
3 341 304 339 
3 338 324 340 
3 339 324 349 
4 361 303 313 338 
3 345 336 355 
3 371 318 362 
3 326 308 356 
5 356 321 320 342 351 
4 362 325 353 357 
4 353 335 334 391 
3 337 332 359 
4 379 369 340 326 
3 355 327 352 
3 358 345 355 
5 367 350 330 333 337 
3 357 346 347 
4 377 326 356 360 
4 358 351 342 350 
4 354 344 345 382 
3 346 353 363 
4 382 351 355 364 
3 348 368 374 
3 377 354 382 
5 5 191 286 341 365 
3 343 346 370 
3 375 357 386 
3 380 358 366 
3 361 369 392 
3 364 367 376 
3 366 352 372 
3 374 359 371 
3 365 349 396 
3 373 362 375 
5 385 374 368 343 373 
3 376 367 378 
3 371 370 381 
4 378 359 368 371 
3 370 363 386 
3 366 372 393 
4 383 354 360 388 
3 372 374 387 
3 397 349 383 
3 382 364 384 
3 385 373 391 
5 388 360 356 358 380 
3 395 379 377 
3 388 380 393 
3 389 371 381 
3 375 363 391 
3 393 378 389 
4 395 377 382 384 
3 390 387 385 
3 393 389 391 
7 399 393 390 381 386 347 328 
3 365 398 394 
6 397 384 376 387 390 391 
2 392 399 
3 397 383 388 
3 398 369 397 
5 399 396 379 395 393 
3 392 396 399 
4 394 398 397 391 
