500
0 1820 156556
1 3506 229124
2 8050 293812
3 8060 393276
4 8410 282766
5 9976 278806
6 14830 88132
7 14942 500942
8 23424 618034
9 24940 393686
10 29556 159032
11 30094 90910
12 32530 151684
13 33140 515906
14 33858 550010
15 35030 304874
16 35040 237068
17 35256 305224
18 35786 224520
19 38584 149518
20 38744 471846
21 45724 143178
22 46766 403128
23 47090 244940
24 47136 404844
25 48802 422378
26 50642 235824
27 50996 271998
28 55858 217836
29 55962 217612
30 57944 246822
31 62630 346372
32 63768 288690
33 64702 168714
34 66162 349428
35 66652 335648
36 66754 310530
37 67028 352534
38 67196 458582
39 67466 348100
40 68892 253452
41 69658 531252
42 70270 24562
43 71268 41532
44 71296 365636
45 71344 447986
46 71676 346920
47 71832 459986
48 72390 547300
49 73048 135126
50 74482 386412
51 76762 350852
52 76904 577170
53 76956 205814
54 77494 265498
55 77644 581596
56 77844 575636
57 78930 349610
58 80138 433784
59 80280 523400
60 84148 58188
61 84388 538366
62 84934 22762
63 85160 619142
64 86034 370082
65 86304 419170
66 86570 33244
67 87942 26844
68 90016 459754
69 90076 29712
70 91458 27374
71 93146 486372
72 93872 445374
73 94672 279180
74 97022 529880
75 100182 203076
76 100452 406408
77 102476 83484
78 109262 249286
79 114082 396484
80 116712 190488
81 117146 180684
82 120412 185032
83 121914 323446
84 122346 323088
85 124300 415626
86 124854 610056
87 128038 368738
88 130372 84812
89 130374 521952
90 131694 351736
91 131892 297082
92 134426 561650
93 134806 562246
94 135052 560786
95 135836 226170
96 137114 393546
97 137796 159748
98 140630 471814
99 141776 555208
100 144072 213418
101 144970 212812
102 145416 338056
103 145458 331602
104 146588 211902
105 146602 486658
106 148288 475780
107 150156 260128
108 154344 597094
109 155270 291586
110 155842 242964
111 157586 74764
112 159700 422850
113 161448 288176
114 161468 268104
115 162564 450412
116 162650 393144
117 163650 233594
118 164032 235332
119 165180 400816
120 167684 313896
121 169076 456070
122 170192 87234
123 171278 202582
124 171896 69604
125 172616 417916
126 173838 144538
127 174680 419064
128 175122 573246
129 176520 241992
130 177394 545634
131 177448 547348
132 179892 417832
133 181066 186410
134 182600 180910
135 183280 537654
136 183708 180770
137 185800 181400
138 187210 181538
139 189006 111110
140 190218 265084
141 190362 20702
142 190464 264620
143 193004 63400
144 195472 344470
145 195986 268
146 203248 124912
147 204478 184778
148 204612 288028
149 204696 425874
150 206168 227718
151 207664 27232
152 207856 383832
153 208304 355450
154 210058 381506
155 211350 281258
156 214154 338532
157 215266 432414
158 215842 326322
159 216690 140068
160 218194 234482
161 219152 495992
162 223364 182392
163 226978 387772
164 227782 427938
165 228234 429872
166 228284 504732
167 229402 322010
168 229418 600576
169 229498 593284
170 230874 51126
171 232182 606972
172 233536 48310
173 234746 360658
174 234878 585154
175 235256 453412
176 235580 525870
177 235698 585856
178 238186 157402
179 239600 98382
180 240014 170168
181 240662 618458
182 242896 446066
183 248026 158642
184 248202 452794
185 248410 174826
186 248528 249418
187 248988 302182
188 251038 319638
189 253556 483462
190 254510 526900
191 255464 326234
192 255546 117118
193 258326 373012
194 258860 119788
195 260122 269642
196 260196 515976
197 262402 520994
198 263838 406762
199 265250 385062
200 266742 423572
201 267314 168574
202 268988 508448
203 269774 213110
204 269836 417192
205 270140 212836
206 272800 81552
207 275008 126044
208 275444 76798
209 276200 77686
210 277184 382316
211 277378 77062
212 279060 518948
213 279514 76220
214 279584 270530
215 279726 74186
216 280492 75458
217 281616 70096
218 281996 75762
219 282206 79410
220 283006 25278
221 284502 291814
222 284784 524942
223 285858 77926
224 285902 441792
225 286538 290788
226 286974 196942
227 288164 593102
228 289076 352924
229 290878 281644
230 291822 563010
231 292936 289186
232 295138 295314
233 295170 352596
234 295790 395518
235 296082 399768
236 296472 158260
237 298388 418954
238 299316 393954
239 300310 290916
240 300498 292004
241 301692 17806
242 303314 465748
243 303400 389250
244 303526 293960
245 304758 129052
246 304856 130420
247 305450 129680
248 305522 202020
249 305770 424732
250 308172 296078
251 308308 297244
252 309672 289356
253 312240 215124
254 312964 442932
255 314428 213382
256 315286 134804
257 316142 524372
258 316214 527834
259 316580 101482
260 316822 123144
261 316904 36552
262 317412 339438
263 317498 522782
264 317680 35868
265 318118 99298
266 318162 94170
267 318358 94108
268 318648 101904
269 318658 254170
270 319282 611734
271 320148 523906
272 320948 69362
273 321278 362396
274 323150 71200
275 323906 521088
276 326400 560150
277 326838 520592
278 327450 593882
279 327650 138062
280 328386 63986
281 329806 294696
282 330972 61812
283 331850 63198
284 334696 332564
285 337306 578886
286 337872 157162
287 338472 576630
288 338812 224356
289 339230 235802
290 340134 185368
291 340340 439064
292 342300 544612
293 343986 87064
294 345582 465892
295 346416 365264
296 347712 239836
297 349524 177856
298 349872 381898
299 349970 579596
300 350794 247814
301 350836 110510
302 354632 143124
303 356092 493670
304 356256 460860
305 356600 291430
306 357774 338244
307 359444 117934
308 360848 208904
309 362278 117136
310 362344 432496
311 362754 246480
312 363580 272386
313 363660 159122
314 366068 82670
315 367806 322100
316 368016 323470
317 369722 309482
318 372288 327492
319 372502 109854
320 372546 166790
321 374190 338644
322 375042 406936
323 376182 163878
324 377712 512300
325 377984 585068
326 378364 586056
327 380260 435004
328 381448 46426
329 381598 102096
330 382976 146916
331 383016 394102
332 383822 445168
333 385180 461152
334 385692 113058
335 387194 197456
336 388184 114126
337 388814 113824
338 390776 107548
339 390944 111142
340 392006 363238
341 393184 105032
342 393350 354772
343 394782 349014
344 394856 367568
345 394992 349220
346 395154 366070
347 395656 365234
348 397284 324300
349 397866 491692
350 399398 248244
351 399712 428524
352 400116 118238
353 400930 209172
354 401528 234170
355 401926 409584
356 402340 409862
357 403726 410326
358 407746 600440
359 407906 305316
360 411186 270424
361 411670 237850
362 413212 284708
363 414674 280506
364 415206 221238
365 416234 108412
366 416692 183176
367 421158 91148
368 422772 131364
369 424240 448540
370 424604 612248
371 426370 31318
372 430542 226618
373 430874 376184
374 430986 73994
375 431292 381024
376 431314 354114
377 431338 369516
378 432554 375946
379 434282 376452
380 434900 397954
381 435582 376184
382 437316 337338
383 437680 376140
384 440334 186374
385 440698 209286
386 441002 188230
387 441716 218816
388 443404 508592
389 443908 130792
390 444868 110130
391 447530 604372
392 447978 410806
393 448632 62940
394 449280 616072
395 451272 182638
396 451340 277628
397 451602 118718
398 451804 118702
399 452238 475242
400 458958 194306
401 460760 407944
402 465934 341346
403 466658 412850
404 467144 261136
405 467412 244536
406 467630 339618
407 468670 366688
408 468708 161712
409 468978 235240
410 469008 79010
411 470600 435688
412 473856 268468
413 482938 454104
414 482980 175270
415 483246 474304
416 485124 130446
417 485160 86740
418 485358 475136
419 487692 40422
420 488620 426464
421 493710 178050
422 497362 304858
423 500786 354678
424 502336 299482
425 508502 84146
426 510544 165486
427 512688 561746
428 513250 463050
429 514422 41402
430 515544 22770
431 517370 178188
432 518868 609014
433 518948 284436
434 519326 362414
435 519684 608808
436 520172 413848
437 522546 241162
438 523572 137296
439 523770 152930
440 524568 102710
441 524878 101354
442 526708 28494
443 529894 269500
444 531416 508922
445 531426 344040
446 533556 288284
447 533766 29068
448 533790 264098
449 536166 195906
450 537668 386552
451 538024 387010
452 544280 316828
453 545592 291752
454 546944 171176
455 549392 132714
456 554442 283710
457 555292 482416
458 555384 579578
459 557014 264970
460 558380 147536
461 559602 199362
462 561486 365398
463 564182 586860
464 564380 33884
465 565162 132260
466 566682 49998
467 566810 23326
468 568262 548542
469 569620 321086
470 571078 59648
471 572574 520760
472 574308 319180
473 574400 451926
474 576330 373118
475 580350 511462
476 580912 309242
477 581066 284586
478 582968 203552
479 583062 201570
480 584602 461790
481 585380 462036
482 585684 401638
483 589154 461080
484 590384 115332
485 590492 461814
486 591372 585764
487 591762 317546
488 591950 292690
489 592140 19684
490 592788 577738
491 593300 244562
492 593936 574316
493 596044 218360
494 596188 495238
495 596558 495738
496 598356 559028
497 600054 276158
498 600388 559150
499 601128 560642
4 4 2 1 6 
2 3 0 
3 3 0 4 
4 9 7 1 2 
3 2 0 5 
5 15 17 4 10 16 
4 11 0 42 43 
5 41 13 8 3 20 
4 63 7 14 55 
5 22 3 31 37 51 
3 5 11 12 
4 12 10 6 60 
4 18 10 11 19 
3 48 14 7 
3 52 8 13 
3 17 5 27 
3 23 5 18 
3 31 5 15 
3 16 12 28 
4 33 12 21 49 
3 7 25 38 
3 19 77 88 
3 24 9 44 
3 27 16 26 
3 25 22 50 
3 45 20 24 
3 30 23 28 
3 35 15 23 
3 26 18 29 
4 78 28 33 53 
3 40 32 26 
3 34 9 17 
3 36 30 54 
3 29 19 49 
3 37 31 39 
3 39 27 36 
3 35 32 54 
3 9 34 51 
3 47 20 45 
3 34 35 46 
3 54 30 78 
3 48 7 59 
3 6 145 62 
3 6 67 66 
3 64 22 57 
3 38 25 58 
3 57 39 73 
3 59 38 68 
3 56 13 41 
7 97 123 81 53 33 19 122 
3 65 24 64 
3 9 37 57 
3 55 14 56 
3 29 49 75 
4 73 36 32 40 
4 8 52 56 92 
4 55 52 48 61 
4 44 51 46 83 
3 72 45 65 
3 61 41 47 
3 77 11 66 
3 56 59 74 
3 67 42 145 
3 8 86 181 
3 50 44 90 
3 58 50 76 
3 60 43 69 
3 70 43 62 
3 71 47 72 
4 124 111 66 70 
3 69 67 141 
3 74 68 98 
3 68 58 85 
4 109 91 46 54 
3 61 71 89 
3 95 53 80 
3 65 87 79 
3 88 21 60 
3 107 40 29 
3 85 76 87 
3 100 75 82 
4 150 104 82 49 
3 101 80 81 
3 90 57 84 
4 116 119 83 91 
4 98 72 79 96 
3 181 63 108 
4 96 79 76 90 
3 21 77 111 
3 94 74 105 
4 125 87 64 83 
6 120 144 103 102 84 73 
3 93 55 94 
3 181 108 92 
3 92 89 99 
3 118 110 75 
3 112 85 87 
3 123 49 126 
3 106 71 85 
3 128 94 105 
3 117 80 101 
3 100 82 104 
3 116 91 103 
3 152 102 91 
3 195 101 81 
3 99 89 106 
3 105 98 115 
3 114 78 110 
3 181 86 93 
3 120 73 113 
3 142 107 95 
3 88 69 124 
3 115 96 125 
3 156 109 114 
3 113 107 140 
3 121 106 112 
3 119 84 102 
3 129 118 100 
3 142 95 117 
4 132 127 84 116 
3 144 91 109 
4 161 135 130 115 
4 179 139 49 143 
5 150 49 97 133 147 
3 111 69 143 
3 127 112 90 
3 134 97 139 
3 161 125 119 
3 171 99 131 
3 225 155 117 
4 174 131 121 135 
4 169 168 128 130 
3 149 166 119 
3 123 134 137 
3 133 126 136 
3 130 121 176 
3 137 134 159 
3 138 133 136 
3 147 137 194 
3 146 126 122 
3 148 114 142 
3 151 70 145 
4 155 140 110 118 
3 122 124 170 
3 153 91 120 
6 489 241 220 141 62 42 
3 159 139 179 
4 123 138 178 162 
3 158 140 155 
3 165 157 132 
3 160 81 123 
4 261 217 172 141 
3 164 103 154 
3 173 154 144 
3 163 152 153 
4 187 148 142 129 
3 173 113 158 
3 182 175 149 
4 156 148 187 167 
3 136 146 192 
4 186 195 150 162 
3 166 121 127 
3 160 147 180 
3 198 154 199 
3 165 152 200 
3 224 149 164 
4 190 176 161 132 
3 158 221 188 
3 171 131 169 
4 168 131 177 227 
3 208 143 172 
3 181 128 168 
3 215 170 151 
3 193 153 156 
3 177 130 190 
4 189 157 182 184 
3 190 135 166 
4 169 174 197 230 
3 183 147 207 
3 146 122 206 
3 185 162 183 
7 63 86 108 93 171 270 394 
3 175 157 224 
3 180 178 245 
3 242 175 254 
3 186 180 201 
6 214 160 185 201 246 203 
3 158 155 221 
3 191 167 232 
3 202 196 175 
4 174 176 166 196 
3 228 193 188 
3 194 159 206 
4 210 199 173 191 
4 207 138 192 219 
3 225 104 160 
3 197 190 189 
3 177 196 202 
3 237 204 163 
3 235 163 193 
3 249 164 204 
3 186 185 246 
3 212 197 189 
3 186 236 205 
3 249 200 198 
3 214 203 226 
3 192 179 209 
3 178 194 259 
3 211 209 170 
3 206 208 211 
3 234 193 228 
3 209 208 213 
3 258 222 202 
3 219 211 216 
3 229 186 205 
3 216 172 217 
3 218 213 215 
3 215 151 282 
3 223 216 272 
3 194 213 223 
3 264 145 241 
3 167 187 225 
3 276 230 212 
3 266 219 218 
3 254 182 165 
4 221 129 195 231 
3 248 205 236 
3 278 169 285 
3 210 191 233 
3 231 214 269 
3 287 177 222 
3 239 225 229 
3 262 188 240 
3 273 228 262 
3 235 210 238 
3 237 199 234 
3 226 203 247 
3 249 198 235 
3 322 234 243 
3 240 231 252 
3 244 232 239 
4 430 371 220 145 
3 294 257 184 
3 238 273 298 
3 250 251 240 
3 246 183 259 
4 186 201 245 247 
3 236 246 268 
3 253 226 256 
4 291 200 204 237 
3 251 244 252 
4 284 244 250 281 
3 250 239 300 
3 269 248 255 
3 184 224 291 
3 288 253 290 
4 279 248 260 307 
3 258 242 263 
3 276 212 257 
3 245 207 265 
4 256 268 301 307 
3 282 151 264 
4 233 232 284 306 
3 271 257 294 
3 328 261 220 
3 268 259 266 
3 265 223 267 
3 266 274 293 
4 301 260 247 265 
3 229 253 289 
3 370 181 278 
3 292 263 275 
3 274 218 280 
3 295 243 233 
3 267 272 280 
3 271 304 277 
3 287 222 258 
3 275 303 324 
3 270 227 326 
3 302 286 256 
3 274 272 282 
3 316 251 305 
4 283 280 217 261 
3 314 293 282 
3 306 262 251 
3 299 227 287 
3 297 290 279 
5 299 285 230 276 292 
3 289 255 308 
3 296 269 288 
3 255 286 297 
4 304 254 249 310 
3 427 287 271 
3 329 267 283 
3 263 242 304 
3 298 273 340 
3 300 289 354 
4 308 290 286 313 
3 331 243 295 
3 325 285 287 
3 252 296 311 
3 260 268 319 
3 313 279 336 
3 277 333 349 
5 275 294 291 310 327 
3 315 281 312 
3 321 262 284 
3 256 260 309 
3 288 297 335 
3 307 319 334 
3 304 291 322 
3 312 300 361 
5 317 305 311 361 350 
3 320 297 302 
3 329 283 328 
4 318 316 305 317 
3 321 281 315 
3 348 315 312 
3 343 342 315 
3 309 301 338 
3 335 313 323 
3 340 306 316 
3 355 310 238 
3 366 320 330 
3 277 349 388 
3 326 299 427 
3 358 278 325 
3 332 304 356 
3 314 264 371 
3 338 293 314 
3 323 336 368 
3 355 298 344 
3 333 327 351 
3 303 332 369 
3 336 309 338 
3 353 308 320 
4 330 302 334 337 
3 352 336 339 
4 334 319 329 341 
3 337 341 365 
3 346 295 321 
3 339 338 371 
3 347 318 345 
3 377 345 318 
3 355 331 346 
4 373 375 342 343 
3 344 340 347 
3 380 346 342 
3 376 317 359 
3 324 303 399 
3 360 312 372 
3 332 357 392 
3 368 337 365 
3 354 335 366 
4 361 296 353 364 
4 356 322 331 344 
3 357 327 355 
3 392 351 356 
3 391 370 326 
3 382 348 362 
3 362 350 372 
4 312 311 354 372 
3 359 360 363 
3 362 372 396 
3 354 386 385 
4 390 352 339 367 
3 384 353 323 
3 365 371 374 
3 330 352 389 
3 333 403 411 
4 394 270 358 391 
7 393 374 367 341 328 241 430 
5 363 360 350 361 387 
3 375 345 378 
3 367 371 393 
3 380 345 373 
3 377 348 382 
3 378 343 376 
3 379 373 377 
3 401 378 381 
3 392 347 375 
3 379 407 383 
3 402 376 359 
3 420 381 407 
3 386 366 395 
4 409 387 364 400 
3 400 364 384 
3 405 372 385 
3 444 324 418 
3 408 368 397 
3 397 365 410 
3 435 370 358 
4 351 357 380 401 
3 374 371 419 
3 181 370 432 
3 400 384 408 
3 406 363 404 
3 389 390 398 
3 416 397 417 
3 349 413 415 
4 385 386 395 414 
3 403 392 379 
3 407 382 406 
3 420 369 401 
3 412 396 405 
3 404 387 409 
3 423 402 396 
4 436 383 381 402 
3 414 395 389 
3 405 385 421 
3 417 390 419 
3 413 369 420 
3 422 404 437 
3 428 399 411 
3 421 400 408 
3 418 399 428 
3 426 398 417 
4 416 398 410 425 
3 457 388 415 
3 410 393 430 
4 411 403 383 436 
3 431 409 414 
3 434 412 424 
3 434 450 406 
3 422 443 433 
3 438 417 429 
3 431 416 439 
4 458 325 292 471 
3 415 413 480 
3 440 425 430 
6 467 442 429 419 371 241 
3 449 421 426 
2 394 435 
3 445 424 443 
3 450 423 422 
4 432 391 463 486 
3 473 420 407 
3 448 412 449 
3 439 425 440 
3 426 438 455 
3 438 429 441 
3 440 442 466 
3 447 441 430 
4 446 433 424 448 
3 475 388 457 
3 451 433 446 
3 452 445 443 
3 464 442 467 
4 456 453 443 437 
3 437 431 454 
3 451 423 434 
3 473 450 445 
3 462 446 453 
3 469 452 448 
3 449 455 460 
3 454 439 470 
3 469 448 459 
3 444 418 481 
3 463 427 468 
3 477 456 461 
3 461 454 465 
3 478 459 460 
3 474 473 452 
4 435 458 468 490 
3 466 447 467 
3 479 460 489 
3 470 441 464 
4 464 447 430 489 
3 463 458 471 
4 474 453 456 472 
3 455 466 489 
3 468 427 475 
3 482 469 476 
4 480 436 451 462 
3 483 462 469 
3 471 444 494 
4 487 482 472 477 
3 476 459 478 
3 477 461 479 
3 478 465 484 
3 481 428 473 
3 457 480 483 
3 485 472 476 
3 485 481 474 
3 488 479 489 
3 494 483 482 
4 435 490 492 499 
3 495 476 488 
3 487 484 491 
8 497 493 491 484 465 470 467 145 
3 486 463 492 
3 488 489 493 
3 486 490 496 
3 497 491 489 
3 495 475 485 
3 496 494 487 
3 498 492 495 
4 499 498 493 489 
3 499 496 497 
3 486 498 497 
