800
0 898 297866
1 1006 188414
2 1358 583864
3 3374 491264
4 9684 226588
5 9842 312622
6 11608 238074
7 12120 42870
8 14084 287744
9 14438 593650
10 14786 500884
11 17908 162028
12 18422 496016
13 19138 143762
14 22426 105408
15 22732 484432
16 24048 112890
17 24304 290246
18 24616 289568
19 25584 339412
20 26198 436442
21 26778 248590
22 27332 182538
23 32666 463142
24 33216 341604
25 33496 235542
26 33636 467434
27 33646 276366
28 33658 235006
29 34520 41242
30 34984 305162
31 35298 19902
32 35436 237670
33 36134 464316
34 36390 468174
35 36416 469924
36 37060 470928
37 37234 466150
38 37546 304802
39 37768 301798
40 38156 467956
41 39200 330280
42 39330 38874
43 40722 316142
44 40802 434920
45 41916 590046
46 42250 65694
47 42260 451868
48 46052 480798
49 46456 510814
50 48410 170090
51 51404 49848
52 55054 448398
53 55600 218344
54 55886 476976
55 57286 215796
56 57918 215992
57 58278 251550
58 60156 218292
59 60174 218922
60 60754 190168
61 60872 253192
62 62614 354292
63 63298 354300
64 65130 347232
65 65868 343426
66 67194 442974
67 67206 344170
68 67370 347796
69 68368 539894
70 68958 460566
71 69070 457368
72 69246 347340
73 69454 433124
74 70058 593654
75 70070 457624
76 70596 458242
77 70606 24582
78 70748 53322
79 71336 366220
80 71436 147352
81 71492 456560
82 72852 458472
83 72886 70392
84 73154 471600
85 73620 270796
86 74320 338934
87 74536 387320
88 74750 111120
89 76892 351988
90 76910 256286
91 76992 142288
92 77350 206516
93 78418 351372
94 78488 49730
95 79604 396502
96 80700 220452
97 80910 35096
98 82022 137954
99 82522 161760
100 83194 33332
101 83742 413522
102 84930 618042
103 86092 74972
104 86232 369954
105 86818 63656
106 87064 63976
107 88202 338252
108 89722 233544
109 91154 27102
110 91300 415584
111 91684 24964
112 92500 486056
113 92528 231120
114 92558 386594
115 92810 22232
116 92828 495642
117 95026 577928
118 95822 498902
119 97670 374818
120 99190 189708
121 99916 223080
122 100938 407212
123 102456 261184
124 103714 211814
125 107356 216250
126 108856 281662
127 109168 249290
128 109322 540422
129 109912 452122
130 110154 286300
131 111754 546020
132 113532 471982
133 114084 276890
134 114134 43026
135 115158 86016
136 115318 529044
137 116408 46204
138 117424 582024
139 117666 508212
140 118384 257346
141 119324 202920
142 120072 185030
143 120946 391260
144 123250 241590
145 125052 378336
146 126484 169436
147 126544 177166
148 128402 368814
149 130066 478080
150 130108 216160
151 130746 91406
152 131128 290644
153 132146 345316
154 133244 560548
155 133582 609428
156 134342 560422
157 134642 609298
158 135082 558782
159 135512 559906
160 135692 558564
161 136046 225914
162 136216 458086
163 137020 561440
164 137566 557554
165 137718 562014
166 138290 559588
167 138518 119584
168 139140 457074
169 139826 465260
170 140892 474312
171 141142 358440
172 141148 222190
173 141336 222308
174 141790 368232
175 142372 223240
176 142580 474042
177 142738 474400
178 143110 222790
179 143194 472358
180 143776 23946
181 143930 476168
182 144908 475852
183 145808 470396
184 146876 238852
185 146876 474894
186 147302 19764
187 147348 473504
188 148194 475282
189 148868 474754
190 149658 185282
191 149888 478206
192 151476 580150
193 151490 480914
194 151714 276274
195 151744 123368
196 151892 470248
197 152938 600848
198 153416 372344
199 154016 600806
200 156648 382794
201 157656 97160
202 158640 286796
203 158980 265672
204 159898 267120
205 160604 267936
206 161106 265956
207 161564 210128
208 162026 267458
209 163318 230508
210 163974 205000
211 164630 508192
212 164884 507084
213 164936 337670
214 165118 113618
215 165622 234204
216 166130 41842
217 166336 235492
218 166780 230148
219 167570 232102
220 169462 340198
221 169952 200700
222 173758 396148
223 173832 181136
224 174462 420928
225 174640 418060
226 175100 419978
227 175662 72800
228 176210 465042
229 176398 416814
230 178086 77218
231 178380 279078
232 179426 187800
233 180234 416330
234 180520 254466
235 181690 181320
236 181880 132542
237 183474 185568
238 183998 182822
239 184370 347968
240 184404 183858
241 184608 496386
242 184648 496308
243 184778 180642
244 185544 180108
245 185980 225024
246 186956 253610
247 187930 314076
248 188614 404722
249 188742 181908
250 188792 183362
251 188966 185704
252 189442 419880
253 190566 175744
254 190956 265538
255 190976 115948
256 191092 321488
257 191402 304344
258 191940 199020
259 191984 577902
260 193282 63180
261 193522 11402
262 194106 587886
263 196616 898
264 197272 285144
265 197516 150880
266 199230 417024
267 199288 556894
268 200442 2434
269 201180 2708
270 201758 605192
271 202384 336046
272 202430 435028
273 203684 124878
274 203786 469496
275 204530 426594
276 204602 377758
277 205044 239776
278 206098 195106
279 206762 405670
280 208798 232244
281 209814 230734
282 210228 401740
283 210978 392594
284 214004 339050
285 215266 152256
286 216032 45046
287 220516 255398
288 222158 497780
289 223136 173778
290 224114 572798
291 224466 496916
292 224682 423386
293 224964 5750
294 225494 6456
295 225672 510552
296 226056 5338
297 226628 3358
298 226966 374970
299 227012 6234
300 227144 343852
301 227830 427090
302 228714 426534
303 229566 322194
304 230254 51940
305 230562 428880
306 230602 499142
307 230642 654
308 231232 168106
309 232162 168438
310 232528 405458
311 232636 444726
312 233964 217930
313 234754 80318
314 238334 404138
315 238698 122770
316 240390 611478
317 240798 431084
318 241018 422346
319 245424 568586
320 246100 281808
321 247174 166134
322 247454 297796
323 248314 257388
324 248750 160140
325 249108 249958
326 249934 41298
327 251362 208586
328 254958 117764
329 255214 7878
330 255504 327714
331 255716 327300
332 257052 135974
333 257382 344574
334 257474 610694
335 258414 338118
336 258714 283888
337 259022 513702
338 259092 313922
339 259554 216370
340 260140 476396
341 260364 217086
342 260588 455192
343 260836 419488
344 261656 378458
345 262416 223402
346 266030 101786
347 267244 399894
348 269040 285510
349 269526 173372
350 272104 195452
351 273832 6282
352 274268 37932
353 274436 37612
354 275338 78792
355 275638 63324
356 275660 79788
357 276212 229914
358 276308 544660
359 277984 76632
360 278156 77112
361 278282 111768
362 278952 77450
363 278956 470932
364 279518 77344
365 279580 613222
366 280616 210890
367 281060 72986
368 281422 409102
369 282302 73384
370 282636 283266
371 282986 78786
372 283178 75488
373 283388 367260
374 283904 67986
375 285326 31360
376 285688 441602
377 285864 72900
378 286950 67724
379 287050 79286
380 287114 116304
381 287248 279058
382 287358 393000
383 287662 394400
384 288284 154016
385 288426 153530
386 289740 82554
387 290186 183076
388 290688 186310
389 291374 178628
390 291522 257248
391 291976 82048
392 292506 183084
393 292632 499426
394 293174 82532
395 293494 291264
396 293726 40084
397 294454 596158
398 294810 353356
399 295676 294170
400 296244 284556
401 296280 61852
402 297012 285680
403 297126 295100
404 297284 292946
405 297490 292246
406 297570 293288
407 297736 295054
408 298030 3690
409 298180 193290
410 298380 3426
411 298400 289008
412 298440 287760
413 299076 290118
414 299368 277334
415 300076 364116
416 300080 292028
417 300130 286690
418 300198 290854
419 301100 401164
420 301160 400782
421 301748 289204
422 302042 410954
423 302284 438728
424 302364 483978
425 302676 285838
426 302762 293584
427 303516 135656
428 303630 345396
429 303940 130392
430 304588 131078
431 305532 37826
432 306216 87168
433 306782 383284
434 307706 148886
435 308786 287336
436 308930 560548
437 309868 139830
438 309940 387490
439 310124 380834
440 311358 197008
441 313672 84170
442 315222 216572
443 315684 214110
444 315738 217998
445 315786 122488
446 316252 156082
447 316416 252290
448 316612 36006
449 316618 100482
450 316914 525878
451 317044 35918
452 317166 528024
453 317456 214070
454 317794 214528
455 318146 369942
456 318226 437812
457 318956 145456
458 319038 307278
459 319076 173040
460 319232 101404
461 319334 523420
462 319908 36620
463 320038 98844
464 321010 607800
465 321018 526130
466 321766 607678
467 322772 378046
468 322796 521958
469 323728 528844
470 323976 416358
471 324972 342708
472 325428 69228
473 325472 297152
474 327170 69034
475 327932 233840
476 328108 97398
477 328488 479518
478 329918 480464
479 330784 306556
480 330848 174292
481 330960 82864
482 332650 96662
483 337804 64178
484 337916 63506
485 338102 577412
486 339284 454302
487 339552 385282
488 339922 278580
489 340066 278924
490 340466 184632
491 340618 63890
492 341008 397520
493 341442 380584
494 343224 60002
495 344050 337416
496 344580 300186
497 345258 143176
498 345278 59752
499 345368 267810
500 346658 363254
501 347650 261242
502 348678 12308
503 350320 233390
504 350482 109084
505 350566 229808
506 351064 110352
507 353532 477562
508 353784 249630
509 355318 277440
510 355730 265094
511 355842 277620
512 356362 527956
513 356394 69248
514 357154 121678
515 359506 309040
516 359522 30412
517 360472 68352
518 360922 169802
519 361336 298832
520 362662 549038
521 362944 63280
522 363322 202174
523 363786 183852
524 365164 495290
525 365540 293168
526 366328 534088
527 366548 339002
528 367230 229818
529 367268 52708
530 367938 35392
531 368832 106570
532 369024 77910
533 369138 597704
534 369730 105130
535 370444 148184
536 371014 327268
537 371716 416694
538 372134 112206
539 375916 276932
540 376434 178826
541 377194 318254
542 377678 585976
543 377914 446834
544 378148 65272
545 379528 439586
546 380612 313652
547 381468 419326
548 381952 419736
549 382334 146760
550 382448 109648
551 383746 396290
552 383836 108184
553 383918 68144
554 384530 412860
555 384826 83412
556 386052 201508
557 386190 388764
558 386198 461450
559 386360 115154
560 386584 441194
561 388504 596892
562 388802 184438
563 389356 113812
564 390142 570966
565 390554 461576
566 390858 368092
567 392092 366288
568 392096 398014
569 392458 442442
570 392502 364020
571 394340 367760
572 396906 187910
573 397788 572812
574 397860 108456
575 398048 106106
576 398350 183792
577 399622 198848
578 400116 114308
579 400668 117260
580 402088 445006
581 402106 293486
582 402440 168142
583 402638 166504
584 402952 410008
585 403444 139480
586 403936 139464
587 403940 140922
588 404656 342454
589 404758 41618
590 405228 400842
591 405236 581740
592 405664 166502
593 405872 168206
594 409220 216290
595 413156 524360
596 414062 235862
597 414644 106852
598 415240 136700
599 415840 147564
600 416544 463882
601 417710 504884
602 417984 298346
603 418194 296032
604 418440 450304
605 419244 454942
606 421178 183008
607 421266 90330
608 421984 411790
609 422754 40878
610 422938 370796
611 423228 34366
612 424084 553682
613 424158 449144
614 424880 54720
615 424980 312770
616 425410 301260
617 426590 369302
618 426858 521446
619 427654 240600
620 427890 227614
621 428596 376416
622 428742 238924
623 429354 361788
624 430026 373184
625 431552 242210
626 432802 373662
627 433768 375022
628 434390 375094
629 435020 177436
630 436420 598580
631 436806 162898
632 436970 338442
633 437064 374618
634 437822 357692
635 438350 508410
636 438400 327854
637 438894 337098
638 439488 282398
639 440158 209178
640 441786 262244
641 441878 394816
642 443472 25130
643 444376 399158
644 445036 531504
645 445136 78928
646 447920 375628
647 447928 147964
648 448540 615052
649 448788 102318
650 449284 441842
651 450240 120762
652 450296 273786
653 451044 118862
654 451308 208260
655 452536 280658
656 453506 270456
657 454224 300556
658 455460 124068
659 455788 372214
660 459280 134290
661 460122 485898
662 460132 144462
663 460320 144314
664 463560 343560
665 464106 341226
666 466848 340192
667 469638 204682
668 469878 578280
669 471120 205124
670 472834 433194
671 473606 176332
672 478260 106960
673 481656 122994
674 481964 243232
675 482138 491608
676 482714 354862
677 483334 517994
678 486710 549758
679 487868 40504
680 488676 374062
681 489670 532252
682 489958 396828
683 490606 439202
684 492908 219190
685 494744 350424
686 495244 483344
687 495872 529856
688 497394 272200
689 498032 558608
690 498526 412286
691 499112 90150
692 501834 268782
693 504820 272302
694 505420 272964
695 506298 312120
696 507178 476616
697 508002 405216
698 509522 126310
699 509620 551408
700 510210 358532
701 511680 166852
702 511816 404388
703 512252 118154
704 514246 236292
705 514482 235884
706 516246 617812
707 516758 266724
708 518230 183610
709 518276 426216
710 519196 166146
711 519512 272538
712 520836 393580
713 521810 482274
714 521856 102566
715 522624 274810
716 523124 138170
717 523672 351964
718 523936 240744
719 526816 80898
720 531004 422786
721 531078 189222
722 532214 502312
723 532818 330272
724 533188 291344
725 533336 262270
726 534526 29380
727 537444 387206
728 537712 496490
729 539420 263222
730 541534 317458
731 541722 315010
732 542510 316460
733 542780 316072
734 545234 93494
735 545244 323718
736 546026 291592
737 546404 292250
738 547162 171908
739 549630 133318
740 549734 276894
741 550146 580624
742 551846 363176
743 553228 158712
744 554018 303688
745 554186 189060
746 554878 578424
747 555526 197586
748 555898 197026
749 556384 398336
750 556406 496476
751 556578 496442
752 557216 200740
753 559876 204644
754 560268 105518
755 560308 389712
756 560646 205188
757 561232 147948
758 562800 439836
759 563520 439746
760 564400 104174
761 564804 34370
762 569494 220414
763 570390 113544
764 570766 212554
765 570930 555422
766 573268 113718
767 573348 103954
768 574614 146912
769 575920 289090
770 578906 400200
771 579238 516610
772 579684 515402
773 580028 109434
774 580656 109520
775 581086 272562
776 581216 218656
777 583416 251802
778 583966 224482
779 584314 612256
780 584446 221032
781 585320 600264
782 585364 375644
783 585596 402250
784 586578 49282
785 586858 72592
786 587236 582290
787 587918 509732
788 588636 462894
789 591146 586222
790 591270 585970
791 591884 366760
792 592898 246206
793 593984 242696
794 595068 601462
795 595602 148008
796 598906 476808
797 600080 555608
798 600784 291092
799 601298 446154
5 5 3 2 1 8 
6 4 0 7 14 13 11 
4 9 0 3 10 
3 10 2 0 
3 21 6 1 
3 19 0 30 
3 17 8 4 
2 1 31 
3 17 0 6 
3 102 2 45 
3 2 3 12 
3 22 1 13 
3 49 10 15 
3 11 1 16 
4 16 1 29 46 
3 12 20 26 
3 80 13 14 
4 39 8 6 18 
3 17 21 27 
4 24 20 5 41 
3 23 15 19 
3 18 4 25 
3 28 11 50 
5 33 34 26 20 44 
3 64 62 19 
3 32 21 28 
4 35 36 15 23 
3 18 32 61 
3 25 22 55 
3 46 14 31 
3 5 39 38 
6 115 77 42 29 7 263 
4 57 27 25 53 
3 37 23 47 
3 35 23 40 
3 36 26 34 
3 48 26 35 
3 84 40 33 
3 43 30 39 
4 38 30 17 85 
3 54 34 37 
3 65 19 43 
3 51 46 31 
3 65 41 38 
3 47 23 62 
3 74 9 69 
4 88 14 29 42 
3 33 44 52 
3 49 36 54 
3 69 12 48 
3 60 22 80 
3 78 83 42 
3 70 47 66 
3 32 56 58 
3 116 48 40 
3 56 28 60 
3 53 55 120 
3 61 32 59 
3 59 53 92 
3 96 57 58 
3 55 50 99 
3 90 27 57 
3 63 44 24 
3 79 62 68 
3 72 68 24 
3 67 41 43 
3 71 52 73 
3 72 65 86 
3 63 64 72 
3 128 45 49 
3 84 52 71 
3 75 70 66 
4 89 68 64 67 
3 81 66 87 
3 155 45 117 
3 76 71 81 
3 82 118 75 
3 111 97 31 
3 105 51 94 
3 87 63 89 
3 50 16 91 
3 82 75 73 
3 112 76 81 
3 103 88 51 
3 116 37 70 
3 86 39 90 
4 93 67 85 107 
3 95 73 79 
3 91 46 83 
3 79 72 93 
3 85 61 108 
3 80 88 98 
3 96 58 120 
3 104 89 86 
3 105 78 97 
3 101 87 114 
3 108 59 92 
3 94 77 100 
3 99 91 103 
3 120 60 98 
3 135 97 109 
3 110 112 95 
4 9 155 365 706 
3 98 83 106 
3 119 114 93 
3 106 78 94 
3 135 103 105 
3 119 86 130 
3 90 96 113 
3 134 100 111 
4 224 129 101 122 
3 109 77 115 
3 118 82 101 
3 123 108 121 
3 122 95 104 
3 111 31 186 
3 118 54 84 
3 138 74 131 
4 128 116 76 112 
4 145 143 104 107 
5 124 92 56 99 142 
3 127 113 124 
3 110 114 143 
3 126 113 127 
3 125 121 120 
3 144 124 141 
3 130 123 133 
3 140 123 121 
3 131 69 118 
3 162 132 110 
3 152 107 126 
4 154 117 128 136 
3 149 139 129 
3 126 140 204 
3 137 109 180 
4 167 146 106 100 
3 158 131 139 
3 151 134 216 
3 197 117 154 
3 136 132 149 
3 133 127 144 
3 150 125 142 
3 141 120 147 
3 225 122 119 
3 203 140 125 
3 200 119 148 
3 147 135 167 
3 190 142 146 
3 145 153 174 
3 139 132 170 
4 172 184 161 141 
3 201 167 137 
3 153 130 194 
3 171 148 152 
3 138 131 156 
3 102 74 157 
3 163 154 159 
3 316 155 197 
3 159 136 160 
3 163 156 158 
3 166 158 164 
3 206 203 150 
3 169 129 168 
3 165 156 159 
3 160 211 267 
3 192 163 166 
3 259 165 160 
4 195 146 135 151 
3 228 162 272 
3 183 179 162 
5 177 181 149 179 176 
3 174 153 213 
3 178 173 150 
3 217 175 172 
3 198 148 171 
3 234 184 173 
3 177 170 179 
3 181 170 176 
3 209 172 207 
4 176 170 169 183 
3 134 186 261 
4 193 170 177 182 
3 191 181 185 
4 187 179 169 196 
3 206 150 175 
3 188 182 187 
3 180 115 268 
3 189 185 183 
3 191 185 189 
3 288 188 187 
3 210 147 223 
3 242 182 188 
3 262 199 165 
3 241 212 181 
3 202 152 205 
3 223 167 214 
3 183 228 274 
3 157 138 199 
3 200 174 220 
3 270 197 192 
3 222 145 198 
3 214 151 227 
3 213 194 231 
3 204 144 161 
3 205 133 203 
3 194 204 208 
3 208 161 184 
3 209 178 210 
3 205 206 254 
3 215 178 207 
3 207 190 221 
3 267 164 212 
3 358 211 193 
3 220 171 202 
3 236 195 201 
3 217 209 218 
3 227 137 293 
5 246 173 215 218 219 
3 217 215 221 
3 217 237 245 
3 198 213 247 
3 218 210 232 
3 229 200 239 
4 235 232 190 195 
3 275 110 226 
3 226 143 229 
3 224 225 252 
3 230 201 216 
3 274 196 168 
3 225 222 233 
3 255 227 260 
3 264 202 254 
3 221 223 237 
3 252 229 248 
3 254 175 246 
3 238 223 243 
4 265 214 255 273 
3 219 232 240 
3 251 240 235 
3 222 247 256 
3 258 237 238 
3 358 193 242 
3 295 241 191 
3 250 235 244 
3 249 243 253 
3 277 219 258 
3 287 234 217 
3 239 220 257 
3 252 233 276 
4 278 250 244 289 
3 251 243 249 
3 280 238 250 
5 301 226 233 248 266 
3 244 265 308 
4 320 231 208 234 
3 236 230 313 
3 271 239 257 
3 256 247 264 
3 280 245 240 
3 262 166 290 
3 230 294 286 
3 180 269 293 
3 270 192 259 
3 268 31 307 
3 322 257 231 
3 285 253 236 
4 292 252 279 310 
3 319 164 211 
3 269 186 263 
3 297 261 268 
3 334 199 262 
3 284 276 256 
3 311 168 275 
4 236 354 356 315 
3 340 196 228 
3 305 272 224 
3 283 248 271 
3 287 245 280 
3 281 249 289 
3 266 283 282 
4 277 258 251 281 
4 325 280 278 312 
3 310 279 298 
3 279 276 300 
3 300 271 303 
3 308 265 315 
3 304 260 294 
3 323 246 277 
3 295 189 291 
3 278 249 309 
3 397 259 319 
3 306 288 340 
3 302 266 314 
3 216 261 296 
3 286 260 296 
3 358 242 288 
4 299 294 293 297 
3 410 296 269 
3 282 330 333 
3 329 326 296 
3 283 284 338 
3 305 252 302 
3 301 292 318 
3 284 322 338 
3 313 286 326 
3 317 275 301 
3 393 337 291 
2 410 263 
3 309 253 285 
3 289 308 321 
3 266 282 314 
3 342 272 317 
3 281 327 339 
3 255 304 355 
3 292 310 344 
3 285 273 328 
3 365 157 334 
3 311 305 343 
3 302 347 343 
3 485 290 267 
3 322 254 323 
3 327 309 324 
4 303 264 320 336 
3 320 287 325 
3 321 328 332 
3 323 281 345 
3 304 299 352 
3 339 312 321 
3 324 315 346 
3 353 299 351 
3 335 298 331 
3 415 330 338 
3 349 324 346 
3 344 298 335 
3 316 270 464 
3 373 333 330 
3 348 322 357 
3 450 358 306 
5 398 331 300 303 403 
3 341 312 327 
3 291 274 363 
3 345 339 350 
3 363 311 376 
3 317 318 368 
3 347 314 333 
3 325 341 366 
4 361 332 328 356 
3 318 344 382 
3 399 336 370 
3 387 350 332 
3 341 349 388 
3 375 329 408 
3 355 326 353 
3 352 329 375 
3 273 359 360 
3 374 313 352 
3 346 273 362 
3 390 336 366 
5 436 212 241 295 337 
3 360 354 367 
3 362 354 359 
3 380 384 346 
3 356 360 364 
3 424 340 342 
4 379 371 362 372 
3 648 102 316 
3 357 345 409 
3 369 359 374 
3 376 343 383 
3 372 367 377 
3 395 348 381 
3 391 386 364 
3 379 364 369 
3 433 382 335 
3 367 355 378 
3 396 353 351 
3 342 368 423 
3 369 483 472 
3 374 401 483 
3 391 364 372 
3 385 361 386 
4 400 402 370 390 
4 420 383 347 373 
3 419 368 382 
3 389 361 385 
3 384 380 429 
3 380 371 394 
3 388 349 389 
4 409 350 387 392 
3 387 384 427 
3 381 357 442 
3 394 371 379 
3 388 434 459 
3 461 306 424 
3 432 386 391 
3 404 399 370 
3 401 375 431 
3 533 466 290 
3 415 338 428 
3 403 348 395 
3 402 381 414 
3 484 378 396 
3 412 381 400 
3 338 399 407 
4 406 395 405 416 
3 404 411 413 
3 426 407 404 
3 458 403 406 
3 431 351 410 
4 440 366 388 490 
6 726 502 451 408 297 307 
3 413 405 412 
3 411 402 417 
3 418 405 411 
3 400 444 447 
3 439 331 398 
3 426 404 418 
3 412 447 425 
3 416 413 421 
3 422 383 420 
3 419 382 438 
3 418 425 435 
3 470 423 419 
3 376 422 456 
3 393 363 477 
3 421 417 499 
3 473 406 416 
3 437 389 430 
3 455 398 458 
3 430 385 449 
3 427 429 445 
3 396 408 448 
3 449 394 441 
3 438 373 439 
3 446 392 437 
4 473 421 488 489 
3 485 358 452 
3 457 434 427 
3 420 433 487 
3 433 415 467 
3 522 443 409 
3 463 432 472 
3 444 390 443 
4 454 442 440 453 
3 475 414 442 
3 430 460 506 
3 459 434 457 
3 417 414 475 
3 484 431 451 
3 460 429 432 
3 465 452 337 
3 462 448 410 
3 469 436 450 
3 454 443 522 
3 505 443 453 
3 467 428 471 
3 486 423 470 
3 446 437 497 
3 428 407 479 
3 480 392 446 
3 445 449 463 
3 465 393 468 
4 498 494 451 516 
3 460 441 476 
3 648 334 466 
3 469 450 461 
4 648 464 397 533 
3 493 439 455 
3 512 461 478 
3 520 452 465 
3 456 422 492 
3 455 479 495 
3 441 377 474 
3 496 426 435 
3 481 472 491 
3 447 444 505 
3 463 481 482 
3 478 424 486 
3 468 477 507 
3 471 458 496 
3 490 459 518 
3 476 474 491 
3 504 476 513 
3 377 378 491 
3 491 401 448 
3 542 319 436 
3 477 456 537 
3 492 438 493 
3 489 435 510 
3 435 488 509 
3 409 480 523 
5 481 474 483 484 494 
3 470 487 557 
4 487 467 500 566 
3 491 462 498 
3 500 471 515 
3 479 473 519 
3 535 457 514 
3 513 494 462 
3 425 501 510 
3 493 495 527 
3 499 503 508 
4 642 611 516 410 
3 508 501 505 
3 506 482 517 
4 528 503 475 454 
4 514 445 504 531 
3 524 478 543 
3 501 503 528 
3 511 489 596 
3 488 499 596 
3 525 509 539 
3 526 468 524 
3 482 498 517 
3 497 506 538 
3 536 495 519 
3 530 462 502 
3 504 513 521 
3 480 535 583 
3 515 496 525 
4 564 469 526 595 
3 532 517 529 
3 453 440 556 
3 562 490 540 
3 512 507 558 
4 546 541 519 511 
3 520 512 601 
3 570 500 536 
4 508 505 556 594 
3 544 521 530 
3 589 529 516 
3 538 506 534 
3 555 534 521 
4 466 397 542 561 
3 552 531 532 
3 518 497 549 
3 527 515 541 
3 547 486 551 
3 514 531 550 
3 581 511 619 
3 562 523 582 
3 536 525 546 
3 533 485 564 
3 558 507 545 
3 553 555 529 
3 560 543 548 
3 588 541 525 
3 548 537 554 
3 545 547 584 
3 583 535 559 
3 559 538 552 
3 554 537 557 
3 550 534 575 
3 645 607 544 
3 547 551 568 
3 575 532 544 
3 528 522 577 
4 568 551 492 610 
3 565 524 543 
3 549 550 563 
3 569 565 545 
4 630 533 573 591 
3 572 523 540 
3 585 559 574 
3 573 542 520 
3 600 558 560 
3 493 567 571 
3 571 566 570 
3 590 554 557 
3 580 560 608 
3 567 527 588 
3 610 566 567 
3 577 562 576 
3 561 564 612 
3 578 563 575 
4 597 574 552 555 
3 572 582 593 
3 594 556 572 
3 598 579 574 
3 599 586 578 
3 604 569 643 
6 603 602 615 539 619 638 
3 576 540 592 
3 518 549 592 
3 608 548 590 
3 587 563 586 
3 599 585 579 
3 606 592 585 
3 570 546 632 
3 614 530 609 
3 584 568 621 
3 561 612 678 
4 593 582 583 587 
3 606 576 592 
3 528 577 639 
3 520 635 618 
3 509 510 620 
3 651 575 607 
3 631 629 578 
3 629 586 579 
3 601 565 605 
3 526 600 661 
3 616 581 603 
3 657 602 581 
3 605 580 613 
3 600 604 613 
3 639 593 587 
3 649 597 553 
3 569 584 641 
3 589 611 679 
3 557 571 617 
3 609 502 642 
3 591 573 644 
3 605 604 650 
3 719 645 589 
3 636 581 616 
3 695 615 602 
3 624 610 623 
3 644 595 635 
3 581 539 622 
3 622 596 654 
4 590 624 627 628 
3 625 619 620 
3 617 632 634 
3 626 621 617 
3 640 622 654 
3 627 624 634 
3 628 621 626 
3 621 627 633 
3 654 599 598 
3 779 561 668 
3 667 598 647 
3 623 588 637 
3 646 628 676 
3 626 623 664 
3 618 595 661 
3 666 637 615 
3 665 632 636 
3 581 640 655 
3 594 606 654 
3 652 638 625 
3 643 608 646 
3 726 611 502 
3 580 641 682 
3 612 618 677 
3 691 553 614 
3 641 633 659 
3 631 651 662 
4 706 365 464 466 
3 672 653 607 
3 661 613 670 
3 647 597 653 
3 655 640 656 
3 658 651 649 
5 625 620 639 629 667 
4 657 638 652 688 
3 652 684 674 
3 695 603 655 
3 660 653 673 
3 680 646 685 
3 701 663 658 
4 675 635 601 650 
3 671 647 663 
3 704 662 660 
3 676 634 665 
3 664 637 666 
3 665 636 723 
3 669 654 631 
3 741 630 689 
3 684 667 671 
3 683 650 690 
3 684 669 662 
3 673 649 691 
3 698 658 672 
3 692 656 684 
3 677 661 686 
3 633 664 685 
3 681 644 675 
3 689 591 681 
3 719 609 726 
3 682 659 700 
3 678 677 687 
3 690 643 680 
3 686 670 702 
5 707 674 656 669 671 
3 659 676 723 
3 675 683 696 
3 699 681 722 
3 693 655 692 
3 668 678 699 
3 670 682 697 
5 734 714 703 672 645 
3 693 688 674 
3 694 688 692 
3 731 693 711 
3 730 616 657 
3 713 686 709 
3 690 717 702 
3 716 673 703 
3 746 689 687 
3 680 723 717 
3 708 660 710 
3 683 697 712 
3 698 691 714 
3 707 663 705 
3 718 704 708 
3 102 648 779 
3 711 684 704 
3 721 705 701 
3 696 712 720 
3 738 701 716 
3 715 694 707 
3 709 702 732 
3 728 696 720 
3 754 703 691 
3 724 711 725 
3 710 698 739 
3 697 700 723 
3 725 705 753 
3 734 614 679 
3 713 709 727 
3 747 752 708 
3 765 687 728 
5 717 700 685 666 730 
3 736 731 715 
3 729 715 718 
4 761 679 642 410 
3 720 735 742 
4 722 713 749 750 
3 740 725 762 
3 723 695 732 
3 732 694 724 
4 712 730 731 733 
3 735 732 737 
3 760 691 719 
3 727 733 744 
3 737 724 740 
3 744 733 736 
3 745 710 743 
3 743 716 763 
3 736 729 775 
3 781 668 746 
3 749 727 769 
3 738 739 757 
3 735 737 769 
3 748 738 757 
3 786 741 699 
3 752 721 748 
3 752 747 745 
3 728 742 755 
4 771 728 758 751 
3 772 750 759 
4 753 721 747 748 
3 756 718 752 
3 763 714 760 
3 758 749 769 
3 764 753 768 
3 745 743 766 
3 750 755 759 
3 751 758 770 
3 754 734 767 
2 784 726 
3 778 729 764 
3 766 739 754 
3 776 762 756 
3 786 722 771 
3 757 763 773 
3 773 760 785 
3 776 756 774 
4 755 742 744 775 
3 783 759 775 
3 765 750 772 
3 771 751 787 
3 774 766 767 
3 768 773 785 
4 770 769 740 777 
3 778 764 768 
3 782 775 778 
4 777 762 776 780 
4 706 630 781 794 
3 782 778 785 
3 779 741 789 
3 783 777 780 
3 788 770 782 
3 795 785 761 
5 792 780 774 767 784 
4 789 746 765 787 
3 786 772 788 
3 787 783 791 
3 781 786 790 
3 794 789 796 
4 796 788 792 793 
3 791 785 793 
3 791 792 795 
3 779 790 797 
3 798 793 784 
3 790 791 799 
2 794 799 
2 799 795 
3 797 796 798 
