1000
0 8 44016
1 92 5408
2 102 15574
3 102 56146
4 106 44664
5 112 59312
6 164 33364
7 204 48400
8 230 7034
9 374 32842
10 520 57496
11 572 19332
12 614 8084
13 638 44946
14 884 6718
15 954 41518
16 960 7316
17 980 33004
18 1028 19658
19 1052 40904
20 1114 46848
21 1140 14134
22 1394 51486
23 1396 24660
24 1538 15300
25 1542 37140
26 1626 37654
27 1758 25996
28 1778 13608
29 1876 16206
30 1898 5374
31 1928 51124
32 1958 40074
33 1974 8320
34 2066 18206
35 2180 6582
36 2218 3112
37 2270 4578
38 2302 3586
39 2310 43504
40 2338 9610
41 2444 38686
42 2578 18396
43 2592 20304
44 2598 28820
45 2628 40590
46 2684 29066
47 2812 28158
48 2860 57200
49 2868 46296
50 2946 59784
51 3042 26150
52 3056 56186
53 3150 14314
54 3164 2132
55 3204 16836
56 3320 17848
57 3356 6998
58 3400 6542
59 3408 3976
60 3426 24366
61 3478 19668
62 3606 44712
63 3642 33832
64 3680 15512
65 3700 20258
66 3760 6132
67 3828 31590
68 3832 23388
69 3876 28240
70 3878 41914
71 3942 36398
72 3944 45432
73 4050 45910
74 4082 56784
75 4156 11432
76 4160 7810
77 4196 15006
78 4376 15706
79 4408 53728
80 4418 49138
81 4432 16198
82 4450 7666
83 4484 3322
84 4548 49148
85 4614 29066
86 4656 50738
87 4660 25884
88 4772 31628
89 4790 56768
90 4936 47644
91 5282 3254
92 5282 27840
93 5288 15718
94 5344 31038
95 5346 18820
96 5462 59994
97 5526 2904
98 5540 2266
99 5594 39410
100 5626 9740
101 5682 27360
102 5698 49152
103 5850 14752
104 5850 31376
105 5856 1822
106 5862 43760
107 5880 14678
108 5956 31268
109 6052 50368
110 6088 57662
111 6158 26366
112 6166 48062
113 6236 8526
114 6236 37490
115 6352 20304
116 6416 56096
117 6484 34316
118 6634 206
119 6656 9598
120 6728 13198
121 6862 52126
122 6912 8328
123 7028 4820
124 7032 35978
125 7082 14458
126 7332 3686
127 7402 47702
128 7418 24228
129 7422 22506
130 7424 33436
131 7478 34560
132 7524 55558
133 7542 46752
134 7572 33658
135 7606 18110
136 7638 7104
137 7654 19466
138 7784 50600
139 7802 47022
140 7840 13484
141 7904 34474
142 7918 8924
143 7924 46190
144 7966 57246
145 8120 20160
146 8224 34920
147 8260 28430
148 8316 52736
149 8500 29486
150 8506 54152
151 8518 30034
152 8544 42786
153 8632 32566
154 8634 7892
155 8688 27170
156 8758 42830
157 8828 41490
158 8854 22200
159 8876 13668
160 8920 8394
161 8942 32306
162 9038 47570
163 9046 16912
164 9070 58058
165 9110 42754
166 9222 54022
167 9234 26866
168 9284 55752
169 9290 34502
170 9310 13748
171 9512 15106
172 9546 16578
173 9556 57056
174 9654 18780
175 9694 3898
176 9702 32326
177 9732 20750
178 9784 39840
179 9994 30780
180 10100 27624
181 10160 36252
182 10182 54580
183 10250 5720
184 10260 38286
185 10270 45260
186 10364 31660
187 10398 25978
188 10414 35460
189 10446 4910
190 10448 50506
191 10480 25920
192 10502 14276
193 10514 19152
194 10566 49666
195 10734 8898
196 10878 20042
197 11114 19024
198 11184 46034
199 11244 37548
200 11258 22870
201 11292 49944
202 11336 34194
203 11342 55398
204 11470 11504
205 11670 49854
206 11680 58950
207 11688 6242
208 11744 15662
209 12000 22136
210 12164 31962
211 12190 35600
212 12222 45108
213 12266 49392
214 12284 7294
215 12314 17448
216 12346 30272
217 12446 15422
218 12472 57300
219 12562 10688
220 12664 9724
221 12666 22176
222 12676 50448
223 12682 90
224 12726 25402
225 12728 5346
226 12790 28568
227 12904 1866
228 12970 49188
229 12996 36894
230 13006 10184
231 13008 34656
232 13044 7172
233 13054 31818
234 13056 30240
235 13120 24974
236 13152 33716
237 13258 40156
238 13316 8732
239 13346 43906
240 13482 1796
241 13490 49172
242 13500 35172
243 13500 43254
244 13560 51550
245 13590 18656
246 13754 10070
247 13758 15040
248 13788 3776
249 13820 41320
250 13826 18046
251 13836 39504
252 13880 54418
253 14064 47704
254 14086 2468
255 14088 310
256 14092 24422
257 14114 30098
258 14208 5786
259 14238 8820
260 14266 6674
261 14278 29438
262 14508 45090
263 14516 44324
264 14576 3112
265 14634 106
266 14644 44148
267 14776 41336
268 14796 39724
269 14818 40946
270 14866 2494
271 14904 59032
272 14914 31450
273 14932 40052
274 14934 58068
275 15054 21422
276 15080 27566
277 15144 39766
278 15230 34040
279 15278 17508
280 15288 57980
281 15318 40632
282 15348 25438
283 15392 55440
284 15452 5320
285 15468 11230
286 15482 57860
287 15516 35906
288 16070 26314
289 16100 36322
290 16124 35074
291 16186 15426
292 16218 13068
293 16218 52084
294 16380 50254
295 16422 48992
296 16442 26596
297 16458 49478
298 16548 58080
299 16596 2700
300 16668 944
301 16692 39050
302 16782 342
303 16786 38912
304 16860 36480
305 16896 11518
306 17032 19346
307 17046 34390
308 17136 15676
309 17236 35918
310 17322 1678
311 17322 25100
312 17362 2564
313 17384 49194
314 17446 57556
315 17462 10252
316 17552 45882
317 17716 44506
318 17720 38774
319 17798 58874
320 17920 54716
321 17942 36190
322 17980 30906
323 18006 3438
324 18144 51484
325 18234 934
326 18328 10298
327 18418 24924
328 18520 4926
329 18628 26228
330 18654 8766
331 18662 34822
332 18666 23964
333 18760 37744
334 18782 34968
335 18826 28838
336 18880 50622
337 18900 24296
338 18978 11052
339 18996 45826
340 19014 31040
341 19342 45304
342 19432 46406
343 19600 18030
344 19726 40506
345 19798 49176
346 19842 47926
347 19964 12098
348 19994 50490
349 19998 48120
350 20020 27548
351 20326 27404
352 20420 19254
353 20490 32486
354 20506 48796
355 20508 47490
356 20568 5026
357 20618 44682
358 20738 57814
359 20810 57246
360 20898 48632
361 21038 56042
362 21070 52486
363 21088 59786
364 21112 42764
365 21130 8960
366 21170 11050
367 21176 9332
368 21186 49498
369 21240 30848
370 21240 53776
371 21336 29814
372 21386 56478
373 21406 21970
374 21504 32650
375 21514 33124
376 21580 49944
377 21696 13528
378 21824 1666
379 21942 808
380 21976 11364
381 22070 16862
382 22120 46582
383 22190 688
384 22248 53712
385 22300 27366
386 22460 23918
387 22488 33364
388 22546 34992
389 22574 34166
390 22656 10854
391 22662 43716
392 22682 40534
393 22720 38948
394 22782 52158
395 23042 4426
396 23104 6716
397 23176 7390
398 23232 23694
399 23254 9164
400 23344 6954
401 23382 32424
402 23450 46160
403 23528 23568
404 23620 5536
405 23658 17750
406 23804 17310
407 23880 54064
408 24192 14928
409 24370 25618
410 24452 7034
411 24510 27024
412 24568 5234
413 24664 50358
414 24688 19166
415 24706 8384
416 24748 3342
417 24770 18332
418 24824 45292
419 24934 48428
420 25000 1606
421 25112 34546
422 25330 12812
423 25422 19434
424 25432 45732
425 25576 17484
426 25692 37830
427 25742 5566
428 25866 37312
429 26044 14996
430 26044 50812
431 26048 37510
432 26216 44092
433 26228 4606
434 26270 6598
435 26526 39562
436 26532 22182
437 26604 15880
438 26730 48376
439 26762 36670
440 26780 7052
441 26836 29020
442 26876 39662
443 26876 45636
444 26876 59492
445 26950 46628
446 27006 45204
447 27006 47348
448 27026 14252
449 27032 57660
450 27074 45178
451 27116 45028
452 27220 43110
453 27232 27842
454 27266 3830
455 27308 46392
456 27356 34536
457 27488 7770
458 27498 21538
459 27836 14460
460 27876 30940
461 27944 9580
462 28018 41570
463 28020 52668
464 28052 19584
465 28156 27220
466 28176 2162
467 28304 37758
468 28340 58246
469 28396 23916
470 28456 35722
471 28500 11348
472 28554 41644
473 28624 26298
474 28640 50402
475 28666 41058
476 28740 40604
477 28828 51396
478 28922 12528
479 28938 32522
480 29052 43896
481 29066 7914
482 29076 23936
483 29172 48766
484 29210 28772
485 29348 59688
486 29358 58630
487 29366 25768
488 29552 45940
489 29626 9964
490 29638 51746
491 29652 49010
492 29788 21596
493 29798 59304
494 29806 18012
495 29814 34126
496 29848 50254
497 29928 33338
498 29934 57346
499 29960 21720
500 30096 8474
501 30128 21608
502 30168 57160
503 30184 43114
504 30310 57650
505 30326 4142
506 30358 59036
507 30380 14536
508 30506 42056
509 30514 39486
510 30548 46528
511 30622 35116
512 30646 6292
513 30662 4814
514 30720 17132
515 30728 26746
516 30750 54086
517 30830 32976
518 30840 47794
519 30876 5678
520 30880 39048
521 30888 44936
522 31024 16136
523 31034 19374
524 31064 32274
525 31378 2704
526 31432 57104
527 31450 14814
528 31468 20892
529 31548 55712
530 31598 51826
531 31642 8252
532 31706 10596
533 31918 57382
534 31932 1280
535 31958 22364
536 32014 28074
537 32046 24032
538 32142 37166
539 32180 27334
540 32192 40880
541 32258 48606
542 32260 568
543 32282 36340
544 32296 26776
545 32338 36728
546 32348 2358
547 32356 32632
548 32378 11088
549 32378 39118
550 32414 40582
551 32416 2986
552 32582 2854
553 32602 22818
554 32670 20936
555 32764 23498
556 32772 59510
557 32970 18750
558 33036 45662
559 33122 19936
560 33144 48576
561 33168 48888
562 33194 14376
563 33212 12026
564 33302 54256
565 33326 3726
566 33332 27236
567 33348 34622
568 33370 37068
569 33402 2322
570 33420 3006
571 33494 38656
572 33604 33060
573 33652 11944
574 33802 24094
575 33826 680
576 33846 49016
577 33896 57420
578 33934 41774
579 34070 11608
580 34072 59166
581 34160 24508
582 34232 36050
583 34290 9542
584 34372 24700
585 34518 15728
586 34630 20976
587 34710 37324
588 34820 58088
589 34826 54708
590 34932 9346
591 35236 7058
592 35334 48014
593 35402 58308
594 35510 46284
595 35526 16942
596 35530 20670
597 35620 24148
598 35678 35038
599 35736 17842
600 35754 11256
601 35758 57458
602 35802 45096
603 35936 13772
604 36136 44044
605 36234 9368
606 36506 44398
607 36542 50292
608 36608 48896
609 36738 48056
610 36760 40528
611 36858 33588
612 36892 51044
613 36910 37700
614 36926 15368
615 37070 10230
616 37268 41426
617 37276 5112
618 37446 44830
619 37500 18134
620 37514 4142
621 37614 47430
622 37634 53884
623 37640 36608
624 37748 21200
625 37750 35022
626 37816 22616
627 37842 9566
628 37912 30358
629 37976 35352
630 38022 23720
631 38040 40938
632 38164 4416
633 38172 48470
634 38328 23024
635 38370 8624
636 38388 52952
637 38396 29364
638 38454 38516
639 38470 32802
640 38480 57938
641 38496 10584
642 38496 49502
643 38530 19656
644 38584 13586
645 38670 42586
646 38672 22376
647 38690 38760
648 38766 3218
649 38796 53360
650 38816 364
651 38828 100
652 38880 45898
653 39000 43708
654 39122 6892
655 39130 10956
656 39132 37026
657 39174 54060
658 39400 29030
659 39456 41304
660 39478 3686
661 39482 12328
662 39484 35682
663 39510 33312
664 39630 392
665 39690 41176
666 39712 20760
667 40074 10752
668 40114 18506
669 40176 41340
670 40236 49634
671 40270 5362
672 40414 40310
673 40426 54840
674 40520 37668
675 40558 45968
676 40562 52566
677 40598 12684
678 40630 5168
679 40700 5828
680 40734 56736
681 40740 37270
682 40768 15534
683 40820 31188
684 40906 58218
685 40950 25266
686 41180 21180
687 41194 25264
688 41236 28038
689 41242 3554
690 41324 30406
691 41332 46718
692 41442 12716
693 41510 29046
694 41524 2508
695 41616 58928
696 41684 12766
697 41690 44468
698 41816 55630
699 41816 57810
700 41842 22564
701 41908 48544
702 42012 14734
703 42044 28274
704 42138 47666
705 42164 32638
706 42202 35442
707 42284 23618
708 42306 56366
709 42336 50306
710 42430 53060
711 42434 47628
712 42454 43144
713 42498 15528
714 42504 40592
715 42542 37584
716 42558 8568
717 42720 19132
718 42866 13024
719 42870 58262
720 42940 46900
721 42992 26200
722 43012 19942
723 43102 30196
724 43116 55170
725 43150 45664
726 43232 2792
727 43238 24688
728 43248 47224
729 43288 20874
730 43300 38386
731 43314 25142
732 43550 1174
733 43594 30492
734 43738 53420
735 43816 59476
736 43902 57554
737 43966 22540
738 43974 23366
739 44002 44890
740 44122 55636
741 44308 15312
742 44318 19990
743 44358 23960
744 44456 25682
745 44458 21200
746 44650 55156
747 44806 59632
748 44846 23278
749 45022 24694
750 45034 15680
751 45168 2182
752 45260 2348
753 45306 41988
754 45376 12962
755 45470 29500
756 45470 58260
757 45502 13990
758 45504 28490
759 45608 11304
760 45676 5998
761 45712 33384
762 45726 34800
763 45790 41172
764 45854 54932
765 45942 18806
766 46028 29268
767 46032 18272
768 46076 9588
769 46084 43580
770 46132 25138
771 46158 30990
772 46210 42730
773 46260 34424
774 46406 1298
775 46518 56802
776 46524 25566
777 46688 14008
778 46756 49744
779 46804 24372
780 46804 26126
781 46862 52202
782 46870 43958
783 46876 2322
784 47014 17184
785 47036 11778
786 47042 48046
787 47062 566
788 47100 46094
789 47120 35160
790 47134 38966
791 47166 39406
792 47180 46784
793 47212 40044
794 47298 36418
795 47372 6472
796 47444 42822
797 47532 52606
798 47558 45880
799 47810 53412
800 47938 30906
801 47996 35340
802 48178 4896
803 48178 12734
804 48252 57890
805 48446 51930
806 48450 43442
807 48500 4886
808 48550 6090
809 48550 49776
810 48648 12396
811 48760 1006
812 48792 2940
813 48864 48370
814 48946 9456
815 48986 50580
816 49006 18618
817 49010 42386
818 49078 25268
819 49078 33552
820 49356 48112
821 49360 32164
822 49418 59210
823 49426 41292
824 49456 3522
825 49524 39696
826 49534 20066
827 49660 42528
828 49674 22836
829 49750 25218
830 49894 46354
831 49924 30090
832 49974 7792
833 50204 12156
834 50242 52238
835 50356 43972
836 50360 45326
837 50384 40398
838 50398 32704
839 50418 58574
840 50448 56206
841 50464 8900
842 50546 41920
843 50556 41746
844 50606 20926
845 50700 20886
846 50882 17764
847 50890 29920
848 50994 16676
849 51056 38226
850 51218 16330
851 51272 26606
852 51344 48804
853 51374 47718
854 51392 57780
855 51484 17344
856 51498 56120
857 51504 58538
858 51556 45088
859 51598 31022
860 51620 34944
861 51770 47116
862 51832 13234
863 51884 8282
864 51902 43220
865 51912 11798
866 51924 11212
867 51952 5998
868 52070 51610
869 52084 18796
870 52136 40608
871 52384 9954
872 52494 14696
873 52576 46
874 52580 11230
875 52670 55620
876 52830 18890
877 52934 3954
878 53050 55592
879 53106 9400
880 53164 14776
881 53264 37558
882 53352 43406
883 53366 10852
884 53482 43104
885 53486 45982
886 53564 15462
887 53656 46796
888 53684 11834
889 53712 47236
890 53932 13478
891 54100 17388
892 54140 19522
893 54152 7994
894 54220 788
895 54228 17126
896 54252 43042
897 54258 25682
898 54262 42734
899 54424 3528
900 54508 9040
901 54508 40572
902 54560 7924
903 54564 50880
904 54566 194
905 54646 54082
906 54784 6536
907 54790 51318
908 54938 9540
909 55034 10176
910 55070 44664
911 55150 57170
912 55166 58980
913 55170 53490
914 55220 23410
915 55330 6128
916 55440 10596
917 55466 43656
918 55558 43910
919 55602 54680
920 55676 33100
921 55778 48392
922 55786 2514
923 55860 35292
924 56004 52494
925 56052 20030
926 56138 32436
927 56360 2990
928 56500 23082
929 56500 44712
930 56532 31790
931 56548 17974
932 56594 24598
933 56596 42790
934 56612 9624
935 56626 52716
936 56724 28026
937 56766 19402
938 56838 46786
939 56858 22170
940 56862 5014
941 56888 14680
942 56918 47104
943 56930 5004
944 57066 4072
945 57126 3482
946 57188 30460
947 57242 43178
948 57268 12536
949 57330 6762
950 57382 46102
951 57432 58174
952 57450 49796
953 57536 48408
954 57600 20164
955 57602 38506
956 57702 30772
957 57708 17946
958 57738 36228
959 57768 7430
960 57794 28872
961 58046 14198
962 58078 50438
963 58204 6998
964 58300 39386
965 58376 30094
966 58434 1590
967 58462 688
968 58480 49048
969 58524 2532
970 58608 53746
971 58732 49174
972 58858 6452
973 58908 45682
974 59012 59856
975 59040 19844
976 59176 15208
977 59218 3064
978 59268 8822
979 59298 30326
980 59318 10010
981 59350 55764
982 59402 33036
983 59438 51996
984 59524 59060
985 59556 24542
986 59590 20646
987 59598 47570
988 59628 37014
989 59636 44250
990 59650 15972
991 59690 4144
992 59752 35560
993 59806 4984
994 59814 13396
995 59820 37378
996 59864 30352
997 59870 22730
998 59920 45940
999 59982 50476
6 4 3 5 1 2 6 
4 8 2 0 36 
3 6 0 1 
3 5 0 7 
4 13 7 0 15 
4 50 0 3 10 
6 0 2 11 23 9 17 
3 22 3 4 
5 16 12 11 1 14 
3 6 27 44 
3 50 5 22 
3 18 6 8 
3 40 21 8 
3 20 4 39 
3 8 30 35 
3 4 19 32 
3 33 8 57 
3 25 6 46 
3 23 11 21 
3 15 25 26 
3 22 13 49 
5 24 18 12 40 28 
4 10 7 20 31 
3 27 6 18 
3 29 34 21 
3 26 19 17 
3 41 19 25 
3 44 9 23 
3 53 21 75 
3 55 42 24 
3 35 14 37 
3 48 22 49 
3 45 15 41 
3 40 16 76 
3 43 47 24 
3 14 30 58 
3 38 1 54 
3 66 30 38 
3 59 37 36 
3 62 13 70 
4 21 12 33 76 
4 32 26 63 71 
3 61 43 29 
3 51 34 42 
4 46 9 27 47 
3 70 32 99 
3 67 17 44 
4 69 44 34 51 
3 50 31 52 
3 31 20 62 
10 96 5 10 48 52 74 89 116 110 164 
3 47 43 60 
3 50 48 80 
3 64 28 75 
3 36 118 105 
3 56 29 64 
3 61 55 81 
3 82 16 58 
3 57 35 66 
3 136 38 83 
4 69 51 65 68 
3 65 42 56 
4 72 49 39 106 
3 71 41 67 
3 55 53 77 
3 60 61 93 
3 122 58 37 
3 88 63 46 
3 87 60 95 
3 85 47 60 
3 106 39 45 
3 114 41 63 
3 133 73 62 
3 90 80 72 
3 50 79 89 
3 53 28 100 
3 40 33 82 
3 78 64 100 
3 81 77 119 
4 74 86 109 121 
4 84 52 73 90 
3 56 78 93 
3 113 76 57 
3 59 98 91 
3 102 86 80 
3 94 69 92 
3 79 84 109 
3 111 92 68 
3 117 67 94 
3 50 74 116 
3 112 80 73 
3 123 83 97 
3 85 87 101 
3 65 81 103 
3 104 88 85 
4 137 115 68 103 
4 50 206 363 974 
3 126 91 98 
3 97 83 105 
3 157 45 114 
3 77 75 113 
3 108 92 111 
3 109 84 112 
3 95 93 107 
3 130 94 108 
3 98 54 255 
3 62 70 152 
3 103 119 120 
3 104 101 151 
4 79 86 102 127 
3 50 132 144 
4 147 101 87 128 
3 102 90 133 
3 100 82 122 
3 99 71 124 
3 129 95 145 
3 50 89 132 
3 131 124 88 
2 54 223 
3 107 78 122 
3 125 107 122 
3 148 79 138 
5 142 120 119 113 66 
3 136 91 126 
3 184 114 117 
3 135 120 140 
3 175 123 97 
3 109 133 139 
3 155 111 129 
3 128 115 158 
4 169 134 104 153 
3 146 117 141 
3 110 116 150 
4 127 112 72 143 
3 181 141 130 
3 137 125 163 
3 154 59 123 
3 145 95 135 
3 121 162 194 
3 162 127 143 
3 159 125 142 
3 146 131 134 
3 140 122 160 
3 139 133 156 
4 164 110 168 173 
5 177 115 137 174 193 
3 199 131 141 
3 149 111 155 
3 150 121 190 
3 179 151 147 
3 132 148 166 
3 161 108 149 
3 156 106 157 
3 169 130 161 
3 160 136 183 
3 147 128 167 
3 143 152 165 
3 152 99 178 
3 187 129 177 
3 170 140 204 
3 195 142 154 
3 176 153 151 
3 138 139 185 
3 135 171 172 
3 274 50 144 
3 185 156 178 
4 182 168 150 244 
3 180 155 187 
3 173 144 166 
3 188 130 153 
3 171 159 219 
3 163 170 192 
3 163 192 208 
3 218 144 168 
3 145 247 215 
3 189 126 227 
4 202 211 161 186 
3 158 145 196 
3 165 157 184 
3 186 149 216 
3 226 216 167 
3 199 134 188 
3 203 166 252 
3 195 154 189 
3 178 124 199 
3 198 162 165 
3 210 176 179 
3 167 158 191 
3 229 181 169 
4 225 207 183 175 
3 148 194 201 
3 187 200 224 
3 172 171 219 
3 145 215 197 
3 190 138 198 
3 220 160 183 
3 200 177 197 
3 196 193 250 
3 194 185 212 
6 251 237 243 184 146 181 
4 191 196 209 221 
3 190 212 205 
3 231 211 176 
3 286 218 182 
3 159 220 219 
3 222 201 213 
3 271 96 274 
3 232 214 189 
3 172 285 217 
3 221 200 245 
3 236 186 233 
3 229 176 202 
3 201 198 239 
4 205 239 228 241 
3 238 220 207 
3 193 174 291 
5 322 272 179 180 234 
3 208 292 247 
3 274 173 203 
4 192 170 204 230 
4 230 204 195 214 
3 200 209 275 
3 244 205 297 
3 265 118 873 
3 282 191 235 
3 258 189 248 
3 261 180 276 
3 175 255 240 
3 213 253 241 
3 268 188 211 
3 219 220 246 
3 242 202 236 
3 259 207 260 
3 278 210 272 
3 322 216 257 
3 224 275 256 
4 290 287 231 210 
3 267 249 199 
3 259 246 214 
3 213 212 243 
3 254 227 300 
3 213 228 295 
3 287 268 231 
3 263 239 199 
3 166 222 294 
3 209 250 279 
3 285 230 238 
3 174 217 292 
3 225 254 264 
3 317 266 237 
3 245 197 291 
3 273 269 199 
3 283 182 293 
3 295 228 262 
3 270 248 240 
3 227 105 265 
3 235 352 332 
3 322 234 261 
3 260 225 284 
3 315 238 232 
3 330 232 258 
3 257 226 276 
3 295 253 263 
3 262 243 266 
3 248 270 299 
5 650 302 255 223 651 
3 316 263 249 
3 317 237 269 
3 273 229 242 
3 267 251 281 
3 264 254 310 
4 363 206 298 319 
3 353 233 216 
4 281 251 268 277 
4 206 164 218 280 
3 235 221 306 
3 261 226 288 
3 273 289 301 
3 307 290 233 
3 306 245 308 
3 298 274 286 
3 339 269 273 
3 288 224 311 
3 314 252 320 
3 258 323 328 
3 305 208 246 
3 280 203 314 
3 289 242 236 
3 296 276 282 
3 304 277 287 
3 309 236 278 
3 250 215 347 
4 247 217 305 338 
3 252 294 324 
3 293 244 297 
4 313 241 253 262 
3 335 288 329 
4 336 294 222 313 
3 271 280 358 
3 264 310 312 
3 240 302 325 
3 341 277 303 
3 383 300 265 
3 301 304 318 
3 303 289 309 
3 292 285 315 
3 275 279 352 
3 388 331 278 
3 343 279 347 
3 321 304 290 
3 299 270 325 
3 282 337 327 
3 323 299 378 
3 297 295 345 
3 286 283 359 
3 326 305 259 
3 342 346 266 
3 339 249 267 
3 344 303 333 
3 444 271 468 
3 361 283 324 
3 333 309 334 
4 340 216 234 257 
3 284 312 420 
3 320 293 336 
3 310 300 379 
3 338 315 330 
3 329 311 386 
3 356 284 416 
3 350 296 327 
3 365 326 260 
3 388 334 307 
3 337 256 373 
3 393 318 321 
3 426 321 331 
3 340 296 350 
3 324 297 348 
3 311 332 398 
3 347 292 326 
3 342 317 281 
3 353 322 335 
3 342 301 357 
4 355 316 339 341 
3 352 308 381 
3 392 364 318 
3 368 313 354 
3 349 316 355 
4 308 291 338 366 
3 362 336 376 
3 360 354 346 
3 335 329 351 
4 371 369 350 386 
5 373 256 306 343 414 
3 375 272 340 
3 345 349 360 
3 346 342 382 
3 396 328 395 
3 341 364 391 
3 298 359 449 
3 358 314 372 
3 354 349 445 
3 372 320 370 
3 370 348 394 
3 96 271 485 
3 391 357 344 
3 367 330 397 
3 377 347 367 
3 380 366 365 
3 376 345 419 
3 374 351 371 
3 361 362 384 
3 369 351 385 
3 359 361 407 
3 398 332 352 
3 387 375 369 
3 389 353 374 
3 413 348 368 
3 381 366 380 
3 312 379 420 
3 378 325 383 
3 377 367 390 
3 405 343 377 
3 355 462 402 
3 379 302 542 
3 407 370 394 
3 387 371 398 
3 351 327 398 
3 389 374 385 
4 428 331 307 389 
4 388 375 387 401 
3 408 380 399 
3 357 364 462 
3 462 344 393 
3 435 392 333 
4 384 362 430 477 
3 404 356 416 
3 400 356 404 
3 399 365 400 
5 385 386 337 373 403 
3 422 390 397 
5 410 461 415 397 396 
3 421 389 411 
3 382 418 424 
3 409 398 436 
3 396 395 412 
3 414 381 406 
3 417 405 408 
3 372 384 463 
3 429 406 390 
3 441 411 403 
3 440 457 400 
3 460 401 409 
4 427 434 404 433 
3 474 430 376 
3 423 352 405 
3 471 422 400 
4 454 395 328 466 
3 423 406 425 
3 402 432 446 
3 368 447 438 
4 466 323 378 534 
3 428 401 456 
3 429 399 415 
3 458 414 417 
3 402 446 443 
3 464 417 437 
3 435 334 431 
3 512 434 412 
3 431 388 421 
5 437 408 422 448 459 
3 394 413 474 
4 426 428 439 470 
3 451 418 452 
3 412 454 505 
3 440 412 427 
5 442 393 426 470 495 
3 469 403 458 
3 522 425 429 
3 483 419 447 
3 431 456 497 
3 481 410 434 
3 460 409 453 
3 476 435 467 
3 445 424 446 
3 485 319 486 
3 447 360 443 
4 443 424 418 450 
4 438 419 445 455 
3 459 429 478 
3 468 358 463 
3 455 446 451 
3 488 450 432 
3 480 432 472 
3 441 469 465 
3 433 416 525 
3 483 447 450 
3 439 421 479 
3 481 500 410 
3 492 436 423 
3 507 429 448 
3 479 411 441 
3 489 471 400 
4 472 382 391 392 
3 449 407 490 
3 492 425 494 
3 484 453 473 
3 546 416 420 
3 442 517 511 
3 486 319 449 
3 482 453 436 
3 435 431 495 
3 478 415 461 
4 480 452 462 475 
3 465 482 487 
3 430 413 496 
3 503 472 476 
3 475 442 509 
4 490 394 496 561 
3 507 448 471 
3 497 456 460 
3 488 452 472 
3 531 457 440 
3 473 469 492 
3 491 438 455 
3 524 465 515 
6 974 363 444 486 493 556 
4 485 444 468 498 
3 473 499 537 
3 510 451 480 
3 532 461 500 
4 530 516 463 477 
3 496 483 518 
5 501 499 482 458 464 
3 485 504 506 
3 523 464 514 
3 435 470 524 
4 477 474 491 541 
3 439 479 524 
3 486 516 502 
3 535 487 492 
3 583 489 457 
4 626 492 528 554 
3 504 498 529 
3 521 475 508 
3 493 502 526 
3 513 433 565 
3 493 533 577 
3 527 459 478 
3 503 509 540 
3 508 476 520 
3 518 488 521 
3 543 467 517 
3 531 427 519 
3 591 519 505 
3 557 494 522 
3 536 484 537 
3 498 490 530 
3 511 467 524 
3 491 510 558 
3 531 512 513 
3 549 509 538 
3 510 503 540 
3 514 437 527 
3 559 528 494 
5 547 517 495 497 484 
3 551 454 546 
3 533 504 564 
3 522 507 562 
3 554 501 523 
3 502 608 564 
3 516 490 576 
4 590 481 512 519 
3 548 489 583 
3 506 526 589 
3 569 420 575 
3 634 553 499 
3 547 515 539 
3 515 487 555 
3 520 545 568 
3 547 536 544 
3 521 508 550 
3 496 594 560 
3 575 383 664 
3 568 545 511 
3 566 539 555 
3 568 538 543 
4 552 525 466 569 
4 567 524 536 539 
3 573 563 532 
3 550 520 571 
3 578 540 549 
3 565 525 552 
3 570 551 546 
3 630 555 535 
3 586 501 528 
4 574 544 537 553 
3 747 485 580 
3 559 514 599 
3 518 578 602 
3 596 523 557 
3 561 541 594 
3 576 477 560 
3 585 527 563 
3 562 548 573 
3 526 529 607 
3 617 505 551 
3 572 544 581 
3 568 547 572 
6 587 538 545 543 567 582 
3 648 546 534 
4 660 620 632 552 
3 549 587 613 
3 582 567 566 
4 585 563 548 579 
3 597 581 555 
4 732 694 534 542 
3 530 561 592 
3 580 506 589 
3 558 550 610 
4 603 573 605 600 
5 735 556 577 588 593 
3 584 566 574 
3 568 572 598 
3 532 500 590 
4 658 637 628 581 
3 595 562 573 
3 646 554 596 
3 571 568 623 
3 580 622 601 
3 577 533 612 
3 605 583 531 
3 605 513 617 
3 609 576 653 
4 695 580 601 640 
3 560 541 618 
3 599 585 614 
3 624 586 559 
3 685 574 630 
5 629 582 611 639 625 
3 619 557 595 
3 603 579 615 
3 593 588 657 
4 558 604 606 618 
3 614 579 600 
3 602 610 616 
4 579 590 591 654 
3 602 659 645 
3 612 564 608 
3 607 529 609 
3 608 592 621 
5 631 616 604 578 647 
3 598 628 639 
3 589 607 642 
3 638 571 656 
3 595 603 644 
3 641 600 627 
3 604 610 631 
3 671 591 565 
3 594 602 653 
3 643 599 682 
3 632 570 660 
3 633 609 652 
3 588 670 636 
3 656 587 662 
4 700 596 643 666 
3 629 598 663 
3 634 501 646 
3 641 615 635 
4 611 584 637 658 
3 662 598 625 
4 749 727 597 553 
3 659 616 610 
3 678 570 620 
3 642 621 675 
3 707 535 626 
3 627 654 679 
3 649 622 701 
3 628 584 658 
3 647 613 674 
3 598 611 683 
4 684 593 673 680 
3 655 615 627 
3 670 612 633 
3 624 619 668 
4 614 655 661 677 
3 653 606 665 
3 707 626 586 
3 672 610 638 
3 660 569 694 
3 657 636 676 
3 664 265 651 
3 650 265 873 
3 621 653 697 
5 652 592 618 645 669 
3 635 605 671 
3 644 641 667 
3 681 613 623 
3 673 601 649 
4 628 637 584 688 
3 606 631 665 
4 620 570 648 689 
3 677 644 667 
3 623 629 706 
3 625 683 705 
3 787 542 650 
3 645 659 672 
3 686 624 722 
3 661 655 716 
3 717 643 713 
3 697 653 672 
3 622 642 704 
3 654 617 678 
5 714 712 669 665 647 
3 698 640 657 
3 638 681 715 
4 720 691 633 697 
3 710 649 709 
3 692 644 661 
4 760 679 671 632 
3 716 635 678 
3 640 698 708 
4 674 656 706 789 
3 619 718 702 
3 663 639 690 
3 695 640 699 
3 688 597 687 
3 737 666 729 
3 721 685 731 
3 693 658 685 
3 760 660 726 
3 683 693 723 
3 711 704 675 
3 696 677 759 
3 690 688 703 
3 726 648 575 
3 735 593 684 
3 754 718 692 
4 720 675 652 669 
3 680 673 724 
3 719 684 708 
3 748 738 624 
3 709 636 711 
3 713 682 718 
3 758 693 721 
3 670 691 711 
3 761 663 733 
3 681 662 762 
3 743 634 646 
3 699 680 740 
3 676 701 778 
3 734 676 781 
4 701 704 691 728 
3 725 672 714 
3 668 702 741 
3 712 672 730 
3 730 674 794 
3 768 667 679 
3 722 668 767 
4 702 682 696 754 
3 735 699 736 
3 728 675 697 
3 703 687 744 
3 742 666 717 
3 733 690 755 
3 698 734 746 
3 728 712 739 
3 689 694 752 
3 770 731 630 
4 711 720 725 788 
3 745 686 742 
3 714 715 794 
3 744 687 727 
3 774 751 575 
3 771 705 723 
3 724 710 797 
7 747 580 695 719 736 756 822 
3 735 719 740 
3 748 686 745 
3 779 743 700 
3 725 753 769 
3 736 708 746 
3 750 713 757 
3 729 722 765 
3 749 707 738 
3 780 721 731 
3 737 729 816 
3 740 724 764 
3 974 556 735 
3 779 700 737 
3 770 630 743 
3 767 741 777 
3 783 752 732 
3 802 726 751 
4 772 739 794 763 
4 757 718 696 803 
3 771 723 766 
3 735 775 804 
3 777 741 754 
3 766 703 780 
3 785 692 768 
3 795 678 689 
3 819 773 705 
3 789 706 773 
3 753 801 790 
3 775 746 799 
3 742 767 816 
3 800 755 758 
4 765 717 750 784 
3 759 716 795 
3 782 739 772 
4 818 776 727 749 
3 821 733 755 
3 769 753 793 
3 789 762 761 
3 783 732 811 
3 756 764 840 
3 847 780 770 
3 750 757 803 
3 781 709 786 
3 818 738 748 
4 831 758 744 776 
3 710 778 805 
3 798 769 796 
3 812 751 774 
3 767 833 848 
5 810 759 808 814 841 
3 809 778 792 
4 967 894 811 664 
3 792 728 798 
4 801 681 762 773 
3 791 763 819 
3 825 793 790 
3 809 786 788 
3 796 772 791 
4 753 730 715 801 
3 768 760 802 
3 806 782 793 
3 799 734 805 
3 813 788 782 
3 764 797 834 
3 838 821 766 
4 763 794 789 819 
3 795 752 807 
3 777 754 810 
3 839 756 856 
5 834 797 781 809 815 
3 830 796 817 
3 808 802 824 
3 832 785 807 
4 805 786 792 813 
3 803 785 833 
3 922 774 787 
3 877 824 783 
3 809 798 820 
3 785 832 841 
3 805 820 852 
4 826 745 765 846 
3 827 806 823 
4 851 770 779 829 
4 790 801 761 838 
3 815 813 830 
3 838 771 800 
4 735 839 857 912 
3 817 825 837 
3 877 807 812 
3 823 791 838 
3 844 828 816 
3 835 817 842 
4 829 826 844 845 
3 897 818 828 
3 820 806 836 
3 859 838 780 
3 814 808 867 
3 784 810 866 
3 799 805 868 
3 858 836 827 
3 853 830 835 
4 870 843 823 849 
6 860 825 819 821 800 831 
4 822 804 854 857 
3 775 907 856 
3 785 814 863 
3 864 827 843 
3 884 842 837 
3 828 826 845 
3 828 844 869 
3 869 816 855 
3 920 859 776 
3 855 784 850 
3 870 837 860 
3 848 862 872 
3 936 946 818 
3 815 853 889 
3 852 836 861 
4 839 878 905 911 
3 846 848 895 
3 804 840 875 
3 822 839 951 
3 861 835 864 
3 923 831 847 
3 881 849 838 
3 853 858 885 
3 872 850 865 
3 871 841 867 
3 882 858 842 
3 862 866 874 
3 865 833 871 
3 863 832 877 
3 834 921 903 
3 876 845 846 
3 898 837 849 
3 866 863 879 
3 880 850 862 
3 904 651 223 
3 865 879 883 
3 856 905 878 
3 892 869 891 
4 867 824 812 899 
3 854 875 905 
3 874 871 893 
3 886 872 890 
3 933 901 860 
3 885 864 884 
3 888 874 900 
3 882 843 896 
3 887 861 882 
3 931 895 880 
3 889 885 910 
3 890 883 909 
4 852 887 910 938 
3 941 880 888 
3 892 876 895 
3 914 876 891 
3 879 906 902 
3 922 787 967 
4 925 891 855 886 
3 917 884 898 
3 936 829 914 
3 896 870 901 
3 906 877 922 
3 908 883 902 
3 933 898 881 
3 900 893 943 
3 907 868 952 
2 967 873 
4 854 878 875 913 
3 893 899 915 
3 924 840 903 
3 909 900 949 
3 916 888 908 
3 889 887 918 
3 951 854 919 
3 974 822 951 
3 919 905 924 
3 932 897 892 
3 906 927 940 
3 941 909 934 
3 918 896 933 
3 929 910 917 
3 951 911 913 
3 923 847 926 
3 953 868 942 
4 927 899 811 894 
5 947 859 920 926 930 
3 935 913 907 
3 928 895 937 
3 923 920 930 
3 945 915 922 
3 932 925 939 
3 973 950 918 
3 923 926 946 
3 937 886 957 
4 960 914 928 939 
4 947 917 901 881 
3 948 916 959 
4 970 924 952 962 
3 960 851 897 
3 954 925 931 
3 942 889 950 
3 932 928 954 
3 915 944 943 
4 957 890 916 948 
3 953 921 938 
4 949 902 940 944 
4 949 943 940 945 
3 944 927 966 
3 956 930 851 
4 973 933 923 955 
3 961 941 934 
4 959 908 943 944 
3 938 929 973 
5 974 912 857 911 919 
3 935 903 968 
3 968 921 942 
3 939 937 975 
3 964 947 958 
3 958 946 965 
3 975 931 941 
3 955 956 982 
3 934 949 963 
3 965 936 932 
3 976 975 948 
3 970 935 968 
4 980 959 969 972 
3 989 955 988 
3 979 956 960 
3 969 945 967 
6 991 977 966 894 787 904 
4 971 962 952 953 
4 978 972 963 966 
3 981 935 962 
3 983 968 987 
3 980 963 969 
4 998 950 929 947 
6 96 485 747 912 951 984 
4 986 954 957 961 
3 990 961 994 
3 991 978 967 
3 980 969 977 
3 982 965 985 
4 994 963 972 978 
3 984 970 983 
3 992 958 979 
3 981 971 987 
3 974 981 999 
3 992 979 986 
3 985 975 990 
3 983 971 998 
3 989 964 992 
3 998 964 988 
3 986 976 994 
3 993 977 967 
4 995 988 982 985 
4 999 997 994 991 
6 997 996 990 976 980 993 
3 998 992 996 
3 998 995 994 
3 999 994 993 
6 999 987 973 989 995 996 
4 984 998 997 993 
