400
0 54 2490
1 54 10996
2 56 18702
3 216 18338
4 312 4314
5 384 18472
6 396 23982
7 406 13242
8 640 17814
9 686 20278
10 696 15336
11 722 18220
12 768 4900
13 836 750
14 910 15568
15 920 19872
16 924 18536
17 994 12364
18 1048 6948
19 1090 20214
20 1108 16772
21 1116 7282
22 1122 9910
23 1152 4988
24 1160 9182
25 1186 1444
26 1192 4264
27 1196 7258
28 1360 22160
29 1402 3912
30 1404 22482
31 1430 694
32 1458 21586
33 1574 21224
34 1588 3540
35 1612 22994
36 1626 22974
37 1674 13332
38 1688 11132
39 1884 14710
40 1932 20932
41 2142 23140
42 2158 3448
43 2208 15412
44 2284 7002
45 2492 136
46 2700 16902
47 2720 4984
48 2770 17586
49 2898 11610
50 2976 2830
51 2986 12538
52 2986 13404
53 3054 14678
54 3126 2406
55 3144 8634
56 3170 9582
57 3198 14996
58 3214 8796
59 3218 9546
60 3218 14134
61 3268 17740
62 3274 11780
63 3284 22354
64 3292 19460
65 3508 15186
66 3542 4802
67 3552 18400
68 3556 7106
69 3658 9982
70 3662 16924
71 4038 5346
72 4236 23922
73 4238 17132
74 4270 18420
75 4330 5374
76 4352 8192
77 4352 19252
78 4354 5066
79 4382 20146
80 4510 6294
81 4526 23092
82 4558 8190
83 4622 5140
84 4630 17944
85 4670 7160
86 4684 4156
87 4738 10826
88 4766 14100
89 4774 2936
90 4776 9480
91 4872 9448
92 4904 8514
93 4918 18082
94 5076 11668
95 5142 14696
96 5178 3166
97 5218 16486
98 5242 5448
99 5484 21956
100 5546 9460
101 5596 13730
102 5626 20254
103 5664 17016
104 5692 12628
105 5724 3886
106 5774 6048
107 5780 21398
108 5802 18968
109 5804 4724
110 5852 8086
111 5926 20252
112 6032 6074
113 6054 10084
114 6156 14524
115 6220 6370
116 6236 7598
117 6236 18024
118 6240 8704
119 6252 22260
120 6306 8144
121 6328 20176
122 6352 12520
123 6360 23822
124 6458 20014
125 6564 13060
126 6596 23002
127 6626 5002
128 6646 17338
129 6774 14288
130 6796 22082
131 6820 19298
132 6826 12992
133 6838 2802
134 6842 23832
135 7098 19414
136 7144 20322
137 7162 14674
138 7168 140
139 7174 7140
140 7186 5342
141 7202 1878
142 7268 3730
143 7310 14488
144 7350 18018
145 7392 16836
146 7396 19736
147 7448 15424
148 7486 638
149 7494 19988
150 7630 10738
151 7720 10798
152 7722 15916
153 7800 7138
154 7940 2200
155 7962 21666
156 7980 23606
157 8020 18262
158 8022 20040
159 8068 5332
160 8192 13900
161 8232 126
162 8354 4378
163 8522 17844
164 8524 3052
165 8542 6166
166 8794 20026
167 8918 19960
168 8930 16108
169 8972 12890
170 8976 6698
171 9056 12794
172 9064 1408
173 9158 3032
174 9276 10828
175 9282 23044
176 9384 14508
177 9424 14232
178 9426 7174
179 9504 6012
180 9510 9228
181 9566 21974
182 9594 18894
183 9724 5574
184 9748 1560
185 9756 14798
186 9782 5934
187 9938 8096
188 9942 16710
189 9990 8568
190 10058 17914
191 10184 14100
192 10262 9598
193 10318 22574
194 10384 21216
195 10386 12706
196 10406 12050
197 10440 21988
198 10442 144
199 10454 1040
200 10570 6654
201 10616 6506
202 10634 9876
203 10718 19052
204 10834 21046
205 10840 21270
206 10844 20186
207 11042 16178
208 11062 23064
209 11166 17452
210 11318 18618
211 11320 19616
212 11452 2788
213 11456 23286
214 11512 4662
215 11594 16024
216 11704 15796
217 11862 922
218 12028 13204
219 12032 9030
220 12036 16002
221 12036 17806
222 12206 10426
223 12360 4608
224 12400 244
225 12472 14120
226 12530 19372
227 12598 15852
228 12640 11658
229 12656 15830
230 12688 17556
231 12826 19228
232 12836 16502
233 12836 22198
234 12872 4914
235 12888 6970
236 12898 14702
237 12916 2370
238 12932 8890
239 13156 14130
240 13248 12358
241 13274 19528
242 13314 19436
243 13330 17168
244 13366 18414
245 13410 204
246 13442 178
247 13652 20652
248 13694 17116
249 13722 17600
250 13742 16478
251 13880 1612
252 13920 1312
253 13994 4748
254 14024 16436
255 14030 21526
256 14046 23484
257 14048 17546
258 14048 18290
259 14266 1234
260 14280 4302
261 14402 20058
262 14526 8650
263 14562 7492
264 14576 9634
265 14592 13648
266 14674 9892
267 14784 766
268 14802 7352
269 14930 9424
270 14992 21608
271 15132 3306
272 15152 6254
273 15188 4330
274 15230 3124
275 15300 4192
276 15374 20664
277 15428 7456
278 15438 20420
279 15492 22280
280 15696 15466
281 15814 17530
282 15838 2586
283 15860 18602
284 16030 14232
285 16284 3598
286 16310 1058
287 16518 17198
288 16668 21480
289 16690 10664
290 16704 4058
291 16706 15606
292 16730 16746
293 16768 1014
294 16790 22898
295 16820 8770
296 16820 19964
297 16892 12342
298 16892 17240
299 16958 614
300 17258 12582
301 17358 23620
302 17414 3860
303 17432 922
304 17506 7806
305 17516 2684
306 17594 5516
307 17616 3228
308 17842 3430
309 17870 3694
310 17990 15838
311 17996 3112
312 18230 22764
313 18278 18298
314 18328 16982
315 18386 10638
316 18466 18456
317 18484 9540
318 18556 12788
319 18702 22876
320 18870 7024
321 18872 2584
322 18876 4308
323 18886 9218
324 18994 16132
325 19062 5140
326 19086 10630
327 19086 23774
328 19160 2462
329 19184 2910
330 19190 6792
331 19202 7410
332 19282 8710
333 19378 15510
334 19500 10374
335 19548 7996
336 19602 204
337 19606 16986
338 19652 23444
339 19800 13584
340 19946 14396
341 19978 5432
342 20008 22090
343 20080 18470
344 20114 18090
345 20144 10684
346 20148 16256
347 20316 21364
348 20506 21524
349 20530 8342
350 20626 13882
351 20694 5882
352 20704 3472
353 20764 6414
354 20770 18958
355 20826 23386
356 20918 7382
357 20918 19130
358 21000 22992
359 21198 4102
360 21246 12018
361 21270 10512
362 21354 12078
363 21486 18368
364 21688 270
365 21694 4648
366 21712 7532
367 21734 16582
368 21764 5184
369 21946 6658
370 21946 14292
371 22010 13698
372 22016 22152
373 22024 20986
374 22222 2064
375 22270 17026
376 22280 16226
377 22308 7602
378 22460 1142
379 22474 10042
380 22496 20194
381 22516 4634
382 22694 8018
383 22698 3288
384 22792 9322
385 22928 6228
386 22954 23210
387 23056 23140
388 23076 6664
389 23082 11846
390 23296 15198
391 23312 16240
392 23364 8782
393 23378 16552
394 23574 9926
395 23624 17796
396 23674 8092
397 23838 15018
398 23946 8638
399 23952 2146
5 12 18 4 1 13 
5 7 2 0 4 22 
4 9 6 1 3 
5 5 2 10 8 11 
3 22 1 0 
3 16 15 3 
8 2 30 35 41 81 123 72 327 
3 10 1 17 
3 11 3 20 
3 28 2 15 
3 14 3 7 
3 16 3 8 
3 23 18 0 
4 25 0 45 31 
3 20 10 39 
3 19 9 5 
3 64 5 11 
3 37 7 38 
4 21 0 12 23 
4 40 33 32 15 
7 46 48 8 14 43 57 65 
3 24 18 27 
4 38 1 4 24 
3 18 12 26 
3 22 21 55 
4 50 34 26 13 
3 23 25 29 
3 21 29 44 
3 30 9 32 
3 27 26 34 
3 36 6 28 
3 54 13 138 
3 28 19 33 
3 32 19 40 
3 29 25 42 
3 6 36 111 
3 35 30 102 
3 52 39 17 
3 49 17 22 
3 43 14 37 
3 33 19 79 
3 6 63 81 
3 44 34 50 
3 20 39 53 
4 68 27 42 47 
3 138 13 161 
3 70 84 20 
5 78 71 44 50 66 
3 61 67 20 
3 51 38 56 
4 47 42 25 54 
3 52 49 62 
3 60 37 51 
3 57 43 60 
3 89 50 31 
3 58 24 68 
3 49 58 59 
3 20 53 88 
3 56 55 75 
3 69 56 76 
3 53 52 94 
3 84 74 48 
3 51 69 87 
3 41 121 99 
3 79 16 77 
3 20 101 95 
3 78 47 86 
3 74 77 48 
3 55 44 71 
3 62 59 90 
4 103 73 46 97 
3 75 68 47 
3 6 134 327 
3 144 117 70 
3 108 67 61 
4 80 58 71 83 
3 59 85 82 
3 64 67 108 
3 83 47 66 
3 102 40 64 
3 85 75 83 
3 6 41 126 
3 92 76 98 
5 85 80 75 78 86 
3 93 61 46 
4 76 80 83 98 
3 83 66 89 
3 94 62 91 
3 57 104 101 
4 96 86 54 133 
3 69 92 91 
4 100 87 90 110 
3 90 82 106 
3 131 84 117 
3 104 60 87 
3 65 132 114 
3 142 105 89 
3 103 70 114 
3 82 85 105 
4 119 63 107 166 
3 113 91 118 
3 65 88 125 
3 36 79 111 
3 128 70 97 
3 88 94 122 
4 127 109 98 96 
3 110 92 109 
3 99 121 136 
3 131 77 74 
4 127 112 106 105 
3 120 91 106 
3 35 102 124 
3 115 116 109 
3 122 100 153 
3 97 95 129 
3 116 112 140 
3 120 112 115 
3 93 73 144 
3 100 120 153 
3 126 99 130 
4 118 110 116 139 
3 107 63 124 
3 125 104 113 
3 134 6 156 
3 121 111 135 
3 101 122 132 
3 156 81 119 
3 140 109 105 
3 144 103 145 
4 137 147 114 132 
3 119 155 181 
3 135 108 93 
4 129 95 125 150 
3 142 89 141 
3 72 123 327 
4 146 124 131 157 
3 107 149 158 
3 147 129 143 
4 148 31 45 161 
3 120 140 165 
4 139 115 127 159 
3 154 133 148 
3 159 96 133 
3 137 151 160 
5 157 117 73 128 145 
3 144 128 152 
3 158 149 135 
3 152 129 137 
3 172 141 138 
3 158 136 146 
3 151 132 170 
3 143 150 180 
3 168 145 147 
3 113 118 165 
3 164 141 172 
3 181 130 167 
5 123 126 175 213 256 
3 135 144 163 
4 136 149 146 166 
4 165 140 142 162 
3 176 143 169 
6 336 198 224 199 138 45 
3 179 159 164 
3 190 157 168 
3 162 154 173 
4 170 153 139 159 
3 99 158 167 
3 155 166 182 
3 163 152 185 
3 160 174 171 
3 178 150 165 
3 177 169 174 
3 184 154 148 
3 183 164 184 
3 171 169 180 
3 208 156 193 
3 185 160 177 
3 176 171 196 
3 187 170 179 
3 178 162 186 
4 192 174 151 189 
4 197 130 155 194 
3 203 167 190 
3 186 173 214 
3 173 172 199 
4 188 168 176 191 
3 201 179 183 
3 189 178 200 
3 190 185 191 
4 180 187 200 235 
4 182 163 188 207 
3 188 185 195 
3 202 180 219 
3 208 175 197 
4 181 203 206 204 
3 218 191 196 
3 195 177 202 
3 193 181 205 
3 336 246 161 
4 212 184 161 217 
3 189 187 201 
3 200 186 234 
4 222 196 192 264 
3 194 182 209 
3 205 194 211 
3 197 204 226 
3 194 210 211 
3 209 190 218 
5 213 175 193 247 233 
4 203 207 215 216 
4 206 220 227 221 
3 204 206 230 
4 214 199 252 237 
3 256 156 208 
3 183 212 223 
3 209 228 216 
3 209 215 225 
3 252 199 224 
3 207 195 228 
3 192 263 238 
3 210 225 227 
3 210 232 230 
3 228 202 266 
3 234 214 260 
4 267 217 161 245 
3 220 216 240 
3 205 244 231 
3 210 220 229 
4 240 215 218 222 
3 232 227 236 
3 211 221 243 
4 242 241 226 258 
3 243 221 229 
3 279 208 255 
3 201 223 253 
3 189 253 272 
3 229 240 239 
3 260 212 251 
3 219 277 262 
3 250 236 240 
5 265 239 236 225 228 
3 247 231 242 
3 241 231 281 
3 230 232 248 
3 226 249 258 
3 299 224 246 
3 336 245 198 
3 208 241 261 
3 249 243 250 
3 244 248 257 
3 248 239 254 
3 271 237 259 
3 212 217 259 
3 235 234 273 
3 257 250 280 
4 270 233 261 276 
3 301 156 213 
3 249 254 287 
3 231 244 281 
3 251 252 267 
3 223 237 275 
3 255 247 283 
3 269 238 304 
3 219 272 268 
3 266 202 269 
3 284 280 240 
3 289 222 264 
3 286 259 224 
3 277 263 306 
3 264 262 295 
3 279 255 288 
3 275 251 274 
3 263 235 290 
3 253 275 290 
3 271 286 282 
4 273 260 271 285 
3 255 278 296 
3 238 268 320 
3 276 283 298 
3 294 233 270 
3 291 254 265 
3 242 258 287 
3 305 274 293 
3 278 261 287 
3 291 265 297 
3 275 305 307 
3 274 267 293 
4 283 281 257 292 
3 270 296 347 
3 297 266 315 
3 272 273 302 
4 310 292 280 284 
3 298 287 291 
3 282 286 303 
3 301 279 312 
3 317 269 304 
3 288 276 316 
3 300 284 289 
3 313 278 292 
3 378 303 245 
3 318 310 297 
3 327 256 294 
3 306 290 309 
4 374 328 293 299 
3 295 262 320 
3 285 282 321 
3 320 268 302 
3 308 285 311 
3 322 309 307 
3 325 302 308 
3 314 291 300 
3 307 321 329 
3 319 294 342 
3 316 298 314 
3 313 310 324 
4 289 317 323 326 
3 343 296 313 
3 315 295 323 
3 339 300 326 
3 358 338 312 
4 331 304 277 306 
4 329 311 305 328 
3 341 308 359 
3 315 317 332 
3 337 314 333 
3 341 330 309 
3 318 315 334 
7 6 72 134 301 338 355 386 
3 321 303 374 
3 352 311 321 
3 335 331 325 
3 332 320 330 
3 334 323 331 
3 337 324 339 
3 345 326 332 
3 349 345 330 
4 364 246 198 161 
4 344 324 333 346 
3 327 319 355 
4 350 340 333 318 
3 354 346 339 
3 351 325 322 
3 358 312 348 
3 354 316 344 
3 354 343 337 
3 360 334 335 
3 354 337 340 
3 348 288 357 
3 372 342 347 
3 360 335 353 
3 367 339 360 
3 369 353 341 
3 359 329 383 
3 356 349 351 
5 357 343 344 346 340 
3 327 338 386 
3 366 361 353 
3 347 354 363 
3 387 319 342 
3 365 322 352 
4 362 350 345 349 
3 370 362 356 
3 375 360 361 
3 373 357 367 
3 399 378 336 
3 368 359 381 
3 377 371 356 
3 375 363 350 
3 377 369 365 
3 377 351 368 
3 376 361 371 
3 370 366 379 
3 387 348 373 
3 372 363 380 
3 399 328 303 
4 380 367 362 376 
3 391 375 370 
4 382 366 369 368 
3 399 299 364 
3 371 382 384 
3 387 373 375 
3 385 365 383 
3 379 377 385 
3 381 352 399 
3 389 379 385 
4 388 384 382 381 
3 327 355 387 
5 386 358 372 380 395 
3 396 392 385 
3 390 384 392 
3 391 389 392 
3 393 376 390 
4 394 390 389 388 
3 395 391 394 
3 393 392 396 
3 387 393 397 
3 398 394 388 
2 395 398 
3 397 396 399 
5 398 383 374 378 364 
