500
0 134 13042
1 140 6226
2 144 8144
3 168 11994
4 244 3678
5 292 21658
6 306 19130
7 328 15520
8 362 27338
9 382 16104
10 402 1318
11 498 15548
12 554 15708
13 596 18876
14 644 12218
15 654 5664
16 764 22536
17 770 18126
18 798 20098
19 840 10174
20 846 14340
21 1040 23078
22 1084 14614
23 1110 9546
24 1124 4436
25 1192 4030
26 1404 15674
27 1428 29952
28 1506 13068
29 1548 1666
30 1620 2344
31 1658 7304
32 1688 28866
33 1692 6034
34 1696 24240
35 1734 1008
36 1734 22458
37 1744 10630
38 1864 44
39 1890 118
40 2042 13498
41 2088 6382
42 2130 8502
43 2156 29406
44 2208 13436
45 2214 23948
46 2300 10248
47 2328 17566
48 2526 282
49 2560 2868
50 2590 26930
51 2610 16464
52 2752 1118
53 2766 510
54 2802 24120
55 2842 11386
56 2870 29602
57 2928 10032
58 3078 16564
59 3140 14244
60 3208 2338
61 3284 26668
62 3298 8642
63 3362 19392
64 3368 24832
65 3580 17810
66 3724 6856
67 3764 1902
68 3864 5168
69 3876 10198
70 3942 11220
71 3974 23630
72 4018 6668
73 4036 3846
74 4070 18886
75 4128 9972
76 4166 7514
77 4166 26916
78 4190 2432
79 4230 11510
80 4278 11742
81 4316 4210
82 4436 23182
83 4754 19798
84 4804 24926
85 4852 19588
86 4888 28352
87 4936 16694
88 4956 4176
89 4968 4812
90 5056 27796
91 5068 22116
92 5158 26378
93 5184 25134
94 5242 20820
95 5302 496
96 5334 6748
97 5412 8142
98 5656 7890
99 5754 5440
100 5888 19158
101 5906 6402
102 5948 4122
103 5954 3108
104 5960 10778
105 6016 23146
106 6038 7172
107 6058 10056
108 6084 21356
109 6114 2210
110 6134 9272
111 6138 4094
112 6158 1072
113 6192 1244
114 6202 12934
115 6248 14718
116 6274 8716
117 6280 6884
118 6332 3878
119 6400 21882
120 6406 2274
121 6410 3500
122 6414 52
123 6502 8820
124 6512 25592
125 6548 29432
126 6552 14814
127 6558 4504
128 6612 5560
129 6734 22384
130 6742 24136
131 6822 21818
132 6892 7936
133 7020 23894
134 7094 5226
135 7144 24504
136 7160 22848
137 7164 7752
138 7196 3596
139 7228 24168
140 7408 14256
141 7780 15864
142 7970 23572
143 8088 21794
144 8112 7846
145 8210 5430
146 8314 336
147 8438 3388
148 8458 23922
149 8684 6304
150 8728 18090
151 8734 15590
152 8752 7870
153 8882 11372
154 8916 27508
155 8982 11632
156 9032 972
157 9212 2126
158 9352 4982
159 9392 28734
160 9444 2126
161 9482 8988
162 9614 28380
163 9690 21954
164 9852 18218
165 9984 17546
166 9990 18042
167 9994 23682
168 10128 14532
169 10134 11858
170 10136 5984
171 10270 7622
172 10274 2452
173 10314 25518
174 10352 26704
175 10390 8272
176 10492 28100
177 10538 6284
178 10570 16066
179 10662 17180
180 10682 10704
181 10686 3382
182 10806 208
183 10806 5116
184 10906 29926
185 10916 13692
186 10968 27934
187 10982 28292
188 10996 15492
189 11060 3088
190 11088 1620
191 11116 7602
192 11228 19826
193 11276 10636
194 11302 23318
195 11354 4006
196 11372 11380
197 11540 29108
198 11580 24520
199 11626 11868
200 11768 15044
201 11772 6948
202 11812 23458
203 11884 224
204 12094 8848
205 12172 27488
206 12182 24354
207 12296 22214
208 12304 15738
209 12420 23892
210 12496 2624
211 12526 11936
212 12544 29576
213 12632 9818
214 12668 6990
215 12682 27714
216 12758 29258
217 12774 27762
218 12890 1386
219 12950 10518
220 13002 4132
221 13062 19706
222 13116 4742
223 13286 29996
224 13326 2764
225 13482 18740
226 13530 29996
227 13590 6114
228 13636 26102
229 13804 29058
230 13874 25476
231 13946 4378
232 13976 17722
233 13984 10326
234 14060 16992
235 14138 25852
236 14156 6692
237 14176 17828
238 14218 5448
239 14246 24842
240 14424 26350
241 14426 6808
242 14524 21258
243 14526 29626
244 14654 17740
245 14908 24538
246 14924 24566
247 15016 16816
248 15078 28972
249 15088 7570
250 15196 4276
251 15288 29818
252 15342 25920
253 15454 16794
254 15484 19740
255 15754 3862
256 15826 13168
257 15828 21212
258 15854 23032
259 15886 4202
260 15894 15696
261 15970 9952
262 16010 5202
263 16082 17140
264 16110 20442
265 16170 24170
266 16182 21858
267 16226 18270
268 16338 14364
269 16590 24100
270 16656 20822
271 16684 214
272 16684 7670
273 16696 29672
274 16870 5462
275 16898 27838
276 17070 14198
277 17132 21392
278 17140 28930
279 17150 28624
280 17194 27458
281 17232 27798
282 17272 20094
283 17298 4106
284 17440 26478
285 17450 26654
286 17492 3246
287 17508 16268
288 17542 2444
289 17600 29124
290 17642 9762
291 17762 10508
292 17852 584
293 17928 27270
294 17958 7406
295 17974 15316
296 18044 1288
297 18174 27526
298 18190 5400
299 18294 11872
300 18310 8436
301 18408 26502
302 18616 482
303 18630 4626
304 18636 7934
305 18644 29718
306 18716 24896
307 18820 24522
308 18876 14278
309 18950 28164
310 18988 2700
311 19124 16898
312 19144 18738
313 19170 5150
314 19194 5150
315 19342 3582
316 19346 11444
317 19364 1546
318 19402 9726
319 19408 17480
320 19424 23220
321 19574 238
322 19598 18220
323 19646 20024
324 19662 10938
325 19700 24116
326 19706 21652
327 19812 732
328 19826 22334
329 19930 22360
330 20082 7236
331 20188 28598
332 20342 26024
333 20382 21188
334 20386 29798
335 20494 21762
336 20508 8240
337 20644 3162
338 20678 16404
339 20720 13222
340 20782 24342
341 20796 9518
342 20796 9656
343 20808 13336
344 20816 19438
345 20854 18600
346 20944 496
347 20966 17896
348 20992 24598
349 20994 9590
350 21028 14714
351 21140 6496
352 21148 14314
353 21226 12456
354 21230 4444
355 21424 28312
356 21436 23658
357 21474 2418
358 21486 22868
359 21548 2594
360 21710 7728
361 21712 3086
362 21764 21086
363 21782 17976
364 21978 12702
365 22084 22036
366 22086 7506
367 22148 8374
368 22212 10330
369 22234 23742
370 22260 25396
371 22298 28642
372 22346 14786
373 22474 17352
374 22544 25246
375 22552 2212
376 22554 15220
377 22598 4808
378 22610 14234
379 22694 23536
380 22704 14780
381 22772 6944
382 22802 3020
383 22846 25934
384 22870 15690
385 22962 16854
386 23052 3084
387 23072 3654
388 23158 28456
389 23172 3290
390 23372 23636
391 23382 15814
392 23418 12164
393 23444 20086
394 23482 19924
395 23514 10316
396 23862 7944
397 23910 16492
398 23940 22180
399 23944 16236
400 23976 20720
401 24204 18990
402 24284 29412
403 24296 11038
404 24300 27450
405 24372 24690
406 24390 19076
407 24448 6568
408 24642 7944
409 24716 1248
410 24838 26124
411 24898 10770
412 24946 28360
413 25052 2424
414 25086 22840
415 25102 28542
416 25140 26842
417 25176 12568
418 25288 17968
419 25340 24890
420 25398 17756
421 25466 6506
422 25546 13364
423 25552 418
424 25558 18936
425 25648 21390
426 25688 25202
427 25748 21298
428 25774 17896
429 25814 18968
430 25858 11166
431 25938 17370
432 26024 5014
433 26166 24648
434 26224 27496
435 26306 918
436 26344 12934
437 26346 1884
438 26684 9874
439 26722 12742
440 26736 9484
441 26790 21262
442 26828 28414
443 26876 29844
444 26906 1486
445 27002 6034
446 27018 23582
447 27054 28846
448 27082 8496
449 27106 13064
450 27168 978
451 27274 10344
452 27308 2660
453 27386 21096
454 27432 17800
455 27450 25728
456 27458 7298
457 27558 23418
458 27644 1798
459 27686 10942
460 27822 28640
461 27870 25350
462 27938 20300
463 27994 16880
464 28030 22184
465 28078 23580
466 28190 21918
467 28242 10680
468 28308 19114
469 28336 23994
470 28346 3564
471 28406 10700
472 28440 2554
473 28452 1362
474 28520 15374
475 28530 22480
476 28566 10320
477 28578 21694
478 28582 21444
479 28686 27530
480 28984 16716
481 29052 4504
482 29096 13342
483 29146 6702
484 29190 25938
485 29276 7590
486 29314 26098
487 29360 4758
488 29362 1654
489 29396 28056
490 29410 9830
491 29446 4918
492 29482 24680
493 29584 15280
494 29686 7692
495 29736 25074
496 29774 12400
497 29776 6928
498 29786 19194
499 29796 16360
4 8 1 2 3 
3 2 0 4 
3 3 0 1 
3 5 0 2 
2 1 10 
4 16 8 3 6 
5 5 10 7 9 13 
3 9 6 10 
4 27 0 5 21 
3 6 7 11 
6 29 15 7 6 4 38 
5 12 9 14 20 22 
3 17 11 26 
3 18 6 17 
3 11 15 19 
3 14 10 24 
3 21 5 18 
3 13 12 47 
3 36 16 13 
3 14 24 23 
3 11 37 28 
3 34 8 16 
3 11 28 40 
3 19 31 42 
4 33 19 15 25 
3 24 29 30 
4 51 47 12 59 
6 223 8 32 43 56 184 
4 22 20 57 55 
3 25 10 35 
3 49 25 35 
3 23 33 41 
5 27 34 50 61 77 
3 41 31 24 
3 32 21 45 
3 30 29 39 
3 45 18 63 
3 20 42 46 
3 122 39 10 
4 48 52 35 38 
4 59 22 70 44 
3 31 33 68 
3 37 23 66 
3 27 92 90 
3 40 80 153 
3 54 34 36 
3 37 62 57 
3 63 17 26 
3 95 53 39 
3 73 30 60 
3 32 64 61 
3 58 65 26 
3 67 60 39 
3 103 67 48 
3 64 45 71 
3 28 97 69 
3 27 86 125 
3 28 46 97 
3 87 65 51 
3 26 40 114 
3 78 49 52 
3 32 50 84 
3 46 72 76 
3 36 47 74 
3 50 54 71 
3 74 51 58 
3 42 89 72 
3 78 52 53 
4 41 81 88 89 
3 55 98 75 
3 79 40 75 
3 64 54 82 
3 62 66 111 
3 111 81 49 
3 83 63 65 
3 70 69 98 
3 62 99 96 
3 32 93 92 
3 118 60 67 
3 80 70 98 
3 44 79 104 
3 68 73 88 
3 71 91 105 
3 94 74 85 
3 93 61 105 
3 83 87 100 
3 159 56 90 
3 85 58 115 
3 68 81 102 
3 66 68 102 
3 86 43 124 
3 82 94 119 
3 43 77 135 
3 77 84 130 
3 108 91 83 
3 112 48 146 
3 76 99 101 
3 55 57 98 
5 79 75 69 97 106 
3 96 76 118 
3 143 85 115 
3 106 96 118 
3 89 88 111 
3 121 53 109 
3 80 107 161 
3 84 82 129 
3 98 101 117 
3 104 110 152 
3 131 119 94 
3 121 103 113 
4 107 117 116 123 
4 72 102 73 118 
3 113 95 156 
3 120 109 112 
3 115 59 155 
4 126 100 87 114 
3 110 128 132 
3 110 106 128 
5 101 99 111 78 121 
4 129 91 108 131 
3 138 121 113 
5 127 118 103 109 120 
5 321 271 182 146 38 
3 110 137 144 
3 154 90 135 
3 212 56 197 
4 151 141 115 140 
3 128 121 138 
4 116 117 127 134 
3 136 105 119 
3 139 93 133 
3 119 108 143 
3 116 145 137 
3 130 136 142 
3 145 128 147 
4 173 124 92 139 
3 142 133 129 
3 123 132 149 
3 127 120 147 
3 135 130 148 
3 168 126 169 
3 165 150 126 
3 148 133 136 
3 163 131 100 
3 152 123 177 
3 132 134 158 
3 95 122 182 
4 134 138 157 181 
3 139 142 167 
3 137 158 170 
3 164 163 141 
3 178 179 126 
3 107 144 171 
3 155 44 180 
3 162 124 174 
3 169 114 153 
3 157 112 182 
3 160 147 156 
3 149 145 181 
3 197 86 162 
3 172 157 190 
3 180 104 175 
3 159 154 176 
3 194 143 150 
3 202 150 166 
3 166 141 179 
3 192 164 165 
3 198 148 194 
5 200 208 188 140 185 
3 140 155 196 
3 177 149 183 
3 152 201 191 
3 210 189 160 
3 174 135 198 
3 154 173 228 
3 204 161 191 
3 187 162 186 
3 201 144 170 
3 232 151 188 
3 225 165 151 
3 153 161 193 
4 195 158 147 189 
4 203 156 146 122 
3 227 170 195 
3 223 27 251 
3 200 168 199 
3 187 176 205 
3 197 176 186 
3 232 178 168 
3 220 181 172 
3 160 203 218 
3 175 171 214 
3 207 166 221 
3 180 213 219 
3 202 167 163 
3 222 183 181 
3 199 169 219 
4 212 125 159 187 
3 173 167 206 
3 211 185 196 
3 208 168 185 
3 214 171 177 
3 206 194 164 
3 190 182 271 
3 213 175 249 
3 215 186 240 
4 228 198 202 209 
3 230 209 192 
3 234 168 200 
3 230 206 207 
3 224 172 218 
3 256 199 233 
4 243 125 197 216 
3 261 193 204 
3 191 201 236 
3 217 205 280 
3 212 217 229 
3 275 216 215 
3 210 190 292 
3 196 193 233 
3 231 222 189 
3 242 192 225 
3 227 195 220 
3 226 27 184 
3 255 210 288 
3 254 221 179 
2 223 443 
3 236 183 222 
3 240 174 206 
3 216 275 248 
3 235 209 207 
3 238 220 250 
3 237 178 188 
3 211 219 261 
3 244 208 247 
3 240 230 239 
3 241 214 227 
3 254 232 244 
3 241 231 262 
3 235 242 245 
4 205 228 235 252 
3 249 236 238 
3 239 221 257 
3 273 251 212 
3 267 237 234 
4 246 239 258 265 
3 284 252 245 
3 234 260 253 
3 229 279 278 
3 272 204 241 
3 262 231 259 
3 184 243 334 
3 285 240 246 
3 267 247 260 
3 264 225 237 
3 283 259 224 
3 268 211 291 
3 266 242 264 
3 265 245 266 
3 313 250 255 
4 263 253 247 268 
3 233 213 290 
3 274 238 250 
3 267 260 287 
3 270 257 254 
3 245 258 269 
3 258 257 277 
4 282 244 253 263 
3 260 256 276 
3 307 265 320 
3 277 264 282 
3 321 203 122 
3 300 249 294 
3 305 243 289 
3 294 262 298 
3 229 217 281 
3 295 268 299 
3 326 266 270 
3 289 248 279 
3 278 248 281 
3 281 215 293 
4 279 275 280 297 
3 270 267 312 
3 303 255 286 
3 285 246 306 
3 293 252 284 
4 315 283 288 310 
3 311 263 295 
3 286 224 296 
4 305 273 278 309 
4 291 261 300 318 
3 299 256 290 
4 296 218 321 302 
3 297 280 285 
3 304 272 274 
3 287 276 308 
3 317 288 292 
4 309 281 293 301 
3 330 274 313 
3 276 291 316 
3 290 272 304 
3 297 306 332 
3 327 292 321 
3 314 283 354 
3 341 300 294 
3 334 273 289 
3 301 284 307 
3 306 269 325 
3 295 316 339 
3 331 289 297 
3 286 317 357 
3 319 287 338 
3 323 282 322 
3 314 298 259 
3 351 313 303 
3 354 286 337 
3 308 299 324 
3 310 296 327 
3 324 290 342 
3 345 322 311 
3 325 269 328 
6 423 346 302 292 271 122 
3 333 312 319 
3 333 326 312 
3 353 316 318 
3 340 307 320 
3 328 277 323 
3 317 302 346 
3 329 320 326 
3 358 328 335 
3 360 336 298 
4 334 309 332 370 
3 331 301 348 
4 335 323 322 344 
6 443 251 305 331 355 402 
4 365 329 333 362 
3 367 349 330 
3 315 359 361 
3 347 311 350 
4 343 350 308 353 
3 348 325 356 
3 349 342 304 
3 364 318 341 
3 372 352 339 
3 394 333 345 
3 344 319 347 
3 327 321 423 
3 363 345 338 
3 332 340 369 
3 368 341 336 
3 338 339 352 
3 360 314 377 
3 376 350 343 
3 364 339 324 
3 377 303 315 
3 371 334 383 
3 369 340 358 
3 359 310 375 
3 356 329 365 
4 382 361 337 357 
5 367 330 351 377 366 
3 337 359 382 
3 335 393 400 
3 401 347 373 
3 378 353 342 
3 398 358 335 
3 396 360 381 
3 395 336 360 
3 392 349 395 
3 348 356 379 
3 331 390 374 
3 402 355 388 
3 376 343 380 
3 401 363 385 
3 383 370 414 
3 386 357 409 
4 384 352 372 380 
4 360 351 354 387 
3 380 364 392 
3 390 369 398 
4 376 372 378 417 
3 366 387 407 
3 386 361 359 
3 355 374 405 
3 391 385 376 
3 373 384 397 
3 389 382 375 
3 381 377 389 
5 415 371 410 404 412 
3 387 386 413 
3 370 379 425 
4 399 397 384 422 
3 378 368 403 
3 400 362 394 
3 393 344 406 
3 403 368 367 
3 408 411 366 
3 418 385 391 
3 379 365 425 
3 431 420 391 
3 427 362 393 
3 406 363 373 
3 443 334 371 
3 392 395 411 
3 388 426 416 
3 419 383 453 
3 394 401 424 
3 381 432 421 
3 440 396 421 
3 413 375 423 
3 388 419 426 
3 430 403 396 
3 415 388 434 
3 389 409 437 
3 374 427 441 
3 443 388 412 
3 404 433 455 
3 422 380 430 
4 424 397 420 428 
3 410 405 453 
3 418 399 431 
3 408 407 445 
3 391 417 436 
7 488 473 450 435 409 346 321 
3 429 406 418 
3 390 398 427 
3 404 410 433 
4 414 425 400 441 
3 418 480 454 
3 441 424 454 
3 417 411 438 
3 420 399 463 
3 445 407 437 
3 416 426 446 
3 442 412 455 
3 458 444 423 
3 422 459 439 
3 432 413 444 
3 451 430 440 
3 449 436 471 
3 438 408 448 
4 414 427 429 462 
3 447 434 479 
7 226 334 402 415 447 460 489 
4 472 452 437 435 
4 456 421 432 452 
3 433 462 457 
3 443 442 460 
3 440 456 485 
3 482 474 439 
3 473 458 423 
3 459 438 476 
3 470 445 444 
3 419 405 462 
3 429 428 480 
3 434 416 461 
3 448 445 483 
3 465 446 464 
3 472 435 450 
3 436 451 467 
3 443 447 489 
4 484 479 455 469 
4 446 453 441 468 
3 431 474 480 
3 457 468 466 
3 469 457 475 
3 464 498 478 
3 471 459 476 
3 464 462 480 
3 492 461 465 
3 481 452 472 
3 439 467 490 
4 470 444 458 488 
3 488 450 423 
3 463 449 493 
3 492 465 477 
3 467 451 490 
3 492 475 478 
3 477 466 498 
3 489 442 461 
5 468 454 428 463 493 
3 487 483 470 
4 493 449 490 494 
3 485 456 481 
3 486 461 495 
3 494 448 483 
3 489 484 495 
3 491 481 488 
6 497 491 487 472 473 423 
5 443 460 479 486 495 
4 482 471 476 494 
3 497 487 488 
4 495 469 475 477 
5 498 480 474 482 496 
4 482 490 485 497 
5 489 486 484 492 498 
3 498 493 497 
5 499 496 494 491 488 
6 495 478 466 493 496 499 
2 498 497 
