35
0 18 1396
1 42 22
2 128 662
3 150 348
4 246 858
5 248 396
6 270 1428
7 308 1568
8 318 1356
9 320 1126
10 468 360
11 524 1766
12 604 2084
13 670 1564
14 786 1618
15 992 774
16 1038 1628
17 1122 1924
18 1156 1968
19 1206 888
20 1384 868
21 1398 456
22 1420 228
23 1468 940
24 1626 128
25 1628 970
26 1638 918
27 1660 1816
28 1742 1700
29 1776 1472
30 1796 1048
31 1946 176
32 1998 1108
33 2032 1772
34 2048 1544
5 6 7 12 1 2 
3 24 3 0 
4 4 0 3 5 
3 5 2 1 
3 9 2 15 
3 2 3 10 
3 13 0 8 
3 11 0 13 
3 13 6 9 
3 8 4 19 
3 5 24 22 
3 12 7 14 
4 0 11 17 18 
4 14 7 6 8 
3 16 11 13 
3 19 4 21 
3 17 14 23 
3 12 16 27 
2 12 33 
3 9 15 20 
3 23 19 21 
3 20 15 22 
4 26 21 10 24 
3 25 16 20 
4 31 22 10 1 
3 29 23 26 
3 30 25 22 
3 17 28 33 
3 33 27 29 
4 33 28 25 30 
3 32 29 26 
3 34 32 24 
3 34 30 31 
5 18 27 28 29 34 
3 33 32 31 
