200
0 22 7226
1 28 7496
2 148 11412
3 224 762
4 224 4366
5 350 6512
6 376 9462
7 406 10384
8 414 7622
9 426 322
10 436 7122
11 720 10898
12 814 7882
13 832 8672
14 944 11864
15 970 6768
16 1250 1710
17 1288 1006
18 1332 7828
19 1370 2026
20 1380 9714
21 1398 11642
22 1466 11092
23 1502 10922
24 1566 10186
25 1618 4864
26 1634 10134
27 1720 10504
28 1726 9712
29 1754 2940
30 1924 9002
31 1950 11624
32 1974 2176
33 1976 4738
34 2020 2714
35 2088 7208
36 2142 10928
37 2156 11020
38 2250 3908
39 2308 6392
40 2366 11706
41 2388 8904
42 2394 9086
43 2456 6550
44 2470 2914
45 2486 5898
46 2596 9812
47 2608 3804
48 2668 6996
49 2768 9892
50 2814 3906
51 2974 8744
52 3154 878
53 3180 5034
54 3210 4444
55 3232 3502
56 3268 5910
57 3380 5544
58 3390 70
59 3452 4666
60 3558 1404
61 3566 2580
62 3696 234
63 3722 6418
64 3734 3868
65 3856 6960
66 3880 11816
67 3936 10932
68 3956 7172
69 4014 2248
70 4078 3652
71 4182 10356
72 4264 1660
73 4300 766
74 4308 326
75 4314 6814
76 4354 6578
77 4446 8800
78 4448 3232
79 4474 4196
80 4518 11678
81 4544 9772
82 4566 3178
83 4690 5144
84 4708 944
85 4726 5468
86 4904 4960
87 4918 2038
88 4920 10120
89 4976 1492
90 5006 2762
91 5124 5464
92 5174 8610
93 5258 5528
94 5294 11072
95 5354 1736
96 5472 10990
97 5642 812
98 5654 7360
99 5708 9576
100 5716 3502
101 5730 2566
102 5848 6762
103 5924 7986
104 5966 4120
105 6006 10060
106 6096 1790
107 6178 5740
108 6282 8976
109 6300 796
110 6388 9878
111 6414 9284
112 6534 11304
113 6564 4698
114 6690 10974
115 6870 6484
116 6942 5322
117 7036 10646
118 7052 4632
119 7200 11670
120 7374 4040
121 7420 8758
122 7582 11002
123 7724 10032
124 7790 2414
125 7790 10480
126 7834 10532
127 8018 10188
128 8212 7564
129 8218 1464
130 8272 10080
131 8280 8378
132 8296 1126
133 8304 10774
134 8324 11450
135 8342 7288
136 8344 1500
137 8434 1150
138 8456 1272
139 8478 2434
140 8640 8886
141 8672 2604
142 8674 11416
143 8694 6346
144 8730 1768
145 8774 9728
146 8924 8974
147 8928 9634
148 8992 10204
149 9006 9984
150 9080 10686
151 9088 4530
152 9130 3092
153 9276 6330
154 9304 5484
155 9334 8856
156 9378 3184
157 9388 3524
158 9480 258
159 9498 266
160 9536 5322
161 9562 10206
162 9622 2874
163 9726 5458
164 9734 10450
165 9894 9618
166 9934 7566
167 9970 6380
168 10012 638
169 10060 4636
170 10080 4838
171 10204 8142
172 10368 4894
173 10410 6286
174 10480 6096
175 10506 5030
176 10526 5904
177 10554 2786
178 10614 3038
179 10630 8228
180 10638 7798
181 10680 6656
182 10714 9070
183 10728 9398
184 10740 6936
185 10760 5400
186 11024 478
187 11034 4662
188 11046 4398
189 11122 9922
190 11186 1316
191 11256 4446
192 11272 840
193 11574 4876
194 11582 2262
195 11586 5152
196 11640 3390
197 11730 5358
198 11730 8638
199 11978 2850
3 1 3 4 
5 8 6 2 0 5 
4 14 1 7 11 
3 4 0 9 
3 0 3 16 
3 10 1 19 
3 7 1 13 
3 11 2 6 
3 12 1 10 
3 17 3 58 
3 8 5 15 
3 22 2 7 
3 13 8 18 
3 20 6 12 
4 2 21 40 66 
3 10 25 39 
3 19 4 17 
3 16 9 52 
3 30 12 35 
4 32 29 5 16 
3 24 13 28 
3 14 22 31 
3 21 11 23 
3 22 24 27 
3 23 20 26 
3 15 29 33 
3 27 24 28 
3 36 23 26 
4 46 26 20 30 
3 25 19 34 
3 42 28 18 
3 40 21 37 
3 34 19 60 
3 45 25 38 
3 44 29 32 
3 41 18 39 
3 37 27 49 
3 31 36 67 
3 33 44 47 
4 43 35 15 45 
3 14 31 80 
3 42 35 51 
3 46 30 41 
3 48 39 63 
3 38 34 61 
4 56 39 33 53 
3 49 28 42 
3 50 38 55 
3 51 43 65 
3 71 36 46 
3 54 47 64 
3 81 41 48 
3 60 17 73 
4 57 45 54 59 
3 53 50 64 
3 47 61 78 
3 63 45 57 
3 56 53 85 
3 158 62 9 
3 53 70 79 
3 72 32 52 
3 55 44 69 
3 74 73 58 
3 76 43 56 
3 54 50 70 
3 68 48 75 
3 14 80 119 
3 94 37 71 
3 92 77 65 
3 61 72 87 
3 59 64 78 
3 67 49 88 
3 69 60 89 
3 84 52 62 
3 97 62 159 
3 98 65 76 
3 75 63 93 
3 99 81 68 
3 70 55 82 
3 83 59 82 
3 66 40 112 
3 88 51 77 
3 79 78 90 
3 85 79 86 
3 89 73 97 
3 57 83 91 
3 83 100 104 
3 90 69 95 
3 71 81 105 
3 95 72 84 
3 82 87 101 
3 93 85 113 
3 108 99 68 
3 107 76 91 
3 112 67 96 
3 106 87 89 
3 94 105 114 
3 84 74 109 
3 103 75 102 
3 105 77 92 
3 104 86 101 
3 100 90 106 
3 98 107 115 
3 121 108 98 
3 113 86 100 
4 96 88 99 110 
4 124 101 95 129 
3 102 93 116 
3 111 92 103 
3 132 97 168 
3 117 105 111 
3 117 110 108 
3 134 80 94 
3 91 104 118 
4 122 96 117 125 
3 128 102 116 
3 115 107 118 
4 114 110 111 123 
3 116 113 120 
3 66 134 142 
3 118 124 152 
3 123 103 131 
3 134 114 126 
3 127 117 121 
3 139 120 106 
3 126 114 127 
3 133 122 125 
3 125 123 130 
3 131 115 135 
3 136 106 138 
3 133 127 145 
3 140 121 128 
3 137 109 168 
3 142 126 130 
4 119 112 122 142 
3 140 128 143 
3 139 129 138 
3 190 138 132 
4 144 136 129 137 
3 141 124 136 
4 147 145 131 135 
3 152 139 144 
6 119 134 133 150 164 189 
4 146 135 151 153 
3 162 141 138 
3 148 130 140 
3 147 143 155 
3 149 140 146 
3 150 145 149 
3 161 148 147 
3 142 148 164 
4 154 143 156 157 
3 156 120 141 
3 166 143 154 
3 153 151 160 
3 165 146 171 
4 157 151 152 162 
3 169 151 156 
3 186 159 58 
3 186 74 158 
3 163 154 170 
3 164 149 165 
3 156 144 177 
3 176 167 160 
4 142 150 161 189 
3 161 155 183 
3 171 153 167 
3 166 163 173 
3 132 109 186 
3 170 157 178 
3 172 160 169 
3 179 155 166 
3 175 170 188 
3 180 167 174 
3 181 173 176 
3 176 172 187 
4 174 163 175 185 
3 178 162 194 
3 196 169 177 
3 182 171 180 
3 179 173 184 
3 198 184 174 
3 189 183 179 
3 189 165 182 
3 198 180 181 
3 176 187 195 
5 192 190 168 159 158 
3 185 175 191 
3 191 172 196 
5 142 164 183 182 198 
3 194 137 186 
4 193 187 188 199 
2 199 186 
3 195 191 199 
3 199 177 190 
3 197 185 193 
3 188 178 199 
3 198 195 199 
5 189 184 181 197 199 
7 198 197 193 191 196 194 192 
