60
0 22 3150
1 96 2270
2 142 460
3 178 162
4 180 864
5 294 1136
6 408 14
7 418 2434
8 596 1440
9 608 2102
10 670 770
11 716 2564
12 812 1640
13 902 2784
14 926 1892
15 978 2656
16 992 972
17 998 3158
18 1020 760
19 1074 2378
20 1086 1326
21 1170 1082
22 1174 3498
23 1178 1748
24 1298 1720
25 1446 2504
26 1476 3068
27 1480 746
28 1542 3240
29 1550 1468
30 1738 1822
31 1788 1628
32 1808 1374
33 1826 792
34 1972 998
35 1972 3540
36 1972 3596
37 1996 2980
38 2032 782
39 2038 1038
40 2100 3552
41 2104 3042
42 2126 148
43 2186 948
44 2366 204
45 2412 1330
46 2462 1934
47 2500 3440
48 2540 1888
49 2552 2888
50 2778 766
51 2784 404
52 2820 746
53 3066 752
54 3108 1920
55 3112 376
56 3426 2272
57 3448 206
58 3518 3166
59 3538 2080
5 17 22 2 1 7 
3 0 4 5 
5 27 10 4 0 3 
2 2 6 
3 5 1 2 
3 8 1 4 
3 57 42 3 
4 11 0 8 9 
4 9 7 5 10 
4 11 7 8 12 
3 8 2 18 
4 13 7 9 14 
3 9 16 20 
3 17 11 15 
3 11 20 23 
3 17 13 19 
3 21 12 18 
5 28 0 13 15 26 
3 16 10 27 
3 26 15 23 
4 29 14 12 21 
3 20 16 33 
2 36 0 
4 19 14 29 24 
3 25 23 29 
3 26 24 30 
5 17 19 25 30 37 
3 33 18 2 
3 35 17 41 
4 24 23 20 32 
3 26 25 31 
3 46 30 32 
3 31 29 34 
3 21 27 38 
3 39 32 38 
3 40 36 28 
4 22 35 40 58 
3 41 26 46 
3 34 33 51 
3 45 34 43 
3 36 35 47 
3 28 37 49 
3 57 44 6 
3 39 55 50 
3 55 51 42 
3 48 39 50 
3 37 31 48 
3 40 49 58 
3 54 46 45 
3 47 41 56 
3 45 43 52 
3 38 44 55 
3 53 50 57 
3 54 52 57 
3 59 48 53 
4 43 51 44 57 
3 58 49 59 
6 59 53 52 55 42 6 
4 36 47 56 59 
4 58 56 54 57 
