800
0 38 14380
1 104 23058
2 304 37968
3 356 4418
4 378 45702
5 382 32644
6 398 9376
7 474 42824
8 476 47978
9 492 17988
10 504 40054
11 650 9216
12 736 25282
13 810 33224
14 896 19852
15 918 43956
16 942 24968
17 942 37624
18 984 45486
19 1054 30776
20 1086 23368
21 1116 16750
22 1162 16174
23 1166 39392
24 1170 46496
25 1188 17254
26 1296 21152
27 1308 14414
28 1308 27786
29 1404 31942
30 1426 12046
31 1574 13936
32 1654 45646
33 1712 3936
34 1754 23674
35 1780 44032
36 1808 32878
37 1856 10862
38 1858 33270
39 1936 2210
40 1936 23682
41 2144 5510
42 2168 41988
43 2190 10890
44 2252 15892
45 2272 23174
46 2310 14124
47 2362 35818
48 2380 19810
49 2468 2648
50 2472 26614
51 2526 14244
52 2642 24280
53 2642 29152
54 2686 46466
55 2722 20544
56 2742 27836
57 2772 32736
58 2780 31032
59 2844 43672
60 2908 33708
61 2978 11110
62 3006 14086
63 3032 47922
64 3040 31942
65 3064 9026
66 3126 42364
67 3248 26268
68 3290 43608
69 3396 1148
70 3428 13422
71 3434 37878
72 3614 38626
73 3620 38382
74 3662 24346
75 3668 44178
76 3682 46606
77 3694 39970
78 3786 39780
79 3812 42120
80 3836 26930
81 3870 30412
82 3896 9410
83 3918 39452
84 3994 37426
85 4016 34468
86 4020 9994
87 4042 11966
88 4056 2360
89 4180 34206
90 4216 12812
91 4244 7928
92 4298 7020
93 4300 17272
94 4398 39866
95 4416 36542
96 4442 36082
97 4532 43652
98 4652 42466
99 4694 12574
100 4748 23034
101 4760 25830
102 4770 17900
103 4848 32842
104 4876 45006
105 4916 27336
106 4922 36576
107 4948 39248
108 4990 33880
109 5004 22450
110 5046 23978
111 5056 39004
112 5098 33966
113 5224 14926
114 5346 36918
115 5392 34266
116 5470 24354
117 5486 16638
118 5502 42298
119 5554 45388
120 5606 13120
121 5608 15054
122 5682 44920
123 5748 24910
124 5780 1206
125 5848 6022
126 5858 35780
127 6014 25938
128 6074 2966
129 6088 13912
130 6096 6090
131 6114 15870
132 6114 42408
133 6368 25792
134 6400 4586
135 6516 22626
136 6530 31252
137 6534 28756
138 6608 30398
139 6638 19898
140 6648 20604
141 6656 24372
142 6670 11238
143 6758 43422
144 6792 27124
145 6798 168
146 6966 41954
147 7010 18032
148 7012 35596
149 7018 11728
150 7062 17158
151 7068 40288
152 7088 5310
153 7212 19620
154 7262 24542
155 7376 14746
156 7394 45740
157 7412 10992
158 7446 43552
159 7486 6920
160 7578 4090
161 7608 15498
162 7672 32174
163 7738 40266
164 7830 33940
165 7956 18210
166 7980 15292
167 8006 35594
168 8020 26484
169 8056 33388
170 8132 21992
171 8160 31756
172 8230 28726
173 8360 35966
174 8476 33708
175 8646 41804
176 8734 43258
177 8746 45006
178 8766 2770
179 8796 29004
180 9110 8506
181 9200 672
182 9248 37188
183 9280 20152
184 9356 32434
185 9398 2426
186 9416 31100
187 9432 16840
188 9618 29292
189 9636 33520
190 9786 47566
191 9880 36648
192 9906 26978
193 9982 19588
194 10002 35690
195 10042 42274
196 10056 17570
197 10088 46360
198 10106 45404
199 10130 45404
200 10132 41454
201 10148 13470
202 10194 30068
203 10288 8130
204 10358 12110
205 10372 16048
206 10416 8332
207 10494 31122
208 10670 5228
209 10832 19738
210 10838 16410
211 10852 23760
212 10894 212
213 10960 18676
214 11048 41430
215 11182 47588
216 11222 11088
217 11290 39812
218 11300 1448
219 11366 46074
220 11474 6502
221 11524 8360
222 11548 4132
223 11570 38838
224 11598 4720
225 11600 31050
226 11856 5698
227 11876 6162
228 11876 22496
229 11894 42058
230 12064 19666
231 12160 12770
232 12220 35924
233 12244 43262
234 12296 39046
235 12326 28890
236 12414 24210
237 12420 32312
238 12470 41720
239 12510 15416
240 12548 18822
241 12600 14782
242 12620 1304
243 12646 42476
244 12690 1270
245 12788 36532
246 12788 39238
247 12794 27452
248 12822 9180
249 12842 30110
250 12872 22316
251 12988 36002
252 13022 34596
253 13046 23336
254 13112 40622
255 13278 30722
256 13328 23490
257 13416 20632
258 13492 1576
259 13594 26818
260 13692 47800
261 13732 35502
262 13786 20510
263 13822 36292
264 13850 38704
265 13876 2466
266 13902 9178
267 14026 4812
268 14066 16690
269 14130 25638
270 14152 8278
271 14312 44736
272 14430 9352
273 14496 39626
274 14612 39516
275 14616 12318
276 14644 9396
277 14816 27184
278 14908 7664
279 14950 29098
280 14990 44298
281 15188 41840
282 15274 25816
283 15312 45382
284 15358 38328
285 15522 41824
286 15616 39098
287 15732 44358
288 15900 28134
289 15984 17418
290 16002 45474
291 16006 8904
292 16122 26796
293 16198 33542
294 16226 21908
295 16234 2796
296 16306 36246
297 16364 20508
298 16408 34294
299 16450 8302
300 16520 35006
301 16526 37066
302 16606 43456
303 16838 7208
304 16900 17338
305 17048 12768
306 17070 47526
307 17072 9376
308 17080 25942
309 17094 18830
310 17128 29496
311 17142 8970
312 17324 16360
313 17618 43276
314 17708 16588
315 17830 21262
316 17892 17184
317 17944 40442
318 18062 8114
319 18066 39178
320 18070 30320
321 18084 12928
322 18184 16222
323 18358 41244
324 18786 9506
325 18882 3348
326 18890 26134
327 18922 28058
328 18924 10634
329 19328 42770
330 19336 5788
331 19486 24648
332 19498 16838
333 19508 34364
334 19686 7600
335 19762 25052
336 19948 25338
337 19950 7094
338 19972 26034
339 20008 41146
340 20022 45484
341 20224 15136
342 20242 35526
343 20282 14156
344 20298 776
345 20310 44764
346 20318 39528
347 20332 40078
348 20548 47604
349 20644 4940
350 20658 39130
351 20682 9092
352 20740 45070
353 20796 6758
354 20822 47838
355 20954 9084
356 20986 45944
357 20994 14586
358 21180 36474
359 21218 37358
360 21238 32688
361 21242 23380
362 21332 16414
363 21460 36772
364 21520 47244
365 21534 43326
366 21578 45854
367 21646 25694
368 21724 29898
369 21800 47816
370 22052 33864
371 22060 40100
372 22062 46888
373 22108 3936
374 22168 6698
375 22238 11778
376 22242 20850
377 22310 44920
378 22354 30782
379 22548 4124
380 22758 22410
381 22850 32188
382 22910 28906
383 22922 6028
384 22972 18734
385 22988 5272
386 23036 24852
387 23112 31168
388 23144 29012
389 23170 32188
390 23174 27334
391 23254 35822
392 23268 15850
393 23292 27664
394 23364 42916
395 23384 10672
396 23418 12468
397 23472 1906
398 23510 21294
399 23524 28414
400 23538 17954
401 23548 39454
402 23740 15558
403 23880 13500
404 23906 25780
405 23910 28024
406 23962 27888
407 24012 32374
408 24090 44058
409 24182 33528
410 24250 40236
411 24268 47702
412 24368 7722
413 24460 5226
414 24680 3072
415 24694 17132
416 24756 37702
417 24772 19192
418 24782 44814
419 25142 21510
420 25232 2700
421 25336 3460
422 25370 38692
423 25372 45058
424 25406 37662
425 25416 31238
426 25484 41634
427 25516 4678
428 25526 994
429 25568 13952
430 25576 8380
431 25660 17508
432 25722 14710
433 25738 15138
434 25830 4670
435 25832 14868
436 25906 18990
437 25908 45416
438 25952 32416
439 26158 15364
440 26168 46352
441 26258 45886
442 26388 18998
443 26474 576
444 26478 32672
445 26508 32114
446 26606 45400
447 26608 33800
448 26614 3232
449 26670 4182
450 26718 24474
451 26722 30188
452 26726 11080
453 26812 16940
454 26842 40474
455 26884 38360
456 27112 30714
457 27130 7364
458 27136 39182
459 27152 1018
460 27184 23082
461 27350 30860
462 27594 23418
463 27722 13460
464 27766 18652
465 27856 30882
466 27912 22474
467 27994 31170
468 28038 28178
469 28088 23342
470 28170 23436
471 28194 25510
472 28238 24238
473 28444 36200
474 28478 36426
475 28490 14162
476 28626 36010
477 28638 13044
478 28660 19220
479 28684 22810
480 28690 12996
481 28720 44882
482 28736 45448
483 28850 2962
484 28886 8114
485 28896 29448
486 28898 20262
487 29122 21230
488 29170 15386
489 29200 44792
490 29360 34282
491 29396 29522
492 29422 8620
493 29474 29182
494 29494 5662
495 29642 27908
496 29678 38646
497 29752 18302
498 29776 11382
499 29900 29498
500 29916 36140
501 30036 26226
502 30194 46438
503 30226 31266
504 30256 37502
505 30314 10550
506 30392 31628
507 30448 16312
508 30568 5526
509 30638 39048
510 30724 30922
511 30762 42342
512 30812 23930
513 30816 5052
514 31194 7176
515 31304 14556
516 31326 8960
517 31328 26658
518 31368 10992
519 31368 24006
520 31436 2100
521 31470 20020
522 31544 22590
523 31570 5508
524 31614 21528
525 31632 3906
526 31656 7350
527 31702 20438
528 31734 1004
529 31788 12234
530 31792 29608
531 31866 26412
532 31948 22202
533 31968 35104
534 32016 42952
535 32156 20242
536 32156 28970
537 32242 36520
538 32286 1754
539 32400 20312
540 32442 36352
541 32498 14722
542 32554 4262
543 32604 27800
544 32670 28278
545 32812 24292
546 32962 39178
547 32978 14140
548 32986 16110
549 33008 26168
550 33036 36794
551 33098 43198
552 33112 39230
553 33180 9550
554 33204 26832
555 33310 29256
556 33416 34174
557 33452 21750
558 33470 5864
559 33498 16342
560 33662 15694
561 33770 28824
562 33770 29766
563 33778 25602
564 33818 40074
565 33842 15494
566 33862 16486
567 33890 14374
568 33894 24358
569 33902 24866
570 33998 7674
571 34016 13240
572 34024 12074
573 34042 706
574 34098 25024
575 34114 9296
576 34132 16230
577 34132 38738
578 34168 1208
579 34202 46304
580 34256 23664
581 34258 40014
582 34366 24956
583 34418 39768
584 34542 31218
585 34700 26870
586 34700 42210
587 34748 7624
588 34850 37128
589 34906 17562
590 35060 20484
591 35118 17434
592 35256 33112
593 35296 26662
594 35378 1794
595 35412 13716
596 35462 6578
597 35502 23150
598 35586 27416
599 35610 29056
600 35654 31588
601 35654 41848
602 35660 11186
603 35726 18792
604 35740 5772
605 35812 44408
606 35882 36916
607 35976 36320
608 36030 32402
609 36094 27764
610 36170 24388
611 36194 33628
612 36366 4970
613 36398 10996
614 36418 30636
615 36450 40810
616 36472 27590
617 36486 38978
618 36502 30280
619 36518 32600
620 36692 552
621 36708 364
622 36726 8910
623 36794 13650
624 36868 29522
625 36882 17554
626 36934 32616
627 36956 47948
628 36982 43298
629 37002 44508
630 37006 11850
631 37028 42178
632 37076 24550
633 37076 33300
634 37112 33576
635 37216 27826
636 37224 17898
637 37466 31190
638 37500 25308
639 37578 19386
640 37604 46766
641 37674 44162
642 37694 46812
643 37708 8310
644 37722 15940
645 37752 15916
646 37800 43252
647 37922 40166
648 38018 25868
649 38040 23060
650 38066 24934
651 38066 45776
652 38172 30606
653 38254 18026
654 38606 1340
655 38648 13834
656 38666 43928
657 38854 21184
658 38872 35692
659 38970 30742
660 39010 1096
661 39060 44706
662 39108 43640
663 39124 13016
664 39204 40828
665 39248 40636
666 39364 38022
667 39398 23886
668 39480 7184
669 39576 28544
670 39666 42574
671 39672 18728
672 39692 47988
673 39744 21508
674 39810 7962
675 39910 26882
676 40004 38264
677 40018 20350
678 40180 21292
679 40296 27006
680 40318 43604
681 40378 13858
682 40444 37704
683 40472 34740
684 40488 1590
685 40620 15134
686 40622 26256
687 40630 5392
688 40640 11784
689 40682 21896
690 40756 43650
691 40758 37212
692 40822 21810
693 40888 33290
694 40922 18086
695 40968 11482
696 41002 548
697 41038 13566
698 41160 38624
699 41218 9848
700 41270 41392
701 41324 20086
702 41332 28130
703 41336 33398
704 41442 26044
705 41482 18646
706 41484 28796
707 41490 6912
708 41600 8854
709 41600 26594
710 41652 22360
711 41952 39626
712 41998 23650
713 42140 34928
714 42258 3356
715 42368 28326
716 42736 25882
717 42808 39022
718 42848 24162
719 42996 14696
720 43044 1362
721 43084 12082
722 43088 17466
723 43104 47678
724 43242 23492
725 43284 33500
726 43422 45632
727 43598 17682
728 43726 18294
729 43734 21406
730 43782 33276
731 43808 20280
732 43884 44066
733 44032 42436
734 44140 4966
735 44166 31830
736 44218 4320
737 44232 10868
738 44394 11448
739 44410 27510
740 44646 13418
741 44888 29860
742 44962 10906
743 44984 44728
744 45022 14724
745 45060 16678
746 45274 8056
747 45420 21050
748 45438 14576
749 45448 34534
750 45526 17066
751 45586 2194
752 45588 14472
753 45620 11056
754 45716 13476
755 45756 43890
756 45782 25670
757 45898 41616
758 45918 11180
759 45946 1732
760 45988 2576
761 45992 29870
762 46040 38422
763 46100 31920
764 46102 42726
765 46150 31128
766 46302 5022
767 46316 34060
768 46326 20146
769 46410 28436
770 46440 31100
771 46458 43486
772 46518 28056
773 46564 18188
774 46582 11620
775 46808 39870
776 46860 21286
777 46942 18080
778 47182 47282
779 47192 43808
780 47236 27776
781 47260 42054
782 47380 22626
783 47388 8798
784 47462 15710
785 47480 41850
786 47490 6758
787 47562 15568
788 47580 47698
789 47638 27892
790 47686 29542
791 47702 6804
792 47726 31060
793 47750 2038
794 47784 43114
795 47826 45374
796 47842 23616
797 47896 32530
798 47944 3154
799 47956 10188
4 9 1 3 6 
3 2 4 0 
6 23 10 4 1 5 17 
3 6 0 39 
4 8 1 2 7 
6 13 2 9 12 19 29 
3 0 3 11 
3 18 4 10 
4 672 4 24 63 
3 14 5 0 
3 15 7 2 
3 21 6 33 
4 28 5 14 16 
3 38 47 5 
3 12 9 21 
3 35 18 10 
3 53 12 20 
3 72 2 47 
3 24 7 15 
3 29 5 28 
4 34 16 25 26 
4 25 14 11 22 
3 21 30 27 
3 77 42 2 
5 8 18 32 104 54 
5 48 26 20 21 44 
3 34 20 25 
3 22 30 31 
3 58 19 12 
3 36 5 19 
4 31 27 22 33 
4 46 27 30 37 
4 24 35 59 75 
4 41 30 11 39 
4 40 50 20 26 
3 32 15 42 
3 38 29 57 
3 43 31 41 
3 60 13 36 
4 49 33 3 69 
3 52 34 45 
4 82 65 37 33 
3 66 35 23 
3 61 37 65 
3 93 25 51 
3 110 40 55 
3 51 31 62 
4 84 71 17 13 
3 100 55 25 
3 92 39 88 
4 80 56 34 67 
3 113 44 46 
3 74 67 40 
3 58 16 56 
3 76 24 119 
3 110 45 48 
3 81 53 50 
3 89 36 64 
3 64 28 53 
3 32 66 68 
3 89 85 38 
3 70 43 65 
3 113 46 70 
5 8 76 190 215 260 
3 108 57 58 
4 87 61 43 41 
4 59 42 77 78 
3 50 52 101 
4 75 59 79 98 
2 39 145 
3 62 61 90 
3 111 73 47 
3 83 17 73 
3 107 72 71 
3 116 123 52 
3 32 68 97 
3 63 54 156 
3 66 23 78 
3 66 77 83 
3 68 94 107 
3 105 50 168 
3 136 103 56 
4 120 86 41 91 
3 94 78 72 
3 111 47 95 
3 96 60 89 
3 99 87 82 
3 90 65 86 
3 128 49 124 
4 85 60 57 108 
3 70 87 99 
3 142 82 92 
3 91 49 125 
3 102 44 117 
3 79 83 107 
3 106 84 96 
3 106 95 85 
3 75 132 143 
3 68 151 118 
3 120 90 86 
3 116 48 109 
3 127 67 123 
3 109 93 117 
3 164 112 81 
3 24 158 122 
3 137 80 144 
3 114 95 96 
4 79 94 73 111 
3 112 89 64 
3 100 102 139 
3 116 45 55 
4 151 107 71 84 
3 115 108 103 
3 121 51 62 
3 151 106 126 
3 148 126 112 
5 141 74 110 100 135 
3 102 93 131 
3 132 98 146 
3 156 54 122 
3 129 99 82 
3 131 113 129 
4 177 119 104 176 
3 101 74 154 
3 128 88 145 
4 130 92 134 152 
3 114 115 148 
3 168 101 133 
3 134 88 124 
3 155 121 120 
3 159 125 208 
3 150 117 121 
3 97 118 175 
3 127 211 269 
3 125 128 160 
3 116 140 170 
3 162 81 138 
3 138 105 172 
3 171 136 137 
3 140 109 147 
3 135 139 153 
3 154 116 228 
3 149 91 157 
3 158 97 200 
3 105 168 192 
5 621 212 181 124 69 
3 118 163 175 
3 165 139 150 
3 126 115 167 
3 204 155 142 
3 147 131 161 
4 98 111 114 163 
3 125 160 222 
3 140 165 196 
3 123 141 211 
3 161 129 149 
3 76 119 198 
3 204 142 180 
3 104 143 195 
3 203 180 130 
3 152 134 178 
3 150 155 166 
3 169 136 171 
3 146 151 182 
3 167 103 169 
3 153 147 187 
3 187 161 201 
3 173 148 164 
4 192 144 80 127 
3 174 164 162 
3 228 135 183 
3 184 162 138 
4 235 179 137 247 
3 182 167 174 
4 194 173 169 189 
3 132 146 200 
3 177 122 195 
5 198 122 176 195 233 
3 160 181 185 
3 188 186 172 
3 157 159 206 
5 242 218 185 178 145 
3 163 173 191 
5 170 196 193 240 209 
3 189 171 186 
3 178 181 218 
3 207 184 179 
3 165 166 205 
3 249 202 179 
3 252 174 184 
3 215 63 197 
3 223 182 194 
3 144 168 259 
3 183 213 312 
3 232 191 174 
5 177 176 158 200 214 
3 183 153 210 
3 190 199 219 
3 199 156 177 
3 197 198 280 
4 195 143 175 217 
3 205 166 204 
3 225 207 188 
3 221 206 159 
4 201 149 157 216 
4 210 187 201 231 
3 248 180 203 
3 252 186 202 
3 220 130 224 
3 183 316 230 
3 196 205 241 
5 236 133 154 294 253 
5 621 443 344 244 145 
3 193 239 268 
3 229 195 217 
3 63 190 306 
3 231 204 248 
3 214 200 223 
3 185 181 242 
3 197 271 283 
3 221 208 227 
3 266 203 220 
3 224 152 242 
3 234 217 191 
3 226 208 222 
3 237 202 255 
3 270 227 224 
3 272 220 226 
3 141 170 250 
3 233 214 238 
3 257 209 332 
3 205 216 272 
3 251 245 194 
4 177 229 243 285 
3 246 223 245 
4 279 172 277 288 
3 269 211 256 
3 293 252 225 
3 243 229 254 
3 268 213 241 
3 183 289 304 
3 239 210 275 
4 222 218 181 244 
3 233 238 281 
3 258 242 212 
3 234 232 251 
3 254 234 264 
3 172 259 277 
3 216 206 266 
3 320 255 188 
3 228 257 294 
3 245 232 261 
4 261 189 207 237 
3 256 211 294 
3 238 246 273 
3 293 225 249 
3 236 253 361 
3 250 230 262 
3 265 244 344 
3 247 192 282 
3 354 63 348 
4 296 263 251 252 
3 257 309 297 
3 284 264 261 
3 274 246 263 
3 295 267 258 
3 272 248 221 
3 278 270 265 
3 213 239 312 
3 282 133 236 
3 276 226 267 
3 219 280 287 
4 276 231 266 227 
3 281 254 274 
3 273 264 286 
3 305 241 276 
4 275 272 270 278 
3 235 247 292 
4 299 291 276 267 
3 310 235 382 
3 271 199 302 
3 243 273 285 
3 308 259 269 
3 290 219 287 
4 319 286 263 301 
3 233 281 323 
3 317 274 284 
4 345 283 271 313 
3 235 338 327 
3 240 314 304 
3 340 306 283 
3 307 321 278 
3 277 308 326 
4 298 237 255 387 
4 253 211 250 315 
4 325 303 265 397 
3 301 261 300 
3 315 262 309 
3 300 293 360 
3 311 278 303 
3 296 298 333 
3 284 296 342 
3 280 323 313 
3 311 299 295 
4 240 289 314 316 
3 321 312 275 
3 348 215 290 
3 328 291 311 
3 292 282 331 
3 297 262 362 
3 368 320 279 
4 307 299 303 318 
4 193 268 305 322 
3 287 302 329 
3 304 289 322 
3 294 297 376 
3 209 304 332 
3 323 286 319 
3 324 311 330 
3 317 284 359 
3 378 249 310 
3 343 305 291 
3 314 312 341 
4 302 285 317 346 
5 375 328 318 334 351 
4 373 349 330 295 
3 292 336 338 
3 382 288 367 
3 343 307 324 
3 365 313 339 
3 334 318 325 
3 335 308 361 
3 230 316 362 
3 300 407 370 
4 324 330 337 353 
3 367 336 331 
3 367 326 335 
3 334 349 353 
3 288 326 367 
3 365 329 347 
3 356 290 352 
3 362 322 357 
3 358 301 370 
3 357 321 328 
3 428 258 212 
3 377 352 287 
3 347 323 350 
3 394 339 346 
4 354 260 306 356 
3 337 325 379 
3 371 346 359 
3 324 374 355 
3 340 345 377 
4 334 337 379 385 
5 627 260 348 364 369 
3 395 351 412 
3 348 340 366 
3 341 343 403 
3 363 342 409 
3 350 319 363 
3 298 451 381 
3 331 256 380 
4 309 332 341 392 
3 359 358 391 
3 354 366 372 
3 408 329 339 
4 372 364 356 418 
5 327 338 336 335 386 
3 378 310 388 
3 627 354 411 
3 342 333 407 
3 394 350 401 
3 364 366 440 
3 379 325 397 
3 351 385 383 
3 396 403 324 
3 398 315 384 
3 352 345 418 
4 387 320 368 388 
4 353 349 373 414 
3 386 361 398 
3 389 360 425 
4 388 279 327 390 
3 374 421 413 
3 376 392 400 
3 374 353 414 
4 404 390 367 380 
3 293 378 451 
4 378 368 382 399 
3 407 381 461 
3 393 382 386 
3 416 363 444 
4 400 384 362 402 
3 405 399 390 
3 408 347 371 
3 452 396 355 
3 429 375 395 
3 373 295 428 
3 419 380 376 
3 388 393 405 
3 417 384 392 
3 410 371 416 
3 415 392 403 
4 432 402 357 375 
3 406 386 450 
4 468 399 393 406 
3 405 404 450 
5 438 409 370 333 389 
3 418 365 394 
3 358 407 438 
3 426 401 422 
3 627 369 502 
3 430 355 434 
3 383 448 427 
3 385 379 420 
3 417 402 433 
3 401 391 424 
5 419 400 415 431 436 
4 423 366 377 408 
3 460 398 417 
3 421 414 459 
3 383 420 448 
4 458 410 424 455 
3 437 418 426 
3 422 416 447 
3 381 491 456 
3 423 410 454 
3 413 448 434 
3 397 344 443 
3 432 396 463 
3 452 412 457 
3 417 439 453 
3 435 403 429 
3 439 415 435 
3 412 427 449 
3 433 432 463 
3 442 417 464 
3 441 423 446 
3 409 407 445 
3 431 433 477 
5 502 372 441 481 482 
4 440 437 446 511 
3 466 436 464 
6 573 654 528 459 428 212 
3 447 391 445 
3 444 438 467 
3 441 437 552 
3 473 424 444 
6 449 427 413 421 520 483 
3 434 448 483 
3 406 404 462 
3 360 387 485 
3 477 395 430 
4 431 475 488 507 
3 426 458 552 
3 496 422 474 
3 461 425 491 
3 484 430 494 
3 454 422 509 
3 538 420 443 
3 469 462 419 
3 465 389 456 
3 470 450 460 
3 435 429 477 
4 478 442 436 507 
3 467 461 499 
3 469 442 486 
3 503 445 465 
3 485 405 471 
3 470 460 466 
4 472 462 469 479 
3 485 468 472 
3 495 471 470 
3 474 447 476 
4 496 455 473 476 
3 488 453 480 
3 474 473 490 
4 439 463 452 480 
3 486 464 497 
3 501 470 487 
3 475 477 498 
3 440 534 489 
3 440 489 605 
3 449 448 520 
4 492 457 514 526 
4 491 451 468 471 
4 487 466 478 521 
3 512 479 486 
3 453 475 515 
3 482 481 551 
3 500 476 506 
5 456 425 485 493 499 
3 516 505 484 
3 491 495 517 
3 457 520 508 
3 493 472 501 
4 509 455 474 504 
4 478 541 548 559 
3 480 505 518 
3 465 491 543 
3 504 490 533 
3 495 479 512 
3 411 440 579 
3 506 467 510 
3 496 500 537 
3 518 498 492 
3 490 503 510 
3 464 453 541 
3 494 513 523 
3 546 458 496 
3 506 503 530 
3 441 577 564 
3 519 501 487 
3 508 538 525 
3 526 484 558 
3 541 488 529 
3 553 492 570 
3 493 519 531 
4 529 498 505 553 
3 517 512 522 
4 494 483 448 538 
5 527 524 486 566 576 
3 531 519 524 
3 558 508 542 
3 532 522 521 
3 542 513 538 
3 570 484 514 
3 532 521 535 
3 684 578 443 
3 515 518 572 
3 510 536 555 
3 517 522 549 
3 545 524 527 
3 540 500 556 
3 481 581 615 
3 539 527 589 
3 530 543 544 
3 546 504 540 
5 594 525 513 520 459 
3 590 557 535 
3 550 537 533 
4 497 507 515 547 
3 612 523 525 
3 536 499 554 
3 536 554 585 
3 568 549 532 
3 552 509 537 
3 548 541 572 
3 559 497 547 
3 554 531 545 
3 588 552 540 
3 628 489 586 
5 446 454 546 550 577 
3 518 516 575 
4 544 543 549 563 
3 562 530 561 
3 533 584 592 
3 597 580 539 
3 514 523 604 
6 566 497 548 560 565 595 
3 559 567 565 
3 555 593 598 
3 584 555 599 
4 554 569 574 582 
3 511 577 581 
4 559 560 567 595 
3 521 559 576 
3 565 560 571 
3 569 545 580 
3 574 563 568 
3 516 526 587 
3 567 572 602 
4 571 547 529 622 
3 654 443 620 
3 563 569 582 
3 553 587 622 
3 521 566 623 
4 564 511 552 588 
3 684 594 528 
3 640 502 629 
3 568 557 597 
4 615 534 564 583 
3 563 574 610 
3 581 606 617 
3 600 556 562 
3 544 610 593 
3 551 647 601 
3 575 570 596 
3 577 550 606 
4 603 535 655 591 
3 657 539 603 
6 722 625 589 655 644 745 
4 611 556 600 608 
3 561 585 632 
3 714 538 578 
3 559 565 630 
3 622 587 604 
3 580 557 673 
3 609 561 638 
3 618 562 609 
3 592 584 614 
3 631 586 647 
3 571 643 613 
3 639 590 589 
3 596 558 612 
3 629 482 628 
4 617 583 588 607 
3 606 611 634 
3 619 592 614 
3 599 598 616 
3 585 582 649 
3 607 592 619 
3 687 604 542 
3 630 602 674 
3 608 600 618 
3 534 581 647 
3 635 609 648 
3 583 606 666 
3 614 599 624 
3 626 611 608 
3 660 573 621 
4 696 620 212 145 
4 572 575 596 643 
3 655 576 630 
3 637 618 635 
3 727 636 591 
3 633 619 637 
4 672 354 369 411 
4 605 551 631 646 
3 579 605 641 
4 663 623 595 613 
3 628 601 665 
3 638 593 649 
3 634 626 659 
3 658 607 633 
3 624 616 675 
3 653 639 625 
3 626 624 652 
3 598 632 650 
3 657 603 636 
3 642 579 641 
3 640 629 646 
4 672 640 651 661 
3 602 622 668 
3 591 645 685 
3 644 655 681 
3 641 628 664 
5 665 601 586 615 676 
3 675 616 650 
3 632 610 673 
3 648 638 667 
3 642 656 662 
3 659 637 669 
3 694 671 636 
3 684 443 573 
5 645 591 589 623 663 
3 651 664 662 
3 673 590 639 
3 666 634 683 
3 633 652 702 
3 720 684 620 
3 642 670 680 
3 651 656 670 
3 655 630 688 
4 656 646 665 682 
4 664 631 647 676 
3 617 658 682 
3 686 650 689 
3 674 643 687 
3 652 679 709 
3 661 662 698 
3 677 653 705 
6 8 627 642 726 723 788 
4 649 597 657 678 
3 699 613 668 
3 679 635 648 
3 665 647 682 
3 689 678 671 
3 689 673 677 
4 669 675 686 704 
3 690 661 700 
3 645 688 697 
4 664 676 666 691 
3 691 658 693 
5 751 578 528 654 660 
3 644 697 719 
3 679 667 712 
4 707 668 612 734 
3 681 663 695 
4 667 678 677 692 
3 732 680 733 
3 698 682 683 
3 710 689 701 
3 703 683 706 
3 773 728 653 
3 697 688 699 
4 793 759 720 621 
4 685 681 695 721 
3 711 670 691 
3 695 674 708 
3 733 680 711 
3 731 692 705 
3 706 659 709 
3 725 713 693 
4 709 679 718 716 
3 701 671 728 
3 693 702 715 
3 746 708 687 
3 737 699 707 
4 715 702 669 704 
3 712 692 729 
3 700 698 717 
3 686 710 724 
3 717 703 725 
3 736 594 760 
3 735 706 709 
3 739 704 718 
3 757 711 713 
3 716 704 724 
3 744 685 740 
3 759 660 696 
3 697 737 738 
3 727 591 750 
3 788 672 778 
3 718 712 747 
3 713 703 730 
3 672 732 743 
3 777 625 722 
3 705 694 773 
3 710 731 747 
3 749 725 735 
3 729 701 773 
3 726 690 755 
3 764 690 700 
3 746 687 736 
3 730 715 741 
3 766 734 714 
3 742 721 708 
3 721 742 753 
3 741 716 768 
3 754 719 774 
4 761 735 739 756 
3 738 737 799 
3 778 726 755 
3 745 719 748 
4 750 591 744 748 
3 783 707 734 
3 724 729 768 
3 745 744 752 
3 762 730 763 
3 777 722 745 
3 760 684 759 
3 784 748 754 
3 758 738 799 
3 752 740 774 
3 743 732 771 
3 741 777 776 
3 764 717 762 
3 774 753 799 
4 793 751 720 696 
4 798 766 714 751 
3 765 741 769 
3 775 757 749 
3 767 749 765 
3 771 733 757 
3 763 761 770 
3 786 736 760 
3 781 775 763 
3 739 747 777 
3 770 761 772 
3 785 765 769 
3 779 755 764 
3 769 776 780 
4 731 728 694 777 
4 754 740 758 799 
3 779 762 767 
3 772 756 787 
6 756 768 773 727 750 784 
3 788 723 743 
3 788 771 775 
3 792 772 782 
3 788 767 785 
3 789 780 787 
3 799 746 786 
3 777 752 787 
3 794 781 770 
3 791 783 766 
4 782 776 784 799 
6 672 723 778 779 781 795 
3 790 782 796 
3 797 792 789 
3 799 786 798 
3 797 780 790 
3 798 759 696 
3 795 785 797 
3 788 794 797 
3 797 789 799 
6 795 794 792 790 796 799 
4 799 791 760 793 
10 797 796 787 774 758 753 742 783 791 798 
