25
0 10 1120
1 66 1496
2 126 770
3 172 1168
4 214 1052
5 340 1164
6 418 1462
7 458 520
8 464 936
9 526 1190
10 602 1206
11 732 82
12 750 1242
13 810 136
14 848 544
15 920 134
16 956 1448
17 966 960
18 972 380
19 1108 24
20 1134 1140
21 1190 744
22 1330 1336
23 1354 120
24 1398 928
6 5 3 1 2 7 4 
3 0 6 16 
2 0 11 
3 12 6 0 
3 5 0 8 
3 9 0 4 
3 1 3 16 
3 0 11 13 
3 17 4 14 
3 10 5 20 
3 22 12 9 
4 13 7 2 19 
3 22 3 10 
3 7 11 15 
3 17 8 18 
3 18 13 23 
3 1 6 22 
4 20 8 14 21 
3 21 14 15 
2 23 11 
3 22 9 17 
3 24 17 18 
5 16 12 10 20 24 
3 24 15 19 
3 22 21 23 
