200
0 16 4664
1 116 3526
2 200 9772
3 392 4044
4 478 6166
5 630 2478
6 646 6462
7 850 5734
8 876 7200
9 920 1562
10 944 6192
11 958 4180
12 960 11310
13 1014 1984
14 1018 3942
15 1030 2002
16 1076 7624
17 1158 8512
18 1216 6418
19 1220 6344
20 1240 394
21 1254 8266
22 1314 8966
23 1420 4886
24 1446 8622
25 1472 10690
26 1514 10040
27 1520 9212
28 1600 11278
29 1648 888
30 1656 7690
31 1664 10090
32 1794 6166
33 1912 5344
34 2028 10210
35 2060 6006
36 2062 6014
37 2064 9142
38 2092 3682
39 2104 8576
40 2284 11862
41 2452 8976
42 2514 4426
43 2600 6364
44 2628 3756
45 2704 760
46 2704 2810
47 2780 6166
48 2820 1504
49 2822 10708
50 2964 6012
51 2972 11530
52 3012 6534
53 3078 2766
54 3084 3094
55 3084 3854
56 3094 10418
57 3100 11984
58 3158 6610
59 3226 5676
60 3430 6184
61 3856 9914
62 3866 996
63 3968 10998
64 4106 4524
65 4152 3490
66 4314 8346
67 4396 2608
68 4552 278
69 4566 1750
70 4638 1696
71 4682 4880
72 4734 1370
73 4818 2436
74 4856 2676
75 4930 4434
76 4936 2606
77 4954 9750
78 4988 10710
79 5044 4166
80 5052 1756
81 5062 9010
82 5076 1596
83 5076 6192
84 5266 3150
85 5270 7810
86 5322 5856
87 5338 10004
88 5376 8144
89 5378 5300
90 5450 5444
91 5504 158
92 5532 4878
93 5580 70
94 5696 6672
95 5834 9174
96 5880 1612
97 5974 1408
98 6096 8956
99 6098 10994
100 6134 2858
101 6134 11602
102 6170 4968
103 6186 1884
104 6196 3356
105 6234 1020
106 6312 5440
107 6438 6514
108 6612 10962
109 6734 1762
110 6756 3676
111 6762 1390
112 6850 7816
113 6972 78
114 7054 2354
115 7056 5262
116 7156 5706
117 7184 2064
118 7190 7178
119 7216 6088
120 7238 2458
121 7282 568
122 7310 2664
123 7418 2312
124 7430 3946
125 7586 1060
126 7712 10822
127 7744 1136
128 7892 4086
129 8048 6102
130 8074 280
131 8076 4112
132 8076 10242
133 8108 1744
134 8134 7382
135 8152 4396
136 8182 6738
137 8312 160
138 8320 1598
139 8328 7324
140 8342 9000
141 8408 7730
142 8478 8888
143 8486 11570
144 8492 7388
145 8516 4502
146 8614 9122
147 8680 11172
148 8736 1290
149 8738 5290
150 8744 4836
151 8818 3170
152 8862 3714
153 8912 522
154 8962 10728
155 9062 6138
156 9100 3004
157 9128 12000
158 9248 11506
159 9254 11696
160 9282 1706
161 9328 7078
162 9370 182
163 9392 8814
164 9398 10212
165 9402 2230
166 9600 9496
167 9646 6574
168 9654 3830
169 9702 612
170 9776 32
171 9796 1990
172 9812 1862
173 9886 10898
174 9902 8592
175 9918 1884
176 10008 2474
177 10032 7430
178 10096 1732
179 10098 2166
180 10114 6012
181 10174 9870
182 10338 56
183 10394 11712
184 10454 8018
185 10678 11332
186 10740 3288
187 10754 10560
188 10794 1192
189 10976 2858
190 11398 10368
191 11558 9132
192 11562 6996
193 11582 7758
194 11610 10546
195 11670 9958
196 11710 886
197 11802 3962
198 11802 11554
199 11946 1776
2 2 1 
4 3 0 20 5 
4 12 0 4 17 
5 11 23 7 4 1 
3 6 2 3 
3 1 9 13 
3 8 4 10 
3 35 10 3 
3 16 17 6 
3 5 20 29 
3 19 6 7 
4 23 3 14 38 
5 40 2 26 25 28 
4 15 5 29 45 
3 11 15 46 
3 14 13 48 
3 21 8 18 
3 22 2 8 
3 21 16 19 
3 18 10 32 
5 29 9 1 93 68 
3 22 16 18 
4 26 17 21 24 
3 33 3 11 
3 27 22 30 
3 12 31 34 
4 31 12 22 27 
3 26 24 39 
3 40 12 49 
4 13 9 20 45 
3 24 32 43 
3 25 26 37 
3 30 19 36 
3 35 23 42 
3 56 25 37 
4 47 36 7 33 
3 43 32 35 
4 34 31 39 41 
4 44 11 54 67 
3 37 27 52 
5 57 12 28 51 101 
3 37 58 66 
3 33 44 55 
3 30 36 47 
4 55 42 38 65 
3 13 29 68 
3 14 48 53 
3 43 35 50 
3 46 15 62 
3 63 28 56 
3 52 47 59 
3 40 63 99 
3 58 39 50 
3 54 46 69 
3 38 53 67 
3 42 44 65 
3 49 34 61 
2 157 40 
3 41 52 60 
3 60 50 64 
3 58 59 71 
3 56 66 77 
3 72 48 91 
3 51 49 78 
3 59 65 75 
4 64 55 44 74 
4 81 61 41 85 
3 38 54 73 
3 45 20 91 
3 73 53 70 
3 80 69 72 
3 83 60 75 
4 96 82 70 62 
4 76 74 67 69 
3 65 73 76 
4 89 71 64 79 
4 104 84 74 73 
3 87 61 81 
3 99 63 87 
4 92 75 84 104 
3 100 70 82 
3 77 66 88 
3 103 80 72 
3 85 71 86 
3 104 79 76 
3 88 66 83 
3 94 83 90 
3 78 77 95 
3 95 81 85 
3 90 75 92 
4 86 89 102 106 
6 121 105 97 62 68 93 
3 89 79 110 
4 113 91 20 170 
3 95 86 107 
4 87 88 94 98 
3 103 72 97 
4 109 96 91 105 
4 132 126 95 112 
3 51 78 108 
3 104 80 120 
3 40 108 143 
3 90 124 128 
3 114 82 96 
7 79 84 76 100 120 123 122 
5 125 111 97 91 121 
3 119 90 115 
3 118 94 119 
3 101 99 126 
3 117 97 111 
3 124 92 122 
3 109 105 127 
3 140 98 118 
3 137 93 170 
3 120 103 117 
4 129 116 106 135 
3 136 119 115 
3 114 109 133 
3 134 112 107 
4 136 107 106 116 
4 104 100 114 123 
3 105 91 130 
3 110 104 138 
3 104 120 133 
3 102 110 151 
3 127 105 153 
3 147 108 98 
3 148 111 125 
3 131 102 151 
3 136 115 149 
3 153 121 137 
3 135 128 151 
3 147 98 140 
3 123 117 138 
3 141 118 139 
3 145 115 131 
4 139 119 116 129 
3 162 130 113 
3 122 133 148 
3 144 134 136 
3 132 112 142 
4 146 142 134 144 
3 146 140 141 
3 159 101 147 
3 141 139 161 
3 150 135 152 
3 154 142 141 
4 143 126 132 154 
5 178 160 138 127 188 
4 167 155 129 150 
3 149 145 152 
4 131 128 124 156 
3 150 145 156 
3 169 125 130 
3 158 147 146 
3 177 161 149 
3 152 151 165 
4 57 159 183 198 
3 159 154 164 
4 157 143 158 173 
3 172 165 148 
4 174 163 144 155 
3 169 137 170 
3 166 164 161 
3 158 163 166 
4 168 156 160 171 
3 164 163 174 
3 177 149 168 
3 167 165 171 
3 196 153 162 
4 182 162 113 93 
3 168 165 172 
3 175 171 160 
4 185 159 181 187 
3 166 161 184 
3 176 172 178 
3 180 175 179 
4 184 155 167 180 
4 179 175 148 188 
3 186 176 178 
3 177 176 186 
3 187 173 184 
2 196 170 
3 157 185 198 
4 191 181 174 177 
3 198 183 173 
3 180 179 189 
3 173 181 190 
3 178 148 196 
3 192 186 196 
3 194 187 195 
3 195 184 193 
3 193 189 197 
3 191 192 197 
3 198 190 195 
5 198 194 190 191 199 
5 199 189 188 169 182 
3 193 192 199 
6 157 183 185 194 195 199 
4 198 195 197 196 
