400
0 100 15306
1 222 8656
2 264 6812
3 362 2336
4 382 17574
5 412 1668
6 414 12326
7 556 20680
8 562 12562
9 570 14626
10 816 15260
11 1094 20006
12 1142 3410
13 1142 4482
14 1148 84
15 1196 10834
16 1250 16618
17 1308 22096
18 1354 10244
19 1384 22680
20 1446 18670
21 1506 23956
22 1510 1898
23 1532 23606
24 1554 9794
25 1616 15408
26 1656 15348
27 1714 13638
28 1804 7208
29 1964 17282
30 2002 19394
31 2098 21162
32 2254 19466
33 2264 9334
34 2438 12880
35 2456 19384
36 2584 11226
37 2694 2932
38 2714 23162
39 2718 19086
40 2762 16376
41 2858 23756
42 2926 17706
43 2948 14428
44 2960 5764
45 2972 23768
46 2982 3806
47 3008 6636
48 3014 17704
49 3026 6838
50 3224 19404
51 3380 6186
52 3410 21856
53 3414 9752
54 3598 19838
55 3604 16448
56 3700 12090
57 3884 14142
58 3920 11984
59 3934 3010
60 3984 12708
61 4020 10950
62 4078 14422
63 4166 16896
64 4258 20900
65 4262 14194
66 4266 3754
67 4280 18008
68 4338 13250
69 4350 19682
70 4452 7426
71 4458 20708
72 4506 13832
73 4678 20746
74 4790 11420
75 4884 17564
76 4896 2392
77 4948 574
78 4958 22390
79 4992 17772
80 5118 14184
81 5168 5876
82 5218 12974
83 5260 20438
84 5270 1782
85 5382 23856
86 5454 124
87 5540 22658
88 5624 23582
89 5690 22560
90 5706 8924
91 5710 13286
92 5728 10548
93 5876 5872
94 5908 3922
95 5940 15482
96 6002 3138
97 6092 16356
98 6108 11704
99 6234 22906
100 6276 6710
101 6282 3746
102 6294 20816
103 6304 11326
104 6316 17260
105 6360 23716
106 6380 18808
107 6404 5798
108 6642 5426
109 6810 6244
110 6830 11608
111 6908 20882
112 6918 238
113 6922 18142
114 6936 22972
115 6954 10424
116 7050 16752
117 7102 22914
118 7112 15730
119 7262 15838
120 7316 3762
121 7472 22194
122 7490 15394
123 7530 10384
124 7564 19144
125 7582 6776
126 7638 130
127 7682 20704
128 7804 1138
129 7874 18248
130 7934 10592
131 8026 422
132 8064 22654
133 8092 1836
134 8188 9086
135 8296 17754
136 8306 19622
137 8382 2718
138 8402 1172
139 8460 18956
140 8520 22560
141 8554 8734
142 8568 7836
143 8598 20540
144 8686 16264
145 8782 220
146 8806 15432
147 8852 14546
148 8872 13736
149 8892 8730
150 8922 18492
151 8974 3482
152 9006 18622
153 9014 17178
154 9062 2984
155 9118 9046
156 9204 9330
157 9228 20348
158 9238 8728
159 9242 16970
160 9312 14188
161 9392 12126
162 9462 11014
163 9468 22986
164 9516 11034
165 9530 1068
166 9534 7684
167 9540 21446
168 9612 10472
169 10106 1946
170 10252 7794
171 10252 11334
172 10300 23910
173 10306 4966
174 10328 14064
175 10344 3426
176 10378 23112
177 10464 4864
178 10498 9912
179 10526 1848
180 10596 10774
181 10628 7658
182 10664 6006
183 10700 18830
184 10706 23246
185 10724 3428
186 10760 6674
187 10834 9694
188 10840 14550
189 10890 2238
190 10890 12900
191 10904 16424
192 10922 16352
193 11002 18124
194 11054 17382
195 11272 19476
196 11398 15932
197 11414 1274
198 11464 14328
199 11498 17200
200 11510 17678
201 11550 21550
202 11768 11830
203 11842 17816
204 11970 7754
205 12046 16594
206 12068 10450
207 12116 21356
208 12176 8408
209 12204 10888
210 12226 21112
211 12320 72
212 12322 5768
213 12354 17498
214 12386 11120
215 12508 1588
216 12578 18402
217 12628 12220
218 12636 19026
219 12668 420
220 12674 3630
221 12732 13750
222 12908 20672
223 13070 2266
224 13180 7302
225 13248 12940
226 13296 13900
227 13380 20338
228 13428 9108
229 13468 8130
230 13556 8630
231 13682 21698
232 13768 10642
233 13906 8350
234 13910 12078
235 13966 16228
236 14038 6110
237 14276 21946
238 14286 16944
239 14296 23406
240 14372 676
241 14466 11748
242 14474 8128
243 14494 8616
244 14526 9572
245 14544 16646
246 14584 5528
247 14598 12612
248 14666 1260
249 14726 22848
250 14750 3568
251 14822 8934
252 14848 20878
253 14878 4508
254 14952 16452
255 14958 18004
256 14988 2040
257 14990 1448
258 15064 2054
259 15188 1756
260 15190 3692
261 15234 14026
262 15240 7566
263 15310 17836
264 15348 7494
265 15364 19640
266 15370 8880
267 15450 8762
268 15616 13284
269 15640 23732
270 15966 9468
271 16020 15162
272 16054 15768
273 16074 5070
274 16080 7020
275 16134 1116
276 16150 22798
277 16152 20938
278 16164 22328
279 16280 11040
280 16340 3102
281 16348 20596
282 16352 22168
283 16398 3088
284 16430 17346
285 16494 15178
286 16588 12722
287 16616 11630
288 16622 16850
289 16624 2706
290 16854 18734
291 16864 20788
292 16882 18106
293 16894 218
294 16932 11426
295 16940 4126
296 16958 9106
297 16964 13690
298 17006 20014
299 17180 2338
300 17242 10110
301 17324 18654
302 17330 5732
303 17344 6844
304 17516 4858
305 17722 12388
306 17864 1010
307 18086 7546
308 18122 6420
309 18194 3910
310 18258 5224
311 18360 15656
312 18424 5364
313 18472 9386
314 18484 20376
315 18500 10868
316 18594 10486
317 18596 10688
318 18646 9640
319 18660 3176
320 18702 11536
321 18836 5750
322 18840 19172
323 18948 14292
324 19122 3618
325 19300 3664
326 19300 6988
327 19304 776
328 19320 7158
329 19320 9608
330 19416 3488
331 19448 16002
332 19604 11292
333 19614 5774
334 19648 9400
335 19664 4914
336 19674 11662
337 19676 13212
338 19690 17628
339 19850 7938
340 19864 3058
341 19876 6320
342 19928 11282
343 19964 10302
344 20052 2310
345 20142 5000
346 20184 4702
347 20222 18370
348 20314 5180
349 20408 19522
350 20588 8376
351 20590 17844
352 20614 12824
353 20670 9864
354 20790 6392
355 20818 338
356 20828 11714
357 20946 20812
358 20956 18972
359 20978 13100
360 21096 1352
361 21124 10348
362 21264 19568
363 21374 23628
364 21458 6656
365 21474 8674
366 21600 22778
367 21760 16014
368 21904 20266
369 22014 10114
370 22014 10456
371 22032 12432
372 22108 11370
373 22144 10760
374 22248 7102
375 22352 12698
376 22388 11150
377 22440 8302
378 22472 22584
379 22538 670
380 22686 794
381 22712 8826
382 22716 12778
383 22844 12188
384 23026 2524
385 23030 9028
386 23032 6416
387 23074 15936
388 23176 4118
389 23182 17980
390 23184 19650
391 23332 22540
392 23374 13722
393 23376 19482
394 23426 9858
395 23562 16130
396 23670 3080
397 23724 6300
398 23872 16066
399 23934 20830
7 11 17 4 7 1 6 9 
3 0 3 2 
3 6 1 3 
3 2 1 5 
3 19 7 0 
6 22 12 13 18 3 14 
3 8 0 2 
3 21 0 4 
3 9 6 15 
3 10 0 8 
3 25 16 9 
4 17 0 20 30 
3 13 5 37 
4 44 28 5 12 
4 86 77 5 211 
3 27 8 18 
4 29 20 10 25 
3 19 0 11 
3 15 5 24 
3 23 4 17 
3 30 11 16 
6 7 23 41 45 85 172 
3 76 37 5 
3 21 19 31 
5 56 36 18 28 33 
3 16 10 26 
3 40 25 27 
4 43 26 15 34 
3 24 13 47 
3 42 35 16 
3 32 11 20 
3 38 23 32 
3 31 30 35 
3 53 24 49 
3 57 27 36 
4 52 32 29 39 
3 60 34 24 
5 59 66 46 12 22 
4 41 31 52 78 
3 50 35 42 
3 55 48 26 
3 45 21 38 
3 39 29 48 
3 55 27 62 
3 51 13 46 
3 85 21 41 
3 81 44 37 
3 49 28 51 
3 67 42 40 
3 70 33 47 
3 69 54 39 
3 47 44 81 
3 38 35 64 
3 92 61 33 
3 71 64 50 
3 63 40 43 
4 60 24 61 58 
3 65 62 34 
3 56 74 98 
3 96 101 37 
3 68 36 56 
3 74 56 53 
3 95 43 57 
3 75 55 97 
3 52 54 71 
4 122 57 72 80 
3 94 108 37 
3 69 48 79 
3 72 60 82 
3 71 50 67 
3 90 49 100 
4 73 64 54 69 
3 65 68 91 
3 78 71 83 
3 58 61 103 
3 106 79 63 
3 96 22 84 
3 84 14 86 
3 87 38 73 
3 106 67 75 
3 160 65 174 
3 51 46 93 
3 91 68 98 
4 102 73 106 124 
3 137 76 77 
5 172 21 45 88 105 
5 126 112 128 77 14 
3 88 78 89 
4 85 87 99 114 
3 99 87 102 
3 123 115 70 
3 148 72 82 
3 103 53 115 
3 100 81 107 
3 173 66 101 
3 118 97 62 
3 120 59 76 
3 104 63 95 
3 82 58 110 
3 114 88 89 
3 134 70 93 
3 120 94 59 
3 111 89 83 
3 110 74 92 
3 106 97 116 
3 85 163 184 
5 83 79 75 104 113 
3 109 93 108 
3 107 66 173 
3 125 141 107 
3 161 98 103 
3 121 102 127 
3 131 86 145 
3 129 106 116 
3 88 99 117 
4 130 92 90 123 
3 113 104 119 
3 114 121 132 
3 119 95 122 
4 144 135 116 118 
4 177 101 96 151 
4 117 111 127 143 
3 118 65 147 
3 130 115 90 
3 83 129 139 
3 166 142 109 
3 145 86 211 
3 121 111 136 
3 138 133 86 
3 124 113 135 
3 162 115 123 
3 165 112 219 
3 117 167 140 
3 151 137 128 
3 162 100 141 
3 150 129 119 
3 143 127 139 
3 151 84 133 
3 154 128 165 
3 136 124 152 
3 163 132 201 
3 134 109 149 
4 155 149 125 166 
3 121 136 157 
3 153 119 146 
3 112 126 293 
3 159 144 147 
3 146 122 160 
3 174 91 161 
3 156 141 142 
3 152 135 153 
5 120 137 133 154 175 
3 183 139 150 
3 150 144 159 
3 151 138 169 
3 156 142 158 
3 168 149 155 
3 167 143 195 
3 155 166 170 
3 153 146 191 
3 147 80 174 
4 148 110 164 171 
3 164 130 134 
3 176 105 140 
3 161 162 168 
4 197 169 138 131 
4 170 158 142 125 
3 132 157 210 
3 164 156 178 
3 154 165 179 
3 158 166 181 
3 190 161 180 
4 21 85 269 363 
4 182 108 94 177 
5 188 160 80 148 190 
3 185 151 189 
3 239 184 163 
3 173 120 220 
3 180 168 187 
3 189 169 197 
3 202 171 178 
3 187 170 186 
3 186 173 212 
3 195 152 193 
3 269 105 176 
3 220 175 223 
5 204 206 181 182 212 
3 209 178 181 
3 192 174 198 
3 223 175 179 
3 174 171 202 
3 194 159 192 
3 191 188 196 
3 183 194 200 
3 193 191 199 
3 157 183 218 
4 205 192 198 226 
4 215 179 165 248 
3 196 188 221 
3 200 194 205 
4 203 193 199 213 
3 237 140 207 
3 217 190 180 
3 290 216 200 
3 208 186 224 
3 199 196 235 
3 214 209 186 
3 231 201 210 
3 228 214 204 
3 217 187 206 
3 207 167 222 
4 355 293 126 14 
3 186 182 253 
3 255 200 238 
3 217 206 208 
3 256 223 197 
3 265 218 203 
4 225 202 209 214 
3 227 195 216 
3 240 131 293 
3 177 185 250 
3 226 198 225 
3 252 210 227 
4 250 185 189 215 
3 229 204 236 
3 221 217 234 
3 196 221 247 
3 222 218 265 
3 232 208 230 
3 233 230 224 
3 228 229 233 
3 237 207 252 
3 234 228 233 
4 232 230 229 242 
3 225 232 241 
3 245 205 261 
3 224 253 246 
4 249 201 231 277 
3 263 213 245 
3 269 176 249 
3 306 275 219 
3 247 234 244 
3 243 233 262 
3 251 244 242 
3 241 243 251 
3 238 235 254 
3 262 236 253 
3 261 226 241 
3 257 197 275 
3 239 237 276 
3 260 220 223 
3 244 243 266 
3 231 222 281 
4 246 236 212 260 
3 284 245 272 
4 301 290 213 263 
3 258 215 259 
3 259 248 306 
3 299 289 256 
3 256 257 306 
3 253 250 280 
4 271 235 247 268 
3 242 246 264 
3 292 255 238 
3 262 273 274 
3 298 227 216 
3 270 251 267 
3 266 274 303 
3 261 279 286 
4 172 184 239 363 
3 279 266 296 
3 285 272 261 
3 288 254 271 
3 264 283 295 
3 267 264 302 
3 248 240 306 
3 363 249 278 
3 278 237 281 
3 276 277 282 
3 287 268 270 
3 260 289 283 
4 291 277 252 298 
3 278 291 357 
4 295 273 280 289 
3 292 254 288 
3 311 271 297 
3 297 268 287 
3 286 279 294 
3 338 284 272 
4 283 280 258 299 
3 322 203 255 
3 282 281 314 
3 301 263 284 
4 355 219 145 211 
3 305 287 300 
3 304 273 283 
3 300 270 303 
3 311 285 286 
3 281 265 349 
4 319 289 258 327 
3 315 294 296 
3 322 255 292 
3 274 304 310 
6 328 307 296 267 312 308 
3 302 295 309 
4 323 294 315 320 
5 259 257 275 240 327 
3 339 313 303 
3 326 303 321 
3 304 319 324 
3 312 302 324 
3 331 285 297 
3 303 310 335 
3 318 316 307 
3 291 362 368 
3 305 300 317 
3 336 317 313 
3 320 315 316 
3 332 313 329 
3 309 299 344 
3 337 305 317 
3 333 308 335 
3 349 290 301 
3 331 305 337 
4 325 310 309 330 
3 335 324 330 
3 328 308 341 
3 299 306 355 
3 339 303 326 
4 353 343 318 334 
3 325 324 340 
4 338 311 323 359 
3 336 318 342 
3 341 321 345 
3 329 350 365 
4 345 321 312 325 
3 352 316 332 
3 323 320 352 
3 347 288 331 
3 350 307 328 
3 346 330 344 
3 354 326 333 
3 356 332 343 
3 361 342 329 
3 340 319 360 
4 348 333 335 346 
3 348 345 340 
3 349 338 351 
3 354 345 346 
5 362 298 322 347 358 
3 365 334 339 
3 358 347 367 
3 359 337 336 
4 369 370 361 329 
3 364 341 348 
5 379 360 327 293 211 
3 371 342 372 
3 366 282 368 
3 349 351 389 
3 331 352 375 
3 384 344 355 
3 373 343 353 
3 390 314 349 
5 172 269 276 366 391 
3 374 354 388 
3 334 350 377 
3 363 357 378 
3 389 351 375 
3 357 314 390 
3 370 353 381 
3 373 353 369 
3 375 356 372 
3 371 356 376 
3 376 361 370 
3 377 364 386 
4 382 367 359 371 
4 383 372 373 394 
3 381 365 374 
3 366 390 391 
2 380 355 
3 396 384 379 
3 385 369 377 
3 387 375 383 
4 392 382 376 394 
3 396 360 380 
3 394 381 386 
3 385 374 388 
3 395 389 382 
3 386 364 396 
4 393 358 367 387 
4 378 368 362 393 
3 363 378 399 
3 395 383 394 
3 399 390 389 
5 392 383 376 385 396 
3 399 387 392 
5 397 394 388 384 380 
2 398 396 
2 399 397 
4 391 393 395 398 
