900
0 6 7900
1 92 36640
2 140 25434
3 198 16988
4 396 4232
5 398 37998
6 408 50202
7 480 9042
8 570 4698
9 630 34708
10 714 8568
11 734 16088
12 804 17840
13 980 20018
14 996 40464
15 1022 30070
16 1062 39572
17 1118 16528
18 1120 37010
19 1158 4598
20 1200 47530
21 1212 40072
22 1254 7360
23 1270 34426
24 1278 24536
25 1318 30508
26 1440 10510
27 1498 10220
28 1600 29942
29 1686 30160
30 1692 52786
31 1704 40496
32 1722 43322
33 1740 42730
34 1802 32338
35 1816 14190
36 1868 29272
37 1950 51794
38 2016 49358
39 2108 5002
40 2120 49134
41 2184 22868
42 2202 26676
43 2274 41144
44 2296 31210
45 2512 9612
46 2546 1606
47 2574 20384
48 2638 19376
49 2738 43182
50 2774 2098
51 2778 50506
52 2796 10328
53 2864 2560
54 2900 40926
55 2936 49724
56 2956 53908
57 2958 14832
58 3090 7342
59 3108 47174
60 3198 8038
61 3244 46418
62 3264 17616
63 3326 39206
64 3436 52166
65 3456 13640
66 3462 49392
67 3572 15354
68 3612 25878
69 3722 16294
70 3768 53378
71 3874 23930
72 3940 34738
73 4026 9278
74 4068 52852
75 4090 0
76 4254 24970
77 4308 44148
78 4318 1338
79 4418 2322
80 4512 41926
81 4518 9170
82 4524 16594
83 4556 52304
84 4576 12720
85 4598 34538
86 4622 23656
87 4640 634
88 4838 4430
89 4850 10680
90 5012 16516
91 5048 26938
92 5058 42090
93 5124 15960
94 5224 43994
95 5260 32736
96 5318 13754
97 5326 50418
98 5494 42406
99 5506 1988
100 5588 598
101 5642 10016
102 5642 47114
103 5680 46960
104 5740 24236
105 5752 46758
106 5826 41754
107 5928 22426
108 5944 2874
109 5944 14632
110 6034 35810
111 6044 17190
112 6202 11070
113 6234 17728
114 6254 15094
115 6360 7618
116 6364 38338
117 6376 34614
118 6482 8468
119 6546 29728
120 6566 15232
121 6602 26088
122 6708 29154
123 6768 5660
124 6792 1606
125 7042 53840
126 7110 27496
127 7186 41074
128 7188 7456
129 7232 39976
130 7276 51320
131 7296 40300
132 7312 39208
133 7418 51554
134 7434 26502
135 7502 43670
136 7594 24822
137 7696 40256
138 7772 20342
139 7798 24546
140 7808 51350
141 7860 6618
142 7976 49456
143 8060 17010
144 8084 19858
145 8208 32512
146 8230 19388
147 8240 44362
148 8256 11938
149 8274 42416
150 8320 23998
151 8344 18496
152 8344 35248
153 8374 46166
154 8392 22378
155 8406 25356
156 8412 15742
157 8470 47908
158 8574 45190
159 8576 8290
160 8588 48456
161 8714 41122
162 8776 48914
163 8782 11202
164 8808 22390
165 8872 48320
166 8932 8250
167 8998 48566
168 9076 27334
169 9298 47002
170 9316 558
171 9354 20282
172 9388 5890
173 9398 53070
174 9406 15534
175 9470 15024
176 9648 52588
177 9672 11680
178 9878 46978
179 9960 18296
180 10034 41448
181 10124 52610
182 10182 53490
183 10258 12240
184 10294 51484
185 10394 38052
186 10432 22922
187 10452 23368
188 10548 26518
189 10608 3664
190 10700 21938
191 10804 32198
192 10820 40708
193 10894 3278
194 10952 32626
195 10974 42348
196 11130 42414
197 11198 15338
198 11402 29312
199 11450 10912
200 11566 570
201 11668 47538
202 11732 3060
203 11810 29360
204 11820 43658
205 11860 11420
206 11904 30510
207 11990 18868
208 12120 21622
209 12184 25482
210 12222 11042
211 12244 16072
212 12298 21628
213 12300 19880
214 12340 27658
215 12344 9628
216 12450 52460
217 12490 15196
218 12502 6486
219 12526 2658
220 12794 29254
221 12814 5160
222 12890 15838
223 12964 45992
224 13358 25436
225 13444 42376
226 13456 14002
227 13702 13886
228 13708 19668
229 13746 13866
230 13774 41392
231 13864 22392
232 13914 21082
233 13954 41232
234 13966 23830
235 14134 32516
236 14162 190
237 14178 15994
238 14232 6760
239 14274 34904
240 14290 49622
241 14430 45304
242 14430 51216
243 14524 4120
244 14590 29948
245 14660 16658
246 14826 7556
247 15018 31224
248 15068 41944
249 15074 47308
250 15146 38710
251 15174 47426
252 15256 33344
253 15260 23390
254 15312 22280
255 15374 24322
256 15432 18856
257 15440 18730
258 15446 18918
259 15540 8368
260 15590 42058
261 15638 50116
262 15688 24074
263 15720 17804
264 15732 24652
265 15768 34716
266 15808 30948
267 15818 45802
268 15886 12532
269 15902 42810
270 15986 40574
271 15990 21848
272 16074 7502
273 16118 1114
274 16194 47094
275 16244 23070
276 16252 30268
277 16264 47036
278 16284 48690
279 16314 45472
280 16358 40364
281 16362 29956
282 16402 29088
283 16478 41530
284 16498 1952
285 16674 15946
286 16718 12914
287 16720 20460
288 16822 12202
289 16858 12700
290 16866 49678
291 16910 2648
292 16988 28664
293 17004 10162
294 17038 40532
295 17132 8854
296 17132 26790
297 17186 45968
298 17196 10234
299 17236 30418
300 17294 50576
301 17350 12094
302 17420 32154
303 17538 3204
304 17598 32118
305 17676 45446
306 17680 50344
307 17758 4040
308 17784 12494
309 17798 33032
310 17898 40474
311 17988 11968
312 18052 31552
313 18176 52272
314 18204 16050
315 18218 53584
316 18236 33592
317 18308 34314
318 18348 10466
319 18368 34906
320 18422 49512
321 18430 13954
322 18506 51786
323 18516 48540
324 18542 35804
325 18678 4938
326 18726 37524
327 18842 8840
328 18894 1556
329 18918 41434
330 19044 792
331 19184 876
332 19504 16118
333 19512 38472
334 19528 13588
335 19612 16178
336 19732 33718
337 19768 24270
338 19786 6052
339 19818 49644
340 19890 48814
341 19900 30048
342 19980 39400
343 20022 30902
344 20090 22104
345 20132 17722
346 20202 39514
347 20214 32980
348 20330 2856
349 20410 5714
350 20860 20808
351 21070 16688
352 21138 53216
353 21164 39968
354 21174 34690
355 21350 20318
356 21352 11832
357 21390 14434
358 21390 27308
359 21482 48294
360 21724 25512
361 21876 53648
362 21916 50702
363 21936 22762
364 22002 1920
365 22054 32240
366 22064 1662
367 22130 38906
368 22182 9386
369 22240 20258
370 22258 11090
371 22264 38526
372 22290 52610
373 22352 40588
374 22368 22530
375 22410 23524
376 22432 45308
377 22494 35708
378 22564 36836
379 22604 15538
380 22610 29922
381 22626 48062
382 22694 35838
383 22734 13988
384 22864 17180
385 22994 18414
386 23036 732
387 23066 15330
388 23292 23136
389 23464 41558
390 23566 13176
391 23850 34386
392 23870 48894
393 23902 30128
394 24024 17368
395 24088 45946
396 24110 35616
397 24140 24266
398 24480 36824
399 24542 52684
400 24644 7060
401 24698 25082
402 24708 53426
403 24718 19454
404 24820 25890
405 24830 11020
406 24878 8162
407 24890 8694
408 24950 26436
409 25004 13472
410 25052 6550
411 25058 28618
412 25182 44764
413 25184 47800
414 25274 3046
415 25332 22220
416 25346 5706
417 25402 2020
418 25428 41130
419 25508 11104
420 25562 1688
421 25592 45412
422 25610 37970
423 25666 31044
424 25714 52924
425 25718 10562
426 25734 42056
427 25856 6836
428 25896 5586
429 25904 888
430 25908 11546
431 25952 43322
432 26012 40990
433 26076 50222
434 26162 41768
435 26184 4398
436 26200 29380
437 26220 34204
438 26262 16188
439 26372 35336
440 26394 2136
441 26406 12778
442 26416 28250
443 26686 30814
444 26716 14242
445 26774 30352
446 26892 53508
447 26968 53626
448 27056 20066
449 27112 34298
450 27118 23022
451 27136 11582
452 27258 18520
453 27284 7274
454 27368 18982
455 27432 43310
456 27482 33206
457 27572 1490
458 27702 46910
459 27852 6578
460 27878 53192
461 27892 41394
462 27904 35948
463 28256 28426
464 28468 23808
465 28494 3070
466 28554 41748
467 28674 45740
468 28680 22574
469 28798 48810
470 28820 2172
471 28856 32906
472 28898 9898
473 28910 938
474 29198 9502
475 29454 18390
476 29460 1660
477 29584 36386
478 29624 42804
479 29632 34986
480 29764 32420
481 29770 37118
482 29826 52398
483 29846 11188
484 29870 30180
485 30358 27726
486 30372 27712
487 30414 32926
488 30486 53186
489 30514 9970
490 30622 40354
491 30632 24722
492 30660 34890
493 30726 26214
494 30780 30016
495 30814 29620
496 30856 12050
497 30958 25706
498 31110 42992
499 31120 9740
500 31160 43336
501 31186 17488
502 31298 49704
503 31332 36590
504 31408 18558
505 31574 20756
506 31584 40996
507 31610 42522
508 31640 50706
509 31706 36820
510 31736 53912
511 31746 18848
512 31772 25328
513 31798 10242
514 31902 9776
515 32000 43762
516 32042 31054
517 32056 36486
518 32096 3404
519 32118 5276
520 32122 23012
521 32202 52920
522 32274 38726
523 32278 14764
524 32320 14950
525 32340 3334
526 32406 53854
527 32524 38448
528 32606 40036
529 32626 11668
530 32672 29774
531 32710 37378
532 32750 20074
533 32838 35832
534 32866 19652
535 32900 42774
536 32912 33950
537 32982 15476
538 33004 5882
539 33098 2908
540 33106 38990
541 33294 26468
542 33296 5502
543 33300 42428
544 33474 27026
545 33504 29524
546 33584 13422
547 33588 30868
548 33634 38958
549 33680 48576
550 33686 22202
551 33974 50508
552 34024 42226
553 34048 2412
554 34088 2734
555 34156 44108
556 34244 37176
557 34294 11240
558 34296 5108
559 34308 22694
560 34308 27262
561 34330 5030
562 34368 19200
563 34376 40728
564 34404 41164
565 34502 21798
566 34578 30964
567 34704 48354
568 34710 44646
569 34740 29706
570 34898 11402
571 35174 14048
572 35250 40784
573 35332 28226
574 35388 19628
575 35390 24520
576 35462 8530
577 35464 13206
578 35504 3366
579 35506 4842
580 35512 10982
581 35534 31154
582 35558 51854
583 35668 52298
584 35708 50534
585 35750 11270
586 35770 33656
587 35798 38694
588 35828 53174
589 35884 35560
590 35966 16076
591 36030 15360
592 36060 13388
593 36096 15432
594 36296 38068
595 36334 25924
596 36404 33964
597 36416 26272
598 36470 3178
599 36530 34726
600 36650 30112
601 36676 35922
602 36792 20510
603 36990 49840
604 37156 16734
605 37160 46618
606 37210 51630
607 37340 49770
608 37448 34728
609 37452 27912
610 37572 41096
611 37628 24360
612 37656 2088
613 37876 34694
614 38080 4386
615 38124 22732
616 38126 22592
617 38130 42968
618 38146 27378
619 38158 6574
620 38184 15850
621 38258 53388
622 38294 18478
623 38368 32320
624 38426 27258
625 38464 39082
626 38482 17506
627 38506 13502
628 38536 16432
629 38586 2728
630 38614 23954
631 38698 26114
632 38754 49050
633 38762 26510
634 38860 7354
635 38914 34970
636 38934 12566
637 39116 40180
638 39138 50786
639 39146 25678
640 39194 1004
641 39248 27536
642 39328 13926
643 39396 6040
644 39528 6534
645 39588 9412
646 39600 50408
647 39656 52094
648 39780 29286
649 39830 20602
650 39972 4204
651 39992 50184
652 40050 2804
653 40186 39346
654 40232 3468
655 40234 18364
656 40322 53672
657 40468 38262
658 40480 39462
659 40486 35048
660 40654 33206
661 40656 40458
662 40780 6726
663 40952 10164
664 41042 38084
665 41050 25642
666 41092 43354
667 41120 25078
668 41144 28368
669 41158 14792
670 41218 50954
671 41226 23924
672 41262 47228
673 41314 45002
674 41336 10406
675 41350 22950
676 41392 10890
677 41458 31522
678 41462 3674
679 41468 1052
680 41598 8618
681 41606 1964
682 41660 51780
683 41688 27912
684 41738 3860
685 41758 36550
686 41788 43372
687 41960 35278
688 41972 29198
689 42000 52984
690 42122 33078
691 42146 43276
692 42160 186
693 42180 13010
694 42192 26790
695 42302 45190
696 42314 7830
697 42352 24212
698 42394 45502
699 42516 2820
700 42516 8350
701 42618 16408
702 42666 38438
703 42724 50748
704 42802 42822
705 42828 14992
706 42928 7314
707 42938 1260
708 43038 33394
709 43086 2098
710 43318 8128
711 43322 19994
712 43408 37518
713 43424 38378
714 43434 42474
715 43452 43734
716 43494 6232
717 43500 14778
718 43510 29666
719 43650 47572
720 43690 1780
721 43760 6954
722 43832 49856
723 43914 45266
724 43916 15538
725 44068 23942
726 44182 2742
727 44214 27124
728 44312 9290
729 44336 51364
730 44354 14586
731 44450 45104
732 44636 23412
733 44640 7716
734 44668 39686
735 44684 22332
736 44706 52162
737 44726 42638
738 44736 32344
739 44750 49816
740 44776 40236
741 44892 19506
742 45018 14226
743 45122 40254
744 45256 2118
745 45364 3770
746 45364 29992
747 45388 40938
748 45508 3210
749 45580 33844
750 45634 4414
751 45642 5010
752 45650 39086
753 45836 25848
754 45862 11794
755 45902 21774
756 45930 48616
757 45992 46144
758 46008 18278
759 46086 40342
760 46140 48060
761 46196 45588
762 46210 12552
763 46278 39960
764 46448 41750
765 46472 50200
766 46478 1710
767 46548 1162
768 46598 1876
769 46718 24588
770 46772 33724
771 46898 23858
772 47016 8936
773 47074 30372
774 47108 37556
775 47164 29440
776 47178 27106
777 47238 37340
778 47240 40894
779 47326 37336
780 47368 45812
781 47458 47252
782 47504 1708
783 47506 42410
784 47556 31156
785 47556 42166
786 47568 28424
787 47576 27942
788 47596 31956
789 47664 31002
790 47676 50560
791 47898 36754
792 48014 15304
793 48092 12774
794 48110 17222
795 48134 26434
796 48276 19730
797 48282 3558
798 48368 23996
799 48438 594
800 48626 16640
801 48644 31352
802 48684 37372
803 48776 43012
804 48782 41046
805 48828 19670
806 48836 52540
807 48882 24600
808 48998 39278
809 49182 51728
810 49484 40376
811 49490 39166
812 49580 26882
813 49588 14284
814 49594 38348
815 49612 8316
816 49630 28626
817 49638 30592
818 49648 53914
819 49670 17346
820 49726 24036
821 49734 20766
822 49904 40702
823 49910 13142
824 49912 326
825 49912 23376
826 50076 28758
827 50080 27124
828 50122 9412
829 50138 41276
830 50162 6526
831 50352 33906
832 50564 46328
833 50568 26966
834 50570 51170
835 50574 18526
836 50576 16300
837 50750 52438
838 50766 46596
839 50784 5772
840 50860 29598
841 50866 7340
842 50878 31706
843 50966 22612
844 51096 53764
845 51136 3118
846 51150 24966
847 51166 53232
848 51180 52188
849 51200 12276
850 51224 21562
851 51256 30934
852 51304 30930
853 51334 31876
854 51412 40744
855 51510 1774
856 51550 43026
857 51572 25790
858 51620 26806
859 51662 30312
860 51736 11538
861 51744 5646
862 51746 21990
863 51768 49118
864 51880 47052
865 51884 37450
866 51890 18078
867 52014 29082
868 52020 11170
869 52028 37404
870 52030 38098
871 52060 28544
872 52096 32100
873 52096 50828
874 52134 45694
875 52306 14084
876 52356 52698
877 52384 11614
878 52434 12404
879 52508 42142
880 52544 7090
881 52592 1582
882 52702 18846
883 52770 5064
884 52780 31074
885 52820 34248
886 53126 2562
887 53130 2242
888 53150 22164
889 53152 39630
890 53204 45094
891 53222 50108
892 53384 33410
893 53484 45504
894 53498 15958
895 53546 17978
896 53730 18956
897 53738 27028
898 53864 20620
899 53898 43666
6 7 3 2 1 4 8 
5 5 6 0 2 9 
7 42 15 1 0 3 13 24 
4 12 2 0 11 
3 8 0 46 
4 16 14 6 1 
7 37 30 1 5 14 20 38 
5 27 26 11 0 10 
3 0 4 19 
6 18 1 15 25 34 23 
3 7 22 60 
5 17 3 7 35 57 
4 48 13 3 17 
3 47 2 12 
4 33 6 5 21 
4 25 9 2 28 
3 21 5 18 
3 62 12 11 
3 63 16 9 
3 22 8 53 
4 40 6 32 59 
3 31 14 16 
4 10 19 39 58 
3 72 9 34 
3 68 2 41 
3 9 15 29 
4 35 7 27 52 
3 26 7 45 
3 29 15 36 
3 44 25 28 
3 56 6 37 
3 54 43 21 
3 20 33 49 
3 49 32 14 
4 95 23 9 44 
3 11 26 65 
3 28 42 91 
3 30 6 51 
3 51 6 40 
3 58 22 53 
3 55 38 20 
3 71 24 47 
3 91 36 2 
3 49 31 54 
3 34 29 119 
3 52 27 60 
3 50 4 75 
4 86 41 13 48 
3 47 12 62 
5 61 32 33 43 54 
3 53 46 78 
4 64 37 38 55 
4 89 26 45 73 
5 88 39 19 50 79 
4 49 43 31 63 
3 51 40 66 
4 510 30 70 125 
3 67 11 65 
4 60 22 39 88 
3 66 20 61 
5 81 73 45 10 58 
6 105 103 102 59 49 77 
4 113 48 17 69 
4 80 54 18 72 
3 74 70 51 
4 67 57 35 84 
3 97 55 59 
3 69 57 65 
3 91 24 76 
3 82 62 67 
4 125 56 64 74 
3 76 41 86 
4 110 63 23 85 
3 52 60 81 
3 70 64 83 
5 692 236 100 87 46 
4 121 68 71 104 
3 61 80 94 
3 79 50 87 
4 108 53 78 99 
3 92 77 63 
4 101 89 73 60 
4 111 69 93 90 
3 74 97 133 
3 96 65 112 
3 117 72 95 
4 104 71 47 107 
3 78 75 100 
4 115 58 53 108 
3 112 52 81 
3 111 82 93 
4 126 36 42 68 
3 98 80 106 
4 90 82 109 114 
3 77 98 135 
3 85 34 119 
3 109 84 148 
3 130 83 66 
3 135 94 92 
3 79 100 124 
4 99 87 75 170 
3 112 81 118 
3 142 61 103 
3 102 61 105 
3 136 76 86 
4 103 61 135 147 
6 149 92 116 129 131 127 
5 150 139 86 113 154 
4 123 88 79 124 
4 120 114 93 96 
3 116 72 152 
4 113 82 90 143 
4 163 84 89 101 
4 138 107 62 111 
3 120 93 109 
4 118 88 123 128 
4 132 106 110 152 
3 152 85 145 
3 163 101 115 
4 145 95 44 122 
5 156 143 114 109 148 
3 126 76 136 
3 198 119 126 
5 172 141 115 108 189 
3 108 99 170 
5 510 56 70 173 182 
4 122 91 121 134 
3 161 106 137 
3 159 115 141 
3 131 106 132 
3 140 133 97 
3 106 129 137 
3 129 116 185 
3 173 83 130 
3 168 126 136 
4 105 94 98 149 
4 134 121 104 139 
3 127 131 185 
3 154 113 144 
4 155 136 107 150 
4 184 176 130 142 
4 166 128 123 172 
5 140 102 157 160 162 
4 151 111 120 156 
3 171 138 146 
3 117 119 191 
3 144 151 179 
6 158 153 105 149 195 204 
3 120 96 163 
4 147 135 106 161 
3 139 107 187 
3 146 143 179 
4 116 110 117 194 
3 157 147 158 
3 164 107 138 
3 188 168 139 
4 143 120 175 174 
3 160 142 153 
4 178 169 153 147 
3 163 128 166 
4 162 142 157 165 
4 180 149 127 192 
3 184 142 160 
5 177 148 112 118 159 
4 186 154 171 190 
3 167 160 169 
3 215 159 141 
3 184 165 201 
3 198 134 155 
3 165 158 178 
4 200 124 100 236 
3 164 144 179 
4 218 141 123 221 
4 182 125 133 176 
4 179 156 175 197 
3 174 156 183 
3 181 173 140 
3 183 163 199 
4 201 169 158 223 
5 207 171 146 151 174 
3 195 161 192 
3 182 176 216 
4 315 125 173 181 
3 175 177 205 
4 216 140 162 167 
3 137 132 239 
3 187 164 208 
3 234 150 186 
3 214 155 209 
3 221 123 193 
3 164 213 208 
3 194 145 206 
4 230 180 161 250 
3 189 200 202 
4 239 152 191 235 
3 196 147 180 
3 204 195 225 
3 211 174 217 
3 203 122 168 
3 205 177 215 
4 219 193 170 236 
3 167 178 249 
3 221 193 219 
3 206 198 220 
3 241 147 196 
5 227 226 183 199 210 
3 235 191 203 
4 213 179 211 222 
4 212 186 190 213 
4 214 188 234 224 
5 268 229 205 215 259 
3 207 197 217 
3 231 208 213 
5 212 208 190 207 228 
3 220 188 209 
5 210 199 166 218 246 
5 315 181 184 240 242 
4 222 211 197 226 
3 238 215 172 
3 243 202 200 
3 244 203 214 
4 238 172 189 202 
3 237 207 217 
3 249 178 241 
4 296 209 255 264 
3 269 196 248 
3 217 205 227 
4 237 226 205 229 
6 232 213 245 257 256 258 
3 285 227 210 
3 248 192 233 
4 253 212 232 254 
4 271 254 231 228 
3 230 250 270 
3 209 187 253 
3 252 194 206 
7 386 330 273 200 170 75 692 
3 245 222 227 
4 272 246 218 221 
3 185 194 265 
3 242 216 251 
4 279 267 223 204 
4 313 216 240 261 
4 272 219 284 291 
5 281 276 247 220 282 
4 263 228 237 285 
3 215 238 272 
3 252 244 266 
3 260 225 230 
4 251 201 223 267 
3 233 192 324 
3 240 249 274 
3 265 235 247 
5 262 255 234 231 275 
3 275 231 232 
3 264 224 253 
3 258 228 257 
3 256 228 263 
3 287 228 256 
4 295 293 210 272 
3 269 248 283 
3 300 242 278 
3 264 253 275 
3 257 245 314 
4 224 255 262 337 
5 319 239 252 309 317 
3 302 247 276 
4 277 249 241 279 
4 289 286 210 288 
5 305 225 260 283 329 
3 283 233 280 
3 275 232 287 
6 259 246 238 243 307 338 
3 328 284 236 
3 278 251 277 
5 337 262 253 254 271 
3 299 266 244 
3 323 274 267 
3 290 261 274 
4 297 267 241 305 
3 294 270 326 
3 299 244 282 
3 281 244 292 
5 269 260 270 294 310 
3 291 243 273 
3 314 245 229 
4 321 268 289 308 
5 350 344 271 258 345 
4 268 293 298 301 
3 286 268 301 
5 306 300 278 323 320 
3 303 243 284 
3 299 282 296 
3 288 259 295 
3 283 280 326 
5 318 298 293 259 327 
4 358 341 292 224 
3 323 279 305 
3 301 288 295 
4 312 276 281 292 
3 322 261 290 
4 289 288 298 311 
3 309 266 304 
3 307 291 348 
3 309 302 312 
4 297 279 269 376 
3 322 290 320 
3 325 272 303 
3 334 286 311 
4 316 265 302 304 
3 283 333 342 
4 334 308 301 318 
3 304 299 343 
3 315 242 322 
3 332 263 285 
4 361 182 216 313 
3 317 309 347 
3 319 265 316 
3 311 295 327 
4 324 265 317 336 
3 306 290 340 
3 332 286 334 
5 352 313 300 306 339 
4 340 290 277 297 
5 326 250 319 336 354 
3 349 338 307 
4 333 294 280 324 
4 356 318 295 338 
3 348 273 331 
4 269 346 353 373 
3 331 236 386 
3 328 330 386 
3 335 314 321 
4 342 310 326 378 
5 357 321 308 311 356 
3 351 345 332 
3 324 319 347 
5 360 264 275 344 375 
5 368 327 272 325 349 
3 362 322 340 
4 339 320 323 359 
3 343 296 380 
3 346 310 333 
4 347 312 341 380 
3 363 337 287 
4 355 287 335 351 
3 329 342 367 
4 336 316 343 365 
5 349 303 328 366 364 
4 400 338 325 348 
4 374 363 287 355 
3 345 335 379 
3 361 322 372 
3 373 329 367 
3 377 324 365 
3 350 345 369 
3 334 327 370 
3 379 334 383 
3 411 296 360 
3 340 376 381 
4 404 408 358 337 
5 510 315 352 402 447 
3 372 339 381 
3 375 344 350 
3 416 348 366 
5 391 354 347 380 393 
3 364 348 386 
4 418 353 346 371 
5 405 370 338 406 407 
4 415 355 385 403 
3 390 356 368 
3 367 378 422 
3 399 352 362 
5 418 389 376 329 353 
3 375 350 415 
5 397 337 363 374 388 
5 395 381 359 305 373 
3 382 378 354 
5 371 333 377 382 398 
4 384 351 357 387 
4 365 343 341 411 
4 392 362 359 376 
3 378 377 396 
3 387 357 390 
3 385 379 387 
3 403 369 384 
7 429 417 414 366 331 330 236 
4 394 384 379 383 
3 397 375 415 
3 426 412 373 
3 409 383 370 
3 396 365 437 
3 433 399 381 
3 423 365 411 
4 452 403 387 438 
3 413 376 412 
3 398 382 391 
4 401 375 388 415 
4 422 378 396 439 
3 402 372 392 
3 406 349 410 
3 404 397 415 
4 446 361 399 424 
5 369 385 394 452 454 
3 408 360 401 
5 419 409 368 407 425 
4 368 400 427 453 
3 405 368 453 
4 442 360 404 464 
4 444 438 390 405 
3 427 400 416 
4 393 380 358 442 
3 421 395 389 
4 433 395 421 458 
3 416 386 417 
7 450 401 397 388 374 369 448 
4 410 364 414 428 
3 414 386 420 
4 426 373 367 432 
3 430 405 425 
3 440 417 429 
3 413 412 431 
7 461 432 371 398 439 462 481 
4 456 393 436 443 
3 446 402 433 
4 419 405 453 472 
4 431 389 418 434 
3 406 410 459 
3 459 416 435 
4 473 457 420 386 
3 451 441 419 
3 421 426 455 
3 434 418 422 
5 482 460 424 392 413 
3 426 432 461 
3 428 440 465 
3 445 423 442 
3 449 391 456 
3 475 394 409 
3 422 398 449 
3 465 435 420 
3 444 430 451 
4 463 436 411 408 
3 471 423 445 
5 523 475 409 441 496 
3 443 436 463 
4 447 402 424 460 
3 510 361 446 
3 450 415 454 
4 462 439 437 471 
4 464 415 448 468 
3 441 430 483 
3 403 394 475 
5 474 425 407 406 459 
3 448 403 475 
4 467 431 466 478 
3 437 423 471 
3 470 429 473 
3 469 413 467 
4 453 427 428 519 
3 446 433 488 
3 466 434 422 
3 477 422 449 
3 445 442 485 
3 491 408 450 
4 518 435 440 470 
3 455 461 490 
5 502 469 458 455 500 
3 520 450 505 
3 482 458 467 
3 465 457 476 
6 479 449 456 443 484 480 
3 483 425 474 
5 640 553 476 457 429 
4 499 489 472 453 
6 504 454 452 438 444 501 
3 539 470 473 
3 481 462 479 
3 498 455 506 
3 477 471 492 
4 487 471 484 494 
4 422 477 503 509 
3 488 433 469 
3 496 451 472 
3 480 471 485 
3 484 463 486 
3 495 485 493 
3 492 480 516 
3 510 460 482 
3 513 496 474 
3 466 522 528 
4 497 493 464 520 
3 503 479 487 
4 544 486 491 497 
3 516 480 495 
3 530 494 486 
4 546 444 483 489 
3 493 491 512 
3 500 478 507 
3 514 513 474 
3 515 467 498 
3 504 475 524 
3 508 467 549 
3 481 492 517 
3 511 475 501 
3 468 511 532 
3 507 478 528 
3 535 498 506 
3 521 502 551 
3 522 481 517 
8 818 56 125 361 447 488 526 656 
4 534 505 504 537 
4 541 497 559 575 
4 529 489 499 514 
3 513 499 538 
3 555 549 500 
4 536 487 494 530 
4 531 509 503 533 
3 519 465 525 
3 538 459 518 
3 491 468 550 
3 526 508 583 
4 540 490 509 527 
3 524 444 546 
3 537 501 523 
3 542 518 539 
4 510 521 588 621 
3 540 522 531 
4 543 506 490 540 
3 546 513 557 
3 516 495 545 
3 527 517 556 
3 550 505 534 
4 556 517 536 589 
3 532 511 562 
3 555 507 543 
3 533 516 547 
3 511 524 591 
3 514 519 542 
3 525 476 554 
4 528 522 527 548 
3 560 512 575 
3 538 525 558 
4 535 528 564 552 
3 560 545 493 
5 547 530 544 560 573 
5 571 523 496 529 570 
4 566 536 545 569 
3 563 540 587 
3 502 515 567 
3 559 520 532 
4 584 582 508 567 
3 555 543 572 
3 554 473 612 
4 578 561 539 553 
4 568 515 535 552 
3 594 531 533 
3 570 529 576 
3 576 542 561 
4 615 512 550 565 
4 545 544 541 595 
4 558 554 578 579 
3 565 534 590 
3 564 548 587 
3 543 563 572 
5 616 559 562 574 602 
3 586 547 569 
5 603 551 549 568 605 
3 567 555 617 
4 581 566 547 573 
3 546 557 580 
3 591 546 577 
4 610 552 564 587 
3 569 545 597 
3 565 590 622 
3 541 512 615 
4 580 557 558 579 
3 592 571 585 
3 561 554 598 
4 619 576 561 598 
3 585 570 576 
3 586 569 600 
3 583 551 584 
4 588 521 582 606 
3 582 551 603 
4 636 577 580 645 
4 596 589 566 581 
4 572 563 548 594 
3 621 526 583 
3 594 533 586 
4 604 574 562 593 
4 593 537 571 592 
3 627 591 577 
3 620 590 591 
5 625 587 556 589 601 
3 597 560 611 
4 613 599 586 623 
4 609 573 595 631 
5 614 579 578 612 629 
3 608 601 596 
3 581 609 648 
4 625 594 599 608 
3 649 565 622 
3 584 567 607 
3 626 590 628 
4 672 632 567 617 
3 621 583 607 
4 638 606 603 632 
3 601 599 613 
3 600 597 618 
3 617 572 637 
4 639 595 615 630 
3 598 553 640 
3 635 608 596 
3 643 598 650 
5 630 611 575 559 616 
3 615 565 649 
4 666 605 568 610 
4 641 609 631 624 
3 634 579 643 
3 628 593 627 
5 656 526 588 606 647 
4 649 602 574 626 
3 635 596 648 
3 641 618 633 
3 637 594 601 
3 655 622 604 
3 620 592 636 
4 655 604 620 642 
3 652 598 640 
4 611 615 675 671 
4 633 618 597 639 
5 651 646 638 607 605 
3 641 624 631 
3 645 619 644 
5 659 657 613 623 660 
4 642 627 585 663 
4 661 610 625 653 
3 647 607 632 
3 631 611 665 
5 679 629 612 473 692 
4 683 618 624 633 
3 669 628 636 
4 662 644 619 614 
3 662 634 643 
3 663 585 634 
3 647 632 651 
4 621 638 646 682 
5 677 623 600 668 688 
4 616 602 622 711 
3 662 614 654 
3 670 646 632 
3 654 629 681 
3 658 637 657 
3 678 650 652 
5 711 626 628 669 701 
4 818 510 621 689 
3 653 635 664 
3 661 653 664 
3 687 635 660 
3 659 635 677 
4 704 637 658 702 
6 706 696 680 644 643 650 
5 674 676 636 645 680 
3 658 657 685 
3 694 639 667 
3 686 673 617 
3 665 671 697 
3 688 648 683 
3 655 642 693 
3 682 651 703 
4 697 667 630 675 
5 719 722 605 673 698 
4 695 672 666 686 
3 676 663 680 
3 671 630 711 
3 693 663 674 
4 690 660 648 718 
3 684 654 699 
3 681 640 692 
4 674 663 662 700 
4 709 652 679 707 
4 689 647 670 703 
4 668 641 694 727 
3 716 678 699 
4 712 702 664 687 
3 673 666 691 
4 685 659 690 708 
3 718 648 668 
4 656 682 729 736 
3 708 687 677 
3 715 686 704 
8 824 799 767 707 679 640 236 75 
4 717 705 669 676 
3 727 683 665 
3 698 673 715 
3 710 700 662 
3 667 671 725 
3 672 695 723 
3 684 678 709 
3 680 696 710 
3 758 655 705 
4 734 661 685 713 
3 682 670 722 
3 691 661 714 
4 724 701 693 717 
4 710 662 716 721 
3 720 681 692 
3 687 690 738 
4 726 699 681 720 
6 728 700 696 706 721 733 
5 735 675 649 655 741 
5 774 713 685 749 777 
3 752 702 712 
3 715 704 740 
5 731 695 691 714 737 
3 706 684 750 
3 705 693 730 
4 746 738 677 688 
3 760 672 723 
3 744 709 707 
3 710 706 751 
4 729 703 672 739 
3 719 698 731 
3 758 705 730 
3 753 697 732 
3 748 745 709 
4 683 694 753 776 
3 754 710 772 
3 689 722 765 
3 724 717 742 
4 761 757 723 715 
3 769 725 735 
3 772 710 751 
4 743 740 702 752 
3 732 711 755 
3 806 689 790 
3 715 747 764 
4 749 708 718 784 
3 765 722 756 
3 747 714 734 
4 796 755 711 758 
3 758 730 762 
3 747 734 752 
3 748 720 766 
3 750 726 748 
3 773 718 775 
4 737 740 743 759 
4 745 726 744 768 
3 712 738 770 
4 751 716 745 797 
4 733 721 750 797 
4 743 734 713 774 
3 795 727 725 
3 762 728 772 
4 771 735 741 821 
3 765 739 760 
4 781 731 761 780 
5 741 701 724 742 794 
3 764 747 763 
3 756 719 781 
3 757 731 783 
3 792 742 754 
3 778 759 774 
5 785 783 737 759 778 
4 790 729 739 756 
3 768 744 767 
3 766 692 799 
3 748 766 782 
3 795 732 771 
3 791 749 788 
3 798 769 755 
5 793 754 728 733 815 
3 789 746 775 
4 763 752 712 779 
3 773 746 786 
3 787 727 795 
3 712 791 779 
3 764 763 808 
4 802 774 777 791 
3 832 757 803 
3 760 757 838 
3 797 768 799 
3 803 761 764 
4 801 788 738 789 
3 803 764 804 
3 816 775 787 
3 786 776 795 
3 831 770 784 
3 784 773 817 
5 834 809 736 765 863 
4 802 779 777 770 
3 794 762 793 
3 792 772 828 
4 819 758 792 800 
5 787 776 753 769 807 
3 821 741 805 
6 839 830 751 750 782 845 
3 807 771 825 
4 782 767 692 824 
3 794 813 836 
3 842 831 784 
5 865 814 808 779 791 
5 856 780 783 785 829 
4 829 785 810 822 
3 821 796 819 
3 818 736 809 
4 812 795 798 820 
4 810 778 802 811 
3 837 806 790 
3 822 804 808 
3 854 808 814 
3 827 816 807 
3 836 800 823 
3 811 802 870 
4 828 772 830 841 
4 826 786 812 827 
4 851 789 826 840 
4 510 656 806 844 
3 805 794 836 
3 846 807 825 
5 850 755 796 805 835 
3 854 804 810 
3 813 828 849 
4 881 855 799 692 
3 820 798 843 
3 817 816 871 
3 816 812 833 
4 860 823 793 815 
3 803 804 854 
3 815 797 839 
6 885 869 788 801 842 853 
3 838 780 856 
3 827 846 858 
3 848 790 873 
3 821 836 866 
5 835 819 800 813 875 
3 847 809 848 
5 864 863 781 832 874 
3 830 797 861 
3 851 817 871 
3 815 861 880 
3 831 801 851 
3 846 825 862 
3 818 847 876 
3 861 797 855 
4 857 833 820 843 
3 844 837 876 
3 876 837 834 
3 875 823 860 
3 862 821 882 
5 853 842 817 840 852 
3 884 851 859 
3 872 831 851 
5 879 829 822 811 889 
3 845 824 881 
5 890 874 832 803 879 
3 858 846 888 
3 871 833 857 
3 884 852 867 
4 878 849 828 868 
4 841 839 845 883 
3 888 843 850 
3 891 790 838 
3 891 838 893 
3 870 802 869 
4 882 835 894 895 
3 859 871 897 
3 877 860 880 
4 870 865 831 885 
4 889 814 865 869 
5 867 840 826 858 897 
3 892 853 884 
3 876 834 891 
3 838 856 893 
3 894 836 849 
5 844 847 848 873 891 
3 878 868 880 
3 894 860 877 
3 899 856 854 
4 877 868 841 883 
3 887 855 824 
3 896 850 866 
4 894 880 861 886 
5 892 872 852 859 897 
3 869 831 892 
3 896 883 887 
3 898 886 881 
3 857 862 898 
4 899 854 870 892 
3 893 856 899 
6 876 873 863 864 893 899 
5 889 885 872 884 897 
5 891 864 874 890 899 
6 896 895 866 875 878 883 
3 896 866 894 
5 898 882 895 894 886 
6 899 892 884 867 871 898 
5 899 897 888 896 887 
7 891 893 890 879 889 897 898 
