45
0 76 1632
1 154 1960
2 174 1180
3 206 2442
4 212 2026
5 236 1552
6 260 2502
7 308 804
8 332 1658
9 352 2024
10 448 1880
11 526 128
12 540 1440
13 624 712
14 662 672
15 724 1006
16 766 1606
17 768 384
18 784 12
19 974 1150
20 1062 408
21 1090 2150
22 1118 1890
23 1128 1794
24 1140 622
25 1186 1644
26 1186 2690
27 1208 1812
28 1296 84
29 1522 2340
30 1668 2284
31 1708 1374
32 1716 2022
33 1844 1012
34 1882 1830
35 1986 54
36 2078 948
37 2116 2222
38 2148 1520
39 2234 794
40 2338 586
41 2392 758
42 2416 1358
43 2418 1072
44 2670 560
4 1 3 2 5 
5 9 4 3 0 10 
5 12 5 0 11 7 
4 6 0 1 4 
3 3 1 9 
3 8 0 2 
2 26 3 
3 2 11 13 
3 10 5 16 
3 21 4 1 
3 22 1 8 
3 7 2 18 
4 16 2 15 19 
3 15 7 14 
3 15 13 17 
4 12 13 14 24 
4 25 23 8 12 
3 24 14 18 
5 35 28 20 17 11 
3 12 24 33 
3 24 18 28 
3 29 9 22 
4 21 10 23 27 
3 22 16 25 
5 33 19 15 17 20 
3 23 16 31 
3 6 29 37 
3 32 22 31 
3 20 18 35 
3 26 21 30 
3 29 32 37 
5 38 34 27 25 33 
3 30 27 34 
4 31 19 24 36 
3 37 32 31 
5 44 40 39 28 18 
3 42 33 39 
5 26 30 34 38 42 
3 37 31 42 
3 43 36 35 
3 41 35 44 
3 43 40 44 
5 37 38 36 43 44 
4 42 39 41 44 
5 42 43 41 40 35 
