800
0 16 30174
1 22 46276
2 120 29088
3 122 39774
4 328 30502
5 526 22264
6 704 7738
7 724 1618
8 758 2054
9 794 6192
10 950 34686
11 956 19682
12 1068 47916
13 1086 17938
14 1130 838
15 1204 16246
16 1212 4416
17 1212 23864
18 1220 45398
19 1282 1326
20 1328 23952
21 1376 854
22 1396 40730
23 1426 44666
24 1484 32706
25 1504 26460
26 1630 9554
27 1804 17076
28 1868 3828
29 1878 38946
30 1894 29790
31 1926 7604
32 1930 20178
33 2028 14090
34 2128 26076
35 2286 21100
36 2536 25492
37 2578 30014
38 2604 25300
39 2688 6932
40 2760 13262
41 2872 40442
42 3002 1982
43 3034 25188
44 3202 424
45 3252 4920
46 3270 42800
47 3306 43754
48 3326 1196
49 3326 42690
50 3528 13654
51 3580 27882
52 3620 8952
53 3626 12286
54 3706 11500
55 3740 43040
56 3834 39764
57 3836 27364
58 3888 27064
59 3892 38180
60 3956 43306
61 4112 31134
62 4326 6482
63 4538 19976
64 4550 9028
65 4626 39598
66 4812 16458
67 4854 39806
68 4912 6442
69 5024 6240
70 5070 39780
71 5126 16554
72 5152 24416
73 5192 8772
74 5218 19746
75 5320 33042
76 5504 21308
77 5510 8670
78 5516 11386
79 5538 27022
80 5750 34406
81 5926 10346
82 5942 24656
83 5944 21676
84 6054 44930
85 6058 46932
86 6080 44652
87 6122 19274
88 6130 31642
89 6220 23256
90 6310 34104
91 6316 34450
92 6320 26966
93 6396 40920
94 6438 44920
95 6440 19178
96 6456 24712
97 6542 44506
98 6612 20696
99 6624 46474
100 6668 14092
101 6736 32236
102 6776 39396
103 6822 22064
104 6916 6870
105 7012 34066
106 7070 30136
107 7070 35408
108 7218 23436
109 7304 7778
110 7308 534
111 7412 9398
112 7440 27126
113 7634 14892
114 7670 31060
115 7816 45448
116 7944 35994
117 7954 22206
118 8008 42014
119 8070 16632
120 8074 40300
121 8228 12536
122 8230 368
123 8272 1556
124 8518 35862
125 8546 10484
126 8588 46958
127 8616 10824
128 8628 25656
129 8676 36044
130 8722 25362
131 8792 34946
132 8862 3636
133 8948 31452
134 8968 37386
135 9080 32108
136 9108 636
137 9248 15994
138 9250 18776
139 9256 42720
140 9294 23340
141 9318 120
142 9340 27824
143 9372 18480
144 9514 28658
145 9518 13664
146 9570 18646
147 9636 47920
148 9684 41348
149 9732 28832
150 9794 21120
151 9874 14856
152 9920 39812
153 9976 15556
154 9984 5474
155 10116 12846
156 10138 14076
157 10200 40004
158 10288 36448
159 10314 30270
160 10498 30384
161 10616 7376
162 10632 4702
163 10700 45642
164 10772 7778
165 10880 21436
166 10908 3540
167 11118 2034
168 11208 32986
169 11384 37594
170 11390 8332
171 11394 5192
172 11410 45070
173 11466 1786
174 11476 47946
175 11488 28898
176 11516 47450
177 11618 5640
178 11744 9840
179 11754 46522
180 11788 8394
181 11804 16178
182 11912 24428
183 11924 4462
184 11992 22314
185 12008 18708
186 12216 15182
187 12268 11852
188 12488 1010
189 12534 5694
190 12578 16752
191 12614 20464
192 12706 41018
193 12738 20146
194 12828 42332
195 12842 30904
196 12842 38924
197 12860 7474
198 12930 39790
199 13042 13398
200 13046 42466
201 13056 29980
202 13100 24102
203 13154 35380
204 13296 6024
205 13366 29312
206 13460 23854
207 13482 1952
208 13616 22156
209 13636 29112
210 13912 11156
211 14030 37354
212 14086 118
213 14138 37816
214 14142 27930
215 14170 37086
216 14216 21558
217 14320 19896
218 14514 42884
219 14582 40514
220 14590 31668
221 14636 1858
222 14662 31508
223 14786 15008
224 14800 18336
225 14810 22882
226 14864 32112
227 14906 47212
228 14966 19052
229 14990 23816
230 14992 3806
231 15084 28240
232 15110 17982
233 15222 7088
234 15318 3332
235 15322 16278
236 15336 30950
237 15350 35278
238 15360 39906
239 15430 30588
240 15478 44840
241 15512 10672
242 15618 16946
243 15626 32632
244 15660 43418
245 15718 37384
246 15764 24198
247 15780 5330
248 15830 25944
249 15858 35550
250 15912 46416
251 16004 3988
252 16006 3808
253 16058 12306
254 16134 31262
255 16222 23572
256 16254 6288
257 16258 21560
258 16276 23960
259 16368 25334
260 16398 15660
261 16408 18164
262 16430 45100
263 16470 46066
264 16508 4922
265 16510 27890
266 16548 1362
267 16672 25034
268 16714 35060
269 16816 9920
270 16830 34194
271 16862 33286
272 16894 42684
273 17142 9788
274 17182 15690
275 17200 8800
276 17214 38750
277 17318 26892
278 17394 35304
279 17414 42858
280 17436 13368
281 17480 12974
282 17532 252
283 17620 45204
284 17626 11288
285 17696 26380
286 17806 16682
287 17852 29068
288 17892 6144
289 17898 19300
290 17914 18546
291 17922 27052
292 18028 36804
293 18078 2422
294 18132 22286
295 18280 12528
296 18320 12622
297 18324 13960
298 18402 18176
299 18534 1244
300 18596 32470
301 18760 22326
302 18790 31466
303 18814 24710
304 18844 43786
305 18904 9836
306 18962 9138
307 19066 41396
308 19172 27518
309 19210 36230
310 19296 3106
311 19310 47824
312 19322 25290
313 19382 16096
314 19474 47632
315 19480 14642
316 19716 770
317 19796 23774
318 19834 3522
319 19854 35290
320 19924 1210
321 19960 14160
322 20074 18924
323 20264 11074
324 20278 4962
325 20280 7438
326 20380 36610
327 20396 44992
328 20418 16746
329 20486 24286
330 20512 1910
331 20580 47712
332 20734 15946
333 20798 31746
334 20804 34686
335 20830 32986
336 20896 47220
337 20926 16560
338 20934 37672
339 21020 27082
340 21028 34918
341 21074 39526
342 21106 40764
343 21214 19908
344 21220 24852
345 21272 12202
346 21300 21032
347 21366 41166
348 21434 5482
349 21436 500
350 21476 31742
351 21520 11222
352 21550 17122
353 21578 494
354 21674 35500
355 21758 6146
356 21784 22616
357 21792 40438
358 21838 30724
359 21862 11478
360 22034 25704
361 22142 24732
362 22222 44852
363 22248 7552
364 22276 24738
365 22306 23784
366 22496 31382
367 22514 11614
368 22720 5320
369 22722 37136
370 22734 45880
371 22736 15374
372 22738 33000
373 22754 43150
374 22786 17792
375 22808 10052
376 22814 4294
377 23006 45500
378 23016 11064
379 23096 4012
380 23124 20708
381 23126 33186
382 23128 10982
383 23506 9108
384 23536 41546
385 23536 42468
386 23572 28144
387 23676 13556
388 23712 35834
389 23714 4204
390 23718 23634
391 23732 7620
392 23748 47922
393 23760 20816
394 23774 36684
395 23796 17408
396 23842 14254
397 23922 10912
398 24008 34044
399 24018 44136
400 24122 26836
401 24274 24970
402 24348 24968
403 24448 13674
404 24532 40416
405 24548 29630
406 24636 29808
407 24738 18384
408 24752 38308
409 24752 44340
410 24792 13738
411 24798 17146
412 24798 30724
413 24814 29884
414 24862 21558
415 24886 22856
416 24926 20672
417 25080 22928
418 25334 32680
419 25344 38856
420 25350 39310
421 25406 26810
422 25526 5710
423 25586 14794
424 25668 44998
425 25710 9550
426 25790 32298
427 25812 2012
428 25880 46634
429 25956 46808
430 26024 19500
431 26034 35366
432 26058 36606
433 26084 940
434 26184 38678
435 26268 37394
436 26294 25570
437 26356 34926
438 26378 3074
439 26524 6122
440 26558 6650
441 26712 30324
442 26730 18722
443 26832 13922
444 26890 37350
445 26920 20892
446 26966 41294
447 27016 688
448 27112 2616
449 27120 5006
450 27174 4910
451 27174 8068
452 27216 7806
453 27238 42362
454 27302 20112
455 27316 13412
456 27412 766
457 27422 47276
458 27504 24510
459 27526 34768
460 27578 4804
461 27580 490
462 27586 13048
463 27692 18102
464 27710 29746
465 27722 42104
466 27740 37086
467 27772 17718
468 27800 5314
469 27956 1682
470 27956 47200
471 28048 24372
472 28256 12736
473 28330 16458
474 28416 43184
475 28464 37092
476 28468 28016
477 28476 10078
478 28526 28662
479 28582 16978
480 28660 31702
481 28736 44300
482 28754 3078
483 28786 2446
484 28816 41528
485 28820 37046
486 28842 38746
487 28870 42400
488 28890 21278
489 29158 4526
490 29184 15788
491 29188 442
492 29216 21730
493 29330 3224
494 29602 4202
495 29654 39192
496 29678 14198
497 29784 13342
498 29792 36972
499 29974 35778
500 29982 24088
501 30290 14778
502 30344 25370
503 30430 47016
504 30436 15668
505 30486 21050
506 30562 3244
507 30608 7948
508 30668 23910
509 30706 2180
510 30718 12914
511 30772 17348
512 30774 26854
513 30780 3878
514 30818 18904
515 30858 24858
516 30966 15240
517 30976 37722
518 31054 44766
519 31114 19060
520 31242 13882
521 31288 18692
522 31384 29722
523 31608 4560
524 31658 24754
525 31722 232
526 31788 39620
527 31836 14418
528 31838 32248
529 31850 31058
530 31946 25892
531 31994 6754
532 32024 9034
533 32042 38826
534 32132 24358
535 32182 37194
536 32242 47250
537 32254 32608
538 32306 22256
539 32316 31488
540 32392 6704
541 32454 39830
542 32480 5634
543 32616 15904
544 32684 39060
545 32690 1904
546 32842 17768
547 32868 5200
548 32898 34540
549 32978 29654
550 32996 14442
551 33034 17370
552 33042 5074
553 33066 27294
554 33076 11188
555 33160 29944
556 33304 7942
557 33312 29384
558 33346 44344
559 33356 6260
560 33378 4060
561 33400 5406
562 33406 17052
563 33408 29568
564 33490 16532
565 33510 6402
566 33512 31396
567 33530 2468
568 33550 1638
569 33654 19024
570 33730 6992
571 33798 15498
572 33804 9420
573 33818 37564
574 33846 45978
575 33890 23052
576 33918 46982
577 34004 36270
578 34024 39208
579 34026 30642
580 34122 23546
581 34176 42238
582 34220 2212
583 34226 10886
584 34256 2264
585 34258 19734
586 34296 6664
587 34338 20800
588 34486 27874
589 34494 33908
590 34516 32790
591 34534 16628
592 34598 44900
593 34622 13280
594 34730 28638
595 34740 10048
596 34750 38394
597 34914 27520
598 35146 234
599 35170 15412
600 35188 41994
601 35236 42818
602 35304 1782
603 35356 43996
604 35364 27438
605 35442 29334
606 35608 25612
607 35612 32390
608 35714 41896
609 35796 10106
610 35974 22078
611 35974 47768
612 36024 33104
613 36040 31720
614 36042 44250
615 36128 34856
616 36204 1890
617 36270 47710
618 36400 45986
619 36412 22062
620 36426 19364
621 36432 33480
622 36496 23908
623 36700 17298
624 36748 14404
625 36748 25118
626 36754 13974
627 36788 16968
628 36966 19554
629 36974 10916
630 37002 29176
631 37102 14122
632 37212 40816
633 37244 30450
634 37400 20392
635 37508 24338
636 37578 26574
637 37662 5600
638 37662 42052
639 37676 24548
640 37902 16268
641 37912 36388
642 37964 13208
643 37970 41220
644 37992 30180
645 38024 6672
646 38178 32042
647 38186 47958
648 38304 34346
649 38316 19254
650 38402 44748
651 38426 41914
652 38446 42398
653 38450 36716
654 38516 27860
655 38522 31964
656 38646 39178
657 38708 9810
658 38728 2082
659 38822 7380
660 38860 3680
661 39016 43824
662 39020 12758
663 39028 35420
664 39044 13266
665 39068 47694
666 39084 3564
667 39116 27534
668 39120 1532
669 39214 40626
670 39318 37942
671 39350 13066
672 39370 37904
673 39374 33218
674 39388 22648
675 39416 8514
676 39484 2770
677 39634 5758
678 39666 6004
679 39672 6802
680 39734 6606
681 39744 39536
682 40052 44350
683 40242 1872
684 40328 20814
685 40374 47756
686 40428 24522
687 40546 6340
688 40560 24232
689 40580 20764
690 40602 16392
691 40768 28028
692 40842 18968
693 40850 9768
694 40976 42020
695 40998 37536
696 41028 29414
697 41040 30898
698 41064 42332
699 41066 13774
700 41086 45942
701 41232 39176
702 41238 5666
703 41262 18602
704 41262 40748
705 41272 25108
706 41284 11882
707 41366 27890
708 41438 25942
709 41460 5298
710 41502 10640
711 41636 36802
712 41652 38602
713 41904 23072
714 41972 30098
715 41984 24836
716 42058 40344
717 42124 11246
718 42188 2520
719 42244 46470
720 42272 27286
721 42282 8274
722 42284 27692
723 42358 19724
724 42458 15472
725 42560 21094
726 42794 27896
727 43058 43378
728 43226 8484
729 43246 34658
730 43306 13810
731 43346 12006
732 43388 14768
733 43396 19968
734 43424 19778
735 43540 41238
736 43570 13278
737 43618 31528
738 43720 33652
739 43856 17740
740 43856 47852
741 43926 36062
742 43952 45344
743 44046 3482
744 44062 16816
745 44160 3964
746 44160 5286
747 44212 16142
748 44348 29546
749 44438 35072
750 44452 15072
751 44454 10702
752 44460 38978
753 44480 44322
754 44640 35592
755 44696 16268
756 45102 47986
757 45182 47650
758 45260 1328
759 45426 26074
760 45436 20370
761 45462 8774
762 45704 29206
763 45820 8694
764 45882 15568
765 45974 38570
766 46008 600
767 46064 18176
768 46100 31990
769 46104 35882
770 46194 26528
771 46226 2876
772 46262 44578
773 46292 36188
774 46316 40946
775 46446 32866
776 46462 9346
777 46468 37718
778 46472 13622
779 46698 41650
780 46708 34186
781 46724 5786
782 46726 9768
783 46752 18080
784 46786 4278
785 46790 15650
786 46802 8382
787 46954 13830
788 46980 20546
789 47072 1316
790 47072 31026
791 47146 18036
792 47326 7568
793 47366 35360
794 47394 46016
795 47564 45102
796 47594 20866
797 47596 28138
798 47686 24240
799 47856 42264
3 1 7 2 
4 12 0 3 18 
3 3 0 6 
4 1 2 4 10 
3 3 9 5 
3 4 9 11 
3 2 8 9 
3 8 0 14 
4 16 9 6 7 
5 11 5 4 6 8 
3 18 3 11 
4 10 5 9 13 
5 147 174 1 85 176 
3 17 11 15 
4 21 19 7 44 
3 27 13 26 
3 31 26 8 
3 20 22 13 
5 1 10 23 47 84 
3 42 28 14 
3 25 17 32 
3 48 14 110 
3 23 17 24 
4 18 22 29 46 
3 22 25 30 
3 24 20 34 
3 33 15 16 
3 32 15 33 
3 39 31 19 
3 41 23 30 
4 37 29 24 34 
3 40 16 28 
3 35 20 27 
3 27 26 40 
3 30 25 36 
3 38 32 63 
3 51 34 38 
3 61 30 51 
3 36 35 43 
3 53 28 45 
3 50 33 31 
4 49 29 59 56 
4 62 45 19 48 
3 58 38 72 
2 14 141 
3 52 39 42 
3 47 23 49 
3 18 46 60 
5 123 132 69 42 21 
3 55 46 41 
4 66 40 53 78 
3 37 36 57 
3 54 45 62 
3 50 39 54 
3 53 52 64 
3 86 60 49 
3 41 90 65 
3 51 58 79 
3 57 43 79 
3 41 75 80 
3 84 47 55 
3 88 75 37 
3 52 42 68 
3 35 66 74 
3 54 68 73 
3 67 56 91 
3 71 63 50 
4 93 86 65 70 
3 64 62 69 
3 104 68 48 
3 120 67 102 
3 87 66 100 
3 82 43 76 
3 64 109 77 
5 98 76 63 87 138 
3 59 61 88 
3 83 72 74 
3 81 73 109 
4 121 100 50 81 
3 57 58 92 
3 59 101 90 
3 78 77 111 
3 96 92 72 
3 103 89 76 
3 18 60 94 
3 126 12 99 
3 94 55 67 
3 74 71 95 
3 75 61 106 
3 114 96 83 
4 91 56 80 114 
3 65 90 105 
3 106 79 82 
3 118 97 67 
4 115 84 86 97 
3 87 119 143 
3 114 82 89 
3 94 93 118 
3 150 117 74 
5 179 227 126 85 115 
3 113 71 78 
3 80 106 114 
3 152 70 107 
3 117 108 83 
3 164 109 69 
3 107 91 135 
4 114 101 88 92 
3 116 102 105 
3 128 112 103 
7 178 187 125 111 77 73 104 
3 136 21 122 
3 127 81 109 
3 144 114 108 
3 137 119 100 
9 133 90 101 106 96 89 112 159 160 
3 163 99 94 
3 134 107 124 
3 140 103 98 
3 139 97 93 
3 143 95 113 
3 148 70 157 
3 155 145 78 
3 136 110 141 
4 173 167 132 48 
3 129 116 131 
3 199 127 109 
3 176 85 99 
3 155 111 125 
3 142 108 130 
3 169 134 124 
3 175 128 140 
3 158 124 135 
4 154 161 48 123 
3 226 135 114 
3 152 116 129 
4 168 131 105 133 
3 188 110 122 
3 185 113 153 
3 193 74 146 
3 172 118 148 
3 182 130 117 
3 122 44 212 
3 149 144 128 
3 146 95 119 
3 149 112 142 
3 156 151 121 
3 185 138 143 
4 392 174 12 311 
3 194 139 120 
3 159 144 142 
3 165 98 191 
3 181 153 145 
3 157 102 134 
3 190 137 151 
3 161 132 162 
3 186 121 127 
3 186 181 145 
3 192 120 152 
3 196 169 131 
4 160 114 149 175 
3 195 114 159 
4 164 132 154 177 
3 171 154 166 
3 179 115 172 
3 170 104 161 
3 208 184 150 
3 171 162 167 
3 166 123 173 
3 268 203 135 
3 196 129 158 
3 180 178 164 
4 177 162 166 183 
4 163 139 200 240 
4 207 167 123 188 
3 756 12 147 
3 201 159 130 
3 314 12 126 
3 189 161 171 
3 210 109 170 
3 227 99 163 
3 241 170 197 
3 190 151 156 
4 214 205 140 202 
4 189 171 207 230 
3 206 165 208 
3 217 146 137 
3 232 156 155 
4 223 199 109 210 
3 266 173 136 
3 204 177 183 
3 224 153 181 
3 208 150 193 
3 194 157 198 
3 191 138 217 
3 200 148 192 
3 220 160 201 
4 198 169 158 213 
3 180 204 233 
3 219 192 196 
3 235 125 187 
3 218 172 194 
3 195 175 205 
4 259 248 182 206 
5 249 215 211 168 237 
3 197 189 247 
3 201 182 209 
4 202 184 208 229 
3 183 173 221 
5 206 184 165 191 216 
3 222 205 214 
3 253 187 178 
3 213 203 215 
4 598 525 282 141 
3 196 211 245 
3 231 209 182 
3 245 211 203 
3 225 208 217 
5 216 193 185 224 228 
3 244 200 219 
3 218 198 238 
3 226 195 222 
3 234 207 266 
3 220 209 236 
3 235 187 280 
3 217 190 232 
3 229 216 257 
3 243 133 220 
4 314 99 179 250 
3 217 232 261 
3 246 206 225 
3 251 183 234 
3 239 214 265 
4 228 224 186 242 
3 275 197 256 
3 252 230 221 
4 242 199 223 260 
3 254 222 239 
3 249 203 268 
3 219 292 276 
3 254 236 231 
3 262 172 244 
3 253 180 269 
3 232 235 274 
3 271 270 226 
3 240 218 272 
3 213 215 292 
4 267 229 255 258 
4 288 256 204 264 
3 277 265 202 
3 309 203 237 
3 227 262 263 
3 264 230 252 
3 251 234 293 
3 280 210 241 
3 300 236 239 
3 246 257 294 
3 306 233 247 
4 255 225 261 289 
3 246 301 317 
3 285 202 267 
3 274 235 297 
3 257 228 286 
3 250 240 279 
4 250 304 283 327 
3 288 247 251 
4 287 231 248 277 
4 293 221 188 299 
3 259 246 303 
3 278 237 168 
3 241 275 273 
3 319 278 243 
3 340 319 243 
3 279 244 276 
3 284 269 275 
3 242 260 315 
4 305 273 269 233 
3 272 238 309 
3 291 265 248 
3 309 268 270 
3 262 272 307 
4 297 223 253 281 
3 280 284 296 
7 461 353 349 316 320 299 212 
3 263 304 327 
3 295 281 273 
3 291 259 312 
3 290 261 315 
3 358 302 265 
3 325 247 264 
4 294 257 290 322 
5 289 286 298 337 352 
3 308 277 285 
3 238 245 309 
3 310 252 266 
3 301 255 289 
3 296 284 323 
3 281 295 345 
3 315 260 280 
3 290 313 328 
3 330 266 282 
3 334 254 302 
3 258 294 346 
3 333 300 287 
3 312 267 329 
4 283 263 347 373 
3 323 275 306 
3 351 305 256 
3 279 341 342 
3 406 291 339 
5 326 276 292 249 278 
4 376 318 324 293 
3 392 147 331 
3 285 303 344 
3 298 321 332 
3 331 176 227 
4 286 274 297 321 
3 427 320 282 
3 365 258 356 
4 368 348 355 310 
3 369 270 271 
3 330 282 316 
3 313 315 345 
3 343 289 374 
3 351 295 305 
3 363 325 310 
3 367 288 324 
3 369 338 309 
3 263 283 362 
3 298 332 337 
3 344 303 365 
3 379 299 320 
4 311 314 336 457 
4 328 313 367 387 
3 335 302 350 
3 340 300 335 
3 340 334 333 
3 331 362 370 
3 290 328 371 
3 384 341 326 
3 386 308 360 
4 354 271 334 335 
3 357 307 338 
3 347 307 357 
3 346 322 407 
3 312 329 361 
3 321 296 359 
3 301 343 380 
3 373 304 342 
3 391 355 318 
3 469 282 353 
3 372 333 366 
3 359 323 306 
3 374 290 371 
4 447 433 349 282 
3 369 340 372 
3 383 318 348 
3 365 317 380 
3 385 342 341 
3 412 366 287 
3 367 345 351 
3 339 364 401 
3 364 344 390 
4 377 336 327 399 
3 383 375 324 
3 360 361 415 
4 329 317 356 390 
3 350 358 412 
4 332 359 325 378 
3 391 318 376 
6 408 326 319 354 388 394 
3 429 336 377 
3 352 337 396 
3 381 354 350 
3 399 304 347 
3 322 352 395 
3 378 363 383 
3 368 310 379 
3 428 370 362 
3 367 375 382 
3 389 376 330 
4 393 356 346 442 
3 398 372 418 
3 378 440 397 
5 375 363 355 391 439 
3 385 338 404 
4 409 357 384 404 
3 405 339 400 
3 396 332 397 
3 369 398 437 
3 422 379 438 
3 361 365 415 
4 383 348 368 422 
3 647 147 311 
3 414 380 416 
3 369 431 432 
4 407 374 423 411 
3 371 387 403 
3 387 382 425 
3 388 381 418 
3 409 362 373 
3 386 402 421 
3 360 417 402 
3 400 401 417 
3 410 396 425 
3 385 384 420 
3 406 386 421 
3 413 308 405 
3 343 395 467 
3 419 369 435 
4 424 399 385 453 
3 423 403 462 
3 395 443 473 
4 418 366 358 413 
3 441 412 406 
3 415 393 416 
4 417 364 390 414 
3 414 393 430 
4 402 401 415 445 
4 398 381 412 426 
3 420 408 434 
3 446 404 419 
3 405 400 436 
3 391 389 449 
3 395 410 443 
3 428 409 474 
3 403 397 451 
3 418 441 480 
3 483 448 316 
3 429 377 424 
3 457 370 428 
3 454 416 442 
3 432 394 437 
3 435 394 431 
3 545 353 456 
3 486 419 444 
5 408 432 459 466 444 
3 421 445 458 
4 431 388 537 459 
3 450 389 448 
3 440 383 449 
3 452 382 439 
3 426 413 464 
3 430 380 463 
3 411 423 455 
3 434 435 475 
3 436 417 454 
3 453 420 495 
3 456 353 461 
3 482 438 427 
3 439 422 450 
3 449 438 460 
3 477 425 452 
3 451 440 468 
3 409 446 465 
4 505 488 445 430 
3 443 462 497 
3 568 433 447 
4 611 331 429 470 
3 436 492 471 
3 435 437 590 
3 468 450 482 
3 447 282 491 
3 455 410 472 
3 514 442 467 
3 480 441 478 
3 453 526 484 
3 475 435 499 
4 521 463 407 479 
3 452 460 489 
3 509 483 349 
3 457 481 503 
3 476 458 492 
3 462 477 554 
3 479 411 490 
3 481 424 487 
3 444 466 485 
3 522 478 471 
4 472 451 507 532 
3 529 464 476 
3 511 467 473 
3 528 426 464 
3 518 470 474 
3 493 460 448 
3 506 427 469 
3 487 465 526 
3 475 589 498 
3 495 434 517 
3 474 484 541 
3 538 492 454 
3 542 468 494 
3 473 496 504 
3 602 461 525 
6 538 500 502 471 458 488 
4 506 513 494 482 
3 523 489 493 
3 446 486 533 
3 501 490 497 
3 496 455 510 
3 517 485 621 
3 466 590 548 
5 515 557 502 492 508 
3 504 496 520 
3 512 492 500 
3 536 470 518 
4 564 490 501 516 
3 538 454 519 
4 513 493 483 509 
4 477 542 531 540 
3 534 500 538 
3 567 506 469 
3 520 497 583 
3 551 546 479 
3 549 522 502 
3 523 493 506 
3 519 463 521 
3 530 500 524 
3 543 504 527 
3 486 498 535 
3 503 481 558 
3 505 514 569 
3 527 501 510 
3 569 514 467 
3 529 476 512 
3 547 494 513 
3 530 515 534 
3 598 491 212 
3 484 465 544 
3 550 516 520 
3 537 480 539 
3 539 478 522 
4 588 553 515 524 
3 507 552 540 
3 572 477 556 
3 544 495 535 
3 524 508 575 
3 533 517 577 
3 611 503 576 
3 590 437 528 
5 508 492 488 505 587 
3 528 529 566 
3 507 531 559 
3 487 544 578 
3 507 489 547 
3 564 516 571 
4 541 526 533 573 
3 582 433 568 
3 569 511 551 
3 542 523 552 
3 499 612 589 
3 555 512 563 
3 571 527 593 
3 546 511 562 
4 561 531 547 560 
3 594 557 530 
3 472 595 583 
3 579 566 549 
3 572 532 570 
3 563 500 553 
3 574 518 581 
3 565 540 561 
3 552 567 660 
3 637 559 552 
3 551 564 591 
3 579 549 557 
4 591 562 504 543 
3 586 570 559 
3 590 539 555 
3 560 509 584 
3 602 545 456 
4 585 519 521 546 
3 556 565 586 
3 543 550 599 
3 595 532 556 
3 596 544 577 
3 576 558 592 
3 580 534 628 
3 611 536 574 
3 573 535 615 
3 581 541 596 
3 607 555 563 
3 588 575 610 
3 558 578 600 
3 584 545 616 
3 510 554 609 
3 676 567 582 
3 587 569 591 
3 645 570 565 
3 538 585 620 
4 594 530 580 597 
3 485 548 612 
5 499 459 537 566 607 
4 585 562 564 599 
3 574 601 603 
3 626 550 629 
3 605 553 588 
3 609 554 572 
3 578 573 641 
3 588 606 604 
4 766 668 525 212 
3 591 571 624 
4 601 581 632 608 
3 592 600 608 
3 616 568 491 
3 614 592 632 
3 630 597 636 
3 633 613 594 
4 597 619 622 625 
4 612 590 579 613 
3 601 600 632 
4 629 583 595 657 
3 580 634 619 
5 647 457 536 576 617 
4 589 548 607 646 
3 607 605 633 
3 618 603 638 
4 577 621 655 648 
3 658 582 602 
4 685 611 618 665 
3 617 614 650 
3 606 610 634 
3 628 587 623 
3 615 498 646 
3 635 606 634 
3 620 624 627 
3 623 599 631 
3 636 606 639 
3 631 593 642 
4 623 631 664 640 
3 575 620 690 
3 593 609 657 
3 633 604 654 
4 627 624 626 664 
4 603 608 600 656 
5 646 613 605 630 644 
4 622 619 610 649 
3 639 622 674 
4 654 604 625 705 
3 702 677 561 
3 652 614 643 
3 625 635 686 
3 690 627 699 
3 653 596 663 
3 626 657 662 
3 651 638 656 
3 633 691 696 
3 659 586 678 
4 621 612 633 655 
3 756 392 611 
3 663 615 673 
3 634 690 692 
3 618 661 682 
3 652 643 669 
4 661 638 651 669 
4 695 672 670 641 
3 630 636 667 
3 615 646 697 
3 643 632 670 
4 642 629 609 675 
3 676 616 668 
3 675 645 679 
3 709 560 666 
3 650 652 694 
3 664 642 693 
3 711 641 648 
4 627 631 662 671 
3 685 617 700 
3 745 660 676 
3 691 654 708 
3 683 658 598 
3 652 651 681 
3 656 653 672 
3 664 710 706 
4 701 681 670 653 
3 729 648 697 
3 688 635 684 
3 693 657 659 
4 745 666 584 658 
3 781 678 637 
4 687 680 645 677 
3 721 659 680 
3 679 678 687 
3 704 669 672 
3 700 650 698 
3 718 668 758 
3 674 692 689 
3 740 617 665 
3 705 639 688 
3 786 680 678 
3 686 674 713 
3 725 684 723 
4 649 628 640 724 
3 644 667 707 
3 684 649 703 
3 662 675 721 
3 698 661 704 
3 712 653 711 
3 714 644 726 
3 673 655 714 
3 727 682 694 
3 730 640 706 
3 719 665 682 
3 716 672 712 
3 781 637 709 
3 692 724 744 
3 694 681 716 
3 636 686 715 
3 699 671 717 
3 691 720 722 
3 720 667 715 
3 702 660 746 
3 717 671 728 
3 695 663 741 
3 752 701 695 
3 715 688 725 
4 737 697 696 748 
4 708 705 713 760 
3 735 704 701 
3 731 706 710 
3 771 743 683 
3 740 700 742 
3 707 708 759 
3 728 693 679 
3 726 707 770 
3 734 689 739 
3 703 690 732 
3 713 689 733 
3 696 722 770 
3 753 698 735 
3 761 710 721 
3 741 673 738 
4 732 699 731 736 
3 730 717 751 
3 747 724 730 
3 725 734 767 
4 733 723 739 744 
3 727 716 774 
3 750 730 751 
3 738 714 748 
4 749 729 737 768 
3 734 723 744 
3 756 685 719 
4 752 711 729 754 
3 757 719 753 
3 784 745 718 
4 734 739 703 747 
4 784 666 676 743 
3 781 709 784 
3 755 744 732 
3 737 714 762 
3 769 754 738 
4 764 755 736 776 
3 736 731 761 
3 774 712 741 
3 772 742 727 
3 765 741 749 
3 767 747 750 
5 174 647 740 757 794 
3 756 742 794 
3 683 766 789 
3 770 720 798 
3 788 715 791 
3 751 728 763 
3 768 748 770 
3 776 761 786 
3 783 750 778 
3 774 754 773 
3 789 758 598 
3 733 755 783 
3 775 738 762 
3 773 749 775 
5 762 726 722 759 798 
3 784 718 789 
3 794 753 779 
4 777 765 769 780 
4 779 735 752 765 
3 769 768 790 
3 750 763 786 
3 779 773 780 
3 785 764 782 
4 794 772 774 777 
3 777 773 790 
5 786 677 702 746 784 
3 785 778 786 
3 767 764 791 
6 781 746 745 743 771 789 
4 791 778 782 787 
7 791 787 782 776 763 687 781 
3 791 785 786 
3 798 760 791 
5 792 784 771 758 766 
4 793 780 775 797 
7 796 788 760 783 785 787 786 
3 798 796 789 
3 794 790 797 
7 756 757 772 779 793 797 795 
2 794 799 
3 798 791 792 
4 794 793 790 798 
7 799 797 770 759 788 796 792 
2 795 798 
