25
0 12 248
1 112 1016
2 288 618
3 290 492
4 332 318
5 384 966
6 466 942
7 510 1442
8 556 592
9 572 296
10 594 1058
11 600 594
12 722 1336
13 936 1032
14 954 168
15 992 1186
16 1072 1010
17 1098 426
18 1098 714
19 1112 1466
20 1128 870
21 1202 408
22 1250 70
23 1336 1364
24 1470 1156
6 4 3 2 1 22 14 
2 7 0 
3 5 0 3 
3 8 2 0 
3 11 0 9 
3 7 2 6 
3 10 5 8 
4 19 1 5 12 
4 11 13 6 3 
3 17 4 14 
3 15 12 6 
3 18 8 4 
3 19 7 10 
3 15 8 16 
3 9 0 22 
3 19 10 13 
3 19 13 20 
3 18 9 22 
3 20 11 17 
7 7 12 15 16 20 21 23 
4 19 16 18 21 
3 19 20 22 
5 24 21 17 14 0 
2 19 24 
2 23 22 
