70
0 10 778
1 46 2322
2 156 420
3 180 2460
4 238 648
5 268 1600
6 366 3096
7 598 1212
8 674 3914
9 766 2
10 784 1396
11 796 106
12 852 1180
13 984 3176
14 1010 964
15 1034 540
16 1064 782
17 1072 2334
18 1188 732
19 1226 3030
20 1272 944
21 1446 222
22 1520 454
23 1526 2706
24 1566 3232
25 1808 2714
26 1914 1970
27 2002 978
28 2038 1330
29 2080 1850
30 2104 1044
31 2110 3454
32 2142 932
33 2174 2582
34 2326 880
35 2422 3878
36 2606 1394
37 2612 3822
38 2650 3206
39 2666 4122
40 2784 3268
41 2888 2058
42 2918 1082
43 2986 1024
44 3068 1638
45 3070 2316
46 3086 4158
47 3100 1262
48 3140 732
49 3202 3906
50 3242 3270
51 3350 1622
52 3468 2128
53 3474 2352
54 3522 2502
55 3556 4050
56 3580 2804
57 3636 1864
58 3666 1868
59 3690 3334
60 3716 4128
61 3736 3428
62 3914 3768
63 3970 3044
64 3994 212
65 4080 1906
66 4100 2106
67 4110 1138
68 4118 54
69 4146 3072
2 1 2 
4 3 6 8 0 
4 4 0 9 11 
3 6 1 5 
4 12 7 5 2 
3 3 4 7 
3 8 1 3 
3 10 5 4 
4 39 1 6 13 
4 68 21 11 2 
3 17 7 12 
3 15 2 9 
3 10 4 14 
3 8 17 19 
3 12 16 20 
3 18 16 11 
3 20 14 15 
3 13 10 28 
3 20 15 22 
4 24 13 23 25 
4 27 14 16 18 
3 48 22 9 
4 34 32 18 21 
5 25 19 26 29 36 
3 31 35 19 
3 19 23 33 
3 23 28 29 
3 30 20 32 
3 26 17 30 
3 23 26 36 
3 42 28 27 
4 35 24 33 38 
3 27 22 34 
3 31 25 41 
3 42 32 22 
4 39 24 31 37 
3 23 29 42 
3 49 35 40 
3 40 31 45 
3 46 8 35 
3 50 37 38 
3 45 33 44 
4 36 30 34 43 
3 47 42 48 
4 52 41 47 51 
3 53 38 41 
2 39 60 
3 51 44 43 
3 43 21 64 
3 55 37 61 
3 59 40 56 
3 57 44 47 
4 53 44 57 58 
3 54 45 52 
3 63 56 53 
3 60 49 61 
3 59 50 54 
3 58 52 51 
3 65 52 57 
3 61 50 56 
3 46 55 62 
4 55 49 59 63 
2 60 69 
3 69 61 54 
3 65 48 68 
3 66 58 64 
3 69 65 67 
3 69 66 68 
4 69 67 64 9 
5 62 63 66 67 68 
