900
0 14 30640
1 138 27190
2 142 39154
3 174 29170
4 260 45228
5 470 53206
6 600 45672
7 606 32932
8 680 15660
9 752 31734
10 756 28916
11 794 2976
12 920 30644
13 928 35922
14 1058 5038
15 1076 10486
16 1190 6306
17 1236 18002
18 1248 33064
19 1344 21452
20 1360 38926
21 1488 392
22 1508 48112
23 1598 47714
24 1630 21922
25 1678 37218
26 1828 31136
27 1922 15608
28 1926 2520
29 1968 1664
30 2006 32824
31 2054 37526
32 2092 17056
33 2222 21420
34 2430 35216
35 2432 49282
36 2452 28678
37 2504 41128
38 2528 9142
39 2534 47902
40 2720 9708
41 2720 14410
42 2810 29988
43 2926 14524
44 2988 42888
45 3002 4986
46 3052 5760
47 3080 48580
48 3090 2054
49 3222 21276
50 3222 40554
51 3306 12964
52 3354 18712
53 3390 25278
54 3510 47156
55 3620 25902
56 3676 45870
57 3734 27262
58 3834 20162
59 3882 20068
60 3888 34212
61 3970 27298
62 4170 46200
63 4218 44546
64 4332 16708
65 4372 30118
66 4382 27562
67 4418 46044
68 4432 39648
69 4504 39666
70 4572 7100
71 4592 33044
72 4644 36954
73 4714 34252
74 4732 19230
75 4740 19010
76 4818 22124
77 4846 1664
78 4922 1616
79 5076 40292
80 5082 2530
81 5104 14932
82 5122 29292
83 5184 41566
84 5214 24154
85 5240 21022
86 5320 8012
87 5392 11372
88 5438 39922
89 5460 10170
90 5496 7238
91 5662 34872
92 5686 21664
93 5768 52304
94 5870 37298
95 5886 28680
96 5920 50374
97 5924 45534
98 5956 43020
99 5964 45852
100 6014 36694
101 6052 31936
102 6176 4794
103 6190 32706
104 6212 2266
105 6300 10796
106 6368 37306
107 6514 11152
108 6566 17628
109 6568 9254
110 6620 13472
111 6730 21740
112 6738 13640
113 6754 22634
114 7008 7016
115 7026 39512
116 7060 41098
117 7132 25352
118 7162 42404
119 7166 15008
120 7238 32884
121 7342 39570
122 7344 31244
123 7346 1620
124 7472 4436
125 7542 23044
126 7564 42326
127 7662 37200
128 7738 4212
129 7974 3370
130 8080 39508
131 8100 27020
132 8152 7090
133 8158 2504
134 8196 29490
135 8290 26608
136 8324 48904
137 8336 6862
138 8378 40516
139 8436 37652
140 8452 12262
141 8624 26684
142 8636 3832
143 8690 14236
144 8858 52260
145 8872 742
146 8974 22898
147 9006 35502
148 9014 50146
149 9048 44104
150 9076 14766
151 9098 38554
152 9282 48804
153 9402 31960
154 9622 43756
155 9634 41104
156 9648 51596
157 9698 41472
158 9706 1386
159 9764 48074
160 9878 19880
161 9888 10858
162 9914 24958
163 9968 8112
164 10036 34104
165 10084 25948
166 10138 40046
167 10142 40120
168 10186 42422
169 10270 48788
170 10332 40614
171 10568 31426
172 10576 46956
173 10586 6648
174 10760 39576
175 10768 38002
176 10862 50640
177 10866 38274
178 10960 24870
179 10988 26548
180 11078 4678
181 11078 9330
182 11306 43092
183 11374 47786
184 11404 11442
185 11484 20888
186 11494 3026
187 11582 7594
188 11594 9348
189 11606 5198
190 11876 16876
191 11890 46610
192 11918 1790
193 11946 4774
194 11948 42024
195 12150 20740
196 12190 31004
197 12200 42210
198 12218 28936
199 12244 7118
200 12296 39996
201 12300 39690
202 12342 50720
203 12558 39826
204 12754 7332
205 12784 49156
206 12824 16766
207 12854 1292
208 12870 35554
209 13150 32118
210 13244 12398
211 13282 41404
212 13322 23212
213 13402 41148
214 13506 14062
215 13566 20952
216 13634 45800
217 13696 53832
218 13832 3392
219 13880 8664
220 13912 9074
221 14032 50752
222 14046 14484
223 14168 35348
224 14198 41990
225 14364 41348
226 14454 4468
227 14484 48600
228 14508 46762
229 14520 24166
230 14524 32058
231 14698 46064
232 14720 7098
233 14790 25050
234 14892 31232
235 14902 11102
236 14962 40248
237 14982 10682
238 15008 50730
239 15030 36512
240 15040 49700
241 15068 9782
242 15068 50872
243 15094 18674
244 15124 47084
245 15150 41294
246 15182 13676
247 15206 9704
248 15218 24792
249 15290 36490
250 15294 31338
251 15394 45512
252 15502 25744
253 15524 36770
254 15602 16124
255 15616 20954
256 15618 31078
257 15762 13310
258 15814 50584
259 15866 18758
260 15982 24026
261 16028 26232
262 16100 12448
263 16100 51838
264 16134 24168
265 16164 202
266 16212 28408
267 16214 42010
268 16234 9320
269 16258 41576
270 16514 26906
271 16536 33946
272 16660 30272
273 16746 30574
274 16778 39254
275 16810 21108
276 16822 35304
277 16852 36966
278 16942 30686
279 17002 18098
280 17010 47512
281 17170 53692
282 17182 43102
283 17374 25216
284 17468 14660
285 17542 9172
286 17588 24936
287 17618 5562
288 17682 372
289 17758 50618
290 17770 26052
291 17800 9374
292 17802 19892
293 17836 41198
294 17906 20882
295 17932 30310
296 17954 42856
297 17956 43612
298 17996 35818
299 18002 34794
300 18110 49876
301 18140 8448
302 18146 2294
303 18162 3070
304 18194 16012
305 18334 24482
306 18342 4386
307 18528 32524
308 18578 31332
309 18626 51592
310 18678 1072
311 18702 29892
312 18766 12148
313 18784 17308
314 18814 11216
315 18830 31846
316 18836 32558
317 19028 35264
318 19046 22936
319 19058 22108
320 19198 42094
321 19284 13660
322 19296 3302
323 19302 33884
324 19344 47434
325 19392 11734
326 19400 6926
327 19514 40202
328 19580 50620
329 19592 14146
330 19694 40520
331 19710 17916
332 19754 37814
333 19814 53492
334 19832 12436
335 19890 27122
336 19908 11350
337 19924 19752
338 19976 20200
339 20074 10946
340 20138 39110
341 20224 27498
342 20232 32154
343 20248 3668
344 20320 42914
345 20328 29138
346 20460 46076
347 20468 46096
348 20470 52056
349 20476 41758
350 20620 19910
351 20764 27602
352 20878 36490
353 20894 12534
354 20908 19384
355 21016 14358
356 21122 37956
357 21190 41010
358 21212 10448
359 21216 2784
360 21306 25414
361 21352 46178
362 21386 52356
363 21424 5854
364 21480 42376
365 21508 13996
366 21592 49878
367 21762 30756
368 21792 27206
369 21842 29594
370 21844 11352
371 21862 50504
372 21882 24164
373 21984 5902
374 22072 33450
375 22170 18600
376 22210 19540
377 22242 42018
378 22320 688
379 22348 14772
380 22370 43170
381 22554 36696
382 22582 38478
383 22588 12788
384 22726 1936
385 22926 8752
386 22976 38002
387 23064 18556
388 23134 50660
389 23202 33828
390 23298 34914
391 23360 5752
392 23366 45314
393 23388 24554
394 23454 14156
395 23724 6390
396 23726 7936
397 23830 30630
398 23842 12878
399 24062 38454
400 24192 8002
401 24192 20890
402 24228 38932
403 24252 5832
404 24342 34156
405 24382 11314
406 24428 43756
407 24484 16064
408 24568 19034
409 24642 44424
410 24654 8860
411 24706 24368
412 24816 27102
413 24856 12566
414 24892 42376
415 24984 24956
416 25056 20902
417 25080 12090
418 25104 31152
419 25124 35760
420 25372 11068
421 25424 33274
422 25448 7252
423 25460 37182
424 25504 17618
425 25622 50942
426 25626 48570
427 25712 16162
428 25724 17930
429 25768 18956
430 25820 52852
431 25854 26080
432 25966 7880
433 25988 24146
434 26050 51828
435 26066 39374
436 26130 12016
437 26130 34640
438 26136 47184
439 26240 26312
440 26264 15624
441 26400 5328
442 26580 11804
443 26582 49050
444 26634 28726
445 26754 36468
446 26808 16210
447 26978 36748
448 27104 8864
449 27200 49364
450 27224 582
451 27228 53438
452 27268 9632
453 27292 39014
454 27392 648
455 27398 7830
456 27522 27842
457 27554 49032
458 27672 22564
459 27684 34984
460 27702 29248
461 28008 41522
462 28080 38594
463 28122 42444
464 28226 30650
465 28270 51444
466 28286 19204
467 28384 51294
468 28388 48832
469 28422 23828
470 28488 12628
471 28502 21304
472 28674 8174
473 28796 14882
474 28806 14762
475 28820 23674
476 28860 3036
477 28942 35848
478 28952 29154
479 28974 38796
480 29042 4148
481 29062 49462
482 29146 15676
483 29194 20312
484 29354 27412
485 29418 1862
486 29526 3442
487 29548 32700
488 29634 3654
489 29654 25070
490 29678 45634
491 29712 5330
492 29788 33936
493 29846 9606
494 29888 15628
495 29896 46494
496 29902 41618
497 29916 30536
498 29922 22270
499 30006 29240
500 30176 18202
501 30376 47624
502 30382 15600
503 30418 47392
504 30430 45158
505 30494 14374
506 30526 38412
507 30618 20338
508 30724 10000
509 30742 34750
510 30762 19140
511 30940 7172
512 31086 51132
513 31108 21856
514 31118 6864
515 31122 8736
516 31150 29742
517 31176 15446
518 31188 33764
519 31244 49360
520 31248 15222
521 31258 36104
522 31272 35330
523 31298 15056
524 31322 49538
525 31334 29244
526 31350 32746
527 31446 2048
528 31448 25952
529 31630 43020
530 31730 240
531 31748 44036
532 31916 49074
533 31958 53522
534 32184 48828
535 32248 19946
536 32328 32908
537 32402 48906
538 32464 20356
539 32512 10132
540 32514 31932
541 32542 15864
542 32588 11964
543 32692 18930
544 32856 29652
545 32886 2360
546 32952 51466
547 33318 7766
548 33350 3370
549 33366 3434
550 33374 4676
551 33654 8206
552 33902 7624
553 33978 3764
554 34006 27184
555 34100 43892
556 34184 6150
557 34220 50838
558 34304 17980
559 34340 29914
560 34374 19724
561 34458 22656
562 34556 10338
563 34610 23120
564 34816 19950
565 34834 39458
566 34958 36590
567 34994 13110
568 35012 24152
569 35106 45444
570 35290 48702
571 35316 998
572 35324 562
573 35458 4828
574 35460 43324
575 35468 23454
576 35472 19280
577 35508 2756
578 35510 49954
579 35560 32080
580 35578 51680
581 35692 8458
582 35724 37444
583 35810 31640
584 35816 27734
585 35900 25264
586 35964 13996
587 36064 20420
588 36072 7690
589 36096 18110
590 36124 23892
591 36344 19648
592 36410 47634
593 36416 8938
594 36430 44658
595 36434 50014
596 36678 13622
597 36684 44732
598 36688 31532
599 36754 10660
600 36820 28772
601 36844 30616
602 36886 31502
603 36960 32198
604 36986 48428
605 37082 21256
606 37154 22990
607 37256 47026
608 37330 42098
609 37438 1158
610 37450 34228
611 37458 15790
612 37478 12786
613 37488 14678
614 37490 29096
615 37818 51014
616 37830 16978
617 37864 29862
618 37900 6702
619 37980 20254
620 37988 33136
621 37992 1160
622 38036 22002
623 38042 39912
624 38076 8836
625 38084 7712
626 38090 25536
627 38130 53108
628 38136 8320
629 38200 40972
630 38258 4226
631 38412 1238
632 38414 50914
633 38560 19642
634 38624 24008
635 38706 15200
636 38714 9912
637 38742 42172
638 38804 44820
639 38814 53976
640 38900 47266
641 38972 13532
642 38982 20758
643 39124 45180
644 39132 12680
645 39348 34068
646 39396 20538
647 39432 27752
648 39468 40516
649 39478 50930
650 39616 17356
651 39620 41044
652 39640 24886
653 39644 28646
654 39704 40130
655 39712 49386
656 39800 38682
657 39800 45874
658 39974 22706
659 39998 3664
660 40146 18864
661 40196 39934
662 40218 25576
663 40244 21506
664 40320 17978
665 40342 27100
666 40486 4690
667 40510 3658
668 40528 21534
669 40618 3046
670 40702 26544
671 40704 39888
672 40748 38638
673 40760 41866
674 40848 33728
675 41012 5146
676 41074 25428
677 41080 24554
678 41270 30054
679 41320 48724
680 41414 49762
681 41432 20344
682 41442 29664
683 41534 3920
684 41628 14952
685 41694 26762
686 41738 10348
687 41786 5214
688 41872 52970
689 41940 16434
690 41950 16028
691 42038 35556
692 42056 45430
693 42062 35214
694 42068 49832
695 42104 14716
696 42116 50070
697 42138 36156
698 42316 24830
699 42344 29788
700 42440 23472
701 42458 46076
702 42460 8704
703 42510 2874
704 42518 36020
705 42534 44012
706 42572 37338
707 42586 6906
708 42644 42050
709 42798 10042
710 42848 1174
711 42880 13382
712 42958 18978
713 42992 42688
714 42996 52510
715 43036 9630
716 43076 6858
717 43088 10006
718 43100 27086
719 43132 4212
720 43142 20486
721 43168 28642
722 43292 44334
723 43394 18192
724 43404 43474
725 43434 52746
726 43448 13960
727 43474 25070
728 43518 20664
729 43574 14678
730 43604 40380
731 43668 18738
732 43886 45504
733 43900 3482
734 43916 52714
735 43928 13516
736 43966 14678
737 43976 51048
738 44150 48224
739 44196 43788
740 44246 36918
741 44292 48686
742 44420 1620
743 44528 7534
744 44598 37428
745 44604 37978
746 44618 22456
747 44644 33938
748 44720 48514
749 44888 18334
750 44956 4708
751 45070 1430
752 45086 15006
753 45130 44170
754 45162 39422
755 45180 17266
756 45372 1114
757 45408 50398
758 45426 12896
759 45568 42520
760 45744 25220
761 45822 38310
762 45888 26234
763 45932 32394
764 45996 40854
765 46110 10612
766 46112 8294
767 46118 10364
768 46208 19492
769 46280 22260
770 46296 23594
771 46338 30554
772 46362 34696
773 46450 13466
774 46474 22284
775 46540 11494
776 46552 10096
777 46558 5556
778 46572 872
779 46624 29396
780 46644 9702
781 46668 6610
782 46700 21474
783 46738 39862
784 46752 20944
785 46758 648
786 46766 15600
787 46812 47482
788 46886 22012
789 46962 19498
790 46980 46280
791 47006 12750
792 47006 17602
793 47024 49056
794 47062 11492
795 47202 14192
796 47204 35178
797 47206 15664
798 47284 44794
799 47294 34316
800 47370 24966
801 47374 11732
802 47414 49454
803 47538 23416
804 47590 15080
805 47612 50920
806 47660 27480
807 47674 28880
808 47680 15700
809 47710 30850
810 47710 48382
811 47756 20948
812 47780 28792
813 47992 40874
814 48036 6400
815 48050 22348
816 48128 23458
817 48278 51688
818 48364 37914
819 48424 40520
820 48676 36476
821 48696 25810
822 48726 20170
823 48774 2570
824 48802 51764
825 48894 6790
826 48946 34900
827 49088 18836
828 49232 27568
829 49262 8796
830 49414 50956
831 49428 50806
832 49578 7552
833 49646 39678
834 49710 15492
835 49734 28860
836 49740 86
837 49750 32616
838 49782 22410
839 49908 3200
840 50136 47970
841 50210 14004
842 50226 15072
843 50234 11858
844 50254 41482
845 50324 27448
846 50330 52122
847 50426 29730
848 50464 7610
849 50740 29466
850 50778 44
851 50832 36014
852 50882 24538
853 51068 23980
854 51244 42538
855 51288 12074
856 51298 32632
857 51336 43384
858 51374 49606
859 51378 3970
860 51394 32058
861 51516 33858
862 51588 380
863 51596 33202
864 51596 52322
865 51614 52168
866 51734 42734
867 51778 15028
868 51780 36420
869 51780 37852
870 51970 4932
871 51984 3034
872 52120 45094
873 52178 19822
874 52240 12676
875 52414 18782
876 52548 25658
877 52588 42088
878 52594 6068
879 52596 23432
880 52614 25524
881 52734 29848
882 52912 18820
883 53012 36574
884 53114 37782
885 53202 34394
886 53212 4522
887 53228 23502
888 53256 10862
889 53492 21630
890 53526 38886
891 53596 37780
892 53644 19584
893 53658 28822
894 53694 53342
895 53734 25006
896 53738 49064
897 53758 35136
898 53766 17094
899 53946 53730
6 9 7 2 11 1 3 
8 10 3 0 11 8 19 24 53 
4 4 0 13 20 
3 0 1 10 
3 6 5 2 
5 217 4 22 35 93 
4 56 23 22 4 
4 18 13 0 9 
6 17 1 11 15 41 27 
4 7 0 12 26 
4 12 3 1 36 
6 14 8 1 0 21 28 
3 9 10 42 
3 25 2 7 
3 16 11 45 
5 51 8 16 38 40 
3 38 15 14 
3 19 8 32 
3 34 7 30 
3 24 1 17 
5 68 50 37 2 25 
5 145 78 29 11 265 
5 35 5 6 23 39 
3 22 6 56 
4 1 19 33 49 
4 31 20 13 34 
3 30 9 42 
3 32 8 43 
3 45 11 29 
3 48 28 21 
3 60 18 26 
3 68 25 72 
4 52 17 27 64 
3 24 52 58 
3 72 25 18 
3 5 22 47 
3 42 10 57 
3 44 20 50 
4 15 16 46 86 
3 47 22 54 
3 89 15 86 
3 43 8 51 
4 65 26 12 36 
3 81 27 41 
3 63 56 37 
5 46 14 28 48 80 
3 70 38 45 
4 96 35 39 54 
3 45 29 77 
3 53 24 58 
4 83 37 20 79 
4 110 41 15 87 
4 75 59 33 32 
5 55 1 49 76 84 
3 47 39 62 
5 66 61 57 53 84 
4 62 23 6 44 
3 61 36 55 
4 85 49 33 59 
3 58 52 74 
3 72 30 71 
3 66 57 55 
3 54 56 67 
3 97 67 44 
3 108 32 81 
3 71 42 82 
4 95 82 61 55 
3 62 63 97 
3 69 20 31 
3 88 68 94 
3 90 86 46 
4 73 60 65 103 
6 31 34 60 73 91 100 
3 91 72 71 
3 85 59 75 
3 74 52 108 
3 53 85 92 
3 80 48 78 
3 77 21 145 
3 116 50 88 
3 45 77 104 
3 119 64 43 
4 122 101 65 66 
3 118 98 50 
3 55 53 113 
4 92 76 58 74 
5 40 38 70 90 114 
4 110 51 89 107 
3 79 69 115 
4 105 87 40 109 
3 86 70 102 
3 147 72 73 
4 111 113 76 85 
3 5 96 144 
3 106 69 100 
4 134 122 66 117 
4 144 93 47 99 
4 99 67 63 98 
3 97 83 118 
3 136 96 97 
3 94 72 147 
3 120 103 82 
3 90 104 124 
3 120 71 101 
3 102 80 123 
3 107 89 109 
3 115 94 127 
3 87 105 161 
4 111 75 64 119 
4 105 89 132 163 
3 112 51 87 
4 146 92 108 160 
3 119 110 140 
3 125 84 92 
3 132 86 124 
3 121 88 106 
4 126 79 121 138 
4 135 131 95 125 
3 98 83 126 
4 108 81 112 143 
4 164 103 101 122 
3 116 115 130 
4 153 120 82 95 
3 133 104 145 
3 114 102 128 
3 117 113 146 
3 149 118 116 
3 139 106 147 
3 124 129 142 
3 142 128 133 
3 138 121 151 
3 134 117 135 
3 109 114 137 
3 129 123 145 
4 153 95 131 141 
3 141 131 117 
3 148 99 152 
3 163 132 142 
4 155 157 116 130 
3 175 151 127 
3 112 161 184 
3 134 135 165 
5 180 173 137 128 129 
3 150 119 184 
4 217 93 96 156 
7 207 158 133 123 78 21 265 
4 162 125 111 185 
5 175 127 100 91 164 
3 156 136 152 
3 159 126 154 
3 190 160 143 
4 166 130 139 175 
4 148 136 159 169 
4 164 122 134 171 
3 172 149 168 
4 157 138 167 170 
3 144 148 176 
3 168 138 155 
3 192 186 145 
3 152 149 172 
4 185 111 150 190 
4 184 140 107 181 
3 165 146 178 
4 109 137 173 187 
4 147 120 153 209 
3 179 141 162 
3 167 151 174 
3 170 155 166 
3 182 154 157 
3 176 152 183 
3 155 167 200 
3 153 198 196 
3 159 154 191 
3 199 163 142 
3 201 166 177 
5 177 151 139 147 208 
3 202 156 169 
3 201 174 175 
3 179 162 212 
3 198 165 178 
3 193 189 142 
3 188 161 187 
3 216 168 194 
3 205 169 191 
6 210 214 143 140 161 188 
3 146 160 195 
3 193 158 192 
3 181 163 199 
3 184 181 204 
3 199 180 193 
3 160 150 206 
4 228 183 172 216 
4 218 186 158 207 
4 189 180 186 218 
4 197 182 200 211 
3 215 185 206 
3 209 171 198 
3 216 194 224 
6 234 196 171 179 233 252 
4 204 187 173 189 
4 194 170 201 203 
4 200 174 177 239 
4 221 217 176 205 
4 236 213 200 239 
4 219 188 199 232 
3 202 183 227 
3 195 190 214 
3 192 145 265 
3 175 209 223 
4 208 164 196 230 
4 246 184 220 235 
3 224 194 213 
3 229 178 215 
3 225 211 203 
3 222 206 184 
3 212 195 243 
6 231 228 191 182 197 224 
5 639 5 144 202 281 
5 226 193 192 302 303 
3 247 220 204 
5 241 237 235 210 219 
3 242 202 238 
3 254 214 246 
4 239 208 230 271 
4 216 197 211 225 
3 224 213 245 
3 287 232 218 
3 240 205 244 
3 244 191 216 
4 248 233 212 255 
4 223 209 234 250 
3 244 216 251 
3 268 204 226 
3 252 198 229 
3 250 230 198 
3 262 210 220 
3 245 203 274 
3 262 220 241 
3 242 221 240 
4 203 201 223 249 
3 258 238 227 
3 237 220 247 
3 263 221 238 
3 259 215 254 
4 280 227 228 231 
3 269 225 236 
3 222 210 257 
3 241 219 268 
4 252 229 260 264 
3 253 239 276 
3 230 234 256 
4 280 231 267 282 
5 261 198 233 248 283 
3 277 274 249 
4 243 222 284 304 
3 275 229 259 
4 250 266 272 273 
3 284 246 262 
3 289 263 240 
3 255 243 279 
3 264 248 275 
3 270 252 290 
4 257 235 237 312 
3 281 242 258 
3 286 248 260 
6 530 288 207 145 21 850 
3 272 256 270 
3 251 269 293 
3 247 232 285 
3 267 245 293 
3 266 261 290 
4 299 276 223 307 
3 273 256 266 
3 278 256 272 
4 327 236 253 277 
4 260 255 292 294 
3 249 271 299 
3 274 253 298 
3 307 273 295 
3 259 304 313 
4 300 244 251 324 
4 639 217 263 333 
3 297 251 293 
3 290 252 286 
4 254 257 321 329 
3 291 268 301 
3 283 264 305 
3 301 226 306 
3 378 310 265 
3 309 258 300 
5 335 270 261 283 305 
3 314 285 301 
4 294 275 313 337 
6 320 296 282 267 269 330 
3 319 275 292 
3 308 278 311 
3 297 293 320 
3 346 282 296 
3 332 277 299 
4 317 298 276 271 
3 328 289 280 
6 358 339 291 285 287 326 
4 322 303 218 310 
3 306 218 302 
3 279 254 355 
3 290 286 318 
3 287 303 322 
4 316 271 278 315 
3 342 315 295 
4 348 333 289 328 
3 359 302 288 
3 295 341 345 
3 334 262 314 
4 331 292 279 355 
3 325 312 291 
3 342 307 308 
3 323 307 342 
3 352 299 323 
3 372 305 319 
3 318 294 338 
4 344 296 293 349 
3 329 284 334 
3 343 306 302 
4 317 316 342 374 
4 366 280 347 361 
3 334 314 336 
4 358 301 343 363 
3 330 274 332 
3 309 300 366 
3 355 284 321 
5 357 349 293 327 340 
3 354 313 379 
4 340 327 298 352 
5 281 309 348 362 451 
4 353 321 312 325 
3 341 290 360 
3 370 325 339 
3 338 292 354 
3 319 337 350 
3 370 336 301 
3 330 332 356 
3 351 311 335 
5 323 316 315 308 367 
3 326 322 359 
3 346 320 364 
3 367 311 351 
3 347 297 344 
3 361 324 346 
3 333 309 371 
3 364 320 330 
3 338 354 376 
3 345 341 368 
4 356 332 317 390 
3 383 334 370 
4 350 337 331 375 
4 313 304 329 365 
5 386 382 340 352 381 
3 377 330 382 
3 370 301 326 
6 391 373 363 343 310 384 
3 335 372 393 
3 324 347 392 
3 430 333 388 
3 373 326 359 
4 380 344 349 377 
3 379 355 383 
4 388 371 328 324 
4 374 342 345 369 
3 369 351 393 
4 397 367 368 412 
6 353 336 339 358 385 405 
3 388 348 366 
3 360 318 401 
3 385 363 359 
3 389 323 367 
4 376 354 379 387 
3 401 350 375 
5 414 380 364 357 402 
3 384 288 450 
4 375 331 365 394 
3 392 364 377 
4 423 356 390 419 
3 402 357 356 
3 398 365 353 
3 441 359 378 
3 370 373 396 
3 399 356 423 
4 408 375 407 424 
4 425 362 371 366 
3 390 374 397 
4 381 352 389 404 
3 403 395 359 
6 438 426 361 380 406 409 
4 368 360 401 411 
3 407 379 398 
3 396 391 403 
3 400 385 395 
4 418 389 369 444 
4 394 383 405 413 
3 402 386 423 
3 410 396 422 
4 416 393 372 376 
4 435 377 382 399 
3 395 391 441 
3 419 390 421 
3 398 370 420 
3 409 392 414 
3 427 387 394 
3 416 387 429 
3 392 406 463 
3 420 400 432 
3 415 393 433 
4 444 369 415 431 
3 440 398 417 
3 406 377 461 
3 412 411 433 
3 433 401 408 
3 413 420 436 
3 421 397 460 
3 445 381 404 
5 442 417 405 410 452 
4 437 404 418 464 
4 455 432 400 441 
6 453 435 399 386 381 447 
3 428 387 427 
4 465 434 388 426 
3 443 425 392 
4 446 424 407 440 
3 466 429 424 
3 471 408 428 
3 451 362 434 
3 439 412 433 
4 448 410 422 455 
6 431 415 411 416 458 469 
3 451 430 425 
3 461 402 423 
3 440 417 442 
3 459 445 421 
3 443 392 490 
3 456 431 489 
4 427 413 436 473 
4 422 403 384 480 
3 470 436 420 
4 449 426 438 457 
3 460 397 412 
3 447 419 437 
3 466 427 482 
4 453 423 445 459 
3 452 432 472 
3 465 443 457 
3 454 378 530 
4 533 333 430 434 
3 420 448 493 
4 461 423 447 462 
4 485 476 450 530 
3 472 432 422 
3 478 460 439 
3 449 443 468 
4 475 469 433 471 
4 477 447 437 487 
5 464 418 444 456 478 
6 496 463 414 435 453 479 
3 479 453 477 
3 490 409 461 
3 421 460 497 
4 533 425 449 467 
4 471 428 446 500 
3 465 481 512 
3 481 457 495 
3 489 433 458 
4 505 474 442 542 
4 458 429 466 483 
6 515 493 448 455 491 511 
3 482 440 474 
3 473 470 505 
3 489 458 498 
3 486 480 454 
3 462 459 492 
4 499 460 456 484 
3 461 462 506 
3 491 441 476 
4 467 468 501 519 
3 446 473 494 
4 507 471 500 510 
4 499 478 489 528 
3 486 454 530 
3 488 476 485 
4 526 492 459 497 
4 550 491 486 527 
6 484 439 469 475 498 513 
4 495 438 463 504 
4 514 472 480 488 
4 509 477 487 518 
3 508 452 472 
3 482 505 502 
3 501 468 490 
3 529 461 506 
3 487 464 516 
3 489 475 507 
3 516 478 484 
5 510 483 466 502 541 
4 534 481 495 503 
3 500 494 517 
3 501 504 531 
3 503 490 531 
4 523 494 474 470 
3 496 479 521 
4 538 513 498 483 
3 539 542 493 
3 521 492 518 
4 535 483 500 543 
3 547 472 514 
3 533 467 524 
3 489 507 538 
3 547 511 491 
3 539 472 547 
4 540 497 499 525 
3 541 502 520 
4 522 509 492 536 
3 524 481 532 
3 541 517 523 
4 566 506 509 522 
3 521 518 536 
3 520 505 542 
3 546 512 519 
4 544 516 528 554 
3 536 487 540 
3 545 488 530 
3 525 484 563 
3 555 531 496 
7 572 527 485 454 450 265 836 
4 503 504 529 555 
3 519 534 537 
7 639 451 465 512 546 580 627 
3 537 532 501 
3 538 510 543 
4 522 518 526 579 
4 557 532 534 569 
5 561 513 507 535 560 
3 562 508 515 
4 579 526 516 544 
5 500 517 520 567 586 
4 523 470 508 562 
3 535 510 558 
3 559 540 525 
3 548 527 571 
3 533 524 557 
5 551 515 511 514 552 
3 553 549 545 
3 553 550 548 
3 556 488 549 
3 562 547 552 
4 581 551 547 556 
4 573 549 548 577 
4 559 525 568 585 
4 569 531 529 565 
3 588 552 550 
4 580 546 537 570 
3 589 543 611 
4 583 544 554 584 
3 564 538 576 
4 563 538 564 587 
4 599 542 539 551 
4 575 568 528 561 
3 561 560 576 
5 623 574 555 566 582 
5 582 565 521 579 610 
3 586 541 599 
3 554 563 575 
6 592 570 537 555 574 594 
4 578 557 569 592 
3 577 545 572 
4 785 609 571 530 
3 618 553 577 
3 569 565 608 
4 590 568 563 606 
4 587 564 560 589 
4 573 553 571 609 
3 595 580 570 
4 566 536 540 583 
4 533 557 578 615 
3 593 552 588 
3 656 565 566 
4 603 579 559 598 
4 600 559 585 626 
3 584 554 590 
3 541 567 596 
4 605 561 576 591 
3 581 556 618 
4 591 576 558 611 
3 585 575 606 
3 619 587 589 
4 604 570 569 607 
3 599 581 624 
3 597 569 608 
3 615 578 604 
3 613 586 612 
3 607 594 608 
4 603 583 601 602 
4 612 567 562 593 
3 614 601 584 
3 598 600 617 
3 603 598 617 
4 620 583 598 602 
3 655 595 592 
3 622 606 587 
4 634 590 575 605 
4 640 592 597 638 
4 597 594 574 629 
3 621 577 572 
3 656 566 620 
4 616 589 558 613 
3 641 596 599 
3 635 611 596 
4 617 600 647 653 
3 580 595 632 
4 650 633 611 635 
4 678 602 601 614 
4 625 588 573 630 
3 622 591 633 
3 645 610 603 
4 710 631 630 609 
4 634 605 619 642 
3 654 629 565 
3 636 593 628 
4 628 618 675 707 
3 662 584 634 
3 639 533 649 
3 702 624 625 
4 637 608 623 648 
3 666 618 621 
4 669 659 621 710 
3 649 615 655 
4 646 642 619 616 
5 652 626 606 622 658 
3 616 613 684 
3 686 644 624 
3 638 629 651 
4 643 607 637 673 
6 217 281 533 627 688 899 
4 679 607 643 657 
3 684 612 644 
3 663 622 633 
5 692 657 640 638 705 
3 641 636 686 
3 697 620 674 
3 663 633 660 
3 653 614 665 
3 651 629 654 
3 627 632 680 
3 664 616 689 
3 637 648 671 
3 662 634 658 
4 682 614 647 665 
3 648 623 661 
3 632 604 679 
4 661 582 610 672 
4 701 640 643 692 
5 677 652 634 663 668 
3 666 631 667 
3 681 646 664 
3 654 656 671 
4 670 626 652 676 
4 668 658 642 646 
3 660 650 689 
3 653 647 670 
3 675 630 659 
3 683 659 669 
3 658 663 681 
3 667 631 710 
3 685 665 662 
4 673 651 661 672 
3 671 656 706 
3 708 638 671 
4 693 691 645 678 
4 687 625 666 683 
3 685 662 677 
3 676 658 700 
3 674 617 682 
4 680 655 640 738 
3 694 649 679 
3 668 660 712 
4 699 678 653 685 
3 675 667 703 
5 690 635 641 711 695 
4 682 670 676 698 
3 644 636 709 
3 707 675 719 
4 639 696 714 725 
4 723 664 650 690 
3 689 684 729 
4 704 697 674 693 
3 732 657 643 
3 691 674 747 
3 696 680 741 
3 684 726 729 
3 737 688 694 
4 706 645 691 704 
3 718 685 700 
5 771 763 747 682 721 
6 727 698 677 720 728 746 
3 738 657 732 
3 715 628 716 
3 733 683 710 
3 740 697 691 
3 722 643 724 
3 672 697 740 
3 625 687 716 
3 713 673 730 
3 686 715 717 
6 742 703 669 631 621 756 
3 735 684 717 
3 720 681 723 
3 739 724 708 
3 725 688 737 
4 767 717 709 702 
4 743 702 707 719 
4 758 711 709 715 
3 721 698 727 
3 716 687 733 
4 728 700 712 731 
4 779 699 718 762 
3 732 705 739 
4 731 712 689 755 
3 739 705 713 
3 688 714 734 
4 736 729 695 735 
3 762 718 700 
3 700 720 749 
4 736 690 695 726 
3 708 745 754 
3 720 723 749 
4 790 701 692 722 
4 750 719 703 742 
3 899 725 817 
3 726 711 758 
3 752 729 726 
3 714 696 757 
4 748 741 679 701 
4 753 722 724 713 
4 744 706 704 747 
3 694 738 748 
3 733 710 751 
4 766 716 750 781 
3 745 740 772 
4 761 754 730 744 
4 760 700 782 769 
4 772 740 693 699 
4 757 741 738 787 
5 768 728 731 755 792 
4 777 743 733 751 
3 750 742 756 
3 755 736 773 
3 790 739 759 
3 764 730 745 
4 749 723 752 786 
3 751 710 778 
4 805 737 748 793 
4 735 717 765 791 
3 798 753 764 
3 762 746 770 
3 783 745 796 
4 721 727 760 800 
3 772 699 771 
4 813 759 754 783 
4 775 758 767 776 
3 829 780 743 
3 765 715 780 
3 789 784 749 
3 774 746 782 
3 760 774 803 
3 763 699 779 
4 744 747 763 799 
3 795 752 791 
3 770 769 788 
3 791 765 794 
3 794 765 780 
4 814 781 750 823 
3 823 756 785 
4 771 721 806 807 
4 776 767 766 829 
3 743 777 814 
5 788 769 746 784 811 
3 764 761 818 
3 782 768 789 
3 778 572 836 
4 797 755 795 804 
3 810 748 790 
3 803 774 782 
5 822 784 768 792 827 
4 787 732 753 798 
5 841 773 758 775 801 
3 789 749 797 
3 802 757 810 
3 801 775 776 
4 804 786 773 841 
3 818 761 799 
3 808 792 786 
3 872 790 759 
4 826 796 772 809 
3 806 762 803 
3 843 791 794 
3 831 805 793 
4 816 800 770 788 
3 786 795 841 
3 817 757 802 
3 779 800 821 
3 809 779 812 
3 827 797 834 
4 799 807 812 835 
3 793 787 840 
3 815 782 822 
3 809 807 828 
3 844 764 819 
3 825 781 777 
3 838 816 811 
4 852 821 803 815 
3 824 734 805 
4 819 783 796 820 
3 813 818 833 
3 818 826 851 
4 845 828 806 816 
3 811 789 873 
3 839 777 778 
3 846 817 830 
3 832 814 839 
3 820 799 837 
4 789 808 834 875 
3 835 812 821 
4 843 780 766 832 
3 846 824 831 
3 830 802 858 
3 848 829 825 
3 844 819 869 
3 827 808 842 
3 847 809 828 
3 785 530 850 
3 856 826 847 
3 853 815 873 
3 859 825 823 
3 858 810 872 
6 842 804 795 791 855 874 
3 834 841 867 
3 855 801 829 
4 854 857 813 833 
3 849 821 876 
5 865 864 899 824 830 
4 860 837 835 849 
3 888 832 878 
3 881 847 845 
3 862 836 265 
3 868 820 861 
3 876 816 853 
3 852 838 879 
3 866 857 844 
3 841 843 888 
3 861 837 860 
4 872 844 854 866 
3 831 840 896 
3 870 839 871 
4 863 856 847 881 
4 885 851 856 863 
3 886 871 850 
3 885 861 860 
3 899 846 865 
4 894 864 846 896 
3 857 854 877 
3 898 842 874 
3 869 851 885 
4 833 868 883 884 
3 878 859 886 
3 886 859 862 
5 896 840 798 857 877 
3 838 822 892 
3 867 841 888 
3 882 827 898 
4 845 852 880 895 
3 872 866 890 
4 888 848 870 886 
3 887 853 889 
3 876 887 895 
3 860 849 893 
3 892 875 898 
3 884 869 897 
3 890 869 883 
5 897 868 861 863 893 
6 898 888 878 870 871 862 
4 895 880 879 889 
6 898 874 855 848 878 886 
4 895 887 879 892 
4 896 877 884 891 
3 896 890 897 
5 895 889 873 882 898 
4 897 885 881 895 
3 899 865 896 
8 897 893 876 880 887 889 892 898 
7 899 894 865 858 872 890 891 
6 899 891 883 885 893 895 
8 899 895 892 882 875 867 888 886 
8 639 734 846 864 894 896 897 898 
