500
0 50 9378
1 54 1808
2 78 8404
3 162 8946
4 300 24716
5 338 26970
6 348 16706
7 400 28752
8 430 7882
9 442 6776
10 550 9408
11 584 27668
12 692 1406
13 734 18120
14 736 23566
15 756 5742
16 892 2292
17 908 28894
18 976 13330
19 982 10866
20 1180 3612
21 1200 19160
22 1360 26614
23 1414 21088
24 1482 6938
25 1486 29352
26 1504 17636
27 1554 25588
28 1568 16594
29 1582 28628
30 1584 22288
31 1648 21622
32 1776 9906
33 1780 24998
34 1814 18576
35 1860 24320
36 1914 4538
37 1952 18010
38 1970 11960
39 1996 24172
40 2114 10746
41 2116 396
42 2136 26604
43 2156 6382
44 2164 11308
45 2284 15308
46 2358 26768
47 2386 10440
48 2412 3246
49 2414 2004
50 2480 17158
51 2488 11066
52 2512 14664
53 2540 1378
54 2650 22500
55 2740 8570
56 2742 23438
57 2744 10240
58 2806 28324
59 2814 29452
60 2908 21568
61 3046 25958
62 3078 27616
63 3080 15226
64 3172 768
65 3198 17492
66 3260 7446
67 3284 440
68 3370 15986
69 3420 5526
70 3538 5102
71 3578 26242
72 3636 20234
73 3668 26130
74 3670 24670
75 3686 19538
76 3708 11412
77 3730 24728
78 3830 20760
79 3864 13694
80 3880 15668
81 3910 13294
82 3914 9896
83 4034 28500
84 4282 5374
85 4380 18066
86 4394 8
87 4456 15598
88 4478 20344
89 4558 19590
90 4568 24058
91 4590 23600
92 4642 8896
93 4664 10808
94 4758 9106
95 4782 24800
96 4806 20146
97 4810 6790
98 4924 6176
99 5026 8184
100 5078 1874
101 5082 21476
102 5126 22258
103 5188 27348
104 5204 16452
105 5294 29404
106 5322 5450
107 5370 11968
108 5518 12062
109 5638 21626
110 5738 21352
111 5742 3236
112 5780 2052
113 5786 10564
114 5868 25198
115 5892 19446
116 5902 316
117 5958 20158
118 5986 8608
119 5992 29720
120 6052 166
121 6056 18548
122 6132 6636
123 6268 8610
124 6340 886
125 6570 27852
126 6650 15934
127 6724 14122
128 6816 22998
129 6940 14180
130 6972 2000
131 6990 1336
132 7008 17492
133 7026 21906
134 7102 10828
135 7178 26902
136 7188 27686
137 7202 18582
138 7214 27698
139 7270 7638
140 7332 23484
141 7374 6920
142 7394 29752
143 7438 426
144 7442 15992
145 7496 9520
146 7498 8504
147 7550 15718
148 7584 24772
149 7606 20188
150 7684 6432
151 7684 7936
152 7722 12116
153 7794 2642
154 7996 4560
155 8010 20260
156 8132 1206
157 8132 7700
158 8202 10808
159 8286 6004
160 8328 11432
161 8360 7230
162 8392 18234
163 8538 5722
164 8650 5682
165 8970 14472
166 9030 8020
167 9530 11148
168 9598 6766
169 9602 17180
170 9604 13978
171 9642 4754
172 9644 12228
173 9680 3142
174 9696 13502
175 9784 15098
176 9802 22670
177 9856 2560
178 10076 4670
179 10250 17910
180 10338 27026
181 10386 12704
182 10410 27412
183 10628 1332
184 10732 22164
185 10766 26270
186 10800 19276
187 10860 5328
188 10882 14160
189 10916 25776
190 10932 468
191 11070 26360
192 11078 21154
193 11152 23056
194 11160 2944
195 11216 17156
196 11330 12902
197 11392 694
198 11402 26146
199 11418 25290
200 11490 13978
201 11504 5530
202 11518 18990
203 11538 8372
204 11540 10260
205 11862 17384
206 11878 22094
207 11976 20694
208 12186 28704
209 12264 22782
210 12280 7464
211 12440 18024
212 12464 11930
213 12626 14014
214 12650 14788
215 12654 20620
216 12664 2942
217 12708 25814
218 12768 17408
219 12790 9578
220 12840 16280
221 12854 6268
222 12874 25816
223 13010 29412
224 13060 6402
225 13156 24366
226 13316 1900
227 13338 13870
228 13346 18522
229 13396 15588
230 13426 6828
231 13456 2128
232 13504 21956
233 13612 7458
234 13706 13426
235 13870 12924
236 13898 8208
237 13940 22690
238 13974 23574
239 14010 24474
240 14048 1726
241 14086 8560
242 14138 13400
243 14148 15944
244 14166 798
245 14232 3964
246 14330 8464
247 14332 27392
248 14368 12450
249 14388 27062
250 14404 28488
251 14510 3154
252 14578 29258
253 14590 13502
254 14622 23888
255 14688 15862
256 14766 18792
257 14930 3506
258 14962 13552
259 14994 18616
260 15094 5964
261 15098 3232
262 15234 9242
263 15262 25510
264 15270 19878
265 15280 22632
266 15286 29108
267 15348 21230
268 15354 23408
269 15390 25218
270 15464 12024
271 15494 16610
272 15502 20794
273 15610 18840
274 15618 9436
275 15738 14126
276 15746 26968
277 15830 12872
278 15900 6764
279 15958 19540
280 15986 8046
281 15992 258
282 16346 21254
283 16348 15256
284 16438 3454
285 16538 25778
286 16600 24836
287 16744 17884
288 16878 8506
289 16910 14606
290 16912 20360
291 17064 22082
292 17138 18958
293 17148 24932
294 17362 14586
295 17368 7524
296 17434 29928
297 17448 27398
298 17476 29584
299 17480 21602
300 17516 21512
301 17528 12094
302 17530 3612
303 17546 26356
304 17556 2968
305 17688 5766
306 17720 23152
307 17778 22450
308 17806 20252
309 17970 20596
310 17984 26216
311 18208 15448
312 18212 13548
313 18256 25760
314 18336 25154
315 18340 27944
316 18348 11380
317 18368 15302
318 18400 12890
319 18522 608
320 18524 22696
321 18604 22714
322 18654 7438
323 18704 5374
324 18778 3392
325 18796 14128
326 18814 24820
327 19008 29896
328 19086 25436
329 19252 6224
330 19264 16710
331 19374 28868
332 19582 19654
333 19618 23500
334 19628 10444
335 19660 8442
336 19674 4340
337 19696 20456
338 19704 4832
339 19756 28936
340 19794 26728
341 19798 11374
342 19886 18858
343 19894 20322
344 19906 8142
345 20004 26392
346 20046 28752
347 20184 29078
348 20222 12090
349 20266 12998
350 20342 24480
351 20410 14344
352 20432 27148
353 20438 7342
354 20510 11670
355 20662 3352
356 20716 11194
357 20736 14340
358 20738 13876
359 20870 6042
360 21010 9700
361 21060 13848
362 21074 20062
363 21144 24402
364 21320 17334
365 21332 1058
366 21366 6200
367 21530 24288
368 21534 7010
369 21566 27460
370 21598 5174
371 21616 17634
372 21700 25064
373 22002 12554
374 22244 25286
375 22512 15592
376 22666 17750
377 22756 22528
378 22770 7916
379 22816 3964
380 22856 10352
381 22970 13728
382 23030 21554
383 23080 23826
384 23184 21434
385 23252 22576
386 23328 13278
387 23346 27006
388 23354 5406
389 23360 24156
390 23374 22574
391 23562 24670
392 23564 16376
393 23600 23388
394 23630 19546
395 23704 5546
396 23716 25328
397 23882 9140
398 23910 9908
399 24028 21468
400 24106 18394
401 24234 728
402 24262 28274
403 24356 18132
404 24358 21974
405 24368 20160
406 24372 21688
407 24402 10088
408 24478 29190
409 24556 10574
410 24632 23202
411 24738 7270
412 24766 578
413 24800 29140
414 25086 5416
415 25130 24122
416 25168 27170
417 25228 20468
418 25240 2562
419 25250 29194
420 25298 8598
421 25348 27240
422 25372 24446
423 25378 13236
424 25508 29254
425 25634 29542
426 25752 29566
427 25822 13376
428 25892 13910
429 25968 11662
430 25980 7004
431 26112 1336
432 26228 14428
433 26246 18906
434 26286 15646
435 26392 29324
436 26450 5422
437 26498 5898
438 26500 26770
439 26504 6060
440 26576 23448
441 26588 29528
442 26590 21474
443 26682 29214
444 26708 7106
445 26730 21792
446 26742 23856
447 26756 28118
448 26818 24408
449 26912 25314
450 26966 8472
451 27056 18880
452 27198 28270
453 27210 14570
454 27224 4474
455 27234 2628
456 27240 6118
457 27342 10824
458 27372 19316
459 27518 12730
460 27542 13260
461 27552 10094
462 27578 14442
463 27672 27622
464 27730 18500
465 27730 28494
466 28040 10780
467 28150 1726
468 28230 12104
469 28340 6248
470 28394 2560
471 28432 7180
472 28452 21282
473 28504 13302
474 28512 120
475 28564 12580
476 28568 8542
477 28596 3944
478 28688 20272
479 28764 14934
480 28840 23104
481 28914 3424
482 28972 14056
483 29138 20066
484 29228 6336
485 29282 12968
486 29296 4320
487 29336 10230
488 29338 18256
489 29376 15324
490 29422 28204
491 29520 22360
492 29534 12308
493 29594 6820
494 29646 25790
495 29702 6736
496 29790 9344
497 29820 24146
498 29836 6806
499 29992 23130
3 4 1 2 
6 16 9 2 0 41 12 
3 3 0 1 
4 10 6 2 8 
2 5 0 
3 7 4 6 
3 13 5 3 
4 17 25 5 11 
3 3 9 24 
3 8 1 15 
3 32 19 3 
3 7 14 22 
3 1 41 53 
4 21 14 6 18 
3 11 13 23 
3 24 9 20 
3 20 1 49 
3 25 7 29 
3 28 13 19 
3 38 18 10 
3 36 15 16 
3 23 13 26 
3 11 27 42 
3 30 14 21 
3 8 15 43 
4 59 119 7 17 
4 37 34 21 28 
3 22 30 33 
3 26 18 45 
3 17 46 58 
3 27 23 31 
3 35 30 34 
3 40 10 55 
3 42 27 35 
3 60 31 26 
3 33 31 39 
3 43 20 48 
3 72 26 50 
3 52 19 44 
3 35 54 56 
4 44 32 47 57 
4 67 12 1 86 
3 46 22 33 
3 24 36 69 
3 38 40 51 
3 50 28 52 
3 29 42 61 
3 40 55 57 
3 70 36 49 
3 48 16 53 
3 65 37 45 
3 76 44 82 
3 63 45 38 
3 49 12 64 
3 56 39 60 
3 47 32 66 
3 74 39 54 
3 40 47 92 
3 83 29 62 
3 119 25 105 
3 90 54 34 
3 71 46 74 
3 83 58 71 
3 68 52 79 
4 124 100 53 67 
3 75 50 68 
3 55 69 97 
3 64 41 116 
3 65 63 80 
3 66 43 70 
3 84 69 48 
3 62 61 73 
4 88 78 37 75 
3 103 71 77 
3 77 61 56 
3 89 72 65 
3 81 51 93 
3 95 73 74 
3 102 91 72 
3 80 63 81 
4 85 68 79 87 
3 79 76 107 
3 93 51 94 
3 105 58 62 
3 106 98 70 
3 115 89 80 
3 474 120 41 
3 104 80 108 
3 101 72 96 
3 96 75 85 
3 95 60 91 
3 90 78 102 
3 94 57 99 
3 76 82 113 
3 82 92 118 
3 114 77 90 
3 109 88 89 
3 99 66 98 
3 122 97 84 
3 92 97 122 
3 112 111 64 
3 109 102 88 
4 128 91 78 101 
3 105 73 114 
3 121 87 127 
5 223 59 83 103 125 
3 150 84 111 
3 108 81 113 
4 87 107 113 134 
4 128 101 96 110 
3 133 109 117 
3 154 106 100 
3 153 100 130 
4 108 107 93 123 
3 103 95 140 
3 117 85 121 
3 143 67 120 
3 110 115 137 
3 123 94 139 
3 142 25 59 
3 281 116 86 
3 115 104 126 
3 141 99 98 
3 113 118 146 
3 131 64 143 
4 105 135 136 138 
4 144 132 121 127 
4 129 126 104 152 
3 140 102 109 
3 165 147 127 
3 177 112 131 
3 130 124 156 
3 162 137 126 
3 140 110 149 
3 108 145 158 
3 136 125 148 
3 138 125 135 
3 149 117 132 
3 125 136 182 
3 151 118 141 
4 148 114 128 133 
3 139 122 150 
2 296 119 
3 190 124 116 
3 179 126 147 
3 134 146 157 
3 145 123 151 
3 169 144 129 
3 180 135 140 
3 155 133 137 
3 141 106 159 
3 146 139 157 
3 127 158 160 
3 173 154 112 
3 163 111 153 
3 176 149 162 
3 183 131 197 
3 145 151 161 
4 160 152 134 166 
3 161 150 163 
3 152 158 167 
3 166 157 159 
3 186 155 132 
3 159 154 164 
3 168 163 171 
3 175 129 170 
3 158 161 168 
3 172 160 204 
3 166 164 187 
3 179 147 195 
3 175 165 174 
3 164 173 178 
3 181 174 167 
4 178 171 153 194 
3 175 170 172 
4 195 165 170 174 
3 189 155 184 
3 194 130 226 
3 187 171 173 
3 202 144 169 
3 182 148 185 
3 196 188 172 
3 208 138 180 
3 240 156 244 
3 193 176 192 
3 191 180 189 
3 192 162 202 
3 201 168 178 
3 205 181 200 
3 185 176 199 
3 197 143 281 
3 247 185 198 
3 206 184 186 
3 199 184 209 
3 173 177 216 
3 205 169 175 
3 200 181 212 
3 244 156 190 
3 191 225 217 
3 189 193 225 
3 214 188 196 
3 203 187 216 
4 207 186 179 211 
4 219 204 201 210 
3 212 167 203 
3 211 195 188 
3 209 192 207 
3 206 202 215 
3 223 182 250 
3 238 193 206 
3 203 221 233 
4 228 202 205 218 
4 235 213 196 204 
3 214 212 227 
3 220 200 213 
3 232 207 228 
3 201 194 226 
3 222 198 239 
3 211 220 243 
3 248 203 236 
3 218 214 229 
3 224 210 231 
3 249 217 263 
4 298 105 208 252 
3 230 221 245 
3 198 199 238 
4 231 216 177 240 
3 229 213 234 
3 256 215 211 
3 243 220 227 
3 233 224 260 
3 251 221 226 
3 237 215 256 
3 236 210 230 
3 227 235 242 
4 242 234 212 248 
3 241 219 233 
3 238 232 264 
4 239 225 209 237 
3 217 238 254 
3 226 183 365 
4 262 270 236 246 
3 253 234 235 
3 218 229 255 
3 183 197 319 
3 224 251 257 
3 241 278 280 
3 250 191 249 
3 235 219 270 
3 247 222 276 
3 266 208 247 
3 261 245 231 
3 223 266 347 
3 258 255 242 
3 263 239 265 
3 271 243 253 
3 232 228 259 
3 245 261 284 
3 275 253 277 
4 273 264 256 271 
4 278 230 284 302 
3 257 251 304 
3 274 301 241 
4 285 222 254 269 
4 272 267 237 259 
3 268 254 267 
3 252 250 331 
3 265 264 272 
3 269 265 282 
4 263 268 286 293 
3 277 248 241 
3 259 255 283 
3 267 264 279 
3 279 259 287 
3 316 262 288 
3 289 283 258 
3 297 249 303 
3 258 270 301 
3 246 260 305 
3 272 273 287 
3 288 246 295 
3 190 120 474 
4 291 268 292 290 
3 271 275 289 
3 260 257 304 
3 303 263 314 
3 293 269 291 
3 279 273 311 
3 274 280 335 
3 283 275 294 
3 282 292 308 
3 286 282 299 
3 290 282 317 
4 269 286 306 326 
3 311 289 312 
3 280 323 322 
3 142 298 327 
3 315 276 340 
3 296 223 425 
3 307 291 300 
3 299 308 309 
3 318 277 262 
3 305 260 304 
3 276 285 310 
5 324 302 284 261 365 
3 278 302 323 
3 293 307 320 
3 306 299 332 
3 300 290 330 
3 300 357 342 
4 345 303 313 328 
3 287 294 317 
3 325 294 318 
3 310 314 328 
3 313 285 326 
3 331 297 352 
5 349 274 335 334 341 
3 292 311 325 
3 358 312 301 
3 244 474 412 
3 321 306 337 
3 333 320 343 
3 295 329 353 
3 295 305 336 
3 336 304 355 
5 351 330 317 312 358 
3 314 293 350 
3 296 426 441 
3 310 313 363 
3 322 338 359 
3 308 325 351 
3 339 266 315 
3 337 307 342 
3 350 321 362 
3 316 344 360 
3 316 288 344 
4 370 338 323 324 
3 320 332 343 
3 359 329 336 
3 347 331 346 
3 352 297 345 
4 354 348 316 356 
3 332 309 364 
3 321 337 371 
3 334 335 353 
3 340 310 372 
3 413 339 369 
3 408 252 339 
3 373 349 341 
3 361 316 348 
3 326 333 363 
3 330 325 357 
3 369 315 340 
3 344 322 368 
3 373 341 356 
4 379 324 418 455 
3 354 341 380 
3 309 351 361 
3 325 318 361 
3 366 329 338 
3 334 378 397 
4 357 358 349 381 
3 382 333 371 
3 328 350 367 
3 371 342 375 
3 304 240 401 
3 368 359 370 
3 372 363 377 
3 378 353 366 
3 346 352 387 
3 388 366 336 
4 376 362 343 364 
3 374 345 367 
3 386 348 354 
3 387 372 383 
3 392 364 381 
3 394 371 392 
3 385 367 382 
3 360 368 411 
3 454 388 355 
3 409 356 398 
3 375 361 386 
3 377 362 384 
3 389 374 385 
3 399 382 394 
3 383 377 390 
3 381 373 423 
3 402 369 374 
3 395 370 379 
3 391 383 393 
3 393 385 404 
3 416 396 389 
3 376 375 427 
3 389 390 410 
3 384 376 400 
3 411 388 414 
3 413 402 391 
3 398 360 420 
3 407 380 397 
3 406 384 405 
3 394 428 403 
3 431 365 412 
3 413 387 396 
3 405 400 432 
3 410 390 406 
3 399 403 434 
3 404 399 417 
3 409 398 420 
3 419 424 347 
3 429 380 407 
3 415 393 404 
3 378 395 430 
3 401 319 474 
4 419 346 402 396 
3 436 395 454 
3 422 421 410 
3 421 419 391 
3 442 406 433 
3 455 355 431 
4 424 408 413 416 
4 407 397 430 450 
3 435 416 415 
3 438 415 440 
3 427 386 429 
3 435 408 419 
3 426 298 441 
3 327 425 441 
4 428 392 423 459 
3 432 400 427 
3 423 409 457 
3 420 411 439 
3 467 418 401 
4 453 434 403 428 
3 417 434 451 
4 451 433 405 432 
3 441 424 421 
3 437 414 477 
3 456 439 436 
3 447 422 449 
3 444 430 437 
3 446 422 445 
6 327 426 425 435 443 490 
3 445 417 458 
3 441 447 465 
3 461 450 439 
3 440 442 472 
3 448 440 480 
3 452 443 438 
3 463 449 446 
3 463 438 448 
3 461 420 444 
3 458 433 434 
3 465 447 463 
3 464 432 462 
3 414 379 477 
3 355 418 470 
3 469 471 437 
3 468 429 461 
3 442 451 464 
3 460 427 468 
3 473 462 459 
4 466 457 450 444 
3 479 453 460 
4 452 449 448 494 
3 478 458 453 
3 443 452 490 
3 468 461 476 
3 470 431 474 
4 475 459 457 466 
3 471 456 477 
3 481 455 467 
3 476 456 469 
3 480 445 478 
3 482 460 475 
8 498 486 481 467 412 319 281 86 
3 473 468 487 
3 466 471 484 
4 469 436 454 481 
4 491 472 464 483 
3 489 462 482 
3 494 446 472 
5 493 484 477 470 474 
3 479 473 485 
3 491 478 488 
3 493 476 481 
3 482 487 492 
3 498 495 474 
3 485 475 493 
3 491 483 489 
3 488 479 492 
4 441 465 494 499 
4 497 478 483 488 
3 489 485 496 
4 487 484 481 495 
4 490 463 480 497 
3 498 493 486 
3 497 492 498 
4 494 491 496 499 
5 499 496 495 486 474 
3 490 497 498 
