1000
0 78 39042
1 94 59390
2 110 2760
3 170 9378
4 272 13270
5 316 1316
6 472 17364
7 532 47692
8 612 6978
9 776 58882
10 798 46292
11 882 30332
12 922 9072
13 954 43970
14 970 9388
15 1086 34114
16 1102 51354
17 1174 41122
18 1210 14574
19 1238 4948
20 1332 51044
21 1348 34264
22 1636 34544
23 1638 19812
24 1648 16068
25 1696 8978
26 1724 31798
27 1726 23760
28 1798 34816
29 1836 41950
30 1932 37856
31 1964 44540
32 2010 12560
33 2062 33514
34 2076 8440
35 2200 34530
36 2400 46796
37 2430 57864
38 2458 28284
39 2462 49612
40 2492 45010
41 2496 32028
42 2624 6488
43 2630 58040
44 2702 22596
45 2748 41518
46 2792 21162
47 2926 24260
48 2938 12820
49 2984 13108
50 3056 26090
51 3124 30978
52 3126 12662
53 3168 14616
54 3184 36544
55 3196 24340
56 3224 42472
57 3284 26770
58 3292 24790
59 3368 6444
60 3386 44508
61 3420 58356
62 3474 54220
63 3562 47830
64 3650 36142
65 3760 92
66 3828 11114
67 3952 17032
68 3992 9136
69 3998 9446
70 4060 14202
71 4180 51622
72 4360 31686
73 4530 18778
74 4590 30688
75 4772 46682
76 4848 14766
77 4874 56946
78 4906 3788
79 4932 19410
80 4934 57048
81 5028 31748
82 5094 45306
83 5260 22644
84 5262 56306
85 5280 33094
86 5288 51766
87 5366 51752
88 5374 18740
89 5498 34106
90 5550 47902
91 5560 9352
92 5586 10726
93 5638 10012
94 5670 1482
95 5874 37980
96 5892 31656
97 5916 34834
98 5944 51640
99 6138 42068
100 6176 48828
101 6198 33536
102 6228 32082
103 6244 31600
104 6312 28372
105 6314 20250
106 6390 21940
107 6470 7502
108 6534 53326
109 6654 47514
110 6726 53328
111 6740 2746
112 6788 920
113 6812 20230
114 6896 43962
115 6922 51890
116 6990 3516
117 7110 23106
118 7192 31114
119 7272 31692
120 7324 30358
121 7404 5130
122 7440 40024
123 7462 45110
124 7512 23218
125 7576 52684
126 7694 52328
127 7706 32864
128 7784 13326
129 7808 56978
130 7940 16428
131 7940 20592
132 8030 2308
133 8054 27742
134 8166 49106
135 8190 47202
136 8254 23368
137 8270 12390
138 8490 42708
139 8560 25988
140 8616 25810
141 8632 49982
142 8666 25376
143 8684 4498
144 8798 57390
145 8830 33446
146 8906 16926
147 9078 49824
148 9108 5350
149 9112 45774
150 9152 53402
151 9192 56012
152 9210 7586
153 9216 59982
154 9332 52984
155 9398 54226
156 9418 13384
157 9574 37540
158 9634 38286
159 9670 15924
160 9674 32616
161 9696 30314
162 9710 6378
163 9714 37644
164 9732 51338
165 9740 39928
166 9756 5524
167 9764 17156
168 9944 55724
169 10048 25878
170 10130 39004
171 10162 58842
172 10164 24250
173 10172 7816
174 10252 59814
175 10322 36930
176 10384 42918
177 10418 33334
178 10422 34180
179 10622 14014
180 10652 44676
181 10796 55284
182 10824 43298
183 10852 17122
184 10956 27140
185 11102 32672
186 11120 45042
187 11230 34288
188 11280 50824
189 11290 49282
190 11300 41928
191 11334 36500
192 11336 11972
193 11378 18104
194 11406 48910
195 11452 19568
196 11538 55468
197 11576 18922
198 11666 18122
199 11732 19634
200 11950 190
201 11952 33832
202 12120 34042
203 12222 35118
204 12262 54712
205 12448 1770
206 12488 8376
207 12498 3670
208 12590 41428
209 12632 31112
210 12860 20618
211 12934 42944
212 12968 13164
213 13002 15172
214 13012 11702
215 13066 38620
216 13084 47414
217 13090 21688
218 13094 46542
219 13124 39000
220 13150 2900
221 13256 7860
222 13310 27186
223 13338 9600
224 13338 34190
225 13374 1410
226 13506 24572
227 13558 16042
228 13558 17122
229 13686 254
230 13742 52478
231 13822 32518
232 13850 10178
233 13872 58842
234 13896 41568
235 13986 47250
236 14162 50404
237 14172 5862
238 14204 45018
239 14216 29060
240 14514 42756
241 14566 56860
242 14612 40662
243 14624 29532
244 14672 35334
245 14676 36110
246 14680 50728
247 14728 45338
248 14838 23290
249 14862 26332
250 14872 14496
251 14898 42730
252 14970 51654
253 14978 59436
254 15080 56848
255 15100 27726
256 15106 3380
257 15138 46374
258 15174 53092
259 15240 59392
260 15324 33438
261 15384 58508
262 15416 43270
263 15436 28502
264 15480 20366
265 15580 45518
266 15586 36434
267 15608 58390
268 15618 6052
269 15694 6822
270 15712 47744
271 15746 25012
272 15874 22700
273 15922 41576
274 16006 17304
275 16016 39066
276 16040 14266
277 16052 53522
278 16066 39500
279 16172 50250
280 16214 3498
281 16236 37404
282 16320 16830
283 16430 11664
284 16440 39804
285 16482 25134
286 16558 43316
287 16572 17038
288 16616 10668
289 16644 31072
290 16644 47438
291 16648 32462
292 16822 42356
293 16896 30700
294 16922 36168
295 16978 39684
296 17034 54192
297 17048 9420
298 17118 29836
299 17134 18912
300 17146 30018
301 17148 8380
302 17174 468
303 17256 57700
304 17322 45262
305 17358 33608
306 17414 7798
307 17448 46378
308 17464 27066
309 17532 31444
310 17598 20678
311 17618 16344
312 17624 12820
313 17654 55198
314 17716 26864
315 17730 53810
316 17756 2938
317 17778 14156
318 17780 25234
319 17856 5020
320 17908 25580
321 17980 56762
322 18034 45098
323 18046 51934
324 18148 49428
325 18170 11706
326 18224 57706
327 18300 17964
328 18338 36598
329 18524 57690
330 18610 26280
331 18688 52486
332 18768 26342
333 18776 7820
334 18822 54756
335 18922 26658
336 19036 52506
337 19402 9754
338 19440 45076
339 19494 34414
340 19500 37362
341 19680 18286
342 19774 7918
343 19818 39830
344 19854 55352
345 19878 23110
346 19888 12938
347 19988 32060
348 20026 51664
349 20052 57000
350 20114 23486
351 20166 40484
352 20202 13758
353 20212 44764
354 20276 48274
355 20322 23792
356 20394 19978
357 20452 28774
358 20488 17424
359 20502 58014
360 20510 14546
361 20526 42366
362 20568 44870
363 20620 36458
364 20660 3080
365 20690 41796
366 20710 30750
367 20778 54416
368 20804 28746
369 20830 54278
370 20970 35356
371 21062 38466
372 21080 12794
373 21238 52274
374 21274 51276
375 21422 23594
376 21448 26912
377 21536 10298
378 21576 45790
379 21590 28696
380 21636 32816
381 21638 33728
382 21638 37768
383 21646 2842
384 21690 5396
385 21750 52364
386 21756 56290
387 21872 57084
388 21878 51052
389 21920 42650
390 21966 16462
391 22024 39962
392 22132 46096
393 22136 10358
394 22230 14574
395 22318 55228
396 22334 34308
397 22348 12578
398 22442 24588
399 22542 25054
400 22580 34200
401 22594 8068
402 22668 21996
403 22750 30744
404 22796 34838
405 22848 51428
406 22902 49080
407 22922 14780
408 22954 46326
409 22976 11200
410 23134 27730
411 23238 4594
412 23314 52672
413 23334 18208
414 23370 49832
415 23438 43548
416 23466 36136
417 23468 30486
418 23540 47236
419 23546 6438
420 23556 24744
421 23570 49184
422 23584 21516
423 23590 39908
424 23602 39228
425 23632 25678
426 23632 26488
427 23636 12792
428 23724 30366
429 23732 5016
430 23736 27402
431 23748 30282
432 23764 50158
433 23784 27488
434 23822 29296
435 23826 47952
436 23830 40740
437 23886 57392
438 23926 50198
439 23938 7768
440 23976 24182
441 24126 2496
442 24280 11880
443 24316 2376
444 24328 36096
445 24398 54530
446 24488 49752
447 24510 1002
448 24512 59448
449 24522 5640
450 24666 53980
451 24678 55254
452 24732 43552
453 24844 19614
454 24880 20500
455 24914 57472
456 24948 25988
457 24972 27432
458 25010 44858
459 25144 32096
460 25230 36064
461 25332 24436
462 25362 9678
463 25526 8950
464 25616 41990
465 25648 16702
466 25834 45836
467 25850 39758
468 25876 27292
469 25962 1056
470 26032 41938
471 26080 42048
472 26138 54296
473 26176 21406
474 26196 58596
475 26298 32280
476 26302 53954
477 26336 9592
478 26378 53096
479 26384 8526
480 26440 40360
481 26508 10768
482 26532 6186
483 26656 27798
484 26700 26144
485 26748 27584
486 26752 34060
487 26756 30740
488 26876 6344
489 26912 50448
490 26958 13108
491 27072 50308
492 27094 44278
493 27122 2326
494 27128 41066
495 27144 59910
496 27440 39766
497 27490 55040
498 27778 44914
499 27962 3782
500 27968 24736
501 27982 31732
502 28038 19578
503 28060 35852
504 28148 27658
505 28230 52328
506 28296 10248
507 28358 43950
508 28388 53006
509 28502 44736
510 28706 39438
511 28730 50518
512 28770 55800
513 28942 22102
514 28950 48376
515 28992 9926
516 29008 14642
517 29050 24396
518 29058 45520
519 29114 22522
520 29212 41834
521 29308 53152
522 29328 594
523 29362 37682
524 29642 22112
525 29652 33274
526 29746 4150
527 29750 47084
528 29812 49470
529 29952 10444
530 29996 47080
531 30006 40672
532 30008 43408
533 30240 46982
534 30282 12540
535 30354 13118
536 30358 42138
537 30596 8732
538 30644 45676
539 30660 41748
540 30696 1438
541 30760 5006
542 30904 702
543 30930 39936
544 30958 13030
545 30970 4476
546 30988 39186
547 31000 25682
548 31118 55914
549 31292 35206
550 31302 37350
551 31308 37532
552 31316 41758
553 31384 1656
554 31418 2636
555 31452 14754
556 31482 4920
557 31830 15278
558 31888 30778
559 31888 34770
560 31982 53526
561 32026 39928
562 32038 5874
563 32058 59040
564 32076 59620
565 32524 43274
566 32542 17164
567 32568 42090
568 32670 50260
569 32766 8878
570 32812 682
571 33026 13096
572 33064 31804
573 33226 7770
574 33486 13918
575 33516 8284
576 33560 15930
577 33602 36302
578 33722 13460
579 33778 10566
580 33822 48050
581 33914 55800
582 34008 7056
583 34048 23376
584 34058 51010
585 34124 38364
586 34170 24616
587 34178 28966
588 34252 41932
589 34258 14268
590 34286 24822
591 34380 48798
592 34408 17378
593 34476 44040
594 34540 32506
595 34678 4768
596 34930 6796
597 35040 36140
598 35060 49544
599 35184 46432
600 35242 27214
601 35296 19066
602 35362 59372
603 35406 23174
604 35570 29488
605 35620 7304
606 35696 20338
607 35722 45390
608 35820 47612
609 35934 5058
610 35946 36764
611 35970 47224
612 36054 50876
613 36078 30666
614 36186 44612
615 36234 28228
616 36236 54648
617 36270 45176
618 36302 55600
619 36334 19256
620 36344 41428
621 36500 51818
622 36530 45192
623 36540 22050
624 36590 28950
625 36736 29484
626 36838 29194
627 36952 39068
628 37016 12100
629 37352 7442
630 37442 14270
631 37534 45188
632 37562 25466
633 37616 33626
634 37676 28190
635 37742 45432
636 37850 43494
637 37948 2816
638 37950 38564
639 37970 41870
640 38040 7408
641 38072 31030
642 38114 28562
643 38298 18862
644 38302 20432
645 38364 54792
646 38548 4444
647 38580 1586
648 38684 56108
649 38770 28992
650 38770 46282
651 39014 15692
652 39028 32280
653 39102 55752
654 39144 46764
655 39162 10234
656 39196 45264
657 39254 39608
658 39286 8822
659 39402 57230
660 39464 33730
661 39514 4432
662 39572 11336
663 39672 46464
664 39716 48390
665 39784 4564
666 39844 21906
667 39874 22708
668 39878 29644
669 40078 19584
670 40108 42972
671 40128 39892
672 40246 27654
673 40312 30842
674 40314 16554
675 40330 22262
676 40386 7400
677 40428 34104
678 40468 5304
679 40564 30894
680 40588 15384
681 40610 20896
682 40624 45268
683 40648 7408
684 40822 7736
685 40844 9612
686 40904 13824
687 40934 52290
688 41018 26232
689 41090 55952
690 41114 32934
691 41322 39186
692 41420 52542
693 41486 40208
694 41512 36652
695 41520 55318
696 41580 5386
697 41694 8116
698 41754 31864
699 41828 20170
700 41888 42006
701 41916 39250
702 42046 3050
703 42058 516
704 42120 54568
705 42144 9306
706 42174 38068
707 42198 43578
708 42246 42466
709 42282 59328
710 42338 15982
711 42392 53232
712 42482 13446
713 42540 35104
714 42622 2796
715 42642 56438
716 42646 44808
717 42698 55998
718 42704 11866
719 42746 33326
720 42832 53356
721 42934 13854
722 42960 45212
723 42994 49932
724 42998 29464
725 43030 31530
726 43098 16082
727 43110 27414
728 43328 24960
729 43394 40096
730 43454 59120
731 43542 36042
732 43550 5890
733 43582 3764
734 43610 14036
735 43630 33474
736 43684 50134
737 43868 476
738 43880 21972
739 44012 20892
740 44056 41804
741 44162 56812
742 44200 19050
743 44358 15610
744 44364 28954
745 44414 51082
746 44482 55838
747 44674 18710
748 44676 57824
749 44782 3548
750 44790 26794
751 44836 39626
752 44856 45152
753 44876 3606
754 44902 54906
755 44920 22040
756 44938 27760
757 44960 4914
758 45052 52100
759 45076 20380
760 45274 31496
761 45284 10634
762 45558 38792
763 45576 46818
764 45714 48878
765 45722 53782
766 45728 32528
767 45770 49810
768 45786 19120
769 45794 23272
770 45894 9360
771 46024 58832
772 46076 54240
773 46250 50686
774 46378 23586
775 46392 57526
776 46398 88
777 46628 37202
778 46666 46166
779 46704 27116
780 46722 46696
781 46800 20246
782 47010 35750
783 47054 7998
784 47108 5050
785 47156 29888
786 47216 55846
787 47274 44006
788 47300 3204
789 47366 4404
790 47506 6414
791 47550 42242
792 47568 35414
793 47664 35090
794 47678 59110
795 47698 16380
796 47802 56714
797 47956 55494
798 47984 45934
799 48008 43910
800 48060 44858
801 48112 23826
802 48154 816
803 48232 41262
804 48268 26196
805 48268 33802
806 48276 17426
807 48284 39130
808 48290 17102
809 48294 43022
810 48304 47334
811 48364 15542
812 48410 48562
813 48510 55532
814 48544 15068
815 48552 2240
816 48584 5742
817 48594 45412
818 48678 3108
819 48760 38844
820 48808 39046
821 48834 50760
822 48848 19836
823 48852 28226
824 48878 38336
825 48924 3152
826 48986 40798
827 49102 53536
828 49164 25842
829 49240 3036
830 49266 9562
831 49418 13254
832 49440 27318
833 49466 14682
834 49542 47328
835 49564 24258
836 49576 25728
837 49662 5174
838 49668 46024
839 49672 57640
840 49682 54036
841 49784 47510
842 50076 17178
843 50170 46892
844 50266 23040
845 50294 34248
846 50318 31402
847 50344 39640
848 50422 8120
849 50424 20992
850 50428 42346
851 50460 15742
852 50462 26428
853 50486 49404
854 50536 11454
855 50550 10418
856 50688 18230
857 50688 45320
858 50692 37198
859 50736 35892
860 50742 33918
861 50790 52794
862 50910 53226
863 51012 40456
864 51046 22422
865 51198 14530
866 51256 3964
867 51344 14822
868 51366 51676
869 51640 10418
870 51722 20822
871 51920 48140
872 51966 9030
873 52046 3500
874 52232 53770
875 52244 24798
876 52252 2040
877 52274 7580
878 52302 46344
879 52426 24370
880 52438 4750
881 52464 1460
882 52504 11176
883 52530 57974
884 52548 2760
885 52616 55864
886 52698 46292
887 52752 28916
888 52774 20062
889 52790 12382
890 52946 47168
891 53014 43996
892 53022 37956
893 53038 19476
894 53100 39522
895 53114 7622
896 53258 15308
897 53314 27656
898 53316 34140
899 53328 18320
900 53500 31868
901 53584 9618
902 53616 3998
903 53628 14296
904 53672 22928
905 53920 29894
906 53944 17448
907 53972 44050
908 54000 33998
909 54002 38418
910 54012 6720
911 54054 30594
912 54102 2274
913 54146 48710
914 54238 27922
915 54258 52524
916 54368 25092
917 54374 38826
918 54498 54950
919 54508 19202
920 54518 45072
921 54630 706
922 54644 51992
923 54666 6600
924 54718 11520
925 54810 43106
926 54876 12672
927 55060 16676
928 55146 22054
929 55196 55354
930 55288 17416
931 55326 55816
932 55458 49108
933 55498 30978
934 55550 39016
935 55636 35306
936 55676 40854
937 55770 10248
938 55774 43832
939 55788 53932
940 55868 6334
941 55998 16394
942 56066 43674
943 56066 52668
944 56282 52752
945 56326 58838
946 56472 34780
947 56558 17758
948 56560 2238
949 56596 36670
950 56596 51888
951 56666 43910
952 56696 22042
953 56998 8864
954 57008 55826
955 57174 5846
956 57228 56864
957 57316 47990
958 57328 7702
959 57444 27672
960 57560 4220
961 57568 40384
962 57650 35208
963 57680 56890
964 57708 52328
965 57758 37020
966 57774 53634
967 57840 50180
968 57868 42606
969 57966 10478
970 58016 14094
971 58036 21366
972 58168 39724
973 58182 43892
974 58200 5890
975 58262 51550
976 58386 1968
977 58452 49160
978 58598 42704
979 58614 17462
980 58644 31722
981 58654 23208
982 58680 38360
983 58784 49240
984 58796 50482
985 58858 25734
986 58922 14360
987 58990 11664
988 59306 28442
989 59396 42896
990 59492 21740
991 59618 37722
992 59654 11048
993 59724 19660
994 59786 21396
995 59802 54184
996 59808 11164
997 59914 17744
998 59930 51742
999 59954 14602
4 1 2 3 4 
5 153 0 7 9 61 
5 19 8 3 0 5 
5 4 0 2 8 12 
4 18 6 0 3 
3 78 2 65 
6 23 27 11 4 24 67 
3 1 11 10 
3 3 2 19 
4 1 16 37 43 
3 16 7 13 
4 26 15 7 6 
3 14 3 19 
4 31 10 15 17 
3 18 12 25 
5 21 30 17 13 11 
4 37 9 10 20 
3 29 13 15 
4 24 4 14 32 
4 42 12 8 2 
6 71 62 77 16 36 39 
4 35 22 28 15 
3 64 28 21 
4 46 44 47 6 
3 6 18 53 
3 32 14 34 
4 41 33 11 38 
3 50 38 6 
3 54 21 22 
4 56 60 17 45 
3 45 15 54 
3 40 13 60 
3 48 18 25 
3 97 35 26 
3 68 25 42 
3 170 21 33 
3 63 20 40 
3 43 9 16 
3 51 26 27 
3 98 20 63 
3 75 36 31 
3 89 26 51 
3 34 19 59 
3 9 37 80 
3 55 23 46 
3 99 29 30 
4 44 23 73 79 
3 58 50 23 
3 49 32 52 
3 70 53 48 
3 57 27 47 
3 72 41 38 
3 76 48 66 
3 24 49 70 
4 95 30 28 64 
4 104 58 44 83 
3 138 114 29 
3 81 74 50 
3 103 47 55 
3 107 42 78 
3 82 31 29 
3 171 1 80 
3 84 77 20 
3 90 39 36 
3 165 54 22 
5 200 112 94 5 776 
3 52 69 92 
3 73 6 76 
4 91 93 69 34 
3 92 66 68 
3 76 53 49 
3 86 108 20 
3 85 51 74 
3 46 67 88 
3 81 72 57 
3 90 40 82 
5 130 67 70 52 128 
4 80 20 62 84 
3 121 59 5 
3 105 46 88 
4 144 61 43 77 
4 85 74 57 96 
3 75 60 114 
3 55 105 106 
3 129 77 62 
3 89 72 81 
3 110 71 87 
3 110 86 98 
3 79 73 130 
3 97 41 85 
3 100 63 75 
3 93 68 107 
3 137 66 69 
3 137 68 91 
3 111 65 112 
3 165 122 54 
3 102 81 103 
5 157 158 33 89 101 
4 115 125 87 39 
3 138 45 122 
3 115 90 109 
3 97 102 127 
3 127 101 96 
3 119 96 58 
3 118 55 117 
3 83 79 113 
4 117 83 113 131 
3 152 91 59 
3 110 151 71 
3 134 100 114 
4 155 108 86 87 
3 143 116 94 
4 225 132 94 65 
3 106 105 146 
5 180 123 109 82 56 
4 126 125 98 100 
3 148 121 111 
3 124 104 106 
4 119 104 120 161 
3 160 103 118 
3 118 124 133 
3 152 78 116 
3 190 99 95 
3 149 135 114 
3 136 120 117 
3 155 98 115 
3 150 115 141 
3 145 101 102 
3 156 76 137 
4 144 84 151 168 
3 146 88 76 
3 106 167 193 
3 143 112 205 
3 120 142 139 
3 141 109 135 
3 134 123 149 
3 142 124 198 
4 128 92 93 206 
3 176 56 99 
3 133 142 140 
4 169 139 142 172 
3 126 134 147 
5 140 139 133 136 195 
4 166 148 111 132 
3 233 80 129 
3 178 157 127 
3 113 130 159 
4 164 141 194 189 
3 162 116 143 
3 135 123 186 
3 196 126 154 
3 129 108 168 
3 173 107 121 
3 1 174 495 
3 204 150 164 
3 181 110 125 
3 179 128 192 
3 163 97 145 
3 170 97 163 
3 167 146 179 
3 185 177 119 
3 185 118 184 
3 173 148 166 
3 158 157 175 
3 154 147 188 
3 208 95 64 
3 162 143 207 
3 131 159 183 
3 129 151 181 
3 184 140 226 
4 208 35 158 219 
3 233 174 61 
3 140 210 217 
3 206 152 162 
3 153 171 253 
3 163 178 191 
3 182 138 190 
3 201 187 160 
3 187 175 145 
3 159 156 212 
3 186 114 182 
3 196 168 155 
3 238 180 176 
3 193 167 213 
3 222 161 169 
3 201 160 161 
3 218 149 180 
4 203 191 178 177 
4 230 164 189 236 
3 188 147 194 
4 211 176 122 208 
3 219 175 187 
3 156 223 214 
3 198 131 183 
3 189 147 216 
3 199 142 197 
3 241 181 150 
3 199 195 198 
4 197 136 193 228 
3 210 195 197 
3 229 65 776 
4 202 177 185 209 
3 224 203 201 
3 215 187 202 
3 241 154 230 
4 316 220 132 225 
3 137 173 221 
3 237 166 220 
4 234 190 165 170 
3 201 222 239 
4 217 172 199 264 
3 238 190 240 
3 213 179 214 
3 227 183 212 
3 212 192 223 
3 278 219 203 
3 194 218 235 
3 248 172 210 
3 216 186 247 
4 242 170 191 215 
3 256 207 205 
3 223 206 237 
3 209 184 249 
4 232 214 192 221 
3 245 202 231 
3 205 112 447 
3 271 169 248 
3 228 213 250 
3 274 198 227 
3 522 302 200 
3 258 204 188 
3 244 224 239 
3 283 250 223 
4 253 171 144 241 
3 240 208 242 
3 236 216 257 
3 246 188 235 
3 269 221 207 
3 247 182 211 
6 243 260 231 209 255 263 
3 211 234 251 
5 233 196 204 296 254 
3 234 219 284 
3 289 291 239 
3 266 245 231 
3 275 224 244 
3 252 236 270 
4 265 218 238 262 
3 226 217 272 
3 255 222 271 
3 227 232 276 
3 262 240 273 
3 258 246 279 
4 448 174 233 259 
3 261 241 313 
3 263 239 249 
3 280 268 220 
3 270 235 265 
3 277 230 252 
4 448 253 261 359 
3 294 266 239 
3 259 254 267 
3 286 247 251 
3 298 239 255 
3 310 210 299 
3 257 247 304 
3 281 244 260 
4 261 321 303 326 
3 301 269 256 
3 288 237 268 
3 246 257 290 
4 285 249 226 272 
3 271 248 310 
3 292 251 295 
3 299 228 282 
3 278 245 281 
4 287 282 250 283 
4 296 258 323 331 
3 284 215 275 
3 252 290 324 
3 319 256 316 
3 275 266 294 
3 287 274 276 
3 276 232 288 
3 242 278 295 
3 318 308 271 
3 322 262 292 
3 299 282 276 
3 283 269 297 
5 309 291 243 293 366 
3 279 270 307 
3 305 243 289 
3 286 273 343 
3 366 289 300 
3 328 281 260 
3 273 284 340 
3 241 277 315 
3 312 288 301 
3 300 263 308 
5 264 274 287 311 327 
3 293 298 357 
3 297 268 306 
3 542 447 229 
3 326 267 321 
3 307 265 322 
3 339 328 291 
4 333 301 319 384 
3 354 290 304 
3 298 285 314 
3 347 339 289 
3 272 264 341 
3 299 317 352 
3 317 297 325 
3 254 315 334 
5 308 320 330 332 335 
3 313 296 336 
3 364 280 205 
3 311 312 346 
3 320 285 345 
3 384 306 280 
3 314 318 350 
3 303 267 344 
3 304 286 338 
3 277 324 348 
3 323 279 354 
3 312 342 337 
3 267 303 329 
3 341 299 360 
3 340 294 305 
3 359 326 349 
3 332 314 355 
3 336 277 348 
3 314 330 399 
3 342 306 419 
3 313 373 369 
3 376 314 425 
3 315 331 374 
3 377 325 342 
3 378 322 353 
3 370 305 309 
3 295 328 363 
3 310 327 358 
4 401 337 325 333 
3 351 292 371 
3 349 321 367 
3 350 318 356 
3 317 377 372 
3 380 309 403 
3 331 323 374 
3 387 329 344 
3 355 320 345 
5 365 361 343 371 391 
3 360 311 372 
3 362 338 361 
3 406 324 307 
3 330 350 375 
3 345 358 390 
3 300 376 368 
3 356 341 394 
3 259 329 437 
3 327 352 397 
3 353 351 365 
4 378 353 389 415 
3 382 340 370 
3 411 316 383 
3 389 361 351 
3 289 293 403 
3 386 344 369 
3 357 410 379 
3 367 334 385 
3 363 339 381 
3 351 343 382 
3 352 346 397 
3 385 334 388 
3 336 348 388 
3 398 355 402 
3 357 335 426 
3 393 346 337 
3 392 338 362 
3 434 368 483 
3 381 347 417 
3 396 370 380 
3 371 363 416 
3 364 469 441 
3 306 319 429 
3 369 373 405 
3 387 367 395 
3 437 349 386 
3 373 374 414 
3 362 365 436 
3 413 356 394 
3 351 424 423 
3 408 421 378 
3 481 409 377 
4 407 390 358 397 
3 451 386 412 
3 404 381 400 
4 394 360 372 409 
3 399 375 422 
3 332 398 420 
3 404 396 459 
3 462 342 439 
3 375 413 422 
3 347 366 417 
3 416 396 400 
3 412 385 432 
3 421 414 354 
3 465 394 427 
3 418 392 458 
4 442 427 397 393 
4 368 430 433 457 
3 429 364 441 
3 445 395 405 
3 453 402 390 
3 432 388 406 
4 452 362 480 464 
3 382 404 444 
3 380 403 428 
3 489 435 408 
3 439 333 449 
3 399 440 461 
3 446 406 392 
3 398 402 454 
3 436 391 424 
3 423 391 460 
3 456 335 461 
3 430 376 456 
3 407 409 442 
3 459 417 431 
3 449 384 411 
3 433 410 426 
3 459 428 434 
3 438 405 414 
3 410 430 457 
4 487 431 379 504 
3 478 446 418 
3 389 423 467 
3 455 359 387 
3 450 432 446 
3 463 401 419 
3 420 454 473 
3 411 383 443 
3 490 427 409 
3 441 469 493 
3 416 486 460 
3 451 412 450 
4 478 438 421 435 
3 469 225 302 
4 564 253 259 474 
3 482 419 429 
3 472 445 438 
3 512 395 445 
3 458 415 471 
3 454 413 465 
4 473 440 422 453 
3 474 437 512 
4 484 426 425 500 
3 410 433 468 
3 466 408 452 
4 475 400 428 431 
3 424 444 503 
3 425 420 513 
4 481 401 463 477 
3 462 439 479 
3 415 496 470 
3 453 407 516 
3 491 458 492 
3 480 436 503 
3 485 457 484 
4 443 383 447 542 
3 471 464 494 
3 492 452 470 
3 497 450 476 
3 440 454 502 
3 563 448 455 
3 486 459 501 
3 472 478 508 
3 506 462 479 
4 476 446 435 489 
3 477 463 488 
3 415 467 496 
3 534 393 462 
3 488 449 499 
3 379 485 504 
3 468 456 517 
3 504 483 468 
3 444 475 525 
3 501 434 504 
3 479 482 541 
3 478 418 491 
3 535 516 442 
3 505 489 466 
4 498 466 471 507 
3 499 443 540 
3 520 470 510 
4 153 564 709 945 
3 464 480 523 
3 512 472 521 
3 514 492 509 
3 526 482 493 
3 456 519 517 
3 475 487 558 
3 473 557 566 
3 467 460 525 
5 487 434 483 485 547 
3 508 491 511 
3 534 477 515 
3 509 492 520 
3 521 476 505 
3 518 498 507 
3 494 523 550 
3 505 514 528 
4 548 455 451 497 
3 519 461 566 
3 511 498 527 
3 529 506 537 
3 555 465 490 
3 484 500 606 
3 527 509 532 
3 500 513 524 
3 507 494 531 
3 560 497 508 
3 570 229 776 
3 510 496 549 
3 519 592 601 
3 503 486 558 
3 545 499 554 
3 514 518 530 
3 568 511 530 
4 579 544 515 569 
3 528 527 533 
3 536 520 546 
3 538 518 536 
3 580 530 538 
3 544 481 506 
3 574 490 544 
3 532 531 539 
3 515 541 575 
3 533 532 565 
3 552 536 543 
3 553 493 570 
3 537 488 545 
3 469 302 570 
3 539 546 561 
4 571 535 534 529 
5 595 556 562 541 526 
3 543 531 551 
3 504 583 586 
3 563 512 581 
3 523 572 559 
3 551 510 559 
4 546 550 594 577 
3 567 539 561 
3 637 554 540 
3 595 526 553 
3 557 516 589 
3 582 562 545 
3 576 502 555 
3 525 501 587 
3 550 549 594 
3 616 521 584 
3 552 543 585 
3 573 545 556 
3 602 474 548 
4 495 448 602 709 
3 593 538 567 
3 513 502 576 
3 565 552 588 
4 584 528 580 591 
3 529 575 629 
5 647 540 542 522 703 
3 578 544 579 
3 549 587 604 
3 575 562 582 
4 589 535 578 628 
4 569 537 573 605 
3 566 557 630 
3 551 613 597 
3 574 571 655 
3 571 529 658 
3 568 533 599 
3 659 548 618 
3 573 556 596 
3 586 547 606 
3 621 560 568 
4 638 627 561 610 
3 590 547 583 
3 572 558 600 
3 567 620 639 
3 630 555 574 
3 600 586 603 
3 598 568 599 
3 601 524 630 
3 614 607 565 
3 551 559 613 
3 609 545 554 
3 605 582 609 
3 610 577 625 
3 612 591 608 
3 591 580 607 
3 587 590 632 
3 619 524 592 
3 564 563 709 
3 590 643 623 
3 572 615 624 
3 575 596 678 
3 583 517 619 
3 599 593 617 
3 612 598 611 
3 596 595 646 
4 638 585 597 633 
3 612 608 617 
4 621 598 608 611 
3 577 594 625 
3 617 593 639 
3 604 632 634 
3 645 618 560 
4 622 611 607 614 
3 648 581 616 
3 606 601 651 
3 639 588 627 
4 687 645 584 612 
3 635 617 631 
3 603 643 644 
3 626 604 634 
3 597 613 626 
3 625 624 634 
3 657 620 585 
3 574 705 662 
3 569 696 640 
5 651 592 576 589 686 
3 635 622 636 
3 615 600 667 
3 660 610 641 
5 642 626 624 615 672 
3 650 622 631 
3 631 639 670 
3 646 553 647 
3 657 585 610 
5 636 614 588 620 671 
3 629 732 676 
4 652 633 642 649 
3 649 641 634 
4 644 623 603 651 
3 666 623 643 
3 653 616 621 
3 609 637 661 
3 637 570 703 
3 659 618 653 
3 668 641 642 
3 654 635 656 
4 674 643 619 630 
3 660 641 673 
4 689 715 648 645 
3 664 650 663 
3 578 658 685 
3 682 650 670 
4 671 627 638 691 
3 655 579 684 
3 730 581 648 
3 677 633 652 
3 665 646 702 
3 718 628 770 
3 664 654 682 
3 687 654 663 
3 678 661 733 
3 667 644 669 
3 632 666 675 
3 673 649 672 
3 681 666 674 
3 656 636 700 
3 693 639 657 
3 668 634 688 
3 679 652 668 
3 669 651 680 
3 688 667 681 
3 683 640 784 
3 694 660 690 
3 696 605 665 
3 690 673 727 
3 710 674 686 
3 675 669 699 
3 663 656 707 
3 684 676 816 
3 697 658 683 
3 655 697 705 
3 680 630 712 
3 692 621 664 
3 672 675 728 
3 715 653 695 
3 677 679 698 
4 701 693 657 694 
3 711 687 723 
3 700 671 691 
3 691 677 719 
3 689 711 704 
3 629 678 757 
3 685 684 790 
4 719 690 724 725 
3 739 681 710 
4 708 670 693 701 
3 700 691 706 
3 661 737 714 
3 647 570 737 
4 754 717 695 720 
3 628 685 790 
3 729 701 713 
3 716 682 708 
3 707 700 740 
7 495 564 602 730 771 794 945 
3 726 699 680 
3 720 695 692 
3 721 686 718 
4 777 731 706 719 
3 733 702 776 
4 741 653 689 717 
3 722 723 707 
3 715 704 746 
3 712 662 761 
4 735 713 694 698 
3 765 704 711 
3 734 726 712 
3 736 716 752 
3 736 692 716 
3 698 727 744 
3 698 744 760 
3 742 710 721 
3 724 679 728 
3 727 688 738 
3 740 706 751 
5 709 659 748 839 771 
3 826 762 713 
3 640 757 784 
4 665 714 749 753 
3 814 743 721 
3 782 719 766 
3 745 723 722 
3 702 703 776 
3 750 728 739 
6 755 738 699 742 759 781 
3 787 708 729 
3 748 715 786 
3 739 726 747 
3 795 747 734 
4 760 725 724 756 
3 758 736 767 
3 786 717 797 
3 768 742 743 
3 730 741 775 
3 733 815 788 
3 785 756 738 
3 791 729 762 
3 763 722 787 
3 733 818 825 
3 797 704 772 
3 769 739 849 
3 805 744 750 
3 732 696 789 
3 765 745 773 
3 739 768 781 
3 766 725 744 
3 718 770 830 
3 803 751 731 
3 764 752 778 
4 767 763 778 780 
3 772 720 758 
3 793 735 760 
3 773 745 764 
3 759 747 806 
3 774 779 755 
3 761 662 783 
3 709 730 883 
3 754 765 827 
3 758 767 812 
3 801 804 769 
3 839 748 796 
7 921 802 714 737 522 200 65 
3 807 713 782 
3 764 763 799 
3 823 785 769 
4 764 799 800 798 
3 739 759 822 
3 777 735 792 
3 770 790 837 
3 676 732 866 
3 845 750 779 
3 741 746 813 
3 752 740 799 
3 749 815 818 
3 757 825 866 
4 783 705 697 816 
3 809 751 803 
3 819 782 793 
3 792 766 805 
3 709 883 945 
3 808 743 811 
3 775 813 885 
3 813 746 754 
3 810 780 817 
5 800 780 778 787 809 
3 817 780 799 
4 835 828 774 844 
3 881 815 776 
3 850 791 762 
3 832 823 774 
4 859 824 793 756 
3 822 768 808 
3 826 777 820 
3 856 806 795 
3 857 799 791 
3 812 798 834 
3 842 795 814 
3 821 773 810 
4 796 786 797 840 
3 811 734 833 
4 829 788 749 802 
3 790 683 837 
3 838 798 800 
3 753 788 829 
3 820 792 824 
3 863 807 819 
4 861 827 812 853 
3 849 781 806 
3 860 779 804 
3 847 819 805 
3 789 753 829 
3 850 731 807 
3 840 772 821 
3 832 801 836 
4 825 818 815 876 
3 831 761 848 
4 865 833 830 854 
3 846 804 828 
3 851 814 831 
3 841 810 843 
3 836 801 844 
3 852 828 835 
3 783 816 866 
3 843 817 857 
3 730 775 956 
3 813 827 862 
3 871 853 834 
3 856 811 851 
3 834 838 878 
3 835 801 864 
3 859 785 860 
3 898 860 832 
3 863 824 858 
3 855 830 873 
3 755 822 870 
3 891 803 826 
3 842 833 867 
4 887 836 864 875 
3 868 821 841 
3 889 831 855 
3 869 854 848 
3 888 808 842 
3 838 809 891 
3 892 847 859 
4 892 858 805 845 
4 909 845 823 846 
3 862 821 868 
3 874 840 861 
4 925 820 847 894 
3 852 844 870 
3 896 867 831 
4 837 784 789 873 
3 899 851 865 
3 874 861 853 
3 882 855 872 
3 864 849 888 
3 915 841 890 
4 901 869 877 895 
3 848 866 884 
3 918 862 868 
3 887 852 879 
3 884 829 881 
3 895 872 880 
3 843 907 886 
3 887 875 888 
3 895 877 884 
4 912 876 802 921 
4 926 941 889 869 
3 794 771 963 
4 902 880 873 876 
3 796 929 931 
3 890 878 920 
5 900 852 875 879 897 
4 879 870 856 893 
3 903 854 882 
3 913 871 886 
3 907 857 850 
3 909 858 859 
3 904 888 899 
3 936 863 917 
4 872 877 880 910 
3 906 865 903 
3 905 887 904 
3 909 846 908 
3 893 867 906 
3 908 887 911 
3 937 924 872 
3 910 884 912 
3 927 896 889 
3 916 897 893 
3 911 897 914 
3 919 899 896 
3 878 891 925 
3 935 898 900 
4 917 892 860 898 
3 895 902 923 
3 933 900 905 
3 902 881 948 
3 932 922 890 
3 905 916 981 
3 918 871 922 
4 914 904 928 952 
3 934 894 909 
3 929 874 915 
3 928 906 930 
3 932 886 938 
3 976 881 776 
3 943 915 913 
3 953 910 940 
3 979 926 901 
4 942 938 907 863 
3 941 882 924 
3 947 930 903 
3 916 919 952 
4 931 885 918 939 
3 971 919 927 
3 956 885 929 
3 950 913 920 
3 946 911 959 
3 936 917 949 
3 949 908 946 
3 951 894 934 
3 969 970 901 
3 920 925 942 
3 954 929 943 
3 953 923 955 
3 947 882 926 
4 951 957 938 925 
3 944 939 922 
3 954 943 950 
5 495 709 794 963 995 
3 962 935 933 
3 994 927 941 
3 960 912 976 
3 965 934 935 
3 964 944 932 
5 983 942 936 961 968 
3 916 928 971 
5 969 923 940 955 958 
3 963 939 944 
3 953 940 960 
3 963 839 931 
3 977 967 942 
3 953 976 974 
3 933 981 985 
3 955 948 976 
3 951 965 972 
3 965 946 985 
6 945 883 956 954 966 995 
3 966 950 967 
4 961 949 962 980 
3 963 964 975 
3 964 957 977 
3 973 951 972 
3 987 937 953 
3 986 979 937 
3 990 952 930 
3 968 961 982 
3 983 968 978 
3 992 958 976 
3 966 983 984 
6 996 974 958 960 948 921 
3 983 967 957 
3 989 973 982 
3 994 924 970 
3 965 994 988 
3 959 914 990 
3 978 972 988 
6 995 984 975 977 951 973 
3 995 975 983 
3 962 959 990 
3 993 970 987 
3 986 969 992 
3 982 980 994 
3 995 978 991 
4 985 981 971 994 
3 995 989 994 
3 996 987 974 
3 994 986 997 
8 991 988 980 990 947 979 993 997 
7 945 963 984 983 989 991 998 
3 999 992 976 
4 998 994 993 999 
3 995 997 999 
3 998 997 996 
