90
0 248 4424
1 250 500
2 284 976
3 292 4460
4 398 3356
5 558 1410
6 568 2292
7 662 3234
8 696 1330
9 838 3078
10 972 4056
11 992 2954
12 1000 498
13 1060 3732
14 1146 5224
15 1188 4246
16 1290 2894
17 1316 234
18 1436 5232
19 1458 5144
20 1474 876
21 1536 822
22 1624 1026
23 1710 2402
24 1904 5310
25 1906 382
26 2002 5236
27 2030 1726
28 2100 2846
29 2124 4590
30 2358 1964
31 2366 656
32 2366 3414
33 2422 4854
34 2426 1228
35 2452 4480
36 2510 2902
37 2626 3362
38 2674 1918
39 2688 3564
40 2734 1676
41 2736 2798
42 2958 3388
43 2958 3872
44 2994 1430
45 3018 4024
46 3050 5258
47 3084 3072
48 3130 2004
49 3138 4536
50 3144 3856
51 3190 1090
52 3510 4618
53 3526 1874
54 3598 5356
55 3764 2962
56 3776 2208
57 3920 2218
58 3922 3200
59 3934 4934
60 3962 4590
61 4090 4706
62 4106 1856
63 4190 1936
64 4242 3170
65 4306 5348
66 4328 80
67 4334 5202
68 4496 1076
69 4666 3614
70 4680 938
71 4682 4022
72 4706 208
73 4736 2968
74 4862 448
75 4864 1578
76 4876 1292
77 4928 4640
78 4966 3932
79 4970 5080
80 5146 3716
81 5180 3256
82 5192 4710
83 5248 3800
84 5258 2944
85 5270 3122
86 5300 5202
87 5376 1662
88 5376 1986
89 5384 4230
4 3 14 1 4 
4 2 0 17 12 
5 8 5 6 4 1 
3 14 0 10 
4 10 0 2 7 
3 6 2 8 
5 11 9 7 2 5 
4 13 4 6 9 
3 27 5 2 
3 7 6 11 
3 15 3 4 
3 9 6 16 
3 20 1 17 
3 15 7 32 
6 18 24 0 3 15 19 
4 14 10 13 32 
3 11 23 28 
4 25 12 1 66 
3 24 14 19 
3 18 14 29 
3 22 12 21 
3 22 20 25 
3 27 20 21 
3 28 16 27 
4 54 14 18 26 
4 31 21 17 66 
3 46 24 33 
5 30 23 8 22 34 
4 36 32 16 23 
3 19 32 35 
3 36 27 38 
3 34 25 66 
5 29 15 13 28 37 
3 26 35 49 
5 44 40 27 31 51 
4 33 29 39 43 
3 37 28 30 
4 39 32 36 41 
3 41 30 40 
3 35 37 42 
3 48 38 34 
4 47 37 38 48 
3 43 39 47 
4 45 35 42 50 
3 53 34 51 
3 49 43 50 
3 54 26 52 
4 58 42 41 55 
3 56 41 40 
3 52 33 45 
3 45 43 58 
4 53 44 34 66 
3 46 49 60 
3 56 44 51 
4 24 46 59 65 
3 64 47 56 
4 57 55 48 53 
3 64 56 62 
4 60 50 47 64 
3 67 54 61 
3 61 52 58 
4 59 60 71 77 
3 63 57 68 
3 73 62 75 
5 69 58 55 57 73 
3 54 67 86 
6 72 68 51 31 25 17 
3 65 59 79 
3 62 66 70 
3 71 64 81 
3 76 68 72 
3 61 69 78 
3 74 70 66 
3 81 64 63 
2 87 72 
3 87 63 76 
3 87 75 70 
3 82 61 78 
3 77 71 80 
3 86 67 82 
3 83 78 81 
4 80 69 73 84 
4 86 79 77 89 
3 89 80 85 
3 85 81 88 
3 89 83 84 
4 65 79 82 89 
5 89 88 75 76 74 
3 89 84 87 
6 86 82 83 85 88 87 
