300
0 36 3840
1 166 16890
2 276 9540
3 286 11656
4 512 8634
5 578 17850
6 620 17390
7 630 4192
8 678 6766
9 692 4372
10 724 11752
11 810 17692
12 814 4970
13 1048 2910
14 1112 17052
15 1204 13072
16 1222 8970
17 1276 10426
18 1298 8272
19 1306 3698
20 1318 17808
21 1334 10156
22 1336 3022
23 1486 7788
24 1516 2150
25 1518 15506
26 1540 5002
27 1600 1780
28 1642 432
29 1674 7636
30 1714 3192
31 1732 17154
32 1772 12622
33 1870 14104
34 1902 2500
35 1944 8338
36 2172 3398
37 2228 4902
38 2258 9790
39 2312 6516
40 2352 3112
41 2356 15864
42 2362 12620
43 2520 3660
44 2520 15598
45 2544 2110
46 2750 5434
47 2798 11248
48 2800 6822
49 2872 17372
50 2904 918
51 2950 6214
52 3014 15502
53 3260 5652
54 3496 670
55 3580 1282
56 3602 8146
57 3670 9602
58 3732 1392
59 3736 964
60 3766 7784
61 3822 7430
62 3966 8004
63 3994 12150
64 4052 8220
65 4054 12942
66 4196 14310
67 4408 7502
68 4530 13142
69 4542 5536
70 4546 5680
71 4644 8686
72 4662 8218
73 4730 17662
74 4758 15688
75 4758 17668
76 4836 14980
77 5012 6414
78 5022 7394
79 5066 14104
80 5070 2508
81 5214 17038
82 5264 15022
83 5322 10978
84 5348 2220
85 5502 11232
86 5518 9690
87 5520 14478
88 5572 2404
89 5678 4998
90 5686 4418
91 5778 14182
92 5778 15982
93 5798 3210
94 5864 5680
95 5924 8806
96 5960 3164
97 5964 16798
98 6048 7394
99 6052 17240
100 6206 9974
101 6212 2182
102 6246 738
103 6416 11938
104 6444 4154
105 6508 7978
106 6628 16090
107 6660 2556
108 6696 1778
109 6816 6272
110 6846 11628
111 6958 13478
112 7058 17510
113 7142 14944
114 7262 16424
115 7330 1672
116 7432 4186
117 7464 6526
118 7494 830
119 7506 15154
120 7554 2502
121 7924 6610
122 7946 4764
123 7992 8328
124 8070 7188
125 8092 13050
126 8094 17518
127 8136 8628
128 8206 17826
129 8324 5724
130 8330 4834
131 8560 9334
132 8584 2922
133 8608 7630
134 8672 14934
135 8794 6670
136 8888 3888
137 8896 10568
138 8950 4850
139 8952 8812
140 8954 6566
141 8986 5002
142 9026 9192
143 9030 4874
144 9122 9332
145 9154 15160
146 9186 5058
147 9302 16246
148 9348 7110
149 9394 3394
150 9416 3682
151 9570 5604
152 9650 8424
153 9768 6328
154 9866 4740
155 9906 14292
156 10130 11364
157 10194 16262
158 10232 2858
159 10280 2234
160 10328 13994
161 10360 15296
162 10376 3116
163 10406 1862
164 10448 4076
165 10458 2522
166 10514 12212
167 10552 5902
168 10564 6236
169 10708 5452
170 10834 7090
171 10840 10970
172 10934 11850
173 10938 1706
174 10974 6228
175 10978 16690
176 11066 662
177 11148 16668
178 11158 16170
179 11262 730
180 11336 58
181 11398 1298
182 11424 13308
183 11520 15874
184 11566 2158
185 11598 16342
186 11670 6476
187 11692 1716
188 11700 15636
189 11704 6944
190 11706 12028
191 11754 12272
192 11928 1080
193 11946 11768
194 11966 12982
195 12068 10506
196 12312 2930
197 12314 1744
198 12350 622
199 12366 12792
200 12412 6908
201 12438 7780
202 12492 4608
203 12522 2298
204 12572 9894
205 12682 15044
206 12776 13464
207 12842 6996
208 12886 9872
209 12892 12214
210 12918 17546
211 13102 1546
212 13280 12088
213 13290 3814
214 13372 2122
215 13398 11110
216 13432 15702
217 13484 5022
218 13520 12322
219 13562 7906
220 13612 10478
221 13646 14856
222 13682 8096
223 13686 68
224 13716 7284
225 13760 16974
226 13804 13634
227 13818 4804
228 13838 17184
229 13930 5426
230 14044 2254
231 14204 14918
232 14240 6830
233 14242 12732
234 14276 7494
235 14436 4458
236 14442 14194
237 14456 5486
238 14516 7386
239 14520 2064
240 14548 1336
241 14638 3820
242 14660 15564
243 14666 9216
244 14674 10532
245 14744 14562
246 15008 2078
247 15022 5186
248 15154 9468
249 15264 11436
250 15274 17818
251 15288 7524
252 15326 7156
253 15346 17022
254 15582 5032
255 15620 10576
256 15676 7910
257 15778 16566
258 15860 13600
259 15876 14026
260 15934 9608
261 15976 4192
262 15988 778
263 16098 8020
264 16102 17020
265 16166 8636
266 16176 11754
267 16216 12016
268 16230 2102
269 16322 10558
270 16354 3830
271 16390 15990
272 16426 2314
273 16444 7704
274 16480 13786
275 16484 11804
276 16518 7088
277 16738 5436
278 16752 9596
279 16766 3380
280 16796 7716
281 16804 11002
282 17034 13366
283 17080 15214
284 17106 6106
285 17166 10084
286 17182 1592
287 17226 8616
288 17242 10964
289 17276 3154
290 17524 16820
291 17534 14726
292 17610 1146
293 17724 9426
294 17810 8882
295 17856 15882
296 17856 17114
297 17904 7450
298 17954 12974
299 17990 11482
5 7 2 1 28 13 
7 14 6 5 0 3 15 25 
3 3 0 4 
4 10 1 2 17 
4 16 2 8 18 
5 1 11 20 128 250 
3 11 1 14 
3 9 0 19 
4 23 4 12 26 
3 12 7 19 
3 15 3 47 
3 20 5 6 
3 26 8 9 
3 22 0 24 
3 31 6 1 
4 33 1 10 32 
4 21 4 18 35 
3 3 21 38 
3 16 4 23 
5 9 7 22 30 43 
4 5 11 49 75 
3 17 16 38 
3 19 13 34 
3 18 8 29 
3 34 13 27 
4 41 31 1 33 
3 8 12 37 
4 45 34 24 28 
5 54 50 27 0 180 
3 35 23 39 
3 36 19 34 
3 49 14 25 
3 15 47 42 
4 44 25 15 65 
5 40 30 22 24 27 
3 16 29 56 
3 43 30 40 
3 46 26 43 
4 17 21 56 57 
3 48 29 46 
5 43 36 34 45 80 
4 49 25 44 52 
3 65 32 47 
5 53 37 19 36 40 
3 41 33 52 
3 40 27 58 
4 53 51 39 37 
5 63 42 32 10 57 
4 61 60 39 51 
5 73 20 31 41 74 
3 55 28 54 
3 48 46 53 
4 41 44 66 76 
5 70 51 46 43 69 
4 102 59 50 28 
3 58 50 59 
5 64 38 35 60 62 
4 86 47 38 64 
3 84 45 55 
3 55 54 102 
4 56 48 61 67 
3 60 48 77 
3 72 56 67 
5 68 65 47 83 85 
4 71 57 56 72 
4 66 33 42 63 
4 52 65 68 79 
4 62 60 77 78 
4 79 66 63 103 
4 94 53 90 89 
3 94 77 53 
3 86 64 72 
4 71 64 62 78 
3 75 49 81 
3 81 49 76 
3 128 20 73 
4 82 74 52 79 
5 98 78 67 61 70 
4 95 72 67 77 
5 91 87 76 66 68 
4 93 40 84 88 
3 99 73 74 
3 92 76 87 
3 85 63 100 
3 80 58 101 
3 110 63 83 
4 100 57 71 95 
3 113 82 79 
3 96 80 101 
3 94 69 90 
3 89 69 93 
4 113 79 103 111 
3 106 97 82 
3 90 80 96 
5 98 70 69 89 104 
4 86 78 98 105 
4 104 93 88 101 
3 99 92 114 
4 95 77 94 109 
3 112 81 97 
3 83 86 127 
4 96 88 84 108 
5 118 108 59 54 180 
3 91 68 110 
4 109 94 96 107 
3 123 95 117 
3 114 92 113 
4 116 104 108 120 
4 107 101 102 115 
5 117 98 104 116 122 
5 125 111 103 85 137 
3 91 110 125 
3 126 128 99 
5 119 106 87 91 125 
4 97 106 119 147 
3 120 108 118 
4 122 109 107 136 
3 121 105 109 
4 163 115 102 180 
3 114 113 134 
3 132 107 115 
4 135 124 117 129 
3 130 109 116 
3 127 105 124 
3 123 121 135 
5 160 113 111 110 166 
3 128 112 147 
5 139 131 100 123 133 
7 5 75 112 126 175 210 250 
4 140 121 130 141 
3 138 129 122 
4 137 127 142 144 
3 149 120 159 
3 127 135 148 
3 145 119 155 
5 148 133 124 121 140 
3 138 116 149 
3 156 110 131 
3 143 130 136 
3 142 127 152 
3 135 129 153 
3 146 129 143 
3 144 131 139 
4 146 141 138 150 
3 171 131 142 
3 147 134 155 
4 151 141 143 154 
4 157 126 114 145 
3 133 135 170 
4 150 136 132 158 
4 164 154 143 149 
3 167 153 146 
3 204 139 170 
3 140 151 168 
3 169 146 150 
3 145 134 160 
3 172 166 137 
3 175 147 161 
3 162 149 159 
3 158 132 163 
5 188 161 155 125 182 
3 178 157 160 
3 164 158 165 
5 165 159 118 176 173 
4 169 150 162 196 
3 162 163 184 
4 191 125 156 172 
4 174 168 151 169 
3 170 153 167 
4 167 154 164 202 
5 152 148 168 174 189 
4 193 172 144 195 
4 190 166 156 171 
3 184 163 181 
3 186 170 167 
3 128 157 177 
3 179 163 180 
4 210 175 178 185 
3 177 161 183 
4 192 181 176 198 
5 223 176 118 102 28 
3 187 173 179 
3 160 191 194 
3 185 178 188 
4 196 165 173 187 
3 177 183 216 
3 189 174 202 
3 197 184 181 
3 183 160 205 
4 201 170 186 200 
3 191 172 193 
4 194 182 166 190 
3 197 179 198 
3 209 190 171 
3 182 191 199 
3 215 171 204 
5 213 164 184 203 214 
4 203 187 192 211 
3 192 179 223 
3 206 194 209 
3 207 189 217 
4 219 222 208 189 
3 186 169 213 
3 196 197 211 
3 195 152 208 
3 188 206 221 
3 226 205 199 
3 224 200 217 
3 220 204 201 
3 199 193 212 
5 250 128 177 225 228 
5 214 203 197 223 240 
3 218 209 215 
5 241 227 217 202 196 
3 230 196 211 
3 212 195 220 
3 185 231 242 
4 229 207 200 213 
4 233 226 212 249 
3 222 201 224 
3 244 215 208 
3 231 205 226 
3 243 201 219 
5 292 262 211 198 180 
4 234 219 207 232 
3 228 210 242 
4 221 206 218 233 
4 237 229 213 235 
3 210 225 253 
3 232 217 227 
3 241 214 239 
4 242 216 221 236 
5 252 238 224 229 237 
4 258 236 226 218 
3 243 224 238 
4 254 247 227 241 
5 245 231 233 258 259 
3 232 227 247 
3 234 232 252 
3 246 230 240 
3 239 211 262 
5 261 235 213 230 246 
5 257 225 216 231 245 
4 244 222 234 251 
4 249 220 243 248 
3 242 236 259 
3 268 241 239 
3 237 235 254 
3 255 244 256 
4 266 218 244 255 
6 5 128 210 253 264 296 
3 256 243 252 
5 273 251 238 232 276 
3 250 228 257 
3 277 247 235 
4 249 248 260 269 
4 263 248 251 273 
3 253 242 271 
4 236 233 267 282 
3 245 236 274 
3 255 265 278 
3 277 241 270 
3 292 240 223 
3 265 256 280 
3 296 250 271 
3 260 263 287 
5 275 267 249 269 281 
3 282 258 266 
3 272 246 286 
3 266 255 278 
3 277 261 279 
4 290 264 257 283 
3 289 279 268 
3 280 256 252 
3 283 259 282 
3 282 266 299 
3 297 252 284 
4 284 254 261 270 
4 285 269 260 293 
3 270 272 289 
4 287 263 273 297 
3 266 285 288 
5 291 274 258 267 275 
3 271 274 291 
3 297 276 277 
4 288 281 278 293 
3 289 268 292 
3 294 265 280 
3 299 281 285 
4 297 279 272 286 
3 296 271 295 
4 295 283 282 298 
4 297 286 262 223 
4 299 285 278 294 
4 299 293 287 297 
4 296 290 291 298 
6 250 264 290 295 298 299 
7 299 294 280 276 284 289 292 
4 296 295 291 299 
7 296 298 275 288 293 294 297 
