600
0 24 9694
1 82 28152
2 134 3494
3 156 23120
4 272 5370
5 346 29936
6 358 10970
7 404 5850
8 414 34708
9 500 16418
10 600 16792
11 618 34502
12 642 32436
13 680 18996
14 706 23230
15 734 7890
16 744 30722
17 772 7884
18 834 10630
19 884 16316
20 1058 4586
21 1104 7420
22 1108 11702
23 1144 4608
24 1206 9914
25 1242 17598
26 1372 26398
27 1444 10180
28 1462 29746
29 1488 9536
30 1488 34884
31 1528 17036
32 1598 3386
33 1684 26584
34 1736 15740
35 1790 19564
36 1842 33816
37 1944 15342
38 2044 31550
39 2124 8706
40 2156 29884
41 2194 16730
42 2246 7954
43 2420 35054
44 2426 7742
45 2526 23870
46 2556 3312
47 2636 32700
48 2654 5330
49 2692 27908
50 2774 10780
51 2832 8830
52 2870 5074
53 2872 24088
54 2918 15896
55 3016 16742
56 3046 3414
57 3060 3502
58 3178 22962
59 3242 28240
60 3248 17744
61 3280 26760
62 3282 29158
63 3282 31142
64 3300 34028
65 3304 18886
66 3366 1526
67 3380 98
68 3418 1372
69 3436 16884
70 3548 23246
71 3570 31000
72 3670 28970
73 3672 28422
74 3722 21936
75 3736 30114
76 3742 28306
77 3748 25688
78 3750 1466
79 3806 7524
80 3836 1804
81 3852 16374
82 3860 4428
83 3862 3368
84 3902 2784
85 3974 15734
86 4002 23264
87 4028 2982
88 4040 8016
89 4044 732
90 4086 7242
91 4250 32612
92 4358 13142
93 4362 15930
94 4372 13292
95 4424 10648
96 4468 34104
97 4492 33820
98 4570 31624
99 4642 8304
100 4710 25836
101 4716 19498
102 4780 1614
103 4830 7026
104 4990 3872
105 5058 16660
106 5148 7678
107 5164 5134
108 5244 29834
109 5298 12648
110 5340 18016
111 5470 29898
112 5530 12996
113 5596 24072
114 5604 23998
115 5662 708
116 5728 31020
117 5832 34444
118 5846 32338
119 5866 12230
120 5918 11522
121 5934 14922
122 6014 13080
123 6046 18272
124 6046 24268
125 6174 20694
126 6190 31486
127 6260 24502
128 6328 19104
129 6342 3028
130 6416 21114
131 6462 10352
132 6574 4998
133 6586 23488
134 6590 20172
135 6604 17898
136 6656 13204
137 6694 9480
138 6738 28222
139 6850 4820
140 6920 14890
141 7030 32392
142 7142 28156
143 7154 14684
144 7218 20208
145 7388 31292
146 7408 31634
147 7502 13588
148 7568 29518
149 7606 30238
150 7788 25690
151 7790 16358
152 7792 15088
153 7898 19224
154 7970 7776
155 7992 33338
156 8188 17962
157 8226 17424
158 8262 19566
159 8468 19398
160 8504 29628
161 8516 12516
162 8590 5886
163 8594 11390
164 8772 14460
165 8782 80
166 8800 3726
167 8854 16850
168 9162 32446
169 9170 9706
170 9176 11202
171 9310 22686
172 9336 25254
173 9368 23758
174 9464 13648
175 9470 9310
176 9548 5200
177 9558 294
178 9566 28572
179 9668 3688
180 9708 9868
181 9832 31156
182 9860 33642
183 9930 27816
184 9952 17678
185 9966 12374
186 9966 17212
187 10090 13246
188 10178 7516
189 10300 9448
190 10390 3524
191 10476 13422
192 10514 27330
193 10548 10660
194 10692 20650
195 10706 32504
196 10722 18856
197 10772 13264
198 10880 11428
199 10896 19536
200 10910 25572
201 11184 14874
202 11188 8970
203 11194 30280
204 11196 18496
205 11250 6750
206 11392 33658
207 11604 18870
208 11704 6460
209 11786 19002
210 11906 5048
211 11972 20762
212 12018 4846
213 12036 2196
214 12042 29244
215 12104 7230
216 12118 22298
217 12176 22038
218 12360 12662
219 12444 2298
220 12444 35934
221 12468 9764
222 12482 21376
223 12540 19002
224 12652 17604
225 12666 22636
226 12758 12510
227 12770 11414
228 12814 28904
229 12830 20222
230 12850 656
231 13046 11800
232 13052 27496
233 13100 28554
234 13114 2658
235 13184 2640
236 13258 266
237 13348 4318
238 13352 6300
239 13450 12296
240 13574 18174
241 13742 29008
242 13826 8498
243 13834 28770
244 13844 21824
245 13860 11602
246 13924 6568
247 13946 2982
248 13946 11790
249 14002 4086
250 14016 10616
251 14070 25642
252 14216 24606
253 14222 27712
254 14276 24502
255 14292 15688
256 14294 10096
257 14536 23514
258 14598 19312
259 14728 8586
260 14752 30658
261 14754 17074
262 14886 2306
263 14932 32762
264 14934 10490
265 15116 23362
266 15126 29990
267 15208 23590
268 15234 23436
269 15492 16888
270 15530 5720
271 15630 1942
272 15664 7132
273 15680 14534
274 15690 20808
275 15798 30920
276 15890 26386
277 15970 1852
278 16016 18742
279 16168 21154
280 16172 29786
281 16190 34674
282 16232 31070
283 16254 5222
284 16288 28492
285 16318 21464
286 16340 29940
287 16380 19054
288 16384 2166
289 16394 9868
290 16554 32350
291 16570 32348
292 16574 8352
293 16716 31522
294 16740 9554
295 16740 20802
296 16778 14296
297 16788 14630
298 16862 34218
299 16940 34626
300 16976 14862
301 17054 7032
302 17098 35172
303 17134 5072
304 17164 34420
305 17176 6230
306 17204 22222
307 17212 15790
308 17284 7538
309 17292 14530
310 17302 19118
311 17446 11164
312 17464 28586
313 17560 29978
314 17580 31626
315 17610 18358
316 17622 5194
317 17622 21218
318 17642 1822
319 17684 20794
320 17712 2400
321 17744 10234
322 17776 30160
323 17788 3770
324 17804 24084
325 17828 29868
326 17838 30262
327 17918 30590
328 17922 19972
329 18052 7424
330 18080 34450
331 18114 29380
332 18358 35112
333 18486 11488
334 18514 32710
335 18570 2424
336 18958 20580
337 19002 12690
338 19036 22486
339 19050 16160
340 19060 3928
341 19080 1616
342 19080 18314
343 19178 9600
344 19340 17260
345 19342 16392
346 19428 574
347 19478 8634
348 19490 6066
349 19492 31934
350 19496 15716
351 19546 16776
352 19640 25578
353 19664 25808
354 19676 1298
355 19702 22314
356 19748 31420
357 19788 31064
358 19818 18542
359 19874 12002
360 19962 14520
361 19966 27622
362 19988 9100
363 20028 22850
364 20180 14286
365 20256 11864
366 20332 14984
367 20332 16818
368 20340 11584
369 20404 14760
370 20444 5308
371 20506 31822
372 20532 27900
373 20548 6166
374 20564 33294
375 20646 23128
376 20652 2752
377 20812 26964
378 20960 31256
379 21030 27904
380 21062 10152
381 21136 17328
382 21168 28710
383 21172 23892
384 21298 9888
385 21322 24192
386 21520 536
387 21538 3652
388 21600 3304
389 21600 22370
390 21636 34264
391 21654 18076
392 21748 7980
393 21782 12756
394 21854 9260
395 21862 4044
396 21992 9926
397 22052 1950
398 22238 13622
399 22412 17962
400 22438 28842
401 22474 15352
402 22554 938
403 22648 32600
404 22782 28628
405 22888 6226
406 22920 17898
407 22934 6860
408 22962 35486
409 22968 14726
410 23056 668
411 23104 34464
412 23186 19838
413 23312 25680
414 23428 3000
415 23464 3188
416 23528 9078
417 23556 13942
418 23608 10990
419 23812 32120
420 23896 1020
421 23936 18274
422 24006 30022
423 24158 742
424 24252 19234
425 24254 24156
426 24278 31432
427 24462 10784
428 24482 25962
429 24576 16364
430 24594 21858
431 24980 4638
432 25008 29074
433 25082 6158
434 25214 11702
435 25250 32050
436 25400 9658
437 25494 31790
438 25512 198
439 25636 34228
440 25702 8672
441 25762 24088
442 25886 16396
443 25894 24576
444 25936 27428
445 25978 9666
446 25992 22178
447 26092 29726
448 26104 1592
449 26148 21616
450 26154 10644
451 26304 34498
452 26308 22920
453 26312 28390
454 26446 23956
455 26816 746
456 26860 11386
457 26880 29754
458 26884 12754
459 26956 6238
460 27222 16446
461 27320 12882
462 27358 23654
463 27520 23100
464 27554 19274
465 27724 24932
466 27810 35136
467 27968 1914
468 28080 8466
469 28086 5934
470 28108 5552
471 28272 46
472 28340 1994
473 28354 14800
474 28448 35468
475 28524 24990
476 28594 15148
477 28604 22204
478 28684 12828
479 28734 15554
480 28740 17982
481 28806 17300
482 28810 6440
483 28824 17472
484 28870 26124
485 28936 19838
486 28956 6320
487 29012 13746
488 29190 32484
489 29218 28988
490 29420 27530
491 29456 19436
492 29476 15340
493 29660 19282
494 29674 14160
495 29816 2486
496 29840 1598
497 29886 21802
498 29942 26978
499 29944 32494
500 29992 20044
501 30012 15694
502 30056 11464
503 30062 23076
504 30120 12820
505 30144 6058
506 30164 31574
507 30236 31012
508 30308 4204
509 30374 31508
510 30414 12938
511 30440 24624
512 30450 8868
513 30468 29222
514 30496 29304
515 30610 32930
516 30746 30104
517 30978 19930
518 31042 31780
519 31118 638
520 31136 16782
521 31210 31824
522 31302 22610
523 31660 14434
524 31662 336
525 31894 5074
526 31912 20428
527 32060 18256
528 32132 11176
529 32138 26304
530 32288 4828
531 32288 24628
532 32300 20552
533 32306 23284
534 32382 35966
535 32406 9460
536 32466 2882
537 32472 34432
538 32544 17078
539 32568 26342
540 32570 23930
541 32636 7604
542 32660 3196
543 32672 21344
544 32700 35080
545 32706 7816
546 32708 28608
547 32822 27382
548 32830 408
549 32836 24518
550 32842 11464
551 32912 21306
552 33002 748
553 33276 25456
554 33420 13744
555 33442 4190
556 33450 19110
557 33582 21456
558 33598 18538
559 33696 27492
560 33838 33692
561 33968 29908
562 34236 5160
563 34270 16290
564 34294 6440
565 34318 30690
566 34380 35194
567 34394 31320
568 34396 27198
569 34492 11682
570 34496 10202
571 34560 35180
572 34590 6182
573 34592 17186
574 34648 16032
575 34706 7212
576 34824 20734
577 34892 8828
578 34914 18662
579 34984 11094
580 35082 7756
581 35146 7962
582 35202 4088
583 35234 25494
584 35270 24968
585 35304 8906
586 35346 32606
587 35426 21558
588 35518 28866
589 35520 31112
590 35542 1132
591 35550 3960
592 35556 31508
593 35592 19578
594 35700 2084
595 35716 22764
596 35844 7106
597 35880 4148
598 35882 20604
599 35928 702
3 1 2 4 
4 5 8 0 3 
4 4 0 67 32 
4 1 7 6 9 
3 7 0 2 
3 12 1 10 
6 9 3 7 15 17 18 
4 6 3 4 20 
4 30 43 1 11 
3 10 3 6 
4 13 5 9 19 
4 8 12 36 64 
3 11 5 16 
3 26 14 10 
3 28 16 13 
3 6 20 17 
4 38 12 14 28 
3 6 15 21 
3 22 6 24 
3 25 10 22 
4 23 15 7 32 
3 24 17 23 
3 19 18 27 
3 21 20 46 
3 18 21 29 
3 35 19 31 
3 33 28 13 
3 22 29 39 
6 40 16 14 26 49 59 
3 27 24 42 
3 43 8 117 
3 25 34 41 
3 20 2 68 
3 49 26 45 
3 31 39 37 
3 45 25 60 
3 64 11 47 
3 54 34 50 
4 47 16 40 63 
3 34 27 44 
3 38 28 62 
3 55 31 54 
3 29 48 44 
3 220 8 30 
4 51 39 42 52 
3 53 33 35 
3 48 23 66 
3 36 38 91 
3 42 46 56 
3 59 28 33 
3 92 37 51 
3 50 44 79 
3 44 57 83 
3 61 45 58 
3 41 37 85 
3 69 41 81 
3 57 48 66 
3 52 56 84 
4 70 53 65 74 
4 73 28 49 61 
3 65 35 69 
3 59 53 77 
3 40 73 72 
3 98 38 71 
3 96 11 36 
3 101 58 60 
3 56 46 68 
4 89 68 2 165 
5 78 66 32 67 89 
3 60 55 81 
3 86 77 58 
3 116 63 75 
3 75 62 76 
3 62 59 76 
3 58 101 125 
3 71 72 108 
3 72 73 100 
3 100 61 70 
3 102 80 68 
4 88 51 82 90 
3 129 84 78 
3 69 55 93 
3 90 79 83 
3 82 52 87 
3 87 57 80 
3 93 54 94 
3 114 70 130 
3 104 83 84 
3 99 95 79 
3 68 67 115 
3 79 82 103 
3 97 47 118 
3 94 50 95 
4 105 81 85 121 
3 85 92 109 
4 119 109 92 88 
3 117 64 97 
4 96 91 155 182 
3 141 118 63 
3 120 88 106 
3 76 77 113 
3 74 65 110 
3 219 166 78 
3 106 90 107 
3 132 107 87 
3 110 93 140 
3 137 99 103 
3 103 104 132 
3 111 75 138 
3 112 94 95 
3 123 101 105 
3 116 108 148 
3 122 121 109 
3 124 100 114 
3 113 86 133 
3 213 89 177 
4 145 126 71 111 
3 281 30 96 
3 155 91 98 
3 122 95 120 
3 119 99 131 
3 93 112 140 
3 136 112 119 
4 128 110 152 135 
3 172 127 113 
3 74 134 144 
3 146 141 116 
3 150 138 124 
3 153 134 123 
3 166 139 80 
3 86 144 158 
3 120 137 169 
4 162 107 104 139 
3 114 194 171 
3 144 125 128 
3 123 151 157 
3 147 122 163 
3 131 106 154 
3 108 127 142 
3 132 129 166 
3 105 121 143 
3 182 98 126 
3 148 138 150 
3 152 140 147 
4 130 125 134 158 
4 146 116 149 160 
3 168 126 145 
3 143 136 161 
4 160 149 111 142 
3 145 148 160 
3 142 127 172 
3 167 135 164 
3 123 143 164 
3 159 128 156 
3 175 137 162 
3 182 97 118 
3 153 157 184 
3 156 135 167 
3 130 144 159 
3 158 153 196 
4 145 149 148 178 
4 174 147 163 170 
3 154 132 176 
3 161 136 169 
3 151 152 174 
5 438 236 177 67 471 
4 139 129 102 179 
3 186 157 151 
4 195 206 146 181 
3 163 131 175 
3 185 161 180 
3 173 133 194 
4 183 150 124 173 
3 200 172 171 
3 164 161 187 
5 189 180 169 154 188 
3 188 162 179 
3 230 115 165 
3 181 160 183 
3 176 166 190 
3 193 170 175 
3 168 178 203 
4 206 97 155 141 
3 178 172 192 
3 204 156 186 
3 187 170 198 
3 184 167 201 
3 191 174 185 
3 175 176 205 
3 193 175 202 
3 210 179 219 
3 201 187 197 
3 214 183 200 
3 198 180 189 
4 211 171 133 199 
3 263 168 290 
3 199 159 204 
3 191 231 218 
3 185 193 227 
3 194 196 207 
3 192 173 216 
3 186 191 218 
3 221 189 215 
3 260 181 214 
6 223 207 196 184 224 240 
3 188 210 208 
3 298 182 168 
3 209 199 204 
3 215 205 249 
6 285 229 244 222 211 207 
3 205 190 212 
3 217 194 209 
3 210 234 237 
3 219 115 271 
3 203 192 228 
3 202 208 238 
3 232 200 217 
3 225 216 211 
3 201 197 226 
6 262 235 234 190 102 213 
4 534 43 302 408 
3 227 202 242 
3 252 225 209 
3 258 274 204 
3 204 255 261 
3 251 217 222 
3 218 248 239 
3 231 198 221 
4 241 266 214 233 
3 324 265 209 
3 277 177 236 
3 197 227 245 
3 253 233 216 
3 243 228 232 
3 212 219 235 
3 247 234 219 
4 386 346 230 165 
3 212 247 249 
3 246 215 320 
3 255 226 248 
3 278 204 269 
3 280 228 243 
3 250 221 246 
3 241 233 284 
3 267 257 209 
3 248 231 250 
3 242 238 270 
3 237 235 262 
4 273 239 226 245 
3 208 237 288 
3 245 242 256 
3 253 225 252 
3 251 222 254 
3 284 232 251 
3 276 252 257 
3 224 239 273 
3 264 250 259 
3 276 254 244 
3 295 223 287 
3 256 270 272 
3 275 203 266 
3 224 307 269 
3 247 219 288 
3 298 195 290 
3 297 256 289 
3 268 267 229 
3 260 228 286 
3 312 244 265 
3 353 361 265 
3 240 261 307 
3 259 246 283 
3 288 213 277 
3 292 259 283 
3 297 255 248 
3 279 223 295 
3 282 260 327 
3 312 254 257 
3 271 230 318 
3 287 240 315 
3 338 285 274 
3 313 286 241 
4 302 117 304 299 
3 293 275 327 
4 272 270 323 303 
3 312 243 253 
3 306 209 279 
3 326 266 280 
3 310 258 278 
4 320 249 262 271 
3 296 264 294 
3 263 195 291 
3 334 290 293 
4 294 272 301 308 
3 314 291 282 
3 311 289 292 
4 317 274 258 319 
3 309 297 289 
4 300 273 264 296 
3 304 206 263 
3 302 281 330 
3 339 307 297 
3 308 292 305 
4 220 281 299 332 
3 305 283 323 
3 330 281 298 
3 301 303 316 
3 338 324 285 
4 344 269 261 300 
3 292 301 329 
3 339 296 311 
4 328 287 315 342 
3 309 294 321 
4 331 284 276 267 
3 322 280 325 
3 334 293 327 
3 310 278 344 
4 348 305 335 340 
3 355 295 319 
3 335 277 341 
3 317 295 328 
3 335 238 288 
3 333 311 329 
3 357 326 313 
3 303 283 335 
3 352 229 306 
3 313 331 382 
4 349 327 286 322 
5 334 314 282 275 326 
3 336 319 310 
3 321 308 348 
3 299 304 390 
3 325 312 361 
3 408 302 411 
3 337 321 343 
4 374 291 314 327 
6 376 340 316 323 320 318 
3 430 389 328 
4 350 333 343 359 
3 363 306 279 
3 345 300 309 
3 370 316 335 
3 376 318 354 
4 358 310 367 381 
3 337 333 347 
4 315 307 351 367 
3 351 339 350 
5 410 402 397 354 236 
3 362 343 348 
4 373 347 329 316 
4 374 326 356 371 
3 345 337 360 
3 344 345 366 
3 353 324 385 
3 377 268 352 
3 415 341 346 
3 389 363 317 
3 371 349 357 
3 378 356 322 
3 412 342 391 
3 337 368 365 
3 350 365 364 
3 372 331 268 
3 380 347 392 
3 375 338 355 
3 369 360 384 
3 360 359 368 
3 351 369 417 
3 342 344 401 
3 365 359 380 
4 366 364 393 398 
3 373 340 387 
3 403 349 356 
3 379 382 361 
3 392 348 370 
3 390 334 349 
5 425 428 444 383 363 
3 388 335 341 
3 404 379 353 
3 426 419 357 
3 400 372 377 
3 368 362 384 
4 342 401 409 429 
3 422 325 372 
3 413 385 375 
3 364 380 394 
3 432 352 383 
3 410 236 438 
3 395 370 388 
3 431 387 376 
3 441 355 336 
3 411 330 374 
3 358 429 399 
4 394 362 373 407 
4 369 396 418 427 
3 396 384 392 
3 433 405 387 
3 393 394 416 
3 414 346 402 
3 417 369 434 
3 391 460 406 
3 422 379 404 
3 381 367 409 
3 420 397 346 
3 439 371 419 
3 432 400 377 
4 459 407 395 433 
4 421 399 520 481 
3 416 392 405 
3 220 332 474 
3 381 401 417 
3 423 346 386 
3 332 390 439 
3 430 358 424 
3 509 453 383 
3 470 415 397 
3 431 354 414 
3 396 407 440 
4 409 366 398 458 
3 393 440 436 
3 403 378 435 
3 448 402 423 
3 464 424 406 
4 426 382 400 447 
3 455 420 410 
3 449 412 421 
3 443 428 375 
3 437 378 422 
3 393 445 450 
3 444 375 425 
4 442 391 381 473 
3 446 336 412 
3 469 388 415 
3 447 404 385 
3 459 405 395 
3 398 450 456 
3 451 419 437 
3 445 418 482 
3 488 435 426 
3 386 165 471 
3 451 411 403 
3 418 416 482 
3 443 389 454 
3 460 429 479 
3 489 425 441 
3 507 375 428 
3 427 436 468 
3 452 430 449 
3 457 422 432 
3 467 508 420 
3 463 446 424 
3 434 427 512 
4 466 439 435 488 
3 462 454 446 
3 506 457 413 
3 465 441 452 
3 467 423 519 
3 458 434 512 
3 499 447 453 
3 461 417 456 
3 486 405 433 
3 399 442 501 
3 473 458 478 
4 475 465 452 463 
3 462 449 477 
4 485 477 421 480 
3 484 454 462 
3 474 451 544 
3 472 448 455 
3 512 445 505 
3 486 431 470 
3 469 414 508 
4 548 524 438 165 
3 495 467 496 
3 476 429 461 
3 534 408 466 
3 484 462 511 
3 479 473 487 
3 503 463 464 
4 487 461 502 504 
3 442 476 492 
3 491 464 483 
3 483 406 520 
3 436 440 486 
3 493 480 481 
4 490 465 475 511 
3 497 464 491 
4 482 459 469 505 
3 494 476 478 
3 499 451 437 
5 513 507 443 490 547 
3 489 484 498 
3 500 485 480 
3 501 479 494 
3 517 500 483 
3 492 487 510 
3 542 530 472 
3 536 472 519 
3 522 503 485 
4 490 540 531 529 
3 515 488 457 
3 522 491 493 
4 520 460 492 523 
3 504 478 512 
3 511 477 497 
3 510 478 502 
3 468 486 525 
4 518 515 453 509 
4 521 444 489 516 
3 525 470 448 
3 518 506 413 
3 494 504 528 
4 484 475 503 540 
5 502 456 450 468 541 
3 514 489 559 
3 516 513 546 
3 537 499 506 
3 560 507 514 
3 522 493 527 
3 521 506 509 
4 552 496 455 524 
4 538 481 406 501 
3 560 518 507 
6 533 497 500 517 527 526 
3 501 550 554 
3 548 519 471 
4 541 505 508 530 
3 532 522 538 
3 522 517 538 
4 550 510 535 577 
3 539 498 553 
3 564 525 495 
3 498 540 549 
3 543 526 556 
4 540 522 543 557 
4 220 474 566 571 
3 528 541 545 
3 582 542 496 
3 566 544 515 
4 526 527 520 554 
3 547 529 583 
5 549 531 498 511 533 
4 545 535 512 525 
3 555 495 536 
3 533 532 551 
3 566 466 537 
3 535 541 575 
3 561 514 568 
3 559 489 539 
3 599 524 471 
3 553 531 540 
3 523 528 570 
3 557 543 556 
3 590 519 599 
3 583 529 549 
3 538 523 569 
3 562 564 542 
3 551 532 558 
3 533 551 576 
3 556 579 563 
3 513 547 568 
4 566 521 516 567 
3 565 546 568 
3 572 555 582 
4 573 558 579 574 
3 575 530 555 
3 589 567 561 
5 534 544 537 560 571 
3 560 565 589 
4 561 546 559 583 
3 554 570 579 
3 569 550 577 
3 534 566 586 
3 580 562 582 
3 578 563 574 
3 573 563 585 
3 581 545 564 
3 587 557 578 
3 570 528 581 
3 593 576 573 
4 563 558 569 585 
3 581 572 596 
5 585 577 575 580 596 
4 572 562 536 591 
5 588 568 539 553 584 
3 588 583 587 
4 574 579 581 596 
2 571 592 
3 584 576 593 
5 589 583 584 593 595 
4 592 567 565 588 
3 594 552 599 
3 597 582 594 
3 586 589 598 
4 588 587 578 596 
3 591 590 599 
3 588 596 598 
6 595 593 585 581 580 597 
3 596 591 599 
3 592 595 599 
6 598 597 594 590 552 548 
