700
0 78 8204
1 114 8202
2 262 6780
3 266 8328
4 280 8338
5 318 6924
6 326 6244
7 334 5140
8 344 7160
9 344 7212
10 346 7164
11 384 7888
12 404 7696
13 416 7750
14 432 8258
15 448 8256
16 490 7234
17 510 7844
18 530 4990
19 574 4874
20 582 7722
21 592 7830
22 600 4654
23 642 4776
24 716 4564
25 818 4918
26 826 5230
27 830 5026
28 830 5162
29 842 4938
30 954 4808
31 1016 5356
32 1046 7476
33 1064 4060
34 1088 7526
35 1258 5388
36 1274 5428
37 1310 4472
38 1310 4536
39 1310 8508
40 1312 8404
41 1336 5426
42 1362 4448
43 1366 4240
44 1424 7296
45 1456 7426
46 1466 3816
47 1490 4406
48 1566 5406
49 1624 3854
50 1646 3762
51 1650 3832
52 1704 3666
53 1866 3686
54 1960 3930
55 1978 3938
56 1986 3670
57 1994 3984
58 2010 3652
59 2014 3882
60 2066 3634
61 2074 3476
62 2242 6612
63 2264 3732
64 2360 3798
65 2392 3572
66 2492 3398
67 2636 4374
68 2666 4362
69 2710 5336
70 2724 3316
71 2742 4346
72 2820 4560
73 2930 3416
74 2996 7628
75 3146 2962
76 3164 9516
77 3176 8478
78 3210 9606
79 3220 9578
80 3224 9540
81 3298 9390
82 3518 3578
83 3586 9332
84 3618 5770
85 3622 3688
86 3624 3696
87 3640 8114
88 3662 3518
89 3666 5792
90 3702 8864
91 3774 5720
92 3936 9392
93 3940 9404
94 3982 3568
95 4116 3028
96 4188 9564
97 4198 4376
98 4202 9552
99 4246 6384
100 4250 9406
101 4310 4574
102 4510 9568
103 4556 9518
104 4604 6738
105 4814 1200
106 4870 8646
107 4884 5378
108 5066 954
109 5066 2084
110 5120 9198
111 5212 9234
112 5236 9186
113 5272 3174
114 5280 3172
115 5282 3174
116 5306 3114
117 5374 4352
118 5414 5584
119 5434 7488
120 5438 2144
121 5518 3556
122 5522 7784
123 5638 5484
124 5652 5532
125 5664 5734
126 5678 5512
127 5704 7896
128 5722 5420
129 5722 5532
130 5754 5370
131 5772 5716
132 5776 5476
133 5812 6960
134 5824 5484
135 5836 5640
136 5846 3560
137 5878 8708
138 5898 5482
139 6030 7952
140 6042 6954
141 6044 8014
142 6196 1202
143 6232 4972
144 6256 1322
145 6268 7910
146 6290 4474
147 6368 8286
148 6388 9140
149 6472 7960
150 6504 2984
151 6506 3636
152 6626 8486
153 6672 3644
154 6706 8602
155 6720 4254
156 6734 3404
157 6756 1618
158 6762 3110
159 6762 3138
160 6824 2798
161 7006 650
162 7048 2182
163 7068 1506
164 7142 1502
165 7144 1242
166 7144 1342
167 7254 2008
168 7258 3278
169 7318 1800
170 7352 1426
171 7384 5774
172 7432 2056
173 7470 2094
174 7500 3060
175 7586 7630
176 7626 3478
177 7660 1458
178 7686 2726
179 7724 4078
180 7738 4648
181 7748 1468
182 7770 1858
183 7772 1350
184 7782 2502
185 7810 3902
186 7812 4060
187 7814 2662
188 7828 2570
189 7842 1792
190 7924 2282
191 7982 3298
192 7992 3380
193 8006 3414
194 8012 3448
195 8022 8510
196 8028 4852
197 8044 2996
198 8054 3346
199 8062 6576
200 8080 3420
201 8082 1990
202 8082 3182
203 8100 3320
204 8122 4898
205 8130 3520
206 8132 3264
207 8180 3372
208 8254 2916
209 8280 3314
210 8284 3664
211 8308 2784
212 8314 4388
213 8344 2198
214 8358 8002
215 8392 4350
216 8420 5758
217 8444 4342
218 8464 5282
219 8470 2426
220 8484 2238
221 8486 2676
222 8494 5290
223 8512 7146
224 8536 2410
225 8572 6300
226 8584 3252
227 8592 2478
228 8594 3154
229 8604 2652
230 8650 2410
231 8658 4394
232 8674 5646
233 8680 5778
234 8692 2472
235 8728 1396
236 8744 5536
237 8784 6916
238 8786 5340
239 8854 4680
240 8898 3318
241 8944 2646
242 8944 5232
243 9014 3452
244 9028 6042
245 9046 3230
246 9054 3298
247 9100 6986
248 9102 6030
249 9158 2702
250 9180 7080
251 9202 2852
252 9236 2612
253 9256 4692
254 9258 4146
255 9262 6980
256 9268 7026
257 9272 4426
258 9274 3086
259 9304 7008
260 9340 3862
261 9366 3648
262 9416 7816
263 9490 3958
264 9530 2634
265 9602 7130
266 9644 7928
267 9672 2562
268 9746 7360
269 9834 2460
270 9838 2706
271 9878 2696
272 9914 2732
273 9926 2792
274 9960 7046
275 9970 2568
276 9974 4058
277 9998 5688
278 10008 4892
279 10014 4320
280 10018 6678
281 10034 2570
282 10054 3894
283 10064 3370
284 10080 5046
285 10080 5118
286 10104 5190
287 10114 4176
288 10116 2576
289 10122 5238
290 10130 5172
291 10136 5232
292 10140 2572
293 10144 3250
294 10162 5294
295 10202 4090
296 10208 3428
297 10208 4560
298 10224 2664
299 10228 4340
300 10230 2654
301 10234 4298
302 10240 2954
303 10256 5304
304 10258 6630
305 10260 5294
306 10268 5130
307 10286 4098
308 10330 3034
309 10330 5798
310 10332 3378
311 10352 5714
312 10360 3270
313 10364 6508
314 10370 3994
315 10410 2686
316 10424 4964
317 10470 2694
318 10482 6866
319 10500 6410
320 10562 4038
321 10568 2680
322 10574 6520
323 10634 6808
324 10640 6814
325 10664 7584
326 10668 4034
327 10670 6184
328 10676 6804
329 10700 6270
330 10710 2116
331 10710 6466
332 10714 4714
333 10718 6830
334 10722 6434
335 10742 6444
336 10754 2740
337 10762 4438
338 10762 6196
339 10764 6408
340 10802 3294
341 10816 5532
342 10818 5472
343 10822 6564
344 10824 6522
345 10846 6038
346 10856 6060
347 10876 4948
348 10882 7090
349 10886 5446
350 10890 7100
351 10910 4956
352 10918 7184
353 10928 5160
354 10932 3934
355 10944 6000
356 10948 4032
357 10982 6026
358 10986 3012
359 11000 3538
360 11018 3680
361 11028 5428
362 11044 3712
363 11052 5802
364 11064 4476
365 11072 3958
366 11080 6014
367 11086 3282
368 11100 3900
369 11140 4484
370 11172 4394
371 11194 2792
372 11196 4414
373 11206 4470
374 11216 5452
375 11218 4106
376 11264 3322
377 11264 4324
378 11266 4452
379 11278 5450
380 11284 4394
381 11286 5404
382 11288 5556
383 11302 6114
384 11308 2938
385 11322 3336
386 11324 4316
387 11326 3488
388 11346 3058
389 11348 6390
390 11352 6180
391 11354 4144
392 11362 3612
393 11428 4738
394 11432 3450
395 11438 4858
396 11462 5546
397 11518 5990
398 11550 4392
399 11556 4324
400 11566 3508
401 11582 5892
402 11622 4004
403 11646 2844
404 11672 2908
405 11686 5974
406 11688 3302
407 11688 6580
408 11696 4072
409 11702 4100
410 11714 3298
411 11734 5526
412 11750 5322
413 11780 5994
414 11790 3424
415 11810 4692
416 11814 4206
417 11822 4920
418 11828 4384
419 11830 3648
420 11838 5336
421 11840 3580
422 11842 5290
423 11844 5890
424 11872 5322
425 11886 3580
426 11900 4014
427 11908 4334
428 11914 4362
429 11924 3196
430 11932 5476
431 11938 5510
432 11950 3082
433 11976 2906
434 12012 5758
435 12016 3798
436 12022 5554
437 12024 5922
438 12032 4354
439 12050 3782
440 12054 5392
441 12062 5614
442 12064 6380
443 12094 6194
444 12108 6256
445 12116 3760
446 12124 3806
447 12140 6010
448 12148 3734
449 12166 5010
450 12174 5996
451 12192 6176
452 12200 3922
453 12202 4402
454 12204 6446
455 12216 6352
456 12226 3338
457 12230 6302
458 12250 3210
459 12268 3884
460 12298 5804
461 12302 6288
462 12354 6296
463 12364 5778
464 12374 1898
465 12374 3956
466 12378 5878
467 12384 2012
468 12392 4208
469 12396 1872
470 12428 4546
471 12436 4748
472 12454 5306
473 12460 5084
474 12466 4446
475 12468 4452
476 12480 3898
477 12494 1690
478 12496 4472
479 12508 2022
480 12512 454
481 12518 2952
482 12556 4510
483 12558 2192
484 12562 3996
485 12610 5814
486 12614 5086
487 12656 936
488 12656 1468
489 12672 2666
490 12682 3564
491 12694 5890
492 12708 2056
493 12736 3732
494 12736 5852
495 12748 5778
496 12760 3934
497 12770 3254
498 12786 2502
499 12802 2124
500 12814 5900
501 12816 6076
502 12824 3204
503 12830 5776
504 12832 4408
505 12848 2378
506 12866 3146
507 12866 4164
508 12880 4212
509 12890 3228
510 12894 3398
511 12904 3824
512 12916 4568
513 12922 3804
514 12934 7520
515 12936 4270
516 12948 4116
517 12952 1830
518 12956 2128
519 12964 6382
520 12986 4118
521 12992 5676
522 13000 3438
523 13010 4080
524 13016 4156
525 13020 5914
526 13022 4706
527 13054 5632
528 13056 5266
529 13076 4002
530 13078 1262
531 13080 1354
532 13080 3682
533 13090 3748
534 13094 4696
535 13096 3884
536 13102 5766
537 13104 4310
538 13106 4380
539 13106 6574
540 13110 1342
541 13116 5590
542 13120 6596
543 13132 3818
544 13158 5384
545 13178 4384
546 13196 4042
547 13198 5758
548 13200 88
549 13204 4420
550 13206 5904
551 13236 3670
552 13256 5744
553 13264 6584
554 13268 4126
555 13270 4254
556 13270 4656
557 13272 4050
558 13276 5760
559 13324 5732
560 13386 6434
561 13390 4398
562 13416 4790
563 13420 4776
564 13440 6752
565 13448 4258
566 13466 4816
567 13478 3958
568 13480 5002
569 13544 4346
570 13564 6870
571 13568 5072
572 13608 4262
573 13632 5570
574 13636 4218
575 13642 4294
576 13708 3742
577 13732 8142
578 13766 8122
579 13778 3738
580 13778 3744
581 13798 4966
582 13814 4134
583 13816 4284
584 13828 3792
585 13880 4850
586 13890 6432
587 13900 4868
588 13902 4492
589 13906 5202
590 13916 4316
591 13920 4694
592 13942 4822
593 13948 5250
594 13962 4264
595 14000 5282
596 14008 4202
597 14062 5228
598 14102 5164
599 14108 5064
600 14138 5390
601 14142 5366
602 14162 5518
603 14184 5588
604 14186 5272
605 14186 5550
606 14206 5580
607 14214 5542
608 14234 5316
609 14240 6156
610 14248 6828
611 14256 5356
612 14262 4422
613 14262 5318
614 14264 5582
615 14268 6298
616 14290 5662
617 14292 5226
618 14340 4634
619 14366 5912
620 14376 6448
621 14394 5568
622 14416 6760
623 14420 6146
624 14438 5604
625 14438 5930
626 14446 5812
627 14476 7216
628 14478 5594
629 14484 5310
630 14518 7192
631 14536 6016
632 14548 5454
633 14548 5618
634 14590 5156
635 14596 5132
636 14606 5648
637 14610 5450
638 14640 5498
639 14644 5572
640 14656 5630
641 14660 5434
642 14690 5622
643 14690 5630
644 14704 5352
645 14752 5586
646 14774 5400
647 14784 5970
648 14836 5632
649 14872 5868
650 14914 5710
651 14938 5768
652 14968 5700
653 15002 5868
654 15012 5842
655 15044 5878
656 15044 6472
657 15062 7120
658 15068 7312
659 15078 7342
660 15094 6370
661 15166 7462
662 15224 7224
663 15226 7190
664 15228 5786
665 15284 5796
666 15354 7788
667 15356 6006
668 15360 6198
669 15388 7544
670 15412 6176
671 15416 7304
672 15434 7162
673 15446 6218
674 15450 7332
675 15484 5942
676 15516 6104
677 15528 8228
678 15550 5966
679 15558 7402
680 15560 5966
681 15600 7228
682 15614 6334
683 15714 6152
684 15738 6466
685 15762 6066
686 15772 6172
687 15788 6528
688 15788 7612
689 15814 6342
690 15844 6080
691 15850 6372
692 15876 6142
693 15882 6348
694 15910 7610
695 15956 6344
696 16126 6784
697 16164 6770
698 16536 6990
699 16752 8088
5 3 4 7 2 1 
4 3 0 8 9 
3 5 0 6 
3 4 0 1 
6 78 0 3 11 17 14 
3 8 2 31 
3 2 7 26 
4 6 0 22 18 
3 10 1 5 
3 12 1 10 
3 16 9 8 
3 4 12 13 
3 13 11 9 
4 11 12 16 41 
3 4 21 15 
3 39 14 21 
3 13 10 36 
3 4 55 20 
3 27 7 19 
3 18 22 23 
5 21 17 48 32 34 
4 40 15 14 20 
5 23 19 7 33 24 
3 25 19 22 
3 22 49 43 
3 29 23 30 
3 31 6 28 
3 28 18 29 
3 26 27 38 
3 27 25 30 
3 29 25 37 
3 35 5 26 
5 34 20 48 44 45 
3 22 108 46 
3 81 20 32 
3 36 31 47 
3 16 35 41 
3 30 43 42 
3 28 42 47 
3 76 15 40 
3 76 39 21 
3 13 36 55 
3 38 37 54 
3 37 24 49 
3 45 32 62 
3 77 32 44 
3 33 52 50 
3 35 38 55 
3 32 20 57 
3 43 24 51 
3 51 46 53 
3 49 50 56 
3 46 105 61 
3 50 61 58 
3 55 42 56 
5 17 41 47 54 59 
3 54 51 58 
3 48 59 63 
3 56 53 60 
3 57 55 60 
3 59 58 66 
3 53 52 105 
3 74 44 69 
5 64 57 65 70 73 
3 67 63 82 
3 63 66 70 
3 65 60 105 
3 69 64 68 
3 67 86 71 
3 74 62 67 
3 63 65 75 
3 72 68 86 
3 84 87 71 
3 63 120 95 
3 77 62 69 
3 70 105 109 
4 80 79 39 40 
4 90 83 45 74 
3 4 79 102 
4 78 76 80 96 
3 79 76 81 
3 80 34 83 
3 85 64 88 
3 93 81 77 
4 89 99 87 72 
4 86 82 88 94 
4 97 71 68 85 
3 90 72 84 
3 85 82 95 
3 99 84 91 
4 92 77 87 104 
4 89 101 107 118 
4 100 93 90 125 
3 98 83 92 
3 85 116 113 
3 88 73 164 
3 102 79 98 
3 101 86 117 
3 102 96 93 
4 104 84 89 118 
8 103 92 119 106 137 110 111 148 
4 128 107 91 97 
5 78 96 98 103 699 
3 102 100 677 
3 90 99 124 
5 75 66 61 52 108 
3 100 122 127 
3 123 91 101 
4 142 105 33 161 
3 120 75 144 
3 100 154 112 
3 100 112 148 
3 111 110 195 
3 94 116 114 
3 115 113 162 
3 121 114 150 
3 113 94 169 
3 146 97 121 
3 99 91 124 
3 100 131 133 
3 73 109 157 
3 136 117 115 
3 127 106 140 
3 126 107 132 
3 104 118 126 
3 92 129 131 
3 129 124 123 
4 139 141 106 122 
3 132 101 130 
3 125 126 134 
3 128 146 143 
3 119 125 135 
3 134 123 128 
3 119 135 140 
3 129 132 138 
3 133 131 138 
3 151 121 158 
3 100 147 152 
3 135 134 143 
3 141 127 145 
3 122 133 171 
3 147 127 139 
3 165 144 108 
3 138 130 155 
3 157 109 142 
3 149 139 199 
3 130 117 155 
3 152 137 141 
3 100 111 677 
3 152 145 225 
3 158 115 160 
3 153 155 136 
5 154 137 147 149 175 
3 179 151 156 
3 110 152 214 
4 180 143 146 151 
3 153 159 168 
3 120 144 163 
4 159 136 150 160 
3 156 158 178 
3 158 150 162 
3 165 108 548 
3 160 114 167 
3 157 166 164 
3 95 163 170 
4 183 166 142 161 
3 170 163 165 
3 172 162 169 
3 176 156 174 
3 167 116 177 
3 177 164 166 
3 140 196 216 
3 173 167 182 
3 184 172 182 
3 191 168 178 
3 152 248 223 
3 185 168 192 
4 181 169 170 183 
3 174 159 187 
3 180 153 186 
3 196 155 179 
3 189 177 183 
4 184 173 172 189 
4 235 181 177 165 
4 188 173 182 190 
3 186 176 194 
3 204 179 185 
3 197 178 188 
4 211 208 187 184 
3 201 182 181 
3 219 184 201 
3 192 174 202 
4 193 176 191 198 
3 194 192 198 
3 185 193 200 
3 112 266 577 
3 204 171 180 
3 202 187 208 
3 193 192 203 
3 145 216 225 
3 205 194 203 
3 213 190 189 
3 206 191 197 
5 215 205 200 198 206 
3 218 196 186 
3 212 200 203 
4 209 207 203 202 
3 210 206 209 
3 228 197 188 
3 207 206 226 
3 231 217 207 
3 245 188 221 
3 222 205 215 
3 220 224 201 
3 154 250 262 
3 212 203 217 
4 233 199 171 218 
3 231 215 210 
3 222 216 204 
3 227 190 224 
3 230 213 235 
3 211 227 229 
3 232 218 212 
3 175 237 250 
3 230 219 213 
3 149 199 244 
3 243 209 228 
3 221 219 230 
3 240 226 208 
4 251 221 234 241 
5 252 234 227 224 220 
3 239 217 210 
3 233 222 236 
3 244 216 232 
3 241 229 230 
3 220 183 480 
3 232 238 286 
3 247 223 277 
3 236 239 242 
3 238 231 254 
3 243 228 246 
3 249 229 234 
3 238 253 285 
3 261 226 240 
3 225 233 248 
3 246 211 258 
3 283 240 245 
3 256 237 255 
3 175 244 289 
3 251 241 252 
3 214 223 256 
3 258 229 249 
3 264 249 230 
3 278 242 257 
3 257 239 260 
3 259 247 280 
3 250 247 259 
3 253 254 263 
3 293 245 251 
3 265 256 255 
3 263 254 261 
3 260 243 283 
4 266 214 265 268 
3 276 257 260 
3 270 252 267 
3 262 259 274 
3 195 262 325 
3 275 264 269 
3 262 274 318 
3 275 267 480 
3 273 264 271 
3 272 270 288 
3 302 273 271 
3 293 270 272 
3 268 265 304 
3 281 267 269 
4 287 279 263 282 
3 280 237 294 
4 284 285 253 279 
3 297 278 276 
3 255 277 304 
3 288 275 330 
3 295 276 296 
4 296 261 246 293 
3 306 290 278 
3 286 242 278 
3 289 236 285 
3 299 276 295 
4 271 281 464 292 
3 248 286 291 
3 305 291 284 
3 294 289 290 
4 300 298 288 467 
4 310 283 258 273 
3 303 277 291 
4 307 301 287 282 
3 282 283 310 
4 332 316 279 299 
3 302 292 300 
3 297 287 301 
3 315 298 292 
3 299 295 307 
3 308 272 298 
3 309 294 305 
3 274 280 313 
4 341 311 303 290 
3 342 284 316 
3 301 295 314 
4 356 312 302 315 
3 313 303 311 
4 314 296 293 312 
3 327 309 305 
3 326 310 308 
3 304 309 319 
3 320 307 310 
3 317 308 300 
3 306 297 347 
3 340 315 321 
3 268 322 323 
4 322 313 327 329 
3 337 314 326 
3 336 317 483 
3 318 319 331 
3 324 318 343 
3 348 323 328 
3 266 352 514 
3 370 320 312 
3 319 311 345 
3 333 324 389 
3 334 319 338 
3 281 548 487 
3 343 322 334 
4 347 297 337 364 
3 348 328 443 
3 335 331 329 
3 344 334 339 
4 371 358 321 483 
3 364 332 320 
3 339 329 346 
3 344 335 338 
3 359 354 317 
3 345 305 342 
3 341 306 349 
4 323 331 344 389 
4 343 335 339 390 
4 346 327 341 355 
3 338 345 357 
3 351 316 332 
3 350 324 333 
3 342 353 361 
3 352 348 407 
3 353 347 369 
3 514 325 350 
3 361 349 351 
3 356 340 360 
3 357 345 363 
4 370 308 354 365 
3 346 355 366 
3 376 367 336 
3 360 340 367 
3 362 354 359 
3 374 349 353 
3 368 360 367 
3 355 374 379 
3 369 332 337 
3 377 356 368 
3 383 357 382 
4 392 362 359 358 
3 375 365 362 
4 351 364 372 373 
3 372 326 356 
3 403 384 336 
4 378 369 370 380 
3 393 369 378 
3 363 361 381 
3 391 377 368 
3 385 387 358 
4 380 365 375 386 
3 415 373 372 
3 382 363 381 
3 372 377 398 
3 379 374 395 
3 366 379 396 
3 390 366 397 
4 388 371 403 404 
3 394 376 388 
4 399 418 377 391 
3 408 392 376 
3 406 385 384 
3 328 343 447 
3 344 383 413 
4 399 386 375 402 
3 402 367 387 
3 417 395 373 
3 400 426 385 
3 412 381 393 
3 401 382 411 
3 383 401 405 
3 470 380 418 
3 428 386 391 
3 419 394 406 
3 405 397 396 
3 409 391 392 
3 384 371 489 
3 384 489 433 
4 413 397 401 423 
3 400 388 410 
3 350 444 442 
3 416 409 387 
3 428 402 408 
3 414 406 429 
3 423 396 412 
3 420 411 395 
3 447 390 405 
3 425 421 410 
3 471 473 378 
3 438 427 408 
3 449 422 393 
3 475 398 386 
3 435 400 421 
3 431 412 422 
4 425 439 419 414 
3 424 420 417 
3 437 405 411 
3 440 430 422 
3 446 421 414 
3 453 394 435 
3 438 428 416 
4 453 399 409 427 
3 445 410 432 
3 436 431 424 
3 434 420 430 
3 458 429 433 
3 432 404 489 
3 437 431 441 
3 426 419 439 
3 441 430 440 
3 450 423 434 
3 453 427 416 
3 452 435 421 
3 436 424 449 
3 460 434 436 
3 454 407 444 
3 333 450 451 
3 442 407 451 
3 446 429 448 
3 452 425 445 
3 389 413 450 
3 459 445 456 
3 473 440 417 
6 457 451 443 447 437 460 
4 455 444 443 450 
4 468 439 446 459 
4 474 428 438 426 
3 514 442 455 
3 454 451 457 
3 490 448 458 
3 455 450 461 
3 456 432 481 
3 465 452 448 
4 466 450 441 463 
3 462 457 466 
3 519 542 461 
3 485 460 472 
3 467 288 469 
3 468 459 476 
3 491 461 460 
3 479 292 464 
3 474 452 465 
3 479 464 477 
5 526 471 398 478 482 
3 486 415 470 
3 495 463 473 
4 486 472 449 415 
3 475 453 468 
4 478 418 474 484 
3 484 465 493 
3 469 487 488 
3 470 475 508 
3 492 467 469 
3 269 235 548 
3 497 458 489 
3 512 470 504 
3 336 321 499 
3 475 476 496 
3 494 463 495 
3 528 473 471 
3 477 330 548 
3 477 548 530 
5 481 433 404 403 498 
3 493 456 497 
3 501 466 494 
3 499 479 517 
3 513 476 490 
4 500 491 485 503 
3 485 472 503 
3 507 484 511 
3 490 481 502 
3 502 489 505 
3 518 483 492 
3 501 494 536 
4 519 491 500 525 
4 510 497 498 506 
3 494 495 521 
4 556 512 482 515 
3 506 498 518 
3 509 502 505 
3 508 496 511 
4 515 478 507 516 
3 522 510 506 
3 513 502 509 
3 507 496 513 
3 534 482 504 
4 516 511 493 510 
5 578 325 352 454 570 
3 538 504 508 
3 520 508 513 
3 518 492 531 
4 579 505 499 517 
3 539 462 501 
3 524 516 523 
3 536 503 527 
3 551 532 509 
4 520 535 529 546 
3 537 520 554 
3 501 547 550 
3 568 470 534 
3 521 544 541 
3 544 486 571 
3 546 523 543 
4 540 531 488 548 
3 584 517 530 
3 533 522 551 
3 543 535 532 
3 562 526 512 
3 523 533 543 
3 500 521 547 
3 545 538 524 
3 556 515 537 
3 553 542 519 
3 690 612 530 
3 552 527 581 
3 564 462 539 
4 529 535 533 576 
3 527 528 571 
3 549 537 555 
3 557 523 529 
3 525 536 552 
7 698 530 488 487 330 480 161 
3 556 545 561 
3 560 525 558 
3 576 532 522 
4 558 547 541 559 
3 564 539 560 
3 555 524 557 
3 565 545 554 
5 563 504 538 549 561 
3 554 546 567 
3 609 550 552 
3 619 552 573 
3 553 550 586 
3 556 549 569 
3 566 534 563 
3 562 556 569 
3 570 542 553 
3 572 555 574 
3 568 562 588 
3 574 557 580 
3 571 526 566 
3 563 561 575 
3 627 514 564 
4 544 528 568 585 
3 575 565 574 
3 603 559 589 
4 583 572 565 567 
3 569 572 583 
3 580 543 551 
3 677 195 578 
3 677 577 514 
3 584 580 518 
4 582 567 576 579 
3 589 541 587 
3 583 580 584 
4 590 575 574 582 
4 596 582 579 531 
3 571 591 592 
3 610 560 615 
3 599 581 592 
4 591 566 590 594 
3 593 573 581 
3 588 583 594 
3 592 585 588 
4 634 587 585 591 
3 595 602 589 
3 588 590 596 
3 602 593 597 
3 618 594 584 
3 600 595 598 
3 601 597 599 
4 617 604 598 587 
3 605 597 601 
3 600 598 604 
3 605 593 595 
3 616 573 606 
3 608 601 599 
3 606 602 600 
4 614 603 605 607 
3 606 608 611 
3 613 607 604 
3 615 558 623 
3 630 586 622 
3 632 607 613 
3 680 618 540 
3 611 608 617 
3 624 606 621 
3 620 586 609 
3 649 626 603 
3 629 613 599 
3 635 596 612 
3 625 559 626 
3 656 622 615 
3 628 614 632 
3 630 610 620 
3 660 609 631 
3 633 614 628 
3 647 631 619 
3 647 619 616 
3 677 570 630 
3 624 621 639 
3 644 641 617 
6 658 659 627 610 622 657 
3 668 623 625 
3 621 611 637 
3 640 636 624 
3 644 592 635 
3 646 634 618 
3 653 633 640 
3 638 632 641 
3 645 639 637 
3 642 628 638 
3 643 636 633 
3 665 637 629 
3 643 639 645 
3 651 640 642 
3 646 629 634 
3 648 642 638 
3 665 644 635 
3 668 625 626 
3 652 650 645 
3 653 670 616 
3 651 648 652 
3 654 643 650 
3 664 650 648 
3 655 649 636 
3 655 651 664 
3 667 653 654 
3 657 620 660 
3 663 630 656 
3 659 630 662 
3 661 630 658 
3 687 656 623 
3 669 666 659 
3 671 658 663 
3 662 657 672 
3 665 654 652 
4 675 664 641 646 
4 677 661 669 688 
3 676 655 675 
3 673 631 647 
3 666 661 674 
3 673 649 676 
3 674 662 681 
3 681 663 696 
3 682 668 670 
3 679 669 671 
3 678 667 665 
3 683 670 667 
7 103 148 577 578 627 666 699 
3 680 683 675 
3 694 688 674 
3 685 678 612 
3 671 672 698 
3 689 684 673 
3 686 676 678 
3 687 682 691 
3 690 686 680 
3 689 683 685 
3 696 660 684 
3 666 679 694 
3 691 682 686 
4 698 692 685 540 
3 684 689 693 
4 698 695 693 690 
3 691 692 695 
3 699 688 679 
3 697 693 692 
3 672 687 697 
3 698 696 695 
6 699 681 697 692 690 548 
4 102 677 694 698 
