2000
0 90 16604
1 298 16182
2 354 14804
3 370 13012
4 380 16162
5 436 15348
6 488 16958
7 490 13674
8 524 16554
9 530 16716
10 540 16960
11 562 14052
12 580 13550
13 624 15336
14 626 15366
15 642 14044
16 648 15102
17 654 16670
18 658 14420
19 662 12572
20 708 14404
21 752 14434
22 764 15308
23 818 16228
24 830 10068
25 840 16658
26 842 9914
27 866 15436
28 876 15454
29 886 14220
30 888 9784
31 892 16496
32 894 15646
33 958 9670
34 968 9660
35 974 9906
36 986 11426
37 996 15554
38 998 14448
39 1002 15496
40 1008 9644
41 1008 16210
42 1012 9640
43 1020 15722
44 1058 9646
45 1064 15688
46 1070 15730
47 1072 15570
48 1076 10960
49 1088 16044
50 1094 15660
51 1100 15852
52 1110 10062
53 1124 15536
54 1130 9920
55 1134 9558
56 1172 9850
57 1188 9828
58 1194 12204
59 1198 15534
60 1202 10620
61 1310 9114
62 1314 12460
63 1336 16630
64 1372 13204
65 1388 9888
66 1426 10344
67 1486 10290
68 1518 10344
69 1522 13416
70 1600 10082
71 1634 10436
72 1662 11296
73 1776 10318
74 1796 9626
75 1806 9494
76 1872 9738
77 1880 9602
78 1952 14534
79 1956 9648
80 1980 8222
81 2026 7902
82 2062 8138
83 2072 11364
84 2102 9228
85 2160 17536
86 2166 15056
87 2246 9898
88 2352 9276
89 2452 15950
90 2498 10820
91 2510 14836
92 2548 16972
93 2588 9216
94 2620 15052
95 2626 8250
96 2632 9222
97 2676 8422
98 2702 8206
99 2760 8468
100 2778 17068
101 2824 7712
102 2828 14922
103 2830 8926
104 2848 8416
105 2878 17248
106 2886 14636
107 2914 8756
108 2922 14822
109 2934 14846
110 2936 8364
111 2948 8756
112 2972 8282
113 2974 8418
114 2996 15906
115 3150 7590
116 3186 8010
117 3268 7686
118 3274 7622
119 3296 7710
120 3382 7634
121 3384 7356
122 3398 7822
123 3440 7598
124 3470 7356
125 3472 7956
126 3474 7642
127 3506 15704
128 3526 7368
129 3556 7422
130 3614 7330
131 3618 7624
132 3652 7296
133 3688 7876
134 3756 7528
135 3788 7278
136 3792 15700
137 3808 7242
138 3816 16694
139 3822 7434
140 3842 7588
141 3854 8122
142 3856 7400
143 3862 15638
144 3868 7458
145 3872 7532
146 3886 7762
147 3896 15672
148 3910 7624
149 3918 15772
150 3956 7520
151 3984 7576
152 4008 7268
153 4022 7502
154 4046 7072
155 4052 9746
156 4078 6814
157 4092 7308
158 4096 7230
159 4104 7022
160 4114 7260
161 4118 11420
162 4130 7222
163 4146 6612
164 4170 6676
165 4198 6554
166 4198 14984
167 4200 13454
168 4210 6640
169 4238 6764
170 4260 15526
171 4266 15804
172 4320 18960
173 4330 18960
174 4416 8280
175 4474 7430
176 4474 15516
177 4496 15390
178 4504 7506
179 4562 13244
180 4594 14750
181 4642 17400
182 4724 12302
183 4808 8818
184 4810 5524
185 5052 6914
186 5092 6904
187 5124 8436
188 5256 15206
189 5260 6556
190 5298 8810
191 5332 8846
192 5348 18712
193 5364 6618
194 5376 8804
195 5386 8732
196 5414 18564
197 5718 19182
198 5772 18516
199 5798 17740
200 5816 18514
201 5818 7792
202 5846 8478
203 5880 17740
204 5880 17800
205 5886 17752
206 5914 17880
207 5944 18514
208 5966 18520
209 5982 18308
210 5990 17830
211 5994 17940
212 5996 6776
213 6120 12676
214 6142 12634
215 6168 18464
216 6174 19202
217 6218 18204
218 6240 5920
219 6284 19086
220 6296 18528
221 6334 18922
222 6342 8446
223 6360 19116
224 6384 19186
225 6446 18418
226 6552 19228
227 6566 9758
228 6666 16828
229 6676 16922
230 6678 16762
231 6722 6242
232 6754 6852
233 6774 19128
234 6776 18516
235 6828 14244
236 6942 7302
237 6974 7214
238 6974 7320
239 6984 11420
240 7042 7844
241 7058 19060
242 7068 7212
243 7144 16610
244 7146 7308
245 7178 7138
246 7188 11746
247 7192 7044
248 7204 11360
249 7206 7382
250 7228 7394
251 7246 10870
252 7248 6976
253 7248 7092
254 7284 7290
255 7290 18792
256 7318 7036
257 7350 17442
258 7372 12710
259 7388 11300
260 7390 7060
261 7422 11230
262 7468 7016
263 7494 7174
264 7668 5384
265 7726 7084
266 7804 6244
267 7846 17048
268 7852 6402
269 7854 12010
270 7860 7188
271 7892 18808
272 7952 6392
273 8086 9050
274 8188 11216
275 8198 11328
276 8346 19124
277 8458 11314
278 8458 18346
279 8520 5112
280 8556 922
281 8572 952
282 8638 11376
283 8668 5912
284 8710 5920
285 8740 18360
286 8750 19088
287 8808 5058
288 8848 3816
289 8966 8566
290 8986 2578
291 9060 10096
292 9122 17152
293 9134 19032
294 9158 11746
295 9180 15918
296 9258 10542
297 9510 14534
298 9512 2180
299 9550 9192
300 9554 8336
301 9694 4132
302 9950 4088
303 10018 1908
304 10058 17374
305 10216 13988
306 10248 7562
307 10266 18814
308 10268 4152
309 10330 8020
310 10360 18410
311 10386 18306
312 10400 8126
313 10410 6236
314 10420 18314
315 10422 8142
316 10430 8230
317 10432 6172
318 10440 6242
319 10482 18532
320 10542 18392
321 10560 6098
322 10568 10906
323 10604 6064
324 10610 6262
325 10616 18712
326 10636 6100
327 10668 4346
328 10686 10738
329 10700 10746
330 10734 8698
331 10790 8100
332 10806 9420
333 10938 19072
334 10964 18708
335 10990 1298
336 11068 17356
337 11076 13682
338 11252 10956
339 11280 10192
340 11284 6282
341 11312 10174
342 11316 10888
343 11352 11360
344 11366 11126
345 11372 10940
346 11414 11146
347 11422 10866
348 11430 8994
349 11432 10840
350 11470 10782
351 11506 10552
352 11516 10954
353 11520 10914
354 11532 10826
355 11536 11208
356 11568 10468
357 11596 10324
358 11606 8088
359 11616 11372
360 11624 536
361 11632 11236
362 11716 10722
363 11756 11328
364 11764 11688
365 11812 11418
366 11814 12268
367 11884 15312
368 11892 940
369 11898 15730
370 11980 6180
371 11984 18820
372 12002 19144
373 12058 15932
374 12072 16000
375 12086 16006
376 12094 16006
377 12130 18274
378 12182 15842
379 12192 6374
380 12194 16002
381 12220 19092
382 12222 5756
383 12234 6146
384 12244 15896
385 12270 16436
386 12290 2528
387 12296 15960
388 12302 6510
389 12310 16142
390 12330 14738
391 12358 5876
392 12364 6602
393 12372 2416
394 12378 16166
395 12396 2534
396 12396 16258
397 12424 2576
398 12452 15690
399 12452 18066
400 12488 16186
401 12512 15960
402 12576 6276
403 12576 16156
404 12594 11856
405 12626 2330
406 12642 16876
407 12702 15348
408 12708 16318
409 12720 15746
410 12762 15494
411 12768 15674
412 12768 15986
413 12798 16702
414 12806 6744
415 12806 15926
416 12814 6730
417 12818 17188
418 12820 6152
419 12828 5994
420 12828 15758
421 12842 6312
422 12876 15768
423 12888 15926
424 12900 812
425 12902 15748
426 12904 15948
427 12916 16714
428 12922 8030
429 12970 7252
430 13004 15946
431 13032 17008
432 13092 7400
433 13126 15890
434 13250 8160
435 13250 8200
436 13262 8116
437 13270 17502
438 13336 7236
439 13342 7622
440 13350 7638
441 13354 6276
442 13396 8278
443 13476 18282
444 13550 3212
445 13568 450
446 13620 3704
447 13630 3272
448 13740 16852
449 13758 15974
450 13778 17378
451 13782 15484
452 13812 454
453 13842 2438
454 13862 352
455 13862 6886
456 13940 4190
457 13988 18760
458 14034 17388
459 14110 10210
460 14126 5960
461 14184 2506
462 14188 13728
463 14250 14884
464 14286 644
465 14288 5950
466 14306 2372
467 14306 2586
468 14380 2442
469 14398 17042
470 14400 4088
471 14404 2336
472 14404 7144
473 14404 11628
474 14416 17022
475 14488 2450
476 14500 16410
477 14520 4106
478 14594 6568
479 14660 6712
480 14738 8982
481 14810 4222
482 14822 4252
483 14882 8324
484 14908 7896
485 14924 4460
486 14988 10674
487 14996 4196
488 15012 6114
489 15076 3780
490 15084 2964
491 15110 6568
492 15148 4778
493 15214 4774
494 15226 4838
495 15228 4774
496 15232 8752
497 15248 8750
498 15282 7482
499 15286 7882
500 15292 9270
501 15320 2898
502 15340 18162
503 15360 9170
504 15374 4718
505 15384 4754
506 15396 2760
507 15396 9292
508 15414 4360
509 15440 8982
510 15444 6456
511 15446 8132
512 15470 7412
513 15474 2798
514 15486 7966
515 15492 13748
516 15524 3542
517 15544 16166
518 15546 4452
519 15572 3788
520 15574 9984
521 15586 7810
522 15588 4446
523 15600 4900
524 15602 5762
525 15604 8480
526 15612 4362
527 15624 16604
528 15628 566
529 15628 5370
530 15630 5292
531 15632 5310
532 15636 8976
533 15648 2808
534 15660 5092
535 15674 470
536 15690 4450
537 15696 6806
538 15706 3886
539 15710 496
540 15714 2864
541 15716 5448
542 15716 6622
543 15726 2592
544 15730 500
545 15736 6762
546 15758 5280
547 15758 8470
548 15764 5502
549 15772 2758
550 15774 7142
551 15778 6890
552 15780 2802
553 15802 2750
554 15806 9552
555 15808 5476
556 15810 6874
557 15812 2634
558 15814 8374
559 15838 2840
560 15838 4594
561 15840 6194
562 15878 2730
563 15908 8402
564 15920 11612
565 15924 11656
566 15934 12846
567 15946 6960
568 15966 12848
569 15970 8142
570 15980 6326
571 15982 8492
572 15996 8368
573 16014 17198
574 16028 6574
575 16034 4736
576 16036 6676
577 16056 6834
578 16066 17112
579 16072 6568
580 16076 16268
581 16078 6086
582 16090 17014
583 16092 6086
584 16100 4866
585 16100 15868
586 16102 6764
587 16118 6730
588 16128 14872
589 16152 3918
590 16152 8352
591 16164 8808
592 16178 4432
593 16178 6778
594 16208 7666
595 16216 17060
596 16224 17060
597 16248 15830
598 16268 8294
599 16272 15192
600 16274 5078
601 16304 15652
602 16306 16050
603 16312 7070
604 16326 16036
605 16328 16056
606 16342 6992
607 16342 13306
608 16362 8686
609 16364 6690
610 16366 7206
611 16372 6792
612 16372 6816
613 16384 10604
614 16388 7428
615 16398 11202
616 16400 6794
617 16444 14252
618 16462 7194
619 16484 6930
620 16492 11976
621 16498 12060
622 16500 6746
623 16522 14304
624 16532 6766
625 16572 7448
626 16606 13528
627 16628 6906
628 16648 11860
629 16650 12456
630 16674 11344
631 16708 14890
632 16716 6746
633 16716 8756
634 16732 8754
635 16760 6206
636 16784 14230
637 16788 6464
638 16798 15810
639 16808 8938
640 16826 15510
641 16862 15386
642 16866 6436
643 16874 6108
644 16890 4750
645 16902 6446
646 16902 8710
647 16906 5120
648 16940 16418
649 16990 5016
650 16994 4580
651 17000 16538
652 17020 5182
653 17024 5382
654 17026 13298
655 17040 14698
656 17056 4502
657 17070 12880
658 17098 5268
659 17098 7312
660 17104 8276
661 17114 8550
662 17132 5900
663 17156 5630
664 17166 4824
665 17174 16498
666 17178 14516
667 17180 5132
668 17224 5180
669 17236 8874
670 17304 5260
671 17318 5040
672 17324 10870
673 17332 6666
674 17398 4938
675 17402 14262
676 17412 14258
677 17416 7020
678 17422 4842
679 17432 4784
680 17434 9142
681 17434 14240
682 17492 11320
683 17508 8844
684 17514 10542
685 17514 13494
686 17532 6600
687 17558 10964
688 17578 4980
689 17590 10450
690 17598 12754
691 17600 10694
692 17610 6102
693 17610 10502
694 17628 12614
695 17676 10562
696 17684 15354
697 17710 10526
698 17726 8916
699 17730 10490
700 17756 8372
701 17764 5008
702 17774 14506
703 17780 16978
704 17784 10286
705 17784 13674
706 17794 8740
707 17818 13550
708 17838 8990
709 17840 10590
710 17854 5182
711 17856 12340
712 17862 9006
713 17870 8882
714 17874 8890
715 17876 14482
716 17878 14510
717 17884 8710
718 17898 6188
719 17902 5096
720 17910 12340
721 17920 13310
722 17948 7106
723 17960 5138
724 17972 5070
725 17972 7180
726 17998 4600
727 18002 12602
728 18004 9266
729 18028 6478
730 18034 11464
731 18046 13204
732 18108 10150
733 18112 14010
734 18112 17762
735 18118 12072
736 18144 6668
737 18148 12068
738 18162 10564
739 18182 6130
740 18188 5202
741 18220 12062
742 18228 9090
743 18228 14148
744 18230 11170
745 18242 13946
746 18276 13178
747 18294 6150
748 18298 7134
749 18302 14142
750 18318 9338
751 18326 13982
752 18356 14066
753 18358 9692
754 18366 9162
755 18394 5816
756 18412 6640
757 18414 9132
758 18418 5232
759 18430 9278
760 18436 14052
761 18436 14092
762 18440 13510
763 18440 14092
764 18450 13586
765 18474 14198
766 18476 14172
767 18482 8170
768 18498 9534
769 18506 13956
770 18506 13994
771 18510 5128
772 18514 13948
773 18516 14020
774 18528 9698
775 18550 14048
776 18554 8348
777 18560 6644
778 18564 14074
779 18570 13944
780 18578 8906
781 18588 14336
782 18606 10182
783 18606 14434
784 18644 14128
785 18650 11968
786 18670 11554
787 18732 9974
788 18774 6624
789 18782 14188
790 18796 5284
791 18820 7018
792 18846 12312
793 18862 8276
794 18864 8614
795 18884 5910
796 18912 7890
797 18916 5394
798 18924 13492
799 18936 8186
800 18938 13548
801 18966 7722
802 18980 11718
803 18982 14292
804 18992 10500
805 19036 7944
806 19050 5520
807 19058 15224
808 19078 8042
809 19090 8136
810 19094 13616
811 19116 7970
812 19118 5096
813 19122 7772
814 19134 5108
815 19146 6732
816 19154 6382
817 19180 8394
818 19184 11392
819 19204 6630
820 19214 5238
821 19224 8074
822 19232 5200
823 19252 12592
824 19256 17162
825 19258 10622
826 19274 7004
827 19282 6010
828 19306 8182
829 19318 9168
830 19324 12292
831 19326 10322
832 19328 8202
833 19328 9868
834 19350 6460
835 19352 8470
836 19354 11894
837 19364 6400
838 19392 12290
839 19398 5060
840 19424 12214
841 19434 13540
842 19456 5044
843 19478 9018
844 19480 5466
845 19502 8566
846 19538 10936
847 19572 5492
848 19660 5254
849 19674 6280
850 19676 13454
851 19720 5506
852 19754 10778
853 19768 6324
854 19780 5304
855 19780 10156
856 19806 14408
857 19838 12590
858 19874 13706
859 19898 5116
860 19918 12012
861 19944 5462
862 19950 5438
863 19950 6524
864 19962 10198
865 20016 9766
866 20016 12614
867 20026 5444
868 20028 12026
869 20040 7126
870 20040 11906
871 20044 10050
872 20046 4836
873 20046 5436
874 20060 7348
875 20070 5448
876 20098 11986
877 20114 10300
878 20120 6096
879 20122 12012
880 20124 12114
881 20160 5094
882 20164 5088
883 20164 6824
884 20190 10252
885 20226 10378
886 20252 9076
887 20294 12358
888 20298 10180
889 20300 5358
890 20308 8042
891 20324 10462
892 20338 3508
893 20342 14132
894 20356 9056
895 20364 8270
896 20366 10298
897 20380 8210
898 20382 10422
899 20388 8538
900 20410 10308
901 20410 10364
902 20412 6438
903 20418 10280
904 20422 5110
905 20424 8614
906 20436 8094
907 20442 10380
908 20478 10252
909 20484 5702
910 20512 10568
911 20534 7398
912 20534 8230
913 20538 8160
914 20552 13086
915 20556 10804
916 20562 8170
917 20586 5454
918 20586 8012
919 20592 8252
920 20612 9930
921 20624 8786
922 20642 10990
923 20656 12904
924 20668 4314
925 20670 7374
926 20682 10532
927 20684 9448
928 20684 12484
929 20722 11184
930 20738 5284
931 20744 7980
932 20750 8722
933 20766 12992
934 20784 12974
935 20806 5966
936 20840 7232
937 20840 16148
938 20846 9918
939 20848 9906
940 20878 12488
941 20902 6510
942 20902 9774
943 20904 5546
944 20904 6952
945 20932 8948
946 20934 8996
947 20940 10224
948 20966 9854
949 20972 6512
950 20976 12466
951 20980 7818
952 20988 7774
953 21008 11044
954 21010 11906
955 21024 12472
956 21070 8158
957 21078 10978
958 21100 8620
959 21100 8860
960 21140 7222
961 21144 6552
962 21144 12808
963 21146 8546
964 21162 11568
965 21176 7242
966 21206 9318
967 21216 9736
968 21218 11672
969 21242 12704
970 21272 7922
971 21284 10572
972 21284 15186
973 21288 13688
974 21290 5326
975 21306 10944
976 21312 10320
977 21320 7140
978 21322 13740
979 21334 7026
980 21350 12790
981 21358 13394
982 21364 12130
983 21372 12370
984 21382 11982
985 21388 7682
986 21406 5422
987 21428 12504
988 21436 13008
989 21444 10812
990 21450 11172
991 21466 9832
992 21486 12118
993 21486 13106
994 21498 13014
995 21504 5464
996 21510 11940
997 21512 12066
998 21516 8726
999 21516 12252
1000 21528 12546
1001 21540 12414
1002 21542 12494
1003 21556 5824
1004 21558 12072
1005 21558 12108
1006 21560 12190
1007 21566 12070
1008 21566 12604
1009 21572 12458
1010 21576 12132
1011 21580 13812
1012 21584 13174
1013 21598 5776
1014 21616 12442
1015 21618 12496
1016 21636 11786
1017 21652 12748
1018 21654 7688
1019 21660 9380
1020 21662 12304
1021 21670 13172
1022 21696 9012
1023 21700 12666
1024 21702 13426
1025 21706 12418
1026 21720 11776
1027 21734 12268
1028 21738 12220
1029 21752 12408
1030 21752 13566
1031 21756 12046
1032 21778 12252
1033 21794 7984
1034 21796 9952
1035 21796 14192
1036 21812 8794
1037 21824 12372
1038 21840 7430
1039 21858 6998
1040 21860 9866
1041 21860 11162
1042 21880 9160
1043 21884 6196
1044 21888 14536
1045 21900 6998
1046 21916 9968
1047 21922 9072
1048 21934 10794
1049 21956 10668
1050 21980 6980
1051 21984 9016
1052 21998 6014
1053 21998 9880
1054 22008 6022
1055 22026 12172
1056 22036 9028
1057 22060 11960
1058 22062 5408
1059 22110 7236
1060 22200 6520
1061 22202 8460
1062 22210 7068
1063 22220 10138
1064 22230 7172
1065 22242 8782
1066 22244 8978
1067 22248 8836
1068 22252 9226
1069 22254 7912
1070 22254 12126
1071 22260 9008
1072 22264 8934
1073 22266 7626
1074 22270 11160
1075 22274 7318
1076 22274 7414
1077 22278 10422
1078 22280 8580
1079 22282 11412
1080 22288 8560
1081 22288 8746
1082 22300 8376
1083 22308 7372
1084 22312 6998
1085 22314 7936
1086 22324 9878
1087 22348 8682
1088 22350 5356
1089 22356 9084
1090 22360 9082
1091 22362 8012
1092 22386 7988
1093 22388 8066
1094 22394 6214
1095 22396 7956
1096 22406 8890
1097 22454 8944
1098 22478 8882
1099 22482 10982
1100 22486 8680
1101 22486 10452
1102 22526 8658
1103 22528 9934
1104 22536 11800
1105 22540 6460
1106 22586 8602
1107 22594 9598
1108 22602 11084
1109 22638 7006
1110 22640 13654
1111 22644 7034
1112 22646 11520
1113 22650 13048
1114 22662 11384
1115 22682 8322
1116 22716 9844
1117 22732 6598
1118 22736 8868
1119 22736 11080
1120 22736 12752
1121 22738 11000
1122 22740 6720
1123 22740 11082
1124 22742 5402
1125 22746 10990
1126 22750 10996
1127 22756 7474
1128 22756 7910
1129 22758 7440
1130 22762 12184
1131 22768 11038
1132 22772 12040
1133 22792 5288
1134 22796 12206
1135 22804 6214
1136 22810 10062
1137 22814 11130
1138 22818 6862
1139 22860 6624
1140 22880 10346
1141 22882 11156
1142 22892 12916
1143 22900 10132
1144 22900 10574
1145 22900 11966
1146 22902 10108
1147 22910 12964
1148 22914 9784
1149 22916 11194
1150 22934 11150
1151 22956 10164
1152 22960 7794
1153 22964 11156
1154 22968 6074
1155 22988 12776
1156 22994 11428
1157 22998 9968
1158 23010 5176
1159 23010 12442
1160 23014 12904
1161 23026 13154
1162 23038 12460
1163 23038 12892
1164 23062 10026
1165 23068 5566
1166 23090 10364
1167 23104 5866
1168 23124 6706
1169 23128 6674
1170 23128 11134
1171 23134 11176
1172 23162 13658
1173 23166 5820
1174 23184 11210
1175 23186 11218
1176 23188 9982
1177 23196 10050
1178 23206 6670
1179 23206 10130
1180 23210 11720
1181 23230 10564
1182 23254 12904
1183 23266 9858
1184 23300 7664
1185 23304 10908
1186 23306 12536
1187 23308 11068
1188 23310 8166
1189 23312 11922
1190 23316 6634
1191 23320 11786
1192 23322 6934
1193 23366 6618
1194 23400 6602
1195 23404 7910
1196 23410 7602
1197 23422 6536
1198 23428 8232
1199 23432 7750
1200 23438 5940
1201 23438 9922
1202 23458 11738
1203 23462 7992
1204 23466 7812
1205 23478 10992
1206 23492 10614
1207 23508 7926
1208 23510 8288
1209 23512 10668
1210 23524 12476
1211 23528 7472
1212 23532 8016
1213 23538 10634
1214 23546 10746
1215 23570 7150
1216 23592 8866
1217 23600 7098
1218 23600 10900
1219 23612 14132
1220 23626 7408
1221 23630 6302
1222 23636 8382
1223 23636 13702
1224 23644 10468
1225 23648 11456
1226 23656 5644
1227 23658 10626
1228 23662 9918
1229 23664 10556
1230 23666 7142
1231 23688 7846
1232 23696 7368
1233 23702 7930
1234 23706 7484
1235 23708 9952
1236 23712 7486
1237 23712 9932
1238 23714 7798
1239 23718 12476
1240 23720 7432
1241 23722 7702
1242 23724 7884
1243 23728 5868
1244 23732 7262
1245 23732 7756
1246 23732 11450
1247 23736 7236
1248 23744 5458
1249 23748 9694
1250 23756 11894
1251 23776 7138
1252 23776 9808
1253 23786 6988
1254 23786 7364
1255 23794 7064
1256 23796 10806
1257 23802 15050
1258 23812 11114
1259 23814 11416
1260 23822 11618
1261 23848 5460
1262 23850 7542
1263 23850 12032
1264 23860 8510
1265 23872 6088
1266 23882 13280
1267 23888 11072
1268 23892 8632
1269 23900 11062
1270 23902 11058
1271 23910 9288
1272 23914 13246
1273 23922 11058
1274 23924 11510
1275 23942 8554
1276 23948 10890
1277 23950 8756
1278 23954 12132
1279 23966 7106
1280 23982 7276
1281 23992 7850
1282 23994 7620
1283 24034 8768
1284 24040 13164
1285 24054 10996
1286 24056 13116
1287 24062 13274
1288 24070 7240
1289 24072 7522
1290 24072 8098
1291 24072 8612
1292 24092 7218
1293 24102 7698
1294 24110 10956
1295 24136 12488
1296 24150 576
1297 24152 12112
1298 24168 8736
1299 24176 12124
1300 24184 12666
1301 24184 12914
1302 24186 7824
1303 24196 11792
1304 24198 12630
1305 24206 11726
1306 24208 7596
1307 24214 6136
1308 24220 6722
1309 24220 12656
1310 24240 12504
1311 24242 11780
1312 24260 12608
1313 24270 7470
1314 24286 12040
1315 24292 12616
1316 24300 12110
1317 24302 12614
1318 24314 12044
1319 24328 6484
1320 24338 13196
1321 24340 12386
1322 24350 11326
1323 24362 12284
1324 24368 12480
1325 24370 8392
1326 24378 5666
1327 24380 7874
1328 24400 12008
1329 24404 9212
1330 24412 12630
1331 24416 12930
1332 24420 11984
1333 24422 9846
1334 24426 12452
1335 24428 11792
1336 24438 6984
1337 24446 5366
1338 24448 6424
1339 24462 8790
1340 24478 9476
1341 24488 8686
1342 24490 5706
1343 24514 12834
1344 24528 11062
1345 24534 12734
1346 24538 12650
1347 24540 12446
1348 24546 9478
1349 24550 11280
1350 24570 12794
1351 24572 12754
1352 24576 12710
1353 24582 8464
1354 24584 12024
1355 24598 6544
1356 24612 8974
1357 24614 12456
1358 24620 10894
1359 24620 12732
1360 24622 9448
1361 24642 11054
1362 24668 12432
1363 24674 6038
1364 24678 9428
1365 24682 6984
1366 24690 11152
1367 24694 9546
1368 24698 6348
1369 24710 8432
1370 24714 7946
1371 24716 11316
1372 24722 9812
1373 24724 9306
1374 24732 7966
1375 24744 11124
1376 24748 7704
1377 24772 11100
1378 24792 9258
1379 24796 4532
1380 24798 4148
1381 24798 7820
1382 24800 11574
1383 24800 12734
1384 24804 10976
1385 24816 13074
1386 24824 7764
1387 24828 7942
1388 24834 3782
1389 24836 786
1390 24836 10150
1391 24838 3578
1392 24872 3518
1393 24880 11150
1394 24892 3672
1395 24892 11360
1396 24904 1140
1397 24916 3918
1398 24924 6460
1399 24926 7800
1400 24926 10076
1401 24930 7362
1402 24936 6498
1403 24936 9566
1404 24942 9042
1405 24944 7596
1406 24948 9174
1407 24952 8280
1408 24982 3928
1409 24988 11904
1410 24990 4630
1411 25000 11916
1412 25004 984
1413 25004 7194
1414 25018 9030
1415 25020 9510
1416 25030 10402
1417 25038 7204
1418 25040 9100
1419 25040 11168
1420 25042 6942
1421 25046 4098
1422 25064 3290
1423 25066 3944
1424 25066 11822
1425 25068 1000
1426 25068 7092
1427 25070 4718
1428 25078 9004
1429 25078 11990
1430 25080 7918
1431 25084 4906
1432 25084 8090
1433 25086 9726
1434 25094 4510
1435 25100 7278
1436 25106 8000
1437 25122 11512
1438 25138 7980
1439 25182 11950
1440 25190 10274
1441 25192 4430
1442 25196 3922
1443 25210 7114
1444 25214 8166
1445 25216 8096
1446 25224 8092
1447 25226 9144
1448 25230 4504
1449 25242 11886
1450 25266 11994
1451 25280 10444
1452 25296 3176
1453 25298 11992
1454 25318 7264
1455 25318 9328
1456 25320 8584
1457 25326 4040
1458 25330 11678
1459 25344 4218
1460 25348 8166
1461 25350 4418
1462 25362 4246
1463 25374 11488
1464 25380 12020
1465 25390 8124
1466 25392 10096
1467 25396 12094
1468 25402 4194
1469 25412 11412
1470 25418 3930
1471 25444 4466
1472 25448 5582
1473 25450 2848
1474 25454 4052
1475 25456 3870
1476 25458 4410
1477 25460 12080
1478 25462 12014
1479 25474 3770
1480 25480 4284
1481 25480 11074
1482 25486 10620
1483 25498 11632
1484 25516 11864
1485 25520 10628
1486 25524 11860
1487 25534 4404
1488 25542 3600
1489 25542 16206
1490 25566 8564
1491 25566 12074
1492 25568 7064
1493 25574 11398
1494 25582 16204
1495 25586 3506
1496 25594 12152
1497 25598 6298
1498 25606 4552
1499 25608 4184
1500 25608 7672
1501 25610 5024
1502 25612 8396
1503 25618 11956
1504 25620 4060
1505 25626 13216
1506 25632 11542
1507 25636 8280
1508 25646 8828
1509 25646 10000
1510 25660 4274
1511 25666 9568
1512 25674 9776
1513 25686 6494
1514 25686 7982
1515 25694 7524
1516 25702 7424
1517 25706 9778
1518 25708 7126
1519 25720 3976
1520 25720 7598
1521 25722 6376
1522 25724 8340
1523 25732 11670
1524 25734 9904
1525 25758 6264
1526 25766 8214
1527 25770 7978
1528 25776 8236
1529 25776 12202
1530 25796 7298
1531 25802 7470
1532 25806 9280
1533 25818 8494
1534 25820 14984
1535 25836 3164
1536 25840 8320
1537 25844 7636
1538 25860 8518
1539 25868 12946
1540 25874 8506
1541 25888 8724
1542 25900 8850
1543 25902 8660
1544 25920 7282
1545 25924 7292
1546 25924 12264
1547 25956 12834
1548 25962 10316
1549 25964 4106
1550 25970 3916
1551 25972 7452
1552 25976 8136
1553 25984 7888
1554 26038 11224
1555 26050 8062
1556 26058 4160
1557 26078 8530
1558 26088 2136
1559 26094 3680
1560 26096 6856
1561 26106 11840
1562 26118 8476
1563 26130 3690
1564 26132 10798
1565 26138 2542
1566 26140 8516
1567 26142 10792
1568 26144 11934
1569 26146 8106
1570 26146 11286
1571 26150 2688
1572 26174 3588
1573 26208 8702
1574 26214 2728
1575 26224 12086
1576 26244 11482
1577 26260 6954
1578 26260 13802
1579 26266 2516
1580 26266 8842
1581 26268 11186
1582 26270 11458
1583 26274 12336
1584 26276 3222
1585 26284 11694
1586 26286 11312
1587 26292 13210
1588 26306 11482
1589 26308 2880
1590 26314 2876
1591 26324 2642
1592 26344 11598
1593 26350 6900
1594 26360 11256
1595 26380 11480
1596 26398 8802
1597 26402 9534
1598 26410 11542
1599 26412 9478
1600 26416 9792
1601 26428 10922
1602 26430 10900
1603 26438 8824
1604 26456 8468
1605 26456 13052
1606 26476 8734
1607 26490 11084
1608 26490 13026
1609 26498 13560
1610 26502 9130
1611 26518 8340
1612 26524 8106
1613 26528 530
1614 26532 13310
1615 26536 13202
1616 26540 7670
1617 26542 8548
1618 26542 8808
1619 26544 12030
1620 26556 8506
1621 26564 9004
1622 26566 11336
1623 26568 7676
1624 26568 9384
1625 26572 13136
1626 26600 11332
1627 26614 13278
1628 26626 13670
1629 26632 13488
1630 26680 11564
1631 26704 11486
1632 26704 13524
1633 26716 13232
1634 26718 13456
1635 26744 8244
1636 26770 11822
1637 26774 9760
1638 26776 9172
1639 26782 8240
1640 26790 11298
1641 26794 11520
1642 26796 12574
1643 26800 13442
1644 26816 7636
1645 26816 13542
1646 26826 12988
1647 26858 8348
1648 26872 10918
1649 26882 13500
1650 26882 13842
1651 26890 7666
1652 26900 13006
1653 26916 8756
1654 26916 16066
1655 26924 7942
1656 26926 11522
1657 26932 12656
1658 26934 13414
1659 26968 9992
1660 26968 16086
1661 26974 7906
1662 26994 12924
1663 26996 7940
1664 27002 11106
1665 27018 11150
1666 27020 8104
1667 27022 10132
1668 27028 7326
1669 27032 9964
1670 27038 7346
1671 27044 8108
1672 27058 11386
1673 27070 7542
1674 27088 8714
1675 27092 10182
1676 27096 11296
1677 27098 11270
1678 27106 8658
1679 27112 10282
1680 27122 13040
1681 27136 3038
1682 27144 8662
1683 27152 8204
1684 27162 12842
1685 27170 7466
1686 27176 11472
1687 27180 8600
1688 27184 13038
1689 27188 3010
1690 27200 8560
1691 27210 8360
1692 27220 8362
1693 27240 11382
1694 27246 7912
1695 27262 8488
1696 27278 8718
1697 27300 8278
1698 27308 13042
1699 27316 9210
1700 27320 8784
1701 27320 13044
1702 27324 8920
1703 27354 8370
1704 27418 11698
1705 27418 11708
1706 27420 7468
1707 27466 9910
1708 27512 8982
1709 27560 8334
1710 27560 8422
1711 27562 2206
1712 27574 11400
1713 27594 11426
1714 27640 9764
1715 27644 12262
1716 27648 8586
1717 27666 13636
1718 27698 12764
1719 27722 13120
1720 27764 10924
1721 27786 8962
1722 27786 9550
1723 27806 10566
1724 27814 11100
1725 27824 8654
1726 27832 8994
1727 27836 13008
1728 27838 9644
1729 27864 8062
1730 27870 10456
1731 27900 10072
1732 27900 10100
1733 27970 8472
1734 27972 10582
1735 27974 10306
1736 27976 7938
1737 27978 10206
1738 27998 9524
1739 28040 10810
1740 28060 10672
1741 28060 11032
1742 28088 9736
1743 28128 10636
1744 28130 10126
1745 28138 14594
1746 28146 11108
1747 28192 12974
1748 28202 10320
1749 28224 11160
1750 28226 10274
1751 28228 12394
1752 28246 10584
1753 28246 10590
1754 28258 11076
1755 28274 12852
1756 28290 12156
1757 28300 12866
1758 28322 10358
1759 28336 10206
1760 28350 10400
1761 28356 10270
1762 28366 9486
1763 28366 11322
1764 28404 11142
1765 28432 9140
1766 28442 9422
1767 28450 10974
1768 28494 11334
1769 28496 10626
1770 28512 10552
1771 28514 12622
1772 28516 10880
1773 28520 10112
1774 28522 10500
1775 28528 8836
1776 28544 11206
1777 28574 10662
1778 28582 9154
1779 28586 11736
1780 28590 11200
1781 28596 12132
1782 28602 8934
1783 28618 9174
1784 28646 8922
1785 28658 9190
1786 28686 12704
1787 28702 9252
1788 28706 12944
1789 28728 13052
1790 28760 10636
1791 28784 12938
1792 28786 8992
1793 28786 10940
1794 28802 14040
1795 28810 11458
1796 28810 11766
1797 28818 10244
1798 28828 11330
1799 28840 11104
1800 28844 10980
1801 28846 14302
1802 28856 10956
1803 28860 11318
1804 28866 10848
1805 28870 13804
1806 28884 12230
1807 28896 10894
1808 28904 12440
1809 28906 11082
1810 28916 10954
1811 28932 11954
1812 28942 14392
1813 28952 10994
1814 28966 9734
1815 28966 11116
1816 29004 11106
1817 29018 10832
1818 29026 14418
1819 29042 10146
1820 29050 10914
1821 29052 11520
1822 29068 14346
1823 29078 11116
1824 29084 11100
1825 29086 13056
1826 29096 12058
1827 29192 11694
1828 29196 10892
1829 29196 11494
1830 29214 13054
1831 29218 11570
1832 29242 10788
1833 29246 10774
1834 29268 11660
1835 29284 11532
1836 29304 10290
1837 29316 10170
1838 29324 10964
1839 29324 11090
1840 29324 11586
1841 29354 11036
1842 29372 11556
1843 29380 11820
1844 29392 10818
1845 29400 13340
1846 29402 13342
1847 29408 11248
1848 29466 10530
1849 29478 14964
1850 29562 11064
1851 29572 11190
1852 29572 12132
1853 29576 14802
1854 29596 11444
1855 29638 12098
1856 29680 11336
1857 29716 12054
1858 29766 11732
1859 29802 11138
1860 29816 12080
1861 29820 11300
1862 29822 13162
1863 29842 11514
1864 29846 11450
1865 29852 10860
1866 29866 11014
1867 29878 11102
1868 29878 11256
1869 29904 11904
1870 29926 11454
1871 29926 12344
1872 29934 12330
1873 29934 14700
1874 29942 11778
1875 29958 11544
1876 29958 14374
1877 29994 14652
1878 29996 11720
1879 30000 11794
1880 30002 13694
1881 30022 12046
1882 30046 14486
1883 30072 12868
1884 30076 12116
1885 30084 11738
1886 30094 11706
1887 30098 12922
1888 30104 14322
1889 30122 14288
1890 30126 14872
1891 30148 12744
1892 30150 11480
1893 30154 12830
1894 30156 14530
1895 30182 14440
1896 30206 11626
1897 30228 11622
1898 30232 14652
1899 30244 14594
1900 30254 11726
1901 30262 14340
1902 30268 14348
1903 30284 14288
1904 30296 13886
1905 30304 14304
1906 30316 14088
1907 30330 13428
1908 30344 14348
1909 30452 11964
1910 30456 12580
1911 30460 13814
1912 30472 11844
1913 30480 11814
1914 30482 12748
1915 30490 14474
1916 30512 14426
1917 30524 11644
1918 30526 14470
1919 30548 12070
1920 30558 12010
1921 30628 13806
1922 30640 11694
1923 30708 15076
1924 30734 12028
1925 30740 14328
1926 30782 14690
1927 30800 14530
1928 30818 11930
1929 30818 14606
1930 30856 14498
1931 30860 14322
1932 30872 11876
1933 30890 12198
1934 30890 12326
1935 30930 12366
1936 31006 11676
1937 31040 13564
1938 31058 12866
1939 31098 11960
1940 31106 15102
1941 31128 14292
1942 31192 14352
1943 31200 15120
1944 31218 12078
1945 31230 14380
1946 31240 12210
1947 31254 11920
1948 31390 16256
1949 31398 13540
1950 31400 12514
1951 31410 12582
1952 31472 16260
1953 31476 12786
1954 31516 12142
1955 31546 12242
1956 31550 15228
1957 31576 14752
1958 31610 12044
1959 31636 12486
1960 31646 12126
1961 31654 12656
1962 31668 12574
1963 31688 12772
1964 31692 16114
1965 31700 12582
1966 31704 12320
1967 31706 12822
1968 31712 12700
1969 31718 12440
1970 31734 12396
1971 31734 12458
1972 31744 12824
1973 31756 12646
1974 31756 12698
1975 31770 12450
1976 31826 15172
1977 31840 12106
1978 31846 12808
1979 31856 16134
1980 31872 12648
1981 31908 12860
1982 31940 13174
1983 31950 13168
1984 32010 14098
1985 32034 12130
1986 32102 13202
1987 32134 13320
1988 32148 13338
1989 32206 12114
1990 32310 12144
1991 32406 12234
1992 32512 13458
1993 33288 15496
1994 33288 16188
1995 33322 16128
1996 33428 16616
1997 33440 16638
1998 33464 16600
1999 34162 14160
5 9 6 3 2 1 
3 0 2 4 
7 16 5 1 0 7 11 18 
7 64 12 7 0 26 24 19 
5 8 1 5 14 32 
3 4 2 13 
3 10 172 0 
3 11 2 3 
4 17 9 4 23 
3 10 0 8 
4 85 6 9 17 
4 18 2 7 15 
3 29 15 3 
3 14 5 22 
3 28 4 13 
3 20 11 12 
4 22 2 21 38 
3 10 8 25 
3 2 11 20 
3 3 36 58 
3 21 18 15 
3 16 20 29 
3 27 13 16 
4 31 8 43 41 
5 60 48 3 26 52 
3 17 31 63 
4 24 3 30 35 
3 39 28 22 
4 37 32 14 27 
3 21 12 69 
3 26 81 33 
3 25 23 41 
3 43 4 28 
3 30 81 34 
3 33 61 40 
3 54 26 44 
4 58 19 48 72 
3 45 28 39 
3 78 16 69 
4 53 47 37 27 
3 44 34 42 
3 31 23 49 
3 40 61 55 
3 46 23 32 
4 56 35 40 55 
4 46 37 47 50 
3 51 43 45 
3 45 39 53 
3 36 24 60 
3 41 51 89 
3 51 45 59 
4 89 49 46 50 
4 67 66 24 54 
3 47 39 59 
3 52 35 56 
4 57 44 42 61 
3 54 44 57 
3 65 56 55 
3 62 19 36 
4 89 50 53 78 
3 48 24 66 
6 75 55 42 34 81 80 
3 64 58 83 
3 92 25 89 
3 69 3 62 
5 70 67 57 74 76 
3 68 60 52 
3 68 52 65 
3 71 66 67 
5 106 78 38 29 64 
3 73 65 76 
3 72 68 73 
3 83 36 71 
4 90 71 70 87 
3 65 75 77 
3 74 61 84 
3 70 65 79 
3 79 74 84 
5 91 86 59 38 69 
3 76 77 88 
4 84 61 81 82 
8 82 80 61 33 30 280 184 101 
3 95 80 81 
3 62 72 90 
4 88 77 75 80 
3 172 10 105 
4 89 78 91 94 
3 73 96 155 
3 79 84 93 
7 92 63 49 51 59 86 114 
3 161 83 73 
3 102 86 78 
3 100 63 89 
3 96 88 97 
3 114 86 102 
3 97 82 98 
3 87 93 103 
3 99 93 95 
3 112 95 101 
3 107 97 104 
3 105 92 138 
4 98 81 121 115 
5 127 94 91 108 109 
3 96 107 111 
2 99 110 
3 181 85 100 
3 166 108 69 
3 111 103 99 
3 109 102 106 
3 127 102 108 
3 113 104 112 
4 103 107 113 141 
3 110 98 116 
3 111 110 116 
4 138 89 94 127 
5 118 117 116 101 121 
4 113 112 115 125 
3 119 115 118 
3 120 117 115 
3 122 117 120 
3 119 118 123 
5 124 115 101 163 132 
3 125 119 126 
3 126 120 129 
3 128 121 130 
4 141 116 122 133 
3 122 123 131 
4 114 102 109 136 
3 129 124 130 
4 131 123 128 130 
6 139 134 129 128 124 132 
5 146 126 129 134 140 
4 130 121 137 135 
3 141 125 146 
3 145 131 130 
3 142 132 137 
3 149 127 143 
3 135 132 156 
5 181 100 114 149 171 
3 145 130 142 
3 146 131 145 
5 174 111 125 133 146 
4 144 139 135 152 
3 147 136 166 
3 150 145 142 
5 148 140 134 139 144 
6 141 133 131 140 148 151 
3 149 143 170 
3 146 145 150 
4 171 138 136 147 
3 148 144 153 
3 146 153 178 
3 153 142 154 
5 178 151 150 152 157 
4 158 152 156 159 
4 161 87 183 191 
4 154 137 163 164 
3 153 158 160 
4 160 157 154 162 
3 162 154 169 
3 175 157 158 
4 182 167 90 155 
3 175 158 159 
5 168 164 156 121 165 
4 169 156 163 168 
3 185 163 184 
4 170 143 106 167 
3 166 161 179 
3 185 164 163 
3 185 159 164 
4 171 147 166 177 
4 138 149 170 176 
4 173 197 6 85 
3 197 172 192 
3 187 183 141 
4 178 160 162 185 
3 171 177 188 
4 176 170 180 188 
4 187 151 153 175 
3 180 167 182 
3 188 177 179 
5 199 196 105 138 228 
4 214 213 179 161 
3 155 174 190 
6 218 189 165 81 281 264 
5 175 169 168 165 186 
4 201 185 189 193 
3 195 174 178 
5 230 176 177 180 235 
4 193 186 184 218 
3 191 183 194 
3 227 155 190 
3 197 173 196 
3 212 186 189 
3 227 190 195 
3 194 187 202 
3 192 181 198 
6 216 226 172 173 192 208 
3 196 209 200 
4 203 205 204 181 
3 207 198 209 
4 240 222 202 186 
3 227 195 201 
3 205 199 229 
3 210 206 199 
3 210 199 203 
3 211 209 204 
3 208 200 209 
4 220 197 207 215 
5 215 207 200 198 206 
4 211 204 205 257 
3 217 206 210 
4 232 236 193 231 
3 235 182 214 
4 213 182 239 246 
4 208 209 217 225 
4 226 197 219 224 
3 225 215 211 
3 189 184 264 
4 223 224 216 221 
3 221 208 225 
3 223 219 220 
3 273 227 201 
3 226 219 221 
3 226 216 219 
4 234 220 215 217 
7 197 216 224 223 233 276 372 
5 239 191 194 202 222 
3 229 181 230 
3 257 203 228 
3 228 188 243 
3 232 212 264 
4 247 237 212 231 
3 226 234 241 
3 233 225 257 
6 297 295 243 188 213 258 
3 238 212 237 
3 236 232 242 
5 249 240 236 242 244 
4 214 227 251 248 
4 273 201 238 250 
3 276 233 255 
3 238 237 245 
3 267 230 235 
3 249 238 245 
4 244 242 247 253 
4 258 214 248 259 
3 245 232 252 
3 246 239 259 
4 250 238 244 254 
3 240 249 270 
3 261 239 273 
3 256 247 266 
4 254 245 256 260 
3 249 253 263 
3 271 241 257 
3 253 252 262 
5 255 234 210 229 267 
3 235 246 269 
3 246 248 261 
3 263 253 262 
3 259 251 274 
4 265 260 256 268 
3 270 254 260 
6 283 266 231 218 184 279 
3 270 262 272 
3 268 252 264 
3 292 257 243 
3 262 266 272 
4 258 275 277 282 
6 306 289 250 263 265 284 
3 276 255 278 
3 265 268 283 
5 291 251 222 240 289 
3 275 261 296 
3 269 274 277 
5 226 241 271 286 333 
3 269 275 296 
3 285 271 292 
3 264 288 287 
3 281 81 360 
5 335 298 290 184 280 
3 294 269 296 
3 284 272 264 
3 313 270 283 
3 310 286 278 
4 276 285 293 333 
4 317 279 288 301 
3 287 279 290 
4 299 273 270 300 
3 301 288 281 
3 296 273 299 
4 304 278 267 295 
3 333 286 307 
5 337 305 282 322 343 
3 292 235 297 
5 328 282 277 274 291 
3 295 235 305 
3 302 281 303 
3 332 291 289 
3 289 309 316 
3 287 290 302 
3 308 301 298 
4 386 308 298 335 
3 311 292 336 
3 367 297 294 
5 309 270 313 318 324 
3 333 293 325 
4 327 323 302 303 
3 312 300 306 
3 319 285 311 
3 314 310 304 
3 315 316 309 
3 306 284 317 
3 320 311 336 
3 316 312 331 
4 330 300 312 315 
4 318 313 287 321 
3 324 306 317 
3 325 310 320 
4 334 319 314 336 
3 326 317 323 
3 338 294 329 
3 326 321 308 
3 340 306 318 
3 307 319 334 
3 340 321 323 
3 382 308 446 
3 329 296 339 
3 342 322 328 
4 348 332 316 358 
3 315 340 358 
4 341 339 299 330 
5 372 276 286 293 307 
3 371 325 320 
3 303 281 368 
8 377 320 314 304 369 374 385 406 
3 367 294 366 
3 344 322 345 
4 351 328 332 341 
5 392 331 324 326 370 
3 356 339 332 
4 345 329 349 347 
5 359 294 344 346 355 
3 346 343 338 
3 352 338 342 
3 343 344 352 
3 352 342 349 
3 357 330 435 
4 353 347 342 350 
3 354 349 351 
3 350 339 356 
5 355 346 345 347 353 
3 352 349 354 
3 353 350 362 
3 361 343 352 
4 362 351 341 357 
3 356 348 442 
4 330 331 429 428 
3 364 343 363 
4 368 280 454 445 
3 363 355 362 
5 404 363 361 354 356 
4 365 359 361 362 
3 366 359 365 
3 404 364 363 
3 390 337 364 
5 407 369 305 337 390 
4 393 335 360 424 
4 378 373 336 367 
4 379 340 382 383 
3 381 334 377 
4 226 333 381 1997 
4 380 376 374 369 
3 375 336 373 
3 376 385 374 
3 389 375 373 
3 371 336 399 
3 384 369 398 
3 388 370 402 
3 389 373 387 
3 372 371 457 
3 391 370 327 
3 402 370 391 
3 387 378 398 
4 413 336 375 396 
3 395 397 303 
3 401 380 384 
3 392 379 402 
4 394 396 376 380 
3 463 367 366 
3 419 383 382 
3 414 340 388 
3 395 368 405 
4 400 396 389 401 
3 397 386 393 
4 385 389 394 400 
3 444 386 395 
3 384 378 410 
3 443 377 417 
3 396 394 403 
3 394 387 409 
4 388 379 383 418 
3 408 400 412 
5 462 365 362 459 473 
3 444 393 424 
4 431 417 336 413 
3 410 367 463 
3 427 403 430 
3 420 401 411 
4 425 411 398 407 
3 425 409 410 
3 403 415 426 
3 427 406 385 
3 429 392 416 
3 423 412 420 
3 429 414 421 
3 437 399 406 
3 421 402 419 
3 418 391 456 
4 422 415 409 425 
3 416 418 441 
3 423 420 425 
3 426 415 422 
4 405 368 445 452 
5 433 422 420 411 410 
3 412 423 430 
6 448 431 413 408 433 449 
4 434 358 432 439 
4 432 358 414 416 
3 408 426 433 
3 437 406 427 
3 428 429 438 
4 427 430 425 451 
3 435 428 436 
3 442 348 434 
3 442 434 440 
4 443 417 431 450 
4 439 432 441 455 
3 440 428 438 
3 436 439 472 
4 455 438 421 460 
6 483 480 357 435 436 484 
3 457 399 437 
3 447 397 405 
3 424 360 454 
4 470 456 327 447 
4 446 444 453 467 
6 474 469 458 450 427 476 
3 476 427 451 
3 458 437 448 
3 449 433 463 
3 453 424 454 
4 461 447 452 466 
6 1613 535 464 452 445 360 
3 472 438 441 
4 460 419 446 470 
5 381 443 502 734 1997 
3 502 450 448 
3 486 404 480 
4 478 441 456 465 
3 467 453 468 
3 463 404 566 
5 451 407 390 462 515 
3 471 454 528 
4 488 460 485 492 
3 468 453 471 
3 447 461 475 
3 475 461 466 
3 502 448 474 
3 477 456 446 
3 475 466 464 
4 498 440 455 479 
3 565 404 486 
3 573 469 448 
5 506 490 467 468 471 
4 527 448 449 517 
4 481 482 470 489 
3 491 479 460 
3 472 478 491 
3 500 459 442 
3 482 477 489 
3 485 477 481 
3 496 442 511 
3 442 498 499 
4 492 465 482 487 
4 564 473 459 520 
3 508 485 489 
3 491 465 494 
6 519 508 487 481 477 490 
3 489 475 501 
6 512 498 479 478 488 510 
3 465 485 493 
3 495 492 508 
3 530 488 495 
4 494 493 504 505 
3 503 483 497 
3 509 496 525 
4 521 484 472 491 
3 514 484 521 
3 520 480 503 
3 516 490 513 
4 457 458 469 734 
4 507 500 496 509 
3 505 495 518 
3 523 495 504 
3 513 475 543 
3 520 503 532 
4 518 493 487 489 
3 503 497 532 
4 542 537 491 524 
4 558 525 483 514 
3 521 491 550 
3 533 501 506 
3 569 511 499 
3 588 463 566 
3 519 501 540 
3 527 476 585 
3 504 508 522 
3 538 489 516 
5 613 486 500 507 554 
4 569 499 498 512 
3 536 518 526 
4 534 505 560 575 
5 561 510 529 541 548 
3 497 511 547 
3 522 538 589 
4 573 476 517 580 
5 557 543 464 539 544 
3 524 530 531 
4 531 529 494 534 
3 529 530 546 
4 507 509 571 591 
3 540 513 543 
3 530 523 584 
3 1296 539 454 
3 560 522 592 
3 550 510 545 
3 589 526 519 
3 544 528 535 
3 516 533 552 
3 548 524 546 
4 545 510 561 570 
4 549 533 506 528 
3 1296 528 539 
3 551 537 542 
3 541 531 600 
4 571 525 558 563 
3 524 541 555 
3 552 543 553 
6 610 594 512 537 551 567 
4 567 550 545 556 
3 559 540 549 
3 559 549 557 
3 613 520 591 
4 583 581 548 600 
3 551 576 577 
3 562 553 528 
3 547 511 569 
4 589 552 553 562 
3 523 536 592 
3 542 524 581 
4 726 656 559 557 
3 547 569 572 
3 565 486 615 
3 620 473 564 
4 568 515 462 621 
3 603 550 551 
3 607 566 629 
6 572 563 558 514 521 594 
3 574 542 583 
3 532 547 590 
3 563 569 590 
5 734 474 527 578 596 
3 576 570 579 
3 584 523 592 
3 587 556 574 
3 606 556 586 
3 573 582 595 
3 587 574 583 
3 582 527 602 
3 583 561 555 
3 595 578 580 
5 635 579 570 581 555 
3 600 534 575 
4 602 517 588 597 
3 593 577 587 
4 593 586 576 579 
6 631 599 585 515 617 623 
5 656 592 526 538 559 
4 608 571 572 598 
3 554 532 608 
6 650 644 575 560 536 589 
5 611 606 586 587 609 
3 569 550 614 
3 596 578 582 
4 573 595 651 703 
3 604 585 601 
3 634 590 625 
3 641 601 588 
4 647 555 546 584 
3 597 599 640 
3 605 580 585 
3 618 567 606 
3 605 597 638 
3 648 602 604 
5 603 577 593 612 619 
3 626 617 568 
3 633 591 590 
3 622 593 637 
3 614 550 618 
3 616 612 593 
4 619 606 611 616 
8 630 615 520 554 639 680 689 684 
3 625 594 610 
3 620 564 613 
3 612 611 624 
3 623 588 607 
4 625 610 603 619 
4 618 606 612 627 
4 621 565 615 628 
3 629 566 620 
3 632 624 609 
3 588 617 636 
3 616 622 632 
4 598 614 618 659 
3 636 607 654 
3 659 619 632 
5 711 694 620 630 682 
3 657 568 621 
3 628 613 672 
3 641 588 655 
5 659 627 624 622 637 
3 639 608 634 
4 639 633 598 646 
4 642 637 583 643 
4 675 666 623 626 
4 632 609 635 642 
3 648 604 696 
4 613 633 634 669 
3 601 641 696 
4 640 599 631 696 
3 645 637 635 
3 635 653 662 
3 649 592 650 
3 673 642 692 
4 669 634 660 661 
3 653 600 649 
3 651 605 638 
4 667 652 647 644 
3 644 592 656 
3 596 648 665 
3 658 653 649 
6 663 643 647 652 658 670 
3 685 626 657 
3 696 631 666 
5 679 664 650 589 562 
3 654 629 690 
4 653 652 667 668 
6 660 625 627 632 677 725 
4 700 661 646 659 
3 683 646 660 
3 692 643 663 
3 692 662 653 
3 674 667 656 
3 703 651 696 
3 655 636 702 
4 658 649 664 671 
3 670 658 671 
3 639 646 683 
3 653 668 710 
3 668 667 674 
3 630 684 691 
3 677 645 692 
4 688 671 664 678 
3 702 636 676 
3 702 675 681 
4 722 659 673 686 
3 688 674 679 
3 701 678 656 
7 728 704 613 683 698 708 712 
3 715 676 685 
4 730 735 628 687 
4 680 669 661 706 
3 672 613 693 
6 707 705 681 654 690 721 
4 677 692 718 729 
3 744 682 691 
3 710 674 678 
3 693 613 704 
3 685 657 694 
4 687 672 695 709 
6 686 673 645 662 663 710 
3 695 684 689 
3 690 628 727 
3 691 693 697 
8 665 638 640 641 655 702 716 807 
3 709 695 699 
3 680 706 714 
3 709 697 704 
4 717 706 660 776 
3 719 710 679 
5 696 666 675 676 715 
3 824 596 665 
4 699 689 680 732 
4 745 733 685 707 
4 713 698 683 700 
5 764 705 685 721 762 
3 712 680 714 
4 691 697 699 738 
7 718 692 670 688 701 719 723 
3 720 727 628 
3 742 680 708 
3 714 706 717 
4 742 708 698 713 
4 716 702 681 743 
3 696 715 743 
3 780 713 700 
4 729 686 710 739 
3 710 701 724 
3 727 711 735 
3 707 685 731 
3 748 725 677 
3 740 710 724 
4 740 723 719 726 
3 767 659 722 
4 771 724 562 892 
5 746 731 694 711 720 
4 753 732 680 742 
3 736 686 718 
3 737 682 744 
3 721 727 746 
4 782 738 704 728 
3 743 705 745 
5 457 502 573 824 1494 
3 720 682 737 
3 748 729 756 
3 735 730 741 
3 709 732 804 
3 747 718 755 
4 758 755 723 724 
4 792 737 786 785 
5 754 750 728 712 714 
5 783 716 715 733 749 
3 730 687 804 
3 751 733 705 
4 798 762 731 727 
4 788 756 739 795 
5 801 722 736 777 791 
4 765 743 752 761 
3 768 753 742 
3 752 745 769 
3 749 751 760 
3 782 728 750 
3 759 742 757 
3 795 739 740 
3 777 736 747 
3 759 754 780 
3 790 740 771 
3 768 754 757 
4 761 752 770 773 
3 763 749 760 
3 707 746 798 
3 766 761 778 
3 772 707 800 
3 781 749 766 
3 765 763 784 
3 776 725 796 
4 774 750 759 829 
3 770 751 772 
3 760 769 779 
3 758 726 812 
3 769 764 779 
3 775 760 779 
4 833 787 782 768 
3 778 773 779 
4 780 700 767 793 
3 748 756 788 
3 784 763 775 
5 775 773 770 772 800 
4 757 717 776 794 
3 783 765 784 
4 804 732 753 774 
4 807 743 781 803 
4 789 781 766 778 
4 792 741 786 802 
3 785 741 804 
3 831 804 774 
3 815 777 747 
3 803 784 810 
3 797 758 812 
3 748 815 826 
5 823 741 785 802 830 
4 817 794 776 799 
4 843 829 780 793 
5 827 816 747 755 797 
3 799 767 801 
4 806 795 790 820 
4 841 800 762 746 
5 793 796 805 808 809 
4 810 779 764 798 
4 813 805 796 748 
3 792 785 818 
3 856 783 789 
7 825 818 786 744 738 782 787 
3 799 801 813 
3 827 797 844 
3 937 696 783 
3 809 799 811 
4 828 817 799 808 
3 789 800 841 
3 821 808 813 
4 814 790 771 839 
5 821 811 805 801 826 
4 822 820 812 839 
4 826 791 788 819 
3 837 819 795 
3 835 793 809 
5 870 836 802 804 846 
3 815 816 834 
3 844 797 814 
3 828 811 813 
3 844 814 839 
5 850 792 830 838 857 
4 734 703 937 1489 
3 846 804 831 
5 869 874 813 791 815 
4 849 795 806 847 
3 832 809 821 
4 865 833 768 794 
3 823 792 840 
3 825 787 855 
3 835 828 874 
3 855 774 829 
4 819 837 849 853 
3 845 817 832 
3 860 840 818 
3 834 816 849 
3 857 823 840 
4 822 814 812 842 
4 857 838 830 836 
4 858 810 798 850 
4 859 848 839 872 
3 865 794 845 
4 847 806 820 822 
3 843 835 899 
3 818 825 852 
3 851 827 844 
3 854 851 842 
4 834 837 827 878 
3 858 841 823 
5 878 847 848 854 861 
5 915 922 846 864 891 
3 863 834 878 
3 851 848 859 
3 864 831 833 
3 972 803 858 
4 866 823 838 840 
4 893 856 841 850 
4 862 854 842 881 
3 868 880 836 
3 878 851 862 
3 867 861 859 
3 883 853 902 
4 877 852 855 871 
7 920 888 871 829 843 886 927 
3 914 857 887 
3 875 862 873 
3 880 860 876 
3 911 826 883 
3 876 818 929 
3 884 864 865 
4 904 882 842 924 
3 875 867 881 
4 911 890 832 826 
4 909 867 873 889 
3 879 868 870 
3 885 864 884 
5 853 849 851 861 935 
3 880 876 954 
4 887 860 868 879 
4 889 873 859 882 
3 904 881 872 
3 944 869 863 
4 896 877 871 888 
4 898 891 877 896 
4 865 899 905 894 
3 928 866 880 
3 903 884 865 
3 917 875 881 
4 906 897 895 874 
3 910 852 885 
3 924 726 1296 
4 972 858 914 973 
3 886 921 946 
3 899 890 897 
3 900 885 884 
3 895 890 906 
3 910 885 901 
5 905 886 845 895 912 
4 907 901 896 903 
3 907 898 900 
3 944 863 935 
3 900 888 908 
3 930 882 872 
4 932 921 886 899 
4 913 897 890 918 
3 926 901 900 
3 926 903 920 
3 935 875 917 
4 915 891 898 926 
4 918 874 869 925 
3 919 899 913 
3 916 912 906 
4 893 866 923 933 
3 957 852 910 
3 919 913 918 
4 943 909 889 930 
4 916 906 911 931 
3 958 912 916 
4 908 865 939 938 
3 945 894 905 
3 929 852 957 
4 934 914 928 940 
3 974 872 892 
3 952 911 936 
5 971 910 907 908 947 
3 942 865 946 
3 923 887 954 
4 964 870 922 953 
3 974 917 904 
3 956 918 951 
3 959 905 958 
3 981 914 934 
3 933 923 962 
6 949 941 902 878 909 943 
3 952 925 944 
4 1489 824 807 972 
3 947 920 939 
4 938 920 942 948 
3 923 954 950 
3 949 944 935 
3 939 927 966 
3 935 917 974 
6 979 960 936 883 902 941 
3 946 921 959 
4 927 894 945 959 
3 976 926 938 
3 976 939 967 
3 961 941 935 
3 955 940 954 
3 970 931 952 
6 951 925 936 960 965 985 
3 964 929 957 
5 950 940 928 879 968 
3 969 950 982 
3 963 931 970 
4 953 922 915 975 
4 998 932 919 963 
5 1022 966 946 945 932 
3 965 952 944 
4 1039 949 1003 1043 
3 988 934 969 
3 958 956 1033 
4 968 929 953 990 
3 952 960 977 
3 1019 942 959 
3 991 948 1019 
4 1016 984 954 964 
5 980 962 955 983 987 
3 956 951 1018 
3 989 926 976 
6 937 856 893 978 1044 1257 
3 978 893 981 
4 986 943 930 924 
3 990 957 989 
4 971 947 948 991 
3 965 979 1039 
3 1011 972 973 
3 977 944 1039 
3 994 969 1000 
7 1024 1011 973 933 988 993 1012 
4 983 955 984 992 
3 987 969 982 
4 997 982 968 996 
3 1018 952 1038 
3 995 1003 974 
3 969 983 1001 
3 994 981 962 
3 975 971 1049 
3 964 975 1041 
4 1040 1034 976 967 
4 1006 999 982 1005 
3 1012 981 994 
4 1021 993 988 980 
3 1013 986 1058 
5 1007 1004 997 984 1016 
3 1005 984 996 
3 1036 1022 958 
3 1020 1001 992 
3 1008 980 1002 
5 1014 1009 1002 987 999 
3 1000 1001 1009 
3 961 986 1013 
3 1005 996 1007 
4 1010 992 997 1004 
3 1020 992 1010 
3 1004 996 1031 
3 1017 1000 1015 
3 1015 1002 1001 
3 1006 1005 1031 
3 1035 978 981 
3 981 993 1021 
3 1052 1003 995 
3 1015 1001 1025 
4 1023 1008 1009 1014 
3 996 968 1026 
3 1021 1008 1023 
4 1033 970 985 1038 
4 1040 967 966 1042 
5 1025 999 1006 1028 1027 
4 1024 1012 994 1017 
3 1047 959 998 
4 1113 1017 1015 1029 
3 1030 981 1021 
3 1014 1020 1029 
3 1031 1016 1079 
3 1020 1028 1032 
3 1027 1020 1031 
3 1023 1025 1037 
3 1035 1024 1113 
6 1032 1028 1010 1007 1026 1057 
4 1037 1027 1031 1055 
3 963 1018 1069 
3 1046 1049 991 
3 1044 1011 1030 
3 1051 998 1061 
3 1120 1029 1032 
4 1018 985 1045 1059 
4 1045 977 979 961 
4 1053 1046 991 1019 
3 990 1048 1074 
3 1019 1047 1056 
3 1060 961 1054 
4 1257 972 1035 1110 
3 1038 1039 1050 
3 1063 1034 1040 
3 1042 1022 1051 
3 1074 1041 1049 
4 1048 989 1034 1077 
3 1062 1045 1060 
3 1056 1047 1036 
3 1054 1013 1058 
3 1063 1040 1068 
3 1094 1043 1052 
3 1032 1057 1070 
5 1068 1042 1051 1066 1071 
3 1055 1031 1079 
3 1052 995 1088 
5 1075 1076 1038 1062 1064 
4 1084 1050 1043 1105 
5 1080 1078 1065 1036 1082 
3 1059 1050 1084 
6 1101 1077 1046 1053 1086 1103 
3 1059 1084 1111 
4 1067 1061 1078 1081 
4 1071 1056 1067 1072 
3 1072 1066 1065 
4 1086 1053 1056 1089 
3 1085 1033 1073 
4 1130 1055 1104 1132 
3 1089 1056 1066 
3 1066 1067 1096 
4 1095 1085 1069 1076 
6 1114 1079 1041 1048 1099 1108 
3 1083 1059 1111 
3 1073 1059 1083 
3 1099 1049 1063 
3 1065 1061 1080 
5 1112 1104 1057 1026 1074 
4 1100 1087 1078 1061 
3 1096 1065 1087 
4 1061 1091 1093 1115 
3 1127 1076 1075 
4 1109 1064 1062 1060 
3 1091 1069 1073 
3 1063 1068 1107 
3 1081 1080 1100 
4 1124 1058 1158 1133 
3 1068 1071 1090 
3 1107 1089 1097 
3 1082 1085 1092 
3 1093 1091 1095 
3 1115 1082 1092 
3 1135 1105 1054 
3 1092 1073 1128 
3 1072 1081 1098 
3 1090 1098 1118 
5 1097 1096 1100 1102 1118 
3 1125 1074 1077 
4 1098 1087 1080 1102 
4 1144 1125 1063 1140 
3 1098 1100 1106 
3 1136 1063 1107 
3 1145 1070 1079 
4 1117 1122 1060 1094 
3 1118 1102 1115 
5 1148 1116 1103 1086 1090 
3 1074 1121 1119 
3 1111 1084 1138 
3 1172 1044 1161 
4 1129 1075 1064 1109 
4 1145 1079 1114 1156 
4 1030 1023 1142 1147 
3 1112 1074 1137 
4 1106 1082 1093 1188 
3 1136 1107 1148 
3 1139 1122 1105 
6 1097 1098 1106 1188 1198 1216 
3 1123 1108 1121 
3 1155 1142 1037 
5 1131 1119 1108 1125 1126 
4 1138 1105 1117 1139 
3 1137 1119 1131 
3 1154 1088 1133 
4 1126 1121 1099 1101 
3 1153 1121 1125 
3 1152 1083 1129 
3 1188 1095 1152 
3 1184 1127 1111 
3 1134 1070 1132 
4 1150 1141 1123 1121 
4 1134 1130 1070 1145 
3 1124 1088 1158 
3 1159 1130 1132 
3 1169 1094 1154 
4 1146 1103 1116 1157 
3 1149 1114 1123 
3 1109 1122 1168 
3 1169 1122 1117 
3 1166 1101 1143 
3 1149 1131 1150 
3 1113 1120 1160 
3 1151 1140 1146 
3 1185 1101 1181 
4 1132 1104 1112 1189 
3 1143 1136 1164 
3 1161 1113 1160 
4 1183 1157 1116 1107 
4 1156 1137 1141 1150 
4 1153 1149 1141 1131 
3 1166 1143 1179 
3 1128 1127 1184 
4 1156 1150 1126 1170 
4 1135 1124 1167 1200 
4 1163 1120 1159 1162 
5 1180 1112 1149 1153 1171 
3 1164 1136 1148 
5 1248 1165 1133 1088 1380 
3 1162 1155 1134 
3 1147 1142 1163 
6 1266 1223 1172 1110 1147 1182 
4 1186 1155 1159 1189 
3 1182 1160 1155 
4 1177 1146 1157 1176 
3 1173 1167 1158 
3 1181 1140 1151 
4 1200 1154 1165 1173 
4 1192 1138 1169 1178 
4 1168 1139 1135 1178 
3 1171 1153 1187 
3 1174 1156 1170 
3 1219 1110 1161 
3 1167 1165 1226 
3 1175 1171 1187 
3 1180 1174 1187 
3 1177 1164 1183 
4 1179 1164 1176 1201 
3 1168 1169 1190 
3 1224 1151 1177 
4 1191 1189 1156 1175 
3 1206 1144 1166 
5 1161 1163 1186 1210 1239 
3 1176 1148 1249 
4 1195 1152 1129 1196 
3 1187 1144 1209 
3 1182 1162 1210 
6 1225 1175 1174 1170 1185 1205 
5 1118 1115 1128 1195 1203 
5 1162 1145 1180 1191 1202 
3 1178 1197 1193 
3 1189 1180 1202 
6 1217 1215 1211 1168 1193 1194 
3 1192 1190 1194 
3 1192 1193 1197 
4 1203 1188 1184 1199 
3 1199 1184 1211 
4 1253 1194 1190 1200 
3 1208 1118 1203 
3 1204 1195 1196 
5 1221 1197 1154 1167 1243 
4 1235 1177 1249 1228 
5 1250 1189 1191 1225 1260 
4 1198 1188 1195 1207 
4 1231 1207 1199 1241 
3 1258 1187 1218 
3 1209 1181 1224 
4 1233 1212 1203 1204 
3 1222 1198 1212 
4 1214 1185 1206 1213 
3 1182 1186 1263 
4 1234 1196 1192 1220 
3 1208 1207 1233 
3 1209 1224 1229 
3 1218 1209 1227 
4 1244 1232 1220 1192 
6 1271 1118 1222 1264 1268 1277 
3 1230 1192 1253 
3 1205 1214 1256 
3 1257 1172 1223 
3 1234 1211 1215 
4 1319 1253 1200 1265 
3 1216 1208 1290 
4 1219 1161 1266 1287 
5 1229 1213 1206 1179 1235 
3 1202 1187 1246 
3 1243 1173 1248 
3 1256 1214 1229 
3 1237 1201 1252 
4 1256 1227 1213 1224 
3 1247 1217 1253 
3 1242 1204 1238 
3 1240 1215 1254 
4 1212 1207 1242 1281 
3 1236 1211 1220 
3 1224 1201 1237 
3 1241 1234 1240 
3 1235 1228 1252 
3 1242 1231 1245 
4 1286 1272 1182 1263 
4 1262 1236 1232 1254 
5 1245 1204 1236 1262 1282 
4 1233 1231 1238 1281 
3 1265 1200 1226 
3 1254 1215 1247 
3 1281 1238 1241 
4 1260 1225 1258 1259 
3 1244 1230 1251 
3 1261 1226 1158 
4 1252 1201 1183 1271 
3 1263 1202 1303 
3 1280 1247 1255 
4 1333 1237 1228 1249 
6 1255 1230 1217 1197 1221 1308 
4 1240 1232 1244 1280 
3 1279 1251 1253 
5 1276 1270 1218 1227 1229 
4 972 1044 1219 1534 
3 1246 1205 1267 
3 1274 1246 1273 
4 1303 1202 1246 1274 
3 1326 1248 1337 
3 1241 1240 1289 
4 1278 1239 1210 1250 
3 1275 1216 1290 
3 1307 1221 1243 
3 1223 1161 1272 
3 1258 1269 1273 
3 1277 1216 1275 
3 1267 1270 1273 
3 1273 1269 1256 
5 1340 1249 1216 1283 1329 
3 1266 1239 1284 
6 1322 1259 1267 1269 1270 1276 
3 1305 1260 1259 
3 1291 1268 1264 
4 1294 1285 1273 1256 
3 1283 1216 1268 
3 1295 1263 1297 
3 1292 1255 1336 
3 1254 1251 1288 
4 1233 1242 1245 1302 
3 1293 1241 1289 
3 1271 1277 1291 
3 1287 1272 1286 
3 1322 1276 1294 
3 1284 1239 1301 
3 1223 1284 1320 
3 1313 1280 1292 
3 1282 1262 1313 
3 1264 1222 1327 
4 1298 1283 1275 1325 
3 1288 1279 1336 
3 1302 1282 1306 
3 1344 1285 1276 
4 1310 1300 1278 1321 
8 1389 1396 1392 1391 892 544 535 1613 
4 1299 1278 1303 1314 
3 1339 1329 1291 
3 1323 1297 1316 
4 1301 1295 1304 1309 
3 1320 1286 1300 
3 1327 1281 1293 
4 1297 1250 1260 1305 
3 1309 1300 1310 
4 1311 1303 1274 1322 
3 1327 1293 1313 
3 1338 1265 1326 
3 1336 1253 1319 
5 1300 1304 1312 1315 1330 
4 1312 1304 1295 1324 
3 1332 1314 1305 
3 1315 1309 1310 
5 1376 1306 1289 1288 1365 
3 1318 1297 1311 
3 1309 1312 1317 
3 1323 1299 1318 
3 1330 1315 1324 
3 1316 1314 1328 
3 1308 1221 1338 
4 1287 1301 1331 1385 
3 1334 1295 1323 
5 1335 1305 1273 1285 1344 
4 1347 1321 1299 1316 
3 1317 1310 1334 
3 1341 1291 1374 
3 1342 1307 1261 
4 1370 1290 1302 1306 
3 1354 1318 1332 
3 1348 1271 1298 
4 1331 1309 1317 1347 
3 1320 1330 1343 
4 1354 1328 1311 1335 
5 1358 1252 1340 1367 1372 
3 1324 1321 1347 
3 1332 1322 1349 
4 1365 1292 1279 1308 
4 1472 1261 1379 1431 
3 1355 1319 1307 
3 1356 1298 1341 
3 1348 1333 1271 
4 1339 1325 1353 1369 
3 1363 1326 1472 
3 1331 1345 1350 
4 1349 1322 1294 1361 
3 1351 1343 1346 
4 1352 1345 1347 1357 
5 1357 1346 1330 1334 1323 
4 1367 1340 1329 1360 
3 1371 1335 1344 
3 1385 1343 1351 
4 1350 1345 1352 1359 
3 1359 1351 1346 
3 1341 1374 1369 
6 1362 1328 1332 1382 1409 1411 
3 1365 1338 1368 
3 1404 1373 1339 
3 1346 1347 1362 
3 1361 1333 1390 
4 1383 1351 1352 1362 
3 1348 1373 1364 
6 1377 1375 1366 1344 1358 1384 
4 1359 1357 1354 1429 
3 1398 1368 1342 
3 1403 1360 1373 
4 1313 1336 1355 1420 
3 1371 1361 1375 
3 1403 1333 1348 
3 1398 1355 1363 
3 1341 1353 1407 
4 1374 1327 1381 1387 
3 1395 1349 1366 
4 1400 1390 1333 1433 
4 1364 1360 1356 1378 
5 1407 1353 1325 1370 1387 
3 1393 1366 1361 
3 1386 1313 1401 
3 1393 1361 1384 
5 1415 1403 1373 1404 1406 
4 1410 1337 1380 1434 
5 1379 1158 1388 1397 1421 
3 1370 1386 1399 
3 1354 1395 1437 
3 1385 1359 1467 
3 1377 1361 1416 
4 1505 1320 1350 1383 
3 1399 1381 1376 
4 1432 1374 1370 1430 
3 1397 1380 1391 
3 1412 1296 1613 
4 1416 1358 1372 1400 
3 1394 1388 1296 
3 1394 1296 1422 
4 1419 1395 1375 1377 
4 1423 1408 1391 1392 
4 1382 1371 1393 1419 
4 1473 1422 1296 1412 
3 1408 1380 1388 
4 1402 1368 1363 1497 
4 1430 1381 1386 1405 
3 1466 1390 1372 
5 1405 1376 1413 1417 1435 
3 1420 1398 1497 
4 1433 1367 1364 1378 
3 1378 1356 1414 
3 1430 1399 1401 
3 1415 1378 1418 
3 1369 1374 1444 
3 1421 1397 1394 
3 1411 1354 1424 
3 1427 1379 1434 
3 1429 1354 1409 
3 1425 1396 1389 
3 1401 1420 1426 
3 1418 1404 1428 
3 1433 1378 1406 
3 1384 1390 1440 
3 1435 1401 1426 
4 1447 1406 1414 1428 
4 1395 1393 1451 1482 
5 1492 1426 1413 1365 1402 
4 1459 1380 1408 1423 
5 1488 1479 1392 1396 1452 
3 1421 1394 1442 
4 1449 1439 1409 1437 
3 1558 1412 1613 
4 1443 1417 1413 1420 
3 1431 1410 1448 
3 1418 1414 1456 
3 1362 1411 1439 
5 1438 1436 1387 1399 1405 
3 1337 1427 1498 
3 1444 1387 1436 
5 1512 1372 1403 1415 1455 
3 1410 1379 1441 
3 1401 1417 1454 
3 1445 1432 1430 
4 1424 1382 1469 1463 
3 1446 1430 1500 
3 1450 1429 1424 
3 1451 1416 1466 
4 1448 1434 1459 1461 
4 1470 1457 1423 1475 
3 1454 1426 1492 
4 1460 1407 1432 1445 
3 1444 1436 1446 
4 1465 1460 1445 1438 
3 1455 1418 1508 
3 1498 1427 1441 
4 1453 1424 1458 1484 
3 1467 1439 1453 
3 1482 1419 1440 
3 1495 1422 1473 
3 1464 1450 1449 
4 1516 1515 1435 1443 
3 1511 1433 1447 
4 1508 1428 1460 1490 
3 1474 1468 1442 
3 1449 1463 1483 
4 1462 1441 1421 1468 
4 1507 1456 1444 1446 
3 1471 1441 1462 
3 1480 1461 1459 
3 1458 1437 1469 
3 1467 1453 1478 
3 1507 1446 1514 
3 1440 1400 1509 
4 1383 1450 1464 1477 
3 1459 1457 1499 
4 1483 1463 1437 1481 
3 1474 1442 1475 
3 1498 1461 1476 
4 1497 1342 1337 1501 
3 1535 1452 1396 
3 1499 1457 1470 
4 1504 1470 1442 1479 
3 1471 1480 1487 
3 1496 1467 1478 
4 1491 1477 1464 1484 
3 1519 1475 1422 
3 1476 1462 1510 
4 1554 1493 1469 1482 
4 1485 1481 1419 1451 
5 1523 1458 1469 1493 1506 
3 1478 1449 1486 
3 1564 1482 1509 
3 1503 1484 1523 
3 1498 1476 1510 
3 1519 1422 1495 
4 824 937 1534 1494 
3 1541 1456 1502 
3 1496 1478 1503 
4 1518 1443 1420 1513 
3 1506 1483 1481 
4 734 1489 1654 1660 
3 1559 1488 1452 
5 1529 1539 1477 1491 1503 
5 1521 1513 1402 1398 1472 
6 1501 1431 1448 1471 1487 1510 
4 1510 1468 1474 1504 
3 1514 1438 1520 
3 1525 1472 1498 
3 1533 1490 1507 
4 1496 1491 1486 1523 
3 1499 1475 1519 
3 1578 1385 1539 
3 1523 1483 1493 
5 1522 1502 1460 1465 1526 
3 1447 1456 1541 
4 1548 1485 1466 1524 
5 1498 1487 1480 1499 1549 
4 1517 1455 1532 1597 
3 1517 1524 1433 
4 1518 1492 1497 1521 
4 1526 1465 1500 1527 
3 1520 1454 1531 
3 1531 1454 1530 
3 1524 1512 1511 
3 1530 1492 1513 
4 1504 1479 1488 1550 
3 1537 1500 1515 
3 1513 1497 1525 
4 1533 1507 1528 1536 
5 1561 1503 1486 1483 1506 
4 1509 1512 1517 1600 
3 1560 1521 1501 
3 1528 1507 1514 
3 1552 1514 1553 
3 1536 1522 1526 
3 1546 1496 1561 
4 1531 1516 1518 1544 
4 1537 1515 1516 1530 
4 1599 1511 1542 1580 
4 1540 1538 1502 1522 
3 1489 1257 1578 
3 1559 1473 1571 
4 1562 1522 1528 1552 
3 1553 1520 1531 
3 1543 1533 1540 
4 1587 1505 1496 1547 
3 1557 1538 1533 
4 1542 1508 1490 1543 
3 1532 1541 1580 
3 1573 1541 1538 
3 1545 1530 1560 
3 1551 1544 1577 
4 1583 1547 1529 1568 
3 1605 1539 1546 
4 1602 1567 1509 1667 
3 1556 1510 1550 
3 1549 1519 1559 
3 1553 1545 1577 
3 1536 1527 1555 
4 1555 1527 1537 1551 
3 1570 1481 1581 
3 1569 1552 1553 
3 1593 1549 1563 
3 1573 1540 1566 
3 1711 1565 1425 
4 1563 1550 1495 1535 
3 1577 1544 1525 
5 1568 1529 1523 1576 1585 
3 1566 1536 1604 
3 1556 1559 1572 
3 1601 1485 1567 
3 1571 1558 1579 
3 1557 1562 1604 
3 1601 1564 1548 
3 1575 1546 1561 
4 1612 1611 1555 1616 
4 1586 1582 1576 1554 
6 1574 1589 1535 1565 1579 1591 
3 1563 1584 1681 
3 1596 1543 1557 
3 1590 1571 1591 
3 1583 1568 1619 
3 1561 1570 1582 
4 1551 1545 1560 1593 
4 1534 1505 1609 1628 
3 1571 1565 1711 
3 1532 1542 1603 
3 1594 1554 1607 
3 1588 1576 1570 
3 1642 1546 1575 
3 1572 1589 1681 
3 1619 1561 1592 
3 1595 1570 1594 
3 1614 1609 1539 
3 1592 1582 1595 
3 1584 1571 1590 
3 1681 1589 1574 
3 1574 1571 1711 
3 1585 1588 1598 
4 1668 1616 1577 1556 
4 1622 1595 1586 1581 
4 1598 1588 1586 1594 
3 1603 1573 1606 
5 1637 1600 1511 1599 1624 
3 1630 1592 1595 
3 1597 1532 1610 
3 1659 1524 1597 
4 1607 1564 1567 1602 
3 1648 1601 1548 
4 1610 1580 1596 1606 
4 1606 1566 1562 1611 
3 1615 1547 1608 
5 1618 1603 1596 1604 1617 
4 1640 1626 1581 1601 
3 1625 1605 1642 
3 1578 1587 1629 
3 1599 1603 1621 
4 1620 1604 1569 1635 
3 1635 1569 1623 
5 1711 1425 1389 1296 454 
4 1629 1587 1615 1627 
3 1614 1605 1625 
3 1623 1569 1593 
3 1653 1606 1620 
3 1621 1606 1653 
4 1642 1575 1585 1636 
3 1617 1611 1647 
3 1638 1610 1618 
3 1631 1594 1626 
3 1612 1616 1644 
3 1637 1597 1638 
3 1615 1608 1646 
3 1631 1622 1607 
3 1634 1614 1633 
3 1650 1578 1632 
3 1609 1614 1634 
3 1636 1598 1631 
5 1641 1630 1622 1626 1640 
3 1645 1628 1634 
3 1643 1627 1646 
4 1645 1632 1629 1627 
3 1611 1612 1639 
6 1715 1619 1630 1641 1656 1705 
3 1669 1597 1624 
4 1699 1624 1621 1702 
4 1647 1635 1655 1666 
4 1672 1631 1607 1665 
3 1656 1636 1631 
4 1657 1608 1583 1619 
3 1649 1645 1633 
3 1651 1623 1670 
4 1650 1632 1634 1643 
4 1652 1633 1625 1657 
4 1691 1690 1620 1639 
3 1664 1602 1679 
3 1650 1643 1658 
5 1654 1628 1645 1649 1717 
3 1655 1644 1673 
4 1680 1658 1646 1662 
5 1702 1618 1617 1678 1674 
3 1660 1494 1650 
3 1639 1651 1661 
3 1636 1641 1686 
5 1684 1662 1646 1642 1715 
4 1649 1652 1680 1698 
3 1667 1600 1669 
4 1948 1494 1654 1745 
3 1663 1655 1673 
3 1652 1657 1684 
3 1666 1661 1694 
3 1665 1648 1720 
3 1677 1640 1664 
3 1671 1639 1663 
3 1679 1548 1659 
3 1706 1670 1593 
4 1675 1659 1637 1707 
3 1685 1644 1668 
3 1683 1666 1694 
3 1686 1640 1676 
3 1661 1651 1685 
3 1696 1653 1682 
3 1679 1669 1707 
3 1693 1672 1677 
3 1676 1665 1720 
3 1682 1653 1687 
4 1723 1648 1667 1675 
3 1658 1652 1688 
4 1572 1584 1590 1689 
4 1696 1674 1678 1687 
3 1691 1671 1694 
5 1698 1688 1662 1657 1718 
4 1706 1694 1673 1670 
4 1704 1656 1672 1693 
4 1696 1682 1678 1690 
3 1698 1680 1684 
3 1706 1681 1711 
3 1687 1647 1695 
3 1692 1647 1683 
3 1695 1691 1697 
3 1686 1676 1720 
7 1729 1709 1697 1683 1671 1663 1685 
4 1690 1692 1703 1710 
5 1700 1674 1682 1687 1716 
3 1703 1692 1694 
4 1701 1658 1688 1684 
4 1722 1714 1638 1708 
3 1708 1702 1696 
3 1719 1698 1718 
4 1708 1638 1653 1700 
3 1710 1695 1697 
4 1705 1686 1712 1713 
3 1756 1636 1704 
4 1736 1685 1668 1689 
5 1732 1730 1675 1669 1714 
5 1722 1699 1702 1700 1721 
3 1733 1710 1694 
4 1716 1695 1703 1709 
9 1999 1991 1990 1736 1689 1591 1579 1558 1613 
3 1713 1704 1720 
4 1704 1712 1724 1746 
3 1731 1707 1699 
3 1657 1636 1756 
3 1725 1696 1710 
4 1745 1650 1719 1747 
5 1755 1727 1701 1684 1751 
3 1717 1701 1727 
7 1741 1724 1712 1693 1677 1664 1739 
3 1726 1708 1725 
3 1728 1699 1708 
3 1739 1679 1730 
3 1713 1720 1741 
4 1775 1726 1721 1716 
3 1738 1721 1725 
3 1719 1718 1747 
3 1731 1722 1738 
3 1733 1694 1736 
3 1734 1723 1707 
4 1744 1732 1714 1728 
4 1737 1735 1707 1731 
3 1775 1709 1729 
5 1743 1740 1739 1730 1735 
3 1734 1732 1737 
4 1792 1729 1706 1711 
3 1748 1735 1732 
5 1742 1728 1726 1765 1762 
6 1767 1720 1723 1734 1740 1753 
3 1739 1734 1743 
4 1754 1746 1724 1720 
3 1773 1744 1738 
3 1740 1734 1752 
4 1759 1750 1731 1742 
6 1849 1660 1717 1794 1801 1812 
3 1749 1713 1741 
3 1717 1727 1757 
3 1752 1737 1750 
4 1763 1746 1754 1764 
3 1758 1748 1744 
3 1771 1718 1781 
5 1769 1753 1743 1748 1760 
3 1767 1739 1752 
3 1749 1741 1767 
3 1757 1718 1771 
4 1715 1705 1763 1781 
3 1789 1747 1755 
3 1760 1750 1761 
3 1761 1744 1773 
3 1774 1752 1758 
3 1758 1759 1773 
3 1814 1738 1766 
3 1756 1749 1764 
5 1776 1768 1763 1749 1767 
3 1778 1738 1782 
3 1814 1762 1783 
5 1764 1754 1739 1753 1772 
6 1795 1779 1764 1776 1780 1798 
3 1772 1752 1770 
3 1777 1769 1774 
4 1786 1788 1755 1751 
4 1793 1767 1769 1777 
4 1761 1759 1742 1814 
4 1790 1770 1760 1797 
5 1792 1784 1782 1725 1733 
3 1768 1764 1780 
3 1793 1772 1770 
3 1783 1765 1784 
3 1796 1781 1768 
3 1768 1776 1799 
6 1806 1751 1756 1779 1796 1811 
3 1765 1775 1784 
3 1785 1766 1778 
4 1792 1778 1782 1775 
3 1787 1783 1792 
4 1791 1788 1771 1808 
3 1814 1785 1792 
3 1789 1771 1786 
4 1805 1757 1788 1791 
4 1817 1804 1774 1797 
3 1825 1789 1786 
6 1936 1787 1785 1784 1775 1736 
6 1802 1800 1799 1772 1777 1804 
3 1801 1745 1805 
4 1821 1796 1768 1798 
4 1781 1779 1795 1827 
4 1790 1774 1814 1819 
3 1795 1768 1803 
3 1780 1793 1809 
3 1809 1793 1802 
3 1812 1745 1794 
3 1800 1793 1810 
3 1821 1798 1815 
3 1807 1793 1790 
3 1794 1789 1845 
4 1808 1781 1811 1826 
3 1820 1810 1804 
3 1830 1786 1806 
3 1815 1799 1800 
3 1813 1802 1807 
3 1806 1781 1827 
3 1818 1745 1801 
3 1824 1816 1810 
7 1837 1819 1797 1773 1762 1766 1787 
3 1803 1809 1816 
3 1823 1815 1813 
3 1828 1820 1790 
3 1853 1812 1822 
3 1837 1797 1814 
4 1824 1807 1817 1828 
3 1831 1795 1803 
3 1876 1818 1846 
5 1847 1829 1816 1824 1839 
4 1823 1813 1820 1828 
3 1845 1791 1830 
3 1852 1806 1827 
5 1826 1811 1796 1831 1834 
5 1838 1824 1820 1817 1832 
3 1835 1831 1823 
4 1862 1845 1825 1808 
5 1840 1827 1821 1829 1835 
3 1838 1828 1833 
3 1844 1832 1836 
3 1843 1827 1840 
3 1842 1831 1829 
3 1848 1833 1837 
4 1936 1836 1819 1814 
4 1841 1828 1832 1844 
3 1847 1823 1841 
3 1834 1831 1842 
3 1850 1839 1838 
3 1840 1835 1854 
3 1852 1834 1858 
4 1865 1838 1833 1848 
4 1846 1805 1825 1830 
3 1880 1822 1845 
4 1854 1823 1839 1851 
3 1865 1844 1836 
4 1948 1745 1853 1890 
3 1851 1841 1865 
3 1847 1850 1859 
4 1871 1826 1843 1855 
3 1849 1818 1873 
4 1864 1842 1847 1856 
3 1852 1857 1860 
4 1864 1854 1859 1861 
3 1860 1855 1869 
3 1874 1843 1863 
5 1868 1856 1851 1866 1867 
4 1872 1855 1857 1869 
3 1870 1856 1868 
3 1880 1830 1883 
3 1858 1864 1870 
4 1870 1863 1854 1856 
5 1936 1866 1850 1844 1848 
3 1867 1859 1865 
3 1892 1859 1866 
4 1892 1870 1861 1859 
4 1881 1860 1857 1874 
5 1875 1863 1864 1861 1868 
4 1891 1883 1852 1872 
4 1910 1871 1860 1884 
3 1890 1853 1877 
4 1879 1869 1858 1878 
3 1886 1878 1870 
3 1882 1822 1888 
3 1873 1882 1894 
3 1874 1875 1886 
3 1881 1874 1885 
3 1904 1846 1862 
3 1884 1869 1879 
3 1877 1876 1895 
4 1887 1862 1871 1893 
4 1872 1881 1909 1919 
3 1879 1886 1900 
4 1885 1878 1875 1896 
3 1907 1883 1914 
3 1895 1876 1889 
4 1903 1901 1888 1904 
4 1923 1849 1873 1898 
3 1914 1893 1871 
5 1917 1897 1896 1868 1867 
3 1883 1891 1914 
3 1899 1877 1895 
4 1894 1882 1888 1902 
3 1900 1886 1892 
3 1917 1900 1892 
3 1926 1890 1899 
3 1898 1894 1915 
4 1912 1885 1896 1897 
3 1902 1889 1905 
3 1908 1895 1901 
3 1905 1889 1906 
4 1906 1889 1880 1911 
4 1908 1901 1903 1906 
4 1925 1905 1903 1904 
4 1911 1887 1914 1938 
3 1916 1902 1905 
3 1919 1884 1912 
3 1914 1872 1935 
3 1904 1907 1921 
3 1909 1900 1913 
3 1920 1912 1917 
6 1907 1887 1893 1891 1910 1935 
3 1899 1916 1918 
4 1918 1915 1908 1925 
4 1922 1913 1897 1892 
3 1926 1915 1916 
4 1934 1884 1909 1920 
3 1924 1919 1913 
3 1941 1911 1937 
3 1928 1917 1936 
3 1940 1948 1890 
3 1933 1920 1928 
4 1927 1916 1906 1931 
4 1940 1898 1918 1929 
3 1929 1925 1930 
3 1924 1922 1932 
3 1926 1927 1945 
3 1927 1931 1942 
3 1930 1925 1941 
3 1939 1928 1936 
3 1946 1934 1924 
3 1935 1919 1933 
5 1950 1914 1910 1934 1946 
9 1989 1958 1947 1939 1932 1922 1865 1837 1792 
3 1921 1938 1949 
4 1937 1907 1951 1953 
3 1944 1932 1936 
3 1943 1923 1926 
3 1942 1931 1921 
3 1945 1930 1941 
3 1956 1940 1957 
3 1946 1939 1947 
3 1929 1942 1984 
4 1935 1933 1944 1954 
3 1954 1944 1936 
4 1952 1660 1849 1923 
5 1984 1937 1967 1982 1987 
3 1951 1935 1955 
5 1961 1953 1938 1950 1959 
3 1997 1948 1964 
3 1938 1951 1963 
4 1955 1946 1947 1958 
3 1950 1954 1960 
4 1964 1943 1957 1976 
3 1956 1943 1984 
4 1977 1960 1954 1936 
4 1962 1951 1966 1969 
4 1966 1955 1958 1977 
4 1968 1951 1962 1965 
3 1961 1959 1971 
3 1967 1953 1968 
3 1979 1952 1956 
3 1973 1961 1971 
3 1970 1959 1960 
3 1972 1949 1963 
3 1963 1961 1973 
3 1971 1959 1970 
3 1975 1969 1966 
4 1965 1962 1969 1975 
4 1982 1967 1974 1978 
4 1974 1968 1965 1975 
3 1978 1972 1973 
5 1980 1973 1971 1970 1985 
3 1993 1956 1984 
3 1985 1960 1958 
3 1981 1972 1974 
3 1994 1996 1964 
3 1981 1975 1991 
4 1986 1983 1978 1980 
3 1949 1972 1983 
3 1986 1982 1981 
5 1976 1957 1945 1949 1988 
3 1975 1977 1989 
4 1992 1987 1983 1981 
3 1988 1949 1986 
3 1992 1984 1987 
3 1990 1985 1936 
3 1991 1989 1711 
4 1999 1980 1990 1711 
3 1999 1988 1986 
3 1995 1976 1999 
3 1996 1979 1995 
3 1998 1994 1993 
3 1997 1979 1994 
5 372 457 1952 1996 1998 
3 1997 1995 1999 
5 1998 1993 1992 1991 1711 
