600
0 270 6878
1 320 7632
2 328 6258
3 356 7064
4 404 7906
5 414 7836
6 428 4968
7 432 7732
8 442 8206
9 446 9464
10 456 8264
11 498 4908
12 500 7740
13 508 4932
14 588 4734
15 674 4634
16 732 5162
17 790 5088
18 822 5220
19 958 4788
20 958 4828
21 970 4304
22 1018 7658
23 1326 8390
24 1376 7336
25 1392 3856
26 1430 4186
27 1444 7418
28 1510 7530
29 1512 4182
30 1520 4154
31 1544 4848
32 1644 3820
33 1696 3726
34 1746 3718
35 1774 3740
36 1790 3812
37 1800 3752
38 1832 3646
39 1854 3662
40 1990 3522
41 2002 9470
42 2010 3798
43 2082 3338
44 2116 7478
45 2134 9500
46 2196 6638
47 2244 3060
48 2314 7724
49 2508 3506
50 2512 3466
51 2536 3404
52 2546 3372
53 2610 4364
54 2670 4344
55 2754 4354
56 2854 6350
57 2980 8838
58 2982 9608
59 2988 6316
60 3012 8806
61 3028 8854
62 3042 9526
63 3158 8860
64 3280 9534
65 3282 4858
66 3298 9602
67 3330 8758
68 3488 8150
69 3598 5946
70 3636 5716
71 3642 5240
72 3658 3614
73 3666 5554
74 3666 5674
75 3676 9396
76 3726 3514
77 3800 3536
78 3878 8762
79 3890 2282
80 3980 3226
81 4194 3834
82 4220 1822
83 4436 4736
84 4570 4220
85 4666 5284
86 4712 4572
87 4752 4594
88 4842 5330
89 5000 2098
90 5180 3972
91 5212 3170
92 5216 3132
93 5334 516
94 5410 3438
95 5448 7484
96 5562 5484
97 5580 1822
98 5602 6670
99 5720 5506
100 5724 5888
101 5740 5556
102 5764 7688
103 5832 8198
104 5866 1022
105 5924 8712
106 6028 3358
107 6030 7932
108 6112 7990
109 6136 1226
110 6162 744
111 6172 3116
112 6176 7992
113 6180 8204
114 6202 3884
115 6204 8068
116 6206 3016
117 6216 8000
118 6226 9342
119 6246 9100
120 6268 8006
121 6302 7946
122 6304 8054
123 6318 8462
124 6340 7850
125 6350 7876
126 6414 8020
127 6416 7858
128 6508 3114
129 6512 8442
130 6602 3634
131 6622 410
132 6642 4132
133 6792 4600
134 6920 1198
135 6946 350
136 6956 4462
137 6956 8268
138 7102 1014
139 7142 1324
140 7160 1308
141 7184 8516
142 7224 8204
143 7490 3128
144 7546 2162
145 7556 8552
146 7602 5698
147 7632 1434
148 7634 7212
149 7646 3712
150 7650 3980
151 7658 3978
152 7670 1388
153 7762 1530
154 7772 4272
155 7814 4984
156 7816 2526
157 7836 2566
158 7836 3630
159 7854 4140
160 7870 2254
161 7872 1438
162 7872 2654
163 7874 2244
164 7890 2696
165 7894 2070
166 7944 1372
167 7946 2680
168 7946 4958
169 7968 1304
170 7982 2994
171 7984 3162
172 8002 2592
173 8008 2898
174 8022 8822
175 8026 8486
176 8032 8514
177 8060 3026
178 8064 3910
179 8096 7936
180 8144 3360
181 8176 5276
182 8178 2566
183 8186 2824
184 8186 5784
185 8214 5802
186 8224 2980
187 8258 6292
188 8288 5782
189 8296 5958
190 8318 7984
191 8332 6060
192 8346 7982
193 8358 3346
194 8362 5912
195 8390 2324
196 8394 3238
197 8410 4580
198 8446 7688
199 8528 7492
200 8566 2446
201 8568 2268
202 8568 2594
203 8594 2462
204 8660 4222
205 8670 7642
206 8694 2402
207 8758 3246
208 8766 4524
209 8782 5216
210 8794 5294
211 8844 8476
212 8858 5318
213 8874 5192
214 8890 5146
215 8896 4350
216 8900 3592
217 8928 5388
218 9000 7504
219 9002 9100
220 9012 6012
221 9044 2742
222 9058 7150
223 9068 2626
224 9078 4702
225 9094 6174
226 9098 3380
227 9138 6490
228 9150 6016
229 9166 4710
230 9206 7048
231 9208 4144
232 9294 5938
233 9394 3536
234 9424 5142
235 9428 3954
236 9450 6758
237 9460 2966
238 9468 3990
239 9476 4452
240 9494 3908
241 9498 7898
242 9508 5252
243 9570 5146
244 9584 2618
245 9592 3302
246 9636 7026
247 9660 4188
248 9724 3050
249 9732 6004
250 9736 2502
251 9784 7356
252 9794 6998
253 9810 7044
254 9822 2636
255 9828 2660
256 9860 2652
257 9890 5208
258 9894 2458
259 9900 2624
260 9914 7040
261 9918 2688
262 9986 3406
263 10002 2432
264 10006 5682
265 10018 5992
266 10022 2568
267 10024 2730
268 10074 2936
269 10080 5068
270 10094 3232
271 10096 5846
272 10106 2568
273 10108 2548
274 10116 6026
275 10196 6104
276 10204 2546
277 10230 4396
278 10266 4332
279 10310 4084
280 10334 3270
281 10358 5752
282 10398 2984
283 10402 2700
284 10408 6504
285 10422 5558
286 10454 7102
287 10508 5066
288 10508 5720
289 10510 4904
290 10522 5870
291 10542 4882
292 10570 3868
293 10574 6874
294 10576 6128
295 10600 5956
296 10606 6132
297 10642 5582
298 10644 6116
299 10644 6826
300 10664 6040
301 10688 5700
302 10692 6064
303 10720 6070
304 10734 2736
305 10738 6256
306 10750 6476
307 10758 5932
308 10762 6180
309 10774 6170
310 10780 6136
311 10798 6210
312 10800 6210
313 10806 6056
314 10808 6042
315 10812 6330
316 10826 3554
317 10828 6078
318 10830 5894
319 10832 6494
320 10844 2736
321 10850 6154
322 10862 6180
323 10870 6020
324 10912 6050
325 10918 6052
326 10934 3838
327 10938 6130
328 10996 4498
329 11124 6022
330 11130 3644
331 11154 5410
332 11176 2972
333 11176 3612
334 11184 3964
335 11184 4346
336 11194 4730
337 11212 4480
338 11256 5550
339 11288 4660
340 11292 5508
341 11296 6076
342 11322 2676
343 11346 5484
344 11362 4958
345 11366 4202
346 11396 5560
347 11416 3388
348 11416 4412
349 11420 6418
350 11426 4962
351 11430 4986
352 11450 3456
353 11452 2616
354 11458 5166
355 11466 2954
356 11466 3706
357 11468 4278
358 11472 3276
359 11474 6234
360 11482 5194
361 11504 5206
362 11530 6458
363 11534 5004
364 11536 5592
365 11558 4398
366 11564 5446
367 11576 2936
368 11578 5354
369 11596 4470
370 11648 5868
371 11670 5956
372 11680 4320
373 11714 3666
374 11716 3666
375 11740 5948
376 11742 5482
377 11796 5234
378 11822 3606
379 11844 5420
380 11864 5410
381 11878 4472
382 11884 6216
383 11886 5198
384 11888 6372
385 11894 4212
386 11926 6246
387 11928 2714
388 11930 6638
389 11934 5452
390 11944 6454
391 12000 3698
392 12004 3588
393 12016 6622
394 12050 5144
395 12054 3298
396 12058 3366
397 12062 3826
398 12076 5246
399 12088 3790
400 12104 6042
401 12142 6076
402 12180 3334
403 12186 6340
404 12220 3930
405 12246 3400
406 12250 3414
407 12276 4440
408 12332 5486
409 12334 2692
410 12342 5586
411 12396 1980
412 12408 1878
413 12410 5276
414 12412 4654
415 12440 2242
416 12452 5792
417 12454 2126
418 12460 5050
419 12484 2488
420 12490 3098
421 12502 4468
422 12504 5814
423 12554 5956
424 12562 5994
425 12576 1952
426 12592 1678
427 12592 5882
428 12594 2488
429 12596 2598
430 12598 3542
431 12610 4044
432 12624 4150
433 12632 2126
434 12642 5798
435 12646 3204
436 12648 1566
437 12656 6020
438 12664 2636
439 12666 1492
440 12694 2600
441 12696 2212
442 12712 5786
443 12716 5056
444 12724 2488
445 12754 5716
446 12760 3820
447 12762 2142
448 12788 2504
449 12806 6456
450 12812 3802
451 12856 4084
452 12858 6454
453 12866 5854
454 12900 3180
455 12914 3250
456 12914 5922
457 12938 2118
458 12982 4110
459 12994 5566
460 13000 4392
461 13016 4234
462 13020 5776
463 13020 5846
464 13032 3524
465 13056 1220
466 13088 1352
467 13092 1760
468 13134 4348
469 13148 5380
470 13158 1298
471 13160 5768
472 13162 5526
473 13164 1414
474 13180 1494
475 13190 4344
476 13204 5586
477 13210 5810
478 13228 6626
479 13230 5550
480 13244 5236
481 13258 6696
482 13266 3432
483 13268 5732
484 13286 4812
485 13288 4514
486 13300 254
487 13338 6648
488 13370 5678
489 13396 6714
490 13400 4166
491 13402 4780
492 13442 6694
493 13444 4198
494 13462 4212
495 13474 6346
496 13478 8014
497 13486 6718
498 13498 4348
499 13506 4062
500 13508 6356
501 13520 4764
502 13532 4024
503 13546 3668
504 13546 6380
505 13570 3698
506 13600 4292
507 13648 4066
508 13662 6100
509 13700 4382
510 13820 4286
511 13868 3846
512 13892 5538
513 13932 4242
514 13958 4308
515 13966 5194
516 13970 6812
517 13972 6464
518 13986 3936
519 13988 5116
520 13994 6478
521 14024 4224
522 14032 5096
523 14058 4288
524 14172 5164
525 14184 5586
526 14200 5672
527 14204 4750
528 14236 5596
529 14252 6292
530 14256 5310
531 14276 5640
532 14284 7188
533 14338 4634
534 14350 5904
535 14404 6198
536 14416 5902
537 14452 5840
538 14454 5958
539 14472 5496
540 14484 5422
541 14488 7162
542 14492 5042
543 14522 5094
544 14522 7154
545 14528 5406
546 14530 5088
547 14534 5694
548 14540 5060
549 14548 6474
550 14564 5246
551 14584 5208
552 14614 5574
553 14624 5590
554 14716 5648
555 14718 5504
556 14734 6468
557 14742 7036
558 14776 5508
559 14776 5616
560 14806 5672
561 14806 5766
562 14818 5636
563 14832 5370
564 14838 5704
565 14854 5914
566 14914 7366
567 14924 5686
568 14930 5708
569 14930 7136
570 14962 5574
571 14966 7144
572 14992 5922
573 15014 6404
574 15064 7120
575 15080 5912
576 15198 7332
577 15204 5802
578 15212 7218
579 15216 5814
580 15216 7354
581 15294 7418
582 15362 7788
583 15376 7204
584 15412 6282
585 15454 6816
586 15600 8050
587 15626 7576
588 15704 6594
589 15712 6034
590 15748 6188
591 15756 6518
592 15770 6096
593 15790 6422
594 15812 7090
595 15846 8054
596 15928 6422
597 16110 6700
598 16890 7668
599 16958 8198
3 1 6 2 
4 4 9 0 3 
3 3 0 6 
3 1 2 13 
3 8 1 5 
4 4 16 7 12 
4 2 0 14 11 
4 12 5 18 24 
3 10 9 4 
7 41 45 58 1 8 10 61 
3 23 9 8 
3 13 6 33 
3 5 7 22 
4 16 3 11 19 
2 6 15 
2 14 21 
3 5 13 17 
3 18 16 20 
3 24 7 17 
3 20 13 26 
3 31 17 19 
2 15 25 
3 23 12 28 
3 57 10 22 
4 44 27 7 18 
2 21 47 
4 19 32 30 29 
3 48 28 24 
3 60 22 27 
3 53 26 30 
3 29 26 36 
3 46 20 53 
3 26 33 35 
4 32 11 47 34 
3 35 33 38 
3 37 32 34 
3 30 37 42 
3 36 35 39 
3 39 34 43 
3 37 38 40 
3 42 39 43 
3 45 9 63 
3 54 36 40 
3 40 38 47 
3 48 24 46 
3 62 9 41 
3 44 31 56 
9 52 50 49 43 33 25 93 82 79 
3 68 27 44 
3 55 47 50 
3 49 47 51 
3 65 50 52 
3 72 51 47 
3 31 29 54 
3 55 53 42 
3 65 54 49 
3 46 70 59 
3 61 23 60 
2 9 66 
3 95 56 69 
3 57 28 67 
3 63 9 57 
3 64 45 75 
3 41 61 78 
3 66 62 75 
3 71 55 51 
4 58 64 118 219 
3 78 60 68 
3 103 67 48 
3 95 59 70 
3 69 56 74 
3 85 73 65 
3 83 52 76 
3 98 74 71 
3 102 70 73 
3 64 62 105 
3 77 72 79 
3 81 76 80 
3 63 67 105 
4 80 76 47 104 
3 77 79 89 
3 84 77 92 
3 47 93 110 
3 85 72 86 
3 86 81 91 
3 88 71 83 
3 87 83 84 
4 96 88 86 90 
3 98 85 87 
3 80 104 97 
3 133 87 94 
3 94 84 92 
4 106 91 81 97 
4 82 47 135 131 
3 114 90 91 
3 102 59 69 
3 99 100 87 
4 116 92 89 109 
3 124 73 88 
3 101 96 133 
3 124 96 101 
3 146 100 99 
3 107 95 74 
3 105 68 107 
3 89 79 110 
4 118 75 78 103 
3 114 92 111 
3 108 103 102 
3 112 113 107 
3 97 110 134 
4 109 104 82 131 
3 114 106 116 
4 117 108 125 121 
3 119 108 115 
4 132 94 106 111 
2 113 117 
3 128 111 97 
3 120 115 112 
4 66 105 119 219 
7 118 113 123 129 141 145 174 
3 126 122 117 
3 126 112 127 
3 137 123 120 
3 119 122 129 
3 125 98 100 
3 112 124 127 
3 142 120 121 
3 121 125 148 
3 130 116 144 
3 119 123 137 
3 132 128 143 
3 110 93 135 
3 136 114 130 
3 99 90 136 
3 139 109 138 
4 138 131 93 486 
3 133 132 150 
3 129 122 142 
5 169 152 140 134 135 
3 144 134 140 
3 147 139 138 
3 119 142 190 
4 141 137 126 179 
3 149 130 164 
3 156 128 139 
4 119 192 175 176 
3 184 101 155 
3 153 140 152 
3 179 127 187 
3 150 143 170 
3 136 149 151 
3 154 150 158 
3 147 138 166 
3 160 147 161 
4 155 151 158 159 
3 146 154 168 
4 157 162 144 160 
3 172 162 156 
3 154 151 171 
4 154 180 178 216 
4 195 156 153 163 
3 165 153 166 
3 164 156 157 
3 201 160 165 
3 143 162 167 
3 201 163 161 
4 263 161 152 169 
3 173 164 172 
4 181 155 197 224 
3 439 166 138 
3 171 149 173 
3 158 170 177 
3 167 157 182 
3 177 170 167 
3 119 211 586 
3 176 145 241 
3 145 175 211 
3 171 173 183 
4 159 180 193 207 
5 190 142 148 198 205 
3 178 159 186 
4 184 168 214 209 
3 183 172 200 
3 186 177 182 
3 185 146 181 
3 189 184 188 
3 180 183 203 
3 199 148 191 
3 194 185 210 
3 191 185 194 
3 141 179 192 
3 227 187 189 
3 145 190 251 
3 178 196 207 
3 220 189 188 
3 250 206 160 
3 207 193 202 
4 168 216 204 208 
4 179 199 253 205 
3 198 187 222 
3 203 182 206 
3 258 163 165 
3 221 196 203 
4 223 202 186 200 
3 197 226 233 
3 179 198 218 
3 244 200 195 
4 178 193 196 237 
3 224 197 215 
3 210 181 213 
3 212 188 209 
3 174 176 496 
3 217 210 242 
3 209 214 234 
3 213 181 229 
3 208 233 231 
3 197 159 226 
3 265 232 212 
3 205 260 251 
3 66 118 599 
3 228 225 194 
3 237 202 223 
3 199 230 246 
3 221 203 244 
3 229 168 208 
3 227 220 228 
3 204 216 237 
3 236 191 225 
3 225 220 232 
3 214 224 239 
3 222 236 296 
3 239 215 235 
3 249 228 217 
3 215 204 245 
3 243 213 239 
4 238 231 245 240 
4 230 227 249 275 
4 226 207 221 255 
3 247 235 292 
4 234 229 231 247 
3 235 262 316 
3 175 393 481 
3 264 212 257 
3 257 234 277 
3 254 223 206 
3 235 233 248 
3 222 284 252 
3 239 238 279 
3 245 256 261 
3 236 232 265 
3 266 195 258 
3 192 218 286 
3 253 246 319 
3 198 252 260 
3 255 244 259 
3 237 254 256 
4 261 248 255 259 
4 285 242 243 269 
3 250 201 263 
3 256 254 266 
3 218 253 293 
3 267 248 256 
3 316 240 270 
3 258 166 412 
3 281 271 242 
3 274 249 217 
3 259 250 273 
3 268 261 272 
3 270 267 272 
3 257 277 289 
3 280 262 268 
3 300 274 264 
3 268 267 273 
4 272 266 411 276 
3 275 265 271 
3 294 236 274 
3 283 273 411 
3 269 243 278 
3 277 279 326 
3 278 247 292 
3 352 270 282 
3 290 264 288 
3 280 283 304 
3 304 282 276 
3 246 305 306 
3 288 257 287 
3 251 293 388 
3 288 285 289 
4 290 281 285 287 
3 287 269 291 
3 295 281 288 
3 297 289 328 
3 279 238 330 
3 286 260 299 
3 296 275 302 
3 300 290 297 
3 230 294 298 
3 301 295 291 
3 308 296 303 
4 293 359 349 362 
4 302 271 295 307 
3 318 307 297 
3 303 294 300 
3 298 302 314 
3 320 282 283 
3 284 311 312 
3 319 284 315 
3 314 300 301 
6 311 298 310 317 323 309 
3 308 324 321 
3 308 313 317 
3 312 305 308 
3 305 311 322 
3 310 314 331 
4 313 303 307 318 
3 319 306 322 
3 333 240 262 
3 308 310 323 
3 314 301 336 
4 252 306 315 359 
3 332 304 342 
3 322 309 327 
4 359 315 312 321 
3 308 317 354 
3 325 309 338 
3 327 324 329 
3 334 278 330 
3 321 325 341 
3 291 334 335 
3 325 346 371 
3 326 292 333 
3 313 344 351 
3 347 320 355 
4 373 356 330 316 
3 328 326 356 
4 337 328 374 345 
3 344 318 337 
3 339 336 335 
3 324 360 340 
3 344 337 348 
3 338 361 343 
3 401 327 371 
3 387 320 353 
3 346 340 368 
4 350 331 336 339 
3 357 335 391 
3 364 329 343 
3 352 332 358 
3 339 357 365 
3 362 299 359 
3 351 344 369 
3 363 331 350 
3 374 280 347 
3 342 417 415 
3 360 323 363 
3 358 332 367 
3 334 333 373 
3 372 348 345 
3 374 347 355 
5 349 299 319 322 382 
3 361 338 354 
4 377 368 340 360 
3 299 349 384 
3 354 351 381 
3 370 346 366 
3 369 348 372 
3 370 364 368 
3 378 355 387 
4 376 366 343 361 
3 381 350 365 
3 371 364 366 
4 341 329 370 375 
3 365 357 385 
3 374 356 333 
5 335 373 352 358 378 
3 400 371 376 
3 375 368 379 
3 379 361 383 
3 374 367 392 
3 376 377 380 
3 389 379 398 
3 363 369 407 
3 386 359 401 
3 377 414 394 
3 390 362 386 
4 407 372 397 404 
3 403 384 382 
4 395 367 342 409 
3 286 390 393 
4 410 416 400 380 
3 388 384 403 
3 397 345 392 
3 391 378 396 
3 241 388 449 
3 398 383 414 
3 396 387 409 
3 392 395 402 
3 385 391 399 
3 408 380 394 
3 404 397 406 
3 401 375 389 
4 382 341 400 424 
3 405 396 429 
3 449 390 386 
3 431 385 399 
3 406 402 420 
3 430 399 405 
3 421 381 385 
3 410 398 413 
3 395 387 419 
4 445 416 389 408 
4 276 273 412 425 
3 411 263 426 
3 408 418 480 
4 418 394 383 421 
3 419 353 417 
4 422 423 389 410 
3 415 353 425 
3 443 413 414 
3 428 409 415 
3 435 405 438 
4 414 407 432 460 
3 427 416 434 
3 424 416 427 
3 437 401 423 
4 433 417 411 426 
3 425 412 436 
3 423 422 434 
3 429 419 433 
3 438 402 428 
3 446 406 435 
3 432 404 446 
3 421 431 451 
3 441 428 425 
3 427 422 442 
3 455 430 420 
3 447 426 439 
3 495 424 456 
3 420 429 440 
3 436 169 465 
3 454 438 444 
3 444 433 447 
3 453 434 445 
3 519 418 484 
3 448 440 441 
3 442 410 459 
3 431 430 450 
3 441 436 457 
3 454 444 457 
3 393 403 452 
3 451 446 464 
3 458 432 450 
3 478 449 495 
3 456 442 462 
3 455 440 448 
3 464 435 454 
5 508 437 453 463 477 
3 448 447 467 
3 490 461 451 
3 445 469 472 
3 484 421 461 
3 468 460 458 
3 463 453 476 
3 456 462 471 
3 450 455 482 
6 470 473 474 466 439 486 
3 511 467 465 
3 482 457 466 
3 485 461 475 
3 472 459 480 
3 473 465 486 
3 463 476 483 
3 479 459 469 
3 474 465 470 
3 518 465 473 
3 498 468 494 
3 471 462 479 
3 456 483 526 
3 487 481 452 
3 476 472 515 
3 469 413 519 
3 489 241 478 
3 503 464 467 
3 477 471 488 
3 443 460 491 
3 501 491 468 
6 598 592 589 470 465 135 
3 492 478 504 
3 483 524 512 
3 497 532 481 
3 493 458 499 
3 484 485 501 
3 516 497 487 
3 506 494 490 
4 509 498 475 493 
3 500 452 437 
3 586 211 532 
3 544 489 492 
3 527 475 494 
3 510 490 502 
3 504 495 508 
3 522 491 485 
3 507 499 505 
3 511 505 482 
3 517 487 500 
4 521 507 502 503 
3 509 493 510 
3 513 502 505 
3 500 456 534 
3 527 494 506 
3 514 506 499 
3 521 503 466 
3 525 488 530 
3 523 514 507 
3 527 510 513 
3 479 519 524 
4 557 492 520 549 
3 520 504 529 
3 533 523 474 
4 515 480 443 522 
3 516 517 529 
3 523 505 511 
3 519 501 543 
4 542 513 521 518 
3 488 515 543 
3 528 512 530 
3 534 477 531 
4 542 498 509 514 
3 531 525 539 
3 520 517 535 
3 525 512 543 
3 547 526 528 
3 496 489 541 
3 563 548 518 
3 508 526 536 
3 549 529 538 
3 538 534 537 
3 536 547 561 
3 535 536 565 
3 553 528 540 
4 552 539 546 545 
3 566 532 544 
3 543 527 523 
5 530 524 522 542 546 
3 541 497 569 
3 555 540 550 
3 540 543 548 
3 537 531 554 
5 558 551 550 546 533 
3 516 535 556 
3 545 548 551 
3 555 550 548 
3 559 553 540 
3 554 539 552 
3 560 547 553 
3 559 545 551 
3 557 549 573 
3 569 516 556 
3 567 562 548 
3 560 552 555 
3 564 554 559 
3 565 537 564 
3 568 564 558 
3 577 570 533 
4 575 561 560 562 
3 572 538 561 
3 582 541 580 
3 568 558 570 
3 575 562 567 
3 571 544 557 
3 577 567 563 
3 576 569 574 
3 573 565 575 
3 574 556 572 
3 578 571 573 
4 584 572 564 568 
3 580 571 578 
3 579 570 563 
3 576 574 585 
3 590 593 577 
3 581 566 576 
3 582 580 583 
4 586 566 581 583 
3 582 581 585 
3 588 585 575 
4 587 583 578 584 
5 595 174 496 582 587 
3 586 585 588 
3 587 584 591 
3 592 590 486 
3 596 579 589 
3 594 588 593 
3 596 589 486 
3 597 591 579 
3 599 595 591 
3 599 586 594 
3 597 590 592 
3 598 593 596 
3 599 597 486 
4 219 595 594 598 
