900
0 204 7534
1 208 6620
2 210 8098
3 232 8290
4 234 8292
5 254 7980
6 276 7042
7 300 7034
8 312 7410
9 362 8342
10 380 7194
11 380 7864
12 408 5094
13 416 7182
14 418 7816
15 496 5716
16 500 4834
17 502 4952
18 520 7818
19 566 5024
20 612 4794
21 622 4968
22 630 4832
23 668 4588
24 674 4864
25 678 5116
26 688 4972
27 736 5176
28 758 5162
29 772 5128
30 792 5126
31 800 5194
32 818 5084
33 830 5024
34 958 4850
35 1016 4094
36 1036 4980
37 1048 7564
38 1222 4550
39 1240 4580
40 1274 4596
41 1300 5418
42 1318 5420
43 1324 4478
44 1336 5168
45 1408 4370
46 1412 3856
47 1484 4192
48 1516 8472
49 1622 3876
50 1650 3838
51 1720 3742
52 1736 3760
53 1748 3792
54 1750 5648
55 1758 3738
56 1772 3692
57 1772 3752
58 1864 3770
59 1950 5846
60 2004 4060
61 2038 3720
62 2080 3268
63 2096 3628
64 2106 7580
65 2134 3400
66 2178 7892
67 2308 3818
68 2336 5780
69 2506 9544
70 2514 3392
71 2552 3358
72 2576 3348
73 2606 4394
74 2612 4448
75 2732 3242
76 2794 9480
77 2820 3338
78 2850 3360
79 2880 3412
80 2924 9350
81 2962 9080
82 2972 8898
83 3030 8900
84 3036 9618
85 3048 8876
86 3060 9536
87 3118 9356
88 3142 9310
89 3176 8876
90 3178 8834
91 3216 9542
92 3218 9584
93 3256 4484
94 3350 6398
95 3384 8506
96 3438 3688
97 3488 3052
98 3506 3942
99 3516 5010
100 3542 3650
101 3570 3552
102 3578 5876
103 3588 3590
104 3590 5650
105 3596 6012
106 3608 5864
107 3654 3564
108 3680 5576
109 3872 3286
110 3950 5426
111 3976 8574
112 4108 5490
113 4174 5644
114 4176 5616
115 4336 9570
116 4412 9478
117 4486 1318
118 4492 1378
119 4626 2288
120 4722 5374
121 4736 4570
122 4770 4580
123 4896 2330
124 4920 7288
125 4990 1014
126 5206 9166
127 5212 4098
128 5240 4086
129 5242 4058
130 5428 9508
131 5428 9516
132 5498 1640
133 5542 5482
134 5542 8672
135 5566 9070
136 5572 2060
137 5580 6608
138 5624 5496
139 5666 5620
140 5686 5608
141 5694 5702
142 5700 5548
143 5754 5560
144 5756 5436
145 5760 5554
146 5762 5426
147 5770 5492
148 5778 5242
149 5798 5524
150 5840 748
151 5840 3562
152 5902 5060
153 5920 3276
154 6024 8396
155 6038 3214
156 6102 7952
157 6106 8232
158 6112 8254
159 6114 7988
160 6116 8248
161 6120 7916
162 6124 7904
163 6170 1204
164 6198 3820
165 6212 8212
166 6258 8010
167 6270 7880
168 6296 7972
169 6430 7910
170 6452 8002
171 6480 3122
172 6486 3790
173 6496 7864
174 6612 240
175 6620 4070
176 6638 4116
177 6658 3116
178 6668 102
179 6668 4150
180 6726 4412
181 6736 1678
182 6748 1636
183 6832 8490
184 6890 4210
185 6924 184
186 6982 7618
187 7004 2732
188 7026 2148
189 7032 2208
190 7034 1278
191 7062 1300
192 7088 4902
193 7168 1326
194 7178 1974
195 7196 866
196 7210 1214
197 7240 2122
198 7246 1976
199 7272 2018
200 7290 8494
201 7306 1976
202 7310 1270
203 7322 3956
204 7446 666
205 7460 2032
206 7480 2118
207 7498 1882
208 7500 2094
209 7532 2118
210 7594 3710
211 7624 1422
212 7626 8420
213 7652 2146
214 7654 2402
215 7656 7192
216 7672 4480
217 7674 5134
218 7698 1426
219 7706 2436
220 7720 1446
221 7722 2442
222 7726 2424
223 7736 1470
224 7774 2198
225 7798 2690
226 7800 3410
227 7814 286
228 7822 2226
229 7822 2900
230 7842 2612
231 7842 2710
232 7842 3624
233 7844 4490
234 7862 8314
235 7868 244
236 7892 4296
237 7894 2662
238 7924 5208
239 7940 1350
240 7944 4196
241 7964 1354
242 7964 4842
243 7966 3354
244 7976 2340
245 7992 2952
246 7998 3276
247 8004 5988
248 8014 2288
249 8032 6932
250 8038 4154
251 8042 3032
252 8042 5064
253 8094 3288
254 8108 3364
255 8136 3366
256 8152 3456
257 8188 3414
258 8210 3744
259 8238 3176
260 8298 6280
261 8302 6754
262 8372 4360
263 8400 4246
264 8402 3498
265 8402 4538
266 8406 4252
267 8438 5862
268 8450 2410
269 8450 2452
270 8478 3084
271 8490 4432
272 8512 3392
273 8520 2462
274 8534 4016
275 8550 2762
276 8552 2600
277 8572 3304
278 8576 2434
279 8580 2272
280 8586 2242
281 8594 2542
282 8618 3342
283 8628 2514
284 8672 2396
285 8674 2456
286 8698 4332
287 8704 3490
288 8750 3222
289 8770 2372
290 8784 5292
291 8794 3058
292 8846 4910
293 8878 5328
294 8888 7384
295 8896 3328
296 8942 4370
297 8990 4148
298 9004 6842
299 9014 4632
300 9018 6872
301 9038 2558
302 9054 2594
303 9094 6012
304 9096 7042
305 9106 3310
306 9114 6012
307 9114 7104
308 9128 4470
309 9156 7084
310 9186 2630
311 9198 7018
312 9202 7070
313 9204 2704
314 9218 4548
315 9222 2640
316 9244 4448
317 9244 5294
318 9252 6956
319 9260 4430
320 9260 4686
321 9262 2606
322 9282 6952
323 9290 6974
324 9302 7030
325 9342 6984
326 9356 5194
327 9360 8496
328 9400 5944
329 9462 3918
330 9488 2436
331 9496 6478
332 9504 4074
333 9506 5240
334 9512 3964
335 9544 2642
336 9576 3290
337 9578 4208
338 9708 6080
339 9712 4292
340 9722 3904
341 9760 4180
342 9798 2654
343 9816 2664
344 9820 6718
345 9834 2788
346 9836 2662
347 9840 2686
348 9858 2646
349 9864 6032
350 9868 5960
351 9874 2662
352 9874 6724
353 9902 5090
354 9916 2690
355 9930 2566
356 9938 2680
357 9940 2578
358 9948 3264
359 9982 1760
360 9996 3270
361 9996 5022
362 9998 3928
363 10018 4612
364 10020 2376
365 10026 5706
366 10042 2746
367 10054 5100
368 10074 5044
369 10078 5068
370 10092 5150
371 10108 2944
372 10134 3248
373 10138 4108
374 10150 5154
375 10170 6510
376 10180 4958
377 10188 4106
378 10194 5102
379 10210 4108
380 10232 4130
381 10240 5216
382 10242 4606
383 10266 2666
384 10272 4202
385 10272 5500
386 10274 3614
387 10282 4072
388 10306 4784
389 10318 5720
390 10326 6920
391 10336 2318
392 10340 5512
393 10362 4630
394 10370 6514
395 10374 2910
396 10378 5990
397 10384 3278
398 10386 6416
399 10388 6442
400 10408 4228
401 10418 3088
402 10462 3076
403 10468 6412
404 10478 5964
405 10480 2686
406 10482 6280
407 10492 3442
408 10502 4424
409 10520 4890
410 10534 5048
411 10540 2686
412 10588 3286
413 10594 6122
414 10616 3784
415 10624 6994
416 10628 6826
417 10636 2452
418 10638 5280
419 10638 6804
420 10642 6796
421 10644 2838
422 10648 6064
423 10650 4052
424 10662 3092
425 10690 6504
426 10704 2782
427 10712 4556
428 10714 6486
429 10722 6216
430 10724 2780
431 10728 2708
432 10730 2676
433 10742 2810
434 10748 3186
435 10748 5656
436 10756 3892
437 10774 4754
438 10784 2940
439 10786 2938
440 10788 2744
441 10792 4664
442 10796 3794
443 10802 3572
444 10802 5790
445 10812 4370
446 10816 6608
447 10818 6052
448 10820 7508
449 10860 3974
450 10866 6386
451 10870 5792
452 10880 4940
453 10894 3322
454 10908 6086
455 10928 4948
456 10942 2868
457 10954 6024
458 10986 4946
459 10990 6058
460 10992 5998
461 10994 6036
462 11004 3544
463 11020 5594
464 11036 2684
465 11038 4226
466 11044 4478
467 11056 2660
468 11070 2760
469 11104 3908
470 11118 4502
471 11130 5062
472 11130 5924
473 11138 4416
474 11138 4794
475 11144 4002
476 11168 3984
477 11172 4928
478 11190 4034
479 11212 4576
480 11220 2806
481 11236 3936
482 11242 4392
483 11256 4488
484 11270 4658
485 11276 5214
486 11276 5472
487 11294 5728
488 11300 6254
489 11304 3610
490 11314 6062
491 11320 5466
492 11328 3290
493 11342 4846
494 11346 6514
495 11350 3584
496 11350 6154
497 11366 5142
498 11382 5406
499 11400 3642
500 11410 3096
501 11420 3638
502 11422 3448
503 11442 4656
504 11458 5074
505 11476 3286
506 11480 6504
507 11512 4966
508 11512 4992
509 11520 6224
510 11532 6096
511 11534 3988
512 11534 6384
513 11568 4154
514 11576 2898
515 11584 4980
516 11588 5852
517 11590 4038
518 11620 3664
519 11626 2784
520 11626 4050
521 11638 4116
522 11638 4584
523 11646 4088
524 11648 5908
525 11660 3646
526 11704 5038
527 11708 3642
528 11710 4046
529 11714 5814
530 11716 3994
531 11726 3898
532 11730 6504
533 11750 5174
534 11770 4678
535 11784 5838
536 11792 5322
537 11792 5530
538 11800 6210
539 11808 4996
540 11816 3674
541 11816 5292
542 11828 6042
543 11830 5506
544 11840 3692
545 11844 2688
546 11850 3680
547 11854 3822
548 11858 5258
549 11860 6380
550 11872 3746
551 11874 3088
552 11874 7520
553 11878 5370
554 11900 3742
555 11902 4912
556 11904 3674
557 11908 4354
558 11912 5458
559 11948 5982
560 11954 5646
561 11962 4348
562 11974 3644
563 11982 2858
564 11994 3610
565 11994 3654
566 12000 3664
567 12000 4348
568 12002 5782
569 12004 3784
570 12022 3628
571 12034 2996
572 12034 6028
573 12036 3870
574 12056 3760
575 12062 3690
576 12064 2916
577 12078 4336
578 12078 4538
579 12080 3966
580 12112 3332
581 12114 4310
582 12148 4444
583 12152 2996
584 12178 6356
585 12184 6130
586 12188 6168
587 12200 3756
588 12206 6370
589 12216 3768
590 12228 5930
591 12260 6300
592 12270 6346
593 12294 6434
594 12314 5220
595 12314 5580
596 12318 5576
597 12336 5600
598 12340 4700
599 12342 2548
600 12344 5594
601 12348 5534
602 12356 4878
603 12362 5512
604 12370 2010
605 12378 5494
606 12380 2062
607 12380 3910
608 12384 2618
609 12384 4216
610 12388 5086
611 12396 2026
612 12402 4750
613 12404 1966
614 12404 2396
615 12406 5016
616 12406 5952
617 12414 3126
618 12420 3926
619 12432 2012
620 12438 4188
621 12448 1746
622 12460 1958
623 12472 2232
624 12476 5102
625 12478 4448
626 12494 4636
627 12524 5814
628 12566 2282
629 12582 2502
630 12608 2002
631 12608 3910
632 12610 4052
633 12612 4064
634 12616 1496
635 12622 4134
636 12628 4850
637 12632 5872
638 12648 3714
639 12650 3712
640 12668 3640
641 12684 4420
642 12688 5852
643 12694 5688
644 12698 6012
645 12700 1968
646 12714 2058
647 12716 2586
648 12724 5050
649 12726 2072
650 12730 1428
651 12734 2942
652 12738 5778
653 12740 5994
654 12744 3108
655 12752 4478
656 12764 5364
657 12768 2204
658 12786 5810
659 12790 5846
660 12804 4268
661 12808 3566
662 12812 2022
663 12824 3250
664 12828 3184
665 12834 4068
666 12840 3156
667 12840 3364
668 12840 4782
669 12844 3152
670 12864 2168
671 12868 4854
672 12870 3156
673 12872 3416
674 12878 3868
675 12882 4050
676 12888 5564
677 12894 2122
678 12894 3782
679 12902 2318
680 12924 6932
681 12938 3802
682 12942 3160
683 12944 5466
684 12956 3840
685 12972 3962
686 12972 5832
687 12988 5824
688 12996 4146
689 12996 5062
690 12998 1564
691 13024 4704
692 13028 4216
693 13030 4304
694 13030 4698
695 13032 4514
696 13034 5742
697 13070 1208
698 13076 1260
699 13078 5420
700 13092 5976
701 13096 3736
702 13098 3702
703 13100 3754
704 13106 2634
705 13120 4378
706 13120 6414
707 13132 3756
708 13134 5406
709 13150 1532
710 13174 5742
711 13178 4462
712 13178 5718
713 13190 6916
714 13208 3412
715 13216 5554
716 13216 6588
717 13226 3832
718 13228 5648
719 13232 4550
720 13232 4774
721 13232 5730
722 13238 4356
723 13256 6568
724 13262 4034
725 13266 3412
726 13276 5618
727 13278 6692
728 13294 7814
729 13296 5742
730 13300 3814
731 13300 6524
732 13302 6648
733 13332 5604
734 13332 6518
735 13336 6074
736 13352 6462
737 13372 4538
738 13382 6682
739 13384 3826
740 13404 6644
741 13410 4536
742 13414 6792
743 13416 3964
744 13424 5820
745 13428 7224
746 13430 5718
747 13434 3984
748 13448 4380
749 13452 3698
750 13470 4334
751 13474 4998
752 13496 6424
753 13500 4584
754 13514 3662
755 13532 4102
756 13540 4104
757 13544 5450
758 13550 6750
759 13556 6402
760 13568 6436
761 13578 116
762 13578 4394
763 13602 4148
764 13604 4210
765 13612 4200
766 13632 4250
767 13634 4212
768 13636 4550
769 13652 6334
770 13728 4952
771 13806 5804
772 13824 3810
773 13896 4812
774 13898 6496
775 13908 5504
776 13914 5242
777 13924 5382
778 13928 5188
779 13940 4978
780 13942 4146
781 13942 5390
782 13956 4196
783 13966 4932
784 13968 5024
785 13970 6480
786 13972 5420
787 13978 4866
788 13980 4238
789 13998 4838
790 14010 6260
791 14036 5512
792 14046 7300
793 14054 4154
794 14060 5232
795 14078 5322
796 14082 4810
797 14092 5172
798 14100 4564
799 14112 6426
800 14124 5148
801 14136 5392
802 14150 5928
803 14196 5220
804 14204 5368
805 14210 5312
806 14212 5528
807 14234 4696
808 14248 5326
809 14256 4678
810 14268 5380
811 14274 4644
812 14282 4852
813 14360 6434
814 14390 7146
815 14404 5694
816 14408 7164
817 14432 4442
818 14436 7148
819 14454 5650
820 14466 5392
821 14474 5294
822 14478 5968
823 14510 5672
824 14522 5736
825 14544 5500
826 14560 4940
827 14572 5688
828 14586 7512
829 14594 7084
830 14624 7180
831 14630 5602
832 14680 7326
833 14722 5954
834 14732 7226
835 14744 5516
836 14750 5590
837 14778 7076
838 14806 5422
839 14836 5572
840 14840 5748
841 14856 5736
842 14860 8860
843 14872 5714
844 14892 5680
845 14902 5762
846 14914 5756
847 14914 7186
848 14956 5572
849 14962 5774
850 15010 6370
851 15018 5770
852 15020 6344
853 15022 6038
854 15034 7442
855 15052 5782
856 15056 5864
857 15058 5892
858 15060 7196
859 15070 6428
860 15088 7348
861 15150 7416
862 15166 7254
863 15194 6430
864 15228 7460
865 15238 7206
866 15284 6038
867 15308 7458
868 15366 6038
869 15380 7482
870 15382 7174
871 15384 6186
872 15400 6114
873 15418 7378
874 15420 7176
875 15430 7170
876 15440 6202
877 15466 8220
878 15520 7358
879 15740 6330
880 15800 6144
881 15820 6366
882 15822 7588
883 15838 6144
884 15840 6376
885 15880 6246
886 15918 8062
887 15930 6202
888 15934 6230
889 15936 7232
890 15956 7422
891 16000 7622
892 16124 7720
893 16494 6890
894 16572 6990
895 16730 7766
896 16794 7562
897 16850 7630
898 16924 8100
899 17072 9398
3 2 1 6 
2 0 12 
3 3 0 5 
3 9 4 2 
2 69 3 
3 2 8 11 
3 0 17 7 
3 8 6 15 
3 5 7 10 
3 76 3 11 
3 8 28 13 
3 9 5 14 
2 1 16 
3 14 10 31 
3 18 11 13 
3 7 19 27 
5 21 17 12 23 20 
3 19 6 16 
3 48 14 37 
3 25 15 17 
3 22 16 38 
3 26 25 16 
3 24 26 20 
3 16 35 49 
3 33 22 34 
3 27 19 21 
3 29 21 22 
3 15 25 28 
3 10 27 29 
3 28 26 30 
3 31 29 32 
4 64 37 13 30 
3 83 30 33 
3 32 24 36 
3 36 24 39 
4 23 117 62 46 
3 41 33 34 
4 66 48 18 31 
3 39 20 43 
3 40 34 38 
4 44 39 43 45 
3 42 85 36 
3 54 41 44 
3 40 38 47 
3 42 40 60 
3 40 53 58 
3 35 62 51 
3 43 49 53 
3 76 18 37 
4 47 23 50 52 
3 49 51 52 
3 50 46 56 
3 49 50 55 
3 45 47 57 
3 68 59 42 
3 57 52 56 
3 55 51 62 
3 58 53 55 
3 45 57 61 
4 94 90 54 68 
3 74 44 61 
3 60 58 63 
6 71 65 56 46 35 118 
3 67 61 65 
3 82 66 31 
3 63 62 70 
3 80 37 64 
3 73 63 70 
3 102 59 54 
2 84 4 
3 67 65 71 
3 70 62 72 
3 71 75 77 
3 93 74 67 
3 104 60 73 
4 77 72 118 97 
3 84 9 48 
3 78 72 75 
3 101 79 77 
3 96 93 78 
3 84 66 81 
3 86 80 82 
3 83 81 64 
4 87 82 32 85 
7 69 76 80 86 92 115 899 
3 83 41 90 
3 84 81 87 
3 86 83 88 
3 91 87 89 
3 88 90 111 
4 89 85 59 95 
3 92 88 116 
3 84 91 115 
3 99 73 79 
3 95 59 105 
4 111 90 94 124 
3 98 79 100 
3 101 75 119 
3 99 96 100 
3 108 93 98 
3 98 96 103 
3 103 78 97 
3 105 68 106 
3 100 101 107 
3 106 74 108 
3 124 94 102 
3 102 104 113 
3 110 103 109 
3 104 99 110 
3 121 107 119 
3 112 108 107 
3 134 89 95 
3 114 110 120 
3 137 106 114 
3 139 113 112 
4 84 92 131 899 
3 130 91 126 
5 132 118 35 125 163 
4 119 75 62 117 
4 123 109 97 118 
3 133 112 121 
3 122 120 109 
3 152 121 127 
3 129 119 136 
3 156 95 105 
4 163 117 178 150 
4 116 134 157 135 
3 122 129 128 
3 180 127 129 
5 128 127 123 151 164 
3 131 116 135 
3 115 130 899 
3 136 117 182 
3 138 120 148 
3 126 111 159 
5 130 126 154 183 200 
3 153 123 132 
3 162 113 141 
3 142 133 148 
3 141 114 140 
3 141 139 142 
4 137 139 140 143 
4 143 140 138 144 
4 167 141 142 145 
3 142 152 146 
3 143 147 149 
3 147 144 152 
3 149 145 146 
3 138 133 152 
3 145 147 217 
3 190 125 174 
3 164 129 153 
5 146 144 148 122 192 
4 172 151 136 155 
3 135 158 165 
3 153 181 171 
3 159 124 161 
3 158 126 166 
3 154 157 160 
3 166 134 156 
3 158 168 169 
3 168 156 162 
3 161 137 167 
3 191 117 125 
3 176 129 151 
3 154 173 170 
3 157 159 168 
3 162 143 173 
4 160 166 161 169 
3 160 168 173 
3 165 173 186 
3 155 187 177 
3 175 153 177 
5 170 165 169 167 186 
3 190 150 178 
3 179 176 172 
3 179 164 175 
3 172 171 187 
5 761 235 185 174 125 
4 184 180 176 175 
3 192 128 179 
3 187 155 182 
7 194 197 188 189 181 132 193 
3 200 135 215 
3 216 179 203 
3 227 195 178 
3 170 173 215 
4 203 177 171 181 
3 232 189 182 
3 210 182 188 
3 191 150 174 
3 193 163 190 
3 217 152 180 
4 182 191 196 202 
4 198 199 197 182 
3 196 185 204 
3 202 193 195 
3 226 182 194 
3 201 208 194 
3 208 206 194 
3 135 183 212 
3 205 198 207 
3 211 193 196 
4 236 184 187 210 
3 239 195 227 
3 213 201 207 
3 209 214 199 
3 205 201 211 
4 213 209 199 198 
3 224 206 208 
3 240 203 189 
3 218 207 202 
3 327 200 234 
3 224 208 205 
3 219 229 206 
3 183 186 249 
3 233 242 184 
3 238 149 192 
3 220 211 239 
3 221 229 214 
5 289 280 279 223 218 
3 225 219 222 
3 230 221 224 
4 268 269 248 220 
5 248 228 222 209 213 
3 231 229 221 
4 258 232 197 243 
3 204 185 235 
3 248 244 224 
4 243 214 219 225 
3 237 231 222 
3 246 225 230 
3 250 188 226 
3 242 216 236 
3 327 212 294 
3 227 178 761 
3 233 203 240 
3 245 230 244 
3 247 217 252 
4 634 241 218 204 
3 236 210 250 
3 621 359 239 
3 252 216 233 
5 254 256 226 229 246 
3 237 228 248 
3 251 253 237 
3 254 243 231 
3 260 249 238 
5 270 244 228 224 223 
3 215 247 261 
5 263 262 265 240 232 
3 259 253 245 
3 267 238 242 
4 254 245 251 259 
4 255 243 246 253 
3 272 257 254 
3 258 243 257 
3 264 256 255 
3 274 226 256 
3 277 253 251 
3 261 247 267 
3 298 249 260 
3 271 265 250 
3 266 250 274 
3 332 257 272 
3 290 250 262 
3 286 271 263 
3 260 252 290 
3 273 269 223 
3 276 223 268 
3 277 248 275 
3 292 262 266 
4 287 264 255 282 
3 276 268 278 
4 297 296 263 258 
3 291 270 276 
4 275 269 273 281 
4 282 259 270 288 
3 281 273 279 
3 278 220 280 
4 289 284 279 220 
4 302 276 278 283 
3 272 277 295 
3 301 281 285 
3 285 280 289 
3 301 283 284 
3 296 299 266 
3 340 329 272 
3 305 277 291 
4 330 284 280 220 
3 293 267 265 
3 288 275 313 
3 317 293 271 
3 303 290 292 
3 327 234 307 
3 362 282 305 
3 308 286 274 
3 337 319 274 
4 300 261 303 306 
3 320 326 286 
3 304 298 328 
3 321 283 285 
3 321 310 281 
3 306 298 293 
3 309 307 300 
3 295 288 336 
3 298 303 317 
3 294 304 309 
3 314 296 316 
5 307 304 311 323 312 
3 335 315 302 
3 309 331 318 
3 448 309 324 
3 358 291 315 
3 363 320 308 
3 345 313 310 
3 308 319 408 
3 306 292 326 
3 311 331 322 
3 316 297 339 
3 361 299 314 
3 335 302 301 
4 323 318 349 344 
3 325 309 322 
3 552 312 325 
4 324 323 352 390 
3 333 317 299 
4 842 212 234 294 
3 338 300 333 
3 334 287 340 
3 342 289 364 
3 318 311 338 
3 337 264 334 
3 328 326 353 
3 341 332 329 
3 342 310 321 
3 386 305 358 
3 339 297 332 
3 331 328 350 
4 319 337 341 384 
3 362 329 287 
3 339 334 373 
3 343 335 330 
3 345 342 346 
3 352 322 375 
4 371 315 343 347 
3 347 343 348 
5 354 345 346 348 351 
3 347 346 355 
3 375 322 350 
3 349 338 365 
3 356 347 357 
3 325 344 394 
3 367 333 361 
3 366 347 356 
3 357 348 364 
3 354 351 417 
3 351 355 417 
3 360 336 313 
3 604 391 241 
3 386 358 372 
3 368 353 320 
3 387 340 295 
3 388 314 382 
3 355 330 391 
3 389 350 370 
3 395 354 383 
4 378 370 353 369 
3 369 361 376 
3 367 368 455 
3 374 365 367 
3 401 372 345 
4 397 360 371 401 
3 341 387 377 
3 385 370 378 
3 344 349 398 
3 368 388 409 
3 379 373 423 
4 381 374 367 410 
3 380 377 475 
3 400 384 379 
3 435 392 378 
3 393 363 408 
3 405 366 417 
3 400 339 380 
3 392 389 374 
3 414 336 360 
3 373 362 449 
3 409 376 363 
4 404 396 365 385 
3 415 325 394 
3 364 359 604 
3 422 385 381 
3 437 382 427 
3 390 352 399 
3 401 366 405 
4 406 398 389 404 
3 412 407 372 
3 399 375 396 
3 394 398 403 
3 445 384 380 
4 372 371 395 402 
3 424 401 421 
3 416 399 406 
3 413 396 389 
3 411 395 383 
3 403 396 413 
3 443 414 397 
3 382 316 445 
3 452 376 388 
3 418 378 458 
3 431 405 432 
3 453 397 434 
3 429 406 404 
3 436 386 407 
4 745 552 390 416 
4 415 403 425 419 
4 383 356 357 606 
3 435 410 471 
4 416 428 420 494 
4 419 459 450 446 
3 402 431 426 
3 429 392 444 
3 377 476 475 
3 434 402 438 
3 416 429 428 
3 421 431 430 
3 441 393 466 
3 419 425 454 
4 425 413 422 447 
3 433 426 440 
5 440 426 421 411 464 
3 411 623 467 
4 456 439 438 430 
3 412 424 500 
3 444 381 418 
3 449 414 442 
3 452 393 441 
3 424 433 439 
3 438 433 456 
3 468 430 431 
3 474 437 427 
3 469 436 443 
3 442 407 462 
3 451 422 435 
4 466 408 400 465 
3 420 490 488 
4 454 429 451 463 
3 728 842 312 
3 476 387 436 
3 420 459 472 
3 447 444 463 
3 455 409 437 
3 462 412 492 
3 428 447 457 
3 369 452 458 
3 439 433 480 
3 454 486 460 
3 410 455 477 
4 450 420 461 472 
3 461 457 491 
3 459 460 472 
3 489 443 453 
3 447 451 485 
3 545 431 467 
3 473 445 478 
3 470 427 445 
3 464 432 614 
3 519 480 440 
3 476 442 489 
3 479 466 473 
3 485 418 477 
4 450 459 461 487 
3 470 465 482 
3 477 441 484 
4 478 379 423 476 
5 475 423 449 469 481 
4 471 458 474 493 
3 517 465 475 
3 484 470 483 
3 514 456 468 
3 511 476 499 
3 483 473 513 
3 479 482 521 
3 474 479 503 
3 463 471 497 
3 457 504 491 
4 516 490 472 491 
3 446 496 509 
3 469 462 495 
3 496 446 487 
4 487 460 486 498 
3 453 500 505 
4 507 497 477 503 
3 419 512 506 
3 499 489 502 
3 488 490 510 
3 485 493 504 
3 491 515 536 
3 481 495 501 
3 492 434 514 
3 518 499 502 
3 501 495 505 
3 493 484 522 
3 486 497 508 
3 502 492 551 
3 532 494 549 
3 508 493 522 
3 504 507 515 
3 512 488 510 
3 509 496 524 
3 517 481 531 
3 494 509 538 
3 482 523 521 
3 571 500 480 
5 526 533 498 508 534 
3 524 487 529 
3 520 478 511 
3 550 501 525 
3 563 468 545 
3 523 517 528 
3 483 513 528 
3 507 503 557 
3 513 520 528 
3 510 516 535 
3 518 551 527 
3 533 515 539 
3 540 525 580 
5 557 521 523 520 530 
3 535 516 537 
3 557 528 531 
3 530 511 547 
3 680 506 593 
3 541 515 526 
3 515 561 567 
4 542 524 529 543 
3 537 498 541 
3 529 536 543 
3 549 512 542 
4 548 526 577 555 
3 546 544 527 
3 553 536 533 
3 538 535 559 
3 535 537 553 
3 554 540 546 
3 519 464 599 
3 544 540 556 
3 573 531 550 
3 553 539 602 
3 506 538 584 
3 547 518 554 
3 525 505 571 
3 728 324 415 
4 558 543 541 548 
3 569 550 544 
3 539 578 598 
4 574 546 562 566 
4 522 528 530 561 
3 560 553 594 
3 572 542 560 
3 568 559 558 
4 567 534 557 579 
3 565 556 564 
3 576 519 608 
3 570 562 580 
3 566 562 570 
3 575 556 565 
3 534 561 577 
3 585 572 560 
3 573 554 574 
3 565 564 667 
3 583 551 514 
3 586 559 568 
3 579 547 569 
3 607 569 556 
3 587 566 640 
3 654 583 563 
3 539 567 581 
3 555 581 582 
3 561 573 607 
4 564 527 583 617 
3 578 577 607 
3 578 618 609 
4 617 580 571 576 
3 588 549 586 
3 586 568 590 
4 584 572 585 597 
3 589 575 638 
4 593 584 591 592 
3 631 618 587 
3 585 594 595 
5 588 616 637 642 659 
3 593 588 644 
4 532 588 592 706 
3 590 558 610 
3 590 610 596 
3 597 595 601 
3 586 596 600 
3 612 555 625 
4 608 545 614 629 
3 616 597 601 
3 600 596 603 
3 615 548 612 
3 601 624 605 
4 611 391 359 613 
3 627 603 648 
3 623 417 611 
4 618 581 579 574 
4 651 654 563 599 
4 625 582 618 620 
3 595 594 615 
4 606 604 613 619 
3 602 598 626 
3 611 604 621 
3 599 467 628 
3 624 610 602 
3 591 600 627 
3 663 580 583 
5 632 609 582 607 589 
3 649 611 622 
3 609 633 635 
3 613 241 634 
3 630 619 650 
3 628 432 606 
3 603 615 636 
4 626 598 609 641 
3 636 612 625 
4 616 605 656 643 
4 614 623 649 657 
3 647 599 679 
3 646 622 645 
3 665 589 674 
4 693 660 633 618 
4 641 635 620 632 
3 621 239 650 
3 641 620 633 
3 624 626 668 
3 591 676 652 
3 678 587 639 
3 703 638 640 
4 701 639 575 661 
4 655 625 635 633 
3 591 652 658 
3 627 683 676 
5 592 696 686 687 653 
3 646 630 697 
3 649 630 645 
4 682 651 629 679 
3 656 605 671 
4 628 619 646 662 
3 622 634 697 
4 669 666 608 647 
3 642 637 708 
3 644 710 700 
3 664 576 608 
3 668 641 660 
3 627 648 689 
3 628 662 670 
3 659 642 715 
3 591 658 696 
3 695 655 632 
3 701 640 673 
3 657 649 690 
3 667 617 664 
3 663 654 666 
4 693 631 674 675 
4 672 664 651 669 
3 673 570 663 
3 671 636 655 
3 672 666 651 
3 679 657 677 
3 648 668 691 
3 682 666 669 
3 702 661 667 
3 665 631 684 
4 688 692 665 685 
3 637 643 708 
5 772 780 704 670 709 
3 681 638 703 
4 725 647 629 670 
3 745 532 713 
3 717 684 678 
3 714 672 647 
3 643 689 699 
4 724 685 674 681 
4 692 688 675 684 
3 644 718 687 
3 644 686 712 
3 692 675 685 
4 699 683 656 691 
3 662 698 709 
4 708 689 671 694 
4 705 675 688 685 
3 705 632 665 
3 720 691 695 
3 719 694 660 
3 644 659 718 
4 698 645 650 761 
4 817 709 690 697 
3 683 689 708 
4 735 706 653 729 
3 707 640 661 
3 730 707 673 
3 707 678 639 
3 782 754 677 
3 711 693 692 
3 716 593 700 
4 717 703 701 702 
5 715 652 676 699 691 
4 793 677 690 698 
3 653 712 721 
3 719 705 722 
3 710 687 733 
4 745 680 716 727 
3 725 730 682 
3 726 658 708 
3 713 706 723 
3 743 681 707 
3 686 696 726 
4 720 695 711 722 
4 751 694 719 737 
3 729 710 777 
3 719 711 724 
3 727 716 731 
3 755 722 684 
4 749 739 714 679 
3 718 715 733 
3 713 723 732 
3 877 448 552 
3 700 721 746 
3 743 702 714 
4 732 723 735 734 
3 738 727 731 
3 712 726 757 
3 740 731 736 
3 731 700 744 
3 734 744 752 
3 720 748 741 
3 742 732 740 
3 743 725 749 
3 738 734 774 
3 753 737 748 
3 745 738 758 
4 747 717 730 739 
4 752 736 735 746 
5 792 415 680 713 742 
4 771 744 729 775 
3 763 756 743 
3 741 737 750 
3 739 725 754 
3 762 748 755 
3 757 720 770 
4 760 736 744 759 
3 770 741 768 
3 782 749 704 
3 756 750 724 
3 763 755 747 
3 733 751 776 
4 814 816 742 785 
3 760 752 769 
3 774 752 759 
7 894 893 887 883 697 235 178 
4 773 768 750 764 
5 782 765 764 756 747 
4 766 762 763 765 
3 767 764 763 
3 789 764 767 
3 766 765 782 
3 779 753 762 
3 759 771 790 
3 778 751 753 
3 769 746 775 
3 793 780 677 
3 787 779 762 
3 740 760 785 
3 771 746 786 
3 777 757 778 
3 781 721 776 
3 795 776 770 
4 784 768 773 783 
3 788 677 772 
3 801 786 777 
5 788 767 763 754 704 
3 784 779 787 
3 794 779 783 
3 758 774 799 
4 791 775 781 801 
3 783 773 789 
4 807 798 782 780 
3 787 766 796 
4 799 769 791 802 
3 790 786 801 
3 832 828 745 
3 811 772 709 
3 795 784 797 
3 801 778 794 
3 797 789 798 
3 794 796 800 
3 807 796 788 
3 813 785 790 
3 803 797 807 
5 791 786 781 795 804 
3 790 806 815 
3 805 800 812 
3 806 801 805 
3 808 804 803 
3 802 804 810 
4 800 798 788 809 
3 820 810 805 
3 812 807 811 
3 815 806 808 
3 826 809 793 
3 821 803 809 
3 829 799 822 
3 818 816 758 
3 802 810 819 
3 832 758 814 
3 848 826 698 
4 830 834 814 829 
3 823 815 825 
3 825 808 821 
3 835 820 812 
3 829 813 824 
3 827 824 819 
3 837 822 823 
3 831 819 820 
3 838 811 817 
3 833 823 831 
4 877 792 854 864 
4 818 813 822 837 
3 847 834 818 
3 827 825 836 
3 860 792 816 
5 850 865 827 840 841 
3 860 818 830 
3 839 836 821 
3 840 831 835 
3 847 829 824 
3 851 839 826 
4 844 843 835 838 
3 833 836 841 
3 833 840 843 
3 899 327 448 
3 845 841 839 
3 849 846 839 
3 853 843 846 
3 849 845 844 
3 858 830 837 
3 880 855 817 
4 856 846 844 851 
3 870 833 852 
3 855 849 838 
3 859 850 853 
3 852 845 857 
3 864 828 861 
3 868 851 848 
3 866 857 849 
3 866 853 856 
3 865 862 847 
3 863 875 852 
4 861 832 834 862 
3 854 860 873 
3 860 858 865 
3 890 859 871 
3 828 854 867 
4 862 858 833 870 
3 872 857 856 
3 869 864 873 
3 879 872 855 
3 886 867 878 
3 874 865 850 
3 876 863 872 
4 876 871 866 868 
3 867 861 878 
3 878 870 875 
3 882 874 859 
3 879 871 872 
3 899 728 828 
4 886 869 873 874 
3 881 876 868 
3 883 881 848 
3 884 879 880 
3 891 886 875 
3 885 880 761 
3 889 881 885 
3 884 883 888 
4 899 869 878 882 
3 893 888 761 
3 895 885 887 
3 892 890 884 
3 891 863 889 
3 892 882 890 
3 899 891 889 
3 896 887 761 
2 897 761 
3 899 888 896 
3 897 895 893 
3 898 896 894 
2 899 897 
9 84 115 131 842 877 886 892 895 898 
