20
0 1776 3734
1 3872 3272
2 3976 8544
3 7970 4148
4 8008 2292
5 8766 6626
6 9072 2606
7 10190 2558
8 10312 2746
9 10688 3598
10 10764 6524
11 11094 2760
12 11214 3330
13 11346 5454
14 11462 4136
15 12164 6092
16 12520 3220
17 12672 2646
18 14338 6968
19 15046 5866
4 5 2 4 1 
3 3 0 4 
3 0 5 18 
4 13 1 6 9 
5 17 7 6 1 0 
3 2 0 10 
3 3 4 7 
6 17 11 12 8 6 4 
3 14 9 7 
3 14 3 8 
3 18 5 15 
3 12 7 17 
3 14 7 11 
3 15 3 14 
5 13 9 8 12 16 
3 18 10 13 
3 18 14 17 
5 19 16 11 7 4 
5 2 10 15 16 19 
2 18 17 
