200
0 278 8258
1 414 7220
2 466 5042
3 500 4932
4 560 7944
5 566 7926
6 658 6230
7 880 5146
8 1076 4026
9 1246 5418
10 1262 4514
11 1266 4628
12 1450 4294
13 1666 3726
14 1806 3702
15 2082 3322
16 2214 5608
17 2372 4136
18 2572 9488
19 2578 4382
20 2642 4340
21 2962 7858
22 3042 8830
23 3084 3378
24 3176 8862
25 3612 5862
26 3628 5772
27 3634 5114
28 3724 3522
29 4244 5652
30 4846 2402
31 4870 3226
32 5156 2532
33 5238 3078
34 5518 4476
35 6260 8078
36 6276 3288
37 6280 698
38 6386 9142
39 6398 7888
40 6476 3952
41 6490 8058
42 6532 8266
43 6692 8394
44 6942 210
45 6970 5876
46 7074 4198
47 7226 4690
48 7378 1788
49 7434 2852
50 7638 2092
51 7656 3990
52 7660 3958
53 7698 4250
54 7740 3700
55 7860 3370
56 7990 3484
57 8116 4180
58 8212 3252
59 8406 4434
60 8438 5082
61 8440 2492
62 8564 2678
63 8646 2642
64 8680 2298
65 8698 3466
66 8702 4332
67 8762 5464
68 8796 5326
69 8840 7606
70 8860 4170
71 8916 7232
72 8952 4432
73 9026 2614
74 9160 7068
75 9240 8750
76 9316 6660
77 9372 5244
78 9380 4964
79 9518 7574
80 9524 6886
81 9544 7176
82 9544 7572
83 9718 6076
84 9860 5034
85 9984 2474
86 10016 4300
87 10112 3214
88 10118 5474
89 10186 3964
90 10208 4598
91 10230 7354
92 10284 4050
93 10294 5798
94 10406 6390
95 10464 3324
96 10474 5118
97 10580 3290
98 10642 6484
99 10648 7148
100 10676 6138
101 10684 6520
102 10734 5172
103 10782 6198
104 10842 2742
105 10844 3660
106 10866 6106
107 11000 6058
108 11016 5980
109 11068 5254
110 11082 4252
111 11138 3586
112 11210 5464
113 11218 3114
114 11246 5538
115 11272 4386
116 11320 3316
117 11348 6044
118 11394 5492
119 11404 5542
120 11610 4474
121 11738 6506
122 11744 3692
123 11820 5328
124 11864 7276
125 11890 4970
126 11894 3704
127 11920 3632
128 11938 6658
129 12012 4638
130 12046 6548
131 12052 3742
132 12072 6290
133 12074 2904
134 12100 6112
135 12126 6132
136 12146 2994
137 12162 2920
138 12182 4702
139 12194 6230
140 12204 3754
141 12206 6442
142 12230 3490
143 12248 6266
144 12304 6362
145 12378 5994
146 12414 5122
147 12416 4218
148 12450 4522
149 12458 5594
150 12464 406
151 12612 5520
152 12628 2924
153 12642 2590
154 12690 6018
155 12700 2702
156 12744 4946
157 12768 5784
158 12778 2080
159 12796 2506
160 12892 3766
161 12970 4150
162 13002 4092
163 13018 4210
164 13020 4518
165 13054 1076
166 13080 1830
167 13088 3482
168 13090 6508
169 13102 1426
170 13106 1310
171 13294 6584
172 13296 3786
173 13532 4110
174 13614 6468
175 13984 4758
176 14066 5558
177 14108 5624
178 14112 5114
179 14118 6444
180 14130 4034
181 14318 5544
182 14376 6830
183 14610 5674
184 14664 5388
185 14930 5460
186 14986 5772
187 15076 6266
188 15076 7370
189 15086 6092
190 15370 6016
191 15604 6000
192 15640 6218
193 15714 6178
194 15768 6288
195 15780 6234
196 15854 6122
197 15932 6320
198 16016 5992
199 16026 6036
4 18 2 1 4 
4 5 0 2 6 
4 7 1 0 3 
3 2 8 10 
3 18 0 5 
3 4 1 21 
3 1 7 9 
3 6 2 11 
3 3 15 13 
3 16 6 11 
3 11 3 12 
4 9 7 10 12 
3 11 10 14 
3 8 15 14 
4 17 12 13 15 
6 23 14 13 8 44 37 
3 21 9 19 
3 19 14 23 
5 0 4 22 24 38 
3 16 17 20 
3 27 19 28 
4 22 5 16 25 
3 24 18 21 
3 17 15 30 
3 38 18 22 
3 21 26 29 
3 25 27 29 
3 26 20 34 
3 20 30 31 
6 45 39 35 25 26 34 
4 32 28 23 37 
3 34 28 33 
4 36 33 30 37 
3 34 31 32 
5 29 27 31 33 40 
3 38 29 39 
3 40 32 48 
5 48 32 30 15 44 
6 18 24 35 42 43 75 
4 41 35 29 69 
3 46 34 36 
3 42 39 69 
3 43 38 41 
3 38 42 69 
4 150 64 37 15 
3 71 29 47 
5 47 40 49 52 51 
4 60 45 46 53 
5 64 50 49 36 37 
5 55 54 46 48 50 
3 61 49 48 
3 53 46 52 
3 51 46 54 
4 59 47 51 57 
4 52 49 55 56 
3 56 54 49 
4 54 55 58 65 
3 53 65 70 
3 65 56 62 
3 60 53 66 
3 67 47 59 
3 62 50 64 
3 58 61 63 
4 65 62 64 73 
5 73 63 61 48 44 
5 70 57 56 58 63 
3 72 59 70 
4 76 60 68 77 
3 67 72 78 
5 75 43 41 39 71 
4 66 57 65 89 
3 69 45 74 
4 78 68 66 86 
4 87 63 64 85 
4 81 71 76 80 
5 38 69 79 82 188 
3 74 67 83 
3 88 67 78 
4 84 77 68 72 
3 75 81 82 
3 91 74 94 
3 91 79 74 
3 75 79 91 
3 94 76 88 
3 96 88 78 
3 104 73 150 
3 90 72 89 
3 95 89 73 
5 93 83 77 84 96 
4 92 86 70 87 
4 102 96 86 92 
5 82 81 80 99 124 
3 110 90 89 
3 100 94 88 
5 98 80 83 93 100 
3 105 87 97 
4 102 88 84 90 
3 111 95 104 
3 101 94 103 
3 124 91 101 
4 103 94 93 106 
3 99 98 117 
4 109 108 96 90 
3 98 100 106 
4 113 97 85 150 
3 110 95 111 
3 103 100 107 
3 106 108 117 
3 117 107 102 
4 112 102 115 120 
3 115 92 105 
4 122 105 97 116 
3 118 114 109 
3 116 104 133 
3 117 112 118 
3 109 110 122 
3 111 113 133 
7 134 121 101 107 108 114 119 
4 119 114 112 125 
3 117 118 123 
3 129 109 122 
5 130 128 124 117 132 
4 126 120 115 111 
3 119 125 146 
7 188 91 99 121 128 141 171 
3 123 118 129 
3 131 122 127 
3 126 133 142 
3 124 121 130 
3 138 125 120 
3 128 121 141 
3 140 147 126 
3 121 134 139 
6 137 136 127 116 113 153 
4 135 132 117 149 
3 139 134 145 
3 142 133 137 
3 152 136 133 
3 146 129 148 
3 143 132 135 
3 160 147 131 
4 124 130 143 144 
3 160 127 136 
3 141 139 145 
3 168 141 154 
4 154 143 135 149 
5 151 149 123 138 148 
4 148 131 140 161 
4 156 146 138 147 
4 145 134 146 151 
5 165 158 104 85 44 
3 157 149 146 
3 167 137 153 
4 155 152 133 158 
4 168 144 145 157 
3 167 153 159 
5 178 176 157 148 164 
4 168 154 151 156 
3 153 150 165 
3 167 155 166 
5 172 162 161 140 142 
3 163 147 160 
3 173 163 160 
4 164 161 162 173 
3 175 156 163 
4 198 170 158 150 
3 167 159 169 
5 172 152 155 159 166 
4 171 144 154 157 
3 180 166 170 
3 198 169 165 
3 124 168 174 
3 180 160 167 
3 163 162 180 
4 182 171 177 179 
3 178 164 180 
3 177 156 181 
3 174 176 181 
3 184 156 175 
3 182 174 183 
5 185 175 173 172 169 
4 183 177 176 184 
3 188 174 179 
4 186 187 179 181 
3 185 181 178 
5 191 190 186 184 180 
3 189 183 185 
4 188 183 189 192 
6 75 124 182 187 194 197 
3 187 186 190 
3 189 185 191 
5 196 193 192 190 185 
3 194 187 191 
3 195 194 191 
5 197 188 192 193 195 
3 194 193 196 
3 195 191 199 
3 188 194 199 
3 199 170 165 
3 197 196 198 
