35
0 8 8314
1 348 7296
2 1372 8224
3 2826 3642
4 3816 9358
5 5356 3044
6 6684 3828
7 7406 2132
8 8066 8514
9 8156 5812
10 9484 5868
11 9570 7580
12 9712 4426
13 10232 5204
14 10236 4042
15 10456 3038
16 10580 4704
17 10740 6224
18 10826 6114
19 11110 3958
20 11128 5442
21 11240 4664
22 11744 6058
23 12492 2298
24 12588 2184
25 12714 1984
26 13032 4270
27 13048 6552
28 13144 1404
29 13844 4220
30 14172 4562
31 14408 5466
32 15182 6568
33 15774 6434
34 16574 6984
3 4 1 2 
2 0 3 
3 4 0 6 
3 1 7 5 
5 0 2 9 8 34 
3 6 3 7 
3 2 5 15 
3 5 3 28 
3 4 11 34 
3 10 4 12 
3 18 9 13 
3 8 17 27 
3 9 15 14 
3 10 16 21 
4 16 12 23 19 
3 12 6 25 
3 13 14 19 
3 27 11 18 
4 17 10 20 22 
3 16 14 23 
3 22 18 21 
3 20 13 23 
4 27 18 20 26 
4 21 19 14 24 
3 26 23 25 
4 29 24 15 28 
3 31 22 24 
4 32 11 17 22 
3 34 25 7 
3 30 31 25 
3 34 33 29 
3 32 26 29 
4 34 27 31 33 
3 34 32 30 
6 4 8 32 33 30 28 
