300
0 22 8308
1 310 7576
2 376 7230
3 392 5064
4 416 8212
5 472 7826
6 710 5264
7 778 5292
8 1120 7784
9 1324 7750
10 1406 8626
11 1460 7408
12 1470 3888
13 1634 3868
14 1764 4098
15 1900 8352
16 1954 3696
17 2006 3786
18 2044 3474
19 2104 3328
20 2174 6620
21 2344 3678
22 2372 3800
23 2534 3436
24 2712 3372
25 2758 6414
26 2990 8930
27 3460 5730
28 3570 5920
29 3624 5820
30 3628 3520
31 3874 3204
32 3940 2330
33 3964 3204
34 4170 6120
35 4212 1818
36 4306 9290
37 4912 4216
38 5262 3094
39 5284 3048
40 5380 4346
41 5470 9352
42 5570 6398
43 5622 5622
44 5660 7608
45 5714 5424
46 5720 5436
47 5750 5530
48 6082 8074
49 6160 6358
50 6194 8202
51 6238 3224
52 6250 3290
53 6296 7990
54 6306 7936
55 6386 3164
56 6416 3536
57 6418 8592
58 6522 3138
59 6542 3160
60 6650 8176
61 6660 3616
62 6740 3230
63 6814 8040
64 6832 8028
65 6938 6528
66 6946 8036
67 6988 660
68 7018 4740
69 7040 2988
70 7386 2130
71 7550 1460
72 7654 4450
73 7756 5270
74 7846 1798
75 7926 3482
76 7958 8474
77 7964 4224
78 7978 2730
79 8004 3334
80 8008 7808
81 8020 4144
82 8026 3476
83 8060 3462
84 8064 4382
85 8086 3504
86 8164 4356
87 8168 5988
88 8206 7464
89 8212 7462
90 8212 8670
91 8256 4456
92 8348 5896
93 8394 2214
94 8410 5912
95 8438 2420
96 8572 2648
97 8658 3268
98 8668 7214
99 8688 7926
100 8710 3288
101 8728 3524
102 8740 3170
103 8744 2488
104 8784 3768
105 8800 4090
106 9004 2512
107 9006 2580
108 9014 4518
109 9016 7278
110 9070 6992
111 9086 4512
112 9158 7046
113 9162 4204
114 9270 6954
115 9284 7068
116 9426 6158
117 9464 3700
118 9508 3312
119 9560 4876
120 9574 3982
121 9616 2648
122 9764 2690
123 9766 5688
124 9786 7030
125 9816 2700
126 9878 5974
127 9918 2606
128 9966 3992
129 10012 4918
130 10072 6514
131 10080 2438
132 10144 6042
133 10176 2524
134 10184 3250
135 10222 6854
136 10230 4156
137 10324 6474
138 10354 7336
139 10378 5164
140 10382 2638
141 10400 5614
142 10446 2662
143 10486 5780
144 10488 4882
145 10530 4072
146 10568 2906
147 10602 6352
148 10630 6646
149 10648 2676
150 10654 6834
151 10666 6200
152 10722 6588
153 10738 3338
154 10772 6182
155 10834 6114
156 10974 5104
157 11032 5058
158 11244 5648
159 11266 5222
160 11290 6050
161 11344 2704
162 11348 6010
163 11354 2780
164 11360 6514
165 11406 3282
166 11446 4870
167 11460 5672
168 11488 3902
169 11496 5464
170 11528 5056
171 11530 5590
172 11610 6246
173 11646 4128
174 11648 5904
175 11770 5304
176 11848 5388
177 11868 6250
178 11882 5402
179 11902 4762
180 11920 4958
181 11934 3622
182 11940 3088
183 11962 4724
184 11972 5522
185 12026 4328
186 12030 3834
187 12048 3766
188 12070 3850
189 12078 3290
190 12122 3410
191 12124 6210
192 12126 5536
193 12156 6088
194 12190 6492
195 12198 6158
196 12218 8444
197 12228 4594
198 12318 5448
199 12334 2692
200 12344 4716
201 12390 2232
202 12418 2018
203 12436 5298
204 12444 4164
205 12528 4046
206 12540 3158
207 12580 5964
208 12590 5892
209 12626 5796
210 12650 6030
211 12658 1424
212 12660 1532
213 12672 5042
214 12734 5776
215 12754 6670
216 12760 4274
217 12766 4278
218 12796 4180
219 12816 8106
220 12830 4912
221 12870 3616
222 12888 3166
223 12896 6568
224 12926 6922
225 12936 5966
226 12944 6458
227 12948 2100
228 12980 3598
229 13006 1960
230 13014 4480
231 13038 6136
232 13046 4124
233 13060 5642
234 13084 1572
235 13104 4298
236 13112 1564
237 13142 5850
238 13158 5604
239 13166 1516
240 13174 6202
241 13180 3758
242 13184 4430
243 13200 3446
244 13232 6682
245 13242 5548
246 13264 5574
247 13286 6500
248 13330 4140
249 13332 5786
250 13376 238
251 13392 6790
252 13448 4064
253 13448 4190
254 13466 3720
255 13482 5682
256 13490 3714
257 13518 4342
258 13546 4368
259 13562 9000
260 13586 3868
261 13626 6436
262 13822 5388
263 13954 6478
264 14024 5726
265 14116 5120
266 14202 4100
267 14214 5534
268 14234 5438
269 14240 5396
270 14250 4690
271 14252 6602
272 14264 5696
273 14274 5366
274 14534 4974
275 14544 5626
276 14544 5752
277 14550 5674
278 14672 6298
279 14698 6984
280 14700 5668
281 14704 5464
282 14726 5614
283 14742 7144
284 14780 5288
285 14782 5284
286 14952 5958
287 15240 5818
288 15250 5834
289 15342 7496
290 15416 6096
291 15430 6152
292 15504 8128
293 15630 7624
294 15736 6310
295 15762 6540
296 15856 6914
297 15876 6152
298 15906 6268
299 16980 7814
4 10 3 1 4 
3 5 0 2 
3 1 6 7 
3 6 0 12 
3 10 0 5 
3 4 1 8 
3 7 2 3 
5 20 11 2 6 14 
3 10 5 9 
3 15 8 11 
6 26 36 0 4 8 15 
3 9 7 20 
4 3 19 18 13 
3 14 12 16 
4 7 13 17 22 
3 26 10 9 
3 17 13 18 
3 14 16 21 
3 16 12 19 
6 24 23 18 12 35 32 
3 11 7 25 
3 22 17 23 
3 27 14 21 
3 21 19 24 
4 30 23 19 31 
4 20 27 28 34 
3 36 10 15 
3 29 25 22 
3 34 25 29 
3 28 27 37 
3 37 24 33 
3 33 24 32 
4 39 31 19 35 
3 30 31 38 
5 42 44 25 28 43 
3 32 19 67 
3 41 10 26 
3 40 29 30 
4 51 52 33 39 
3 38 32 67 
3 45 37 56 
5 36 50 57 90 259 
4 44 34 43 49 
4 42 34 45 47 
4 48 34 42 49 
3 46 43 40 
3 47 45 68 
3 43 46 68 
3 50 44 54 
3 44 42 68 
4 41 48 53 60 
3 52 38 55 
3 56 38 51 
3 60 50 54 
5 64 63 53 48 65 
4 51 70 58 59 
4 61 40 52 62 
3 41 60 76 
3 59 55 70 
3 62 55 58 
4 57 50 53 63 
4 72 68 56 69 
3 56 59 69 
3 60 54 64 
3 66 63 54 
5 80 66 54 68 87 
3 76 64 65 
5 131 71 39 35 250 
6 73 65 49 47 46 61 
6 79 75 61 62 70 78 
5 69 58 55 71 74 
3 74 70 67 
3 73 61 77 
4 92 68 72 84 
3 93 70 71 
3 77 69 82 
4 90 57 66 80 
5 86 84 72 75 81 
4 97 69 95 96 
3 83 69 97 
3 76 65 88 
3 77 85 105 
3 85 75 83 
3 85 82 79 
3 91 73 77 
4 81 82 83 97 
3 91 77 105 
5 98 89 88 65 92 
3 80 87 89 
3 99 88 87 
4 41 76 99 196 
4 108 92 84 86 
4 94 87 73 91 
3 106 95 74 
4 116 110 92 108 
3 103 78 93 
3 102 78 103 
5 100 101 85 79 78 
4 109 99 87 110 
5 90 89 98 109 138 
3 101 97 102 
3 104 97 100 
3 118 100 96 
4 106 107 96 95 
3 105 101 117 
4 113 86 81 104 
4 121 107 103 93 
3 118 103 106 
3 94 91 111 
4 99 98 112 115 
3 112 98 94 
3 119 108 113 
3 109 110 114 
3 111 105 120 
3 115 112 116 
3 109 114 124 
4 130 114 94 123 
4 128 120 104 118 
4 117 102 107 122 
3 129 123 111 
3 128 113 117 
3 122 106 131 
3 125 118 121 
5 132 126 116 119 141 
3 138 115 135 
3 134 122 127 
3 132 130 123 
3 125 131 133 
4 145 136 120 117 
3 139 119 136 
4 135 116 126 137 
5 133 127 121 67 211 
4 147 137 126 123 
3 140 127 131 
3 153 145 125 
4 138 124 130 150 
4 144 129 128 145 
3 148 130 132 
4 196 99 124 135 
4 141 129 144 156 
3 142 146 133 
3 143 123 139 
3 149 146 140 
3 151 141 158 
4 157 156 139 136 
5 166 157 136 128 134 
4 153 140 142 163 
3 148 132 151 
3 150 137 147 
3 161 163 142 
4 196 135 148 152 
3 147 143 154 
3 150 154 164 
4 168 134 146 165 
3 152 151 155 
3 154 158 160 
3 159 139 144 
3 159 144 145 
6 167 162 155 143 159 169 
4 158 156 157 166 
3 164 155 162 
4 163 149 202 201 
3 172 160 158 
4 182 146 149 161 
4 196 152 160 172 
3 181 153 182 
4 170 159 145 179 
3 174 158 171 
3 173 153 181 
3 171 158 170 
3 175 169 166 
4 167 169 176 184 
4 177 164 162 174 
3 185 179 168 
3 193 172 167 
3 176 170 180 
3 178 171 175 
3 194 172 191 
3 198 184 176 
4 180 166 173 185 
5 203 198 175 179 183 
4 186 168 165 189 
4 189 165 163 199 
4 180 185 197 200 
3 192 171 178 
5 197 183 179 173 186 
4 188 185 181 187 
3 188 186 190 
3 204 186 187 
4 190 181 182 206 
3 205 187 189 
3 194 177 193 
4 208 193 184 198 
4 195 191 174 192 
5 215 196 177 191 195 
4 194 193 207 210 
7 259 90 138 150 164 194 219 
3 200 183 185 
4 209 192 178 180 
4 222 206 182 201 
4 213 183 197 204 
3 199 161 202 
4 227 201 161 212 
3 233 214 180 
4 216 200 188 205 
3 218 204 190 
3 221 189 199 
3 210 195 208 
3 207 192 209 
3 208 198 214 
3 195 207 225 
3 212 131 250 
3 234 202 211 
3 238 200 220 
3 225 209 203 
3 224 194 223 
3 217 204 218 
3 235 230 216 
4 216 205 221 232 
3 259 196 224 
3 245 213 230 
3 218 206 228 
3 243 199 227 
3 244 215 226 
3 219 215 251 
4 231 210 214 233 
3 247 223 231 
4 243 222 202 229 
3 241 221 243 
4 266 227 234 236 
3 220 217 242 
4 240 226 225 237 
3 235 218 241 
3 225 203 238 
3 229 212 236 
3 242 217 232 
3 229 234 239 
3 231 238 249 
4 237 233 213 245 
3 266 236 250 
3 261 231 249 
5 252 248 232 228 243 
4 230 235 248 257 
6 256 254 241 228 222 227 
3 251 223 247 
3 246 238 220 
3 255 249 245 
3 244 226 261 
3 253 242 241 
4 240 237 246 255 
5 299 297 239 211 67 
3 283 224 244 
3 253 241 260 
3 257 248 252 
3 260 243 256 
4 264 249 246 262 
3 266 254 243 
3 258 242 253 
4 270 265 262 257 
5 41 196 219 292 299 
3 266 252 254 
3 263 247 240 
3 264 255 258 
3 271 261 264 
5 263 255 262 267 272 
3 269 258 274 
7 285 274 270 260 256 229 239 
4 275 272 264 268 
3 267 269 273 
3 268 265 273 
3 274 258 266 
3 279 263 278 
3 276 264 267 
3 268 269 274 
5 284 273 265 270 266 
3 277 267 281 
3 286 272 277 
3 276 275 280 
3 279 271 286 
6 283 271 278 291 295 296 
3 286 277 282 
3 282 275 284 
3 286 280 281 
3 289 251 279 
4 287 281 274 285 
3 297 284 266 
5 278 276 280 282 288 
3 297 288 284 
3 290 286 287 
3 293 292 283 
3 297 291 288 
3 294 279 290 
4 259 289 293 299 
3 299 292 289 
3 295 291 298 
3 296 279 294 
3 299 279 295 
6 299 298 290 287 285 250 
3 299 294 297 
7 259 292 293 296 298 297 250 
