400
0 246 6874
1 252 6286
2 286 8344
3 336 7180
4 356 5768
5 368 8274
6 456 4832
7 464 7202
8 528 7948
9 570 7916
10 610 5082
11 618 4878
12 628 5030
13 630 4752
14 670 4856
15 708 4916
16 720 7216
17 790 6778
18 814 5172
19 858 5230
20 878 5170
21 1002 4766
22 1008 4768
23 1068 4034
24 1074 7538
25 1268 5414
26 1284 5376
27 1746 3696
28 1798 3710
29 1824 3662
30 1928 3588
31 1982 7836
32 1986 3890
33 2002 3804
34 2026 3682
35 2056 3370
36 2076 3600
37 2302 5832
38 2316 6658
39 2346 8258
40 2598 4420
41 2694 9524
42 2980 7638
43 3084 9546
44 3096 9454
45 3134 4676
46 3308 9334
47 3574 5794
48 3576 6602
49 3620 5930
50 3622 3584
51 3624 3652
52 3634 5822
53 3962 8580
54 4016 8572
55 4106 4510
56 4292 3444
57 4302 9154
58 4314 4420
59 4606 7284
60 4636 6052
61 4710 9384
62 4822 1204
63 5074 9164
64 5180 9178
65 5188 4136
66 5236 9186
67 5238 9198
68 5450 9432
69 5672 5542
70 5684 5720
71 5736 5428
72 5774 5666
73 5780 5238
74 5802 8738
75 5828 9412
76 5836 8740
77 6062 8788
78 6114 7932
79 6118 1228
80 6192 2018
81 6196 8036
82 6226 7998
83 6234 7662
84 6248 3380
85 6332 268
86 6396 6928
87 6432 4366
88 6458 8932
89 6494 4376
90 6508 270
91 6580 3164
92 6618 668
93 6710 4944
94 6750 4570
95 6886 1170
96 7206 4884
97 7206 8530
98 7308 6778
99 7322 8978
100 7400 2116
101 7494 1484
102 7570 2372
103 7616 4090
104 7632 2444
105 7684 5782
106 7688 5824
107 7714 1422
108 7720 2204
109 7802 6572
110 7850 2244
111 7854 4590
112 7900 7390
113 7918 5860
114 7952 3362
115 7992 4838
116 8010 3362
117 8036 2988
118 8068 8536
119 8080 4496
120 8080 8480
121 8204 3246
122 8206 3454
123 8218 7880
124 8230 5994
125 8286 5928
126 8306 2598
127 8360 5920
128 8386 2640
129 8400 5904
130 8402 4074
131 8406 5890
132 8530 2272
133 8638 5140
134 8646 2578
135 8664 2398
136 8664 4750
137 8664 7818
138 8712 5276
139 8720 5364
140 8734 4614
141 8760 7470
142 8790 7256
143 8838 6402
144 8842 6858
145 9010 5804
146 9014 2598
147 9024 2624
148 9034 2574
149 9048 7760
150 9074 5280
151 9078 3294
152 9094 6060
153 9122 7134
154 9130 6064
155 9134 4686
156 9208 4674
157 9242 4432
158 9304 3888
159 9362 4990
160 9402 3150
161 9464 2614
162 9472 5852
163 9520 4694
164 9578 6098
165 9582 2884
166 9634 2546
167 9660 4162
168 9790 4706
169 9832 2736
170 9898 5116
171 9902 5090
172 9968 2650
173 9982 2452
174 10014 4866
175 10032 4374
176 10040 2700
177 10062 2524
178 10062 5230
179 10064 6008
180 10136 3258
181 10178 5228
182 10186 2680
183 10186 3484
184 10202 2466
185 10210 5190
186 10246 5288
187 10270 2654
188 10286 2634
189 10302 5364
190 10306 6260
191 10312 4240
192 10424 3024
193 10482 6570
194 10508 2672
195 10538 4198
196 10554 2690
197 10596 7232
198 10612 4192
199 10664 4908
200 10702 5960
201 10706 4546
202 10710 6524
203 10724 3948
204 10742 6168
205 10752 6148
206 10768 6020
207 10822 6886
208 10824 3002
209 10826 6650
210 10834 6040
211 10854 6056
212 10856 5498
213 10864 6782
214 10910 6150
215 10978 4942
216 10992 2660
217 11068 4274
218 11156 4382
219 11174 4364
220 11208 4324
221 11224 6134
222 11248 4010
223 11254 3346
224 11270 4332
225 11290 5778
226 11302 5470
227 11318 6552
228 11326 6906
229 11336 6090
230 11338 5434
231 11348 5544
232 11352 3624
233 11356 6400
234 11414 5516
235 11452 4124
236 11460 2954
237 11542 2846
238 11568 5498
239 11592 4070
240 11596 4094
241 11614 3762
242 11624 5886
243 11634 5778
244 11658 6248
245 11674 6542
246 11786 2732
247 11786 4322
248 11816 4832
249 11818 6396
250 11824 3774
251 11836 4318
252 11870 4212
253 11880 3528
254 11896 3558
255 11932 5412
256 11936 4948
257 11954 4530
258 11970 5290
259 12000 3870
260 12004 4290
261 12020 3832
262 12026 4360
263 12062 3190
264 12072 3344
265 12084 3296
266 12092 6288
267 12094 6466
268 12132 4488
269 12196 5544
270 12212 2816
271 12216 2802
272 12218 6312
273 12222 6304
274 12260 5656
275 12260 5730
276 12264 5626
277 12268 5538
278 12310 4692
279 12320 6272
280 12372 6198
281 12392 3902
282 12402 3894
283 12408 4278
284 12456 3908
285 12462 4032
286 12484 4662
287 12496 5064
288 12514 1916
289 12536 3960
290 12540 1958
291 12540 4134
292 12548 4018
293 12556 1908
294 12570 2438
295 12572 3600
296 12574 3586
297 12596 498
298 12644 5810
299 12662 5890
300 12684 3582
301 12696 2096
302 12714 3624
303 12768 4964
304 12770 2156
305 12780 2204
306 12796 2210
307 12800 4258
308 12806 4278
309 12810 8110
310 12824 4210
311 12828 5810
312 12844 2120
313 12854 2122
314 12866 4220
315 12874 3252
316 12942 3840
317 12944 2164
318 12956 5532
319 12970 5570
320 13024 5910
321 13032 4198
322 13084 1412
323 13150 4374
324 13156 4164
325 13164 6736
326 13198 5692
327 13202 3832
328 13220 3968
329 13232 4648
330 13234 5620
331 13312 5654
332 13316 6614
333 13332 6640
334 13378 6788
335 13424 6644
336 13498 6706
337 13502 4140
338 13510 6466
339 13522 6448
340 13532 4070
341 13552 4192
342 13672 8034
343 13700 3750
344 13726 5822
345 13834 3834
346 13876 8472
347 13916 4854
348 13970 4508
349 13974 4230
350 14046 5146
351 14062 5434
352 14092 5302
353 14098 5272
354 14124 5912
355 14162 5296
356 14178 5332
357 14184 6820
358 14214 5558
359 14264 4664
360 14270 4616
361 14292 5698
362 14298 5546
363 14328 5624
364 14388 5190
365 14394 5890
366 14404 5800
367 14408 5396
368 14456 5440
369 14466 5418
370 14516 5050
371 14550 5588
372 14596 7190
373 14632 6024
374 14732 5244
375 14742 5512
376 14762 5258
377 14806 6070
378 14890 5964
379 14954 5786
380 15020 6410
381 15030 5912
382 15050 5822
383 15116 5808
384 15190 5770
385 15284 6028
386 15390 5944
387 15408 5802
388 15704 6314
389 15704 6442
390 15708 8118
391 15728 6228
392 15766 6380
393 15796 7636
394 15820 7576
395 15846 6128
396 15856 7590
397 15866 8110
398 16194 6096
399 16554 6996
4 3 2 1 17 
3 0 6 4 
3 41 0 5 
3 7 8 0 
4 1 6 10 19 
4 2 8 31 39 
5 11 4 1 23 13 
3 16 9 3 
3 5 3 9 
3 8 7 24 
3 19 4 12 
4 15 12 6 14 
3 18 10 11 
3 14 6 23 
3 11 13 21 
3 18 11 21 
3 24 7 17 
3 16 0 25 
3 19 12 15 
5 25 4 10 18 20 
3 26 19 22 
4 22 15 14 23 
3 20 21 32 
6 21 13 6 62 35 27 
3 31 9 16 
3 17 19 26 
4 37 25 20 40 
4 28 23 35 29 
4 33 32 27 29 
3 28 27 30 
4 36 34 29 35 
4 5 24 38 42 
3 40 22 28 
3 40 28 34 
3 33 30 36 
4 30 27 23 62 
3 34 30 50 
3 49 38 26 
3 31 37 48 
4 53 44 5 42 
4 45 26 32 33 
2 43 2 
3 39 31 59 
4 41 44 61 68 
3 43 39 46 
3 47 40 51 
3 44 53 57 
3 52 49 45 
4 59 38 49 60 
4 48 37 47 52 
3 51 36 56 
3 55 45 50 
4 60 49 47 55 
3 46 39 54 
4 63 57 53 59 
3 52 51 58 
4 58 50 80 84 
4 63 61 46 54 
3 55 56 65 
6 83 78 54 42 48 86 
4 48 52 69 70 
3 68 43 57 
4 79 35 23 85 
3 64 57 54 
4 66 67 63 74 
3 73 58 84 
3 67 64 74 
3 68 64 66 
4 43 61 67 75 
3 72 60 71 
3 86 60 72 
3 72 69 73 
4 106 70 69 71 
4 71 65 87 93 
4 76 66 64 81 
4 68 88 99 346 
3 77 74 81 
3 88 76 81 
4 82 81 59 83 
3 80 62 92 
4 100 56 79 95 
5 77 76 74 78 82 
3 97 81 78 
4 78 59 98 112 
5 89 87 65 56 91 
3 90 92 62 
3 59 70 98 
3 89 73 84 
3 99 75 77 
3 94 87 84 
2 297 85 
3 114 84 102 
4 107 95 79 85 
4 105 73 94 96 
3 93 89 103 
3 101 80 92 
3 93 111 115 
4 99 82 123 120 
3 83 86 109 
5 75 88 97 118 309 
3 102 80 101 
4 108 100 95 107 
3 104 91 100 
6 119 111 94 114 122 130 
3 117 102 108 
3 106 93 115 
3 113 72 105 
5 173 132 110 101 92 
3 110 104 101 
3 112 98 124 
3 126 108 107 
3 115 96 103 
3 123 83 109 
4 125 124 106 115 
3 116 103 91 
5 113 105 96 111 119 
3 122 114 121 
4 121 104 126 128 
4 99 120 149 309 
4 140 136 115 103 
3 118 97 137 
4 122 116 117 134 
4 103 116 121 151 
4 97 112 141 137 
3 109 113 125 
3 124 113 127 
4 128 117 110 132 
3 143 125 129 
3 117 126 134 
3 143 127 131 
3 157 103 158 
4 152 129 133 139 
3 135 126 107 
3 138 131 136 
4 146 121 128 135 
3 148 134 132 
4 133 119 140 155 
3 120 123 149 
3 150 139 133 
3 145 131 138 
3 136 119 157 
3 149 123 142 
3 141 144 153 
5 144 127 129 152 154 
3 153 142 143 
3 154 139 150 
3 147 134 148 
4 160 151 146 161 
3 146 135 166 
5 118 137 141 153 197 
4 145 138 155 159 
3 158 122 147 
3 154 143 131 
4 149 142 144 193 
5 164 143 152 145 162 
3 150 136 156 
3 163 155 157 
5 156 140 130 158 167 
4 157 130 151 160 
3 171 150 163 
3 158 147 165 
3 165 147 166 
4 179 154 170 178 
3 168 159 156 
3 190 154 179 
3 160 161 169 
3 161 148 173 
4 175 168 157 183 
3 171 163 167 
3 180 165 172 
3 178 162 171 
4 170 159 168 174 
3 176 169 173 
5 177 172 166 107 297 
3 199 171 175 
3 174 167 191 
3 192 172 182 
3 182 173 184 
4 162 170 185 181 
3 164 162 200 
3 183 169 192 
3 186 178 185 
4 192 176 177 187 
4 191 167 180 192 
4 194 188 177 297 
4 186 181 178 199 
3 189 181 185 
3 194 182 188 
3 194 187 184 
3 200 186 199 
3 193 164 200 
3 175 183 195 
6 183 180 176 182 196 208 
3 153 190 202 
4 196 187 188 184 
3 191 203 198 
3 192 194 216 
3 309 149 207 
3 201 195 203 
5 212 189 185 174 201 
5 206 204 190 179 189 
5 215 199 198 217 218 
3 209 193 204 
4 198 195 208 223 
3 202 200 205 
3 204 206 210 
3 210 205 200 
3 228 197 213 
3 203 192 236 
3 213 202 214 
4 211 205 206 212 
3 214 210 225 
4 210 199 215 226 
3 207 209 227 
3 209 211 221 
3 230 212 201 
3 237 196 288 
3 220 201 222 
3 248 201 219 
3 218 220 224 
3 224 219 217 
3 233 214 229 
4 235 217 232 241 
3 232 203 236 
3 219 220 247 
3 242 211 231 
3 231 212 230 
3 213 233 245 
4 309 207 245 267 
3 233 221 242 
3 234 226 215 
3 225 226 234 
3 222 223 253 
4 227 221 229 244 
3 231 230 238 
4 247 222 239 240 
3 223 208 237 
3 236 216 246 
3 243 234 258 
4 240 235 241 250 
3 252 235 239 
3 239 222 253 
5 266 244 229 225 243 
4 242 238 255 275 
3 249 233 242 
3 228 227 249 
4 271 263 237 288 
5 257 248 224 235 251 
3 256 218 247 
3 245 244 266 
3 259 239 254 
4 262 247 252 260 
3 251 240 259 
4 254 241 232 264 
4 261 250 253 264 
3 269 243 258 
4 258 248 257 278 
3 256 247 268 
4 277 255 238 256 
4 281 252 250 261 
3 262 251 281 
3 282 259 254 
3 268 251 260 
3 265 246 270 
4 295 254 253 265 
3 296 264 263 
3 273 249 242 
3 325 228 272 
3 278 257 262 
3 274 255 277 
3 315 263 271 
3 270 246 294 
3 267 273 279 
3 272 266 280 
3 275 269 276 
3 280 243 274 
3 298 274 277 
4 276 269 258 287 
4 256 268 283 286 
3 325 272 280 
4 279 273 275 299 
4 285 260 259 282 
4 284 281 261 295 
3 278 285 291 
3 289 282 295 
3 283 281 292 
3 287 278 308 
4 318 277 286 303 
5 290 246 216 322 293 
3 292 284 302 
3 301 294 288 
3 307 283 292 
4 310 291 285 289 
3 301 288 322 
5 315 271 290 305 306 
5 284 282 264 296 300 
3 295 265 315 
5 398 322 184 173 90 
3 311 299 276 
3 320 280 298 
3 302 295 315 
4 304 305 290 293 
3 316 289 300 
3 318 287 308 
3 306 301 312 
3 306 294 301 
4 294 305 304 317 
4 308 291 310 314 
4 329 303 286 307 
7 99 118 197 228 325 334 342 
3 314 307 292 
3 320 298 319 
3 313 304 322 
3 317 312 322 
4 307 310 316 321 
5 327 300 296 270 294 
3 328 314 302 
5 345 343 306 313 322 
3 319 287 303 
3 330 311 318 
7 339 338 332 299 311 326 344 
3 323 314 324 
7 398 317 313 312 293 288 297 
3 329 321 341 
3 321 328 337 
5 309 267 279 332 333 
3 320 330 331 
3 340 328 315 
4 340 324 316 327 
4 347 330 308 323 
4 331 326 319 329 
5 344 326 330 347 350 
3 333 325 320 
3 335 325 332 
3 309 335 336 
3 334 333 338 
3 357 334 338 
3 341 324 340 
4 336 335 320 339 
3 357 338 320 
4 337 328 327 343 
3 349 323 337 
3 346 309 357 
3 345 340 317 
4 354 320 331 351 
4 360 349 343 317 
5 75 342 372 390 397 
4 331 329 348 359 
3 359 347 349 
4 360 348 341 345 
3 353 331 359 
3 354 344 352 
3 356 351 353 
3 355 352 350 
6 357 344 351 358 361 365 
3 356 353 364 
4 367 358 352 355 
5 342 336 339 354 380 
3 354 356 362 
5 370 350 347 348 360 
4 376 359 349 345 
3 365 354 363 
3 363 358 367 
3 366 361 362 
3 367 355 370 
4 373 354 361 366 
3 373 365 363 
5 369 368 362 356 364 
3 371 367 369 
3 375 368 367 
3 374 364 359 
3 373 368 375 
4 393 390 346 380 
5 377 380 365 366 371 
3 376 375 370 
4 379 371 369 374 
4 387 384 374 360 
3 380 373 378 
3 380 377 379 
4 382 381 378 375 
8 389 372 357 373 377 378 381 385 
3 380 379 382 
3 381 379 383 
3 385 382 384 
3 386 383 376 
5 391 388 380 383 386 
4 395 385 384 387 
3 398 386 376 
3 389 385 391 
4 394 380 388 392 
3 346 372 397 
4 392 388 385 395 
3 389 391 398 
4 397 372 394 396 
3 393 389 399 
3 391 386 398 
3 397 393 399 
5 346 390 393 396 399 
6 399 392 395 387 322 297 
4 397 396 394 398 
