50
0 348 1882
1 806 5710
2 904 370
3 1066 5390
4 1958 3522
5 2106 6462
6 2140 1218
7 2150 2206
8 2346 6372
9 2460 392
10 2470 4522
11 2678 1674
12 3092 4648
13 3448 1930
14 3448 3394
15 3688 1800
16 3724 3054
17 3848 2154
18 4170 4414
19 4354 4628
20 4442 3308
21 4536 4728
22 4972 4342
23 4990 2964
24 5032 4546
25 5070 2256
26 5100 4874
27 5264 2564
28 5546 1230
29 5670 2554
30 6014 2792
31 6084 6996
32 6092 3948
33 6352 2362
34 6652 4596
35 6892 1658
36 7346 5202
37 7568 4568
38 7626 670
39 8034 3258
40 8370 1372
41 8404 6968
42 8562 5482
43 8678 3454
44 9154 4786
45 9342 2006
46 9546 722
47 10002 602
48 12234 3188
49 12788 1548
2 1 2
4 0 2 3 5
5 0 1 3 6 9
5 1 2 4 5 6
3 3 5 6
7 1 3 4 6 7 8 31
6 2 3 4 5 7 9
4 5 6 8 9
5 5 7 9 10 31
8 2 6 7 8 10 11 38 47
5 8 9 11 12 31
7 9 10 12 13 15 28 38
6 10 11 13 14 18 31
4 11 12 14 15
5 12 13 15 16 18
6 11 13 14 16 17 28
4 14 15 17 18
5 15 16 18 20 28
7 12 14 16 17 19 20 31
4 18 20 21 31
6 17 18 19 21 25 28
7 19 20 22 23 25 26 31
4 21 23 24 26
4 21 22 24 25
4 22 23 25 26
7 20 21 23 24 26 27 28
6 21 22 24 25 27 31
4 25 26 28 31
9 11 15 17 20 25 27 29 31 38
4 28 30 31 38
5 29 31 32 33 38
14 5 8 10 12 18 19 21 26 27 28 29 30 32 41
5 30 31 33 34 41
5 30 32 34 35 38
5 32 33 35 36 41
4 33 34 36 38
5 34 35 37 38 41
3 36 38 41
14 9 11 28 29 30 33 35 36 37 39 40 41 46 47
3 38 40 41
5 38 39 41 43 46
11 31 32 34 36 37 38 39 40 42 43 48
4 41 43 44 48
6 40 41 42 44 45 46
4 42 43 45 48
4 43 44 46 48
6 38 40 43 45 47 48
5 9 38 46 48 49
7 41 42 44 45 46 47 49
2 47 48
