100
0 370 1954
1 388 834
2 438 1546
3 490 4762
4 532 1570
5 702 2188
6 706 5500
7 932 344
8 1012 1624
9 1138 166
10 1242 382
11 1778 5896
12 2264 3376
13 2294 4822
14 2332 2110
15 2482 2208
16 2540 5550
17 2562 5306
18 2636 5214
19 2718 5180
20 2730 616
21 2736 4882
22 2794 1026
23 3170 2108
24 3496 1588
25 3610 3478
26 3642 3894
27 3730 2666
28 3778 3854
29 3846 3844
30 3968 4572
31 4276 4824
32 4298 4570
33 4460 4140
34 4606 4408
35 4620 62
36 4624 4646
37 4738 5030
38 4892 3792
39 5064 4552
40 5186 2358
41 5378 4702
42 5514 2736
43 5536 4106
44 5570 6700
45 5634 282
46 5938 2878
47 5974 3738
48 6010 6032
49 6030 4168
50 6180 3974
51 6268 2266
52 6452 2656
53 6472 4420
54 6592 2550
55 6604 2742
56 6628 2466
57 7016 4968
58 7158 438
59 7276 1746
60 7284 1466
61 7718 1326
62 7740 3290
63 7768 4370
64 7776 3792
65 7934 824
66 7980 6912
67 7990 3630
68 7992 4492
69 8054 7176
70 8228 4748
71 8458 4158
72 8476 4338
73 8528 6940
74 8634 4248
75 8672 4402
76 8878 4342
77 9226 4338
78 9606 5006
79 9856 244
80 10144 616
81 10352 6996
82 10410 3504
83 10498 2246
84 10796 6798
85 10812 2542
86 10962 7018
87 11366 1610
88 11584 2498
89 11596 4286
90 11696 982
91 11782 4770
92 11830 1434
93 11856 780
94 11872 1444
95 12068 4356
96 12094 7158
97 12104 7196
98 12236 4332
99 12450 6878
2 1 3
4 0 2 3 7
4 1 3 4 7
5 0 1 2 4 6
5 2 3 5 6 7
3 4 6 7
6 3 4 5 7 8 11
7 1 2 4 5 6 8 9
4 6 7 9 11
5 7 8 10 11 35
5 9 11 14 20 35
9 6 8 9 10 12 13 14 16 44
3 11 13 14
4 11 12 14 16
7 10 11 12 13 15 16 20
3 14 16 20
7 11 13 14 15 17 20 44
4 16 18 20 44
4 17 19 20 44
4 18 20 21 44
10 10 14 15 16 17 18 19 21 22 35
6 19 20 22 26 30 44
6 20 21 23 24 26 35
4 22 24 25 26
5 22 23 25 27 35
4 23 24 26 27
7 21 22 23 25 27 28 30
5 24 25 26 28 35
5 26 27 29 30 35
3 28 30 35
7 21 26 28 29 31 35 44
4 30 32 35 44
5 31 33 35 37 44
5 32 34 35 36 37
3 33 35 36
16 9 10 20 22 24 27 28 29 30 31 32 33 34 36 45 79
7 33 34 35 37 38 40 45
6 32 33 36 38 39 44
4 36 37 39 40
5 37 38 40 41 44
5 36 38 39 41 45
5 39 40 42 44 45
4 41 43 44 45
3 42 44 45
17 11 16 17 18 19 21 30 31 32 37 39 41 42 43 45 48 69
11 35 36 40 41 42 43 44 46 48 58 79
5 45 47 48 51 58
4 46 48 49 51
6 44 45 46 47 49 69
5 47 48 50 51 69
4 49 51 53 69
7 46 47 49 50 52 53 58
4 51 53 54 58
7 50 51 52 54 55 57 69
5 52 53 55 56 58
4 53 54 56 57
4 54 55 57 58
7 53 55 56 58 59 66 69
11 45 46 51 52 54 56 57 59 60 65 79
4 57 58 60 66
7 58 59 61 62 63 65 66
3 60 62 65
5 60 61 63 64 65
4 60 62 64 66
4 62 63 65 66
8 58 60 61 62 64 66 67 79
9 57 59 60 63 64 65 67 68 69
4 65 66 68 79
5 66 67 69 70 79
11 44 48 49 50 53 57 66 68 70 73 97
5 68 69 71 73 79
4 70 72 73 79
4 71 73 74 79
8 69 70 71 72 74 75 81 97
4 72 73 75 79
5 73 74 76 79 81
4 75 77 79 81
4 76 78 79 81
3 77 79 81
17 35 45 58 65 67 68 70 71 72 74 75 76 77 78 80 81 93
5 79 81 82 83 93
11 73 75 76 77 78 79 80 82 84 86 97
4 80 81 83 84
6 80 82 84 85 90 93
5 81 82 83 85 86
5 83 84 86 87 90
7 81 84 85 87 89 96 97
5 85 86 88 89 90
3 87 89 90
6 86 87 88 90 91 96
8 83 85 87 88 89 91 92 93
4 89 90 92 96
5 90 91 93 94 96
7 79 80 83 90 92 94 98
5 92 93 95 96 98
3 94 96 98
8 86 89 91 92 94 95 97 98
7 69 73 81 86 96 98 99
6 93 94 95 96 97 99
2 97 98
