20
0 2102 5260
1 2420 354
2 3906 4366
3 5184 2922
4 5346 4176
5 5550 4142
6 5796 2822
7 6384 2302
8 7084 2732
9 7426 394
10 7672 6734
11 7904 920
12 8124 4912
13 8396 3542
14 8846 1814
15 9216 2630
16 9792 4640
17 10188 4142
18 11108 3318
19 12110 496
3 1 2 10
4 0 2 3 9
5 0 1 3 4 10
5 1 2 4 6 9
5 2 3 5 6 10
3 4 6 10
6 3 4 5 7 9 10
4 6 8 9 10
3 7 9 10
8 1 3 6 7 8 10 11 19
11 0 2 4 5 6 7 8 9 11 12 16
6 9 10 12 13 14 19
4 10 11 13 16
4 11 12 14 16
5 11 13 15 16 19
3 14 16 19
8 10 12 13 14 15 17 18 19
3 16 18 19
3 16 17 19
7 9 11 14 15 16 17 18
