35
0 368 1032
1 400 1498
2 1156 5150
3 2100 6198
4 2624 2960
5 2640 2254
6 2794 5362
7 2922 1052
8 3240 4478
9 3940 4292
10 4276 4648
11 4296 3742
12 4380 4732
13 4488 2386
14 4490 2214
15 4712 6868
16 4734 4490
17 5154 3936
18 5558 2898
19 5572 4156
20 5930 2850
21 5962 2904
22 6742 2992
23 7010 4332
24 7918 3842
25 8066 5096
26 8244 4462
27 8610 4240
28 8786 4564
29 8878 2694
30 8950 4898
31 10274 1518
32 11310 3338
33 11496 1526
34 11688 944
6 1 7 13 14 21 34
4 0 2 5 21
2 1 3
5 2 4 6 8 15
4 3 5 8 11
4 1 4 18 21
6 3 8 9 10 12 16
5 0 14 20 31 34
4 3 4 6 11
3 6 10 11
4 6 9 11 16
5 4 8 9 10 17
3 6 15 19
3 0 14 21
4 0 7 13 20
7 3 12 19 23 25 26 30
4 6 10 17 19
7 11 16 18 19 22 24 29
3 5 17 21
5 12 15 16 17 23
4 7 14 21 22
7 0 1 5 13 18 20 22
4 17 20 21 31
3 15 19 26
3 17 27 29
3 15 26 30
4 15 23 25 27
4 24 26 28 29
3 27 29 30
5 17 24 27 28 31
4 15 25 28 32
4 7 22 29 33
3 30 33 34
3 31 32 34
4 0 7 32 33
