70
0 666 15570
1 1966 6380
2 2090 15832
3 3558 5782
4 3828 5078
5 4152 4216
6 4364 6324
7 4600 11790
8 4758 4092
9 4912 7308
10 4948 4854
11 5342 10024
12 5816 14634
13 5914 5486
14 5944 6626
15 6170 20480
16 7014 9288
17 7106 11460
18 7108 9294
19 8100 7636
20 8210 10280
21 8514 4616
22 8702 13738
23 9242 11568
24 9404 13146
25 9422 6382
26 9940 13724
27 10362 6000
28 10400 12950
29 10758 2108
30 10768 8936
31 11354 13074
32 11390 13696
33 11678 12098
34 12104 7148
35 12158 18932
36 12222 5924
37 12272 11260
38 12342 1184
39 12410 9480
40 12476 6272
41 12480 9064
42 12658 10346
43 12668 14652
44 12696 13676
45 12772 16044
46 13198 10996
47 13300 11516
48 13474 13680
49 13518 10870
50 13850 18786
51 13936 10830
52 13946 11706
53 14036 10810
54 14250 13440
55 14318 12712
56 14482 10982
57 15434 7398
58 15674 15356
59 16486 2282
60 16632 2934
61 17326 9362
62 19136 12628
63 19820 3540
64 20260 13360
65 20546 11356
66 21054 8852
67 21220 12504
68 21362 7576
69 22040 14586
4 1 2 7 15
5 0 3 4 5 9
4 0 7 12 15
4 1 4 6 9
6 1 3 8 10 13 29
3 1 8 38
4 3 13 14 16
4 0 2 11 16
3 4 5 38
4 1 3 11 16
3 4 21 29
3 7 9 16
3 2 15 16
3 4 6 21
3 6 16 21
12 0 2 12 17 18 19 20 22 26 32 35 50
7 6 7 9 11 12 14 18
3 15 18 21
4 15 16 17 21
3 15 20 21
3 15 19 22
8 10 13 14 17 18 19 25 29
5 15 20 23 24 25
5 22 24 27 28 30
3 22 23 26
3 21 22 27
3 15 24 28
4 23 25 29 30
3 23 26 31
10 4 10 21 27 31 33 34 36 38 41
3 23 27 31
4 28 29 30 32
5 15 31 33 35 37
3 29 32 39
3 29 41 49
6 15 32 37 43 45 50
4 29 38 40 49
3 32 35 39
10 5 8 29 36 40 51 53 57 59 60
3 33 37 41
3 36 38 49
7 29 34 39 42 43 44 49
4 41 44 45 46
3 35 41 45
3 41 42 45
9 35 42 43 44 47 48 50 54 58
3 42 47 49
3 45 46 49
3 45 49 55
8 34 36 40 41 46 47 48 52
5 15 35 45 58 69
3 38 52 55
3 49 51 55
3 38 55 56
4 45 55 60 61
6 48 51 52 53 54 56
3 53 55 57
3 38 56 60
3 45 50 62
2 38 63
6 38 54 57 61 63 65
3 54 60 62
3 58 61 64
5 59 60 66 67 68
4 62 65 67 69
3 60 64 67
3 63 67 68
5 63 64 65 66 69
3 63 66 69
4 50 64 67 68
