60
0 1460 3556
1 1830 16620
2 3584 10882
3 3636 4284
4 3996 13292
5 4282 9390
6 4982 8462
7 5002 11276
8 5496 19096
9 5606 10164
10 5654 2524
11 6148 7214
12 6188 17640
13 6902 10282
14 6970 9180
15 7518 12066
16 7620 12264
17 7682 2008
18 8646 9546
19 9080 4682
20 9128 13198
21 9842 10506
22 10064 6190
23 10476 11504
24 10612 11252
25 10690 14298
26 10734 9736
27 10840 4786
28 10972 8276
29 11030 9246
30 11282 13842
31 11320 6470
32 11434 12798
33 11446 5676
34 11910 10718
35 12678 9772
36 13040 13602
37 13110 11590
38 13162 14932
39 13272 11850
40 13450 11002
41 13972 15418
42 14252 11518
43 14544 10540
44 15084 20844
45 15434 13768
46 15564 9800
47 15596 10684
48 15606 10986
49 15808 18024
50 16604 11422
51 16628 10182
52 17204 13096
53 17396 1780
54 18336 9346
55 18910 14252
56 19688 6146
57 20910 964
58 21112 11124
59 21600 8820
4 1 3 10 17
5 0 2 3 4 8
3 1 3 4
6 0 1 2 4 5 10
5 1 2 3 5 8
6 3 4 6 7 8 10
3 5 7 10
4 5 6 8 10
8 1 4 5 7 9 10 12 44
3 8 10 12
10 0 3 5 6 7 8 9 11 12 17
4 10 12 14 17
9 8 9 10 11 13 14 15 16 44
3 12 14 15
5 11 12 13 15 17
5 12 13 14 16 17
6 12 15 17 18 20 44
10 0 10 11 14 15 16 18 19 53 57
4 16 17 19 20
6 17 18 20 22 27 53
7 16 18 19 21 22 25 44
3 20 22 25
6 19 20 21 23 25 27
4 22 24 25 27
4 23 25 26 27
8 20 21 22 23 24 26 30 44
5 24 25 27 28 30
8 19 22 23 24 26 28 33 53
6 26 27 29 30 31 33
3 28 30 31
7 25 26 28 29 31 32 44
5 28 29 30 32 33
6 30 31 33 34 38 44
6 27 28 31 32 34 53
5 32 33 35 38 53
5 34 36 37 38 53
3 35 37 38
6 35 36 38 39 40 53
8 32 34 35 36 37 39 41 44
4 37 38 40 41
6 37 39 41 42 43 53
5 38 39 40 42 44
4 40 41 43 44
5 40 42 44 46 53
16 8 12 16 20 25 30 32 38 41 42 43 45 46 49 55 58
3 44 46 49
6 43 44 45 47 49 53
4 46 48 49 53
3 47 49 53
10 44 45 46 47 48 50 51 52 53 55
3 49 51 52
4 49 50 52 53
5 49 50 51 53 55
18 17 19 27 33 34 35 37 40 43 46 47 48 49 51 52 54 55 57
4 53 55 56 57
7 44 49 52 53 54 56 58
4 54 55 57 58
6 17 53 54 56 58 59
5 44 55 56 57 59
2 57 58
