30
0 126 410
1 140 230
2 208 1342
3 214 1082
4 314 70
5 336 170
6 344 1584
7 372 1382
8 402 664
9 414 388
10 472 32
11 506 1306
12 514 64
13 544 122
14 544 810
15 582 462
16 648 18
17 678 48
18 692 1058
19 724 476
20 756 884
21 812 1578
22 858 136
23 996 844
24 1260 898
25 1410 750
26 1460 28
27 1596 1132
28 1596 1480
29 1694 1340
2 1 2
4 0 2 3 4
4 0 1 3 6
4 1 2 4 6
5 1 3 5 6 10
4 4 6 9 10
8 2 3 4 5 7 8 9 21
4 6 8 11 21
4 6 7 9 11
5 5 6 8 10 11
6 4 5 9 11 12 16
7 7 8 9 10 12 14 21
5 10 11 13 14 16
4 12 14 15 16
6 11 12 13 15 18 21
4 13 14 16 18
7 10 12 13 15 17 18 26
5 16 18 19 22 26
7 14 15 16 17 19 20 21
4 17 18 20 22
4 18 19 21 22
9 6 7 11 14 18 20 22 23 28
6 17 19 20 21 23 26
5 21 22 24 26 28
4 23 25 26 28
3 24 26 28
9 16 17 22 23 24 25 27 28 29
3 26 28 29
7 21 23 24 25 26 27 29
3 26 27 28
