50
0 14 1248
1 32 1002
2 44 650
3 104 1006
4 210 204
5 234 2214
6 238 2672
7 290 2922
8 374 2552
9 374 2900
10 420 2966
11 684 194
12 736 2894
13 776 1360
14 826 756
15 854 2006
16 956 164
17 1044 2080
18 1108 2942
19 1168 2342
20 1330 1346
21 1538 1908
22 1552 392
23 1706 294
24 1760 1744
25 1770 2320
26 1836 2106
27 1868 1480
28 1898 536
29 2008 354
30 2114 1592
31 2174 1002
32 2176 2538
33 2176 2746
34 2344 2426
35 2400 1022
36 2454 28
37 2458 398
38 2482 1200
39 2600 2016
40 2700 840
41 2704 2262
42 2742 1932
43 2774 1452
44 2782 918
45 2784 1854
46 2850 2480
47 2936 172
48 2938 2424
49 2958 2776
3 1 2 6
3 0 2 6
5 0 1 3 4 6
3 2 4 6
7 2 3 5 6 11 16 36
3 4 6 11
8 0 1 2 3 4 5 7 11
5 6 8 9 10 11
3 7 9 11
4 7 8 10 11
5 7 9 11 12 18
11 4 5 6 7 8 9 10 12 13 14 16
5 10 11 13 15 18
4 11 12 14 15
4 11 13 15 16
6 12 13 14 16 17 18
8 4 11 14 15 17 22 23 36
6 15 16 18 19 20 22
7 10 12 15 17 19 33 49
6 17 18 20 21 25 33
4 17 19 21 22
4 19 20 22 25
6 16 17 20 21 23 25
7 16 22 24 25 28 29 36
3 23 25 28
8 19 21 22 23 24 26 28 33
4 25 27 28 33
3 26 28 33
7 23 24 25 26 27 29 33
6 23 28 30 31 33 36
3 29 31 33
5 29 30 32 33 36
3 31 33 36
14 18 19 25 26 27 28 29 30 31 32 34 35 36 49
5 33 35 39 41 49
6 33 34 36 37 38 39
10 4 16 23 29 31 32 33 35 37 47
4 35 36 38 47
5 35 37 39 40 47
5 34 35 38 40 41
5 38 39 41 44 47
7 34 39 40 42 44 46 49
5 41 43 44 45 46
3 42 44 45
6 40 41 42 43 45 47
5 42 43 44 46 47
6 41 42 45 47 48 49
9 36 37 38 40 44 45 46 48 49
3 46 47 49
7 18 33 34 41 46 47 48
