20
0 20 442
1 36 104
2 92 264
3 168 578
4 188 428
5 188 962
6 216 144
7 294 256
8 342 912
9 472 1120
10 622 454
11 670 578
12 686 398
13 740 906
14 882 868
15 886 296
16 954 722
17 982 148
18 1104 828
19 1112 290
2 1 5
5 0 2 5 6 17
4 1 3 5 6
4 2 4 5 6
3 3 5 6
8 0 1 2 3 4 6 8 9
8 1 2 3 4 5 7 8 17
5 6 8 10 12 17
5 5 6 7 9 10
5 5 8 10 13 18
6 7 8 9 11 12 13
3 10 12 13
6 7 10 11 13 15 17
7 9 10 11 12 14 15 18
4 13 15 16 18
5 12 13 14 16 17
4 14 15 17 18
8 1 6 7 12 15 16 18 19
6 9 13 14 16 17 19
2 17 18
