100
0 62 1582
1 218 966
2 228 2162
3 280 5752
4 432 2972
5 460 5748
6 462 2262
7 532 1590
8 660 3370
9 694 3700
10 754 58
11 782 4420
12 798 1384
13 888 5442
14 892 4880
15 960 1428
16 996 4138
17 1016 5892
18 1062 452
19 1090 4720
20 1142 2518
21 1186 2822
22 1188 1772
23 1228 312
24 1266 3686
25 1350 4822
26 1444 550
27 1462 1274
28 1676 3230
29 1766 1338
30 1826 48
31 1922 2718
32 1976 3922
33 2004 826
34 2232 3252
35 2280 5512
36 2526 4952
37 2572 5640
38 2618 3232
39 2668 746
40 2716 4934
41 2740 2240
42 2854 2746
43 2876 4082
44 2964 3764
45 2996 4078
46 3022 3752
47 3174 404
48 3220 1536
49 3240 5150
50 3280 4224
51 3314 1706
52 3326 2048
53 3406 2692
54 3494 2812
55 3538 1506
56 3572 4604
57 3716 4866
58 3736 1338
59 3736 3652
60 3748 2518
61 3940 5532
62 3944 5476
63 4080 4416
64 4084 1130
65 4226 1518
66 4274 1792
67 4280 32
68 4296 1164
69 4338 1514
70 4352 5014
71 4384 3152
72 4456 1494
73 4584 948
74 4628 5316
75 4642 2570
76 4644 5676
77 4664 124
78 4686 4558
79 4698 1116
80 4700 2554
81 4772 4774
82 4800 1710
83 4848 1798
84 4950 870
85 4994 20
86 5050 142
87 5094 1552
88 5102 3656
89 5152 3514
90 5412 2746
91 5506 3668
92 5530 5970
93 5730 4552
94 5750 152
95 5796 3372
96 5832 2010
97 5850 5528
98 5906 3514
99 5922 38
3 1 2 3
3 0 2 10
6 0 1 3 6 7 10
6 0 2 4 5 6 17
3 3 5 6
5 3 4 6 13 17
8 2 3 4 5 7 8 9 13
4 2 6 8 10
4 6 7 9 10
5 6 8 10 11 13
10 1 2 7 8 9 11 12 18 23 30
4 9 10 12 13
6 10 11 13 14 15 18
7 5 6 9 11 12 14 17
4 12 13 15 17
5 12 14 16 17 18
3 15 17 18
11 3 5 13 14 15 16 18 19 35 37 92
8 10 12 15 16 17 19 20 23
5 17 18 20 25 35
6 18 19 21 22 23 25
4 20 22 24 25
4 20 21 23 24
7 10 18 20 22 24 26 30
5 21 22 23 25 26
8 19 20 21 24 26 27 28 35
5 23 24 25 27 30
4 25 26 28 30
6 25 27 29 30 32 35
4 28 30 31 32
11 10 23 26 27 28 29 31 33 47 67 85
4 29 30 32 33
5 28 29 31 33 35
7 30 31 32 34 35 39 47
3 33 35 39
10 17 19 25 28 32 33 34 36 37 39
4 35 37 38 39
7 17 35 36 38 40 61 92
4 36 37 39 40
8 33 34 35 36 38 40 41 47
7 37 38 39 41 43 49 61
5 39 40 42 43 47
3 41 43 47
7 40 41 42 44 45 47 49
3 43 45 47
5 43 44 46 47 49
3 45 47 49
12 30 33 39 41 42 43 44 45 46 48 49 67
4 47 49 51 67
9 40 43 45 46 47 48 50 51 61
5 49 51 52 56 61
6 48 49 50 52 55 67
5 50 51 53 55 56
4 52 54 55 56
3 53 55 56
7 51 52 53 54 56 58 67
8 50 52 53 54 55 57 58 61
4 56 58 59 61
6 55 56 57 59 60 67
4 57 58 60 61
5 58 59 61 64 67
11 37 40 49 50 56 57 59 60 62 64 92
5 61 63 64 76 92
4 62 64 70 76
7 60 61 62 63 65 67 70
4 64 66 67 70
4 65 67 68 70
13 30 47 48 51 55 58 60 64 65 66 68 77 85
5 66 67 69 70 77
5 68 70 71 72 77
8 63 64 65 66 68 69 71 76
4 69 70 72 76
6 69 71 73 74 76 77
4 72 74 75 77
4 72 73 75 76
4 73 74 76 77
11 62 63 70 71 72 74 75 77 78 81 92
10 67 68 69 72 73 75 76 78 79 85
5 76 77 79 80 81
4 77 78 80 85
5 78 79 81 82 85
6 76 78 80 82 88 92
5 80 81 83 85 88
4 82 84 85 88
3 83 85 88
11 30 67 77 79 80 82 83 84 86 88 99
5 85 87 88 94 99
3 86 88 94
10 81 82 83 84 85 86 87 89 92 94
4 88 90 92 94
4 89 91 92 94
3 90 92 94
13 17 37 61 62 76 81 88 89 90 91 93 94 97
4 92 94 95 97
11 86 87 88 89 90 91 92 93 95 96 99
4 93 94 96 97
4 94 95 97 99
6 92 93 95 96 98 99
2 97 99
6 85 86 94 96 97 98
