50
0 154 2470
1 274 2848
2 288 2118
3 348 340
4 350 1282
5 354 2432
6 368 1364
7 406 1694
8 414 1462
9 498 1338
10 532 2014
11 702 650
12 794 480
13 836 106
14 1142 1350
15 1188 900
16 1238 1602
17 1244 1598
18 1340 1172
19 1362 1138
20 1362 2910
21 1494 576
22 1552 820
23 1570 2210
24 1582 572
25 1584 804
26 1636 2870
27 1708 1388
28 1860 1200
29 1862 358
30 1872 1738
31 1896 2610
32 1978 392
33 2072 2702
34 2088 200
35 2100 2956
36 2116 2478
37 2194 2832
38 2284 1938
39 2302 2172
40 2414 2088
41 2448 2404
42 2452 320
43 2466 2292
44 2548 1898
45 2622 2356
46 2642 130
47 2830 1994
48 2912 2052
49 2944 1262
3 1 2 3
5 0 2 5 20 35
5 0 1 3 4 5
4 0 2 4 13
5 2 3 5 6 13
7 1 2 4 6 7 10 20
5 4 5 7 8 13
4 5 6 8 10
5 6 7 9 10 13
4 8 10 11 13
6 5 7 8 9 11 20
5 9 10 12 13 20
3 11 13 20
13 3 4 6 8 9 11 12 14 15 20 21 34 46
4 13 15 16 20
5 13 14 16 18 21
5 14 15 17 18 20
3 16 18 20
6 15 16 17 19 20 21
3 18 20 21
15 1 5 10 11 12 13 14 16 17 18 19 21 23 26 35
10 13 15 18 19 20 22 23 24 29 34
3 21 23 24
6 20 21 22 24 25 26
5 21 22 23 25 29
5 23 24 26 27 29
6 20 23 25 27 31 35
6 25 26 28 29 30 31
3 27 29 30
8 21 24 25 27 28 30 32 34
5 27 28 29 31 32
6 26 27 30 32 33 35
5 29 30 31 33 34
4 31 32 34 35
9 13 21 29 32 33 35 36 42 46
9 1 20 26 31 33 34 36 37 48
5 34 35 37 38 42
7 35 36 38 39 41 45 48
4 36 37 39 42
5 37 38 40 41 42
3 39 41 42
6 37 39 40 42 43 45
8 34 36 38 39 40 41 43 46
5 41 42 44 45 46
3 43 45 46
7 37 41 43 44 46 47 48
8 13 34 42 43 44 45 47 49
4 45 46 48 49
5 35 37 45 47 49
3 46 47 48
