90
0 500 7164
1 540 7846
2 602 4752
3 640 5094
4 682 4868
5 888 6948
6 1380 8572
7 1782 3704
8 1946 7838
9 2302 3666
10 2714 9526
11 3400 7358
12 3400 8536
13 3700 3608
14 4000 4532
15 4008 9502
16 4650 5276
17 5364 3010
18 5882 8710
19 6394 7976
20 6646 3628
21 6658 7724
22 6758 4572
23 7106 6866
24 7494 2082
25 7728 1480
26 7748 5790
27 7822 4158
28 7890 3298
29 8070 2716
30 8242 8512
31 8368 4416
32 8376 3088
33 8438 7910
34 8454 5920
35 8558 4288
36 8710 4568
37 8716 2352
38 8734 3330
39 9134 3280
40 10006 2358
41 10040 5994
42 10060 5196
43 10096 5174
44 10490 6230
45 10848 6020
46 10876 6714
47 10942 6040
48 10956 6940
49 11080 4246
50 11144 3692
51 11228 4468
52 11304 3632
53 11468 5006
54 11606 5032
55 11634 6246
56 11758 5300
57 11796 4192
58 11818 6642
59 11906 6016
60 11934 5732
61 11942 3698
62 11962 5564
63 12066 3714
64 12116 6258
65 12264 6310
66 12276 5572
67 12504 2504
68 12590 3592
69 12636 3904
70 12694 5522
71 12736 5922
72 12740 5952
73 12820 2132
74 12910 4126
75 13002 3842
76 13064 1358
77 13100 5782
78 13132 4398
79 13158 4128
80 13210 3554
81 13324 4388
82 13898 4188
83 14042 5602
84 14510 5340
85 14888 5862
86 15062 7202
87 15118 7298
88 15446 6108
89 15626 7290
2 1 2
5 0 2 3 5 6
5 0 1 3 4 7
4 1 2 4 5
4 2 3 5 7
5 1 3 4 6 7
5 1 5 7 8 10
7 2 4 5 6 8 9 25
4 6 7 9 10
5 7 8 10 13 25
7 6 8 9 11 12 13 15
3 10 12 13
4 10 11 13 15
8 9 10 11 12 14 15 17 25
4 13 15 16 17
8 10 12 13 14 16 18 30 89
4 14 15 17 18
6 13 14 16 18 20 25
6 15 16 17 19 20 30
4 18 20 21 30
7 17 18 19 21 22 24 25
5 19 20 22 23 30
4 20 21 23 24
5 21 22 24 26 30
5 20 22 23 25 26
12 7 9 13 17 20 24 26 27 28 29 37 76
5 23 24 25 27 30
4 25 26 28 30
4 25 27 29 30
5 25 28 30 32 37
13 15 18 19 21 23 26 27 28 29 31 32 33 89
3 30 32 33
7 29 30 31 33 34 35 37
7 30 31 32 34 48 87 89
6 32 33 35 36 41 48
4 32 34 36 37
5 34 35 37 38 41
8 25 29 32 35 36 38 40 76
5 36 37 39 40 41
3 38 40 41
7 37 38 39 41 42 50 76
8 34 36 38 39 40 42 44 48
5 40 41 43 44 50
3 42 44 50
7 41 42 43 45 46 48 50
4 44 46 49 50
5 44 45 47 48 49
3 46 48 49
10 33 34 41 44 46 47 49 55 58 87
7 45 46 47 48 50 51 55
9 40 42 43 44 45 49 51 52 76
5 49 50 52 53 55
6 50 51 53 61 67 76
6 51 52 54 55 57 61
3 53 55 57
8 48 49 51 53 54 56 57 58
3 55 57 58
6 53 54 55 56 58 61
9 48 55 56 57 59 61 64 65 87
4 58 60 61 64
4 59 61 62 64
9 52 53 57 58 59 60 62 63 67
4 60 61 63 64
4 61 62 64 67
8 58 59 60 62 63 65 66 67
5 58 64 66 72 87
6 64 65 67 70 71 72
9 52 61 63 64 66 68 70 73 76
4 67 69 70 73
3 68 70 73
6 66 67 68 69 71 73
4 66 70 72 73
7 65 66 71 73 74 77 87
8 67 68 69 70 71 72 74 76
5 72 73 75 76 77
3 74 76 77
14 25 37 40 50 52 67 73 74 75 77 78 80 82 88
6 72 74 75 76 78 87
6 76 77 79 80 83 87
4 78 80 81 83
5 76 78 79 81 82
4 79 80 82 83
6 76 80 81 83 84 88
7 78 79 81 82 84 86 87
5 82 83 85 86 88
3 84 86 88
5 83 84 85 87 88
11 33 48 58 65 72 77 78 83 86 88 89
7 76 82 84 85 86 87 89
5 15 30 33 87 88
