40
0 824 4940
1 2862 8690
2 7570 2130
3 8024 8528
4 8216 5784
5 8366 3882
6 8502 4374
7 8512 3318
8 8700 2632
9 8800 5604
10 8868 5284
11 8988 4476
12 9282 6980
13 9424 3546
14 9456 6760
15 9540 4130
16 10046 2794
17 10096 5126
18 10274 2622
19 10702 5998
20 10736 5996
21 10814 6320
22 11114 5990
23 11124 2692
24 11146 3544
25 11772 3682
26 11800 3550
27 12214 6392
28 12380 1998
29 12562 6440
30 12748 5402
31 12780 5362
32 13038 3276
33 13136 4364
34 13242 6522
35 13408 4168
36 15184 7460
37 15466 7344
38 15756 6468
39 16460 6814
2 1 2
3 0 2 3
8 0 1 3 4 5 7 8 28
5 1 2 4 12 36
5 2 3 5 9 12
5 2 4 6 7 9
3 5 7 9
5 2 5 6 8 9
8 2 7 9 11 13 16 18 28
8 4 5 6 7 8 10 11 12
3 9 11 12
5 8 9 10 12 13
8 3 4 9 10 11 13 14 36
6 8 11 12 14 15 16
6 12 13 15 17 21 36
4 13 14 16 17
5 8 13 15 17 18
6 14 15 16 18 19 21
6 8 16 17 19 23 28
5 17 18 20 21 23
3 19 21 23
8 14 17 19 20 22 23 27 36
4 21 23 24 27
7 18 19 20 21 22 24 28
6 22 23 25 26 27 28
3 24 26 27
4 24 25 27 28
8 21 22 24 25 26 28 29 36
10 2 8 18 23 24 26 27 29 32 39
6 27 28 30 32 34 36
4 29 31 32 34
3 30 32 34
8 28 29 30 31 33 34 35 39
3 32 34 35
7 29 30 31 32 33 35 36
6 32 33 34 36 38 39
10 3 12 14 21 27 29 34 35 37 38
3 36 38 39
4 35 36 37 39
5 28 32 35 37 38
