50
0 408 5032
1 530 7782
2 546 5284
3 1408 4448
4 1408 4500
5 1912 3748
6 3570 3640
7 3996 8552
8 4340 5696
9 4498 1706
10 5580 290
11 7176 8516
12 7546 2330
13 7920 8366
14 8326 6334
15 8522 5578
16 8538 2232
17 8776 6656
18 8800 2496
19 9278 2536
20 9930 2684
21 10076 5094
22 10096 3612
23 10100 3322
24 10128 6092
25 10528 4264
26 10618 4668
27 10696 6526
28 10702 6242
29 10774 6402
30 10774 6406
31 11172 4026
32 11404 4296
33 11418 4654
34 11604 4694
35 11742 3818
36 12068 6316
37 12124 6270
38 12210 2828
39 12218 6190
40 12606 4840
41 12950 4078
42 14548 5512
43 14780 5318
44 14960 5692
45 15182 7302
46 15358 7186
47 15366 6080
48 15400 5846
49 15422 6152
4 1 2 5 10
3 0 2 7
6 0 1 3 4 5 7
3 2 4 5
4 2 3 5 7
8 0 2 3 4 6 7 9 10
3 5 7 9
8 1 2 4 5 6 8 9 11
3 7 9 11
6 5 6 7 8 10 11
7 0 5 9 11 12 16 38
7 7 8 9 10 12 13 45
4 10 11 13 16
6 11 12 14 16 17 45
4 13 15 16 17
3 14 16 17
9 10 12 13 14 15 17 18 19 38
8 13 14 15 16 18 24 27 45
4 16 17 19 24
5 16 18 20 24 38
6 19 21 22 23 24 38
3 20 22 24
4 20 21 23 24
5 20 22 24 25 38
9 17 18 19 20 21 22 23 25 27
6 23 24 26 27 31 38
4 25 27 28 31
7 17 24 25 26 28 30 45
5 26 27 29 30 31
3 28 30 31
6 27 28 29 31 36 45
9 25 26 28 29 30 32 33 36 38
4 31 33 35 38
5 31 32 34 35 36
3 33 35 36
5 32 33 34 36 38
8 30 31 33 34 35 37 38 45
4 36 38 39 45
16 10 16 19 20 23 25 31 32 35 36 37 39 40 41 43 48
4 37 38 40 45
4 38 39 41 45
5 38 40 42 43 45
3 41 43 45
6 38 41 42 44 45 48
3 43 45 48
16 11 13 17 27 30 36 37 39 40 41 42 43 44 46 47 48
3 45 47 49
4 45 46 48 49
6 38 43 44 45 47 49
3 46 47 48
