60
0 184 6506
1 450 8168
2 612 4784
3 856 5168
4 1010 7540
5 1044 8396
6 1482 4374
7 2450 9544
8 3010 9252
9 3574 5656
10 3604 5746
11 5174 9200
12 5680 5606
13 6188 7956
14 6194 6070
15 6584 4362
16 7022 622
17 7654 3934
18 7992 4106
19 7992 8602
20 8156 3868
21 8464 6454
22 9262 3904
23 9444 6756
24 9566 7574
25 9670 4234
26 9916 4396
27 9970 2480
28 10608 3910
29 10762 4248
30 11154 3540
31 11194 4512
32 11290 3260
33 11502 5714
34 11566 5616
35 11842 4238
36 11880 6252
37 11948 5432
38 12210 6272
39 12492 5096
40 12502 1894
41 12700 5492
42 12962 6370
43 13098 6594
44 13262 5704
45 13320 4716
46 13618 4322
47 13662 4456
48 13960 5034
49 14000 4716
50 14300 5604
51 14728 5514
52 15036 5760
53 15130 5782
54 15262 7198
55 15878 7598
56 15930 7236
57 15938 7626
58 16130 6782
59 16946 7440
14 1 2 3 4 8 9 10 13 14 15 21 23 24 36
3 0 5 7
4 0 3 6 16
5 0 2 6 15 17
3 0 5 8
3 1 4 7
3 2 3 16
4 1 5 8 11
4 0 4 7 13
3 0 10 15
5 0 9 12 14 15
3 7 19 57
3 10 15 33
5 0 8 19 24 57
3 0 10 33
6 0 3 9 10 12 18
10 2 6 17 20 22 27 28 29 34 40
3 3 16 18
4 15 17 20 33
3 11 13 57
4 16 18 22 25
4 0 23 38 57
4 16 20 25 26
3 0 21 57
3 0 13 57
4 20 22 26 34
3 22 25 34
3 16 28 40
6 16 27 29 30 32 35
4 16 28 31 37
4 28 32 40 47
5 29 35 39 41 54
3 28 30 40
6 12 14 18 34 36 37
5 16 25 26 33 37
3 28 31 47
3 0 33 38
6 29 33 34 38 42 43
4 21 36 37 43
3 31 44 45
9 16 27 30 32 46 47 49 53 59
3 31 44 54
3 37 43 54
5 37 38 42 55 57
4 39 41 50 56
4 39 47 48 51
3 40 47 49
6 30 35 40 45 46 48
3 45 47 51
3 40 46 51
3 44 51 52
5 45 48 49 50 52
3 50 51 53
3 40 52 58
4 31 41 42 55
4 43 54 56 57
3 44 55 58
9 11 13 19 21 23 24 43 55 59
3 53 56 59
3 40 57 58
