80
0 324 7584
1 626 4786
2 970 4610
3 1054 4762
4 1440 4448
5 2026 3414
6 2812 9102
7 3520 5932
8 4956 1000
9 6672 3644
10 8308 3332
11 8462 4406
12 8744 7348
13 8886 5256
14 9104 6034
15 9156 6024
16 9608 4656
17 9704 6088
18 10116 5054
19 10674 4252
20 10688 5618
21 10818 6052
22 10864 6024
23 10948 4562
24 11162 4194
25 11188 4532
26 11288 3298
27 11320 3070
28 11376 3332
29 11408 6058
30 11428 5560
31 11702 3334
32 11770 3492
33 11950 3760
34 11964 3006
35 11988 5472
36 12084 6250
37 12136 4360
38 12306 3324
39 12346 5188
40 12398 2588
41 12484 1856
42 12484 5074
43 12604 4098
44 12654 1984
45 12750 4096
46 12750 4920
47 12798 5820
48 12954 5856
49 12970 6424
50 12980 4126
51 13034 4336
52 13078 5422
53 13112 5692
54 13140 1304
55 13228 4496
56 13568 6464
57 13602 3936
58 13762 5612
59 13818 4308
60 13828 5806
61 13972 6530
62 14110 4362
63 14166 5196
64 14216 5294
65 14262 6596
66 14382 5594
67 14536 7190
68 14810 5574
69 14946 5750
70 14972 5534
71 15058 5874
72 15136 7166
73 15668 8132
74 15738 6184
75 15802 6240
76 15942 6452
77 16036 6926
78 16336 7908
79 16894 8122
5 1 6 7 14 20
9 0 2 3 4 5 7 13 16 18
3 1 4 5
3 1 11 31
4 1 2 5 9
7 1 2 4 8 9 10 28
4 0 12 73 79
3 0 1 13
5 5 10 27 41 54
3 4 5 31
3 5 8 26
4 3 19 23 24
5 6 17 21 73 79
3 1 7 39
3 0 15 17
3 14 17 30
3 1 23 42
4 12 14 15 21
3 1 39 42
3 11 23 24
3 0 30 39
4 12 17 22 30
3 21 29 30
5 11 16 19 25 42
6 11 19 25 31 37 42
3 23 24 42
3 10 27 28
3 8 26 34
3 5 26 31
7 22 30 35 36 47 56 78
6 15 20 21 22 29 35
10 3 9 24 28 32 33 34 43 46 53
3 31 33 37
5 31 32 42 48 56
6 27 31 38 40 43 45
3 29 30 39
4 29 49 67 78
3 24 32 42
6 34 40 44 45 50 51
6 13 18 20 35 42 47
4 34 38 41 44
4 8 40 44 54
9 16 18 23 24 25 33 37 39 47
5 31 34 45 46 52
4 38 40 41 54
4 34 38 43 58
3 31 43 52
4 29 39 42 48
3 33 47 56
4 36 65 67 72
3 38 51 54
5 38 50 54 55 58
4 43 46 53 56
3 31 52 56
12 8 41 44 50 51 55 57 58 62 75 76 79
3 51 54 58
12 29 33 48 52 53 60 61 64 65 66 69 71
4 54 59 60 63
5 45 51 54 55 60
3 57 62 64
4 56 57 58 63
3 56 65 75
6 54 59 66 68 70 74
3 57 60 64
4 56 59 63 66
5 49 56 61 72 77
4 56 62 64 68
3 36 49 78
4 62 66 69 70
3 56 68 71
3 62 68 74
3 56 69 74
3 49 65 78
3 6 12 79
4 62 70 71 75
5 54 61 74 76 77
4 54 75 77 79
4 65 75 76 78
6 29 36 67 72 77 79
6 6 12 54 73 76 78
