200
0 396 1444
1 622 1312
2 626 836
3 778 1514
4 806 5186
5 1060 806
6 1078 5206
7 1162 5136
8 1234 1892
9 1630 5172
10 1822 1160
11 1862 1426
12 1948 2240
13 1994 3528
14 2076 1572
15 2090 5146
16 2186 4544
17 2224 228
18 2256 4716
19 2264 1938
20 2264 2132
21 2276 4652
22 2332 5208
23 2336 5208
24 2354 4816
25 2354 4912
26 2380 1202
27 2386 3754
28 2508 5820
29 2596 554
30 2606 4738
31 2620 5198
32 2650 5074
33 2850 5322
34 2954 4656
35 3072 3350
36 3088 4626
37 3104 1622
38 3312 3826
39 3312 4760
40 3348 1530
41 3386 2964
42 3430 5058
43 3592 4082
44 3644 3812
45 3660 3994
46 3668 1690
47 3722 3812
48 3732 3324
49 3786 4438
50 3840 4332
51 3850 3052
52 3870 4228
53 3926 4308
54 3932 3306
55 4028 160
56 4120 4548
57 4222 2292
58 4224 3924
59 4296 4790
60 4342 112
61 4430 2348
62 4446 4804
63 4458 4126
64 4484 4756
65 4590 3190
66 4646 3222
67 4660 4956
68 4664 4172
69 4674 4674
70 4758 3650
71 4852 3864
72 4982 4632
73 4984 2318
74 5026 4512
75 5046 3496
76 5132 4004
77 5186 3584
78 5214 4838
79 5258 3488
80 5308 4040
81 5332 2596
82 5538 3978
83 5568 2934
84 5604 1832
85 5740 2844
86 5742 4538
87 5778 1666
88 5822 2850
89 5824 2836
90 5874 6972
91 5876 5492
92 5880 6952
93 5928 4578
94 5934 2894
95 5954 6286
96 6012 5492
97 6034 3632
98 6048 5290
99 6062 4918
100 6080 2678
101 6104 2624
102 6106 4256
103 6118 24
104 6144 2388
105 6176 2264
106 6210 2360
107 6248 3662
108 6342 2754
109 6364 5224
110 6390 2622
111 6408 3708
112 6420 2168
113 6472 4484
114 6480 4186
115 6566 2718
116 6580 2796
117 6682 4668
118 6704 1754
119 6920 1796
120 6938 4960
121 6938 7144
122 6956 2228
123 7010 1828
124 7038 7000
125 7150 6566
126 7240 5012
127 7288 1484
128 7540 206
129 7546 3662
130 7634 3324
131 7646 2372
132 7670 1302
133 7690 6716
134 7704 2842
135 7804 690
136 7842 3528
137 7852 2882
138 7864 2874
139 7924 3546
140 7984 7084
141 8012 5310
142 8080 1478
143 8104 3728
144 8226 2944
145 8336 4760
146 8344 4700
147 8402 7038
148 8482 3780
149 8862 3562
150 8920 4132
151 8966 4606
152 8982 3398
153 9026 4224
154 9084 5276
155 9118 5298
156 9186 2338
157 9224 3674
158 9296 2580
159 9306 2714
160 9336 2850
161 9432 3030
162 9474 5132
163 9602 3560
164 9762 632
165 9818 1028
166 10118 3622
167 10192 6308
168 10266 1500
169 10470 2228
170 10520 2414
171 10598 7002
172 10644 1932
173 10686 3576
174 10792 2678
175 10812 1812
176 10850 1156
177 10896 3660
178 11144 2428
179 11206 2470
180 11218 1934
181 11242 3012
182 11298 338
183 11360 2088
184 11428 1302
185 11482 568
186 11734 1488
187 11788 4836
188 11982 1424
189 12120 4352
190 12148 3100
191 12148 4302
192 12160 524
193 12162 150
194 12186 254
195 12234 7068
196 12432 1582
197 12688 3242
198 12706 1116
199 12712 1720
3 4 2 1 
3 3 0 2 
4 1 0 17 5 
4 8 7 1 11 
3 6 28 0 
3 10 2 29 
4 92 4 7 9 
3 6 3 16 
3 12 13 3 
3 6 18 15 
3 26 11 5 
3 14 3 10 
3 35 8 20 
3 27 16 8 
3 37 19 11 
3 22 9 25 
3 21 7 13 
3 2 60 55 
3 24 9 21 
3 41 20 14 
3 47 12 19 
3 30 18 16 
3 23 95 15 
3 33 22 31 
3 25 18 30 
4 32 15 24 39 
3 40 10 29 
3 38 34 13 
2 90 4 
3 26 5 55 
3 24 21 34 
3 33 23 32 
3 31 25 42 
3 125 23 31 
3 30 27 36 
3 44 38 12 
3 39 34 49 
3 46 14 40 
3 43 27 35 
3 59 25 36 
3 37 26 135 
3 51 48 19 
3 91 32 67 
3 50 38 45 
3 47 45 35 
3 52 43 44 
3 57 37 87 
3 58 44 20 
3 58 41 54 
3 56 36 50 
3 49 43 53 
3 65 54 41 
3 53 45 63 
3 56 50 52 
3 70 48 51 
3 29 17 60 
3 64 49 53 
3 61 65 46 
3 63 47 48 
3 62 39 64 
3 55 17 103 
3 81 57 73 
3 78 67 59 
3 68 52 58 
4 78 59 56 69 
3 66 51 57 
3 75 65 83 
3 98 42 62 
3 69 63 71 
3 64 68 72 
3 71 54 75 
3 76 68 70 
3 69 74 93 
3 61 84 105 
3 86 72 76 
3 77 70 66 
3 80 74 71 
3 82 75 79 
3 99 62 64 
3 77 83 88 
3 86 76 82 
3 85 61 104 
3 102 80 77 
3 79 66 85 
3 73 87 118 
3 83 81 89 
3 93 74 80 
3 84 46 132 
3 94 79 89 
3 88 85 100 
3 121 28 92 
3 96 133 42 
3 124 90 6 
3 117 72 86 
3 97 88 108 
3 125 124 22 
3 171 91 98 
3 107 102 94 
3 96 67 109 
3 120 109 78 
3 108 89 101 
3 100 104 110 
3 113 82 97 
3 193 128 60 
3 101 81 106 
3 106 73 112 
3 110 104 105 
3 111 97 116 
3 116 94 100 
3 167 98 99 
3 115 101 106 
3 114 107 137 
3 122 105 123 
3 117 102 114 
3 113 111 130 
3 116 110 131 
4 134 107 108 115 
4 120 93 113 129 
3 119 84 127 
3 123 118 142 
3 126 99 117 
3 90 140 195 
3 131 112 168 
3 112 119 165 
3 140 92 95 
3 133 95 33 
3 141 120 145 
3 118 132 142 
3 182 135 103 
3 117 130 136 
3 129 114 137 
3 115 122 156 
3 127 87 164 
3 147 125 91 
3 138 116 159 
3 40 128 164 
3 139 129 144 
3 130 111 138 
3 144 137 134 
3 143 136 152 
4 121 124 147 171 
3 167 126 154 
3 119 127 165 
3 148 146 139 
3 136 138 160 
3 154 126 146 
3 145 143 151 
3 140 133 171 
3 150 143 149 
3 157 148 152 
3 153 148 157 
3 162 146 153 
3 149 139 161 
3 151 150 166 
3 155 141 145 
3 167 154 162 
3 158 131 172 
3 150 149 163 
3 159 156 169 
3 160 134 158 
3 161 144 159 
3 152 160 170 
3 155 151 187 
3 166 157 170 
3 132 135 182 
3 123 142 185 
3 153 163 173 
4 195 109 141 155 
3 175 122 176 
3 170 158 172 
4 174 163 161 169 
4 195 140 147 96 
3 169 156 175 
3 177 166 174 
3 173 170 178 
3 180 172 168 
3 184 168 185 
3 191 173 181 
3 179 174 183 
3 181 178 196 
3 183 175 186 
3 190 177 179 
3 164 128 194 
3 178 180 188 
3 186 176 192 
3 176 165 194 
3 180 184 188 
3 195 162 189 
3 183 186 198 
3 195 187 191 
3 191 181 196 
4 195 189 177 190 
3 198 184 194 
3 198 194 103 
5 198 192 185 182 193 
7 121 171 167 187 189 191 197 
3 190 179 198 
2 195 199 
6 199 196 188 192 194 193 
2 197 198 
