800
0 194 960
1 230 5270
2 298 5320
3 356 746
4 382 1846
5 396 1868
6 400 2020
7 416 354
8 432 1534
9 450 1940
10 462 1904
11 472 1382
12 472 1756
13 482 2032
14 486 2074
15 504 5370
16 506 2244
17 528 348
18 546 882
19 550 2000
20 608 1384
21 610 1618
22 622 1932
23 646 5758
24 694 4908
25 700 4904
26 718 2124
27 738 5642
28 750 1578
29 782 1392
30 816 364
31 820 2262
32 954 1524
33 958 5372
34 960 454
35 974 5486
36 980 5392
37 1038 328
38 1110 194
39 1114 5310
40 1118 1438
41 1126 5652
42 1166 418
43 1166 5228
44 1220 1474
45 1232 364
46 1254 2214
47 1262 2262
48 1274 5498
49 1418 4230
50 1438 1170
51 1488 4274
52 1574 1372
53 1580 1388
54 1636 1754
55 1648 1828
56 1654 1630
57 1658 2092
58 1702 1622
59 1736 2198
60 1738 6070
61 1806 530
62 1818 1226
63 1822 6042
64 1828 1284
65 1836 2184
66 1884 6084
67 1912 5978
68 1918 926
69 1922 5724
70 1932 1332
71 1936 5546
72 1938 268
73 1960 2174
74 1962 2214
75 1988 554
76 2004 6014
77 2026 878
78 2036 1924
79 2064 5964
80 2074 5458
81 2098 2148
82 2136 5224
83 2136 6140
84 2140 6136
85 2164 5248
86 2170 5206
87 2186 2218
88 2204 2090
89 2246 4708
90 2274 4962
91 2288 4702
92 2306 4770
93 2324 258
94 2346 4558
95 2348 5090
96 2362 4794
97 2376 5074
98 2382 5052
99 2416 5288
100 2418 4894
101 2436 5286
102 2438 2202
103 2438 5302
104 2452 5284
105 2458 2190
106 2468 3636
107 2472 742
108 2486 3350
109 2498 3578
110 2502 404
111 2556 5166
112 2574 3336
113 2580 4902
114 2584 3010
115 2590 2992
116 2602 5214
117 2612 4930
118 2614 5084
119 2616 5654
120 2620 4940
121 2622 644
122 2630 1598
123 2700 2886
124 2718 2632
125 2720 1266
126 2728 616
127 2730 784
128 2732 4874
129 2738 496
130 2738 3234
131 2762 4732
132 2764 4792
133 2766 626
134 2782 5282
135 2784 5446
136 2792 652
137 2794 770
138 2800 2230
139 2844 726
140 2852 2678
141 2860 2182
142 2864 4800
143 2872 4592
144 2874 5314
145 2892 4754
146 2892 4762
147 2896 4878
148 2900 4802
149 2906 4980
150 2916 4952
151 2918 2616
152 2928 4984
153 2940 1118
154 2946 5040
155 2948 4692
156 2954 5268
157 2976 1190
158 2980 3372
159 2990 5096
160 2994 4982
161 3000 4574
162 3008 842
163 3010 4608
164 3014 790
165 3024 4966
166 3030 2656
167 3038 2818
168 3046 4872
169 3064 4040
170 3072 4642
171 3090 4040
172 3106 4646
173 3124 4680
174 3126 4682
175 3164 6434
176 3168 1672
177 3172 1690
178 3194 5062
179 3218 1686
180 3288 2430
181 3296 3992
182 3302 1536
183 3306 1638
184 3310 3980
185 3338 4032
186 3358 2310
187 3370 3904
188 3372 150
189 3372 2318
190 3372 4774
191 3374 1574
192 3378 890
193 3390 896
194 3396 2408
195 3408 2618
196 3450 2980
197 3456 1568
198 3496 3874
199 3500 2176
200 3558 2656
201 3578 3806
202 3582 3578
203 3582 3812
204 3586 3542
205 3590 2372
206 3610 7086
207 3622 58
208 3630 1726
209 3630 4480
210 3658 1700
211 3692 2466
212 3720 46
213 3724 2250
214 3736 4376
215 3756 3896
216 3776 4112
217 3786 4314
218 3808 3738
219 3824 3904
220 3842 1712
221 3844 4454
222 3848 4358
223 3866 136
224 3866 4134
225 3866 4294
226 3868 210
227 3876 1828
228 3876 3706
229 3888 3304
230 3894 4448
231 3906 200
232 3920 164
233 3970 2834
234 3976 2866
235 3978 94
236 3984 4318
237 4018 1808
238 4024 4304
239 4030 4458
240 4044 4448
241 4068 170
242 4078 4202
243 4084 4066
244 4102 3600
245 4138 128
246 4152 2618
247 4162 4564
248 4166 4390
249 4170 216
250 4178 224
251 4198 3964
252 4220 3012
253 4226 198
254 4226 2410
255 4272 4662
256 4282 1144
257 4308 4862
258 4312 4610
259 4328 4484
260 4346 4226
261 4348 4232
262 4372 4552
263 4376 4872
264 4380 166
265 4384 4322
266 4398 4914
267 4432 4296
268 4436 4452
269 4436 4846
270 4440 2398
271 4444 2650
272 4452 4440
273 4456 2930
274 4458 2390
275 4464 2936
276 4472 6144
277 4474 2288
278 4482 4938
279 4484 4816
280 4492 4668
281 4504 4914
282 4506 4822
283 4512 4466
284 4538 4292
285 4558 2606
286 4562 6980
287 4568 2266
288 4570 7024
289 4572 4436
290 4594 4632
291 4602 7120
292 4608 2178
293 4608 2214
294 4632 4844
295 4638 2182
296 4642 2810
297 4646 4352
298 4648 4060
299 4674 4438
300 4678 6802
301 4680 22
302 4682 6792
303 4712 2704
304 4716 134
305 4720 2738
306 4720 6858
307 4722 4622
308 4726 3274
309 4732 4132
310 4742 4394
311 4772 2304
312 4786 2444
313 4792 6730
314 4798 4542
315 4798 4796
316 4828 3862
317 4844 3990
318 4846 4056
319 4848 3968
320 4872 3892
321 4874 4762
322 4894 3812
323 4924 4466
324 4940 3532
325 4940 3900
326 4942 4040
327 4942 4472
328 4950 4370
329 4970 2160
330 4974 2974
331 4974 4462
332 4974 5106
333 4994 14
334 4998 3166
335 5000 3164
336 5006 4122
337 5014 3356
338 5040 4624
339 5046 5024
340 5056 5194
341 5064 5052
342 5070 3624
343 5074 4486
344 5086 4672
345 5108 4418
346 5138 54
347 5146 4664
348 5156 2350
349 5164 4456
350 5166 4650
351 5178 3064
352 5178 4686
353 5186 3138
354 5186 3922
355 5192 6624
356 5200 3566
357 5206 4558
358 5216 4410
359 5220 3516
360 5220 4314
361 5256 2550
362 5274 4534
363 5276 190
364 5276 3066
365 5332 266
366 5334 4036
367 5338 2844
368 5340 3640
369 5350 2686
370 5362 2832
371 5400 3840
372 5408 2764
373 5426 2838
374 5460 2508
375 5474 4090
376 5478 4234
377 5504 2896
378 5504 4238
379 5516 4476
380 5526 982
381 5526 2836
382 5526 3990
383 5528 2712
384 5532 4078
385 5540 2754
386 5544 4248
387 5548 3926
388 5558 4174
389 5558 4218
390 5562 5252
391 5582 2602
392 5604 2874
393 5604 5358
394 5606 4026
395 5614 4814
396 5624 2890
397 5642 7120
398 5644 3540
399 5666 3884
400 5668 2972
401 5690 1382
402 5690 2990
403 5698 3630
404 5702 1000
405 5708 1004
406 5730 2530
407 5738 2718
408 5756 2924
409 5762 2844
410 5762 3932
411 5798 3792
412 5806 4828
413 5842 2768
414 5860 3292
415 5862 3440
416 5886 6960
417 5890 2842
418 5902 5862
419 5910 1370
420 5916 2960
421 5922 4836
422 5930 4856
423 5958 2588
424 5962 372
425 5962 382
426 5966 2694
427 5966 4762
428 5996 3764
429 5996 4130
430 5996 5228
431 5998 2408
432 6006 6430
433 6020 2894
434 6050 182
435 6054 270
436 6080 2850
437 6084 192
438 6090 2354
439 6094 2042
440 6094 2876
441 6100 2372
442 6116 4412
443 6122 4192
444 6138 2420
445 6140 2854
446 6140 7098
447 6152 4884
448 6158 206
449 6158 2296
450 6170 2366
451 6170 4936
452 6174 124
453 6188 2636
454 6208 4018
455 6248 2528
456 6284 2578
457 6302 3054
458 6304 2662
459 6312 2870
460 6316 2630
461 6324 2876
462 6326 4114
463 6330 2312
464 6350 3014
465 6358 2762
466 6362 7190
467 6384 4814
468 6386 4644
469 6396 2546
470 6408 2918
471 6420 2802
472 6426 3712
473 6432 3676
474 6438 2066
475 6466 2888
476 6468 4506
477 6468 7164
478 6474 5776
479 6486 3768
480 6502 3842
481 6506 4836
482 6526 2714
483 6552 5686
484 6560 2638
485 6570 2628
486 6576 4664
487 6590 3114
488 6598 6524
489 6614 2840
490 6616 1806
491 6620 2736
492 6622 2960
493 6624 2498
494 6632 3536
495 6636 4660
496 6646 4320
497 6652 2212
498 6656 1778
499 6656 4218
500 6658 2456
501 6670 1872
502 6672 1970
503 6678 2836
504 6682 1984
505 6682 2968
506 6694 2874
507 6708 2118
508 6716 1828
509 6722 2160
510 6724 5246
511 6728 1772
512 6740 1748
513 6752 1720
514 6772 2392
515 6782 4374
516 6786 1796
517 6794 472
518 6798 2408
519 6812 1698
520 6812 2072
521 6822 3652
522 6824 1824
523 6840 6102
524 6862 6524
525 6874 6038
526 6914 5434
527 6924 3036
528 6928 2202
529 6938 5822
530 6944 4532
531 6950 6756
532 6958 4914
533 6958 5898
534 6972 7020
535 7038 5026
536 7038 5888
537 7048 2940
538 7050 1926
539 7066 6444
540 7068 4948
541 7090 1862
542 7094 4376
543 7110 4936
544 7114 420
545 7124 4368
546 7136 2168
547 7136 3916
548 7166 2674
549 7168 476
550 7174 6082
551 7186 1868
552 7200 416
553 7204 1936
554 7212 1640
555 7216 4270
556 7228 6996
557 7242 1452
558 7244 1558
559 7246 6530
560 7258 1672
561 7290 5126
562 7304 2938
563 7316 4216
564 7338 1670
565 7350 4736
566 7356 292
567 7362 364
568 7364 1490
569 7364 2776
570 7380 3076
571 7390 4190
572 7408 1832
573 7420 3828
574 7442 276
575 7476 6596
576 7486 1752
577 7508 3416
578 7514 520
579 7564 1516
580 7564 2766
581 7564 3868
582 7574 1548
583 7576 3212
584 7580 6970
585 7586 3340
586 7588 556
587 7598 3666
588 7600 3068
589 7610 4102
590 7650 2832
591 7656 6188
592 7676 2744
593 7718 2936
594 7722 3484
595 7746 1102
596 7750 2934
597 7758 3032
598 7830 2252
599 7838 2982
600 7850 5434
601 7902 3630
602 7904 3086
603 7924 3700
604 7940 858
605 7944 2262
606 7946 2896
607 7952 872
608 7974 2864
609 7980 5356
610 7994 4770
611 7994 4822
612 8004 6522
613 8016 1286
614 8020 3580
615 8046 928
616 8082 4542
617 8084 4678
618 8146 4564
619 8162 3230
620 8166 3608
621 8170 3624
622 8230 3918
623 8234 4072
624 8238 3396
625 8254 7184
626 8260 5146
627 8266 2216
628 8294 4294
629 8306 2202
630 8310 4240
631 8324 2190
632 8332 6954
633 8340 5292
634 8358 4162
635 8426 4732
636 8460 7006
637 8472 6968
638 8476 6978
639 8482 4254
640 8492 4260
641 8500 3326
642 8530 5198
643 8542 5226
644 8542 5376
645 8550 1936
646 8560 3450
647 8568 4136
648 8588 2920
649 8614 4088
650 8632 5414
651 8650 2784
652 8676 4280
653 8680 4426
654 8710 3440
655 8712 3440
656 8720 4988
657 8722 4334
658 8746 4454
659 8750 4136
660 8760 2712
661 8776 2932
662 8806 3550
663 8814 2606
664 8856 2880
665 8882 1524
666 8884 4058
667 8890 1458
668 8942 4958
669 8974 2398
670 8982 4832
671 8994 5662
672 9028 2646
673 9058 3346
674 9080 3186
675 9112 4186
676 9126 5334
677 9166 5594
678 9168 964
679 9174 5632
680 9182 5600
681 9212 4028
682 9214 4028
683 9218 4534
684 9228 4862
685 9234 1112
686 9240 4738
687 9278 4226
688 9278 4900
689 9292 952
690 9318 2756
691 9336 5904
692 9362 4226
693 9412 3088
694 9420 4208
695 9434 2322
696 9446 4790
697 9452 4230
698 9468 6414
699 9474 622
700 9510 1924
701 9530 870
702 9532 3356
703 9578 3300
704 9606 2192
705 9620 5144
706 9632 870
707 9682 4820
708 9698 3584
709 9710 2646
710 9712 986
711 9724 4404
712 9768 1520
713 9776 1198
714 9792 4202
715 9800 1188
716 9816 1386
717 9868 6138
718 9880 998
719 9950 2464
720 9960 2228
721 9966 7162
722 10120 4862
723 10182 4132
724 10188 542
725 10206 5666
726 10242 4134
727 10256 3898
728 10266 2560
729 10292 2326
730 10316 6276
731 10322 1844
732 10322 6384
733 10506 7048
734 10510 5592
735 10562 1978
736 10620 6842
737 10654 2594
738 10662 1784
739 10676 1948
740 10708 2532
741 10720 2120
742 10732 2406
743 10782 754
744 10800 1838
745 10820 2510
746 10914 4382
747 10952 1654
748 11034 1536
749 11056 3068
750 11112 2972
751 11148 1572
752 11172 5408
753 11198 808
754 11210 5344
755 11212 924
756 11242 5326
757 11274 2526
758 11322 5414
759 11328 5398
760 11372 2810
761 11470 1236
762 11496 2578
763 11498 2402
764 11504 5428
765 11558 5472
766 11576 2344
767 11592 2398
768 11628 4282
769 11632 274
770 11728 7152
771 11764 1482
772 11766 4812
773 11790 3342
774 11800 1384
775 11834 3234
776 11900 1460
777 11974 4220
778 12012 7052
779 12076 524
780 12128 1480
781 12132 4352
782 12134 1404
783 12134 1442
784 12144 7180
785 12162 7064
786 12166 1078
787 12168 438
788 12182 4326
789 12192 7106
790 12196 3100
791 12200 4326
792 12252 280
793 12288 320
794 12566 1262
795 12570 4962
796 12574 5640
797 12630 1070
798 12640 842
799 12726 568
5 8 4 1 7 3 
4 2 23 0 24 
5 15 41 27 23 1 
3 18 0 7 
3 5 6 0 
3 9 14 4 
3 16 24 4 
5 30 3 0 38 17 
4 21 12 0 11 
3 13 5 10 
3 22 9 12 
3 20 8 18 
3 10 8 21 
3 14 9 19 
3 16 5 13 
3 33 35 2 
3 49 6 14 
3 7 207 37 
3 11 3 34 
3 26 13 22 
3 29 11 68 
3 12 8 28 
3 57 19 10 
4 206 1 2 27 
3 1 6 25 
3 43 24 49 
3 46 31 19 
3 60 23 2 
3 21 29 32 
3 28 20 50 
4 45 34 7 37 
3 47 51 26 
3 28 40 44 
3 36 15 39 
3 18 30 42 
3 41 15 36 
3 48 35 33 
3 30 17 72 
2 7 212 
3 71 33 43 
3 32 50 62 
3 63 2 35 
3 61 34 45 
3 39 25 82 
3 54 32 52 
3 42 30 93 
3 47 26 59 
3 89 31 46 
3 69 63 36 
3 51 25 16 
3 40 29 68 
3 90 49 31 
3 53 44 64 
3 58 56 52 
3 55 44 56 
3 73 57 54 
3 54 53 58 
3 65 22 55 
3 78 56 53 
3 108 46 65 
3 66 206 27 
3 75 77 42 
3 64 40 107 
3 66 41 48 
3 70 52 62 
3 74 59 57 
4 83 60 63 67 
3 76 66 69 
3 50 20 77 
3 67 48 71 
3 122 105 64 
3 69 39 80 
3 37 188 93 
3 74 55 81 
3 114 65 73 
3 121 61 110 
3 84 67 79 
3 68 61 107 
3 102 88 58 
3 76 103 119 
3 71 85 99 
3 87 73 88 
3 85 43 86 
3 175 66 84 
3 276 83 76 
4 80 82 118 111 
3 82 95 118 
3 124 115 81 
3 140 81 78 
3 90 47 91 
3 95 51 89 
3 92 89 94 
3 96 95 91 
4 110 45 72 226 
3 91 106 169 
4 86 90 92 97 
3 100 92 131 
3 95 98 120 
3 97 100 117 
3 80 111 101 
3 113 98 96 
3 103 99 104 
3 151 78 105 
3 135 79 101 
3 101 116 134 
3 138 102 70 
3 94 108 109 
3 62 77 121 
3 106 59 112 
3 169 106 112 
3 129 75 93 
3 99 85 160 
3 109 108 130 
3 117 100 132 
3 130 74 115 
3 114 87 123 
3 134 104 154 
3 98 113 128 
3 85 86 152 
3 79 135 340 
3 149 97 128 
3 107 75 126 
3 141 70 125 
3 158 115 124 
3 140 123 87 
3 177 122 127 
3 127 121 129 
3 125 126 137 
3 120 117 142 
4 380 133 126 110 
3 158 112 114 
3 132 96 143 
3 113 131 145 
3 136 137 129 
3 144 104 116 
4 119 103 144 332 
3 164 139 133 
3 153 127 133 
3 166 105 141 
3 162 182 136 
3 167 124 88 
3 180 138 122 
3 147 128 146 
3 131 171 161 
3 135 134 156 
3 146 132 155 
3 148 142 145 
3 150 142 148 
3 147 146 173 
3 152 120 150 
3 149 147 168 
3 166 167 102 
3 118 149 165 
3 157 176 137 
3 159 116 160 
3 145 163 170 
3 144 159 278 
3 183 179 153 
3 187 130 123 
3 156 154 178 
3 154 111 165 
3 163 143 185 
3 197 139 164 
3 170 155 161 
3 192 162 136 
3 160 152 255 
3 196 151 138 
3 202 140 151 
3 150 174 190 
3 171 94 109 
3 172 155 163 
3 143 169 181 
3 173 170 209 
3 174 148 172 
3 190 168 173 
3 300 286 83 
3 179 177 153 
3 186 125 176 
3 159 257 266 
3 199 176 157 
3 195 141 186 
3 185 171 184 
3 191 183 139 
3 199 157 182 
3 217 181 187 
3 214 161 181 
3 189 180 177 
3 184 158 198 
3 72 207 223 
3 205 194 186 
3 168 174 247 
3 208 182 197 
3 401 193 164 
3 256 220 192 
3 200 195 189 
3 196 180 194 
3 204 166 195 
3 210 191 162 
3 217 187 201 
3 205 179 183 
3 234 229 194 
3 203 198 202 
3 201 167 204 
3 215 216 201 
3 218 202 196 
3 211 189 199 
5 291 466 23 60 288 
4 235 188 17 212 
3 213 191 210 
3 172 214 221 
3 227 208 197 
3 233 205 213 
4 207 38 333 301 
3 254 211 208 
3 221 209 185 
3 219 224 203 
3 224 225 203 
3 222 184 198 
3 219 204 228 
3 242 215 218 
3 237 227 193 
3 209 214 230 
3 230 217 225 
3 232 188 245 
3 238 216 215 
3 236 222 216 
3 250 93 231 
3 277 210 220 
3 243 218 229 
3 244 228 200 
3 239 221 222 
3 249 226 232 
3 241 231 223 
3 234 211 246 
3 252 200 233 
3 304 245 207 
3 240 225 238 
3 292 220 256 
3 248 236 224 
3 247 230 240 
3 239 236 248 
3 253 232 264 
3 248 219 243 
3 242 228 251 
3 298 251 229 
3 264 223 235 
3 271 233 254 
3 258 190 239 
4 259 240 238 242 
3 250 231 253 
3 404 226 249 
3 260 243 244 
3 298 234 273 
3 425 249 241 
3 246 213 270 
3 257 165 258 
3 498 237 193 
3 263 178 255 
3 255 247 262 
3 262 248 261 
3 267 261 251 
3 265 259 260 
3 280 258 259 
3 266 257 269 
3 365 241 245 
2 268 261 
3 281 178 263 
3 272 260 284 
3 280 265 272 
3 263 279 282 
3 285 254 274 
3 273 246 285 
3 283 268 267 
3 275 252 271 
3 312 270 277 
3 308 273 296 
3 302 84 393 
3 274 227 287 
3 339 156 281 
3 282 269 280 
4 279 262 268 290 
4 278 266 294 315 
3 294 269 279 
3 290 272 289 
3 297 267 309 
3 303 271 270 
3 288 175 306 
3 312 277 293 
3 206 286 416 
3 299 283 297 
3 280 283 307 
3 397 466 206 
3 295 293 237 
3 311 287 292 
3 281 282 321 
3 348 292 329 
3 334 275 305 
3 310 289 284 
3 309 244 252 
3 314 289 310 
3 306 175 302 
3 346 212 333 
3 300 276 313 
3 367 305 285 
4 437 363 365 235 
3 330 296 303 
3 286 300 488 
3 338 290 314 
3 324 316 275 
3 284 298 318 
3 323 299 297 
3 361 369 293 
3 370 274 287 
3 302 418 355 
3 307 299 323 
3 281 321 352 
3 319 317 308 
3 318 316 319 
3 328 309 317 
3 317 316 320 
3 326 319 322 
3 315 294 344 
3 325 320 324 
3 327 314 310 
3 322 308 337 
3 336 322 342 
3 336 328 320 
3 338 323 331 
3 331 318 326 
3 348 295 439 
3 351 335 305 
3 343 327 328 
3 340 135 341 
3 792 301 212 
3 337 296 335 
3 356 334 330 
3 345 326 325 
3 342 324 334 
3 344 307 327 
3 341 278 395 
3 390 119 332 
3 332 339 412 
3 354 325 337 
3 357 331 345 
3 321 338 347 
3 349 343 336 
3 452 434 301 
3 352 344 350 
3 374 295 329 
3 362 345 358 
3 427 347 357 
3 364 353 330 
3 395 315 347 
3 368 359 351 
3 360 342 356 
3 313 525 432 
3 354 335 359 
3 350 343 362 
3 349 360 376 
3 366 356 353 
3 358 354 366 
3 391 383 311 
3 357 349 379 
3 448 435 304 
3 368 351 367 
3 424 264 304 
3 376 360 359 
3 364 303 370 
3 371 353 364 
3 385 372 311 
3 373 367 312 
3 382 375 368 
3 381 373 369 
3 377 370 372 
3 406 391 348 
3 378 371 384 
3 378 358 366 
3 398 373 381 
3 386 376 375 
3 362 386 442 
3 405 419 129 
3 392 377 372 
3 384 371 387 
3 407 385 361 
3 388 375 382 
3 409 369 383 
3 379 378 389 
3 394 382 398 
3 389 384 394 
3 386 388 429 
3 393 340 422 
3 407 361 374 
3 396 381 409 
3 276 390 430 
3 388 387 399 
3 412 339 352 
3 408 400 392 
3 477 291 446 
3 403 387 377 
3 410 394 403 
3 402 415 396 
3 513 192 419 
3 414 400 408 
3 411 399 398 
3 557 405 250 
3 558 380 404 
3 423 374 431 
3 413 383 391 
3 420 402 396 
3 392 385 417 
4 454 429 399 411 
3 410 403 428 
3 421 341 395 
3 417 407 426 
3 473 415 402 
3 428 400 414 
3 556 288 531 
3 433 409 413 
3 313 430 478 
3 519 401 380 
3 457 408 433 
3 422 412 427 
3 447 390 421 
3 426 406 444 
3 517 425 365 
3 557 253 424 
3 436 413 423 
3 421 350 468 
3 411 415 472 
3 443 389 410 
3 418 393 451 
3 406 438 441 
3 488 355 523 
3 420 417 440 
3 437 346 452 
3 566 544 363 
3 445 440 426 
3 448 304 434 
3 441 431 449 
3 449 329 490 
3 464 433 436 
3 431 438 450 
3 476 379 443 
3 442 429 462 
3 453 423 450 
3 459 436 453 
3 397 534 636 
3 451 422 486 
3 574 363 437 
3 438 439 474 
3 444 441 463 
3 430 447 467 
3 769 434 346 
4 458 445 444 455 
3 462 410 480 
3 456 453 463 
3 460 455 502 
3 494 420 464 
3 465 453 460 
3 461 445 465 
3 458 456 469 
2 470 459 
3 499 443 454 
3 455 450 474 
3 487 457 440 
3 471 459 458 
5 206 291 477 625 784 
3 481 451 495 
3 486 427 476 
3 484 460 497 
3 487 461 475 
3 475 465 482 
3 479 428 473 
3 472 414 494 
3 463 449 501 
3 492 470 471 
3 468 442 496 
3 466 397 721 
3 529 418 483 
3 480 472 521 
3 547 454 479 
3 532 510 467 
4 491 489 471 484 
3 478 510 526 
3 482 469 485 
3 491 484 493 
4 447 468 515 495 
3 587 464 470 
3 524 306 432 
3 506 505 482 
3 508 439 498 
3 503 482 485 
3 505 577 475 
3 485 497 500 
3 521 473 457 
3 467 486 530 
3 515 476 499 
3 493 469 507 
3 490 256 511 
3 555 496 462 
3 493 509 514 
3 502 474 508 
3 504 456 501 
3 537 506 491 
3 520 507 502 
3 527 492 489 
3 527 489 503 
3 509 497 504 
3 501 490 522 
3 500 507 520 
3 483 481 535 
3 516 498 512 
3 516 511 513 
3 512 401 519 
3 518 500 528 
3 542 486 496 
3 522 511 512 
3 549 595 424 
3 548 514 546 
3 513 419 554 
3 509 504 538 
3 573 479 494 
3 541 508 516 
3 432 525 550 
3 559 488 539 
3 523 355 533 
3 529 483 561 
3 585 505 506 
3 514 538 553 
3 533 478 526 
3 532 495 542 
3 584 416 575 
3 540 481 530 
3 525 529 536 
2 446 556 
3 561 510 540 
3 550 533 600 
3 570 503 562 
3 528 520 541 
3 559 524 591 
3 535 532 543 
3 551 538 522 
3 530 515 545 
3 633 540 565 
3 549 435 552 
3 565 542 555 
3 598 518 572 
3 563 480 573 
3 569 562 518 
3 607 517 544 
3 591 523 536 
3 553 541 560 
3 578 544 567 
3 528 551 572 
3 560 519 558 
3 545 499 563 
3 534 416 584 
3 568 404 425 
3 554 405 568 
3 575 524 539 
3 551 554 564 
3 609 526 535 
3 570 537 548 
3 555 547 571 
3 576 560 582 
3 611 543 545 
3 567 435 574 
3 578 552 566 
3 579 558 557 
3 588 548 580 
3 583 537 562 
3 610 563 589 
3 546 553 576 
3 581 547 521 
3 566 448 769 
3 531 559 612 
3 631 572 564 
3 594 601 492 
3 586 552 567 
3 582 568 613 
3 590 569 592 
3 589 573 587 
3 645 564 579 
3 585 570 588 
3 556 531 632 
3 594 527 583 
3 699 604 578 
3 603 581 487 
3 583 569 597 
3 616 571 581 
3 593 580 592 
3 539 550 671 
3 590 580 598 
3 597 590 596 
3 614 577 585 
3 613 517 615 
3 599 593 605 
3 602 588 593 
3 605 592 546 
3 602 596 606 
3 671 536 609 
3 603 577 614 
3 619 597 599 
3 623 587 601 
3 701 607 586 
3 596 598 627 
3 648 599 608 
3 615 549 604 
3 606 627 651 
3 650 600 561 
3 611 571 617 
3 626 565 610 
3 632 575 691 
3 667 579 595 
3 620 601 594 
3 678 595 607 
3 618 617 589 
3 626 610 616 
3 642 616 628 
3 641 624 602 
3 621 614 624 
3 647 622 620 
3 634 623 621 
3 630 603 622 
3 646 620 619 
3 466 721 784 
3 633 611 617 
3 608 605 629 
3 635 618 630 
3 663 627 631 
3 628 623 634 
3 669 629 576 
3 637 584 612 
3 644 543 626 
3 639 630 622 
3 642 628 639 
3 733 446 638 
3 638 632 698 
3 636 637 736 
3 640 635 634 
3 652 653 639 
3 654 619 661 
3 643 618 635 
3 644 642 656 
3 650 633 643 
3 669 582 665 
3 649 624 654 
3 652 621 649 
3 661 606 651 
3 659 647 646 
3 677 609 644 
3 648 608 660 
3 657 640 647 
3 658 656 640 
3 655 646 641 
3 662 654 674 
3 643 653 668 
3 658 652 659 
3 670 653 657 
3 657 649 666 
3 651 663 672 
3 641 648 664 
3 666 655 673 
3 660 629 669 
3 661 672 690 
3 645 667 685 
3 675 659 662 
3 665 613 678 
3 676 656 670 
4 663 631 645 700 
3 684 668 658 
3 591 600 679 
3 664 660 695 
3 681 662 674 
3 673 655 690 
3 683 666 681 
3 677 668 688 
3 680 650 676 
3 667 615 689 
3 691 671 680 
3 679 677 705 
3 682 675 673 
3 687 681 693 
3 686 675 687 
3 688 670 686 
3 713 665 689 
3 684 683 692 
3 692 683 682 
3 676 684 696 
3 685 678 701 
4 693 674 664 709 
3 717 612 679 
3 686 687 694 
3 702 682 690 
3 697 692 702 
3 672 700 704 
3 707 688 697 
3 711 696 694 
3 637 717 732 
3 706 586 724 
3 695 669 712 
3 706 689 604 
3 694 693 703 
3 708 702 709 
3 720 695 712 
3 725 680 707 
3 710 701 699 
3 722 705 696 
3 714 703 728 
3 703 690 719 
3 718 715 706 
3 722 697 714 
3 704 700 716 
3 716 685 715 
3 711 708 723 
3 738 713 710 
3 731 712 713 
4 730 698 691 725 
3 748 710 743 
3 709 720 729 
3 719 704 731 
3 625 477 770 
3 754 707 711 
3 726 714 727 
3 743 699 792 
3 717 705 734 
3 746 723 727 
3 726 723 737 
3 737 708 729 
3 728 719 735 
3 732 717 734 
3 735 720 716 
3 736 698 730 
3 778 770 636 
3 730 725 752 
3 729 731 739 
3 778 638 732 
3 727 728 740 
3 744 739 715 
3 741 735 738 
3 746 737 742 
3 745 742 739 
3 745 740 741 
3 753 718 724 
3 750 738 747 
3 749 742 741 
3 756 726 740 
3 757 744 748 
3 751 747 718 
3 764 745 750 
3 768 749 744 
3 757 748 755 
3 758 734 754 
3 755 743 779 
3 752 722 756 
3 761 751 753 
3 759 754 746 
3 760 747 751 
3 785 752 759 
3 764 758 756 
3 768 757 762 
3 771 763 755 
3 777 760 763 
3 762 761 766 
3 765 759 749 
3 785 764 772 
3 767 763 771 
3 773 766 776 
3 772 750 760 
3 792 574 452 
3 784 721 733 
3 766 761 774 
3 765 768 777 
3 777 767 775 
3 776 771 779 
3 788 773 780 
3 767 774 782 
4 781 772 762 773 
3 785 733 736 
3 774 753 787 
3 790 775 783 
3 795 777 788 
3 783 776 786 
3 780 782 794 
4 466 625 770 789 
4 789 778 758 765 
3 782 787 798 
3 786 779 793 
3 791 781 775 
3 784 785 796 
3 791 780 794 
3 795 788 790 
5 799 793 724 769 333 
3 799 787 792 
3 790 783 797 
4 796 781 791 797 
3 789 795 799 
3 795 794 798 
3 797 786 799 
4 796 798 793 792 
