25
0 656 4986
1 992 1946
2 2306 3304
3 2484 1848
4 2602 5008
5 2708 612
6 3684 3864
7 3910 4330
8 4676 4752
9 4902 3138
10 4932 2922
11 5202 3802
12 5324 4696
13 5514 4008
14 5770 2996
15 5790 4904
16 5814 4574
17 6280 2460
18 8008 4862
19 9172 4102
20 9968 3030
21 10008 2820
22 11018 6704
23 11764 1478
24 12362 676
3 4 22 1 
4 2 0 5 3 
3 6 4 1 
4 17 10 1 24 
6 22 0 2 7 8 15 
2 24 1 
3 7 2 9 
3 8 4 6 
3 4 7 12 
3 11 6 10 
3 14 9 3 
3 13 12 9 
3 15 8 11 
3 16 11 14 
3 13 10 17 
4 4 12 16 18 
3 15 13 17 
4 21 16 14 3 
3 22 15 19 
3 22 18 20 
3 19 21 23 
3 20 17 23 
6 0 4 18 19 23 24 
4 22 20 21 24 
4 22 23 3 5 
