2000
0 74 10948
1 388 10152
2 458 1682
3 520 4282
4 530 4276
5 530 10370
6 592 2046
7 614 1756
8 646 10006
9 650 10052
10 654 1640
11 680 2154
12 686 2194
13 720 3958
14 722 1562
15 742 2276
16 772 3856
17 788 2766
18 788 9948
19 790 9708
20 808 3046
21 820 3122
22 836 1140
23 838 3758
24 842 2224
25 848 2226
26 848 9524
27 850 2334
28 852 1920
29 854 2408
30 862 1310
31 862 3046
32 864 3268
33 874 2084
34 876 1768
35 882 4130
36 892 2716
37 904 9958
38 906 3070
39 910 2532
40 914 1612
41 930 3334
42 934 3084
43 934 4186
44 944 9496
45 954 2220
46 964 2938
47 976 2522
48 980 3142
49 998 3354
50 1040 10542
51 1048 1148
52 1060 1580
53 1060 4460
54 1064 4382
55 1066 10114
56 1066 10118
57 1092 4442
58 1146 2862
59 1164 4276
60 1174 4106
61 1190 632
62 1218 2628
63 1228 2712
64 1244 2798
65 1278 4068
66 1286 4468
67 1306 2880
68 1352 3012
69 1452 2250
70 1504 1694
71 1534 748
72 1540 704
73 1542 3274
74 1550 11404
75 1582 11424
76 1594 2630
77 1596 3366
78 1662 10338
79 1664 732
80 1734 3406
81 1804 2918
82 1866 4328
83 1870 10440
84 1882 714
85 1922 10442
86 1936 3954
87 1938 11086
88 1966 10588
89 1980 2690
90 1990 10584
91 2072 2398
92 2086 4038
93 2148 10388
94 2152 458
95 2160 10620
96 2182 13322
97 2186 10618
98 2224 320
99 2234 11078
100 2266 254
101 2300 10356
102 2388 11102
103 2436 372
104 2438 822
105 2454 4444
106 2456 4432
107 2464 11342
108 2466 4454
109 2472 212
110 2552 11260
111 2580 2980
112 2680 2902
113 2692 3684
114 2744 798
115 2756 3936
116 2772 2296
117 2776 4408
118 2858 3658
119 2950 3588
120 2974 1092
121 3058 11868
122 3064 4398
123 3072 984
124 3102 2398
125 3154 11768
126 3176 11864
127 3256 11892
128 3258 4396
129 3262 11760
130 3274 3226
131 3292 4124
132 3300 3084
133 3312 12796
134 3328 10358
135 3330 456
136 3352 2368
137 3362 2862
138 3388 430
139 3400 11914
140 3412 9508
141 3420 11864
142 3444 11656
143 3476 2728
144 3524 3566
145 3534 2978
146 3536 4194
147 3550 11900
148 3586 708
149 3592 7204
150 3594 9332
151 3612 11828
152 3624 4452
153 3628 1046
154 3632 2530
155 3640 1774
156 3648 9416
157 3652 4450
158 3666 11832
159 3680 2522
160 3696 11744
161 3710 2614
162 3714 12028
163 3728 2204
164 3736 2626
165 3742 1090
166 3754 2704
167 3760 2598
168 3768 2790
169 3770 2684
170 3782 9306
171 3786 2694
172 3788 2704
173 3792 11998
174 3798 2588
175 3802 624
176 3802 680
177 3802 11864
178 3820 3818
179 3830 2356
180 3848 2442
181 3862 11084
182 3868 9290
183 3872 7364
184 3872 11898
185 3908 8932
186 3908 9380
187 3910 2622
188 3914 2668
189 3918 2942
190 3944 4460
191 3948 10384
192 3970 2648
193 3984 8950
194 3986 12800
195 3994 1208
196 3994 9334
197 3994 9392
198 3996 4420
199 4000 12988
200 4004 11254
201 4006 4396
202 4030 4262
203 4046 10336
204 4058 2750
205 4060 2772
206 4062 7052
207 4066 9478
208 4068 12152
209 4078 2832
210 4078 12002
211 4090 2788
212 4118 10296
213 4166 9374
214 4180 3900
215 4186 11972
216 4196 9402
217 4214 4330
218 4214 4430
219 4226 10576
220 4230 1020
221 4276 9338
222 4276 10576
223 4296 11350
224 4304 4392
225 4326 4362
226 4328 10636
227 4330 10552
228 4336 9306
229 4336 10436
230 4336 10782
231 4338 2030
232 4342 4262
233 4350 6968
234 4364 10108
235 4378 4072
236 4410 4160
237 4414 2428
238 4444 2820
239 4454 13002
240 4458 10362
241 4464 9272
242 4478 10020
243 4480 10308
244 4490 9302
245 4496 9308
246 4508 6850
247 4514 12744
248 4516 4316
249 4518 3820
250 4528 4326
251 4540 484
252 4550 10340
253 4596 4312
254 4604 10538
255 4612 10296
256 4618 3278
257 4630 9446
258 4638 10546
259 4648 10224
260 4662 12588
261 4666 6794
262 4676 10514
263 4680 12804
264 4682 7310
265 4682 9960
266 4686 9232
267 4688 10262
268 4690 10382
269 4692 3858
270 4694 10496
271 4694 10640
272 4704 10404
273 4708 6702
274 4712 10212
275 4718 10512
276 4718 11386
277 4720 820
278 4726 9292
279 4732 9838
280 4736 9896
281 4748 880
282 4758 10422
283 4782 10614
284 4788 9876
285 4798 10080
286 4798 12898
287 4812 7610
288 4812 10068
289 4832 7276
290 4836 2000
291 4848 3800
292 4850 10668
293 4856 9840
294 4866 11292
295 4872 1102
296 4874 9754
297 4876 11394
298 4880 6504
299 4882 12894
300 4898 10574
301 4904 8852
302 4922 3124
303 4930 3524
304 4932 4430
305 4942 6494
306 4942 9938
307 4944 6302
308 4952 938
309 4980 9990
310 4986 3690
311 4990 11632
312 5006 4276
313 5010 7292
314 5022 11182
315 5028 3312
316 5030 10560
317 5042 4070
318 5044 3148
319 5052 9864
320 5064 11304
321 5070 3616
322 5070 10148
323 5080 9774
324 5082 1038
325 5090 4090
326 5102 10496
327 5102 11194
328 5104 11266
329 5106 11348
330 5114 9848
331 5120 13242
332 5126 4480
333 5134 10348
334 5140 10700
335 5152 10968
336 5164 11140
337 5168 10018
338 5170 9632
339 5172 9846
340 5180 9896
341 5196 10264
342 5210 8924
343 5218 4502
344 5230 10460
345 5234 2154
346 5240 9942
347 5242 11154
348 5254 10562
349 5256 2144
350 5260 10194
351 5262 10216
352 5270 11214
353 5272 11170
354 5282 11128
355 5282 11206
356 5286 5908
357 5288 5036
358 5308 2050
359 5312 1560
360 5320 10792
361 5330 1010
362 5330 9144
363 5344 5246
364 5346 2090
365 5346 10156
366 5348 10474
367 5360 7868
368 5362 8916
369 5364 10174
370 5366 7870
371 5368 3168
372 5376 5790
373 5402 10326
374 5406 1028
375 5414 10250
376 5414 10368
377 5418 9214
378 5420 9750
379 5432 1044
380 5438 1192
381 5438 5802
382 5442 3352
383 5450 10768
384 5480 10724
385 5486 9760
386 5500 9776
387 5534 3654
388 5558 7196
389 5560 9594
390 5566 2216
391 5584 10558
392 5586 10046
393 5594 4020
394 5596 6498
395 5636 1458
396 5638 1308
397 5644 2198
398 5658 5404
399 5664 1966
400 5674 9546
401 5678 7646
402 5688 10222
403 5692 9280
404 5700 3174
405 5708 1400
406 5714 9208
407 5722 9222
408 5730 10970
409 5736 1482
410 5738 10366
411 5746 4198
412 5750 3664
413 5772 1694
414 5794 5288
415 5796 8892
416 5800 8890
417 5802 1984
418 5802 9572
419 5806 7976
420 5812 5892
421 5814 9462
422 5820 6716
423 5824 9044
424 5826 10580
425 5828 9460
426 5834 9490
427 5840 9256
428 5842 9610
429 5844 9308
430 5848 9470
431 5852 9226
432 5874 1788
433 5884 4180
434 5902 2216
435 5904 3312
436 5912 10528
437 5934 4200
438 5934 9818
439 5944 1728
440 5974 2396
441 5974 9430
442 5984 7976
443 5986 2460
444 6002 9254
445 6014 5958
446 6016 2524
447 6024 9706
448 6024 9970
449 6032 10038
450 6046 8008
451 6066 9652
452 6104 4204
453 6152 3604
454 6158 10294
455 6164 4948
456 6174 7226
457 6180 10062
458 6188 8072
459 6200 4984
460 6208 13492
461 6246 2640
462 6284 5300
463 6290 8002
464 6304 4870
465 6304 9446
466 6344 8072
467 6344 8268
468 6346 7858
469 6374 6862
470 6394 5098
471 6424 5052
472 6444 5522
473 6464 8170
474 6466 3218
475 6472 8178
476 6508 3324
477 6514 6826
478 6556 8100
479 6566 8106
480 6568 9146
481 6598 8342
482 6612 7090
483 6642 3102
484 6646 13240
485 6652 4816
486 6656 4712
487 6658 9462
488 6658 9664
489 6684 9210
490 6700 9634
491 6718 9534
492 6726 5282
493 6744 9640
494 6746 74
495 6760 3064
496 6760 9644
497 6776 4386
498 6778 4520
499 6778 7642
500 6782 9222
501 6784 4772
502 6786 4464
503 6796 7638
504 6828 82
505 6836 7624
506 6844 5468
507 6856 7448
508 6860 110
509 6866 5402
510 6870 4516
511 6894 3920
512 6900 14162
513 6920 3960
514 6970 7724
515 7016 5552
516 7024 7768
517 7024 9872
518 7050 4448
519 7056 7682
520 7058 174
521 7068 7814
522 7080 3148
523 7082 3436
524 7092 7620
525 7110 8956
526 7122 3492
527 7122 3626
528 7124 3322
529 7146 7122
530 7168 3248
531 7170 3860
532 7174 8976
533 7184 3364
534 7190 14168
535 7192 4478
536 7192 6918
537 7196 3234
538 7202 8096
539 7208 14124
540 7222 7856
541 7256 7484
542 7258 3292
543 7274 4736
544 7284 8096
545 7288 7568
546 7304 364
547 7316 4932
548 7326 7122
549 7338 4580
550 7348 7588
551 7360 7592
552 7366 7844
553 7380 7656
554 7382 4300
555 7382 5362
556 7400 114
557 7414 9012
558 7452 8976
559 7458 5600
560 7458 7700
561 7462 3414
562 7464 7576
563 7490 7876
564 7496 8000
565 7504 3380
566 7504 7662
567 7512 7232
568 7520 7236
569 7528 3728
570 7542 7414
571 7554 2152
572 7584 2182
573 7594 7014
574 7596 3420
575 7610 8780
576 7616 8696
577 7618 8876
578 7622 7660
579 7652 3394
580 7660 374
581 7666 8924
582 7680 3978
583 7690 8196
584 7690 8782
585 7700 4028
586 7702 8944
587 7704 5348
588 7708 8848
589 7714 7808
590 7744 9154
591 7746 4102
592 7748 4060
593 7748 7800
594 7770 9016
595 7794 3644
596 7802 8616
597 7818 3702
598 7822 4308
599 7836 6552
600 7844 366
601 7852 424
602 7856 4552
603 7868 4340
604 7872 8846
605 7910 8624
606 7928 7304
607 7928 8488
608 7938 8798
609 7944 8048
610 7968 424
611 7974 7276
612 7976 8118
613 7978 8040
614 8008 8314
615 8016 9072
616 8030 8196
617 8030 8668
618 8072 8106
619 8082 5902
620 8082 5974
621 8090 7512
622 8098 8698
623 8102 4588
624 8102 7502
625 8116 9282
626 8118 8434
627 8146 8686
628 8160 8862
629 8166 8878
630 8180 8392
631 8198 5156
632 8206 428
633 8218 5798
634 8222 5786
635 8230 8790
636 8238 9024
637 8270 9164
638 8288 7874
639 8292 9076
640 8296 4512
641 8312 5438
642 8316 9128
643 8324 4654
644 8326 486
645 8326 5408
646 8326 7636
647 8332 8864
648 8340 478
649 8340 4550
650 8358 8594
651 8376 8672
652 8402 524
653 8402 4818
654 8412 8798
655 8428 4930
656 8434 5768
657 8434 5830
658 8442 8846
659 8456 7366
660 8460 5198
661 8474 5984
662 8482 7810
663 8490 9434
664 8496 202
665 8498 4518
666 8506 380
667 8512 8890
668 8516 9556
669 8528 8532
670 8536 5692
671 8540 330
672 8548 9030
673 8548 9142
674 8564 9568
675 8570 4674
676 8572 4606
677 8584 9558
678 8588 6394
679 8594 9058
680 8602 250
681 8630 4728
682 8632 8814
683 8644 8750
684 8652 208
685 8670 8592
686 8670 9674
687 8684 8916
688 8692 5692
689 8698 8460
690 8698 8680
691 8700 8268
692 8702 4728
693 8706 9000
694 8714 8904
695 8726 8636
696 8740 9670
697 8742 7626
698 8744 9024
699 8754 9478
700 8770 4884
701 8774 9766
702 8784 8932
703 8790 9430
704 8796 9024
705 8812 5898
706 8812 6544
707 8816 5832
708 8820 8500
709 8822 8912
710 8822 8952
711 8824 5064
712 8834 6000
713 8834 9526
714 8840 8936
715 8842 8962
716 8862 7090
717 8864 9574
718 8868 9924
719 8870 5660
720 8870 9772
721 8888 6370
722 8892 4634
723 8896 8684
724 8906 6412
725 8906 8902
726 8916 9540
727 8924 5330
728 8936 9094
729 8942 8932
730 8970 9768
731 8976 8162
732 8984 9788
733 8996 6372
734 9004 8862
735 9016 8656
736 9016 9440
737 9024 9044
738 9026 9064
739 9030 4574
740 9034 9688
741 9036 4442
742 9042 5766
743 9042 9124
744 9048 8576
745 9052 6908
746 9080 8946
747 9086 9328
748 9090 8776
749 9094 10010
750 9098 9484
751 9104 6476
752 9106 9352
753 9110 6474
754 9124 9786
755 9134 5442
756 9146 9720
757 9164 9866
758 9194 8916
759 9204 5424
760 9210 8354
761 9222 7898
762 9228 8344
763 9236 6572
764 9240 9388
765 9258 4378
766 9274 9222
767 9288 9206
768 9296 8984
769 9310 9670
770 9312 4348
771 9332 6382
772 9340 9426
773 9352 13876
774 9364 4350
775 9364 5600
776 9372 9550
777 9376 9622
778 9394 13810
779 9396 10110
780 9408 8122
781 9410 6080
782 9410 13644
783 9422 8732
784 9424 8924
785 9432 10100
786 9434 14306
787 9438 9114
788 9460 10334
789 9462 6536
790 9478 6242
791 9480 9134
792 9490 7896
793 9524 8376
794 9530 6702
795 9540 7918
796 9562 5748
797 9564 9144
798 9566 9044
799 9568 4878
800 9574 8840
801 9584 4872
802 9586 8232
803 9588 9716
804 9592 4826
805 9594 5634
806 9598 4338
807 9612 8038
808 9618 8228
809 9640 8934
810 9644 4262
811 9654 8224
812 9664 4218
813 9670 7634
814 9684 7598
815 9686 4224
816 9686 8866
817 9692 6160
818 9714 4488
819 9726 8174
820 9760 9256
821 9762 9954
822 9766 9490
823 9766 9522
824 9788 9626
825 9794 4288
826 9798 6464
827 9804 5576
828 9818 7504
829 9820 224
830 9820 8890
831 9824 6196
832 9844 5856
833 9850 9222
834 9862 7922
835 9862 9326
836 9864 10164
837 9884 7968
838 9892 9404
839 9896 4502
840 9900 6224
841 9932 7208
842 9958 136
843 9970 9178
844 9980 7744
845 9994 6800
846 10000 7998
847 10000 9256
848 10008 9136
849 10008 9296
850 10018 9312
851 10030 8956
852 10042 9314
853 10056 8910
854 10058 9692
855 10098 8520
856 10104 9178
857 10106 6566
858 10112 6914
859 10118 138
860 10118 9298
861 10126 9410
862 10132 10292
863 10138 7650
864 10154 504
865 10186 4564
866 10186 9888
867 10196 7862
868 10200 4586
869 10204 8354
870 10212 8352
871 10214 6974
872 10218 9330
873 10224 9868
874 10260 6460
875 10268 440
876 10270 9236
877 10276 8848
878 10292 9334
879 10294 8080
880 10302 9172
881 10302 9326
882 10308 6478
883 10308 7734
884 10312 9768
885 10322 9168
886 10332 8218
887 10334 8846
888 10334 9780
889 10338 7048
890 10350 8928
891 10352 10308
892 10388 6948
893 10396 8634
894 10400 5466
895 10404 6870
896 10406 8008
897 10416 9630
898 10436 5840
899 10442 5136
900 10448 6566
901 10454 6148
902 10456 7010
903 10462 5372
904 10466 10206
905 10470 7470
906 10478 10476
907 10490 5208
908 10492 5344
909 10502 6680
910 10512 9120
911 10546 5418
912 10552 5248
913 10566 6962
914 10574 5366
915 10574 5434
916 10576 5610
917 10588 5506
918 10592 5206
919 10632 8040
920 10632 8062
921 10632 9218
922 10638 5224
923 10642 5512
924 10642 9344
925 10644 5462
926 10650 8058
927 10660 540
928 10670 7296
929 10676 5204
930 10680 7430
931 10686 8692
932 10710 6942
933 10720 5588
934 10722 9298
935 10736 7424
936 10740 5364
937 10754 10032
938 10760 6806
939 10766 7092
940 10778 4710
941 10780 108
942 10798 148
943 10800 13372
944 10804 13274
945 10814 7436
946 10820 9764
947 10822 8480
948 10840 7586
949 10842 9224
950 10848 8360
951 10858 394
952 10860 4830
953 10876 10006
954 10886 8110
955 10896 9068
956 10918 8192
957 10922 5368
958 10928 5242
959 10930 7714
960 10948 8260
961 10954 7760
962 10962 5510
963 10962 11778
964 10970 8178
965 10990 5828
966 10994 7784
967 10998 8884
968 11030 7936
969 11052 9540
970 11058 9588
971 11062 9378
972 11068 7754
973 11072 5552
974 11072 8132
975 11084 4960
976 11086 8514
977 11088 9970
978 11090 8328
979 11098 10314
980 11104 13366
981 11118 8488
982 11124 13380
983 11130 8324
984 11132 5594
985 11134 9576
986 11142 5902
987 11144 6816
988 11158 9246
989 11160 8454
990 11164 14082
991 11168 8200
992 11174 9556
993 11174 9600
994 11196 5886
995 11210 8472
996 11214 7990
997 11226 9444
998 11228 10270
999 11238 8078
1000 11242 8592
1001 11246 8616
1002 11248 7844
1003 11256 8072
1004 11258 7802
1005 11294 2244
1006 11310 12444
1007 11324 9156
1008 11344 10296
1009 11346 5106
1010 11358 7836
1011 11360 7618
1012 11364 12096
1013 11372 5656
1014 11372 5778
1015 11374 7046
1016 11378 5118
1017 11388 8884
1018 11392 6958
1019 11392 8646
1020 11400 2216
1021 11402 8444
1022 11404 5432
1023 11412 5494
1024 11418 5626
1025 11418 10150
1026 11424 14060
1027 11428 12090
1028 11444 5868
1029 11448 11974
1030 11450 5016
1031 11458 7690
1032 11462 5394
1033 11472 7580
1034 11476 11828
1035 11478 7766
1036 11504 5864
1037 11532 5684
1038 11546 13634
1039 11548 8946
1040 11552 14038
1041 11592 7978
1042 11596 5340
1043 11600 11674
1044 11626 6168
1045 11628 6908
1046 11630 5496
1047 11630 7596
1048 11638 5596
1049 11648 11290
1050 11652 9218
1051 11654 11712
1052 11656 5652
1053 11662 1884
1054 11662 5568
1055 11670 8584
1056 11672 3848
1057 11686 5454
1058 11686 11910
1059 11696 8778
1060 11710 360
1061 11710 7582
1062 11720 13966
1063 11732 2958
1064 11734 6540
1065 11740 5824
1066 11752 8306
1067 11754 13918
1068 11774 13890
1069 11782 2298
1070 11784 7120
1071 11812 5700
1072 11814 12578
1073 11826 8426
1074 11832 13848
1075 11854 9800
1076 11856 7248
1077 11860 7688
1078 11868 5622
1079 11882 4864
1080 11886 14128
1081 11888 9592
1082 11898 5376
1083 11898 11908
1084 11900 6086
1085 11900 12664
1086 11916 4908
1087 11920 14306
1088 11934 12592
1089 11936 222
1090 11936 756
1091 11940 5754
1092 11948 746
1093 11972 5472
1094 11994 634
1095 11996 5564
1096 11996 12598
1097 12020 12484
1098 12024 6102
1099 12032 5482
1100 12034 8980
1101 12046 14112
1102 12052 5414
1103 12052 8432
1104 12052 12060
1105 12054 7476
1106 12068 9950
1107 12076 14236
1108 12078 10560
1109 12094 8236
1110 12096 7602
1111 12112 9756
1112 12128 5260
1113 12130 14092
1114 12136 5586
1115 12148 5252
1116 12150 12118
1117 12154 5152
1118 12160 5718
1119 12168 398
1120 12170 13962
1121 12174 10386
1122 12176 10494
1123 12190 7466
1124 12194 5480
1125 12204 4698
1126 12204 5114
1127 12206 5462
1128 12230 4610
1129 12232 5660
1130 12232 5708
1131 12236 14348
1132 12242 13872
1133 12248 14028
1134 12256 5226
1135 12278 5204
1136 12280 9744
1137 12282 4688
1138 12294 5178
1139 12298 6150
1140 12308 4674
1141 12320 5244
1142 12380 5220
1143 12380 10706
1144 12384 14312
1145 12388 5444
1146 12392 5140
1147 12400 4598
1148 12402 4536
1149 12406 9032
1150 12410 14162
1151 12414 5778
1152 12424 14082
1153 12426 4530
1154 12430 5082
1155 12442 5804
1156 12448 5752
1157 12450 4566
1158 12450 5504
1159 12454 5162
1160 12476 4604
1161 12480 4710
1162 12490 4168
1163 12492 9842
1164 12510 5620
1165 12512 14224
1166 12514 14200
1167 12530 376
1168 12538 5388
1169 12540 7400
1170 12552 4658
1171 12558 5314
1172 12560 4616
1173 12560 14074
1174 12566 7566
1175 12574 8058
1176 12576 5294
1177 12578 4750
1178 12578 5116
1179 12590 5520
1180 12600 5722
1181 12600 8050
1182 12600 8996
1183 12610 6220
1184 12614 8096
1185 12618 5650
1186 12650 4672
1187 12654 7946
1188 12656 5306
1189 12660 8968
1190 12664 4694
1191 12664 9474
1192 12668 7104
1193 12668 8068
1194 12676 5210
1195 12678 11302
1196 12684 8056
1197 12692 5160
1198 12706 5098
1199 12718 5426
1200 12720 5490
1201 12726 4732
1202 12738 13842
1203 12742 6174
1204 12756 5690
1205 12792 13392
1206 12804 5236
1207 12804 5682
1208 12814 10216
1209 12820 5852
1210 12820 13626
1211 12822 5124
1212 12822 11632
1213 12836 5788
1214 12862 11842
1215 12866 5752
1216 12866 7340
1217 12868 11816
1218 12870 8466
1219 12870 9534
1220 12892 11264
1221 12914 9566
1222 12950 7310
1223 12966 7278
1224 12984 5304
1225 12986 9202
1226 12990 5400
1227 12992 13214
1228 13018 13474
1229 13026 10440
1230 13030 10640
1231 13034 5270
1232 13048 9612
1233 13050 3756
1234 13050 5394
1235 13050 7686
1236 13052 5698
1237 13052 6286
1238 13088 5648
1239 13088 8842
1240 13096 5638
1241 13110 5750
1242 13110 8982
1243 13112 4856
1244 13112 5450
1245 13120 7750
1246 13162 9418
1247 13170 4802
1248 13174 13002
1249 13190 12890
1250 13208 5744
1251 13218 4244
1252 13230 5694
1253 13242 9070
1254 13250 3724
1255 13256 5648
1256 13264 4958
1257 13278 5884
1258 13280 3658
1259 13308 5064
1260 13308 9496
1261 13308 12754
1262 13310 5006
1263 13312 4420
1264 13326 7788
1265 13330 5928
1266 13340 3576
1267 13340 9190
1268 13342 4428
1269 13346 9502
1270 13368 8774
1271 13376 4390
1272 13378 12672
1273 13380 9184
1274 13386 3602
1275 13386 13356
1276 13390 3550
1277 13396 9236
1278 13396 10756
1279 13400 4868
1280 13408 13382
1281 13422 5652
1282 13440 9194
1283 13446 8832
1284 13472 12534
1285 13484 4818
1286 13486 4884
1287 13488 4818
1288 13494 5858
1289 13510 8878
1290 13522 12570
1291 13526 3764
1292 13526 11310
1293 13528 4190
1294 13564 3606
1295 13580 7540
1296 13584 3398
1297 13586 4772
1298 13600 5870
1299 13620 3350
1300 13628 5954
1301 13664 3464
1302 13670 3524
1303 13682 3546
1304 13692 4384
1305 13698 6000
1306 13728 6240
1307 13750 3228
1308 13762 1218
1309 13766 4584
1310 13766 13876
1311 13778 8886
1312 13788 9922
1313 13792 12244
1314 13794 1196
1315 13806 11872
1316 13814 9328
1317 13818 3226
1318 13818 4238
1319 13824 3252
1320 13826 7064
1321 13838 7034
1322 13848 11744
1323 13856 3284
1324 13862 11800
1325 13888 3742
1326 13890 3974
1327 13892 4482
1328 13898 5896
1329 13930 888
1330 13930 6002
1331 13958 9782
1332 13972 6242
1333 13976 3826
1334 13982 9206
1335 13998 12892
1336 14002 3638
1337 14026 11790
1338 14038 858
1339 14044 8216
1340 14046 4052
1341 14052 9840
1342 14056 4524
1343 14060 7440
1344 14066 4538
1345 14084 6066
1346 14084 8266
1347 14100 5932
1348 14114 808
1349 14126 4252
1350 14134 9888
1351 14136 4194
1352 14144 8704
1353 14150 5944
1354 14178 3990
1355 14180 4050
1356 14196 3226
1357 14202 5524
1358 14208 4424
1359 14228 4286
1360 14234 4284
1361 14240 11664
1362 14260 3268
1363 14270 10106
1364 14280 8790
1365 14282 9744
1366 14304 9284
1367 14320 3786
1368 14342 2824
1369 14358 5338
1370 14366 5284
1371 14392 8786
1372 14410 3006
1373 14424 5460
1374 14434 892
1375 14440 8386
1376 14446 8490
1377 14448 3470
1378 14462 3046
1379 14464 3000
1380 14464 8716
1381 14466 3388
1382 14468 658
1383 14468 8794
1384 14468 12176
1385 14484 2914
1386 14526 10120
1387 14528 2732
1388 14536 3030
1389 14550 8
1390 14556 3004
1391 14576 2992
1392 14594 3778
1393 14608 8670
1394 14614 12020
1395 14620 3686
1396 14626 2890
1397 14626 9310
1398 14654 8444
1399 14676 3010
1400 14678 3642
1401 14678 14268
1402 14684 9496
1403 14698 8432
1404 14712 9712
1405 14714 10370
1406 14716 2910
1407 14716 10490
1408 14718 14220
1409 14732 548
1410 14732 10524
1411 14738 5410
1412 14748 10704
1413 14806 1240
1414 14830 3692
1415 14850 10814
1416 14852 2916
1417 14852 7182
1418 14862 12154
1419 14876 2956
1420 14882 494
1421 14920 2808
1422 14932 2944
1423 14980 13280
1424 15006 14316
1425 15010 5136
1426 15012 8252
1427 15018 8866
1428 15018 13524
1429 15030 3302
1430 15052 3012
1431 15102 1258
1432 15156 4934
1433 15160 13948
1434 15176 1110
1435 15182 9594
1436 15186 3532
1437 15190 3412
1438 15190 10048
1439 15192 1318
1440 15194 8946
1441 15196 6672
1442 15218 9034
1443 15232 1172
1444 15244 9594
1445 15254 6608
1446 15260 2754
1447 15268 6612
1448 15306 8332
1449 15306 12376
1450 15324 2650
1451 15328 6224
1452 15344 13410
1453 15350 9640
1454 15358 7448
1455 15378 7450
1456 15396 3170
1457 15462 10088
1458 15472 8510
1459 15520 5894
1460 15544 8372
1461 15590 1148
1462 15600 14110
1463 15602 5816
1464 15610 6342
1465 15612 9304
1466 15630 2738
1467 15632 5824
1468 15642 1280
1469 15652 2614
1470 15662 1254
1471 15662 5816
1472 15678 6958
1473 15684 3212
1474 15702 2262
1475 15706 7038
1476 15726 9972
1477 15752 1758
1478 15758 1962
1479 15766 2974
1480 15766 5870
1481 15768 6206
1482 15784 9054
1483 15788 2008
1484 15790 9482
1485 15794 12420
1486 15798 11030
1487 15812 2508
1488 15812 6178
1489 15822 5026
1490 15838 7180
1491 15844 4532
1492 15856 9744
1493 15858 1670
1494 15866 9808
1495 15868 7340
1496 15878 14020
1497 15884 7082
1498 15896 8866
1499 15898 14048
1500 15926 6014
1501 15928 6254
1502 15938 3106
1503 15942 1650
1504 15942 9960
1505 15950 7846
1506 15962 2380
1507 15978 1742
1508 15978 13068
1509 15982 10726
1510 15986 2956
1511 15994 9190
1512 16004 11002
1513 16012 7290
1514 16028 10302
1515 16034 10078
1516 16038 2866
1517 16038 10272
1518 16050 9456
1519 16062 9820
1520 16064 7560
1521 16082 2590
1522 16084 7056
1523 16104 7886
1524 16116 8568
1525 16116 10380
1526 16122 2656
1527 16152 7742
1528 16156 9838
1529 16160 2888
1530 16174 9938
1531 16186 9100
1532 16210 7720
1533 16218 8086
1534 16222 9078
1535 16258 8242
1536 16262 7714
1537 16284 7146
1538 16318 5554
1539 16326 4468
1540 16350 8120
1541 16356 5314
1542 16356 8980
1543 16362 7658
1544 16380 7788
1545 16380 10102
1546 16400 5462
1547 16408 9020
1548 16430 6132
1549 16444 4306
1550 16476 9134
1551 16494 4282
1552 16508 2702
1553 16534 2872
1554 16536 9010
1555 16588 5410
1556 16590 14370
1557 16596 9804
1558 16600 2784
1559 16618 4920
1560 16640 7324
1561 16664 14038
1562 16700 9376
1563 16702 14010
1564 16724 7850
1565 16732 10260
1566 16740 6856
1567 16742 8482
1568 16746 7312
1569 16756 6322
1570 16760 14198
1571 16762 2570
1572 16766 10676
1573 16772 4248
1574 16778 10866
1575 16782 11136
1576 16800 6016
1577 16824 2624
1578 16824 9416
1579 16826 9198
1580 16840 9860
1581 16864 8160
1582 16876 11168
1583 16894 4668
1584 16896 9892
1585 16900 8524
1586 16930 7630
1587 16936 10086
1588 16992 2374
1589 16996 2378
1590 17002 10434
1591 17012 4664
1592 17014 11044
1593 17018 4742
1594 17052 5416
1595 17068 8274
1596 17084 13990
1597 17086 9624
1598 17090 10840
1599 17098 11040
1600 17102 8482
1601 17120 3872
1602 17122 11038
1603 17132 7634
1604 17132 11040
1605 17148 10988
1606 17158 6536
1607 17164 5186
1608 17178 9022
1609 17198 10604
1610 17206 9518
1611 17216 6654
1612 17218 8478
1613 17234 6214
1614 17234 7904
1615 17240 8584
1616 17250 3842
1617 17260 5654
1618 17260 10670
1619 17296 8198
1620 17332 6860
1621 17344 8582
1622 17356 3820
1623 17426 5584
1624 17452 8134
1625 17454 6880
1626 17474 8546
1627 17494 6078
1628 17494 10914
1629 17500 8306
1630 17506 8190
1631 17512 8916
1632 17522 3596
1633 17528 6928
1634 17532 8492
1635 17544 3820
1636 17548 5122
1637 17550 9634
1638 17570 9400
1639 17576 9578
1640 17646 10364
1641 17684 8490
1642 17692 3208
1643 17692 8564
1644 17714 6860
1645 17732 9346
1646 17734 9426
1647 17738 5712
1648 17792 3342
1649 17806 9406
1650 17812 3380
1651 17816 3292
1652 17820 3364
1653 17832 10912
1654 17834 3220
1655 17868 5724
1656 17876 8376
1657 17896 5540
1658 17896 7828
1659 17914 8138
1660 17936 8388
1661 17946 7044
1662 17948 7066
1663 17952 3134
1664 17966 8158
1665 18022 8222
1666 18074 5498
1667 18082 5148
1668 18116 5260
1669 18128 8366
1670 18130 9742
1671 18140 5274
1672 18144 5302
1673 18152 2116
1674 18154 5250
1675 18154 9136
1676 18168 10090
1677 18174 4750
1678 18182 8068
1679 18194 4736
1680 18194 9756
1681 18202 5056
1682 18222 5024
1683 18230 10284
1684 18252 5176
1685 18258 8496
1686 18268 8222
1687 18318 5260
1688 18332 4638
1689 18338 8416
1690 18354 5896
1691 18358 7336
1692 18362 10876
1693 18368 11258
1694 18378 8872
1695 18392 8336
1696 18396 6986
1697 18398 9220
1698 18402 5096
1699 18414 5836
1700 18428 2134
1701 18440 9848
1702 18454 9682
1703 18480 9686
1704 18486 4368
1705 18486 5228
1706 18498 4638
1707 18498 5420
1708 18506 9786
1709 18516 3962
1710 18518 5102
1711 18518 8950
1712 18520 9748
1713 18524 9088
1714 18528 9818
1715 18532 9888
1716 18540 4092
1717 18574 5180
1718 18576 9644
1719 18606 12328
1720 18614 3962
1721 18616 8804
1722 18640 4886
1723 18656 9766
1724 18660 9388
1725 18660 9736
1726 18670 9248
1727 18678 3996
1728 18688 9482
1729 18700 9854
1730 18706 5822
1731 18708 8218
1732 18710 5844
1733 18724 7640
1734 18724 11186
1735 18734 5458
1736 18736 5856
1737 18740 1148
1738 18748 9730
1739 18776 6084
1740 18776 9872
1741 18808 3170
1742 18880 7268
1743 18882 2866
1744 18892 10252
1745 18964 2866
1746 18966 5654
1747 18996 7738
1748 18996 8758
1749 19138 4372
1750 19148 4294
1751 19148 10438
1752 19170 9276
1753 19218 1364
1754 19256 2794
1755 19270 6204
1756 19276 10262
1757 19280 6230
1758 19310 8136
1759 19322 9846
1760 19342 4550
1761 19400 6720
1762 19410 7540
1763 19496 8440
1764 19500 2212
1765 19520 4932
1766 19530 1258
1767 19538 1256
1768 19620 3258
1769 19642 1198
1770 19648 1016
1771 19654 4756
1772 19668 954
1773 19698 4798
1774 19702 10042
1775 19710 2238
1776 19756 2686
1777 19786 5264
1778 19796 9190
1779 19808 2776
1780 19860 3958
1781 19926 10284
1782 19964 3994
1783 19984 1360
1784 19986 2602
1785 20006 1804
1786 20046 5324
1787 20058 1184
1788 20080 14370
1789 20094 9074
1790 20094 14390
1791 20128 8016
1792 20132 1240
1793 20138 5970
1794 20142 1416
1795 20150 1132
1796 20158 6038
1797 20170 5090
1798 20248 1384
1799 20292 4996
1800 20300 1134
1801 20300 9672
1802 20344 6694
1803 20370 4476
1804 20378 12604
1805 20398 8424
1806 20402 6964
1807 20426 1316
1808 20426 8278
1809 20442 3086
1810 20448 5868
1811 20456 8300
1812 20468 4896
1813 20470 9446
1814 20552 8676
1815 20556 6792
1816 20560 8920
1817 20606 4902
1818 20626 3006
1819 20658 442
1820 20690 6328
1821 20702 13346
1822 20720 14046
1823 20742 7564
1824 20760 3692
1825 20772 4726
1826 20772 14046
1827 20828 3896
1828 20830 4664
1829 20966 3040
1830 20992 4404
1831 20998 5534
1832 21008 12706
1833 21074 11168
1834 21130 4820
1835 21148 12362
1836 21164 11222
1837 21178 11218
1838 21264 4182
1839 21300 5228
1840 21326 5604
1841 21332 8136
1842 21350 5242
1843 21372 10066
1844 21404 5818
1845 21456 5368
1846 21506 3864
1847 21508 4552
1848 21510 3714
1849 21528 2920
1850 21612 5150
1851 21622 5532
1852 21640 5310
1853 21674 7362
1854 21698 1998
1855 21716 1938
1856 21728 8732
1857 21750 8766
1858 21762 5024
1859 21824 3086
1860 21842 1388
1861 21870 6520
1862 21930 14114
1863 21932 4348
1864 21942 11934
1865 21954 9200
1866 21976 2642
1867 21994 13434
1868 22038 5518
1869 22040 5942
1870 22048 10522
1871 22084 1414
1872 22098 10994
1873 22128 3538
1874 22142 5178
1875 22152 8054
1876 22162 1624
1877 22244 1344
1878 22332 1842
1879 22338 10890
1880 22344 832
1881 22344 1330
1882 22362 1114
1883 22376 1498
1884 22378 3920
1885 22392 1552
1886 22432 3344
1887 22506 3018
1888 22528 708
1889 22554 10786
1890 22598 444
1891 22606 6150
1892 22628 11482
1893 22634 11898
1894 22638 4314
1895 22668 5388
1896 22686 4020
1897 22716 3076
1898 22732 3222
1899 22786 5574
1900 22816 1072
1901 22816 1408
1902 22924 4446
1903 22930 1250
1904 22980 7288
1905 22990 13078
1906 23080 14220
1907 23108 8396
1908 23140 3012
1909 23148 2066
1910 23152 6488
1911 23176 4876
1912 23188 1432
1913 23214 11706
1914 23216 4890
1915 23266 3050
1916 23286 1030
1917 23332 6676
1918 23366 6634
1919 23402 3136
1920 23422 3018
1921 23432 2574
1922 23506 2648
1923 23532 1592
1924 23532 3014
1925 23538 9640
1926 23550 2224
1927 23570 13870
1928 23606 2162
1929 23674 2118
1930 23830 3090
1931 23834 2138
1932 23844 712
1933 23880 394
1934 23918 14280
1935 23926 1216
1936 23946 12026
1937 24012 2914
1938 24014 2818
1939 24016 14390
1940 24032 14320
1941 24058 14280
1942 24064 14308
1943 24068 14368
1944 24166 2876
1945 24188 2574
1946 24190 1048
1947 24218 610
1948 24228 14252
1949 24246 13850
1950 24262 14208
1951 24318 906
1952 24320 14258
1953 24330 14268
1954 24340 1634
1955 24346 2252
1956 24358 604
1957 24368 2804
1958 24396 2242
1959 24410 2814
1960 24448 14340
1961 24484 8766
1962 24514 1022
1963 24544 120
1964 24590 9890
1965 24594 10982
1966 24612 9856
1967 24652 3046
1968 24662 2890
1969 24688 2348
1970 24690 11762
1971 24726 2104
1972 24786 7478
1973 24836 3094
1974 24898 8690
1975 24922 13646
1976 25022 1376
1977 25040 3202
1978 25104 2506
1979 25134 9010
1980 25176 11294
1981 25192 1318
1982 25224 2858
1983 25224 3280
1984 25228 8060
1985 25236 302
1986 25238 14062
1987 25242 11242
1988 25246 326
1989 25276 11212
1990 25284 7478
1991 25320 228
1992 25384 6670
1993 25392 3386
1994 25484 1158
1995 25488 2692
1996 25522 2968
1997 25536 1192
1998 25570 2272
1999 25576 2422
7 87 74 96 2 3 1 5 
3 0 4 8 
6 7 6 0 61 22 10 
3 0 6 4 
3 1 3 13 
3 50 0 9 
3 11 3 2 
3 34 28 2 
3 9 1 19 
3 5 8 18 
3 34 2 14 
3 24 12 6 
3 15 16 11 
3 26 4 16 
3 40 10 30 
3 29 17 12 
3 13 12 23 
3 31 20 15 
3 37 9 19 
3 18 8 26 
3 21 23 17 
3 32 43 20 
3 30 2 61 
3 35 16 20 
3 25 27 11 
3 39 24 33 
3 37 19 13 
3 36 29 24 
3 69 33 7 
3 36 15 27 
3 14 22 51 
3 38 41 17 
3 41 54 21 
3 45 25 28 
3 116 7 10 
3 43 44 23 
3 42 29 27 
4 55 18 26 44 
3 42 49 31 
3 46 25 47 
4 70 136 14 52 
3 59 32 31 
3 48 38 36 
3 53 35 21 
3 78 37 35 
3 62 47 33 
3 48 39 58 
3 63 39 45 
3 49 42 46 
3 60 38 48 
3 99 5 56 
3 30 61 71 
3 155 40 120 
3 85 43 54 
3 57 53 32 
3 78 56 37 
3 88 50 55 
3 93 54 59 
3 67 46 64 
4 66 57 41 60 
3 59 49 65 
5 72 51 22 2 100 
3 63 45 69 
3 64 47 62 
4 81 58 63 76 
3 82 60 68 
3 149 150 59 
3 81 68 58 
3 73 65 67 
3 91 62 28 
3 231 163 40 
3 51 72 79 
3 71 61 98 
3 80 77 68 
3 126 75 0 
3 121 133 74 
3 89 64 91 
3 92 86 73 
3 83 55 44 
3 71 94 84 
3 113 106 73 
3 111 67 64 
3 206 65 86 
3 85 90 78 
3 104 79 135 
3 95 83 53 
3 92 82 77 
3 107 0 99 
3 102 56 90 
3 143 112 76 
3 147 88 83 
3 169 76 69 
3 105 86 77 
3 97 57 101 
3 79 98 103 
3 151 85 97 
5 512 0 133 199 331 
3 142 95 93 
4 103 94 72 100 
3 102 87 50 
3 98 61 109 
3 134 93 140 
3 110 99 88 
3 138 94 98 
3 123 84 114 
3 108 246 92 
3 108 80 117 
3 125 87 110 
3 273 105 106 
2 100 494 
3 129 107 102 
3 132 81 112 
3 111 89 137 
3 115 80 118 
3 153 104 148 
3 131 117 113 
3 154 124 34 
3 106 115 122 
3 178 113 119 
3 118 130 144 
3 359 52 123 
3 127 247 75 
3 117 131 128 
3 195 120 104 
3 167 161 116 
3 126 107 129 
3 127 74 125 
3 139 121 126 
3 152 122 146 
3 141 125 110 
3 119 132 145 
3 146 122 115 
3 130 111 137 
3 194 96 75 
3 142 101 156 
3 175 84 138 
3 180 159 40 
3 132 112 143 
3 251 135 103 
3 263 127 141 
3 101 150 156 
3 147 139 129 
3 151 97 134 
3 137 89 166 
3 178 119 189 
3 130 166 168 
3 202 128 131 
3 162 141 90 
3 277 114 176 
3 183 182 66 
3 140 66 170 
4 158 173 95 142 
3 298 128 157 
3 165 114 220 
3 174 116 159 
3 290 52 413 
3 134 140 170 
3 190 152 201 
3 177 151 160 
3 187 154 136 
3 158 181 200 
3 164 124 167 
3 263 147 173 
3 446 179 70 
3 188 169 161 
3 395 195 153 
3 145 143 171 
3 161 124 174 
3 189 145 172 
3 171 91 164 
3 156 150 182 
4 204 172 166 169 
3 205 168 171 
3 208 162 151 
3 187 167 154 
3 176 135 251 
3 148 175 546 
3 184 158 258 
3 214 118 144 
3 237 180 163 
3 483 136 179 
3 160 191 219 
4 186 170 149 185 
3 185 149 206 
3 210 177 223 
3 193 182 183 
3 197 191 182 
3 192 174 159 
3 238 164 192 
3 144 168 209 
3 307 157 198 
3 181 186 203 
3 474 188 187 
3 196 185 287 
3 199 133 247 
3 359 123 165 
3 213 197 193 
3 207 186 196 
3 218 190 201 
3 239 96 194 
4 160 222 226 230 
3 198 157 217 
3 232 217 146 
3 219 191 212 
3 238 205 171 
3 211 172 204 
3 183 82 233 
3 265 242 197 
3 260 173 210 
3 256 189 211 
3 208 184 215 
3 302 209 205 
3 229 203 234 
3 216 196 367 
3 235 178 249 
3 943 210 311 
3 265 213 221 
3 225 201 202 
3 356 198 224 
3 222 181 203 
3 295 153 281 
3 216 370 228 
3 200 219 227 
3 276 184 271 
3 372 218 225 
3 224 217 250 
3 230 200 227 
3 226 222 229 
3 221 301 241 
3 227 212 240 
3 200 226 254 
3 345 70 290 
3 248 202 236 
3 264 206 246 
3 243 212 242 
3 312 236 214 
3 253 232 235 
3 461 495 179 
3 404 204 188 
3 331 199 286 
3 254 229 243 
3 244 228 342 
3 259 234 207 
3 252 240 234 
3 245 279 241 
3 257 244 266 
3 233 105 261 
3 286 194 121 
3 250 232 253 
3 269 214 256 
3 304 225 248 
3 175 138 508 
3 270 243 255 
3 304 248 236 
3 258 230 240 
3 268 252 259 
3 303 249 209 
3 296 245 278 
3 177 254 262 
3 267 255 242 
3 1068 299 208 
3 289 246 273 
3 271 258 270 
3 286 139 162 
3 287 233 289 
4 274 207 216 280 
3 278 245 368 
3 268 259 274 
3 272 255 267 
3 317 249 291 
3 275 262 252 
4 314 223 262 283 
3 282 275 268 
3 261 108 298 
3 267 265 285 
3 283 270 272 
4 297 311 223 294 
3 281 148 580 
3 257 266 362 
3 284 280 244 
3 285 265 279 
3 308 220 277 
3 300 272 333 
3 292 271 275 
3 288 279 293 
3 274 280 288 
4 239 247 263 299 
3 367 193 264 
3 322 285 284 
3 313 264 261 
3 358 231 155 
3 325 269 310 
3 335 283 300 
3 306 284 296 
3 320 276 314 
3 380 220 324 
3 323 293 257 
3 1006 276 329 
3 273 152 305 
3 484 286 260 
3 292 282 316 
3 342 228 419 
3 318 315 211 
3 321 310 256 
3 332 250 253 
3 313 298 307 
3 309 293 319 
3 388 305 190 
3 324 281 601 
3 337 322 306 
3 455 291 303 
3 944 215 276 
3 343 235 317 
3 401 289 305 
3 327 294 271 
3 387 321 302 
3 334 300 326 
3 325 312 269 
3 371 382 302 
3 306 323 330 
3 329 294 328 
3 393 303 315 
3 341 288 309 
3 319 296 338 
3 295 308 361 
3 455 317 291 
3 316 333 344 
3 328 314 336 
3 320 327 352 
3 1012 297 320 
3 319 338 339 
3 460 96 239 
3 343 357 304 
3 326 282 341 
3 335 316 348 
3 336 292 334 
3 347 327 335 
3 350 309 340 
3 330 323 377 
3 340 330 403 
3 346 337 339 
3 333 322 351 
3 241 301 368 
3 459 332 312 
3 348 326 373 
3 443 231 349 
3 350 340 378 
3 353 336 354 
3 334 344 366 
3 390 345 364 
3 351 337 346 
3 341 350 365 
3 963 328 355 
3 355 347 749 
3 347 360 408 
3 352 353 788 
3 394 218 372 
3 414 363 332 
3 364 290 399 
4 413 120 195 409 
3 354 366 383 
3 374 324 644 
3 377 278 415 
3 398 381 357 
3 397 349 358 
3 369 351 386 
3 360 348 376 
3 370 213 287 
3 266 342 415 
3 375 365 392 
3 419 221 367 
3 404 435 318 
3 381 356 224 
3 376 344 375 
3 379 361 652 
3 373 369 402 
3 391 366 373 
3 338 362 406 
3 385 346 389 
3 380 374 1090 
3 396 295 379 
3 420 372 363 
3 453 412 318 
3 408 360 384 
3 383 391 424 
3 386 378 418 
3 365 385 428 
4 412 498 452 315 
3 401 307 394 
3 378 427 400 
3 440 349 397 
3 384 376 410 
3 369 438 449 
3 433 411 321 
3 422 388 356 
3 409 165 405 
3 1053 405 380 
3 434 390 364 
3 420 363 414 
3 417 358 432 
3 389 421 426 
3 442 313 388 
3 410 375 457 
3 339 407 431 
3 476 371 238 
3 1020 395 396 
3 407 377 416 
3 403 406 423 
3 354 383 718 
3 1005 359 395 
3 391 402 454 
3 464 393 433 
3 497 387 382 
3 439 155 359 
3 462 398 357 
3 362 368 416 
3 406 415 450 
3 572 434 399 
3 428 385 426 
3 442 301 370 
3 445 381 398 
3 400 429 425 
4 469 456 463 394 
3 407 458 467 
3 384 436 720 
3 430 421 441 
3 418 400 430 
3 429 389 431 
3 451 386 418 
3 421 427 444 
3 426 425 465 
3 427 403 475 
3 571 399 439 
3 437 411 393 
3 1063 397 417 
3 527 453 371 
3 424 454 701 
3 452 464 433 
3 448 392 447 
3 1005 432 413 
3 1299 443 390 
3 465 425 489 
3 450 419 401 
3 446 345 440 
3 429 481 480 
3 477 420 472 
3 461 163 443 
3 438 451 488 
3 449 438 488 
3 457 392 448 
3 458 416 442 
3 447 428 490 
3 486 437 387 
3 511 382 435 
3 436 410 686 
3 459 325 310 
3 499 468 422 
3 402 449 517 
3 423 450 463 
3 470 343 455 
3 539 331 484 
3 1266 237 446 
3 472 414 470 
3 466 458 422 
3 471 411 437 
3 487 430 441 
3 467 463 468 
3 423 466 473 
3 473 466 456 
3 482 422 477 
3 462 459 471 
3 470 464 485 
3 445 462 492 
3 475 467 468 
3 528 476 192 
3 431 473 478 
3 523 404 474 
3 536 469 445 
3 479 475 499 
3 481 478 503 
3 489 444 525 
3 444 479 521 
3 529 507 469 
3 530 180 495 
3 782 460 299 
3 492 471 486 
4 501 509 485 452 
3 491 465 500 
3 448 447 493 
3 500 441 480 
3 493 451 491 
3 490 487 557 
3 506 472 485 
4 496 488 490 590 
3 504 109 1389 
3 522 483 237 
3 517 493 625 
3 518 502 412 
4 555 501 387 502 
3 478 456 503 
3 487 489 532 
3 515 486 498 
3 510 498 497 
3 479 499 505 
4 941 556 508 494 
3 514 503 507 
3 536 492 509 
3 524 505 482 
3 520 251 504 
3 515 506 486 
3 543 547 502 
3 513 453 531 
3 534 786 96 
3 554 535 511 
3 516 505 519 
3 573 509 501 
3 521 514 519 
3 457 496 668 
3 535 543 497 
3 516 514 524 
3 664 546 508 
3 540 481 516 
3 1056 537 495 
3 526 476 533 
3 519 507 541 
3 532 480 538 
3 569 527 523 
3 531 435 526 
3 533 474 542 
3 548 541 482 
3 542 483 537 
3 585 511 527 
3 558 500 525 
3 561 523 528 
3 1087 512 539 
3 549 518 513 
3 548 477 506 
3 579 530 522 
3 544 525 540 
3 534 460 773 
3 538 521 545 
3 545 524 529 
3 565 528 530 
3 656 510 518 
3 575 538 552 
3 550 540 541 
3 580 176 520 
3 657 587 510 
3 567 529 536 
3 641 535 554 
2 551 545 
3 553 550 562 
3 564 544 553 
3 560 552 551 
3 602 549 513 
3 620 559 498 
3 842 664 504 
3 491 558 581 
3 557 532 577 
3 599 611 555 
3 563 553 566 
3 574 595 533 
3 566 551 570 
3 583 564 560 
3 576 552 563 
3 579 574 542 
3 560 562 578 
3 568 570 548 
3 593 567 573 
3 582 526 597 
3 578 562 567 
3 1385 572 432 
3 1379 417 571 
3 606 568 515 
3 812 561 565 
3 577 544 576 
3 584 575 564 
3 558 575 588 
3 589 566 570 
3 1148 565 537 
3 277 546 600 
3 586 557 604 
3 592 585 569 
3 596 563 589 
3 588 576 596 
3 591 531 582 
3 594 581 629 
3 634 619 547 
3 577 584 608 
3 583 578 593 
3 493 594 615 
3 598 585 592 
3 770 591 582 
3 609 589 568 
3 615 590 586 
3 806 597 561 
3 605 584 583 
3 774 569 595 
3 603 602 591 
3 646 624 559 
3 601 580 680 
3 610 308 600 
3 631 554 598 
3 640 623 598 
3 628 581 608 
3 617 596 607 
3 613 573 611 
3 605 612 614 
3 604 588 622 
3 612 593 613 
3 632 601 671 
3 621 606 559 
3 616 607 609 
3 618 609 606 
3 626 607 616 
3 590 594 636 
3 630 614 612 
3 622 605 626 
3 669 613 621 
3 620 587 633 
3 659 555 619 
3 618 611 624 
3 608 617 627 
3 643 631 603 
3 638 621 599 
3 663 496 637 
3 617 614 630 
3 635 622 630 
3 629 604 635 
3 586 628 647 
4 650 627 626 616 
3 645 602 623 
3 648 610 666 
3 678 619 634 
3 661 633 587 
3 628 627 651 
3 639 615 647 
3 625 642 673 
3 685 669 624 
3 642 636 658 
3 665 649 603 
3 670 549 645 
3 637 639 672 
3 653 623 649 
3 652 361 648 
3 641 631 660 
3 662 689 599 
3 636 629 654 
3 644 632 875 
3 675 643 640 
3 682 651 630 
3 654 635 650 
3 374 644 864 
3 719 655 643 
3 658 647 651 
3 707 660 653 
3 657 543 670 
3 661 547 656 
3 667 639 654 
3 697 662 620 
3 688 645 655 
3 721 634 657 
3 691 646 659 
3 668 625 673 
3 684 520 556 
3 676 640 741 
3 951 632 671 
3 687 672 658 
3 674 517 663 
3 683 618 638 
3 688 656 641 
3 666 610 680 
3 679 642 667 
3 663 637 679 
3 686 668 677 
3 681 649 676 
3 722 675 665 
3 674 698 699 
3 706 716 633 
3 673 672 693 
3 671 600 684 
3 692 711 675 
3 694 650 683 
3 682 669 690 
3 829 680 664 
3 695 690 638 
3 454 674 696 
3 693 667 694 
3 705 670 660 
3 695 646 691 
3 709 683 685 
3 708 689 662 
3 700 681 722 
3 698 679 687 
3 702 687 682 
3 725 685 689 
3 701 686 717 
3 731 659 716 
3 704 677 693 
3 713 677 703 
3 759 711 692 
3 720 436 696 
3 710 694 709 
3 713 699 704 
3 703 698 710 
3 712 688 707 
3 745 678 724 
3 753 705 655 
3 735 723 691 
3 714 702 690 
3 715 704 702 
3 727 681 700 
3 733 721 705 
3 717 699 703 
3 715 709 725 
3 728 710 714 
3 761 697 678 
3 696 713 726 
3 749 408 732 
3 742 763 653 
3 424 701 730 
3 724 661 712 
3 692 676 739 
3 734 729 708 
3 706 721 733 
3 729 714 695 
3 740 717 736 
3 755 742 711 
3 743 747 715 
3 738 725 723 
3 732 720 740 
3 760 744 697 
3 757 718 730 
3 751 724 712 
3 737 723 735 
3 734 708 744 
3 750 726 747 
3 738 734 746 
3 743 729 737 
3 799 722 741 
3 754 730 726 
3 739 665 765 
3 771 719 727 
3 766 728 738 
3 748 735 731 
3 792 706 751 
3 737 748 758 
3 752 736 728 
3 758 746 744 
3 779 353 718 
3 756 736 752 
3 745 733 753 
3 764 750 747 
3 763 751 707 
3 757 740 756 
3 781 727 759 
3 754 750 769 
3 785 732 754 
3 768 746 748 
3 775 755 700 
3 783 731 762 
3 780 762 716 
3 800 760 761 
3 814 753 719 
3 772 752 766 
3 804 741 770 
3 764 743 767 
3 766 768 787 
3 767 758 784 
3 803 756 777 
3 774 765 592 
3 789 834 742 
3 776 764 791 
3 1087 539 778 
3 818 770 597 
3 796 817 759 
3 777 772 797 
3 769 776 822 
3 990 773 782 
3 788 749 785 
3 802 793 761 
3 826 790 755 
3 1067 778 484 
3 800 784 760 
3 787 768 783 
3 836 779 757 
2 1131 512 
3 791 767 784 
3 355 779 862 
3 794 771 790 
3 845 789 781 
3 772 787 798 
3 795 808 745 
3 830 816 780 
3 841 828 789 
3 807 792 813 
3 831 775 805 
3 820 776 798 
3 797 791 809 
3 805 739 801 
3 809 783 762 
3 827 799 804 
3 830 780 808 
3 821 769 823 
3 894 801 765 
3 832 796 799 
3 818 595 810 
3 819 811 795 
3 802 792 811 
3 798 800 816 
3 839 806 812 
3 843 808 807 
3 815 810 574 
3 819 795 814 
3 834 813 763 
3 1147 825 812 
3 833 809 793 
4 831 857 826 775 
3 903 774 806 
3 848 807 813 
3 835 797 833 
3 836 803 824 
3 823 777 838 
3 824 803 822 
3 854 821 823 
3 1128 865 815 
3 871 781 817 
3 882 832 801 
3 846 837 794 
3 1060 684 1089 
3 843 793 802 
3 840 817 796 
3 840 805 827 
3 849 820 816 
3 837 814 771 
3 838 820 850 
3 862 785 821 
3 851 834 828 
3 854 822 835 
3 868 899 810 
3 874 831 832 
3 844 794 845 
3 859 556 941 
3 847 830 811 
3 846 841 863 
3 858 841 790 
3 855 828 844 
3 849 843 848 
3 847 819 851 
3 850 833 847 
3 852 835 849 
3 848 837 853 
3 861 850 860 
3 856 851 855 
3 866 824 838 
3 853 846 869 
3 860 853 877 
3 895 817 874 
3 871 863 845 
3 942 842 1389 
3 872 852 856 
3 884 852 872 
3 891 788 836 
3 867 844 858 
3 927 652 875 
3 940 868 825 
3 891 854 873 
3 869 863 883 
3 952 839 865 
3 855 867 870 
3 877 869 879 
3 889 858 826 
4 878 861 860 876 
3 904 866 884 
3 882 857 840 
3 864 648 951 
3 872 880 885 
3 856 870 887 
3 897 872 881 
3 886 870 883 
3 876 890 950 
3 924 878 910 
3 900 874 827 
3 879 867 889 
3 888 873 861 
2 876 931 
3 893 879 896 
3 890 877 893 
3 937 884 897 
3 883 871 892 
3 880 887 956 
3 906 862 866 
3 902 889 895 
3 887 886 920 
3 898 804 903 
3 892 857 909 
3 919 886 905 
3 946 888 878 
3 901 894 916 
3 918 907 839 
3 909 882 901 
3 938 900 898 
3 905 892 913 
3 894 818 908 
3 1043 906 873 
3 896 902 930 
3 1034 891 904 
3 912 908 899 
3 911 903 907 
4 932 913 895 900 
3 921 881 931 
3 915 917 908 
3 936 914 907 
3 928 902 909 
3 925 915 912 
3 923 911 914 
3 987 898 917 
3 923 916 911 
3 922 936 899 
3 920 896 948 
3 893 919 926 
3 949 934 910 
3 957 918 929 
3 933 917 915 
3 969 881 934 
3 965 933 914 
3 954 920 961 
3 1094 1092 864 
3 935 930 913 
3 958 922 975 
3 905 928 935 
3 910 885 947 
3 939 909 938 
3 1045 923 925 
3 971 924 921 
3 945 930 928 
3 962 912 918 
3 979 888 953 
3 987 932 901 
3 945 932 1015 
3 952 865 1125 
3 842 504 1389 
3 1089 859 1389 
3 982 1038 215 
3 980 311 1085 
3 948 935 939 
3 953 897 970 
3 931 960 978 
3 959 919 945 
3 988 921 955 
3 880 964 960 
3 1119 875 666 
3 975 868 940 
3 937 946 977 
3 956 926 968 
3 949 976 967 
3 890 954 964 
3 1022 973 922 
3 1032 929 1009 
3 972 961 948 
3 947 950 974 
3 966 926 959 
3 973 994 936 
3 1034 1029 352 
3 950 956 974 
3 986 1123 925 
3 968 961 972 
3 955 989 1001 
3 954 966 1002 
3 985 970 924 
3 993 946 969 
3 997 934 988 
3 1004 966 959 
3 984 962 957 
3 960 964 996 
3 1030 929 952 
3 955 983 981 
3 1025 953 1075 
3 947 991 983 
3 1049 937 998 
3 1205 982 944 
3 976 1003 989 
3 1210 943 980 
3 976 978 991 
3 1013 1014 973 
3 993 969 992 
3 1064 965 994 
3 1018 938 916 
3 971 949 1007 
4 995 967 981 1035 
3 1107 778 1026 
3 983 978 999 
3 1075 985 997 
3 1075 970 985 
3 1044 986 962 
3 1000 989 1021 
3 999 974 1002 
3 1081 992 971 
3 1008 979 1025 
3 991 996 1003 
3 1001 995 1021 
3 1019 967 1000 
3 996 968 1004 
3 981 999 1010 
3 1002 972 1011 
3 1069 439 409 
3 1072 297 1012 
3 1050 988 1017 
3 1121 1108 998 
3 1016 958 1030 
3 1003 1011 1031 
3 1010 1004 1015 
3 1006 329 1027 
3 1014 984 1024 
4 1028 984 1013 1037 
4 1033 1011 939 1018 
3 1042 1009 1086 
3 1039 1007 1019 
3 1015 987 1045 
3 1017 1001 1055 
3 1069 405 1053 
3 1000 995 1066 
3 1023 957 1032 
3 1024 1022 1057 
3 1013 1023 1046 
3 998 977 1106 
3 1080 990 1040 
3 1097 1012 1029 
3 1044 1014 1036 
3 1116 1027 963 
3 1009 975 1079 
3 1035 1010 1033 
3 1022 958 1042 
3 1047 1031 1015 
3 1058 963 906 
3 1041 989 1031 
3 1084 1028 1065 
3 1014 1048 1052 
3 1132 1074 943 
3 1050 1017 1059 
3 1113 1026 1062 
3 1066 1035 1047 
3 1032 1016 1112 
3 1051 1058 904 
3 1192 994 1028 
3 1070 1018 933 
3 1054 1024 1057 
3 1041 1033 1061 
3 1037 1054 1102 
3 1051 979 1108 
3 1081 1007 1039 
3 1083 1043 1049 
4 1071 1037 1093 1078 
3 1020 396 1308 
3 1048 1046 1082 
3 1059 1019 1073 
3 1162 522 1233 
3 1046 1023 1082 
3 1104 1034 1043 
3 1100 1039 1055 
3 1167 1119 829 
3 1077 1047 1076 
3 1133 1040 1067 
3 1372 1307 434 
3 1169 1174 986 
3 1098 1036 1091 
3 1073 1021 1041 
3 1062 782 1068 
3 1067 260 1074 
3 1368 1005 1020 
3 1123 1076 1045 
3 1118 1091 1052 
3 1088 1085 1006 
3 1103 1055 1066 
3 1120 1068 1038 
4 977 993 992 1111 
3 1105 1061 1070 
3 1109 1061 1110 
3 1052 1095 1114 
3 1086 1030 1125 
3 1107 1026 1101 
3 1111 997 1050 
3 1054 1057 1112 
3 1104 1051 1214 
3 1098 1192 1036 
3 1227 944 1072 
3 1117 1016 1079 
3 1131 534 773 
3 1096 1248 1072 
4 1819 1167 829 942 
3 1314 379 1092 
3 1151 1065 1071 
3 1329 1090 927 
3 1099 1052 1102 
3 1382 1348 927 
3 1078 1099 1124 
3 1249 1088 1097 
3 1272 1096 1027 
3 1139 1084 1065 
3 1095 1093 1127 
3 1149 1191 1059 
3 1150 1080 1113 
3 1093 1048 1141 
3 1189 1073 1109 
3 1116 1058 1083 
3 1181 1110 1076 
3 1025 1136 1163 
4 1144 990 1080 1165 
3 1049 1008 1122 
3 1103 1077 1175 
3 1175 1077 1105 
3 1075 1081 1136 
3 1082 1042 1115 
3 1101 1040 1152 
3 1129 1078 1158 
3 1112 1117 1134 
3 1284 1029 1104 
3 1115 1086 1126 
3 1156 1071 1130 
3 1409 951 1060 
3 1133 1074 1132 
3 1122 1008 1208 
3 1143 1108 1121 
3 1187 1070 965 
3 1095 1127 1145 
3 1079 940 1137 
3 1138 1117 1137 
3 1124 1099 1171 
3 1140 825 1147 
3 1130 1114 1164 
3 1180 1118 1129 
5 1556 1790 786 1087 1144 
3 1120 1038 1202 
3 1173 1062 1120 
3 1141 1115 1135 
3 1134 1138 1159 
3 1106 1111 1191 
3 1126 1125 1140 
3 1135 1126 1146 
3 1183 1098 1155 
3 1161 1137 1128 
3 1102 1134 1142 
3 1176 1141 1159 
3 1195 1122 1230 
3 1424 1131 1107 
3 1158 1124 1168 
3 1138 1154 1178 
3 1160 1128 815 
3 1157 579 1153 
3 1225 1100 1182 
3 1166 1101 1152 
3 1155 1091 1156 
3 1150 1113 1173 
3 1157 1148 1162 
3 1146 1177 1201 
3 1209 1139 1151 
3 1213 1151 1118 
3 1160 1148 1153 
3 1179 1114 1145 
3 1142 1135 1178 
3 1172 1147 1157 
3 1177 1140 1170 
3 1153 1056 1233 
3 1208 1106 1221 
3 1185 1129 1179 
3 1401 1107 1166 
3 1408 1165 1150 
3 1420 1060 1089 
3 1199 1145 1188 
3 1235 1174 1064 
3 1186 1161 1172 
3 1127 1176 1188 
3 1170 1160 1254 
3 1462 1152 1133 
3 1187 1064 1169 
3 1184 1109 1110 
3 1171 1142 1194 
3 1154 1161 1190 
3 1159 1146 1198 
3 1164 1158 1200 
3 1215 1130 1204 
3 1193 1184 1105 
3 1149 1189 1242 
3 1223 1139 1203 
3 1218 1175 1181 
3 1207 1204 1164 
3 1190 1170 1251 
3 1196 1123 1174 
3 1168 1171 1206 
3 1182 1103 1239 
3 1201 1177 1186 
3 1219 1136 1100 
3 1216 1044 1084 
3 1218 1181 1196 
3 1176 1197 1211 
3 1212 1143 1220 
3 1270 1193 1187 
3 1194 1198 1211 
3 1197 1178 1243 
3 1200 1168 1226 
3 1238 1179 1199 
3 1154 1190 1263 
3 1310 1132 1210 
3 1237 1183 1209 
3 1180 1185 1207 
3 1228 980 1227 
3 1224 1188 1256 
3 1236 1204 1185 
3 1229 1121 1163 
3 1203 1155 1213 
3 1202 982 1228 
3 1194 1197 1279 
3 1217 1195 1292 
3 1209 1156 1215 
3 1315 1083 1217 
3 1213 1180 1241 
3 1235 1192 1222 
3 1214 1212 1322 
3 1239 1184 1193 
3 1221 1191 1246 
3 1292 1195 1278 
3 1232 1163 1219 
3 1295 1216 1223 
3 1222 1183 1320 
3 1234 1206 1231 
3 1246 1149 1267 
3 1240 1199 1234 
3 1275 1205 1085 
3 1210 1205 1280 
3 1230 1208 1312 
3 1278 1143 1229 
3 1347 1224 1259 
3 1312 1221 1260 
3 1162 1056 1258 
3 1244 1226 1224 
3 1245 1169 1216 
3 1241 1207 1238 
3 1321 1203 1265 
4 1250 1236 1200 1240 
3 1189 1218 1270 
3 1252 1238 1226 
3 1257 1215 1236 
3 1253 1182 1283 
3 1198 1247 1309 
4 1281 1298 1255 1234 
3 1264 1352 1235 
3 1260 1219 1225 
3 1243 1268 1304 
3 1275 1088 1249 
3 1248 1096 1261 
3 1257 1238 1252 
3 1263 1186 1291 
3 1250 1240 1255 
3 1273 1242 1289 
3 1172 1258 1294 
3 1288 1252 1244 
3 1262 1206 1279 
3 1265 1241 1250 
3 1254 1233 1274 
3 1353 1231 1262 
3 1269 1232 1246 
3 1335 1249 1272 
3 1259 1256 1286 
3 1268 1201 1251 
3 1339 1245 1295 
3 1306 1237 1257 
3 1274 461 1276 
3 1277 1225 1273 
3 1247 1263 1271 
3 1331 1260 1277 
3 1283 1239 1196 
3 1268 1293 1326 
3 1261 1097 1290 
3 1282 1267 1253 
3 1258 1266 1302 
3 1280 1227 1248 
3 1266 1296 1301 
3 1365 1269 1267 
3 1220 1230 1412 
3 1256 1211 1285 
3 1228 1275 1423 
3 1328 1330 1244 
3 1316 1273 1311 
3 1289 1242 1270 
3 1290 1116 1313 
3 1287 1279 1309 
3 1357 1262 1287 
3 1286 1285 1297 
3 1300 1306 1255 
3 1311 1253 1283 
3 1272 1284 1449 
3 1293 1251 1294 
3 1212 1220 1415 
3 1271 1291 1325 
3 1291 1254 1303 
3 1264 1222 1343 
3 1276 1299 1319 
3 1369 1287 1342 
3 1532 1305 1244 
3 1296 440 1307 
3 1305 1332 1288 
3 1302 1276 1323 
3 1303 1274 1301 
3 1325 1294 1302 
3 1247 1318 1351 
3 1332 1300 1298 
3 1417 1265 1288 
3 1299 1063 1317 
3 1387 1053 1314 
3 1285 1243 1327 
3 1433 1202 1428 
3 1282 1289 1352 
3 1363 1229 1232 
3 1284 1315 1384 
3 1413 1308 1090 
3 1313 1214 1324 
3 1404 1282 1334 
3 1319 1307 1378 
3 1304 1326 1340 
3 1323 1296 1317 
3 1343 1223 1321 
3 1417 1320 1237 
3 1324 1217 1361 
3 1301 1319 1356 
3 1315 1322 1337 
3 1293 1303 1336 
3 1318 1271 1333 
3 1309 1349 1359 
3 1347 1345 1281 
3 1413 1092 1338 
3 1345 1520 1281 
3 1341 1269 1365 
3 1455 1300 1305 
3 1340 1326 1336 
3 1366 1316 1364 
3 1508 1423 1261 
3 1333 1325 1362 
3 1394 1324 1361 
3 1374 1329 1348 
3 1375 1346 1264 
3 1318 1333 1354 
3 1350 1363 1331 
3 1344 1297 1358 
3 1426 1295 1320 
3 1432 1370 1342 
3 1441 1330 1328 
3 1376 1371 1339 
3 1353 1328 1231 
3 1770 1338 1094 
3 1359 1327 1351 
3 1574 1386 1341 
3 1349 1304 1355 
3 1364 1311 1245 
3 1445 1347 1259 
3 1355 1340 1367 
3 1351 1354 1392 
3 1362 1323 1399 
3 1447 1286 1373 
3 1491 1342 1360 
3 1327 1349 1360 
3 1358 1359 1414 
3 1337 1322 1486 
3 1381 1336 1356 
3 1407 1312 1341 
3 1334 1352 1371 
3 1438 1331 1277 
3 1397 1402 1334 
3 1354 1377 1395 
3 1396 1069 1387 
3 1373 1297 1370 
3 1411 1369 1344 
3 1383 1364 1346 
3 1378 1063 1379 
3 1451 1357 1369 
3 1737 1434 1338 
3 1398 1376 1339 
3 1380 1346 1375 
3 1367 1381 1429 
3 1317 1372 1388 
3 1390 1372 572 
3 1383 1376 1393 
3 1377 1362 1430 
3 1772 1094 1409 
3 1427 1371 1380 
3 1313 1394 1418 
3 1391 571 1396 
3 1509 1405 1350 
3 1421 1368 1308 
3 1378 1390 1399 
5 1963 942 859 941 494 
3 1388 1379 1391 
3 1390 1385 1406 
3 1355 1395 1414 
3 1427 1380 1398 
3 1384 1337 1575 
3 1392 1367 1400 
3 1406 1385 1368 
3 1444 1366 1442 
3 1393 1375 1403 
3 1356 1388 1419 
3 1395 1429 1437 
3 1424 1165 1408 
3 1435 1404 1366 
3 1398 1426 1448 
3 1457 1316 1402 
3 1509 1407 1386 
3 1416 1391 1396 
3 1410 1363 1405 
3 1401 1166 1570 
3 1382 1119 1420 
3 1512 1412 1407 
3 1459 1370 1425 
3 1415 1278 1410 
3 1431 1314 1329 
3 1360 1392 1436 
3 1486 1292 1412 
3 1419 1406 1421 
3 1454 1321 1306 
3 1449 1384 1582 
3 1399 1416 1422 
3 1409 1167 1819 
3 1416 1387 1450 
3 1430 1419 1446 
3 1452 1280 1335 
3 1556 1144 1401 
3 1463 1411 1432 
3 1403 1343 1505 
3 1440 1383 1393 
3 1433 1310 1452 
3 1400 1377 1456 
3 1381 1422 1479 
3 1439 1413 1443 
3 1489 1425 1344 
3 1496 1310 1428 
3 1461 1443 1374 
3 1444 1476 1402 
3 1549 1414 1473 
3 1400 1456 1473 
3 1457 1525 1365 
3 1493 1477 1431 
3 1442 1427 1458 
3 1495 1345 1445 
3 1465 1397 1440 
3 1468 1431 1434 
3 1453 1435 1397 
3 1447 1441 1353 
3 1422 1450 1466 
3 1475 1445 1357 
3 1460 1403 1533 
3 1485 1290 1418 
3 1446 1421 1474 
3 1464 1472 1373 
3 1596 1428 1423 
3 1494 1504 1444 
3 1455 1505 1417 
3 1527 1454 1332 
3 1437 1429 1479 
3 1514 1438 1404 
3 1498 1440 1460 
3 1481 1411 1463 
3 1458 1448 1535 
3 1737 1470 1434 
3 1570 1173 1499 
3 1467 1459 1425 
3 1522 1451 1481 
3 1484 1442 1482 
3 1516 1446 1469 
3 1488 1463 1471 
3 1503 1443 1470 
3 1466 1474 1487 
3 1766 1468 1461 
3 1480 1467 1538 
3 1497 1475 1451 
3 1436 1437 1502 
3 1469 1450 1478 
3 1490 1447 1472 
3 1515 1517 1435 
3 1478 1439 1507 
3 1483 1474 1477 
3 1456 1430 1510 
3 1548 1500 1471 
3 1464 1459 1488 
3 1511 1465 1498 
3 1588 1506 1478 
3 1492 1465 1518 
3 1508 1449 1719 
3 1361 1415 1512 
3 1521 1469 1506 
3 1501 1481 1467 
3 1541 1432 1559 
3 1513 1495 1475 
3 1559 1358 1539 
3 1519 1494 1484 
3 1507 1439 1503 
3 1530 1453 1492 
3 1520 1441 1490 
3 1499 1433 1563 
3 1513 1472 1522 
3 1482 1458 1524 
3 1462 1496 1561 
3 1620 1501 1480 
3 1566 1488 1500 
3 1551 1473 1510 
3 1493 1468 1753 
3 1545 1515 1453 
3 1523 1426 1454 
3 1571 1487 1483 
3 1673 1477 1493 
3 1826 1335 1485 
3 1592 1405 1386 
3 1502 1479 1516 
3 1518 1482 1531 
3 1575 1486 1410 
3 1543 1490 1497 
3 1525 1457 1517 
3 1618 1476 1504 
3 1529 1510 1466 
3 1572 1514 1476 
3 1557 1484 1511 
3 1528 1530 1492 
3 1536 1330 1495 
3 1552 1526 1487 
3 1537 1497 1464 
3 1533 1505 1527 
3 1498 1535 1567 
3 1574 1438 1514 
3 1553 1529 1521 
3 1523 1455 1532 
3 1565 1519 1557 
3 1601 1516 1526 
3 1545 1494 1519 
3 1562 1511 1534 
3 1527 1298 1536 
3 1540 1448 1523 
3 1550 1531 1542 
3 1524 1460 1540 
3 1544 1532 1520 
3 1560 1522 1566 
3 1617 1471 1546 
3 1583 1491 1549 
3 1581 1535 1533 
3 1555 1546 1489 
3 1547 1534 1585 
3 1564 1544 1513 
3 1581 1536 1543 
3 1565 1504 1530 
3 1538 1541 1555 
3 1550 1542 1554 
3 1569 1480 1576 
3 1539 1436 1551 
3 1578 1534 1547 
3 1549 1502 1573 
3 1558 1521 1577 
3 1616 1526 1558 
3 1579 1547 1615 
3 1594 1546 1541 
3 1790 1131 1424 
3 1580 1528 1518 
3 1642 1553 1552 
3 1607 1489 1491 
3 1586 1537 1568 
3 1788 1499 1563 
3 1578 1580 1531 
3 1561 1496 1596 
3 1581 1543 1586 
3 1590 1545 1528 
3 1620 1537 1501 
3 1585 1524 1595 
3 1603 1560 1633 
3 1606 1611 1548 
3 1788 1408 1462 
3 1577 1506 1589 
3 1598 1605 1517 
3 1591 1551 1601 
3 1602 1350 1525 
3 1394 1512 1592 
3 1613 1548 1617 
3 1663 1552 1571 
3 1597 1562 1550 
3 1610 1554 1608 
3 1584 1557 1562 
4 1595 1540 1544 1564 
3 1719 1418 1599 
3 1593 1539 1591 
3 1587 1580 1597 
3 1542 1567 1600 
3 1614 1564 1560 
3 1640 1590 1584 
3 1754 1589 1483 
3 1743 1571 1588 
3 1609 1565 1587 
3 1677 1583 1573 
3 1575 1509 1599 
3 1667 1636 1583 
3 1623 1555 1607 
3 1567 1581 1619 
3 1822 1563 1452 
3 1584 1578 1610 
3 1628 1804 1572 
3 1582 1592 1602 
3 1585 1619 1612 
3 1573 1529 1616 
3 1604 1599 1574 
3 1614 1568 1662 
3 1821 1602 1605 
3 1804 1604 1572 
3 1611 1569 1613 
4 1657 1594 1559 1636 
3 1579 1621 1631 
3 1653 1618 1590 
3 1637 1597 1579 
3 1625 1569 1606 
3 1615 1600 1629 
3 1606 1576 1627 
3 1624 1586 1603 
3 1554 1612 1621 
3 1601 1553 1622 
3 1576 1538 1623 
3 1628 1515 1609 
3 1600 1595 1624 
3 1625 1566 1500 
3 1608 1615 1626 
3 1635 1616 1632 
3 1647 1617 1594 
3 1630 1619 1614 
3 1633 1620 1611 
3 1631 1621 1634 
3 1613 1647 1690 
3 1693 1598 1618 
3 1634 1612 1630 
3 1629 1624 1658 
3 1638 1608 1626 
3 1622 1642 1648 
3 1568 1625 1644 
3 1626 1629 1641 
3 1709 1622 1650 
3 1668 1607 1593 
3 1640 1610 1639 
3 1646 1639 1631 
3 1676 1637 1638 
3 1692 1587 1637 
3 1643 1634 1656 
3 1654 1632 1558 
3 1675 1645 1641 
3 1661 1633 1690 
3 1649 1646 1643 
3 1670 1638 1645 
3 1655 1627 1623 
3 1652 1632 1651 
3 1702 1680 1645 
3 1720 1635 1652 
3 1648 1654 1741 
3 1727 1650 1648 
3 1734 1693 1609 
3 1651 1642 1663 
3 1699 1647 1657 
3 1660 1641 1659 
3 1655 1607 1666 
3 1659 1630 1691 
3 1664 1656 1658 
3 1697 1656 1669 
3 1662 1644 1732 
3 1603 1661 1696 
3 1654 1577 1743 
3 1665 1659 1678 
3 1686 1669 1664 
3 1657 1672 1707 
3 1668 1593 1681 
3 1671 1636 1667 
3 1685 1660 1665 
3 1680 1676 1646 
3 1672 1668 1674 
3 1666 1671 1687 
3 1700 1776 1507 
3 1671 1681 1684 
3 1718 1703 1643 
3 1683 1639 1670 
3 1682 1591 1679 
3 1686 1664 1733 
3 1698 1677 1688 
3 1701 1670 1649 
3 1674 1667 1682 
3 1684 1681 1677 
3 1692 1676 1744 
3 1674 1682 1698 
3 1694 1669 1689 
3 1695 1665 1678 
3 1672 1710 1705 
3 1706 1679 1704 
3 1711 1685 1695 
3 1644 1627 1699 
3 1658 1696 1742 
3 1734 1640 1683 
3 1832 1628 1653 
3 1713 1697 1685 
3 1689 1686 1731 
3 1691 1662 1739 
3 1718 1660 1694 
3 1710 1684 1679 
3 1690 1655 1730 
3 1764 1673 1794 
3 1715 1680 1708 
3 1703 1712 1649 
3 1723 1702 1675 
3 1706 1688 1716 
3 1707 1687 1717 
3 1722 1688 1704 
3 1735 1666 1705 
3 1714 1701 1712 
3 1720 1716 1635 
4 1717 1687 1698 1722 
3 1713 1689 1721 
3 1729 1708 1702 
3 1724 1694 1711 
3 1751 1715 1708 
3 1744 1701 1714 
3 1749 1704 1709 
3 1705 1710 1765 
3 1723 1675 1697 
3 1821 1485 1582 
3 1727 1709 1650 
3 1726 1711 1731 
3 1710 1706 1760 
4 1740 1703 1718 1725 
3 1728 1713 1726 
3 1723 1728 1738 
3 1724 1721 1748 
3 1750 1720 1652 
3 1725 1724 1748 
3 1740 1756 1712 
3 1732 1699 1746 
3 1721 1695 1747 
3 1736 1661 1730 
3 1747 1678 1742 
3 1835 1653 1692 
3 1746 1707 1777 
3 1739 1732 1786 
3 1769 1461 1374 
3 1759 1725 1752 
3 1755 1696 1736 
3 1781 1729 1723 
3 1768 1651 1745 
3 1733 1691 1761 
3 1745 1663 1589 
3 1751 1683 1715 
3 1741 1743 1754 
3 1730 1735 1777 
3 1731 1733 1762 
3 1728 1726 1758 
3 1760 1716 1750 
3 1749 1727 1780 
3 1835 1744 1714 
3 1738 1763 1778 
3 1503 1766 1783 
3 1745 1588 1779 
3 1757 1739 1793 
3 1833 1927 1729 
3 1761 1755 1796 
3 1763 1748 1762 
3 1774 1738 1778 
3 1771 1722 1749 
3 1742 1757 1802 
3 1758 1747 1806 
3 1752 1758 1791 
3 1775 1700 1785 
3 1799 1717 1773 
3 1753 1470 1767 
3 1766 1769 1787 
3 1780 1741 1809 
3 1767 1737 1795 
3 1795 1348 1772 
3 1773 1760 1782 
3 1770 1382 1880 
3 1765 1771 1803 
3 1781 1759 1789 
3 1784 1764 1855 
3 1779 1673 1784 
3 1746 1735 1797 
3 1759 1752 1789 
3 1818 1754 1776 
3 1782 1750 1768 
4 1833 1740 1774 1801 
3 1771 1780 1809 
3 1794 1753 1792 
3 1776 1775 1854 
3 1764 1798 1876 
3 1831 1736 1797 
3 1792 1767 1800 
4 1790 1570 1561 1822 
3 1774 1778 1805 
4 1939 1131 1556 1788 
3 1808 1763 1823 
3 1807 1783 1787 
3 1796 1755 1810 
3 1700 1783 1798 
3 1800 1769 1770 
3 1820 1757 1793 
3 1786 1777 1799 
3 1785 1794 1807 
3 1797 1765 1812 
3 1787 1795 1882 
3 1781 1805 1813 
3 1815 1761 1820 
3 1812 1773 1824 
3 1867 1605 1598 
3 1801 1789 1808 
3 1823 1762 1815 
3 1860 1798 1792 
3 1811 1805 1791 
3 1782 1768 1818 
3 1793 1831 1844 
3 1814 1808 1841 
3 1817 1799 1803 
3 1843 1801 1816 
3 1856 1816 1811 
3 1806 1802 1861 
3 1865 1813 1814 
3 1839 1812 1825 
3 1829 1809 1779 
3 1890 1420 1089 
3 1861 1802 1796 
3 1862 1719 1604 
3 1826 1788 1596 
3 1791 1806 1853 
3 1827 1803 1829 
3 1834 1817 1828 
3 1862 1822 1508 
3 1830 1824 1848 
3 1825 1830 1847 
3 1824 1818 1849 
3 1828 1827 1838 
3 1840 1810 1786 
3 1934 1867 1693 
3 1836 1756 1781 
3 1850 1825 1847 
3 1927 1734 1751 
3 1864 1833 1837 
3 1836 1843 1872 
3 1830 1846 1873 
3 1842 1845 1817 
3 1844 1831 1851 
3 1811 1853 1875 
3 1852 1845 1839 
3 1870 1837 1813 
3 1869 1810 1840 
3 1851 1839 1842 
3 1838 1848 1873 
3 1834 1828 1863 
3 1846 1827 1859 
3 1859 1829 1866 
3 1852 1834 1858 
3 1869 1840 1845 
3 1868 1842 1850 
3 1841 1823 1917 
3 1866 1784 1855 
3 1854 1775 1878 
3 1857 1814 1875 
3 1865 1856 1907 
3 1874 1850 1863 
3 1848 1849 1887 
3 1871 1807 1877 
3 1918 1815 1820 
3 1906 1826 1821 
3 1858 1847 1884 
3 1905 1836 1893 
3 1925 1816 1857 
3 1849 1854 1909 
3 1906 1804 1832 
4 1891 1852 1874 1895 
3 1891 1844 1851 
3 1889 1879 1843 
3 1883 1860 1877 
3 1892 1837 1879 
3 1838 1846 1886 
3 1868 1858 1894 
3 1856 1841 1904 
3 1878 1785 1885 
3 1871 1860 1881 
3 1909 1855 1876 
3 1913 1872 1870 
3 1900 1772 1888 
3 1877 1882 1903 
3 1881 1800 1900 
3 1885 1871 1901 
3 1896 1863 1898 
3 1929 1876 1883 
3 1873 1897 1898 
3 1897 1859 1926 
3 1932 1880 1890 
3 1936 1870 1925 
3 1888 1819 1933 
3 1910 1869 1868 
3 1913 1893 1872 
3 1905 1864 1892 
3 1902 1874 1896 
3 1899 1868 1911 
3 1894 1884 1919 
3 1886 1887 1921 
3 1884 1886 1908 
3 1910 1895 1914 
3 1882 1880 1916 
3 1912 1883 1903 
3 1911 1894 1930 
3 1901 1881 1916 
3 1907 1875 1917 
3 1941 1864 1893 
3 1939 1862 1867 
3 1961 1857 1904 
3 1915 1898 1922 
3 1928 1866 1878 
3 1918 1891 1899 
3 1914 1895 1902 
3 1923 1901 1935 
3 1936 1892 1879 
3 1899 1911 1967 
3 1919 1908 1920 
3 1903 1900 1932 
3 1904 1853 1918 
4 1972 1917 1861 1910 
4 1896 1915 1924 1930 
3 1915 1945 1924 
3 1922 1897 1926 
3 1908 1921 1955 
3 1954 1931 1912 
3 1919 1920 1938 
3 1964 1889 1865 
3 1921 1887 1928 
3 1941 1835 1756 
3 1926 1909 1929 
3 1931 1928 1885 
3 1902 1919 1937 
3 1955 1929 1923 
3 1916 1888 1947 
3 1947 1890 1991 
3 1940 1939 1832 
3 1976 1912 1946 
4 1949 1913 1889 1965 
3 1930 1938 1944 
3 1937 1924 1945 
5 1790 1906 1934 1943 1960 
3 1943 1934 1942 
4 1942 1927 1905 1949 
3 1940 1941 1948 
3 1939 1940 1953 
3 1967 1937 1957 
4 1957 1938 1920 1958 
3 1935 1951 1962 
3 1932 1933 1956 
3 1953 1942 1950 
4 1950 1941 1936 1970 
3 1952 1948 1949 
3 1962 1946 1956 
3 1953 1950 1975 
4 1960 1943 1948 1952 
3 1971 1923 1976 
3 1922 1931 1958 
3 1951 1947 1985 
3 1959 1944 1945 
3 1945 1955 1971 
3 1968 1957 1969 
3 1939 1953 1986 
3 1966 1907 1974 
3 1994 1946 1951 
2 1991 1389 
3 1965 1925 1966 
3 1970 1936 1964 
3 1980 1964 1961 
3 1973 1914 1944 
3 1973 1959 1969 
3 1968 1959 1971 
3 1949 1965 1980 
4 1978 1969 1958 1954 
3 1974 1918 1977 
3 1977 1967 1968 
3 1979 1961 1972 
3 1986 1952 1987 
3 1954 1935 1981 
3 1983 1972 1973 
3 1982 1971 1981 
3 1980 1974 1984 
4 1970 1966 1979 1987 
3 1978 1976 1994 
3 1983 1978 1995 
3 1993 1977 1982 
3 1987 1979 1990 
3 1988 1956 1991 
4 1960 1975 1989 1999 
4 1975 1980 1984 1989 
3 1994 1985 1991 
3 1986 1987 1992 
3 1984 1993 1992 
5 1997 1988 1985 1933 1963 
3 1989 1990 1996 
4 1990 1983 1995 1996 
4 1997 1981 1962 1988 
3 1993 1982 1998 
3 1992 1993 1998 
4 1999 1998 1994 1991 
4 1999 1996 1995 1997 
3 1986 1998 1997 
