300
0 236 814
1 296 826
2 376 802
3 460 5480
4 490 1482
5 492 1878
6 518 326
7 534 4950
8 588 322
9 628 316
10 658 5638
11 728 1210
12 776 1104
13 1078 5378
14 1096 5320
15 1178 456
16 1180 5716
17 1196 80
18 1248 436
19 1524 154
20 1542 5934
21 1654 5690
22 1750 1218
23 1784 5920
24 1788 1254
25 1802 4692
26 1824 1224
27 1842 1274
28 1880 2234
29 1904 1328
30 1942 1394
31 1944 2204
32 1946 472
33 1972 6128
34 1992 2040
35 2022 1650
36 2028 2220
37 2066 5216
38 2158 5184
39 2182 428
40 2270 5126
41 2340 846
42 2366 4940
43 2378 2162
44 2448 892
45 2460 5282
46 2494 5360
47 2496 482
48 2520 3958
49 2560 5016
50 2572 5310
51 2608 3048
52 2624 646
53 2634 3618
54 2672 5064
55 2752 4866
56 2754 3328
57 2806 4764
58 2820 4914
59 2828 4760
60 2844 5176
61 2848 4544
62 2862 5486
63 2864 1838
64 2890 2628
65 2900 4766
66 2936 5320
67 2954 1180
68 2998 4694
69 3030 4486
70 3062 1268
71 3166 1568
72 3186 1700
73 3190 4738
74 3200 1606
75 3228 1986
76 3318 3966
77 3322 4810
78 3336 1542
79 3378 3822
80 3420 2732
81 3420 3940
82 3460 4414
83 3468 4936
84 3664 2076
85 3690 3882
86 3692 3798
87 3718 1666
88 3736 3662
89 3748 58
90 3758 152
91 3820 3296
92 3850 1094
93 3872 1090
94 3884 1836
95 3920 1840
96 3928 4556
97 3952 3008
98 4004 4462
99 4022 4238
100 4114 4546
101 4162 3950
102 4196 3980
103 4212 3008
104 4228 2448
105 4236 156
106 4248 1204
107 4266 4470
108 4276 2378
109 4298 4532
110 4404 2476
111 4410 2948
112 4410 4636
113 4418 2882
114 4444 4418
115 4456 2234
116 4466 4590
117 4470 4336
118 4474 2912
119 4488 4234
120 4502 4752
121 4552 2224
122 4676 4398
123 4682 2158
124 4712 4764
125 4774 3948
126 4782 3980
127 4782 5096
128 4812 3946
129 4828 4146
130 4846 2122
131 4940 2826
132 4968 3122
133 4970 4516
134 4978 4808
135 4986 3228
136 4990 2598
137 4994 3972
138 5012 2242
139 5018 4556
140 5020 4474
141 5132 3492
142 5134 3942
143 5140 3274
144 5162 5272
145 5168 4072
146 5178 5200
147 5206 3672
148 5214 3684
149 5250 3278
150 5270 2612
151 5362 2354
152 5388 4870
153 5404 2764
154 5432 2470
155 5486 4192
156 5488 3860
157 5504 2658
158 5546 2492
159 5566 2934
160 5586 3966
161 5596 3328
162 5660 2666
163 5698 6164
164 5734 3504
165 5804 2850
166 5806 3972
167 5812 3084
168 5826 2786
169 5864 6050
170 5870 2926
171 6012 6902
172 6024 2694
173 6030 2942
174 6050 7074
175 6094 86
176 6102 3736
177 6124 2610
178 6180 2298
179 6314 3064
180 6318 2462
181 6318 2642
182 6322 2862
183 6326 3014
184 6354 6896
185 6398 2570
186 6492 2916
187 6502 2766
188 6506 5906
189 6530 7042
190 6564 2256
191 6592 4726
192 6616 4868
193 6644 4658
194 6646 3040
195 6670 4632
196 6684 4542
197 6700 4986
198 6732 2864
199 6750 2996
200 6804 622
201 6812 4570
202 6840 3012
203 6854 2368
204 6900 6978
205 6904 2342
206 6936 2250
207 6980 4880
208 7006 5090
209 7042 7004
210 7090 394
211 7134 2164
212 7234 6806
213 7282 4708
214 7298 2996
215 7298 4656
216 7326 4526
217 7372 3182
218 7372 4186
219 7472 4108
220 7488 1520
221 7494 4398
222 7520 510
223 7528 492
224 7554 326
225 7582 5420
226 7584 3314
227 7596 4426
228 7614 1694
229 7630 3952
230 7664 1272
231 7672 1302
232 7736 4266
233 7784 3380
234 7852 2356
235 7900 882
236 7982 4216
237 8014 2204
238 8016 1538
239 8024 3704
240 8042 2754
241 8088 1486
242 8106 3648
243 8236 4566
244 8246 4056
245 8342 2192
246 8360 1390
247 8360 7020
248 8416 5128
249 8444 1342
250 8464 4230
251 8474 3028
252 8474 3552
253 8480 3446
254 8488 3908
255 8488 7138
256 8512 4064
257 8598 1934
258 8604 5006
259 8630 1910
260 8708 3488
261 8758 5320
262 8764 3864
263 8778 4304
264 8874 1628
265 8876 1762
266 8880 5420
267 8888 2568
268 9016 2812
269 9208 2164
270 9364 3792
271 9406 3054
272 9410 1350
273 9490 4678
274 9606 1974
275 9742 862
276 9852 748
277 10080 794
278 10140 594
279 10140 5314
280 10204 5158
281 10524 310
282 10734 3106
283 11178 582
284 11180 516
285 11252 2036
286 11614 5062
287 11628 234
288 11730 588
289 11856 3526
290 11942 7192
291 12038 7024
292 12132 4310
293 12140 494
294 12150 7134
295 12184 646
296 12186 1410
297 12186 4350
298 12592 3302
299 12638 142
4 1 5 3 6 
3 4 0 2 
3 12 1 15 
3 10 0 7 
3 5 1 11 
3 7 0 4 
3 0 17 8 
3 13 3 5 
3 15 6 9 
3 18 8 17 
4 16 20 33 3 
3 24 4 12 
3 22 11 2 
3 16 7 14 
3 13 28 25 
3 2 8 18 
3 20 10 13 
5 90 19 9 6 89 
3 32 15 9 
4 210 39 17 90 
5 33 10 16 21 23 
3 20 25 37 
3 26 24 12 
3 171 20 46 
3 27 11 22 
3 21 14 53 
3 27 22 41 
3 29 24 26 
3 14 35 31 
3 30 27 67 
3 35 29 70 
4 36 51 28 34 
3 41 18 39 
3 174 10 20 
3 31 35 63 
4 34 28 30 71 
3 64 31 43 
3 21 48 38 
3 45 37 40 
3 47 32 19 
3 38 42 49 
3 44 26 32 
3 40 48 61 
3 104 36 75 
3 67 41 52 
3 50 46 38 
3 62 23 45 
3 200 52 39 
3 42 37 53 
3 54 40 55 
3 66 62 45 
3 56 31 64 
3 93 44 47 
3 48 25 56 
3 60 49 58 
3 58 49 57 
3 79 53 51 
3 55 61 59 
3 83 54 55 
3 65 57 69 
3 144 66 54 
3 57 42 76 
3 184 46 50 
3 75 34 72 
3 80 51 36 
4 77 59 68 73 
3 163 50 60 
3 29 44 92 
3 65 69 82 
3 68 59 81 
3 78 30 92 
3 74 35 78 
3 84 63 74 
3 120 65 96 
3 94 72 71 
3 84 43 63 
3 61 79 81 
3 83 65 134 
3 87 71 70 
3 76 56 91 
3 113 97 64 
3 69 76 86 
3 68 85 99 
3 127 58 77 
3 108 75 72 
3 101 82 86 
3 85 81 88 
3 95 78 106 
3 86 91 103 
3 299 175 17 
3 105 19 17 
3 88 79 97 
3 70 67 93 
3 106 92 52 
3 95 115 74 
3 123 94 87 
3 73 98 100 
3 103 91 80 
3 107 96 99 
3 98 82 102 
3 112 96 109 
3 102 85 135 
3 119 99 101 
3 88 97 111 
3 110 43 108 
3 224 90 175 
3 87 93 200 
3 109 98 114 
3 104 84 115 
3 116 100 107 
3 136 104 154 
3 132 103 118 
3 120 100 116 
3 118 80 136 
3 107 117 122 
3 108 94 121 
3 112 109 139 
3 114 119 126 
3 111 113 131 
3 117 102 125 
3 124 73 112 
3 138 115 123 
3 133 114 129 
3 121 95 130 
3 134 120 191 
3 126 119 143 
3 117 125 128 
3 146 83 152 
3 129 126 141 
3 122 128 137 
3 138 123 230 
3 118 157 153 
3 135 111 159 
3 139 122 140 
3 152 77 124 
3 143 101 132 
3 150 113 110 
3 129 147 142 
3 151 121 130 
3 193 116 133 
3 133 145 155 
3 147 128 149 
3 145 137 148 
3 149 125 135 
3 169 60 146 
3 140 142 156 
3 144 127 197 
3 148 137 141 
3 142 147 161 
3 141 143 159 
3 157 136 158 
3 154 138 178 
3 127 134 192 
3 168 131 162 
3 158 110 151 
3 196 140 160 
3 160 145 164 
3 162 131 150 
3 150 154 178 
3 149 132 165 
3 166 155 156 
3 164 148 167 
3 153 157 177 
3 212 66 169 
3 156 161 179 
3 170 159 168 
3 221 160 176 
3 161 170 173 
3 165 153 172 
3 163 144 188 
3 167 165 181 
3 174 23 184 
3 168 177 185 
3 167 181 182 
4 255 33 171 189 
3 299 105 89 
3 218 166 194 
3 172 162 180 
3 158 151 190 
3 164 183 194 
3 177 190 206 
3 173 170 185 
3 183 173 187 
3 179 182 186 
3 204 171 62 
3 181 172 203 
3 183 187 198 
3 186 182 203 
3 169 225 266 
3 174 209 247 
3 180 178 220 
3 192 124 193 
3 207 152 191 
3 191 139 195 
3 176 179 199 
3 193 196 201 
3 201 195 155 
3 208 146 207 
3 199 186 205 
3 202 194 198 
3 106 47 222 
3 195 196 216 
3 217 199 214 
3 187 185 205 
3 209 184 212 
3 198 203 206 
3 205 180 211 
4 208 197 192 213 
3 225 197 207 
3 247 189 204 
3 223 19 224 
3 234 206 228 
3 204 163 279 
3 258 207 215 
3 217 202 240 
3 213 216 243 
3 215 201 227 
3 226 202 214 
3 221 176 219 
3 232 218 229 
3 228 190 231 
3 227 166 218 
3 235 200 223 
3 276 222 210 
3 210 105 281 
3 188 208 248 
3 233 229 217 
4 243 216 221 232 
3 211 220 238 
3 219 226 239 
3 231 130 235 
3 241 220 230 
3 227 219 236 
3 252 242 226 
3 240 211 237 
3 249 230 222 
3 250 232 244 
3 234 238 245 
3 237 228 241 
3 244 229 242 
3 251 214 234 
3 238 231 246 
3 254 239 233 
3 273 215 227 
3 250 236 239 
3 267 237 257 
3 257 241 249 
3 291 189 209 
3 261 225 258 
3 264 246 235 
4 263 236 244 256 
3 253 240 268 
3 254 233 253 
3 260 252 251 
3 256 242 252 
2 290 174 
3 250 254 262 
3 245 246 259 
3 280 248 213 
3 257 264 265 
3 262 253 271 
3 266 248 280 
3 256 260 270 
3 273 250 270 
3 259 249 275 
3 269 259 272 
3 188 261 279 
3 268 245 269 
3 271 251 267 
3 267 265 274 
3 263 262 282 
4 260 268 274 285 
3 265 277 283 
3 286 243 263 
3 271 269 288 
3 264 276 277 
3 275 223 278 
3 272 275 284 
3 276 281 287 
3 212 266 286 
3 261 258 286 
3 278 224 287 
3 289 270 285 
3 288 272 284 
3 283 277 287 
3 282 271 296 
5 291 279 280 273 292 
4 284 278 281 299 
3 274 283 293 
3 292 282 298 
2 255 294 
4 294 247 286 297 
3 297 286 289 
3 295 288 299 
3 290 291 298 
3 296 293 299 
3 298 285 295 
3 291 292 298 
5 294 297 289 296 299 
6 298 295 293 287 175 89 
