3000
0 310 1680
1 408 10346
2 418 9822
3 430 1944
4 434 9328
5 452 1760
6 462 1980
7 490 4230
8 500 1636
9 506 1650
10 514 1664
11 520 10876
12 526 1614
13 548 4074
14 550 1698
15 562 1876
16 582 4306
17 586 1648
18 588 1960
19 594 1558
20 614 10372
21 622 10080
22 630 2176
23 668 1548
24 680 2176
25 686 3452
26 712 1972
27 712 2180
28 724 2066
29 732 2168
30 758 1600
31 770 1824
32 776 2110
33 782 2078
34 788 9528
35 790 3696
36 798 664
37 802 3626
38 808 1876
39 820 3828
40 828 3450
41 840 2926
42 854 2306
43 854 3074
44 864 798
45 864 3000
46 864 3210
47 864 4124
48 868 2942
49 870 9558
50 888 3252
51 888 3364
52 900 676
53 900 3142
54 906 2872
55 908 1414
56 908 10962
57 912 4360
58 914 3150
59 918 3126
60 924 2628
61 928 3200
62 930 2924
63 932 2730
64 940 4382
65 950 3700
66 954 2894
67 966 4414
68 980 3016
69 992 4410
70 996 3144
71 1020 11082
72 1026 2712
73 1030 2126
74 1030 3726
75 1034 2940
76 1036 3396
77 1038 2860
78 1040 2358
79 1040 3272
80 1044 3824
81 1050 674
82 1064 720
83 1070 3200
84 1076 2672
85 1076 4478
86 1076 9900
87 1090 1602
88 1102 1130
89 1114 4566
90 1122 3854
91 1124 2628
92 1132 2096
93 1132 2678
94 1142 2738
95 1142 10540
96 1144 3152
97 1154 3852
98 1156 1264
99 1254 2580
100 1280 1556
101 1282 3106
102 1314 1210
103 1328 3648
104 1336 10694
105 1358 10958
106 1394 2646
107 1420 11522
108 1452 1800
109 1458 2396
110 1462 3246
111 1462 3396
112 1466 4192
113 1484 3914
114 1486 4170
115 1502 2488
116 1502 10356
117 1510 11302
118 1522 3452
119 1526 2572
120 1536 704
121 1562 754
122 1574 4592
123 1580 3072
124 1608 2968
125 1612 1164
126 1618 3036
127 1634 2834
128 1652 2534
129 1652 10004
130 1670 3252
131 1682 4532
132 1694 3442
133 1736 1826
134 1758 1640
135 1760 758
136 1764 3000
137 1766 9748
138 1804 1718
139 1812 1718
140 1820 2892
141 1824 3338
142 1836 11440
143 1838 1736
144 1846 3510
145 1856 2830
146 1868 4330
147 1874 10448
148 1926 11484
149 1944 3434
150 1982 4526
151 1988 11482
152 2024 3444
153 2028 3948
154 2036 11254
155 2048 10346
156 2068 11528
157 2102 10420
158 2200 11074
159 2204 11324
160 2218 11084
161 2226 1728
162 2246 11276
163 2274 1382
164 2286 806
165 2292 10516
166 2344 862
167 2344 1212
168 2348 4504
169 2354 862
170 2368 362
171 2376 512
172 2474 4460
173 2476 870
174 2486 11212
175 2504 926
176 2532 4494
177 2538 11188
178 2544 3296
179 2548 4338
180 2578 4426
181 2582 4454
182 2592 1588
183 2606 34
184 2618 3998
185 2622 4474
186 2630 4068
187 2644 2988
188 2658 3774
189 2662 11030
190 2664 4396
191 2682 11182
192 2736 586
193 2746 58
194 2766 2028
195 2832 4418
196 2860 324
197 2860 1630
198 2872 958
199 2918 258
200 2964 3782
201 2978 1308
202 2978 3652
203 2984 9426
204 3006 2568
205 3022 820
206 3026 11942
207 3028 1008
208 3028 1112
209 3042 1002
210 3062 1114
211 3064 626
212 3100 1060
213 3114 11964
214 3120 8596
215 3132 3410
216 3148 3310
217 3150 11752
218 3180 3226
219 3194 12022
220 3196 3338
221 3226 11634
222 3234 11640
223 3250 11940
224 3252 640
225 3262 11960
226 3266 3520
227 3286 11914
228 3292 378
229 3294 2884
230 3298 8604
231 3300 428
232 3300 11904
233 3310 348
234 3322 2626
235 3342 2412
236 3352 3192
237 3386 9510
238 3394 11912
239 3402 9624
240 3418 7240
241 3422 1704
242 3448 11914
243 3460 434
244 3474 2834
245 3486 8612
246 3506 10312
247 3518 458
248 3520 12898
249 3544 2318
250 3560 2308
251 3562 484
252 3562 2706
253 3570 11894
254 3574 2330
255 3578 1912
256 3580 2208
257 3582 2596
258 3600 1820
259 3620 12048
260 3624 2540
261 3628 2720
262 3660 2544
263 3662 2828
264 3686 2718
265 3690 1920
266 3694 2696
267 3708 9598
268 3718 2214
269 3720 3802
270 3724 4544
271 3736 2714
272 3744 3622
273 3750 2708
274 3760 11934
275 3768 442
276 3768 4458
277 3790 11432
278 3800 12028
279 3802 2890
280 3808 2232
281 3810 4452
282 3814 2468
283 3830 2468
284 3830 2874
285 3832 728
286 3836 2640
287 3852 4468
288 3858 11942
289 3864 10382
290 3866 4464
291 3876 10380
292 3880 4446
293 3884 2810
294 3888 2590
295 3890 896
296 3890 8834
297 3912 1072
298 3916 1074
299 3930 2640
300 3930 11938
301 3930 12268
302 3944 9430
303 3952 7074
304 3958 554
305 3958 2594
306 3960 8916
307 3960 10394
308 3966 8938
309 3970 1200
310 3974 11978
311 3984 2786
312 4000 2680
313 4008 3434
314 4012 10266
315 4014 9442
316 4018 2696
317 4024 11924
318 4034 9242
319 4052 12126
320 4068 7076
321 4068 12122
322 4074 1348
323 4096 10418
324 4098 6806
325 4098 11290
326 4104 10366
327 4110 2154
328 4116 776
329 4128 9296
330 4140 1278
331 4140 10462
332 4162 4398
333 4164 4434
334 4164 12626
335 4168 2406
336 4170 11920
337 4192 12268
338 4194 2388
339 4196 10428
340 4198 2404
341 4212 10322
342 4224 9218
343 4230 11396
344 4234 4298
345 4234 10382
346 4244 4382
347 4254 12276
348 4280 10354
349 4284 10380
350 4290 10676
351 4296 10524
352 4306 11774
353 4308 4170
354 4308 10612
355 4310 10302
356 4324 442
357 4334 7528
358 4352 12014
359 4354 10388
360 4360 12120
361 4364 6998
362 4364 10948
363 4368 4186
364 4370 10472
365 4374 9364
366 4374 10008
367 4380 10416
368 4388 10466
369 4390 4086
370 4392 10684
371 4394 9012
372 4420 4150
373 4438 1782
374 4448 3820
375 4450 948
376 4462 10644
377 4464 10374
378 4468 3814
379 4476 13004
380 4486 4268
381 4488 6768
382 4494 568
383 4496 10340
384 4498 10232
385 4498 10620
386 4514 4302
387 4528 3892
388 4542 9028
389 4552 10228
390 4560 4334
391 4562 10642
392 4564 6682
393 4564 10232
394 4570 10472
395 4574 9404
396 4576 10400
397 4580 10582
398 4584 10310
399 4598 1962
400 4598 4216
401 4610 9132
402 4626 9448
403 4632 12742
404 4644 6770
405 4646 2126
406 4662 10572
407 4664 9916
408 4664 10484
409 4680 10380
410 4680 12666
411 4686 10472
412 4692 10618
413 4700 6550
414 4708 10204
415 4712 10208
416 4720 504
417 4722 9878
418 4736 1772
419 4758 10648
420 4766 6728
421 4786 10528
422 4788 10756
423 4794 10646
424 4796 8822
425 4800 8848
426 4816 826
427 4816 9870
428 4860 9944
429 4860 11304
430 4862 8870
431 4864 4400
432 4864 9730
433 4866 10710
434 4876 1596
435 4882 9854
436 4884 7250
437 4886 9844
438 4886 10556
439 4894 12904
440 4900 1260
441 4908 4416
442 4908 11334
443 4910 11580
444 4918 9330
445 4920 3522
446 4920 10022
447 4920 10598
448 4928 13380
449 4932 9028
450 4932 11178
451 4932 12896
452 4940 10648
453 4944 11242
454 4950 6726
455 4954 10214
456 4956 3996
457 4964 904
458 4972 7276
459 4972 7324
460 4982 11388
461 4988 9004
462 4998 10612
463 5000 10074
464 5000 10606
465 5006 3884
466 5022 10066
467 5024 4438
468 5028 7354
469 5032 4106
470 5034 11192
471 5038 10484
472 5038 11488
473 5048 3700
474 5054 10464
475 5056 9992
476 5062 9288
477 5084 10026
478 5088 9870
479 5104 9004
480 5104 10062
481 5104 10718
482 5108 9864
483 5108 10448
484 5114 10484
485 5118 10368
486 5118 11166
487 5118 11482
488 5120 10152
489 5126 3590
490 5126 10598
491 5134 9352
492 5136 7360
493 5136 10434
494 5152 11122
495 5156 10384
496 5158 10636
497 5162 8942
498 5162 10244
499 5168 7976
500 5170 11402
501 5172 6788
502 5176 10726
503 5184 6684
504 5208 9980
505 5210 3922
506 5210 3986
507 5210 7510
508 5210 9058
509 5220 9374
510 5228 4596
511 5232 9408
512 5252 8906
513 5262 6092
514 5262 11194
515 5278 10622
516 5284 6092
517 5286 9970
518 5288 2624
519 5288 11102
520 5298 11070
521 5298 11158
522 5300 10302
523 5302 10192
524 5310 9444
525 5314 11132
526 5320 10126
527 5338 10546
528 5340 9352
529 5340 10276
530 5352 10220
531 5360 10298
532 5362 4648
533 5366 6510
534 5370 2388
535 5370 7784
536 5396 1284
537 5400 10544
538 5408 932
539 5424 8906
540 5428 10400
541 5430 5166
542 5432 3384
543 5434 1236
544 5436 2520
545 5438 10384
546 5448 10352
547 5460 9242
548 5466 976
549 5466 9780
550 5468 3620
551 5476 3324
552 5480 7482
553 5504 10248
554 5534 1134
555 5534 9846
556 5536 1622
557 5544 5352
558 5544 7274
559 5550 1330
560 5554 9858
561 5562 9626
562 5564 1296
563 5568 1362
564 5570 9588
565 5576 5302
566 5580 2050
567 5582 5314
568 5586 10412
569 5588 11070
570 5590 2050
571 5596 2052
572 5602 9588
573 5606 5614
574 5606 10298
575 5626 1694
576 5634 10042
577 5640 6428
578 5644 1312
579 5654 9384
580 5662 7640
581 5662 9168
582 5664 1926
583 5672 1780
584 5676 9250
585 5682 1894
586 5690 10708
587 5696 9086
588 5700 9290
589 5712 10710
590 5714 3664
591 5714 5220
592 5722 5256
593 5728 9294
594 5740 5334
595 5748 10946
596 5750 2156
597 5750 4378
598 5750 5312
599 5754 4404
600 5766 9220
601 5770 5252
602 5772 7992
603 5782 9344
604 5782 10050
605 5784 9988
606 5786 2414
607 5788 2226
608 5814 2016
609 5816 9306
610 5818 9514
611 5834 9486
612 5850 7460
613 5854 7906
614 5860 2194
615 5866 4306
616 5870 10568
617 5874 9418
618 5882 10668
619 5884 9156
620 5884 9962
621 5892 10084
622 5904 8906
623 5910 8926
624 5918 8890
625 5948 9072
626 5962 1578
627 5964 7472
628 5970 2500
629 5974 4770
630 6010 9160
631 6028 9296
632 6040 4328
633 6048 1714
634 6058 9736
635 6068 8046
636 6070 9446
637 6086 5402
638 6090 5788
639 6098 4422
640 6116 9520
641 6128 9286
642 6136 10404
643 6144 6380
644 6168 9260
645 6194 9288
646 6220 8246
647 6230 8012
648 6230 9280
649 6232 9168
650 6292 10108
651 6300 5798
652 6306 3340
653 6306 7268
654 6320 9204
655 6324 8922
656 6324 9536
657 6338 7034
658 6342 8112
659 6366 9048
660 6390 6814
661 6398 5054
662 6428 6866
663 6428 9208
664 6436 6816
665 6440 5070
666 6446 2894
667 6460 6842
668 6460 9370
669 6470 8022
670 6472 8316
671 6480 5522
672 6516 9942
673 6540 4608
674 6570 9184
675 6584 9204
676 6590 9706
677 6608 8322
678 6642 7436
679 6652 9512
680 6670 4818
681 6680 9046
682 6708 3342
683 6712 5706
684 6714 9998
685 6728 9984
686 6730 13186
687 6740 7802
688 6740 12602
689 6750 5398
690 6774 3174
691 6780 4502
692 6786 3100
693 6798 118
694 6798 4532
695 6814 7888
696 6840 4582
697 6842 7936
698 6856 4544
699 6882 5492
700 6912 8432
701 6914 4608
702 6922 160
703 6934 4518
704 7004 3114
705 7022 3334
706 7024 138
707 7024 3284
708 7038 7476
709 7040 6490
710 7050 8962
711 7054 7786
712 7058 3492
713 7062 3324
714 7098 7112
715 7110 3276
716 7112 7616
717 7116 7756
718 7122 3746
719 7140 3322
720 7168 8294
721 7170 7948
722 7190 14124
723 7194 7518
724 7222 3290
725 7222 7780
726 7224 7584
727 7246 8996
728 7252 8988
729 7286 8054
730 7288 12232
731 7292 9002
732 7298 5296
733 7300 7874
734 7308 7592
735 7312 12278
736 7320 7626
737 7330 3194
738 7334 4758
739 7338 3324
740 7340 8310
741 7342 3462
742 7352 8862
743 7356 8082
744 7356 8814
745 7358 12266
746 7360 7562
747 7364 184
748 7366 8064
749 7368 4268
750 7370 5122
751 7376 7766
752 7382 8370
753 7386 4304
754 7396 3554
755 7446 9026
756 7454 3668
757 7454 7612
758 7456 6884
759 7458 7976
760 7468 5334
761 7480 5030
762 7484 7728
763 7500 306
764 7504 3704
765 7508 7610
766 7520 7956
767 7522 338
768 7526 7628
769 7534 7824
770 7538 6210
771 7548 5366
772 7552 7772
773 7562 8728
774 7564 3634
775 7570 7538
776 7570 8918
777 7578 5568
778 7580 7610
779 7584 8782
780 7586 3518
781 7586 7218
782 7588 7500
783 7590 2174
784 7592 7928
785 7604 2198
786 7608 7650
787 7616 8954
788 7622 298
789 7624 8120
790 7634 6690
791 7634 7564
792 7636 6184
793 7640 2050
794 7650 3600
795 7652 7810
796 7656 3544
797 7662 7602
798 7664 8710
799 7666 8994
800 7680 7418
801 7688 8700
802 7692 3802
803 7696 8104
804 7700 6902
805 7708 3882
806 7712 8730
807 7712 9044
808 7714 7342
809 7734 422
810 7752 8580
811 7756 7782
812 7762 7600
813 7764 4408
814 7766 6854
815 7768 6568
816 7770 8140
817 7782 9066
818 7786 9044
819 7790 1988
820 7794 9116
821 7800 5310
822 7804 8864
823 7812 462
824 7816 5880
825 7830 4138
826 7832 7426
827 7838 402
828 7850 9052
829 7854 3492
830 7870 476
831 7872 5288
832 7874 4278
833 7886 4590
834 7896 3626
835 7904 6060
836 7906 5384
837 7906 8794
838 7906 8902
839 7914 8936
840 7924 266
841 7924 2152
842 7926 8566
843 7934 8660
844 7940 472
845 7944 9170
846 7954 5884
847 7980 488
848 7984 8690
849 7986 412
850 7986 5812
851 7990 476
852 7990 9466
853 7994 4434
854 7998 8550
855 8008 438
856 8050 9150
857 8078 6074
858 8078 8892
859 8086 8692
860 8098 7926
861 8100 7142
862 8104 374
863 8104 4590
864 8120 8632
865 8126 4416
866 8130 8002
867 8142 8552
868 8150 8646
869 8152 8946
870 8232 9214
871 8242 8862
872 8280 4538
873 8284 9098
874 8292 286
875 8292 8864
876 8310 8582
877 8314 4610
878 8322 9002
879 8356 510
880 8356 7936
881 8362 9306
882 8364 9062
883 8372 8814
884 8376 8002
885 8378 9000
886 8388 9626
887 8396 7900
888 8400 9080
889 8408 310
890 8416 4864
891 8422 4866
892 8426 7946
893 8428 8612
894 8428 9612
895 8438 5766
896 8440 9146
897 8442 8904
898 8452 4638
899 8452 9668
900 8458 7910
901 8462 536
902 8480 4834
903 8482 9118
904 8482 9428
905 8488 7334
906 8510 4540
907 8520 8964
908 8522 8824
909 8522 9652
910 8526 9000
911 8532 4646
912 8540 8190
913 8546 8620
914 8558 9032
915 8560 5956
916 8562 9488
917 8576 6172
918 8590 9638
919 8596 9566
920 8598 8484
921 8600 8600
922 8604 244
923 8620 8820
924 8628 5680
925 8648 9308
926 8652 9272
927 8662 9116
928 8666 8722
929 8670 9082
930 8674 230
931 8674 9356
932 8676 9582
933 8686 8956
934 8692 6456
935 8694 4920
936 8694 8354
937 8694 9000
938 8700 270
939 8702 8624
940 8726 9502
941 8732 8692
942 8734 8762
943 8738 8752
944 8738 9700
945 8750 4612
946 8756 5168
947 8758 9398
948 8772 4944
949 8776 8414
950 8792 9530
951 8794 4712
952 8794 9842
953 8796 82
954 8800 8784
955 8814 8248
956 8820 5768
957 8820 5812
958 8822 4632
959 8826 5098
960 8826 8296
961 8828 9704
962 8832 9742
963 8832 9960
964 8834 5644
965 8840 6130
966 8842 5616
967 8842 9414
968 8842 9516
969 8844 9644
970 8850 8672
971 8852 8912
972 8852 9800
973 8854 32
974 8854 5744
975 8856 9366
976 8858 8258
977 8858 10146
978 8872 9598
979 8874 5516
980 8876 7286
981 8880 8660
982 8884 9774
983 8886 9706
984 8888 5374
985 8888 7342
986 8900 5386
987 8902 9586
988 8904 8814
989 8908 5950
990 8908 6204
991 8916 9090
992 8918 9692
993 8930 7244
994 8932 5324
995 8932 9852
996 8934 6370
997 8936 4716
998 8944 6466
999 8944 10028
1000 8946 8732
1001 8968 9334
1002 8970 8928
1003 8970 9090
1004 8976 4834
1005 8978 5936
1006 8982 94
1007 8982 8868
1008 8988 9590
1009 8992 4448
1010 9008 4534
1011 9010 6784
1012 9010 8604
1013 9012 4710
1014 9016 8882
1015 9020 8770
1016 9026 4682
1017 9028 5858
1018 9034 4830
1019 9046 9520
1020 9054 9158
1021 9072 9336
1022 9074 404
1023 9078 8198
1024 9080 8750
1025 9084 4796
1026 9092 5776
1027 9098 5760
1028 9102 7130
1029 9104 388
1030 9118 9342
1031 9120 5912
1032 9128 5782
1033 9132 5958
1034 9132 7448
1035 9132 8314
1036 9140 3872
1037 9152 9820
1038 9156 4654
1039 9164 9484
1040 9172 7060
1041 9174 8944
1042 9174 8976
1043 9174 9420
1044 9180 5502
1045 9186 366
1046 9190 14018
1047 9196 5936
1048 9204 9124
1049 9206 7882
1050 9214 6726
1051 9214 8108
1052 9216 12
1053 9220 4368
1054 9222 342
1055 9230 14274
1056 9238 5638
1057 9242 9520
1058 9246 9032
1059 9252 4326
1060 9256 38
1061 9258 8928
1062 9260 280
1063 9260 9018
1064 9262 5756
1065 9262 9348
1066 9266 9532
1067 9280 13966
1068 9282 9204
1069 9286 272
1070 9296 4604
1071 9298 4462
1072 9298 8996
1073 9304 4502
1074 9304 8998
1075 9322 9798
1076 9332 9230
1077 9334 8138
1078 9334 9524
1079 9338 9360
1080 9340 4440
1081 9348 9714
1082 9350 9482
1083 9364 10212
1084 9366 13808
1085 9372 4304
1086 9374 5492
1087 9376 9008
1088 9380 5558
1089 9396 6592
1090 9398 9510
1091 9400 9688
1092 9404 9810
1093 9406 9356
1094 9416 5532
1095 9422 9204
1096 9430 8746
1097 9430 13694
1098 9436 5464
1099 9442 5638
1100 9444 9176
1101 9446 13694
1102 9448 8802
1103 9454 9240
1104 9464 4242
1105 9466 0
1106 9466 5474
1107 9466 8126
1108 9472 6074
1109 9476 5116
1110 9478 8936
1111 9480 8078
1112 9488 8914
1113 9492 8144
1114 9502 464
1115 9504 8176
1116 9506 9146
1117 9508 9526
1118 9512 9022
1119 9516 6712
1120 9516 7958
1121 9516 9440
1122 9528 7592
1123 9530 8186
1124 9532 9298
1125 9534 8724
1126 9542 6434
1127 9544 5948
1128 9544 8084
1129 9548 7922
1130 9550 8088
1131 9556 8926
1132 9560 4288
1133 9562 218
1134 9564 4274
1135 9568 9426
1136 9576 9400
1137 9578 4300
1138 9578 9782
1139 9582 6722
1140 9586 9734
1141 9598 6038
1142 9604 9870
1143 9606 4886
1144 9610 9702
1145 9622 294
1146 9622 418
1147 9630 6988
1148 9634 9974
1149 9640 7698
1150 9640 9966
1151 9648 8394
1152 9648 13740
1153 9650 5666
1154 9650 6196
1155 9650 9038
1156 9654 8930
1157 9656 6192
1158 9658 8162
1159 9658 8932
1160 9662 260
1161 9662 8970
1162 9668 6144
1163 9672 7638
1164 9676 4716
1165 9704 6772
1166 9712 8088
1167 9720 7596
1168 9728 8022
1169 9730 6538
1170 9730 7798
1171 9730 8358
1172 9734 8136
1173 9736 8080
1174 9742 8172
1175 9752 9180
1176 9758 7810
1177 9764 6502
1178 9764 8036
1179 9772 4424
1180 9782 8872
1181 9784 8076
1182 9784 8772
1183 9786 9312
1184 9800 9418
1185 9802 8254
1186 9816 9242
1187 9832 8236
1188 9836 7128
1189 9838 9242
1190 9852 9698
1191 9864 9092
1192 9866 6186
1193 9880 7370
1194 9884 7318
1195 9898 7014
1196 9900 10038
1197 9904 8876
1198 9906 168
1199 9906 6190
1200 9912 10202
1201 9922 5376
1202 9942 8996
1203 9944 5624
1204 9954 10308
1205 9956 250
1206 9968 7836
1207 9982 10298
1208 9984 4380
1209 9990 9234
1210 9998 7496
1211 10004 4452
1212 10004 9346
1213 10014 194
1214 10026 8028
1215 10028 6984
1216 10036 9820
1217 10056 8318
1218 10062 6646
1219 10074 8024
1220 10078 9302
1221 10084 426
1222 10102 9126
1223 10110 7782
1224 10110 7916
1225 10114 7916
1226 10118 9992
1227 10120 7956
1228 10126 7250
1229 10126 7964
1230 10126 10062
1231 10130 548
1232 10130 7210
1233 10134 516
1234 10134 5678
1235 10134 9758
1236 10138 9070
1237 10146 9030
1238 10148 9746
1239 10150 7902
1240 10182 9012
1241 10188 514
1242 10194 10060
1243 10196 4542
1244 10204 6112
1245 10218 4672
1246 10218 9266
1247 10220 7802
1248 10226 6060
1249 10230 7836
1250 10234 6376
1251 10246 6622
1252 10248 8842
1253 10256 9036
1254 10268 7806
1255 10280 8982
1256 10294 7988
1257 10298 10398
1258 10304 6482
1259 10310 8000
1260 10314 9234
1261 10318 8602
1262 10320 7472
1263 10324 7994
1264 10328 6708
1265 10334 6742
1266 10336 8870
1267 10338 10424
1268 10354 7926
1269 10362 4592
1270 10362 13242
1271 10374 4806
1272 10380 5246
1273 10388 5260
1274 10388 7090
1275 10400 272
1276 10422 6724
1277 10434 6892
1278 10438 5132
1279 10442 7352
1280 10446 7586
1281 10448 298
1282 10456 7352
1283 10462 5180
1284 10468 6148
1285 10490 5178
1286 10496 7514
1287 10504 4994
1288 10508 5466
1289 10510 6960
1290 10524 7234
1291 10526 9692
1292 10528 6732
1293 10528 6916
1294 10534 7412
1295 10536 14246
1296 10540 9572
1297 10544 5474
1298 10544 7302
1299 10546 6936
1300 10550 5878
1301 10562 7616
1302 10568 8546
1303 10570 5774
1304 10574 7576
1305 10586 5492
1306 10594 8656
1307 10596 7522
1308 10602 10274
1309 10606 5226
1310 10608 9556
1311 10614 8398
1312 10628 5328
1313 10630 7590
1314 10636 8914
1315 10640 5102
1316 10642 5306
1317 10650 7610
1318 10652 7330
1319 10660 9170
1320 10666 5234
1321 10670 9762
1322 10678 6952
1323 10688 6976
1324 10692 5676
1325 10692 6406
1326 10696 9138
1327 10698 5466
1328 10706 7220
1329 10708 7224
1330 10712 8976
1331 10716 5656
1332 10724 7630
1333 10726 6954
1334 10726 7920
1335 10726 9448
1336 10734 7190
1337 10748 6812
1338 10766 9476
1339 10770 8260
1340 10770 9330
1341 10774 6186
1342 10784 9832
1343 10788 5198
1344 10792 5202
1345 10796 13242
1346 10800 5750
1347 10804 5032
1348 10820 9528
1349 10828 282
1350 10834 5450
1351 10838 6834
1352 10842 8018
1353 10844 5264
1354 10844 9234
1355 10856 7930
1356 10858 8410
1357 10876 9332
1358 10920 8186
1359 10920 8838
1360 10928 7144
1361 10936 398
1362 10938 5346
1363 10952 12044
1364 10954 4892
1365 10960 9206
1366 10968 4900
1367 10970 9092
1368 10976 2734
1369 10980 8084
1370 10984 8192
1371 10992 13340
1372 11004 8110
1373 11010 8092
1374 11010 8112
1375 11018 2786
1376 11018 7782
1377 11020 5712
1378 11020 8098
1379 11024 2790
1380 11036 5786
1381 11036 7978
1382 11052 5504
1383 11070 8070
1384 11072 5968
1385 11074 7822
1386 11088 8582
1387 11106 5004
1388 11108 7278
1389 11112 10316
1390 11114 8484
1391 11122 10336
1392 11124 8440
1393 11126 5248
1394 11132 1940
1395 11134 2566
1396 11136 5198
1397 11166 8190
1398 11170 7772
1399 11172 5924
1400 11172 6604
1401 11172 9020
1402 11174 5288
1403 11184 1990
1404 11184 7742
1405 11192 1850
1406 11204 6158
1407 11208 8416
1408 11208 13444
1409 11218 8326
1410 11218 8640
1411 11226 5618
1412 11228 5270
1413 11238 5052
1414 11238 5786
1415 11238 8504
1416 11238 10310
1417 11250 5976
1418 11256 2654
1419 11256 6582
1420 11262 5788
1421 11262 5842
1422 11264 5324
1423 11268 6784
1424 11272 304
1425 11272 5848
1426 11274 5828
1427 11276 5668
1428 11276 8638
1429 11286 5746
1430 11290 2472
1431 11298 7048
1432 11302 7366
1433 11312 7856
1434 11316 5998
1435 11326 8720
1436 11328 9572
1437 11330 8504
1438 11342 6060
1439 11348 5918
1440 11350 5996
1441 11352 10216
1442 11356 5632
1443 11360 5422
1444 11360 9750
1445 11362 5742
1446 11382 8068
1447 11400 5350
1448 11402 6506
1449 11402 9434
1450 11404 13632
1451 11408 5912
1452 11418 1990
1453 11432 8426
1454 11436 8312
1455 11442 7880
1456 11444 6650
1457 11446 5024
1458 11446 8318
1459 11454 7374
1460 11454 7840
1461 11458 5916
1462 11458 11962
1463 11470 7706
1464 11470 11436
1465 11472 5572
1466 11472 13972
1467 11474 5672
1468 11480 8538
1469 11488 2028
1470 11500 7652
1471 11508 11942
1472 11514 430
1473 11516 1980
1474 11522 4988
1475 11526 5766
1476 11528 8186
1477 11532 7686
1478 11536 8506
1479 11540 8518
1480 11560 3344
1481 11572 5476
1482 11574 4012
1483 11574 9810
1484 11592 4990
1485 11594 5584
1486 11610 5654
1487 11616 10756
1488 11624 5994
1489 11638 11416
1490 11644 5762
1491 11646 5692
1492 11656 334
1493 11670 6998
1494 11678 9128
1495 11686 3136
1496 11686 6080
1497 11688 10748
1498 11688 11384
1499 11696 6998
1500 11700 5894
1501 11700 11296
1502 11704 11818
1503 11714 2338
1504 11716 5714
1505 11716 5724
1506 11718 640
1507 11736 5816
1508 11738 8250
1509 11742 8336
1510 11750 5714
1511 11752 6768
1512 11754 6874
1513 11760 5810
1514 11762 10016
1515 11768 4950
1516 11774 10008
1517 11780 5436
1518 11788 7616
1519 11796 5430
1520 11800 2868
1521 11804 5696
1522 11812 10118
1523 11814 12764
1524 11822 5898
1525 11828 5650
1526 11830 5668
1527 11830 10366
1528 11844 12350
1529 11850 14212
1530 11852 5500
1531 11860 4876
1532 11870 5822
1533 11872 5500
1534 11874 5720
1535 11888 4866
1536 11890 9894
1537 11898 4856
1538 11902 11950
1539 11904 5348
1540 11906 5762
1541 11918 9482
1542 11920 10640
1543 11924 9734
1544 11930 10518
1545 11934 8090
1546 11938 10552
1547 11942 9692
1548 11950 10654
1549 11952 5844
1550 11958 13784
1551 11962 12090
1552 11966 5386
1553 11966 9724
1554 11968 4862
1555 11970 12638
1556 11984 5410
1557 11984 9408
1558 11986 13790
1559 11992 10086
1560 11996 5522
1561 12004 4846
1562 12006 14084
1563 12018 10420
1564 12024 12662
1565 12030 5676
1566 12030 10524
1567 12032 8974
1568 12036 5330
1569 12044 5736
1570 12050 13878
1571 12062 9778
1572 12062 10510
1573 12074 14252
1574 12080 562
1575 12080 9564
1576 12086 5920
1577 12092 5512
1578 12092 9082
1579 12092 11004
1580 12094 4768
1581 12102 5344
1582 12104 5800
1583 12106 14096
1584 12110 5238
1585 12112 492
1586 12112 12086
1587 12118 5690
1588 12120 14172
1589 12124 5218
1590 12124 5782
1591 12138 14222
1592 12144 10718
1593 12146 11948
1594 12156 13866
1595 12160 5172
1596 12168 9224
1597 12172 8390
1598 12184 520
1599 12186 5752
1600 12192 9680
1601 12192 13964
1602 12198 4746
1603 12198 5524
1604 12206 5654
1605 12208 11600
1606 12210 9918
1607 12214 5298
1608 12230 9802
1609 12234 10382
1610 12240 5370
1611 12252 2
1612 12266 9772
1613 12272 5646
1614 12276 9374
1615 12278 14356
1616 12282 404
1617 12284 5242
1618 12300 4816
1619 12308 14124
1620 12324 406
1621 12328 5052
1622 12334 7956
1623 12342 5780
1624 12350 5442
1625 12350 7132
1626 12350 8996
1627 12358 5584
1628 12370 14192
1629 12376 11440
1630 12378 242
1631 12382 7122
1632 12386 5674
1633 12400 5596
1634 12406 14088
1635 12408 5670
1636 12408 8970
1637 12408 10712
1638 12418 7154
1639 12426 14398
1640 12428 5714
1641 12452 4648
1642 12462 6848
1643 12476 14126
1644 12482 10510
1645 12492 14020
1646 12494 5390
1647 12504 10774
1648 12508 4732
1649 12510 5120
1650 12520 5226
1651 12524 4752
1652 12526 5320
1653 12528 4608
1654 12536 7082
1655 12542 14392
1656 12558 10894
1657 12562 8276
1658 12576 7864
1659 12576 8806
1660 12580 14238
1661 12582 5498
1662 12584 7404
1663 12586 8742
1664 12610 5494
1665 12612 4736
1666 12630 5480
1667 12642 5396
1668 12642 14362
1669 12648 9218
1670 12660 5986
1671 12662 5368
1672 12664 6008
1673 12666 3854
1674 12668 5590
1675 12670 4660
1676 12682 5280
1677 12686 5632
1678 12698 9472
1679 12702 14010
1680 12706 6414
1681 12706 7182
1682 12710 4678
1683 12710 5100
1684 12724 6034
1685 12730 4616
1686 12734 5514
1687 12736 9040
1688 12752 9432
1689 12756 6834
1690 12758 4970
1691 12758 14232
1692 12760 5088
1693 12762 8126
1694 12778 8996
1695 12786 5570
1696 12796 6272
1697 12804 8542
1698 12806 7282
1699 12824 5812
1700 12836 9922
1701 12840 5134
1702 12844 5232
1703 12844 14178
1704 12848 5326
1705 12848 5488
1706 12848 5538
1707 12866 5580
1708 12866 5584
1709 12866 13868
1710 12868 9088
1711 12874 14354
1712 12882 5830
1713 12890 10558
1714 12898 14122
1715 12930 5730
1716 12932 9404
1717 12940 13132
1718 12950 9624
1719 12954 9220
1720 12956 8954
1721 12958 7962
1722 12958 11812
1723 12964 6464
1724 12964 9056
1725 12968 5648
1726 12984 5248
1727 12984 7274
1728 12994 5052
1729 13002 5546
1730 13002 6482
1731 13006 5830
1732 13020 5762
1733 13028 6280
1734 13032 5006
1735 13040 4326
1736 13042 4360
1737 13054 7282
1738 13060 5418
1739 13064 5370
1740 13066 11664
1741 13072 9274
1742 13076 5458
1743 13076 5812
1744 13084 8920
1745 13086 11656
1746 13090 9182
1747 13096 7058
1748 13104 10238
1749 13106 5832
1750 13106 14086
1751 13110 13040
1752 13116 3618
1753 13124 5524
1754 13132 5866
1755 13138 8276
1756 13142 4970
1757 13142 5086
1758 13144 4774
1759 13148 3616
1760 13150 9138
1761 13154 5546
1762 13156 7222
1763 13170 4924
1764 13174 11738
1765 13182 4870
1766 13184 13058
1767 13184 13118
1768 13194 5438
1769 13196 5484
1770 13198 9330
1771 13206 9154
1772 13208 6244
1773 13214 4666
1774 13216 6844
1775 13218 8556
1776 13230 12946
1777 13234 5844
1778 13236 8864
1779 13238 8674
1780 13240 5136
1781 13240 11760
1782 13252 4898
1783 13254 4218
1784 13254 5404
1785 13258 14380
1786 13264 4918
1787 13270 9018
1788 13282 13262
1789 13286 7042
1790 13294 5666
1791 13298 5684
1792 13298 11678
1793 13310 5414
1794 13310 9166
1795 13330 3442
1796 13336 11806
1797 13338 5694
1798 13340 5698
1799 13344 7972
1800 13344 11746
1801 13350 5866
1802 13352 3694
1803 13354 13100
1804 13358 5716
1805 13366 4990
1806 13366 5494
1807 13368 3708
1808 13372 4258
1809 13372 9162
1810 13378 13420
1811 13384 9304
1812 13388 3560
1813 13390 4192
1814 13400 5374
1815 13414 6006
1816 13420 3558
1817 13430 7096
1818 13434 13084
1819 13440 5878
1820 13446 4338
1821 13446 9496
1822 13452 6078
1823 13458 3608
1824 13458 5922
1825 13458 11794
1826 13462 3800
1827 13464 3932
1828 13484 5864
1829 13488 13158
1830 13496 3630
1831 13500 3544
1832 13516 4850
1833 13516 8852
1834 13520 12926
1835 13524 4594
1836 13536 3508
1837 13536 3522
1838 13538 11780
1839 13540 11758
1840 13540 12116
1841 13544 11790
1842 13552 3684
1843 13552 14178
1844 13554 9684
1845 13566 14200
1846 13574 4148
1847 13574 4488
1848 13586 13004
1849 13596 1224
1850 13596 7912
1851 13604 12048
1852 13608 5924
1853 13614 8842
1854 13624 5830
1855 13626 3382
1856 13626 5726
1857 13632 8656
1858 13642 4692
1859 13644 7052
1860 13646 4082
1861 13666 4700
1862 13672 6056
1863 13676 5840
1864 13682 3836
1865 13682 7750
1866 13684 8958
1867 13684 12058
1868 13698 6094
1869 13698 7300
1870 13708 4458
1871 13708 9898
1872 13714 5988
1873 13726 12416
1874 13730 12416
1875 13734 5754
1876 13734 12424
1877 13738 12134
1878 13748 11732
1879 13748 13050
1880 13760 6010
1881 13768 7188
1882 13768 11636
1883 13780 5998
1884 13784 6110
1885 13784 13030
1886 13788 8096
1887 13794 3606
1888 13810 3274
1889 13814 9042
1890 13818 900
1891 13820 9926
1892 13826 7342
1893 13828 9850
1894 13834 6028
1895 13836 7596
1896 13842 11710
1897 13856 9868
1898 13866 3144
1899 13870 4436
1900 13870 9850
1901 13876 6678
1902 13878 13500
1903 13888 3284
1904 13892 4564
1905 13896 5964
1906 13904 11666
1907 13912 6102
1908 13914 12086
1909 13918 11824
1910 13920 9986
1911 13920 10006
1912 13922 3238
1913 13930 1300
1914 13936 7812
1915 13938 9908
1916 13944 4298
1917 13958 854
1918 13964 5954
1919 13968 9934
1920 13978 11906
1921 13992 9192
1922 14002 13278
1923 14006 5990
1924 14014 4490
1925 14014 5928
1926 14014 12924
1927 14018 5874
1928 14022 8264
1929 14026 8940
1930 14030 10000
1931 14032 4298
1932 14034 7546
1933 14040 7560
1934 14044 6038
1935 14046 3596
1936 14048 4498
1937 14050 3202
1938 14050 9516
1939 14058 4394
1940 14096 3348
1941 14108 6858
1942 14108 14302
1943 14110 9814
1944 14112 3500
1945 14116 5884
1946 14140 4488
1947 14142 9096
1948 14144 3368
1949 14152 7174
1950 14154 9016
1951 14160 9076
1952 14162 3588
1953 14164 5550
1954 14174 3758
1955 14174 5456
1956 14176 3432
1957 14186 4262
1958 14190 9698
1959 14192 4000
1960 14194 4104
1961 14202 5950
1962 14212 3998
1963 14218 3928
1964 14220 4400
1965 14228 750
1966 14228 14152
1967 14230 4112
1968 14246 9014
1969 14250 3940
1970 14262 4020
1971 14264 13196
1972 14270 3326
1973 14270 11652
1974 14284 10844
1975 14286 3664
1976 14300 5820
1977 14314 9562
1978 14330 4118
1979 14332 3852
1980 14334 8316
1981 14344 8976
1982 14348 3120
1983 14356 4066
1984 14374 3754
1985 14374 3784
1986 14384 3746
1987 14396 9346
1988 14400 7284
1989 14412 3042
1990 14420 3838
1991 14424 3786
1992 14432 9212
1993 14438 3522
1994 14440 3226
1995 14448 8498
1996 14456 8374
1997 14470 3198
1998 14472 13012
1999 14486 3432
2000 14486 8796
2001 14494 2892
2002 14496 5488
2003 14504 5474
2004 14528 3370
2005 14552 3608
2006 14562 2912
2007 14562 3138
2008 14566 8562
2009 14572 13078
2010 14610 3320
2011 14614 9786
2012 14620 5636
2013 14624 2932
2014 14628 3586
2015 14628 3804
2016 14636 2860
2017 14660 7928
2018 14674 7748
2019 14680 1104
2020 14698 3196
2021 14706 10432
2022 14712 3246
2023 14716 734
2024 14722 478
2025 14738 10030
2026 14746 8464
2027 14752 6034
2028 14766 6070
2029 14770 508
2030 14774 8376
2031 14788 3366
2032 14794 464
2033 14802 12846
2034 14808 3158
2035 14820 582
2036 14850 5710
2037 14852 2846
2038 14852 3270
2039 14854 12162
2040 14858 2996
2041 14880 2932
2042 14884 3142
2043 14888 10570
2044 14890 3062
2045 14892 3050
2046 14900 2988
2047 14910 8534
2048 14950 9796
2049 14960 1306
2050 14960 10074
2051 14968 3568
2052 14974 2734
2053 14990 10412
2054 14994 13838
2055 14998 872
2056 14998 2748
2057 15008 8874
2058 15010 852
2059 15016 10394
2060 15024 9094
2061 15026 3064
2062 15032 6074
2063 15036 8840
2064 15046 4980
2065 15046 7296
2066 15054 990
2067 15058 522
2068 15066 6220
2069 15072 928
2070 15074 2742
2071 15086 10592
2072 15090 13928
2073 15094 2694
2074 15094 13870
2075 15102 1260
2076 15104 736
2077 15106 7946
2078 15108 966
2079 15120 602
2080 15120 7896
2081 15124 7346
2082 15138 12454
2083 15156 8840
2084 15160 7342
2085 15168 642
2086 15168 4836
2087 15188 10044
2088 15198 5900
2089 15224 5122
2090 15226 5186
2091 15230 1208
2092 15236 9614
2093 15254 2470
2094 15258 8526
2095 15266 1346
2096 15268 6608
2097 15288 5654
2098 15318 13900
2099 15324 1300
2100 15332 9184
2101 15350 3296
2102 15358 8054
2103 15408 7350
2104 15408 7372
2105 15424 5954
2106 15434 7412
2107 15450 2478
2108 15460 8932
2109 15464 3024
2110 15482 9436
2111 15492 5868
2112 15504 9648
2113 15508 6242
2114 15514 2986
2115 15514 5950
2116 15532 8794
2117 15536 2326
2118 15538 6084
2119 15542 14370
2120 15544 5778
2121 15564 8738
2122 15576 1462
2123 15578 8076
2124 15582 5914
2125 15582 14104
2126 15584 9920
2127 15588 2492
2128 15604 1424
2129 15610 7392
2130 15616 14092
2131 15622 1456
2132 15622 5774
2133 15646 9410
2134 15650 5900
2135 15654 6356
2136 15664 9270
2137 15678 5944
2138 15678 6972
2139 15702 2718
2140 15702 7100
2141 15702 7154
2142 15712 9132
2143 15722 2474
2144 15724 2280
2145 15728 2218
2146 15734 4506
2147 15736 1754
2148 15736 1878
2149 15736 2584
2150 15742 13794
2151 15746 7908
2152 15756 6524
2153 15770 7436
2154 15776 8508
2155 15778 8896
2156 15790 13478
2157 15792 10184
2158 15798 7346
2159 15798 7376
2160 15798 10648
2161 15806 7286
2162 15812 7890
2163 15824 7266
2164 15828 1846
2165 15828 3160
2166 15834 8480
2167 15836 1778
2168 15838 11058
2169 15840 1424
2170 15842 14178
2171 15848 7254
2172 15852 7332
2173 15858 9336
2174 15860 10222
2175 15888 7322
2176 15888 8420
2177 15890 5798
2178 15900 2734
2179 15904 2812
2180 15904 7264
2181 15906 8906
2182 15918 9506
2183 15920 10228
2184 15922 6600
2185 15924 2912
2186 15930 6330
2187 15932 6744
2188 15932 9496
2189 15938 4310
2190 15942 1488
2191 15944 1484
2192 15954 7924
2193 15962 6736
2194 15978 7476
2195 15986 9964
2196 15990 6724
2197 15992 7968
2198 16004 3030
2199 16008 6254
2200 16020 3094
2201 16020 4472
2202 16024 9902
2203 16036 9820
2204 16042 2792
2205 16076 6974
2206 16076 8750
2207 16086 9852
2208 16088 6460
2209 16096 8272
2210 16102 8608
2211 16104 5452
2212 16122 9874
2213 16152 12568
2214 16156 1804
2215 16156 5750
2216 16158 8250
2217 16166 6020
2218 16178 7984
2219 16180 9934
2220 16184 7604
2221 16190 9860
2222 16204 6278
2223 16228 9370
2224 16240 13614
2225 16252 3040
2226 16262 13956
2227 16272 8150
2228 16288 6736
2229 16294 8230
2230 16298 9388
2231 16352 9718
2232 16360 5334
2233 16362 8954
2234 16368 6450
2235 16388 9748
2236 16394 8674
2237 16400 2952
2238 16402 6450
2239 16426 7972
2240 16434 4882
2241 16460 2660
2242 16466 9956
2243 16472 9474
2244 16482 10182
2245 16500 6468
2246 16502 10900
2247 16524 6446
2248 16524 9078
2249 16526 8648
2250 16552 9796
2251 16566 2630
2252 16566 14268
2253 16572 7088
2254 16574 7400
2255 16574 14036
2256 16590 5674
2257 16618 4324
2258 16628 13904
2259 16636 6526
2260 16654 13932
2261 16668 4398
2262 16672 10292
2263 16678 8426
2264 16680 13992
2265 16688 11070
2266 16694 2646
2267 16696 14042
2268 16700 13964
2269 16714 7550
2270 16716 8374
2271 16724 5390
2272 16724 13928
2273 16726 10268
2274 16728 10252
2275 16742 7284
2276 16758 10300
2277 16764 9248
2278 16768 5484
2279 16774 10106
2280 16792 8490
2281 16802 14028
2282 16808 8256
2283 16822 8646
2284 16824 9824
2285 16834 2608
2286 16836 6648
2287 16840 7870
2288 16848 2706
2289 16854 2618
2290 16858 2468
2291 16860 9452
2292 16866 7680
2293 16874 2454
2294 16874 2700
2295 16886 2418
2296 16890 6020
2297 16894 2500
2298 16918 8984
2299 16918 10102
2300 16920 10044
2301 16930 8314
2302 16938 9742
2303 16940 8282
2304 16940 14130
2305 16942 2586
2306 16946 6026
2307 16946 11164
2308 16948 2640
2309 16948 4708
2310 16956 8572
2311 16972 13984
2312 16978 10304
2313 16984 7852
2314 16984 10002
2315 17014 2400
2316 17014 12738
2317 17016 4726
2318 17018 9996
2319 17036 11144
2320 17038 8644
2321 17042 8608
2322 17046 7866
2323 17050 8188
2324 17066 6202
2325 17092 10032
2326 17096 8400
2327 17100 11012
2328 17106 7320
2329 17108 8670
2330 17122 5570
2331 17122 8830
2332 17140 5268
2333 17152 9654
2334 17156 8454
2335 17156 8552
2336 17158 8708
2337 17164 10564
2338 17170 9140
2339 17170 9240
2340 17170 11006
2341 17172 9574
2342 17186 8258
2343 17186 8542
2344 17194 7338
2345 17200 5708
2346 17204 8564
2347 17204 13978
2348 17206 14250
2349 17220 5082
2350 17224 5250
2351 17230 10750
2352 17232 8500
2353 17238 10204
2354 17240 8144
2355 17242 7074
2356 17248 8612
2357 17250 6682
2358 17262 9708
2359 17264 6972
2360 17300 8540
2361 17308 8202
2362 17322 6746
2363 17326 8386
2364 17360 9344
2365 17362 5266
2366 17372 7838
2367 17382 7856
2368 17386 6934
2369 17386 8610
2370 17388 6310
2371 17388 10010
2372 17390 8558
2373 17396 9060
2374 17404 4678
2375 17428 8872
2376 17452 6810
2377 17454 8882
2378 17458 5990
2379 17464 10916
2380 17476 8888
2381 17480 8552
2382 17490 6914
2383 17508 7636
2384 17512 5450
2385 17524 3810
2386 17524 8338
2387 17532 6978
2388 17540 9490
2389 17548 6774
2390 17554 3788
2391 17568 9488
2392 17570 3870
2393 17584 6912
2394 17590 5118
2395 17596 6832
2396 17598 8442
2397 17606 8840
2398 17606 9718
2399 17606 10654
2400 17612 8492
2401 17614 6946
2402 17618 6478
2403 17620 8586
2404 17624 5126
2405 17626 9304
2406 17632 5212
2407 17632 9508
2408 17636 10244
2409 17646 9732
2410 17662 8580
2411 17676 9948
2412 17680 2760
2413 17702 5768
2414 17702 8302
2415 17718 9466
2416 17720 9454
2417 17722 8500
2418 17732 3628
2419 17734 2826
2420 17734 6980
2421 17742 7832
2422 17750 10554
2423 17764 5672
2424 17806 6082
2425 17808 6068
2426 17846 2762
2427 17856 5726
2428 17858 2878
2429 17868 4038
2430 17874 6062
2431 17880 2708
2432 17890 5552
2433 17906 8410
2434 17932 4974
2435 17948 3118
2436 17952 4950
2437 17954 5432
2438 17974 7544
2439 18010 8450
2440 18016 5222
2441 18020 7056
2442 18020 8542
2443 18030 8494
2444 18046 5594
2445 18052 5824
2446 18054 5820
2447 18058 5162
2448 18060 5330
2449 18082 10338
2450 18098 6190
2451 18112 8466
2452 18130 9314
2453 18132 6152
2454 18152 9740
2455 18166 5904
2456 18172 6682
2457 18210 5032
2458 18210 7812
2459 18222 5306
2460 18224 9962
2461 18236 5784
2462 18254 5278
2463 18262 5330
2464 18262 6064
2465 18262 8056
2466 18266 6134
2467 18274 5652
2468 18284 8884
2469 18284 10706
2470 18286 11228
2471 18290 4220
2472 18306 3782
2473 18306 5262
2474 18316 5186
2475 18334 8436
2476 18338 9170
2477 18352 9728
2478 18358 10132
2479 18360 4772
2480 18360 5438
2481 18370 8840
2482 18392 8924
2483 18396 1688
2484 18408 4652
2485 18410 5326
2486 18418 8450
2487 18422 8876
2488 18426 1674
2489 18434 9662
2490 18444 9882
2491 18448 5164
2492 18458 2208
2493 18462 4670
2494 18502 9558
2495 18504 8404
2496 18518 4614
2497 18520 10080
2498 18522 7270
2499 18542 9516
2500 18542 9676
2501 18548 4580
2502 18550 1878
2503 18550 9854
2504 18554 9818
2505 18570 9580
2506 18572 7264
2507 18576 1900
2508 18578 3604
2509 18592 4004
2510 18600 9718
2511 18622 9762
2512 18626 9254
2513 18628 9264
2514 18630 5272
2515 18632 9448
2516 18634 11942
2517 18646 10126
2518 18656 5224
2519 18664 3984
2520 18666 4876
2521 18670 5538
2522 18670 5782
2523 18672 9752
2524 18698 5788
2525 18704 6330
2526 18706 9278
2527 18730 7614
2528 18736 7768
2529 18756 5066
2530 18762 4836
2531 18792 5228
2532 18804 9678
2533 18816 2946
2534 18864 2446
2535 18870 1012
2536 18874 5484
2537 18876 988
2538 18896 5878
2539 18900 2406
2540 18970 688
2541 18972 10224
2542 18974 6622
2543 18994 7622
2544 18996 9714
2545 19010 7094
2546 19014 2708
2547 19016 7200
2548 19020 3726
2549 19020 7138
2550 19032 4152
2551 19050 3468
2552 19072 5810
2553 19074 8206
2554 19120 9322
2555 19148 1766
2556 19148 3266
2557 19160 5578
2558 19184 2528
2559 19202 2772
2560 19210 8736
2561 19224 1740
2562 19238 4000
2563 19238 8468
2564 19252 1740
2565 19274 6220
2566 19298 8978
2567 19340 660
2568 19364 2248
2569 19390 10990
2570 19398 870
2571 19400 6624
2572 19402 2164
2573 19434 6740
2574 19438 1642
2575 19464 958
2576 19486 2004
2577 19490 2164
2578 19490 2228
2579 19496 2730
2580 19516 2556
2581 19520 2800
2582 19524 9126
2583 19532 12410
2584 19536 7122
2585 19578 2336
2586 19580 9454
2587 19620 988
2588 19634 962
2589 19650 13698
2590 19658 6738
2591 19666 986
2592 19678 1168
2593 19678 2028
2594 19698 1116
2595 19710 9844
2596 19732 2810
2597 19740 1138
2598 19746 1796
2599 19746 7080
2600 19768 6804
2601 19784 4110
2602 19784 10286
2603 19786 8062
2604 19818 2638
2605 19820 2624
2606 19822 1628
2607 19856 5348
2608 19864 3590
2609 19866 1422
2610 19872 5908
2611 19884 1154
2612 19924 5900
2613 19930 1178
2614 19930 1680
2615 19950 5398
2616 19970 6474
2617 19972 4058
2618 19992 5284
2619 19998 1360
2620 20010 9734
2621 20058 1644
2622 20086 7998
2623 20088 9074
2624 20100 1380
2625 20106 1442
2626 20120 6968
2627 20124 1552
2628 20132 1276
2629 20138 1426
2630 20164 2536
2631 20166 1218
2632 20166 7018
2633 20166 8542
2634 20170 5418
2635 20172 7020
2636 20200 6468
2637 20202 1562
2638 20224 1300
2639 20226 1296
2640 20242 6320
2641 20294 1312
2642 20298 1204
2643 20316 10572
2644 20320 11284
2645 20332 1168
2646 20364 10808
2647 20364 11572
2648 20366 8308
2649 20388 8274
2650 20390 1172
2651 20390 3610
2652 20390 12578
2653 20418 8284
2654 20432 14016
2655 20446 5872
2656 20460 3082
2657 20480 3078
2658 20482 5008
2659 20484 12602
2660 20500 8856
2661 20512 5860
2662 20516 12354
2663 20554 5046
2664 20554 12672
2665 20564 12540
2666 20576 3706
2667 20580 7848
2668 20604 2958
2669 20606 3816
2670 20634 12566
2671 20684 7562
2672 20686 6346
2673 20692 3658
2674 20734 4454
2675 20750 6328
2676 20760 12484
2677 20772 4426
2678 20772 12604
2679 20776 12466
2680 20806 7730
2681 20806 7754
2682 20816 4250
2683 20826 14074
2684 20832 14028
2685 20850 2822
2686 20850 3702
2687 20860 14042
2688 20888 3976
2689 20912 6142
2690 20914 6564
2691 20936 5396
2692 20948 5304
2693 20948 14084
2694 21126 11192
2695 21128 8840
2696 21156 11270
2697 21180 5220
2698 21194 4140
2699 21196 5148
2700 21208 10228
2701 21212 6238
2702 21222 10736
2703 21226 4912
2704 21232 13688
2705 21258 11210
2706 21272 5838
2707 21294 4122
2708 21302 6196
2709 21316 5148
2710 21340 13576
2711 21354 3596
2712 21356 3840
2713 21398 8138
2714 21452 5104
2715 21506 9210
2716 21518 6910
2717 21522 2930
2718 21530 2518
2719 21530 5428
2720 21536 5164
2721 21552 7368
2722 21580 5344
2723 21602 10258
2724 21608 5478
2725 21610 8834
2726 21614 5448
2727 21642 4748
2728 21710 6002
2729 21772 4980
2730 21794 2268
2731 21796 5034
2732 21816 3420
2733 21824 5422
2734 21828 1406
2735 21850 3420
2736 21886 5180
2737 21896 3302
2738 21898 7332
2739 21920 1370
2740 21936 4868
2741 21946 6286
2742 21974 7612
2743 22046 2006
2744 22052 2018
2745 22052 13396
2746 22098 6128
2747 22100 3438
2748 22118 5054
2749 22130 6336
2750 22136 1688
2751 22162 6300
2752 22180 1862
2753 22210 1230
2754 22218 2132
2755 22220 1468
2756 22224 1536
2757 22234 5862
2758 22240 1420
2759 22242 1410
2760 22242 5908
2761 22262 8502
2762 22272 1482
2763 22316 530
2764 22316 5818
2765 22348 1382
2766 22366 3290
2767 22416 10730
2768 22428 10744
2769 22432 1060
2770 22438 1864
2771 22448 1060
2772 22450 6704
2773 22464 10674
2774 22476 10034
2775 22482 3890
2776 22488 10764
2777 22496 10298
2778 22504 6712
2779 22510 5276
2780 22520 5778
2781 22520 10748
2782 22560 6696
2783 22562 10736
2784 22570 10738
2785 22580 5572
2786 22588 1446
2787 22592 4110
2788 22594 8572
2789 22608 812
2790 22614 6136
2791 22644 2526
2792 22652 10822
2793 22664 3102
2794 22674 1442
2795 22684 1120
2796 22690 2996
2797 22696 1112
2798 22698 3134
2799 22704 10694
2800 22712 13026
2801 22728 1134
2802 22728 1354
2803 22764 4336
2804 22768 2246
2805 22770 620
2806 22778 3002
2807 22804 2408
2808 22814 904
2809 22820 4458
2810 22824 224
2811 22844 56
2812 22846 1366
2813 22852 2158
2814 22860 1578
2815 22862 1114
2816 22874 13860
2817 22918 840
2818 22946 2542
2819 22948 10220
2820 22960 720
2821 22964 1748
2822 22966 13076
2823 22968 13098
2824 22986 1082
2825 22986 1146
2826 23072 10946
2827 23082 14222
2828 23108 3024
2829 23112 1418
2830 23120 3140
2831 23148 4694
2832 23160 8326
2833 23184 5002
2834 23198 8570
2835 23212 5328
2836 23214 5004
2837 23218 2998
2838 23226 7202
2839 23242 8532
2840 23272 5520
2841 23284 2510
2842 23284 3138
2843 23304 1172
2844 23308 1220
2845 23308 3124
2846 23394 3132
2847 23408 1094
2848 23420 1044
2849 23430 930
2850 23448 3070
2851 23450 3018
2852 23454 3092
2853 23464 2514
2854 23468 334
2855 23478 1140
2856 23570 2918
2857 23582 2904
2858 23594 2680
2859 23604 8838
2860 23622 6804
2861 23654 2830
2862 23680 14070
2863 23692 2920
2864 23734 2830
2865 23734 14326
2866 23776 2570
2867 23782 2528
2868 23800 3038
2869 23800 14358
2870 23808 482
2871 23810 740
2872 23822 14316
2873 23832 2084
2874 23846 2890
2875 23904 13622
2876 23910 14286
2877 23912 14390
2878 23952 2052
2879 23966 8760
2880 24006 10114
2881 24008 2038
2882 24024 2580
2883 24028 2780
2884 24044 2812
2885 24044 8272
2886 24046 6412
2887 24050 14322
2888 24062 9232
2889 24068 14044
2890 24080 14188
2891 24086 14182
2892 24088 8670
2893 24102 8232
2894 24108 8358
2895 24112 2402
2896 24116 11490
2897 24120 7638
2898 24132 1756
2899 24136 10500
2900 24146 14358
2901 24158 11532
2902 24166 14026
2903 24170 730
2904 24176 6760
2905 24196 216
2906 24198 184
2907 24206 14342
2908 24208 14286
2909 24212 8714
2910 24220 8692
2911 24238 1128
2912 24264 14300
2913 24268 8700
2914 24280 926
2915 24282 14262
2916 24284 2238
2917 24288 8636
2918 24288 14222
2919 24298 8642
2920 24300 8596
2921 24302 14350
2922 24306 8676
2923 24306 12174
2924 24312 2966
2925 24314 2500
2926 24322 8678
2927 24324 1506
2928 24336 540
2929 24348 6246
2930 24354 2990
2931 24358 594
2932 24370 6192
2933 24382 11448
2934 24394 8702
2935 24396 1620
2936 24396 6182
2937 24410 14240
2938 24420 14328
2939 24428 1634
2940 24448 572
2941 24456 2432
2942 24462 11420
2943 24466 2724
2944 24466 14134
2945 24486 14138
2946 24488 8594
2947 24496 7222
2948 24502 6338
2949 24512 8728
2950 24512 9832
2951 24516 2298
2952 24528 7268
2953 24568 7840
2954 24578 9818
2955 24610 2030
2956 24612 14352
2957 24614 9764
2958 24614 14356
2959 24616 1438
2960 24630 1432
2961 24660 11366
2962 24664 3034
2963 24670 2946
2964 24696 2970
2965 24716 7078
2966 24726 3052
2967 24730 1282
2968 24748 13536
2969 24810 1248
2970 24838 470
2971 24844 1262
2972 24852 1410
2973 24882 3098
2974 24906 13758
2975 24984 13880
2976 25020 1014
2977 25118 1126
2978 25166 6590
2979 25208 3210
2980 25210 494
2981 25216 6518
2982 25218 3258
2983 25220 3204
2984 25256 2840
2985 25356 10034
2986 25376 2058
2987 25400 2228
2988 25402 14360
2989 25406 690
2990 25444 3340
2991 25460 1168
2992 25468 10992
2993 25488 1074
2994 25504 7648
2995 25518 1048
2996 25550 1278
2997 25576 6376
2998 25588 2672
2999 25594 2664
5 5 3 1 36 8 
4 20 11 0 2 
3 1 7 4 
3 6 7 0 
3 21 2 16 
3 15 0 9 
3 22 3 18 
3 2 3 13 
3 9 0 12 
3 10 5 8 
4 14 15 9 17 
4 56 71 107 1 
3 8 36 19 
3 16 7 25 
3 31 26 10 
3 18 5 10 
3 4 13 35 
3 108 10 30 
3 24 6 15 
3 12 44 23 
3 95 1 21 
3 20 4 34 
3 24 25 6 
3 30 19 55 
3 27 22 18 
3 13 22 40 
3 33 28 14 
3 41 24 29 
3 32 29 26 
3 54 27 28 
3 87 17 23 
3 38 14 108 
4 42 63 28 33 
3 78 32 26 
3 49 21 47 
3 39 16 37 
4 52 12 0 183 
3 39 35 40 
3 73 99 31 
3 47 35 37 
3 37 25 46 
3 48 43 27 
3 84 60 32 
3 46 41 45 
3 88 19 52 
3 53 43 48 
3 50 40 43 
3 34 39 51 
3 45 41 54 
3 86 34 57 
3 51 46 53 
3 57 47 50 
3 44 36 81 
3 58 50 45 
3 62 48 29 
3 100 23 98 
3 71 11 105 
3 64 49 51 
3 61 53 59 
3 70 58 62 
3 72 63 42 
3 79 65 58 
3 59 54 66 
3 66 32 60 
3 67 57 65 
3 64 61 76 
3 68 62 63 
3 86 64 69 
3 70 66 75 
3 85 67 74 
3 83 59 68 
3 117 11 56 
3 77 60 84 
3 106 38 92 
3 80 69 76 
3 96 68 77 
3 74 65 79 
3 75 72 94 
3 99 91 33 
3 76 61 83 
3 90 85 74 
3 82 52 170 
3 88 81 120 
3 79 70 96 
3 93 72 42 
3 89 69 80 
3 95 49 67 
3 138 30 100 
3 98 44 82 
3 129 85 90 
3 89 80 97 
3 110 93 78 
3 109 73 133 
3 94 84 91 
3 101 77 93 
3 104 20 86 
3 83 75 101 
3 112 90 103 
3 55 88 102 
3 123 78 38 
3 134 87 55 
3 111 96 94 
4 98 121 166 125 
3 113 97 111 
3 105 95 116 
3 154 56 104 
3 124 73 119 
2 248 11 
3 133 31 17 
3 128 115 92 
3 111 91 123 
4 118 103 101 110 
3 122 97 114 
3 114 103 118 
3 131 112 113 
3 140 119 109 
3 147 104 129 
3 142 379 71 
3 113 111 132 
3 127 106 115 
3 121 82 171 
3 135 102 120 
3 203 137 112 
3 110 99 126 
3 126 106 127 
3 167 102 175 
3 130 123 124 
3 136 124 119 
3 145 109 133 
3 116 89 137 
3 144 132 126 
3 214 114 146 
3 146 118 130 
4 128 92 108 143 
3 139 100 163 
3 164 121 192 
3 141 127 140 
3 155 129 122 
3 139 143 87 
3 161 138 134 
3 136 115 145 
3 149 144 136 
3 151 148 117 
3 194 133 138 
3 153 130 141 
3 187 140 128 
3 150 131 132 
3 158 116 155 
3 156 334 142 
3 152 184 141 
3 245 146 153 
3 156 142 154 
3 188 149 178 
3 168 150 144 
3 159 151 105 
3 157 147 137 
3 206 148 151 
3 165 177 155 
3 160 162 147 
3 223 154 162 
3 174 217 158 
3 268 139 182 
3 227 159 158 
3 134 167 208 
3 166 135 192 
3 189 157 203 
3 169 102 164 
3 163 125 207 
3 240 153 172 
3 173 166 211 
3 81 193 196 
3 120 196 228 
3 176 168 179 
3 175 169 205 
3 221 160 177 
3 198 125 173 
3 303 172 181 
3 174 157 191 
3 216 152 187 
3 180 172 186 
3 185 181 179 
3 324 176 180 
3 197 161 201 
3 193 36 1105 
3 186 149 188 
3 381 180 190 
3 179 184 202 
3 178 145 204 
3 184 152 215 
3 191 165 246 
3 195 185 200 
3 221 177 189 
3 164 135 231 
4 199 170 183 1052 
3 256 204 143 
3 276 270 190 
4 233 171 170 199 
3 241 255 182 
3 209 175 205 
3 196 193 693 
3 190 202 226 
3 182 210 309 
3 200 186 215 
3 239 165 122 
3 187 194 235 
3 198 173 224 
3 213 219 156 
3 212 167 209 
3 210 163 212 
3 207 198 285 
3 201 208 297 
3 224 169 243 
3 208 207 295 
3 301 206 225 
3 230 237 131 
3 202 188 220 
3 220 178 218 
3 232 160 222 
3 216 229 244 
3 301 403 206 
3 215 216 236 
3 222 174 191 
3 217 221 277 
3 225 159 227 
3 205 211 251 
3 259 213 223 
4 272 269 200 236 
3 223 162 232 
3 231 171 233 
3 218 234 257 
3 245 302 214 
3 243 192 228 
3 238 227 217 
3 228 196 702 
3 229 235 249 
3 234 204 249 
3 226 220 263 
3 267 239 214 
3 242 278 232 
3 246 203 237 
3 296 168 303 
3 258 197 322 
3 274 238 253 
4 275 247 211 231 
3 218 252 261 
3 296 230 150 
3 289 189 239 
3 251 243 275 
2 448 107 
3 234 235 250 
3 254 249 256 
3 304 224 247 
3 261 244 257 
3 274 242 277 
3 282 260 250 
3 265 280 197 
3 268 250 194 
3 252 229 260 
3 265 241 373 
3 337 225 278 
3 262 257 254 
3 244 252 264 
3 266 260 282 
3 279 236 264 
3 263 261 266 
3 327 255 258 
3 271 264 262 
3 291 237 302 
3 280 256 161 
3 369 353 226 
3 392 195 287 
3 293 266 273 
3 374 226 313 
3 311 271 286 
3 288 242 253 
3 356 247 243 
3 287 195 281 
3 253 222 325 
4 319 259 238 288 
3 313 263 284 
3 335 268 255 
3 276 344 292 
3 283 262 254 
3 294 282 335 
3 445 279 293 
3 328 209 304 
3 299 273 294 
3 270 276 290 
3 278 274 300 
3 331 246 291 
3 287 292 333 
3 307 289 267 
3 290 281 332 
3 542 284 271 
3 305 286 283 
3 297 212 328 
3 306 245 240 
3 298 210 295 
3 309 297 375 
3 312 286 305 
3 310 288 325 
4 337 410 219 213 
3 315 267 230 
3 320 240 176 
3 382 285 251 
3 518 299 294 
3 371 308 296 
3 323 291 314 
3 342 318 306 
3 330 201 298 
3 321 300 317 
3 551 273 316 
3 690 316 299 
3 378 272 279 
3 326 307 315 
3 314 302 318 
3 652 311 312 
3 310 343 336 
3 329 315 308 
3 347 278 321 
3 357 303 324 
3 319 310 360 
3 241 330 440 
3 331 307 326 
3 361 320 181 
3 300 277 350 
3 323 314 341 
3 338 265 399 
4 426 295 285 382 
3 341 318 342 
3 322 309 548 
4 351 289 323 339 
3 333 292 346 
3 413 290 332 
3 439 379 148 
3 283 280 340 
3 358 317 352 
3 347 301 259 
3 340 327 405 
3 331 345 349 
3 335 338 534 
3 345 326 329 
3 365 329 308 
3 352 317 362 
3 346 281 353 
3 339 341 348 
3 454 332 344 
3 1097 337 319 
3 349 345 355 
3 359 339 348 
3 370 325 354 
3 354 331 364 
3 336 343 429 
3 363 344 269 
3 350 351 368 
3 359 348 366 
3 416 275 763 
3 424 320 361 
3 360 336 443 
3 367 349 355 
3 688 321 358 
3 357 324 381 
3 429 343 370 
3 380 353 372 
3 351 367 368 
3 395 366 342 
3 384 355 365 
3 364 359 377 
3 354 364 377 
3 372 269 387 
3 362 350 376 
3 388 395 306 
3 400 363 369 
3 258 434 418 
3 387 272 378 
3 298 426 457 
3 370 385 391 
3 368 367 383 
3 465 374 313 
3 448 117 334 
3 386 363 400 
3 361 185 392 
3 328 304 416 
3 396 377 384 
3 383 366 389 
3 376 394 397 
3 390 503 380 
3 456 369 374 
3 401 371 425 
3 393 384 407 
3 431 513 386 
3 422 376 412 
3 404 381 270 
3 398 389 427 
3 385 396 409 
3 402 365 371 
3 394 383 398 
3 385 408 406 
3 396 393 414 
3 405 327 418 
3 380 372 469 
3 402 388 449 
3 407 395 401 
3 451 219 410 
3 424 392 413 
3 338 399 556 
3 412 397 421 
3 389 402 417 
3 397 409 411 
3 408 394 415 
3 686 403 301 
3 421 408 455 
3 419 391 406 
3 420 404 333 
3 415 398 428 
3 409 414 446 
3 382 356 763 
3 407 432 427 
3 399 373 434 
3 422 412 423 
3 458 436 413 
3 438 406 411 
3 450 391 419 
3 433 419 438 
3 425 357 404 
3 430 388 424 
3 375 328 767 
3 393 417 435 
3 414 435 511 
3 442 352 362 
3 461 425 436 
3 599 441 390 
3 437 417 444 
3 450 423 452 
3 418 373 536 
3 428 427 437 
3 459 430 420 
3 435 432 491 
4 447 423 421 455 
3 448 334 451 
3 322 554 543 
3 467 541 431 
3 460 429 453 
3 358 460 472 
3 432 449 476 
3 489 473 284 
3 463 415 478 
3 452 438 466 
5 1046 722 248 379 439 
3 444 401 461 
3 453 422 433 
3 686 439 403 
3 433 447 462 
3 442 450 470 
3 501 492 346 
3 438 411 463 
3 469 387 506 
3 538 375 809 
3 468 459 420 
3 497 436 458 
3 443 442 486 
3 479 449 430 
3 481 452 464 
3 455 446 466 
3 462 471 484 
3 505 378 473 
3 447 463 475 
3 673 510 441 
3 492 499 458 
3 597 400 456 
3 453 481 486 
4 464 488 474 483 
3 443 514 487 
3 465 445 489 
3 471 485 495 
3 477 466 482 
3 491 444 479 
3 480 475 504 
3 446 524 482 
3 476 461 497 
3 488 477 517 
3 470 462 490 
3 475 478 579 
3 471 522 493 
3 490 464 493 
3 495 474 498 
3 460 470 494 
3 730 472 500 
3 498 471 480 
3 550 473 445 
3 496 481 484 
3 509 437 476 
3 507 468 454 
3 484 483 531 
3 486 502 519 
3 474 485 522 
3 502 490 540 
3 508 479 459 
3 485 488 523 
3 512 468 507 
3 487 521 569 
3 558 454 503 
3 494 496 515 
3 501 386 533 
3 477 564 517 
3 753 506 465 
3 615 456 505 
3 535 499 492 
3 509 497 512 
3 511 491 508 
3 532 592 467 
3 428 509 528 
3 539 508 499 
3 516 533 390 
3 472 519 521 
3 502 527 537 
3 577 513 573 
4 526 480 504 549 
3 666 305 544 
3 514 494 520 
3 525 519 537 
3 500 514 525 
3 483 495 529 
3 530 498 526 
3 478 528 584 
3 521 520 586 
3 523 517 555 
3 515 540 574 
3 524 511 547 
3 531 522 530 
3 553 529 523 
3 546 493 529 
3 629 591 510 
3 503 513 577 
3 544 340 566 
3 539 507 552 
3 559 434 543 
3 520 515 568 
3 548 457 809 
3 547 512 535 
3 527 496 545 
3 565 557 441 
3 550 293 551 
4 562 536 440 554 
3 518 534 606 
3 540 546 605 
3 545 531 553 
3 528 539 581 
3 330 538 823 
3 555 517 561 
3 590 489 542 
3 718 542 311 
3 580 535 558 
3 546 530 576 
3 543 440 830 
3 560 526 549 
3 575 405 563 
3 573 541 567 
3 612 552 501 
3 563 536 562 
3 576 555 610 
3 549 564 572 
3 578 559 543 
3 626 556 559 
3 561 504 579 
3 594 567 541 
3 570 534 583 
3 643 557 565 
3 586 537 574 
3 500 589 595 
3 571 566 582 
3 596 570 582 
3 561 603 611 
3 643 516 557 
3 568 527 604 
3 633 583 556 
3 553 560 636 
3 657 533 516 
3 793 562 847 
3 564 482 588 
3 602 552 612 
4 600 584 547 587 
3 571 570 585 
4 737 585 566 575 
3 588 524 581 
3 608 582 583 
3 589 525 568 
3 581 602 622 
3 593 579 584 
3 569 586 616 
3 718 749 550 
3 601 592 532 
3 598 510 591 
3 603 588 600 
3 664 565 598 
3 569 618 899 
3 614 607 571 
3 639 599 469 
3 638 594 592 
3 696 431 597 
3 593 581 619 
3 637 651 591 
3 587 580 613 
3 572 593 609 
3 574 605 620 
3 604 545 640 
3 628 544 607 
3 628 606 596 
3 704 614 585 
3 617 603 619 
3 560 611 636 
3 610 572 617 
3 627 580 558 
3 635 602 627 
3 704 596 608 
3 632 639 506 
3 618 589 621 
3 611 609 631 
3 595 616 642 
3 609 600 625 
3 621 604 634 
3 650 616 620 
3 623 587 624 
3 625 622 655 
3 622 646 670 
3 630 619 623 
3 783 633 563 
3 613 612 653 
3 666 606 607 
3 680 661 532 
3 649 631 625 
3 617 630 641 
3 813 691 615 
3 785 575 626 
3 620 640 656 
3 646 613 647 
3 576 610 645 
3 671 709 601 
3 714 667 598 
3 694 597 615 
3 634 605 648 
3 645 631 644 
3 618 650 684 
3 660 573 567 
3 641 649 654 
3 636 641 648 
3 624 635 658 
3 658 635 653 
3 640 645 663 
3 644 630 659 
3 642 621 672 
3 709 775 601 
3 682 764 316 
3 647 627 657 
3 663 644 681 
3 659 623 700 
3 676 634 668 
3 653 577 660 
3 646 647 669 
3 649 655 681 
3 662 657 643 
3 665 671 629 
3 678 660 664 
3 648 654 674 
3 667 662 594 
3 750 689 661 
3 692 518 628 
3 708 664 638 
3 679 656 675 
3 670 658 687 
3 677 624 669 
3 683 637 661 
3 685 650 676 
3 701 738 467 
3 675 663 710 
3 668 674 728 
3 672 656 679 
3 700 670 697 
3 695 687 662 
4 676 668 727 755 
3 761 629 738 
3 654 659 744 
3 712 652 705 
3 790 671 689 
3 642 685 852 
3 684 672 820 
3 1084 451 410 
3 695 669 678 
3 1101 360 735 
3 699 683 665 
3 707 312 692 
3 703 694 632 
3 715 690 666 
3 706 199 973 
3 698 639 691 
3 697 687 678 
3 701 599 698 
3 677 695 711 
3 696 694 703 
3 770 689 732 
3 655 677 720 
3 902 673 696 
3 747 233 706 
3 833 698 691 
3 724 614 608 
3 712 682 713 
3 702 693 953 
3 719 713 690 
3 723 716 667 
3 758 651 637 
3 674 744 742 
4 721 697 716 717 
3 756 682 705 
3 754 705 707 
3 765 746 638 
3 724 719 692 
3 711 708 726 
3 725 711 736 
3 805 590 551 
3 741 707 715 
3 740 700 721 
3 729 720 711 
2 1055 448 
3 746 726 708 
3 739 715 704 
3 733 717 751 
3 734 716 723 
3 731 679 728 
3 727 675 742 
3 743 740 721 
3 735 487 909 
3 755 727 776 
3 760 699 750 
3 748 725 751 
3 736 726 746 
3 688 730 745 
3 717 734 757 
3 829 739 583 
3 890 680 673 
3 780 724 737 
3 752 720 729 
3 794 774 719 
3 728 710 779 
3 752 729 748 
3 710 681 773 
3 1270 735 977 
4 757 734 723 714 
3 930 840 702 
3 743 733 759 
3 832 753 590 
3 732 665 761 
3 733 725 762 
3 773 740 743 
3 813 505 749 
3 774 756 713 
3 807 679 731 
3 764 712 754 
3 736 746 765 
3 804 781 709 
3 748 769 766 
3 771 732 831 
3 750 680 891 
3 772 751 768 
3 416 356 788 
3 802 652 756 
3 768 757 714 
3 789 759 784 
3 827 426 788 
3 762 765 778 
3 784 759 772 
3 790 699 792 
3 777 760 821 
3 795 769 762 
3 744 752 798 
3 1071 754 741 
3 778 651 782 
3 787 731 779 
3 824 792 771 
3 786 768 775 
3 776 742 798 
3 796 794 739 
3 800 782 758 
3 791 775 781 
3 785 626 793 
3 803 766 769 
3 1036 633 783 
3 795 778 791 
3 799 776 822 
3 767 763 840 
3 810 766 803 
3 804 683 770 
3 797 786 782 
3 815 770 777 
3 783 578 819 
3 1053 741 780 
3 816 772 786 
3 834 1059 780 
3 811 791 800 
3 779 773 801 
3 818 807 787 
3 797 781 808 
3 806 798 810 
3 1009 805 764 
3 816 789 784 
4 808 758 790 814 
3 825 718 802 
3 837 822 801 
3 817 755 799 
3 812 800 804 
3 538 457 827 
3 801 789 842 
3 867 797 812 
3 811 808 826 
3 853 632 753 
3 826 804 815 
3 814 792 835 
3 854 803 795 
3 820 807 818 
3 828 817 799 
4 841 1036 793 901 
3 845 685 817 
3 836 771 831 
3 838 787 806 
3 830 548 849 
3 846 835 777 
3 1010 832 805 
3 860 812 814 
3 809 767 862 
3 856 818 839 
3 1104 834 737 
3 554 823 844 
3 821 760 946 
3 865 749 825 
3 863 898 703 
3 1085 796 829 
3 857 815 824 
3 924 850 821 
3 858 806 843 
3 869 839 822 
3 873 828 838 
3 874 788 747 
3 1208 1134 819 
3 843 810 854 
3 848 837 842 
3 851 830 855 
3 852 820 856 
3 857 824 850 
3 879 578 851 
3 859 858 843 
3 855 823 862 
3 846 836 895 
3 847 844 1054 
3 886 684 845 
3 872 813 865 
3 864 842 816 
3 844 849 1062 
3 870 845 828 
4 861 835 846 915 
3 869 837 848 
3 871 848 864 
3 866 826 861 
3 880 860 857 
3 849 827 889 
3 877 833 872 
4 868 871 859 854 
3 906 853 832 
3 884 876 860 
3 883 868 811 
3 875 864 867 
3 878 838 858 
3 881 856 873 
3 878 859 864 
3 906 863 853 
3 870 839 882 
3 889 840 922 
3 897 885 868 
3 893 883 866 
3 945 898 863 
3 882 869 871 
3 901 847 1029 
3 884 861 887 
3 904 870 896 
3 888 873 878 
3 897 867 876 
3 920 866 880 
3 910 888 875 
3 899 852 894 
3 892 880 905 
3 896 882 885 
3 862 874 938 
3 891 738 902 
3 935 761 890 
3 912 887 900 
3 913 908 876 
3 909 886 904 
3 956 850 924 
3 881 888 903 
3 907 875 883 
3 911 833 877 
3 595 886 909 
3 955 892 905 
3 819 879 1022 
3 890 701 951 
3 896 914 927 
3 916 894 881 
3 900 887 917 
3 945 872 865 
3 910 897 908 
3 907 893 923 
4 730 899 894 918 
3 914 885 907 
3 951 898 958 
3 936 939 892 
3 923 893 921 
3 929 903 910 
3 917 857 957 
3 919 904 925 
3 934 905 915 
3 944 909 919 
3 932 918 916 
3 939 921 884 
3 928 913 920 
3 938 874 930 
3 933 908 913 
3 895 836 964 
3 931 916 926 
3 925 927 937 
3 926 903 929 
3 942 933 921 
3 927 914 937 
3 922 747 1133 
3 947 940 925 
3 969 919 940 
3 937 923 928 
3 980 917 965 
3 948 891 1004 
3 949 981 912 
4 926 929 933 942 
3 1069 889 922 
3 941 920 912 
3 950 932 931 
3 943 939 970 
3 937 928 943 
3 954 942 941 
3 961 952 918 
3 958 877 906 
3 984 831 959 
3 967 968 931 
3 1109 959 935 
3 1012 936 960 
3 978 940 968 
3 997 902 911 
3 963 944 962 
3 1006 706 1060 
3 971 943 970 
3 960 900 985 
3 957 895 974 
3 965 915 956 
3 1016 911 945 
3 994 946 948 
4 949 955 993 976 
3 983 962 944 
3 972 952 961 
3 977 952 972 
3 974 924 966 
3 990 934 957 
3 964 984 979 
3 1019 947 975 
3 987 950 947 
3 992 932 978 
3 954 941 981 
3 991 954 988 
3 963 962 982 
3 1060 693 1052 
3 989 956 964 
3 967 991 1001 
3 960 1034 1023 
3 745 963 999 
3 969 950 987 
3 1017 966 986 
3 985 934 998 
3 1000 970 936 
3 995 972 983 
3 982 961 992 
3 986 966 946 
3 955 980 993 
3 979 984 994 
3 1008 978 968 
3 1007 971 1000 
3 990 974 1005 
3 996 965 989 
3 975 971 1002 
3 1037 983 969 
3 960 985 1011 
3 1044 986 959 
3 999 982 1037 
3 998 990 1005 
3 1004 951 1013 
3 980 996 1031 
3 1083 977 995 
3 1015 988 981 
3 1021 975 1003 
3 1003 991 1007 
3 1020 1001 1002 
3 935 997 1018 
3 996 989 1017 
3 2870 1198 953 
3 1014 1002 988 
3 1081 987 1019 
3 1073 1070 802 
3 1070 1038 825 
3 1028 993 1033 
3 1024 949 1035 
3 1025 997 1016 
3 1042 1007 1015 
3 1014 1000 1024 
3 1013 958 1038 
3 1005 979 1026 
3 1283 1004 1025 
3 1008 967 1039 
3 1021 1003 1048 
3 1030 1001 1020 
3 1208 901 1029 
3 1035 976 1051 
3 1041 1015 1012 
3 1143 1018 1013 
3 1032 1017 1027 
3 1026 1044 1056 
3 1034 1011 1040 
3 1022 879 1045 
3 1043 1021 1048 
3 1033 998 1032 
3 1031 1026 1064 
3 1011 1031 1047 
3 1049 976 1028 
3 1012 1023 1077 
3 1104 785 819 
3 995 992 1075 
3 1143 1016 1010 
3 1057 1019 1043 
3 1111 1028 1050 
3 1042 1024 1061 
3 1058 1014 1041 
3 1039 1030 1065 
3 1027 994 1086 
3 1114 1029 1054 
3 1295 448 1067 
3 1050 1033 1064 
3 1030 1020 1058 
3 1107 1051 1034 
3 1040 1047 1089 
3 1077 1023 1049 
3 973 193 1105 
3 1080 794 1059 
3 1045 851 1145 
3 1639 722 1295 
3 1027 1086 1088 
3 1066 1039 1082 
3 1048 1042 1063 
3 1053 796 1085 
3 2810 953 973 
3 1063 1041 1115 
3 855 1069 1160 
3 1058 1061 1072 
3 1047 1032 1088 
4 1079 1043 1068 1076 
3 1091 1057 1078 
4 1529 1046 1084 1152 
3 1065 1074 1087 
3 1062 938 1160 
3 1164 1010 1009 
3 1073 774 1080 
3 1074 1063 1123 
3 1164 1009 1071 
3 1068 1072 1096 
3 1092 1037 1081 
3 1065 1110 1095 
3 1035 1051 1107 
3 1140 1066 1090 
3 1082 1065 1093 
3 1071 1053 1179 
3 1075 1008 1091 
3 1090 1057 1079 
3 1345 999 1148 
3 1067 686 1097 
3 1059 834 1137 
3 1056 1044 1098 
3 1068 1102 1125 
3 1064 1056 1094 
3 1119 1050 1108 
3 1117 1078 1082 
4 1138 1092 1081 1066 
3 1142 1075 1091 
3 1121 1079 1103 
3 1099 1088 1106 
3 1103 1076 1100 
3 1102 1074 1158 
3 1101 1084 347 
3 1106 1086 1109 
3 1153 1108 1094 
3 1095 1118 1116 
3 1152 1097 688 
3 1087 1096 1151 
3 1124 1093 1095 
3 1132 829 1036 
3 1611 1052 183 
3 1094 1098 1201 
3 1113 1077 1049 
3 1089 1099 1127 
3 1272 1098 948 
3 1118 1076 1112 
3 1113 1040 1120 
3 1131 1110 1125 
3 1115 1107 1111 
3 1368 1045 1146 
3 1061 1113 1128 
3 1124 1100 1155 
3 1144 1090 1121 
3 1100 1110 1131 
3 1122 1089 1126 
3 1111 1122 1129 
3 1117 1093 1135 
3 1120 1119 1139 
3 1072 1130 1158 
3 1136 1103 1116 
3 1112 1087 1171 
3 1139 1119 1127 
4 1141 1126 1108 1153 
3 1130 1115 1129 
3 1128 1120 1149 
3 1123 1128 1170 
3 1156 1118 1112 
3 1137 1104 1134 
3 1205 930 1213 
3 1211 1132 841 
3 1190 1121 1136 
3 1184 1135 1124 
3 1179 1085 1132 
3 1142 1091 1140 
3 1147 1122 1126 
3 1138 1078 1144 
3 1162 1154 1127 
3 1150 1092 1138 
3 1278 1025 1038 
3 1196 1140 1117 
3 1146 1054 1205 
3 1231 1114 1145 
3 1149 1139 1165 
3 1204 1083 1150 
3 1129 1147 1163 
3 1200 1148 1142 
3 1102 1174 1171 
3 1466 1067 1101 
3 1127 1099 1203 
3 1169 1141 1157 
3 1175 1116 1161 
3 1159 1131 1182 
3 1154 1162 1192 
3 1096 1123 1166 
3 1161 1156 1180 
3 1062 1069 1205 
3 1191 1155 1159 
3 1157 1141 1234 
3 1149 1165 1167 
3 1287 1070 1073 
3 1163 1147 1169 
3 1172 1158 1168 
3 1170 1163 1188 
3 1173 1166 1176 
3 1165 1154 1177 
3 1176 1130 1167 
3 1125 1151 1185 
3 1174 1166 1173 
3 1172 1168 1178 
4 1185 1151 1172 1181 
3 1186 1183 1155 
3 1168 1170 1193 
3 1188 1169 1199 
3 1181 1173 1210 
3 1245 1080 1137 
3 1197 1159 1182 
3 1174 1178 1206 
3 1180 1156 1187 
3 1216 1184 1175 
3 1190 1136 1183 
3 1171 1174 1187 
3 1189 1238 1175 
3 1182 1185 1214 
3 1167 1177 1195 
3 1212 1186 1209 
3 1230 1135 1184 
3 1209 1161 1202 
3 1199 1157 1248 
3 1176 1194 1251 
3 1193 1195 1215 
3 1194 1188 1218 
3 1257 1200 1144 
3 1202 1180 1217 
3 1630 1213 1006 
3 1177 1192 1244 
3 1207 1150 1196 
3 1203 1106 1273 
3 1222 1191 1197 
3 1234 1153 1201 
3 1363 1148 1207 
5 1275 1221 1145 1160 1133 
3 1181 1228 1223 
3 1257 1204 1200 
3 1211 841 1022 
3 1220 1189 1191 
3 1178 1251 1232 
3 1243 1134 1208 
3 1291 1189 1220 
3 1349 1133 1198 
3 1187 1224 1219 
3 1194 1250 1258 
3 1226 1183 1235 
3 1237 1197 1219 
3 1195 1244 1250 
3 1217 1214 1227 
3 1212 1209 1246 
3 1241 1233 1205 
3 1246 1202 1236 
3 1224 1206 1228 
3 1225 1214 1223 
3 1227 1224 1239 
3 1242 1230 1216 
3 1229 1219 1225 
3 1223 1206 1232 
3 1252 1227 1239 
3 1267 1190 1226 
3 1394 1146 1233 
3 1228 1210 1264 
3 1405 1231 1221 
3 1162 1203 1288 
3 1242 1216 1238 
3 1260 1222 1237 
3 1236 1217 1240 
3 1308 1235 1186 
3 1229 1225 1247 
3 1253 1237 1252 
3 1898 1473 1221 
3 1471 1226 1235 
3 1269 1245 1211 
3 1218 1199 1248 
3 1271 1179 1243 
3 1296 1220 1222 
3 1249 1239 1262 
3 1244 1192 1297 
3 1261 1247 1254 
3 1215 1218 1305 
3 1210 1193 1258 
3 1255 1240 1229 
3 1260 1240 1255 
3 1256 1249 1279 
3 1253 1252 1266 
3 1259 1261 1254 
3 1267 1207 1196 
3 1251 1215 1284 
3 1302 1256 1263 
3 1296 1236 1253 
3 1266 1249 1256 
3 1247 1274 1289 
3 1311 1259 1268 
3 1265 1232 1284 
3 1274 1264 1276 
3 1319 1255 1261 
3 1462 1257 1230 
3 1263 1280 1301 
3 1364 1243 1368 
3 1345 1466 745 
3 1347 1287 1245 
3 1273 1109 1283 
3 1201 1272 1309 
3 1262 1265 1277 
3 1349 1281 1205 
3 1277 1265 1300 
3 1274 1276 1292 
3 1285 1143 1315 
3 1282 1254 1299 
3 1268 1282 1286 
3 1361 2001 1275 
3 1280 1279 1290 
3 1272 1018 1285 
3 1264 1258 1300 
3 1309 1283 1278 
3 1304 1280 1294 
3 1315 1164 1271 
3 1297 1234 1312 
3 1262 1292 1293 
3 1298 1282 1322 
3 1321 1308 1212 
3 1289 1277 1324 
3 1299 1289 1331 
3 1307 1286 1298 
3 1615 1055 1046 
4 1321 1246 1260 1310 
3 1248 1288 1312 
3 1318 1294 1290 
3 1279 1293 1325 
3 1276 1284 1303 
3 1334 1268 1304 
3 1365 1306 1259 
3 1300 1305 1327 
3 1313 1301 1286 
3 1303 1250 1316 
3 1330 1314 1302 
3 1313 1294 1318 
3 1464 1238 1291 
3 1320 1273 1285 
3 1342 1296 1335 
3 1359 1263 1339 
3 1297 1288 1316 
3 1317 1304 1307 
3 1326 1319 1306 
3 1343 1278 1287 
3 1305 1312 1320 
3 1332 1355 1313 
3 1307 1298 1328 
3 1335 1266 1314 
3 1316 1309 1343 
3 1342 1291 1296 
3 1323 1290 1337 
4 1336 1328 1322 1333 
3 1292 1327 1331 
3 1299 1346 1341 
3 1340 1338 1314 
3 1324 1303 1343 
3 1329 1318 1323 
3 1332 1328 1336 
3 1354 1340 1306 
3 1293 1324 1353 
3 1373 1317 1329 
3 1360 1323 1351 
3 1352 1339 1301 
3 1338 1310 1319 
3 1381 1329 1323 
3 1351 1322 1341 
3 1348 1335 1326 
3 1356 1311 1334 
3 1348 1326 1330 
3 1337 1325 1346 
3 1389 1321 1310 
5 1344 1327 1320 1315 1347 
3 1353 1343 1396 
3 1371 1270 1083 
3 1341 1325 1350 
3 1343 1271 1387 
3 1389 1338 1340 
3 1424 1275 1213 
3 1377 1346 1353 
3 1333 1337 1400 
3 1358 1334 1355 
4 1362 1350 1331 1344 
3 1441 1357 1330 
3 1369 1352 1317 
3 1359 1339 1358 
3 1416 1391 1354 
3 1370 1356 1352 
3 1367 1311 1356 
3 1388 1376 1333 
3 1472 1506 1281 
3 1382 1353 1393 
3 1550 1408 1204 
3 1366 1269 1375 
3 1441 1302 1367 
3 1387 1364 1379 
3 1365 1359 1401 
3 1375 1269 1114 
3 1372 1370 1355 
3 1386 1358 1369 
3 1408 1450 1345 
3 1374 1386 1369 
3 1378 1374 1332 
3 1390 1372 1373 
3 1379 1364 1368 
3 1385 1381 1360 
3 1399 1380 1350 
3 1392 1373 1383 
3 1366 1375 1395 
3 1406 1384 1377 
3 1383 1336 1376 
3 1411 1414 1362 
3 1407 1378 1381 
3 1423 1400 1380 
3 1397 1376 1398 
3 1401 1370 1372 
3 1413 1347 1366 
3 1432 1404 1360 
3 1391 1342 1348 
3 1436 1374 1392 
3 1464 1389 1357 
3 1410 1390 1378 
3 1402 1362 1396 
3 1403 1395 1231 
3 1418 1379 1394 
3 1393 1344 1413 
3 1409 1407 1385 
3 1454 1385 1404 
3 1417 1448 1377 
3 1432 1351 1384 
3 1444 1367 1386 
3 1411 1393 1412 
3 1430 1394 1405 
3 1433 1398 1388 
3 1452 1403 1233 
3 1456 1419 1380 
3 1415 1383 1397 
3 1450 1371 1363 
3 1437 1415 1397 
3 1449 1392 1428 
3 1427 1382 1402 
3 1422 1402 1457 
3 1396 1387 1457 
3 1420 1421 1382 
3 1428 1407 1409 
3 1498 1489 1357 
3 1434 1448 1399 
3 1482 1395 1430 
3 1459 1423 1406 
3 1426 1414 1429 
3 1425 1434 1414 
3 1443 1427 1412 
3 1431 1384 1419 
3 1492 1349 1630 
3 1439 1421 1426 
4 1451 1425 1420 1445 
3 1429 1411 1422 
3 1435 1410 1415 
3 1420 1427 1442 
3 1480 1418 1403 
3 1470 1432 1423 
4 1463 1388 1400 1431 
3 1455 1446 1404 
3 1438 1417 1421 
3 1514 1428 1437 
3 1444 1390 1449 
3 1435 1409 1453 
3 1493 1434 1440 
3 1440 1425 1451 
3 1438 1439 1488 
3 1487 1354 1365 
3 1429 1443 1465 
3 1442 1422 1447 
3 1487 1401 1436 
3 1426 1465 1467 
3 1476 1458 1433 
3 1481 1443 1484 
3 1456 1399 1417 
3 1483 1436 1410 
3 1562 1371 1408 
3 1461 1439 1426 
3 1469 1503 1405 
3 1468 1437 1454 
3 1458 1453 1398 
3 1476 1433 1460 
3 1518 1406 1448 
3 1412 1413 1474 
3 1478 1454 1446 
2 1477 1419 
3 1509 1455 1463 
3 1488 1451 1475 
3 1523 1267 1471 
3 1460 1432 1470 
3 1502 1308 1391 
3 1445 1442 1481 
3 1529 1152 1270 
3 1475 1445 1485 
3 1494 1453 1479 
3 1795 1452 1473 
3 1477 1463 1431 
3 1528 1462 1242 
3 1585 1361 1616 
3 1888 1469 1241 
3 1484 1457 1482 
3 1461 1467 1486 
3 1567 1446 1455 
3 1508 1470 1459 
3 1557 1479 1458 
3 1541 1468 1478 
3 1537 1430 1495 
3 1465 1447 1517 
3 1531 1474 1418 
3 1527 1497 1449 
3 1447 1474 1515 
3 1486 1467 1517 
3 1491 1475 1485 
4 1501 1441 1444 1497 
4 1496 1440 1461 1490 
3 1538 1502 1416 
3 1500 1488 1491 
3 1504 1490 1486 
3 2032 1616 1424 
3 1499 1518 1438 
3 1543 1516 1468 
3 1580 1480 1520 
3 1511 1488 1500 
4 1579 1487 1483 1542 
3 1538 1416 1501 
3 1622 1493 1512 
3 1496 1490 1505 
3 1605 1498 1487 
3 1528 1464 1489 
3 1752 1520 1452 
3 1510 1505 1491 
3 1507 1500 1504 
3 1849 1361 1574 
3 1511 1505 1513 
3 1509 1477 1545 
3 1567 1460 1508 
3 1513 1504 1521 
3 1512 1496 1507 
3 1658 1499 1511 
3 1524 1507 1510 
3 1527 1435 1516 
3 1519 1484 1531 
3 1522 1514 1494 
3 1485 1481 1519 
3 1545 1456 1493 
3 1525 1517 1515 
3 1673 1495 1503 
3 1532 1510 1526 
3 1544 1516 1536 
3 1558 1462 1555 
3 1625 1513 1532 
3 1526 1519 1530 
3 1534 1521 1525 
3 1542 1483 1514 
3 1555 1471 1502 
3 1573 1067 1466 
3 1533 1525 1535 
3 1515 1482 1535 
3 1549 1524 1521 
3 1560 1530 1539 
3 1540 1526 1565 
3 1530 1531 1537 
3 1559 1522 1543 
3 1554 1535 1480 
3 1551 1489 1498 
3 1552 1533 1554 
3 1549 1534 1569 
3 1547 1479 1557 
3 1548 1497 1527 
3 1536 1494 1547 
3 1546 1522 1563 
3 1597 1508 1518 
3 1548 1544 1566 
3 1553 1543 1541 
3 1579 1542 1546 
3 1576 1532 1540 
3 1558 1562 1363 
3 1564 1538 1586 
3 1556 1539 1568 
3 1571 1609 1547 
3 1539 1537 1561 
3 1564 1523 1528 
3 1577 1560 1552 
3 1575 1541 1478 
3 1570 1550 1523 
3 1609 1563 1536 
3 1565 1533 1556 
3 1589 1554 1580 
3 1588 1450 1550 
3 1572 1544 1559 
3 1594 1555 1551 
3 1569 1534 1560 
3 1592 1546 1572 
3 1578 1476 1509 
3 1581 1552 1584 
3 1582 1540 1565 
3 1583 1558 1594 
3 1606 1553 1575 
3 1637 1566 1563 
3 1615 1529 1591 
3 1890 1506 1598 
3 1600 1571 1557 
3 1642 1549 1582 
3 1587 1556 1581 
3 1596 1567 1626 
4 1629 1497 1548 1592 
3 1561 1495 1602 
3 1577 1568 1607 
3 1576 1569 1590 
3 1588 1570 1601 
3 1568 1589 1621 
3 1598 1472 1620 
3 1594 1551 1593 
3 1590 1577 1603 
3 1591 1562 1583 
3 1584 1561 1595 
3 1582 1587 1599 
4 1573 1588 1619 1628 
3 1656 1579 1566 
3 1717 1586 1605 
4 1601 1570 1564 1586 
3 1589 1618 1648 
3 1614 1600 1578 
3 1659 1636 1545 
3 1965 1574 1585 
3 1623 1590 1604 
3 1608 1575 1596 
3 1619 1583 1594 
3 1618 1580 1673 
3 1604 1587 1610 
3 1599 1603 1613 
3 1593 1501 1629 
3 1644 1571 1608 
3 1610 1581 1617 
3 1606 1600 1612 
3 1637 1559 1553 
3 1624 1603 1607 
2 2811 1105 
3 1608 1614 1678 
3 1632 1604 1627 
3 1612 1596 1626 
3 1639 1295 1573 
3 1620 1472 1492 
3 1607 1621 1649 
3 1595 1602 1641 
3 1591 1601 1634 
3 2024 1585 1616 
3 1617 1584 1651 
3 1657 1663 1499 
3 1670 1599 1640 
3 1627 1610 1646 
3 1658 1524 1631 
3 1614 1578 1636 
3 1633 1613 1624 
4 1660 1591 1643 1703 
3 1722 1605 1579 
3 2763 1424 1198 
3 1638 1625 1642 
3 1640 1613 1635 
3 1635 1627 1661 
3 1643 1619 1645 
3 1632 1633 1677 
3 1669 1626 1597 
3 1647 1572 1609 
3 1662 1631 1654 
4 1055 1615 1655 2877 
3 1699 1623 1632 
3 1618 1759 1653 
3 1631 1576 1680 
3 1628 1634 1714 
3 1713 1647 1606 
3 1634 1717 1679 
3 1667 1624 1652 
3 1656 1637 1644 
3 1651 1595 1653 
3 1650 1617 1665 
3 1652 1649 1683 
3 1621 1648 1665 
3 1646 1650 1676 
3 1648 1641 1802 
3 1681 1638 1689 
3 1639 1668 1785 
3 1740 1592 1647 
3 1697 1720 1622 
3 1693 1512 1625 
3 1687 1597 1663 
3 1668 1628 1691 
3 1633 1667 1664 
3 1721 1693 1638 
3 1694 1659 1622 
3 1674 1661 1666 
4 1649 1651 1675 1682 
3 1686 1664 1702 
3 1661 1646 1671 
3 1655 1660 1711 
3 1688 1636 1687 
3 1672 1623 1712 
3 1667 1676 1701 
3 1684 1680 1670 
3 1602 1520 1752 
3 1677 1664 1695 
3 1665 1807 1685 
3 1671 1652 1692 
3 1715 1635 1674 
3 1700 1612 1688 
3 1750 1645 1709 
3 1642 1672 1696 
3 1698 1654 1689 
3 1690 1665 1685 
3 1650 1690 1692 
3 1696 1672 1754 
3 1682 1675 1735 
3 1706 1695 1666 
3 1669 1659 1694 
3 1678 1669 1716 
3 1681 1654 1723 
3 1683 1682 1736 
3 1942 1660 1845 
3 1676 1683 1783 
3 1778 1658 1662 
3 1710 1687 1663 
3 1708 1674 1686 
3 1733 1680 1684 
3 1787 1744 1657 
3 1721 1681 1727 
3 1712 1640 1715 
3 1713 1678 1718 
3 1671 1783 1758 
3 1704 1666 1728 
3 1843 1628 1714 
3 1705 1702 1726 
2 1706 1704 
3 1707 1686 1705 
3 1708 1706 1729 
3 1725 1695 1707 
3 2074 1679 1810 
3 1719 1694 1724 
3 1785 1668 1942 
3 1731 1670 1699 
3 1745 1644 1700 
3 1703 1643 1750 
3 1732 1699 1677 
3 1718 1688 1719 
3 1645 1593 1751 
3 1748 1700 1716 
3 1741 1716 1710 
3 1760 1724 1657 
3 1755 1662 1698 
3 1751 1629 1740 
3 1730 1689 1733 
3 1746 1710 1720 
3 1732 1708 1729 
3 1739 1704 1728 
3 1737 1698 1747 
3 1726 1702 1734 
4 1725 1707 1738 1742 
3 1747 1723 1772 
3 1754 1712 1743 
3 1743 1715 1725 
3 1723 1696 1777 
3 1728 1758 1756 
3 1736 1685 1823 
3 1690 1735 1830 
3 1799 1727 1762 
3 1742 1729 1739 
3 1738 1726 1757 
3 1722 1656 1745 
3 1770 1748 1719 
3 1753 1729 1738 
3 1749 1731 1732 
3 1794 1771 1697 
3 1764 1740 1713 
3 1821 1770 1724 
3 1727 1730 1774 
3 1792 1718 1741 
3 1754 1743 1753 
3 1714 1679 2072 
3 1767 1717 1722 
3 1673 1503 1759 
3 1761 1749 1742 
4 1684 1731 1749 1777 
3 1775 1721 1799 
3 1757 1734 1763 
3 1768 1739 1756 
3 1734 1701 1773 
3 1641 1752 1812 
3 1771 1821 1720 
3 1790 1753 1769 
3 1737 1789 1817 
3 1756 1765 1782 
3 1781 1766 1745 
3 1763 1773 1808 
3 1767 1764 1776 
3 1788 1751 1766 
3 1769 1757 1780 
3 1761 1768 1784 
3 1844 1741 1746 
3 1811 1760 1744 
2 1730 1815 
3 1765 1758 1813 
3 1789 1747 1822 
3 1853 1779 1755 
3 1803 1766 1840 
4 1801 1733 1754 1791 
3 1787 1693 1779 
3 1833 1778 1775 
3 1768 1786 1805 
3 1796 1764 1792 
3 1786 1763 1820 
3 1701 1692 1826 
3 1793 1769 1832 
3 1655 1711 2119 
3 1780 1782 1835 
3 1809 1697 1778 
3 1810 1767 1803 
3 1817 1762 1774 
3 1797 1791 1761 
3 1798 1777 1790 
3 1800 1781 1748 
3 1806 1784 1814 
3 1811 1744 1809 
3 1812 1469 1855 
3 1840 1781 1800 
3 1798 1790 1806 
3 1804 1791 1797 
4 1857 1755 1737 1850 
3 1825 1796 1792 
3 1819 1824 1777 
3 1807 1653 1816 
3 1788 1776 1818 
3 1856 1828 1798 
3 1780 1870 1832 
3 1797 1793 1814 
3 1675 1802 1823 
3 1820 1765 1813 
3 1915 1794 1787 
4 1902 1709 1788 1829 
3 1900 1771 1794 
3 1759 1795 1816 
3 1808 1773 1827 
3 1806 1793 1861 
3 1822 1772 1824 
3 1802 1812 1831 
3 1762 1789 1859 
3 1829 1803 1834 
3 1852 1801 1828 
3 1782 1808 1846 
3 1893 1746 1760 
3 1774 1815 1862 
3 1735 1807 1831 
3 1872 1815 1801 
3 1851 1800 1838 
3 1827 1783 1830 
3 1813 1826 1842 
3 1819 1804 1854 
3 1810 1818 1848 
3 1826 1736 1837 
3 1823 1816 1836 
3 1784 1805 1858 
3 1866 1938 1779 
3 1848 1818 1873 
3 1786 1847 1870 
3 1837 1831 1855 
3 1842 1830 1836 
3 1841 1825 1839 
3 1838 1871 1911 
3 1776 1796 1851 
3 1867 1838 1878 
3 1864 1827 1837 
3 1845 1703 1966 
3 1893 1871 1770 
3 1691 1843 2170 
3 1820 1864 1860 
3 1835 1860 1954 
3 1879 1829 1834 
3 1913 2016 1506 
3 1886 1799 1865 
3 1867 1840 1825 
3 1905 1872 1819 
3 1866 1775 1857 
3 1863 1828 1875 
3 1836 1795 1888 
3 1875 1804 1946 
3 1853 1799 1886 
4 1861 1832 1916 1899 
3 1869 1817 1868 
3 1847 1846 1935 
3 1814 1858 1904 
3 1868 1822 1880 
3 1927 1925 1854 
3 1846 1842 1887 
3 1850 1869 1895 
3 1889 1833 1853 
3 1877 1851 1841 
3 1884 1859 1862 
3 1865 1859 1881 
3 1805 1835 1975 
3 1891 1839 1844 
4 1883 1880 1824 1852 
3 1874 1834 1877 
3 1876 1873 1909 
3 1854 1856 1953 
3 1885 1874 1908 
3 1873 1867 1896 
3 1841 1882 1896 
3 1922 1848 1885 
3 1894 1862 1872 
3 1892 1869 1901 
3 1878 1930 1974 
2 1934 1872 
3 1901 1868 1907 
3 1879 1876 1926 
3 1857 1850 1914 
3 1864 1903 1940 
3 1903 1855 1473 
3 1921 1866 1929 
3 1913 1574 1917 
3 1910 1871 1897 
3 1895 1881 1949 
3 1897 1844 1821 
3 2068 1907 1880 
3 1865 1892 1932 
3 1877 1878 1906 
3 1891 1893 1900 
3 1912 1241 2001 
3 1858 1962 1931 
3 1915 1897 1811 
3 1941 1881 1884 
3 2054 1810 1922 
3 1887 1888 1912 
3 1861 1924 1936 
3 1923 1852 1918 
3 1909 1896 2043 
3 2096 1884 1894 
3 1876 1920 2168 
3 1920 1874 1906 
3 1911 1891 1919 
3 1839 1910 1930 
3 1903 1898 1937 
3 2052 1849 1890 
3 1928 1886 1933 
3 1919 1900 1809 
3 1858 1963 1959 
3 2019 1890 1965 
3 1905 1925 1961 
3 1910 1915 1943 
3 1908 1909 1973 
3 1938 1889 1947 
3 1902 1879 1971 
3 2028 1934 1905 
3 1936 1904 1939 
3 1918 1863 1945 
3 1998 1885 2039 
3 1945 1863 2002 
3 1980 1929 1914 
3 1950 1889 1928 
3 1882 1911 1943 
3 1939 1899 1960 
3 1933 1895 1988 
3 2018 1914 1932 
3 2068 1883 1923 
3 1860 1944 1952 
3 1904 1924 1946 
3 1940 1912 1989 
3 1958 1833 1921 
3 1924 1931 1957 
3 1948 1887 1937 
3 1949 1901 2096 
3 1711 1691 2252 
3 1930 1919 1958 
3 1935 1948 1956 
3 1925 1927 1976 
3 1856 1936 1964 
3 1992 1921 1951 
3 1944 1940 1982 
3 1988 1892 1941 
3 1951 1929 1995 
3 1947 1950 1968 
3 1954 1935 2004 
3 1875 1955 2003 
3 1847 1952 1975 
3 1953 1964 1983 
3 1944 1972 1994 
3 1939 1967 1978 
3 1943 1938 1977 
3 1916 1963 1969 
3 1967 1931 1970 
3 2027 1918 2088 
3 1899 1969 1979 
3 1959 1916 1993 
3 1955 1946 1978 
4 2055 1917 1598 2023 
3 1843 2130 2125 
3 1957 1960 1970 
3 1951 2008 1981 
3 1962 1959 1984 
3 1967 1960 1979 
3 2156 1922 2009 
3 1956 1982 1997 
3 1920 2071 2160 
3 1882 2025 2021 
3 1870 1954 1999 
3 1945 2012 2036 
3 2011 1958 1987 
3 1964 1957 1983 
3 1970 1962 1985 
3 1996 1928 2017 
3 2060 1968 2000 
3 1972 1948 1989 
3 1955 1978 1990 
3 1969 1993 1986 
3 1991 1979 1986 
3 1985 1984 2010 
3 2092 1977 1992 
3 2065 1932 1949 
3 1982 1937 2013 
3 1983 1991 2015 
3 1990 1985 2005 
3 2110 1987 1947 
3 1984 1963 1999 
3 1956 1997 2020 
3 2008 1950 1996 
3 1995 1980 2080 
3 1994 1972 2007 
3 2009 1926 2033 
3 1993 1975 2004 
3 2057 1981 2026 
3 2006 1898 1281 
3 2012 1927 2003 
3 2002 1953 2064 
3 1999 1952 2010 
3 1991 2022 2014 
3 2013 2001 2016 
3 1997 2037 2041 
3 1968 1995 2030 
3 1971 1998 2316 
3 1986 2004 2020 
3 2048 2025 1977 
3 2036 1976 2002 
3 1989 2006 2037 
3 2015 2005 2031 
3 2064 1990 2014 
3 2006 1849 2052 
3 1980 2018 2104 
3 2017 1933 2081 
3 2049 1917 2066 
4 2022 2010 1994 2040 
3 1974 2050 2053 
3 2005 2020 2034 
3 2058 1965 2035 
3 2029 1620 2032 
3 2050 1974 2011 
3 2047 2000 2030 
3 2062 2028 1961 
3 2068 1923 2027 
3 2067 2035 2024 
3 2026 2008 2077 
3 2086 2014 2038 
3 2763 2024 1492 
3 1998 2082 2213 
3 2022 2044 2042 
3 2079 2023 2029 
3 1976 2012 2097 
3 2007 2013 2056 
3 2051 2031 2042 
3 2082 1926 2168 
3 2020 2041 2046 
3 2040 2007 2070 
3 2038 2034 2061 
3 2071 1906 2053 
3 2061 2034 2045 
3 2044 2046 2114 
3 2045 2040 2139 
3 2063 2026 2094 
3 2126 2011 2092 
3 2093 2019 2075 
3 2021 2025 2087 
3 2086 2038 2101 
3 2056 2016 1913 
3 2043 2021 2059 
4 2260 2074 1902 2150 
3 2069 1965 2058 
3 2037 2052 2073 
3 2060 2000 2063 
3 2055 2023 2076 
3 2053 2087 2157 
3 2100 1981 2057 
3 2042 2044 2109 
3 2113 2027 2105 
3 2083 2057 2047 
3 2090 2003 2015 
3 2081 1988 2138 
3 2091 2019 2078 
3 2567 2079 2029 
4 2152 1894 1934 2028 
3 2169 2078 2055 
3 2041 2073 2127 
3 1973 2043 2174 
3 2255 1750 2098 
3 2070 2056 2093 
3 2098 1709 2054 
3 2095 2049 2091 
3 2537 2058 2085 
3 2102 2030 2080 
3 2128 2066 2069 
3 2085 2035 2067 
3 2077 1996 2106 
3 2018 2065 2084 
3 2033 2039 2246 
3 2108 2063 2116 
3 2103 2081 2141 
3 2540 2076 2079 
3 2089 2031 2051 
3 2059 2050 2126 
3 2105 1961 2111 
3 2090 2086 2146 
3 2097 2064 2089 
3 2099 2075 2066 
3 2112 2048 1987 
3 2107 2073 2049 
3 2121 2047 2154 
3 2117 2075 2099 
3 2187 1941 1907 
3 2120 2036 2090 
3 2226 2072 2074 
3 2122 2095 2091 
3 2136 2133 2060 
3 2051 2109 2165 
3 2123 2176 2077 
3 2104 2084 2161 
3 2106 2017 2103 
3 2062 2088 2115 
3 2080 2104 2129 
3 2127 2093 2117 
3 2142 2083 2155 
3 2101 2061 2114 
3 2112 1992 2133 
3 2124 2088 2120 
3 2203 2092 2110 
3 2135 2062 2118 
3 2109 2045 2185 
3 2118 2105 2124 
3 2155 2083 2121 
3 2107 2095 2144 
3 2113 2115 2137 
3 1785 2252 2869 
3 2111 2097 2132 
3 2116 2094 2154 
3 2147 2099 2131 
3 2209 2102 2151 
3 2115 2111 2134 
3 2170 1966 2130 
3 2087 2048 2202 
3 2070 2107 2143 
3 2169 2131 2078 
3 2153 2106 2158 
3 2125 1966 2255 
3 2190 2122 2128 
3 2134 2120 2201 
3 2182 2110 2100 
3 2137 2124 2132 
3 2152 2113 2186 
3 2173 2100 2142 
3 2118 2134 2177 
3 2140 2065 2187 
3 2179 2046 2149 
3 2171 2141 2138 
3 2163 2084 2140 
3 2223 2136 2108 
3 2149 2127 2144 
3 2143 2117 2145 
3 2241 2144 2148 
3 2089 2165 2189 
3 2167 2148 2122 
3 2145 2147 2164 
3 2178 2139 2143 
3 2258 2054 2224 
3 2123 2153 2162 
3 2184 2068 2135 
3 2151 2129 2159 
3 2121 2094 2166 
3 2181 2108 2116 
3 2589 2224 1971 
3 2174 2059 2195 
3 2159 2129 2172 
3 2162 2153 2158 
3 1973 2183 2262 
3 2175 2103 2163 
3 2192 2151 2159 
3 2161 2141 2171 
3 2295 2148 2167 
3 2146 2101 2200 
3 2210 2154 2176 
3 2214 2164 2147 
3 2039 1908 2262 
3 2191 2128 2069 
3 2348 1845 2125 
3 2180 2163 2140 
3 2194 2158 2175 
3 2223 2188 2136 
3 2183 2071 2157 
3 2269 2172 2161 
3 2166 2102 2209 
3 2137 2211 2215 
3 2204 2179 2149 
3 2185 2139 2178 
3 2254 2171 2205 
3 2233 2155 2206 
3 2203 2133 2188 
3 2160 2174 2244 
3 2196 2152 2208 
3 2198 2114 2179 
3 2208 2135 2199 
3 2138 2096 2193 
3 2231 2182 2173 
3 2201 2146 2225 
3 2214 2131 2191 
3 2483 2190 2169 
3 2197 2162 2194 
3 2205 2187 2196 
3 2220 2192 2172 
3 2157 2202 2219 
3 2228 2193 2184 
3 2218 2216 2192 
3 2200 2185 2204 
3 2222 2186 2217 
3 2165 2198 2225 
3 2132 2189 2257 
3 2195 2126 2207 
3 2207 2112 2182 
3 2198 2178 2241 
3 2253 2180 2193 
3 2181 2210 2236 
3 2212 2202 2203 
3 2184 2186 2234 
3 2176 2123 2216 
3 2236 2206 2166 
3 2215 2177 2240 
3 2219 2207 2221 
3 2316 2033 2265 
3 2315 2167 2190 
4 2217 2177 2211 2232 
3 2209 2197 2229 
3 2199 2215 2256 
3 2227 2197 2239 
3 2244 2195 2212 
3 2287 2239 2194 
3 2242 2212 2235 
3 2234 2199 2256 
3 2230 2173 2142 
3 2654 2150 2156 
3 2189 2200 2237 
3 2268 2264 2098 
3 2270 2229 2218 
3 2253 2196 2286 
3 2263 2216 2227 
3 2243 2223 2248 
3 2235 2188 2243 
3 2271 2215 2240 
3 2248 2181 2283 
3 2238 2208 2222 
3 2250 2221 2231 
3 2206 2210 2249 
3 2225 2266 2288 
3 2245 2234 2296 
3 2282 2218 2220 
3 2232 2211 2261 
3 2204 2145 2251 
3 2279 2221 2250 
3 2231 2230 2277 
3 2274 2183 2219 
3 2259 2238 2247 
3 2265 2082 2276 
3 2245 2306 2437 
3 2277 2230 2233 
3 2236 2280 2283 
3 2284 2242 2235 
3 2266 2241 2290 
3 2119 1942 2348 
3 2275 2205 2228 
3 2269 2180 2275 
3 2267 2130 2072 
3 2222 2217 2278 
3 2261 2201 2294 
3 2683 2272 2150 
3 2286 2245 2324 
3 2268 2054 2272 
3 2309 2240 2257 
3 2168 2160 2273 
3 2280 2229 2270 
3 2281 2226 2311 
4 2307 2213 2246 2327 
3 2237 2251 2285 
3 2304 2255 2281 
3 2311 2226 2260 
3 2292 2175 2254 
3 2263 2227 2282 
3 2278 2232 2332 
3 2347 2260 2258 
3 2276 2262 2274 
3 2273 2244 2279 
3 2254 2253 2359 
3 2312 2246 2273 
4 2291 2243 2248 2298 
3 2330 2256 2271 
3 2274 2242 2299 
3 2310 2249 2263 
3 2876 2267 2264 
3 2301 2270 2239 
3 2233 2249 2310 
3 2300 2250 2302 
3 2289 2266 2290 
3 2357 2228 2259 
3 2303 2220 2313 
3 2237 2289 2294 
3 2288 2285 2297 
3 2285 2251 2293 
3 2302 2277 2339 
3 2313 2269 2328 
3 2297 2290 2295 
3 2257 2288 2308 
3 2293 2164 2315 
3 2306 2238 2345 
3 2305 2289 2293 
3 2277 2320 2331 
3 2312 2279 2300 
3 2299 2284 2314 
3 2326 2282 2303 
3 2284 2291 2333 
3 2301 2287 2323 
3 2872 2348 2267 
3 2431 2308 2297 
3 2247 2296 2440 
3 2516 2265 2319 
3 2412 2294 2305 
3 2317 2332 2261 
3 2321 2283 2280 
3 2264 2268 2347 
3 2337 2276 2299 
4 2322 2323 2287 2292 
3 2300 2358 2318 
3 2295 2214 2492 
3 2009 2213 2583 
3 2349 2309 2385 
3 2325 2314 2398 
3 2665 2307 2340 
3 2329 2298 2321 
3 2320 2310 2335 
3 2342 2313 2344 
3 2326 2303 2313 
3 2259 2423 2378 
3 2353 2318 2371 
3 2334 2301 2323 
3 2265 2351 2340 
3 2344 2292 2355 
3 2336 2320 2346 
3 2345 2278 2365 
3 2338 2298 2336 
3 2271 2309 2350 
3 2358 2302 2341 
3 2335 2326 2342 
3 2321 2334 2343 
3 2375 2331 2329 
3 2351 2312 2353 
3 2339 2331 2373 
3 2341 2291 2338 
3 2319 2327 2379 
3 2333 2339 2364 
3 2334 2322 2354 
3 2346 2335 2352 
3 2322 2328 2368 
3 2296 2330 2384 
3 2356 2329 2343 
3 2693 2311 2272 
4 2865 2252 2170 2304 
3 2350 2317 2374 
3 2365 2332 2349 
3 2327 2337 2399 
3 2360 2343 2363 
3 2408 2337 2325 
3 2361 2342 2366 
3 2328 2359 2368 
3 2397 2380 2346 
3 2362 2286 2370 
3 2314 2333 2388 
3 2355 2275 2362 
3 2372 2369 2352 
3 2363 2354 2367 
3 2359 2357 2402 
3 2352 2361 2386 
3 2388 2341 2373 
3 2330 2350 2394 
3 2367 2354 2382 
3 2361 2366 2383 
3 2344 2355 2376 
3 2397 2360 2372 
3 2357 2378 2424 
3 2325 2411 2460 
3 2369 2360 2381 
3 2364 2338 2375 
3 2394 2349 2392 
3 2377 2373 2336 
4 2382 2368 2402 2389 
3 2380 2405 2375 
3 2370 2324 2413 
3 2470 2340 2399 
3 2452 2377 2356 
3 2403 2372 2400 
3 2387 2366 2376 
3 2386 2367 2387 
3 2345 2406 2447 
3 2317 2419 2390 
3 2396 2363 2383 
3 2383 2382 2393 
3 2358 2364 2391 
3 2395 2376 2450 
3 2392 2385 2418 
3 2407 2388 2405 
3 2429 2374 2390 
3 2401 2387 2395 
3 2404 2365 2374 
3 2393 2389 2450 
3 2400 2386 2414 
3 2452 2356 2369 
3 2409 2318 2407 
3 2379 2351 2422 
3 2417 2381 2396 
3 2420 2421 2393 
3 2376 2362 2430 
3 2476 2381 2410 
3 2406 2394 2429 
3 2416 2391 2377 
3 2384 2404 2434 
3 2398 2391 2415 
3 2422 2353 2478 
3 2454 2411 2398 
3 2403 2417 2442 
3 2371 2409 2490 
3 2426 2419 2308 
3 2378 2423 2427 
3 2433 2396 2421 
3 2477 2407 2416 
3 2489 2415 2405 
3 2410 2400 2433 
3 2472 2390 2435 
3 2428 2385 2412 
3 2441 2438 2401 
3 2414 2401 2438 
3 2399 2408 2449 
3 2413 2324 2432 
3 2370 2425 2430 
3 2424 2427 2445 
3 2428 2412 2431 
3 2425 2413 2444 
3 2435 2419 2426 
3 2471 2404 2392 
3 2402 2424 2455 
3 2426 2305 2534 
3 2423 2437 2459 
3 2439 2417 2414 
3 2406 2436 2479 
3 2418 2428 2533 
3 2434 2471 2484 
3 2432 2247 2448 
3 2458 2421 2420 
3 2451 2443 2433 
3 2448 2306 2447 
4 2498 2420 2453 2456 
3 2476 2410 2443 
3 2468 2442 2439 
3 2446 2427 2463 
3 2425 2446 2467 
3 2445 2444 2480 
3 2440 2384 2457 
3 2437 2440 2462 
3 2469 2422 2478 
3 2395 2389 2453 
3 2481 2439 2475 
3 2494 2380 2397 
3 2441 2450 2455 
3 2504 2409 2477 
3 2453 2430 2461 
3 2545 2441 2466 
3 2474 2447 2479 
3 2465 2438 2528 
3 2463 2432 2462 
3 2497 2371 2490 
3 2464 2455 2467 
3 2459 2448 2473 
3 2444 2459 2485 
3 2466 2461 2522 
3 2495 2475 2458 
3 2525 2456 2464 
3 2461 2445 2480 
3 2482 2499 2443 
3 2569 2470 2449 
3 2662 2379 2469 
3 2436 2429 2509 
3 2509 2418 2508 
3 2514 2462 2474 
3 2473 2457 2491 
3 2486 2451 2465 
3 2499 2403 2442 
3 2511 2454 2415 
3 2449 2408 2497 
3 2457 2434 2493 
3 2467 2446 2485 
3 2487 2482 2451 
3 2515 2468 2481 
3 2502 2191 2488 
3 2436 2519 2501 
3 2480 2463 2514 
3 2487 2475 2495 
3 2512 2481 2486 
3 2555 2483 2535 
3 2500 2510 2416 
3 2460 2411 2503 
3 2518 2474 2520 
3 2539 2315 2502 
2 2479 2496 
3 2505 2500 2452 
3 2560 2486 2465 
3 2520 2493 2501 
3 2517 2478 2460 
3 2527 2441 2506 
3 2505 2476 2468 
3 2510 2489 2494 
3 2496 2484 2550 
4 2572 2507 2492 2483 
3 2517 2490 2504 
3 2503 2454 2511 
3 2523 2494 2499 
3 2543 2498 2547 
3 2568 2558 2502 
3 2472 2533 2551 
3 2471 2472 2519 
3 2523 2489 2500 
3 2504 2477 2523 
3 2526 2513 2487 
3 2532 2515 2512 
4 2521 2485 2473 2518 
3 2523 2482 2513 
3 2652 2583 2307 
3 2569 2497 2503 
3 2514 2491 2529 
3 2484 2509 2548 
3 2491 2496 2530 
3 2522 2514 2531 
3 2524 2464 2521 
5 2541 2511 2510 2505 2515 
3 2538 2522 2536 
3 2571 2542 2466 
3 2554 2544 2512 
3 2543 2528 2498 
3 2553 2458 2527 
3 2531 2518 2530 
3 2529 2520 2601 
3 2536 2521 2529 
3 2544 2541 2513 
3 2508 2435 2546 
3 2546 2431 2539 
3 2561 2488 2537 
3 2557 2524 2531 
3 2535 2076 2575 
4 2565 2524 2557 2552 
3 2558 2534 2492 
3 2570 2085 2567 
3 2569 2523 2532 
3 2573 2545 2525 
3 2603 2527 2506 
3 2602 2532 2526 
3 2549 2456 2542 
3 2559 2533 2534 
3 2622 2506 2549 
3 2550 2519 2551 
3 2547 2545 2584 
3 2501 2548 2562 
3 2548 2508 2556 
3 2610 2538 2615 
3 2563 2528 2603 
3 2586 2526 2566 
3 2572 2488 2561 
3 2562 2551 2559 
3 2538 2536 2607 
3 2579 2539 2507 
3 2581 2556 2546 
3 2566 2495 2563 
3 2564 2555 2535 
3 2601 2550 2556 
3 2633 2560 2553 
3 2576 2561 2574 
3 2616 2571 2538 
3 2582 2554 2560 
3 2540 2067 2805 
3 2585 2580 2507 
4 2647 2469 2517 2541 
3 2588 2575 2540 
3 2590 2525 2565 
3 2578 2502 2555 
3 2600 2599 2542 
3 2598 2564 2592 
3 2587 2537 2570 
3 2593 2577 2564 
3 2630 2578 2576 
3 2585 2572 2577 
3 2581 2558 2580 
3 2596 2579 2568 
3 2608 2559 2579 
3 2586 2566 2623 
3 2652 2316 2516 
3 2622 2549 2599 
3 2605 2568 2578 
3 2595 2554 2582 
3 2594 2575 2591 
3 2591 2570 2789 
3 2684 2156 2704 
3 2600 2571 2616 
3 2645 2587 2588 
3 2609 2574 2594 
3 2630 2576 2598 
3 2597 2592 2587 
3 2602 2586 2620 
3 2651 2580 2604 
3 2611 2619 2594 
3 2593 2574 2606 
3 2584 2573 2632 
3 2626 2573 2590 
3 2530 2562 2617 
3 2644 2544 2595 
3 2649 2553 2543 
3 2666 2596 2605 
3 2656 2604 2585 
3 2614 2598 2609 
3 2615 2557 2618 
3 2651 2617 2581 
3 2627 2606 2592 
3 2640 2552 2612 
4 2645 2631 2613 2597 
3 2610 2634 2655 
3 2628 2624 2611 
3 2685 2606 2621 
3 2634 2552 2607 
3 2590 2565 2636 
3 2674 2601 2608 
3 2607 2658 2663 
3 2625 2637 2597 
3 2643 2595 2623 
3 2718 2614 2627 
4 2653 2547 2584 2667 
3 2620 2582 2633 
3 2629 2613 2628 
3 2637 2619 2629 
3 2632 2600 2636 
3 2637 2621 2609 
3 2638 2624 2613 
3 2754 2625 2624 
3 2668 2577 2593 
3 2639 2611 2642 
3 2635 2599 2626 
3 2623 2563 2648 
3 2612 2615 2692 
3 2671 2632 2672 
3 2626 2616 2640 
4 2730 2627 2619 2625 
3 2744 2628 2639 
3 2641 2638 2631 
3 2636 2610 2655 
3 2750 2743 2639 
3 2734 2631 2650 
3 2646 2620 2660 
3 2647 2602 2646 
3 2650 2611 2591 
3 2694 2644 2643 
3 2662 2569 2644 
3 2660 2633 2649 
3 2653 2648 2603 
3 2642 2645 2769 
3 2669 2608 2596 
3 2659 2583 2516 
3 2695 2649 2622 
3 2687 2683 2224 
3 2640 2612 2661 
3 2673 2605 2657 
3 2732 2656 2668 
3 2663 2618 2674 
3 2664 2652 2665 
3 2700 2643 2648 
3 2672 2655 2691 
3 2676 2470 2647 
3 2699 2618 2658 
3 2710 2659 2670 
3 2670 2659 2319 
3 2669 2604 2673 
3 2695 2622 2681 
3 2657 2630 2685 
3 2682 2651 2666 
3 2678 2664 2665 
3 2680 2635 2675 
3 2635 2661 2675 
3 2686 2666 2656 
3 2658 2617 2677 
3 2671 2672 2689 
3 2678 2662 2679 
3 2703 2674 2682 
3 2745 2670 2676 
3 2800 2676 2696 
3 2681 2671 2690 
3 2713 2667 2680 
3 2677 2669 2688 
3 2693 2258 2654 
3 2908 2687 2589 
3 2717 2668 2614 
3 2688 2673 2711 
3 2827 2654 2684 
3 2698 2682 2686 
3 2690 2675 2691 
3 2680 2689 2701 
3 2689 2661 2692 
3 2691 2634 2697 
3 2827 2347 2683 
3 2696 2646 2702 
3 2715 2653 2667 
3 2679 2694 2705 
3 2706 2692 2699 
3 2727 2688 2707 
3 2709 2697 2663 
3 2723 2702 2660 
3 2690 2706 2708 
3 2705 2694 2700 
3 2714 2709 2677 
3 2816 2589 2710 
3 2696 2702 2768 
3 2701 2697 2719 
3 2727 2698 2712 
3 2716 2701 2728 
3 2719 2699 2703 
3 2704 2664 2745 
3 2712 2686 2732 
3 2740 2707 2711 
3 2725 2681 2721 
3 2720 2722 2703 
3 2723 2695 2725 
3 2721 2708 2741 
3 2737 2685 2718 
3 2796 2717 2621 
3 2724 2706 2709 
3 2733 2714 2731 
3 2713 2716 2738 
3 2760 2726 2714 
3 2767 2700 2715 
3 2728 2719 2726 
3 2715 2713 2742 
3 2746 2724 2722 
3 2729 2698 2707 
3 2741 2708 2724 
3 2731 2727 2740 
3 2791 2837 2637 
3 2736 2720 2729 
3 2735 2711 2657 
3 2757 2720 2736 
3 2755 2642 2739 
3 2747 2732 2737 
3 2764 2733 2731 
3 2735 2717 2796 
3 2742 2721 2749 
3 2759 2734 2753 
3 2748 2729 2712 
3 2749 2716 2728 
3 2761 2725 2738 
3 2744 2641 2752 
3 2754 2638 2743 
3 2816 2710 2678 
3 2782 2751 2726 
3 2775 2735 2766 
3 2779 2780 2740 
3 2738 2741 2751 
3 2752 2641 2756 
3 2772 2749 2746 
4 2770 2804 2743 2750 
3 2739 2771 2795 
3 2807 2629 2744 
3 2756 2734 2758 
3 2750 2755 2762 
3 2760 2733 2764 
3 2762 2755 2759 
3 2758 2739 2765 
3 2838 2722 2757 
3 2788 2774 2742 
3 2756 2758 2786 
3 2940 2032 1630 
3 2790 2757 2736 
3 2786 2759 2795 
3 2747 2793 2798 
3 2768 2723 2773 
3 2776 2705 2767 
3 2771 2650 2789 
3 2813 2752 2821 
3 2753 2769 2808 
3 2778 2832 2751 
3 2781 2767 2777 
3 2819 2777 2761 
3 2787 2747 2830 
3 2822 2768 2781 
3 2783 2773 2774 
3 2885 2772 2782 
3 2785 2748 2787 
3 2790 2748 2785 
3 2776 2773 2783 
3 2838 2778 2746 
3 2784 2781 2777 
3 2792 2783 2799 
3 2860 2780 2779 
3 2762 2765 2794 
3 2803 2779 2775 
3 2859 2761 2834 
3 2769 2588 2805 
3 2885 2764 2780 
3 2818 2857 2730 
3 2826 2875 2784 
3 2798 2766 2806 
3 2814 2786 2802 
3 2765 2753 2797 
3 2806 2737 2718 
3 2801 2795 2808 
3 2830 2766 2793 
3 2826 2784 2819 
3 2823 2862 2679 
3 2802 2797 2815 
3 2812 2794 2801 
3 2809 2787 2842 
3 2841 2807 2752 
4 2820 2789 2567 2931 
3 2828 2793 2796 
3 2818 2754 2804 
3 2797 2771 2817 
3 2831 2835 2803 
3 2854 1060 2905 
2 2906 1611 
3 2829 2802 2825 
3 2853 2841 2770 
3 2873 2821 2794 
3 2825 2801 2824 
3 2862 2704 2745 
3 2849 2808 2820 
3 2861 2791 2807 
3 2799 2774 2880 
3 2871 2817 2805 
3 2867 2770 2814 
3 2875 2823 2776 
3 2889 2800 2822 
3 2847 2815 2849 
3 2843 2812 2815 
3 2896 2792 2799 
3 2876 2693 2687 
3 2845 2806 2837 
3 2878 2812 2844 
3 2775 2798 2842 
3 2833 2809 2846 
3 2892 2839 2772 
3 2836 2835 2831 
3 2879 2788 2839 
3 2840 2809 2833 
3 2840 2833 2852 
3 2851 2828 2730 
3 2885 2782 2760 
3 2892 2834 2832 
3 2860 2835 2836 
3 2858 2804 2813 
3 2803 2830 2845 
3 2844 2825 2855 
3 2898 2829 2843 
3 2846 2842 2828 
3 2831 2845 2850 
3 2855 2824 2848 
3 2911 2847 2849 
4 2848 2824 2817 2871 
3 2852 2846 2851 
3 2850 2837 2856 
3 2836 2850 2856 
3 2866 2858 2813 
3 2970 2870 2810 
3 2927 2843 2847 
3 2852 2851 2857 
3 2863 2856 2791 
3 2864 2841 2853 
3 2888 2788 2879 
3 2893 2785 2840 
3 2864 2863 2818 
3 2890 2816 2800 
3 2868 2857 2861 
3 2874 2861 2858 
3 2907 2348 2872 
3 2883 2853 2867 
3 2882 2866 2821 
3 2886 2863 2874 
3 2900 2119 2921 
3 2928 1006 2854 
3 2849 2820 2903 
3 2887 2865 2304 
3 2895 2814 2878 
3 2868 2864 2884 
3 2902 2822 2792 
3 2912 2281 2827 
3 1639 2900 2988 
3 2873 2829 2881 
3 2859 2834 2909 
3 2899 2819 2888 
3 2916 2878 2898 
3 2883 2867 2895 
3 2884 2866 2882 
3 2924 2874 2883 
4 2894 2778 2838 2790 
3 2904 2897 2868 
3 2938 2907 2872 
3 2880 2859 2909 
3 2918 2891 2823 
3 2908 2862 2891 
3 2915 2890 2889 
3 2910 2839 2832 
3 2894 2860 2897 
3 2917 2885 2893 
3 2925 2882 2873 
3 2901 2826 2899 
3 2893 2886 2904 
3 2881 2844 2935 
3 2896 2880 2913 
3 2877 2869 2958 
3 2923 2896 2922 
3 2918 2875 2923 
3 2914 2871 2931 
3 2897 2886 2929 
3 2970 2810 2906 
3 2980 2905 2811 
3 2921 2865 2887 
3 2912 2684 2890 
3 2888 2879 2910 
3 2913 2909 2892 
3 2927 2848 2914 
3 2938 2876 2908 
3 2899 2910 2917 
3 2967 2911 2903 
3 2938 2891 2918 
3 2951 2941 2881 
3 2919 2913 2894 
4 2937 2915 2889 2902 
3 2922 2917 2920 
3 2919 2936 2948 
3 2958 2869 2907 
3 2926 2901 2919 
3 2902 2901 2933 
3 2930 2929 2884 
3 2943 2895 2941 
3 2934 2922 2947 
3 2935 2855 2911 
3 2940 2870 2970 
3 2904 2924 2932 
3 2932 2924 2943 
3 2903 2805 2940 
3 2929 2930 2936 
3 2923 2934 2942 
3 2933 2926 2946 
3 2939 2898 2927 
3 2920 2932 2962 
3 2938 2918 2944 
5 2956 2887 2912 2915 2937 
3 2955 2935 2959 
4 2931 2763 2928 2980 
3 2979 2925 2916 
3 2944 2933 2950 
3 2963 2930 2925 
3 2945 2937 2942 
3 2956 2944 2968 
3 2949 2934 2953 
3 2952 2926 2948 
3 2947 2920 2962 
3 2950 2946 2965 
3 2942 2949 2954 
3 2984 2916 2955 
3 2953 2947 2966 
3 2946 2952 2965 
3 2961 2950 2957 
3 2951 2939 2972 
4 2958 2938 2945 2975 
3 2961 2954 2982 
4 2988 2900 2921 2956 
3 2939 2967 2960 
3 2959 2971 2972 
3 2968 2954 2957 
3 2948 2936 2963 
3 2964 2962 2943 
3 2973 2966 2963 
3 2949 2953 2979 
3 2973 2952 2964 
3 2959 2914 2969 
3 2974 2945 2961 
3 2971 2967 2976 
4 2980 2928 2854 2905 
3 2960 2969 2977 
3 2955 2960 2991 
3 2979 2966 2964 
3 2975 2968 2978 
3 2988 2956 2974 
3 2977 2969 2980 
3 2971 2976 2993 
3 2974 2982 2981 
4 2965 2973 2941 2983 
5 2989 2976 2940 2970 2906 
3 2985 2978 2990 
3 2978 2957 2983 
3 2982 2979 2984 
3 2983 2951 2986 
3 2988 2981 2994 
3 2987 2984 2991 
3 2998 2990 2986 
6 2877 2958 2975 2985 2992 2997 
2 2995 2980 
3 2981 2987 2998 
3 2986 2972 2993 
3 2988 2994 2997 
3 2991 2977 2995 
3 2992 2985 2997 
3 2996 2993 2989 
2 2999 2995 
4 2988 2992 2994 2999 
3 2990 2987 2999 
3 2997 2998 2996 
