80
0 352 946
1 408 2096
2 468 5040
3 484 1414
4 512 1520
5 566 2098
6 576 1630
7 672 1038
8 1074 5192
9 1154 5608
10 1232 1906
11 1910 360
12 2088 4502
13 2090 5168
14 2284 3408
15 2432 5712
16 2444 5178
17 2730 844
18 2750 4856
19 3032 3720
20 3122 4664
21 3548 48
22 3662 1600
23 3784 3852
24 3846 2032
25 4378 3820
26 4406 4868
27 4440 3228
28 4450 4246
29 4462 2468
30 4502 44
31 4746 4388
32 4786 4006
33 4938 2388
34 5018 4632
35 5200 4438
36 5410 2618
37 5422 4470
38 5564 4078
39 5608 2664
40 5644 4788
41 5772 4788
42 5836 1156
43 5972 3706
44 6006 7184
45 6102 3066
46 6124 2774
47 6252 2396
48 6274 2346
49 6304 7082
50 6416 4880
51 6484 2876
52 6558 2564
53 6678 4592
54 6680 2342
55 6684 6332
56 6756 1734
57 6776 1962
58 6966 5850
59 7054 1914
60 7120 2006
61 7300 3188
62 7890 3116
63 7916 1240
64 7974 4982
65 8022 4350
66 8316 3968
67 8430 3662
68 8444 2396
69 8460 4868
70 8500 4354
71 8704 4444
72 8716 3476
73 9006 4176
74 9896 2916
75 11236 3774
76 11766 972
77 11978 6008
78 12108 1406
79 12290 3922
5 7 3 1 2 11 
3 5 2 0 
4 8 9 0 1 
3 4 0 7 
3 6 5 3 
3 13 1 4 
3 10 12 4 
3 3 0 17 
3 15 2 13 
2 44 2 
3 24 14 6 
2 0 21 
3 13 6 14 
4 16 8 5 12 
3 19 12 10 
4 44 8 16 26 
3 15 13 18 
3 22 7 21 
3 16 19 20 
3 23 18 14 
3 18 23 28 
6 42 48 47 17 11 30 
3 33 24 17 
3 20 19 25 
3 29 10 22 
3 32 23 27 
3 15 31 34 
3 25 29 36 
3 31 20 32 
3 27 24 33 
3 76 63 21 
3 35 26 28 
3 38 28 25 
3 36 29 22 
3 40 26 37 
3 37 31 38 
3 39 27 33 
3 53 34 35 
3 35 32 43 
3 46 45 36 
3 41 55 34 
3 50 40 53 
3 68 56 21 
3 65 38 45 
4 9 15 49 77 
3 66 43 39 
3 51 39 47 
3 46 21 48 
3 52 47 21 
3 44 55 77 
3 64 58 41 
3 61 46 52 
3 51 48 54 
3 41 37 65 
3 62 52 57 
3 49 40 58 
3 59 57 42 
3 60 54 56 
3 55 50 64 
3 68 60 56 
3 75 57 59 
3 67 51 62 
3 72 61 54 
3 74 30 76 
3 58 50 69 
3 70 53 43 
3 70 45 67 
4 73 66 61 72 
3 74 59 42 
3 77 64 71 
3 71 65 66 
3 69 70 73 
3 75 67 62 
3 77 71 67 
3 75 68 63 
4 79 72 60 74 
3 78 63 30 
5 44 49 69 73 79 
2 79 76 
3 77 75 78 
