60
0 272 5184
1 1088 5238
2 1168 5556
3 1188 210
4 1222 1892
5 1442 1196
6 2396 5282
7 2526 1808
8 2698 502
9 2926 1100
10 2998 5046
11 3642 4012
12 3958 6160
13 3994 4558
14 4036 4508
15 4098 208
16 4714 4630
17 4722 5022
18 4802 2734
19 4814 3094
20 4838 5042
21 4976 2240
22 5124 3232
23 5284 2754
24 5324 238
25 5638 4376
26 5652 4264
27 5802 2930
28 6182 2170
29 6210 7172
30 6462 3010
31 6544 2784
32 6560 4980
33 6676 6544
34 6716 1758
35 6998 1718
36 7008 2968
37 7024 6346
38 7252 1914
39 7616 6254
40 7946 3640
41 8092 4964
42 8176 1326
43 8482 5148
44 8574 5150
45 8584 4268
46 8654 4248
47 8818 1152
48 8908 2630
49 8982 4148
50 9078 2648
51 9268 4916
52 9276 922
53 9370 3788
54 10444 1834
55 10492 2650
56 10818 1410
57 10914 1218
58 11752 5140
59 11866 1426
4 1 2 3 4 
3 6 12 0 
2 29 0 
5 8 5 4 0 15 
3 0 3 5 
3 7 4 3 
4 12 1 11 10 
3 11 5 9 
5 42 34 21 9 3 
3 18 7 8 
3 6 13 17 
4 14 6 7 19 
3 29 1 6 
3 16 10 14 
3 13 11 22 
3 24 47 3 
3 17 13 26 
3 20 10 16 
3 23 19 9 
3 22 11 18 
3 33 17 25 
3 23 8 28 
3 14 19 27 
3 27 18 21 
2 52 15 
3 32 20 26 
3 25 16 30 
3 22 23 31 
3 31 21 34 
6 2 12 33 37 39 58 
3 26 31 36 
4 30 27 28 38 
3 33 25 45 
4 29 20 32 41 
3 28 8 35 
3 38 34 42 
3 40 30 48 
3 29 41 43 
3 48 31 35 
3 29 44 58 
3 45 36 50 
3 37 33 46 
3 35 8 47 
3 44 37 49 
3 39 43 51 
3 32 40 46 
3 41 45 49 
3 56 42 15 
3 50 36 38 
3 43 46 53 
3 40 48 54 
3 58 44 53 
2 57 24 
3 51 49 55 
3 55 50 56 
3 53 54 59 
3 59 54 47 
2 59 52 
4 29 39 51 59 
4 58 55 56 57 
