45
0 1196 668
1 1238 1886
2 1360 576
3 1414 86
4 2018 6504
5 2380 3280
6 2860 1030
7 2880 4632
8 3042 4866
9 3328 2428
10 3408 1658
11 3486 4394
12 3936 1804
13 4046 230
14 4200 96
15 4348 4228
16 4518 4758
17 4758 4358
18 4856 4004
19 4908 3650
20 5352 2740
21 5742 3750
22 5862 3436
23 6188 2644
24 6762 6004
25 6792 1662
26 7706 3698
27 7816 4402
28 7856 5460
29 8014 866
30 8082 2342
31 8160 3118
32 8702 5498
33 8966 4604
34 9150 4354
35 9156 4096
36 9402 4464
37 9570 4628
38 9760 4582
39 10128 608
40 10136 636
41 10514 3178
42 10662 4836
43 10840 2670
44 11062 3210
3 1 3 2 
3 5 4 0 
3 6 0 3 
3 14 2 0 
6 1 7 8 16 28 24 
3 7 1 9 
3 10 2 13 
3 8 4 5 
3 4 7 11 
3 11 5 10 
3 12 9 6 
3 8 9 15 
3 20 10 25 
3 29 6 14 
3 39 13 3 
3 17 11 19 
3 4 17 26 
4 16 15 18 21 
3 17 19 22 
3 18 15 20 
3 19 12 23 
3 17 22 30 
3 21 18 23 
3 22 20 25 
2 4 32 
3 23 12 29 
3 27 16 31 
3 33 28 26 
3 32 4 27 
4 30 25 13 40 
3 31 21 29 
3 35 26 30 
5 24 28 33 37 42 
3 32 27 34 
3 36 33 35 
3 34 31 40 
3 37 34 41 
3 32 36 38 
3 42 37 41 
3 44 40 14 
4 43 35 29 39 
3 38 36 43 
3 32 38 44 
3 44 41 40 
3 42 43 39 
