400
0 804 242
1 766 318
2 2004 338
3 1644 374
4 2018 392
5 5004 398
6 1500 406
7 1438 434
8 880 550
9 760 592
10 1408 648
11 1562 728
12 832 776
13 1558 990
14 5192 1106
15 390 1174
16 222 1254
17 5576 1282
18 1192 1312
19 5592 1336
20 1916 1342
21 1952 1354
22 4274 1486
23 5926 1592
24 1674 1598
25 5902 1650
26 6066 1734
27 1384 1760
28 4702 1844
29 2208 1860
30 1296 1862
31 1414 1866
32 1330 1906
33 4320 1930
34 5292 1954
35 5988 2020
36 952 2026
37 6490 2040
38 5974 2080
39 5332 2088
40 2160 2136
41 4682 2144
42 2174 2146
43 1888 2152
44 5872 2202
45 2070 2206
46 4622 2210
47 5030 2270
48 596 2336
49 4604 2336
50 416 2354
51 5236 2354
52 2162 2396
53 412 2470
54 3658 2476
55 406 2500
56 752 2514
57 622 2626
58 5568 2636
59 684 2666
60 5106 2686
61 5228 2686
62 4648 2698
63 1674 2746
64 1030 2760
65 2612 2780
66 914 2816
67 4600 2842
68 694 2862
69 1078 2882
70 4816 2912
71 4604 2924
72 1176 2968
73 2292 2990
74 844 3034
75 4640 3040
76 4688 3094
77 1568 3252
78 4772 3252
79 4132 3372
80 3488 3384
81 1544 3428
82 880 3442
83 2300 3456
84 1632 3560
85 3788 3618
86 3750 3636
87 3720 3662
88 3908 3704
89 7034 3720
90 4488 3732
91 3868 3806
92 4372 3824
93 194 3830
94 3962 3866
95 30 3872
96 3902 3884
97 4058 3884
98 152 3910
99 2972 3918
100 3876 3938
101 2188 3958
102 4482 3962
103 4516 3978
104 132 3988
105 4254 4008
106 4430 4008
107 4456 4062
108 4314 4158
109 4470 4160
110 4264 4206
111 3982 4208
112 4280 4224
113 4554 4226
114 4506 4250
115 4744 4266
116 4526 4272
117 3194 4302
118 3986 4310
119 4714 4314
120 4318 4324
121 3534 4332
122 4732 4338
123 4870 4362
124 2936 4364
125 4512 4378
126 4564 4388
127 4576 4392
128 3260 4398
129 2930 4444
130 4522 4456
131 4482 4470
132 4990 4498
133 2886 4502
134 4706 4522
135 7166 4528
136 2212 4534
137 3838 4538
138 7000 4578
139 3052 4588
140 4462 4606
141 72 4622
142 5064 4632
143 3382 4666
144 4610 4668
145 4572 4698
146 4798 4702
147 4746 4736
148 3904 4754
149 6880 4758
150 3226 4774
151 3574 4792
152 4786 4806
153 2310 4808
154 2962 4826
155 3838 4860
156 3770 4940
157 2848 4966
158 3186 4998
159 2980 5010
160 4568 5054
161 5190 5064
162 4884 5072
163 3562 5096
164 4556 5112
165 3524 5116
166 2270 5126
167 4222 5138
168 2320 5146
169 4088 5154
170 4186 5182
171 4794 5226
172 3750 5228
173 2654 5292
174 3870 5336
175 2642 5416
176 5056 5416
177 4054 5418
178 2616 5442
179 2756 5448
180 4076 5460
181 3436 5490
182 3442 5490
183 2740 5498
184 3324 5498
185 2830 5508
186 3982 5518
187 6680 5536
188 3702 5552
189 4258 5568
190 2690 5574
191 4254 5582
192 4844 5594
193 4716 5606
194 2886 5612
195 5118 5618
196 4206 5620
197 3964 5656
198 2844 5674
199 3554 5690
200 4868 5722
201 1614 5744
202 3956 5752
203 5070 5776
204 2496 5798
205 3052 5812
206 6870 5822
207 2940 5830
208 2808 5850
209 2748 5866
210 6930 5890
211 2782 5948
212 7138 5956
213 2728 6044
214 3808 6070
215 2860 6088
216 2842 6104
217 2302 6180
218 160 6182
219 4928 6224
220 4484 6230
221 2314 6236
222 2306 6260
223 2612 6262
224 3684 6270
225 252 6328
226 2630 6330
227 2600 6334
228 5396 6354
229 2518 6378
230 2902 6398
231 3368 6406
232 2662 6452
233 3170 6456
234 2650 6510
235 2716 6544
236 6546 6600
237 4542 6618
238 6004 6654
239 2130 6670
240 1718 6678
241 2554 6682
242 2528 6690
243 1718 6708
244 5928 6730
245 2054 6740
246 1862 6744
247 552 6760
248 1674 6788
249 4416 6790
250 3042 6798
251 1700 6802
252 2388 6828
253 474 6878
254 1788 6918
255 3058 6918
256 1718 6934
257 2240 6938
258 590 6962
259 2818 7058
260 2178 7090
261 1568 7128
262 3550 7134
263 1830 7202
264 4426 7208
265 6504 7248
266 1546 7266
267 326 7280
268 4900 7358
269 4370 7394
270 266 7540
271 4336 7552
272 6988 7554
273 1384 7584
274 4684 7598
275 3966 7696
276 4580 7698
277 6722 7706
278 4256 7748
279 5336 7748
280 4850 7750
281 4392 7770
282 772 7772
283 2330 7772
284 754 7792
285 3634 7850
286 2850 7854
287 4958 7878
288 3446 7884
289 2950 7888
290 3290 7920
291 1536 7922
292 4916 7994
293 4880 8004
294 6918 8016
295 1542 8032
296 3844 8056
297 4178 8064
298 920 8108
299 4402 8208
300 1378 8234
301 7164 8276
302 4772 8294
303 3784 8320
304 6960 8338
305 4074 8410
306 3274 8422
307 1176 8450
308 5498 8474
309 4158 8498
310 4570 8556
311 2648 8606
312 3514 8610
313 5292 8610
314 4214 8612
315 5516 8618
316 3416 8706
317 4144 8708
318 2816 8758
319 3084 8792
320 1422 8868
321 4734 8870
322 1684 8910
323 2766 8942
324 1084 8972
325 4210 9026
326 2638 9132
327 1978 9164
328 1924 9168
329 3480 9214
330 4838 9228
331 4846 9322
332 2892 9354
333 5352 9384
334 2630 9388
335 1780 9404
336 3046 9406
337 4498 9426
338 1406 9482
339 3472 9518
340 3350 9584
341 2364 9628
342 3764 9634
343 3896 9640
344 3782 9672
345 3306 9696
346 1274 9714
347 1494 9782
348 1630 9792
349 1012 9860
350 710 9930
351 5158 9946
352 5954 9998
353 2242 10000
354 712 10010
355 2672 10016
356 698 10048
357 724 10068
358 3120 10142
359 4154 10212
360 4132 10216
361 670 10260
362 3330 10296
363 4860 10330
364 1812 10392
365 1540 10456
366 5608 10502
367 6354 10508
368 2900 10642
369 3574 10708
370 1458 10750
371 2590 10820
372 2584 10832
373 1942 10960
374 7116 10972
375 3592 10998
376 1034 11056
377 690 11140
378 2008 11176
379 2168 11264
380 4364 11270
381 5304 11306
382 1024 11440
383 1266 11554
384 1232 11710
385 1462 11756
386 7176 11884
387 7106 12010
388 1446 12074
389 4298 12102
390 1444 12154
391 546 12176
392 1402 12206
393 4312 12228
394 4346 12244
395 7126 12246
396 7066 12300
397 6606 12374
398 230 12426
399 716 12430
5 5 2 3 1 16 
5 6 8 9 16 0 
3 5 4 0 
3 4 6 0 
3 14 3 2 
5 37 17 14 2 0 
3 7 1 3 
3 10 8 6 
3 12 1 7 
3 12 15 1 
3 11 18 7 
3 22 13 10 
3 48 9 8 
3 20 27 11 
3 19 4 5 
3 50 16 9 
4 95 0 1 15 
3 23 19 5 
3 30 36 10 
3 25 14 17 
3 21 24 13 
3 33 29 20 
3 25 28 11 
3 37 26 17 
3 43 27 20 
3 26 22 19 
3 37 25 23 
4 31 32 13 24 
3 34 33 22 
3 46 40 21 
3 32 72 18 
3 63 77 27 
3 81 30 27 
3 41 21 28 
3 35 39 28 
3 37 38 34 
3 64 56 18 
5 89 35 26 23 5 
4 138 44 39 35 
3 47 34 38 
3 42 45 29 
3 47 46 33 
3 54 80 40 
3 45 101 24 
3 58 51 38 
3 52 43 40 
3 49 29 41 
3 51 41 39 
3 57 50 12 
3 62 54 46 
4 53 55 15 48 
3 60 47 44 
3 65 73 45 
4 247 93 55 50 
3 79 42 49 
3 98 50 53 
3 66 59 36 
3 59 258 48 
3 123 61 44 
3 68 57 56 
3 61 70 51 
3 78 60 58 
3 70 67 49 
3 136 84 31 
3 69 66 36 
3 87 99 52 
3 74 56 64 
3 71 79 62 
3 74 284 59 
3 72 248 64 
3 76 62 60 
3 75 94 67 
3 201 69 30 
4 133 83 101 52 
3 82 68 66 
3 76 90 71 
3 78 75 70 
3 84 81 31 
3 115 76 61 
3 88 54 67 
3 85 86 42 
3 201 32 77 
3 273 282 74 
3 173 153 73 
3 240 77 63 
3 88 86 80 
3 87 80 85 
3 91 65 86 
3 91 85 79 
2 135 37 
3 103 92 75 
3 96 87 88 
3 102 97 90 
3 253 98 53 
3 97 96 71 
5 104 225 141 398 16 
3 100 91 94 
3 105 94 92 
3 104 55 93 
3 117 124 65 
3 111 121 96 
3 136 43 73 
3 103 106 92 
3 119 102 90 
3 225 95 98 
3 106 108 97 
3 107 105 102 
3 113 109 106 
3 109 110 105 
3 114 108 107 
3 112 111 108 
3 118 100 110 
3 114 120 110 
3 119 116 107 
3 116 112 109 
3 123 122 78 
3 126 114 113 
3 128 139 99 
3 120 137 111 
4 122 127 113 103 
3 125 118 112 
3 143 128 100 
3 134 119 115 
3 132 115 58 
3 129 133 99 
3 126 131 120 
3 127 125 116 
3 130 126 119 
3 150 117 121 
3 139 157 124 
3 140 131 127 
3 148 125 130 
3 149 142 123 
3 173 73 124 
3 146 144 122 
5 386 301 212 138 89 
3 166 63 101 
3 148 151 118 
3 149 38 135 
3 154 129 117 
3 145 167 130 
3 218 398 95 
3 187 146 132 
3 151 150 121 
3 147 145 134 
3 160 140 144 
3 147 134 142 
3 152 144 146 
3 155 137 131 
3 187 132 138 
3 158 128 143 
3 165 143 137 
3 161 162 147 
3 168 166 83 
3 159 157 139 
3 169 156 148 
3 172 163 155 
4 185 179 129 154 
3 184 159 150 
3 194 154 158 
3 171 164 145 
3 206 176 152 
3 176 171 152 
3 172 165 156 
3 193 167 160 
3 181 151 163 
3 217 136 153 
3 170 140 164 
3 178 221 153 
3 170 177 155 
3 189 169 167 
3 192 160 162 
3 174 163 156 
3 175 83 133 
3 177 182 172 
3 190 178 173 
3 195 162 161 
3 180 174 169 
3 204 168 175 
3 209 183 157 
3 196 186 177 
3 182 184 165 
3 188 181 174 
3 223 190 179 
3 194 158 181 
3 198 209 157 
3 197 188 180 
3 206 142 149 
3 199 182 186 
3 220 191 170 
3 223 175 183 
3 237 196 189 
3 200 193 171 
3 220 164 192 
3 198 159 184 
3 238 203 176 
3 249 180 191 
3 202 199 186 
3 208 185 194 
3 205 188 197 
3 203 219 192 
3 251 72 81 
3 249 214 197 
3 228 200 195 
3 229 221 178 
3 233 207 199 
3 210 161 187 
3 215 208 205 
3 211 198 207 
3 213 179 185 
3 212 236 206 
3 216 213 208 
4 374 272 210 135 
3 226 209 211 
3 264 224 202 
3 230 216 207 
3 232 211 215 
3 222 239 166 
3 270 398 141 
3 228 268 200 
3 237 189 193 
3 222 168 204 
3 257 217 221 
3 227 190 183 
3 269 231 214 
3 267 95 104 
3 232 227 213 
3 229 223 226 
3 244 219 203 
3 242 204 227 
3 250 235 215 
3 262 233 224 
3 234 226 216 
3 250 205 231 
3 235 241 232 
3 259 234 230 
3 265 238 210 
3 280 191 220 
3 244 195 236 
3 260 245 217 
3 246 243 84 
3 283 242 234 
3 252 229 241 
2 256 240 
3 279 228 238 
3 263 246 239 
3 254 240 245 
3 258 253 53 
3 251 261 69 
3 274 202 196 
3 255 230 233 
3 256 248 201 
3 328 257 242 
3 267 93 247 
3 263 256 246 
3 288 259 250 
4 295 251 243 254 
3 260 222 252 
3 361 247 57 
3 286 235 255 
3 335 239 257 
3 266 273 248 
3 275 285 231 
3 322 254 245 
3 274 276 214 
3 277 308 236 
3 291 300 261 
3 270 225 253 
3 287 280 219 
3 276 271 224 
3 398 218 267 
3 281 278 269 
3 304 294 212 
3 307 82 261 
3 293 264 249 
3 278 296 262 
4 302 281 269 264 
3 294 367 265 
3 297 275 271 
3 308 287 244 
3 292 237 268 
3 299 271 276 
3 298 284 82 
3 311 327 241 
3 350 68 282 
3 296 288 262 
3 289 311 259 
3 292 268 279 
3 290 255 285 
3 290 318 286 
3 306 289 288 
3 295 300 266 
4 313 293 280 287 
3 302 274 292 
3 304 277 272 
3 320 291 256 
3 303 285 275 
3 299 305 278 
3 307 350 282 
3 310 297 281 
3 324 266 291 
3 386 374 135 
3 321 276 293 
3 305 312 296 
3 374 294 272 
3 309 303 297 
3 316 319 290 
3 324 298 273 
3 315 279 265 
3 310 314 305 
3 321 309 299 
3 326 283 286 
3 317 316 303 
3 315 333 292 
3 331 317 309 
3 352 313 308 
3 329 306 312 
3 325 312 314 
3 319 323 289 
3 336 318 306 
3 338 349 295 
3 330 310 302 
3 348 347 263 
3 332 326 318 
3 354 307 300 
3 337 329 317 
3 334 311 323 
3 341 328 283 
3 335 252 327 
3 339 316 325 
3 333 331 321 
3 351 314 330 
3 336 355 323 
3 352 330 313 
3 355 341 326 
3 348 260 328 
3 340 332 319 
3 351 343 325 
3 347 346 320 
3 342 340 329 
3 345 336 339 
3 353 327 334 
3 343 344 339 
3 363 342 337 
3 359 345 342 
3 358 340 344 
3 376 349 338 
3 370 338 322 
3 365 322 335 
3 357 320 346 
3 356 284 298 
3 366 337 331 
3 367 333 315 
3 373 364 341 
3 357 356 324 
3 371 334 332 
3 361 350 354 
3 377 354 349 
3 362 371 345 
3 363 360 344 
3 381 362 359 
3 391 258 356 
4 369 368 358 360 
3 366 359 343 
3 385 365 353 
3 370 348 364 
3 387 363 351 
3 387 352 277 
3 375 372 362 
3 380 375 362 
3 383 347 365 
3 372 355 358 
3 379 371 368 
3 378 388 353 
4 387 304 212 301 
3 389 368 369 
3 382 377 346 
3 391 357 376 
3 379 390 373 
3 390 378 372 
3 381 389 369 
3 387 380 360 
3 383 391 376 
3 384 382 370 
3 385 391 383 
3 388 384 364 
3 395 301 135 
5 395 381 366 367 374 
3 392 385 373 
3 393 375 380 
3 392 378 379 
5 398 361 377 382 384 
4 393 398 388 390 
3 394 392 389 
3 396 399 393 
3 396 387 386 
3 397 394 395 
2 399 396 
7 399 95 141 218 270 391 392 
3 398 394 397 
