70
0 262 1020
1 426 950
2 1198 5584
3 1504 4732
4 1510 4704
5 1552 1710
6 1650 5848
7 2180 5268
8 2256 4982
9 2582 5182
10 2746 2640
11 2842 3432
12 3042 4708
13 3610 4012
14 3686 3872
15 3786 4008
16 4082 4392
17 4374 4854
18 4422 4844
19 4428 4866
20 4550 4692
21 4560 2880
22 4758 3360
23 5024 5006
24 5056 3250
25 5182 3534
26 5268 3968
27 5448 2402
28 5566 4818
29 5648 3774
30 5674 2732
31 5860 5550
32 5872 5936
33 5964 6302
34 6038 3030
35 6420 2612
36 6466 3780
37 6734 4486
38 6750 2978
39 6932 2232
40 7216 2958
41 7304 1498
42 7332 3610
43 7386 2852
44 7404 400
45 7440 646
46 7782 3568
47 7936 2958
48 8268 6872
49 8292 1348
50 8314 1336
51 8560 6984
52 8676 3464
53 8706 5372
54 8868 4328
55 8890 4068
56 9202 4822
57 9222 5392
58 9336 4592
59 9408 1582
60 9408 4332
61 9562 2906
62 9692 3636
63 10060 2974
64 10118 4814
65 10134 2500
66 10206 2234
67 11400 1120
68 11624 1546
69 12048 728
6 27 5 11 4 2 1 
2 0 44 
3 6 0 3 
3 7 2 4 
3 8 3 0 
3 21 10 0 
4 33 51 2 7 
3 6 3 9 
3 9 4 12 
3 32 7 8 
3 22 14 5 
3 13 12 0 
3 17 8 11 
3 17 11 15 
3 26 15 10 
3 16 13 14 
3 20 18 15 
3 19 12 13 
3 19 16 20 
3 23 17 18 
3 18 16 26 
3 24 5 30 
3 25 10 24 
3 31 19 28 
3 22 21 34 
3 42 29 22 
3 20 14 29 
3 35 30 0 
3 23 36 37 
3 36 26 25 
3 34 21 27 
3 32 23 53 
3 33 9 31 
3 48 6 32 
3 24 30 38 
3 38 27 39 
4 37 28 29 42 
3 53 28 36 
3 34 35 40 
3 35 41 49 
3 46 38 43 
3 39 45 49 
3 36 25 46 
3 47 40 59 
3 69 45 1 
3 50 41 44 
3 54 42 40 
3 52 43 66 
3 51 33 57 
3 39 41 50 
3 59 49 45 
3 6 48 64 
3 55 47 61 
3 57 31 37 
3 56 46 55 
3 60 54 52 
3 57 54 58 
4 48 53 56 64 
3 56 60 68 
3 43 50 67 
3 58 55 62 
3 62 52 65 
3 60 61 63 
3 62 65 68 
4 51 57 68 69 
3 63 61 66 
3 65 47 67 
3 66 59 69 
4 64 58 63 69 
4 64 68 67 44 
