700
0 26 4864
1 240 878
2 294 1102
3 304 870
4 318 2166
5 352 1100
6 360 1076
7 370 1704
8 372 1162
9 382 902
10 398 970
11 398 980
12 412 1174
13 412 1348
14 420 1404
15 420 1574
16 430 350
17 432 5492
18 438 5490
19 440 1656
20 442 1234
21 464 1456
22 496 1414
23 504 4752
24 512 1040
25 622 1118
26 640 5218
27 656 1414
28 680 5150
29 788 2296
30 848 1646
31 1034 1110
32 1048 5624
33 1054 5686
34 1120 5426
35 1134 5210
36 1154 418
37 1174 5576
38 1180 272
39 1196 5552
40 1236 1526
41 1238 5658
42 1242 892
43 1268 2184
44 1268 5616
45 1302 1638
46 1304 2220
47 1522 4706
48 1526 370
49 1554 4324
50 1576 198
51 1600 5902
52 1634 5844
53 1648 3716
54 1672 5976
55 1690 394
56 1698 4750
57 1704 476
58 1784 5896
59 1790 1168
60 1810 4532
61 1858 5980
62 1864 4726
63 1866 970
64 1874 1280
65 1876 1472
66 1878 1378
67 1898 4660
68 1902 1924
69 1922 1292
70 1964 3834
71 2044 4632
72 2050 5992
73 2082 5174
74 2094 5324
75 2104 2000
76 2160 2088
77 2164 5306
78 2178 5226
79 2188 1934
80 2212 2150
81 2240 1910
82 2268 4956
83 2270 402
84 2298 2102
85 2306 2006
86 2310 4636
87 2324 4860
88 2350 4610
89 2364 6346
90 2382 4928
91 2388 3788
92 2388 5226
93 2390 2162
94 2398 4606
95 2416 1882
96 2458 1898
97 2466 2002
98 2470 5300
99 2484 2182
100 2486 5358
101 2492 5202
102 2496 1852
103 2496 5330
104 2502 5020
105 2510 1806
106 2516 5372
107 2528 5502
108 2536 5222
109 2544 3346
110 2546 4050
111 2548 5564
112 2550 614
113 2554 2270
114 2562 2288
115 2586 5222
116 2588 5246
117 2614 5104
118 2628 5364
119 2646 2902
120 2646 5252
121 2652 3632
122 2656 5384
123 2668 534
124 2714 2584
125 2734 4878
126 2736 4534
127 2742 482
128 2742 1686
129 2750 4868
130 2756 4680
131 2764 4638
132 2770 866
133 2804 5278
134 2814 4612
135 2818 1000
136 2826 4634
137 2830 2552
138 2832 4738
139 2838 912
140 2854 2594
141 2862 1088
142 2864 5270
143 2870 2740
144 2872 5338
145 2878 4774
146 2938 4762
147 2950 4544
148 2952 4608
149 3006 1652
150 3040 1354
151 3066 3598
152 3076 4916
153 3080 4638
154 3120 1330
155 3122 1760
156 3128 4824
157 3162 4146
158 3254 1648
159 3338 1520
160 3368 50
161 3378 4104
162 3384 3440
163 3384 4980
164 3394 2218
165 3402 2226
166 3406 3974
167 3436 4118
168 3462 1554
169 3500 2168
170 3502 4420
171 3532 2470
172 3538 3990
173 3544 1574
174 3558 2350
175 3570 4494
176 3576 3890
177 3580 168
178 3592 3962
179 3626 1664
180 3668 78
181 3670 3868
182 3670 4416
183 3674 76
184 3674 2624
185 3690 1670
186 3704 3856
187 3718 3752
188 3722 1796
189 3736 1860
190 3740 2698
191 3746 3890
192 3770 3808
193 3774 4384
194 3820 3930
195 3830 4434
196 3838 4270
197 3858 3868
198 3866 4350
199 3878 198
200 3878 4336
201 3880 2016
202 3884 180
203 3902 2248
204 3914 174
205 3946 4264
206 3966 4526
207 3966 6124
208 3972 212
209 3976 4424
210 3978 172
211 4000 3562
212 4012 4016
213 4036 4426
214 4074 4296
215 4078 144
216 4128 4402
217 4138 164
218 4138 4352
219 4158 4402
220 4214 2444
221 4216 246
222 4216 4376
223 4222 4492
224 4232 2438
225 4254 3256
226 4268 260
227 4278 4410
228 4282 2820
229 4288 4640
230 4302 4426
231 4306 4572
232 4310 4552
233 4344 4822
234 4370 4868
235 4376 4146
236 4388 4164
237 4388 4472
238 4392 2334
239 4414 5084
240 4416 2556
241 4422 4998
242 4430 4806
243 4434 3288
244 4436 3100
245 4446 3072
246 4450 4852
247 4458 4532
248 4462 4948
249 4470 4942
250 4508 4890
251 4518 2474
252 4522 4622
253 4524 2210
254 4526 4552
255 4532 4818
256 4550 2420
257 4550 4466
258 4574 4358
259 4576 2924
260 4614 3378
261 4628 4666
262 4636 4390
263 4646 7130
264 4654 4392
265 4662 14
266 4668 4650
267 4672 2914
268 4672 4656
269 4692 6866
270 4694 6816
271 4708 4858
272 4710 4388
273 4712 4582
274 4716 4842
275 4754 4680
276 4764 6952
277 4768 2376
278 4772 2910
279 4784 4784
280 4790 4030
281 4792 3984
282 4796 4384
283 4808 2992
284 4816 4096
285 4842 3384
286 4850 3812
287 4876 3906
288 4876 3932
289 4878 4612
290 4886 2930
291 4908 4098
292 4930 3668
293 4934 5176
294 4954 2412
295 4974 2510
296 4988 3966
297 4990 102
298 4992 4584
299 5032 4520
300 5036 4576
301 5068 4190
302 5076 3202
303 5082 2268
304 5100 246
305 5108 4556
306 5118 3548
307 5130 4632
308 5138 3522
309 5154 4682
310 5156 3610
311 5194 3546
312 5202 3912
313 5230 4606
314 5248 2328
315 5272 212
316 5278 2788
317 5294 3998
318 5304 2592
319 5346 4128
320 5376 2708
321 5376 2846
322 5390 82
323 5394 4464
324 5426 6646
325 5436 3996
326 5438 6656
327 5458 3802
328 5458 3860
329 5472 6658
330 5478 2450
331 5480 4052
332 5506 2996
333 5510 4202
334 5530 3310
335 5558 2704
336 5558 4360
337 5562 2836
338 5566 4136
339 5574 1398
340 5576 4214
341 5582 4762
342 5604 2656
343 5636 2902
344 5644 3850
345 5650 2614
346 5664 1044
347 5674 2684
348 5698 3786
349 5704 1026
350 5718 6838
351 5736 2938
352 5756 2992
353 5770 982
354 5776 7066
355 5778 3814
356 5790 2914
357 5822 6082
358 5824 2846
359 5838 5860
360 5868 4448
361 5872 2712
362 5904 2736
363 5938 5128
364 5954 380
365 5956 4740
366 5960 2888
367 5992 6304
368 5994 2642
369 5994 4704
370 6006 3698
371 6020 2542
372 6028 2628
373 6040 2680
374 6062 2362
375 6066 2360
376 6074 6926
377 6078 2626
378 6080 2844
379 6096 210
380 6100 2870
381 6108 7036
382 6124 4848
383 6130 2290
384 6134 7146
385 6142 2622
386 6144 2590
387 6152 3772
388 6166 2638
389 6184 5720
390 6186 7194
391 6194 4104
392 6196 2964
393 6202 7008
394 6216 3968
395 6232 3668
396 6246 2672
397 6250 4936
398 6272 6978
399 6300 2624
400 6338 6966
401 6350 2346
402 6384 4036
403 6396 3118
404 6406 4894
405 6412 3380
406 6438 3562
407 6440 5360
408 6444 2348
409 6466 2762
410 6494 4410
411 6508 2904
412 6512 3692
413 6536 2490
414 6540 1818
415 6550 6622
416 6558 6606
417 6562 2956
418 6612 2822
419 6630 3558
420 6640 5144
421 6668 4794
422 6670 2218
423 6670 2372
424 6686 1724
425 6690 2828
426 6704 2076
427 6726 4462
428 6754 1748
429 6774 2404
430 6786 2860
431 6790 2300
432 6808 1642
433 6832 4360
434 6868 1618
435 6868 4976
436 6870 4452
437 6872 4762
438 6878 2186
439 6878 6940
440 6884 4488
441 6908 5366
442 6934 1596
443 6942 4512
444 6944 1640
445 6954 5004
446 6960 4914
447 6976 2964
448 6976 5938
449 6986 638
450 7022 6534
451 7028 6538
452 7044 2262
453 7064 620
454 7070 1704
455 7104 4534
456 7110 1944
457 7130 4360
458 7148 1990
459 7230 2718
460 7236 1544
461 7240 5122
462 7246 1928
463 7246 3064
464 7272 1506
465 7288 4320
466 7300 4656
467 7332 1526
468 7344 246
469 7354 1444
470 7360 1526
471 7360 3650
472 7362 1442
473 7378 1410
474 7384 496
475 7384 1574
476 7404 5016
477 7446 4208
478 7474 316
479 7492 1380
480 7498 6494
481 7500 1494
482 7504 456
483 7540 1504
484 7544 4242
485 7548 484
486 7560 6968
487 7568 6982
488 7580 2492
489 7584 4696
490 7596 662
491 7600 5024
492 7604 1712
493 7624 3926
494 7676 1312
495 7686 2946
496 7688 2898
497 7756 1528
498 7766 694
499 7782 2294
500 7796 4884
501 7834 604
502 7836 4546
503 7846 3346
504 7852 3712
505 7868 4712
506 7892 6882
507 7928 3644
508 7940 1136
509 7964 1446
510 7978 4206
511 7982 4050
512 8020 5150
513 8024 1464
514 8028 936
515 8042 4904
516 8044 1540
517 8066 4878
518 8076 5100
519 8100 1500
520 8100 1520
521 8104 4520
522 8110 4510
523 8116 4442
524 8152 3554
525 8154 1490
526 8166 2654
527 8192 4484
528 8198 1472
529 8202 4074
530 8222 4038
531 8276 1358
532 8326 5592
533 8354 2852
534 8358 1406
535 8362 7078
536 8374 2420
537 8382 1382
538 8382 4042
539 8382 5342
540 8388 4998
541 8396 1282
542 8402 4078
543 8444 5506
544 8448 5392
545 8458 3018
546 8462 3908
547 8470 4222
548 8488 1142
549 8520 4352
550 8526 3342
551 8554 5352
552 8580 2860
553 8608 1932
554 8644 4330
555 8710 4194
556 8718 3434
557 8722 2858
558 8722 3406
559 8760 4318
560 8768 1900
561 8790 2430
562 8802 4192
563 8808 4530
564 8828 4330
565 8830 3128
566 8838 1604
567 8864 3486
568 8876 4976
569 8892 4236
570 8898 4634
571 8922 4620
572 8922 4622
573 8932 2828
574 8940 1604
575 8942 1566
576 8950 4144
577 8960 4176
578 8970 1594
579 8976 1420
580 9046 4216
581 9074 4864
582 9076 4434
583 9116 1024
584 9118 3538
585 9134 4468
586 9156 5606
587 9216 2322
588 9224 5392
589 9228 4974
590 9240 4886
591 9272 520
592 9272 2594
593 9276 1780
594 9282 4890
595 9298 3246
596 9340 2230
597 9342 2918
598 9356 2470
599 9364 4110
600 9378 3050
601 9414 1826
602 9504 3606
603 9514 642
604 9528 1278
605 9612 3720
606 9628 2434
607 9650 5576
608 9720 880
609 9722 2604
610 9808 572
611 9824 518
612 9840 1706
613 9844 1566
614 9856 1396
615 9886 882
616 9984 2036
617 10056 4660
618 10064 604
619 10070 1520
620 10140 3170
621 10140 5674
622 10174 4142
623 10180 532
624 10246 6308
625 10372 3494
626 10416 2526
627 10424 1992
628 10436 2652
629 10458 2600
630 10518 2788
631 10542 2220
632 10594 1688
633 10634 2920
634 10662 2554
635 10664 5846
636 10670 5240
637 10780 3462
638 10796 2794
639 10804 2744
640 10858 2550
641 10972 3806
642 11006 698
643 11016 2770
644 11086 622
645 11104 834
646 11182 736
647 11182 1362
648 11252 932
649 11288 5884
650 11312 362
651 11328 5380
652 11344 608
653 11400 670
654 11436 1522
655 11442 1170
656 11490 1206
657 11506 552
658 11550 7098
659 11554 708
660 11564 7010
661 11612 3998
662 11634 212
663 11638 5848
664 11688 448
665 11702 788
666 11740 7148
667 11768 1252
668 11782 1450
669 11832 1076
670 11870 7086
671 11874 56
672 11902 7158
673 11924 1422
674 12024 7072
675 12064 5790
676 12068 734
677 12076 524
678 12112 4334
679 12124 7084
680 12140 4320
681 12162 536
682 12184 3096
683 12190 314
684 12202 1432
685 12260 534
686 12274 7144
687 12280 294
688 12286 4874
689 12366 264
690 12390 4648
691 12416 4302
692 12418 622
693 12444 1112
694 12530 1146
695 12544 426
696 12548 178
697 12602 604
698 12748 1212
699 12794 1132
3 17 1 4 
5 6 2 0 16 3 
3 4 1 5 
3 9 1 36 
3 0 2 7 
3 8 2 6 
3 5 1 11 
3 4 8 13 
3 12 7 5 
3 10 3 42 
3 31 11 9 
3 24 6 10 
4 20 13 8 25 
4 14 15 7 12 
3 21 19 13 
3 19 23 13 
3 1 50 38 
4 89 0 23 18 
3 33 17 26 
3 35 15 14 
3 27 22 12 
3 29 14 22 
3 43 21 20 
4 34 28 17 15 
3 81 25 11 
3 40 12 24 
3 32 18 28 
3 45 30 20 
3 37 26 23 
3 53 49 21 
3 68 43 27 
3 59 65 10 
3 41 33 26 
3 54 18 32 
3 39 23 35 
3 34 19 47 
3 3 38 48 
6 44 41 28 39 74 100 
3 36 16 50 
3 37 34 73 
3 79 45 25 
3 51 32 37 
3 63 9 57 
3 46 22 30 
3 52 37 106 
3 68 27 40 
3 70 43 76 
3 56 35 49 
3 55 36 180 
3 60 47 29 
3 38 16 160 
3 54 41 52 
3 58 51 44 
3 70 71 29 
4 61 89 33 51 
3 57 48 177 
3 73 47 62 
3 42 55 83 
3 61 52 107 
3 64 31 63 
3 71 67 49 
3 72 54 58 
3 82 56 67 
3 59 42 112 
3 69 66 59 
3 95 31 66 
3 105 65 64 
3 90 62 60 
3 75 30 45 
3 128 64 135 
3 86 53 46 
3 87 60 53 
3 269 61 111 
3 78 39 56 
3 37 78 77 
3 76 68 79 
3 80 46 75 
3 74 92 98 
3 92 74 73 
4 85 75 40 81 
3 91 76 84 
3 79 24 95 
3 104 101 62 
3 127 57 202 
3 93 80 85 
3 84 79 97 
3 87 70 88 
3 90 71 86 
3 86 91 94 
3 263 17 54 
3 104 67 87 
3 110 88 80 
3 77 78 101 
3 99 109 84 
3 131 88 126 
3 96 81 65 
3 97 95 102 
3 99 85 96 
3 103 77 108 
3 113 93 97 
3 106 37 103 
3 108 92 82 
3 164 96 105 
3 100 98 116 
3 117 82 90 
3 102 66 128 
3 44 100 118 
3 111 58 122 
3 115 98 101 
3 121 110 93 
3 126 91 109 
3 72 107 144 
3 132 63 123 
3 137 114 99 
3 124 119 113 
3 116 108 117 
3 120 103 115 
3 115 104 130 
3 122 106 120 
3 151 121 114 
3 118 116 125 
3 134 109 119 
3 107 118 133 
3 112 127 208 
3 143 166 114 
3 120 130 129 
3 134 94 110 
3 123 83 199 
3 105 69 149 
3 133 125 138 
3 125 117 131 
3 130 94 136 
3 139 135 112 
3 122 129 142 
3 136 126 121 
3 141 69 132 
4 138 131 134 147 
3 140 113 171 
3 145 129 136 
3 346 154 132 
3 190 143 137 
3 150 149 135 
3 144 133 145 
3 162 124 140 
3 207 111 142 
3 142 138 146 
3 152 145 148 
3 148 136 157 
3 153 146 147 
3 155 128 141 
3 158 155 141 
3 161 157 119 
3 207 146 156 
3 156 148 170 
3 159 158 139 
3 164 149 150 
3 163 152 153 
3 147 151 161 
3 169 150 154 
3 168 203 154 
3 183 50 265 
3 167 157 151 
3 187 176 143 
3 324 156 175 
3 165 102 155 
3 174 171 164 
3 172 167 124 
3 170 161 166 
3 173 189 159 
3 244 174 158 
3 175 153 167 
3 184 137 165 
3 182 166 178 
3 179 168 339 
3 184 165 169 
3 163 170 182 
3 178 162 181 
3 204 55 180 
3 196 172 176 
3 185 188 173 
3 177 48 183 
3 191 176 186 
3 175 172 193 
4 322 215 180 160 
3 190 171 174 
3 253 179 432 
3 197 181 192 
3 192 162 211 
3 238 201 179 
3 201 203 168 
3 225 140 184 
3 194 181 197 
3 186 187 292 
3 195 182 198 
3 212 205 191 
3 206 324 193 
3 200 178 205 
3 191 186 286 
3 206 193 200 
3 208 127 202 
3 209 198 196 
3 220 189 188 
3 199 83 204 
3 228 159 189 
3 202 177 210 
3 214 196 194 
3 239 195 198 
3 270 144 152 
3 221 123 199 
3 213 233 200 
3 221 204 217 
3 187 225 260 
3 235 214 194 
4 223 229 209 216 
3 218 205 212 
3 217 183 297 
3 219 213 218 
3 315 210 215 
3 216 214 236 
3 227 216 222 
3 228 201 224 
3 226 208 210 
3 219 284 258 
3 232 213 230 
3 240 220 238 
3 243 211 190 
3 353 221 304 
3 230 219 262 
3 245 203 220 
3 233 213 231 
3 237 223 227 
3 242 229 232 
3 252 231 223 
3 234 209 229 
3 248 241 233 
3 236 212 281 
3 218 235 280 
3 247 230 257 
3 256 224 188 
3 329 206 241 
3 259 224 251 
3 239 234 248 
3 255 246 231 
3 260 225 244 
4 243 169 245 283 
3 244 228 259 
3 250 249 242 
3 254 252 237 
3 241 234 249 
3 357 248 246 
3 293 246 271 
3 295 240 256 
3 261 232 247 
3 303 277 185 
3 266 247 257 
3 274 242 261 
3 251 238 277 
3 254 237 264 
3 262 222 291 
3 245 240 267 
3 285 211 243 
3 255 252 268 
3 264 227 258 
3 390 89 276 
3 257 262 272 
2 671 160 
3 268 254 273 
3 259 320 278 
3 275 261 266 
3 276 72 270 
3 269 207 326 
3 250 274 341 
3 264 301 282 
3 266 282 319 
3 271 255 279 
3 279 268 289 
3 354 263 269 
3 294 256 253 
3 290 267 316 
3 274 275 309 
3 236 281 296 
3 280 235 288 
3 273 272 319 
3 302 244 290 
3 291 222 312 
3 308 260 302 
3 287 197 292 
3 288 286 310 
3 296 281 287 
3 275 299 298 
3 283 278 321 
3 258 284 317 
3 286 192 306 
3 359 250 363 
3 330 295 277 
3 318 251 294 
3 280 288 312 
3 379 215 322 
3 289 299 300 
3 298 289 333 
3 307 298 305 
3 272 317 325 
3 285 283 332 
3 314 253 414 
3 364 226 315 
3 313 300 323 
3 292 308 311 
3 309 300 313 
3 306 285 352 
3 279 307 427 
3 287 311 334 
3 310 306 334 
3 284 296 327 
3 307 305 360 
3 374 330 303 
3 304 217 379 
3 321 278 335 
3 301 291 328 
3 342 320 295 
3 273 282 331 
3 267 318 335 
3 290 316 337 
3 297 183 671 
3 305 336 360 
3 326 163 195 
3 331 301 344 
3 329 270 324 
3 328 312 392 
3 317 327 348 
3 350 326 239 
4 371 345 294 314 
3 338 319 325 
3 302 343 351 
3 340 299 338 
3 310 311 380 
3 316 320 347 
3 433 323 340 
3 343 321 361 
3 333 331 394 
3 434 173 346 
3 336 333 391 
3 271 369 365 
3 347 318 345 
3 332 337 358 
3 325 348 355 
3 372 342 330 
3 339 139 349 
3 335 342 368 
3 344 328 403 
3 442 346 353 
3 376 354 329 
3 352 332 356 
3 308 351 366 
3 469 349 226 
3 384 276 350 
3 344 370 387 
3 351 358 366 
3 367 249 359 
3 356 343 362 
3 357 293 389 
3 313 323 410 
3 362 337 368 
3 358 361 373 
3 407 293 397 
3 474 449 304 
3 382 341 369 
3 352 356 378 
3 416 376 357 
3 361 347 372 
3 365 341 440 
3 355 405 395 
3 386 330 374 
3 368 345 377 
3 362 377 388 
3 371 314 375 
3 374 383 401 
3 381 350 367 
3 373 372 385 
3 380 366 396 
3 468 315 297 
3 392 334 378 
4 535 384 376 393 
3 404 397 365 
3 401 375 414 
3 390 354 381 
3 388 377 386 
3 399 385 371 
3 394 355 412 
3 396 373 385 
3 448 359 407 
3 263 384 672 
3 477 340 402 
3 327 380 411 
3 381 398 487 
3 402 338 387 
3 412 370 406 
3 409 378 388 
3 420 363 382 
3 393 415 400 
3 409 386 413 
3 398 451 439 
3 408 375 383 
3 391 394 493 
3 405 348 417 
3 435 382 421 
3 370 403 447 
3 395 463 419 
3 441 389 363 
3 423 401 422 
3 418 396 399 
3 427 360 457 
3 417 392 418 
3 387 395 471 
3 399 423 429 
3 383 303 424 
3 398 416 450 
3 415 367 448 
3 403 411 430 
3 425 411 409 
3 471 406 503 
3 441 397 461 
3 404 443 437 
3 408 426 438 
3 413 408 431 
3 428 414 432 
3 430 418 429 
3 422 428 456 
3 309 410 436 
3 426 424 444 
3 425 413 452 
3 417 425 459 
3 423 438 520 
3 424 185 434 
2 457 336 
3 432 339 442 
3 445 404 446 
3 440 427 457 
3 446 421 466 
3 431 422 458 
3 486 400 480 
3 443 369 436 
3 543 407 420 
4 444 434 349 464 
3 455 421 440 
3 454 428 442 
3 476 461 435 
3 435 437 489 
4 463 405 459 496 
3 416 389 532 
3 473 364 453 
3 451 415 586 
3 400 450 480 
3 499 429 528 
3 490 449 474 
3 456 444 460 
3 466 443 465 
3 458 426 454 
4 436 410 433 465 
3 438 456 462 
3 447 430 488 
3 454 464 467 
3 512 420 445 
3 458 475 492 
3 406 447 495 
3 460 442 469 
3 455 457 484 
3 437 455 502 
3 470 460 472 
3 478 379 662 
3 464 353 472 
3 475 467 481 
3 504 412 419 
3 467 469 473 
3 472 449 479 
3 453 364 482 
3 462 470 483 
3 491 445 500 
3 484 391 511 
3 591 482 468 
3 481 473 494 
3 439 451 635 
3 483 470 479 
3 485 474 478 
3 497 475 481 
3 465 477 510 
3 501 490 482 
3 487 439 506 
3 660 393 486 
3 459 499 553 
3 505 446 502 
3 498 453 485 
3 518 476 515 
3 462 497 516 
3 511 402 504 
3 509 479 508 
3 463 496 533 
3 495 447 526 
3 492 483 509 
3 514 490 501 
3 488 452 566 
3 476 505 517 
3 498 485 591 
4 489 466 510 523 
3 507 419 545 
3 493 471 507 
3 500 489 521 
3 486 649 624 
3 504 503 524 
3 548 494 514 
3 513 497 494 
3 502 484 529 
3 477 493 530 
3 539 461 518 
3 519 509 531 
3 508 498 603 
3 540 491 517 
3 492 519 520 
3 515 500 570 
3 512 491 540 
3 516 513 525 
3 431 516 525 
3 505 522 527 
3 521 523 527 
4 522 502 529 538 
3 507 550 556 
3 520 519 528 
3 496 536 592 
3 521 522 549 
3 452 525 534 
3 523 510 530 
3 529 511 546 
3 537 513 541 
3 586 448 543 
3 552 495 609 
3 579 528 537 
3 658 666 381 
3 561 526 560 
3 534 531 642 
3 542 523 546 
3 544 512 568 
3 518 515 568 
3 531 548 615 
3 555 547 538 
4 586 532 441 544 
3 543 539 551 
3 550 503 552 
3 538 530 567 
3 554 549 542 
3 541 508 583 
3 563 527 547 
3 558 524 545 
3 588 544 589 
3 545 533 557 
3 488 574 560 
3 563 547 559 
3 559 542 562 
3 567 524 558 
3 565 552 573 
3 556 550 565 
3 564 554 555 
3 536 553 593 
3 598 536 587 
3 569 555 576 
3 571 549 554 
3 582 559 569 
3 595 558 557 
3 499 579 575 
3 584 546 556 
3 539 540 581 
3 564 562 577 
3 581 517 572 
3 572 563 585 
3 594 570 571 
3 597 557 629 
3 553 575 578 
3 574 566 604 
3 577 562 584 
3 580 569 576 
3 574 646 614 
3 566 534 604 
3 582 577 599 
3 590 568 570 
3 585 564 580 
3 548 608 615 
3 602 576 567 
3 617 571 582 
4 450 532 543 607 
3 606 561 596 
3 607 551 589 
3 588 551 590 
3 594 589 581 
3 501 478 611 
3 609 526 598 
3 601 560 613 
3 636 590 572 
3 602 565 600 
3 587 601 616 
3 600 573 628 
3 592 561 606 
3 622 580 605 
3 620 595 597 
3 596 593 612 
3 605 584 595 
3 514 610 618 
3 575 579 642 
3 599 602 625 
3 626 598 587 
3 621 586 588 
3 583 618 664 
3 533 592 626 
3 603 611 623 
3 610 591 662 
3 601 619 632 
3 593 614 619 
3 613 578 645 
3 541 583 644 
3 596 632 627 
3 651 585 622 
3 608 603 623 
3 612 613 648 
3 625 600 630 
3 635 607 636 
3 617 599 641 
3 618 610 650 
3 660 506 663 
3 605 620 637 
3 634 609 606 
3 631 616 647 
3 630 597 629 
3 628 573 634 
3 633 620 628 
3 640 634 627 
3 616 612 647 
3 637 630 638 
4 639 629 626 631 
3 649 480 621 
3 651 621 594 
3 641 625 633 
3 633 639 643 
3 638 634 640 
3 639 631 654 
3 661 622 637 
3 604 537 652 
3 661 638 668 
3 615 664 657 
3 614 653 659 
3 578 652 653 
3 627 632 655 
3 619 659 665 
3 506 635 663 
3 623 662 683 
3 675 636 617 
3 646 642 657 
3 645 646 687 
3 640 656 667 
3 656 647 665 
3 654 655 669 
3 652 644 687 
3 666 535 670 
3 648 645 689 
3 674 487 624 
3 678 641 643 
4 650 611 468 696 
3 624 649 675 
3 644 608 683 
3 655 648 677 
3 672 535 658 
3 668 654 669 
3 643 667 673 
3 667 656 676 
3 686 658 674 
3 696 322 265 
3 390 666 686 
3 684 668 676 
3 679 670 660 
4 679 663 651 688 
3 673 669 681 
3 681 665 689 
3 688 661 680 
3 686 674 675 
3 678 682 691 
3 676 677 685 
3 680 684 694 
3 664 650 687 
3 682 673 693 
3 692 681 695 
5 672 670 679 690 699 
4 653 657 683 689 
3 675 678 690 
4 677 659 687 696 
3 686 688 691 
3 690 680 698 
3 693 685 697 
3 694 684 692 
3 698 682 693 
3 697 685 696 
5 699 695 689 662 671 
3 699 692 695 
3 691 694 699 
4 686 698 697 696 
