600
0 162 852
1 194 804
2 210 862
3 250 884
4 344 1168
5 376 918
6 384 968
7 394 1884
8 400 1514
9 408 1072
10 408 1322
11 414 5176
12 426 1258
13 444 2028
14 450 4774
15 452 2038
16 454 340
17 470 1032
18 482 1596
19 518 1760
20 562 1546
21 566 2170
22 624 1410
23 632 316
24 646 4980
25 748 1238
26 828 1570
27 844 1322
28 918 5318
29 952 812
30 1068 214
31 1076 218
32 1114 1164
33 1128 5230
34 1144 5284
35 1162 5140
36 1198 2272
37 1264 2286
38 1328 5562
39 1426 724
40 1430 104
41 1480 4250
42 1634 584
43 1642 3720
44 1652 1482
45 1652 2058
46 1694 5970
47 1704 484
48 1716 3542
49 1734 1100
50 1742 5956
51 1754 2038
52 1756 1386
53 1780 1396
54 1808 2222
55 1818 1158
56 1840 1332
57 1844 622
58 1844 4674
59 1844 5900
60 1860 966
61 1872 6000
62 1884 1336
63 1894 6018
64 1896 1122
65 1908 632
66 1912 356
67 1986 1230
68 2000 1394
69 2026 1020
70 2046 1420
71 2062 6498
72 2090 5222
73 2094 3532
74 2102 5980
75 2188 4686
76 2194 5892
77 2202 5280
78 2260 2138
79 2272 5186
80 2274 5010
81 2296 5358
82 2304 5092
83 2354 3440
84 2360 5096
85 2378 4604
86 2380 2152
87 2416 4420
88 2430 5354
89 2440 5320
90 2462 5618
91 2466 4924
92 2470 5422
93 2476 3360
94 2476 5350
95 2492 1826
96 2522 2032
97 2540 4728
98 2552 5624
99 2568 5170
100 2570 5296
101 2572 680
102 2584 4880
103 2594 5078
104 2596 5420
105 2604 730
106 2610 5010
107 2626 5302
108 2740 1688
109 2744 4744
110 2758 2632
111 2766 4826
112 2788 4624
113 2808 5152
114 2834 4580
115 2834 4752
116 2840 1130
117 2844 1066
118 2848 4688
119 2848 4914
120 2864 2642
121 2872 2690
122 2886 2216
123 2892 972
124 2898 994
125 2898 4750
126 2930 1092
127 2994 1228
128 2994 4632
129 3000 2702
130 3018 4690
131 3030 802
132 3032 814
133 3054 2648
134 3090 5178
135 3106 3202
136 3126 4910
137 3156 1978
138 3180 2292
139 3188 4952
140 3202 2344
141 3210 3844
142 3238 3692
143 3274 3950
144 3334 4036
145 3344 4968
146 3418 5022
147 3430 2728
148 3448 3796
149 3520 3234
150 3538 1716
151 3576 4072
152 3584 3902
153 3622 3622
154 3648 1644
155 3648 2368
156 3664 1644
157 3664 4084
158 3680 1722
159 3700 6132
160 3702 3904
161 3704 3734
162 3746 3782
163 3750 4188
164 3764 4152
165 3780 3866
166 3804 2646
167 3806 170
168 3808 4058
169 3834 1110
170 3852 206
171 3852 4166
172 3884 3416
173 3886 4368
174 3892 4346
175 3904 1856
176 3904 4558
177 3924 4436
178 3970 4568
179 3974 2206
180 3974 4434
181 3976 4304
182 3996 4346
183 4022 4258
184 4026 4550
185 4060 4614
186 4068 4462
187 4074 4550
188 4088 3572
189 4090 3922
190 4110 4700
191 4112 2256
192 4128 4642
193 4174 4282
194 4186 4356
195 4270 4494
196 4308 4878
197 4316 2344
198 4318 4584
199 4320 2398
200 4326 2232
201 4338 4342
202 4348 4500
203 4364 2492
204 4364 4604
205 4370 2860
206 4372 4316
207 4380 4878
208 4398 4956
209 4430 2962
210 4438 2950
211 4444 4374
212 4444 4754
213 4478 4828
214 4486 2402
215 4490 4798
216 4494 2402
217 4510 4296
218 4516 2400
219 4518 4562
220 4522 3374
221 4566 48
222 4600 3340
223 4600 4310
224 4612 2950
225 4614 2178
226 4624 4572
227 4650 4868
228 4654 2178
229 4664 6806
230 4676 4436
231 4684 4100
232 4696 4376
233 4736 3118
234 4736 3996
235 4746 2154
236 4756 4772
237 4758 5088
238 4770 4744
239 4772 3914
240 4786 2130
241 4796 4078
242 4796 6740
243 4812 126
244 4832 3360
245 4846 3986
246 4866 5030
247 4868 4646
248 4884 96
249 4884 4592
250 4904 4580
251 4928 3664
252 4942 4634
253 4964 3104
254 4970 126
255 5006 4558
256 5040 3990
257 5046 4516
258 5076 5200
259 5084 4510
260 5132 4622
261 5148 2342
262 5150 2278
263 5186 2916
264 5196 4314
265 5224 3402
266 5238 5114
267 5266 3764
268 5268 3470
269 5278 3054
270 5280 4036
271 5298 4676
272 5312 234
273 5324 4064
274 5326 4884
275 5344 4084
276 5352 3470
277 5382 2818
278 5406 4886
279 5414 2374
280 5420 2364
281 5448 3982
282 5448 4318
283 5492 2712
284 5492 3042
285 5496 2754
286 5502 3300
287 5506 2448
288 5518 4234
289 5532 4014
290 5536 2864
291 5540 3410
292 5544 3910
293 5566 3024
294 5568 3432
295 5574 1838
296 5574 5248
297 5578 4036
298 5588 2834
299 5596 2746
300 5612 2684
301 5738 1028
302 5756 3794
303 5772 3794
304 5778 3930
305 5810 2708
306 5814 3838
307 5828 1994
308 5834 1974
309 5856 1472
310 5890 2890
311 5904 7088
312 5928 7108
313 5934 4864
314 5972 6042
315 5976 5256
316 5980 4882
317 5982 2760
318 5986 244
319 5986 4910
320 5996 2458
321 5996 2758
322 6012 308
323 6024 4490
324 6028 4942
325 6038 2666
326 6052 4924
327 6062 6958
328 6064 2722
329 6080 228
330 6082 3516
331 6088 2570
332 6088 7010
333 6102 3128
334 6102 4902
335 6122 2906
336 6124 4772
337 6124 4840
338 6146 188
339 6154 2682
340 6174 2836
341 6216 7126
342 6222 4480
343 6234 3706
344 6236 7044
345 6240 7182
346 6260 2682
347 6268 2664
348 6272 7136
349 6290 2536
350 6336 2328
351 6374 2342
352 6402 2494
353 6416 2562
354 6432 3820
355 6442 6916
356 6444 2780
357 6452 3082
358 6496 2926
359 6498 4858
360 6502 3648
361 6520 2820
362 6520 4874
363 6538 2196
364 6540 4080
365 6550 5228
366 6552 4576
367 6570 6664
368 6588 2904
369 6632 2784
370 6654 2988
371 6660 5886
372 6664 4620
373 6666 2978
374 6674 2934
375 6676 3762
376 6678 2734
377 6678 4564
378 6706 6540
379 6744 6576
380 6748 4726
381 6754 6264
382 6772 496
383 6848 4466
384 6852 4474
385 6854 1626
386 6860 1708
387 6866 2306
388 6886 1642
389 6898 5844
390 6906 1870
391 6910 4330
392 6920 1828
393 6934 1952
394 6944 448
395 6956 4460
396 6968 2302
397 6970 2006
398 6992 2962
399 7004 5422
400 7006 4110
401 7008 4970
402 7012 1680
403 7020 3768
404 7024 4072
405 7028 2180
406 7034 7002
407 7050 2970
408 7052 622
409 7060 4292
410 7060 4680
411 7066 1648
412 7074 2186
413 7094 3866
414 7120 350
415 7120 2004
416 7120 2042
417 7152 2734
418 7162 2888
419 7174 6350
420 7200 2914
421 7208 1568
422 7240 6222
423 7246 1934
424 7300 3500
425 7302 4222
426 7306 466
427 7336 5216
428 7350 3010
429 7358 4234
430 7380 616
431 7408 6496
432 7420 1462
433 7430 3292
434 7444 6060
435 7452 334
436 7486 1780
437 7514 3108
438 7518 632
439 7542 468
440 7560 2764
441 7578 640
442 7578 3954
443 7594 1632
444 7608 3288
445 7634 2972
446 7640 1368
447 7690 3120
448 7692 6068
449 7694 1378
450 7700 3742
451 7708 3146
452 7748 786
453 7770 2992
454 7786 1280
455 7822 1548
456 7830 916
457 7846 3194
458 7862 1142
459 7874 3540
460 7896 2884
461 7930 5060
462 7940 802
463 7948 7090
464 7968 1316
465 8004 3898
466 8026 5144
467 8054 4678
468 8058 3828
469 8102 3782
470 8118 6800
471 8188 1394
472 8196 1446
473 8230 3442
474 8262 5314
475 8280 3968
476 8294 3538
477 8314 3494
478 8352 7082
479 8358 3714
480 8366 7056
481 8406 4058
482 8420 4034
483 8460 6952
484 8552 5502
485 8586 5252
486 8590 4358
487 8594 4170
488 8618 4168
489 8628 4666
490 8636 5068
491 8664 4198
492 8690 1858
493 8714 3706
494 8714 4326
495 8760 4190
496 8786 4206
497 8814 4708
498 8848 3140
499 8908 1138
500 8912 1646
501 8912 4782
502 8918 3276
503 8922 1608
504 8962 4242
505 8990 2698
506 8990 5016
507 9098 5144
508 9106 2818
509 9170 5066
510 9172 970
511 9174 4874
512 9192 4922
513 9250 4890
514 9304 6148
515 9306 4362
516 9326 2014
517 9352 2006
518 9382 3048
519 9384 5894
520 9392 1278
521 9474 1798
522 9506 3636
523 9540 1078
524 9562 2188
525 9576 2192
526 9578 724
527 9588 4628
528 9612 1380
529 9644 1816
530 9668 1344
531 9694 3580
532 9704 5336
533 9744 3710
534 9844 5102
535 9878 598
536 9880 2942
537 9960 1614
538 9964 2714
539 10020 5568
540 10030 1986
541 10054 698
542 10066 4006
543 10080 4818
544 10086 616
545 10124 4428
546 10162 620
547 10182 636
548 10190 1422
549 10264 1520
550 10288 2528
551 10390 7010
552 10556 1978
553 10764 4594
554 10832 2536
555 10982 6720
556 11014 4750
557 11018 6708
558 11056 820
559 11106 6424
560 11120 844
561 11142 5302
562 11226 826
563 11260 5364
564 11264 1258
565 11316 7022
566 11438 3922
567 11476 252
568 11528 5310
569 11586 756
570 11616 5662
571 11634 832
572 11680 1302
573 11702 7176
574 11772 486
575 11778 278
576 11802 1488
577 11814 226
578 11834 5394
579 11918 1530
580 11924 5520
581 11964 1044
582 11982 5052
583 12008 7092
584 12026 1434
585 12044 7124
586 12050 606
587 12164 310
588 12208 3100
589 12280 3242
590 12320 5682
591 12366 6762
592 12390 732
593 12402 724
594 12424 228
595 12440 246
596 12470 558
597 12586 3232
598 12586 5636
599 12774 870
3 11 16 1 
3 2 0 16 
3 3 7 1 
3 5 4 2 
3 8 3 6 
3 6 3 16 
5 17 9 10 4 5 
4 13 11 2 8 
4 18 7 4 10 
3 12 6 17 
3 8 6 12 
5 28 71 0 7 14 
3 22 10 9 
3 15 14 7 
4 33 24 11 13 
3 21 41 13 
5 5 1 0 40 23 
3 25 9 6 
3 19 8 20 
3 36 21 18 
3 26 18 22 
3 43 15 19 
3 20 12 27 
3 29 16 30 
3 34 28 14 
3 27 17 32 
3 45 20 44 
3 52 22 25 
3 38 11 24 
3 32 23 39 
3 31 23 40 
4 66 47 42 30 
3 25 29 49 
3 34 14 35 
3 38 24 33 
3 72 33 41 
3 37 48 19 
3 93 36 54 
3 46 28 34 
3 60 29 42 
3 30 16 221 
3 58 35 15 
3 57 39 31 
3 75 21 48 
3 108 26 53 
3 54 26 51 
3 71 38 50 
3 105 65 31 
3 43 36 73 
3 55 32 60 
4 61 46 81 59 
3 78 45 95 
3 53 27 56 
3 70 44 52 
3 142 37 45 
3 56 49 64 
3 62 52 55 
3 65 117 42 
3 80 72 41 
5 61 50 88 94 92 
3 69 49 39 
3 63 50 59 
3 68 56 67 
3 71 61 74 
3 67 55 69 
3 124 57 47 
3 101 31 167 
3 62 64 127 
3 154 70 62 
3 116 64 60 
3 150 53 68 
6 229 312 345 11 46 63 
3 77 35 58 
3 87 48 83 
3 242 63 76 
3 80 43 85 
3 159 74 90 
3 81 72 79 
3 86 110 51 
3 77 82 84 
3 82 58 75 
3 50 77 89 
3 79 80 91 
3 143 73 93 
3 79 91 106 
3 97 75 87 
4 122 120 78 96 
3 112 85 73 
3 59 89 94 
3 88 81 99 
3 98 76 104 
4 84 82 97 102 
3 59 107 104 
3 141 83 37 
3 59 88 100 
3 96 51 108 
3 86 95 137 
3 109 91 85 
3 159 90 208 
3 89 103 113 
3 107 94 113 
3 131 105 66 
3 91 115 111 
3 99 106 136 
3 90 92 134 
3 123 47 101 
3 103 84 119 
3 92 100 134 
3 150 95 44 
3 115 97 118 
3 121 135 78 
3 119 102 125 
3 118 87 114 
3 100 99 139 
3 112 144 151 
3 102 109 125 
3 127 69 117 
3 126 116 57 
3 109 112 128 
3 106 111 176 
3 129 121 86 
3 149 110 120 
3 138 86 137 
3 124 105 132 
3 126 65 123 
3 111 115 130 
3 280 117 124 
3 156 67 116 
3 130 118 163 
3 172 120 133 
3 125 128 173 
3 132 101 170 
3 169 123 131 
3 147 129 140 
3 104 107 146 
3 153 148 110 
3 139 103 185 
3 122 96 175 
3 140 122 179 
3 145 113 136 
3 155 133 138 
3 143 93 142 
3 148 141 54 
3 144 83 141 
3 151 114 143 
3 146 139 190 
3 134 145 196 
3 209 133 166 
3 152 142 135 
3 172 153 121 
3 158 108 70 
3 157 114 144 
3 160 157 148 
3 161 135 149 
3 156 158 68 
3 199 166 140 
3 240 154 127 
3 164 151 152 
3 175 150 154 
3 327 76 98 
3 168 152 161 
3 162 160 153 
3 189 165 161 
3 174 128 164 
3 171 163 157 
3 183 168 162 
3 205 147 155 
3 170 66 221 
3 171 160 165 
3 295 132 243 
3 131 167 243 
3 181 164 168 
3 188 149 129 
3 177 130 174 
3 182 173 163 
4 225 179 137 158 
3 178 119 177 
3 176 173 180 
3 185 176 184 
3 191 138 175 
3 186 177 194 
3 182 171 183 
3 194 174 181 
3 193 181 165 
3 187 178 186 
3 192 136 178 
3 195 184 180 
3 198 184 195 
3 189 172 220 
3 193 162 188 
3 196 145 192 
3 197 179 200 
3 212 190 185 
3 206 183 189 
3 180 182 201 
3 202 187 186 
3 207 146 190 
3 214 199 191 
3 204 187 202 
3 203 155 197 
3 218 191 225 
3 211 194 206 
3 198 195 211 
3 205 199 214 
4 212 198 223 219 
3 210 166 203 
3 201 193 217 
3 208 196 213 
3 237 98 207 
3 220 147 210 
3 224 209 205 
3 202 201 217 
3 215 192 204 
3 227 207 215 
3 216 203 197 
3 213 212 236 
3 224 214 218 
3 211 206 231 
3 263 216 200 
3 226 204 232 
3 188 209 222 
4 594 248 167 40 
3 244 220 233 
3 204 231 241 
3 233 210 216 
3 228 200 175 
3 238 219 230 
3 274 246 213 
3 283 225 235 
3 311 71 242 
3 249 226 232 
3 223 217 234 
3 230 219 256 
3 222 224 253 
3 231 239 245 
3 261 228 240 
3 274 215 238 
3 258 314 208 
3 236 226 247 
3 234 244 251 
3 262 235 156 
3 223 245 256 
3 332 229 74 
3 169 170 248 
3 239 222 253 
3 241 234 268 
3 266 258 227 
3 238 249 252 
4 338 254 243 221 
3 247 230 250 
3 249 270 255 
3 239 269 265 
3 247 255 260 
3 244 233 263 
3 272 295 248 
3 252 250 257 
3 232 241 267 
3 255 264 259 
3 371 237 246 
3 260 257 282 
3 271 252 259 
3 300 235 262 
3 279 261 240 
3 253 218 277 
3 257 275 289 
3 268 251 284 
3 296 246 324 
3 270 256 276 
3 276 245 265 
3 251 277 284 
3 273 250 267 
3 313 278 260 
3 318 301 254 
3 275 270 291 
3 278 227 236 
3 264 273 281 
3 267 268 286 
3 269 263 285 
3 319 274 271 
3 287 262 280 
3 320 279 126 
3 275 294 292 
3 323 259 288 
3 299 285 228 
4 265 269 290 293 
3 290 277 283 
3 291 276 293 
3 325 305 279 
3 282 297 304 
3 297 264 292 
3 284 285 298 
3 294 273 286 
3 289 281 335 
3 286 284 310 
3 281 291 310 
3 307 169 254 
3 315 389 266 
3 288 289 302 
3 290 299 317 
3 298 283 300 
3 305 299 261 
3 309 272 322 
3 303 297 340 
3 306 302 333 
3 288 306 343 
3 317 300 287 
3 304 303 330 
3 320 295 308 
3 350 307 309 
3 385 308 301 
3 294 293 321 
3 341 312 229 
3 345 71 311 
3 316 271 336 
3 378 367 237 
3 399 296 365 
3 319 313 337 
3 298 305 321 
3 322 272 329 
3 326 278 316 
3 331 280 307 
3 310 317 328 
4 414 382 301 318 
3 336 282 342 
3 266 326 362 
3 328 287 331 
3 324 319 334 
3 332 159 355 
3 321 325 339 
3 435 318 338 
3 306 358 357 
3 325 320 350 
3 344 242 327 
3 303 346 356 
3 326 337 359 
3 292 339 340 
3 313 323 366 
3 334 316 372 
3 577 329 248 
3 335 328 349 
3 302 335 346 
3 348 311 344 
3 366 323 364 
3 354 304 357 
3 341 332 406 
5 71 312 348 478 573 
3 333 340 347 
3 346 349 352 
3 345 341 463 
3 347 339 351 
3 351 331 308 
3 349 350 363 
3 353 347 363 
3 356 352 392 
3 364 343 360 
3 406 327 367 
3 361 333 353 
3 343 330 368 
3 330 361 369 
3 362 334 380 
3 375 354 370 
3 358 356 390 
3 401 324 359 
3 352 351 386 
3 383 342 354 
3 315 401 427 
3 336 342 377 
3 355 314 379 
3 370 357 369 
3 368 358 376 
3 360 368 373 
3 381 258 389 
3 380 337 377 
3 370 374 398 
3 373 376 396 
3 403 400 360 
3 374 369 387 
3 372 366 384 
4 379 314 381 419 
3 367 378 431 
3 359 372 410 
3 378 371 422 
3 408 322 394 
3 384 364 391 
3 377 383 395 
3 388 309 421 
3 363 388 402 
3 376 393 396 
3 411 386 385 
4 434 371 296 399 
3 393 361 392 
3 383 400 409 
3 390 353 402 
3 397 387 390 
3 426 382 414 
3 410 384 409 
3 374 387 405 
3 405 393 415 
3 407 373 418 
3 389 315 427 
3 391 375 404 
3 461 365 362 
3 392 386 411 
3 413 375 407 
3 400 413 444 
3 412 396 397 
3 463 344 355 
3 403 398 420 
3 432 382 430 
3 395 391 425 
3 461 380 395 
3 402 388 421 
3 417 405 416 
3 404 403 424 
3 394 322 435 
3 416 397 423 
3 417 412 415 
3 418 412 416 
3 420 398 417 
3 431 378 422 
3 428 407 418 
4 443 411 385 432 
3 419 381 434 
3 440 415 436 
3 413 428 433 
3 429 409 442 
3 439 430 394 
3 399 365 466 
3 437 424 420 
3 467 425 465 
3 438 408 426 
3 470 379 419 
3 421 408 446 
3 424 437 447 
3 448 422 389 
3 414 329 567 
3 440 423 443 
3 433 428 445 
3 441 430 439 
3 438 426 575 
3 445 423 436 
3 452 438 535 
3 425 450 468 
3 436 421 455 
3 450 404 451 
3 453 437 440 
3 449 432 454 
3 451 433 453 
3 470 434 474 
3 472 455 446 
3 442 444 459 
3 457 444 447 
3 462 456 441 
3 447 445 460 
3 464 446 458 
3 492 443 449 
3 458 452 462 
3 459 451 505 
3 454 456 526 
3 450 457 473 
3 453 492 516 
4 485 466 401 410 
3 456 452 526 
3 348 406 478 
3 471 454 510 
3 475 429 468 
3 474 427 461 
3 490 429 489 
3 465 442 469 
3 475 468 476 
3 480 431 448 
3 472 464 499 
3 503 449 471 
3 477 459 498 
3 484 448 466 
3 481 465 469 
3 479 469 477 
3 493 476 473 
4 345 463 480 551 
3 488 482 476 
3 478 470 483 
3 486 475 482 
3 487 481 479 
3 480 484 514 
3 483 474 485 
3 484 461 490 
3 489 481 487 
3 486 482 488 
3 491 487 479 
3 497 467 486 
3 485 467 506 
3 494 488 495 
3 460 455 500 
3 495 477 502 
3 497 491 496 
3 496 491 493 
3 504 494 495 
3 501 489 494 
3 502 473 508 
3 471 510 523 
3 492 503 528 
3 511 506 497 
3 522 493 498 
3 500 472 520 
3 515 496 522 
3 508 457 524 
3 507 490 501 
3 519 506 509 
3 518 498 505 
3 532 507 512 
3 499 464 541 
3 513 512 501 
3 509 511 513 
4 534 512 511 527 
3 555 483 519 
3 545 527 504 
3 460 521 517 
3 524 516 529 
3 531 508 536 
3 514 507 539 
3 530 503 523 
3 529 516 528 
3 533 504 502 
3 520 499 541 
3 525 505 517 
3 538 524 540 
3 458 462 544 
3 543 513 515 
3 521 500 530 
3 517 521 537 
3 548 528 520 
3 533 518 536 
3 539 509 534 
3 542 522 531 
3 532 513 543 
3 544 441 575 
3 531 518 538 
3 529 548 549 
3 536 525 550 
3 519 532 561 
3 525 549 552 
3 523 510 547 
3 545 533 554 
3 534 527 556 
3 546 526 535 
3 553 515 542 
3 547 544 574 
3 558 541 546 
3 537 530 560 
3 540 537 562 
3 554 538 552 
3 565 478 555 
3 550 540 564 
3 556 545 554 
4 553 542 550 576 
3 551 514 557 
4 561 543 553 566 
3 565 555 559 
3 560 547 574 
3 557 563 570 
3 548 558 562 
3 563 539 556 
3 549 560 569 
3 559 561 568 
3 572 552 571 
3 583 551 557 
3 568 556 579 
3 575 435 577 
3 570 563 566 
3 571 562 586 
3 559 568 578 
3 581 564 569 
3 576 564 581 
2 345 585 
3 558 546 587 
4 587 535 439 567 
3 579 554 572 
3 594 567 338 
3 580 570 584 
3 566 576 584 
3 583 578 582 
3 572 571 592 
3 590 580 588 
3 585 565 580 
3 578 579 592 
3 573 583 591 
3 592 569 587 
4 586 574 575 595 
3 589 582 593 
3 590 588 597 
3 591 582 589 
4 585 590 597 598 
4 584 581 586 593 
3 588 592 596 
3 595 577 221 
4 599 596 587 594 
3 599 593 595 
3 591 589 599 
2 591 599 
4 598 597 596 595 
