30
0 1982 12222
1 2962 11628
2 3418 4936
3 5634 12676
4 5904 11528
5 6740 9350
6 6792 6472
7 7170 6674
8 8232 17022
9 9512 11176
10 10306 12334
11 10460 9772
12 10776 14634
13 11000 10962
14 12040 13332
15 12560 11224
16 13218 9922
17 13468 13828
18 14012 10248
19 14298 11634
20 14340 14108
21 16800 9610
22 17508 9456
23 17964 10288
24 18468 9930
25 18852 10256
26 19324 10200
27 20036 7954
28 20560 12392
29 20900 6256
4 3 8 2 1 
3 0 6 4 
3 29 6 0 
3 14 12 0 
4 10 1 5 9 
3 11 4 7 
4 22 7 1 2 
3 21 5 6 
4 0 12 20 28 
3 10 4 13 
3 14 4 9 
3 16 18 5 
3 8 3 17 
3 15 9 18 
3 17 3 10 
3 19 13 23 
3 25 11 21 
4 20 12 14 19 
3 23 13 11 
3 17 15 25 
3 8 17 28 
3 24 16 7 
3 24 6 27 
3 15 18 25 
3 26 21 22 
4 19 23 16 26 
4 28 25 24 27 
3 26 22 29 
4 8 20 26 29 
3 28 27 2 
