45
0 976 6526
1 1236 11250
2 2040 13562
3 3686 11190
4 3946 10298
5 4216 11736
6 4504 5742
7 6400 17446
8 6486 8052
9 6678 11958
10 7930 12662
11 8350 10328
12 8854 8422
13 9554 12614
14 9556 12796
15 9612 10758
16 9854 4768
17 10042 8182
18 10202 13516
19 10370 1226
20 10378 11692
21 10968 4302
22 11112 7114
23 11766 11640
24 11836 10716
25 11970 14656
26 12286 17204
27 13000 9552
28 13024 11552
29 13312 15084
30 13348 10270
31 13394 7024
32 13490 22188
33 13638 3498
34 14446 14690
35 15134 17580
36 15486 11600
37 15506 8734
38 16234 7756
39 16322 16276
40 17000 5826
41 17846 9062
42 18088 9092
43 19238 14524
44 23786 4126
4 8 1 19 6 
5 5 2 0 4 3 
2 7 1 
3 20 1 15 
3 11 1 8 
3 9 10 1 
3 0 21 16 
3 32 2 26 
3 12 4 0 
3 13 5 20 
3 14 18 5 
3 15 4 12 
3 11 8 17 
3 14 9 23 
3 18 10 13 
3 3 11 24 
3 22 6 21 
3 27 12 22 
3 25 10 14 
3 44 33 0 
3 9 3 23 
3 16 6 33 
3 17 16 31 
3 13 20 28 
3 28 15 30 
3 29 26 18 
3 35 7 25 
3 30 17 37 
3 36 23 24 
3 39 25 34 
3 24 27 41 
3 38 22 40 
3 7 35 43 
3 40 21 19 
3 29 36 43 
3 32 26 39 
3 34 28 42 
3 41 27 38 
3 37 31 44 
3 35 29 43 
3 31 33 44 
3 42 30 37 
3 36 41 44 
4 32 39 34 44 
5 43 42 38 40 19 
