25
0 364 8424
1 4158 4524
2 4356 5908
3 4534 4826
4 5616 11566
5 6540 8198
6 6866 10412
7 7366 6418
8 7956 9250
9 8084 11606
10 8170 11728
11 8224 17240
12 10478 9326
13 10684 10968
14 10704 2174
15 11098 2244
16 11912 11750
17 12094 8838
18 13386 17372
19 13536 8912
20 14634 4048
21 14960 11316
22 18716 6232
23 20234 702
24 20784 15646
4 4 11 1 2 
4 3 0 14 15 
3 5 0 3 
3 7 2 1 
3 11 0 6 
3 6 2 7 
3 9 4 5 
4 8 5 3 20 
3 12 9 7 
3 10 6 8 
3 11 9 13 
5 18 0 4 10 16 
3 13 8 17 
3 16 10 12 
3 15 1 23 
3 1 14 23 
3 11 13 21 
3 19 12 20 
2 11 24 
3 21 17 22 
3 17 7 23 
3 24 16 19 
3 24 19 23 
5 24 22 20 15 14 
4 18 21 22 23 
