80
0 894 17010
1 1084 8676
2 2018 5298
3 2272 11516
4 2436 1104
5 2806 15042
6 3390 13216
7 3502 4428
8 4450 3820
9 4776 4270
10 5008 12050
11 6140 9766
12 6332 17666
13 6586 17574
14 6606 10580
15 7150 8586
16 7216 9884
17 7858 8992
18 8496 10006
19 8520 12680
20 8700 13432
21 8724 8544
22 8880 10234
23 8916 3166
24 9152 6566
25 9216 7278
26 9498 260
27 10056 9880
28 10190 10466
29 10376 12992
30 10536 11986
31 10588 21448
32 10718 9030
33 10930 10766
34 11044 10784
35 11136 2310
36 11144 1812
37 11508 13202
38 11534 5030
39 11556 5820
40 11560 19052
41 11724 1544
42 11912 12426
43 11960 13080
44 11966 12634
45 12120 21574
46 12164 12852
47 12882 13554
48 12970 15532
49 13022 14846
50 13222 11334
51 13308 17202
52 13520 11050
53 13522 15322
54 13748 15602
55 13832 8336
56 13890 5008
57 13994 14538
58 14166 50
59 14540 12098
60 14754 14638
61 15848 18730
62 16270 11412
63 16336 12046
64 16470 12282
65 16582 14090
66 17010 5712
67 17928 10906
68 17990 10530
69 18068 14010
70 18254 2590
71 18774 22412
72 18930 16324
73 19046 6654
74 19604 14334
75 21386 11046
76 21838 6764
77 22936 6078
78 23482 17842
79 23630 7142
5 12 31 1 3 5 
3 0 4 2 
3 1 4 7 
4 6 0 7 11 
3 2 1 26 
3 0 6 20 
3 5 3 10 
4 3 2 8 9 
3 7 26 36 
3 15 7 23 
3 19 6 14 
3 3 15 17 
3 40 0 13 
3 12 37 48 
3 10 16 22 
3 11 9 24 
3 18 14 17 
3 16 11 21 
3 22 16 21 
3 20 10 30 
3 5 19 29 
3 18 17 25 
3 28 14 18 
3 24 9 35 
3 25 15 23 
3 27 21 24 
3 8 4 58 
3 28 25 32 
3 33 22 27 
3 20 30 44 
3 29 19 33 
3 45 71 0 
3 34 27 39 
3 34 30 28 
3 42 33 32 
3 38 23 36 
3 35 8 41 
3 13 44 43 
3 39 35 56 
3 55 32 38 
3 45 12 51 
3 56 36 58 
3 44 34 50 
3 49 37 46 
4 46 37 29 42 
3 71 31 40 
3 47 43 44 
3 57 53 46 
3 51 13 49 
3 53 48 43 
3 59 42 52 
3 61 40 48 
3 62 50 55 
3 54 49 47 
3 61 53 57 
3 68 52 39 
3 66 38 41 
4 60 54 47 59 
3 70 41 26 
3 57 50 63 
3 72 57 65 
3 71 51 54 
3 63 52 67 
3 64 59 62 
3 69 65 63 
3 60 64 69 
3 76 73 56 
3 75 62 68 
3 67 55 73 
3 74 65 64 
2 77 58 
5 31 45 61 72 78 
3 71 60 74 
3 76 68 66 
3 72 69 75 
3 74 67 79 
3 79 73 66 
2 79 70 
2 71 79 
4 78 75 76 77 
