90
0 1520 7662
1 1528 15656
2 1772 12016
3 2842 15390
4 3164 4120
5 3830 6202
6 3878 4112
7 4126 10772
8 4628 8910
9 4652 8816
10 4672 4686
11 4972 10316
12 5816 16368
13 5992 5756
14 6120 190
15 6520 17208
16 6862 13694
17 6892 6690
18 7116 7934
19 7286 16516
20 7314 4114
21 7580 20750
22 7750 17100
23 8020 18802
24 8042 12868
25 8286 11872
26 8526 9612
27 8586 5154
28 8600 12920
29 8752 1556
30 8778 7956
31 9430 13914
32 9724 12906
33 9822 15394
34 10200 13658
35 10286 78
36 10318 9532
37 10448 4946
38 10698 11966
39 10826 13172
40 10872 18392
41 10942 14118
42 10948 9792
43 10948 10742
44 11144 11856
45 11152 6970
46 11300 11168
47 11424 13204
48 11444 198
49 11504 12338
50 11510 14986
51 11622 6854
52 11628 6376
53 11708 10848
54 11752 12342
55 11800 6760
56 11930 6754
57 11980 7386
58 12004 7284
59 12156 12174
60 12454 16404
61 12548 8934
62 12562 14068
63 13050 8760
64 13158 11230
65 13528 10940
66 13574 18000
67 13582 17468
68 13650 3640
69 14334 12628
70 14870 12614
71 15176 20834
72 15774 11642
73 15972 11864
74 16182 10582
75 16920 4194
76 17516 9326
77 17772 20408
78 17876 10210
79 17900 9244
80 18120 9286
81 18316 10172
82 20322 15196
83 20452 10848
84 20670 12966
85 21792 6336
86 21814 8208
87 22054 12652
88 23136 4934
89 23308 19736
3 2 1 4 
4 21 0 2 3 
3 1 0 5 
3 12 1 7 
3 0 14 6 
3 9 2 6 
5 20 10 5 4 29 
3 3 8 11 
3 11 7 9 
3 8 5 18 
3 27 13 6 
3 16 7 8 
3 15 3 16 
3 45 17 10 
3 29 4 35 
3 21 12 19 
3 12 11 24 
3 30 18 13 
3 26 9 17 
3 22 15 28 
3 37 6 68 
5 71 1 15 23 40 
3 23 19 31 
3 21 22 33 
3 28 16 25 
3 38 24 26 
3 43 25 18 
3 55 10 37 
3 19 24 32 
3 68 6 14 
3 61 36 17 
3 22 32 34 
3 31 28 38 
4 23 34 41 50 
4 33 31 49 39 
2 48 14 
3 42 43 30 
4 52 27 20 75 
3 32 25 44 
3 47 34 54 
3 21 60 66 
3 33 47 62 
3 53 36 61 
3 46 26 36 
3 49 38 46 
3 57 13 51 
3 44 43 53 
3 41 39 59 
2 88 35 
3 54 34 44 
3 60 33 62 
3 58 45 55 
3 79 56 37 
3 64 46 42 
3 39 49 59 
3 51 27 56 
3 76 55 52 
3 63 45 58 
3 74 57 51 
3 47 54 64 
3 67 40 50 
3 42 30 63 
3 50 41 69 
4 72 65 61 57 
3 59 53 65 
3 69 64 63 
3 77 40 67 
3 66 60 70 
3 75 20 29 
3 62 65 70 
3 67 69 73 
3 21 77 89 
3 73 63 74 
3 82 70 72 
3 72 58 78 
3 88 37 68 
3 78 56 79 
3 71 66 89 
3 74 76 81 
3 80 76 52 
3 81 79 85 
3 83 78 80 
3 89 73 84 
3 84 81 86 
3 82 83 87 
3 86 80 88 
3 87 83 85 
3 89 84 86 
4 89 85 75 48 
5 71 77 82 87 88 
