904
0 202 799
1 555 48
2 541 668
3 516 220
4 192 120
5 631 355
6 532 489
7 212 531
8 395 175
9 516 468
10 193 31
11 446 763
12 351 796
13 433 520
14 671 648
15 541 627
16 621 355
17 555 125
18 514 374
19 582 119
20 395 155
21 10 468
22 555 152
23 221 -7
24 515 743
25 293 253
26 719 186
27 380 422
28 161 2
29 404 759
30 41 686
31 45 78
32 476 567
33 74 595
34 395 99
35 62 680
36 791 398
37 334 463
38 451 422
39 448 606
40 492 520
41 755 178
42 334 497
43 559 468
44 464 489
45 415 144
46 433 513
47 355 639
48 209 204
49 728 385
50 665 355
51 161 -1
52 423 439
53 403 648
54 94 641
55 321 428
56 682 689
57 293 230
58 411 472
59 723 68
60 486 608
61 501 520
62 33 676
63 405 521
64 332 607
65 483 489
66 503 174
67 201 799
68 267 204
69 41 697
70 33 633
71 70 678
72 579 513
73 321 648
74 33 595
75 456 520
76 423 479
77 375 218
78 526 608
79 719 68
80 355 612
81 453 44
82 396 422
83 515 725
84 411 465
85 405 464
86 108 432
87 233 434
88 68 66
89 515 763
90 192 87
91 721 68
92 719 182
93 363 836
94 202 740
95 419 547
96 662 56
97 405 442
98 293 428
99 535 502
100 792 581
101 -14 551
102 524 178
103 791 227
104 229 -7
105 421 218
106 36 355
107 582 172
108 509 345
109 694 640
110 438 45
111 355 621
112 478 489
113 94 617
114 419 629
115 674 589
116 615 350
117 275 428
118 791 449
119 132 799
120 192 136
121 673 372
122 -7 380
123 433 178
124 110 575
125 212 611
126 524 218
127 516 388
128 481 763
129 202 751
130 360 211
131 319 -7
132 682 604
133 286 204
134 108 468
135 792 626
136 554 369
137 45 109
138 708 581
139 423 461
140 419 532
141 -14 530
142 386 175
143 682 640
144 375 198
145 322 751
146 403 576
147 509 422
148 319 29
149 582 200
150 390 477
151 392 802
152 192 143
153 34 788
154 562 346
155 555 154
156 661 496
157 -7 367
158 223 607
159 389 836
160 156 574
161 321 633
162 791 241
163 597 578
164 554 376
165 34 758
166 441 174
167 766 496
168 62 688
169 565 197
170 678 539
171 39 575
172 416 168
173 739 539
174 582 176
175 205 171
176 355 485
177 463 218
178 791 197
179 312 198
180 514 341
181 394 38
182 506 220
183 512 178
184 426 178
185 101 313
186 16 468
187 334 599
188 392 783
189 575 220
190 775 398
191 428 763
192 223 580
193 391 230
194 671 602
195 74 600
196 417 422
197 308 198
198 669 56
199 575 468
200 209 271
201 62 699
202 616 56
203 76 699
204 633 294
205 285 204
206 212 521
207 755 163
208 355 614
209 127 418
210 205 190
211 248 428
212 227 548
213 101 290
214 661 536
215 405 500
216 438 66
217 212 428
218 163 -7
219 101 389
220 355 588
221 312 753
222 582 220
223 524 199
224 35 468
225 755 100
226 514 352
227 555 174
228 72 678
229 -7 355
230 491 44
231 355 568
232 530 608
233 205 204
234 334 479
235 766 482
236 293 269
237 652 536
238 579 520
239 -14 575
240 424 422
241 592 56
242 193 555
243 199 87
244 293 279
245 414 38
246 609 578
247 500 763
248 355 505
249 403 573
250 344 410
251 306 753
252 450 608
253 564 220
254 360 477
255 0 389
256 755 109
257 328 230
258 405 487
259 355 603
260 360 207
261 464 178
262 563 200
263 515 738
264 516 390
265 661 501
266 321 751
267 558 390
268 403 751
269 175 555
270 520 489
271 395 110
272 664 524
273 766 485
274 680 496
275 367 410
276 739 197
277 305 198
278 791 482
279 456 255
280 212 434
281 680 539
282 555 134
283 392 804
284 363 198
285 729 350
286 161 -7
287 710 648
288 424 66
289 509 414
290 497 489
291 773 524
292 84 355
293 185 31
294 191 649
295 682 690
296 321 431
297 746 626
298 347 228
299 368 410
300 773 534
301 607 355
302 526 489
303 202 770
304 117 271
305 33 665
306 516 433
307 478 439
308 343 648
309 693 648
310 293 281
311 509 218
312 -14 468
313 325 648
314 215 434
315 667 640
316 652 578
317 334 554
318 276 -7
319 538 468
320 779 197
321 94 611
322 708 626
323 -7 389
324 206 740
325 472 422
326 263 428
327 411 422
328 392 811
329 735 347
330 723 98
331 648 648
332 582 98
333 715 56
334 524 202
335 393 422
336 74 636
337 161 31
338 584 355
339 521 608
340 525 174
341 516 402
342 289 753
343 12 389
344 648 350
345 293 431
346 515 668
347 293 258
348 286 198
349 -14 514
350 57 389
351 791 343
352 535 514
353 438 46
354 582 67
355 355 498
356 99 649
357 319 13
358 -14 540
359 109 575
360 671 640
361 554 387
362 419 763
363 288 253
364 749 385
365 34 701
366 661 512
367 596 56
368 563 197
369 661 355
370 132 826
371 403 514
372 671 589
373 719 178
374 41 575
375 766 581
376 404 751
377 245 204
378 41 678
379 374 410
380 377 422
381 509 341
382 579 491
383 425 439
384 476 597
385 124 468
386 438 168
387 85 48
388 632 578
389 739 496
390 695 385
391 402 245
392 205 181
393 527 44
394 415 168
395 274 -7
396 -7 575
397 395 130
398 791 477
399 392 831
400 682 687
401 791 288
402 735 343
403 404 648
404 62 595
405 784 398
406 791 443
407 360 485
408 524 214
409 661 56
410 765 581
411 355 547
412 405 513
413 719 350
414 47 799
415 676 539
416 419 562
417 582 155
418 192 649
419 633 310
420 398 485
421 4 389
422 476 608
423 533 44
424 411 521
425 446 178
426 403 554
427 45 55
428 411 473
429 347 230
430 360 222
431 433 492
432 603 350
433 457 178
434 671 601
435 469 422
436 76 809
437 514 388
438 223 609
439 179 31
440 556 340
441 -14 504
442 356 207
443 127 464
444 385 836
445 377 410
446 177 -7
447 485 439
448 501 178
449 445 763
450 507 218
451 448 608
452 116 468
453 127 399
454 541 608
455 624 310
456 780 626
457 101 271
458 227 521
459 755 99
460 749 178
461 729 99
462 792 606
463 516 412
464 351 836
465 485 460
466 656 355
467 283 428
468 582 149
469 207 555
470 -14 550
471 345 648
472 377 419
473 381 218
474 515 676
475 504 489
476 92 447
477 682 638
478 760 626
479 719 66
480 390 38
481 791 337
482 438 44
483 127 430
484 107 575
485 334 484
486 499 763
487 -14 538
488 394 751
489 68 57
490 579 563
491 791 335
492 245 753
493 62 580
494 34 699
495 390 485
496 766 397
497 -7 381
498 58 468
499 36 595
500 563 199
501 277 258
502 214 271
503 50 7
504 441 218
505 344 419
506 161 8
507 199 31
508 791 410
509 319 -2
510 45 84
511 476 569
512 555 51
513 392 751
514 101 355
515 62 678
516 766 486
517 485 479
518 334 453
519 579 493
520 48 355
521 318 631
522 101 333
523 438 174
524 555 64
525 559 363
526 205 179
527 450 578
528 -14 533
529 791 205
530 419 635
531 380 38
532 264 281
533 156 799
534 210 -7
535 448 532
536 582 203
537 419 577
538 405 483
539 541 620
540 626 294
541 333 434
542 791 437
543 132 803
544 524 208
545 227 541
546 433 489
547 192 90
548 202 775
549 516 438
550 375 410
551 295 753
552 392 764
553 333 448
554 336 428
555 395 167
556 395 94
557 682 650
558 351 772
559 535 520
560 355 638
561 514 608
562 403 556
563 351 761
564 223 564
565 735 350
566 691 385
567 210 555
568 562 340
569 791 434
570 206 651
571 766 385
572 214 281
573 80 389
574 411 475
575 55 799
576 79 692
577 68 68
578 432 168
579 223 581
580 405 520
581 166 611
582 554 344
583 664 535
584 355 560
585 360 230
586 223 611
587 700 524
588 455 520
589 45 96
590 480 220
591 791 229
592 541 647
593 731 626
594 491 489
595 526 390
596 101 345
597 76 799
598 48 468
599 402 255
600 619 56
601 412 218
602 94 615
603 673 385
604 582 197
605 682 671
606 554 388
607 203 555
608 443 763
609 395 136
610 739 343
611 94 649
612 791 459
613 315 198
614 199 -7
615 -7 378
616 50 48
617 403 495
618 755 101
619 455 178
620 156 801
621 773 539
622 498 520
623 415 99
624 486 218
625 480 253
626 723 350
627 719 56
628 695 496
629 155 271
630 731 178
631 183 649
632 536 388
633 701 385
634 367 198
635 579 486
636 418 66
637 532 520
638 476 602
639 311 198
640 719 197
641 68 595
642 94 622
643 45 132
644 351 751
645 627 355
646 99 659
647 448 543
648 419 602
649 85 7
650 351 757
651 721 626
652 232 -7
653 448 565
654 38 678
655 623 350
656 310 431
657 202 748
658 355 574
659 450 567
660 474 255
661 62 575
662 554 340
663 480 234
664 -14 488
665 783 581
666 720 581
667 386 178
668 124 464
669 92 432
670 752 99
671 74 678
672 333 453
673 334 568
674 582 190
675 355 511
676 318 607
677 791 207
678 579 570
679 483 218
680 509 421
681 624 294
682 392 803
683 192 128
684 575 200
685 448 534
686 411 430
687 518 390
688 574 355
689 347 207
690 661 533
691 648 640
692 127 389
693 218 611
694 227 543
695 201 817
696 344 428
697 156 813
698 222 153
699 404 635
700 543 220
701 156 575
702 40 355
703 766 495
704 202 753
705 257 204
706 33 666
707 579 468
708 383 218
709 161 271
710 541 652
711 190 817
712 582 56
713 231 753
714 212 549
715 334 648
716 33 607
717 682 648
718 480 763
719 415 157
720 206 743
721 403 558
722 113 575
723 68 55
724 723 99
725 415 94
726 206 649
727 766 391
728 223 171
729 771 482
730 666 56
731 545 174
732 365 198
733 485 463
734 554 352
735 316 -7
736 541 645
737 41 576
738 76 692
739 14 575
740 60 48
741 791 340
742 334 556
743 336 751
744 458 218
745 439 44
746 331 751
747 146 575
748 375 205
749 415 160
750 483 174
751 541 636
752 334 607
753 448 538
754 766 398
755 -7 376
756 499 218
757 732 99
758 404 640
759 480 255
760 328 198
761 496 178
762 754 343
763 755 159
764 694 56
765 156 555
766 516 422
767 791 252
768 76 826
769 183 651
770 428 218
771 292 434
772 277 253
773 212 555
774 535 489
775 355 648
776 286 200
777 412 635
778 555 79
779 41 595
780 701 496
781 459 422
782 568 350
783 206 753
784 512 608
785 85 27
786 223 548
787 559 340
788 62 55
789 515 735
790 711 350
791 -4 468
792 514 44
793 74 609
794 223 153
795 216 204
796 514 376
797 562 350
798 286 434
799 38 389
800 351 198
801 673 355
802 671 690
803 751 99
804 792 591
805 671 593
806 559 390
807 76 817
808 33 647
809 13 575
810 492 489
811 45 106
812 516 459
813 33 610
814 598 578
815 555 68
816 334 574
817 528 489
818 99 692
819 473 44
820 737 626
821 483 220
822 640 355
823 47 389
824 192 130
825 579 578
826 156 817
827 127 391
828 403 529
829 524 204
830 735 496
831 403 485
832 33 678
833 392 422
834 192 94
835 555 44
836 395 102
837 41 699
838 438 763
839 68 132
840 714 524
841 559 380
842 579 543
843 402 230
844 740 524
845 582 183
846 450 601
847 764 524
848 415 159
849 418 38
850 151 799
851 392 812
852 192 153
853 101 294
854 710 640
855 671 666
856 644 578
857 779 626
858 673 381
859 404 763
860 684 648
861 479 422
862 321 631
863 682 589
864 664 539
865 405 444
866 619 578
867 424 255
868 17 575
869 733 385
870 665 640
871 403 621
872 405 422
873 116 389
874 712 539
875 286 199
876 392 836
877 192 97
878 319 38
879 101 325
880 298 753
881 559 355
882 327 38
883 551 390
884 368 477
885 92 468
886 582 90
887 355 625
888 308 753
889 277 281
890 390 484
891 411 468
892 34 799
893 321 753
894 448 562
895 101 275
896 561 468
897 535 174
898 355 573
899 223 596
900 511 341
901 792 586
902 671 618
903 516 416
4 695 67 548 783 
3 712 512 835 
3 24 710 331 
2 700 182 
2 683 877 
2 822 645 
2 774 817 
3 786 714 206 
3 667 394 523 
3 319 517 812 
2 507 293 
2 718 449 
2 464 558 
4 588 535 537 46 
2 855 360 
2 751 539 
2 645 301 
2 282 778 
2 796 226 
2 468 332 
2 555 609 
2 186 791 
2 155 282 
2 104 534 
3 89 263 2 
3 347 363 57 
2 640 92 
2 833 380 
2 506 51 
2 859 376 
2 69 378 
2 510 427 
3 511 659 490 
4 321 195 641 493 
2 836 556 
2 168 515 
3 508 405 351 
2 234 518 
2 781 240 
2 451 653 
2 622 75 
3 320 460 207 
2 317 485 
2 896 319 
2 112 546 
2 719 623 
2 13 431 
2 775 560 
2 795 233 
2 869 633 
2 801 369 
3 28 649 614 
3 383 139 686 
3 376 775 871 
2 611 642 
2 554 98 
3 295 400 287 
3 257 25 133 
2 428 891 
4 670 330 91 627 
2 784 422 
2 637 622 
2 832 706 
3 424 562 580 
3 752 862 676 
2 594 112 
2 340 750 
2 0 533 
3 205 772 705 
2 837 30 
2 808 813 
2 228 515 
2 238 519 
3 313 266 161 
4 499 716 868 737 
2 40 588 
3 546 140 139 
3 473 585 748 
2 232 339 
3 91 674 479 
2 208 259 
2 819 745 
3 872 150 335 
2 789 474 
2 891 686 
2 538 865 
3 668 669 873 
3 798 458 314 
2 577 489 
4 399 247 24 802 
3 243 547 439 
2 59 79 
2 26 373 
2 444 464 
3 657 769 570 
2 416 140 
2 730 409 
3 865 831 872 
2 55 467 
2 352 774 
3 901 278 178 
2 239 470 
3 223 183 227 
2 591 677 
2 652 23 
3 770 843 601 
3 702 323 643 
2 174 417 
2 289 381 
2 854 143 
2 353 482 
2 887 208 
3 65 44 517 
2 642 602 
3 530 648 451 
2 863 372 
2 655 432 
2 467 326 
2 612 406 
3 850 543 818 
2 152 824 
2 858 801 
2 497 615 
2 425 184 
2 722 359 
2 693 581 
3 222 311 408 
3 632 264 437 
2 486 718 
2 704 657 
2 430 260 
2 627 735 
2 477 863 
3 57 205 776 
2 452 885 
3 295 456 462 
2 164 734 
2 643 811 
3 666 863 621 
2 76 52 
3 95 424 76 
2 528 349 
3 667 794 555 
3 109 717 477 
4 748 260 634 667 
2 746 266 
3 699 871 249 
4 306 861 680 437 
2 878 357 
3 536 684 604 
3 890 884 82 
2 682 188 
2 852 120 
2 892 165 
2 797 568 
2 227 22 
4 274 265 707 603 
2 755 229 
4 676 438 773 899 
3 876 444 399 
2 701 765 
2 73 862 
2 767 591 
2 814 825 
2 361 136 
2 153 365 
2 750 523 
3 291 389 703 
2 201 35 
2 604 368 
2 281 415 
2 374 868 
2 578 394 
2 621 874 
2 845 107 
3 728 526 852 
4 407 355 696 254 
2 679 744 
3 100 529 459 
3 613 689 639 
3 226 900 662 
2 245 480 
2 3 821 
2 102 448 
2 123 667 
2 879 853 
2 224 21 
2 752 816 
2 151 552 
2 222 253 
2 405 754 
2 838 362 
2 579 564 
2 843 585 
2 902 434 
2 793 33 
2 240 327 
2 639 277 
3 764 730 835 
3 707 774 896 
2 502 709 
3 203 837 168 
2 600 367 
3 597 201 738 
3 455 540 373 
2 133 68 
2 7 280 
2 41 763 
2 111 80 
2 483 453 
2 233 392 
2 326 217 
3 579 694 672 
2 853 895 
3 864 237 690 
2 412 258 
3 386 288 353 
3 211 280 692 
2 446 286 
2 873 573 
2 259 658 
2 893 888 
4 681 189 126 536 
2 334 102 
2 598 186 
3 618 670 459 
2 18 180 
4 368 102 731 155 
2 671 71 
3 157 312 503 
2 792 819 
2 898 584 
2 454 78 
3 48 709 210 
2 485 37 
3 729 273 754 
2 244 347 
3 214 842 238 
3 237 559 72 
3 396 892 101 
2 38 196 
2 367 712 
2 607 269 
3 698 90 507 
2 310 236 
2 849 181 
2 866 814 
2 89 486 
2 675 355 
2 146 721 
3 275 505 310 
2 888 880 
3 422 451 846 
2 189 700 
3 884 176 380 
2 421 323 
2 763 618 
2 429 57 
2 215 538 
2 80 220 
3 130 442 144 
2 761 433 
3 684 408 500 
2 24 789 
3 687 341 127 
3 272 366 156 
3 145 893 73 
2 806 883 
2 376 488 
2 242 765 
2 302 475 
2 397 836 
3 587 583 265 
2 516 235 
2 628 156 
2 299 250 
2 320 640 
2 197 348 
4 100 291 729 398 
2 660 867 
3 314 206 217 
2 874 170 
2 22 17 
2 328 682 
2 732 800 
2 565 626 
2 218 503 
4 56 309 854 456 
2 216 636 
2 680 108 
2 475 810 
4 300 847 167 278 
2 514 520 
2 10 439 
3 418 769 631 
4 876 802 56 135 
3 541 656 554 
2 478 820 
2 429 689 
2 379 275 
2 621 291 
2 16 338 
2 817 270 
2 548 704 
3 629 457 852 
2 706 808 
4 549 447 147 766 
2 447 383 
2 471 715 
2 287 860 
3 250 889 244 
2 126 450 
4 791 664 229 323 
2 715 73 
2 87 280 
2 360 870 
3 372 856 864 
2 742 42 
2 735 395 
2 43 9 
3 529 276 41 
3 581 602 33 
3 651 477 375 
4 255 312 497 106 
2 720 570 
2 861 435 
3 117 345 211 
2 196 872 
2 851 283 
2 565 402 
2 724 59 
3 855 2 691 
2 19 886 
2 627 764 
2 829 223 
2 82 833 
2 671 793 
3 439 387 506 
2 301 688 
2 78 561 
2 897 66 
2 463 264 
2 551 492 
3 799 669 421 
2 790 655 
3 656 798 326 
3 474 530 751 
2 236 25 
3 277 875 728 
2 141 441 
2 573 823 
3 36 762 741 
2 559 99 
2 216 110 
2 886 712 
2 248 176 
4 631 769 646 611 
2 148 509 
2 470 487 
2 124 484 
3 14 315 902 
2 606 164 
2 191 859 
2 25 772 
2 571 869 
2 165 494 
2 690 265 
2 202 241 
3 169 500 227 
2 50 466 
4 464 768 543 826 
2 828 617 
3 115 805 316 
4 630 92 204 724 
3 661 737 171 
3 665 322 410 
5 29 650 268 53 403 
2 705 795 
3 515 30 654 
2 550 299 
3 27 254 472 
3 900 108 759 
2 519 635 
2 307 52 
2 638 511 
3 765 452 668 
3 523 578 216 
4 723 740 785 337 
2 856 866 
2 167 830 
2 633 566 
2 599 843 
2 210 526 
2 423 792 
3 172 8 749 
3 318 507 652 
2 809 239 
2 609 271 
2 278 612 
3 159 851 89 
2 56 605 
2 491 767 
3 610 329 419 
2 376 758 
2 641 779 
3 36 190 571 
2 118 542 
2 495 176 
3 126 544 262 
2 96 600 
2 375 666 
2 584 675 
2 580 215 
2 626 790 
2 575 892 
2 170 864 
2 537 95 
2 107 468 
2 726 294 
3 402 455 640 
2 831 495 
2 343 255 
3 60 252 638 
2 835 393 
3 140 63 574 
2 619 123 
2 562 828 
5 788 31 497 503 616 
2 574 58 
3 585 257 298 
2 585 130 
2 46 546 
2 116 782 
2 261 619 
2 194 805 
2 325 781 
2 807 597 
3 127 147 796 
2 586 158 
3 293 90 337 
2 787 662 
2 349 664 
2 260 689 
3 714 668 483 
2 159 93 
3 472 550 599 
2 614 218 
3 465 307 306 
2 183 761 
2 11 608 
2 311 756 
3 252 114 39 
2 385 134 
2 209 827 
3 539 232 825 
3 419 568 204 
3 135 287 857 
3 304 895 839 
3 545 786 87 
3 178 225 627 
2 41 630 
2 757 724 
2 135 804 
2 903 341 
5 93 768 370 695 12 
2 733 447 
2 369 822 
2 98 117 
2 417 19 
2 567 607 
2 101 358 
2 775 308 
2 380 445 
2 708 77 
2 83 346 
2 270 290 
2 885 669 
3 143 132 322 
2 857 297 
2 79 627 
2 181 531 
2 741 491 
3 745 110 849 
2 443 209 
2 359 661 
2 42 234 
2 247 128 
2 358 528 
2 268 513 
2 88 723 
3 678 32 842 
2 481 401 
2 342 713 
3 33 737 701 
3 837 365 832 
3 420 407 890 
2 754 727 
3 323 122 427 
2 885 598 
2 779 74 
2 262 368 
2 889 772 
3 572 200 705 
5 649 616 427 229 286 
2 744 770 
2 696 250 
2 337 28 
3 243 10 395 
2 569 36 
3 849 357 735 
2 589 31 
2 384 32 
2 524 1 
2 488 644 
3 692 292 596 
3 71 35 378 
2 703 273 
3 112 733 9 
3 37 672 696 
2 72 382 
2 292 702 
3 862 726 586 
2 596 879 
3 166 8 386 
2 815 512 
2 841 881 
2 392 175 
2 846 659 
2 487 141 
3 677 320 178 
3 346 777 114 
2 480 882 
2 889 572 
3 67 620 850 
2 23 614 
3 842 685 13 
2 222 149 
3 648 416 13 
2 258 85 
2 15 454 
2 204 681 
4 553 771 296 696 
2 406 569 
2 370 119 
2 408 829 
2 694 458 
3 44 431 76 
2 834 90 
2 0 303 
2 812 306 
2 445 379 
2 880 342 
3 188 563 859 
2 672 541 
3 696 296 55 
3 142 20 749 
3 725 34 878 
2 605 717 
2 12 563 
3 238 637 352 
3 47 752 887 
2 339 784 
3 721 426 63 
3 552 558 650 
2 192 786 
4 571 801 285 329 
2 390 603 
2 773 469 
3 154 787 455 
2 542 508 
3 324 94 726 
4 405 727 364 565 
3 532 879 502 
2 219 350 
2 424 428 
2 597 414 
2 818 738 
2 839 88 
2 386 172 
3 899 192 212 
2 63 412 
2 125 321 
2 734 662 
2 864 272 
2 231 411 
4 193 429 430 77 
4 521 693 701 438 
2 840 272 
2 75 13 
2 811 510 
3 821 663 744 
2 162 103 
2 710 736 
2 820 651 
2 810 65 
2 883 687 
2 514 522 
3 436 575 203 
2 498 224 
3 867 445 391 
2 409 202 
2 105 708 
2 113 321 
3 566 156 858 
3 149 169 674 
2 400 557 
3 806 632 361 
2 469 242 
2 449 838 
2 20 397 
2 762 402 
3 356 738 54 
2 398 118 
2 760 179 
3 534 51 446 
2 122 755 
3 740 427 503 
2 371 831 
2 256 225 
2 433 425 
2 697 533 
4 665 138 173 300 
2 61 40 
2 45 725 
2 756 679 
2 759 663 
2 285 413 
5 459 59 479 333 131 
2 780 274 
2 709 304 
2 460 373 
2 294 356 
2 606 127 
2 49 390 
2 144 732 
2 382 707 
3 288 725 878 
2 559 61 
2 422 384 
2 179 197 
3 276 419 26 
2 33 404 
2 54 113 
3 839 106 137 
2 513 743 
2 5 16 
2 818 356 
3 659 894 753 
2 114 537 
3 785 503 51 
3 563 893 376 
2 593 322 
2 395 104 
2 39 894 
2 378 832 
2 344 116 
2 296 345 
2 129 94 
2 220 898 
3 32 527 647 
2 759 279 
2 484 374 
5 440 881 582 180 681 
2 625 590 
2 441 312 
3 901 375 621 
2 410 138 
4 184 144 142 8 
3 443 385 86 
3 86 476 343 
3 225 803 59 
3 738 228 336 
3 518 212 553 
2 816 742 
3 604 845 79 
2 411 248 
2 64 158 
2 103 529 
2 825 490 
2 624 177 
2 147 289 
3 540 662 222 
2 283 151 
2 824 4 
2 149 262 
2 753 535 
3 52 84 872 
2 595 264 
2 338 881 
3 442 298 179 
2 214 366 
3 870 331 866 
4 217 827 873 514 
2 586 125 
2 212 545 
3 464 711 0 
5 176 518 541 554 505 
2 826 620 
3 794 728 243 
3 777 758 146 
2 253 3 
4 586 493 747 160 
2 520 106 
2 167 516 
2 303 129 
3 68 502 377 
2 62 305 
4 156 635 199 806 
2 601 473 
3 200 629 233 
2 2 592 
2 695 826 
3 241 354 1 
2 492 783 
3 773 443 7 
2 308 313 
2 813 74 
3 860 557 143 
2 128 11 
2 848 45 
2 783 324 
2 249 562 
2 747 124 
3 489 788 387 
3 461 373 330 
3 623 556 636 
3 570 418 521 
2 496 571 
3 348 175 698 
2 278 235 
2 198 96 
2 227 897 
2 634 284 
2 517 465 
2 136 582 
4 131 835 509 318 
2 592 751 
3 493 74 374 
4 576 203 671 611 
2 868 809 
2 387 616 
2 351 481 
2 673 317 
2 644 746 
3 177 590 504 
2 81 482 
2 743 145 
2 701 722 
2 77 144 
3 394 555 848 
2 66 166 
3 736 346 15 
3 560 64 187 
2 647 685 
3 190 235 496 
2 615 157 
2 450 624 
2 803 461 
2 403 699 
3 381 660 625 
2 800 613 
2 448 261 
2 351 610 
2 207 256 
2 333 198 
3 269 160 385 
2 306 903 
2 401 162 
4 370 464 892 807 
3 94 356 294 
2 504 105 
2 541 798 
3 363 501 68 
3 158 567 714 
3 99 6 199 
3 53 471 47 
2 133 875 
2 530 699 
2 17 815 
2 404 499 
2 830 628 
2 435 38 
2 432 797 
3 713 0 720 
2 561 60 
2 387 649 
3 564 7 458 
2 568 440 
2 723 427 
2 263 83 
2 413 344 
2 21 312 
2 393 230 
2 336 195 
3 142 698 878 
2 377 48 
2 437 18 
3 782 881 154 
3 771 87 345 
2 823 343 
2 284 760 
3 121 50 565 
3 295 89 855 
2 670 757 
2 462 901 
2 434 372 
4 707 267 606 841 
2 768 436 
2 305 70 
3 739 832 396 
2 290 594 
2 137 589 
2 9 549 
2 70 716 
2 246 163 
2 778 524 
2 187 673 
2 6 302 
3 119 576 646 
2 230 81 
3 297 854 593 
2 182 590 
2 466 5 
2 350 799 
2 120 683 
3 163 454 678 
3 711 370 697 
2 453 692 
2 426 371 
2 544 334 
2 389 780 
3 617 420 97 
4 654 494 809 62 
2 335 27 
2 877 547 
4 198 1 423 735 
2 271 34 
3 201 494 69 
2 608 191 
3 457 643 577 
2 844 587 
2 806 525 
3 490 535 237 
3 391 193 105 
2 847 840 
2 674 174 
2 252 527 
2 291 844 
2 749 719 
3 482 245 509 
2 533 119 
2 399 328 
3 175 304 152 
2 185 213 
3 287 109 820 
3 802 331 14 
2 316 388 
2 456 478 
2 603 121 
3 362 552 29 
2 309 717 
2 147 325 
3 161 521 64 
3 132 115 138 
4 415 316 214 583 
2 85 97 
3 388 691 246 
2 279 599 
3 171 74 739 
2 364 49 
2 315 691 
2 53 146 
4 327 686 97 82 
3 692 86 219 
2 173 281 
2 776 348 
2 159 295 
2 4 834 
5 882 636 556 794 148 
3 522 185 572 
2 251 551 
4 688 525 662 797 
2 531 878 
2 267 595 
2 150 254 
3 134 498 476 
2 332 354 
2 560 111 
2 221 251 
3 310 532 501 
2 495 150 
2 58 84 
4 414 768 239 153 
3 650 221 266 
2 653 647 
2 213 457 
2 199 43 
2 731 340 
2 658 231 
2 158 579 
2 180 381 
3 804 665 100 
2 360 194 
2 766 463 
