3091
0 1706 968
1 2806 1622
2 208 3716
3 4049 601
4 5847 1754
5 5039 1476
6 -105 1126
7 1157 1943
8 1871 3117
9 749 2050
10 562 2370
11 3961 1682
12 2689 2733
13 2282 2829
14 5030 118
15 4865 2173
16 3419 5344
17 2328 94
18 2490 3732
19 3898 250
20 4534 3088
21 1283 1483
22 3658 4091
23 4944 5305
24 1109 1201
25 514 317
26 360 5845
27 1590 805
28 3674 4578
29 3512 2862
30 2060 3537
31 4244 1485
32 5143 772
33 431 3638
34 4269 -8
35 522 3248
36 -105 1174
37 261 3793
38 106 4748
39 445 1901
40 1668 757
41 4038 2864
42 720 268
43 4944 5296
44 3299 5100
45 360 5709
46 1066 1904
47 295 2898
48 4951 3299
49 3684 4151
50 4459 1761
51 1334 5031
52 6000 2458
53 4816 4251
54 1752 1378
55 1477 1494
56 741 251
57 4505 3425
58 5484 4348
59 562 2420
60 4049 740
61 4720 4433
62 5212 772
63 1180 3524
64 3419 5185
65 1463 5290
66 106 4913
67 5277 3733
68 4737 4392
69 2861 1053
70 5212 955
71 2590 3134
72 3921 -6
73 1642 1494
74 3870 5069
75 2650 3163
76 3136 730
77 2423 2987
78 309 3816
79 4559 3882
80 3130 424
81 914 4816
82 342 2898
83 162 2390
84 844 3459
85 1021 4816
86 1345 244
87 140 3576
88 4623 4884
89 1959 187
90 1250 244
91 3837 2658
92 5229 1004
93 218 1781
94 3499 5515
95 4637 4286
96 2999 2475
97 1089 4816
98 1121 2736
99 2298 1955
100 1319 1671
101 2926 3321
102 2347 5245
103 3906 1313
104 2153 4189
105 2353 5112
106 3869 2719
107 3997 1442
108 4313 2337
109 4652 5751
110 3898 262
111 4909 2965
112 1346 5178
113 392 3811
114 4720 4336
115 2786 211
116 2453 187
117 -51 3716
118 4559 3701
119 4505 2872
120 1669 5069
121 1871 3073
122 4368 1313
123 3221 201
124 1741 476
125 804 1943
126 3470 4661
127 3684 4479
128 1011 244
129 4865 2572
130 1471 5331
131 2296 3354
132 4179 1499
133 2926 3381
134 2160 211
135 4137 1528
136 2347 5234
137 1988 3073
138 1423 5178
139 563 2410
140 2430 1042
141 502 1901
142 5069 3641
143 230 316
144 3072 5491
145 2806 1422
146 1413 244
147 4459 1748
148 4734 880
149 1014 3459
150 1651 1352
151 1809 5126
152 3825 3049
153 2778 3198
154 3290 2186
155 5275 4997
156 5210 2285
157 2424 1728
158 1193 5062
159 4780 4284
160 3837 2490
161 4750 1303
162 360 5658
163 754 5037
164 5847 1823
165 595 3248
166 874 4845
167 4944 5276
168 3372 2628
169 1247 1943
170 4266 1313
171 2160 345
172 1809 3386
173 4529 2864
174 1671 733
175 5111 1656
176 4943 2776
177 -51 4024
178 4615 392
179 1132 3363
180 3072 2459
181 5229 983
182 4436 1528
183 889 1299
184 3631 2197
185 4720 4801
186 6009 2458
187 1029 244
188 5039 1768
189 1296 4911
190 2073 2389
191 5069 118
192 2909 646
193 3512 2718
194 4972 3214
195 6000 1919
196 4880 3620
197 3290 2487
198 5661 4211
199 5210 2070
200 -70 3427
201 971 3459
202 5176 2202
203 3158 5491
204 2442 2587
205 5847 1658
206 4492 3581
207 3684 4372
208 5855 1185
209 4340 725
210 2134 3537
211 874 4940
212 758 1358
213 4288 4011
214 42 1781
215 2806 1237
216 5039 1777
217 1478 636
218 1283 1195
219 3118 2496
220 1471 482
221 1913 3073
222 1686 30
223 4253 1330
224 1180 3390
225 1749 187
226 5024 3641
227 5277 4233
228 1463 5276
229 2400 4466
230 1121 3249
231 2468 2864
232 4865 2034
233 4340 732
234 760 5037
235 4603 3589
236 5563 4421
237 4062 -8
238 4637 4251
239 -145 2907
240 1668 710
241 4340 579
242 1014 3766
243 4975 4286
244 3561 2888
245 1296 4893
246 1987 894
247 2436 2829
248 3747 2303
249 1871 3197
250 2464 3625
251 1005 244
252 2389 4615
253 3072 2370
254 3684 4747
255 6031 2284
256 4944 5579
257 3898 404
258 -145 2617
259 5021 118
260 2058 187
261 4074 5562
262 5042 4286
263 5561 4714
264 2389 4500
265 3419 5409
266 1786 187
267 2283 4977
268 1109 1622
269 1590 730
270 1183 1647
271 856 175
272 2833 3583
273 1735 3568
274 5512 4348
275 2022 187
276 2735 211
277 2400 4642
278 2747 3171
279 2105 94
280 2153 3937
281 5039 1849
282 3290 2432
283 1288 4883
284 4340 691
285 4674 825
286 3104 424
287 2296 3541
288 3419 5257
289 3597 2197
290 5277 4251
291 3837 2577
292 984 2728
293 774 4838
294 2102 187
295 196 485
296 5795 983
297 1441 3568
298 942 4775
299 3290 2409
300 4288 4016
301 2443 1208
302 1308 4775
303 514 324
304 318 3576
305 3072 2070
306 131 345
307 1987 876
308 5210 2171
309 3445 4661
310 2443 1602
311 1331 1658
312 2818 3198
313 563 2744
314 263 4101
315 5012 4348
316 2097 2233
317 360 5617
318 3812 2303
319 2000 3864
320 2926 3464
321 4169 1433
322 2909 539
323 3701 2799
324 2164 1049
325 2148 3571
326 2283 4830
327 3290 2618
328 1580 5178
329 3986 1528
330 2057 85
331 1709 5126
332 2347 5172
333 448 2922
334 563 2646
335 4452 1528
336 3070 5491
337 4285 5562
338 -145 2934
339 2443 1201
340 4646 1257
341 2347 5118
342 2023 3864
343 1836 5073
344 548 2294
345 1400 4865
346 3334 730
347 3825 2532
348 4972 2965
349 4459 1703
350 5277 4348
351 112 945
352 -113 2617
353 4865 2064
354 4534 2864
355 3701 2792
356 261 3827
357 3825 2421
358 4413 2327
359 2057 94
360 4058 740
361 2256 3125
362 2340 5112
363 2044 187
364 1590 1121
365 4592 3416
366 5847 1412
367 2029 3073
368 3701 2862
369 353 3811
370 4603 3617
371 4944 5342
372 3814 3146
373 286 4040
374 2246 94
375 562 2759
376 4972 3153
377 4052 550
378 5318 983
379 106 4672
380 4734 825
381 3499 5266
382 3888 5069
383 4888 4310
384 5172 4251
385 4891 4348
386 -51 4278
387 3248 201
388 431 3613
389 4225 550
390 1741 413
391 5164 4348
392 1669 5160
393 3818 3042
394 2057 71
395 3299 4706
396 4464 735
397 1331 1501
398 774 4811
399 4876 4251
400 2650 3197
401 3825 2303
402 853 4638
403 1639 3731
404 5262 2458
405 3837 2402
406 1380 4865
407 4851 2923
408 4049 622
409 5111 1317
410 419 3811
411 4634 4884
412 2085 3537
413 2447 2595
414 2759 1805
415 3512 2842
416 2160 353
417 1671 549
418 999 4816
419 1471 633
420 2350 852
421 4673 3243
422 2116 2429
423 3317 271
424 1590 4087
425 2164 1142
426 1193 5781
427 1470 244
428 2424 1680
429 4559 4000
430 131 407
431 1706 974
432 3824 2964
433 3430 1238
434 4792 2923
435 1342 633
436 5855 1023
437 3299 5112
438 1282 3568
439 4559 4150
440 4008 1528
441 1560 636
442 1668 680
443 169 2390
444 -105 1128
445 3312 730
446 1288 4775
447 5277 3864
448 196 853
449 2116 2978
450 5085 3641
451 2298 2151
452 428 5859
453 2296 3134
454 1296 4998
455 5156 3641
456 3299 5491
457 1088 3903
458 1345 636
459 2157 4840
460 5744 4211
461 3900 236
462 1121 2731
463 562 2657
464 2012 3864
465 5039 1592
466 4559 3811
467 2073 2264
468 4505 3160
469 2869 424
470 1671 849
471 3684 4098
472 3118 2626
473 4734 850
474 2088 5168
475 690 1943
476 4662 5751
477 712 1943
478 563 2717
479 2283 4642
480 4750 845
481 5604 2458
482 -145 3334
483 1807 1352
484 5353 1919
485 3737 2888
486 2063 5168
487 3959 -8
488 5225 5191
489 -63 1781
490 3421 830
491 5026 4286
492 4972 3110
493 2362 1192
494 1372 4815
495 5315 4348
496 4734 1104
497 1977 1378
498 5359 4997
499 1532 3731
500 1014 3838
501 77 2390
502 1087 1195
503 3869 2666
504 4058 3019
505 3900 -6
506 1625 1027
507 5355 4211
508 1871 3290
509 261 4101
510 5575 2458
511 5312 2458
512 3825 2909
513 4944 5751
514 2533 211
515 3791 1313
516 445 1900
517 4940 772
518 4953 3299
519 1927 1352
520 2441 1100
521 3870 4954
522 2022 4189
523 2670 3198
524 4603 3545
525 2020 401
526 5039 1727
527 6031 2236
528 2105 5146
529 674 5859
530 1217 1926
531 5243 1833
532 5088 4310
533 1625 1028
534 2926 3513
535 5365 983
536 2909 586
537 1590 4051
538 4789 2761
539 2275 211
540 5089 4348
541 -51 4083
542 5700 1919
543 5115 4310
544 2430 966
545 3703 740
546 821 2744
547 4459 1439
548 4505 2949
549 309 3831
550 4669 3243
551 3072 3583
552 4880 3641
553 2508 2595
554 4074 5279
555 2761 1805
556 1590 820
557 3073 3344
558 5043 2202
559 1174 1647
560 4186 1442
561 1193 5623
562 4084 550
563 2833 3223
564 2347 4632
565 490 317
566 374 2922
567 1463 5331
568 4641 3253
569 1741 591
570 4720 4829
571 4737 4433
572 1337 633
573 4997 2034
574 1119 2718
575 342 2922
576 230 314
577 2047 4189
578 2105 5156
579 4944 5609
580 795 175
581 1945 187
582 -105 1664
583 4253 1325
584 2169 2978
585 2424 1611
586 3499 5490
587 3705 2601
588 4244 1499
589 1709 5024
590 -145 2700
591 5230 4348
592 2347 4625
593 5367 1919
594 45 3576
595 781 5859
596 4294 2337
597 1193 5859
598 3499 5180
599 4716 825
600 3465 2070
601 756 244
602 3705 2714
603 3703 1313
604 1679 3731
605 3072 2109
606 3380 2481
607 4505 3133
608 1552 1195
609 3837 2321
610 4721 1257
611 3674 4180
612 1014 3802
613 1679 3584
614 2296 3321
615 2053 974
616 512 2922
617 1590 774
618 4368 1305
619 3588 2303
620 2833 3312
621 263 4040
622 106 4907
623 360 5175
624 5459 2458
625 5042 4251
626 774 4864
627 1283 1438
628 2029 3121
629 5212 1108
630 5773 4115
631 958 1299
632 4505 3221
633 472 3189
634 3248 2718
635 3835 2610
636 3837 2303
637 1669 5037
638 2298 2085
639 2445 3783
640 4122 740
641 2806 1414
642 -105 1516
643 4492 3773
644 5771 4495
645 3564 4621
646 3073 3451
647 2148 3537
648 2495 1100
649 3299 4690
650 2105 5056
651 4913 2776
652 3422 869
653 1558 636
654 506 1901
655 1334 5143
656 3585 1238
657 4615 24
658 3269 4690
659 3192 730
660 1671 787
661 4459 1844
662 4459 1403
663 4750 1109
664 3421 730
665 1535 1195
666 134 3716
667 1178 244
668 3380 2358
669 261 3733
670 887 4666
671 1752 3436
672 5778 1919
673 2148 3746
674 2277 3125
675 4288 3901
676 2356 2829
677 -16 2507
678 2801 211
679 3684 4580
680 2389 4466
681 5615 2458
682 3684 4171
683 3835 2752
684 797 1299
685 4865 2202
686 5515 1919
687 5656 2458
688 2492 2595
689 3684 4749
690 5538 983
691 4459 1722
692 3539 4621
693 1834 4087
694 3674 4621
695 2909 527
696 3639 4621
697 4587 4176
698 2296 3528
699 3041 1782
700 4459 1611
701 910 4816
702 1590 922
703 4865 2468
704 2298 2313
705 5847 1507
706 3073 3302
707 2283 4987
708 2218 1979
709 553 2322
710 3869 2864
711 1283 1615
712 5847 1829
713 3419 5464
714 6031 2430
715 1307 633
716 1389 5178
717 4304 4098
718 855 3459
719 2600 3134
720 1066 1691
721 563 2294
722 3494 2070
723 3468 5515
724 4253 1433
725 2160 335
726 1718 5020
727 4789 2918
728 4574 4294
729 2480 139
730 2926 3583
731 251 3259
732 3732 4098
733 1244 1943
734 5212 1014
735 1669 5171
736 1253 633
737 1193 5597
738 546 1795
739 954 4775
740 3002 1805
741 514 475
742 563 2635
743 2202 2233
744 758 1369
745 4810 772
746 3900 170
747 2117 3864
748 2318 2829
749 4231 740
750 1304 633
751 2342 2829
752 4572 825
753 3499 5439
754 4505 3416
755 4115 1499
756 1288 4884
757 4750 1352
758 2220 1955
759 3705 2775
760 4359 2327
761 4918 5751
762 2650 3169
763 2689 2988
764 522 3184
765 3415 2070
766 1937 4189
767 420 3259
768 895 2744
769 2347 5112
770 4292 2337
771 3064 3583
772 3419 5462
773 106 4703
774 4505 2941
775 1706 688
776 4534 2959
777 2282 2860
778 5212 853
779 1463 5237
780 2479 211
781 1224 1926
782 887 4638
783 5210 2458
784 472 3248
785 3791 480
786 2298 2338
787 3076 3245
788 2920 5491
789 4880 2965
790 3299 5136
791 3937 1442
792 2689 3171
793 3684 4207
794 3837 2197
795 4890 4348
796 2337 211
797 2375 3557
798 2595 2662
799 1118 1694
800 4067 550
801 -105 1286
802 4058 3053
803 20 945
804 2147 187
805 6031 2298
806 3539 4649
807 782 3248
808 641 1943
809 5752 4421
810 -105 1399
811 5198 5261
812 2353 5247
813 4058 2972
814 2689 3006
815 3701 2861
816 1109 1632
817 1966 4985
818 3212 4665
819 3990 3059
820 1726 363
821 4292 2327
822 -105 1109
823 4625 3641
824 3986 1682
825 -51 3827
826 4498 1291
827 2614 5303
828 3073 3385
829 929 4816
830 3839 1413
831 327 3576
832 3674 4543
833 4865 2152
834 3707 740
835 4883 3299
836 3494 2189
837 -105 1729
838 2428 2459
839 4973 2761
840 2283 4815
841 1127 1943
842 2717 5491
843 2347 5157
844 4603 3641
845 3415 2109
846 6031 1919
847 3380 2497
848 1471 337
849 3684 4721
850 1287 633
851 558 481
852 5493 1919
853 1706 855
854 1668 674
855 261 4034
856 4058 2892
857 5225 5261
858 -51 4270
859 1319 1926
860 2831 3198
861 2116 2673
862 4789 2883
863 4880 3456
864 1625 974
865 1296 4992
866 -43 945
867 -145 3246
868 4968 4251
869 4880 2923
870 4847 4310
871 3172 5491
872 110 3716
873 160 945
874 2806 1629
875 3658 4087
876 5659 1919
877 3839 1365
878 2443 1386
879 82 2390
880 2442 2558
881 1826 5020
882 4452 1637
883 6031 2208
884 106 5043
885 2618 5417
886 446 3248
887 3076 3171
888 3789 2888
889 1741 840
890 157 3576
891 4996 1397
892 3073 3339
893 3072 2365
894 1532 3597
895 903 2050
896 2139 4189
897 2364 3557
898 5350 4211
899 1991 4189
900 4581 4294
901 2298 2263
902 4427 735
903 1938 3768
904 2116 2405
905 2389 4552
906 4413 2337
907 2808 3171
908 4780 4324
909 1331 1664
910 5277 3641
911 2926 3299
912 1066 1590
913 322 3576
914 -145 2852
915 1014 3701
916 5561 4393
917 3073 3285
918 5459 4115
919 236 3259
920 360 5697
921 4775 1403
922 2136 187
923 4615 89
924 3349 2718
925 4603 3530
926 3419 5515
927 3835 2373
928 446 3259
929 2063 4985
930 1180 3568
931 -105 977
932 2283 4645
933 1457 1195
934 3031 201
935 5212 935
936 1235 244
937 1463 5319
938 5210 2425
939 3419 5036
940 5100 3641
941 2806 1711
942 5111 2761
943 1321 3568
944 360 5363
945 3839 1581
946 1669 4943
947 5630 4115
948 221 2898
949 2073 2334
950 4539 3416
951 548 2322
952 230 481
953 3527 2189
954 1070 4775
955 95 4591
956 95 3576
957 6031 2087
958 4720 4523
959 5350 4348
960 5229 4251
961 3633 2303
962 4883 4310
963 2392 5303
964 131 282
965 3460 5515
966 4888 2761
967 4550 1257
968 5069 87
969 3512 2888
970 1706 766
971 328 1781
972 3839 1489
973 3869 2658
974 4615 273
975 1264 633
976 2153 3896
977 1758 4888
978 2148 3712
979 2298 2272
980 2347 4642
981 4941 3641
982 2861 998
983 2759 5491
984 3921 -8
985 867 1513
986 1987 434
987 3290 260
988 1604 4087
989 3037 3299
990 1679 3724
991 328 1901
992 2073 3537
993 5037 2776
994 5500 4348
995 548 1901
996 5561 4960
997 1823 4087
998 1304 1943
999 4469 1291
1000 2105 5154
1001 4505 3432
1002 496 1901
1003 2570 2595
1004 1836 5027
1005 4615 213
1006 355 5175
1007 3869 2796
1008 2153 4018
1009 5277 4050
1010 2347 5247
1011 5561 4421
1012 2614 5210
1013 2353 5118
1014 3825 2783
1015 1834 4181
1016 805 3444
1017 1669 5050
1018 1288 4860
1019 196 767
1020 3073 3583
1021 4889 4286
1022 3108 646
1023 196 945
1024 2116 2958
1025 170 3576
1026 4452 1687
1027 1671 638
1028 2490 3783
1029 2796 1411
1030 192 2177
1031 5847 1502
1032 2861 1037
1033 3290 2177
1034 796 4638
1035 2157 4985
1036 4947 4251
1037 3422 1149
1038 -20 3576
1039 3674 4383
1040 1288 5033
1041 2806 1222
1042 1393 4815
1043 998 1299
1044 4961 1397
1045 -51 4332
1046 3535 2189
1047 4509 1403
1048 4228 550
1049 3703 1233
1050 1752 3568
1051 1580 5331
1052 221 2998
1053 1938 3711
1054 4720 4472
1055 1758 4877
1056 5771 4582
1057 5688 1833
1058 3024 2475
1059 2618 5198
1060 -145 3362
1061 1350 636
1062 2116 2820
1063 5561 4582
1064 4599 5751
1065 2029 3120
1066 4269 571
1067 5771 4471
1068 2424 1805
1069 4780 4286
1070 3576 2189
1071 754 4638
1072 3082 1724
1073 5039 1403
1074 1429 244
1075 5210 2202
1076 5855 1412
1077 5041 2173
1078 3299 4874
1079 1822 974
1080 1132 1926
1081 4890 2761
1082 1938 3559
1083 1706 376
1084 -105 1519
1085 3073 3529
1086 5111 1516
1087 3705 2633
1088 4894 4251
1089 95 4552
1090 1713 363
1091 360 5183
1092 4345 5562
1093 2883 5491
1094 4611 3088
1095 874 4931
1096 3791 439
1097 4865 2522
1098 1938 3864
1099 2116 2706
1100 3997 1419
1101 3684 4173
1102 1669 5013
1103 1590 1195
1104 5094 4251
1105 95 4638
1106 1331 1632
1107 4880 3622
1108 4459 1732
1109 1334 5016
1110 2367 1192
1111 3542 1238
1112 499 317
1113 5052 4286
1114 -51 4463
1115 2432 2829
1116 4340 672
1117 2423 3125
1118 2073 1979
1119 2566 1805
1120 656 2898
1121 4536 735
1122 411 317
1123 2185 4634
1124 1288 5071
1125 562 2647
1126 -16 2508
1127 4810 4286
1128 3802 1313
1129 1987 407
1130 1669 4877
1131 4930 5751
1132 5561 4884
1133 5677 4211
1134 4452 1621
1135 -51 3797
1136 2106 4985
1137 969 4775
1138 -21 945
1139 1190 1926
1140 3053 3171
1141 4253 1328
1142 1581 1195
1143 1493 5331
1144 431 3811
1145 3701 2888
1146 4611 3102
1147 2185 894
1148 5059 2173
1149 4999 4348
1150 4049 527
1151 2430 1036
1152 131 365
1153 2831 3531
1154 2442 2488
1155 1971 4985
1156 5561 4750
1157 409 3259
1158 4360 3813
1159 1288 4974
1160 2073 4189
1161 1076 1815
1162 -95 3427
1163 563 2483
1164 2255 894
1165 2811 1100
1166 2157 4624
1167 2012 1378
1168 3535 2888
1169 2708 211
1170 2833 3436
1171 4565 4294
1172 2347 5176
1173 2298 2321
1174 1679 3568
1175 5038 87
1176 2296 94
1177 4780 4258
1178 790 5037
1179 3674 4225
1180 1706 461
1181 2153 3798
1182 3894 2864
1183 1251 1694
1184 4452 1936
1185 5165 2202
1186 3587 2888
1187 1076 1903
1188 2831 3536
1189 2485 1805
1190 2265 4624
1191 5465 4997
1192 1776 1378
1193 196 923
1194 5601 4582
1195 1193 5573
1196 649 2050
1197 591 1834
1198 4944 5687
1199 774 4727
1200 2310 2459
1201 5598 4115
1202 3072 2280
1203 2291 852
1204 1296 4877
1205 1735 1378
1206 2073 2359
1207 3118 2589
1208 4889 4348
1209 2188 3783
1210 3824 2888
1211 -105 1288
1212 5111 1623
1213 3398 2718
1214 4010 1499
1215 4944 2202
1216 610 5859
1217 251 1948
1218 2383 5296
1219 3290 2255
1220 4843 772
1221 2176 2233
1222 1283 1556
1223 2153 3978
1224 1987 541
1225 3705 2888
1226 3422 1074
1227 2376 3557
1228 3997 1384
1229 1356 5178
1230 4505 3512
1231 3841 699
1232 1417 1494
1233 1471 435
1234 1331 1605
1235 1076 1917
1236 230 451
1237 2389 4624
1238 887 4705
1239 5039 1426
1240 1109 1464
1241 1288 4867
1242 4810 4785
1243 2296 3557
1244 5855 1164
1245 984 2744
1246 3674 4331
1247 1331 1494
1248 4124 1433
1249 2093 2389
1250 3660 2888
1251 1193 5690
1252 1109 1647
1253 2833 1724
1254 3674 4250
1255 2443 1192
1256 4884 1397
1257 4951 4310
1258 1354 3568
1259 3075 1782
1260 1087 1201
1261 4548 3088
1262 4623 3243
1263 1836 5066
1264 3785 2189
1265 4492 3663
1266 5329 4211
1267 4382 2337
1268 4603 3479
1269 2997 424
1270 2909 619
1271 988 5859
1272 3588 2224
1273 3317 260
1274 1450 244
1275 3419 5278
1276 740 2744
1277 1752 3415
1278 5790 4115
1279 1826 974
1280 4559 3088
1281 3898 236
1282 1871 3386
1283 1331 1503
1284 5561 4382
1285 1214 244
1286 4880 3299
1287 205 282
1288 3922 2864
1289 2298 3783
1290 2153 4101
1291 -27 3575
1292 2455 3783
1293 4930 2202
1294 360 5465
1295 360 5859
1296 1836 5057
1297 303 1781
1298 3987 1442
1299 4750 833
1300 3814 3245
1301 1076 1778
1302 2833 3248
1303 3703 877
1304 1281 1694
1305 4139 550
1306 3855 3227
1307 68 4508
1308 4244 1442
1309 -145 3427
1310 5313 4348
1311 1193 5375
1312 1956 30
1313 -145 2959
1314 385 5859
1315 169 2177
1316 3290 2554
1317 6031 2211
1318 2441 1192
1319 3900 53
1320 3512 2851
1321 1686 82
1322 910 175
1323 4810 4884
1324 2116 2681
1325 4843 2776
1326 3855 3187
1327 5433 1833
1328 4066 550
1329 4865 2169
1330 1669 5144
1331 4750 1019
1332 4734 1244
1333 472 3213
1334 4656 3253
1335 2804 5491
1336 3793 439
1337 1979 1352
1338 2319 211
1339 4581 5751
1340 5086 4251
1341 4711 3605
1342 4505 3563
1343 1590 694
1344 4492 3813
1345 5140 2173
1346 5039 1707
1347 5735 4421
1348 2073 2324
1349 1463 4865
1350 765 5859
1351 -51 4447
1352 2160 401
1353 4720 4390
1354 4231 590
1355 4371 4294
1356 2157 4686
1357 1709 5050
1358 4802 4884
1359 3295 730
1360 1076 1728
1361 5654 4115
1362 2326 1192
1363 3299 5287
1364 3835 3049
1365 4780 4316
1366 4474 550
1367 639 2922
1368 2468 2890
1369 3869 2737
1370 2347 5131
1371 5561 4401
1372 3874 1682
1373 1087 1299
1374 3825 2859
1375 276 481
1376 1716 363
1377 309 3811
1378 3208 2717
1379 2116 2486
1380 5825 4139
1381 4867 4251
1382 1076 1880
1383 1686 108
1384 449 3248
1385 4615 230
1386 1758 4886
1387 5111 1443
1388 945 1943
1389 3223 2177
1390 3248 5491
1391 5451 4115
1392 5954 2458
1393 5229 1046
1394 2282 2946
1395 5039 1627
1396 5771 4426
1397 4559 4025
1398 6018 1919
1399 3705 2693
1400 774 4789
1401 4156 1442
1402 5039 1736
1403 1627 1352
1404 3786 4904
1405 3049 201
1406 2289 1955
1407 2148 4985
1408 4865 2694
1409 5130 2202
1410 1264 4775
1411 4944 5516
1412 4673 3253
1413 779 209
1414 2926 3519
1415 1089 5014
1416 1429 4815
1417 5561 4997
1418 1132 3386
1419 2282 2957
1420 1752 3386
1421 4311 2327
1422 2872 1805
1423 1590 744
1424 2227 1955
1425 1121 2919
1426 1279 244
1427 1893 1352
1428 -27 3459
1429 4459 1425
1430 5666 4582
1431 4711 3482
1432 754 4677
1433 2116 2468
1434 2833 3518
1435 1471 567
1436 3118 2645
1437 2400 4558
1438 5225 4997
1439 5348 1919
1440 1836 5020
1441 4789 2735
1442 491 1886
1443 1296 5092
1444 911 5859
1445 4372 2337
1446 4737 4390
1447 3701 2725
1448 3600 2189
1449 530 2922
1450 1832 974
1451 3869 2716
1452 1319 1664
1453 1532 3568
1454 -105 1046
1455 2296 3205
1456 5855 986
1457 4711 3641
1458 5855 1132
1459 838 5859
1460 3837 2326
1461 1219 1694
1462 3674 4171
1463 1076 1926
1464 2874 1105
1465 2116 2467
1466 5289 4997
1467 1748 187
1468 4505 2877
1469 367 1784
1470 -51 4419
1471 1131 4003
1472 1829 4985
1473 2791 3198
1474 6031 2109
1475 2361 2459
1476 2468 2847
1477 2443 1497
1478 1590 4003
1479 962 4816
1480 131 483
1481 472 3184
1482 1121 2766
1483 1089 4881
1484 2160 214
1485 4384 4294
1486 1834 4189
1487 805 3255
1488 1625 1334
1489 3900 120
1490 3699 2303
1491 3634 1238
1492 3841 740
1493 1062 2718
1494 4049 716
1495 4868 2776
1496 1733 4087
1497 3746 740
1498 4821 2776
1499 2303 3783
1500 926 3459
1501 2337 2459
1502 553 2922
1503 5855 1229
1504 1241 1647
1505 754 5032
1506 1788 5126
1507 5039 1772
1508 2576 2662
1509 3419 5495
1510 805 3248
1511 3499 5086
1512 1625 1343
1513 1331 1562
1514 2048 3864
1515 2831 3583
1516 1066 1708
1517 548 1947
1518 4484 1403
1519 2618 5034
1520 1871 3088
1521 4668 3416
1522 1283 1400
1523 4375 735
1524 3825 2396
1525 221 3188
1526 4126 1442
1527 5855 1189
1528 2468 2829
1529 3869 2806
1530 3033 2459
1531 2164 1192
1532 1987 401
1533 2157 4789
1534 2490 3769
1535 1334 5141
1536 3422 1132
1537 2743 3198
1538 4123 5562
1539 2298 1979
1540 1434 4865
1541 1695 1494
1542 2837 1126
1543 3260 730
1544 4907 2034
1545 2282 2870
1546 2055 974
1547 1684 1494
1548 4031 3059
1549 4045 2864
1550 -105 1364
1551 887 4660
1552 765 5037
1553 4750 1397
1554 4268 4016
1555 3499 5467
1556 779 242
1557 2583 211
1558 4603 3585
1559 5111 1680
1560 1948 30
1561 2085 5168
1562 3835 2968
1563 4734 1044
1564 770 4638
1565 563 2370
1566 4944 5261
1567 3898 281
1568 2298 2101
1569 1706 363
1570 95 4520
1571 5847 1695
1572 2383 5175
1573 5216 3641
1574 -105 1532
1575 874 5008
1576 1463 5224
1577 656 2875
1578 2926 3578
1579 836 2744
1580 5229 1108
1581 4990 2776
1582 1193 5037
1583 2484 5303
1584 251 2164
1585 4340 735
1586 5102 3641
1587 1771 5020
1588 149 5175
1589 3476 5515
1590 383 3259
1591 2026 187
1592 787 5037
1593 2895 5491
1594 562 2782
1595 1924 30
1596 882 1943
1597 2113 2389
1598 3837 2355
1599 1938 3537
1600 5825 4115
1601 4794 4286
1602 3072 2186
1603 3684 4291
1604 1580 5296
1605 4168 550
1606 2468 2987
1607 4581 4286
1608 4048 2864
1609 3723 740
1610 5039 1954
1611 4415 3813
1612 656 2881
1613 2376 3134
1614 2443 1530
1615 3003 424
1616 4452 1794
1617 2164 996
1618 2202 4634
1619 1855 974
1620 3380 2462
1621 5111 1815
1622 4459 1821
1623 4873 5751
1624 1726 5020
1625 401 3576
1626 5225 5067
1627 4147 1442
1628 562 2728
1629 3512 2742
1630 1014 3903
1631 4253 1424
1632 2148 3786
1633 4074 5354
1634 1089 5037
1635 4074 5069
1636 3674 4512
1637 1066 1299
1638 4720 4610
1639 2137 2233
1640 1669 5178
1641 1193 5572
1642 4536 1291
1643 3422 839
1644 1288 5093
1645 2298 2329
1646 774 4837
1647 562 2442
1648 4810 4453
1649 2006 4985
1650 3307 415
1651 3723 4098
1652 3791 572
1653 774 4724
1654 1959 30
1655 4611 3228
1656 4231 735
1657 3415 2177
1658 2283 5112
1659 5737 4421
1660 3063 646
1661 5168 5261
1662 2211 2085
1663 1125 5859
1664 944 1483
1665 2383 5122
1666 874 5005
1667 2292 852
1668 5111 1622
1669 1625 1242
1670 2480 187
1671 2359 3125
1672 5277 3746
1673 2202 2150
1674 4459 1584
1675 5064 1241
1676 2470 3625
1677 5079 772
1678 854 1943
1679 5854 2458
1680 -145 2745
1681 1668 815
1682 196 495
1683 522 3193
1684 5678 4582
1685 2214 894
1686 4603 3629
1687 324 5175
1688 106 4661
1689 2347 852
1690 1193 5470
1691 -51 4018
1692 3977 3059
1693 4366 5751
1694 2561 3134
1695 2153 3783
1696 2430 1062
1697 4975 4310
1698 2174 4634
1699 5445 1919
1700 3686 4904
1701 3380 2412
1702 3837 2195
1703 1767 3386
1704 496 1886
1705 5607 4582
1706 4865 2735
1707 3968 2864
1708 5771 4571
1709 798 4638
1710 2926 3478
1711 2390 94
1712 2872 201
1713 3884 1313
1714 5561 4625
1715 1760 4985
1716 2527 211
1717 867 1473
1718 1109 1320
1719 -51 4508
1720 2249 894
1721 3027 2496
1722 4322 -8
1723 3380 2500
1724 2296 3413
1725 3060 2459
1726 5855 1052
1727 360 5273
1728 5464 4211
1729 251 2177
1730 2543 5303
1731 5431 4348
1732 4615 108
1733 437 2922
1734 1669 5114
1735 3634 1365
1736 2160 365
1737 1014 3840
1738 4972 3299
1739 4603 3478
1740 4776 4324
1741 1758 4923
1742 3073 3391
1743 3896 3187
1744 3674 4091
1745 1021 4775
1746 3898 439
1747 1333 636
1748 302 3576
1749 2681 1805
1750 5021 87
1751 4564 550
1752 1121 2718
1753 4572 550
1754 653 352
1755 562 2666
1756 3082 1762
1757 -63 3427
1758 4459 1896
1759 4972 3147
1760 2283 5103
1761 5813 4211
1762 1669 5091
1763 991 4775
1764 95 4594
1765 3317 411
1766 380 317
1767 4366 5616
1768 2296 3461
1769 2157 4699
1770 5097 2173
1771 3396 4661
1772 2874 998
1773 2806 1151
1774 596 2875
1775 2148 3563
1776 590 2922
1777 5568 2458
1778 445 1886
1779 2443 1311
1780 2430 937
1781 4615 461
1782 1668 772
1783 4811 4310
1784 3824 2967
1785 4231 690
1786 4346 3813
1787 4559 3922
1788 1109 1195
1789 2340 3125
1790 2472 3783
1791 230 282
1792 3732 4087
1793 -63 2617
1794 3835 2382
1795 1669 5100
1796 2341 3783
1797 1836 5126
1798 1027 2718
1799 2874 1058
1800 3076 3181
1801 3701 2655
1802 2296 3137
1803 3686 4780
1804 5648 4115
1805 3889 2864
1806 1109 1362
1807 189 282
1808 5855 1365
1809 1089 4994
1810 754 4864
1811 4865 2168
1812 3033 2475
1813 1283 1465
1814 2383 5271
1815 969 244
1816 4340 -8
1817 1590 4045
1818 4012 1499
1819 1180 3434
1820 3482 2070
1821 4244 1450
1822 2378 2459
1823 4048 5069
1824 2164 974
1825 106 4649
1826 4734 966
1827 1735 1449
1828 4559 3478
1829 3166 730
1830 4241 550
1831 2833 3530
1832 3703 1270
1833 1087 1199
1834 -27 3576
1835 539 3248
1836 4881 1397
1837 3890 3187
1838 1463 4815
1839 1668 545
1840 106 5067
1841 2157 4685
1842 3900 -1
1843 1429 4865
1844 2124 2233
1845 1741 389
1846 2211 1192
1847 4060 1499
1848 4615 298
1849 1193 5394
1850 4455 1611
1851 4505 3253
1852 360 5222
1853 5277 2458
1854 472 3221
1855 221 3214
1856 4505 3000
1857 309 3895
1858 2443 1536
1859 3208 2718
1860 2439 1192
1861 3721 2189
1862 1590 825
1863 431 3576
1864 4623 4866
1865 3248 232
1866 3380 2177
1867 1251 244
1868 3684 4251
1869 2157 4678
1870 5855 1371
1871 -145 3336
1872 -16 2484
1873 1066 1943
1874 3588 2197
1875 2116 2389
1876 2874 1011
1877 4459 1546
1878 2157 4823
1879 3299 4995
1880 1296 5148
1881 3765 740
1882 5855 983
1883 -16 2616
1884 774 4677
1885 1706 841
1886 2430 1100
1887 3380 2390
1888 3841 656
1889 367 1781
1890 -145 3167
1891 4865 2693
1892 5039 2034
1893 5111 1537
1894 3422 908
1895 4799 2923
1896 2831 3277
1897 2383 5112
1898 2818 1724
1899 4586 3088
1900 3419 5362
1901 4833 4251
1902 2999 2478
1903 3887 1682
1904 1274 1647
1905 4559 3894
1906 5110 5261
1907 2430 852
1908 3072 2412
1909 2861 646
1910 2148 3642
1911 4944 5621
1912 3422 996
1913 4278 1313
1914 1409 1195
1915 4615 264
1916 3054 424
1917 3701 2611
1918 2296 3299
1919 5141 3641
1920 2148 3721
1921 221 3176
1922 458 2922
1923 2105 3864
1924 2796 1414
1925 563 2552
1926 1132 3327
1927 -105 1781
1928 1180 3406
1929 2861 424
1930 3825 2892
1931 996 244
1932 5574 2458
1933 5277 4048
1934 -145 2801
1935 2926 3382
1936 1283 1647
1937 1706 936
1938 1627 5178
1939 4972 3086
1940 4459 1858
1941 2073 2233
1942 3599 2303
1943 2833 3171
1944 2442 2459
1945 3703 1242
1946 1870 974
1947 4058 2864
1948 1758 4985
1949 5111 1304
1950 4459 1747
1951 1471 575
1952 -10 1781
1953 5054 4251
1954 3290 242
1955 3422 1007
1956 3542 4621
1957 2155 2978
1958 1034 1299
1959 3217 2177
1960 1109 1407
1961 251 2155
1962 2654 3198
1963 2029 3125
1964 4789 2776
1965 868 1513
1966 2809 3198
1967 1334 5144
1968 1590 1068
1969 1976 187
1970 3688 1365
1971 2140 1955
1972 2353 4642
1973 1296 5121
1974 3707 4904
1975 254 3716
1976 103 2390
1977 1871 3173
1978 1739 108
1979 2796 1238
1980 5847 1779
1981 4208 1442
1982 4865 2085
1983 2442 2581
1984 4623 4829
1985 2157 4650
1986 3048 527
1987 2263 94
1988 1590 4027
1989 1124 1647
1990 294 3903
1991 651 2744
1992 5045 1241
1993 4944 5451
1994 4505 3536
1995 1763 4985
1996 759 1299
1997 2321 3783
1998 1066 1872
1999 4519 1403
2000 4452 1584
2001 3825 2498
2002 3997 1313
2003 5028 5261
2004 1193 5214
2005 5627 4421
2006 1590 796
2007 1313 1195
2008 869 2050
2009 1076 1796
2010 1283 1230
2011 4253 1340
2012 3855 3245
2013 2099 401
2014 4389 24
2015 701 2050
2016 1709 1352
2017 5472 1833
2018 4559 3941
2019 1109 1266
2020 1010 2718
2021 1590 757
2022 1181 1647
2023 4288 4008
2024 2806 1238
2025 874 4816
2026 5001 1397
2027 4459 1404
2028 4674 4884
2029 2490 3625
2030 309 3869
2031 1590 868
2032 1066 1883
2033 1193 1694
2034 5809 2458
2035 887 4742
2036 5384 4997
2037 221 2950
2038 1625 1277
2039 4074 5413
2040 3703 956
2041 -105 1704
2042 2157 4636
2043 3340 2628
2044 1331 1527
2045 5182 772
2046 1283 1521
2047 3591 2888
2048 2321 187
2049 4090 1528
2050 131 473
2051 5045 1397
2052 4944 5700
2053 1391 4003
2054 4536 795
2055 1296 1694
2056 5847 1833
2057 -105 1422
2058 3029 3583
2059 4182 550
2060 435 1795
2061 169 2315
2062 4722 4390
2063 3299 4922
2064 4872 2202
2065 1741 363
2066 2298 2098
2067 1296 5033
2068 5625 4211
2069 4074 5369
2070 4865 2056
2071 4366 5562
2072 1180 3386
2073 5257 4997
2074 2770 3198
2075 2801 201
2076 1237 1694
2077 4810 792
2078 4944 5691
2079 1590 711
2080 1739 187
2081 2285 894
2082 2202 4624
2083 2442 2519
2084 177 282
2085 5593 1833
2086 2296 3241
2087 5093 2761
2088 -145 3097
2089 5242 2458
2090 1076 1890
2091 1416 4865
2092 1565 1195
2093 2957 201
2094 4074 5344
2095 261 3716
2096 4899 3641
2097 294 4040
2098 5430 4211
2099 380 481
2100 1132 3281
2101 2283 4981
2102 3380 2536
2103 1735 1494
2104 3499 5036
2105 2828 201
2106 5368 1919
2107 972 5859
2108 5371 2458
2109 1706 459
2110 2116 2697
2111 3844 4904
2112 5111 1814
2113 761 1369
2114 1679 3694
2115 113 945
2116 3108 682
2117 2417 3557
2118 1365 633
2119 1288 4887
2120 5764 4421
2121 2370 3125
2122 976 5859
2123 2383 5301
2124 4647 3416
2125 1892 187
2126 2164 1054
2127 1288 5148
2128 251 2053
2129 3082 1782
2130 4099 740
2131 562 2686
2132 4810 4450
2133 5555 1919
2134 2164 1004
2135 2145 2233
2136 4780 4251
2137 3835 2683
2138 5169 4348
2139 2480 94
2140 5459 4211
2141 1088 3919
2142 2157 4760
2143 50 3716
2144 3936 1682
2145 5210 2305
2146 5053 118
2147 4898 5751
2148 5825 4211
2149 3419 5092
2150 2174 4624
2151 1296 4879
2152 5641 1919
2153 3380 2406
2154 238 5175
2155 1871 3151
2156 4188 1528
2157 2116 2567
2158 4810 4491
2159 -105 945
2160 2105 4985
2161 3299 5252
2162 4129 1442
2163 2264 894
2164 3170 2717
2165 4429 1528
2166 196 488
2167 2164 1172
2168 3072 2162
2169 5210 2271
2170 4857 4251
2171 5071 2761
2172 3512 2774
2173 4615 118
2174 4452 1611
2175 -105 1426
2176 933 1513
2177 3825 2789
2178 3839 1682
2179 1836 5069
2180 1671 563
2181 3684 4780
2182 2614 5063
2183 106 5175
2184 4074 5376
2185 2298 2233
2186 3703 921
2187 3828 2189
2188 563 2440
2189 5212 990
2190 4165 550
2191 2157 4857
2192 6031 2164
2193 1121 3281
2194 1019 1299
2195 1938 3805
2196 2650 3198
2197 5561 4379
2198 2353 4633
2199 1378 633
2200 4452 1848
2201 3421 839
2202 2298 2459
2203 4279 4016
2204 1014 3734
2205 5039 1694
2206 2666 1100
2207 4459 1795
2208 -38 4508
2209 4505 2892
2210 1001 1483
2211 1848 1378
2212 196 867
2213 4085 550
2214 4058 3059
2215 3419 5219
2216 -51 3905
2217 4960 1397
2218 2443 1416
2219 4810 4364
2220 5545 4348
2221 2863 998
2222 867 1481
2223 1272 4003
2224 360 5234
2225 3521 2888
2226 548 2050
2227 3900 218
2228 1938 3796
2229 4340 571
2230 5450 4348
2231 2861 1100
2232 5277 4115
2233 3812 4904
2234 591 1795
2235 3898 349
2236 5768 4115
2237 3072 2303
2238 -145 3130
2239 5574 4115
2240 1741 663
2241 947 1299
2242 1671 545
2243 3825 2442
2244 2164 1138
2245 221 3259
2246 3835 3037
2247 2797 1100
2248 472 3208
2249 5284 4115
2250 754 5017
2251 4583 3416
2252 2296 3428
2253 3299 5128
2254 2870 998
2255 1810 1352
2256 2285 852
2257 2160 269
2258 5111 1342
2259 106 5054
2260 562 2875
2261 2298 2147
2262 263 4082
2263 563 2712
2264 2665 3198
2265 2148 3734
2266 4645 1403
2267 1027 4775
2268 3218 424
2269 823 5037
2270 5823 1919
2271 5557 4211
2272 2298 2258
2273 3415 2143
2274 1112 1926
2275 1334 5178
2276 4734 1218
2277 3898 252
2278 -51 4219
2279 4993 2034
2280 3212 4690
2281 1319 1694
2282 774 4793
2283 1371 3568
2284 5665 1833
2285 388 3811
2286 3076 2070
2287 3674 4415
2288 2283 4943
2289 991 3459
2290 4505 2998
2291 665 1943
2292 4559 4155
2293 3512 2802
2294 5710 4421
2295 4231 571
2296 4235 1442
2297 3248 424
2298 741 244
2299 2296 3476
2300 2157 4684
2301 4057 -8
2302 5305 4115
2303 4648 3253
2304 3134 424
2305 2282 2969
2306 2177 1979
2307 1987 595
2308 3422 1156
2309 5392 4115
2310 1706 956
2311 4865 2644
2312 1495 5331
2313 -105 1630
2314 1193 5652
2315 -12 3576
2316 4505 3570
2317 360 5707
2318 4170 550
2319 2442 2543
2320 3899 2864
2321 4049 597
2322 3940 -8
2323 3532 2888
2324 1668 553
2325 3073 3354
2326 5227 1833
2327 1851 30
2328 2153 4037
2329 923 5859
2330 6031 2458
2331 2667 1805
2332 3979 2864
2333 4290 1313
2334 5111 1833
2335 48 4508
2336 4459 1879
2337 3684 4525
2338 309 3903
2339 5397 1833
2340 3299 4883
2341 -16 2617
2342 3716 1365
2343 2833 3184
2344 2078 2233
2345 4505 3428
2346 3701 2601
2347 2202 2085
2348 1752 3469
2349 3290 2628
2350 221 3182
2351 3977 3187
2352 1590 639
2353 1121 3060
2354 5771 4421
2355 3290 2234
2356 2646 1100
2357 3063 555
2358 3299 5335
2359 4869 1397
2360 2806 1724
2361 3290 2349
2362 5111 1389
2363 5111 2776
2364 405 1901
2365 3072 2083
2366 3892 2864
2367 3299 4888
2368 2400 4539
2369 2471 1805
2370 3214 2098
2371 3290 2524
2372 3290 232
2373 360 5832
2374 2270 4624
2375 3674 4593
2376 2797 3198
2377 135 2390
2378 -105 1330
2379 754 4901
2380 1668 849
2381 514 481
2382 1590 4014
2383 1471 279
2384 1334 4968
2385 4864 772
2386 4582 1403
2387 3299 5040
2388 4459 1531
2389 3684 4614
2390 3499 5192
2391 466 3248
2392 4972 3230
2393 5085 5261
2394 3073 3580
2395 3643 2303
2396 3743 2197
2397 705 5859
2398 5127 2202
2399 5561 4831
2400 1792 4985
2401 3380 2207
2402 4074 5464
2403 1709 5020
2404 3426 2070
2405 656 2912
2406 2378 3125
2407 1171 1943
2408 4452 1889
2409 3419 5315
2410 1296 4775
2411 2490 3765
2412 4505 3216
2413 -145 2809
2414 1534 4003
2415 1193 5323
2416 2874 1126
2417 4645 5751
2418 -105 1491
2419 3214 2108
2420 4962 4348
2421 2882 201
2422 3299 4800
2423 4720 4475
2424 4970 1403
2425 4923 4286
2426 957 2744
2427 -79 945
2428 1818 4985
2429 3674 4466
2430 4869 772
2431 5111 1692
2432 1643 1494
2433 1741 637
2434 5505 4348
2435 1036 4816
2436 1274 3568
2437 755 1943
2438 4488 550
2439 2148 3649
2440 1193 5753
2441 2296 3221
2442 2400 4635
2443 2914 5491
2444 95 4516
2445 3072 2418
2446 2283 5046
2447 1995 4189
2448 3686 4835
2449 1625 1275
2450 5300 4115
2451 4368 1300
2452 2909 569
2453 4284 550
2454 2220 1979
2455 4795 1397
2456 1590 908
2457 2301 852
2458 -145 3299
2459 2153 4010
2460 4124 1442
2461 3063 527
2462 3216 730
2463 3900 153
2464 2430 998
2465 933 1483
2466 2004 3864
2467 360 5387
2468 2988 5491
2469 4841 4348
2470 3607 2197
2471 2689 2662
2472 2153 3953
2473 2160 341
2474 1852 974
2475 4368 1291
2476 2464 187
2477 4897 4310
2478 5649 1833
2479 2795 3198
2480 4810 4583
2481 1180 3388
2482 2296 3525
2483 3240 4661
2484 2057 60
2485 1987 661
2486 2105 5069
2487 3870 5002
2488 779 244
2489 1066 1658
2490 4414 24
2491 5111 1241
2492 4459 1936
2493 4963 3299
2494 3002 1782
2495 4611 3243
2496 1724 1494
2497 2806 1683
2498 3837 2189
2499 2073 2337
2500 3837 2360
2501 4962 2776
2502 3329 2718
2503 3512 2730
2504 2647 3134
2505 4045 5069
2506 3814 3210
2507 2831 3201
2508 3703 948
2509 2442 2575
2510 4164 5562
2511 2148 3864
2512 106 4791
2513 1253 636
2514 754 4928
2515 1283 1570
2516 2298 2325
2517 1741 919
2518 499 5859
2519 5748 4115
2520 2347 5205
2521 5769 4421
2522 4052 527
2523 2096 3864
2524 5550 4348
2525 2443 1611
2526 2978 3583
2527 548 1970
2528 3214 2072
2529 1747 187
2530 1298 1195
2531 3770 2197
2532 867 1452
2533 3825 2841
2534 1471 244
2535 3248 415
2536 3684 4648
2537 2148 3685
2538 5210 2173
2539 5532 4348
2540 1625 1190
2541 1590 846
2542 3900 21
2543 2837 1151
2544 2116 2585
2545 5460 1833
2546 2282 2849
2547 4789 2923
2548 799 4638
2549 3825 2683
2550 1871 3318
2551 683 2050
2552 267 5175
2553 1120 1694
2554 4720 4755
2555 4389 2327
2556 525 2922
2557 2018 187
2558 2021 1352
2559 514 430
2560 3380 2605
2561 854 4638
2562 3835 2682
2563 2285 879
2564 2870 5491
2565 1109 1483
2566 5685 4582
2567 3898 304
2568 3814 3116
2569 1590 1162
2570 1319 1943
2571 2833 3460
2572 3380 2265
2573 1625 1023
2574 106 5098
2575 2418 3557
2576 5261 4997
2577 1121 3012
2578 563 2604
2579 4587 4155
2580 3299 5255
2581 5855 1152
2582 969 175
2583 2576 2595
2584 5066 5261
2585 6031 2336
2586 2157 4752
2587 2760 211
2588 1114 1694
2589 3109 2496
2590 1231 1647
2591 3684 4203
2592 2283 5107
2593 3118 2603
2594 4750 1084
2595 1108 1943
2596 4268 4097
2597 4913 4348
2598 5923 1919
2599 4288 3813
2600 5855 1400
2601 5410 4997
2602 2298 2246
2603 2442 2595
2604 2282 2978
2605 3684 4412
2606 2424 1671
2607 -51 4056
2608 1076 1694
2609 4810 4623
2610 1296 4847
2611 2049 4189
2612 4750 916
2613 3212 4661
2614 2854 201
2615 4367 4098
2616 5039 1689
2617 1016 4775
2618 3299 5226
2619 1283 1340
2620 3934 2864
2621 4623 4839
2622 4072 550
2623 953 1992
2624 556 2922
2625 2312 3557
2626 3419 5218
2627 805 3459
2628 3108 704
2629 3703 913
2630 2597 2662
2631 1078 4816
2632 1209 4775
2633 4750 1004
2634 4457 1584
2635 3076 3231
2636 4156 1433
2637 2353 4625
2638 5236 4251
2639 -27 3427
2640 4459 1898
2641 2283 1192
2642 1331 1575
2643 -16 2408
2644 3791 533
2645 3841 650
2646 227 282
2647 5034 2173
2648 95 4604
2649 4603 3489
2650 3072 2362
2651 2058 3537
2652 1826 30
2653 4008 3059
2654 4904 4348
2655 1116 5037
2656 5225 5208
2657 4244 1453
2658 5619 1919
2659 -51 4161
2660 864 1369
2661 -27 3436
2662 5004 2776
2663 5115 4286
2664 5705 1919
2665 2396 2459
2666 3704 4087
2667 1706 407
2668 3727 2189
2669 4615 294
2670 5561 4793
2671 4325 1528
2672 5183 4251
2673 2614 5033
2674 2719 1805
2675 1681 1494
2676 590 481
2677 3841 572
2678 3037 3171
2679 779 175
2680 5315 2458
2681 3703 871
2682 2164 1146
2683 4452 1863
2684 1784 1352
2685 5277 4211
2686 1193 5423
2687 2142 401
2688 3299 5168
2689 5045 1265
2690 360 5435
2691 3814 3184
2692 653 481
2693 4885 2202
2694 1625 1351
2695 3814 3042
2696 2464 3557
2697 5886 1919
2698 1829 3386
2699 389 3259
2700 294 3983
2701 5565 4421
2702 867 1390
2703 5716 983
2704 5634 4582
2705 1741 974
2706 1283 1440
2707 758 1299
2708 5210 2373
2709 3010 1782
2710 -51 4092
2711 -3 3716
2712 4810 4348
2713 106 4638
2714 360 5410
2715 5771 1919
2716 3937 1499
2717 251 1901
2718 -40 2617
2719 1463 5178
2720 1625 1352
2721 1076 1883
2722 4509 4294
2723 2160 395
2724 6031 2083
2725 1049 4775
2726 -51 4390
2727 3588 2199
2728 1283 1449
2729 1590 4061
2730 1369 4815
2731 3571 1238
2732 3569 4621
2733 5771 4431
2734 4780 4310
2735 5855 1258
2736 984 2718
2737 2225 1192
2738 4389 -8
2739 76 3576
2740 2999 2496
2741 3603 4621
2742 1706 762
2743 887 4775
2744 1159 4003
2745 4505 2864
2746 2105 5149
2747 591 1943
2748 4182 1528
2749 5277 3838
2750 2874 1085
2751 1369 4775
2752 6031 1926
2753 4880 3552
2754 2057 30
2755 3154 5491
2756 1580 5233
2757 1590 636
2758 2355 3134
2759 1283 1454
2760 4311 3813
2761 2283 4772
2762 2004 1378
2763 3422 1143
2764 1121 3086
2765 4587 4251
2766 5210 772
2767 3835 2303
2768 1334 4865
2769 2699 1100
2770 4002 1499
2771 4438 5751
2772 2170 1955
2773 3299 4821
2774 335 2898
2775 4615 209
2776 2073 1955
2777 5111 1560
2778 4995 4251
2779 3825 2478
2780 -145 3352
2781 656 2922
2782 2524 3134
2783 4828 4348
2784 4720 4573
2785 261 3789
2786 4789 2781
2787 2490 3755
2788 1741 586
2789 3380 2487
2790 4711 3468
2791 4615 3416
2792 208 5175
2793 5118 4348
2794 5039 1510
2795 3118 730
2796 3118 2659
2797 3290 240
2798 5283 4997
2799 2833 3314
2800 4491 3813
2801 3422 1238
2802 5319 4211
2803 2831 3293
2804 4695 1403
2805 3380 2628
2806 5229 991
2807 1193 5305
2808 2157 4800
2809 3837 2491
2810 291 3576
2811 4337 550
2812 1288 5037
2813 1082 1943
2814 5626 983
2815 2430 1044
2816 874 4844
2817 4559 3787
2818 3906 5069
2819 1407 244
2820 1066 1696
2821 4933 4310
2822 5531 1833
2823 953 1943
2824 2105 5168
2825 106 4997
2826 1121 2989
2827 -51 4473
2828 2833 3307
2829 4253 1313
2830 150 3716
2831 3473 2070
2832 5855 1209
2833 4074 5440
2834 1797 1352
2835 3885 1313
2836 1590 4025
2837 4452 1897
2838 5212 1105
2839 874 4932
2840 3118 2707
2841 238 3716
2842 4734 1257
2843 5855 1230
2844 2982 3583
2845 3870 4904
2846 1739 150
2847 1539 1195
2848 3421 790
2849 2650 3134
2850 2861 606
2851 864 3459
2852 3499 5305
2853 2618 5491
2854 3953 1499
2855 3573 4621
2856 2035 3125
2857 2241 94
2858 4891 2202
2859 4720 4324
2860 874 5037
2861 1397 636
2862 4880 3619
2863 2618 5033
2864 16 4508
2865 1109 1438
2866 4750 1222
2867 4691 3641
2868 5046 2173
2869 562 2322
2870 1706 609
2871 4615 369
2872 -105 1368
2873 2063 5039
2874 1193 5613
2875 4576 3253
2876 2443 1480
2877 2430 916
2878 4340 724
2879 2470 94
2880 2806 1646
2881 1334 4978
2882 1739 143
2883 2336 94
2884 4864 4348
2885 3881 5069
2886 3419 5441
2887 2576 2640
2888 1434 244
2889 3499 5310
2890 1109 1590
2891 3514 1238
2892 1752 3522
2893 1753 1378
2894 2176 187
2895 2689 2851
2896 5013 4348
2897 2056 3125
2898 1817 4985
2899 718 2744
2900 2289 3125
2901 3684 4692
2902 3 3716
2903 1987 411
2904 4874 2761
2905 3118 2717
2906 2073 2282
2907 4386 550
2908 5277 4018
2909 4669 1257
2910 1628 4087
2911 2153 4131
2912 3010 2475
2913 -51 3793
2914 1516 1195
2915 2837 1132
2916 4603 3574
2917 3214 2070
2918 867 1369
2919 1443 244
2920 3095 424
2921 5048 3641
2922 4492 3570
2923 3214 2177
2924 4367 4294
2925 3825 2966
2926 3704 4098
2927 223 3576
2928 3037 3236
2929 4340 730
2930 2424 1755
2931 1088 3955
2932 4711 3416
2933 2167 1192
2934 2400 4583
2935 4367 735
2936 -51 4155
2937 -16 2390
2938 4977 2776
2939 563 2380
2940 5225 5063
2941 2352 5247
2942 3214 5491
2943 611 2922
2944 867 1374
2945 3523 2888
2946 2724 1100
2947 1686 43
2948 3229 730
2949 1671 599
2950 2667 2662
2951 3825 2372
2952 4615 550
2953 2298 2333
2954 2071 974
2955 2443 1209
2956 169 2208
2957 5446 1833
2958 1184 1647
2959 3299 5238
2960 367 1795
2961 555 2050
2962 562 2727
2963 5847 1710
2964 2078 3537
2965 261 3962
2966 169 3716
2967 4911 2034
2968 1088 4003
2969 108 5175
2970 3898 409
2971 1369 636
2972 1829 30
2973 1462 4003
2974 4615 341
2975 2383 5303
2976 1014 3576
2977 68 4516
2978 2485 5303
2979 4750 792
2980 2298 2340
2981 196 483
2982 4720 4756
2983 1741 904
2984 1668 803
2985 1492 5331
2986 707 3248
2987 -51 4022
2988 4734 1036
2989 805 3273
2990 2855 1100
2991 4972 3161
2992 5039 1887
2993 4750 1082
2994 3863 1313
2995 1758 4940
2996 3702 4098
2997 917 175
2998 -51 3917
2999 4963 4310
3000 896 2744
3001 1428 1195
3002 5225 5220
3003 953 2050
3004 4734 1188
3005 3789 1365
3006 1668 810
3007 2347 5162
3008 1296 4841
3009 1236 244
3010 4505 3142
3011 4151 1442
3012 4536 825
3013 305 3576
3014 1734 4877
3015 3419 5119
3016 308 3259
3017 4268 4098
3018 2351 187
3019 2081 1955
3020 4615 129
3021 5315 983
3022 -105 1309
3023 3366 4661
3024 2157 4710
3025 3108 730
3026 4750 891
3027 2520 1805
3028 618 481
3029 178 1781
3030 3290 2258
3031 5212 984
3032 3835 2458
3033 2627 1100
3034 4790 792
3035 2787 3171
3036 1709 5091
3037 4472 4294
3038 949 1943
3039 5045 1253
3040 4380 4294
3041 4327 4098
3042 2831 3514
3043 1790 3386
3044 3499 5256
3045 2002 3864
3046 741 268
3047 2504 211
3048 3317 415
3049 2116 2679
3050 2353 5146
3051 2296 3457
3052 4546 1403
3053 3539 4661
3054 4536 1257
3055 653 268
3056 1686 1494
3057 5025 2202
3058 3073 3245
3059 3825 2400
3060 5301 983
3061 3674 4350
3062 5428 4348
3063 3791 509
3064 2021 1378
3065 2861 480
3066 5467 983
3067 3966 1313
3068 774 4700
3069 5069 772
3070 2160 264
3071 2831 3459
3072 3824 3042
3073 2614 5136
3074 5210 1919
3075 1451 4815
3076 2034 894
3077 5561 4348
3078 2840 201
3079 5203 4348
3080 5911 1919
3081 5465 4115
3082 3051 201
3083 2833 3252
3084 4810 4783
3085 5847 1571
3086 5229 1063
3087 2765 5491
3088 1334 5153
3089 2483 3134
3090 692 3248
3 431 470 2310 
2 874 145 
2 2841 2966 
2 408 2321 
2 1980 2963 
2 2794 1239 
2 444 822 
2 2407 841 
2 2155 1520 
2 2008 2015 
2 59 2869 
2 824 2144 
2 2895 2471 
3 2546 743 2202 
2 2146 259 
3 2647 685 1329 
2 1900 2409 
2 2883 1176 
2 2787 2029 
2 2277 1281 
3 1261 632 776 
2 2046 1813 
3 1744 229 875 
2 371 43 
2 2019 1788 
3 303 1112 3055 
2 1295 2373 
2 556 2006 
2 2375 832 
2 969 1320 
2 992 2651 
2 588 2657 
2 2045 1677 
2 1144 388 
2 1722 237 
3 1835 784 1683 
2 801 444 
2 356 2785 
2 2512 773 
3 1002 2364 516 
2 1782 240 
2 1549 2332 
2 3046 3055 
2 23 167 
2 437 2387 
2 2373 2317 
2 1873 2032 
2 2774 948 
2 518 835 
2 682 471 
2 2207 147 
2 1535 1109 
2 186 1392 
2 1901 2136 
2 2893 1205 
2 73 1232 
2 3046 2298 
2 2345 754 
2 994 2230 
2 1647 10 
3 360 1492 1494 
2 1054 1353 
4 296 778 2766 191 
2 930 1819 
2 2626 3015 
2 937 228 
2 2825 622 
2 1672 910 
2 571 1446 
2 2231 1032 
2 3031 935 
2 719 1694 
4 2014 1842 505 2301 
2 2432 55 
3 2885 3044 2487 
2 762 2849 
2 1829 2795 
3 1606 1117 2604 
2 549 1377 
2 1905 466 
2 2304 286 
2 829 701 
3 616 2774 443 
2 443 2377 
2 718 2627 
2 2435 418 
2 2819 1426 
2 890 956 
3 411 1635 1864 
2 1969 581 
2 1867 3009 
3 973 683 291 
2 1393 2806 
2 1297 3029 
3 261 1589 586 
3 2859 1984 2765 
3 2912 1902 1944 
3 1483 2631 2410 
2 1482 462 
3 1539 1406 1068 
2 2281 1452 
2 133 911 
3 812 2824 136 
2 3067 2835 
4 1166 896 2511 2911 
2 1013 1972 
2 1369 1451 
2 2460 1298 
2 1445 596 
2 476 2417 
2 1567 2277 
2 348 789 
2 1229 2275 
2 410 2285 
2 1353 2859 
3 678 1907 2587 
2 2476 3018 
4 2711 2913 1162 1834 
2 2817 1828 
2 1468 2745 
2 1762 1017 
4 221 1520 2100 190 
3 662 2333 618 
2 387 3082 
2 2788 390 
2 1678 2437 
2 3053 309 
2 2337 2605 
2 187 251 
2 2311 1097 
2 2985 567 
2 1724 614 
2 588 755 
2 1935 101 
3 539 1484 294 
2 2748 2049 
2 102 2520 
2 367 221 
2 2719 716 
2 2188 2939 
2 2815 1151 
2 654 1002 
2 450 2921 
2 1236 576 
2 2755 336 
2 1 641 
2 1074 2819 
2 50 1950 
2 1826 473 
3 2976 2289 1418 
2 2016 1403 
2 1797 1506 
4 1364 1300 3072 2925 
2 1473 2074 
2 2355 1033 
2 2798 2576 
2 2145 2169 
3 2930 428 2360 
2 2004 1582 
2 1069 1177 
2 2809 405 
2 757 2866 
2 920 317 
3 234 623 1505 
2 712 1980 
2 3090 1835 
2 1095 2816 
2 43 1566 
2 2805 2043 
2 998 733 
2 1913 2829 
2 416 2473 
2 2698 3043 
2 354 2745 
2 660 1027 
2 1559 1212 
2 2501 651 
2 2607 2987 
2 1781 2871 
2 1418 1926 
3 219 1725 2445 
3 3060 2806 935 
3 335 2165 724 
2 2241 684 
2 2396 2470 
2 570 2982 
3 1600 52 714 
2 667 128 
2 1507 1402 
2 865 245 
3 1249 121 1206 
3 62 2146 968 
3 1660 982 1270 
4 2503 1213 2805 619 
2 2392 2991 
2 1398 2598 
2 1107 2862 
2 2371 282 
3 1133 3077 2068 
2 308 3074 
2 1757 1162 
2 2289 1500 
3 1075 1185 1345 
2 871 2755 
2 2603 1983 
2 1571 3085 
2 1265 2922 
2 2605 1603 
2 1527 1244 
2 2929 2878 
2 647 412 
2 1666 2839 
2 744 2707 
2 300 2023 
3 3029 1315 1952 
2 2024 1041 
2 281 1507 
2 653 2861 
3 2530 2010 2513 
4 1207 2589 180 2923 
2 1435 1233 
2 137 121 
4 2652 2947 2679 984 
2 2011 1141 
2 1928 2481 
2 266 1467 
2 2921 981 
2 290 2685 
2 65 779 
3 692 680 22 
2 2193 2764 
2 1368 1476 
3 1544 2070 2492 
2 1585 2929 
2 1552 163 
2 370 1558 
2 2701 1011 
2 34 2301 
2 2136 2765 
2 338 914 
2 40 442 
2 1116 2229 
2 612 2204 
2 491 2425 
2 1186 1168 
2 189 2151 
3 3076 2517 307 
2 1528 1115 
2 318 1490 
3 508 1977 1963 
3 1676 1796 2696 
2 128 1931 
2 1237 905 
2 1908 893 
3 689 3053 849 
2 805 527 
2 579 1411 
2 2970 2235 
2 590 2159 
2 14 2173 
2 294 363 
4 1538 1216 94 2402 
2 1113 491 
2 1156 1714 
2 905 680 
2 2886 1900 
2 2125 225 
2 2101 2288 
2 816 2890 
3 864 1423 2079 
2 2958 2022 
2 1322 580 
3 730 1515 1831 
2 1050 1174 
2 2539 2434 
2 1591 2557 
2 2587 1169 
3 2673 1237 2442 
2 3035 792 
2 2857 359 
2 2472 976 
2 2992 216 
2 197 299 
2 756 1241 
2 2878 1116 
2 599 752 
3 80 2461 2920 
2 1243 698 
2 1275 2215 
2 2470 1874 
4 1310 2663 2638 227 
2 91 2809 
3 1245 721 2736 
2 626 1646 
3 922 134 260 
2 2166 2981 
3 1456 2703 62 
2 1453 2283 
2 739 2743 
2 282 2361 
3 2615 2203 213 
2 2955 339 
3 2751 3008 2410 
2 2559 25 
2 913 3013 
3 2286 2365 740 
2 1152 964 
2 246 2485 
2 2538 199 
2 126 1771 
2 2525 1858 
2 909 1106 
2 860 1966 
3 1991 375 478 
3 1432 509 2262 
2 2896 1149 
2 1844 2344 
2 162 1294 
2 401 248 
2 3045 1098 
2 1710 1935 
2 724 2636 
2 2452 695 
2 815 355 
2 2126 2134 
2 1910 1775 
2 2288 840 
2 2349 1316 
3 1938 2756 2719 
3 440 824 2716 
2 359 394 
3 1506 392 3036 
2 1172 3007 
2 1922 1733 
2 2263 742 
3 2000 182 1429 
2 144 2468 
2 1092 2510 
2 1313 239 
3 1979 301 1255 
2 2909 967 
2 1370 769 
2 1514 464 
2 1797 2179 
2 951 2226 
2 2091 406 
3 664 445 3048 
2 2549 2001 
3 1939 111 2363 
2 691 700 
2 1310 591 
2 2115 803 
3 1793 590 1927 
2 1982 2070 
3 776 173 538 
2 323 1447 
2 2965 37 
2 2243 3059 
3 906 2555 1184 
3 279 1978 330 
2 2130 60 
2 674 2897 
2 769 1658 
2 260 1591 
2 2569 1968 
2 2791 2251 
3 1076 1031 1580 
3 1065 137 449 
2 1145 815 
2 2285 1377 
2 1686 235 
2 1993 23 
2 2691 2568 
2 2097 621 
2 1987 2857 
3 1594 1628 313 
2 2991 1759 
3 1328 2321 2522 
2 535 3021 
2 773 1688 
3 473 599 2979 
2 2852 3044 
2 2818 2885 
2 2477 962 
2 2672 1104 
2 2654 795 
2 1045 858 
4 2372 1865 123 1489 
2 33 1863 
2 1048 2059 
2 124 1845 
2 2138 2793 
3 735 1330 331 
2 3072 2695 
2 330 2484 
2 2422 649 
2 1121 902 
2 1283 1247 
2 1646 2282 
2 1088 1381 
2 2196 762 
3 2767 2951 318 
2 2561 2548 
2 604 499 
2 1853 2089 
2 160 2500 
2 345 2768 
2 869 1895 
2 1494 3 
2 2258 1949 
2 1144 113 
2 2028 88 
2 210 2964 
2 688 2603 
2 555 2674 
2 1320 2293 
2 1736 171 
2 2180 2242 
2 85 1479 
3 2757 2199 1951 
2 1907 1689 
3 1412 550 789 
2 1465 904 
2 1765 1273 
3 988 1838 2729 
2 2682 2244 
3 1216 2440 926 
3 2534 1274 2582 
2 157 2606 
2 1397 2018 
2 2050 1152 
3 2705 2694 0 
2 1784 1210 
2 2891 2801 
2 1895 2547 
2 2118 572 
2 1726 1456 
2 2253 44 
2 943 2436 
2 2292 1397 
2 2049 329 
2 2757 653 
2 240 854 
3 82 83 2061 
2 36 6 
2 346 1359 
2 2410 1410 
2 2908 2749 
2 2212 1019 
3 1957 367 1024 
2 940 142 
2 2185 2261 
2 2518 1314 
3 2758 1802 2897 
2 2067 865 
3 1573 1919 1738 
3 926 1390 2358 
4 2141 1630 1737 930 
2 1061 1747 
2 2191 1878 
2 1761 1133 
3 2522 1281 2227 
2 98 1752 
2 1755 1125 
2 342 2466 
2 1395 2794 
3 79 2316 2817 
2 2906 1941 
2 2412 3010 
2 1269 1929 
3 0 2380 660 
3 2996 49 1744 
2 1436 2593 
2 148 380 
2 2824 1561 
2 477 2291 
2 1623 109 
2 2437 475 
2 313 2263 
3 932 1618 592 
2 3026 1299 
3 681 910 510 
2 1871 2458 
2 2255 2834 
2 593 1439 
2 888 1225 
4 1561 812 1797 2873 
3 2301 505 2322 
2 2656 1626 
2 1952 1927 
2 2201 2848 
2 262 243 
2 1759 1939 
2 1110 1362 
2 1042 2730 
2 959 1310 
2 3004 1563 
2 2762 2211 
2 2036 1466 
3 403 2931 894 
2 1737 612 
2 879 2937 
3 1788 1833 2692 
2 1451 973 
2 802 813 
3 72 2754 487 
2 533 2573 
2 2098 898 
2 2550 249 
3 314 1307 855 
2 481 1932 
2 2680 1853 
2 2925 1930 
4 597 1131 2052 1417 
2 1557 1716 
2 1128 603 
2 39 1778 
2 3069 2430 
2 2493 48 
2 1337 1427 
2 648 1886 
2 2487 2845 
2 577 2447 
2 1537 2264 
2 2916 925 
2 2013 1532 
2 1402 1346 
2 255 1317 
2 2746 2486 
2 2397 1216 
2 781 1139 
2 2339 2326 
2 543 1697 
2 2540 506 
2 1414 1710 
2 3066 378 
2 1270 2452 
3 2729 2751 1817 
4 2904 1964 354 1441 
2 1338 134 
2 2793 2896 
2 2710 2607 
2 2664 876 
3 3079 532 2663 
2 2464 1780 
4 834 2681 1643 1652 
2 1579 1276 
2 2388 1429 
2 2290 774 
2 2030 78 
2 421 1262 
2 1020 771 
3 2096 1457 1107 
2 1003 688 
2 2094 1635 
2 1422 414 
2 1862 27 
2 2325 892 
2 2398 3057 
2 2022 1989 
2 1981 1401 
2 2314 2874 
2 2213 2622 
2 1302 2343 
2 980 592 
2 1112 1122 
2 1733 575 
3 130 1690 937 
2 2303 2875 
2 2433 2788 
3 1358 2028 185 
3 2609 1054 68 
2 435 715 
2 1892 2279 
2 1752 1493 
3 566 1481 948 
2 143 1791 
2 2611 522 
2 2824 1000 
2 1911 256 
2 271 2679 
2 89 2125 
2 2041 2313 
2 1141 2829 
2 2604 1957 
3 2525 2606 3064 
2 94 1555 
3 1087 2346 2243 
3 2671 132 31 
2 1357 2403 
3 1680 258 352 
2 350 3079 
5 2637 564 479 1618 2374 
2 2106 484 
2 2739 2315 
2 1459 1350 
2 108 770 
2 1663 513 
2 2390 1511 
2 380 285 
2 2831 2404 
2 2488 2298 
2 759 1399 
3 515 1735 1832 
3 2228 403 990 
2 2168 2365 
2 2789 1620 
2 3010 1856 
2 2092 2847 
2 1460 636 
2 2842 2909 
2 1179 1462 
2 500 242 
2 2114 1174 
2 131 1918 
2 1546 1946 
4 2556 1922 82 1729 
2 2006 2021 
2 122 2451 
3 1942 193 1272 
2 2799 2828 
3 373 2262 2785 
2 66 2512 
3 1091 1006 163 
3 1777 2363 2108 
2 1953 2778 
3 1575 1810 293 
2 2706 1522 
2 1963 1065 
3 1580 2491 2838 
2 1278 2236 
2 1043 2241 
3 1851 2412 20 
2 2248 1481 
2 2502 1859 
2 2562 3032 
2 609 794 
2 1017 1102 
3 2066 1662 1539 
2 1292 1796 
2 749 2130 
3 145 1924 1491 
2 1084 2418 
2 1344 1265 
2 1708 1067 
2 2732 1956 
3 1085 989 1742 
3 1775 210 2482 
2 3033 520 
3 395 658 1771 
2 2486 2160 
2 176 1495 
2 1894 1643 
2 441 217 
2 995 141 
2 1967 1535 
2 1491 2731 
3 968 2490 2738 
2 649 2280 
2 2462 1829 
2 470 174 
2 1940 1622 
3 1518 2027 122 
2 2866 2594 
3 2848 346 2644 
2 2847 2914 
2 2830 872 
2 1285 187 
2 1887 2572 
2 2785 2095 
2 1238 1551 
2 2348 1277 
2 2270 2715 
2 1632 2265 
2 2900 361 
2 2023 2599 
2 1115 751 
2 1126 1872 
3 1929 115 2075 
2 2389 2337 
4 229 2368 264 1997 
2 687 481 
2 1101 49 
3 1562 2137 91 
2 183 1996 
3 2064 703 15 
2 2133 852 
2 2034 681 
2 553 413 
2 2181 254 
2 2814 3066 
2 1108 349 
3 1956 806 229 
3 1015 997 1098 
3 2901 696 2375 
3 1986 322 1929 
2 694 2741 
2 2765 2579 
2 287 2482 
2 1259 2709 
3 349 1850 1674 
2 81 2025 
2 1968 2456 
2 1097 685 
2 1173 979 
2 3085 1031 
2 892 917 
2 2446 2101 
2 2454 2306 
2 2869 951 
3 1805 1364 1529 
2 1936 2515 
2 2056 164 
2 1509 772 
3 2330 186 2585 
2 572 750 
2 138 1229 
2 3041 3017 
2 2851 84 
2 2504 71 
2 2820 2489 
4 292 1565 2869 2961 
3 2187 1820 2129 
2 1589 965 
4 182 1308 321 1631 
2 2473 2257 
2 1624 2403 
2 2547 862 
3 900 1171 2615 
2 1670 2139 
3 2526 272 1578 
2 3016 919 
2 3017 1651 
3 169 1752 2407 
2 2838 2189 
2 1640 392 
3 975 2513 3046 
2 2874 1195 
2 2234 2060 
2 1137 298 
3 305 1422 2494 
3 2381 1766 2559 
2 334 2578 
3 13 1221 1673 
3 2113 1889 212 
3 1220 2077 2669 
2 2227 2463 
2 2511 1923 
3 751 2546 2603 
3 2475 640 1656 
2 715 850 
2 676 748 
2 285 3012 
2 1555 2889 
3 950 57 1851 
2 132 1847 
2 2119 283 
2 1553 161 
2 1424 2772 
2 1225 602 
2 2555 1421 
2 1131 2147 
2 400 75 
2 814 2895 
3 1683 1481 1449 
3 2404 845 2917 
2 899 1486 
2 928 1157 
2 3000 1579 
3 341 362 980 
3 596 973 821 
2 551 2058 
2 713 2886 
2 38 379 
2 548 2209 
2 2742 2870 
2 20 354 
2 1545 2546 
2 935 62 
2 228 1576 
2 3047 796 
2 859 530 
3 1551 2561 2968 
3 2089 942 938 
3 35 2391 1854 
2 3063 1096 
2 2980 2953 
3 1300 3058 2635 
2 2468 2443 
3 111 421 869 
2 2688 2253 
3 1298 2716 877 
3 278 2196 1859 
2 1868 2591 
4 636 2767 2531 1702 
2 385 1208 
2 780 1338 
2 1227 897 
2 2630 1508 
2 2553 2588 
2 2622 1328 
2 1211 36 
2 2214 504 
2 351 1138 
2 2894 922 
2 2585 255 
2 3053 692 
2 1510 2986 
2 2291 2747 
2 2120 1659 
2 2057 2872 
2 857 1661 
5 1814 2941 486 102 3050 
2 504 856 
3 2849 763 2905 
2 368 323 
2 1252 268 
2 1155 1472 
2 2280 2613 
2 2653 1692 
2 2065 1376 
3 1421 770 824 
2 6 1454 
2 2867 844 
3 821 11 329 
2 2216 1135 
2 1642 999 
3 885 1730 1012 
2 1742 2325 
2 1479 81 
2 972 877 
2 1625 913 
2 28 1636 
2 1811 1982 
2 1609 545 
2 48 1286 
3 953 847 1657 
2 1927 2041 
2 1944 2665 
2 2171 1081 
2 326 2761 
2 7 2595 
2 983 2853 
2 3007 1370 
3 823 2579 1686 
2 2273 765 
3 2752 1398 1882 
3 1723 2789 836 
2 1233 2383 
2 254 2901 
2 750 975 
2 2676 2381 
2 686 1699 
2 1937 1885 
2 442 2324 
2 509 2965 
2 813 1947 
4 2078 811 3002 1191 
2 386 2278 
3 2570 781 2281 
3 2507 312 1943 
2 3049 2544 
2 727 2786 
2 2753 1286 
3 2573 269 2380 
2 454 189 
3 1138 2427 1480 
3 1162 2458 1890 
2 2778 1036 
3 789 407 993 
2 962 1783 
2 2942 203 
2 666 2143 
2 1023 2115 
3 2880 2525 1 
3 2666 22 1028 
2 542 2152 
4 791 830 3005 2835 
2 2218 1779 
2 1976 501 
2 2509 2319 
2 1440 1587 
2 1026 1134 
2 1317 2192 
2 2259 2825 
3 2853 827 1059 
3 1384 928 2037 
3 1800 1140 969 
2 1210 485 
2 2983 2240 
2 1025 87 
2 2026 1044 
2 557 706 
2 253 2650 
2 499 1453 
2 3003 2008 
2 104 1160 
2 797 2625 
2 507 1266 
2 2447 766 
3 1984 728 1607 
2 979 2272 
2 396 1523 
3 2228 1050 1053 
2 422 1875 
3 252 2637 264 
3 1441 1267 358 
2 1943 3035 
3 2712 1740 1365 
3 1118 1452 311 
3 67 1573 481 
3 989 101 3083 
3 2489 2176 2565 
2 831 304 
2 239 2413 
2 2204 2976 
2 1371 1284 
2 706 3058 
2 3081 1391 
2 731 2245 
2 2317 162 
2 2424 2804 
2 804 294 
3 1732 2014 1750 
2 1213 2502 
2 524 2649 
4 965 426 456 1509 
2 1794 2767 
3 2989 767 886 
4 2160 2873 1440 1649 
3 2436 457 63 
2 1454 2159 
2 2761 479 
2 2914 3001 
2 1405 2093 
3 181 70 778 
2 3009 1285 
2 567 65 
2 783 2708 
3 2104 2149 2367 
2 1586 450 
2 2360 2497 
3 2363 2087 783 
2 1258 438 
2 2467 1727 
2 2178 972 
2 1102 1130 
2 1804 1201 
4 47 575 2037 2341 
2 2499 1348 
2 2251 754 
3 709 2556 344 
3 1375 2981 1236 
2 1046 836 
2 2632 2725 
2 1764 1089 
2 87 2739 
2 1474 2724 
2 2784 2423 
2 3062 495 
2 2638 2672 
2 2395 1942 
2 383 870 
2 1583 2975 
4 2084 306 2159 2679 
2 723 926 
3 1081 2904 1706 
2 340 3054 
5 1882 191 1175 657 2738 
3 2225 887 29 
2 1885 2742 
2 1889 1297 
2 945 830 
3 503 91 770 
2 2669 1915 
2 850 736 
2 280 1181 
2 1741 1386 
2 1920 2537 
2 704 901 
2 769 564 
2 226 2096 
4 2221 1032 1909 192 
2 3087 842 
2 2322 222 
3 1965 2234 2222 
2 1224 2903 
3 1650 2535 1954 
2 2910 424 
3 646 911 2928 
2 604 2114 
2 2364 2717 
2 2964 30 
3 2363 869 2662 
2 2434 58 
4 1517 654 1704 2234 
2 1417 1132 
2 693 1496 
2 2570 169 
2 826 2475 
2 578 2746 
2 1230 2345 
2 141 39 
2 2583 553 
2 1296 1440 
2 1385 2775 
2 623 1687 
2 1529 1369 
2 2328 2459 
2 2232 1933 
3 2941 1604 1640 
3 236 1063 1371 
2 827 3073 
2 3050 105 
2 2177 2549 
2 1486 693 
3 2627 2989 2193 
2 120 637 
3 1241 1582 3008 
2 448 1682 
3 1792 551 2394 
2 2425 1127 
3 2116 1660 2297 
3 2707 873 1193 
2 449 1062 
2 2927 890 
2 1616 882 
2 174 2949 
3 875 1790 1534 
2 1924 1979 
2 1729 1315 
2 705 366 
2 69 982 
3 1866 154 1389 
2 1709 1564 
3 2446 1407 2191 
2 868 1088 
2 2308 2763 
2 2315 1834 
2 2287 3061 
2 2812 1159 
2 215 1773 
2 1416 494 
2 2194 631 
2 891 2217 
2 2726 386 
3 1070 1874 953 
2 1999 1518 
2 1830 389 
3 1945 1491 2040 
3 903 273 2892 
3 1690 2312 2975 
2 1921 2037 
2 903 1082 
3 2423 61 571 
3 1386 3014 1486 
4 1417 2566 1708 2148 
2 2056 2284 
2 1812 2912 
2 885 1519 
2 1309 2780 
2 2971 458 
2 1024 1099 
3 1194 1714 1011 
2 2417 1339 
2 628 367 
2 2229 2295 
2 644 2733 
3 2369 99 2930 
3 1601 2734 159 
2 1448 1046 
3 1564 1884 2097 
3 1756 1253 1735 
3 1239 2424 2051 
2 2888 146 
3 2169 202 2538 
3 2598 366 2600 
2 2868 2647 
2 2340 2773 
2 1279 2705 
2 1139 2274 
2 839 966 
2 1053 1599 
2 2667 1569 
2 1574 642 
2 2394 646 
2 1893 1387 
2 1399 587 
2 1036 399 
2 955 1570 
2 1376 1569 
2 1852 623 
2 2071 337 
2 1593 2564 
3 1146 1899 2547 
2 2839 166 
3 1336 785 1273 
2 129 703 
3 319 693 2195 
2 1062 2110 
3 1248 1298 1228 
2 2591 682 
3 2403 637 946 
3 2720 1142 2569 
2 384 1340 
3 2259 2977 2648 
2 311 1234 
2 552 196 
2 1950 691 
2 51 2881 
2 1860 493 
2 2731 2891 
2 25 565 
2 2663 262 
2 2827 1351 
2 247 676 
2 284 241 
3 2782 2406 77 
4 2306 2347 909 2776 
2 2331 3027 
2 2405 1612 
3 2054 396 1751 
2 565 1766 
2 1618 1698 
2 1644 2812 
2 463 1647 
2 1883 677 
2 1021 1601 
2 2994 515 
2 2903 1532 
3 3014 946 1349 
2 513 761 
2 996 2399 
2 460 198 
2 882 2174 
2 825 2913 
2 1407 2160 
2 1763 739 
2 803 866 
2 530 1080 
2 887 2678 
2 223 583 
2 1103 2092 
3 2312 2985 1604 
3 1737 410 33 
3 1225 1250 368 
2 1655 1094 
2 1685 3076 
2 1770 2868 
2 315 2420 
3 2522 2677 1746 
2 140 2464 
2 430 306 
2 1188 3042 
2 2083 1944 
2 1649 817 
2 2670 263 
2 767 2699 
2 1611 1786 
2 1040 2119 
2 896 2611 
2 1382 2009 
3 200 117 867 
2 1925 2188 
2 2163 1720 
2 2990 2247 
3 2150 2042 104 
2 3064 2762 
2 244 2323 
2 276 1557 
2 2571 2799 
2 728 2722 
2 2520 332 
2 2516 704 
3 273 613 1453 
2 968 1750 
2 17 1987 
2 159 2136 
2 2269 1592 
2 1254 611 
2 2870 2109 
3 2374 976 1695 
2 2320 2366 
2 1304 2076 
3 2492 358 2837 
2 202 1409 
2 2047 244 
2 1235 2090 
2 1515 1153 
2 3027 2369 
2 2374 2082 
3 1417 857 2601 
2 2211 2893 
2 1023 2212 
2 1705 1063 
2 737 1641 
2 2551 2961 
2 2747 2234 
2 2078 1911 
2 1400 1653 
2 1501 2202 
2 947 2239 
2 2237 1602 
2 1667 2256 
2 2151 2610 
3 54 1827 2016 
2 190 2499 
2 2593 219 
2 795 2884 
2 1289 1695 
3 432 888 2177 
2 3022 801 
2 175 1668 
2 193 924 
2 1818 2770 
2 3057 1293 
4 529 2518 426 261 
2 2128 2717 
2 2123 1814 
2 3030 2355 
2 2385 745 
3 743 1875 2135 
2 2515 2046 
2 2459 2472 
2 2307 986 
3 485 1145 759 
2 1536 1955 
2 2117 797 
2 1100 2002 
2 716 112 
2 1994 1001 
2 1492 1888 
2 55 1247 
2 220 848 
2 1106 2642 
2 1463 1187 
2 952 143 
3 277 1897 252 
2 2035 670 
2 5 1073 
2 2565 2865 
2 283 1018 
2 1323 3084 
3 2625 2537 287 
2 208 2581 
4 1577 2426 292 1493 
2 3061 1254 
3 1232 397 2759 
3 2636 1401 1100 
2 1597 190 
3 1145 2695 2047 
3 2440 2314 2853 
3 1989 2608 816 
2 1072 1898 
2 1246 1179 
3 339 1318 1773 
2 2217 1836 
2 2999 2821 
2 2283 943 
2 2129 699 
2 1373 1833 
2 1280 20 
2 550 2495 
2 2179 1296 
2 2187 2668 
2 643 206 
2 898 2802 
2 906 1445 
2 2649 1739 
2 1615 469 
2 192 536 
3 1663 2122 1693 
2 619 2727 
3 1096 423 2797 
2 427 2919 
2 2409 288 
2 546 2899 
2 671 1420 
2 1600 630 
2 1450 1079 
2 1899 1261 
3 461 19 2372 
3 1599 2698 2550 
2 2044 397 
2 916 2197 
2 936 667 
4 835 863 2932 1412 
2 2646 1807 
2 2620 2320 
2 1499 1209 
2 2911 2328 
2 1834 1428 
2 1790 639 
2 1215 2858 
2 317 2690 
3 1314 2183 26 
2 1263 1004 
2 971 93 
3 107 791 1100 
2 480 2979 
4 2012 787 2506 152 
2 2009 1360 
2 3083 563 
2 2629 2681 
2 2055 1183 
2 2190 2213 
2 2012 1326 
4 2444 2977 2335 509 
3 1821 2296 724 
2 1719 1060 
3 495 350 290 
3 1849 2415 2127 
2 1654 1560 
2 2088 338 
2 452 1295 
3 1030 2956 214 
2 327 2371 
2 527 883 
2 1255 1860 
2 1489 2542 
2 29 415 
2 1383 2947 
2 2997 271 
3 1438 1358 1242 
2 2110 3049 
2 1495 1498 
3 1837 1306 1364 
2 2957 2339 
2 800 377 
2 15 1811 
2 392 1734 
2 2993 2633 
2 2842 2276 
2 1854 2248 
2 1412 2303 
2 2564 3087 
2 1746 1096 
2 2558 519 
2 796 539 
2 1064 2771 
2 1104 1953 
2 1457 1431 
2 2316 1994 
2 2079 2352 
3 2292 2800 643 
3 202 1770 1892 
2 526 2205 
2 1659 2294 
2 949 2906 
3 1130 1540 1838 
2 595 2397 
2 1114 1470 
3 2256 2687 2723 
3 2062 61 114 
2 1785 2295 
2 3040 2924 
2 1769 1841 
2 3036 589 
3 1323 1566 570 
2 445 1543 
2 1301 2608 
2 2519 1804 
3 493 2641 1886 
2 2358 2580 
4 1326 152 2246 710 
2 908 2734 
2 2438 2907 
2 2781 2943 
2 1606 231 
2 1007 106 
2 843 341 
2 1011 916 
2 1903 2178 
3 1718 1637 1260 
2 1930 2533 
2 2099 952 
2 820 1090 
3 369 78 2810 
3 1859 2164 2349 
2 2157 1433 
2 2148 1600 
2 399 2170 
2 2721 1161 
3 1978 2582 1321 
2 2391 886 
2 1915 1005 
2 977 1055 
2 1086 2362 
2 3038 1596 
2 1033 1959 
2 456 2942 
2 918 2309 
2 52 1679 
2 3086 92 
2 1419 1545 
2 2616 465 
2 2733 2354 
2 439 429 
2 846 195 
2 602 1087 
2 2282 1199 
3 560 3011 1248 
2 188 526 
2 150 2720 
2 2233 1974 
2 3082 934 
2 99 1424 
2 1035 1136 
2 1706 1891 
2 1185 2398 
2 446 2632 
2 256 1993 
3 1286 1334 421 
3 1556 2298 2679 
2 1578 534 
2 1634 1809 
2 3075 1042 
4 513 1191 996 1056 
3 2072 149 179 
2 2305 1394 
3 1703 1277 2072 
2 760 821 
2 740 555 
2 2021 269 
2 1406 758 
2 2826 1482 
2 86 1867 
2 519 2255 
2 1291 2661 
3 547 335 2027 
2 1684 2704 
2 1341 2790 
3 3068 2444 314 
2 1379 1465 
2 1831 2571 
2 1951 220 
2 2796 472 
2 2934 2368 
3 2073 2940 1323 
2 484 3074 
3 1004 881 929 
3 1706 538 906 
2 1704 1778 
2 1973 2067 
2 2329 1459 
2 1267 108 
3 68 2062 2712 
2 355 1801 
2 1861 1070 
3 1502 764 2556 
2 2474 1279 
2 106 503 
3 909 100 1936 
3 1174 894 297 
2 822 931 
2 2441 1802 
3 436 296 1882 
3 552 2867 1341 
2 2581 1726 
2 1444 595 
2 1598 609 
2 2076 2033 
2 611 1744 
3 2274 1873 1235 
3 2416 2231 2750 
2 1433 422 
2 498 2798 
3 225 1532 2529 
2 2209 119 
2 2960 1889 
2 1351 2726 
2 2744 2968 
2 817 2428 
2 2479 153 
2 2192 957 
2 1822 1501 
2 231 1528 
2 1614 2876 
3 2382 2414 2195 
2 418 829 
3 2981 866 2050 
3 764 633 575 
2 1425 98 
2 1809 97 
2 3070 134 
2 3037 3040 
3 766 1055 1015 
2 2989 1510 
2 1512 2038 
3 2463 387 1319 
2 248 2395 
3 641 656 1049 
3 60 1881 1231 
3 574 1245 1798 
2 60 408 
2 651 1325 
2 997 2910 
2 1881 1609 
2 1325 1964 
2 1997 1289 
2 201 2851 
2 1475 1200 
2 2624 1449 
2 2843 2832 
2 1904 2590 
2 163 2250 
2 151 331 
3 2334 216 188 
3 798 1528 2887 
2 926 713 
3 1487 807 2353 
2 598 2104 
2 2694 1488 
2 2642 2044 
2 2523 342 
3 272 2029 1188 
2 1998 2820 
2 2527 995 
2 1047 662 
2 1059 2863 
2 8 121 
2 2932 2124 
3 627 2619 2720 
2 902 2935 
2 3059 2951 
2 1855 2350 
2 2162 2460 
2 2832 208 
3 1476 247 1508 
2 710 1007 
2 1725 1944 
3 2933 2558 2167 
3 525 1129 1467 
2 2808 2142 
2 1028 2411 
2 655 51 
2 2763 1226 
2 2074 523 
2 2510 261 
3 638 2454 99 
2 1349 1843 
2 2496 3056 
3 2915 1773 2231 
2 1359 2948 
2 2967 232 
2 1394 777 
2 2954 615 
2 3056 2675 
2 2214 2653 
2 1608 41 
2 2872 2378 
2 670 782 
2 1592 234 
4 2455 2266 2842 757 
3 2203 2596 2012 
2 586 753 
2 2488 1413 
2 1169 514 
2 235 2916 
2 2431 175 
2 1312 1595 
2 474 486 
2 2246 683 
2 496 2988 
2 1034 1071 
2 2939 721 
3 2003 167 1358 
2 2567 110 
2 2261 2066 
3 1090 1083 2383 
2 1089 2444 
2 2963 205 
2 1814 1665 
2 910 455 
2 2313 1084 
3 2860 626 1666 
2 779 2719 
3 1612 1774 1245 
2 730 1414 
2 768 546 
3 366 629 3086 
2 2662 2938 
3 158 2655 1018 
2 2978 963 
2 1729 1961 
3 2935 1656 233 
2 1919 940 
2 881 1624 
2 2792 2969 
2 94 723 
2 2699 3016 
2 363 275 
2 1178 1552 
2 2443 1093 
2 2260 375 
2 1560 2327 
2 1388 1678 
2 1875 1249 
2 2500 1460 
3 2651 1082 1282 
3 1380 1278 186 
2 1127 1069 
2 1202 2168 
2 207 1868 
3 1143 2756 1010 
2 2318 2190 
3 2849 77 1368 
3 900 2292 2765 
2 1947 1549 
2 1497 834 
2 1892 2992 
2 2800 1158 
2 1120 1577 
2 3089 2758 
2 1858 1477 
2 1916 1269 
2 2200 1026 
2 2134 1824 
3 479 1123 592 
2 1946 2474 
2 606 1701 
2 2334 2112 
2 661 2207 
2 2147 476 
2 1587 726 
2 1863 831 
2 488 2940 
2 3011 2162 
2 375 2962 
2 2172 2503 
2 457 2338 
2 724 2011 
2 2511 673 
2 2069 2094 
3 2655 2860 1415 
3 554 1823 88 
2 832 2429 
2 1373 1958 
2 2554 2784 
2 2135 1844 
3 1010 1938 735 
2 1195 1690 
3 3052 826 3054 
3 652 2201 545 
2 2127 1124 
2 2953 2516 
2 293 398 
2 1125 59 
2 2158 2132 
2 929 1155 
3 3048 2297 987 
4 732 2924 1803 2926 
3 2677 545 2644 
2 1199 3068 
2 2754 1312 
2 2495 1146 
3 1585 749 1785 
3 836 1866 2273 
3 362 2746 2592 
2 809 1347 
3 1022 192 2357 
2 811 1906 
2 638 2347 
2 597 1271 
2 2210 2465 
2 1572 1897 
2 1575 211 
2 2457 1203 
2 1212 2777 
2 2449 2540 
3 2075 2476 729 
2 2121 1789 
2 2749 67 
2 743 2347 
3 700 2634 1877 
2 2491 1992 
2 2029 250 
2 32 3069 
2 1596 125 
2 1392 2034 
2 1934 590 
2 2380 3006 
2 1019 2166 
2 35 764 
2 2566 1430 
3 1720 1824 1147 
2 844 370 
2 1006 2552 
2 379 1825 
2 420 2457 
5 1641 2686 2275 567 1051 
2 2987 2998 
3 819 2351 2366 
3 2771 1271 1767 
2 71 2782 
3 1209 1181 1920 
2 1886 2815 
2 532 2999 
3 1123 1985 2150 
2 852 2106 
3 1974 2104 2448 
2 1620 2153 
2 794 2498 
2 3043 1420 
3 995 1442 2234 
2 2704 1194 
3 966 1441 1408 
2 2332 2620 
2 1056 644 
2 2548 1034 
2 534 320 
2 2879 2883 
2 2421 2614 
2 2835 2994 
2 263 1063 
2 1995 1948 
2 514 3047 
2 2222 2532 
3 1806 1373 2019 
4 2208 2183 1309 2827 
2 1164 1685 
3 2589 2740 1812 
2 1816 34 
2 2102 847 
2 2252 131 
3 180 1812 1530 
2 1458 436 
2 944 2224 
2 2271 2140 
3 616 1030 1584 
2 827 2978 
2 2230 3062 
2 2173 923 
2 333 566 
2 1330 1795 
3 1970 1072 603 
2 2723 416 
3 457 1144 500 
3 455 2493 2392 
3 1268 1828 2124 
2 908 2859 
2 2995 977 
2 646 828 
2 2351 1837 
4 471 1462 22 1792 
2 2267 2617 
3 1150 1336 2970 
2 458 2513 
2 3013 2810 
2 2674 2331 
3 1175 923 2490 
4 1753 1121 2229 2438 
3 462 574 733 
2 2952 1751 
2 2692 3055 
2 2131 463 
2 2129 1072 
2 2639 200 
2 2640 2336 
2 376 492 
2 2592 2446 
3 2148 2354 460 
2 1795 120 
2 2617 1137 
2 2648 955 
2 3048 423 
3 1122 741 1791 
2 1693 2071 
2 2299 3051 
2 3024 1356 
2 1345 1148 
3 309 649 3023 
3 1876 2254 3025 
3 1041 1255 1542 
2 1577 2260 
2 325 647 
2 2943 2624 
2 1932 624 
3 1442 516 2960 
2 878 2955 
2 544 2877 
2 2952 178 
2 2984 40 
2 870 2734 
2 3072 432 
2 1656 1354 
2 1158 2760 
2 2018 1905 
3 24 502 2513 
2 1671 2900 
2 1028 1292 
4 1766 576 2646 3055 
4 2596 1744 2666 1020 
2 2718 352 
2 3032 927 
2 1734 1762 
3 639 1997 250 
3 486 151 343 
2 1493 2020 
2 2750 1876 
2 2635 887 
2 1447 1917 
2 1455 453 
3 2448 2181 1651 
2 1361 947 
2 2366 710 
2 1960 1718 
2 1287 2084 
2 1870 2735 
2 1415 1483 
3 626 2379 2713 
2 1329 833 
3 1721 1058 1725 
2 21 2759 
3 1218 812 1572 
2 1931 2488 
2 2738 1722 
2 537 1988 
2 1847 1214 
2 63 1928 
2 722 2831 
2 2657 1308 
2 2665 1475 
2 1635 2505 
3 1617 2954 1685 
2 1688 2713 
2 2988 148 
2 2103 1205 
3 1739 118 2345 
2 659 76 
2 2453 1048 
2 272 1434 
2 603 1945 
2 1260 502 
3 1038 117 1291 
2 165 35 
2 1256 2359 
2 1743 1326 
3 1349 3075 424 
3 2242 2324 2383 
2 2574 2259 
2 1356 2300 
3 2542 2139 72 
2 1540 2091 
2 1639 316 
2 390 2065 
2 2737 2933 
2 755 1818 
3 2974 2522 2669 
2 2686 1311 
2 700 2174 
3 2875 754 632 
2 2224 1091 
2 511 404 
2 784 1333 
2 2245 1525 
2 607 2290 
2 2338 2030 
2 310 1614 
3 634 792 1378 
2 1318 1110 
2 2668 1448 
2 2541 556 
3 388 1625 2627 
2 88 2621 
2 2535 387 
3 1657 2401 1033 
2 1426 90 
2 1603 793 
2 2300 1985 
2 2600 1808 
2 2780 482 
2 677 2643 
4 2813 2823 46 1463 
3 289 2727 1046 
3 904 1597 1221 
2 1799 1772 
2 1674 2388 
2 459 2808 
2 2387 2063 
3 2275 2127 1973 
2 1492 1497 
3 846 1456 968 
2 2341 1126 
3 2025 3068 1071 
2 853 970 
3 520 1362 1696 
2 2153 668 
2 1231 2645 
3 1469 971 744 
2 867 2238 
2 1408 2311 
3 1345 573 1610 
2 2777 1086 
2 1912 652 
2 407 434 
2 2803 2507 
3 1665 3050 1237 
2 1253 2360 
2 1094 1280 
2 265 16 
2 2170 53 
2 2740 96 
3 2144 1372 2716 
2 1936 1504 
2 1787 79 
2 1661 2393 
3 2877 420 115 
2 2445 253 
2 982 2850 
2 2439 325 
2 1198 579 
2 1955 1894 
2 2333 170 
2 3001 2007 
2 974 1385 
2 2920 1615 
2 1801 2346 
2 614 2086 
2 455 1586 
3 1695 2265 978 
2 2350 1052 
2 616 333 
2 747 2523 
3 641 2876 1029 
2 2578 1163 
2 179 2100 
4 489 2937 352 837 
2 1819 224 
4 469 695 3065 678 
2 512 1374 
2 251 1815 
2 510 1777 
2 1009 2908 
2 2413 1680 
2 320 133 
3 1452 1904 711 
2 2310 853 
2 1640 328 
2 492 348 
2 2336 661 
3 2344 467 2570 
3 961 2346 619 
4 2678 2343 860 907 
4 1530 96 1154 838 
2 1832 1049 
2 615 1619 
3 2745 856 1608 
3 1715 2403 2995 
2 409 2491 
2 147 1108 
2 419 1435 
2 214 489 
2 1340 625 
2 987 2797 
2 1226 1912 
2 645 692 
2 584 449 
2 1637 2194 
2 1389 2923 
2 2865 1806 
2 1584 2128 
2 2264 2196 
3 2856 249 628 
3 1498 2786 538 
2 2176 985 
2 312 2376 
2 3088 655 
2 364 702 
2 2557 89 
2 2342 1735 
2 2772 3019 
2 105 2198 
2 1880 1443 
2 1404 1700 
2 2095 2841 
2 2377 879 
2 249 2155 
3 2882 1383 359 
3 2024 1029 339 
2 164 4 
2 2296 560 
2 833 353 
2 204 2509 
3 2621 900 95 
3 1869 2042 1698 
2 2461 695 
2 1176 374 
2 1817 2836 
2 559 1252 
3 2338 2700 2785 
2 2899 313 
3 1675 3039 2077 
2 1411 371 
2 1342 1230 
2 2400 1715 
2 684 2707 
3 1796 680 1499 
2 2032 1516 
2 3052 1047 
3 2634 2174 335 
2 347 2779 
3 2829 1228 3067 
2 2584 1566 
2 2807 158 
2 2294 2701 
2 27 617 
2 1914 2530 
2 895 9 
2 1161 1301 
2 2619 218 
2 1631 223 
3 1554 1300 1306 
2 2687 525 
3 2490 923 72 
2 9 2551 
3 2684 1205 150 
2 2822 2545 
3 2579 429 1787 
2 1718 24 
2 1798 2736 
2 617 1423 
2 270 559 
2 213 675 
4 2801 1979 215 2543 
4 701 2816 1884 2743 
2 2051 891 
2 1429 662 
3 2071 411 570 
3 18 1676 1515 
2 1857 549 
2 2456 2541 
2 46 1998 
2 1461 2553 
2 1679 687 
2 2743 1238 
2 2601 498 
3 886 1052 948 
2 1488 2449 
2 2833 2184 
2 1049 2508 
2 837 582 
2 1985 1166 
2 168 2349 
2 1513 1283 
2 2766 32 
2 1222 21 
2 1250 1186 
2 3018 2894 
2 135 440 
2 1480 430 
4 1073 2026 2689 2362 
2 513 2078 
2 2973 2223 
2 3012 1121 
2 2281 1304 
3 2598 1057 712 
2 2175 810 
2 771 2844 
3 389 2295 2318 
2 738 2960 
2 443 2956 
2 1446 1353 
2 1879 2367 
2 2693 685 
3 1845 820 2529 
2 1568 638 
2 1443 454 
2 198 2271 
2 2184 1633 
2 353 232 
3 1767 1092 2028 
3 1420 2481 1418 
2 2576 1438 
2 153 1537 
3 2105 678 1670 
2 1183 1461 
3 1992 3034 745 
3 2052 1198 857 
2 269 1343 
3 2529 2534 2846 
3 2464 2163 2563 
2 1190 2150 
2 2319 1154 
2 1807 964 
2 2478 2822 
2 1918 2441 
2 942 2171 
2 2238 1313 
2 404 783 
2 1187 2721 
2 1843 345 
2 1142 608 
2 934 2421 
2 1633 554 
3 669 1975 2810 
2 981 552 
3 1071 373 2700 
2 2140 507 
2 2381 1375 
3 1926 2193 121 
2 707 267 
2 2560 1723 
3 2776 2496 1827 
3 1511 939 1700 
2 3078 2075 
2 1699 593 
2 2122 2329 
2 624 2680 
3 1180 2242 2667 
2 1099 1324 
2 2845 2233 
2 1621 2431 
2 2660 744 
2 990 613 
2 873 351 
2 2628 1022 
2 2575 1227 
2 2199 435 
2 1159 756 
2 2521 809 
2 2406 1671 
2 1271 2107 
2 2975 1218 
3 1521 1739 2791 
2 581 266 
2 2244 324 
3 1880 1311 1644 
2 1961 1217 
3 722 1259 1756 
2 640 360 
2 2962 1755 
2 1648 2219 
2 2658 686 
2 324 1617 
2 1221 1639 
3 53 1177 238 
2 683 2562 
2 3079 391 
3 729 2879 1842 
2 1728 2098 
2 2931 457 
2 1533 2586 
2 872 2902 
2 11 1903 
2 2708 156 
2 191 14 
2 761 1623 
4 1056 1761 1380 2330 
2 3015 939 
3 2082 1698 1166 
2 245 1204 
2 876 2658 
2 1701 1887 
2 2552 2792 
2 1977 8 
2 2671 2748 
2 2544 1379 
2 2480 1648 
4 2427 931 258 964 
3 1136 650 929 
2 2580 2959 
2 1627 1526 
2 2081 1164 
2 1378 2905 
2 182 2671 
2 1682 295 
2 1531 2682 
2 1602 605 
2 156 1075 
2 1381 1901 
2 2087 839 
2 2293 1629 
3 259 3020 1732 
3 1850 1134 2000 
2 2418 2057 
3 912 1965 2465 
3 2533 1210 1014 
3 1372 2498 945 
2 343 1263 
2 2949 417 
3 1803 2367 689 
2 3073 2673 
4 2969 1295 1719 2574 
2 2039 2069 
2 2602 451 
2 2508 2629 
3 2498 1264 722 
2 1163 139 
2 734 3031 
2 1605 1305 
2 1035 459 
2 883 1474 
3 2100 1016 230 
3 1958 2918 1043 
3 1098 1478 2228 
4 1962 2696 400 792 
2 1284 3077 
2 1972 2637 
2 419 2118 
2 2683 1616 
3 1643 2416 490 
3 1200 13 2980 
2 300 1554 
2 242 915 
2 1346 2616 
2 2769 2356 
2 1622 50 
3 2864 2977 1719 
2 774 1468 
2 2565 1664 
2 497 1192 
2 1193 448 
2 1305 562 
3 2922 1548 802 
2 288 2626 
2 2998 825 
2 1044 1256 
2 2876 878 
2 2132 2712 
2 2524 2539 
2 2254 982 
2 985 1717 
2 2053 2744 
2 1727 1852 
2 2945 969 
4 2961 344 2527 2747 
2 461 746 
3 2195 604 903 
3 241 1066 1751 
2 58 1731 
4 1464 1542 2990 69 
3 2249 2685 1009 
2 2111 1404 
5 1197 995 1704 738 985 
2 257 2567 
2 630 2519 
2 2650 1202 
2 1890 2088 
2 1201 3081 
2 889 2433 
2 631 183 
3 417 1839 2109 
3 2779 587 357 
2 425 2126 
3 919 2639 1855 
2 1364 1562 
2 1165 2946 
2 1333 633 
2 2450 2232 
2 1505 2514 
2 365 950 
2 3051 1724 
2 790 437 
2 1772 2221 
2 1427 483 
3 1203 2563 1352 
2 725 3070 
2 2362 409 
3 1840 1105 884 
3 1774 2624 1594 
2 451 1568 
2 314 621 
2 478 334 
2 523 1962 
2 673 1920 
3 2804 2386 1553 
2 2725 1745 
2 2297 2304 
2 2860 1178 
2 2697 672 
2 2068 1728 
2 901 2602 
2 1657 845 
2 1080 1463 
4 112 1690 1880 3088 
2 1332 3004 
2 110 19 
2 858 2659 
2 573 2967 
3 658 2863 818 
3 859 2055 100 
2 398 1400 
2 297 1258 
2 1057 2478 
2 113 369 
2 2917 305 
2 2429 1039 
2 267 326 
2 149 201 
2 1856 548 
2 475 808 
3 1607 1344 439 
2 415 2172 
2 1347 2005 
3 1066 1354 2059 
2 1308 1981 
4 1022 2268 2535 1650 
4 601 56 3055 1413 
2 2482 1768 
2 1841 1869 
3 237 72 487 
2 2309 2450 
2 1334 568 
2 2268 80 
2 2604 1419 
2 708 1118 
2 2485 1224 
2 2801 1037 
2 1391 2302 
3 0 1937 2517 
2 1891 129 
2 1051 1143 
2 582 1574 
2 1251 561 
2 594 1038 
3 466 2922 1342 
2 45 920 
2 2059 1605 
2 880 2083 
2 1288 1182 
3 3 2645 377 
2 487 984 
2 1168 2945 
3 854 2757 1839 
2 828 557 
2 531 2334 
2 1595 2972 
2 1290 1008 
2 2107 1444 
2 2148 714 
2 1749 1119 
2 41 1707 
2 122 1913 
4 2326 3074 1507 1621 
2 1307 2864 
2 1758 1940 
2 679 127 
3 1630 1990 1857 
2 1327 531 
2 2367 1078 
3 948 2718 1883 
2 3005 1970 
3 2928 563 1943 
2 316 1941 
3 1828 1001 57 
3 587 1917 1942 
3 1662 1673 1118 
2 2892 671 
3 2043 1378 327 
2 1525 1921 
3 2599 1743 1692 
2 1343 2757 
4 2764 1510 2781 2577 
3 1396 2521 1761 
2 1219 154 
2 2206 3033 
2 1660 2461 
2 456 1363 
2 1836 2455 
3 1898 157 941 
2 299 3030 
3 1387 2051 2258 
4 348 993 942 624 
2 39 991 
2 605 305 
3 1182 1692 1805 
4 939 2063 2340 2181 
3 2613 1437 680 
2 1189 1068 
2 2419 2528 
2 1316 197 
3 1281 2797 387 
2 26 45 
3 592 1190 1181 
2 694 28 
2 1966 2479 
2 83 1976 
2 1550 3022 
2 2514 1810 
3 470 864 1681 
3 851 2099 741 
2 2836 1478 
4 1569 1839 848 2534 
2 2881 2768 
2 2430 1220 
2 2266 3052 
2 44 1879 
2 1877 547 
2 2536 679 
2 3044 598 
2 784 1384 
2 1738 194 
2 1906 2584 
2 1020 1085 
2 1490 961 
2 2531 184 
2 1350 529 
2 1409 558 
2 1132 2670 
2 2898 1995 
2 2572 1866 
2 261 2833 
4 726 589 1102 1948 
2 600 765 
2 2781 1120 
2 1117 2121 
2 733 7 
2 2837 2683 
2 16 1275 
3 302 97 446 
2 1534 2787 
2 632 468 
2 914 1934 
2 1478 2973 
2 1311 2807 
3 2543 1464 2201 
2 109 1064 
2 642 2175 
2 2923 2370 
2 1149 2597 
2 2093 1712 
2 2773 395 
2 958 1054 
2 1073 921 
2 243 1021 
2 1245 3000 
2 866 2159 
2 1472 2898 
2 1636 2287 
2 517 2385 
2 2112 1559 
2 2675 73 
2 2240 569 
2 274 994 
2 2631 85 
2 438 930 
2 125 477 
2 1751 1366 
2 2537 1910 
2 426 1251 
2 2086 1455 
2 277 2934 
2 788 1593 
3 1432 1570 1307 
2 180 1908 
3 1760 1035 707 
2 522 899 
2 1700 1803 
2 2038 1669 
2 2302 2249 
2 618 2475 
2 536 322 
2 2811 1830 
2 1539 708 
2 2359 1553 
2 702 2031 
2 1689 1667 
2 482 867 
2 1008 1223 
2 1526 107 
3 2357 1986 286 
2 2948 659 
2 746 1489 
3 1151 2081 544 
3 1664 2176 2702 
2 464 3045 
2 2714 944 
2 336 788 
2 2884 2783 
2 184 289 
3 12 2950 2589 
2 1223 280 
2 171 725 
2 1619 1450 
3 999 2451 749 
2 1670 116 
2 2821 383 
2 2284 2085 
2 2376 1473 
2 2609 2158 
2 224 2072 
3 698 647 2299 
2 3023 2613 
2 394 2754 
2 307 2307 
2 528 650 
2 74 521 
3 1815 601 1556 
3 2608 720 912 
3 657 1750 2014 
3 1949 1675 629 
3 232 1184 2640 
2 1738 518 
3 2709 740 2930 
3 1262 2875 1655 
2 2103 1541 
2 941 2880 
3 1702 2187 2178 
2 1206 949 
2 405 1598 
2 2938 176 
2 924 634 
2 1629 193 
2 2849 719 
2 1823 2818 
2 1300 2691 
2 1896 860 
2 2040 2186 
2 1983 880 
2 337 1538 
3 104 747 1632 
2 622 38 
4 1747 218 1788 736 
2 2250 2379 
2 711 1222 
2 1645 1173 
3 2310 2983 246 
2 1216 452 
2 2236 1361 
2 136 1172 
2 2354 2120 
4 377 1150 461 1848 
2 1923 1514 
2 3077 2220 
3 874 585 310 
2 2844 730 
2 2226 1517 
2 2370 2917 
3 1467 2065 2080 
2 2007 218 
2 794 2396 
2 1717 2702 
2 1374 2177 
3 2383 427 2080 
3 2297 1865 987 
2 2901 2389 
3 978 2439 1243 
2 1075 308 
2 2220 274 
2 1669 533 
2 2031 1862 
2 1319 1842 
3 2024 2915 2416 
2 861 2157 
2 2017 2957 
3 777 13 748 
3 434 1094 727 
2 402 1709 
2 1014 347 
2 1282 508 
2 2015 1196 
2 1687 2154 
2 2033 799 
2 2982 1638 
2 358 760 
3 1449 616 951 
2 275 1969 
3 3064 1337 1531 
2 741 303 
2 2805 2102 
2 782 402 
2 2137 635 
2 2081 2256 
2 1093 1335 
4 2890 912 2210 1240 
2 1056 1684 
2 2235 1567 
2 372 2695 
2 1103 364 
3 1941 998 859 
2 1434 1170 
2 668 2401 
2 506 864 
2 2183 1840 
2 2696 2117 
2 155 2073 
2 2353 2826 
2 742 1925 
3 697 2018 844 
2 1363 2161 
2 1244 1458 
3 427 2997 1383 
3 2887 1003 2740 
2 2393 2003 
2 714 805 
2 2142 3024 
2 115 276 
2 799 2608 
3 219 2471 1721 
2 1504 2958 
2 793 1101 
2 1658 1760 
2 472 1207 
2 663 2993 
2 841 2813 
3 3017 1792 1554 
2 2420 2654 
4 195 3080 2056 1076 
3 2760 675 2351 
2 1076 1870 
2 1191 2036 
2 2272 2185 
3 413 748 204 
3 77 584 2305 
2 127 207 
2 428 585 
2 541 177 
4 2588 1360 2489 1252 
3 3084 571 2480 
3 2768 1204 3008 
2 1160 577 
2 2633 3026 
3 2483 818 2368 
2 1712 3078 
3 728 3041 300 
2 2205 1395 
2 1745 1763 
2 2959 2688 
2 1522 2010 
2 1707 1288 
2 1864 1984 
2 562 800 
2 3003 2823 
3 1776 1502 2260 
2 897 1243 
2 2215 64 
3 84 1863 1016 
2 3025 2116 
2 2186 1303 
2 2950 798 
2 97 2435 
2 1410 954 
2 1331 2612 
2 1674 2000 
2 787 1800 
2 321 1248 
3 2198 592 905 
2 290 960 
3 2661 1757 2245 
2 2492 1758 
2 1362 2737 
2 1234 1513 
2 1872 2937 
3 1652 664 3063 
3 1888 2677 2321 
2 1791 1287 
2 1077 15 
3 2713 1105 1764 
2 925 1268 
2 893 2237 
2 30 1599 
2 2972 222 
2 1548 819 
2 2597 385 
2 1582 1634 
2 3002 488 
2 31 1821 
2 2152 2133 
2 2278 2936 
2 2918 2113 
2 1428 2639 
2 993 1581 
3 543 1113 290 
2 2715 542 
2 838 1822 
2 1792 875 
2 2109 1083 
2 1264 1861 
3 745 1848 974 
2 2399 1156 
3 2165 2156 588 
2 960 384 
3 2863 2182 277 
2 414 1749 
2 1547 2432 
2 3028 851 
3 2645 1652 1150 
2 1140 1943 
4 580 1413 964 222 
2 2108 511 
2 1303 545 
2 2167 425 
2 2408 2200 
2 2834 2016 
3 2802 227 2232 
2 1690 1849 
2 1352 2013 
2 2618 790 
2 2051 3039 
2 1294 2714 
2 2506 372 
3 502 3028 1754 
2 2858 2064 
3 2720 1512 431 
3 393 2568 1250 
3 250 2575 2196 
2 3080 2270 
2 1282 172 
2 1157 1590 
2 2097 1990 
2 2005 236 
3 2465 2532 2944 
2 296 2814 
2 1430 1705 
2 1079 431 
2 2728 627 
3 1996 212 1023 
2 938 2145 
2 699 2494 
2 2936 541 
2 2902 117 
4 2783 2219 1446 908 
3 1810 1825 2648 
2 2690 2467 
2 672 2664 
4 2854 329 1903 791 
4 991 1217 3029 2960 
2 2341 1793 
3 328 1576 138 
4 1403 1522 1103 2694 
2 2090 1382 
2 1171 3037 
2 1352 1736 
2 957 2752 
2 954 2267 
2 1470 1045 
2 1272 1874 
2 2759 2706 
2 424 537 
3 494 3008 2751 
2 656 1111 
2 2855 645 
2 1067 1396 
3 1783 1365 1069 
2 1808 2843 
3 2020 292 3003 
2 2641 1846 
3 968 657 1816 
2 956 594 
3 1721 2583 1902 
2 696 2855 
2 970 775 
3 298 2025 2035 
2 2223 1471 
3 173 119 1947 
3 1000 528 1658 
3 808 2226 1197 
2 2156 135 
2 447 1672 
2 1464 1799 
3 2730 302 537 
2 2724 846 
2 2862 863 
3 2484 1654 505 
2 203 144 
2 1604 328 
4 2352 441 419 2324 
2 1613 453 
3 1247 1813 2728 
2 1786 2599 
2 840 932 
2 1167 497 
2 1037 1536 
2 230 2353 
4 238 95 1607 697 
2 62 2045 
3 927 401 794 
3 406 2384 2610 
2 2946 2206 
2 1214 2854 
2 1339 1693 
2 758 1971 
2 1078 2422 
2 82 47 
2 1005 3020 
3 3019 1118 2103 
2 1668 1893 
2 625 868 
2 2001 2243 
2 1060 1871 
3 2353 1367 2405 
3 1694 3089 1117 
2 2469 2712 
2 1638 958 
4 1990 621 37 669 
2 862 1964 
2 2411 18 
2 569 124 
2 847 606 
2 1431 2932 
2 2124 365 
2 2154 1588 
2 391 540 
2 465 5 
2 76 3025 
2 2840 1436 
3 1273 1954 2372 
2 1466 155 
2 1170 620 
2 1344 1611 
3 433 2024 2308 
2 1266 2685 
2 3071 1896 
2 921 2266 
3 193 168 2560 
2 92 181 
2 2415 2004 
2 1878 1533 
2 291 160 
4 1748 1377 2095 2927 
2 2907 2453 
2 1124 1040 
2 2595 1873 
2 2703 690 
2 1696 140 
2 166 2025 
2 466 118 
2 2505 382 
2 146 86 
2 1516 720 
2 1257 2477 
2 2085 2017 
3 1873 2623 3038 
3 102 474 578 
2 884 66 
2 2577 1425 
2 1719 1114 
2 620 3083 
3 170 583 2002 
2 2966 666 
2 1820 600 
2 1503 1527 
2 2402 2039 
2 483 2684 
3 103 877 1713 
2 1988 2382 
2 1184 2408 
2 629 734 
2 211 1095 
2 2905 2796 
2 1975 2 
3 1553 610 1332 
2 2735 1503 
2 2058 2526 
3 521 2111 2924 
2 2080 2882 
2 608 665 
2 490 664 
4 75 2504 1606 814 
2 1909 3065 
2 1500 718 
2 2889 381 
3 842 1251 885 
2 2770 2716 
2 2741 2732 
2 2897 1963 
2 374 279 
2 1293 2693 
3 1740 114 95 
3 1634 2269 1575 
2 217 2971 
2 196 2753 
3 1519 2673 2280 
2 2335 2208 
2 1240 1960 
2 161 663 
2 1457 823 
2 1148 1077 
3 10 709 721 
2 775 1180 
2 178 2974 
2 810 1550 
2 486 929 
2 561 737 
3 568 1851 2495 
3 1477 2218 1924 
2 1780 1907 
2 209 284 
2 2139 1711 
2 2497 874 
2 1109 2384 
2 2846 1978 
2 1711 17 
2 1208 2469 
2 382 74 
2 772 265 
2 1508 2583 
2 2919 1074 
2 753 2852 
2 268 2565 
2 1111 433 
2 1050 2348 
2 1192 54 
2 2048 804 
2 763 12 
2 540 315 
3 361 453 2856 
2 2428 2400 
2 1276 1991 
2 1789 674 
3 849 694 2536 
2 2143 2711 
2 986 1129 
2 966 538 
3 2164 814 2840 
2 1348 467 
2 1366 2811 
2 1933 447 
2 610 340 
2 1496 988 
2 104 1290 
2 1058 96 
2 1135 117 
2 665 933 
2 2543 1542 
2 1558 524 
3 765 2528 2286 
3 2944 2660 2194 
2 1274 2888 
2 286 1916 
2 142 226 
3 2316 206 2214 
3 1959 219 2419 
3 1355 2845 1651 
2 152 512 
2 1651 2996 
2 2810 1025 
3 3058 989 2343 
2 233 209 
3 2494 1068 157 
3 2968 2141 499 
3 2790 1521 1286 
2 1846 1531 
2 2442 1437 
2 1523 1585 
2 2659 2710 
3 501 2643 1927 
2 1581 2501 
2 139 1565 
2 1626 1438 
2 812 1010 
2 1390 871 
2 1367 1776 
2 2702 2918 
2 2323 2225 
2 2247 2769 
2 1321 222 
2 1543 2462 
2 1027 2180 
2 2471 2630 
2 1524 401 
3 2979 1753 1781 
2 786 1645 
2 1824 1546 
2 1779 301 
2 2061 1315 
2 2545 1327 
2 2590 270 
2 2161 2618 
4 2060 1778 2717 1469 
3 1196 721 2226 
2 1628 2131 
2 4 1571 
2 412 992 
2 855 356 
2 2 2830 
2 2279 1544 
3 1471 782 2931 
2 1588 2183 
2 1746 257 
2 2861 1061 
2 2327 2652 
2 2414 2053 
2 2871 1848 
3 963 1051 2123 
2 915 149 
3 1105 2208 1307 
2 1730 1583 
4 3034 1299 380 2952 
2 2202 786 
3 295 1480 952 
2 185 2554 
2 2517 889 
2 3006 1782 
2 1143 130 
2 807 3090 
2 177 1691 
2 1563 1826 
3 1016 928 1487 
2 2231 1165 
2 194 376 
2 1610 281 
2 2594 1331 
2 1713 1128 
2 1948 1741 
2 2926 471 
2 2582 1322 
2 1691 2216 
2 1697 1257 
2 2426 768 
2 933 1914 
2 857 2656 
3 2736 895 2623 
2 2276 496 
2 877 2342 
2 1681 2984 
2 332 843 
4 2610 1018 302 2730 
2 90 936 
2 468 607 
2 1401 1627 
3 752 3054 2054 
2 304 1748 
2 1055 1130 
2 64 2149 
2 1590 731 
3 717 732 2596 
2 116 2048 
2 1971 2776 
2 2775 2173 
2 378 3060 
2 2378 1211 
2 1771 2483 
2 2586 1769 
3 2795 1772 2628 
2 2612 480 
2 1119 1189 
2 2692 2676 
3 93 2717 214 
2 2361 1219 
2 2189 70 
2 635 1794 
2 2356 648 
2 2077 2979 
2 907 278 
2 331 1357 
2 2722 1485 
2 2823 1388 
2 2689 1992 
2 1485 1355 
2 2615 717 
2 1153 3071 
2 172 1703 
3 381 2390 74 
2 2466 319 
3 736 42 56 
2 1716 780 
3 346 1650 1765 
2 1324 861 
3 812 1013 1897 
2 1768 2252 
3 2386 1999 1642 
3 254 126 806 
3 967 1642 3012 
5 42 1754 25 1791 2298 
2 1541 1547 
2 558 1215 
3 787 917 2928 
2 357 1524 
2 3021 181 
2 1039 1246 
2 1731 959 
2 2644 785 
3 585 1167 2558 
2 2850 1929 
2 690 535 
2 2002 103 
3 1653 1432 1884 
2 1677 517 
2 2257 1484 
2 3042 2803 
3 152 393 1784 
2 1012 2182 
3 1439 199 2334 
2 1838 1416 
2 1147 246 
3 2197 2524 198 
2 2614 2105 
3 591 2138 543 
2 2598 2697 
2 2239 918 
2 123 1405 
3 911 2828 1302 
2 1242 2609 
2 205 705 
2 1580 1393 
2 1335 983 
2 2275 1967 
2 2782 1613 
2 2986 165 
