1198
0 799 124
1 855 958
2 472 584
3 867 185
4 946 612
5 518 547
6 21 1033
7 962 1110
8 826 958
9 383 813
10 430 1045
11 371 813
12 754 265
13 309 204
14 301 159
15 905 1016
16 440 1195
17 767 512
18 1031 329
19 1200 850
20 377 157
21 1029 520
22 296 696
23 107 1182
24 496 644
25 946 600
26 334 25
27 461 985
28 732 227
29 467 462
30 1248 967
31 713 319
32 925 1081
33 334 -12
34 568 874
35 1225 666
36 1197 886
37 496 171
38 1043 489
39 1061 235
40 78 1182
41 905 1077
42 748 512
43 543 869
44 135 513
45 1221 909
46 542 526
47 1015 151
48 450 96
49 1099 151
50 121 79
51 1169 909
52 588 183
53 -2 825
54 146 478
55 1055 608
56 962 1105
57 502 96
58 447 523
59 811 561
60 678 658
61 309 213
62 946 633
63 861 958
64 732 220
65 1058 705
66 440 1039
67 135 498
68 225 -52
69 82 733
70 816 512
71 317 1154
72 101 79
73 334 -43
74 496 564
75 472 641
76 978 360
77 1089 288
78 108 1033
79 452 171
80 255 235
81 336 523
82 334 10
83 714 446
84 973 1048
85 865 972
86 1029 465
87 773 684
88 332 1018
89 752 285
90 776 265
91 687 646
92 295 421
93 791 117
94 1190 909
95 1209 975
96 440 1089
97 1 1084
98 510 633
99 1200 909
100 937 1081
101 935 425
102 1173 975
103 270 159
104 461 919
105 533 96
106 111 376
107 714 491
108 92 874
109 1043 442
110 631 200
111 816 545
112 930 140
113 434 1001
114 1 1095
115 941 1001
116 656 658
117 1043 555
118 592 1004
119 1211 669
120 21 121
121 596 1004
122 804 265
123 377 145
124 406 101
125 379 813
126 390 483
127 1024 294
128 370 991
129 962 1211
130 1268 622
131 730 684
132 738 132
133 820 707
134 896 686
135 1061 231
136 627 869
137 422 547
138 422 500
139 447 500
140 935 444
141 1024 360
142 699 265
143 132 1182
144 498 171
145 737 504
146 1058 723
147 592 874
148 21 251
149 1071 291
150 660 1119
151 244 500
152 303 547
153 271 159
154 251 431
155 207 638
156 1031 1080
157 716 658
158 714 622
159 493 850
160 442 813
161 1031 360
162 813 309
163 298 547
164 1031 1097
165 751 684
166 1043 508
167 350 547
168 1038 612
169 143 1182
170 905 1064
171 1200 770
172 591 874
173 479 204
174 467 440
175 739 265
176 1078 360
177 334 32
178 1028 1048
179 627 874
180 1029 503
181 1065 231
182 415 991
183 1248 919
184 1200 792
185 1090 231
186 340 1018
187 1043 456
188 160 668
189 740 1097
190 1071 151
191 202 638
192 799 132
193 492 1229
194 905 1070
195 930 158
196 1248 909
197 472 624
198 430 1051
199 314 1160
200 924 559
201 154 421
202 820 265
203 946 636
204 818 265
205 135 574
206 500 869
207 280 448
208 1082 723
209 670 646
210 22 281
211 316 836
212 291 547
213 412 523
214 897 140
215 135 591
216 377 133
217 1200 803
218 424 523
219 740 1062
220 493 869
221 642 874
222 779 285
223 82 762
224 684 1119
225 1058 664
226 1225 664
227 301 500
228 679 265
229 763 285
230 197 638
231 282 213
232 166 1195
233 813 345
234 323 500
235 302 696
236 935 434
237 1003 989
238 620 869
239 542 534
240 1124 151
241 1003 1025
242 111 381
243 6 825
244 730 132
245 315 1160
246 724 623
247 287 213
248 267 -52
249 494 200
250 11 825
251 894 972
252 318 1036
253 433 96
254 292 1160
255 1031 1185
256 81 1182
257 946 593
258 461 976
259 897 722
260 104 1182
261 737 454
262 1031 1215
263 1076 723
264 469 171
265 108 976
266 788 132
267 1268 635
268 1068 360
269 915 1001
270 146 35
271 1268 664
272 791 561
273 942 376
274 1240 975
275 448 204
276 827 561
277 472 600
278 494 96
279 1248 933
280 510 639
281 241 666
282 383 547
283 790 512
284 334 93
285 976 972
286 1007 335
287 841 684
288 1043 444
289 713 372
290 430 1061
291 135 556
292 490 1229
293 251 434
294 82 773
295 816 547
296 358 448
297 166 1182
298 138 879
299 280 462
300 289 421
301 250 421
302 1211 909
303 440 1048
304 197 1236
305 430 1039
306 937 1106
307 297 421
308 714 477
309 589 735
310 905 1010
311 429 500
312 1171 608
313 280 500
314 671 646
315 1069 151
316 82 825
317 1193 975
318 717 622
319 21 97
320 279 235
321 1024 312
322 291 1236
323 1003 1219
324 797 512
325 1058 682
326 146 -25
327 1089 238
328 1010 636
329 1063 235
330 365 991
331 614 869
332 434 1024
333 140 591
334 430 1098
335 444 991
336 1200 746
337 135 527
338 905 1039
339 962 1064
340 472 581
341 434 1050
342 643 200
343 222 523
344 740 1100
345 282 235
346 784 117
347 946 617
348 111 361
349 334 78
350 630 1119
351 1031 1175
352 135 482
353 397 523
354 804 512
355 531 200
356 -18 854
357 1124 201
358 737 345
359 589 728
360 1141 608
361 510 564
362 589 1028
363 296 693
364 722 132
365 334 26
366 108 988
367 21 205
368 735 220
369 1138 896
370 272 235
371 1029 575
372 537 125
373 -16 874
374 461 941
375 1031 1121
376 447 1028
377 146 -8
378 696 646
379 1268 660
380 448 1229
381 1058 671
382 883 686
383 826 265
384 932 1106
385 1065 235
386 137 1182
387 571 1028
388 1175 975
389 1029 501
390 994 1219
391 596 1028
392 251 457
393 670 263
394 1138 1025
395 529 484
396 534 511
397 302 695
398 108 79
399 441 171
400 430 991
401 772 998
402 1248 911
403 433 1127
404 867 266
405 897 686
406 1045 291
407 358 468
408 673 230
409 212 230
410 782 117
411 434 1097
412 32 1033
413 531 183
414 368 430
415 997 636
416 962 1169
417 163 421
418 972 291
419 371 447
420 876 559
421 1089 291
422 537 171
423 813 300
424 795 117
425 82 760
426 901 140
427 733 1119
428 740 1009
429 1173 1022
430 713 426
431 861 972
432 867 220
433 905 1081
434 436 813
435 1043 467
436 724 643
437 1075 669
438 714 646
439 664 869
440 255 -52
441 618 1205
442 1031 1157
443 551 869
444 790 285
445 171 658
446 1138 1022
447 111 357
448 483 644
449 1093 151
450 577 735
451 26 79
452 758 707
453 150 638
454 459 204
455 334 100
456 154 477
457 146 398
458 1024 390
459 298 213
460 252 1236
461 770 227
462 64 874
463 317 1144
464 203 1236
465 951 972
466 1024 291
467 1089 235
468 334 151
469 861 965
470 277 -52
471 1173 723
472 472 564
473 140 482
474 135 643
475 724 684
476 935 512
477 537 113
478 1076 291
479 282 218
480 1243 664
481 1043 498
482 1013 636
483 737 400
484 133 874
485 472 602
486 467 430
487 358 991
488 82 668
489 912 1081
490 292 1195
491 146 74
492 633 874
493 747 561
494 466 204
495 108 954
496 434 997
497 1003 972
498 491 547
499 21 254
500 251 426
501 946 582
502 1031 1087
503 140 668
504 1107 1025
505 531 171
506 251 534
507 1051 151
508 270 209
509 1248 975
510 266 209
511 119 668
512 946 473
513 439 523
514 22 357
515 874 722
516 618 1144
517 1170 723
518 1 1033
519 219 421
520 789 1009
521 1003 973
522 1031 291
523 121 93
524 74 1182
525 714 561
526 21 150
527 974 473
528 373 836
529 714 539
530 444 813
531 713 325
532 447 515
533 280 235
534 135 573
535 140 566
536 845 684
537 978 342
538 971 158
539 313 836
540 493 846
541 140 667
542 1043 538
543 579 874
544 1126 669
545 766 265
546 531 176
547 994 490
548 70 1182
549 672 646
550 -2 874
551 21 203
552 1153 669
553 669 869
554 797 561
555 1127 608
556 71 79
557 897 972
558 140 494
559 679 268
560 334 36
561 588 1229
562 221 638
563 377 204
564 737 388
565 430 1019
566 166 1204
567 722 117
568 737 512
569 972 1219
570 763 512
571 1031 1166
572 146 86
573 292 1191
574 493 813
575 897 684
576 222 501
577 816 553
578 241 637
579 1084 151
580 334 121
581 390 447
582 472 666
583 1247 975
584 971 151
585 140 658
586 782 684
587 897 582
588 277 421
589 692 265
590 318 1043
591 472 640
592 440 1140
593 493 865
594 464 171
595 385 547
596 251 500
597 289 213
598 334 -2
599 494 1028
600 568 880
601 358 447
602 935 473
603 475 813
604 954 490
605 294 666
606 431 204
607 935 430
608 318 1018
609 180 -52
610 1031 303
611 135 533
612 111 377
613 1000 972
614 1143 886
615 551 728
616 883 709
617 1093 723
618 494 204
619 146 381
620 740 1114
621 1153 723
622 661 869
623 474 1028
624 47 1033
625 434 1000
626 280 459
627 1 1088
628 226 421
629 377 168
630 128 668
631 656 657
632 501 462
633 21 122
634 1029 517
635 447 882
636 377 146
637 371 836
638 82 753
639 809 285
640 744 220
641 539 200
642 867 199
643 935 470
644 758 117
645 312 159
646 241 563
647 474 564
648 135 667
649 135 530
650 1188 909
651 449 882
652 492 644
653 566 200
654 1080 151
655 434 1055
656 706 265
657 1031 1178
658 618 1229
659 533 183
660 308 159
661 816 220
662 377 813
663 135 1182
664 377 155
665 292 1177
666 673 232
667 108 971
668 943 1001
669 935 497
670 531 173
671 82 1033
672 461 991
673 1 1182
674 59 1033
675 289 1236
676 1 1045
677 1200 811
678 108 993
679 935 463
680 566 183
681 669 874
682 1124 187
683 824 559
684 547 735
685 472 547
686 467 441
687 439 547
688 1079 335
689 444 430
690 135 656
691 962 1199
692 542 516
693 21 170
694 535 728
695 280 426
696 377 201
697 461 906
698 470 547
699 56 1182
700 646 263
701 1070 723
702 1031 1048
703 296 213
704 417 836
705 714 537
706 1140 1022
707 146 93
708 302 666
709 484 204
710 340 999
711 143 658
712 935 400
713 1081 608
714 334 116
715 483 666
716 490 96
717 567 728
718 510 568
719 101 668
720 140 661
721 518 1028
722 1196 975
723 789 958
724 440 1033
725 656 874
726 714 426
727 1025 151
728 512 462
729 1024 307
730 560 200
731 397 836
732 830 265
733 813 303
734 1043 514
735 846 270
736 317 1122
737 687 658
738 1065 664
739 990 473
740 772 958
741 876 579
742 108 1014
743 434 1079
744 792 958
745 883 690
746 317 1116
747 925 1106
748 22 340
749 1024 335
750 569 735
751 1173 987
752 1107 669
753 383 836
754 243 209
755 905 1076
756 772 964
757 1168 1022
758 596 1024
759 1075 664
760 1031 1147
761 111 370
762 334 85
763 108 938
764 116 879
765 417 861
766 1092 1025
767 724 622
768 867 270
769 -18 861
770 322 836
771 1043 575
772 656 646
773 937 1088
774 100 874
775 1003 1008
776 296 823
777 318 1039
778 978 335
779 430 1031
780 387 523
781 82 730
782 838 227
783 946 592
784 241 597
785 721 707
786 146 403
787 673 263
788 309 -52
789 668 268
790 721 622
791 1043 523
792 108 884
793 1173 1018
794 708 646
795 430 101
796 866 722
797 1124 169
798 381 447
799 724 673
800 140 633
801 1268 608
802 396 836
803 348 500
804 1200 789
805 166 1197
806 135 668
807 1034 291
808 867 140
809 146 79
810 633 869
811 679 646
812 440 1073
813 36 357
814 905 1001
815 440 1210
816 1017 1048
817 779 512
818 108 959
819 867 146
820 280 461
821 643 230
822 1116 608
823 626 1119
824 752 345
825 430 1038
826 312 204
827 844 265
828 425 882
829 198 -52
830 296 836
831 585 1229
832 867 227
833 146 -52
834 108 974
835 1043 528
836 82 751
837 -18 825
838 334 18
839 897 718
840 1 1179
841 568 889
842 514 1229
843 1078 231
844 524 542
845 251 523
846 434 1065
847 790 220
848 335 430
849 1021 335
850 269 426
851 280 447
852 1202 608
853 283 666
854 395 836
855 322 159
856 924 541
857 461 911
858 643 201
859 461 882
860 935 447
861 411 836
862 1003 1006
863 1024 361
864 1031 316
865 280 545
866 942 334
867 146 491
868 795 285
869 -18 849
870 461 963
871 496 547
872 1031 333
873 935 376
874 1 1137
875 440 1028
876 354 823
877 1189 975
878 455 171
879 129 381
880 1031 1219
881 846 220
882 146 441
883 876 582
884 713 285
885 537 96
886 1157 886
887 417 864
888 789 999
889 21 146
890 618 1187
891 434 1044
892 651 263
893 112 874
894 43 1182
895 66 1033
896 472 625
897 510 596
898 280 475
899 43 1033
900 146 91
901 440 1061
902 1116 151
903 529 511
904 104 1033
905 431 171
906 856 707
907 568 920
908 1029 442
909 334 122
910 1031 1072
911 887 559
912 713 339
913 943 1008
914 251 547
915 369 836
916 816 524
917 440 1172
918 1215 669
919 1080 669
920 252 209
921 943 1081
922 788 117
923 1128 608
924 136 874
925 390 500
926 241 547
927 430 96
928 614 1229
929 146 -14
930 473 564
931 1225 909
932 545 728
933 240 523
934 1 1080
935 169 1236
936 510 629
937 140 602
938 135 536
939 942 344
940 461 923
941 713 407
942 1200 886
943 358 500
944 1213 909
945 1245 664
946 296 668
947 380 813
948 371 823
949 740 1119
950 277 235
951 44 1033
952 1138 886
953 135 495
954 82 728
955 1173 746
956 705 646
957 1144 886
958 400 813
959 794 117
960 581 171
961 753 285
962 1124 177
963 452 430
964 294 213
965 1 1073
966 417 882
967 867 168
968 440 1229
969 312 823
970 924 512
971 542 542
972 1031 299
973 293 668
974 799 117
975 513 96
976 1248 924
977 1142 1022
978 -18 874
979 461 887
980 52 825
981 241 618
982 830 227
983 354 500
984 212 235
985 85 1182
986 937 1105
987 643 263
988 472 651
989 212 209
990 1002 360
991 273 668
992 1187 746
993 1024 1048
994 21 195
995 734 220
996 154 491
997 1038 608
998 309 421
999 241 567
1000 979 151
1001 381 836
1002 216 235
1003 716 707
1004 241 658
1005 905 1038
1006 535 735
1007 992 335
1008 888 722
1009 827 559
1010 357 204
1011 724 638
1012 883 718
1013 662 869
1014 529 482
1015 935 441
1016 280 547
1017 946 614
1018 962 1219
1019 714 507
1020 1031 318
1021 537 149
1022 926 1106
1023 859 227
1024 524 547
1025 22 254
1026 761 265
1027 592 998
1028 968 1048
1029 643 268
1030 1031 335
1031 377 159
1032 1035 636
1033 440 1167
1034 946 602
1035 698 265
1036 334 -52
1037 661 230
1038 510 644
1039 985 291
1040 309 430
1041 327 500
1042 1029 490
1043 817 220
1044 1089 151
1045 618 1159
1046 332 -52
1047 966 490
1048 338 836
1049 962 1056
1050 867 188
1051 799 707
1052 447 510
1053 111 369
1054 892 722
1055 772 999
1056 980 151
1057 495 1229
1058 1031 1167
1059 317 1043
1060 867 269
1061 222 500
1062 942 313
1063 937 1091
1064 241 638
1065 388 430
1066 1080 291
1067 989 972
1068 542 511
1069 312 547
1070 935 490
1071 531 182
1072 942 291
1073 927 582
1074 568 998
1075 377 101
1076 962 1160
1077 986 291
1078 1268 639
1079 740 1010
1080 166 1236
1081 1225 669
1082 1084 335
1083 1200 608
1084 140 638
1085 405 523
1086 618 1143
1087 334 46
1088 280 523
1089 138 381
1090 568 972
1091 373 813
1092 135 636
1093 992 636
1094 537 111
1095 561 200
1096 317 1074
1097 1075 668
1098 541 200
1099 354 991
1100 109 79
1101 908 1081
1102 311 823
1103 338 1018
1104 434 1127
1105 247 1236
1106 302 673
1107 1092 151
1108 331 823
1109 816 559
1110 431 178
1111 1031 1186
1112 1179 608
1113 -18 843
1114 1000 1219
1115 618 1221
1116 816 517
1117 1124 198
1118 844 270
1119 1107 723
1120 568 903
1121 476 171
1122 188 668
1123 385 430
1124 1084 360
1125 767 1009
1126 275 421
1127 440 1155
1128 154 452
1129 994 473
1130 146 425
1131 434 991
1132 962 1048
1133 1087 291
1134 763 707
1135 214 638
1136 1138 909
1137 21 79
1138 135 629
1139 688 265
1140 1029 486
1141 1031 390
1142 772 975
1143 969 291
1144 135 664
1145 472 603
1146 22 325
1147 1007 636
1148 37 79
1149 713 414
1150 461 914
1151 588 171
1152 298 500
1153 740 117
1154 472 813
1155 315 1154
1156 292 1236
1157 440 1077
1158 140 546
1159 1124 231
1160 877 972
1161 881 582
1162 1031 442
1163 138 874
1164 1098 231
1165 27 79
1166 340 991
1167 521 200
1168 93 874
1169 399 991
1170 942 301
1171 82 794
1172 334 108
1173 589 732
1174 813 285
1175 647 874
1176 434 1106
1177 551 200
1178 618 1119
1179 1038 636
1180 108 879
1181 334 159
1182 337 523
1183 430 1127
1184 811 265
1185 618 1145
1186 313 204
1187 424 500
1188 686 646
1189 1200 768
1190 866 707
1191 489 644
1192 21 171
1193 127 1182
1194 529 462
1195 551 183
1196 954 473
1197 461 907
2 192 974 
2 63 8 
2 277 340 
2 1050 967 
2 1017 1034 
2 1024 871 
2 412 518 
2 1076 56 
2 1 744 
2 958 947 
2 198 305 
3 1091 948 235 
2 1026 175 
3 826 61 153 
2 660 153 
2 1005 310 
2 815 917 
2 817 570 
2 872 1020 
2 942 677 
2 1031 664 
2 371 634 
3 235 776 363 
2 1193 260 
2 1038 652 
2 1034 257 
2 365 838 
2 672 258 
3 461 408 64 
3 632 139 686 
2 509 279 
3 358 531 884 
2 100 489 
3 974 598 73 
3 543 600 43 
3 1081 918 226 
2 942 886 
2 144 1121 
2 481 435 
3 329 1143 135 
2 256 524 
2 433 755 
2 570 568 
3 443 34 206 
2 337 67 
2 931 944 
2 239 692 
2 727 1056 
2 716 253 
2 902 449 
2 809 1100 
3 650 102 886 
3 342 680 1151 
3 243 869 488 
2 867 882 
3 713 225 771 
2 7 339 
2 975 278 
3 844 513 532 
3 276 554 1109 
2 737 116 
3 998 459 13 
2 203 347 
3 469 1 259 
3 995 28 342 
2 146 325 
2 303 724 
2 44 953 
3 440 103 829 
2 836 781 
3 970 1116 354 
4 245 1155 463 1183 
2 398 556 
2 33 1036 
2 361 647 
2 988 591 
3 990 527 537 
2 421 327 
3 1155 904 742 
2 878 399 
2 370 1002 
2 1182 1088 
3 885 838 598 
2 308 726 
2 816 1028 
2 1160 431 
2 1140 908 
2 586 165 
2 1103 608 
2 961 884 
2 122 545 
2 378 1188 
3 307 695 300 
2 959 922 
2 99 650 
2 274 722 
2 592 1157 
2 627 934 
2 280 936 
2 302 94 
3 921 773 32 
2 607 712 
3 388 751 51 
3 153 508 68 
2 940 1150 
2 885 975 
2 612 761 
2 1019 308 
2 1168 462 
3 288 1162 176 
3 342 618 653 
2 295 916 
3 902 426 974 
3 875 332 625 
2 874 627 
2 668 269 
3 60 717 631 
2 771 542 
3 391 1074 1027 
2 918 552 
2 633 319 
4 428 758 1027 1055 
2 1184 90 
2 636 216 
2 795 1075 
2 947 662 
2 925 581 
2 729 466 
2 1169 330 
3 1018 306 691 
2 267 801 
2 165 475 
2 266 244 
2 906 1051 
2 405 382 
3 181 39 538 
2 810 238 
2 687 595 
2 1187 925 
3 1052 311 29 
2 860 1015 
3 863 990 749 
2 656 1035 
2 663 1193 
2 505 37 
2 568 261 
3 701 497 65 
2 179 172 
2 499 367 
2 478 406 
2 224 350 
2 596 1061 
3 1069 472 163 
3 14 13 103 
2 293 500 
2 1135 191 
2 502 910 
3 475 737 438 
3 318 438 525 
2 593 540 
2 530 434 
3 268 1141 1030 
2 233 733 
2 152 212 
2 375 502 
2 87 131 
2 734 481 
2 282 1069 
2 1179 997 
2 297 386 
2 194 338 
2 804 1189 
2 147 543 
2 709 494 
2 686 486 
2 12 656 
3 1124 109 268 
3 927 560 365 
2 702 993 
2 492 147 
2 634 389 
2 843 135 
2 400 1169 
2 976 402 
2 217 804 
2 1164 843 
3 565 1103 710 
2 435 288 
2 1122 503 
2 344 219 
2 654 315 
2 155 230 
3 808 266 0 
3 1057 292 1115 
2 755 170 
3 538 1072 214 
3 402 931 379 
2 896 1145 
2 290 10 
2 245 254 
3 1073 911 856 
3 417 1128 457 
2 383 204 
3 1093 259 62 
2 202 1184 
2 215 534 
2 43 220 
2 626 851 
3 617 952 263 
2 314 772 
2 1146 1025 
2 770 539 
2 163 1016 
2 218 1085 
3 426 195 808 
2 1138 205 
2 123 1075 
2 677 184 
2 513 213 
2 189 1079 
3 206 859 593 
2 1175 492 
2 444 229 
2 294 425 
2 427 150 
3 738 381 55 
3 480 35 759 
2 234 1152 
3 1139 559 787 
2 222 961 
2 191 453 
3 247 479 508 
2 805 297 
3 873 824 162 
2 1041 227 
3 11 22 397 
2 1015 607 
2 862 521 
2 136 331 
2 971 46 
4 801 797 902 1036 
3 766 1028 775 
3 879 488 612 
2 250 53 
2 132 364 
3 1156 199 71 
2 1011 767 
2 597 231 
2 470 440 
3 1167 275 413 
2 980 243 
2 557 1160 
2 777 608 
2 48 927 
4 199 665 297 1155 
2 1111 657 
2 985 40 
2 25 783 
2 27 870 
4 63 1054 839 203 
2 23 985 
2 145 483 
2 880 1111 
2 208 701 
2 1121 594 
2 366 834 
2 192 132 
2 1078 130 
2 176 161 
2 115 814 
2 491 377 
2 509 379 
2 554 493 
3 1196 873 939 
2 583 95 
3 454 606 249 
3 767 59 420 
2 485 2 
2 57 716 
2 30 976 
2 1038 98 
3 853 541 1004 
2 595 167 
2 324 817 
2 455 762 
2 1067 465 
2 849 1007 
2 536 586 
2 187 109 
2 941 912 
3 334 590 198 
2 534 938 
2 193 380 
2 392 154 
2 1171 223 
2 577 111 
2 407 601 
3 232 169 254 
3 608 764 1163 
2 898 820 
2 92 588 
2 1126 628 
3 944 99 942 
2 901 66 
2 464 935 
2 10 825 
3 129 384 986 
3 1040 92 345 
2 107 83 
3 622 450 1173 
2 15 814 
2 139 1187 
2 1112 360 
3 1152 1088 898 
2 549 209 
2 190 507 
3 893 980 1171 
2 722 877 
2 790 158 
2 120 1137 
2 533 950 
2 749 729 
2 1156 675 
2 880 1114 
2 354 283 
3 65 1179 381 
2 929 833 
2 77 467 
2 482 1147 
2 385 39 
2 128 487 
2 238 443 
2 891 113 
2 937 535 
2 1183 290 
2 672 1131 
3 1189 992 1081 
2 649 44 
2 170 1005 
2 56 1049 
2 2 472 
2 655 891 
4 64 858 110 52 
3 933 453 576 
2 620 189 
3 307 533 479 
2 922 410 
2 62 1017 
2 1053 447 
2 762 1087 
2 150 823 
2 657 1058 
3 473 953 879 
2 1085 780 
2 70 324 
2 641 1167 
2 769 869 
2 1159 1117 
3 824 564 31 
3 1173 717 1003 
2 312 923 
3 718 74 1024 
2 391 387 
2 22 946 
3 244 1151 567 
2 177 26 
2 678 265 
2 148 551 
2 640 995 
2 1136 952 
2 950 80 
3 997 547 21 
2 1021 477 
4 550 1180 518 978 
2 870 940 
2 760 164 
2 623 875 
2 270 929 
3 956 91 971 
4 271 196 945 1078 
2 292 968 
3 325 225 437 
3 134 745 536 
2 732 202 
2 306 1022 
2 467 329 
2 169 663 
2 362 721 
2 877 102 
2 180 1042 
2 1114 569 
4 1178 362 118 758 
2 596 293 
2 787 892 
4 702 504 446 757 
2 903 1014 
2 1068 903 
2 235 1106 
3 1100 523 72 
2 79 905 
2 1131 182 
2 1055 1142 
2 183 196 
2 1104 1183 
2 1060 832 
3 839 134 575 
2 149 807 
2 943 296 
3 666 1037 28 
2 984 989 
2 346 644 
2 1176 743 
2 899 6 
3 659 249 1071 
2 1123 848 
2 1147 1093 
2 691 1076 
3 519 500 201 
2 1039 1143 
2 798 601 
4 911 741 276 1009 
3 852 1133 77 
3 960 505 1021 
2 733 1174 
2 974 959 
2 223 638 
3 112 584 214 
2 949 224 
3 1125 1079 121 
4 442 757 793 583 
3 726 1068 1149 
4 85 814 888 469 
3 832 881 642 
4 1101 747 520 41 
2 160 958 
2 38 187 
2 799 1011 
3 919 381 1097 
3 157 794 158 
2 553 1013 
2 248 68 
2 1115 890 
3 571 760 429 
2 331 43 
2 868 222 
2 1004 711 
3 706 394 1136 
3 348 813 523 
3 1191 715 591 
2 49 1107 
2 309 750 
2 1165 1137 
2 1134 785 
3 230 1084 343 
2 494 275 
2 1172 284 
2 996 1128 
3 201 786 619 
3 908 1129 863 
2 61 703 
2 675 1105 
2 982 28 
2 108 550 
2 71 736 
2 1105 304 
2 285 557 
3 522 127 1077 
3 327 385 1164 
2 1181 909 
2 431 63 
2 788 248 
3 955 517 918 
3 930 340 152 
3 558 352 882 
2 690 1092 
4 131 1003 157 799 
3 501 970 669 
2 372 1094 
2 1066 149 
2 345 231 
2 945 226 
2 166 38 
2 1032 328 
2 261 564 
2 924 893 
2 1145 277 
3 174 963 618 
3 330 1099 966 
4 719 954 53 242 
2 32 1101 
2 1156 573 
2 809 270 
2 221 179 
2 272 525 
2 173 454 
2 818 763 
3 625 565 1131 
4 521 668 613 146 
2 871 685 
3 1025 1113 148 
3 850 154 417 
3 1093 783 476 
2 164 156 
2 188 806 
2 394 766 
3 422 670 144 
2 914 845 
2 315 727 
3 231 510 103 
4 880 583 30 271 
2 508 920 
2 630 719 
2 1196 602 
2 58 218 
3 813 1113 748 
2 1008 796 
3 1185 1086 949 
2 471 621 
3 6 676 373 
2 628 417 
3 433 1125 888 
2 237 497 
3 807 972 466 
3 707 447 398 
2 40 548 
3 493 158 529 
2 693 889 
3 739 1196 76 
2 1001 637 
3 525 705 568 
2 1154 160 
2 912 31 
2 58 1052 
2 345 320 
2 205 291 
3 333 1158 867 
4 382 1190 287 883 
2 76 778 
3 135 195 584 
2 211 830 
2 159 574 
3 806 720 281 
2 117 835 
3 172 1027 34 
2 552 752 
2 90 1026 
2 1071 670 
3 371 1047 1129 
2 524 699 
2 811 314 
2 462 373 
2 367 994 
2 119 544 
3 681 439 796 
2 59 272 
2 923 822 
2 72 1148 
2 465 251 
2 1158 473 
3 884 789 228 
2 1087 177 
2 928 831 
2 1064 1135 
3 606 1010 696 
3 483 726 358 
3 779 186 496 
2 1080 805 
3 1153 364 885 
3 42 529 145 
2 390 1018 
2 17 42 
2 1058 442 
2 900 809 
2 490 665 
3 540 603 1006 
2 405 587 
2 343 1061 
2 1109 295 
2 1064 981 
2 1044 654 
2 909 714 
3 126 798 689 
3 715 708 988 
3 509 429 274 
3 1000 538 426 
3 711 720 1084 
2 287 87 
3 1073 575 1161 
2 300 1126 
2 1035 1139 
3 290 1059 777 
3 448 75 896 
3 1127 1104 96 
2 220 159 
2 264 878 
2 137 282 
4 845 933 151 392 
2 964 247 
2 82 33 
2 721 623 
2 841 34 
3 419 296 848 
3 512 1070 643 
3 574 704 1154 
2 1047 1070 
2 708 853 
3 275 563 1110 
2 236 101 
3 88 252 298 
2 829 833 
2 864 972 
2 938 649 
2 242 106 
2 497 1067 
3 957 952 955 
2 717 932 
2 1012 745 
2 1119 208 
3 486 709 110 
3 457 1089 984 
2 949 344 
2 517 1119 
3 1013 810 309 
2 599 376 
2 674 951 
2 113 496 
2 820 207 
2 114 97 
2 301 519 
3 696 1181 1031 
2 806 511 
2 116 772 
2 728 29 
2 889 120 
2 21 180 
2 651 828 
2 664 123 
2 528 915 
2 425 836 
2 1174 868 
2 847 368 
2 1098 355 
2 432 1050 
2 602 679 
2 410 1153 
2 855 660 
2 999 926 
2 74 930 
2 806 1144 
2 611 337 
2 94 51 
2 859 635 
2 24 1191 
2 110 1095 
2 579 190 
2 846 341 
2 175 142 
2 255 351 
3 1156 928 880 
2 1195 413 
2 645 14 
2 1043 847 
2 125 1091 
2 386 143 
2 20 636 
2 573 254 
2 787 408 
2 834 818 
3 913 115 497 
2 476 1070 
2 546 505 
2 904 895 
3 1074 335 27 
4 894 1080 978 840 
2 895 624 
2 322 460 
2 965 518 
2 19 217 
3 1059 742 366 
2 643 860 
2 52 1195 
3 740 725 553 
2 1117 962 
2 1009 1109 
2 750 1006 
2 498 698 
2 29 174 
2 698 137 
2 1082 1030 
3 963 581 1065 
2 1144 474 
2 129 416 
2 46 1068 
2 1192 526 
3 932 1006 715 
3 851 850 92 
2 563 629 
2 1197 979 
2 685 687 
2 548 894 
2 892 987 
2 263 146 
3 910 178 394 
2 459 964 
3 765 861 603 
2 529 1019 
2 977 446 
3 989 523 900 
4 582 1106 946 605 
2 618 173 
2 186 1166 
2 445 585 
2 101 873 
2 822 55 
2 580 1172 
3 694 582 448 
2 278 48 
3 359 615 116 
2 897 361 
2 511 488 
2 541 585 
2 387 599 
2 95 317 
2 744 740 
2 66 875 
2 681 1175 
3 83 430 564 
2 507 47 
2 1194 632 
2 321 127 
2 1095 1177 
3 861 802 948 
2 827 383 
2 162 423 
2 791 166 
2 768 1118 
2 463 746 
2 157 60 
2 759 225 
2 1129 527 
3 723 756 681 
2 883 420 
2 78 678 
2 411 846 
2 8 723 
2 616 382 
2 736 1096 
3 1022 949 433 
2 514 1146 
3 141 849 321 
2 450 684 
2 793 102 
2 544 919 
2 854 1001 
2 920 989 
2 41 194 
2 1142 740 
3 429 394 977 
2 391 121 
3 226 1097 738 
2 442 375 
2 106 1053 
3 1075 284 349 
2 495 792 
2 298 1180 
2 887 704 
2 504 241 
3 246 790 276 
3 1170 735 1060 
2 978 356 
2 1048 211 
3 55 997 117 
3 209 631 1038 
2 1063 100 
2 893 1168 
2 241 862 
3 1102 830 22 
2 590 252 
3 1007 537 1062 
2 825 565 
2 353 1182 
2 69 954 
2 1023 982 
2 257 501 
2 981 999 
2 452 1003 
2 1130 457 
3 228 393 666 
2 1046 470 
2 559 1029 
2 767 318 
2 835 734 
2 763 1180 
2 429 751 
2 438 956 
3 905 124 927 
3 515 553 1190 
2 962 240 
2 581 419 
2 475 436 
2 1084 937 
2 130 240 
2 731 854 
2 983 1041 
2 184 171 
2 566 232 
4 503 630 648 541 
2 406 522 
3 214 819 192 
3 572 50 491 
2 622 136 
2 1188 549 
2 1157 901 
2 447 514 
3 269 310 431 
2 968 16 
2 993 84 
2 283 17 
2 667 495 
2 967 808 
2 299 626 
3 1037 987 858 
2 555 713 
2 350 1178 
2 233 358 
2 305 779 
2 1186 13 
3 1118 732 1023 
2 635 966 
2 68 609 
3 539 1163 776 
2 561 842 
3 404 1023 432 
3 609 326 1137 
2 265 667 
2 542 791 
2 638 69 
2 1113 1137 
2 26 82 
2 259 405 
2 673 874 
2 1120 600 
2 831 1057 
2 185 181 
3 1024 58 903 
2 506 596 
2 743 655 
2 661 640 
3 414 601 1040 
2 749 286 
2 695 500 
2 207 695 
3 945 1083 421 
2 605 281 
2 802 753 
2 1181 645 
2 200 970 
2 1150 1197 
2 821 342 
3 979 651 220 
2 679 140 
2 704 731 
2 775 237 
2 458 141 
2 1020 610 
2 1016 1088 
2 939 1062 
3 996 535 54 
2 639 444 
3 356 1113 53 
2 258 374 
2 5 498 
2 1030 18 
3 273 712 233 
2 840 114 
3 376 724 113 
2 948 1108 
2 317 388 
2 594 79 
3 1089 352 242 
4 658 323 262 509 
2 432 1043 
3 54 473 1130 
3 1161 536 741 
3 89 31 559 
4 567 1094 105 82 
3 36 51 957 
2 966 765 
3 520 1055 431 
2 526 633 
2 441 1045 
2 341 332 
2 393 700 
3 484 774 316 
2 699 673 
2 671 674 
2 591 197 
2 936 718 
2 313 299 
2 951 412 
2 707 572 
2 812 303 
3 240 49 112 
3 396 844 395 
2 78 671 
3 399 1110 795 
2 1190 133 
2 1090 1120 
3 1162 86 458 
2 468 580 
2 156 702 
2 200 420 
2 289 531 
3 1132 921 668 
3 1016 926 506 
2 637 1048 
2 111 1116 
2 16 1033 
3 471 119 35 
2 752 437 
2 510 754 
3 1076 100 913 
2 93 346 
3 360 555 1124 
2 1163 484 
3 138 943 126 
3 914 646 933 
3 253 795 177 
2 658 561 
2 377 326 
2 647 472 
2 196 45 
2 615 694 
3 926 343 596 
2 97 965 
2 304 1080 
2 98 897 
2 800 333 
2 291 611 
2 273 866 
2 374 104 
2 1149 289 
3 302 36 19 
3 925 983 407 
2 45 302 
5 1081 480 852 1159 379 
3 363 973 708 
2 9 125 
3 731 876 11 
4 516 427 620 747 
2 320 370 
2 624 899 
3 614 369 208 
2 67 352 
2 781 488 
3 992 614 471 
2 794 378 
2 886 614 
2 434 9 
2 424 93 
2 1151 422 
2 229 89 
2 682 797 
2 486 689 
2 703 597 
2 934 676 
3 828 487 887 
2 3 819 
3 380 1156 815 
2 1108 1102 
3 476 856 70 
3 378 1024 239 
2 610 522 
2 946 991 
4 112 0 424 33 
2 105 57 
2 279 183 
2 757 706 
3 373 673 769 
2 697 859 
2 316 250 
2 578 784 
2 782 461 
2 943 803 
3 1002 619 409 
2 260 256 
2 306 1063 
3 700 1029 821 
2 582 75 
3 754 409 707 
2 141 76 
2 973 1122 
2 336 955 
2 178 816 
2 551 1192 
2 368 64 
3 1061 867 456 
3 168 371 771 
2 1040 61 
2 784 646 
2 1056 584 
2 753 528 
2 80 984 
3 785 359 475 
3 281 445 1064 
2 338 15 
3 684 574 694 
2 286 778 
3 1054 515 1012 
2 420 683 
2 563 1186 
2 436 246 
3 1008 1190 616 
2 439 622 
2 395 1194 
2 140 236 
3 212 914 865 
3 347 1073 4 
3 569 1115 129 
2 705 107 
2 18 864 
2 422 372 
2 384 747 
3 832 827 782 
4 361 5 844 971 
3 210 499 1165 
2 545 12 
3 121 118 543 
3 84 1132 241 
3 789 1194 987 
3 688 161 872 
2 629 20 
2 1179 482 
2 917 1127 
2 4 25 
2 142 589 
3 240 73 1046 
2 408 821 
3 772 24 280 
2 1077 418 
4 848 1041 307 998 
3 803 234 1040 
2 389 1140 
2 881 661 
2 1107 579 
2 890 1185 
2 1036 788 
2 547 604 
2 915 770 
2 339 1132 
2 642 3 
2 133 1134 
2 532 139 
2 761 348 
2 259 1008 
3 888 121 401 
2 47 1000 
2 842 193 
2 351 571 
3 590 1096 678 
2 768 404 
3 151 576 996 
3 778 866 1170 
2 986 773 
3 1004 562 578 
2 689 1123 
2 1133 478 
2 613 285 
3 692 396 430 
2 167 152 
3 604 669 602 
2 413 546 
3 1143 1170 195 
3 1017 587 200 
3 118 672 1090 
3 124 216 762 
3 416 921 7 
2 466 1039 
2 379 267 
2 219 428 
3 935 673 566 
3 336 35 945 
3 1124 688 1133 
2 852 1112 
3 453 585 800 
2 213 353 
2 516 1178 
2 349 560 
3 81 865 313 
2 619 879 
2 1074 907 
2 662 11 
2 474 1138 
3 415 203 501 
2 477 885 
2 653 730 
2 746 1059 
2 437 759 
2 1177 641 
2 487 1166 
2 50 398 
2 489 433 
2 969 776 
2 186 88 
3 592 403 1176 
2 460 464 
2 397 708 
2 449 1044 
2 876 969 
3 683 59 577 
2 606 905 
2 262 255 
2 1083 312 
4 869 837 499 514 
2 323 390 
3 193 441 1018 
2 916 70 
2 357 682 
3 735 1174 827 
2 621 617 
2 907 841 
2 37 264 
2 991 188 
2 1065 414 
3 923 176 1082 
2 520 428 
2 588 301 
2 1033 592 
2 456 201 
3 547 739 458 
2 882 786 
3 335 496 400 
3 1028 1049 913 
3 421 1082 1066 
2 1051 452 
2 562 155 
2 446 369 
4 451 319 837 833 
2 1092 215 
2 589 228 
2 1042 86 
2 1162 161 
2 401 756 
3 418 1072 39 
2 648 690 
2 197 485 
2 748 210 
2 328 415 
2 556 1165 
2 430 941 
2 104 857 
3 52 960 364 
2 227 313 
2 644 567 
2 603 530 
3 71 254 78 
5 322 490 245 968 658 
2 96 812 
2 535 558 
3 945 1164 357 
2 251 85 
2 587 883 
3 109 908 1141 
4 1166 298 924 830 
3 1159 467 185 
3 1148 1025 451 
3 1099 710 1163 
2 355 249 
2 774 108 
2 182 128 
3 1062 768 1072 
2 316 294 
2 714 455 
2 309 359 
3 423 639 1118 
2 725 221 
2 1104 411 
2 730 1098 
3 823 1086 391 
3 325 1032 168 
3 764 792 373 
3 629 855 468 
2 780 81 
3 403 71 334 
2 204 122 
2 1045 516 
2 1010 826 
2 311 138 
2 91 811 
2 171 336 
4 1012 796 906 536 
2 652 448 
2 994 693 
2 143 23 
3 1014 728 1029 
2 680 659 
3 527 512 273 
2 857 697 
