3180
0 610 6291
1 5410 1180
2 4402 4493
3 3355 3411
4 788 6090
5 4957 1260
6 4727 250
7 2475 2744
8 6526 2425
9 4020 731
10 1759 5569
11 4163 2223
12 1974 1954
13 1171 925
14 1680 3144
15 780 6137
16 6505 1833
17 2006 1956
18 1320 4968
19 1740 624
20 2038 6623
21 6112 5474
22 5106 4448
23 4844 852
24 4209 1066
25 1528 5348
26 5205 6212
27 4513 189
28 3895 731
29 1621 4434
30 5400 1130
31 6702 3894
32 1623 5113
33 1354 6187
34 2477 708
35 1360 5569
36 5646 652
37 6515 4034
38 835 4009
39 5371 1130
40 5205 6507
41 5825 5536
42 2055 1954
43 6002 6602
44 1459 1576
45 4954 6049
46 5501 6579
47 6682 5494
48 3302 4386
49 1250 5731
50 1379 4486
51 5343 5881
52 1225 2789
53 11 2162
54 1354 6556
55 5962 738
56 948 4215
57 2038 2105
58 2477 887
59 1030 629
60 5410 2745
61 6279 1833
62 6036 2106
63 3727 2644
64 2001 6623
65 3166 4767
66 6613 144
67 4844 842
68 4537 4648
69 417 5216
70 5936 1959
71 1206 990
72 237 5910
73 889 2635
74 3363 5593
75 3277 3159
76 100 5138
77 2306 2142
78 2164 3905
79 780 6291
80 3729 2868
81 2226 999
82 1256 4722
83 584 4495
84 2990 1931
85 5559 3112
86 4316 4227
87 6893 144
88 2426 586
89 1537 1066
90 5287 6507
91 917 -20
92 886 6556
93 1662 4551
94 1225 2540
95 6722 5104
96 5322 3144
97 1169 6556
98 5640 6507
99 3385 56
100 2000 1954
101 3347 2062
102 438 6291
103 3556 506
104 1030 793
105 2602 5914
106 4791 7180
107 4266 4384
108 1135 2885
109 4879 5612
110 1520 624
111 1030 168
112 5656 3367
113 2275 586
114 5323 1315
115 2468 3899
116 549 4525
117 5905 5474
118 4338 669
119 1256 4915
120 889 2734
121 3907 6729
122 5587 1174
123 2034 6623
124 187 67
125 6395 3766
126 858 5458
127 6134 1588
128 3020 3535
129 2838 2295
130 2020 228
131 1787 3795
132 4791 6697
133 3348 6186
134 5393 2837
135 3238 3451
136 1489 6587
137 6184 4208
138 4012 6729
139 2334 4141
140 5825 5474
141 5934 6239
142 1762 3337
143 6002 6361
144 1256 4704
145 2560 2744
146 5531 1875
147 5328 4444
148 -286 1559
149 1240 428
150 2853 5915
151 30 3033
152 2226 1035
153 6195 1094
154 6362 823
155 3061 2273
156 -20 5895
157 1135 2527
158 -184 5287
159 3508 2696
160 4664 1174
161 4190 524
162 1528 5096
163 5031 3136
164 1441 3865
165 1546 624
166 2164 3934
167 -133 135
168 4298 4227
169 1624 1278
170 6002 6550
171 4477 829
172 6002 6892
173 1379 4918
174 2774 4847
175 3025 3065
176 5220 1315
177 6232 5419
178 4091 6729
179 1935 1774
180 1558 1184
181 4732 7180
182 2477 4256
183 5653 1806
184 3166 4300
185 -35 2162
186 4791 6719
187 4791 7146
188 2477 963
189 169 5084
190 5140 3004
191 758 3719
192 2471 586
193 5570 5474
194 3727 2707
195 948 4495
196 -20 5660
197 6090 4393
198 5646 715
199 3328 2113
200 788 6359
201 231 67
202 6895 3156
203 621 4495
204 -299 994
205 4477 822
206 6791 2239
207 5023 3712
208 1459 1554
209 4206 1168
210 1707 1086
211 5711 5474
212 1354 6037
213 1240 216
214 5194 4311
215 4727 269
216 6143 1055
217 5313 7135
218 1149 6556
219 2477 642
220 838 4092
221 5532 1180
222 2373 3000
223 908 2520
224 5883 1869
225 3402 4216
226 401 1571
227 417 4967
228 3009 1802
229 6795 2585
230 6453 5048
231 5796 1640
232 6397 3497
233 2906 867
234 4368 189
235 2616 921
236 835 3455
237 5957 1588
238 5901 738
239 908 2619
240 1030 683
241 2032 5096
242 2534 2998
243 -184 5605
244 3508 2638
245 1354 6243
246 5934 6135
247 3009 1795
248 529 3143
249 5878 3386
250 5328 4311
251 6598 2142
252 6895 3356
253 272 1654
254 1560 5122
255 2062 1699
256 3406 2403
257 1662 4589
258 1569 5428
259 6895 3213
260 4537 4703
261 1236 216
262 1090 6613
263 1649 1184
264 4136 234
265 5844 715
266 938 -20
267 2641 7042
268 908 2610
269 5488 1875
270 6228 4657
271 30 5895
272 3277 3319
273 228 3977
274 908 2945
275 889 2795
276 6214 1094
277 520 4856
278 5772 3188
279 2985 7042
280 -299 1559
281 986 5731
282 1227 5731
283 3482 6724
284 1929 6623
285 6184 4038
286 5520 1875
287 -299 1075
288 5393 2898
289 1240 -141
290 5348 1180
291 30 2895
292 4990 6432
293 5602 2933
294 6058 3756
295 3503 2781
296 2825 2526
297 862 3007
298 1090 7065
299 6488 1343
300 3195 1792
301 3172 6186
302 4318 7180
303 5411 943
304 6489 144
305 6058 3647
306 6228 4664
307 5794 3199
308 3301 4198
309 3902 279
310 3482 6620
311 6488 1454
312 1577 4875
313 2477 638
314 858 5520
315 6002 6667
316 1850 3769
317 837 67
318 2510 4118
319 908 2754
320 1410 624
321 6516 144
322 2575 4120
323 4275 4777
324 1650 4665
325 2797 2273
326 5410 3231
327 2041 3845
328 4844 685
329 1800 3424
330 1489 6323
331 803 3007
332 4338 829
333 788 6556
334 467 3353
335 5180 4494
336 169 5008
337 2443 3604
338 2442 3604
339 1590 4875
340 5559 3046
341 6539 2585
342 4658 2411
343 4245 4589
344 1587 1086
345 -20 5864
346 5953 738
347 5952 2106
348 4419 2154
349 5411 852
350 -20 5605
351 2181 2105
352 3473 56
353 4647 2411
354 1489 6171
355 5336 7135
356 1537 1274
357 1935 1699
358 1814 -156
359 3656 2471
360 1489 6042
361 1206 1468
362 2534 2928
363 4874 357
364 3313 6186
365 1707 1184
366 5353 1130
367 5242 1086
368 2774 4914
369 1030 216
370 6272 3497
371 2034 5096
372 -100 2541
373 6184 3628
374 2037 886
375 2468 4112
376 4630 967
377 835 3590
378 5501 7129
379 3556 159
380 5865 993
381 558 3719
382 2572 2355
383 5874 3386
384 6895 2794
385 4658 2333
386 2472 2355
387 1560 5261
388 1467 3435
389 5384 1180
390 3302 4502
391 3050 1792
392 4252 7180
393 6453 4743
394 3238 3514
395 1030 654
396 6722 5383
397 2037 974
398 3406 2073
399 2492 4118
400 155 3143
401 2685 921
402 5197 852
403 1544 4486
404 2468 3937
405 5844 528
406 4338 727
407 6482 823
408 3720 2787
409 5080 5331
410 157 2162
411 5586 1174
412 -95 5273
413 1459 1166
414 5292 357
415 4792 6745
416 6065 3608
417 835 3401
418 3481 2554
419 908 2686
420 1225 2801
421 1030 758
422 6767 144
423 -299 1293
424 6651 3766
425 2273 2495
426 3294 506
427 6312 3766
428 3556 431
429 6895 2997
430 6358 3497
431 549 4495
432 6228 4700
433 4278 615
434 6201 5474
435 228 3924
436 6223 4657
437 6118 4393
438 5439 5448
439 1544 4493
440 3506 6553
441 3302 4774
442 1090 6815
443 6568 823
444 2226 665
445 1537 1229
446 4833 6870
447 3758 56
448 6791 2386
449 2287 3705
450 2575 4220
451 3911 159
452 1540 5091
453 2716 5914
454 6331 1833
455 4792 6752
456 3758 2519
457 4091 6774
458 2118 3845
459 6143 1094
460 5296 7056
461 2226 6722
462 3727 2723
463 6526 1833
464 2317 1861
465 1901 1776
466 4990 6870
467 4206 1083
468 1256 4638
469 4988 6870
470 1441 3795
471 5065 4683
472 1380 5785
473 1354 6177
474 5205 6187
475 194 5273
476 414 6291
477 3195 1829
478 4938 6870
479 -299 818
480 5064 357
481 3692 2787
482 1354 5731
483 5806 1867
484 2906 626
485 5323 1267
486 4402 4569
487 4540 189
488 3166 4436
489 5322 3277
490 3041 506
491 1617 5569
492 2062 1882
493 803 3059
494 6453 5104
495 5646 565
496 4727 428
497 2411 3000
498 1528 5419
499 900 2452
500 2303 1699
501 4844 648
502 5865 980
503 5292 347
504 6149 144
505 467 3719
506 2020 -156
507 4727 349
508 3061 7042
509 1528 5349
510 5874 3367
511 616 6291
512 5495 5856
513 3275 56
514 4792 6870
515 1850 3597
516 560 6291
517 5371 1315
518 6265 1833
519 1650 5280
520 2020 39
521 6364 144
522 2477 707
523 3025 2781
524 2906 637
525 3277 3451
526 2226 2298
527 85 2633
528 1030 514
529 5791 6360
530 2226 7007
531 4658 2152
532 3727 2638
533 2526 2770
534 6117 1053
535 3482 6837
536 85 2618
537 900 2451
538 6895 2713
539 4658 2299
540 2253 2298
541 6391 3497
542 5057 4527
543 1528 5356
544 5296 6777
545 1030 812
546 2306 2116
547 1843 1035
548 -299 851
549 1090 7110
550 1797 1035
551 780 5913
552 6036 1833
553 1489 5785
554 2317 1736
555 1225 3192
556 5587 1163
557 4630 1174
558 2357 2273
559 1367 6037
560 4200 189
561 1465 5569
562 6526 2035
563 1459 1258
564 1652 624
565 2534 2830
566 2068 762
567 5772 2914
568 5060 4448
569 5205 6229
570 4061 6729
571 4933 1260
572 1544 4821
573 2043 6566
574 4321 2223
575 467 3257
576 2465 4256
577 3232 2231
578 2007 -156
579 2305 3000
580 6674 5494
581 4647 2362
582 5878 3707
583 5411 1130
584 6210 4567
585 2038 2692
586 30 2943
587 3328 2180
588 4537 4554
589 1135 2775
590 227 67
591 1537 1114
592 908 2585
593 1135 6556
594 6895 2588
595 2379 2273
596 988 2945
597 1262 4602
598 3248 4889
599 3302 4524
600 4649 4448
601 2636 6106
602 2120 3604
603 5755 3367
604 5023 3732
605 3232 2109
606 6809 823
607 1671 5428
608 3476 506
609 2904 4925
610 5878 3447
611 6985 309
612 5064 127
613 2745 6055
614 2468 3661
615 1704 1278
616 237 5895
617 621 3719
618 3366 3320
619 889 2644
620 3357 4247
621 1528 5121
622 5637 2908
623 6479 6853
624 1922 -156
625 3481 6889
626 5934 6236
627 1759 5670
628 1762 3334
629 734 4495
630 2906 686
631 2043 6580
632 6453 4854
633 172 3143
634 6384 4034
635 6722 5492
636 1574 5091
637 2853 5914
638 1489 5772
639 1793 3934
640 2857 921
641 5742 214
642 1177 42
643 417 5273
644 3025 2951
645 3594 2471
646 6755 823
647 6711 5494
648 6189 144
649 5117 4448
650 2261 3934
651 2513 2744
652 1030 450
653 1731 3325
654 5944 3766
655 5202 5388
656 3789 6553
657 5410 3144
658 6798 2585
659 549 4557
660 6199 823
661 788 6141
662 835 4092
663 4402 4777
664 1030 598
665 2287 3643
666 3302 4836
667 4724 524
668 1827 3424
669 1114 5731
670 6133 5474
671 6104 6927
672 4363 189
673 1291 1600
674 2857 4925
675 3256 56
676 4020 6729
677 3688 2471
678 2254 7042
679 649 3225
680 1354 6441
681 2511 3148
682 6032 6118
683 2303 4422
684 2564 6076
685 3430 2471
686 4481 2252
687 1378 4434
688 1206 955
689 2468 3699
690 2279 2744
691 -154 1559
692 4844 625
693 1127 42
694 2302 2116
695 5536 5448
696 1960 3845
697 5742 369
698 1135 6838
699 6061 4461
700 2713 2527
701 2713 2578
702 1544 4875
703 3188 2273
704 6298 4034
705 1630 3435
706 908 2916
707 5035 852
708 3556 246
709 414 5273
710 363 5273
711 2526 2744
712 2906 921
713 3610 56
714 1171 828
715 430 6291
716 2464 586
717 788 6248
718 3143 4843
719 5569 6507
720 5825 5492
721 4918 852
722 5152 4406
723 549 4713
724 5844 451
725 2766 2526
726 4126 4227
727 4968 6870
728 6453 4801
729 4727 189
730 1225 2819
731 1482 624
732 3498 6553
733 1479 -141
734 4625 899
735 1459 1517
736 3171 2781
737 3696 6553
738 1225 3052
739 5587 1205
740 4419 2223
741 2074 3604
742 1560 5180
743 5936 2019
744 5067 41
745 3758 2471
746 3245 2277
747 5871 1053
748 2020 153
749 3389 6157
750 2164 3845
751 3205 4118
752 1850 2796
753 2959 506
754 5918 3707
755 1640 5113
756 4990 6049
757 3166 4174
758 6895 3316
759 2226 6661
760 1391 6037
761 1206 1267
762 773 4495
763 6242 3010
764 3556 277
765 3166 4484
766 3238 4145
767 364 1559
768 6617 3766
769 780 5930
770 5587 1229
771 417 4991
772 5323 1200
773 3188 2295
774 5902 3690
775 5772 3021
776 3257 4198
777 5660 5814
778 6272 3239
779 2564 5914
780 5348 1174
781 1850 3562
782 6488 1588
783 3355 3451
784 3899 56
785 4838 5770
786 3482 6563
787 1135 6748
788 2037 1001
789 6085 6927
790 2436 2744
791 4507 2152
792 5410 2703
793 5057 4683
794 822 3007
795 3772 2744
796 1384 5785
797 5179 4311
798 2561 2744
799 1428 6037
800 1090 6817
801 4990 6763
802 6244 823
803 5080 5421
804 948 4430
805 2226 586
806 4251 4384
807 2040 5096
808 6184 4353
809 100 5188
810 3302 4697
811 3366 3094
812 6702 3854
813 5501 6884
814 1680 3288
815 741 3293
816 6115 6927
817 3692 2868
818 4771 1260
819 4163 2252
820 4413 3847
821 1901 1699
822 4990 6222
823 5841 5757
824 5242 893
825 3334 159
826 5883 1875
827 6306 823
828 6985 490
829 6985 624
830 3186 6889
831 3594 2554
832 2287 3684
833 2519 2273
834 4997 3708
835 4338 683
836 3556 234
837 6895 2934
838 4428 2252
839 191 3788
840 5532 852
841 6722 5196
842 1354 6070
843 169 4896
844 5461 1876
845 4419 2157
846 1030 299
847 6736 3497
848 549 4621
849 2526 2998
850 3302 4643
851 3902 287
852 4954 5770
853 100 5087
854 2120 1699
855 456 4856
856 2213 3658
857 6453 5019
858 788 6453
859 5501 7135
860 1171 1553
861 6154 1094
862 1065 6556
863 1576 -141
864 2273 2355
865 1887 2967
866 3302 4365
867 6391 1094
868 2937 2295
869 5205 6318
870 955 -20
871 467 3214
872 4473 7180
873 2964 1931
874 1632 5670
875 1354 6197
876 4727 233
877 401 1654
878 6279 5494
879 6002 6827
880 5536 5474
881 4792 6826
882 5782 5474
883 2253 1699
884 2822 2273
885 1749 2967
886 2038 2298
887 417 4891
888 3277 3367
889 467 3513
890 5936 2106
891 5893 3766
892 6985 357
893 5393 2884
894 2040 5161
895 5695 715
896 1850 3470
897 1707 1035
898 169 4993
899 649 4495
900 3360 2062
901 5205 6327
902 1090 7139
903 1379 4605
904 5841 5485
905 1225 2904
906 169 5235
907 6895 2650
908 6091 144
909 -299 1524
910 5152 4448
911 549 4671
912 2066 2105
913 2317 1699
914 4620 4448
915 5205 6494
916 780 6085
917 6272 3307
918 5393 2732
919 3302 4780
920 1537 1227
921 2960 4843
922 6895 2701
923 3195 1985
924 2735 921
925 5934 6340
926 3482 6856
927 2909 5914
928 6192 4461
929 3453 506
930 1850 3704
931 4254 7180
932 6177 823
933 298 3143
934 1908 3431
935 4301 829
936 6702 3808
937 5957 1851
938 2032 5176
939 944 5458
940 6272 3415
941 3470 2781
942 5205 6344
943 6479 6762
944 1900 6623
945 5072 4448
946 3348 6153
947 2825 2449
948 6210 4652
949 4630 1149
950 6702 4034
951 1489 6500
952 5205 6329
953 3389 6204
954 4477 660
955 14 2162
956 6453 4744
957 788 6176
958 2020 57
959 3695 2471
960 6260 6927
961 5841 5714
962 5587 936
963 3277 3212
964 908 2900
965 4572 2257
966 5501 7026
967 4402 4566
968 1908 3485
969 6645 2142
970 1256 4968
971 5957 1658
972 5730 5474
973 4537 4636
974 4190 559
975 889 3007
976 341 1654
977 -299 841
978 6500 3766
979 4443 613
980 6371 144
981 5501 6511
982 3721 6553
983 2957 4843
984 6423 3766
985 2173 1012
986 3864 667
987 6567 2585
988 2503 953
989 4139 2252
990 5587 1138
991 2037 762
992 2171 6389
993 5969 1053
994 1231 5633
995 6346 6927
996 4762 1355
997 5487 3367
998 1135 7122
999 2038 1958
1000 100 5141
1001 2754 2425
1002 3195 1861
1003 -133 657
1004 978 5458
1005 788 6309
1006 85 2641
1007 4476 3852
1008 1030 79
1009 6272 3388
1010 -164 5605
1011 6188 6927
1012 2062 1829
1013 191 3315
1014 2334 4066
1015 1370 4968
1016 4245 4676
1017 3271 159
1018 2520 7042
1019 4792 6774
1020 5343 5856
1021 1828 3424
1022 4352 4384
1023 1206 1306
1024 5587 974
1025 1865 3888
1026 5323 1177
1027 549 4514
1028 1528 6623
1029 1850 3727
1030 5841 5701
1031 4091 6967
1032 5841 5587
1033 4402 4547
1034 900 2632
1035 3060 2273
1036 3232 2087
1037 2357 2281
1038 2492 7042
1039 1335 3221
1040 1171 1600
1041 3885 6729
1042 -299 1267
1043 1759 5340
1044 2825 2445
1045 1730 5670
1046 2000 1956
1047 1262 4603
1048 6825 144
1049 5064 200
1050 3387 159
1051 1995 2796
1052 5537 852
1053 1889 6623
1054 3508 2669
1055 1650 4589
1056 1959 2796
1057 1815 3435
1058 1850 3734
1059 -161 5605
1060 1171 955
1061 2495 2295
1062 72 5895
1063 6232 5471
1064 1662 4556
1065 4402 4685
1066 388 3977
1067 1354 6436
1068 4245 4540
1069 4625 1035
1070 2745 6054
1071 1090 6644
1072 5844 682
1073 1528 5091
1074 1441 3401
1075 1030 790
1076 1719 5569
1077 100 5122
1078 3548 6553
1079 -249 1559
1080 329 3143
1081 5242 852
1082 5646 357
1083 6453 4853
1084 3623 2471
1085 5957 1718
1086 900 2622
1087 2038 2338
1088 6666 2585
1089 5374 1174
1090 6091 823
1091 1708 6623
1092 5502 3231
1093 6526 2021
1094 2043 6623
1095 4646 524
1096 2173 762
1097 191 3455
1098 3277 3136
1099 6488 1374
1100 649 3296
1101 1680 3206
1102 5641 1876
1103 1823 393
1104 5739 5474
1105 434 3214
1106 1379 4779
1107 601 3719
1108 5328 4437
1109 3247 2277
1110 3430 2517
1111 1542 3865
1112 3366 3224
1113 6058 3766
1114 4255 1066
1115 6330 6927
1116 3379 6204
1117 4990 6336
1118 85 2844
1119 1680 3325
1120 6479 6303
1121 2334 4125
1122 1262 4492
1123 858 5643
1124 2273 2534
1125 3517 2638
1126 2861 1931
1127 2713 2526
1128 5499 1875
1129 4721 2580
1130 6586 4034
1131 2020 268
1132 3152 4889
1133 1240 299
1134 2468 3604
1135 2265 1699
1136 1850 3545
1137 4206 1174
1138 2534 2899
1139 6795 144
1140 -194 2240
1141 2350 2355
1142 3565 6553
1143 858 5731
1144 5865 938
1145 6077 3608
1146 113 1559
1147 2515 2273
1148 858 5650
1149 6869 2585
1150 2068 2105
1151 4647 2369
1152 3402 4198
1153 4003 6729
1154 5220 1177
1155 2226 787
1156 2226 710
1157 6210 3010
1158 319 1559
1159 4338 703
1160 6017 6118
1161 2900 5956
1162 4727 486
1163 6272 3010
1164 6895 2906
1165 6061 3102
1166 424 3214
1167 3184 159
1168 1459 1190
1169 2876 4925
1170 5635 5814
1171 6232 5435
1172 2599 2273
1173 3482 6883
1174 237 6202
1175 2226 601
1176 1256 4768
1177 6526 2524
1178 2164 3846
1179 6113 1833
1180 3355 3429
1181 2468 3682
1182 1090 7045
1183 3669 2471
1184 1170 299
1185 3366 3301
1186 523 3719
1187 4021 2223
1188 6722 5414
1189 771 67
1190 2513 2355
1191 3727 2787
1192 1578 5261
1193 1149 42
1194 6300 3766
1195 5772 3199
1196 1746 -141
1197 6895 3497
1198 5436 5856
1199 2887 4843
1200 789 3719
1201 3366 3378
1202 2708 921
1203 4402 4172
1204 3277 3330
1205 2537 2273
1206 3166 4372
1207 1084 6556
1208 4664 1402
1209 3789 6704
1210 349 1654
1211 3140 7042
1212 1597 5670
1213 2964 5914
1214 1496 -141
1215 5057 4502
1216 803 3116
1217 4537 4448
1218 3355 3236
1219 2477 754
1220 143 5235
1221 2881 4925
1222 5443 357
1223 6722 5456
1224 5825 5622
1225 948 4312
1226 2004 6623
1227 6234 5494
1228 3864 730
1229 3363 5758
1230 228 3866
1231 5248 6507
1232 2246 2105
1233 6275 6118
1234 1639 3435
1235 2038 2305
1236 3009 1931
1237 2292 2116
1238 13 1559
1239 5387 7135
1240 5849 3367
1241 5918 3690
1242 6722 5432
1243 6895 3077
1244 1555 5428
1245 4537 4457
1246 5337 7135
1247 3277 3310
1248 5251 4311
1249 1030 554
1250 6985 489
1251 2477 636
1252 6631 2142
1253 6366 144
1254 4997 3707
1255 6117 3010
1256 2462 2744
1257 901 2499
1258 6895 3372
1259 1650 4663
1260 4748 2580
1261 4844 449
1262 5276 5963
1263 4559 4729
1264 3184 132
1265 1978 2967
1266 5844 628
1267 1354 6517
1268 6159 1094
1269 2526 2852
1270 5844 369
1271 4990 6375
1272 1662 4460
1273 6479 6413
1274 780 5774
1275 6895 2647
1276 3195 1819
1277 4844 589
1278 5495 5814
1279 1489 5697
1280 1206 1221
1281 2468 4078
1282 4035 6729
1283 6140 1588
1284 6895 2825
1285 2419 586
1286 6002 6263
1287 3302 4787
1288 2480 1035
1289 4222 7180
1290 1256 4877
1291 882 -20
1292 1225 2676
1293 269 67
1294 4314 4384
1295 6199 1833
1296 5064 41
1297 5936 1920
1298 4997 3136
1299 1848 2796
1300 631 3719
1301 6695 4034
1302 890 5458
1303 5152 4256
1304 5268 1177
1305 -133 219
1306 4576 4448
1307 4537 2193
1308 1231 5588
1309 3758 2611
1310 2028 2796
1311 1772 3795
1312 4286 1116
1313 1845 6623
1314 3692 2859
1315 6467 5104
1316 1090 6680
1317 6543 5104
1318 1849 -156
1319 4147 189
1320 2038 2299
1321 3232 2062
1322 191 3281
1323 6190 1094
1324 1662 4540
1325 2921 4843
1326 2273 2379
1327 2109 2298
1328 1537 1012
1329 726 67
1330 1135 6658
1331 1679 3865
1332 6526 2531
1333 4206 731
1334 1459 1336
1335 5080 5612
1336 1650 4875
1337 1788 3865
1338 1710 3325
1339 2477 1035
1340 2027 2796
1341 3758 2725
1342 3772 2832
1343 3285 6204
1344 3354 6889
1345 5140 3136
1346 1135 7169
1347 -133 613
1348 1412 6037
1349 6232 5494
1350 1791 3424
1351 4402 4532
1352 649 3143
1353 -184 5273
1354 5847 6340
1355 6479 6764
1356 2226 623
1357 3034 1792
1358 4581 7180
1359 5248 4461
1360 3179 2295
1361 2468 4020
1362 1537 894
1363 3758 2621
1364 4091 6880
1365 1814 611
1366 2037 981
1367 3730 56
1368 1908 3424
1369 1225 3025
1370 4537 4777
1371 6101 4461
1372 5885 1053
1373 1262 4461
1374 6692 2394
1375 2038 2404
1376 157 1879
1377 594 6291
1378 237 5928
1379 835 3719
1380 4727 326
1381 4158 2252
1382 5802 1867
1383 6002 6329
1384 -194 2518
1385 2032 5281
1386 6058 3608
1387 6895 2667
1388 6589 144
1389 85 2638
1390 3476 2554
1391 2032 5168
1392 2564 5957
1393 2068 3604
1394 5015 852
1395 3925 6729
1396 4333 3847
1397 228 3884
1398 1030 493
1399 3406 2390
1400 4990 6331
1401 1459 946
1402 6091 738
1403 2306 2123
1404 5152 4359
1405 2038 2085
1406 1762 3424
1407 6422 1833
1408 4136 189
1409 1850 3595
1410 2842 4843
1411 4990 6142
1412 5511 1180
1413 1865 3845
1414 6526 2585
1415 1354 6230
1416 5296 6867
1417 2235 1699
1418 3025 2824
1419 2329 1931
1420 1994 1035
1421 237 6136
1422 6497 823
1423 3425 506
1424 4599 4683
1425 3482 6656
1426 1814 492
1427 4091 7180
1428 901 2456
1429 6687 5494
1430 4554 189
1431 -2 135
1432 5878 3424
1433 1834 393
1434 1528 5428
1435 5791 6507
1436 6768 144
1437 5908 3766
1438 24 135
1439 536 3719
1440 -280 1559
1441 1401 -141
1442 6453 4712
1443 5791 369
1444 169 5116
1445 6184 4254
1446 2481 4118
1447 3035 4843
1448 1656 3094
1449 6036 1860
1450 3328 2145
1451 4402 4470
1452 5065 4494
1453 2701 2425
1454 4791 6909
1455 1564 3094
1456 2661 2680
1457 5057 4658
1458 5581 1180
1459 3772 2868
1460 1850 3717
1461 82 2844
1462 1135 6916
1463 5393 2703
1464 3365 159
1465 5501 6729
1466 5796 1819
1467 4664 1337
1468 43 1559
1469 6002 6483
1470 1135 2760
1471 1662 4434
1472 6479 6897
1473 5064 269
1474 2317 1902
1475 5109 3004
1476 3356 6889
1477 1489 6623
1478 4671 7180
1479 6479 6652
1480 1650 4765
1481 1641 624
1482 5205 5963
1483 3511 56
1484 6453 4952
1485 1793 3906
1486 5566 1356
1487 -184 5421
1488 1473 3865
1489 6309 1094
1490 191 3323
1491 2520 2744
1492 417 5246
1493 6210 4657
1494 1459 1269
1495 788 5815
1496 4206 1130
1497 3363 5571
1498 4791 7177
1499 549 4569
1500 1447 3795
1501 3902 325
1502 3556 372
1503 6895 3130
1504 6614 2585
1505 3363 5719
1506 6061 3129
1507 5501 6933
1508 2226 690
1509 2787 5914
1510 4136 432
1511 4190 3847
1512 5296 6507
1513 3638 56
1514 417 5239
1515 -133 274
1516 6457 1094
1517 5282 5963
1518 4543 7180
1519 1441 3845
1520 6003 3766
1521 6985 735
1522 3055 3535
1523 5145 41
1524 3302 4624
1525 6453 4921
1526 1865 3873
1527 3298 6889
1528 6479 6594
1529 3334 6204
1530 -299 1442
1531 1840 2967
1532 2226 871
1533 5841 5814
1534 3328 2277
1535 889 2740
1536 5084 3136
1537 2774 4843
1538 6522 144
1539 5058 357
1540 187 93
1541 2523 4256
1542 4245 4435
1543 2575 4256
1544 3348 5758
1545 977 67
1546 2825 2494
1547 4630 1064
1548 6872 2585
1549 333 6291
1550 1231 5604
1551 974 4092
1552 5379 1356
1553 3302 4619
1554 2742 3535
1555 5587 996
1556 1680 3094
1557 3544 2638
1558 656 4495
1559 5057 4448
1560 2287 3653
1561 3188 2276
1562 1379 4923
1563 5494 852
1564 5501 6951
1565 2575 4152
1566 5022 3732
1567 4303 4384
1568 6002 6628
1569 2530 1931
1570 4416 4172
1571 1850 3551
1572 835 3442
1573 1263 -141
1574 2989 1931
1575 803 3128
1576 3902 629
1577 2476 4256
1578 6184 3766
1579 -194 2217
1580 5411 948
1581 6228 5451
1582 6180 144
1583 5152 4401
1584 6347 823
1585 1762 3350
1586 4461 189
1587 4177 2252
1588 9 2162
1589 5476 1876
1590 6479 6927
1591 2419 1931
1592 -299 1007
1593 6002 6540
1594 2604 5914
1595 191 3214
1596 4091 7122
1597 2020 -47
1598 5501 6645
1599 4277 4227
1600 100 5005
1601 1650 4624
1602 2884 2295
1603 2038 2365
1604 5536 3231
1605 3041 4925
1606 1935 1776
1607 908 2728
1608 5501 7057
1609 3166 4282
1610 5825 5782
1611 3195 1921
1612 1206 1359
1613 2352 7042
1614 6440 1588
1615 4617 189
1616 6791 2142
1617 2190 2298
1618 5758 369
1619 737 6291
1620 2365 2744
1621 1177 3401
1622 3406 2102
1623 2500 2355
1624 5296 6884
1625 3166 4483
1626 5196 5275
1627 549 4856
1628 6002 6535
1629 1048 812
1630 5080 5356
1631 5559 3078
1632 3045 2295
1633 -70 2162
1634 2395 3604
1635 1090 6876
1636 4587 2152
1637 1225 3221
1638 5080 5275
1639 6132 5474
1640 5205 6280
1641 3174 3065
1642 4658 2182
1643 1240 621
1644 2040 5239
1645 5936 1908
1646 4443 575
1647 5101 4448
1648 4112 3889
1649 3541 2638
1650 549 4624
1651 5064 236
1652 5361 1130
1653 1459 1351
1654 -20 5645
1655 5146 1315
1656 3864 677
1657 2722 2273
1658 3366 3189
1659 5501 6977
1660 898 67
1661 5604 5474
1662 3009 1792
1663 3184 56
1664 1051 5731
1665 1850 3449
1666 908 2836
1667 6061 3010
1668 6184 4034
1669 5559 2940
1670 6879 144
1671 3232 2130
1672 6526 1975
1673 1598 3094
1674 1135 2556
1675 2040 5091
1676 3070 4889
1677 803 3119
1678 3573 2554
1679 788 6264
1680 3363 5613
1681 6488 1339
1682 6479 6816
1683 6895 2624
1684 6477 5104
1685 2087 2105
1686 549 4633
1687 858 5605
1688 5076 3004
1689 5841 5754
1690 2534 2988
1691 5587 1236
1692 6565 4034
1693 4537 4747
1694 2578 921
1695 3864 731
1696 5125 4494
1697 6479 6236
1698 5140 3100
1699 4245 4618
1700 381 1559
1701 1351 6556
1702 803 3143
1703 5431 1356
1704 6245 5494
1705 3758 2487
1706 4838 5680
1707 4338 769
1708 1225 2778
1709 4727 356
1710 6479 6349
1711 3195 1940
1712 2745 6099
1713 1489 5694
1714 2898 5956
1715 1096 42
1716 4735 7180
1717 891 6556
1718 2395 2295
1719 467 3644
1720 1793 3865
1721 5957 1861
1722 2224 4420
1723 2041 6623
1724 2032 5150
1725 6184 3617
1726 2623 3535
1727 5510 1876
1728 3328 2271
1729 237 6291
1730 3074 3535
1731 2208 3934
1732 5501 7108
1733 405 3143
1734 2306 2298
1735 417 4856
1736 4517 524
1737 6184 4277
1738 4537 4718
1739 1354 6068
1740 4791 7104
1741 4611 829
1742 6349 1833
1743 -194 2363
1744 4021 2233
1745 6722 5373
1746 3327 2781
1747 5296 6705
1748 1675 3435
1749 5004 852
1750 5064 332
1751 1014 -20
1752 3302 4641
1753 2468 4079
1754 1762 3381
1755 1924 1776
1756 1347 4434
1757 5695 5474
1758 4317 4227
1759 6879 2585
1760 3789 6729
1761 1227 5650
1762 3355 3071
1763 2661 2396
1764 6054 3766
1765 1477 894
1766 237 6284
1767 3262 506
1768 1528 5394
1769 6074 1833
1770 5333 1130
1771 6479 6500
1772 5202 5448
1773 5934 6187
1774 157 1788
1775 -133 218
1776 5865 910
1777 1459 966
1778 4091 6869
1779 6140 823
1780 2020 14
1781 2226 6695
1782 1225 2854
1783 1440 5569
1784 2552 2355
1785 2049 2967
1786 2040 5308
1787 1370 1600
1788 1908 3458
1789 4838 5706
1790 4997 3111
1791 2304 2355
1792 1206 1100
1793 724 3296
1794 2385 2744
1795 4336 4384
1796 6562 3766
1797 788 5774
1798 1537 1121
1799 908 2626
1800 6319 823
1801 100 5235
1802 5555 1875
1803 4625 829
1804 4658 2213
1805 5934 6194
1806 5187 41
1807 6061 4393
1808 3025 2799
1809 1459 1448
1810 5865 768
1811 5604 3367
1812 5910 5814
1813 -194 2484
1814 6526 2057
1815 -184 5387
1816 3545 506
1817 2273 2693
1818 3302 4889
1819 2226 669
1820 2020 -30
1821 2390 2273
1822 5662 2905
1823 5559 2905
1824 5428 3277
1825 2402 2355
1826 1090 6556
1827 4630 1144
1828 913 3401
1829 3264 3065
1830 1483 3435
1831 2177 2298
1832 5908 1867
1833 1544 4434
1834 1135 2852
1835 5934 1876
1836 1379 4762
1837 1090 7160
1838 2032 5291
1839 3166 4545
1840 243 3977
1841 4625 967
1842 6050 3199
1843 2173 992
1844 1664 3435
1845 5205 6501
1846 1652 -141
1847 2684 921
1848 6187 1094
1849 4338 717
1850 230 3977
1851 1171 1468
1852 228 3817
1853 5936 2090
1854 6147 4461
1855 5737 5474
1856 2812 2295
1857 6573 5104
1858 2043 6439
1859 4121 3853
1860 1392 3221
1861 1680 3246
1862 -194 2201
1863 5205 6215
1864 6058 3702
1865 2130 3604
1866 3789 6592
1867 6401 1588
1868 1354 6056
1869 1158 5458
1870 85 2780
1871 5242 1110
1872 6184 3701
1873 1240 2
1874 1149 216
1875 3406 2158
1876 3556 288
1877 1650 4800
1878 5393 2716
1879 6210 4553
1880 2062 1881
1881 1372 3401
1882 1135 7014
1883 1175 1600
1884 803 3089
1885 1090 7003
1886 5292 342
1887 1528 5352
1888 2844 5956
1889 649 3265
1890 5152 4376
1891 2898 5914
1892 4990 6155
1893 5865 874
1894 6608 3766
1895 2096 3000
1896 5115 41
1897 6091 185
1898 6489 3766
1899 6334 6118
1900 5960 214
1901 900 2628
1902 4507 524
1903 2661 2425
1904 3366 3451
1905 5903 6340
1906 4402 4702
1907 417 5219
1908 5064 77
1909 2825 2433
1910 2985 3535
1911 5371 1356
1912 2484 1035
1913 5202 5338
1914 2038 1956
1915 6985 144
1916 100 5143
1917 3864 629
1918 3482 6553
1919 5179 4256
1920 1170 5494
1921 6722 5478
1922 6091 190
1923 2405 1931
1924 1688 5670
1925 4338 615
1926 4091 6960
1927 4647 2366
1928 5559 3119
1929 2477 586
1930 2317 1931
1931 4997 3076
1932 1171 1491
1933 5637 3014
1934 4476 3965
1935 3317 6204
1936 5936 1883
1937 1194 1468
1938 1324 3221
1939 -133 244
1940 6012 1053
1941 3482 6624
1942 6702 3908
1943 5548 1356
1944 467 3591
1945 5446 7135
1946 3523 159
1947 2527 2295
1948 6711 2394
1949 2468 3896
1950 984 2945
1951 2967 3535
1952 5793 1876
1953 6216 6927
1954 634 4495
1955 1135 6924
1956 4933 357
1957 3727 2649
1958 2357 2295
1959 1379 5569
1960 4997 3085
1961 3902 445
1962 1539 3221
1963 6440 3497
1964 1528 5262
1965 1135 7037
1966 6158 3010
1967 5636 1876
1968 1737 -141
1969 1528 5373
1970 6895 2585
1971 -231 818
1972 5348 5448
1973 100 5125
1974 2173 1035
1975 4990 6204
1976 3902 159
1977 1994 3604
1978 4727 218
1979 5242 1130
1980 1030 603
1981 5839 369
1982 1199 955
1983 3540 2554
1984 2173 925
1985 3166 4834
1986 2020 273
1987 4245 4425
1988 4507 2257
1989 157 1922
1990 4477 621
1991 2503 1035
1992 1256 4934
1993 6791 2269
1994 4762 1260
1995 -112 2162
1996 5934 5814
1997 238 1654
1998 3348 5744
1999 693 6291
2000 1653 5428
2001 2295 586
2002 6002 6927
2003 4990 6356
2004 4136 320
2005 3902 584
2006 5878 3557
2007 5602 3018
2008 5637 2905
2009 4844 638
2010 4791 6746
2011 5064 241
2012 2468 4063
2013 2906 685
2014 1976 1035
2015 4647 2388
2016 2020 393
2017 3373 2062
2018 2713 2565
2019 549 4812
2020 4036 2223
2021 6593 5104
2022 4394 2223
2023 1814 393
2024 835 3977
2025 1225 3088
2026 6061 3037
2027 2012 3604
2028 6526 2142
2029 261 1559
2030 4791 7032
2031 2788 2526
2032 1090 6919
2033 4990 6401
2034 4206 1162
2035 191 3304
2036 5589 1875
2037 6821 3497
2038 549 4708
2039 4537 2257
2040 2856 2295
2041 3482 6653
2042 1666 5569
2043 1320 4434
2044 5587 852
2045 3277 3349
2046 4402 4586
2047 6526 2113
2048 1262 4638
2049 2038 2796
2050 3232 2126
2051 6442 1094
2052 1465 6037
2053 417 5120
2054 2661 2722
2055 1090 6596
2056 -20 5769
2057 3395 4216
2058 5844 698
2059 4402 4227
2060 561 3977
2061 5985 2106
2062 5495 5847
2063 2038 2501
2064 2477 848
2065 157 1718
2066 915 4495
2067 5536 5451
2068 6472 1588
2069 3960 151
2070 908 2525
2071 813 3977
2072 4021 2252
2073 835 3551
2074 2689 7042
2075 2038 2676
2076 2049 3000
2077 5486 1180
2078 1206 1175
2079 2534 2758
2080 3482 6775
2081 1354 6348
2082 2583 7042
2083 6117 6927
2084 4954 6035
2085 85 2541
2086 3164 4889
2087 6526 2523
2088 4625 870
2089 4658 2188
2090 3415 159
2091 1544 4716
2092 1437 6037
2093 1135 6589
2094 6241 6118
2095 5006 3136
2096 2840 2295
2097 2477 766
2098 5917 6340
2099 6029 3199
2100 6002 6398
2101 3650 2638
2102 6702 3766
2103 3772 2725
2104 2534 2995
2105 1772 -141
2106 1090 6826
2107 5292 69
2108 6869 3497
2109 4642 4448
2110 3539 6553
2111 2289 3604
2112 5195 5275
2113 2143 1699
2114 1040 -20
2115 6063 3608
2116 6958 144
2117 169 5025
2118 1171 1533
2119 1528 5297
2120 4476 3991
2121 741 3143
2122 2647 2295
2123 1677 624
2124 4664 1199
2125 4844 357
2126 4245 4574
2127 1871 6623
2128 1121 5458
2129 2511 3167
2130 3357 4365
2131 1441 3435
2132 1287 3401
2133 4625 1000
2134 3355 3233
2135 5743 5474
2136 1814 570
2137 972 -20
2138 5556 6507
2139 3049 2781
2140 401 1560
2141 6985 587
2142 3604 2471
2143 -149 2541
2144 5425 357
2145 2575 4118
2146 4419 2201
2147 2511 3030
2148 2476 2273
2149 2963 4925
2150 3189 4118
2151 825 3007
2152 3789 6702
2153 3184 136
2154 2534 2883
2155 4664 1206
2156 2226 6389
2157 4206 829
2158 4792 6697
2159 322 3143
2160 2032 5091
2161 6228 5473
2162 -299 1501
2163 2806 3535
2164 5323 1245
2165 6856 3497
2166 1135 2923
2167 5536 5456
2168 3758 2703
2169 3772 2830
2170 169 4932
2171 65 2844
2172 5065 4658
2173 4990 6687
2174 901 2487
2175 858 5525
2176 1814 428
2177 5757 1876
2178 2869 2295
2179 901 2520
2180 5428 3367
2181 3200 6889
2182 2961 506
2183 4997 3713
2184 835 3409
2185 974 4215
2186 6722 5232
2187 5413 357
2188 4443 524
2189 1067 5731
2190 3277 3099
2191 2978 2295
2192 5602 3040
2193 1030 665
2194 6722 5347
2195 414 3143
2196 5728 5474
2197 6502 5104
2198 5587 904
2199 5883 1876
2200 6985 495
2201 3355 3065
2202 5625 3367
2203 974 -20
2204 4616 829
2205 6791 2207
2206 3483 159
2207 6985 376
2208 2040 5150
2209 1459 1215
2210 3226 6204
2211 2306 2154
2212 3482 6576
2213 6138 144
2214 149 5895
2215 1814 604
2216 1367 4434
2217 5350 5448
2218 2745 5956
2219 3111 3065
2220 5296 6785
2221 1680 3169
2222 4286 1066
2223 3447 2554
2224 3355 3109
2225 2608 3535
2226 4537 2152
2227 2249 3000
2228 5292 41
2229 1537 1278
2230 6631 5494
2231 5957 1667
2232 2306 2290
2233 4664 1244
2234 5940 5474
2235 889 2976
2236 3172 7042
2237 6410 4034
2238 263 67
2239 4206 1066
2240 3960 82
2241 1749 2851
2242 1206 1234
2243 722 6291
2244 4647 2257
2245 1830 2796
2246 2083 2298
2247 5742 290
2248 6488 1408
2249 6985 409
2250 1114 5458
2251 4589 4683
2252 2226 6592
2253 2226 812
2254 237 6276
2255 228 3812
2256 1814 -141
2257 3508 2781
2258 955 42
2259 1459 1600
2260 3758 2505
2261 4402 4618
2262 5469 1875
2263 1354 6055
2264 1459 1338
2265 -133 210
2266 5841 5474
2267 4954 5864
2268 1176 216
2269 2372 1931
2270 4136 516
2271 5537 5474
2272 1905 3845
2273 3864 649
2274 6702 3804
2275 4675 7180
2276 6479 6530
2277 5825 5690
2278 3172 6895
2279 30 2844
2280 1413 5785
2281 1762 3325
2282 1256 4748
2283 191 3812
2284 3277 3065
2285 169 5007
2286 5908 1876
2287 1680 3240
2288 3070 4925
2289 6985 823
2290 191 3518
2291 807 67
2292 5796 1735
2293 4625 966
2294 5205 6069
2295 5410 2898
2296 2287 3604
2297 1620 5428
2298 4091 6956
2299 5841 5726
2300 4791 6913
2301 1742 5428
2302 249 1654
2303 -98 135
2304 4746 2620
2305 2020 -22
2306 228 3879
2307 2511 3000
2308 2334 4256
2309 2793 2273
2310 1546 3795
2311 6551 3497
2312 3556 451
2313 5653 1867
2314 6733 2142
2315 2477 693
2316 858 5721
2317 1296 624
2318 4536 189
2319 5646 389
2320 6483 144
2321 580 4495
2322 261 3143
2323 2477 710
2324 4647 2300
2325 5878 3690
2326 5198 4311
2327 5934 5928
2328 5742 311
2329 5686 2905
2330 2040 5330
2331 3184 74
2332 2043 6389
2333 237 6255
2334 2273 2396
2335 4630 1035
2336 6002 6495
2337 1090 6639
2338 6453 4717
2339 6400 1588
2340 6415 1588
2341 2287 3765
2342 4954 6870
2343 5474 1876
2344 6184 4136
2345 1650 5340
2346 741 3296
2347 -184 5586
2348 1697 1278
2349 2825 2425
2350 2156 1699
2351 5934 1053
2352 2906 633
2353 2388 2295
2354 4402 4556
2355 1579 1278
2356 888 4092
2357 5791 6340
2358 3556 296
2359 3172 6991
2360 1135 6905
2361 6659 5494
2362 4404 189
2363 2213 3604
2364 2534 2744
2365 815 3977
2366 3499 56
2367 445 3214
2368 6126 1833
2369 4658 2295
2370 2661 2692
2371 3758 2533
2372 3213 4889
2373 4286 1174
2374 6525 3766
2375 4245 4777
2376 1981 2796
2377 5403 3144
2378 1252 1600
2379 780 5794
2380 2604 2273
2381 5393 2812
2382 858 5594
2383 3025 2823
2384 1544 4567
2385 1227 5726
2386 6443 3497
2387 3482 6665
2388 1489 6261
2389 6488 1123
2390 3236 3065
2391 1712 3865
2392 -299 945
2393 3580 6553
2394 2769 5956
2395 6605 3766
2396 1662 4545
2397 5454 3231
2398 -177 1559
2399 4997 3064
2400 213 3812
2401 2530 4118
2402 4263 1066
2403 5653 1707
2404 6985 152
2405 5609 3367
2406 6418 823
2407 1347 5731
2408 1707 1278
2409 2502 1931
2410 4112 3944
2411 1560 5113
2412 3232 2251
2413 2213 3765
2414 3357 4216
2415 191 3220
2416 900 2635
2417 35 5273
2418 5303 357
2419 2906 506
2420 1231 5731
2421 1640 4875
2422 6125 6927
2423 6298 1833
2424 5886 214
2425 3166 4747
2426 6364 4034
2427 4762 1321
2428 6468 3766
2429 2564 6083
2430 1560 5196
2431 -20 5789
2432 5057 4541
2433 2250 2105
2434 4443 589
2435 2955 5914
2436 4112 4096
2437 3238 4118
2438 5796 1762
2439 1562 5261
2440 1759 5408
2441 1564 3174
2442 905 -20
2443 6791 2330
2444 1564 3221
2445 1240 345
2446 467 3437
2447 -4 2541
2448 2516 3535
2449 649 3219
2450 6985 313
2451 4421 2152
2452 736 3296
2453 1191 216
2454 5023 3707
2455 3044 3065
2456 1483 3221
2457 4838 5612
2458 3238 3535
2459 2792 5956
2460 1489 6607
2461 3166 4524
2462 4112 3942
2463 2037 953
2464 514 6291
2465 3019 4843
2466 5410 2783
2467 1206 1178
2468 191 3665
2469 889 2746
2470 1006 -20
2471 2851 4925
2472 -247 818
2473 2226 6536
2474 2038 2337
2475 4477 613
2476 1360 4434
2477 30 2925
2478 5343 5963
2479 5296 7135
2480 4402 2223
2481 -146 5273
2482 5064 106
2483 2661 2744
2484 5240 1177
2485 3882 629
2486 5844 700
2487 6007 2106
2488 1489 6583
2489 2780 5914
2490 1030 780
2491 6584 3766
2492 3104 2273
2493 3302 4617
2494 1817 3435
2495 1528 5243
2496 6632 2142
2497 2713 2573
2498 -133 452
2499 1521 3865
2500 3406 2133
2501 1090 7170
2502 1595 1278
2503 5772 3036
2504 3556 203
2505 4419 2213
2506 6486 5494
2507 3594 2474
2508 3194 6204
2509 6184 4393
2510 5140 3018
2511 3432 6889
2512 4537 4577
2513 3501 2781
2514 -20 5770
2515 2825 2469
2516 1650 1086
2517 5361 5448
2518 6143 1053
2519 1650 5113
2520 3727 2718
2521 5495 5448
2522 6744 2585
2523 5883 1867
2524 1313 3401
2525 1170 5458
2526 3225 4118
2527 2713 2582
2528 2636 6083
2529 6319 5494
2530 6488 1094
2531 133 2162
2532 671 4495
2533 5915 1867
2534 5772 2986
2535 3166 4280
2536 4625 869
2537 2745 6078
2538 6453 4700
2539 6454 5104
2540 -184 5524
2541 417 5001
2542 6658 2585
2543 549 4603
2544 3791 6729
2545 6002 6399
2546 6026 214
2547 3960 159
2548 1434 1600
2549 5094 4448
2550 4921 1260
2551 3356 5571
2552 5080 5358
2553 3430 2554
2554 1240 309
2555 4477 624
2556 6002 6762
2557 3302 4453
2558 1090 6929
2559 1041 3401
2560 3389 6153
2561 2964 5918
2562 5936 1910
2563 34 2541
2564 2334 3934
2565 6286 1588
2566 6764 823
2567 6981 823
2568 3166 4601
2569 2511 3535
2570 5934 6025
2571 4175 3853
2572 3302 4658
2573 2250 2116
2574 652 3719
2575 5742 263
2576 4565 2152
2577 1107 216
2578 4329 189
2579 1767 3795
2580 2135 6389
2581 3232 2277
2582 1090 6818
2583 3406 2222
2584 1225 3123
2585 4971 5612
2586 3797 56
2587 476 6291
2588 5517 1356
2589 4844 692
2590 3482 6889
2591 6431 823
2592 256 3977
2593 1240 171
2594 157 1775
2595 3083 4889
2596 4841 5612
2597 3254 4889
2598 2806 7042
2599 6228 5474
2600 2713 2680
2601 1679 1086
2602 2173 961
2603 5587 898
2604 1722 3435
2605 2623 7042
2606 4653 4683
2607 4126 4096
2608 4721 2620
2609 4064 2223
2610 5841 5769
2611 5430 357
2612 1560 5134
2613 2231 3765
2614 1537 1052
2615 3760 2868
2616 5424 1875
2617 4476 4172
2618 6961 144
2619 6683 3497
2620 5934 5853
2621 4612 4448
2622 1157 2527
2623 972 2945
2624 2825 2497
2625 3340 2062
2626 2575 921
2627 4419 2152
2628 2032 5249
2629 2020 26
2630 549 4608
2631 1850 3795
2632 1256 4687
2633 2224 4422
2634 2535 4256
2635 6212 1094
2636 2226 7042
2637 6228 5336
2638 2661 2385
2639 1749 2945
2640 1908 3604
2641 3879 56
2642 1206 1136
2643 1608 6623
2644 191 3244
2645 5772 3071
2646 787 67
2647 419 3143
2648 4664 1291
2649 2964 5956
2650 417 5195
2651 2299 7042
2652 1956 1035
2653 3054 2781
2654 3300 2781
2655 5844 631
2656 1171 860
2657 2315 3934
2658 2531 2295
2659 6228 5377
2660 2745 6106
2661 1135 2827
2662 6198 1588
2663 2853 5956
2664 3156 7042
2665 3849 6729
2666 121 5273
2667 6272 3398
2668 6335 5494
2669 3355 3108
2670 2468 4118
2671 6061 3199
2672 5127 4494
2673 5396 1174
2674 -133 367
2675 1537 1008
2676 6136 144
2677 4792 6736
2678 1090 7029
2679 4402 4624
2680 3166 4255
2681 1749 2796
2682 4093 2223
2683 2945 2273
2684 4792 6719
2685 6184 3714
2686 100 4979
2687 1348 4968
2688 6345 4034
2689 3628 6553
2690 6874 3497
2691 1135 2945
2692 1493 894
2693 2094 3604
2694 5910 3199
2695 4844 419
2696 3355 3133
2697 5236 5963
2698 294 67
2699 187 135
2700 6479 6511
2701 649 3244
2702 6429 1094
2703 4245 4602
2704 1240 594
2705 2174 6389
2706 4136 203
2707 1459 977
2708 3902 247
2709 3238 3519
2710 1177 -20
2711 5296 6689
2712 780 5823
2713 3302 4817
2714 2062 1954
2715 30 3143
2716 -144 2541
2717 6702 3805
2718 4402 4384
2719 6184 3608
2720 1135 7170
2721 -104 5605
2722 4023 6729
2723 467 3394
2724 6569 2142
2725 5637 3040
2726 3172 6946
2727 4748 2620
2728 4658 2251
2729 4507 2198
2730 6002 6442
2731 5415 5856
2732 4762 1402
2733 2273 2482
2734 1403 624
2735 -133 234
2736 3758 2624
2737 5480 1180
2738 5072 852
2739 5501 6788
2740 4112 3853
2741 5205 6068
2742 4136 524
2743 3328 2062
2744 5878 3600
2745 5653 1640
2746 901 2451
2747 2226 6643
2748 4559 4777
2749 1090 6808
2750 6349 1588
2751 6547 823
2752 3482 6828
2753 5772 3043
2754 3813 6729
2755 164 135
2756 4894 1260
2757 6529 144
2758 1090 7006
2759 237 5925
2760 231 3143
2761 3366 3065
2762 6453 4756
2763 4954 5883
2764 3348 5571
2765 417 5041
2766 2040 2298
2767 1240 4
2768 157 1654
2769 1974 1956
2770 6232 5336
2771 2503 956
2772 156 5895
2773 915 42
2774 574 3143
2775 6272 3180
2776 4245 4670
2777 1227 5588
2778 2359 4256
2779 5343 5886
2780 2120 2298
2781 5653 1875
2782 2896 1931
2783 3789 6647
2784 3860 56
2785 4990 6850
2786 1814 624
2787 5501 6507
2788 2589 2273
2789 2713 2607
2790 1759 5428
2791 549 4822
2792 5508 852
2793 5057 4670
2794 191 3644
2795 5080 5491
2796 5147 4494
2797 4630 1168
2798 1459 1582
2799 1379 4968
2800 803 3071
2801 3328 2187
2802 5492 5448
2803 6526 2483
2804 5814 715
2805 4653 4448
2806 6036 2000
2807 4997 3070
2808 1712 5670
2809 5286 5448
2810 3885 56
2811 6058 3686
2812 1335 5731
2813 5845 6340
2814 2043 6564
2815 5328 4461
2816 2032 5330
2817 882 42
2818 6985 698
2819 1183 5569
2820 5205 5967
2821 5865 738
2822 3433 6889
2823 1030 67
2824 6019 1053
2825 6036 6927
2826 5067 1260
2827 6061 3157
2828 5825 5814
2829 4844 832
2830 3406 2471
2831 5292 326
2832 1441 3848
2833 6002 6118
2834 6479 6472
2835 4606 2257
2836 1805 3795
2837 2164 3919
2838 4791 6726
2839 6093 1588
2840 6673 2142
2841 1354 5785
2842 5323 1181
2843 788 6312
2844 4476 3847
2845 6770 2142
2846 6894 823
2847 1696 3325
2848 417 4917
2849 2273 2744
2850 4476 4124
2851 927 -20
2852 2226 6800
2853 948 4361
2854 2809 2273
2855 6551 2394
2856 5936 1876
2857 5666 2905
2858 769 3977
2859 1135 6705
2860 872 5731
2861 403 3977
2862 900 4092
2863 549 4720
2864 -133 818
2865 1206 1297
2866 1829 3795
2867 5065 4541
2868 1030 601
2869 6722 5494
2870 1528 5230
2871 6002 6558
2872 3302 4847
2873 5587 1180
2874 6895 2882
2875 3238 4198
2876 1379 4434
2877 4338 742
2878 1171 812
2879 5602 2905
2880 1996 1035
2881 5559 2957
2882 3302 2277
2883 5865 955
2884 3758 2559
2885 2098 2105
2886 1533 3795
2887 6791 2156
2888 894 67
2889 6268 823
2890 6091 214
2891 5205 6121
2892 4959 6870
2893 5934 6241
2894 157 1698
2895 6790 823
2896 3073 4843
2897 5587 1332
2898 1564 3198
2899 2547 2355
2900 4177 3847
2901 490 3143
2902 1793 3921
2903 6332 3766
2904 2503 921
2905 3166 4843
2906 2575 4156
2907 636 4495
2908 3556 205
2909 3184 110
2910 157 1945
2911 4149 524
2912 4190 615
2913 5146 1260
2914 1459 1546
2915 1135 7053
2916 6722 5139
2917 3348 5753
2918 2303 4420
2919 417 5133
2920 5224 5963
2921 -133 300
2922 1206 1392
2923 2980 506
2924 5587 1356
2925 1865 3934
2926 6895 3300
2927 1622 3435
2928 6609 5104
2929 858 5644
2930 2273 2529
2931 2816 7042
2932 1090 6695
2933 2632 921
2934 1975 3845
2935 2534 2951
2936 2276 4422
2937 1256 4717
2938 6402 3497
2939 1597 6623
2940 2511 3424
2941 5180 1315
2942 2661 2355
2943 417 4975
2944 1850 3435
2945 3841 6729
2946 4446 613
2947 5864 3367
2948 5646 629
2949 -194 2162
2950 900 2516
2951 3143 2295
2952 1136 -20
2953 2511 3345
2954 1135 2530
2955 6390 3766
2956 2062 1797
2957 3366 3228
2958 169 5045
2959 2020 144
2960 2661 2720
2961 4206 814
2962 2743 5914
2963 1030 691
2964 1970 2967
2965 3172 6204
2966 5495 5841
2967 5536 5453
2968 4954 5800
2969 3888 731
2970 1515 5569
2971 6237 4034
2972 2468 3713
2973 2468 3934
2974 4176 3847
2975 4990 6566
2976 5292 72
2977 5934 5982
2978 6490 1833
2979 5865 1053
2980 4997 3732
2981 1537 1032
2982 4599 4448
2983 3406 2252
2984 4727 524
2985 4930 357
2986 -80 2541
2987 2294 1699
2988 1528 5116
2989 3277 3182
2990 2494 1035
2991 6210 4461
2992 4175 3847
2993 376 1559
2994 30 2981
2995 4743 2620
2996 5549 852
2997 889 2787
2998 -194 2541
2999 100 4896
3000 6184 3663
3001 -170 5273
3002 2040 5276
3003 1814 400
3004 760 4495
3005 5080 5412
3006 4997 3004
3007 1537 1003
3008 1459 894
3009 6791 3497
3010 5957 1598
3011 664 6291
3012 5137 41
3013 -299 1377
3014 1157 2540
3015 1240 624
3016 4684 7180
3017 4481 2257
3018 1090 7041
3019 3357 4363
3020 3562 6553
3021 375 1559
3022 2726 921
3023 3960 56
3024 5845 3199
3025 1920 3845
3026 2796 4843
3027 4954 5899
3028 6819 144
3029 510 3719
3030 1749 2829
3031 5064 239
3032 6574 3766
3033 4990 6682
3034 835 4054
3035 887 4092
3036 6711 3497
3037 1227 5728
3038 237 6077
3039 2222 6389
3040 1320 624
3041 5248 4494
3042 357 3143
3043 5772 2905
3044 1489 6401
3045 3363 5614
3046 1558 1086
3047 1650 5261
3048 6526 2394
3049 1650 5091
3050 4021 2228
3051 5796 1702
3052 1827 1035
3053 2734 5914
3054 6985 484
3055 2037 1035
3056 401 1559
3057 2821 2273
3058 2020 56
3059 417 4875
3060 3902 481
3061 1579 1086
3062 5559 3089
3063 2861 921
3064 1262 4434
3065 5428 3361
3066 4664 1232
3067 2226 6862
3068 2226 6939
3069 3034 7042
3070 2909 2273
3071 2375 2355
3072 1521 3221
3073 4162 7180
3074 1499 894
3075 5424 1876
3076 1135 7086
3077 6874 2585
3078 1574 -141
3079 5433 7135
3080 6140 1053
3081 5916 3690
3082 5202 5275
3083 1727 624
3084 6479 6826
3085 1722 5340
3086 1135 6752
3087 3355 3249
3088 818 6556
3089 3406 2062
3090 788 6053
3091 5411 1112
3092 4844 430
3093 3195 2062
3094 4776 7180
3095 30 2857
3096 4951 6870
3097 4937 6870
3098 4844 683
3099 4901 6870
3100 2038 2332
3101 4838 5678
3102 835 3416
3103 4402 4630
3104 5559 3231
3105 5822 1876
3106 4658 2405
3107 5876 1876
3108 2273 2478
3109 4537 2188
3110 467 3673
3111 2956 5956
3112 2774 4925
3113 4626 2152
3114 367 3214
3115 2942 5956
3116 3355 3254
3117 4923 6870
3118 1738 1035
3119 191 3143
3120 1225 3156
3121 5957 1867
3122 1596 624
3123 4191 615
3124 5676 3367
3125 2640 7042
3126 64 5895
3127 6479 6118
3128 1459 1049
3129 4630 966
3130 69 1559
3131 1170 5569
3132 2009 2967
3133 2110 6389
3134 1459 1158
3135 6155 1833
3136 1354 6520
3137 3302 4497
3138 6627 2394
3139 4389 189
3140 85 2766
3141 780 6004
3142 4270 1066
3143 5734 6507
3144 3493 56
3145 1605 5113
3146 1171 911
3147 3302 4782
3148 1090 6791
3149 4727 479
3150 6791 2394
3151 5878 3766
3152 5064 84
3153 1489 6037
3154 4559 4683
3155 3864 56
3156 6184 4262
3157 5796 1867
3158 2273 2488
3159 1489 5670
3160 2932 7042
3161 3166 4118
3162 2038 2568
3163 -20 5739
3164 3864 651
3165 6702 3810
3166 2537 4256
3167 3172 6889
3168 1125 42
3169 4245 4384
3170 2226 6649
3171 3469 56
3172 4091 7046
3173 191 3290
3174 1430 -141
3175 406 3143
3176 40 135
3177 6361 4034
3178 1459 1172
3179 6475 1094
2 511 1377 
2 2737 389 
2 1351 1451 
2 1180 3116 
2 661 3090 
2 2826 571 
2 215 876 
2 651 1256 
2 2803 3048 
2 1333 28 
3 627 1076 2790 
2 574 2682 
3 100 2769 1606 
2 1060 3146 
2 2221 1556 
2 79 916 
2 463 2978 
2 1914 1046 
2 2687 970 
2 2786 3083 
2 1723 123 
2 1639 2234 
2 649 1647 
3 721 1994 67 
2 1114 2239 
2 509 2119 
2 1863 474 
2 2318 1586 
2 9 2969 
2 1471 1833 
2 583 39 
2 1942 812 
2 755 3145 
2 875 473 
2 2323 522 
2 1959 2819 
3 198 2948 697 
2 1692 2237 
2 3034 2024 
3 30 780 1652 
3 1231 2173 1845 
2 1224 720 
2 2714 100 
3 1568 925 2871 
3 2798 208 2229 
3 756 2158 2084 
2 1598 981 
2 1429 580 
2 2557 866 
2 2812 2420 
2 903 2876 
2 2779 1020 
2 420 1708 
2 955 1588 
3 1477 1701 3136 
2 1402 346 
3 2185 1225 2356 
3 912 886 1405 
2 188 2064 
2 395 1980 
2 2466 792 
2 2423 518 
3 1667 2487 2806 
2 1957 532 
2 1226 284 
3 1985 2425 2875 
2 422 1388 
2 23 2829 
2 260 973 
2 1907 2650 
2 743 1297 
2 1792 688 
2 2759 616 
3 2416 619 410 
2 1680 1497 
2 2989 1098 
2 1000 1973 
2 2211 1403 
2 2837 1178 
3 2843 1619 15 
2 2615 817 
2 152 1532 
2 2282 2937 
2 203 2321 
2 1236 1574 
2 1928 3062 
2 1758 168 
2 2116 1670 
2 716 1285 
2 591 2614 
2 1512 1231 
2 2851 2442 
2 1717 3088 
2 1064 2396 
3 1292 3014 2769 
4 2916 2928 950 2690 
3 2377 489 1345 
2 1701 218 
2 3143 719 
2 3171 513 
2 42 12 
2 900 2625 
3 2587 333 715 
3 1917 1816 2312 
2 545 1075 
2 1594 779 
3 3094 1498 859 
2 1567 806 
2 2166 1834 
2 2585 2596 
2 165 731 
2 369 1008 
2 3124 2202 
2 2001 805 
3 1911 176 485 
2 2973 1949 
2 659 1027 
2 2234 2266 
2 835 1925 
2 1992 1290 
2 1535 619 
2 1395 1041 
4 2873 411 583 556 
2 20 1226 
5 590 1540 167 289 1291 
2 984 2955 
3 1302 314 1627 
2 1283 2839 
2 1522 1910 
2 2096 1856 
2 1131 748 
2 2836 1311 
4 2158 186 178 656 
3 1116 364 946 
2 893 2381 
4 525 394 242 175 
2 2460 2488 
2 1445 2344 
2 676 1153 
2 2308 1121 
3 2266 720 882 
2 2893 626 
2 1585 628 
2 2100 1383 
2 2937 2632 
2 798 2364 
2 1802 286 
2 2815 1108 
3 1440 2949 2162 
2 2704 2445 
2 2663 637 
2 2715 2994 
3 1339 1974 81 
2 2635 1323 
2 2406 1584 
2 2492 1035 
4 271 1729 243 345 
3 2622 2954 223 
2 1815 1353 
2 2257 1054 
3 1994 2124 3129 
3 2188 974 2911 
2 2988 1073 
2 1536 2095 
3 1488 3035 2832 
3 3122 1362 110 
3 1731 2925 2837 
4 2303 2265 479 124 
2 86 1599 
2 2348 2502 
2 2871 1593 
3 1741 332 205 
3 2002 1435 879 
2 1562 1106 
2 368 1537 
4 2455 135 2483 644 
2 114 2941 
2 1171 2770 
3 457 570 132 
2 1606 357 
3 263 2229 3046 
2 1716 3016 
2 1541 1577 
2 2313 2403 
2 1206 1609 
2 1588 1633 
2 2838 132 
2 1498 1740 
2 1339 58 
2 1444 2958 
3 2510 1475 288 
2 1200 2574 
2 1929 716 
2 1661 2271 
2 2520 1957 
3 468 2066 804 
2 3163 1654 
2 437 1807 
3 895 2044 36 
2 1450 2743 
2 858 2843 
2 2238 590 
2 259 1503 
2 1954 83 
2 1592 2392 
2 171 954 
2 1993 2205 
2 604 2454 
2 44 2914 
2 1137 2034 
3 365 2601 897 
2 2196 1757 
3 559 2263 2841 
4 1133 261 642 2593 
2 2326 797 
2 1380 6 
2 459 2518 
2 355 2479 
2 97 593 
2 2315 313 
2 3035 662 
2 1458 1412 
2 497 579 
4 157 2070 2179 465 
2 826 2523 
3 726 2057 1152 
2 877 2140 
2 2943 2848 
2 1236 247 
2 658 2522 
2 494 857 
3 3051 2745 2979 
2 2938 541 
2 712 630 
2 3139 672 
2 2933 1694 
2 2073 1572 
3 552 3010 2979 
2 346 2821 
2 1799 268 
2 2963 2193 
3 371 1724 2160 
3 135 849 2104 
4 1010 156 280 2347 
3 1125 1054 2553 
2 2081 1415 
2 1773 2570 
2 228 1662 
3 2774 871 2901 
3 1432 383 2671 
3 1108 1248 3151 
2 1252 2724 
2 1258 758 
2 976 2302 
2 2612 2411 
3 854 2956 357 
4 685 1534 1399 2072 
3 2160 1055 1064 
2 2297 1244 
2 2926 202 
2 1738 68 
2 213 2453 
2 2337 2055 
2 365 180 
2 2004 2706 
3 2821 2804 2486 
2 870 2851 
2 2074 3125 
2 239 592 
2 1128 2262 
3 306 436 3177 
2 3126 156 
2 1204 1247 
3 1850 843 435 
3 2623 975 706 
2 2235 2997 
2 1489 2635 
2 1627 855 
2 1195 2645 
2 3069 3160 
2 243 909 
2 1664 2860 
3 2420 669 3037 
2 2080 2387 
2 64 944 
2 2344 1668 
2 146 1128 
2 1042 1592 
3 657 190 893 
6 1573 1873 2710 1291 124 358 
3 389 517 1026 
2 2477 3095 
2 2975 2033 
2 2007 2879 
2 1113 1864 
2 2257 2513 
3 2553 2031 2624 
2 975 2151 
3 549 333 1182 
2 1099 1681 
3 1276 391 1695 
3 364 2965 2649 
2 872 931 
2 1580 349 
2 321 2320 
2 2811 1386 
3 2770 432 270 
2 3024 1195 
2 1152 776 
2 851 2708 
2 1941 2212 
2 782 2248 
2 339 702 
2 219 1251 
2 2175 126 
2 2556 1568 
3 2631 1058 2640 
3 2888 2291 2817 
2 2401 399 
2 1666 1607 
2 731 2734 
2 1538 304 
2 1565 2145 
2 663 2375 
2 1480 1259 
2 2854 2309 
3 2397 489 657 
2 458 2934 
2 2589 3098 
2 668 1350 
2 3044 2388 
3 794 493 1118 
3 171 935 1707 
4 3088 298 102 858 
2 2723 575 
2 3041 2796 
2 2117 2285 
2 1134 338 
2 337 1634 
2 2421 312 
2 1631 2881 
2 987 1414 
3 1129 353 3106 
2 2703 2126 
2 2516 3061 
2 156 2431 
2 55 238 
2 2061 890 
2 845 2627 
3 1563 303 1081 
3 1654 2721 2417 
2 1232 2885 
2 3144 3171 
3 342 2260 2015 
2 2388 360 
2 1246 217 
2 2229 445 
3 255 179 821 
2 1318 289 
2 1183 1084 
2 354 3153 
3 2798 1937 2922 
2 2935 1138 
2 2985 2125 
2 133 301 
3 2408 263 210 
2 1652 1770 
2 1871 824 
2 3112 174 
3 2577 846 111 
3 430 2719 940 
2 807 241 
2 2986 2716 
2 3000 1725 
2 2463 991 
2 2670 1753 
2 2335 3129 
2 1379 2073 
2 859 1732 
3 1976 2504 1946 
2 2979 502 
2 1107 1439 
2 2942 1784 
3 249 2326 510 
2 1284 538 
2 3106 539 
2 1623 1825 
3 2439 1969 2430 
2 1830 2131 
2 1 290 
2 599 3137 
2 300 1357 
2 931 1289 
2 956 2338 
2 2709 135 
2 2193 59 
2 1188 1745 
2 1366 2463 
2 1622 3089 
2 318 1446 
3 633 1595 2994 
2 1202 1847 
2 1081 2738 
2 439 1833 
2 1361 2973 
2 1266 724 
2 2877 1849 
2 1422 2591 
2 1191 481 
2 1630 1638 
3 73 2531 2910 
2 122 2673 
2 2417 2481 
2 3178 3134 
3 2418 480 503 
2 455 2677 
2 1145 2115 
3 1828 2184 2346 
3 1983 1390 1110 
2 1607 1799 
2 730 52 
2 2490 2963 
2 1436 66 
2 3013 1042 
2 2102 768 
2 2930 3158 
2 1423 1767 
2 2903 1194 
2 2312 1502 
2 1243 837 
2 541 370 
3 2321 1027 1066 
2 2637 306 
2 1925 3123 
2 2599 670 
2 273 1397 
2 270 1493 
2 2509 197 
2 2802 2517 
3 1055 2384 403 
2 2110 732 
2 919 810 
2 800 2749 
2 646 2751 
2 1819 1356 
2 356 920 
2 3099 514 
2 2586 1367 
2 3150 2443 
2 2341 832 
2 1543 2906 
2 2547 1976 
2 636 1073 
3 3053 2218 1594 
2 1742 2423 
2 1019 415 
2 2371 2260 
2 1778 178 
2 750 327 
3 861 2839 216 
2 2479 1624 
3 2852 1094 1781 
2 1191 2520 
4 2314 1672 16 782 
2 1474 554 
4 1755 2622 223 2259 
3 2479 469 2785 
2 1496 2239 
3 2048 2632 195 
2 466 727 
3 1500 1519 2131 
3 1638 793 2172 
2 796 2841 
2 33 842 
2 26 2891 
2 710 2666 
2 715 1549 
2 1002 1276 
2 3096 3097 
3 2472 977 167 
3 414 1539 1750 
3 408 1314 2257 
3 2841 2407 1713 
2 2523 1382 
2 2352 2419 
2 114 2164 
2 2046 967 
2 1430 2318 
2 1625 1206 
4 1824 2454 96 326 
2 1767 2923 
3 2042 1308 2970 
2 2714 1880 
2 2800 331 
3 2539 2770 230 
2 2948 2319 
2 3149 1709 
2 2307 222 
3 1434 1768 2345 
2 2950 537 
2 913 2987 
2 3098 2009 
2 380 2883 
2 414 1886 
2 1582 2213 
3 3029 2255 3110 
2 2228 578 
2 1709 1380 
2 1211 3069 
2 1887 25 
3 383 2947 2099 
2 3011 0 
3 2357 1198 2062 
2 99 675 
3 446 1740 881 
2 930 1409 
2 1377 2464 
3 1552 1911 290 
2 61 1295 
2 2345 3047 
2 3058 2629 
2 1253 648 
2 34 2315 
3 2139 1808 2600 
2 2013 2352 
3 783 135 888 
2 540 1617 
2 1389 536 
2 1249 1398 
2 1435 2357 
2 2636 3068 
4 1642 3113 557 1208 
4 63 2101 831 1363 
2 1269 711 
2 3080 2824 
2 926 2752 
2 527 2085 
3 2746 499 877 
2 384 922 
2 385 2369 
3 864 526 2573 
2 232 430 
2 2432 1215 
2 1969 1887 
2 2220 1747 
3 1629 3056 104 
4 558 1403 694 1930 
2 2652 3052 
2 2392 977 
2 902 298 
2 3052 3118 
2 769 2712 
4 1769 1449 237 2839 
3 3153 2280 638 
2 464 913 
2 1637 3120 
2 122 990 
3 531 1069 2797 
3 595 1037 546 
2 760 212 
2 2578 1319 
2 2970 1783 
2 1814 1093 
2 1494 2209 
3 2123 897 1481 
2 2154 2079 
2 1096 991 
2 2534 3043 
2 945 1559 
2 1640 1863 
2 178 1282 
2 5 2550 
2 702 2091 
2 631 2814 
2 2022 11 
2 334 871 
2 1577 2778 
2 2412 1671 
3 506 2256 624 
2 222 2227 
2 47 2361 
2 1927 2324 
2 3151 2325 
3 122 30 3091 
2 948 1879 
2 2049 2075 
2 2994 2477 
2 2801 1450 
3 3154 2512 1245 
2 2661 1470 
2 201 124 
2 1798 89 
2 268 2070 
3 218 2093 1826 
2 1683 1970 
2 1821 558 
2 2691 1950 
2 1047 1122 
3 2597 2288 2372 
2 2493 390 
2 2805 2109 
3 3167 2429 2528 
2 1865 2693 
2 1240 3124 
3 1303 1566 207 
2 2050 1036 
2 2846 2895 
2 2301 2000 
2 1816 929 
3 2149 1221 1676 
2 2006 1432 
2 2450 2404 
2 1049 2482 
2 2537 1070 
2 1181 1134 
2 2408 2348 
3 72 2772 1274 
2 1300 1107 
2 1201 1185 
2 120 73 
2 3019 2414 
2 2870 2988 
2 1933 2008 
2 1472 3084 
2 578 1318 
2 2590 2822 
2 141 1805 
3 2332 1045 10 
2 142 2281 
2 3004 2532 
2 233 2013 
2 1094 573 
2 1525 1083 
2 3119 400 
3 2237 2538 2426 
2 2869 1921 
2 3049 452 
3 1891 150 1509 
2 553 1279 
3 2925 1551 2902 
2 3063 924 
3 2424 2575 2976 
3 213 1193 2710 
3 1274 709 1492 
2 175 1418 
3 2142 2507 685 
3 2566 2530 443 
3 2869 3127 1429 
2 521 1582 
2 910 22 
2 2657 1731 
2 1491 7 
2 1398 846 
2 2281 1338 
2 1520 1437 
2 1772 1913 
4 132 1866 982 953 
4 326 2377 288 2295 
2 1149 229 
2 1499 116 
3 802 2518 932 
2 957 4 
3 220 2532 3034 
3 1370 323 1906 
2 2868 1249 
2 1560 2296 
2 2872 2713 
3 2984 1803 1095 
2 1021 329 
2 282 2189 
2 434 1639 
2 816 789 
2 234 2578 
2 1787 2378 
2 1169 2471 
2 513 1663 
2 2722 138 
2 959 1183 
2 2651 2636 
2 2701 2449 
2 1267 1067 
2 2129 2147 
2 2094 1160 
3 1537 2936 2918 
2 2429 1392 
3 645 2830 256 
3 3017 838 2729 
2 2876 2216 
3 71 1982 3008 
2 2972 1181 
2 1620 2849 
3 1238 2768 2398 
2 2009 1277 
2 1193 3168 
2 546 1237 
3 2067 2521 1493 
2 2934 3025 
3 1618 36 2328 
2 2360 3086 
2 1371 2815 
2 2018 1127 
2 2527 2497 
3 312 1562 572 
4 1561 2492 1236 3093 
2 2688 2971 
2 1234 2927 
3 274 2416 964 
2 2738 1394 
2 764 836 
2 643 710 
2 709 475 
3 2364 533 1491 
3 1662 3063 233 
2 1513 1483 
3 3008 2656 2878 
2 102 476 
2 192 88 
2 1679 957 
3 2905 2896 1543 
3 98 2138 2478 
2 41 140 
2 1749 23 
2 910 1583 
2 2863 2038 
2 405 1270 
2 2031 1127 
3 1599 3169 225 
2 469 2892 
2 1083 2762 
3 1978 1615 1908 
2 1782 420 
2 110 320 
2 440 1918 
2 1214 3174 
2 2293 2088 
2 2914 1809 
2 2654 2653 
2 982 2689 
2 2025 1369 
2 770 2873 
3 838 2480 2505 
2 2693 1393 
2 2430 2612 
2 1853 70 
2 1896 1296 
3 1705 959 3017 
2 1109 2581 
2 1372 2979 
2 130 2959 
2 953 2560 
3 1178 458 2413 
2 2526 2150 
2 1056 1299 
2 2182 2419 
3 1520 3151 1241 
2 2519 32 
3 1411 45 1482 
2 2680 3161 
2 252 2926 
2 1781 3170 
2 1348 559 
2 2865 2242 
2 2066 3004 
2 1163 1157 
2 1876 708 
2 2461 1625 
2 2875 2437 
2 3021 1158 
2 424 1894 
2 3141 551 
2 1691 739 
2 2541 2943 
2 2164 2842 
4 2830 1360 1561 2581 
2 3081 2325 
2 2503 2534 
3 308 2414 2875 
2 2828 1170 
2 917 2775 
3 105 1392 2330 
3 1089 1026 39 
2 1409 1571 
3 463 2068 311 
3 1904 525 1180 
2 3023 2810 
3 852 2560 1789 
2 2212 1918 
2 3086 2859 
2 3055 1366 
2 671 2825 
2 1256 1794 
2 2226 2451 
3 60 1463 3075 
3 471 2606 2793 
2 2151 331 
2 2169 2103 
2 2280 472 
3 214 1583 1919 
2 2483 145 
2 2092 1348 
2 2582 442 
2 2785 2173 
2 2889 660 
2 2795 3005 
2 195 2853 
3 113 1175 2016 
2 107 3169 
3 2208 371 1675 
2 2509 1737 
2 1801 1916 
2 441 2572 
2 1658 2761 
2 31 3165 
2 1507 2739 
2 1119 1861 
3 2346 2701 1637 
2 2083 671 
4 80 2761 1314 1191 
2 2756 1994 
2 1587 1381 
2 2844 1396 
3 357 1755 2408 
2 1400 1975 
2 2610 1689 
2 367 1081 
2 1464 1017 
3 1835 2781 224 
2 1800 2889 
2 2200 1250 
2 2818 2141 
2 2181 3167 
3 532 1678 2507 
2 449 1560 
2 1205 1147 
2 2183 1254 
2 1159 118 
2 708 2908 
2 429 1164 
3 686 1587 740 
2 2283 2468 
2 1052 2792 
2 2186 2916 
2 473 1739 
3 2170 1077 273 
2 2343 3075 
2 2146 348 
3 1184 652 369 
2 3009 3036 
2 1650 2630 
3 242 2307 1269 
2 2572 1752 
2 1501 309 
4 1482 2968 785 3101 
2 1077 1600 
2 2113 255 
2 277 1735 
2 2413 2363 
2 230 1484 
2 333 200 
4 106 1945 378 1590 
2 1040 2118 
2 1268 459 
2 1207 1717 
2 1846 3078 
3 1791 1326 540 
2 2964 1531 
3 2130 48 2875 
2 2702 1489 
2 2191 1602 
2 901 1640 
3 2137 2817 266 
3 575 2367 248 
2 1518 302 
2 1574 2782 
2 1924 1212 
2 1415 33 
2 6 1978 
3 537 1210 226 
2 2529 1704 
2 172 2556 
3 2271 1335 2167 
2 514 1019 
2 140 2135 
2 1135 1417 
2 3070 3057 
3 1531 1556 2639 
3 2766 1320 57 
2 2848 3059 
2 525 2045 
2 1944 2446 
3 347 3043 1853 
2 1437 3151 
2 2207 2450 
2 288 134 
2 1644 2208 
2 2804 198 
2 1136 1665 
3 3118 210 564 
2 2285 2170 
2 1558 2907 
2 2017 101 
2 952 869 
2 1837 549 
2 1836 50 
2 1032 2266 
2 1369 1782 
3 1492 1220 1444 
2 1387 1275 
3 2676 1897 2107 
2 280 2162 
3 1359 649 722 
2 2038 1686 
2 1150 57 
3 554 500 1991 
2 2109 2621 
2 1845 942 
2 15 3141 
2 1009 778 
2 2381 1878 
2 3147 441 
2 445 1798 
2 2465 983 
2 538 1387 
2 3093 1711 
2 640 3022 
3 43 2098 2893 
2 1173 535 
2 2435 1891 
3 2991 3041 1854 
2 608 1423 
2 1460 515 
3 302 392 2720 
2 660 1779 
2 2159 2322 
2 1788 1368 
2 332 2157 
2 3165 2717 
2 1721 1085 
2 2628 1391 
2 1004 1302 
2 370 2667 
2 2513 1746 
2 915 952 
2 1355 1479 
2 284 1053 
2 2549 568 
2 133 1544 
2 2515 1044 
2 1493 584 
2 2797 1827 
3 95 1301 1942 
2 2488 3044 
2 942 901 
3 656 1116 749 
2 205 2555 
2 2531 53 
2 2762 393 
2 717 661 
2 2959 3058 
2 745 677 
2 1115 1953 
2 2299 1030 
2 1024 2198 
2 1247 2989 
2 706 1666 
2 2835 2039 
2 1608 1659 
2 486 2354 
2 2640 1788 
2 2840 2496 
3 18 2525 1992 
2 2231 3010 
2 1855 2196 
2 68 2512 
2 2912 161 
4 2584 297 2235 274 
2 1210 253 
2 548 479 
2 2374 1898 
3 2946 1925 2434 
2 2320 1253 
2 46 2787 
2 656 737 
2 921 1325 
2 2428 125 
2 1974 1843 
2 1656 3164 
2 1504 341 
2 2771 2904 
2 1381 2072 
2 556 1555 
3 566 374 2786 
2 2705 2580 
2 1940 2351 
2 2420 1550 
2 1590 1115 
2 2732 2427 
2 1811 2180 
3 1346 3076 2636 
2 1405 1914 
2 1916 76 
2 2349 1453 
2 1611 477 
2 2864 1347 
2 2250 939 
2 2843 1679 
2 3140 1389 
2 1934 2844 
2 111 2823 
2 2667 917 
2 1059 243 
2 1953 2422 
2 1880 2956 
2 1490 2035 
2 1121 2564 
2 2799 2687 
2 2375 2776 
2 825 1167 
2 2082 1038 
2 881 455 
3 2731 51 3101 
2 1368 668 
2 2718 1795 
2 1612 2865 
2 1555 962 
2 2925 1526 
4 290 2842 1304 780 
2 116 431 
2 2939 1477 
2 1058 1460 
2 961 1032 
2 3172 1926 
2 1030 904 
2 2354 1351 
2 2416 1901 
2 155 2683 
2 605 1321 
2 1958 558 
2 1018 1613 
2 1860 1938 
3 1883 2746 860 
2 121 2665 
2 423 287 
3 2440 3085 2816 
2 947 1909 
2 627 2808 
2 17 2769 
2 2048 597 
2 1670 3028 
2 1651 612 
2 2090 1464 
2 1340 2376 
2 2996 840 
2 944 2127 
2 159 244 
3 257 1601 439 
2 2376 752 
2 2494 2604 
2 316 1029 
2 2721 1010 
3 1982 1851 13 
2 1947 1718 
2 2214 3126 
2 1349 1171 
2 257 93 
2 1906 3103 
3 2861 431 2592 
2 680 2081 
3 2126 2130 1542 
3 557 2222 2133 
2 613 2218 
2 1316 2337 
2 2058 2655 
4 452 2411 162 2799 
3 2131 1881 1119 
2 104 2490 
2 10 2042 
3 1973 853 843 
2 3020 2110 
2 2398 1440 
2 3042 2159 
3 349 824 402 
3 2319 1222 2247 
2 632 728 
2 359 2142 
2 937 2231 
2 1901 2950 
2 1603 2474 
2 2522 2542 
2 2673 780 
3 1779 2979 1402 
2 1313 2643 
2 1604 2397 
2 562 1672 
3 461 1723 631 
2 667 1736 
3 1984 566 1356 
2 2290 1490 
2 75 2190 
2 2248 299 
3 1793 3110 1889 
2 2287 2221 
2 2177 1967 
2 1433 2023 
2 2135 1855 
2 2367 1166 
2 173 1836 
2 617 381 
2 147 250 
2 2882 746 
3 418 2624 2830 
2 1331 2499 
2 2957 1658 
3 1807 1764 294 
2 2402 24 
2 995 960 
3 953 1529 133 
2 2003 1400 
3 331 1461 1870 
4 2847 1074 2444 814 
2 1710 1697 
2 139 1014 
2 597 1373 
3 2929 1687 3131 
2 1817 2930 
2 1649 244 
2 2782 1569 
3 725 700 1453 
2 286 269 
3 1260 2608 342 
2 1301 1692 
2 1986 130 
2 2086 2595 
3 2554 1184 213 
3 614 337 2569 
2 2987 883 
2 1571 896 
3 2373 3089 209 
2 362 2154 
2 3028 1436 
2 1743 1579 
2 3071 1791 
2 2393 3020 
3 2860 1797 2316 
2 2883 1776 
2 2719 416 
2 2029 3130 
2 833 2148 
2 2316 2929 
2 1548 658 
3 1685 2573 912 
2 2015 1927 
3 225 308 2436 
2 138 1395 
3 2484 2913 1979 
2 2253 1156 
2 1155 1508 
2 763 1966 
2 767 2029 
3 1849 1333 835 
2 682 2833 
2 3115 1714 
2 2984 3149 
3 2775 763 1414 
2 837 2874 
2 1506 2026 
2 1105 3114 
3 1017 2419 2153 
2 2209 3178 
2 1221 674 
2 777 1278 
2 1063 177 
2 2380 2788 
3 2590 926 1760 
2 2333 1421 
2 1356 805 
2 1290 2282 
2 1332 2087 
2 78 750 
2 2368 1769 
2 783 3 
2 689 614 
2 298 3018 
2 677 359 
2 1133 846 
2 618 2957 
2 1439 3029 
3 2020 3050 2500 
2 1242 396 
2 2646 1329 
2 2899 1623 
4 817 408 462 1341 
2 3047 2439 
2 642 693 
2 427 1578 
3 307 3104 278 
2 2105 1968 
4 2869 2690 1258 2289 
2 512 2731 
2 1325 1410 
2 1379 191 
2 1904 618 
2 3022 401 
3 1570 2059 2607 
2 2045 272 
2 2788 833 
2 488 184 
2 1826 862 
3 531 1467 1994 
2 1760 2152 
2 877 976 
2 2664 508 
2 874 3159 
3 2561 2435 2288 
2 3078 733 
2 542 1559 
2 1677 1884 
3 1306 1245 2617 
2 3087 2134 
2 2097 2323 
2 906 1801 
2 609 1169 
2 1082 2611 
2 1921 1242 
2 2277 41 
2 2853 56 
2 123 64 
2 1704 1349 
2 1695 1656 
3 2560 1544 1505 
2 2306 1852 
2 90 40 
2 2433 351 
2 1899 2094 
3 1844 705 1406 
2 3100 1320 
3 703 84 228 
3 694 2573 2433 
3 1468 691 2864 
2 3079 1246 
2 2947 603 
3 754 3081 1386 
2 1223 1188 
2 1503 429 
2 258 1434 
2 588 1217 
2 1239 355 
2 272 963 
2 250 2326 
2 664 528 
2 828 3054 
3 2904 313 1929 
2 2496 251 
2 980 521 
2 834 1298 
2 1966 1667 
2 7 790 
2 2179 2174 
2 1197 252 
2 324 1601 
3 2727 1129 2732 
2 1277 3092 
2 1517 2697 
2 2748 3154 
2 2153 2909 
2 3132 2964 
2 2655 405 
2 3136 680 
2 1848 861 
2 849 533 
3 724 1981 2546 
2 2033 2003 
2 1324 1471 
2 2834 1710 
4 1797 2379 616 643 
2 907 1683 
2 477 300 
2 692 1261 
3 1170 2966 1335 
2 638 1713 
2 2242 2467 
2 1753 2012 
2 570 2722 
2 2662 127 
2 2874 384 
2 88 2001 
2 1383 2833 
2 2713 3147 
2 1912 1339 
2 392 3073 
2 119 1176 
3 2442 124 289 
2 1708 94 
2 2698 2238 
2 1795 1567 
2 518 3135 
3 744 3023 2256 
2 70 2562 
2 1254 1790 
2 752 2245 
2 2574 617 
2 950 1130 
2 939 126 
3 1919 1404 604 
2 1026 2484 
2 2735 1775 
2 2982 1217 
2 2039 3109 
3 1550 2777 491 
2 1363 2884 
2 2049 1340 
2 131 2579 
2 2373 2222 
2 2127 1091 
2 817 481 
2 1684 2539 
2 2932 1071 
2 1857 2197 
2 624 358 
2 560 1408 
2 1235 886 
3 2743 1036 3093 
2 3173 2644 
2 153 1848 
2 2396 1272 
2 983 1199 
2 2334 864 
2 2780 2246 
2 2981 2675 
2 1189 2698 
3 2859 2093 1477 
2 2391 1111 
2 1414 1177 
3 2961 9 1159 
2 2264 1494 
3 1278 2585 880 
3 3049 2421 1877 
2 1720 2391 
2 653 2847 
3 1288 152 188 
2 1310 1051 
3 2103 1191 2168 
2 1459 2169 
2 1935 2210 
2 1476 1527 
3 96 1536 1698 
2 2720 998 
2 1003 2498 
2 799 760 
4 1227 1996 2599 1063 
2 329 1406 
2 1033 2 
3 2121 2449 2774 
4 3001 158 2998 2715 
2 1905 2813 
2 1682 943 
3 444 1096 1175 
2 391 1662 
3 1478 1518 1596 
3 2815 2672 910 
3 773 2349 2951 
2 2012 404 
3 3007 3074 165 
3 2736 532 1309 
2 2298 1778 
2 2786 2215 
2 788 397 
2 447 1513 
4 934 2944 1021 2227 
3 738 2691 905 
3 2748 663 1693 
2 1854 699 
2 2351 747 
2 1122 3064 
2 1948 3138 
2 2063 1603 
2 1989 1774 
2 0 516 
2 3038 2759 
3 2024 1200 377 
3 2125 507 215 
2 819 989 
2 483 3157 
2 143 1286 
2 2998 1813 
2 1838 2628 
4 2115 305 1241 2006 
2 922 907 
2 66 2757 
2 1006 527 
2 418 2223 
2 938 1724 
3 2528 684 779 
2 741 2027 
2 707 1749 
2 1153 121 
2 820 1511 
2 435 2306 
2 528 652 
2 256 2983 
2 1117 822 
2 1777 3008 
3 1090 55 2890 
2 77 546 
2 1890 1303 
2 57 999 
3 1350 1234 1754 
2 2978 1742 
3 1319 2706 2547 
2 515 781 
2 1199 3026 
2 1892 756 
2 221 2077 
3 2272 1526 2631 
3 341 1163 1332 
2 245 875 
2 1624 2220 
2 883 2350 
2 644 2383 
2 2269 1930 
2 2880 2014 
2 1174 3038 
2 2751 407 
2 929 426 
2 2606 2251 
2 2387 2041 
2 2136 2176 
2 3073 2501 
2 2174 2746 
2 647 47 
2 1615 487 
2 1438 2303 
2 610 249 
2 2016 1103 
3 1244 3131 498 
3 172 3143 529 
2 1139 422 
2 654 891 
2 3176 1431 
2 381 1186 
2 1079 148 
3 3174 1597 1573 
2 2338 2538 
2 1981 1618 
2 906 189 
2 3156 137 
2 399 2670 
2 2896 2465 
2 1556 1673 
2 2806 552 
2 587 199 
2 2 2718 
3 1696 2867 1559 
3 1001 1127 1763 
2 2300 2010 
3 1673 2441 1782 
2 2370 1903 
2 2793 2432 
2 2873 221 
3 2992 2615 1342 
2 1029 930 
2 1118 2171 
2 1955 2360 
3 792 1878 1911 
2 1050 825 
2 2739 1598 
2 3157 2438 
2 1208 2648 
2 3130 1238 
2 2336 2730 
2 589 1674 
3 1272 29 2633 
2 1590 623 
2 1750 2011 
2 1930 464 
2 190 1688 
2 2511 1344 
4 1028 1330 54 2460 
2 2275 1358 
2 943 1528 
2 1877 324 
2 564 3122 
4 2920 2820 756 852 
2 713 2366 
2 857 1525 
2 2902 1720 
2 2924 1943 
2 2540 1815 
2 2499 164 
2 867 276 
2 1097 1013 
2 711 651 
3 643 906 1514 
3 436 695 948 
2 1334 563 
2 3090 1797 
2 2034 467 
3 74 2551 2375 
3 106 187 2479 
2 2543 659 
2 2886 470 
2 1961 851 
2 428 2358 
2 202 1243 
2 2542 987 
2 1229 3045 
2 2827 1165 
2 1564 813 
2 1156 1819 
2 637 2489 
2 2270 2004 
2 1396 2900 
3 2787 2711 90 
2 1367 713 
2 1492 1907 
2 2921 1939 
2 3179 2051 
2 2478 1262 
2 1358 872 
2 2832 470 
3 1764 654 754 
2 2289 2818 
2 1730 128 
4 1806 2107 1908 3012 
2 1752 1553 
2 1484 632 
2 1025 1413 
2 1344 2181 
2 1479 2276 
2 1116 1935 
2 2162 3013 
2 865 885 
2 81 2253 
3 1812 2828 2610 
3 256 2882 1728 
2 2469 120 
2 1345 163 
3 3026 174 683 
2 2757 321 
2 480 1956 
2 2699 124 
2 2634 182 
2 1068 1987 
3 718 3166 450 
3 1229 946 2917 
2 2823 1660 
2 2624 2515 
2 1827 2335 
2 3077 1149 
2 476 1729 
3 3159 994 1308 
3 2185 2862 639 
3 1703 2616 517 
2 1524 2493 
2 2163 1726 
2 990 1024 
3 14 1448 885 
2 2101 1649 
2 2532 899 
4 568 1452 1215 2805 
2 832 665 
2 773 703 
3 2799 173 702 
2 2792 349 
2 1659 1507 
2 2906 322 
2 604 2980 
2 1294 107 
2 315 43 
2 1126 2409 
2 2617 1203 
2 781 1136 
2 236 3102 
3 1441 2023 289 
2 84 873 
2 1702 1677 
4 3164 2485 2005 2742 
2 182 576 
4 1194 2971 1668 2685 
2 1140 1862 
2 3091 303 
2 2161 2659 
2 648 504 
3 722 1890 797 
2 154 1800 
2 1754 142 
2 27 2362 
2 838 819 
2 53 185 
3 1727 1823 2343 
4 859 995 1472 2869 
2 2409 1923 
2 287 204 
2 170 1628 
2 453 105 
3 3114 2415 400 
3 1358 2236 3172 
3 1663 1820 1441 
2 1465 46 
2 168 726 
2 853 2686 
2 1259 1055 
2 868 2178 
2 1375 1087 
3 3104 1092 1928 
2 2288 2149 
3 12 1755 179 
2 319 419 
3 1732 966 2002 
2 184 2535 
2 2828 2277 
2 1711 1002 
2 2922 1023 
2 1038 2651 
2 2068 2340 
2 729 1430 
3 2887 2845 2846 
2 526 1831 
2 1443 697 
2 79 2243 
2 1794 690 
2 2132 2559 
2 2500 398 
2 1190 386 
2 460 1416 
2 765 488 
2 3082 2112 
3 126 277 2791 
2 1593 2336 
2 2878 545 
2 2552 409 
2 3062 340 
2 2951 2191 
2 185 1995 
2 338 2111 
2 2032 2106 
3 3113 3109 2576 
3 1938 815 555 
3 2112 409 471 
2 670 21 
2 869 569 
2 2390 2219 
2 2089 531 
2 3015 2704 
2 3002 894 
2 2562 1936 
2 2434 2188 
2 22 2549 
2 2462 2740 
2 1557 1125 
2 1686 848 
2 3031 1049 
2 39 366 
2 1809 2264 
2 196 350 
3 2941 2732 2913 
2 1228 986 
2 2309 2380 
2 1112 811 
2 966 1564 
2 1545 2888 
2 1757 193 
3 1357 247 712 
3 675 2331 1597 
2 2189 281 
2 896 2944 
2 964 319 
3 1255 2026 62 
2 285 1578 
2 2881 1823 
2 87 1048 
2 577 2050 
2 1093 463 
2 1448 1455 
2 1470 2954 
3 807 2160 3112 
3 2595 609 2905 
2 1575 1216 
2 831 1983 
2 1005 717 
2 3045 74 
2 299 2389 
2 3084 1355 
2 1275 594 
2 2197 1315 
2 2885 1150 
2 911 1650 
2 1123 2382 
2 1475 3006 
2 823 2299 
2 2104 2935 
2 2897 770 
2 1130 37 
2 1370 1738 
2 235 2626 
3 2969 300 1228 
2 2672 1452 
2 1120 3127 
2 1345 2510 
2 2776 2703 
2 3056 2993 
2 54 97 
3 3120 2121 1575 
2 2588 1552 
2 878 1227 
2 2260 745 
2 1789 3101 
2 332 2877 
3 2681 52 1292 
2 496 507 
2 1273 1120 
2 923 1611 
2 2660 2537 
3 1279 482 3159 
2 1161 2663 
3 3168 2823 2258 
2 3094 181 
2 862 92 
2 1061 2353 
2 3110 1944 
3 1485 1337 2836 
2 3121 937 
3 2918 2633 2185 
2 1094 20 
2 1391 241 
2 373 2719 
2 1554 2225 
2 1967 1589 
2 1534 2801 
4 1549 2501 156 1766 
2 2458 1522 
2 650 166 
2 378 1608 
2 3175 3042 
3 1791 2232 1958 
3 855 3059 2592 
2 1095 1902 
2 808 3156 
2 1693 260 
2 842 1868 
3 187 2030 514 
2 2204 171 
2 1407 454 
2 1813 1140 
2 2072 3050 
2 396 2194 
2 941 2654 
2 544 2711 
2 2604 1844 
2 1394 721 
2 480 1473 
2 2114 2470 
2 850 1524 
2 375 1281 
2 1406 1585 
3 1606 465 821 
2 2476 2043 
2 211 1661 
2 2059 86 
2 1970 3077 
3 2544 1173 1209 
2 2385 2777 
2 2669 2201 
3 1453 1903 2638 
2 1113 1520 
2 2692 3008 
2 1729 2254 
2 426 490 
2 498 1969 
2 1179 552 
2 366 1979 
2 2700 2834 
3 2809 2795 655 
2 1805 246 
2 1376 2594 
2 1305 2265 
2 1144 1893 
2 2707 1401 
2 1364 457 
2 932 1090 
2 2629 2305 
2 461 759 
3 1455 905 730 
2 561 1959 
2 382 2899 
4 2076 3132 2049 2849 
2 2330 3002 
2 2548 673 
2 968 934 
2 785 1706 
2 1298 1960 
3 1141 864 1734 
2 2642 71 
2 2452 1100 
2 790 1620 
2 1022 1294 
2 3032 2374 
3 1495 1274 1143 
2 920 591 
2 419 239 
2 1584 827 
3 1220 2417 809 
2 2036 146 
3 2536 2204 667 
2 2728 2089 
2 626 1773 
2 2228 1523 
3 197 2815 1113 
2 2383 523 
2 735 1653 
2 1893 2821 
2 2405 997 
2 1996 1533 
2 1384 1743 
2 2047 562 
2 1487 158 
2 103 608 
2 2849 1124 
3 2764 2597 2872 
2 1508 444 
2 2305 1597 
2 2148 595 
2 2857 2008 
3 2879 1669 1589 
3 3065 489 3104 
2 386 3071 
3 593 2055 1207 
2 949 1547 
2 2559 417 
2 2284 2390 
2 2927 388 
2 1617 2780 
2 2533 2523 
3 29 403 2876 
3 108 2661 3014 
3 2856 2286 826 
2 1106 903 
2 2501 902 
2 2816 1385 
2 2568 2461 
2 2592 1850 
2 2133 2293 
2 2671 2099 
2 985 2602 
2 1748 1234 
2 40 915 
2 1968 863 
2 401 2933 
2 1323 1268 
2 406 1159 
2 1840 273 
3 1937 1932 1060 
2 1230 2255 
2 890 743 
2 928 1371 
2 1104 972 
2 129 2122 
2 2021 1317 
2 2814 2332 
3 2571 2740 2992 
2 2456 1039 
2 814 2287 
2 1579 2949 
2 569 26 
2 294 2811 
2 2363 602 
2 2783 656 
2 2340 2339 
2 1739 2263 
2 2525 2128 
2 1118 3140 
2 1979 367 
2 2685 3000 
2 2767 289 
2 2268 2577 
2 2583 2500 
2 2358 764 
2 1336 1480 
2 918 1463 
2 584 2991 
2 492 1012 
2 1074 2524 
2 1965 1955 
2 2378 1040 
2 1216 2800 
2 2758 2558 
2 503 2831 
2 543 509 
2 2663 2459 
2 1100 2701 
2 1583 1404 
2 927 637 
2 1975 1411 
2 1776 1810 
2 768 2395 
2 2227 2076 
2 3012 744 
2 1922 908 
2 978 2428 
2 3127 1233 
2 2546 2424 
2 1034 1086 
3 1736 2475 2188 
2 1456 1763 
3 2740 783 1201 
2 2098 1354 
2 663 1065 
2 1514 69 
3 3152 729 1523 
2 1044 2349 
2 128 1951 
3 1463 114 517 
2 2990 1288 
2 655 3082 
3 999 17 2714 
3 2404 2618 2228 
2 809 1000 
3 2485 2273 103 
3 732 786 2965 
3 797 1303 2180 
2 3131 2525 
2 635 1223 
3 2890 2546 1897 
2 1591 2269 
2 2808 874 
3 118 433 979 
2 1031 2298 
2 1151 581 
3 1604 85 2192 
3 1251 192 2419 
3 1419 546 1474 
2 1960 2807 
2 2118 1851 
2 2725 622 
2 2120 1007 
2 1529 1343 
2 1645 2856 
2 361 1851 
2 1039 1637 
2 1515 2735 
2 2824 993 
2 2041 310 
2 950 31 
2 1486 2588 
2 1719 889 
2 859 3079 
2 379 2206 
2 2658 1061 
2 3150 1374 
2 115 2972 
2 596 2623 
2 1910 2163 
2 3105 2177 
2 960 1011 
2 2907 203 
2 1882 1462 
2 1539 2985 
2 194 63 
3 2353 1734 1037 
2 1783 35 
3 2095 1790 1931 
2 3060 1501 
2 2444 3072 
2 2386 2938 
2 2119 2495 
2 2915 1882 
2 1157 1255 
2 1102 1727 
2 1196 1846 
3 1768 543 387 
4 594 1759 3150 2567 
2 2864 2472 
2 2217 2809 
2 76 1077 
3 152 3055 985 
2 822 1892 
3 451 2708 379 
2 2027 2640 
2 876 729 
3 1770 1154 1871 
3 59 2699 2868 
2 1270 1443 
2 688 1060 
2 1678 418 
2 2602 1096 
2 2905 65 
2 2016 1131 
2 1542 3169 
2 2039 3017 
2 2910 1376 
2 2555 2475 
4 913 2990 2771 3063 
2 970 119 
2 2443 206 
5 818 2427 1208 160 23 
2 1633 2949 
3 2620 1812 1349 
2 2302 2768 
2 2917 2764 
2 2243 3011 
2 607 2297 
2 1285 113 
3 2825 1608 172 
2 1271 1117 
2 1510 264 
2 1576 3060 
3 1386 2744 610 
2 2192 293 
3 1822 622 2879 
3 501 2984 692 
2 1454 2838 
2 1473 3031 
3 1281 2564 1361 
2 630 524 
2 1420 2652 
2 353 1151 
3 805 1433 1986 
2 3089 900 
2 2497 700 
2 2791 2863 
2 2609 1187 
2 2928 1857 
2 2480 574 
3 1103 3003 1573 
3 38 2365 1379 
2 2584 738 
2 1165 1667 
2 1393 1977 
3 2724 3048 2047 
2 1158 1146 
2 1740 2300 
2 296 725 
2 2558 1635 
2 292 1271 
2 209 1496 
2 1013 3173 
3 2781 1802 2313 
2 2165 3009 
2 723 911 
3 965 1988 1307 
2 2178 2096 
2 1425 1941 
2 1076 491 
2 1756 3064 
3 2603 2996 198 
2 888 1204 
2 2261 486 
2 2028 1814 
3 2799 468 1047 
3 1785 1310 585 
2 1671 605 
2 1516 2702 
2 3153 2092 
2 2919 2765 
2 2483 2960 
2 262 1826 
2 2514 3163 
2 225 2414 
2 2486 1072 
3 2718 1758 1203 
2 2858 2861 
3 2487 347 3121 
2 512 2966 
2 3162 1375 
2 58 2097 
2 2594 2894 
2 195 762 
2 2967 695 
2 782 1614 
2 2547 2240 
2 592 223 
2 2365 2858 
3 989 256 1744 
2 377 236 
2 2598 267 
2 585 3162 
3 1895 2281 1785 
2 1412 2737 
2 2467 2642 
2 565 2364 
2 2752 283 
2 1067 245 
2 2605 1018 
2 2422 816 
2 45 3027 
3 536 2563 2531 
2 2372 1132 
2 1177 2803 
3 3129 734 2536 
2 1804 1642 
2 2206 1050 
2 572 2384 
2 2052 799 
2 1330 593 
2 1233 682 
3 163 2454 1960 
3 2040 2942 129 
2 2064 1219 
2 925 1905 
3 1842 510 2694 
2 2545 143 
2 532 1557 
3 2274 424 2165 
3 795 1341 2608 
2 242 1690 
2 2256 1196 
2 1635 2582 
3 908 2976 1523 
2 2690 2165 
2 600 914 
2 1078 440 
2 1634 2296 
2 1626 1638 
2 2350 854 
2 2952 1751 
2 416 1386 
2 2618 87 
2 2958 336 
2 860 1932 
2 25 1964 
2 2850 1934 
2 1702 1352 
2 1856 2658 
2 3083 564 
2 2155 160 
3 363 2695 1380 
2 343 1068 
2 1053 1313 
2 1869 2250 
2 2953 681 
3 1068 866 3019 
3 388 470 1074 
2 2524 1621 
2 1069 1841 
2 1218 2696 
2 882 1104 
2 2215 1426 
2 2203 870 
2 719 2787 
2 2653 523 
2 226 3056 
2 829 2200 
2 1084 645 
3 2716 2279 2998 
2 2611 2187 
3 3161 322 2401 
2 2505 845 
2 681 2307 
2 1147 1821 
2 1605 609 
2 751 3161 
2 297 794 
2 1209 2783 
2 1167 1264 
2 1138 565 
2 3066 2124 
3 2473 3039 2429 
3 935 2239 2961 
3 2684 132 45 
2 1080 933 
3 1675 241 257 
2 2599 1581 
4 148 2998 909 1530 
2 1951 1554 
2 485 772 
3 2108 2102 2037 
2 2691 108 
2 880 2967 
2 1341 2736 
2 1342 795 
2 898 843 
2 1461 2279 
2 471 2867 
3 801 3033 40 
2 1257 1428 
2 2382 314 
2 1426 3003 
2 1952 1102 
2 1602 2040 
3 223 2416 1257 
3 997 1919 3065 
2 1527 830 
2 2923 753 
2 2980 834 
2 3102 417 
3 1722 56 1551 
2 2194 841 
2 2144 2418 
3 1902 1646 161 
2 669 1664 
2 1098 2284 
2 1632 868 
3 2725 1928 2007 
2 240 395 
2 1745 2186 
2 2647 3175 
2 972 211 
2 1317 1684 
2 962 2603 
2 2286 3107 
2 2141 828 
3 2761 1762 2284 
2 112 2405 
2 2470 2137 
2 1803 1741 
2 206 2887 
2 1946 2090 
2 2249 892 
2 894 807 
2 563 1168 
2 1343 2508 
2 2232 77 
2 310 786 
2 504 2676 
2 2772 1062 
2 1365 2136 
2 687 2476 
2 2517 1972 
3 2394 1070 453 
2 1641 2455 
2 1416 544 
2 1101 14 
3 1312 3142 1069 
2 1390 2553 
2 2696 2669 
2 1726 2448 
2 2576 791 
3 579 1368 1895 
3 1915 1806 506 
4 2355 44 356 180 
2 2361 2506 
2 1085 971 
2 1734 2211 
2 2648 3066 
2 21 117 
2 975 275 
3 1596 2664 2359 
2 37 634 
2 1293 201 
3 24 467 2157 
2 2069 3023 
2 2639 3030 
2 761 1280 
2 1619 1999 
3 2324 2835 2728 
2 1299 2681 
2 1327 2766 
3 2328 1082 2575 
2 311 1099 
2 3054 2207 
2 2128 1004 
2 1424 3154 
2 2747 2473 
2 1532 1155 
2 1766 2333 
3 1852 2400 505 
3 1296 2105 578 
3 481 295 159 
2 1715 2773 
3 465 2548 2798 
3 456 1705 353 
2 2679 2046 
2 269 2616 
2 1868 212 
2 1653 1334 
2 1775 167 
3 117 904 140 
2 2763 2968 
2 2453 1874 
2 1923 1419 
2 2742 1510 
2 193 880 
2 3025 1413 
2 3164 1917 
2 2717 2102 
2 3016 1478 
2 1528 2700 
2 1610 1224 
2 2726 3167 
3 2171 3095 2143 
2 553 796 
3 628 653 2076 
2 1176 82 
3 2400 2999 839 
3 2201 2190 1829 
2 336 898 
2 1835 2199 
2 1861 1101 
3 1213 1605 598 
3 1197 2567 1521 
2 2794 1097 
2 317 2646 
2 2438 3051 
2 1841 734 
2 2891 2741 
2 657 2466 
3 2111 665 2363 
2 2000 258 
2 1926 1364 
2 1689 961 
2 2030 1454 
2 2790 607 
2 253 1997 
2 1431 167 
2 2727 2995 
2 1780 1820 
2 1397 1230 
3 2147 497 849 
3 2778 2918 139 
2 325 1657 
2 2579 2886 
2 2619 2386 
2 103 428 
3 3157 2036 183 
3 2845 2840 463 
2 522 219 
2 1143 1148 
2 3040 3015 
2 487 27 
2 495 1082 
2 304 980 
2 83 431 
2 933 2760 
2 1219 34 
2 581 2244 
3 774 582 2744 
3 1248 214 383 
2 2977 2620 
2 697 2247 
2 3043 2857 
3 779 2816 1786 
2 2909 1663 
3 3133 1858 627 
2 2254 1174 
2 3108 1326 
2 1547 376 
2 1628 1469 
2 1071 262 
2 393 1442 
2 1867 2750 
2 1614 1867 
3 2564 2613 449 
2 2892 3096 
2 1589 844 
2 137 285 
3 3085 498 519 
3 417 2452 815 
2 243 2540 
2 615 169 
3 1909 1001 1360 
2 1417 2113 
2 993 1372 
2 524 484 
2 1718 1958 
2 967 1033 
2 2502 2229 
3 2862 56 3035 
3 2813 529 512 
2 1502 1876 
2 2236 2726 
2 1462 698 
2 580 2230 
2 1586 3139 
3 2296 856 1865 
3 145 2079 711 
2 2024 2071 
2 1483 3144 
2 871 1105 
2 3135 1179 
2 539 2728 
2 2960 1456 
2 2884 456 
2 598 2086 
3 2627 1137 1312 
2 1796 978 
3 323 1497 1016 
2 1051 1056 
2 657 96 
2 673 1883 
2 2712 1274 
2 1657 1172 
2 134 918 
2 1687 2175 
2 1418 1808 
2 2091 439 
2 3037 1761 
2 2311 1963 
2 283 1425 
2 330 354 
2 1681 2530 
2 1829 1641 
2 1337 1331 
2 204 548 
2 2689 1142 
2 2459 2218 
2 1894 2491 
2 93 1324 
2 1092 326 
2 691 1079 
2 2807 3006 
2 2255 2283 
2 2145 318 
2 3142 1114 
2 183 2745 
2 611 1915 
2 2202 1811 
2 2591 154 
2 482 2812 
3 821 615 365 
2 1569 1591 
2 2436 2462 
3 3145 254 1073 
2 2581 577 
3 2613 750 856 
3 2057 620 776 
2 2644 1595 
4 706 73 1034 2179 
4 2666 350 412 1801 
2 2187 414 
4 753 484 1929 1167 
3 49 282 994 
2 1336 339 
2 1011 2083 
2 454 61 
2 1900 641 
2 65 2568 
2 634 3177 
2 996 1994 
2 1898 984 
3 601 2156 684 
2 387 742 
2 345 2514 
2 1457 542 
3 1237 1232 2714 
2 979 1646 
2 1213 927 
3 2607 1152 2410 
3 766 2526 2458 
2 1466 2292 
2 1192 387 
2 2790 1043 
2 2898 1455 
2 91 1291 
2 448 1993 
3 1119 1962 2898 
2 149 2554 
2 889 2723 
2 2563 2986 
2 2225 2569 
2 679 1352 
2 892 611 
2 791 2627 
2 2346 1793 
2 261 2268 
3 207 2095 489 
2 2219 175 
2 3072 1860 
3 2596 3101 2748 
3 2437 1730 2709 
2 1888 2394 
2 1477 136 
2 1839 765 
2 2410 1648 
2 397 374 
2 516 2587 
2 1447 921 
2 2295 60 
2 1280 2078 
2 839 2794 
2 2997 1535 
2 1751 2203 
2 674 3112 
2 1971 479 
2 2252 2156 
2 1087 3100 
3 1990 2946 1902 
2 2216 1756 
2 586 291 
3 719 1517 2779 
4 217 1498 466 460 
2 740 2022 
2 412 3001 
2 612 3152 
3 175 798 2054 
2 1304 1154 
2 1576 1917 
2 265 2058 
2 62 2061 
2 136 951 
2 1509 2962 
2 1075 421 
2 2395 3032 
2 703 155 
2 1553 599 
2 2944 1057 
2 1964 2870 
2 969 1252 
2 701 2018 
2 1347 2674 
2 1111 1488 
3 1187 1875 1622 
4 2720 1427 1729 1837 
2 169 2355 
2 2753 775 
2 2908 379 
2 740 2146 
2 2230 2668 
2 831 645 
2 2210 2965 
3 2991 437 808 
2 1698 190 
2 2822 1476 
2 973 588 
2 295 941 
2 2431 2056 
2 1546 947 
2 2601 344 
2 438 2217 
3 216 3080 660 
3 3047 755 3049 
2 462 194 
2 695 2802 
2 229 1088 
3 1832 224 483 
2 1881 2132 
3 1920 1869 970 
2 2437 751 
2 2789 701 
3 2660 601 1392 
2 2668 878 
3 2389 3179 646 
3 410 2085 955 
3 629 1558 662 
2 3121 1832 
2 775 567 
2 1609 2680 
2 2088 1803 
2 1712 613 
3 2928 1442 634 
2 1315 494 
2 2347 1487 
2 2765 771 
2 1088 1504 
2 2630 1499 
2 2754 1760 
2 2730 2100 
3 1270 1900 1922 
3 1408 451 2069 
2 2259 1787 
2 1647 945 
2 571 2756 
2 1497 2764 
2 3005 1630 
3 2223 244 296 
2 2445 1133 
2 954 1990 
2 879 315 
2 3137 48 
2 1885 2032 
2 1621 1828 
3 749 1229 785 
2 2649 1213 
2 1297 1645 
2 2085 2447 
4 2012 1014 2657 2341 
2 2750 2662 
2 2895 646 
3 2289 1970 2846 
2 2425 1839 
3 2448 1134 2940 
2 246 2977 
3 2607 1859 2844 
2 810 850 
3 1237 540 1150 
2 191 1300 
2 2247 641 
2 1636 2226 
2 1874 369 
2 672 560 
2 1311 2310 
2 992 3133 
3 746 773 2412 
2 2106 800 
2 2983 1875 
3 3120 975 2025 
2 1335 109 
2 2784 447 
2 2464 102 
2 1943 1703 
2 2829 328 
3 3172 625 1173 
2 407 2406 
3 1066 1735 1840 
2 213 2767 
2 1774 2065 
2 1132 1676 
3 109 2457 2795 
2 1818 598 
2 2931 2074 
3 1349 434 2161 
3 523 2960 2789 
2 210 2516 
2 1843 1984 
2 2198 2044 
2 1057 1748 
2 3125 2082 
2 793 1424 
3 1203 2436 2571 
3 2995 2103 1129 
2 2682 2020 
2 1533 823 
2 1222 2144 
2 742 254 
2 2341 2413 
2 89 2981 
2 1459 80 
3 2262 3075 1552 
3 1217 1570 2850 
2 1915 2116 
2 3036 2311 
3 2833 2327 1996 
2 914 2982 
3 3014 157 465 
2 1950 274 
3 1110 296 1546 
2 101 2743 
2 1694 2904 
4 2451 2729 348 2373 
2 1385 938 
2 520 1780 
2 848 2543 
3 1413 2866 316 
2 144 468 
3 2936 1471 1722 
2 3166 1541 
2 276 153 
3 678 998 530 
2 2659 432 
2 1763 2942 
2 885 2241 
3 1977 316 968 
2 2810 3155 
2 2078 1792 
2 1091 2939 
2 1322 2415 
2 278 2753 
2 2291 1189 
2 2901 2195 
2 1467 2233 
3 301 3111 2561 
2 69 2919 
2 1613 678 
2 2014 547 
2 736 2139 
2 1746 736 
2 1072 1266 
2 3146 714 
2 2564 650 
2 2122 1947 
2 1581 2637 
3 2965 2528 1712 
2 1834 589 
2 2565 1283 
3 1714 1888 150 
2 2236 1211 
2 1041 2945 
2 475 2417 
2 940 1009 
2 2506 2529 
2 2224 1762 
3 1446 2778 375 
4 249 1842 2827 2775 
3 2796 1696 1359 
2 411 1089 
2 2498 2921 
3 3046 1328 3007 
2 2213 908 
2 415 2684 
2 3018 2758 
2 3103 2261 
2 2535 757 
3 2245 3030 1708 
2 11 2609 
2 1035 3070 
2 2677 2158 
2 1578 1872 
2 1600 2999 
2 1015 18 
2 3177 704 
2 737 2393 
3 1197 95 2108 
3 1369 596 2166 
2 3074 1765 
2 602 741 
2 2099 3024 
2 3092 2125 
2 2134 2224 
2 1262 2920 
2 1329 1293 
3 1980 2755 1540 
2 2276 1771 
3 815 1889 679 
2 2051 867 
2 1699 343 
2 1643 149 
2 3039 992 
2 264 1408 
2 3128 1777 
2 309 1976 
2 2458 394 
3 642 2952 289 
2 1747 1512 
2 551 2379 
3 666 2905 1287 
4 2433 1914 42 492 
3 2999 1353 151 
2 372 2143 
2 936 2274 
3 1451 1022 2059 
3 1725 1145 370 
3 931 2501 1346 
2 350 1059 
2 1282 676 
2 2446 334 
2 251 2028 
3 2753 2192 1933 
2 2359 2278 
3 3006 2304 1260 
3 2369 2244 1804 
3 686 2627 3109 
2 1469 2545 
2 1198 1020 
3 1260 996 1655 
2 3158 3108 
2 320 3040 
2 1939 1305 
2 2168 1363 
2 2077 1 
2 402 707 
2 813 1465 
3 1859 1648 1904 
2 2294 2820 
3 2911 1576 2270 
3 2625 199 1321 
2 2325 2006 
3 231 2403 2924 
3 1428 537 1040 
2 3170 2252 
3 2457 1370 1263 
2 442 3148 
2 2339 2565 
2 443 1422 
2 535 2080 
3 2645 2725 2503 
2 2945 2544 
2 2699 3176 
2 2550 818 
2 1388 1538 
2 2678 1885 
2 1378 72 
2 2322 3119 
3 811 2201 817 
2 728 956 
2 3027 2267 
3 2551 1998 1818 
2 2053 2541 
2 2246 886 
2 2593 1873 
3 1997 2894 691 
3 1046 94 12 
3 177 306 494 
2 1991 988 
2 616 2214 
2 2258 2817 
2 1352 248 
3 778 2671 1163 
2 1016 1699 
3 1308 1761 2819 
3 576 2308 2670 
2 2478 51 
2 1831 1327 
2 826 2036 
2 873 1126 
2 2152 1866 
2 3155 2586 
2 466 801 
3 991 19 1365 
3 2138 981 1512 
2 1172 1205 
2 2600 2527 
3 10 2301 2440 
2 1627 2019 
2 840 1563 
2 793 1457 
2 2468 2290 
3 2596 803 1772 
2 335 2672 
2 557 949 
3 2259 361 44 
4 1073 1015 2048 1562 
2 1884 493 
2 1728 587 
2 2521 438 
2 2087 8 
2 265 895 
2 1559 600 
2 62 1449 
2 1931 2399 
2 1045 1924 
2 1972 1772 
2 784 2641 
2 1864 305 
2 2407 49 
2 1354 2357 
2 573 1858 
4 699 1359 147 1807 
3 2330 1043 1838 
3 2773 317 870 
2 1521 829 
3 35 2777 3131 
2 2741 1482 
3 238 1810 265 
2 625 2511 
3 1008 1545 1715 
2 534 1940 
2 789 2002 
2 2913 5 
2 2671 1506 
3 1533 777 1610 
2 67 2589 
3 685 1110 773 
2 1886 2976 
2 164 1519 
3 1160 1286 2620 
2 1771 1273 
2 2244 965 
3 2866 1720 131 
2 166 78 
2 2010 186 
3 127 552 459 
2 2314 969 
3 472 212 482 
2 772 1026 
3 200 79 1005 
4 1007 2571 820 2980 
2 1616 2314 
3 2567 1616 606 
2 1338 1119 
2 227 887 
3 690 1785 1817 
2 2617 2120 
2 266 91 
2 3067 461 
3 3064 804 1225 
2 3057 325 
2 3138 3048 
3 1936 1835 3121 
2 2329 1822 
2 2071 2060 
2 787 1330 
2 281 1143 
2 2060 1066 
2 1551 2356 
2 2019 723 
3 1238 1971 1003 
2 1023 761 
2 2631 2836 
2 2172 1452 
2 1980 664 
4 1590 647 635 1197 
2 2495 621 
2 43 170 
2 1818 666 
3 739 1458 122 
2 1164 1284 
4 776 866 65 766 
3 1833 50 687 
2 1707 406 
3 714 1629 3015 
3 2008 293 1823 
2 3055 1420 
2 340 1669 
2 1534 1109 
2 502 1144 
2 1309 2371 
2 351 1685 
2 2310 1500 
2 2205 1616 
2 1660 317 
2 827 802 
2 1402 1922 
2 474 2294 
2 727 2342 
2 925 141 
2 2065 2768 
2 606 2566 
2 718 1447 
2 2924 1691 
2 2444 2441 
2 1784 1190 
2 1511 2974 
2 248 2647 
2 639 1485 
2 2955 427 
3 2626 988 1251 
4 1676 718 1985 2713 
2 450 1565 
2 899 1954 
2 836 2504 
2 1264 2331 
2 410 1989 
2 161 2742 
3 3123 3164 974 
3 1655 2826 1154 
2 208 735 
2 3076 1965 
2 841 95 
2 1544 1998 
3 683 1722 2308 
2 2650 2053 
2 2697 1482 
2 2674 1515 
2 361 1612 
2 490 2182 
3 2745 1486 2897 
3 166 639 1025 
2 758 259 
2 705 1830 
3 95 2021 2538 
2 1148 1123 
2 1124 425 
2 3160 2598 
2 3148 1316 
2 1847 235 
2 327 696 
2 1690 362 
2 683 2633 
2 82 144 
2 1963 232 
2 2643 1028 
2 2569 2953 
2 176 1655 
3 2638 382 2096 
2 771 227 
3 1665 2494 1368 
2 2665 2754 
2 2475 979 
2 510 1240 
2 36 495 
3 1995 1862 148 
2 1086 499 
2 1360 1632 
2 2710 2114 
2 2940 2129 
2 1674 157 
2 125 2903 
2 1012 255 
2 1185 1112 
2 189 2117 
2 748 958 
3 2054 2370 2600 
2 2157 1333 
2 2489 3053 
2 421 240 
2 1265 865 
4 2508 1918 2660 301 
2 2062 1278 
2 2167 2067 
2 2267 852 
2 28 1695 
2 491 561 
3 704 2991 1578 
2 1949 689 
2 404 115 
2 2900 2992 
2 3033 292 
3 641 2831 2107 
2 2570 2327 
2 16 1407 
5 747 237 231 380 1090 
3 1566 2844 2183 
2 2614 1328 
2 2621 1306 
2 1399 2583 
3 2009 667 1162 
2 1956 363 
2 2447 372 
2 500 1135 
2 621 162 
2 963 75 
2 1991 1912 
4 1879 928 2509 2971 
3 2974 1859 1459 
2 1700 3021 
3 400 151 586 
2 2304 2608 
2 2044 1052 
2 275 2469 
4 2143 1353 2162 1384 
3 2686 2715 2283 
2 1872 373 
2 2481 1353 
2 1786 1644 
2 2176 2023 
2 762 629 
2 803 2552 
3 1688 2399 2727 
2 2675 1362 
4 1765 1401 688 714 
2 2037 847 
2 971 237 
2 1999 511 
2 1523 1896 
2 1530 423 
3 94 1834 2622 
3 2317 2878 1643 
2 181 2275 
3 1988 745 686 
2 1182 2678 
2 2130 620 
2 1142 1078 
2 2993 767 
2 924 1202 
3 2240 784 1296 
2 2694 307 
2 696 2272 
2 1410 1537 
2 2084 2763 
2 1048 1139 
2 1186 505 
2 2241 2681 
2 2011 1651 
2 2491 1796 
2 2173 2975 
2 662 38 
3 2356 220 164 
2 847 2619 
2 282 2385 
2 1421 1378 
2 2156 2705 
2 2734 2317 
3 3082 335 928 
2 1733 1080 
3 567 2329 890 
2 951 330 
2 1505 1680 
3 3061 180 2675 
3 519 1192 2519 
3 2855 8 2028 
3 2519 636 1336 
2 1744 1187 
2 2292 231 
2 547 550 
2 2962 453 
2 1250 2249 
3 1974 2880 788 
3 2140 1700 545 
2 884 2854 
2 958 520 
2 887 1735 
2 2005 1961 
2 344 3046 
2 85 1631 
3 712 1991 640 
3 2043 1373 2853 
2 2180 1824 
2 2233 2155 
2 3068 2852 
2 530 3067 
2 508 279 
2 2683 884 
2 1825 1141 
2 1962 2456 
2 1289 1427 
2 1362 2692 
3 844 792 2616 
2 998 2915 
2 1759 1548 
2 863 1214 
2 1945 1239 
2 2518 534 
2 1241 774 
3 1913 1626 3041 
2 19 2123 
2 623 1682 
2 1043 2345 
2 698 787 
2 3116 1218 
2 92 333 
3 398 2017 1137 
2 4 1495 
2 583 1580 
2 1261 2695 
3 1321 703 923 
2 106 1716 
2 291 2279 
2 2342 478 
2 478 3117 
2 328 501 
2 3117 446 
2 2474 1235 
4 1020 852 1706 2457 
2 1572 2184 
2 1065 2679 
3 1824 1604 1195 
2 3107 1952 
2 342 385 
2 2199 3105 
2 2733 2334 
3 1307 2729 1636 
3 505 1719 1100 
2 2649 3115 
3 2471 1675 368 
2 531 1636 
2 1166 1595 
2 3111 1161 
2 3 3087 
2 3097 3099 
2 550 897 
2 2760 633 
3 555 1702 2584 
4 2061 2856 2533 1721 
2 1481 165 
2 433 2912 
2 603 112 
2 267 2605 
2 1062 271 
3 1697 1899 647 
2 3134 2707 
3 160 376 2088 
2 1146 1468 
4 2819 1123 1920 1434 
2 1785 1265 
2 2580 2332 
2 413 3128 
2 1295 2368 
2 54 1267 
2 390 2557 
2 1374 2855 
2 2362 234 
2 1870 1006 
2 916 769 
2 2222 2402 
2 1435 98 
2 2366 352 
2 32 2411 
2 13 2656 
2 1287 919 
2 2749 2932 
2 1162 496 
3 1970 1948 448 
4 891 250 582 754 
2 2482 1908 
3 360 2052 553 
3 2251 1263 588 
2 2641 2784 
2 1737 1445 
3 1382 2313 1466 
2 425 2733 
3 1212 1713 1550 
2 279 2931 
3 2150 757 2145 
2 2075 2063 
2 2056 196 
4 986 2273 1576 2912 
2 812 936 
2 1543 2634 
3 830 2278 601 
2 693 1715 
3 806 1987 726 
2 759 2747 
2 352 99 
3 1596 2590 1031 
2 2035 1322 
2 733 1441 
2 2195 1733 
2 2755 1438 
3 2426 270 2688 
2 1168 413 
2 2530 1516 
