796
0 287 349
1 111 362
2 364 229
3 680 169
4 381 482
5 424 733
6 467 726
7 382 531
8 480 737
9 193 578
10 409 388
11 402 261
12 337 331
13 819 516
14 548 78
15 193 612
16 712 155
17 327 502
18 377 694
19 629 56
20 310 419
21 331 229
22 698 183
23 676 516
24 444 85
25 440 429
26 486 760
27 310 358
28 480 265
29 232 79
30 424 708
31 101 254
32 176 139
33 313 574
34 454 135
35 116 632
36 508 105
37 361 745
38 200 563
39 116 614
40 730 202
41 348 525
42 401 206
43 54 351
44 154 370
45 314 79
46 822 537
47 337 358
48 555 581
49 176 489
50 640 621
51 401 95
52 393 388
53 331 277
54 331 240
55 250 308
56 329 308
57 131 439
58 382 482
59 691 516
60 632 730
61 393 368
62 299 628
63 176 111
64 402 254
65 637 399
66 515 130
67 115 120
68 671 118
69 331 308
70 265 543
71 263 349
72 531 865
73 409 297
74 557 589
75 664 91
76 332 249
77 760 516
78 205 614
79 193 563
80 303 456
81 506 113
82 145 484
83 200 708
84 640 726
85 467 723
86 617 527
87 450 584
88 667 569
89 307 497
90 423 525
91 347 70
92 377 359
93 408 388
94 242 349
95 314 81
96 56 268
97 118 614
98 75 268
99 176 487
100 366 81
101 656 325
102 382 288
103 363 229
104 497 522
105 362 531
106 482 352
107 769 328
108 822 551
109 82 658
110 798 569
111 391 566
112 42 387
113 81 83
114 496 311
115 361 732
116 234 303
117 369 244
118 101 243
119 645 527
120 307 502
121 345 244
122 272 308
123 330 502
124 424 741
125 183 722
126 204 719
127 402 259
128 101 304
129 328 823
130 486 801
131 401 203
132 621 816
133 450 535
134 822 516
135 167 484
136 633 513
137 610 78
138 442 89
139 192 439
140 362 548
141 182 111
142 26 668
143 111 381
144 467 737
145 172 502
146 616 527
147 299 646
148 748 328
149 405 601
150 224 322
151 247 563
152 386 81
153 239 439
154 640 730
155 424 748
156 508 107
157 234 304
158 130 469
159 340 244
160 645 530
161 223 111
162 637 500
163 254 823
164 337 322
165 509 865
166 511 77
167 711 202
168 586 572
169 331 305
170 486 327
171 736 569
172 265 456
173 359 359
174 376 303
175 444 110
176 651 78
177 401 119
178 424 679
179 664 86
180 204 439
181 347 60
182 377 60
183 666 530
184 442 303
185 298 79
186 694 516
187 634 293
188 806 569
189 582 77
190 361 772
191 178 319
192 307 823
193 429 725
194 712 139
195 176 520
196 499 356
197 511 517
198 310 435
199 171 439
200 262 441
201 361 816
202 409 303
203 93 409
204 312 502
205 147 439
206 43 262
207 429 203
208 482 359
209 66 102
210 278 823
211 486 865
212 424 692
213 333 497
214 307 461
215 616 78
216 671 516
217 499 327
218 66 351
219 798 328
220 193 708
221 361 791
222 204 773
223 204 722
224 207 614
225 526 865
226 555 570
227 621 795
228 508 77
229 733 516
230 349 229
231 478 283
232 640 659
233 96 120
234 444 124
235 32 658
236 667 621
237 117 99
238 120 697
239 391 560
240 482 344
241 162 484
242 334 81
243 442 283
244 506 96
245 337 318
246 450 577
247 548 108
248 614 56
249 417 381
250 621 788
251 299 665
252 586 553
253 409 279
254 200 697
255 75 263
256 814 569
257 479 400
258 667 588
259 633 519
260 414 203
261 176 502
262 391 531
263 702 202
264 420 601
265 408 601
266 466 135
267 214 614
268 66 120
269 231 349
270 478 429
271 362 546
272 615 852
273 111 401
274 210 823
275 490 522
276 637 381
277 429 687
278 484 333
279 713 202
280 482 333
281 417 389
282 176 143
283 193 700
284 444 525
285 621 737
286 538 56
287 507 65
288 265 558
289 719 569
290 755 516
291 548 113
292 74 658
293 83 120
294 199 708
295 50 262
296 116 83
297 416 676
298 183 614
299 176 493
300 348 229
301 724 247
302 478 303
303 117 117
304 455 283
305 380 694
306 822 553
307 406 203
308 116 677
309 229 439
310 606 77
311 439 601
312 333 502
313 213 563
314 393 372
315 346 823
316 499 346
317 26 681
318 452 240
319 482 311
320 182 349
321 640 713
322 656 307
323 436 429
324 393 288
325 402 269
326 75 267
327 230 349
328 176 484
329 417 119
330 351 359
331 310 433
332 482 737
333 194 439
334 511 503
335 63 409
336 621 852
337 452 203
338 332 245
339 362 574
340 290 435
341 292 435
342 193 111
343 568 77
344 741 202
345 506 65
346 442 129
347 234 435
348 402 260
349 548 77
350 499 367
351 376 482
352 265 516
353 672 183
354 161 319
355 176 497
356 555 589
357 139 484
358 634 353
359 478 291
360 325 497
361 486 737
362 608 56
363 613 77
364 652 293
365 480 264
366 125 143
367 629 77
368 357 482
369 183 697
370 345 823
371 117 153
372 101 255
373 193 697
374 204 800
375 299 645
376 781 569
377 586 589
378 584 865
379 500 865
380 429 709
381 807 569
382 637 503
383 204 715
384 239 79
385 313 823
386 445 135
387 66 92
388 337 359
389 297 456
390 724 234
391 409 576
392 377 78
393 117 106
394 246 349
395 258 665
396 630 737
397 494 265
398 43 268
399 356 574
400 734 569
401 424 676
402 744 569
403 26 664
404 637 444
405 486 754
406 82 675
407 670 169
408 130 439
409 154 424
410 239 435
411 409 694
412 130 465
413 42 351
414 521 77
415 695 516
416 455 366
417 390 456
418 347 78
419 818 569
420 89 83
421 404 203
422 725 328
423 390 482
424 453 283
425 265 536
426 724 241
427 401 81
428 117 115
429 116 697
430 424 683
431 822 559
432 293 665
433 154 435
434 224 349
435 307 456
436 486 836
437 402 694
438 741 229
439 674 169
440 154 349
441 455 359
442 385 303
443 712 169
444 442 132
445 417 359
446 482 303
447 340 229
448 168 614
449 337 337
450 201 697
451 387 229
452 250 665
453 475 535
454 796 516
455 475 525
456 400 694
457 724 230
458 447 601
459 413 601
460 486 748
461 154 400
462 207 111
463 116 686
464 42 386
465 85 409
466 715 202
467 490 516
468 82 687
469 182 304
470 616 519
471 433 119
472 301 617
473 116 626
474 276 79
475 232 111
476 619 519
477 205 823
478 452 264
479 393 303
480 70 262
481 429 740
482 548 79
483 103 83
484 712 156
485 117 204
486 796 280
487 634 367
488 822 569
489 810 516
490 290 456
491 664 78
492 154 389
493 504 503
494 223 665
495 666 522
496 548 130
497 417 384
498 172 501
499 204 802
500 355 482
501 271 823
502 538 865
503 486 840
504 308 502
505 204 709
506 54 658
507 347 574
508 265 563
509 467 693
510 402 279
511 337 357
512 606 865
513 457 283
514 712 131
515 289 505
516 433 135
517 364 288
518 640 622
519 656 328
520 204 697
521 442 99
522 444 109
523 424 678
524 82 673
525 377 61
526 606 78
527 45 687
528 189 439
529 470 359
530 490 503
531 204 823
532 668 569
533 350 525
534 712 164
535 433 303
536 690 183
537 402 270
538 576 589
539 480 135
540 336 823
541 116 669
542 810 280
543 494 865
544 745 516
545 820 328
546 479 419
547 444 135
548 469 429
549 282 308
550 712 118
551 429 676
552 348 489
553 116 673
554 42 409
555 268 435
556 417 402
557 271 349
558 154 433
559 223 661
560 182 319
561 176 722
562 424 729
563 694 118
564 301 622
565 479 367
566 388 525
567 204 721
568 452 259
569 140 304
570 262 435
571 629 60
572 442 95
573 554 56
574 179 111
575 178 614
576 269 308
577 26 658
578 696 169
579 195 111
580 361 288
581 414 576
582 117 156
583 702 183
584 490 505
585 409 359
586 450 576
587 167 435
588 307 505
589 640 708
590 361 793
591 615 865
592 42 371
593 455 402
594 555 577
595 204 700
596 439 402
597 362 549
598 724 280
599 488 865
600 629 737
601 421 203
602 44 268
603 814 516
604 313 601
605 450 552
606 106 304
607 26 669
608 436 135
609 417 390
610 664 118
611 224 323
612 215 435
613 176 550
614 117 143
615 656 293
616 467 710
617 130 466
618 265 559
619 555 553
620 337 321
621 436 203
622 182 325
623 411 525
624 117 169
625 496 283
626 310 391
627 66 88
628 480 130
629 161 308
630 633 503
631 401 229
632 346 288
633 383 229
634 734 280
635 111 389
636 482 327
637 820 280
638 204 736
639 301 601
640 670 183
641 101 206
642 135 484
643 154 350
644 305 505
645 101 289
646 176 563
647 637 367
648 595 865
649 277 79
650 66 83
651 78 351
652 224 303
653 273 435
654 667 603
655 475 530
656 630 730
657 361 823
658 328 574
659 479 429
660 100 409
661 310 349
662 391 81
663 442 82
664 450 570
665 427 429
666 332 244
667 391 570
668 116 675
669 577 77
670 361 694
671 204 614
672 666 516
673 390 429
674 484 344
675 299 622
676 117 145
677 223 663
678 402 244
679 513 865
680 490 508
681 667 570
682 496 265
683 618 77
684 163 308
685 820 299
686 755 569
687 193 614
688 741 213
689 390 525
690 176 697
691 413 676
692 442 115
693 265 505
694 117 120
695 640 660
696 613 78
697 348 482
698 646 621
699 223 633
700 361 703
701 313 598
702 218 563
703 393 359
704 182 308
705 508 113
706 101 240
707 154 416
708 204 807
709 111 351
710 278 435
711 193 581
712 234 308
713 315 574
714 212 435
715 408 279
716 75 262
717 511 522
718 596 77
719 429 736
720 360 78
721 183 709
722 495 130
723 332 288
724 507 56
725 621 839
726 204 702
727 820 326
728 117 107
729 200 614
730 333 244
731 42 393
732 444 82
733 223 614
734 216 563
735 306 79
736 170 304
737 703 516
738 106 83
739 576 77
740 496 289
741 74 120
742 637 407
743 172 497
744 409 366
745 450 601
746 226 303
747 26 687
748 347 288
749 405 576
750 363 482
751 413 694
752 822 530
753 712 135
754 486 817
755 130 484
756 660 621
757 598 56
758 749 280
759 111 409
760 362 554
761 352 78
762 737 569
763 449 402
764 564 553
765 206 111
766 223 642
767 724 271
768 265 441
769 176 135
770 337 303
771 74 351
772 204 738
773 395 525
774 393 379
775 428 576
776 741 230
777 499 349
778 101 204
779 37 658
780 385 81
781 640 714
782 182 614
783 442 135
784 427 601
785 117 83
786 291 79
787 429 748
788 193 611
789 633 510
790 467 676
791 362 533
792 654 78
793 154 403
794 271 79
795 457 135
2 661 557 
2 143 709 
2 633 103 
2 578 439 
2 58 351 
2 124 562 
2 144 85 
2 262 105 
2 332 144 
2 711 79 
3 556 93 744 
2 325 348 
2 449 164 
2 134 603 
3 526 482 414 
2 687 788 
2 484 194 
2 123 204 
2 305 670 
3 491 571 248 
2 331 626 
4 447 54 116 282 
2 583 536 
2 59 216 
2 522 732 
2 548 323 
2 130 405 
2 626 661 
5 397 170 446 231 365 
3 384 785 91 
2 562 212 
2 372 118 
2 282 769 
3 713 701 588 
2 795 386 
2 541 473 
2 156 228 
2 190 115 
2 313 79 
4 97 473 524 145 
2 344 466 
5 533 105 507 312 552 
2 631 131 
2 218 413 
2 492 643 
3 95 735 418 
2 108 752 
2 388 511 
2 356 594 
2 299 99 
3 698 518 377 
2 177 427 
3 93 673 774 
2 169 54 
3 666 53 21 
2 576 712 
2 69 549 
3 205 408 433 
2 423 4 
2 186 23 
3 396 656 84 
2 314 703 
2 375 675 
3 574 769 728 
2 127 678 
2 742 276 
2 496 722 
2 694 233 
2 563 610 
5 449 661 56 169 723 
2 288 425 
2 557 394 
2 502 225 
3 202 324 243 
2 538 356 
2 610 179 
2 723 338 
2 454 290 
2 224 671 
3 38 9 646 
2 435 389 
3 705 628 244 
2 241 357 
3 772 294 520 
3 154 60 781 
2 6 616 
3 160 146 470 
2 745 246 
3 532 681 160 
3 360 120 214 
4 284 133 262 623 
3 418 29 182 
2 703 173 
2 10 52 
2 394 269 
3 242 475 45 
2 98 602 
2 448 39 
3 128 96 326 
3 49 743 328 
2 780 242 
2 519 322 
2 324 517 
2 2 230 
2 717 275 
3 7 791 41 
4 208 302 240 674 
2 219 148 
2 306 46 
3 524 292 755 
2 188 376 
2 667 239 
2 731 464 
2 420 650 
3 217 170 740 
2 37 700 
3 157 746 21 
2 678 121 
2 31 706 
3 183 160 259 
3 504 588 89 
2 117 159 
2 549 576 
2 312 17 
3 155 751 5 
3 222 561 721 
2 567 383 
2 348 64 
5 606 629 771 98 645 
2 540 385 
2 754 26 
3 421 42 177 
3 725 272 227 
3 453 605 90 
4 752 13 545 637 
2 328 241 
2 259 789 
2 696 526 
2 572 663 
2 333 528 
2 597 271 
2 342 574 
2 607 403 
2 635 1 
3 8 481 6 
3 613 39 498 
3 86 252 717 
2 251 375 
2 107 422 
2 265 604 
2 611 652 
2 508 702 
2 662 780 
3 200 309 340 
3 336 84 236 
3 787 657 124 
2 705 36 
2 712 116 
2 755 617 
2 121 730 
3 88 86 119 
2 475 462 
2 382 404 
2 501 274 
2 12 620 
2 679 379 
2 414 228 
2 279 263 
2 377 252 
2 69 53 
3 278 28 114 
2 762 400 
3 490 693 768 
2 92 330 
2 442 770 
2 234 522 
2 792 215 
3 329 131 51 
2 430 523 
2 75 491 
2 309 333 
3 182 650 724 
4 525 91 181 724 
3 256 119 495 
2 302 535 
2 735 786 
2 415 59 
4 364 358 217 263 
2 381 110 
2 718 669 
2 221 37 
2 560 354 
2 385 210 
2 719 380 
2 16 753 
2 613 261 
2 350 777 
3 470 717 493 
4 435 341 331 388 
2 528 205 
3 768 328 153 
2 657 590 
3 535 479 73 
2 660 465 
2 17 504 
2 199 57 
3 398 577 650 
2 621 601 
3 350 529 106 
2 268 387 
2 192 501 
2 599 531 
2 30 430 
3 312 360 697 
2 89 435 
2 176 696 
2 23 672 
3 316 114 187 
2 771 43 
2 545 107 
3 294 721 283 
2 590 190 
3 374 125 772 
2 638 567 
2 267 78 
2 72 679 
2 594 619 
2 132 250 
3 166 36 287 
2 544 737 
2 103 300 
3 359 513 28 
3 695 656 518 
2 67 293 
2 547 175 
3 779 747 554 
4 154 756 654 381 
2 393 785 
2 690 429 
2 111 262 
2 106 280 
3 135 743 82 
2 100 95 
3 424 73 253 
2 81 345 
2 620 770 
2 87 586 
2 291 482 
3 19 287 362 
2 497 445 
3 227 460 396 
3 670 432 147 
3 168 764 146 
3 243 715 348 
2 450 373 
2 326 716 
3 419 381 183 
2 546 565 
2 654 681 
3 119 476 136 
2 601 307 
2 195 355 
3 239 7 90 
3 167 187 583 
2 784 459 
2 459 149 
3 337 795 628 
2 733 224 
3 741 295 209 
3 94 327 712 
3 659 548 593 
2 140 791 
3 336 679 132 
2 759 635 
2 163 477 
3 104 455 467 
2 65 647 
2 380 551 
3 674 446 170 
3 466 457 167 
2 240 636 
2 609 497 
3 21 366 32 
2 220 373 
2 455 90 
3 600 361 656 
3 573 345 724 
3 228 345 248 
2 618 70 
2 400 532 
2 77 544 
3 610 705 247 
2 109 506 
3 233 778 741 
2 83 220 
3 480 602 268 
2 785 738 
2 401 691 
2 687 782 
2 355 49 
2 230 447 
2 767 426 
3 106 184 359 
2 694 428 
2 513 424 
2 456 18 
2 431 108 
2 260 421 
2 463 668 
2 153 180 
2 363 718 
2 458 784 
3 41 123 213 
2 734 38 
2 774 61 
2 657 370 
3 777 674 217 
2 747 607 
2 568 337 
2 636 446 
3 434 707 622 
2 781 589 
2 101 615 
2 25 665 
3 73 102 510 
2 537 11 
2 98 255 
2 269 434 
3 99 135 200 
2 471 177 
2 173 388 
2 198 20 
3 361 460 8 
2 180 139 
2 630 493 
2 465 554 
5 591 272 725 154 488 
3 318 621 266 
2 76 666 
4 749 399 760 667 
3 341 153 710 
3 198 768 340 
2 579 141 
2 739 349 
4 637 688 40 443 
4 287 244 732 286 
2 444 692 
2 410 612 
3 253 11 127 
2 343 414 
4 487 565 208 196 
2 4 750 
2 425 693 
2 536 640 
3 191 440 629 
2 261 299 
3 74 790 48 
2 82 642 
2 487 187 
2 302 231 
2 213 89 
2 285 332 
2 248 757 
2 683 310 
2 615 187 
2 28 539 
2 282 614 
3 792 683 571 
2 750 500 
2 373 690 
2 315 540 
2 582 676 
3 645 716 31 
3 254 283 369 
2 499 222 
2 147 62 
2 110 686 
3 50 538 168 
2 648 502 
2 165 543 
2 193 277 
3 256 236 188 
3 672 630 162 
2 126 505 
2 794 29 
2 129 192 
2 34 547 
2 209 627 
3 330 198 47 
2 80 490 
2 426 457 
2 581 749 
3 427 720 525 
2 728 237 
2 71 94 
2 432 452 
3 250 600 60 
2 682 28 
3 602 413 206 
2 339 507 
2 171 289 
3 551 523 297 
2 686 762 
2 142 577 
2 162 742 
2 26 460 
2 468 524 
3 439 640 496 
3 57 412 759 
2 558 707 
2 570 347 
2 751 437 
2 617 408 
4 43 592 577 398 
3 349 14 166 
2 737 186 
2 593 441 
2 423 673 
3 761 45 91 
2 488 256 
2 483 113 
3 307 131 516 
2 148 519 
3 689 58 417 
2 304 243 
2 70 352 
2 301 390 
4 663 51 662 392 
2 303 728 
5 238 721 561 468 463 
2 212 178 
2 488 306 
2 251 395 
3 587 57 558 
3 327 320 611 
3 214 80 198 
2 503 754 
2 411 456 
2 776 688 
2 3 407 
3 643 709 354 
3 529 416 445 
2 479 174 
4 344 583 578 534 
2 783 346 
3 441 249 585 
3 278 319 28 
2 300 21 
3 575 97 646 
3 511 69 12 
2 520 254 
2 631 633 
2 395 494 
3 619 133 655 
2 489 77 
3 655 284 275 
2 437 305 
3 776 390 279 
2 745 311 
2 264 265 
3 250 405 332 
2 793 492 
2 161 765 
2 429 308 
2 112 592 
2 203 335 
2 40 279 
2 275 680 
3 429 527 406 
3 704 736 652 
3 476 86 197 
3 516 329 663 
2 564 639 
2 35 39 
2 649 794 
3 631 161 95 
2 259 470 
2 274 531 
3 513 678 568 
2 202 442 
2 716 295 
3 787 719 144 
2 247 14 
2 738 420 
2 534 16 
3 652 778 624 
2 542 758 
3 647 350 358 
4 591 336 419 431 
2 603 454 
2 389 172 
4 550 179 792 19 
2 461 44 
3 334 197 530 
3 452 520 677 
2 183 672 
3 407 66 610 
2 281 249 
2 145 743 
2 708 374 
2 368 697 
2 210 163 
2 378 72 
3 543 787 436 
2 204 120 
2 383 726 
2 292 779 
3 399 658 41 
4 675 733 151 618 
2 616 790 
3 715 324 537 
2 47 449 
2 591 648 
3 231 304 478 
2 753 550 
2 644 693 
3 608 421 471 
2 102 580 
2 232 50 
3 422 647 101 
4 595 83 450 494 
2 692 572 
2 175 24 
2 178 401 
3 406 109 39 
2 392 182 
2 137 14 
2 468 747 
2 139 199 
3 208 565 441 
3 493 584 659 
4 477 211 747 708 
2 289 88 
2 566 41 
2 443 484 
2 184 202 
2 22 353 
2 510 325 
2 377 74 
2 365 628 
2 370 129 
2 553 35 
2 637 486 
4 379 599 657 503 
2 290 229 
3 134 219 727 
2 659 257 
3 386 783 234 
2 270 25 
2 56 122 
4 637 514 563 491 
3 277 401 745 
2 41 697 
2 668 541 
3 335 235 731 
2 653 570 
4 596 665 10 609 
2 0 71 
2 433 409 
2 677 766 
3 622 191 704 
3 125 708 429 
2 5 30 
2 550 68 
3 691 675 472 
3 350 257 529 
2 689 533 
2 223 126 
2 478 318 
2 736 606 
2 555 410 
2 367 19 
2 521 138 
2 757 286 
2 141 63 
2 782 448 
2 122 55 
3 403 206 413 
2 443 3 
2 765 342 
2 517 748 
2 775 391 
2 624 371 
3 263 22 443 
2 680 530 
3 445 744 703 
3 246 775 664 
2 714 433 
3 33 644 120 
2 321 695 
2 201 221 
3 512 336 488 
2 464 413 
3 270 763 416 
2 48 226 
2 726 520 
2 763 556 
2 760 140 
3 634 615 767 
2 543 211 
2 396 285 
2 207 260 
3 96 398 295 
2 13 489 
3 149 639 701 
2 664 133 
2 569 128 
2 317 142 
2 783 516 
2 556 281 
4 68 496 291 75 
2 434 150 
2 347 714 
3 646 145 195 
3 366 676 694 
3 322 364 598 
2 85 509 
2 158 412 
3 639 508 288 
3 764 226 453 
2 164 245 
2 337 207 
2 320 560 
2 90 773 
2 485 582 
2 740 682 
2 20 27 
2 387 650 
4 722 539 266 81 
3 684 354 128 
3 382 789 334 
4 678 451 475 42 
2 748 723 
2 451 2 
2 758 598 
2 273 143 
2 280 319 
5 134 685 542 344 550 
2 772 223 
3 604 472 618 
3 353 682 407 
2 706 778 
2 357 755 
2 44 440 
2 588 515 
2 128 372 
3 79 448 613 
3 276 487 519 
2 512 378 
2 786 474 
4 113 627 206 181 
2 709 771 
4 746 150 469 485 
2 710 555 
2 236 258 
2 453 455 
3 60 285 232 
4 543 315 201 155 
2 507 713 
3 530 270 546 
2 759 203 
3 27 0 69 
2 427 152 
4 732 138 471 427 
2 586 605 
3 323 773 556 
3 730 338 54 
3 775 339 111 
2 308 553 
2 189 739 
3 18 700 251 
2 78 729 
3 216 495 382 
3 417 697 52 
3 316 106 278 
3 564 62 508 
2 371 614 
2 494 559 
4 478 64 117 631 
3 225 165 272 
2 467 584 
2 258 88 
3 625 397 640 
2 367 363 
2 704 629 
2 727 637 
2 376 402 
3 729 298 15 
2 438 344 
3 773 566 423 
2 369 238 
3 297 751 564 
2 346 521 
3 515 352 172 
3 614 67 303 
2 589 232 
2 215 137 
4 500 552 213 673 
2 756 50 
2 766 733 
2 115 670 
2 604 33 
2 151 734 
3 585 61 92 
3 560 684 469 
3 291 81 156 
2 118 641 
3 409 793 320 
3 531 561 499 
3 1 651 440 
2 340 653 
2 788 9 
3 55 269 157 
2 658 33 
2 612 587 
2 253 510 
3 255 480 372 
3 146 104 197 
2 310 189 
2 481 193 
2 392 761 
3 125 429 220 
2 66 628 
4 632 770 69 76 
3 286 182 181 
2 336 132 
2 505 595 
2 545 685 
3 63 428 393 
2 671 687 
2 159 666 
2 554 112 
3 24 663 345 
3 699 267 508 
2 702 313 
2 45 185 
2 469 569 
2 229 415 
2 296 483 
2 669 343 
2 114 625 
2 293 268 
2 404 65 
3 498 241 99 
2 10 585 
5 790 551 458 749 87 
2 116 652 
4 527 531 317 235 
2 580 632 
3 391 745 339 
2 351 368 
3 124 411 691 
2 46 134 
2 194 514 
2 436 130 
3 642 109 158 
2 236 698 
2 362 573 
3 486 634 776 
3 408 660 273 
2 339 597 
2 720 418 
2 402 171 
2 593 596 
2 252 619 
2 462 579 
2 559 699 
2 598 301 
3 172 200 341 
2 32 63 
3 174 245 723 
3 651 218 128 
3 222 83 638 
3 623 689 665 
2 52 314 
3 586 581 667 
3 758 457 438 
2 196 316 
3 485 641 293 
2 506 235 
2 152 100 
2 84 321 
2 298 575 
3 547 608 444 
2 311 264 
3 237 296 29 
2 185 649 
3 503 155 481 
2 15 711 
2 136 630 
3 509 745 356 
2 271 105 
3 491 176 367 
2 707 461 
2 474 384 
2 266 34 
