359
0 221 166
1 330 75
2 73 193
3 18 293
4 239 234
5 34 153
6 358 91
7 341 241
8 9 153
9 321 278
10 26 135
11 17 261
12 248 29
13 235 29
14 99 103
15 -29 186
16 112 262
17 294 274
18 339 113
19 121 327
20 139 177
21 296 31
22 241 166
23 -29 163
24 60 299
25 73 213
26 195 126
27 294 277
28 -36 231
29 105 141
30 134 279
31 32 101
32 -2 109
33 17 265
34 253 52
35 -2 119
36 279 308
37 276 329
38 -36 192
39 18 296
40 286 239
41 341 246
42 313 262
43 202 249
44 314 261
45 329 31
46 82 21
47 321 140
48 277 31
49 -2 126
50 57 213
51 294 263
52 202 298
53 295 262
54 203 156
55 57 26
56 202 308
57 180 51
58 216 51
59 208 150
60 230 246
61 204 246
62 186 120
63 -2 97
64 212 150
65 17 285
66 221 329
67 139 225
68 73 210
69 43 153
70 57 35
71 180 32
72 107 21
73 61 293
74 62 141
75 305 262
76 73 290
77 164 50
78 326 116
79 74 21
80 77 8
81 358 113
82 168 120
83 103 21
84 286 192
85 154 155
86 357 75
87 18 303
88 358 75
89 143 52
90 286 234
91 21 97
92 233 166
93 141 160
94 250 47
95 168 89
96 178 185
97 150 86
98 253 329
99 242 238
100 286 203
101 57 45
102 266 31
103 149 52
104 279 266
105 321 273
106 65 293
107 62 191
108 299 326
109 164 32
110 127 262
111 260 329
112 307 262
113 262 31
114 247 334
115 221 334
116 17 282
117 137 147
118 230 166
119 287 238
120 253 31
121 242 221
122 286 254
123 95 21
124 321 268
125 139 261
126 45 176
127 32 107
128 276 371
129 -36 186
130 -2 103
131 134 103
132 299 363
133 168 115
134 202 263
135 308 31
136 178 211
137 341 261
138 287 168
139 138 21
140 321 168
141 145 86
142 178 188
143 107 309
144 253 334
145 242 245
146 216 29
147 286 232
148 241 150
149 172 126
150 341 211
151 65 290
152 284 31
153 62 186
154 135 32
155 73 297
156 248 47
157 57 103
158 143 325
159 178 183
160 21 150
161 320 211
162 107 320
163 295 261
164 306 211
165 249 334
166 321 116
167 -14 261
168 202 275
169 250 52
170 75 8
171 221 332
172 9 94
173 118 103
174 295 258
175 112 261
176 57 30
177 143 316
178 121 320
179 110 21
180 82 8
181 202 246
182 154 89
183 -36 261
184 32 109
185 101 141
186 171 175
187 314 326
188 90 21
189 154 160
190 143 291
191 134 32
192 271 260
193 73 26
194 62 155
195 77 141
196 69 103
197 332 113
198 328 261
199 279 275
200 286 238
201 341 247
202 291 308
203 207 329
204 136 177
205 282 176
206 301 261
207 295 211
208 176 32
209 143 327
210 242 234
211 330 72
212 299 369
213 294 262
214 18 290
215 130 177
216 343 113
217 45 153
218 178 120
219 271 266
220 139 256
221 134 52
222 178 221
223 135 261
224 203 166
225 358 103
226 223 334
227 18 285
228 112 21
229 315 31
230 21 135
231 154 147
232 287 234
233 195 120
234 207 166
235 143 292
236 204 329
237 32 111
238 74 10
239 73 291
240 291 168
241 171 161
242 219 246
243 242 246
244 -36 202
245 -18 153
246 294 266
247 219 236
248 135 327
249 202 313
250 103 141
251 178 207
252 27 135
253 234 238
254 253 330
255 354 75
256 20 303
257 329 52
258 32 135
259 235 334
260 317 326
261 168 95
262 168 101
263 299 371
264 206 150
265 76 103
266 154 150
267 341 254
268 254 31
269 282 185
270 304 31
271 134 262
272 323 116
273 61 299
274 21 94
275 232 29
276 164 52
277 -2 102
278 330 113
279 335 75
280 60 303
281 286 222
282 197 221
283 9 135
284 335 113
285 286 224
286 111 320
287 130 160
288 321 262
289 138 32
290 -2 135
291 32 97
292 74 8
293 9 97
294 73 21
295 17 277
296 45 213
297 9 136
298 -36 226
299 321 124
300 180 40
301 286 260
302 191 126
303 140 86
304 154 86
305 57 96
306 45 189
307 286 185
308 -29 173
309 -29 153
310 32 153
311 216 166
312 202 274
313 139 160
314 73 309
315 171 183
316 321 326
317 330 116
318 130 147
319 143 279
320 136 86
321 130 141
322 73 191
323 -2 130
324 74 15
325 278 260
326 62 147
327 21 153
328 319 168
329 57 62
330 139 226
331 203 150
332 57 32
333 294 279
334 47 303
335 171 126
336 143 288
337 294 31
338 -36 259
339 282 168
340 216 35
341 45 168
342 230 236
343 137 21
344 204 313
345 299 355
346 294 308
347 294 270
348 9 142
349 9 144
350 191 120
351 330 52
352 8 135
353 321 285
354 306 168
355 237 234
356 234 234
357 134 86
358 308 261
2 118 311 
2 278 211 
2 68 322 
3 73 39 214 
2 210 355 
3 69 310 258 
2 225 88 
2 41 150 
3 327 245 349 
2 353 105 
2 252 230 
3 33 15 296 
3 229 13 139 
2 12 275 
2 173 265 
3 11 244 308 
3 110 151 175 
3 27 301 347 
2 216 284 
4 248 128 87 162 
2 67 313 
2 270 337 
3 339 92 148 
2 308 309 
3 273 256 106 
3 175 50 68 
3 331 302 233 
2 333 17 
2 338 298 
2 321 250 
3 319 143 125 
2 127 291 
2 35 130 
3 227 295 11 
3 257 166 169 
2 49 32 
3 202 37 199 
3 132 111 36 
2 244 129 
2 87 3 
2 122 200 
2 201 7 
2 288 112 
2 134 181 
2 198 358 
4 88 351 229 180 
2 188 79 
2 140 299 
2 152 102 
2 323 35 
3 25 296 107 
2 246 213 
2 56 168 
2 75 213 
2 224 331 
3 176 63 292 
2 249 52 
3 350 95 300 
3 233 340 156 
2 64 264 
3 243 242 253 
2 242 181 
2 350 218 
5 293 277 309 55 172 
2 148 59 
3 87 167 116 
3 98 171 203 
2 330 20 
2 25 2 
2 217 5 
4 101 274 332 193 
3 300 208 146 
2 179 83 
3 106 3 151 
3 195 326 157 
2 112 53 
3 239 106 271 
2 276 109 
2 317 272 
3 46 193 294 
2 180 170 
2 137 225 
4 218 335 85 133 
2 72 123 
2 100 307 
3 189 266 82 
2 88 255 
6 256 19 128 183 65 39 
3 6 86 45 
2 103 221 
2 200 147 
3 291 293 274 
2 22 118 
2 189 313 
3 169 156 120 
3 261 276 57 
2 142 159 
2 304 141 
4 111 254 66 344 
3 145 253 210 
2 281 84 
3 329 291 70 
2 48 113 
2 276 89 
3 199 219 301 
2 9 124 
3 24 73 76 
3 322 50 153 
3 187 345 346 
3 208 77 289 
2 271 16 
2 37 98 
2 42 75 
2 102 268 
2 165 259 
4 226 212 236 171 
2 65 295 
3 313 204 131 
2 92 0 
3 213 301 232 
3 268 94 146 
3 356 282 269 
2 301 40 
2 83 188 
2 105 288 
6 30 271 223 204 220 222 
2 306 341 
2 184 31 
3 263 87 19 
2 38 309 
2 32 277 
4 117 321 173 357 
4 212 144 37 345 
2 82 262 
2 312 43 
2 229 270 
3 222 315 251 
4 316 198 267 81 
4 240 232 307 339 
3 12 343 324 
3 150 328 47 
2 97 303 
2 251 96 
3 178 155 30 
3 132 165 254 
2 243 99 
6 275 120 156 340 71 188 
3 90 210 285 
3 22 64 169 
2 302 335 
5 7 161 140 317 216 
3 73 227 16 
2 337 48 
2 107 194 
2 289 191 
3 143 273 239 
3 94 58 146 
4 196 74 217 305 
3 209 178 177 
3 96 186 224 
2 327 230 
2 150 164 
3 286 19 314 
3 206 213 174 
2 161 207 
2 144 114 
3 272 299 34 
3 65 183 298 
2 52 312 
3 34 148 94 
2 80 292 
2 115 66 
3 274 63 332 
2 131 14 
2 163 207 
3 223 16 25 
2 332 55 
3 158 235 249 
3 158 286 143 
2 228 72 
2 45 80 
4 61 43 319 247 
2 231 304 
3 167 87 338 
2 237 127 
2 250 195 
3 159 315 241 
2 260 108 
3 123 146 46 
3 315 93 85 
2 235 336 
3 154 221 193 
3 325 219 243 
3 191 70 79 
2 153 326 
2 185 74 
2 265 157 
3 284 278 279 
3 137 288 44 
2 36 104 
2 40 90 
2 267 41 
2 346 36 
2 66 236 
3 125 215 117 
2 269 339 
2 358 163 
3 164 174 240 
2 71 109 
3 236 248 158 
3 99 4 147 
2 1 351 
3 263 115 132 
4 53 51 119 163 
2 3 227 
3 204 322 287 
3 150 18 225 
3 341 69 157 
2 62 82 
3 104 344 192 
2 125 330 
3 89 357 191 
3 282 125 136 
2 125 175 
3 234 159 54 
3 81 216 6 
2 259 115 
3 151 214 33 
2 343 179 
3 45 135 12 
3 10 160 283 
2 266 182 
2 119 138 
3 26 350 58 
2 311 224 
2 177 190 
3 203 115 209 
2 258 184 
2 324 292 
2 155 76 
3 354 207 138 
2 186 335 
2 60 61 
3 192 60 145 
3 298 38 15 
2 8 309 
2 347 51 
3 342 181 282 
2 209 19 
3 344 177 56 
2 29 185 
2 136 142 
2 258 10 
3 99 60 342 
2 144 98 
2 86 279 
4 334 314 87 24 
2 351 34 
3 5 252 237 
2 114 226 
2 316 187 
2 262 95 
2 133 261 
3 128 212 316 
2 59 331 
2 14 196 
2 85 231 
2 137 201 
2 113 120 
3 307 121 205 
2 135 21 
3 76 110 125 
2 78 166 
3 280 24 155 
3 91 172 70 
2 13 146 
4 95 304 103 77 
2 130 63 
3 197 317 1 
3 255 197 351 
3 314 334 273 
2 285 100 
3 121 247 222 
3 230 297 352 
2 18 197 
2 147 281 
2 178 162 
2 215 318 
3 124 42 198 
2 109 154 
3 352 309 323 
3 31 91 101 
3 170 238 55 
2 91 63 
3 79 332 324 
2 116 33 
3 50 11 306 
2 348 283 
3 167 28 244 
2 47 166 
2 57 71 
5 17 104 325 122 119 
2 26 149 
2 141 320 
3 182 97 276 
2 157 329 
2 296 126 
3 84 269 138 
2 15 23 
5 245 23 129 63 290 
2 5 327 
2 0 234 
2 168 134 
3 93 20 117 
3 162 256 280 
3 136 189 186 
4 263 260 353 137 
3 150 78 278 
2 287 321 
3 336 30 181 
2 303 357 
3 318 29 131 
3 2 107 215 
2 290 49 
3 139 294 238 
2 301 192 
2 194 74 
3 310 8 160 
2 140 354 
2 305 101 
2 220 67 
3 264 54 26 
4 70 172 176 294 
2 346 27 
2 280 256 
3 149 241 82 
2 190 319 
2 21 152 
2 183 28 
3 138 205 22 
2 58 146 
2 126 217 
3 253 247 356 
2 139 228 
3 98 249 219 
2 132 108 
3 108 202 333 
2 17 246 
2 349 297 
2 8 348 
3 233 62 57 
4 279 211 257 45 
2 283 290 
2 316 9 
2 328 240 
2 4 356 
3 355 342 121 
3 320 131 221 
2 44 206 
