370
0 69 106
1 201 243
2 110 193
3 98 220
4 132 116
5 152 220
6 23 205
7 250 286
8 223 78
9 29 134
10 136 193
11 129 11
12 253 79
13 46 238
14 98 94
15 264 186
16 59 266
17 117 63
18 31 237
19 36 149
20 134 148
21 285 215
22 129 25
23 101 94
24 191 233
25 232 185
26 250 280
27 55 123
28 191 11
29 157 186
30 52 136
31 77 228
32 77 226
33 68 265
34 66 68
35 75 129
36 46 232
37 46 265
38 107 11
39 117 62
40 113 193
41 117 75
42 55 266
43 140 252
44 107 193
45 85 26
46 138 240
47 309 215
48 207 142
49 89 30
50 104 263
51 110 9
52 55 126
53 43 255
54 219 173
55 25 149
56 129 13
57 85 20
58 134 123
59 258 194
60 190 77
61 273 168
62 82 41
63 202 255
64 142 50
65 208 255
66 89 25
67 55 152
68 27 166
69 222 0
70 134 119
71 194 -27
72 191 33
73 36 162
74 36 145
75 165 220
76 157 25
77 43 265
78 101 116
79 126 193
80 240 189
81 126 75
82 36 152
83 218 165
84 223 77
85 191 -27
86 155 186
87 202 253
88 82 42
89 55 137
90 132 172
91 107 9
92 77 230
93 136 25
94 250 230
95 166 233
96 166 2
97 29 141
98 227 189
99 55 115
100 140 240
101 222 -27
102 86 238
103 216 77
104 83 78
105 272 286
106 20 106
107 34 187
108 43 238
109 228 78
110 25 142
111 50 152
112 14 94
113 66 233
114 23 228
115 14 84
116 178 220
117 222 -8
118 140 193
119 264 190
120 264 188
121 168 220
122 239 78
123 113 11
124 166 25
125 142 54
126 253 138
127 134 107
128 14 70
129 23 217
130 112 227
131 32 106
132 181 77
133 272 139
134 36 166
135 222 42
136 129 235
137 46 266
138 129 54
139 133 156
140 195 77
141 77 238
142 133 158
143 27 70
144 250 284
145 31 205
146 191 42
147 210 130
148 222 177
149 115 9
150 89 35
151 31 264
152 191 35
153 207 151
154 117 25
155 43 242
156 124 251
157 219 189
158 24 205
159 55 122
160 129 245
161 36 187
162 270 139
163 191 -8
164 91 94
165 36 220
166 234 78
167 133 152
168 122 11
169 250 215
170 149 235
171 163 25
172 222 150
173 150 220
174 181 38
175 131 107
176 74 115
177 248 201
178 117 83
179 292 215
180 112 234
181 240 182
182 43 259
183 246 255
184 142 227
185 207 136
186 309 225
187 222 -15
188 83 79
189 172 38
190 134 154
191 89 90
192 178 186
193 155 193
194 161 220
195 123 235
196 112 263
197 244 78
198 219 177
199 131 235
200 46 235
201 66 232
202 248 202
203 112 235
204 228 182
205 80 265
206 66 70
207 247 224
208 129 18
209 69 220
210 14 103
211 123 245
212 25 141
213 138 252
214 98 213
215 136 154
216 207 165
217 75 122
218 126 251
219 89 28
220 31 240
221 31 258
222 89 42
223 256 139
224 52 134
225 85 16
226 173 220
227 89 94
228 263 215
229 210 147
230 31 249
231 134 153
232 250 249
233 129 9
234 27 106
235 37 106
236 66 265
237 211 42
238 126 116
239 232 182
240 166 21
241 89 87
242 150 227
243 132 129
244 198 77
245 85 75
246 219 165
247 97 265
248 85 42
249 239 60
250 74 129
251 210 148
252 201 231
253 53 232
254 82 12
255 55 116
256 59 68
257 256 138
258 253 78
259 66 266
260 197 42
261 209 43
262 132 139
263 309 286
264 264 194
265 253 119
266 117 37
267 202 243
268 36 142
269 107 183
270 253 81
271 85 78
272 66 238
273 89 75
274 207 143
275 191 -22
276 219 182
277 75 116
278 129 2
279 126 263
280 228 185
281 126 11
282 14 77
283 147 227
284 69 238
285 244 60
286 210 137
287 82 116
288 295 286
289 85 33
290 273 139
291 209 42
292 85 220
293 216 255
294 244 63
295 128 54
296 85 12
297 23 264
298 37 152
299 87 75
300 132 158
301 31 219
302 253 110
303 103 265
304 89 40
305 36 134
306 55 136
307 264 193
308 29 136
309 207 130
310 191 27
311 219 169
312 117 94
313 191 231
314 104 265
315 210 142
316 273 178
317 210 138
318 55 70
319 49 134
320 211 43
321 142 52
322 82 16
323 27 187
324 132 152
325 128 75
326 176 233
327 65 220
328 309 240
329 31 252
330 128 107
331 59 42
332 213 165
333 104 251
334 264 178
335 142 38
336 207 131
337 153 25
338 31 232
339 247 255
340 14 75
341 275 190
342 253 97
343 89 82
344 248 224
345 83 106
346 98 183
347 128 85
348 275 193
349 59 70
350 136 172
351 273 170
352 46 234
353 181 55
354 77 220
355 52 142
356 248 194
357 104 238
358 166 235
359 123 244
360 207 138
361 14 106
362 191 41
363 128 63
364 178 215
365 40 106
366 81 42
367 221 177
368 135 172
369 222 148
3 176 327 206 
3 267 87 358 
2 40 44 
4 173 292 214 44 
3 243 238 127 
2 194 173 
3 158 129 112 
6 105 297 137 259 314 144 
3 109 369 84 
3 308 212 365 
2 118 79 
3 56 281 233 
2 270 258 
2 37 200 
2 23 164 
2 120 334 
2 259 42 
2 41 39 
2 220 338 
2 82 74 
2 231 58 
3 179 228 264 
3 93 154 208 
2 312 14 
3 267 326 313 
3 80 280 239 
2 144 232 
2 52 159 
2 310 163 
2 192 86 
2 355 224 
2 92 32 
2 31 354 
2 205 236 
3 206 349 366 
3 346 250 217 
4 253 352 108 111 
2 137 13 
3 123 296 91 
2 17 266 
2 79 2 
3 81 178 17 
2 16 137 
3 63 213 160 
3 2 3 269 
2 289 57 
3 100 160 195 
2 186 101 
2 274 360 
2 150 219 
3 196 314 333 
2 149 91 
2 306 27 
2 182 155 
2 198 311 
3 68 115 110 
2 208 11 
3 66 45 225 
3 20 167 70 
2 264 356 
2 140 132 
2 351 290 
2 88 322 
3 65 279 43 
2 321 335 
3 293 63 87 
3 154 219 57 
3 327 355 89 
3 323 55 97 
2 135 117 
2 58 127 
3 101 275 85 
2 152 310 
2 134 82 
2 19 268 
2 121 194 
2 171 337 
3 137 151 182 
2 238 287 
2 10 40 
3 356 25 181 
2 325 41 
3 298 73 19 
2 246 332 
3 8 103 249 
2 71 254 
3 29 193 350 
3 65 100 1 
3 104 366 62 
2 67 306 
4 368 269 300 142 
4 51 38 296 278 
2 141 31 
2 337 22 
2 232 169 
3 326 358 242 
3 240 233 163 
3 68 308 305 
3 207 157 280 
3 255 305 206 
3 87 46 136 
4 47 258 187 71 
2 357 141 
3 84 147 320 
3 271 188 88 
2 288 7 
3 234 212 340 
2 161 323 
3 155 165 36 
2 166 8 
2 55 212 
3 36 298 355 
3 6 210 115 
2 272 201 
2 297 129 
3 55 112 282 
3 313 226 364 
3 285 69 187 
2 193 10 
3 348 307 120 
2 119 15 
3 226 75 193 
2 197 166 
2 168 38 
3 174 171 240 
3 353 138 321 
3 223 181 265 
4 70 4 175 132 
2 340 254 
2 114 6 
3 184 180 354 
2 235 234 
3 60 127 353 
2 290 162 
2 161 73 
3 249 237 69 
3 199 100 195 
5 42 7 297 77 37 
2 125 295 
2 142 167 
2 244 60 
3 102 284 92 
3 90 139 190 
3 318 340 331 
5 7 279 339 344 26 
3 301 158 161 
4 260 261 353 362 
3 286 309 103 
3 204 367 172 
2 233 51 
2 304 49 
3 77 297 221 
2 362 72 
3 216 274 251 
4 22 335 266 66 
2 53 108 
2 218 333 
3 98 252 276 
3 145 6 323 
2 27 255 
3 43 359 46 
4 165 145 107 134 
2 133 223 
3 28 96 275 
2 14 227 
3 108 221 161 
2 122 109 
3 139 324 58 
2 281 123 
3 228 94 177 
2 358 199 
2 124 76 
2 148 369 
2 5 3 
3 362 189 124 
2 127 330 
3 277 250 0 
3 169 202 356 
2 312 41 
4 186 21 348 341 
3 195 203 130 
3 80 239 126 
2 77 53 
2 339 293 
2 283 130 
3 360 215 336 
4 328 179 290 47 
2 117 101 
2 345 104 
2 174 335 
3 215 142 231 
2 227 241 
3 364 29 216 
3 121 118 86 
3 75 242 5 
3 136 46 180 
3 279 50 213 
3 270 122 294 
3 367 276 54 
2 170 136 
2 13 352 
4 113 253 327 209 
2 344 177 
3 359 357 180 
3 239 280 148 
2 247 33 
3 0 99 34 
3 344 339 98 
2 22 56 
3 354 201 250 
2 361 112 
3 218 357 359 
3 110 106 9 
3 43 196 218 
2 3 346 
3 350 190 185 
3 332 192 153 
2 35 277 
3 213 156 211 
2 49 66 
2 230 18 
3 151 329 165 
2 273 304 
4 162 334 126 257 
3 30 319 255 
2 57 296 
2 116 121 
3 164 345 191 
2 21 169 
2 251 315 
2 329 220 
2 190 20 
2 26 94 
4 11 149 278 96 
2 131 106 
2 365 131 
3 33 259 272 
3 135 320 291 
3 4 78 330 
3 181 25 204 
2 124 96 
3 191 271 343 
3 95 283 194 
2 262 4 
3 309 140 261 
3 299 271 248 
4 311 83 251 369 
2 303 205 
2 245 289 
3 294 84 135 
3 35 209 176 
3 246 153 229 
3 339 313 157 
2 201 36 
6 296 322 366 331 128 85 
3 159 224 99 
2 349 331 
3 290 223 342 
4 290 12 285 101 
3 7 16 236 
2 291 146 
3 320 244 146 
2 324 243 
2 288 328 
3 21 59 307 
2 126 302 
3 295 39 154 
3 293 1 24 
2 74 305 
3 44 346 90 
3 342 197 12 
3 241 104 245 
3 284 236 113 
3 343 299 222 
2 153 48 
3 163 278 71 
2 157 198 
3 287 217 176 
3 233 91 275 
3 144 196 63 
3 25 98 204 
2 11 168 
2 115 340 
2 242 184 
3 141 333 272 
3 258 294 117 
2 317 147 
3 78 277 345 
2 263 105 
2 248 45 
5 186 61 133 257 258 
2 237 260 
2 3 354 
3 183 65 267 
3 197 249 285 
3 138 363 266 
4 225 254 91 38 
5 151 137 7 361 114 
2 111 82 
2 273 245 
2 90 324 
2 338 145 
2 265 342 
2 314 247 
2 222 150 
4 319 268 97 99 
2 89 52 
2 264 119 
2 97 9 
3 147 336 244 
2 72 28 
2 54 246 
3 330 23 178 
3 252 24 116 
3 7 303 50 
2 229 317 
3 341 334 351 
2 315 286 
2 349 143 
2 224 305 
3 103 261 237 
2 125 64 
2 62 254 
3 107 158 68 
3 167 300 262 
3 347 81 363 
2 24 95 
3 201 67 0 
2 263 186 
2 221 230 
4 175 238 312 347 
3 256 143 254 
2 83 216 
3 156 50 284 
3 316 15 223 
3 189 64 154 
2 185 309 
2 76 93 
2 18 301 
4 144 183 252 207 
4 106 282 128 143 
3 179 348 316 
3 257 302 270 
2 241 273 
3 144 207 202 
3 287 188 227 
3 269 214 35 
2 330 325 
3 179 119 341 
4 365 318 256 34 
3 86 368 215 
2 316 61 
2 200 36 
3 132 125 146 
4 292 130 32 209 
3 67 111 30 
3 59 177 80 
3 211 102 203 
3 1 170 95 
3 160 211 203 
2 48 185 
2 297 210 
3 146 174 152 
2 325 295 
2 116 192 
3 9 235 349 
3 88 34 254 
2 148 198 
2 350 90 
3 172 246 8 
