676
0 195 463
1 323 130
2 332 111
3 166 477
4 398 542
5 510 23
6 323 168
7 336 315
8 38 354
9 168 477
10 406 390
11 192 30
12 101 124
13 410 390
14 347 393
15 445 48
16 332 35
17 398 554
18 283 20
19 90 477
20 276 436
21 254 482
22 383 -5
23 161 423
24 80 276
25 60 327
26 332 23
27 446 295
28 169 423
29 367 529
30 269 304
31 172 178
32 326 244
33 239 360
34 363 435
35 38 357
36 347 398
37 161 364
38 326 43
39 591 372
40 239 96
41 310 110
42 485 121
43 24 248
44 175 178
45 276 435
46 465 14
47 255 96
48 192 33
49 84 247
50 286 288
51 591 259
52 542 202
53 304 79
54 362 256
55 509 495
56 483 27
57 31 383
58 191 477
59 50 108
60 332 123
61 339 16
62 337 308
63 580 77
64 349 439
65 95 248
66 154 339
67 509 442
68 194 487
69 460 237
70 507 440
71 445 22
72 -21 378
73 60 238
74 565 396
75 306 106
76 326 285
77 82 290
78 580 37
79 84 194
80 161 397
81 367 437
82 14 248
83 429 315
84 363 417
85 240 45
86 591 378
87 217 464
88 565 378
89 33 378
90 483 119
91 301 190
92 229 150
93 153 469
94 383 -4
95 246 3
96 333 402
97 161 390
98 249 482
99 301 233
100 325 380
101 274 20
102 191 191
103 526 10
104 385 182
105 252 304
106 84 276
107 291 233
108 50 82
109 591 361
110 510 100
111 38 378
112 192 54
113 229 159
114 378 253
115 421 -12
116 248 150
117 455 54
118 483 14
119 84 208
120 203 464
121 24 339
122 349 383
123 154 386
124 175 360
125 451 275
126 84 275
127 339 13
128 294 411
129 336 308
130 106 477
131 315 288
132 95 253
133 363 459
134 398 563
135 259 96
136 234 304
137 194 490
138 276 445
139 383 182
140 40 317
141 101 87
142 509 527
143 153 457
144 276 411
145 40 323
146 527 77
147 106 427
148 31 339
149 229 76
150 306 113
151 43 248
152 237 159
153 542 244
154 483 106
155 323 190
156 275 239
157 509 440
158 364 16
159 325 444
160 106 392
161 478 129
162 84 248
163 294 380
164 367 483
165 284 150
166 591 266
167 42 82
168 246 14
169 191 204
170 154 357
171 473 219
172 565 259
173 306 104
174 423 182
175 334 130
176 367 527
177 269 288
178 137 128
179 510 14
180 195 458
181 363 419
182 308 288
183 106 463
184 178 423
185 282 235
186 510 16
187 161 380
188 182 423
189 195 464
190 451 295
191 84 271
192 349 398
193 510 -6
194 332 32
195 408 390
196 387 -12
197 191 239
198 526 77
199 398 551
200 276 425
201 293 150
202 140 170
203 246 1
204 60 231
205 226 336
206 332 20
207 242 150
208 140 128
209 195 429
210 495 404
211 326 266
212 44 248
213 24 334
214 510 27
215 194 477
216 223 360
217 540 107
218 31 403
219 310 113
220 509 544
221 347 397
222 334 123
223 325 430
224 60 271
225 101 120
226 38 376
227 485 124
228 248 85
229 229 157
230 344 16
231 421 13
232 347 383
233 333 393
234 542 199
235 273 14
236 23 295
237 244 304
238 172 174
239 326 232
240 276 482
241 273 159
242 239 338
243 451 315
244 533 77
245 509 445
246 483 77
247 577 378
248 325 433
249 332 44
250 217 492
251 328 20
252 229 96
253 230 239
254 367 538
255 580 28
256 421 16
257 196 328
258 257 304
259 235 482
260 451 244
261 224 492
262 42 248
263 485 186
264 261 482
265 439 295
266 77 332
267 233 239
268 244 96
269 316 385
270 194 483
271 29 290
272 25 271
273 31 437
274 460 233
275 257 1
276 89 477
277 276 428
278 445 18
279 580 27
280 332 31
281 14 271
282 299 13
283 191 178
284 17 295
285 294 395
286 326 252
287 426 275
288 290 20
289 282 233
290 347 400
291 59 170
292 60 276
293 81 332
294 385 391
295 217 468
296 94 313
297 337 315
298 459 563
299 59 128
300 478 142
301 565 401
302 178 360
303 367 464
304 60 326
305 478 77
306 520 14
307 562 77
308 191 221
309 326 264
310 419 256
311 226 328
312 24 336
313 288 45
314 591 289
315 294 386
316 172 177
317 526 14
318 226 315
319 528 77
320 2 378
321 58 271
322 316 407
323 325 428
324 291 20
325 423 295
326 460 563
327 240 482
328 473 186
329 540 148
330 154 331
331 153 418
332 293 157
333 591 282
334 60 248
335 379 253
336 540 178
337 33 323
338 31 328
339 192 32
340 111 290
341 316 380
342 248 154
343 379 211
344 106 428
345 326 259
346 255 85
347 106 438
348 319 288
349 154 313
350 483 24
351 416 182
352 293 43
353 316 432
354 325 405
355 99 295
356 140 124
357 551 244
358 288 411
359 24 402
360 61 170
361 196 315
362 383 -12
363 253 338
364 379 206
365 509 489
366 542 214
367 50 102
368 563 259
369 85 295
370 325 414
371 217 465
372 282 150
373 301 165
374 445 54
375 254 159
376 404 390
377 483 90
378 101 92
379 367 495
380 445 16
381 237 96
382 106 414
383 86 290
384 60 194
385 478 177
386 313 46
387 483 6
388 284 45
389 349 400
390 17 293
391 276 472
392 347 402
393 316 444
394 50 123
395 473 6
396 106 469
397 318 190
398 410 391
399 161 362
400 510 -2
401 293 1
402 -21 339
403 306 160
404 243 159
405 373 437
406 286 96
407 504 -6
408 464 182
409 111 295
410 24 428
411 363 390
412 229 304
413 177 477
414 18 248
415 67 276
416 326 288
417 222 360
418 290 45
419 363 434
420 133 124
421 509 463
422 212 464
423 131 312
424 463 219
425 449 54
426 430 16
427 192 239
428 310 111
429 425 182
430 230 150
431 196 318
432 445 28
433 509 500
434 14 257
435 591 296
436 196 54
437 101 28
438 239 368
439 501 440
440 510 6
441 226 304
442 349 412
443 315 20
444 258 338
445 106 455
446 31 388
447 114 14
448 167 423
449 363 449
450 124 295
451 373 391
452 248 96
453 495 440
454 465 6
455 101 81
456 379 234
457 419 304
458 27 290
459 60 332
460 483 3
461 53 150
462 591 351
463 17 290
464 509 449
465 398 538
466 153 392
467 119 312
468 212 315
469 217 471
470 192 26
471 332 39
472 165 423
473 487 563
474 370 390
475 293 96
476 367 489
477 445 46
478 293 151
479 106 412
480 437 563
481 464 177
482 97 312
483 478 78
484 106 422
485 383 16
486 94 392
487 473 199
488 101 14
489 296 20
490 84 202
491 299 1
492 306 124
493 301 232
494 220 315
495 363 409
496 326 240
497 379 182
498 239 364
499 161 360
500 333 380
501 347 394
502 590 378
503 292 20
504 126 295
505 485 125
506 229 158
507 153 477
508 495 436
509 455 27
510 495 402
511 347 380
512 563 244
513 367 442
514 451 268
515 24 378
516 293 46
517 69 276
518 523 27
519 294 408
520 229 54
521 326 46
522 332 85
523 192 14
524 183 360
525 40 318
526 83 128
527 419 295
528 24 437
529 321 20
530 65 332
531 306 110
532 261 45
533 451 245
534 236 159
535 419 275
536 89 481
537 259 336
538 542 211
539 195 452
540 509 563
541 240 41
542 325 401
543 323 161
544 483 115
545 284 96
546 483 -6
547 16 339
548 460 232
549 212 54
550 294 381
551 445 19
552 399 -12
553 153 465
554 591 277
555 227 360
556 419 306
557 293 79
558 24 418
559 98 290
560 195 423
561 94 391
562 224 482
563 236 150
564 89 490
565 24 328
566 188 490
567 526 6
568 85 170
569 264 304
570 94 312
571 269 1
572 206 464
573 408 391
574 306 165
575 126 290
576 191 238
577 255 154
578 483 94
579 332 63
580 565 402
581 419 315
582 306 96
583 75 170
584 460 219
585 333 399
586 53 157
587 273 20
588 478 86
589 392 -12
590 485 173
591 78 276
592 540 199
593 224 360
594 381 538
595 270 150
596 323 175
597 540 100
598 81 326
599 373 407
600 477 14
601 101 65
602 153 419
603 510 77
604 293 158
605 38 339
606 460 244
607 94 367
608 331 130
609 367 478
610 256 45
611 211 315
612 510 87
613 349 459
614 379 208
615 248 153
616 306 144
617 60 213
618 229 64
619 333 392
620 33 317
621 154 312
622 349 380
623 198 328
624 290 41
625 53 128
626 306 79
627 316 439
628 273 158
629 363 438
630 36 378
631 53 170
632 128 170
633 347 389
634 38 368
635 94 332
636 95 271
637 164 174
638 540 136
639 192 38
640 255 150
641 253 482
642 60 236
643 383 0
644 417 -12
645 84 218
646 401 390
647 591 308
648 363 393
649 31 378
650 154 392
651 259 338
652 424 275
653 143 174
654 282 239
655 349 434
656 67 128
657 38 363
658 565 380
659 114 312
660 24 271
661 509 555
662 35 378
663 485 119
664 373 429
665 483 91
666 140 174
667 455 33
668 470 27
669 441 563
670 42 123
671 227 368
672 74 128
673 362 253
674 275 1
675 197 360
2 189 180 
3 608 543 219 
2 60 522 
2 9 507 
3 199 594 465 
2 214 186 
2 596 543 
2 297 318 
2 35 605 
2 413 3 
2 195 376 
2 339 470 
3 420 625 225 
3 398 195 581 
2 501 633 
2 374 477 
2 471 194 
3 134 254 199 
2 288 101 
2 130 276 
2 138 45 
2 264 641 
2 94 362 
3 472 553 80 
2 106 591 
2 459 304 
2 280 206 
2 190 265 
2 184 448 
3 594 240 176 
3 129 569 504 
3 44 65 316 
2 286 496 
3 498 555 242 
2 629 419 
2 657 8 
2 290 221 
2 187 399 
3 521 386 280 
2 86 109 
3 268 381 228 
3 60 428 582 
2 227 663 
2 262 414 
2 283 31 
2 20 277 
3 600 380 231 
2 135 452 
2 639 339 
2 162 645 
2 182 177 
2 166 279 
2 538 234 
2 626 557 
3 646 239 673 
2 433 365 
3 214 668 350 
2 446 649 
2 215 413 
2 394 367 
4 222 175 41 2 
3 230 206 235 
3 646 129 416 
4 314 172 512 78 
2 613 655 
3 132 119 31 
2 170 330 
2 245 157 
2 137 270 
3 606 260 274 
2 157 439 
2 432 551 
3 320 528 402 
2 334 642 
2 301 658 
2 531 173 
2 416 211 
2 383 271 
2 63 255 
3 490 384 666 
3 23 650 97 
3 405 513 181 
4 414 434 402 670 
2 243 581 
2 181 495 
3 610 520 541 
3 540 502 39 
3 371 422 671 
2 658 172 
2 662 649 
3 663 300 544 
2 493 373 
3 430 229 252 
3 507 479 553 
2 643 22 
2 168 203 
3 392 323 585 
2 80 187 
2 641 327 
3 309 107 493 
3 500 542 341 
2 18 587 
2 169 283 
2 317 567 
2 351 139 
2 258 237 
3 177 24 126 
2 99 289 
4 367 670 167 455 
2 39 462 
3 597 663 612 
3 486 630 226 
3 436 356 639 
3 534 283 506 
2 335 673 
2 193 644 
3 640 615 207 
3 305 425 667 
3 350 600 387 
3 65 645 490 
3 572 469 189 
3 148 547 312 
3 133 192 622 
2 650 170 
2 302 499 
3 190 287 514 
3 106 191 636 
2 231 282 
3 353 358 519 
3 62 297 30 
3 507 19 396 
2 348 182 
2 636 65 
3 379 122 449 
3 480 564 17 
3 545 47 346 
2 237 412 
3 250 566 68 
2 391 20 
2 104 497 
3 525 620 296 
2 378 455 
2 220 433 
2 553 602 
3 358 200 438 
3 304 337 525 
2 319 198 
2 344 484 
2 605 121 
3 228 252 618 
2 492 531 
2 212 262 
2 404 534 
3 357 510 366 
2 544 578 
3 673 397 596 
2 654 267 
3 67 70 368 
2 485 230 
3 613 393 248 
2 466 486 
2 300 588 
2 191 49 
3 341 550 651 
2 476 609 
2 201 372 
2 554 51 
3 108 402 488 
3 235 523 95 
2 308 102 
3 499 123 66 
4 606 424 487 592 
4 247 88 368 63 
2 75 582 
2 429 351 
3 497 608 60 
2 29 379 
3 50 575 106 
2 208 526 
3 306 186 440 
2 0 539 
3 81 419 84 
2 131 50 
2 396 445 
2 188 28 
2 654 289 
2 5 179 
2 97 37 
2 560 184 
3 120 215 0 
3 243 27 125 
2 126 162 
2 389 122 
3 279 407 115 
2 16 280 
2 13 10 
2 589 362 
3 427 636 576 
2 146 603 
2 17 4 
2 277 144 
3 478 165 475 
3 666 632 208 
4 275 95 488 362 
2 642 617 
3 242 330 623 
3 26 251 61 
2 116 563 
3 202 178 356 
2 539 560 
2 508 510 
2 76 309 
3 321 151 631 
2 312 565 
3 518 56 5 
3 270 58 189 
2 593 417 
2 638 597 
2 273 446 
3 1 531 428 
3 661 142 580 
2 36 501 
3 481 60 374 
2 248 323 
3 292 321 334 
2 12 378 
2 111 634 
2 505 42 
3 346 40 149 
2 506 92 
2 158 61 
3 46 127 454 
2 633 511 
2 585 619 
3 52 592 307 
3 61 168 282 
3 570 620 390 
2 105 136 
3 316 637 549 
3 54 496 397 
4 29 264 391 393 
3 289 375 628 
3 363 33 205 
4 510 83 190 606 
2 307 319 
2 464 67 
3 603 377 305 
3 502 580 172 
2 159 223 
2 579 471 
3 261 254 137 
2 206 529 
3 381 92 149 
2 267 427 
3 594 17 250 
3 78 307 279 
2 426 485 
3 623 330 598 
2 569 105 
2 327 562 
3 533 310 69 
3 594 250 562 
2 151 43 
4 592 328 385 590 
2 240 21 
2 27 325 
2 293 530 
2 156 253 
2 452 40 
2 322 341 
2 68 215 
2 77 458 
2 321 660 
3 276 528 218 
2 69 548 
2 571 203 
3 19 536 273 
2 45 200 
2 551 380 
6 51 255 518 317 567 193 
3 194 38 26 
4 660 463 320 434 
3 127 235 491 
3 102 44 113 
3 565 547 390 
2 519 315 
2 345 32 
2 125 652 
2 324 18 
3 107 185 241 
2 392 36 
2 360 631 
3 415 458 224 
2 635 266 
2 573 451 
2 469 371 
3 349 140 570 
4 622 537 7 129 
2 326 669 
2 656 625 
3 385 161 90 
2 580 74 
2 524 124 
2 609 513 
3 598 25 145 
3 246 483 117 
2 317 179 
4 234 597 244 255 
2 576 169 
4 211 654 99 345 
3 535 335 260 
3 537 623 431 
2 121 213 
2 418 388 
3 435 63 333 
2 285 550 
2 31 238 
3 279 306 103 
2 7 494 
2 244 146 
4 515 72 281 547 
3 224 272 212 
2 353 269 
3 223 370 96 
2 503 288 
2 265 527 
2 473 298 
2 98 259 
3 263 487 408 
2 336 638 
4 205 66 635 257 
2 602 466 
2 604 478 
2 314 554 
2 224 73 
3 310 114 456 
2 592 329 
3 145 338 620 
3 605 565 337 
2 48 11 
2 575 559 
3 100 269 163 
3 577 534 615 
2 456 614 
2 347 147 
2 309 286 
3 135 228 418 
2 445 344 
2 416 131 
3 361 296 621 
2 56 118 
2 174 104 
4 386 516 418 624 
3 627 128 322 
2 370 542 
2 409 369 
3 208 420 112 
2 512 153 
2 128 144 
2 558 515 
2 583 291 
3 611 431 349 
4 196 22 203 488 
2 444 242 
2 614 497 
2 55 421 
2 153 538 
2 59 108 
3 172 157 512 
3 355 441 390 
2 323 354 
2 295 87 
2 165 595 
3 574 91 604 
3 425 222 15 
2 241 404 
2 10 646 
2 665 246 
2 225 141 
4 176 613 133 476 
3 278 426 46 
2 40 252 
2 484 479 
2 559 77 
3 79 617 631 
3 263 481 300 
3 626 352 38 
3 118 395 460 
2 313 532 
2 442 192 
4 369 236 284 463 
2 240 138 
3 655 96 290 
3 159 240 627 
3 625 670 59 
2 387 454 
2 130 183 
3 155 239 574 
3 453 573 13 
2 37 499 
3 567 440 407 
2 491 674 
3 72 167 82 
2 574 616 
2 375 152 
3 465 81 664 
2 475 545 
3 193 400 546 
3 328 429 481 
2 450 355 
2 528 558 
3 474 648 622 
2 136 441 
2 58 9 
2 43 82 
2 517 292 
3 62 348 76 
3 216 560 675 
3 346 313 352 
2 34 181 
2 356 12 
2 365 464 
2 87 572 
2 621 467 
2 171 584 
2 117 374 
2 380 256 
2 253 197 
2 219 41 
2 408 174 
2 563 92 
3 311 598 361 
2 477 71 
2 142 55 
2 281 82 
2 647 314 
2 549 112 
2 601 488 
3 144 671 498 
2 70 453 
2 179 400 
3 412 621 369 
2 655 389 
2 529 489 
2 651 363 
2 183 347 
2 218 57 
2 523 488 
2 28 472 
2 133 629 
2 504 409 
3 294 599 474 
2 47 268 
4 439 465 398 508 
3 395 231 643 
3 141 108 601 
2 335 343 
2 556 527 
3 271 463 292 
3 530 605 25 
2 387 546 
2 586 625 
2 109 647 
3 458 390 281 
2 421 245 
3 4 405 453 
3 650 331 160 
2 423 659 
2 494 611 
3 562 120 295 
3 541 11 523 
2 249 16 
2 448 23 
2 540 326 
3 646 451 411 
3 201 406 557 
2 379 164 
2 15 432 
2 332 201 
3 93 382 486 
2 669 134 
3 385 408 222 
2 659 570 
2 588 305 
2 147 382 
2 256 158 
4 160 479 111 561 
2 171 328 
5 447 437 167 362 203 
2 443 503 
2 119 79 
3 282 401 643 
2 616 150 
2 99 91 
2 318 468 
2 84 648 
2 32 239 
4 139 584 364 175 
2 438 33 
3 124 399 170 
3 511 619 100 
2 221 14 
2 86 247 
2 489 324 
3 30 450 575 
2 590 227 
2 113 229 
3 3 130 93 
2 453 210 
3 668 667 551 
3 210 243 153 
3 622 232 500 
3 368 357 63 
2 303 81 
2 125 533 
3 649 359 320 
2 557 352 
2 591 415 
2 279 214 
2 128 285 
3 618 549 85 
3 522 626 38 
3 2 521 579 
4 168 587 470 447 
2 675 302 
2 145 140 
2 178 672 
3 325 457 535 
4 273 564 72 410 
2 251 443 
2 266 459 
3 219 150 75 
2 388 610 
2 514 260 
3 152 113 342 
3 652 527 310 
2 564 276 
3 651 311 297 
2 366 52 
2 180 209 
3 473 661 86 
3 624 85 470 
2 354 100 
2 6 1 
2 90 154 
2 406 135 
3 407 460 644 
3 121 320 284 
2 274 584 
3 520 238 436 
2 315 163 
3 509 71 278 
2 644 589 
3 93 143 23 
2 333 166 
3 33 671 593 
2 581 457 
3 53 475 516 
2 410 359 
2 340 383 
3 209 188 417 
2 486 607 
3 259 261 469 
2 207 430 
4 566 134 528 536 
3 338 213 284 
2 137 564 
3 279 103 400 
2 632 583 
2 30 258 
3 482 296 236 
2 674 275 
2 422 120 
2 398 294 
3 397 373 403 
3 504 340 177 
2 197 308 
3 628 342 595 
2 154 665 
2 522 249 
3 220 301 247 
3 83 13 556 
3 41 173 626 
2 568 360 
3 424 548 497 
2 96 233 
2 631 461 
3 101 624 523 
2 161 483 
2 552 196 
2 263 505 
2 24 517 
4 234 171 263 336 
2 555 216 
4 4 254 261 29 
3 372 577 640 
2 155 6 
3 217 110 307 
3 257 304 431 
2 664 451 
2 118 46 
2 455 437 
2 143 331 
3 198 612 246 
3 373 628 332 
4 8 148 338 459 
3 243 69 171 
2 561 635 
2 175 1 
2 164 303 
2 532 85 
2 468 361 
2 110 603 
3 379 159 64 
2 343 364 
2 342 116 
2 403 492 
2 204 384 
2 149 520 
2 233 500 
3 140 337 236 
3 349 423 441 
4 411 122 511 297 
3 311 205 257 
3 352 541 587 
4 299 461 394 12 
4 582 53 386 521 
2 393 353 
3 604 241 577 
2 449 34 
2 111 662 
4 291 384 212 586 
2 202 568 
2 14 232 
2 226 657 
3 607 293 330 
3 126 132 197 
2 238 653 
2 329 217 
2 112 48 
2 595 116 
2 21 98 
2 73 204 
3 454 491 94 
3 115 546 552 
2 49 119 
4 376 474 62 54 
2 462 435 
2 495 411 
3 89 57 515 
3 80 466 123 
3 163 444 537 
2 287 535 
2 637 666 
3 309 156 185 
3 64 392 442 
2 672 299 
2 634 35 
2 74 88 
2 467 482 
2 272 281 
2 540 220 
2 630 89 
3 42 90 110 
2 405 599 
2 578 377 
3 653 79 202 
2 117 509 
2 56 509 
2 298 480 
3 394 82 108 
3 438 87 555 
2 526 656 
3 114 54 155 
2 401 571 
2 417 524 
