754
0 507 788
1 654 112
2 154 -64
3 407 169
4 90 616
5 189 460
6 217 239
7 665 725
8 186 460
9 407 135
10 729 668
11 287 385
12 480 334
13 616 661
14 302 397
15 554 690
16 407 244
17 140 165
18 23 494
19 527 360
20 678 24
21 294 332
22 507 739
23 504 585
24 16 497
25 114 374
26 294 294
27 505 690
28 141 176
29 729 628
30 38 527
31 663 313
32 594 868
33 237 -5
34 86 41
35 409 571
36 786 508
37 116 614
38 461 574
39 786 373
40 141 245
41 107 614
42 678 19
43 818 374
44 482 40
45 287 293
46 153 563
47 83 525
48 255 84
49 154 551
50 715 112
51 613 388
52 384 32
53 157 551
54 601 688
55 729 708
56 287 361
57 628 373
58 32 270
59 483 554
60 461 707
61 776 373
62 661 155
63 172 499
64 616 628
65 583 388
66 707 264
67 327 13
68 742 614
69 548 690
70 775 155
71 119 509
72 257 13
73 86 26
74 220 162
75 266 451
76 601 663
77 432 383
78 172 460
79 364 89
80 99 149
81 592 731
82 478 554
83 776 520
84 153 576
85 236 616
86 141 269
87 142 165
88 300 640
89 86 59
90 100 690
91 408 571
92 800 344
93 482 75
94 114 411
95 699 358
96 678 13
97 811 373
98 116 165
99 800 318
100 729 643
101 507 835
102 546 388
103 800 155
104 579 313
105 114 355
106 815 119
107 707 323
108 16 548
109 432 393
110 616 694
111 670 9
112 760 112
113 442 571
114 295 647
115 401 244
116 153 551
117 345 474
118 482 173
119 407 110
120 141 338
121 786 444
122 164 504
123 260 162
124 99 154
125 188 154
126 237 10
127 433 731
128 161 504
129 800 224
130 690 217
131 560 868
132 507 334
133 291 10
134 786 112
135 464 704
136 40 527
137 707 290
138 573 253
139 327 474
140 514 40
141 151 616
142 23 488
143 395 288
144 432 384
145 294 322
146 566 40
147 260 131
148 554 730
149 567 614
150 266 479
151 536 690
152 676 518
153 400 419
154 219 690
155 368 731
156 339 13
157 454 334
158 186 469
159 132 616
160 50 527
161 673 112
162 579 257
163 86 47
164 654 155
165 461 572
166 586 731
167 494 585
168 786 404
169 240 690
170 232 154
171 554 709
172 516 868
173 99 136
174 536 697
175 129 690
176 786 518
177 173 616
178 395 249
179 86 -64
180 90 632
181 406 281
182 494 211
183 86 76
184 506 253
185 87 509
186 186 476
187 237 48
188 461 731
189 114 388
190 618 628
191 176 154
192 707 227
193 654 132
194 236 551
195 671 112
196 507 844
197 654 739
198 560 615
199 141 186
200 464 693
201 725 614
202 114 447
203 491 211
204 391 32
205 628 118
206 674 9
207 83 509
208 538 739
209 191 239
210 654 807
211 579 277
212 650 725
213 97 614
214 200 690
215 301 479
216 809 404
217 16 572
218 287 345
219 189 494
220 432 334
221 116 154
222 121 509
223 147 154
224 618 614
225 707 286
226 601 731
227 507 868
228 527 334
229 662 373
230 265 640
231 482 51
232 654 184
233 675 73
234 141 210
235 191 216
236 173 595
237 559 868
238 465 334
239 770 155
240 467 542
241 713 224
242 189 487
243 609 739
244 418 393
245 800 249
246 172 474
247 690 283
248 628 94
249 375 407
250 24 527
251 265 10
252 575 731
253 309 451
254 186 489
255 163 572
256 237 27
257 633 313
258 304 762
259 649 184
260 727 614
261 482 91
262 482 208
263 20 249
264 86 45
265 748 155
266 406 731
267 536 614
268 163 616
269 707 307
270 255 151
271 240 692
272 654 131
273 318 452
274 540 615
275 236 554
276 628 145
277 658 373
278 552 614
279 507 764
280 566 739
281 757 155
282 260 146
283 99 138
284 191 175
285 141 165
286 39 249
287 173 614
288 525 615
289 462 704
290 613 384
291 506 560
292 -1 249
293 251 162
294 114 424
295 406 287
296 50 461
297 24 572
298 153 613
299 252 10
300 117 616
301 237 -16
302 242 48
303 99 92
304 83 579
305 377 354
306 512 40
307 578 388
308 529 690
309 739 344
310 393 288
311 24 445
312 762 155
313 569 615
314 564 253
315 384 5
316 554 724
317 534 700
318 690 192
319 690 269
320 237 13
321 616 706
322 146 460
323 692 373
324 163 554
325 649 170
326 481 690
327 10 270
328 784 224
329 774 155
330 220 551
331 585 313
332 411 317
333 114 407
334 384 -13
335 655 373
336 482 54
337 613 373
338 516 739
339 151 690
340 690 298
341 713 155
342 432 362
343 580 40
344 375 354
345 239 10
346 37 249
347 377 288
348 217 -18
349 527 388
350 488 230
351 294 315
352 177 -18
353 725 621
354 484 554
355 695 529
356 484 560
357 273 89
358 287 405
359 127 -64
360 818 404
361 255 97
362 527 374
363 318 451
364 616 673
365 554 710
366 507 761
367 742 576
368 287 314
369 266 762
370 695 358
371 255 85
372 575 614
373 800 251
374 154 -43
375 278 13
376 482 127
377 506 567
378 406 282
379 592 40
380 648 725
381 251 10
382 458 571
383 240 762
384 99 115
385 50 523
386 447 543
387 531 614
388 569 868
389 682 518
390 128 690
391 260 13
392 50 445
393 475 542
394 654 835
395 16 494
396 668 184
397 690 237
398 114 460
399 83 531
400 287 329
401 406 315
402 461 582
403 475 554
404 237 18
405 36 249
406 621 9
407 163 551
408 302 354
409 464 690
410 149 504
411 786 471
412 237 -18
413 152 614
414 300 647
415 327 452
416 660 73
417 305 13
418 707 314
419 654 765
420 90 690
421 306 10
422 407 113
423 106 614
424 813 155
425 579 40
426 681 112
427 534 690
428 800 112
429 407 178
430 225 162
431 670 155
432 301 13
433 121 504
434 101 690
435 274 762
436 432 571
437 90 659
438 742 531
439 702 155
440 299 451
441 818 380
442 407 237
443 653 725
444 266 478
445 786 438
446 141 175
447 23 445
448 406 303
449 776 224
450 629 739
451 302 364
452 725 619
453 236 605
454 739 112
455 339 10
456 143 165
457 432 344
458 621 21
459 163 571
460 542 690
461 388 32
462 633 725
463 99 76
464 293 10
465 800 341
466 638 9
467 50 526
468 141 282
469 294 354
470 302 405
471 527 368
472 642 868
473 786 407
474 407 234
475 -1 270
476 550 739
477 95 76
478 498 253
479 536 696
480 111 690
481 153 596
482 407 91
483 323 731
484 690 202
485 725 628
486 189 477
487 432 351
488 168 460
489 503 253
490 432 372
491 621 40
492 527 339
493 695 518
494 610 388
495 770 529
496 601 714
497 482 198
498 336 479
499 707 224
500 326 479
501 685 518
502 389 89
503 300 479
504 760 344
505 601 662
506 86 -32
507 705 725
508 211 690
509 639 868
510 574 739
511 690 197
512 676 529
513 114 420
514 237 16
515 575 716
516 507 784
517 742 546
518 260 89
519 480 554
520 616 636
521 220 237
522 628 79
523 90 620
524 815 155
525 654 828
526 154 -18
527 626 739
528 560 253
529 818 388
530 742 542
531 141 230
532 230 154
533 131 504
534 707 322
535 601 671
536 139 616
537 731 344
538 538 253
539 163 577
540 601 614
541 220 208
542 294 290
543 395 244
544 220 206
545 506 583
546 729 725
547 114 340
548 588 739
549 302 363
550 172 482
551 678 73
552 83 614
553 642 73
554 114 441
555 133 460
556 255 48
557 621 26
558 707 287
559 649 176
560 742 529
561 815 142
562 681 518
563 255 129
564 158 154
565 407 241
566 163 582
567 287 313
568 16 500
569 173 596
570 401 91
571 266 476
572 467 543
573 189 488
574 302 370
575 414 317
576 241 162
577 114 432
578 323 762
579 391 -3
580 707 260
581 771 155
582 201 154
583 482 211
584 397 419
585 408 560
586 240 733
587 461 571
588 429 731
589 118 509
590 31 249
591 707 304
592 818 373
593 688 184
594 745 358
595 50 446
596 397 407
597 768 224
598 595 731
599 506 585
600 742 606
601 527 253
602 461 585
603 86 -63
604 186 499
605 461 704
606 183 690
607 691 373
608 607 388
609 758 155
610 778 518
611 153 614
612 461 730
613 141 273
614 677 155
615 729 661
616 304 13
617 678 9
618 135 -64
619 274 451
620 482 62
621 173 154
622 527 353
623 547 40
624 690 233
625 407 177
626 224 690
627 800 236
628 391 -13
629 220 239
630 616 638
631 628 73
632 362 731
633 184 504
634 812 112
635 776 529
636 624 373
637 424 731
638 784 344
639 520 868
640 482 70
641 729 670
642 575 690
643 699 725
644 742 540
645 622 313
646 255 154
647 507 836
648 302 399
649 613 374
650 815 112
651 209 239
652 345 479
653 400 393
654 669 9
655 159 -18
656 233 616
657 377 319
658 294 288
659 628 170
660 793 155
661 676 313
662 507 811
663 776 358
664 583 40
665 408 543
666 613 40
667 742 573
668 592 868
669 786 484
670 636 373
671 147 504
672 173 551
673 742 535
674 707 295
675 265 647
676 255 102
677 625 9
678 86 -16
679 507 742
680 260 142
681 690 292
682 153 557
683 401 89
684 414 281
685 554 739
686 375 376
687 283 640
688 39 270
689 172 175
690 575 615
691 690 207
692 185 504
693 628 95
694 616 725
695 407 393
696 163 575
697 458 334
698 86 72
699 464 698
700 739 358
701 240 761
702 800 373
703 564 868
704 215 551
705 491 230
706 550 690
707 628 99
708 690 184
709 448 334
710 507 850
711 613 376
712 159 154
713 302 762
714 43 527
715 287 288
716 143 154
717 707 344
718 563 690
719 504 690
720 690 313
721 536 700
722 654 868
723 414 393
724 255 83
725 525 614
726 488 211
727 498 211
728 326 13
729 776 518
730 532 388
731 114 350
732 114 387
733 659 112
734 174 499
735 154 -29
736 482 77
737 616 648
738 90 651
739 377 353
740 579 253
741 591 388
742 616 686
743 153 575
744 427 393
745 690 304
746 498 240
747 695 373
748 406 317
749 189 504
750 141 616
751 141 340
752 266 470
753 417 543
2 662 516 
3 733 272 707 
2 617 618 
2 625 9 
3 300 523 552 
3 486 8 75 
2 629 651 
2 643 443 
3 5 158 78 
2 3 422 
2 641 615 
2 358 56 
2 132 238 
2 364 737 
2 648 574 
3 718 171 706 
4 684 181 565 350 
2 285 98 
3 250 395 142 
2 471 622 
2 551 42 
2 469 145 
3 338 679 188 
2 599 167 
2 568 395 
2 732 105 
2 351 542 
2 308 719 
2 199 446 
3 100 485 68 
2 136 250 
2 661 257 
2 509 668 
2 126 301 
2 264 73 
2 436 91 
2 176 669 
2 413 41 
2 402 165 
2 702 61 
2 86 531 
2 37 423 
2 20 96 
3 441 524 592 
3 306 231 579 
2 567 715 
2 743 682 
2 399 207 
2 371 724 
2 53 116 
2 454 426 
3 152 494 290 
3 461 683 156 
2 407 49 
2 496 535 
3 546 641 68 
3 11 218 469 
2 670 636 
2 688 327 
3 354 519 393 
2 612 605 
2 39 747 
2 431 164 
3 734 410 550 
3 190 520 690 
2 741 307 
2 225 580 
2 156 728 
5 55 29 260 600 635 
2 706 460 
2 660 329 
2 222 589 
2 391 320 
2 34 678 
4 430 544 284 582 
4 619 752 5 358 
2 535 505 
2 144 490 
3 8 246 488 
2 502 357 
2 124 283 
2 598 166 
2 519 403 
2 635 729 
2 481 743 
3 230 656 453 
2 613 40 
2 456 285 
3 414 687 91 
2 698 163 
3 434 420 437 
3 35 88 585 
3 97 638 465 
2 736 640 
2 513 333 
2 700 370 
2 42 617 
3 441 702 92 
3 17 547 124 
2 465 373 
2 615 29 
2 647 662 
2 307 730 
3 424 708 660 
3 331 228 211 
2 25 731 
2 561 650 
3 717 720 534 
2 217 568 
3 393 744 144 
2 321 742 
2 206 654 
2 134 454 
2 382 436 
2 414 675 
3 181 543 570 
3 49 682 222 
3 652 415 584 
2 497 376 
2 422 482 
2 751 468 
2 411 445 
2 633 128 
4 543 293 646 282 
4 221 98 286 80 
2 582 191 
3 345 320 33 
2 188 588 
2 122 410 
3 627 328 524 
2 624 691 
2 703 237 
2 228 12 
2 464 251 
2 428 112 
3 208 289 699 
2 714 30 
2 674 558 
2 740 314 
3 498 215 273 
2 623 306 
2 268 750 
2 18 447 
3 748 310 178 
2 109 77 
2 21 351 
2 425 623 
2 680 518 
2 685 316 
2 372 278 
3 503 194 444 
3 460 479 427 
3 562 512 51 
3 240 584 596 
2 626 508 
2 266 632 
3 52 67 455 
2 697 709 
2 186 8 
2 536 300 
3 552 714 467 
2 426 195 
2 211 740 
2 89 264 
3 62 325 193 
2 38 587 
2 81 252 
2 23 602 
3 216 473 277 
3 271 626 675 
2 646 532 
2 365 15 
2 639 227 
2 283 384 
2 721 479 
2 339 390 
5 546 635 610 36 360 
3 656 268 287 
2 143 543 
5 359 628 374 603 292 
2 738 523 
3 378 115 16 
2 727 203 
3 477 263 698 
2 601 489 
2 589 207 
2 254 158 
3 302 221 256 
3 22 127 612 
2 333 732 
2 485 64 
2 125 621 
2 580 499 
2 164 272 
4 275 330 749 150 
2 161 733 
2 710 647 
3 419 450 507 
2 313 274 
2 234 28 
2 699 409 
3 260 452 224 
2 398 554 
2 182 726 
3 482 461 315 
2 276 707 
2 617 111 
3 185 47 595 
3 476 338 135 
4 651 751 689 235 
2 525 419 
2 104 162 
2 443 380 
2 423 552 
2 508 606 
3 500 503 139 
2 360 168 
4 297 420 475 108 
2 56 400 
2 749 573 
3 709 457 575 
3 716 124 187 
3 116 71 433 
2 564 716 
3 201 690 540 
2 558 66 
4 527 598 496 694 
2 172 383 
3 492 132 104 
2 607 277 
3 687 675 85 
2 336 44 
3 396 740 259 
2 551 416 
2 531 199 
2 209 284 
2 569 672 
2 131 639 
2 12 697 
2 581 312 
3 393 572 153 
2 597 499 
2 573 486 
2 527 548 
2 744 723 
2 373 627 
2 550 78 
2 681 319 
2 693 522 
3 584 415 686 
3 30 297 18 
2 133 299 
3 166 280 515 
3 273 440 470 
2 604 186 
2 696 459 
2 187 404 
2 31 645 
2 578 713 
3 232 746 559 
2 68 201 
2 376 736 
2 583 497 
3 590 475 183 
2 163 34 
2 281 341 
2 637 155 
2 278 387 
4 177 141 611 566 
2 418 591 
2 646 563 
2 586 169 
2 193 1 
3 139 253 363 
2 198 288 
2 453 194 
2 659 205 
4 229 168 335 370 
2 149 267 
2 516 366 
3 510 685 252 
2 609 265 
2 123 680 
2 80 173 
3 235 689 74 
3 87 446 17 
3 688 346 124 
2 177 569 
3 274 719 725 
2 135 605 
2 51 711 
3 377 356 512 
2 475 179 
2 123 576 
3 577 513 751 
2 448 378 
2 385 595 
3 437 217 250 
2 611 481 
2 251 381 
2 159 4 
2 33 412 
2 556 187 
2 384 463 
2 552 399 
3 596 344 739 
2 140 44 
2 65 102 
2 427 27 
2 504 537 
2 143 347 
2 392 447 
2 239 609 
2 690 198 
2 138 528 
3 204 455 579 
2 148 365 
3 721 476 409 
2 511 708 
2 247 397 
3 72 514 126 
2 694 110 
2 488 555 
2 747 607 
2 459 407 
3 559 659 164 
2 719 409 
3 58 447 475 
2 129 449 
2 70 581 
2 194 704 
2 645 104 
2 575 748 
2 94 189 
3 628 579 412 
2 277 670 
2 620 231 
3 636 649 492 
2 208 22 
2 606 175 
2 745 681 
2 265 439 
2 490 487 
2 664 425 
3 305 686 408 
2 381 126 
2 286 405 
3 310 657 658 
2 412 352 
3 730 354 362 
3 705 16 583 
2 145 26 
2 348 655 
2 485 452 
3 356 59 349 
2 560 512 
3 291 587 354 
2 79 518 
3 470 75 11 
2 618 179 
4 546 176 216 529 
2 676 371 
2 349 471 
3 415 273 451 
2 742 13 
2 316 171 
2 279 679 
2 600 667 
2 400 567 
2 435 383 
3 95 277 717 
2 361 48 
2 540 149 
2 99 245 
3 412 735 179 
2 432 391 
2 118 261 
2 545 291 
2 295 181 
2 666 664 
2 212 462 
2 299 345 
2 587 113 
4 369 227 420 701 
2 173 303 
2 467 296 
2 572 753 
2 267 725 
2 668 703 
2 501 562 
2 175 480 
2 375 72 
3 595 311 731 
3 59 240 109 
2 722 525 
3 18 24 475 
2 593 232 
2 319 624 
4 555 433 595 202 
2 304 47 
2 218 368 
2 748 448 
2 602 38 
3 82 585 572 
2 256 514 
2 346 590 
3 677 458 628 
3 672 324 53 
3 344 549 469 
4 326 317 200 602 
3 128 671 63 
2 669 121 
4 334 301 348 374 
2 611 37 
3 483 114 88 
3 117 363 249 
2 233 553 
2 728 616 
2 534 269 
2 210 197 
3 90 383 217 
2 455 464 
2 9 119 
2 41 213 
2 524 103 
2 343 146 
2 50 161 
2 151 308 
2 634 134 
2 474 625 
2 576 74 
2 614 62 
2 616 375 
3 533 222 398 
2 480 90 
2 713 369 
2 113 35 
3 90 297 738 
2 673 560 
2 341 614 
2 253 619 
3 529 97 43 
2 565 474 
2 7 212 
2 150 571 
2 121 473 
2 28 285 
3 311 142 327 
2 401 295 
2 328 597 
2 197 527 
3 363 574 549 
2 353 201 
2 85 275 
2 112 50 
3 156 421 315 
3 689 87 716 
2 487 220 
2 557 406 
2 255 324 
2 69 151 
2 204 52 
2 380 694 
3 303 477 526 
2 421 133 
2 92 99 
2 654 677 
2 160 385 
2 120 613 
3 408 56 21 
3 253 358 648 
2 362 19 
2 722 509 
2 445 168 
2 442 429 
5 327 395 217 292 263 
4 685 208 317 721 
2 463 183 
3 489 684 746 
2 174 151 
2 390 434 
2 298 84 
4 583 119 683 204 
3 632 578 414 
2 691 511 
3 29 190 353 
2 242 5 
2 342 457 
2 78 322 
2 184 478 
2 77 342 
3 631 666 557 
3 337 622 228 
2 729 501 
2 51 608 
2 635 560 
2 226 54 
2 262 118 
3 652 500 139 
3 241 192 691 
2 498 215 
2 493 389 
2 683 79 
2 215 150 
2 638 309 
3 76 642 520 
2 678 603 
3 546 197 643 
2 154 214 
2 472 32 
2 548 280 
2 484 318 
3 355 291 152 
2 294 94 
2 404 320 
2 252 642 
2 0 279 
2 667 530 
3 357 147 556 
2 59 82 
3 630 505 64 
2 629 541 
2 248 631 
2 180 4 
4 43 129 424 561 
2 394 210 
3 655 463 735 
3 450 243 226 
2 314 538 
2 360 441 
2 517 644 
2 40 234 
2 170 582 
2 671 433 
2 107 418 
2 54 76 
2 750 159 
2 309 717 
2 528 601 
2 566 696 
2 224 372 
2 521 544 
2 26 658 
3 115 178 123 
2 541 74 
2 599 377 
5 722 507 55 176 360 
3 731 688 98 
2 243 510 
2 451 408 
2 63 246 
3 634 233 20 
5 213 4 738 160 304 
2 416 631 
2 202 577 
2 322 398 
4 518 724 302 616 
2 491 458 
2 137 225 
2 259 325 
3 495 438 355 
2 524 106 
2 389 152 
2 270 676 
2 712 223 
2 16 442 
2 268 539 
2 368 45 
2 108 24 
2 287 236 
2 115 683 
2 444 752 
3 403 386 240 
2 219 242 
2 14 451 
3 220 332 684 
2 293 430 
2 554 294 
3 710 258 483 
3 44 315 334 
2 66 192 
2 329 239 
3 532 74 125 
4 726 350 482 262 
3 153 117 249 
3 91 665 403 
2 701 271 
3 165 382 356 
2 127 637 
2 71 185 
2 405 263 
2 269 674 
2 43 650 
2 708 396 
2 663 700 
4 398 207 296 392 
3 153 305 653 
2 449 241 
2 226 81 
3 725 23 545 
2 68 367 
2 538 184 
4 167 409 605 402 
2 506 179 
3 749 734 254 
3 289 60 602 
2 214 339 
2 323 229 
2 494 741 
2 312 281 
2 176 729 
3 268 413 298 
2 188 60 
2 468 86 
2 439 431 
2 10 100 
3 417 556 432 
4 650 96 206 2 
2 2 359 
2 440 75 
2 640 336 
2 191 712 
2 19 492 
2 146 140 
2 397 130 
2 429 3 
2 169 154 
2 245 129 
3 406 334 179 
3 715 6 521 
2 737 520 
3 553 522 491 
2 155 483 
2 692 122 
3 650 428 551 
4 68 495 83 176 
2 57 337 
2 588 266 
3 92 663 504 
3 237 172 710 
2 93 620 
2 55 10 
3 515 718 505 
2 507 7 
2 530 673 
2 257 331 
3 123 170 270 
2 196 101 
2 470 14 
2 711 337 
4 592 106 634 617 
2 6 209 
3 665 498 117 
3 695 596 748 
2 111 466 
2 352 526 
2 85 177 
2 739 347 
3 347 542 715 
3 325 727 276 
2 103 70 
2 720 31 
2 101 0 
3 702 594 638 
2 379 343 
3 753 585 652 
2 491 379 
2 367 517 
2 32 388 
2 36 411 
2 335 57 
2 410 533 
3 704 236 407 
2 644 438 
2 591 137 
3 114 169 230 
2 563 361 
2 466 406 
2 73 506 
2 366 22 
2 282 147 
2 340 247 
2 46 116 
4 482 570 502 52 
3 575 16 478 
3 280 476 148 
2 249 344 
2 88 230 
3 547 58 286 
3 284 209 456 
3 64 313 224 
3 499 130 484 
2 749 633 
2 707 248 
3 462 226 321 
2 723 653 
2 539 255 
2 238 157 
2 183 89 
2 135 200 
2 594 95 
2 383 586 
3 97 39 663 
2 388 131 
2 330 672 
3 746 350 727 
2 15 69 
3 1 205 693 
3 318 593 103 
2 157 220 
3 639 578 196 
2 290 649 
2 621 564 
2 258 435 
2 160 136 
3 658 45 629 
3 223 456 221 
3 537 370 107 
2 642 15 
3 27 326 288 
3 107 661 745 
3 476 317 174 
3 472 394 546 
2 244 695 
2 48 556 
3 387 288 599 
2 203 583 
3 705 182 659 
2 67 417 
3 610 83 493 
2 102 349 
3 105 392 547 
2 189 25 
2 195 1 
2 604 63 
2 526 374 
2 261 93 
2 13 630 
3 437 552 180 
2 305 657 
3 162 138 232 
2 608 65 
2 110 364 
2 84 46 
2 109 244 
2 720 340 
3 478 705 259 
2 61 323 
4 332 653 143 401 
4 194 692 604 219 
2 141 536 
3 294 120 209 
2 571 75 
2 386 665 
