2983
0 3450 4623
1 1435 2683
2 5121 3888
3 4215 3671
4 611 2810
5 5833 2393
6 6103 5234
7 4250 3410
8 1942 4963
9 3879 -12
10 2845 6183
11 838 235
12 3469 2490
13 4280 4996
14 4945 4245
15 1542 4706
16 3596 3601
17 3004 5920
18 4587 4717
19 5637 3710
20 112 4547
21 3296 3213
22 1899 3552
23 3108 3479
24 2423 411
25 1265 2363
26 5168 6224
27 5434 3195
28 6484 1315
29 713 4136
30 5615 181
31 4339 4996
32 1815 2825
33 4508 4980
34 4424 3101
35 2543 41
36 3637 582
37 6445 4565
38 5997 3733
39 1959 2825
40 6206 2651
41 2962 3862
42 4714 5022
43 2794 2009
44 5557 771
45 2930 1695
46 541 5093
47 4215 3216
48 927 206
49 4275 5115
50 5348 5264
51 2454 41
52 5765 181
53 6273 711
54 743 572
55 1211 3167
56 6061 3733
57 54 660
58 1123 1913
59 696 6237
60 2142 4009
61 1465 3654
62 2930 1799
63 1878 5298
64 1774 4192
65 333 2056
66 2617 5924
67 4739 4717
68 4308 1173
69 84 4991
70 887 6237
71 2031 5279
72 1246 2858
73 2543 531
74 4349 3204
75 2053 2884
76 1583 5485
77 5217 5306
78 1283 97
79 4693 893
80 4543 890
81 1105 1748
82 1239 3480
83 5340 2456
84 5609 4130
85 4018 4440
86 4726 6194
87 1542 5197
88 4690 4242
89 2950 3862
90 395 5967
91 2458 496
92 4726 5756
93 1583 5680
94 512 5087
95 5479 4924
96 5661 3195
97 1901 2998
98 4018 4766
99 740 3145
100 653 5197
101 4221 2376
102 2904 2065
103 5790 4841
104 1886 4649
105 222 4938
106 5112 -41
107 783 882
108 922 3303
109 757 882
110 6229 3092
111 4639 6313
112 759 1385
113 2031 5611
114 4817 5400
115 926 3667
116 1899 3532
117 611 2702
118 4308 1179
119 1542 5188
120 5811 5023
121 -47 1299
122 395 5387
123 292 282
124 4299 -12
125 1159 3167
126 561 282
127 6105 3733
128 5598 793
129 2819 2065
130 5052 3225
131 2880 6145
132 3446 -12
133 6194 1315
134 4654 4996
135 3192 3546
136 40 4991
137 5581 3644
138 5112 258
139 5671 3286
140 4092 4210
141 4871 751
142 5118 4245
143 5112 188
144 3403 4937
145 351 282
146 2327 1940
147 3666 582
148 2345 4702
149 4116 3987
150 3706 1361
151 2424 2250
152 599 4999
153 776 2458
154 4161 3039
155 1584 3654
156 4305 3688
157 3638 1268
158 4523 4996
159 2188 97
160 2533 31
161 4125 4275
162 1050 6237
163 5112 -27
164 5720 1797
165 4040 3039
166 4054 1605
167 642 2614
168 4102 2042
169 4988 5651
170 2172 4741
171 3599 470
172 2845 3527
173 4215 3729
174 1200 1828
175 2142 3860
176 5293 3792
177 1796 80
178 4236 4275
179 2112 5670
180 1823 2998
181 4094 2495
182 1899 3668
183 4957 5560
184 4797 4878
185 2255 3027
186 6106 5593
187 3530 3007
188 327 282
189 2045 3027
190 1023 2725
191 1200 1789
192 4503 5283
193 5105 3139
194 975 2725
195 1952 3528
196 3034 4755
197 2035 4213
198 5052 3358
199 4976 2980
200 1509 2285
201 4497 5460
202 4961 4388
203 1143 322
204 1648 5303
205 353 1605
206 -47 1539
207 2708 2345
208 1747 4195
209 445 1358
210 5994 1315
211 3403 5139
212 1553 2661
213 4357 6313
214 642 3046
215 4280 4958
216 5382 -142
217 6229 3286
218 1409 2285
219 1921 80
220 1961 3528
221 1878 5701
222 2195 206
223 4279 2345
224 1369 35
225 4435 4980
226 4177 2129
227 4871 564
228 1477 5471
229 3469 2498
230 644 947
231 3879 6042
232 4384 3060
233 1767 97
234 4925 5652
235 1762 4766
236 2429 2250
237 1601 4817
238 3999 818
239 4768 4396
240 5307 6224
241 5503 6224
242 445 1494
243 4248 2302
244 4102 1480
245 3033 2065
246 3253 4923
247 2463 5924
248 776 2336
249 340 3145
250 5531 3307
251 4102 1814
252 5880 3286
253 154 3629
254 5112 64
255 4765 1072
256 295 3145
257 1695 3553
258 2387 41
259 2345 4802
260 4224 5063
261 3585 424
262 4581 890
263 567 5007
264 2423 58
265 1243 6270
266 5259 2520
267 5411 5264
268 4248 2315
269 780 572
270 2875 1948
271 4604 5107
272 5552 6224
273 3390 5920
274 112 4036
275 3908 4100
276 4284 2345
277 3132 470
278 221 4938
279 5740 2393
280 6141 801
281 5981 1186
282 4094 2512
283 4356 4980
284 1542 4943
285 4215 3565
286 6000 5234
287 3223 3673
288 4299 80
289 1283 35
290 154 3636
291 3469 2403
292 3882 4496
293 5153 4388
294 2845 6008
295 5581 4276
296 922 3277
297 5248 2102
298 5805 300
299 5604 2031
300 4308 1697
301 3574 2643
302 2458 446
303 2327 1856
304 551 5087
305 4018 4457
306 2400 5924
307 5006 4130
308 5851 5234
309 5105 3010
310 5112 78
311 5024 3204
312 3652 4546
313 2875 2166
314 2112 5499
315 5967 4333
316 2844 2065
317 3717 3007
318 4215 3336
319 2283 1763
320 5896 543
321 890 2725
322 1480 3528
323 759 1368
324 2282 -36
325 1136 6270
326 642 2433
327 2375 5924
328 774 1524
329 3223 3695
330 2910 1779
331 1878 5729
332 5720 1856
333 4578 964
334 5293 4118
335 117 282
336 5767 801
337 3034 3862
338 1494 2298
339 4011 585
340 424 5375
341 4054 1651
342 4146 1970
343 1772 80
344 5479 4593
345 6229 3020
346 6106 5286
347 1695 5180
348 2844 2207
349 1532 4324
350 146 1571
351 3005 2345
352 4632 1072
353 5883 2393
354 579 1291
355 5805 192
356 3459 3160
357 5108 3386
358 792 4211
359 714 1323
360 2355 3027
361 765 882
362 333 2201
363 4008 -12
364 2131 4406
365 5630 2393
366 922 3366
367 4007 5431
368 3808 758
369 1799 4192
370 2195 282
371 2844 2345
372 2058 3027
373 4206 5063
374 5112 133
375 5736 4841
376 283 4656
377 5581 4400
378 1714 80
379 4215 3215
380 5756 5742
381 2180 2825
382 5811 4499
383 1607 97
384 4542 5460
385 1583 6142
386 3081 2403
387 2875 2092
388 3778 1268
389 2930 1476
390 5981 1079
391 1437 2285
392 4957 5400
393 2641 4881
394 5303 -142
395 6229 3181
396 932 6237
397 4102 1587
398 4680 5283
399 2172 4702
400 4957 5651
401 1553 2503
402 3999 772
403 2956 38
404 3400 -12
405 1405 2285
406 5297 716
407 662 865
408 518 1358
409 5259 2378
410 3223 3589
411 3908 4199
412 4371 316
413 646 5085
414 4248 2044
415 5811 4504
416 4726 6084
417 1377 3667
418 4248 1718
419 3398 4623
420 6024 5742
421 4622 4996
422 2923 2345
423 907 3145
424 1878 5294
425 2292 220
426 2038 3528
427 2142 3908
428 2134 97
429 1307 2298
430 5788 4708
431 611 2668
432 6071 543
433 2247 5036
434 6282 4333
435 4785 5652
436 4104 3039
437 5083 6224
438 1556 3879
439 5981 1176
440 3879 5771
441 642 2990
442 4583 232
443 2042 966
444 2409 58
445 1426 35
446 5112 -68
447 6079 2601
448 5581 4345
449 4105 1480
450 776 2624
451 492 282
452 2220 6
453 3137 4623
454 5414 771
455 5479 4484
456 5350 2393
457 6229 3199
458 1988 4213
459 2112 5353
460 -47 1128
461 3707 4545
462 2818 3785
463 1199 3167
464 2135 4468
465 4900 793
466 1246 3166
467 3530 2966
468 837 322
469 2423 220
470 5248 2318
471 2142 3689
472 1634 4043
473 2345 4406
474 242 4551
475 5638 5923
476 5479 4541
477 2142 4007
478 1265 2513
479 1583 6010
480 5805 512
481 5141 5652
482 3636 3039
483 5811 4890
484 5809 888
485 3558 4546
486 817 504
487 776 2725
488 611 2433
489 4361 316
490 4957 5579
491 6445 5158
492 1597 3928
493 2480 1945
494 4248 1856
495 5112 -54
496 3469 2475
497 5978 5742
498 4815 3060
499 544 206
500 2818 3989
501 744 1227
502 3748 5595
503 6079 2394
504 4785 6001
505 857 3145
506 4094 2432
507 6068 1315
508 3137 4923
509 4336 316
510 567 2292
511 1878 5608
512 724 4070
513 2042 979
514 4215 3538
515 2087 4468
516 5052 3204
517 869 2725
518 5720 1841
519 4726 5971
520 2345 2250
521 492 5087
522 6060 543
523 5509 181
524 4565 5291
525 1878 5377
526 3403 5420
527 4001 863
528 5811 4968
529 3207 3695
530 5805 365
531 4161 5453
532 922 3593
533 818 3988
534 1878 4213
535 437 282
536 3576 3601
537 2845 6154
538 5661 3307
539 2156 4024
540 6150 3710
541 2045 3000
542 642 2597
543 2844 1945
544 645 6237
545 4248 2345
546 1307 2453
547 351 3145
548 349 3145
549 5293 4388
550 1794 4213
551 6106 5278
552 4565 5413
553 5293 3805
554 2337 2250
555 3065 2403
556 2370 5924
557 3530 2954
558 5213 4388
559 4871 354
560 4543 253
561 3631 4546
562 5479 4513
563 1891 4192
564 3596 3194
565 4974 793
566 4714 5107
567 2930 1380
568 5052 3337
569 6524 1332
570 1542 5293
571 4270 2345
572 2171 41
573 3050 470
574 4275 5192
575 1908 1338
576 1899 3678
577 3325 3550
578 1542 5180
579 4957 5566
580 -47 1291
581 2056 2250
582 3391 5420
583 744 1289
584 5739 801
585 1836 80
586 1531 5471
587 748 3988
588 4094 2242
589 644 974
590 3179 3862
591 518 1524
592 2956 31
593 1505 3528
594 2064 2840
595 4514 4996
596 1956 4192
597 1092 1660
598 5689 3710
599 5811 5139
600 333 1815
601 4215 3295
602 5969 5278
603 6079 2511
604 4011 796
605 3469 2790
606 3560 424
607 5721 3286
608 4317 2513
609 2725 2345
610 922 3150
611 2172 4452
612 4280 5063
613 2320 4809
614 743 600
615 3706 1736
616 283 4776
617 1092 1748
618 4609 5283
619 4275 5161
620 2930 1827
621 3778 1446
622 3108 3410
623 5811 4334
624 3908 4119
625 3391 5581
626 5485 5278
627 5914 4333
628 5981 965
629 521 282
630 4250 3352
631 395 5799
632 6229 3285
633 3403 5347
634 922 3145
635 1531 5485
636 4773 890
637 1265 2583
638 5848 3286
639 1123 1922
640 806 1490
641 4543 232
642 1941 4192
643 2278 -36
644 4018 4952
645 5796 4708
646 2112 5329
647 5150 668
648 3202 3213
649 3623 3039
650 644 835
651 4926 6224
652 5805 330
653 4624 4396
654 4777 890
655 473 6237
656 5293 3777
657 3403 5131
658 295 3323
659 3289 2009
660 -47 1217
661 683 6237
662 6140 3733
663 3391 5910
664 4424 3740
665 333 2292
666 1695 3678
667 5022 793
668 2782 4664
669 -47 1423
670 558 235
671 4269 5453
672 4621 4717
673 2195 400
674 1283 74
675 5737 4841
676 642 2560
677 630 6237
678 3055 2345
679 4169 1970
680 5293 3753
681 4785 6224
682 3007 5920
683 54 318
684 662 835
685 5243 5306
686 3653 3039
687 4427 4996
688 5121 4056
689 124 4991
690 1747 4208
691 4248 2246
692 3194 2065
693 3391 5440
694 2960 2065
695 1195 324
696 5581 4130
697 4367 4184
698 4205 5453
699 3136 3213
700 1800 4213
701 1595 3879
702 4565 5353
703 3469 2600
704 4094 2302
705 653 5363
706 4479 4739
707 2794 2038
708 567 4999
709 5572 3307
710 1905 3654
711 5340 2378
712 3879 5912
713 295 3352
714 6268 3733
715 4215 3235
716 1542 3577
717 395 5591
718 1246 2725
719 4280 4980
720 5811 4543
721 3562 424
722 2247 4963
723 2407 58
724 3520 4623
725 1860 4943
726 714 1318
727 1529 2298
728 5397 2084
729 283 4938
730 738 835
731 2147 3027
732 2003 2998
733 2112 4125
734 5665 801
735 5581 3979
736 1429 2683
737 2709 4406
738 6249 3733
739 744 992
740 40 4938
741 6106 5340
742 5293 3739
743 4785 6210
744 3646 2065
745 4424 3688
746 4830 4831
747 4239 5063
748 5805 181
749 5259 2342
750 3208 3546
751 5112 668
752 867 1716
753 2053 2931
754 2910 2065
755 2875 2065
756 2313 5924
757 4479 3060
758 4628 4242
759 4578 965
760 561 296
761 5105 3175
762 1878 5274
763 4775 5400
764 5306 3644
765 3463 2009
766 3825 3007
767 1686 3654
768 5052 3386
769 3530 2749
770 6028 1315
771 3501 470
772 4221 2129
773 5985 3733
774 3777 5431
775 3908 4210
776 1738 80
777 6229 3004
778 4299 316
779 5638 6069
780 2355 2981
781 657 1090
782 3403 5175
783 5996 543
784 642 2457
785 1886 4702
786 642 3010
787 3945 3039
788 4332 316
789 4792 5652
790 5638 5956
791 5099 2980
792 5814 888
793 5397 2102
794 4957 5406
795 5183 4388
796 1292 2285
797 5630 777
798 1601 4943
799 817 322
800 6065 3733
801 5105 3096
802 2723 2345
803 5581 4029
804 3619 4546
805 3055 2381
806 1532 3856
807 54 282
808 4054 2042
809 4660 3101
810 4003 424
811 4018 4806
812 581 960
813 3571 3213
814 674 600
815 922 3667
816 3982 758
817 5696 181
818 2283 2046
819 2498 41
820 1549 3879
821 1811 97
822 2345 4435
823 2118 3027
824 1239 3667
825 674 6237
826 3396 147
827 642 2815
828 395 6111
829 4156 5431
830 5754 1763
831 3748 5431
832 1307 2347
833 1532 4347
834 922 3409
835 5947 543
836 4830 4878
837 6524 1648
838 4308 1250
839 2518 4881
840 295 3213
841 5534 771
842 4215 3124
843 561 600
844 1878 5180
845 818 4180
846 3879 6313
847 941 322
848 1815 2922
849 4102 1579
850 4424 5460
851 1381 3667
852 5781 3710
853 5805 264
854 3669 2065
855 2517 4468
856 642 2547
857 4669 4242
858 2880 6003
859 5555 4708
860 5895 2393
861 979 2725
862 4048 -12
863 2423 198
864 581 835
865 5166 668
866 4248 1907
867 653 5304
868 4308 1443
869 5479 5165
870 4250 3523
871 3351 2403
872 2123 2103
873 495 282
874 112 3975
875 180 1571
876 2910 1550
877 1787 4789
878 3396 16
879 5461 5278
880 4533 6313
881 1542 4409
882 289 5000
883 1246 3167
884 1631 52
885 2910 1945
886 4871 232
887 3359 5920
888 3403 5331
889 2782 4705
890 2461 2250
891 5638 5855
892 2880 6183
893 561 333
894 2567 4406
895 6229 3079
896 3736 758
897 5318 5264
898 3460 3550
899 5141 5651
900 5638 5742
901 6106 5449
902 1583 6269
903 2283 2068
904 5981 1315
905 541 5091
906 93 1571
907 2059 979
908 4726 5728
909 1908 1366
910 5082 5652
911 3520 -12
912 4153 4275
913 3041 2065
914 884 235
915 457 3145
916 1597 3927
917 2852 470
918 2851 531
919 1154 322
920 654 1524
921 2590 5924
922 4041 2643
923 4054 1599
924 2815 41
925 2930 1400
926 2732 531
927 5581 4475
928 295 3411
929 1444 4409
930 5424 2393
931 2875 2345
932 4968 793
933 1709 97
934 54 505
935 395 5765
936 4215 3644
937 6381 1763
938 1464 2683
939 112 4285
940 5638 6019
941 4099 6313
942 2498 4406
943 6312 5234
944 1736 80
945 6241 801
946 580 235
947 748 4008
948 5293 4033
949 4011 522
950 922 3226
951 2478 5924
952 5479 5095
953 3596 3039
954 5478 2393
955 2156 4049
956 1905 3577
957 611 2618
958 6228 4333
959 5812 2393
960 2716 4702
961 3391 5682
962 2978 3410
963 4299 3528
964 2112 5230
965 1617 3577
966 4020 4210
967 4011 498
968 714 1302
969 818 3989
970 4102 1772
971 611 2446
972 4317 2501
973 395 5643
974 4800 6224
975 3924 6313
976 2319 5924
977 4440 3101
978 4221 2472
979 3063 470
980 2218 3027
981 2880 5927
982 4714 4888
983 2112 5040
984 6079 2520
985 2112 5221
986 2093 3027
987 1919 4468
988 3034 4717
989 2284 4809
990 4726 6016
991 1997 4213
992 2327 1945
993 5814 3710
994 3663 1324
995 6273 703
996 395 5958
997 2940 2065
998 1123 1793
999 2220 83
1000 2387 -7
1001 2845 6146
1002 5531 3262
1003 4308 1553
1004 5581 4245
1005 818 4202
1006 5121 3637
1007 2142 3541
1008 646 6237
1009 542 1524
1010 335 1571
1011 5592 6224
1012 890 3145
1013 2738 4881
1014 2714 31
1015 112 4058
1016 6308 1763
1017 3908 4035
1018 1549 6270
1019 1583 5715
1020 5112 371
1021 2042 890
1022 1405 6270
1023 5319 2508
1024 4317 5453
1025 5201 6224
1026 4726 5631
1027 4172 5453
1028 6202 1763
1029 3165 470
1030 544 235
1031 3120 4923
1032 2112 5769
1033 1532 4300
1034 4809 1036
1035 4215 3731
1036 3421 3550
1037 3544 4550
1038 4317 3060
1039 1136 6237
1040 1532 4131
1041 2325 1763
1042 561 535
1043 4269 4275
1044 3208 2065
1045 727 4070
1046 2112 5719
1047 6087 1763
1048 3001 5924
1049 744 1152
1050 3568 424
1051 1949 4213
1052 4580 5460
1053 4572 5291
1054 283 4696
1055 3462 3550
1056 1486 4347
1057 6022 1315
1058 2046 4702
1059 4026 5063
1060 3469 3135
1061 4957 5519
1062 353 1793
1063 5479 4841
1064 4676 3101
1065 4986 4245
1066 3413 4623
1067 4328 5283
1068 3512 3601
1069 1123 1844
1070 3637 424
1071 6265 4333
1072 5479 5043
1073 3596 3550
1074 1597 3981
1075 5581 3668
1076 4170 3869
1077 5731 4708
1078 1437 2683
1079 3695 -12
1080 2875 1945
1081 2844 2229
1082 2277 2068
1083 4479 4717
1084 5614 771
1085 5915 543
1086 4299 275
1087 1878 5524
1088 1460 2298
1089 662 1090
1090 5121 3386
1091 6445 4751
1092 1710 5479
1093 112 4311
1094 3530 2680
1095 1878 5714
1096 4871 304
1097 3403 5275
1098 611 2918
1099 283 4991
1100 3890 1480
1101 2031 4997
1102 417 6237
1103 1920 97
1104 2908 3410
1105 4299 3204
1106 4958 5652
1107 5121 4014
1108 2586 4702
1109 1583 6212
1110 4367 3748
1111 283 4579
1112 333 1793
1113 3154 5920
1114 642 2736
1115 2107 4468
1116 3203 470
1117 241 4551
1118 4761 984
1119 2072 890
1120 611 2846
1121 3857 3007
1122 5811 4537
1123 112 3712
1124 867 1673
1125 5234 668
1126 2818 3640
1127 3391 5918
1128 3018 470
1129 4430 3060
1130 1695 3654
1131 4691 6313
1132 5293 4130
1133 5618 6220
1134 3286 3213
1135 6414 5234
1136 2345 4809
1137 5934 888
1138 2910 1686
1139 2113 3027
1140 4772 3961
1141 4545 3101
1142 6445 5087
1143 4963 3204
1144 6442 1763
1145 2283 1772
1146 3573 2643
1147 5112 -142
1148 2743 2345
1149 5738 3733
1150 2112 5215
1151 3396 94
1152 2053 2825
1153 1597 3879
1154 3530 2666
1155 5638 5963
1156 3238 3558
1157 5105 3008
1158 3530 3213
1159 6445 4935
1160 445 1422
1161 4104 2129
1162 4367 4080
1163 4054 1662
1164 5811 4841
1165 5047 6224
1166 1542 4552
1167 1609 52
1168 5479 4655
1169 571 2292
1170 1836 4192
1171 1815 2998
1172 4714 5062
1173 2875 1964
1174 1908 1278
1175 812 4211
1176 1948 97
1177 3230 3550
1178 2221 83
1179 4215 3660
1180 644 5375
1181 1520 4409
1182 579 1284
1183 4761 938
1184 4367 3803
1185 5671 3195
1186 4250 3453
1187 5638 5954
1188 1624 4043
1189 6106 5742
1190 2283 2981
1191 3422 2403
1192 2190 5924
1193 611 3050
1194 4670 6313
1195 3179 3740
1196 2327 1763
1197 1017 1793
1198 1280 324
1199 5291 2520
1200 812 4202
1201 2064 2931
1202 1899 3577
1203 646 5169
1204 3146 3862
1205 6079 2435
1206 1837 2998
1207 2283 1899
1208 5647 2393
1209 2198 5036
1210 2477 5924
1211 3831 758
1212 1628 4054
1213 1320 6270
1214 1942 4957
1215 1265 2285
1216 2220 -36
1217 6524 1746
1218 5604 2084
1219 4018 4654
1220 748 4070
1221 4799 4069
1222 5713 4245
1223 5297 771
1224 1307 2468
1225 2956 41
1226 2844 2009
1227 851 235
1228 4785 5970
1229 1572 3654
1230 1916 4702
1231 1877 2998
1232 4280 4763
1233 5509 -142
1234 2249 4118
1235 4215 3209
1236 3706 2053
1237 1246 2890
1238 4275 5251
1239 1787 4894
1240 3004 2009
1241 2826 41
1242 112 3756
1243 4520 5283
1244 546 6237
1245 2461 2345
1246 5112 -80
1247 2103 4213
1248 3956 6313
1249 73 4991
1250 5749 4237
1251 2350 4125
1252 1477 5411
1253 1399 3667
1254 2520 4702
1255 2794 2027
1256 2191 2068
1257 518 2292
1258 1307 2346
1259 922 3422
1260 3049 2065
1261 759 1313
1262 2031 5252
1263 2880 6013
1264 1238 6270
1265 5121 3757
1266 4093 3007
1267 5688 5742
1268 5218 4130
1269 3469 2494
1270 611 2992
1271 6162 3710
1272 -47 1508
1273 5248 2172
1274 2508 4468
1275 3974 424
1276 2280 4118
1277 5340 2487
1278 4945 4130
1279 2142 3914
1280 1532 3879
1281 3296 2403
1282 2760 5924
1283 776 2404
1284 5811 4466
1285 2458 411
1286 4863 232
1287 4029 2643
1288 3439 2009
1289 4624 4291
1290 5927 2393
1291 6229 3212
1292 3391 5920
1293 2072 979
1294 3463 1967
1295 4250 3520
1296 2911 2065
1297 5661 3254
1298 2930 1808
1299 5581 4007
1300 644 885
1301 1200 1805
1302 4102 1970
1303 2880 5963
1304 112 4224
1305 2875 2244
1306 4299 3509
1307 4791 4717
1308 5327 5306
1309 1553 2596
1310 112 3793
1311 2103 4307
1312 6273 792
1313 2515 41
1314 2387 -36
1315 2852 531
1316 5052 3312
1317 1613 3577
1318 5158 793
1319 5282 2102
1320 2123 2095
1321 6393 1315
1322 4774 4069
1323 2057 97
1324 3868 5771
1325 4656 4996
1326 353 1580
1327 1710 5316
1328 4285 3007
1329 2112 5036
1330 4367 3740
1331 4387 3688
1332 155 4938
1333 4793 4878
1334 2292 83
1335 4726 6076
1336 5549 3307
1337 1280 97
1338 2112 5083
1339 1798 3678
1340 1583 6044
1341 4372 316
1342 680 6237
1343 154 3690
1344 2355 4468
1345 4250 3538
1346 5805 481
1347 3186 1878
1348 2818 3548
1349 4785 6151
1350 4317 2345
1351 3702 2065
1352 307 282
1353 4543 1072
1354 1127 3437
1355 5270 5264
1356 433 5087
1357 -47 1112
1358 -47 1571
1359 5811 5177
1360 5350 2520
1361 4275 5239
1362 4002 4440
1363 3706 1488
1364 2112 5853
1365 4278 4222
1366 6445 4386
1367 6445 4333
1368 395 5406
1369 2423 362
1370 744 1302
1371 3530 2643
1372 3706 1347
1373 5562 4841
1374 2112 5511
1375 4308 1354
1376 5577 3307
1377 5293 4306
1378 1200 1748
1379 2387 0
1380 748 4009
1381 3803 5431
1382 4693 890
1383 922 3227
1384 2794 2065
1385 2427 4468
1386 2809 31
1387 3776 -12
1388 642 2600
1389 4920 368
1390 1815 2953
1391 5661 3201
1392 4455 5107
1393 5105 3125
1394 5604 2009
1395 196 4991
1396 642 2779
1397 4215 3314
1398 4248 1970
1399 4367 3810
1400 4129 5431
1401 1899 3528
1402 5347 5280
1403 427 5087
1404 3887 -12
1405 5046 6224
1406 1444 4347
1407 4504 4996
1408 2283 1850
1409 4871 779
1410 2414 41
1411 611 2481
1412 5695 3710
1413 3915 2643
1414 3396 413
1415 5811 4607
1416 1865 97
1417 913 3145
1418 579 1133
1419 5310 771
1420 4874 6224
1421 3817 1480
1422 395 6237
1423 2045 2998
1424 2162 3027
1425 1597 4057
1426 3396 -12
1427 4011 659
1428 1625 5303
1429 1878 5315
1430 2606 31
1431 5811 5127
1432 5532 3644
1433 1246 2781
1434 3530 2802
1435 4599 4980
1436 5720 1763
1437 2118 4406
1438 1930 2998
1439 6445 4778
1440 2488 2345
1441 1877 4943
1442 1532 3761
1443 3706 1806
1444 601 5375
1445 701 3145
1446 5599 6224
1447 3706 1905
1448 5308 3296
1449 5006 4245
1450 2461 2328
1451 1910 97
1452 3463 1928
1453 5804 1763
1454 6106 5665
1455 4102 1542
1456 2757 4881
1457 1127 3480
1458 6237 3733
1459 54 336
1460 1615 5180
1461 4809 894
1462 5259 2318
1463 6524 1445
1464 2396 4702
1465 -47 1244
1466 5805 238
1467 2875 2297
1468 1127 3251
1469 6524 1698
1470 5981 1228
1471 6445 5128
1472 2247 4881
1473 5811 4557
1474 4068 3039
1475 4690 4052
1476 2737 4623
1477 4565 5331
1478 3459 2009
1479 863 6237
1480 3065 2065
1481 5967 2393
1482 3637 470
1483 5869 2393
1484 1542 4586
1485 744 1065
1486 825 322
1487 5618 6069
1488 642 2939
1489 2031 5626
1490 6273 543
1491 5653 5742
1492 6104 3710
1493 5350 2500
1494 817 531
1495 4102 1928
1496 3668 758
1497 1878 5531
1498 4830 4745
1499 541 5087
1500 637 5375
1501 5293 4261
1502 3469 3077
1503 642 3050
1504 713 4202
1505 3392 5420
1506 3228 2403
1507 4424 3728
1508 1123 1806
1509 2153 97
1510 3595 3550
1511 4207 3007
1512 4830 3101
1513 3411 3213
1514 2777 2345
1515 6151 1763
1516 3136 3160
1517 4317 3020
1518 2112 5195
1519 611 2835
1520 4846 232
1521 2049 3541
1522 5811 4708
1523 4018 5063
1524 2892 3410
1525 4785 6051
1526 779 1524
1527 2123 2145
1528 4011 622
1529 3530 2868
1530 980 3667
1531 653 5375
1532 3571 -12
1533 3382 5920
1534 3179 3846
1535 506 2292
1536 6011 3733
1537 1973 2998
1538 4170 3949
1539 3879 5988
1540 1897 1278
1541 1958 2998
1542 5148 793
1543 5112 212
1544 5981 1190
1545 6524 1458
1546 3792 5771
1547 5751 5278
1548 1059 1793
1549 3902 758
1550 2172 4468
1551 2573 41
1552 4092 4275
1553 5052 3256
1554 4170 3806
1555 4308 1507
1556 1583 5948
1557 1616 4054
1558 3530 2702
1559 5604 793
1560 646 5197
1561 3783 758
1562 3930 3987
1563 5655 888
1564 289 5087
1565 6259 543
1566 4011 446
1567 5659 5742
1568 4367 3796
1569 3512 3558
1570 5783 3286
1571 4157 1928
1572 5624 4708
1573 3385 2403
1574 1915 2998
1575 2782 4641
1576 6002 1315
1577 4250 3483
1578 743 577
1579 2818 4008
1580 2688 531
1581 5105 3179
1582 2195 411
1583 2113 5924
1584 3396 185
1585 4410 4996
1586 395 6069
1587 6445 5086
1588 112 4525
1589 2845 3496
1590 6371 4333
1591 2430 4468
1592 2103 4406
1593 3160 4623
1594 2583 2345
1595 3666 657
1596 1787 4874
1597 1553 2298
1598 3469 3113
1599 5910 801
1600 6273 801
1601 646 4999
1602 2078 3541
1603 1645 3577
1604 67 4938
1605 295 3629
1606 4952 2980
1607 1506 5293
1608 2123 2068
1609 1239 3564
1610 1878 5249
1611 1162 322
1612 4670 4396
1613 4215 3806
1614 6445 5079
1615 5248 5306
1616 4317 3007
1617 5560 2084
1618 2302 -36
1619 3160 3160
1620 548 235
1621 4221 2247
1622 3396 70
1623 2621 4468
1624 3113 470
1625 1863 3678
1626 5787 5278
1627 333 1993
1628 3858 424
1629 5775 888
1630 681 1524
1631 4543 932
1632 4326 316
1633 644 914
1634 333 1882
1635 579 1202
1636 6168 1763
1637 4509 5283
1638 644 1090
1639 334 3145
1640 4646 4396
1641 4054 2017
1642 776 2693
1643 1542 5232
1644 2159 5036
1645 1047 3667
1646 3576 3550
1647 1000 1656
1648 3807 1480
1649 817 553
1650 2658 2345
1651 2365 4702
1652 3512 3579
1653 2841 531
1654 805 882
1655 3396 77
1656 6106 5514
1657 5829 801
1658 6137 3733
1659 4248 1888
1660 452 1524
1661 1569 35
1662 6051 3286
1663 2019 4192
1664 5638 5760
1665 2423 4468
1666 4726 6313
1667 3179 3732
1668 5726 3710
1669 5604 1927
1670 2845 3507
1671 5871 3710
1672 6445 4698
1673 395 5628
1674 4624 4310
1675 5267 4130
1676 2930 1734
1677 5638 6050
1678 1553 2285
1679 5196 668
1680 1542 4910
1681 4111 5431
1682 4317 2643
1683 52 725
1684 3469 2436
1685 488 5087
1686 2910 1651
1687 1436 3577
1688 1532 4230
1689 4957 5648
1690 1643 3654
1691 4543 1055
1692 6300 5234
1693 3173 2065
1694 1583 6240
1695 5347 5278
1696 3469 2779
1697 283 4551
1698 3882 4440
1699 5811 5049
1700 2338 4118
1701 4710 4717
1702 5865 888
1703 1974 97
1704 4952 4245
1705 3706 1324
1706 4424 3204
1707 4871 244
1708 4221 2258
1709 5548 4475
1710 395 5864
1711 2818 3604
1712 2461 2337
1713 5112 546
1714 4334 4739
1715 353 1696
1716 5248 2173
1717 5695 801
1718 5749 4245
1719 5630 6069
1720 4424 3170
1721 5121 3662
1722 4354 4980
1723 1390 2683
1724 4172 3806
1725 2495 4468
1726 5239 -142
1727 4372 5453
1728 3260 3550
1729 4011 863
1730 2172 4406
1731 2604 531
1732 5692 3733
1733 1607 80
1734 4889 3060
1735 3203 3546
1736 5638 5935
1737 2782 4623
1738 353 1721
1739 5479 5114
1740 1688 5180
1741 5139 6224
1742 5350 2396
1743 5701 888
1744 997 3667
1745 3583 3601
1746 3748 5690
1747 4424 3177
1748 62 4938
1749 1477 5396
1750 4726 5884
1751 3707 4546
1752 4215 3771
1753 1601 4766
1754 112 4551
1755 3722 424
1756 54 631
1757 5618 6127
1758 4660 3060
1759 771 2292
1760 2572 1945
1761 4102 1785
1762 2930 1779
1763 5488 2393
1764 3950 758
1765 581 1129
1766 5509 63
1767 2032 2825
1768 1858 52
1769 4957 5472
1770 4945 4226
1771 2845 5924
1772 3640 3039
1773 333 2059
1774 3486 3558
1775 353 1571
1776 333 1911
1777 5090 5651
1778 3055 2403
1779 4969 4245
1780 2875 2009
1781 1905 3595
1782 1908 1313
1783 2514 4881
1784 747 6237
1785 2032 4192
1786 -15 1571
1787 289 4999
1788 2031 5449
1789 2875 2268
1790 1280 98
1791 4275 5278
1792 2349 4118
1793 2652 5924
1794 3396 424
1795 4198 -12
1796 2930 1661
1797 2837 31
1798 4871 368
1799 1590 3879
1800 2971 5924
1801 3597 3039
1802 3042 4881
1803 3120 4881
1804 4785 6117
1805 3827 424
1806 2818 3984
1807 1532 4062
1808 5297 668
1809 1969 97
1810 6229 3071
1811 2123 2228
1812 2985 2065
1813 5347 5306
1814 5112 171
1815 5981 997
1816 2292 91
1817 5811 5013
1818 867 1656
1819 4210 5453
1820 2423 357
1821 2880 5978
1822 2045 3019
1823 283 4999
1824 5618 6205
1825 5719 4245
1826 4726 5927
1827 5208 4130
1828 4299 3673
1829 1651 97
1830 2930 1652
1831 1805 4213
1832 2470 531
1833 5112 574
1834 3879 6223
1835 3087 2009
1836 234 3629
1837 3544 4623
1838 2874 31
1839 4543 1015
1840 2863 3410
1841 2327 1837
1842 579 1358
1843 5933 5742
1844 4957 5545
1845 1542 5185
1846 1897 1366
1847 1200 1922
1848 3391 5435
1849 2049 3528
1850 1647 3528
1851 1554 5180
1852 5681 3286
1853 4830 4388
1854 1607 52
1855 1448 4409
1856 4714 5381
1857 1705 52
1858 2910 1795
1859 2494 4468
1860 2731 41
1861 6485 1315
1862 112 4500
1863 1280 158
1864 1307 2454
1865 2758 5924
1866 4171 5063
1867 4381 316
1868 567 5087
1869 6268 3710
1870 4169 1173
1871 4783 4878
1872 5749 4185
1873 4364 3060
1874 5196 3296
1875 2103 4150
1876 -47 1440
1877 1961 2998
1878 2424 411
1879 3385 3213
1880 4277 2345
1881 2292 146
1882 295 3563
1883 4543 291
1884 2803 2345
1885 2818 531
1886 3652 424
1887 3748 5701
1888 5340 2410
1889 3447 470
1890 5306 2102
1891 5479 4708
1892 1542 4483
1893 4785 5846
1894 3754 1268
1895 3300 2403
1896 2664 4881
1897 3748 5442
1898 6464 1315
1899 3841 3007
1900 5121 3938
1901 705 600
1902 5749 4130
1903 1593 3577
1904 4134 3039
1905 611 2494
1906 3999 758
1907 4337 4184
1908 5618 6182
1909 4027 1480
1910 2156 4009
1911 714 1385
1912 4774 4014
1913 3637 1268
1914 2845 3410
1915 2782 4821
1916 2064 2843
1917 5241 4130
1918 1924 4468
1919 2232 2068
1920 2875 2176
1921 4248 1928
1922 2877 6183
1923 3766 5431
1924 611 2720
1925 2204 2250
1926 2056 3541
1927 2103 4247
1928 6273 655
1929 2715 4881
1930 5215 668
1931 2387 31
1932 1607 35
1933 2442 2250
1934 3399 5420
1935 295 3482
1936 2528 5924
1937 3328 2403
1938 1527 3577
1939 2973 2065
1940 2845 3548
1941 1147 1748
1942 4215 3281
1943 6445 4611
1944 4248 2299
1945 579 1322
1946 5112 206
1947 5663 4130
1948 -47 1402
1949 3061 2065
1950 5984 1763
1951 5118 -142
1952 289 5053
1953 646 5011
1954 4367 3958
1955 4808 5400
1956 2112 5627
1957 1185 3480
1958 4751 3961
1959 295 3148
1960 2782 4660
1961 2950 3969
1962 2103 4125
1963 5811 4570
1964 4195 3806
1965 1237 6270
1966 3861 3039
1967 4170 3867
1968 2415 41
1969 3469 2611
1970 333 1973
1971 4102 2024
1972 2818 41
1973 2064 2825
1974 5981 938
1975 4215 3683
1976 1265 2422
1977 5394 -142
1978 4659 4717
1979 594 2292
1980 1899 3654
1981 4054 1845
1982 642 2480
1983 274 3629
1984 2103 4325
1985 4723 6313
1986 -47 1222
1987 1227 3167
1988 5105 3296
1989 1283 62
1990 5981 1238
1991 662 937
1992 776 2483
1993 6445 5234
1994 2016 4997
1995 2292 316
1996 5805 414
1997 2594 5924
1998 3176 3862
1999 5233 4245
2000 2910 1596
2001 3879 5916
2002 1312 6270
2003 2458 435
2004 1747 4213
2005 6079 2535
2006 2845 6045
2007 340 1571
2008 4550 3101
2009 1246 3100
2010 4310 6313
2011 5581 3902
2012 2345 4468
2013 2852 488
2014 4299 3688
2015 1436 3651
2016 776 2292
2017 4918 3022
2018 333 1959
2019 1542 4567
2020 5009 793
2021 4018 4498
2022 3223 3558
2023 4011 748
2024 1532 3846
2025 1187 2725
2026 3401 3213
2027 5280 5306
2028 698 2292
2029 5520 2084
2030 1574 4062
2031 1618 80
2032 54 521
2033 2220 -24
2034 5494 793
2035 623 1524
2036 4573 4980
2037 867 1793
2038 3561 424
2039 2923 470
2040 2283 1949
2041 6229 3166
2042 2128 4406
2043 6106 5733
2044 2013 2998
2045 2112 5924
2046 750 206
2047 333 2164
2048 3957 4210
2049 4325 3688
2050 3704 2643
2051 3666 758
2052 4248 2216
2053 2930 1858
2054 3706 1626
2055 2845 6142
2056 4528 4996
2057 4280 4751
2058 642 2903
2059 -47 725
2060 395 5569
2061 5912 888
2062 744 882
2063 2910 1380
2064 4299 3474
2065 4693 984
2066 3246 470
2067 2392 4702
2068 2103 4336
2069 4467 5107
2070 5716 181
2071 2345 4776
2072 5719 3286
2073 3706 1667
2074 806 835
2075 1454 2298
2076 2343 2250
2077 5805 543
2078 4931 4388
2079 3391 5791
2080 86 1571
2081 5409 771
2082 4331 3204
2083 5407 2084
2084 1541 2285
2085 5670 4245
2086 4259 1173
2087 579 1205
2088 6524 1550
2089 482 3145
2090 3034 4643
2091 2266 4809
2092 5248 2289
2093 5457 793
2094 4248 1889
2095 5581 3881
2096 5860 5278
2097 5241 5264
2098 2127 4468
2099 1249 324
2100 3965 758
2101 806 1524
2102 1011 322
2103 3999 795
2104 5479 5264
2105 3225 4923
2106 3391 5653
2107 1532 3859
2108 1559 6270
2109 806 1351
2110 6104 5234
2111 2327 1899
2112 4275 5253
2113 4367 4104
2114 5981 1154
2115 2644 531
2116 4178 3806
2117 4215 3128
2118 3644 3039
2119 3468 3213
2120 6229 2724
2121 2818 3574
2122 3706 1540
2123 3702 2059
2124 3637 1324
2125 1837 52
2126 814 6237
2127 4726 5460
2128 4317 2420
2129 3451 2009
2130 2172 4809
2131 642 2848
2132 395 5786
2133 2818 3682
2134 5564 2393
2135 132 3690
2136 3264 5920
2137 5259 4388
2138 2585 4881
2139 1897 1281
2140 3317 4923
2141 4809 911
2142 6036 1763
2143 4585 3101
2144 1542 4716
2145 5350 2394
2146 713 4070
2147 4886 3060
2148 1915 5729
2149 2844 2161
2150 3879 6203
2151 6057 1763
2152 4785 5954
2153 4624 4278
2154 3666 2643
2155 2112 5125
2156 4142 1173
2157 2112 5834
2158 5981 921
2159 3463 1878
2160 283 4610
2161 6445 4683
2162 6087 5742
2163 5174 4130
2164 3955 2643
2165 4367 3897
2166 4317 2558
2167 2301 3027
2168 3034 4668
2169 5450 793
2170 4535 5460
2171 561 598
2172 2123 2139
2173 5384 3644
2174 5472 5278
2175 598 5375
2176 4564 890
2177 5630 801
2178 2031 5229
2179 3887 4440
2180 1886 4492
2181 817 362
2182 4016 1480
2183 5340 2440
2184 4918 2980
2185 801 4211
2186 5225 4388
2187 4215 3770
2188 2168 3027
2189 6089 3733
2190 2423 406
2191 2880 5965
2192 5756 181
2193 3778 1303
2194 6307 5234
2195 6524 1665
2196 2597 4406
2197 -47 1008
2198 2458 531
2199 581 1128
2200 2345 4749
2201 3513 2065
2202 4654 4717
2203 6079 2393
2204 2499 5924
2205 3681 758
2206 1787 4943
2207 1583 6270
2208 3685 1324
2209 3403 5244
2210 5372 771
2211 3200 2065
2212 5502 3644
2213 3615 4546
2214 3223 3628
2215 2270 5924
2216 2925 41
2217 4308 1357
2218 1532 4210
2219 2950 4008
2220 6273 791
2221 1815 2845
2222 6079 2651
2223 5720 1838
2224 4572 5460
2225 3546 3550
2226 4920 363
2227 4302 3688
2228 5780 1763
2229 5811 4967
2230 2031 5600
2231 3530 2766
2232 5694 3710
2233 1553 2683
2234 4355 4996
2235 -47 1316
2236 3666 598
2237 5105 3273
2238 -47 994
2239 4534 6313
2240 3097 5920
2241 2187 97
2242 2889 3410
2243 4543 316
2244 1597 4062
2245 5604 2011
2246 1625 5479
2247 2171 31
2248 4624 4242
2249 3530 2761
2250 1152 322
2251 1908 1328
2252 4696 6313
2253 533 282
2254 4034 6313
2255 450 5087
2256 5821 543
2257 5132 6224
2258 4567 932
2259 1246 2977
2260 1280 224
2261 3822 2643
2262 2845 3423
2263 224 3629
2264 5672 5278
2265 5604 888
2266 3221 2065
2267 1239 3590
2268 5604 1986
2269 1878 5313
2270 1493 5293
2271 2709 4468
2272 3909 3039
2273 1946 5729
2274 3778 1480
2275 5677 2393
2276 3544 4603
2277 646 5375
2278 3108 3504
2279 6524 1448
2280 5293 4273
2281 4310 3204
2282 2718 31
2283 4215 3194
2284 2200 4118
2285 3469 2998
2286 4830 4396
2287 3294 4623
2288 2292 227
2289 1030 1656
2290 3232 3550
2291 4726 5793
2292 6445 5119
2293 3704 3039
2294 344 2292
2295 3392 1878
2296 3023 2009
2297 4083 5063
2298 6012 3733
2299 1246 2929
2300 4714 4878
2301 6513 1763
2302 3544 4546
2303 876 235
2304 4094 2643
2305 4142 1219
2306 3620 3007
2307 4690 4225
2308 5730 4841
2309 5375 -142
2310 4405 5283
2311 4676 1072
2312 3178 3160
2313 3001 5920
2314 4072 5063
2315 5509 27
2316 5105 3149
2317 5293 3881
2318 2845 5999
2319 4299 3663
2320 5561 4841
2321 4830 4717
2322 395 6027
2323 2142 3982
2324 4785 6177
2325 333 2087
2326 5121 3516
2327 5811 4333
2328 1092 1656
2329 1542 4475
2330 6068 5742
2331 4367 3835
2332 4278 4184
2333 4221 2643
2334 6004 543
2335 5586 2084
2336 3296 3558
2337 646 5017
2338 4367 3944
2339 5420 5264
2340 3403 5074
2341 1886 4530
2342 3706 1748
2343 4223 3538
2344 5720 1809
2345 3469 2617
2346 5528 4475
2347 3914 2643
2348 2292 350
2349 1948 3528
2350 3908 4013
2351 4726 5811
2352 3407 3558
2353 2283 1786
2354 5956 2393
2355 40 4946
2356 3796 2643
2357 6106 5681
2358 1263 324
2359 1942 4996
2360 2901 3410
2361 5624 4841
2362 6038 1315
2363 817 522
2364 5195 4130
2365 1027 1793
2366 6008 5742
2367 6079 2588
2368 4785 232
2369 4589 4717
2370 395 5375
2371 5479 4475
2372 4248 1785
2373 6023 3710
2374 142 282
2375 4572 5390
2376 5479 4669
2377 6048 3286
2378 4565 5460
2379 2930 1878
2380 3275 2065
2381 1878 5432
2382 3706 1614
2383 611 2624
2384 806 1313
2385 1894 97
2386 642 2740
2387 3391 4923
2388 4275 5283
2389 4299 3566
2390 1687 97
2391 1498 2503
2392 1625 4054
2393 2156 4118
2394 5293 4245
2395 -47 943
2396 1897 1338
2397 957 6237
2398 5618 6224
2399 5052 3258
2400 2351 2981
2401 5105 2980
2402 4918 3060
2403 4499 5107
2404 3908 3987
2405 1946 4192
2406 6106 5334
2407 5581 4359
2408 283 4580
2409 4598 232
2410 2818 3716
2411 1921 52
2412 3373 5920
2413 2485 1945
2414 4367 4151
2415 204 3629
2416 6445 4463
2417 1942 4943
2418 6445 4922
2419 5531 3303
2420 598 3145
2421 922 3239
2422 4563 1015
2423 4221 2425
2424 1710 52
2425 2220 41
2426 3207 3732
2427 2875 2164
2428 1280 218
2429 5121 3695
2430 2105 2228
2431 4785 5932
2432 2910 1491
2433 5251 5264
2434 5297 731
2435 3230 3546
2436 4945 4179
2437 4317 3029
2438 3090 4881
2439 4871 711
2440 3108 3546
2441 434 6237
2442 4678 3060
2443 395 5838
2444 5479 4938
2445 6236 5234
2446 5602 4841
2447 2292 259
2448 5630 771
2449 2387 58
2450 4690 4017
2451 5367 771
2452 4054 1480
2453 776 2300
2454 333 2163
2455 4448 4739
2456 5521 3195
2457 1444 4372
2458 112 4518
2459 4170 3972
2460 776 2379
2461 5321 5264
2462 579 1289
2463 744 883
2464 817 566
2465 1878 5564
2466 4334 3060
2467 150 3690
2468 2292 411
2469 5351 3296
2470 2996 1878
2471 5105 3210
2472 459 5087
2473 2283 2825
2474 1514 3654
2475 1477 5293
2476 5112 -91
2477 2220 31
2478 2103 4192
2479 581 1051
2480 3980 6313
2481 1532 3667
2482 2350 4118
2483 2844 2149
2484 1878 5278
2485 4221 2556
2486 1542 4550
2487 4162 3039
2488 2709 4411
2489 3079 2009
2490 4871 676
2491 4126 3039
2492 1690 5479
2493 2946 2065
2494 5608 2393
2495 927 235
2496 4171 2129
2497 6524 1662
2498 1418 2503
2499 4221 2270
2500 2960 1878
2501 5791 3286
2502 5479 5065
2503 -47 1519
2504 2533 41
2505 581 1028
2506 4010 1480
2507 5335 5264
2508 5297 768
2509 2350 4121
2510 1485 2683
2511 2327 1781
2512 1367 2683
2513 4778 3101
2514 776 2425
2515 2292 122
2516 3860 758
2517 3428 3558
2518 5506 -142
2519 3596 3213
2520 3778 1291
2521 4079 3039
2522 2355 2990
2523 4142 1275
2524 6524 1653
2525 5713 3733
2526 5933 5234
2527 2444 41
2528 806 882
2529 -4 1571
2530 1815 2921
2531 1787 4810
2532 4937 3204
2533 5018 6224
2534 2509 41
2535 6106 5496
2536 5638 3307
2537 3108 3439
2538 283 4569
2539 5929 3286
2540 5127 -142
2541 2791 1945
2542 2458 415
2543 2071 2228
2544 3706 2059
2545 818 4082
2546 662 981
2547 5217 5264
2548 5064 4245
2549 6524 1763
2550 922 3202
2551 1123 1864
2552 6445 5191
2553 5808 888
2554 933 6237
2555 3221 3213
2556 2723 4623
2557 283 4756
2558 4215 3039
2559 112 3972
2560 3391 5552
2561 4408 3204
2562 922 3646
2563 3403 5185
2564 6451 1315
2565 4237 3538
2566 5618 6130
2567 611 2707
2568 3482 3558
2569 1246 3160
2570 4437 4980
2571 5581 3906
2572 4275 5107
2573 2252 411
2574 2240 2068
2575 5981 1171
2576 1532 4221
2577 5048 6224
2578 3641 1324
2579 2056 2228
2580 2053 2899
2581 3196 4623
2582 2273 -36
2583 2910 1829
2584 653 5300
2585 4280 5002
2586 2031 5659
2587 5526 793
2588 112 4458
2589 4056 5063
2590 2930 1807
2591 5551 771
2592 4424 3179
2593 295 3417
2594 112 4148
2595 662 884
2596 5981 913
2597 3879 5934
2598 5911 543
2599 4871 793
2600 4094 2129
2601 3403 4923
2602 6445 4820
2603 1265 2683
2604 2267 2825
2605 4542 4717
2606 1886 4468
2607 3354 5920
2608 4576 4717
2609 779 835
2610 1597 4043
2611 2130 4125
2612 2930 1798
2613 4676 3060
2614 5855 543
2615 6106 5461
2616 1899 3551
2617 551 5093
2618 763 235
2619 112 4282
2620 3928 5431
2621 270 1571
2622 5112 21
2623 3034 4623
2624 5325 2102
2625 2548 1945
2626 4578 1015
2627 5013 4388
2628 1191 6270
2629 3131 3862
2630 -31 1571
2631 4424 5453
2632 2170 2068
2633 5168 4388
2634 733 3145
2635 1542 4508
2636 5779 5742
2637 2549 5924
2638 4278 5063
2639 3275 4923
2640 1571 3654
2641 1849 4943
2642 713 4211
2643 5482 3644
2644 3186 3213
2645 4367 3863
2646 2283 2891
2647 655 1090
2648 1542 4867
2649 4714 5400
2650 2142 3676
2651 1634 4054
2652 579 1129
2653 4463 3101
2654 5293 3901
2655 2461 2264
2656 4690 4070
2657 4871 363
2658 5384 5264
2659 653 5343
2660 3999 863
2661 4530 3060
2662 1415 3528
2663 1265 2502
2664 4690 3961
2665 5513 181
2666 3748 5583
2667 2325 -36
2668 6524 1315
2669 5121 4069
2670 2677 2345
2671 395 6132
2672 2880 5924
2673 516 5087
2674 644 1053
2675 1471 3654
2676 112 3690
2677 1280 114
2678 646 5045
2679 4054 1746
2680 3374 2403
2681 3145 5920
2682 5456 5278
2683 2142 3997
2684 1583 5857
2685 1597 4054
2686 277 4991
2687 1787 4836
2688 1538 3577
2689 5843 3286
2690 806 1338
2691 1444 4395
2692 4872 4388
2693 4809 890
2694 567 5081
2695 3908 4032
2696 4871 748
2697 3748 5445
2698 4142 1209
2699 5112 187
2700 1899 3676
2701 4531 4996
2702 3062 2065
2703 4626 890
2704 2935 41
2705 4250 3336
2706 3142 2009
2707 5288 -142
2708 1022 2725
2709 6260 4333
2710 4250 3515
2711 2387 19
2712 5165 793
2713 4544 5107
2714 3547 2643
2715 5105 3007
2716 741 4211
2717 4957 5442
2718 5963 5234
2719 6270 5234
2720 4170 3967
2721 909 1793
2722 3060 1878
2723 4579 4980
2724 343 1571
2725 3544 4547
2726 4248 1923
2727 2112 5669
2728 1127 3167
2729 2845 6071
2730 5121 3936
2731 4215 3186
2732 3157 3160
2733 581 900
2734 3385 3550
2735 611 2464
2736 5509 -40
2737 520 1524
2738 1607 36
2739 5971 3286
2740 2910 1726
2741 2701 4468
2742 5340 2508
2743 6023 3286
2744 3177 3546
2745 353 1749
2746 4726 5474
2747 4018 4588
2748 6229 2651
2749 3479 2065
2750 4651 232
2751 2064 2845
2752 2132 4702
2753 1239 3607
2754 644 858
2755 2782 4881
2756 4809 1072
2757 3396 215
2758 1747 4192
2759 6085 3286
2760 581 1020
2761 3760 2643
2762 5604 1856
2763 4896 5400
2764 4761 890
2765 1528 2285
2766 5637 3733
2767 5981 888
2768 1695 3577
2769 3882 4513
2770 4463 5107
2771 5726 2393
2772 4714 5283
2773 3132 2009
2774 581 1085
2775 6080 3733
2776 1673 52
2777 395 6213
2778 3637 1275
2779 -47 1057
2780 1942 4997
2781 2283 1789
2782 727 1524
2783 3339 5920
2784 2716 4623
2785 1681 52
2786 248 1571
2787 4248 2307
2788 6445 5104
2789 3530 2715
2790 295 3432
2791 353 1631
2792 2645 531
2793 5531 3195
2794 3175 4623
2795 3687 1324
2796 2239 5924
2797 2170 4125
2798 1993 3528
2799 1172 6270
2800 1532 4150
2801 1812 4192
2802 5264 2102
2803 1377 3528
2804 1323 2298
2805 5753 801
2806 5293 3977
2807 195 282
2808 54 725
2809 2292 311
2810 4910 4069
2811 5267 4388
2812 4846 5400
2813 5581 3664
2814 5581 3995
2815 5287 4388
2816 1307 2503
2817 542 5375
2818 395 6072
2819 2423 59
2820 775 235
2821 579 1243
2822 6229 2669
2823 5914 3733
2824 2172 4753
2825 1532 4318
2826 6524 1374
2827 6445 4730
2828 395 5596
2829 4215 3240
2830 1344 2285
2831 5293 3644
2832 1924 5729
2833 112 3725
2834 6445 4747
2835 2423 345
2836 3439 470
2837 1871 2998
2838 35 1571
2839 2930 1593
2840 1195 322
2841 4693 956
2842 776 2485
2843 2976 5924
2844 3333 470
2845 4770 5400
2846 4612 3060
2847 1436 3654
2848 4578 932
2849 1792 5180
2850 1974 4213
2851 5588 6224
2852 1750 52
2853 508 5375
2854 2142 3936
2855 2482 1945
2856 6229 3131
2857 3966 -12
2858 5826 3710
2859 4170 3987
2860 1917 4213
2861 1878 5349
2862 4278 4275
2863 5581 4358
2864 4280 4739
2865 4680 232
2866 5621 4841
2867 4797 4717
2868 289 5084
2869 4215 3233
2870 2401 4702
2871 2130 4468
2872 2478 4881
2873 879 1656
2874 4250 3447
2875 6445 4921
2876 4420 5453
2877 4774 3961
2878 1735 4766
2879 562 5375
2880 1542 4751
2881 5248 2205
2882 2086 3027
2883 4871 544
2884 1127 3361
2885 4895 4069
2886 2031 5729
2887 942 1793
2888 5509 143
2889 959 1656
2890 1787 4766
2891 4830 3204
2892 4878 5652
2893 3108 3444
2894 4458 3101
2895 4801 5652
2896 2341 4809
2897 5811 5234
2898 5351 3221
2899 5259 2340
2900 5805 183
2901 817 572
2902 4161 5431
2903 4011 424
2904 5069 793
2905 4010 4210
2906 1377 3539
2907 1845 80
2908 3748 5771
2909 5469 3195
2910 4054 1539
2911 642 2684
2912 5646 5278
2913 5351 3195
2914 5698 181
2915 1823 4943
2916 5293 3845
2917 5112 451
2918 773 2292
2919 818 4156
2920 6365 1763
2921 5259 2508
2922 781 235
2923 6079 2438
2924 4308 1718
2925 5307 2520
2926 5749 4197
2927 4726 6268
2928 395 5456
2929 3223 3685
2930 2283 1940
2931 906 1793
2932 4714 5050
2933 3173 1878
2934 930 1656
2935 6093 5278
2936 2195 97
2937 1532 3692
2938 4142 1480
2939 445 1524
2940 1524 3667
2941 4656 4980
2942 1687 3654
2943 4785 5659
2944 3706 2002
2945 5638 6062
2946 1887 97
2947 789 1524
2948 3469 3160
2949 276 4938
2950 6057 5278
2951 5581 4296
2952 3600 2643
2953 3207 3714
2954 581 1027
2955 3596 3573
2956 1815 2899
2957 4424 3191
2958 2320 4125
2959 1504 2285
2960 3396 366
2961 112 4096
2962 1583 6244
2963 5124 4130
2964 5891 888
2965 3707 4513
2966 4164 6313
2967 5278 3296
2968 3931 2643
2969 4726 6222
2970 5525 5278
2971 1886 4682
2972 2930 1620
2973 295 3541
2974 1695 3528
2975 2591 41
2976 3996 -12
2977 54 359
2978 1549 2503
2979 3034 4881
2980 2004 2825
2981 3835 3039
2982 1710 5303
2 724 1066 
2 1078 736 
2 2730 1265 
2 1975 1179 
2 1519 1924 
3 1483 959 1218 
2 2110 286 
2 2874 630 
2 2359 1214 
2 1404 1387 
3 1922 1694 537 
2 1227 2922 
2 1269 496 
3 31 2585 719 
3 1704 1853 1770 
2 2144 1484 
3 1554 1745 2955 
2 682 2313 
2 2369 2608 
3 598 2766 137 
2 1754 1588 
2 1879 1134 
2 1202 2616 
2 2278 2893 
3 1878 2468 2190 
2 1976 1215 
2 1025 1741 
2 2909 2913 
2 1861 1898 
2 1504 2146 
2 817 2665 
2 2234 13 
3 39 2221 2233 
2 2036 2570 
3 977 1720 1873 
2 1551 2504 
3 147 1913 1482 
2 1943 2416 
2 1536 773 
2 2980 32 
2 2748 2222 
2 337 89 
2 2932 982 
3 1226 1255 2541 
2 1084 2591 
2 1676 1796 
3 2617 340 905 
2 2869 379 
3 2495 2046 1337 
2 619 2572 
2 2658 2507 
2 819 2527 
2 748 2192 
2 2220 995 
3 269 1578 126 
2 1987 463 
2 800 2298 
2 2808 1756 
2 639 2551 
2 1784 661 
4 1910 472 576 477 
2 2675 2847 
2 2590 2612 
2 2269 424 
2 369 2758 
2 1773 1627 
2 1793 1997 
2 1307 1701 
3 118 2086 1353 
2 689 1249 
2 396 1479 
2 1788 1262 
2 1237 1433 
2 1731 1832 
2 2561 2082 
2 2580 1152 
3 93 635 2246 
3 685 392 2547 
4 383 2260 674 1733 
2 2841 1382 
3 2176 1631 2243 
2 1941 617 
3 1609 1957 883 
2 1277 2183 
2 1947 696 
3 305 1362 1552 
2 2969 416 
2 1643 119 
3 1853 857 2307 
3 41 1961 1940 
2 2322 996 
2 2198 302 
2 2291 908 
2 1019 76 
2 2673 521 
2 2444 1063 
3 1185 1391 2793 
2 1574 1231 
2 811 1219 
2 505 2634 
3 2475 2584 1601 
2 2423 2499 
2 754 755 
2 1164 675 
2 2971 2341 
2 2949 278 
2 163 495 
2 1654 361 
2 366 296 
2 361 2062 
2 2856 895 
2 1194 2239 
3 2947 1911 323 
2 1489 2230 
2 2812 1955 
2 1530 815 
2 2616 1401 
2 2567 431 
2 838 68 
3 87 1845 1851 
2 1699 1817 
2 2235 580 
2 1368 2370 
2 1352 2807 
3 288 1795 2476 
2 463 2728 
3 54 760 1030 
2 1658 2189 
2 1559 2587 
2 316 1384 
2 1553 516 
2 892 1263 
2 911 404 
2 1321 507 
2 1325 421 
2 1735 2744 
4 1249 1422 1358 2355 
4 19 2813 1432 538 
2 1020 1543 
3 1852 538 1185 
3 1552 966 2859 
2 1409 2696 
2 1999 2548 
2 1946 2699 
2 2340 2601 
2 535 188 
2 992 2111 
3 2236 36 949 
3 1651 2200 399 
2 2859 1562 
2 1363 1372 
2 236 520 
2 1601 708 
2 1992 2514 
2 2487 1904 
2 1690 1229 
2 2049 2227 
3 1894 1913 2051 
2 2056 595 
2 2936 2241 
2 1430 1931 
2 912 1552 
2 1039 2397 
2 2622 106 
2 2344 1436 
2 1474 787 
2 341 923 
2 2911 1388 
3 226 808 1971 
2 1777 400 
2 2824 399 
2 1482 771 
2 1940 1670 
2 1035 1975 
2 1847 1301 
2 427 471 
2 553 656 
2 585 343 
2 1043 912 
2 1046 2727 
2 1206 1171 
2 282 506 
2 2700 1980 
2 579 1844 
2 836 1333 
2 2167 980 
2 1454 1656 
4 2306 953 1060 467 
2 145 1352 
3 372 2349 1822 
2 2025 2708 
3 1301 998 1378 
3 1637 524 2310 
2 2316 1393 
2 861 321 
2 220 2349 
2 2979 988 
2 1247 991 
3 768 568 1988 
2 791 1606 
2 2765 2959 
2 2170 850 
2 2627 2078 
2 2250 2102 
2 2982 1428 
2 2791 1326 
2 1358 2503 
2 802 2670 
2 690 2758 
3 408 1160 2808 
2 1576 904 
2 782 657 
2 2233 1309 
4 880 2010 2207 1834 
2 1503 786 
2 719 1232 
3 1977 2476 2309 
3 1869 2759 632 
2 391 405 
3 999 2907 2449 
2 2798 195 
2 1095 511 
2 370 2936 
2 276 1880 
2 445 289 
2 2570 283 
3 772 2496 168 
2 2490 2883 
4 586 635 1531 1252 
2 703 1269 
2 589 1633 
4 2150 1048 1292 1539 
2 1129 1873 
2 821 933 
2 1106 2892 
2 2890 2878 
3 1933 151 903 
2 798 1753 
2 2660 2103 
2 2286 1612 
2 241 1025 
2 272 240 
2 2939 1160 
2 2787 1944 
3 449 1455 2452 
2 913 1812 
3 2639 2105 1803 
2 1210 306 
3 2460 326 2453 
2 548 1639 
3 1336 1090 2419 
2 1495 1761 
2 2539 638 
3 2415 290 2630 
2 310 2622 
2 2756 2311 
4 1639 1959 875 665 
2 2768 2974 
2 1410 2425 
2 1136 2071 
2 747 373 
2 1070 1050 
2 2703 2176 
2 2694 708 
3 2819 444 819 
2 2002 1264 
3 1199 2401 2921 
2 2339 2658 
2 545 2787 
2 2901 54 
2 1173 1080 
2 566 2713 
2 2851 241 
2 1292 1533 
2 1015 874 
2 624 1017 
2 1350 223 
3 1029 567 1624 
2 105 1332 
2 959 2771 
3 945 2767 1599 
2 1544 439 
2 2304 181 
2 225 1722 
2 578 1680 
2 936 514 
2 6 2718 
2 2929 2214 
3 641 1086 124 
4 224 1989 807 1216 
2 1343 253 
3 1684 1191 1351 
2 2769 1698 
2 2633 2627 
2 2006 2318 
2 2951 1004 
2 108 2421 
3 2802 1273 2924 
2 652 853 
2 1218 2245 
2 2924 1003 
2 2952 1146 
2 91 2003 
2 2111 1841 
3 1868 2617 1499 
2 2021 85 
2 247 327 
2 2963 1278 
2 2526 2897 
2 801 1157 
3 374 886 254 
3 516 745 1143 
2 1751 561 
2 1920 2427 
2 1374 459 
2 958 627 
3 755 2483 129 
2 766 2306 
2 514 1397 
3 1041 1145 1293 
2 2598 2614 
2 194 517 
2 593 2662 
2 112 1261 
2 1618 643 
3 2799 846 1422 
3 784 488 248 
2 306 556 
2 1526 2782 
3 2426 2929 1068 
2 1858 2740 
3 2148 479 1095 
3 1290 2245 518 
2 759 2848 
2 1132 948 
3 2374 807 499 
2 1657 2805 
4 2629 41 2440 1667 
2 727 1088 
2 1528 949 
3 2853 2370 46 
2 1163 166 
2 679 1302 
2 177 776 
2 1168 476 
2 1810 777 
2 2406 551 
2 2849 1740 
2 1081 2149 
2 833 2825 
2 875 906 
2 678 422 
3 2311 1353 2626 
2 860 1483 
2 1945 2462 
2 1466 2900 
2 2948 2312 
2 1090 768 
2 2185 2716 
2 1911 726 
4 1516 1914 2167 2522 
2 107 109 
2 665 2047 
2 862 2976 
2 1730 2042 
2 1208 2494 
2 834 108 
2 1681 2620 
2 1211 1561 
2 2801 64 
2 673 222 
3 931 1884 1081 
2 2882 189 
2 260 1866 
2 1814 310 
2 675 2308 
2 1054 2160 
2 927 2407 
2 944 2031 
2 47 1235 
2 2636 1267 
2 2604 1973 
2 415 1284 
2 1829 78 
2 2378 2170 
2 1109 1340 
2 1506 555 
2 2427 755 
3 2520 1894 2660 
2 2839 925 
2 2114 1815 
2 2959 218 
3 794 2763 77 
2 1896 2138 
2 2309 2707 
2 457 2041 
2 2554 70 
2 970 849 
3 2772 1053 618 
3 148 170 2752 
3 169 2895 1689 
3 1309 2978 1597 
2 2103 1906 
2 1225 592 
2 132 1426 
2 218 2830 
2 2434 1808 
3 2062 2595 650 
2 1842 209 
2 2921 749 
2 2214 2022 
2 775 624 
2 1341 489 
2 1203 2678 
3 2052 772 1398 
2 1122 382 
2 86 1335 
2 851 824 
3 2924 2372 2938 
2 1066 2287 
2 2330 2366 
2 134 2701 
2 351 931 
2 1417 1012 
2 63 2484 
2 2288 1881 
2 1849 2798 
2 1279 175 
2 1509 1323 
3 2804 1258 796 
2 645 1077 
2 117 2383 
2 1565 522 
3 2313 1209 722 
2 1590 1071 
3 789 2943 2127 
2 2491 2521 
2 2257 2577 
2 1799 820 
2 281 2575 
3 712 1324 531 
2 786 1488 
2 2409 641 
2 513 1021 
2 264 723 
2 1661 224 
2 495 1246 
2 2222 2367 
2 2863 2951 
2 2938 244 
2 1642 2842 
2 873 535 
3 2711 2247 2033 
2 1593 2623 
2 841 2081 
2 562 2371 
3 930 2145 711 
2 1291 395 
2 991 2850 
2 314 646 
2 660 1357 
2 1751 2965 
2 1806 2410 
2 55 125 
2 1550 2871 
2 932 2599 
2 883 2569 
2 187 557 
2 847 1486 
2 2835 863 
3 1462 1350 2092 
2 175 2650 
3 2651 1188 60 
3 942 822 1730 
2 1697 1117 
2 1736 891 
2 344 562 
2 60 2683 
2 637 2663 
3 1340 1556 331 
2 2077 1346 
3 1487 910 899 
2 1772 649 
2 2229 1164 
2 792 2553 
2 2213 2302 
2 2363 2181 
3 517 1396 1642 
3 326 971 665 
2 412 509 
2 1689 579 
2 2552 1471 
2 1074 916 
2 2855 992 
2 1659 2372 
2 106 446 
2 12 1684 
2 2366 1843 
2 2147 2442 
4 2046 1030 335 1989 
2 1579 1806 
2 583 1049 
2 1746 2666 
2 1205 2203 
2 1525 1228 
2 1012 99 
2 181 704 
2 133 2362 
2 2105 1031 
2 489 788 
2 1169 1257 
2 221 2465 
2 1045 2146 
3 907 1174 443 
3 2343 285 318 
2 1115 1918 
3 130 311 791 
2 321 487 
2 332 2223 
2 990 1826 
2 151 2076 
2 94 1685 
2 432 2334 
3 2665 1808 2888 
3 1053 1477 192 
2 2381 2861 
3 831 1934 633 
2 1729 2660 
2 1817 2229 
3 2953 1667 2214 
2 1996 652 
3 1027 440 2902 
2 2562 1259 
3 969 587 815 
2 2860 1831 
2 451 145 
2 1745 1068 
2 10 1001 
4 137 2536 1297 139 
2 955 1910 
2 1271 1492 
2 1822 1423 
2 1388 676 
2 1080 2541 
2 1008 677 
3 571 978 268 
2 1864 832 
2 915 548 
2 547 249 
3 2371 2815 1377 
2 700 2004 
3 346 2935 2445 
4 1052 2631 702 2375 
2 2916 176 
2 2076 1925 
2 386 1778 
2 327 976 
2 467 1529 
2 2186 795 
2 2657 1096 
2 1883 641 
2 312 804 
2 476 455 
2 642 1170 
2 2519 953 
3 2020 932 1389 
3 2772 271 1172 
3 925 2063 277 
2 198 1316 
3 2826 1861 2668 
3 1428 1607 1643 
2 1880 545 
3 2425 2411 1932 
2 979 1128 
2 1361 619 
2 909 2251 
4 60 1625 2700 710 
2 2734 1728 
2 1845 284 
2 490 183 
2 121 1465 
3 1925 1678 2579 
3 1505 1848 1031 
2 1370 501 
2 2805 1717 
2 2907 177 
3 2246 228 1428 
3 533 947 1605 
2 704 2600 
2 2674 230 
4 2404 1998 1534 2426 
2 2737 1660 
3 403 1838 1426 
2 1850 322 
2 1916 1973 
2 158 1407 
2 1663 2405 
2 617 2328 
2 2232 19 
2 1359 1431 
2 1634 1112 
2 1397 1942 
2 2950 2096 
2 984 2923 
2 1729 2023 
2 2285 1696 
2 2038 1794 
2 1570 2072 
2 2166 972 
2 1148 802 
2 2550 634 
2 1550 1730 
3 2069 2638 2585 
2 2896 989 
3 2609 1901 1578 
2 2342 2073 
2 729 2557 
3 81 2721 597 
2 398 1243 
2 574 49 
2 2053 1298 
2 2274 2193 
3 2537 962 699 
2 1284 2327 
2 411 275 
2 2106 2560 
2 2970 2174 
2 315 2327 
2 1815 1974 
2 2253 873 
2 7 2705 
2 2443 2132 
2 217 1291 
2 526 888 
4 2728 610 1417 1503 
3 76 1039 228 
2 654 2764 
3 2603 478 2816 
2 252 2689 
3 1847 2016 58 
2 2101 2109 
3 442 560 288 
2 2405 563 
2 324 2582 
2 1523 811 
2 1522 430 
2 459 964 
2 865 751 
2 2555 2644 
2 482 1801 
4 684 407 2754 864 
2 2533 1420 
2 530 298 
3 1640 2608 1674 
2 2693 636 
2 1244 2441 
2 176 680 
2 211 2340 
2 713 840 
2 1288 2706 
2 1986 460 
2 59 1342 
2 1458 1658 
2 1127 2079 
3 2664 1330 1507 
4 2294 488 256 362 
3 1339 1153 1130 
3 2904 2020 751 
2 889 1960 
2 1876 1948 
2 946 1620 
2 1024 1819 
2 2202 2369 
2 1582 370 
2 78 1989 
2 103 375 
2 542 856 
2 544 1244 
3 805 351 854 
2 1398 342 
2 656 742 
3 974 2927 743 
2 2240 17 
2 1459 807 
2 730 650 
2 1615 77 
2 2293 2118 
2 1407 1585 
2 2669 1107 
2 1395 69 
2 2004 208 
2 1944 2052 
2 2211 1693 
2 2560 1848 
2 1939 2493 
3 2099 2363 2840 
3 84 1132 803 
3 1083 1907 2414 
2 1819 1027 
3 2644 622 1516 
2 1831 550 
2 1153 1799 
2 552 1477 
3 1371 1969 229 
2 506 588 
2 1531 2659 
3 2300 2455 1083 
2 1384 1255 
3 152 263 1787 
2 1376 1336 
3 576 1781 1521 
3 456 1888 2624 
3 2001 440 850 
2 928 658 
3 1590 738 1869 
2 2829 2869 
2 1903 2688 
2 2828 2060 
3 1433 2025 2603 
3 1722 13 215 
2 1473 1122 
2 1050 2038 
2 433 1472 
3 444 1334 2449 
2 1837 0 
2 1441 2641 
2 359 968 
2 1597 338 
3 2083 793 2756 
3 1099 2949 616 
2 2609 684 
3 1424 823 1190 
2 2044 1537 
3 2611 1962 2393 
2 1717 2177 
2 2814 2571 
2 1 1723 
4 2302 2488 2196 1251 
2 714 1458 
2 1485 2463 
3 1748 2355 1876 
2 901 2406 
2 680 2831 
2 681 2324 
2 854 2201 
3 1507 1331 311 
2 836 1498 
2 2638 260 
4 1490 2900 52 1233 
2 409 2899 
2 2435 1735 
3 647 667 1833 
2 2037 1124 
3 1201 1423 2580 
2 1296 102 
3 102 387 316 
2 976 2215 
2 2661 1129 
2 857 2248 
2 2626 333 
2 893 126 
2 1581 2316 
2 2484 1610 
2 1955 2845 
2 2173 2831 
3 2123 1478 1294 
2 1899 317 
2 2942 1690 
3 357 2877 198 
2 2249 2789 
2 2362 1057 
2 171 1889 
3 1621 226 414 
2 38 2823 
2 1381 1923 
3 2048 1698 411 
2 343 944 
2 345 2120 
3 1632 2903 1086 
4 1824 1719 2945 2366 
3 2522 2400 1778 
2 1089 2647 
2 2563 211 
2 2334 835 
2 1982 326 
3 1230 2890 2971 
2 214 441 
2 165 2272 
2 509 1632 
2 2895 435 
2 1155 1187 
3 2401 516 199 
2 1702 484 
3 2134 2624 728 
2 2717 392 
2 558 2633 
3 2830 429 1215 
2 2177 2448 
3 2206 1851 237 
3 1486 2181 2820 
2 2775 56 
2 1393 309 
2 609 207 
2 696 1299 
2 561 2213 
2 1778 678 
2 2107 2024 
4 335 683 2059 289 
3 168 2544 1641 
2 1064 2143 
2 2903 1275 
2 644 98 
2 2760 2733 
2 2519 1158 
2 1901 843 
3 115 533 2562 
2 1906 2100 
2 2914 30 
2 903 2040 
4 2534 1285 264 51 
2 438 1280 
2 1416 233 
2 2012 473 
3 731 1139 1201 
4 417 1645 2753 2847 
2 1342 1008 
2 1584 1151 
2 2131 1396 
2 2671 2818 
2 2902 1400 
2 2228 1436 
3 1923 1897 526 
2 546 1258 
3 881 1056 349 
2 1259 366 
2 783 1085 
3 2547 184 746 
2 2524 2088 
2 1375 118 
2 2138 1783 
2 658 1959 
2 2591 454 
2 2117 2558 
4 814 864 2253 2171 
3 1610 2849 2780 
2 1005 2919 
2 975 325 
2 2102 468 
2 1390 2530 
2 397 1455 
3 201 712 2631 
2 1253 417 
2 993 1668 
2 298 1466 
3 678 744 2123 
2 1623 1274 
2 676 1982 
2 88 758 
2 1263 1821 
2 1572 1891 
2 1290 353 
2 2708 194 
2 1795 363 
2 469 2819 
3 650 2733 843 
2 1679 647 
2 2726 2094 
2 2659 2584 
2 1555 2217 
2 2104 1739 
2 1345 1295 
2 2680 1937 
2 2172 1320 
2 629 451 
2 274 2559 
3 2786 256 350 
2 2000 2432 
2 2531 2890 
2 1622 1426 
2 2174 2682 
2 2239 213 
4 2606 2329 1181 833 
2 1952 1787 
4 2803 82 1987 466 
2 2776 1167 
4 2706 1080 2583 2379 
3 1707 1286 310 
2 2412 2607 
2 633 1097 
3 1915 960 668 
3 2655 1933 1384 
2 475 1664 
3 1834 1922 131 
2 1042 760 
2 2196 942 
2 110 1810 
2 1561 2205 
2 2461 1355 
2 1055 1036 
3 481 1777 1308 
3 1491 1664 1813 
2 2615 741 
2 2207 2962 
3 236 1082 818 
3 210 1436 1990 
2 46 1499 
2 350 2080 
2 1293 513 
3 92 1052 1026 
3 1608 1846 575 
2 481 1106 
2 1532 132 
2 178 161 
2 1260 245 
2 2495 2303 
2 2089 547 
2 492 1153 
3 2039 2013 2504 
2 1315 1653 
2 1611 2250 
2 1630 2035 
2 1997 2637 
2 2304 1287 
2 166 2910 
2 1972 1860 
2 389 567 
2 1885 1580 
3 1077 1709 377 
2 2593 713 
3 1855 1601 2691 
2 954 456 
3 422 371 1467 
2 565 465 
2 233 2390 
2 2032 2977 
2 2132 973 
2 1179 285 
2 1144 2920 
2 2510 1078 
2 1093 2619 
2 1677 1155 
2 2966 2254 
2 894 473 
2 1135 2194 
2 776 378 
2 1600 280 
2 2618 670 
2 1380 587 
2 334 2806 
4 339 1906 147 967 
2 1383 2550 
2 2204 1210 
2 1739 2502 
3 1801 564 187 
2 1763 930 
2 2393 539 
3 1781 1401 2349 
2 2383 1905 
2 2709 315 
2 5 279 
3 889 1108 2784 
2 2079 2106 
2 622 1104 
2 2389 1306 
2 646 985 
2 1603 1317 
2 140 2905 
2 949 1566 
3 1370 726 1089 
2 2545 533 
2 1761 397 
2 2735 488 
2 608 2128 
2 935 1673 
2 1420 681 
2 1248 846 
2 556 756 
2 2894 34 
3 2485 2423 545 
2 1624 573 
3 185 1007 2188 
2 1303 2672 
3 42 2941 2300 
2 1338 1329 
2 2005 603 
2 964 1150 
2 1139 2882 
3 1918 2606 1592 
2 196 2168 
3 613 1472 2091 
2 1335 519 
2 197 458 
3 493 2040 146 
2 2858 852 
2 2208 2578 
2 53 1928 
2 90 1710 
2 2493 1296 
3 1508 1548 191 
3 1178 2936 219 
2 1379 1314 
2 537 2055 
2 2419 2793 
2 300 1555 
3 2085 295 2394 
3 1033 1200 845 
3 2831 1721 2326 
3 2650 1602 980 
2 825 544 
2 2035 2737 
2 2007 2621 
2 1446 2851 
2 423 505 
2 1456 1929 
2 2282 1430 
2 2961 274 
2 2920 1028 
2 275 2695 
2 2108 1022 
2 2684 93 
2 2917 138 
3 1119 443 1198 
2 1018 1213 
2 2742 2921 
2 1727 671 
2 240 26 
2 908 2746 
2 698 531 
2 1016 1636 
2 1116 277 
4 1620 126 2253 499 
3 508 582 1783 
2 2157 1046 
3 2825 1005 1688 
2 2756 2141 
2 2187 173 
2 898 2734 
2 2276 2725 
3 2466 1105 2437 
3 2628 162 635 
2 2800 1807 
2 1196 319 
2 2171 893 
2 2862 178 
2 2266 2211 
2 1220 512 
2 1032 179 
2 1515 2151 
3 231 2843 2313 
2 501 1485 
2 261 721 
2 2850 2860 
3 908 2224 552 
3 2375 524 398 
2 2557 376 
2 2225 898 
2 833 1406 
2 770 1576 
2 2752 1230 
2 2589 1523 
3 2948 1598 187 
2 1844 1769 
3 2037 1112 2745 
3 2320 95 1891 
2 2513 809 
2 1449 1779 
2 0 419 
2 2310 2388 
3 536 329 1652 
2 2551 1508 
2 1886 261 
2 434 2709 
2 2502 2444 
4 2955 1569 1510 2519 
2 2610 492 
2 2095 2813 
2 1538 1967 
3 430 1572 927 
2 938 1 
2 1387 1532 
3 885 270 543 
2 371 348 
2 903 2574 
3 2605 706 697 
2 2448 44 
2 835 2598 
2 778 288 
2 1497 2381 
2 338 2075 
3 968 781 2546 
3 2326 357 250 
2 1439 2834 
3 2465 2492 1327 
2 2588 939 
2 1558 1154 
2 331 221 
2 559 1707 
2 888 2209 
2 1270 1120 
3 1787 2686 729 
2 2506 1421 
4 1329 2178 1994 1472 
2 2441 1422 
2 1176 1451 
2 962 2360 
4 2281 2064 2705 1038 
2 910 234 
2 688 1900 
2 960 1254 
2 1694 385 
2 1568 1330 
2 2408 2538 
3 1062 600 2621 
2 2136 2681 
2 2386 2911 
2 2098 515 
2 2066 1029 
2 474 1754 
3 2756 2065 1183 
3 1293 1021 1582 
2 1098 1519 
2 1266 1899 
2 720 415 
2 2833 2676 
2 752 1818 
2 1808 1930 
3 2133 1711 1940 
2 1292 663 
2 573 2039 
2 757 232 
4 666 2481 2942 2768 
2 2252 1194 
3 696 1675 334 
2 2398 1824 
2 21 2555 
2 1993 943 
3 2872 2896 259 
2 2767 2061 
2 2740 1686 
2 823 986 
2 2877 1958 
2 2008 2653 
2 2788 1587 
3 311 2532 2402 
2 2301 937 
2 2353 319 
2 301 2714 
3 1951 1314 1216 
2 1514 609 
2 2823 2525 
2 985 1518 
3 826 1225 1655 
3 1973 75 1767 
3 916 701 666 
2 1094 1371 
2 940 790 
2 2336 2022 
2 309 2715 
2 813 2119 
2 1614 2418 
2 242 209 
2 2496 2600 
3 2248 2113 1954 
2 2679 341 
3 483 103 1522 
2 2577 1405 
2 2019 2486 
2 884 1854 
2 2376 344 
2 1979 510 
2 563 2801 
3 180 2974 1390 
3 566 1325 2932 
2 1780 270 
3 1782 1540 513 
3 1406 2185 1200 
2 1809 1103 
3 2290 2022 2435 
2 1334 999 
3 2014 3 936 
2 2277 1500 
2 881 1855 
3 2462 2821 1765 
2 1118 2764 
2 1399 1568 
3 139 96 2222 
2 1577 2874 
2 790 1736 
2 472 2610 
4 2398 2162 2043 1993 
3 2400 731 2646 
2 291 1573 
2 2796 1583 
3 1503 2089 1270 
2 1131 111 
2 1534 1667 
3 2511 1041 2198 
2 2365 2887 
3 1021 2358 2260 
2 2925 266 
3 1005 1175 1220 
3 823 753 2751 
2 1980 22 
2 1560 413 
2 1998 2629 
2 2923 503 
2 2837 180 
2 2930 1408 
2 2275 365 
2 433 1644 
2 951 247 
2 2516 368 
2 2651 2392 
2 1022 2002 
2 8 2417 
3 796 25 1847 
4 2582 2033 289 1147 
2 2549 1469 
3 5 2335 299 
2 98 2747 
3 1200 1045 1380 
3 2885 1278 1322 
2 1825 2085 
3 1419 1318 2508 
2 2816 1864 
3 1151 2704 403 
2 1780 43 
2 2303 11 
2 504 2152 
2 155 2640 
2 1058 785 
2 97 2837 
2 215 2057 
4 1490 748 2736 2518 
2 1276 2284 
2 379 2283 
3 2544 2944 2274 
2 2299 72 
2 2112 1361 
2 2206 1596 
2 2296 1780 
2 2216 1972 
2 1310 2833 
2 618 1637 
2 677 655 
3 1440 2473 1712 
2 446 2476 
3 1927 197 2478 
2 2480 975 
4 69 1823 1564 136 
2 1718 2926 
3 737 2958 2509 
2 228 1749 
2 2940 851 
2 1108 2870 
2 707 43 
2 1919 2632 
2 510 1535 
2 832 429 
2 532 834 
2 1949 913 
3 2384 323 1370 
2 71 2178 
2 131 858 
2 265 1965 
2 2 2429 
2 1511 1121 
2 380 1567 
2 1917 1827 
2 229 12 
2 1193 1098 
2 1869 540 
2 2503 1876 
2 1716 297 
2 855 1725 
2 810 1628 
2 1700 1234 
2 2742 83 
3 307 2436 1221 
2 2854 427 
3 820 1807 2107 
2 1895 1506 
2 1771 1865 
2 2514 2460 
2 382 623 
3 2542 1878 819 
2 886 1520 
2 922 2164 
2 2129 659 
2 1674 2153 
3 2354 860 332 
2 632 457 
4 231 273 1127 2908 
3 319 907 1119 
2 765 1452 
2 870 2710 
2 997 754 
2 538 1391 
2 620 2590 
2 803 2814 
2 1633 2754 
2 174 191 
3 342 1971 1495 
2 2191 981 
2 2619 2594 
2 1789 1920 
2 963 2064 
2 2867 67 
3 1813 899 2027 
2 212 401 
2 2559 1242 
2 1984 1927 
2 1600 2220 
2 2504 2534 
4 1426 1000 2667 1147 
3 2063 918 2013 
2 568 2399 
2 965 1903 
3 2712 1542 1223 
2 1890 2802 
2 872 1608 
2 2564 133 
3 1221 2307 1912 
2 428 1703 
2 440 1546 
3 1172 134 2941 
2 205 1775 
2 1092 2982 
4 1517 2558 1511 2333 
3 1644 983 1101 
3 664 1110 2014 
2 745 2049 
2 278 1604 
2 184 1871 
3 1816 1178 723 
2 416 990 
2 709 250 
3 1790 48 1989 
2 2155 983 
2 1625 666 
3 385 479 2045 
2 1867 412 
2 661 825 
3 2146 2467 290 
2 1665 2012 
3 1828 2565 870 
2 480 1996 
2 2295 2933 
3 2121 1910 2262 
2 2324 1804 
3 2128 276 470 
3 2600 291 2544 
2 188 123 
3 352 68 1691 
2 1457 2884 
3 897 1695 2433 
2 2255 1403 
2 460 2779 
2 136 206 
2 2897 599 
4 2913 2925 2742 1493 
2 1238 574 
2 85 2179 
2 2122 150 
3 2045 2886 2157 
2 2862 2332 
2 2416 1367 
3 1366 1869 2301 
2 2928 122 
2 2190 1820 
3 1261 968 583 
3 2714 1154 703 
2 150 1705 
2 2446 2320 
2 1956 314 
2 2217 838 
2 2536 709 
2 549 2280 
4 2579 191 1941 1846 
2 2711 1000 
2 1220 947 
3 2620 774 1523 
4 2764 79 2848 2703 
2 2421 950 
3 129 890 707 
2 1591 1665 
2 1797 2282 
2 9 1079 
2 167 542 
3 565 2599 2226 
2 1171 848 
2 1297 96 
2 2770 2572 
2 193 801 
2 2245 2268 
2 2686 689 
3 827 2386 487 
3 2705 318 601 
3 414 679 1921 
2 2331 1184 
2 829 1681 
3 956 116 2837 
2 1813 1695 
2 1356 1564 
2 2857 9 
2 1165 2533 
3 1056 2457 1175 
2 595 687 
2 1207 2781 
2 2599 141 
2 1968 258 
2 1905 2735 
2 1668 2232 
2 2968 2347 
2 1794 2960 
2 1522 1963 
2 2946 821 
2 634 423 
2 1635 2652 
2 2451 1223 
2 651 974 
2 1100 1648 
4 1102 325 136 2777 
3 541 2044 753 
2 2188 731 
2 2244 2685 
4 404 878 592 1314 
2 2023 1528 
3 204 586 570 
2 2861 2269 
2 1014 160 
2 599 1699 
2 137 2212 
2 72 718 
2 1529 2231 
2 2941 2723 
4 830 164 1563 904 
2 2042 1592 
2 1541 1574 
2 2602 1091 
2 1594 1245 
2 2417 725 
2 2024 2937 
2 1447 2342 
2 1500 2175 
2 2634 2420 
2 2398 1011 
2 2944 1443 
2 2469 2967 
2 2548 1065 
2 1712 2655 
2 1103 2385 
2 1294 2159 
2 1950 2228 
2 2357 186 
2 849 244 
2 2755 1013 
3 1957 1530 1354 
2 738 662 
2 2977 683 
2 1740 1851 
2 2141 2693 
3 2899 470 2624 
2 2279 2826 
2 2870 2067 
2 580 1986 
2 853 355 
2 931 1789 
2 2884 2728 
3 1217 2301 2195 
2 1990 1544 
2 491 2292 
3 722 1101 989 
2 1963 720 
2 2521 165 
2 2656 2450 
2 1737 2556 
2 702 524 
2 765 2129 
2 70 2126 
2 1693 2702 
2 2203 2354 
3 36 171 1566 
2 353 5 
3 1753 15 2019 
2 1049 739 
2 468 799 
3 1719 1757 481 
2 441 2058 
2 2586 113 
5 2668 1928 1565 748 1233 
2 1567 900 
2 540 2373 
2 1360 1742 
2 1649 2363 
3 1571 1302 251 
2 2205 2051 
2 2465 1087 
2 746 2321 
3 304 905 2673 
3 1180 1444 2617 
2 2280 2394 
2 1598 2285 
3 634 1193 214 
2 2642 29 
2 1934 582 
2 1281 386 
2 664 745 
2 1069 998 
2 2241 428 
2 1073 1646 
2 1328 1266 
3 2891 2513 1734 
2 2119 2026 
2 1884 1148 
2 1636 1047 
3 2732 699 360 
3 2437 1328 1616 
2 1150 2155 
2 1120 4 
2 1286 2368 
3 1926 710 1849 
3 1164 645 1415 
4 1059 1381 2769 644 
2 2360 2242 
2 1804 504 
2 2947 328 
2 1811 2172 
2 1427 339 
2 557 1434 
3 1744 115 1457 
3 228 2277 705 
2 1079 911 
2 273 2412 
2 590 1195 
2 1257 2294 
3 2298 1902 38 
2 732 1877 
2 2720 1076 
2 231 2597 
4 1174 2139 2328 2901 
2 1877 1438 
2 1318 2904 
3 138 2226 1946 
2 1470 281 
2 2088 2279 
2 1324 2908 
2 1626 2264 
2 998 2365 
2 1764 2516 
3 2012 464 611 
2 2975 35 
3 161 85 140 
2 2399 130 
3 1724 1967 16 
2 1003 868 
2 479 2684 
2 2392 2685 
2 2789 1094 
4 2177 2265 128 2448 
3 2659 1868 1203 
2 368 896 
2 149 2404 
3 1743 1436 2177 
4 1403 2370 1249 2868 
2 1490 432 
3 967 1482 2903 
2 1267 1491 
2 1184 1110 
3 1652 1774 1073 
2 2501 607 
2 1921 1495 
2 1077 859 
2 1191 2680 
2 1438 97 
2 1960 1737 
2 1057 210 
2 2710 1186 
2 614 54 
3 2219 2482 500 
2 926 2792 
2 2471 761 
3 2573 1119 673 
2 1192 2045 
2 2757 826 
2 687 2234 
2 2818 2322 
2 1142 1614 
2 20 2458 
2 1670 2262 
3 2834 434 714 
2 1859 1385 
3 1437 987 2068 
2 2794 453 
2 1650 1440 
2 2051 2236 
2 1239 2687 
3 401 727 1678 
2 1060 1502 
2 280 1657 
3 1861 945 1312 
4 100 1953 152 929 
2 1007 1926 
2 2768 965 
3 1332 1748 1754 
3 587 1983 1882 
2 199 2184 
2 570 2270 
3 2632 1320 909 
3 2267 82 2906 
2 762 844 
2 2840 919 
2 239 1640 
3 1907 1964 1752 
2 1587 1159 
2 2027 685 
2 1517 1682 
2 2335 2029 
2 2667 324 
2 2312 2732 
2 670 1030 
2 1708 772 
2 1655 878 
2 2741 855 
2 277 979 
2 576 1339 
2 2096 1547 
2 65 1970 
2 1275 1805 
2 2553 1743 
2 2782 920 
3 2258 1839 80 
2 788 778 
2 230 1300 
2 1776 600 
2 2087 1418 
2 1028 1515 
2 1243 192 
3 2647 1765 2674 
2 249 256 
2 1612 653 
2 808 1981 
2 487 450 
2 570 87 
2 1209 1329 
2 824 1744 
2 1510 2225 
2 2289 2889 
2 1421 2274 
2 2464 1494 
2 2670 1594 
2 2067 148 
2 1068 1569 
2 918 1885 
2 2528 107 
2 1151 1622 
2 186 2535 
2 1599 336 
2 662 127 
2 2094 494 
3 591 2939 1911 
2 1932 445 
2 2759 2377 
2 1785 596 
2 891 900 
2 1385 1344 
2 1985 2398 
3 1195 337 529 
2 852 1412 
2 2268 2762 
2 172 1589 
2 2373 2858 
2 2827 2161 
2 973 2828 
2 653 1289 
2 1132 1917 
2 1762 45 
2 2945 940 
3 1597 2084 581 
2 1930 865 
2 284 2648 
2 1400 367 
2 1616 2166 
2 2808 2059 
2 496 291 
2 521 2472 
2 1138 2000 
3 1938 2015 2906 
3 1033 2576 2004 
2 400 490 
2 767 155 
2 1353 1839 
2 2194 2719 
2 692 1480 
3 2962 1109 10 
3 2682 1402 1355 
2 605 2345 
3 2538 474 2642 
4 2179 292 2965 775 
2 1431 120 
2 1792 1276 
2 67 1978 
2 2964 792 
2 1323 1809 
2 1779 14 
3 1372 2795 2520 
3 2891 2561 2957 
2 1096 886 
2 2499 1621 
2 927 2346 
2 996 2443 
2 1126 2121 
2 1245 1450 
2 1833 2917 
2 2455 2864 
2 1738 2791 
2 2881 1273 
2 584 734 
3 2327 1825 1250 
2 779 1487 
2 1747 34 
2 2429 1006 
2 283 719 
2 736 2512 
2 2116 1554 
2 1274 1859 
2 2707 2540 
2 2876 1024 
2 577 2290 
3 2156 527 604 
3 473 611 364 
2 2115 73 
2 2525 2766 
3 2031 78 1854 
3 2402 1512 2147 
3 750 2022 135 
2 1187 475 
3 2623 1575 1476 
2 2745 1715 
2 869 952 
2 347 1460 
2 26 2257 
2 1493 2145 
2 1629 1563 
2 1645 1530 
2 16 536 
2 1887 502 
2 2592 1720 
2 1604 740 
2 1252 2475 
2 1826 2351 
4 1837 312 461 2769 
2 1613 2187 
3 2878 237 1484 
3 1117 1604 20 
2 1805 1886 
2 57 2032 
2 2566 1487 
2 2613 2846 
2 2918 2028 
2 2541 2625 
2 251 970 
2 2612 1676 
2 2134 954 
2 2100 1549 
3 1182 2199 1638 
2 2888 2315 
2 1152 2980 
2 2411 2125 
2 1061 2717 
2 14 2436 
3 2672 2318 1282 
2 2118 482 
2 2325 65 
2 1569 2568 
3 1326 2724 2939 
2 2018 1634 
2 899 169 
3 555 780 805 
2 1065 1704 
3 1240 1226 1173 
2 710 956 
2 2251 1174 
3 839 1031 2872 
2 2126 59 
2 2478 1663 
2 2529 2630 
4 708 882 1823 1099 
2 2230 71 
2 1467 1305 
2 2677 1337 
2 2388 2112 
2 2482 1700 
2 1865 66 
3 606 2844 1414 
2 124 862 
2 45 1830 
2 1838 1386 
3 2883 2657 2226 
2 701 438 
2 2843 2672 
2 649 953 
2 2438 2979 
3 246 2438 2090 
2 1349 1525 
2 1628 1755 
2 500 462 
3 2030 1040 1280 
3 406 1125 523 
2 1703 1176 
2 895 345 
3 1925 2430 1527 
2 245 1939 
3 900 1308 1402 
2 2699 374 
2 390 628 
2 2515 1334 
2 120 528 
3 2873 1124 2101 
2 671 698 
2 1369 2835 
2 858 2191 
2 189 541 
3 1787 1952 1249 
3 1133 1908 779 
2 1718 1222 
2 519 1750 
2 1268 2364 
3 2227 1345 2319 
2 2390 383 
2 1796 2972 
2 534 700 
2 73 2198 
2 751 1713 
3 213 892 2150 
2 2773 2489 
2 1983 2263 
4 2601 724 2276 1751 
2 592 1797 
3 2422 1691 1631 
2 2242 1914 
2 303 2511 
3 1911 408 1945 
2 497 2636 
2 183 1061 
2 119 578 
3 909 1378 2396 
3 1215 639 174 
2 693 582 
3 1521 426 2882 
2 2974 593 
3 1460 119 798 
2 2072 139 
4 2692 2286 88 14 
3 1167 1733 2738 
2 1181 929 
2 2649 2772 
2 2424 2785 
2 2583 330 
2 1725 1591 
2 924 2975 
3 569 28 1600 
2 2458 2588 
2 2428 2677 
2 1224 546 
2 1282 1793 
2 373 2297 
2 2243 1341 
3 1560 304 2694 
4 1367 714 1271 217 
2 2086 2156 
2 1333 2300 
2 2926 1902 
3 232 34 2466 
2 2967 1988 
2 2478 1962 
4 2676 740 1272 669 
2 1537 1541 
2 1285 24 
2 2026 21 
2 223 571 
2 425 2515 
2 1605 2973 
2 2243 560 
2 371 1514 
2 1653 926 
2 1755 1070 
2 2908 1746 
2 2183 711 
2 771 2836 
2 2624 1319 
3 859 1063 2376 
2 2635 2329 
2 2431 2943 
2 388 157 
2 1937 1281 
2 1929 393 
2 2697 831 
2 28 2564 
2 1121 766 
2 1107 2730 
2 614 814 
3 1872 1947 1536 
2 1317 716 
2 154 2491 
2 957 1411 
3 402 816 949 
3 697 2332 1613 
2 1824 2566 
2 2452 2182 
3 539 60 1348 
4 112 1660 1842 359 
2 1322 2877 
3 157 2778 36 
3 1840 2262 360 
2 2755 889 
2 2751 594 
2 1675 1268 
2 515 987 
2 2574 1256 
2 1305 313 
3 1398 1571 2726 
2 892 10 
2 774 831 
2 4 2567 
3 554 581 1811 
2 1602 1521 
2 1311 1247 
2 995 1490 
2 1013 1896 
2 1125 1679 
3 160 2477 2711 
4 572 2738 1661 2247 
2 890 236 
2 526 1505 
2 2973 2790 
2 2637 2204 
2 871 1895 
2 2688 1687 
2 1812 694 
3 89 1126 172 
2 1378 81 
2 601 2829 
2 2161 37 
2 243 691 
2 1842 354 
2 1543 143 
2 1902 84 
3 2630 669 2235 
2 2702 1260 
2 2142 1453 
2 2540 1147 
3 2868 1823 882 
2 2337 1601 
2 1162 2338 
2 114 763 
2 2727 1374 
2 82 1457 
2 1140 2664 
2 840 256 
2 668 1575 
2 2219 89 
3 733 1875 2651 
2 1415 1473 
2 1613 2116 
2 1264 2628 
2 2272 2981 
2 1076 1554 
2 2527 1410 
2 2345 703 
2 1627 2018 
2 168 1302 
2 1241 924 
3 381 594 1152 
2 628 2158 
2 173 3 
2 2663 25 
2 2518 216 
2 1701 2202 
2 2028 1169 
2 182 1202 
2 1641 2679 
2 856 784 
2 1605 1836 
2 2068 1311 
3 1666 2252 2927 
2 1465 660 
2 883 55 
3 1874 198 2237 
4 674 1337 499 289 
2 904 1470 
2 2546 2595 
2 2842 153 
4 1189 1135 2552 2549 
2 1101 2780 
2 2348 2809 
2 1346 530 
2 66 921 
2 590 1204 
2 2394 142 
2 1686 876 
2 2597 712 
2 1213 265 
2 302 2542 
3 550 1688 690 
2 2367 984 
2 2729 294 
2 2724 1010 
2 2143 1141 
2 2569 2259 
2 213 2966 
2 2571 2095 
3 1344 1550 822 
2 1315 917 
3 2227 1330 1179 
2 2847 1687 
3 2453 2918 639 
2 2402 2184 
2 1970 1776 
2 1484 1166 
2 667 565 
2 2747 305 
4 1156 410 1735 1177 
2 604 1427 
2 806 1442 
2 718 190 
3 1513 2435 1879 
2 1308 1615 
2 1759 1979 
2 1617 2083 
2 2244 1807 
2 378 1733 
2 1756 934 
2 452 1216 
2 2587 2093 
2 920 1009 
2 2723 33 
3 2931 1062 752 
2 721 606 
2 1128 917 
3 818 2930 992 
2 395 2856 
2 364 1437 
2 1189 2357 
2 1423 732 
3 1583 1340 1364 
2 48 499 
2 362 2454 
2 2905 775 
2 1331 156 
2 2761 2154 
3 1496 157 1595 
2 691 414 
2 2379 620 
2 2073 2382 
2 1001 2729 
2 2701 158 
2 1232 2864 
2 1488 2131 
3 1683 2395 807 
2 717 2928 
2 1137 2964 
3 109 2463 407 
3 567 2432 1315 
2 1306 1105 
3 1118 2311 2841 
2 2844 1116 
2 1464 1651 
2 1592 1984 
3 2403 2770 612 
2 2192 2914 
2 259 2200 
2 607 1852 
2 615 2054 
3 2528 2609 2901 
2 1088 2804 
2 520 554 
3 2256 2448 480 
2 202 2692 
2 663 961 
2 906 2838 
2 454 2210 
2 74 2281 
2 2029 728 
2 1678 2765 
2 1222 1004 
2 68 1870 
2 2821 1635 
2 837 1545 
3 2420 915 1193 
3 1803 2168 2623 
2 989 2130 
2 470 2881 
2 2034 2169 
2 866 1659 
2 2011 1075 
2 602 1626 
2 2433 2547 
2 2871 1115 
2 2358 695 
2 816 1764 
3 1818 2947 640 
2 203 847 
2 238 402 
3 2264 2339 869 
2 246 508 
2 961 625 
2 1280 806 
2 2207 1018 
2 640 2690 
2 2445 6 
2 146 303 
2 1791 1238 
2 2414 1162 
2 2575 390 
2 2792 1731 
2 1964 1724 
2 2731 842 
2 686 1772 
2 1158 1513 
2 777 2822 
2 1711 1348 
2 2382 1363 
3 2544 854 765 
3 2578 2159 2778 
2 1768 2852 
2 1479 1784 
3 435 2746 2649 
3 2184 972 1350 
2 1478 1288 
3 2091 2417 2824 
2 2058 827 
2 631 935 
2 2410 1126 
3 2494 1763 793 
2 2467 2676 
2 2783 1113 
2 2811 2186 
2 393 839 
2 2396 1540 
2 2387 2639 
2 1034 1461 
2 2151 1950 
2 809 2008 
2 2880 15 
2 1742 456 
3 512 29 1343 
2 1734 498 
2 2832 331 
2 348 2483 
2 1834 231 
2 1047 2142 
2 1228 2431 
2 1289 2248 
2 2050 2952 
2 1518 1338 
3 1870 2698 1729 
2 1364 1032 
2 1974 2596 
3 1452 2295 2124 
2 376 2408 
2 1672 1943 
2 1189 2330 
3 2364 2963 2669 
2 1287 2968 
2 2338 2645 
2 1682 608 
2 360 185 
2 988 2090 
2 2093 2712 
2 384 201 
2 843 1042 
2 1527 872 
2 2643 764 
2 626 879 
2 1444 2879 
2 262 80 
4 734 1563 1559 797 
2 1262 1101 
2 1362 1698 
2 2341 2606 
2 486 799 
2 1909 2506 
2 83 1888 
3 1606 2017 2128 
2 1175 358 
2 2137 558 
2 1752 1035 
2 980 1424 
2 127 2775 
2 24 1369 
2 1821 1303 
2 52 2070 
2 621 2520 
2 943 1692 
2 1469 2497 
2 737 894 
2 2779 2238 
3 1832 1196 91 
2 1765 2774 
2 2071 148 
2 744 2749 
2 1978 672 
3 503 1481 2301 
2 1936 951 
2 896 1496 
3 2915 798 1239 
3 213 2108 902 
2 2795 994 
2 1097 2563 
2 2081 2451 
2 1044 692 
2 1432 2643 
2 804 485 
3 287 529 410 
2 756 2796 
2 2704 1241 
2 868 1375 
2 2576 2800 
3 2965 1579 1961 
2 1312 53 
2 2956 32 
3 40 1185 447 
2 518 2344 
2 1052 2378 
2 1646 1055 
3 1389 1798 1543 
3 156 2014 1828 
2 1453 830 
2 528 483 
2 113 1788 
2 1434 2249 
2 1412 598 
3 32 2510 212 
2 1585 31 
2 1948 121 
2 1595 147 
2 1988 2471 
2 2197 2395 
2 111 880 
2 2681 682 
2 159 1509 
2 1524 1840 
3 80 1867 1883 
3 2758 2030 1425 
3 299 1394 332 
3 2492 76 586 
3 2477 1932 452 
3 758 2153 1162 
2 2231 769 
3 919 203 2495 
2 575 1782 
2 1985 1131 
3 843 629 1030 
2 941 2480 
2 2472 1356 
2 2614 2077 
2 1741 437 
2 2848 1631 
2 2009 2299 
3 1198 2428 78 
2 2347 2356 
3 1589 1348 1914 
2 1836 2415 
4 1547 2912 2104 2897 
2 2762 1559 
2 2380 1044 
2 2753 1609 
2 1394 1669 
2 1429 63 
2 1607 2475 
3 2784 2741 2488 
2 787 1966 
2 2886 2832 
3 1648 1236 621 
2 2771 1208 
2 1837 1037 
2 1531 1180 
2 2440 23 
2 1545 1463 
2 1377 1501 
2 2082 1105 
2 1386 1014 
2 1235 2731 
2 1234 2393 
2 1502 605 
3 2321 239 1853 
2 419 2581 
2 2447 425 
2 2328 1647 
2 1728 1177 
2 2351 92 
2 1471 2788 
2 2981 686 
2 1535 665 
2 2159 1347 
2 2489 1240 
2 1866 2314 
2 56 1536 
2 2259 1237 
3 1871 982 706 
5 1367 2748 2203 1144 1469 
3 485 2725 737 
2 914 1227 
3 2333 922 282 
2 2523 2698 
2 317 187 
3 88 2656 1322 
2 375 2361 
2 216 394 
2 192 1067 
3 255 352 2065 
2 356 1619 
3 17 1048 433 
3 2297 2572 2589 
2 1766 2736 
2 761 193 
2 2654 2916 
2 294 1771 
2 1828 2389 
2 1373 1063 
3 1498 2867 2286 
2 1586 90 
2 2683 2854 
2 743 1349 
2 2454 1773 
2 1006 1090 
3 627 623 1718 
3 597 2289 1540 
2 1892 881 
2 2162 420 
2 2645 1399 
3 1907 1365 2859 
3 1328 2304 2485 
2 522 783 
2 1218 1617 
2 2352 1156 
2 2678 1953 
2 1954 2165 
2 2104 267 
2 657 144 
2 104 2180 
2 1443 615 
2 2565 514 
2 2223 164 
2 1696 1969 
2 1709 2371 
2 1413 2261 
2 2468 1995 
3 195 956 189 
2 2695 2404 
2 1750 2291 
2 2517 2336 
2 2781 1145 
2 1481 1290 
2 136 740 
2 2261 2761 
2 2043 1454 
2 1198 2099 
2 2780 8 
2 1104 1524 
2 2308 2866 
2 507 770 
3 1494 486 695 
2 1827 2163 
2 1548 1197 
3 420 779 497 
2 447 2005 
2 1520 2865 
2 672 18 
3 340 122 1564 
3 2346 455 549 
2 494 418 
2 1492 1671 
2 2807 335 
3 2649 552 1053 
2 1891 1168 
2 1662 2743 
2 2224 384 
3 2500 885 2053 
2 2749 2266 
2 1087 525 
2 2054 2122 
2 431 957 
3 2690 1261 2528 
2 1451 2946 
2 1396 1114 
2 2601 2140 
3 1067 2902 1791 
2 2319 963 
2 933 1829 
2 2978 2498 
2 1212 1557 
3 2284 733 955 
3 1004 1501 1999 
2 2238 2059 
2 1846 2139 
2 162 2554 
4 1666 1446 1133 1189 
2 1316 1553 
2 780 1190 
3 2715 791 266 
3 1143 1734 2017 
2 2713 2069 
3 1562 2350 590 
2 596 642 
2 741 346 
2 377 2863 
2 2160 1111 
2 2750 442 
2 462 2133 
3 2449 1768 572 
2 1533 887 
2 2625 2855 
2 697 2113 
2 2263 253 
2 37 1366 
3 1214 1441 2130 
2 1159 2875 
3 250 2469 1002 
2 1445 2089 
2 296 1383 
2 2626 1839 
2 978 101 
2 2852 1857 
2 258 572 
3 590 2953 329 
2 313 387 
2 2260 1863 
2 1265 1721 
2 1811 2543 
2 2152 1893 
2 876 2063 
2 1355 2097 
2 2508 406 
3 1177 750 2026 
2 1770 1278 
2 1038 1517 
2 1803 1802 
2 2696 2490 
3 2744 337 2278 
2 655 1102 
2 498 2613 
2 1710 631 
2 1072 95 
3 2719 551 2110 
2 2866 1373 
2 2809 2288 
4 797 1559 1084 2077 
3 723 219 2411 
2 1475 2664 
2 2210 1419 
3 244 2910 1909 
2 248 2016 
2 2047 2325 
2 706 1714 
2 2793 2909 
2 2691 1406 
2 1588 1862 
2 2859 2720 
2 1283 248 
2 2507 897 
2 354 1182 
2 739 2062 
2 2901 1649 
3 511 1092 1497 
2 1873 1038 
2 1343 2135 
3 24 2573 2348 
3 2419 1448 2898 
2 2722 2500 
2 2237 1581 
2 1685 2255 
3 2646 2604 1245 
2 2640 2675 
3 2270 1749 100 
3 1246 124 216 
2 1931 2247 
3 1247 1785 1875 
2 2774 2505 
2 2254 1248 
3 2937 2940 1130 
3 2509 1792 1579 
2 2149 316 
3 424 2982 762 
2 2333 978 
2 1166 2635 
2 2558 154 
2 2271 737 
2 1835 2296 
2 2439 227 
2 1904 436 
2 1092 2246 
2 694 997 
2 365 2134 
3 2250 914 48 
2 226 1161 
2 2195 2524 
2 2391 2816 
2 101 1708 
2 2470 2379 
2 2689 1570 
2 952 1072 
2 206 1272 
3 35 917 1313 
2 2479 2954 
2 2182 1100 
2 50 2461 
2 1223 2434 
2 1251 2482 
2 2233 938 
2 1841 1196 
2 1723 2603 
2 1512 1064 
2 153 1283 
2 1881 1816 
2 1549 1211 
2 2568 2352 
2 1233 1977 
4 1073 813 2948 564 
3 2193 1705 388 
2 436 1474 
2 360 780 
2 2938 2305 
2 2497 837 
2 1149 1732 
2 2718 308 
2 51 1968 
3 2384 1654 2074 
2 2838 1786 
2 848 2956 
2 2687 877 
2 1143 2891 
2 1405 651 
2 1313 819 
2 1656 2615 
2 538 1376 
2 2893 622 
2 1111 1697 
2 2739 252 
2 1726 1951 
3 543 43 1760 
2 2003 1285 
2 2430 2579 
4 1351 2123 1236 808 
2 2919 969 
2 1089 1991 
3 2097 77 836 
2 142 1449 
2 1993 1217 
2 950 610 
2 58 1069 
2 1993 491 
2 484 1629 
2 2397 396 
2 1134 648 
2 1476 2784 
2 616 1054 
3 842 2487 1328 
2 874 1310 
2 625 693 
2 1706 74 
2 815 532 
2 2209 782 
2 1898 1321 
2 1345 2343 
2 1908 1757 
2 1924 117 
2 1774 2517 
2 466 2009 
2 33 225 
2 735 2011 
3 1392 49 2314 
2 2468 1582 
2 1082 1919 
2 439 2114 
2 1688 2218 
2 437 1165 
2 994 2124 
3 2543 581 1378 
2 753 75 
2 2287 2794 
2 643 1216 
2 885 1858 
2 867 100 
2 612 13 
2 2886 1489 
2 128 2034 
2 1862 1093 
2 2314 1059 
2 1298 62 
2 44 841 
2 2957 1747 
2 2790 928 
2 1304 2961 
2 1991 407 
2 2158 2767 
2 1539 2001 
2 1085 320 
4 465 2693 1409 1389 
3 1161 588 1351 
3 144 2387 1837 
2 2875 1439 
3 2512 718 637 
2 2473 381 
2 2608 1083 
3 987 2180 881 
3 887 2783 2872 
3 18 2605 653 
3 2074 730 614 
3 1188 2685 1074 
2 2797 733 
2 62 1762 
2 2442 1758 
2 320 2256 
2 2535 901 
2 22 116 
3 1500 46 304 
2 2820 946 
2 939 1304 
2 367 1381 
3 1010 1112 2786 
2 254 163 
3 453 2090 1737 
4 793 711 1462 1890 
2 1760 2413 
3 352 2422 759 
2 293 202 
3 1965 2799 1039 
2 1204 337 
3 1786 253 1948 
3 850 2876 552 
2 1256 1608 
2 795 293 
2 99 1445 
2 2486 1892 
2 1843 380 
2 921 1936 
2 612 747 
2 2140 246 
2 1229 2474 
2 725 2915 
3 2716 1697 1504 
2 2212 2173 
2 648 699 
2 2165 2331 
2 1190 2473 
2 781 1638 
2 1680 2880 
4 2845 2127 2375 1856 
2 471 1007 
3 1962 1212 472 
3 1418 2977 2954 
2 1141 2894 
2 2806 2317 
2 1450 890 
2 2307 1475 
2 1798 559 
2 267 50 
3 705 1560 867 
3 527 388 238 
2 2846 757 
2 322 2803 
2 478 1976 
3 1958 2450 664 
2 30 523 
2 502 2697 
2 1314 1618 
2 569 1490 
3 2163 2810 688 
2 207 1650 
2 2777 828 
3 1800 981 1771 
2 1499 94 
2 1638 589 
2 2474 61 
3 2135 1123 1876 
3 1863 2840 1790 
2 413 2337 
2 1981 1163 
2 1573 871 
2 1113 2240 
2 879 1695 
2 477 2323 
2 1556 1019 
3 1557 1425 2610 
2 1099 1395 
2 1596 2531 
2 716 1938 
2 638 2501 
2 2109 2384 
2 929 2457 
2 2078 1853 
3 1461 654 2599 
2 1868 263 
2 1017 2350 
2 141 2439 
2 2666 1897 
2 2305 2156 
2 143 1814 
2 576 182 
2 421 2056 
2 1480 1949 
2 1382 262 
2 1225 2216 
3 630 1397 1105 
3 659 2773 885 
2 394 1726 
2 190 861 
2 1071 958 
2 1295 1577 
3 1931 452 1379 
2 2169 1318 
2 271 2403 
2 1146 1371 
2 1157 2401 
2 358 2642 
2 1769 794 
2 286 2526 
2 1692 2445 
2 2459 1538 
3 2887 2931 617 
2 2933 2470 
2 1435 2036 
2 1775 2007 
2 1037 2302 
2 1921 866 
2 179 1956 
3 125 1468 634 
2 2055 2006 
2 1900 2 
2 2283 2117 
2 1619 1516 
2 812 864 
2 1036 577 
2 1411 971 
2 2315 1233 
2 1009 591 
2 1854 1932 
2 2743 2539 
2 330 1138 
2 2271 1623 
3 1360 1023 1277 
2 2377 2739 
2 135 2440 
2 1062 1738 
2 1026 2127 
2 1219 2021 
3 2822 40 2301 
2 2201 2380 
2 2865 2409 
2 1201 1916 
2 399 1058 
2 824 2267 
2 1300 650 
3 2979 1456 1915 
4 728 255 1118 1034 
2 2960 1584 
3 64 208 2244 
2 217 1662 
2 2954 812 
2 2356 2050 
2 1669 2265 
2 392 2812 
3 636 1183 1382 
2 2084 200 
3 1732 2814 19 
3 2596 1137 280 
3 1130 1603 257 
3 1523 1751 292 
2 2069 1392 
2 279 2275 
3 1856 398 566 
2 2706 1835 
2 2199 2479 
2 2189 800 
2 2785 884 
2 1422 2671 
2 2124 1913 
2 1357 2197 
3 1994 844 2359 
2 1408 2353 
2 328 1630 
2 2607 2136 
3 2556 960 2271 
2 1857 2776 
2 2621 875 
2 268 243 
2 2292 1142 
2 769 1558 
2 1935 2593 
2 1715 205 
2 1580 2115 
3 96 1002 2456 
2 2581 1593 
2 1705 2208 
2 2215 1192 
2 2958 2611 
2 426 220 
2 2628 325 
2 2218 1040 
2 1170 369 
2 1319 297 
3 2662 2906 883 
2 2075 429 
2 336 584 
2 948 2654 
2 123 2374 
3 209 1683 57 
2 1995 2447 
2 2669 2885 
2 2815 2137 
2 2763 114 
2 1075 137 
3 1299 735 2766 
2 549 2811 
3 2498 637 1224 
2 2879 2853 
2 828 1586 
2 863 264 
3 2922 799 2618 
2 1182 2087 
2 2120 2748 
2 773 1149 
2 2130 170 
2 349 1033 
2 1463 569 
2 2834 1672 
2 1673 717 
2 1942 715 
2 405 796 
3 764 742 1006 
2 2273 2148 
2 1242 1123 
3 1091 1590 2827 
2 1820 469 
2 1889 2844 
3 1231 1401 1206 
2 2080 2529 
2 2972 389 
3 695 1611 2677 
2 2065 79 
2 450 1992 
2 1048 1800 
3 2836 2066 1794 
2 763 2649 
2 1758 2661 
3 61 824 2015 
3 333 2258 1382 
2 844 347 
2 458 1051 
2 1011 272 
2 2125 2424 
2 2817 340 
2 2323 1279 
2 2413 493 
2 2041 110 
2 2976 1404 
2 1671 993 
4 2332 140 149 2459 
2 1051 534 
2 525 1429 
3 2864 1043 1365 
2 2407 448 
3 1714 2057 2862 
2 2368 2750 
2 2361 2446 
2 2321 1307 
2 1564 1952 
2 715 47 
2 1254 1464 
2 464 2098 
3 1783 2607 1136 
2 2934 1818 
2 1186 7 
2 2418 2602 
2 2631 1727 
3 1912 1140 768 
2 235 1753 
2 2175 2817 
2 2648 2144 
2 2092 1716 
3 986 1849 372 
2 227 1798 
2 1354 1468 
2 2810 1221 
3 1364 2273 2586 
2 1197 2721 
2 523 1766 
2 1647 2934 
3 877 235 785 
3 2532 1706 1512 
2 234 2895 
2 23 2537 
2 2653 977 
3 2892 789 400 
2 1136 613 
3 308 2264 1359 
2 2469 2913 
2 749 1462 
2 355 748 
4 1540 2074 269 2464 
3 531 829 2388 
3 1566 810 778 
2 1542 667 
2 966 2048 
3 1687 1609 2803 
2 219 585 
3 1546 1292 1887 
2 2456 27 
2 923 2452 
2 1114 167 
2 2264 2970 
3 27 2898 1360 
2 2070 817 
2 2641 2206 
2 2317 553 
2 1713 1020 
2 2016 1759 
2 845 2545 
2 937 1016 
3 1023 266 409 
2 11 2820 
2 603 1205 
3 297 418 300 
2 1360 1199 
2 1250 1872 
3 1985 2969 681 
2 2060 1368 
2 329 287 
2 2040 1207 
2 2721 2037 
2 1172 42 
2 1347 2722 
2 2889 2873 
2 551 2950 
3 222 159 999 
2 1442 2481 
3 418 449 2523 
3 1660 1775 242 
2 2481 1253 
3 1325 1435 982 
2 1130 767 
2 1893 435 
2 1236 1447 
2 779 1677 
2 2385 1416 
3 2101 1526 112 
3 2519 356 1060 
2 729 105 
2 2935 602 
2 448 295 
2 2154 301 
2 2426 529 
3 2505 2652 2760 
2 16 1073 
2 2530 2221 
2 1706 2592 
2 1251 2797 
2 200 391 
2 1414 2757 
2 2594 1015 
2 902 1694 
2 2163 307 
2 2061 1702 
3 461 2219 1698 
2 2010 941 
2 1448 1874 
2 2164 1413 
2 2927 86 
2 2912 626 
2 785 104 
2 1830 2839 
2 1882 1935 
3 257 1850 1171 
2 1860 1551 
2 363 2857 
3 2652 934 1459 
2 401 2391 
3 1802 2755 196 
2 1767 39 
2 1966 2293 
3 1327 204 2484 
