386
0 38 275
1 163 111
2 72 360
3 190 127
4 86 360
5 227 316
6 181 294
7 309 204
8 213 77
9 22 117
10 318 131
11 104 267
12 22 111
13 94 54
14 335 296
15 331 143
16 152 105
17 226 42
18 218 127
19 25 91
20 274 43
21 342 173
22 6 287
23 236 294
24 298 233
25 246 291
26 251 64
27 40 117
28 349 149
29 160 300
30 115 153
31 15 178
32 358 271
33 309 173
34 282 65
35 41 136
36 309 222
37 99 294
38 94 30
39 347 290
40 263 204
41 215 316
42 94 74
43 287 149
44 337 232
45 190 129
46 144 316
47 226 22
48 298 284
49 135 105
50 106 98
51 95 360
52 56 294
53 85 30
54 331 178
55 132 340
56 99 283
57 190 166
58 51 136
59 309 149
60 310 13
61 152 336
62 94 87
63 148 97
64 208 316
65 77 360
66 225 42
67 16 238
68 72 283
69 154 102
70 381 271
71 93 156
72 135 102
73 293 173
74 3 178
75 106 119
76 274 65
77 201 77
78 333 131
79 333 296
80 282 291
81 269 165
82 348 131
83 16 310
84 41 30
85 285 217
86 338 149
87 246 65
88 331 211
89 298 296
90 132 316
91 263 64
92 167 149
93 269 153
94 241 22
95 282 173
96 292 240
97 152 324
98 42 117
99 25 34
100 217 112
101 136 216
102 347 270
103 153 33
104 41 -15
105 270 54
106 6 302
107 160 19
108 51 133
109 331 149
110 115 96
111 34 305
112 350 149
113 217 121
114 64 364
115 163 112
116 115 55
117 282 149
118 242 162
119 270 57
120 106 175
121 368 276
122 332 296
123 43 208
124 292 230
125 45 302
126 182 112
127 321 222
128 347 284
129 158 102
130 16 305
131 292 285
132 72 364
133 346 232
134 347 296
135 269 158
136 16 178
137 331 173
138 224 316
139 168 33
140 153 97
141 309 134
142 187 168
143 154 111
144 274 13
145 25 95
146 99 293
147 246 121
148 338 173
149 269 151
150 16 349
151 232 127
152 72 293
153 360 276
154 148 316
155 38 283
156 360 143
157 93 160
158 282 325
159 320 232
160 356 161
161 83 136
162 364 161
163 25 305
164 190 163
165 187 166
166 219 42
167 16 256
168 251 325
169 347 232
170 309 178
171 145 97
172 135 101
173 132 300
174 54 95
175 6 295
176 161 55
177 342 143
178 132 336
179 28 117
180 295 240
181 243 131
182 257 60
183 5 136
184 72 287
185 339 173
186 350 164
187 270 28
188 360 131
189 331 222
190 6 286
191 72 133
192 298 232
193 274 325
194 310 50
195 158 111
196 121 216
197 195 127
198 40 283
199 109 267
200 83 133
201 310 19
202 219 49
203 364 164
204 86 146
205 43 230
206 269 192
207 16 208
208 98 294
209 201 55
210 310 65
211 307 65
212 177 316
213 213 316
214 84 30
215 270 58
216 246 316
217 215 77
218 16 364
219 94 76
220 173 151
221 184 294
222 37 305
223 45 305
224 297 240
225 309 176
226 201 56
227 98 283
228 16 318
229 315 296
230 132 308
231 263 217
232 242 146
233 17 208
234 172 149
235 269 204
236 156 149
237 106 87
238 246 64
239 94 175
240 329 131
241 71 133
242 132 345
243 6 310
244 286 13
245 211 316
246 72 290
247 32 111
248 298 240
249 269 124
250 357 271
251 153 22
252 350 173
253 16 300
254 106 94
255 136 215
256 347 271
257 149 336
258 109 265
259 65 95
260 1 136
261 184 289
262 138 55
263 115 97
264 152 330
265 1 162
266 94 119
267 161 111
268 226 23
269 28 136
270 263 60
271 298 285
272 270 22
273 277 217
274 152 316
275 168 19
276 71 30
277 173 149
278 148 336
279 381 276
280 152 101
281 282 319
282 350 159
283 71 -15
284 199 55
285 246 85
286 350 161
287 292 284
288 226 316
289 121 210
290 41 -4
291 246 97
292 318 134
293 217 49
294 1 154
295 173 168
296 140 55
297 25 54
298 115 149
299 154 110
300 153 19
301 176 168
302 80 119
303 41 29
304 136 210
305 177 300
306 144 336
307 93 168
308 71 12
309 311 232
310 246 294
311 311 134
312 38 256
313 217 77
314 165 149
315 242 127
316 60 294
317 25 30
318 65 119
319 132 360
320 36 136
321 253 64
322 309 137
323 86 136
324 292 291
325 65 105
326 38 239
327 243 124
328 115 175
329 284 65
330 41 -7
331 115 92
332 16 330
333 201 73
334 173 112
335 104 265
336 99 284
337 132 216
338 296 173
339 243 166
340 38 230
341 347 238
342 221 42
343 246 325
344 135 210
345 308 296
346 46 136
347 212 112
348 181 289
349 94 168
350 6 238
351 6 307
352 270 43
353 359 161
354 1 178
355 45 294
356 310 61
357 183 289
358 165 55
359 93 146
360 347 276
361 238 127
362 163 97
363 274 36
364 105 119
365 360 137
366 236 291
367 301 173
368 246 292
369 72 294
370 205 127
371 128 149
372 292 217
373 163 102
374 269 181
375 242 166
376 233 127
377 65 117
378 364 162
379 1 140
380 173 152
381 257 58
382 65 111
383 190 138
384 243 163
385 299 149
2 155 312 
3 115 267 373 
3 65 132 223 
4 197 45 359 113 
2 51 65 
2 216 288 
3 221 305 348 
2 36 170 
2 217 77 
3 179 183 12 
3 240 292 210 
3 199 56 335 
4 247 9 183 145 
3 116 42 53 
2 134 79 
3 177 109 292 
3 299 49 69 
3 381 66 268 
2 151 370 
2 145 297 
2 76 363 
2 252 185 
2 175 190 
2 310 221 
2 248 192 
2 368 147 
2 321 238 
2 98 179 
2 112 86 
2 305 173 
3 328 349 298 
2 136 74 
2 70 250 
3 137 225 367 
2 329 76 
3 346 320 108 
3 127 192 7 
3 173 208 146 
3 103 53 251 
2 134 128 
2 231 91 
2 138 213 
2 219 13 
2 385 117 
2 133 159 
2 383 3 
2 154 90 
3 94 268 275 
2 271 248 
3 16 266 72 
3 302 254 263 
2 319 4 
2 316 355 
3 38 13 214 
2 88 137 
2 242 178 
3 336 227 11 
3 375 165 164 
2 161 346 
3 109 385 322 
4 188 201 244 283 
4 319 257 264 343 
3 237 259 219 
2 140 171 
2 245 212 
2 4 2 
2 17 342 
2 167 207 
3 227 184 198 
3 129 16 280 
5 279 32 203 162 188 
2 157 359 
2 49 172 
2 338 95 
3 31 350 265 
3 200 364 143 
4 34 141 215 20 
3 8 362 333 
2 82 240 
2 14 122 
3 324 281 273 
2 374 135 
2 188 78 
3 228 130 163 
4 276 99 303 308 
2 372 273 
2 28 109 
4 285 327 313 238 
2 189 54 
4 345 281 324 271 
3 46 178 230 
3 249 40 270 
2 234 314 
2 135 149 
2 272 47 
3 73 206 117 
3 180 287 124 
2 264 274 
2 377 27 
3 297 317 84 
3 113 347 313 
3 261 337 255 
2 256 341 
3 139 293 38 
3 283 330 317 
2 119 352 
2 351 175 
2 275 300 
3 241 35 318 
3 86 59 15 
2 263 331 
2 222 163 
3 282 28 156 
3 151 3 100 
2 132 218 
3 334 323 1 
3 262 237 13 
3 43 95 249 
2 375 232 
2 215 105 
2 328 239 
2 279 153 
2 79 229 
3 205 233 239 
2 96 372 
2 223 355 
2 347 334 
2 189 36 
2 39 360 
2 373 69 
2 83 253 
2 324 287 
3 114 2 319 
2 169 44 
4 158 14 39 279 
2 81 93 
3 207 31 204 
3 148 54 33 
2 288 41 
3 166 103 251 
2 362 63 
3 311 322 76 
3 366 301 165 
3 195 75 299 
4 244 363 272 283 
3 174 12 19 
2 37 336 
2 25 291 
2 185 137 
2 93 249 
2 218 332 
3 376 18 113 
2 369 246 
2 121 360 
2 274 46 
3 198 163 0 
4 162 112 177 365 
2 307 71 
4 319 193 281 134 
2 44 309 
2 353 286 
3 323 58 200 
5 70 378 353 156 188 
3 111 83 155 
2 57 383 
3 57 142 277 
3 342 202 139 
2 253 67 
3 193 343 231 
4 341 133 189 252 
2 7 225 
3 63 280 331 
3 280 72 263 
3 29 230 37 
2 259 145 
2 106 22 
2 358 296 
2 156 15 
3 306 55 90 
2 27 9 
2 224 96 
2 384 327 
3 270 321 381 
4 269 260 12 9 
2 246 68 
2 21 148 
2 252 286 
3 352 381 272 
5 70 162 365 82 60 
3 169 127 88 
2 22 350 
2 200 241 
4 309 24 338 36 
2 158 168 
2 356 201 
3 267 143 299 
3 337 258 289 
2 370 3 
3 68 355 155 
3 348 11 258 
3 161 191 75 
2 194 60 
3 238 293 166 
3 70 252 378 
3 359 136 323 
3 335 340 123 
3 235 374 95 
5 233 340 67 136 307 
2 37 369 
3 226 284 293 
3 10 211 356 
2 210 329 
2 64 274 
2 41 245 
2 53 276 
3 76 270 119 
3 343 5 310 
2 313 8 
4 114 243 350 150 
2 62 42 
2 380 277 
2 23 6 
2 223 111 
3 2 222 125 
2 248 180 
2 170 33 
2 333 209 
2 56 68 
2 332 83 
2 122 345 
2 90 173 
3 168 40 235 
2 118 315 
2 123 207 
2 277 92 
3 273 231 206 
2 314 371 
4 331 254 62 116 
3 26 87 202 
3 120 123 349 
2 78 10 
2 191 108 
2 319 55 
3 218 354 351 
2 60 144 
2 213 64 
2 152 184 
2 382 12 
3 48 224 24 
3 117 149 91 
2 32 256 
3 139 38 300 
4 169 21 186 203 
2 130 167 
2 50 237 
2 101 304 
3 250 360 102 
2 61 278 
3 199 335 196 
3 325 174 62 
3 183 379 317 
3 366 357 101 
2 296 116 
3 172 50 110 
2 61 97 
3 74 354 294 
3 364 302 49 
2 1 195 
2 17 47 
2 320 183 
3 91 182 215 
2 89 48 
3 187 94 144 
3 85 80 235 
3 212 97 154 
3 47 107 308 
2 214 84 
4 165 220 234 383 
2 257 306 
3 134 121 70 
3 69 172 171 
3 158 80 89 
2 286 112 
3 60 144 104 
2 209 358 
2 291 87 
3 160 186 282 
2 131 96 
3 5 138 305 
3 344 196 328 
3 308 303 330 
2 147 285 
3 15 311 10 
3 202 209 103 
2 265 379 
3 301 304 380 
2 176 262 
2 19 99 
3 371 30 359 
3 195 143 16 
3 107 251 308 
2 142 295 
3 266 318 50 
2 84 290 
3 255 344 295 
3 288 29 6 
2 278 178 
3 349 207 157 
4 275 300 84 290 
2 159 192 
5 216 23 366 339 368 
2 292 141 
2 0 326 
3 100 217 87 
2 92 236 
3 232 361 327 
2 369 52 
3 99 260 104 
3 302 108 377 
5 132 51 242 61 158 
2 35 269 
3 368 26 182 
2 59 141 
3 204 161 115 
3 89 80 131 
2 382 259 
2 312 340 
3 181 315 87 
3 289 120 30 
2 211 34 
2 290 104 
3 171 110 237 
2 150 228 
2 77 226 
2 126 115 
3 258 11 205 
2 146 56 
2 101 196 
4 367 192 372 73 
3 310 375 384 
3 205 326 207 
2 102 169 
2 66 166 
3 168 61 216 
2 304 289 
2 229 89 
2 58 35 
2 100 126 
3 357 6 199 
3 239 307 30 
3 218 190 74 
2 243 106 
2 105 187 
2 162 160 
2 243 265 
3 52 125 198 
2 210 194 
2 261 348 
2 284 176 
4 298 71 204 3 
3 153 128 256 
2 315 376 
3 373 140 77 
2 20 144 
2 75 266 
2 156 188 
3 310 261 142 
2 33 338 
3 310 25 321 
3 208 316 152 
2 18 197 
2 236 298 
3 124 85 338 
3 1 129 362 
2 206 81 
3 339 57 118 
2 361 151 
3 318 98 382 
2 203 162 
2 294 260 
2 295 220 
3 182 17 187 
3 377 247 325 
3 164 277 45 
2 339 181 
2 59 43 
