1728
0 67 248
1 472 584
2 2196 -42
3 2236 1163
4 685 442
5 2277 632
6 1459 175
7 1794 2082
8 1640 2116
9 242 1079
10 1768 1263
11 934 467
12 2278 2340
13 723 454
14 7 844
15 1065 2723
16 2304 1325
17 2409 2441
18 1006 2784
19 151 844
20 207 147
21 1994 988
22 309 213
23 2412 484
24 1502 734
25 1934 2420
26 26 844
27 141 483
28 886 1861
29 2518 1609
30 2444 1700
31 7 837
32 1759 692
33 1044 1778
34 1539 2138
35 1238 1492
36 1815 1405
37 2383 125
38 723 246
39 61 483
40 2574 270
41 1099 1229
42 2742 2174
43 104 2425
44 1754 1370
45 186 1079
46 72 147
47 1154 1238
48 1312 2395
49 797 2151
50 2522 110
51 933 2663
52 2005 1475
53 1034 611
54 976 2114
55 2235 1325
56 2061 2111
57 1704 2597
58 1860 764
59 2629 1471
60 2368 1204
61 1062 1630
62 2278 2136
63 242 1429
64 2517 1287
65 2641 1287
66 2350 1700
67 2574 280
68 976 2105
69 7 750
70 1798 1373
71 2118 632
72 13 1620
73 793 1611
74 868 454
75 1776 735
76 1718 790
77 2250 2087
78 2081 1325
79 1143 149
80 150 1383
81 1221 1954
82 1555 2699
83 1312 2615
84 1337 1596
85 2486 242
86 247 147
87 1065 2688
88 1907 252
89 239 1977
90 1718 745
91 1277 2371
92 1966 125
93 1141 2446
94 831 454
95 2165 -10
96 2278 2403
97 2383 198
98 976 2037
99 1077 1990
100 1689 137
101 1674 1957
102 641 1604
103 826 2027
104 633 1679
105 1718 736
106 302 502
107 1793 735
108 2468 1287
109 452 201
110 736 2004
111 1753 2111
112 2327 765
113 1531 141
114 976 2094
115 1238 1568
116 1164 200
117 2032 2371
118 1568 2699
119 2406 632
120 2727 2058
121 1221 1915
122 2015 1475
123 1099 1465
124 83 1927
125 1807 2069
126 2003 482
127 1134 1090
128 287 1386
129 1389 224
130 2108 740
131 2527 242
132 2400 1204
133 1045 1604
134 1027 1778
135 277 1004
136 372 208
137 2264 329
138 1890 2448
139 1221 1892
140 1890 2566
141 530 140
142 555 713
143 1143 200
144 1999 2111
145 207 1386
146 847 1825
147 2091 668
148 1713 2357
149 1807 2066
150 195 848
151 452 319
152 1674 1916
153 1238 1396
154 557 140
155 1077 2103
156 606 790
157 489 140
158 637 2427
159 2068 2593
160 1682 2234
161 1099 1463
162 937 2027
163 2091 661
164 1754 1264
165 1124 2335
166 723 372
167 1815 1445
168 1552 616
169 150 1306
170 2389 329
171 796 2004
172 2250 1780
173 2236 1146
174 2296 906
175 1181 1329
176 1578 2699
177 1039 1090
178 2004 125
179 1061 2784
180 1312 2435
181 256 1079
182 2467 2046
183 2108 770
184 2380 1700
185 1552 623
186 723 183
187 1065 2653
188 1537 2105
189 468 584
190 1022 1630
191 724 2376
192 1918 1475
193 1835 867
194 1424 2615
195 736 1894
196 1799 2597
197 2008 1325
198 1866 867
199 123 483
200 487 1602
201 2296 775
202 1890 2484
203 217 2060
204 452 140
205 723 212
206 2574 296
207 2079 906
208 2233 1163
209 2626 1471
210 793 1708
211 1763 1254
212 1238 1630
213 1124 2154
214 1676 2351
215 1828 2597
216 1766 1248
217 2694 2434
218 315 292
219 104 2191
220 2296 893
221 424 1388
222 1459 209
223 2014 125
224 2052 1475
225 1065 2599
226 1615 86
227 425 1429
228 2383 190
229 188 1386
230 2384 2434
231 606 510
232 2296 789
233 67 332
234 1537 2060
235 1748 1844
236 309 279
237 649 816
238 2409 49
239 1702 2351
240 1740 2232
241 1789 1325
242 1770 2597
243 606 655
244 408 208
245 1718 816
246 1994 978
247 179 1602
248 13 1927
249 1417 211
250 1646 86
251 7 628
252 250 2450
253 529 870
254 1815 1503
255 2540 110
256 2742 2157
257 254 483
258 1173 98
259 1839 764
260 1036 414
261 259 502
262 2182 701
263 1012 1090
264 1261 1892
265 2705 2046
266 472 1679
267 2056 1533
268 2096 632
269 1720 1844
270 549 2430
271 339 360
272 890 1778
273 1337 1680
274 2108 683
275 1510 2699
276 1249 1677
277 290 2430
278 2005 1352
279 1181 1248
280 447 1388
281 2444 242
282 1693 175
283 2259 1131
284 104 2283
285 2057 1662
286 828 1825
287 581 140
288 2068 2420
289 1065 2563
290 2691 2046
291 2196 125
292 457 1648
293 1074 1778
294 1807 1978
295 1907 232
296 1337 1802
297 2296 817
298 2685 2046
299 693 2376
300 906 1778
301 1886 252
302 2066 125
303 104 2258
304 1753 2082
305 1034 608
306 2278 2097
307 150 1386
308 1640 2234
309 723 309
310 2056 1622
311 69 1532
312 2526 1287
313 1674 1929
314 2361 1244
315 787 2376
316 12 844
317 1989 2420
318 2572 49
319 533 1679
320 2204 1163
321 723 314
322 1099 1537
323 606 816
324 1051 414
325 1238 1564
326 1754 1325
327 1181 1370
328 302 523
329 2372 317
330 487 1589
331 69 1509
332 1254 224
333 1923 2111
334 288 1386
335 487 1535
336 468 870
337 1902 2627
338 215 844
339 186 1263
340 1011 1778
341 1701 2129
342 723 140
343 1099 1267
344 976 2097
345 1129 372
346 2030 978
347 640 140
348 2158 1499
349 13 1787
350 1642 2357
351 1812 782
352 641 1602
353 933 2577
354 2576 2046
355 793 1619
356 2250 2095
357 1561 699
358 198 1079
359 1815 1408
360 660 1604
361 2412 448
362 13 1838
363 1674 2003
364 2625 110
365 2003 558
366 2400 1191
367 1827 764
368 1922 2627
369 1024 1861
370 457 1644
371 1143 1234
372 1129 270
373 2062 1662
374 1115 1973
375 138 848
376 599 502
377 2251 1961
378 2638 1287
379 176 483
380 933 2586
381 2136 1696
382 627 870
383 978 2297
384 2158 1658
385 1181 1317
386 105 2060
387 7 777
388 2299 125
389 258 1386
390 1181 1238
391 2039 2388
392 1124 2256
393 1992 1352
394 1920 774
395 1791 2082
396 2434 110
397 2594 1287
398 1646 159
399 2250 1805
400 2158 1682
401 2119 1325
402 491 790
403 186 1131
404 928 1604
405 7 700
406 75 1927
407 842 2027
408 1129 367
409 1778 2597
410 1150 98
411 736 1738
412 2507 2485
413 2202 775
414 215 848
415 96 147
416 1679 736
417 1719 1844
418 2118 756
419 2250 1844
420 1347 709
421 2196 1432
422 2262 775
423 1883 1352
424 1539 2052
425 933 2724
426 2518 1654
427 1248 1778
428 973 1630
429 1018 467
430 723 177
431 557 1535
432 1754 1299
433 1053 1861
434 969 2784
435 247 222
436 104 2060
437 1876 1503
438 392 360
439 2299 1131
440 1890 2585
441 1277 2446
442 1823 2111
443 2236 632
444 1065 2543
445 744 1825
446 1958 225
447 794 2376
448 921 1825
449 69 1571
450 2568 110
451 1896 1475
452 1754 1306
453 247 360
454 2641 1452
455 1290 224
456 2296 880
457 61 459
458 1065 2512
459 2118 729
460 2203 125
461 174 848
462 580 790
463 1719 2232
464 69 1469
465 2108 632
466 1768 867
467 108 568
468 1680 2357
469 1640 2129
470 2518 1471
471 468 592
472 2250 1832
473 1502 736
474 1402 2615
475 1031 652
476 238 2450
477 2188 632
478 1099 1211
479 931 454
480 1779 2111
481 141 2060
482 1689 127
483 533 2430
484 309 248
485 934 595
486 1036 577
487 865 2137
488 1012 1142
489 2727 2365
490 277 928
491 1329 224
492 1583 2622
493 2005 1325
494 1531 86
495 1297 1892
496 168 2060
497 2278 2058
498 1994 1048
499 341 208
500 1086 1778
501 2278 2277
502 1844 2395
503 7 655
504 2500 296
505 2165 -74
506 2267 632
507 714 870
508 415 208
509 1249 1650
510 1075 1602
511 1441 2699
512 2131 2111
513 2296 797
514 784 1825
515 1050 414
516 93 1602
517 2574 2485
518 1328 724
519 204 1386
520 2456 1287
521 1782 2129
522 854 1861
523 2447 296
524 487 1552
525 2158 1589
526 692 1736
527 2742 2077
528 1051 2784
529 852 1708
530 247 176
531 2406 1287
532 1247 1778
533 1815 2597
534 2129 1696
535 606 631
536 2278 2046
537 1640 2110
538 1757 867
539 67 317
540 1441 2685
541 2495 242
542 2123 1667
543 2056 1534
544 1077 2023
545 487 1545
546 1746 867
547 1249 1676
548 1807 1980
549 616 2430
550 1693 174
551 186 1235
552 1930 2627
553 2190 1163
554 186 1090
555 1353 734
556 890 2151
557 2247 1131
558 119 2060
559 208 2450
560 1075 1576
561 1583 2669
562 457 1655
563 1337 1801
564 793 1663
565 579 2430
566 1589 2597
567 2277 738
568 2227 1163
569 7 610
570 1856 175
571 1658 672
572 1754 1315
573 1534 2003
574 2470 49
575 2383 154
576 2187 1069
577 466 140
578 1193 200
579 1867 2082
580 1576 2699
581 1696 2232
582 1539 669
583 1741 735
584 2182 679
585 1312 2610
586 1155 1630
587 2383 242
588 1374 684
589 1924 828
590 1856 213
591 1249 1687
592 452 182
593 1814 1352
594 956 652
595 2367 74
596 1958 200
597 430 208
598 2641 1406
599 1492 669
600 1583 2699
601 2351 125
602 2284 765
603 452 340
604 2400 1185
605 1162 200
606 1733 745
607 2406 765
608 7 794
609 982 1861
610 1031 467
611 2508 242
612 2383 317
613 1712 2351
614 1012 1160
615 2216 1325
616 2091 683
617 2278 2120
618 7 568
619 1890 2420
620 1702 672
621 429 208
622 2250 2092
623 1312 2513
624 2367 2434
625 978 2303
626 263 1079
627 1552 669
628 933 2445
629 2406 756
630 1802 1373
631 977 1778
632 1129 269
633 1080 1576
634 1812 790
635 1143 1090
636 1750 2597
637 978 2151
638 2590 49
639 1129 414
640 1826 867
641 1459 224
642 1065 2546
643 1537 2123
644 2041 2207
645 2236 1135
646 2125 775
647 736 1861
648 471 1679
649 1754 1287
650 1129 357
651 2518 1546
652 2516 49
653 2596 2046
654 190 568
655 619 870
656 267 1386
657 2604 110
658 1844 2584
659 933 2737
660 277 993
661 1012 1182
662 2301 1131
663 852 1757
664 637 140
665 1264 224
666 1898 867
667 1807 2071
668 217 1988
669 2034 1048
670 2003 484
671 1143 98
672 1844 2411
673 1552 651
674 1782 2201
675 577 502
676 1099 1315
677 736 1739
678 1036 464
679 211 1079
680 1313 224
681 2582 2046
682 104 2222
683 2026 125
684 2308 1737
685 2165 64
686 933 2571
687 2367 110
688 948 2784
689 2727 2046
690 1674 1914
691 934 652
692 2350 1737
693 1221 1924
694 2165 -49
695 1099 1182
696 2108 765
697 1753 2232
698 1658 726
699 692 1679
700 2068 2595
701 452 145
702 224 848
703 2108 773
704 990 577
705 1143 112
706 1203 2446
707 2585 1287
708 1583 2597
709 300 1429
710 1561 637
711 1249 1741
712 2278 2159
713 2296 874
714 125 2450
715 1441 2615
716 2239 2095
717 1539 2003
718 1774 672
719 1831 2111
720 2032 2322
721 2586 2485
722 933 2474
723 641 1550
724 69 1459
725 1923 1352
726 147 844
727 2409 632
728 2574 242
729 1551 736
730 1937 2627
731 1674 1815
732 334 1079
733 228 1927
734 1925 2111
735 2612 2046
736 1859 1352
737 1815 1373
738 2278 2073
739 2182 727
740 134 844
741 2081 125
742 363 208
743 2056 1475
744 1958 867
745 693 1604
746 2361 1204
747 2278 2358
748 1709 2351
749 478 790
750 1188 1370
751 1293 1650
752 1193 114
753 539 790
754 2187 1325
755 485 1388
756 1583 2632
757 2119 2111
758 947 2445
759 545 2430
760 1856 252
761 875 2376
762 641 1553
763 1602 86
764 736 1765
765 897 2151
766 1670 2003
767 1328 734
768 1108 1630
769 485 1429
770 976 2137
771 1093 2103
772 189 848
773 1789 1248
774 1890 2540
775 157 568
776 1039 1778
777 2409 2437
778 2508 296
779 493 790
780 2425 49
781 693 2427
782 2068 2495
783 1312 2488
784 1328 725
785 2412 488
786 2180 775
787 2278 2376
788 2003 518
789 1099 1185
790 2032 2357
791 282 537
792 1994 517
793 468 844
794 349 2430
795 150 1263
796 1790 1352
797 941 1778
798 1994 987
799 1748 1860
800 143 848
801 2281 2434
802 1958 828
803 891 2137
804 438 292
805 1087 2103
806 2032 2348
807 934 457
808 468 843
809 1062 414
810 963 2376
811 904 454
812 937 1825
813 1238 1370
814 1012 1099
815 138 917
816 2377 49
817 181 1927
818 996 1630
819 1856 2082
820 2631 110
821 470 140
822 1124 2103
823 852 1715
824 1016 1825
825 468 850
826 1193 198
827 224 928
828 793 1662
829 693 2390
830 452 208
831 241 1429
832 150 1384
833 723 311
834 1278 1650
835 2592 2485
836 736 1978
837 2003 541
838 810 816
839 13 1735
840 933 2716
841 1920 828
842 1718 867
843 799 1825
844 1312 2389
845 1034 646
846 162 568
847 2165 19
848 2182 676
849 468 642
850 13 1850
851 1729 175
852 1849 2071
853 104 2084
854 1193 167
855 1238 1421
856 1012 1154
857 1920 819
858 2118 639
859 288 1388
860 2538 2485
861 1036 444
862 1012 1604
863 1958 201
864 914 1861
865 1795 2357
866 2727 2430
867 1337 1601
868 962 2137
869 1999 558
870 1539 2090
871 1855 175
872 606 712
873 614 2430
874 1994 474
875 1994 544
876 1974 2111
877 2579 1287
878 797 2004
879 1741 720
880 506 1535
881 2543 1287
882 148 2450
883 2046 978
884 669 2427
885 531 1535
886 978 2370
887 1077 1987
888 2315 765
889 1081 1825
890 1630 2597
891 1249 1696
892 2123 1662
893 2165 125
894 224 844
895 1036 434
896 2742 2209
897 1025 2784
898 1417 224
899 1843 764
900 100 147
901 13 1829
902 104 2399
903 1238 1575
904 2623 2434
905 224 537
906 2068 2590
907 802 870
908 1815 1424
909 1277 2386
910 1106 1090
911 2059 125
912 2518 1683
913 274 1429
914 1896 1488
915 2278 2320
916 426 1602
917 2409 2485
918 13 1764
919 845 1861
920 2641 1471
921 2361 1287
922 1618 2357
923 606 588
924 1143 1107
925 2296 861
926 2182 744
927 2412 518
928 1782 2150
929 1001 2784
930 1077 2100
931 1552 643
932 418 2430
933 2195 2095
934 1124 2240
935 558 790
936 869 1861
937 1161 1238
938 1143 194
939 1646 175
940 1815 1446
941 2278 2244
942 1749 2357
943 941 1604
944 1099 1347
945 933 2778
946 641 1535
947 2594 1471
948 273 537
949 1819 1503
950 1952 867
951 1844 2514
952 1124 2305
953 1989 125
954 183 2450
955 2041 2249
956 1775 790
957 1708 1844
958 1537 2134
959 133 2450
960 2518 1700
961 1391 211
962 1120 414
963 1768 1264
964 736 1890
965 2068 2627
966 240 1079
967 852 1778
968 2296 882
969 615 870
970 1674 1812
971 2136 906
972 1245 1778
973 1856 239
974 1658 736
975 2278 2364
976 2512 296
977 665 870
978 1099 1486
979 1790 1325
980 1997 1475
981 2419 110
982 81 1602
983 1829 2082
984 2641 1349
985 2361 1211
986 124 568
987 1238 1484
988 797 2027
989 2346 317
990 1328 728
991 1012 1136
992 2046 923
993 2272 1432
994 1367 224
995 13 1705
996 2406 701
997 641 1552
998 2158 1432
999 1807 2000
1000 2412 355
1001 2040 978
1002 1124 2341
1003 1815 1475
1004 1488 175
1005 2091 632
1006 171 1615
1007 457 1602
1008 1075 1604
1009 350 360
1010 1890 2627
1011 1952 2627
1012 2264 317
1013 615 1679
1014 357 208
1015 2118 680
1016 2016 1048
1017 888 2137
1018 1312 2600
1019 1777 2129
1020 2518 2485
1021 942 2445
1022 2158 1595
1023 933 2784
1024 502 512
1025 2727 2434
1026 2158 1450
1027 902 1825
1028 1124 2193
1029 901 1778
1030 1914 2627
1031 1900 2111
1032 1312 2480
1033 1258 2446
1034 1034 637
1035 176 848
1036 2123 1669
1037 1815 1489
1038 2056 1504
1039 2727 2346
1040 2187 1073
1041 1181 1277
1042 1124 2371
1043 693 2380
1044 1561 732
1045 2108 1662
1046 290 2450
1047 1012 1108
1048 1301 2371
1049 1708 1797
1050 2412 581
1051 2250 1909
1052 604 1679
1053 2032 2207
1054 2383 159
1055 1172 200
1056 1337 1807
1057 2158 1460
1058 239 1966
1059 702 870
1060 1445 2699
1061 2727 2379
1062 1460 175
1063 1782 2232
1064 1238 1560
1065 1856 208
1066 2030 2111
1067 61 384
1068 1941 2627
1069 217 2030
1070 1516 2699
1071 2546 1471
1072 1712 2252
1073 2574 284
1074 1884 1503
1075 1151 200
1076 2250 1895
1077 714 816
1078 1539 2084
1079 936 1604
1080 736 1825
1081 613 2430
1082 615 140
1083 870 1825
1084 2251 1980
1085 597 140
1086 1890 2427
1087 2740 2224
1088 957 2376
1089 1182 98
1090 2265 775
1091 2025 2111
1092 976 2100
1093 978 2376
1094 1658 688
1095 1699 2234
1096 1539 2093
1097 2382 1700
1098 1143 1238
1099 606 713
1100 1674 1958
1101 960 2445
1102 1812 777
1103 247 288
1104 1807 2051
1105 113 2060
1106 262 502
1107 7 587
1108 2165 -14
1109 2278 2216
1110 1769 2357
1111 1059 1182
1112 2304 1388
1113 2388 110
1114 634 1679
1115 228 1386
1116 108 1615
1117 401 2430
1118 942 2784
1119 2304 1418
1120 2122 756
1121 2044 978
1122 1782 2180
1123 1065 2661
1124 1561 616
1125 1284 224
1126 2614 49
1127 2251 1955
1128 1745 735
1129 309 292
1130 1844 2502
1131 2511 1700
1132 2099 2111
1133 2412 418
1134 1160 268
1135 1049 1778
1136 1626 86
1137 2518 1680
1138 214 1927
1139 452 323
1140 1124 1973
1141 978 2357
1142 683 140
1143 2007 978
1144 468 790
1145 637 2430
1146 1193 130
1147 1141 2371
1148 1790 1334
1149 477 1388
1150 502 584
1151 797 2137
1152 1767 745
1153 1693 155
1154 2304 1432
1155 603 140
1156 2742 2224
1157 1748 1917
1158 978 2278
1159 593 502
1160 928 1630
1161 2250 1737
1162 2563 110
1163 941 2784
1164 2136 2111
1165 976 2064
1166 978 2348
1167 2532 242
1168 468 797
1169 1099 1498
1170 1627 2597
1171 1718 862
1172 2010 978
1173 1632 86
1174 1065 2784
1175 1191 2446
1176 223 848
1177 2310 2046
1178 1477 175
1179 1065 2539
1180 2108 775
1181 1539 2028
1182 1077 1973
1183 191 1927
1184 2250 1776
1185 838 1825
1186 1896 1503
1187 2107 1325
1188 996 2445
1189 2623 49
1190 1181 1293
1191 2631 49
1192 421 2430
1193 1327 1570
1194 1890 2580
1195 2412 376
1196 606 575
1197 1124 1954
1198 976 2062
1199 1081 1861
1200 2032 2270
1201 2257 1432
1202 138 890
1203 1664 2232
1204 1781 1373
1205 1002 652
1206 334 1006
1207 2165 -40
1208 2491 110
1209 1527 669
1210 1890 2497
1211 1780 745
1212 239 1927
1213 1920 764
1214 1531 93
1215 1693 127
1216 1643 86
1217 1760 1264
1218 2727 2224
1219 1941 2111
1220 1541 736
1221 620 816
1222 1391 224
1223 2518 1574
1224 1204 2446
1225 487 713
1226 954 2027
1227 2220 125
1228 722 1736
1229 784 1861
1230 2436 242
1231 209 917
1232 468 713
1233 1374 709
1234 1768 1254
1235 1238 1621
1236 468 824
1237 2409 2434
1238 2562 2485
1239 2277 634
1240 2058 2111
1241 2023 2420
1242 1124 2342
1243 2221 1432
1244 2041 2335
1245 1245 224
1246 485 1427
1247 1012 1861
1248 1761 735
1249 1706 1797
1250 1486 734
1251 743 1604
1252 69 1429
1253 2636 2046
1254 2273 317
1255 188 568
1256 194 1927
1257 2118 681
1258 1337 1892
1259 1193 98
1260 685 454
1261 186 1215
1262 2046 906
1263 1994 1038
1264 1337 1570
1265 1828 2357
1266 430 1602
1267 1805 2357
1268 334 1041
1269 2742 2064
1270 318 292
1271 1890 2533
1272 2007 2111
1273 2115 1325
1274 757 1825
1275 723 442
1276 696 1604
1277 179 1615
1278 104 2280
1279 309 208
1280 934 635
1281 205 1386
1282 2277 765
1283 937 2137
1284 1270 2446
1285 1065 2590
1286 1689 175
1287 1160 2446
1288 2301 765
1289 484 584
1290 1065 2735
1291 1994 522
1292 2251 1928
1293 1178 98
1294 1249 1778
1295 426 1429
1296 723 323
1297 2412 329
1298 1518 669
1299 1328 709
1300 259 483
1301 1036 608
1302 1337 1580
1303 2056 1619
1304 2400 1183
1305 294 1388
1306 1755 867
1307 2727 2338
1308 934 454
1309 1674 1930
1310 2365 329
1311 1742 175
1312 1693 164
1313 933 2658
1314 2463 296
1315 361 1429
1316 165 1927
1317 328 1429
1318 2165 8
1319 1741 692
1320 2061 2420
1321 2400 1174
1322 933 2463
1323 1533 2003
1324 764 2376
1325 2271 1325
1326 2383 296
1327 2182 632
1328 1327 1650
1329 1099 1424
1330 2296 828
1331 693 2397
1332 67 277
1333 1561 685
1334 1143 155
1335 2113 1662
1336 159 1927
1337 452 360
1338 2056 1601
1339 2259 632
1340 2047 2627
1341 13 1615
1342 239 1983
1343 741 2004
1344 1454 224
1345 2041 2388
1346 2564 2046
1347 2123 1696
1348 1754 1328
1349 976 2035
1350 1952 1352
1351 2167 1325
1352 1193 174
1353 1249 1709
1354 933 2700
1355 1994 558
1356 694 1736
1357 239 1988
1358 1718 738
1359 1886 867
1360 1753 2105
1361 958 2027
1362 69 1602
1363 1064 1861
1364 1159 1954
1365 158 1927
1366 978 2189
1367 1129 353
1368 302 537
1369 1374 669
1370 13 1776
1371 1987 2627
1372 1754 1248
1373 1583 2357
1374 1187 1630
1375 1807 2059
1376 1874 1503
1377 2561 1471
1378 1099 1576
1379 1658 707
1380 2238 125
1381 961 2151
1382 277 1006
1383 1807 2019
1384 2251 1954
1385 2068 2434
1386 1024 2445
1387 309 291
1388 2400 1131
1389 2022 1048
1390 2118 753
1391 1851 867
1392 1697 2232
1393 1771 2129
1394 1160 269
1395 2278 2248
1396 1533 2060
1397 2623 2485
1398 1193 129
1399 69 1477
1400 1656 2597
1401 1036 467
1402 1890 2477
1403 1221 1903
1404 1640 2032
1405 202 483
1406 1770 745
1407 1703 2357
1408 745 1825
1409 1537 2138
1410 250 928
1411 452 292
1412 934 643
1413 186 1150
1414 468 687
1415 2236 1144
1416 702 1604
1417 2261 1325
1418 1793 692
1419 502 510
1420 1312 2433
1421 1099 1450
1422 309 224
1423 936 577
1424 2165 86
1425 2041 2246
1426 2158 1696
1427 75 1429
1428 1770 867
1429 205 848
1430 1078 1778
1431 2655 2434
1432 749 2376
1433 1312 2456
1434 1830 2357
1435 1815 1465
1436 452 298
1437 1728 672
1438 723 186
1439 2560 242
1440 1099 1402
1441 2358 329
1442 329 292
1443 2195 2111
1444 1813 175
1445 2196 56
1446 1143 1163
1447 2367 49
1448 723 408
1449 67 147
1450 1787 2082
1451 570 870
1452 2346 329
1453 1844 2523
1454 1073 1861
1455 167 1429
1456 2412 391
1457 922 1861
1458 2187 1153
1459 1065 2616
1460 736 1915
1461 1583 2612
1462 1867 2071
1463 2641 1433
1464 1992 2627
1465 2196 -74
1466 457 1679
1467 2041 2265
1468 585 1535
1469 2056 1478
1470 423 1602
1471 1583 2636
1472 1894 1503
1473 247 161
1474 1807 1956
1475 415 1603
1476 641 1565
1477 468 818
1478 497 584
1479 1860 252
1480 955 577
1481 61 360
1482 723 422
1483 1561 710
1484 1640 2003
1485 150 1352
1486 1815 1476
1487 2235 2095
1488 1583 2645
1489 1438 669
1490 931 2376
1491 1337 1664
1492 1448 669
1493 104 2450
1494 1768 1255
1495 1844 2597
1496 1522 2699
1497 1745 2597
1498 2304 1365
1499 1470 669
1500 685 443
1501 1419 669
1502 1793 745
1503 2251 1909
1504 485 1426
1505 1712 2234
1506 107 2450
1507 2196 109
1508 736 1791
1509 2296 801
1510 1790 1348
1511 1238 1500
1512 1441 2680
1513 1822 2357
1514 934 577
1515 2387 110
1516 430 1603
1517 1782 2133
1518 7 640
1519 1026 1630
1520 1312 2371
1521 274 1386
1522 2641 1413
1523 224 917
1524 1124 2195
1525 2277 764
1526 7 616
1527 468 624
1528 1708 1800
1529 2412 482
1530 1312 2593
1531 2412 584
1532 1844 2357
1533 1754 1373
1534 13 1746
1535 2295 1325
1536 1712 2311
1537 117 568
1538 1776 672
1539 2268 1325
1540 698 140
1541 1910 1475
1542 973 652
1543 1640 2232
1544 2574 272
1545 930 2027
1546 104 2431
1547 247 237
1548 1830 175
1549 104 2120
1550 1693 163
1551 1000 1604
1552 801 1708
1553 1803 1352
1554 934 618
1555 2277 750
1556 13 1854
1557 933 2462
1558 2297 317
1559 2136 125
1560 2231 1163
1561 1069 1861
1562 2677 2046
1563 1712 2357
1564 468 868
1565 821 856
1566 793 1604
1567 2412 550
1568 412 1429
1569 384 2430
1570 2372 1204
1571 2509 110
1572 2384 329
1573 518 1535
1574 302 524
1575 821 816
1576 2032 2388
1577 1920 822
1578 1653 2351
1579 1958 125
1580 819 454
1581 1034 652
1582 2526 296
1583 2440 2046
1584 806 816
1585 1844 2458
1586 13 1840
1587 2622 1471
1588 2032 2379
1589 1691 2357
1590 712 1736
1591 531 140
1592 1693 142
1593 978 2152
1594 1754 1254
1595 1583 2351
1596 1065 2445
1597 2412 430
1598 2003 474
1599 2182 661
1600 104 2395
1601 1087 1973
1602 2166 756
1603 976 2027
1604 2623 2438
1605 21 1615
1606 395 2430
1607 913 2151
1608 749 1604
1609 487 1574
1610 2518 1638
1611 2264 321
1612 2121 2111
1613 1793 672
1614 1788 1917
1615 170 848
1616 2302 317
1617 886 2027
1618 2236 1131
1619 1055 1861
1620 1807 1917
1621 1081 1839
1622 1008 467
1623 736 1736
1624 1546 669
1625 2135 906
1626 452 175
1627 2454 110
1628 2182 756
1629 1124 2327
1630 1036 420
1631 1124 2220
1632 1062 2445
1633 730 454
1634 2318 2046
1635 2518 1686
1636 1958 832
1637 1099 1568
1638 2056 1662
1639 1674 1998
1640 2278 2327
1641 1550 736
1642 2486 2485
1643 933 2726
1644 2434 2485
1645 671 1679
1646 67 360
1647 1561 736
1648 1337 1851
1649 1958 232
1650 1160 224
1651 2220 632
1652 933 2515
1653 544 1535
1654 2165 -53
1655 2105 1048
1656 2158 1528
1657 1105 1973
1658 2412 632
1659 2251 2087
1660 2196 67
1661 1812 764
1662 821 870
1663 1201 2446
1664 2187 1136
1665 723 402
1666 1129 312
1667 820 2137
1668 1666 2003
1669 502 502
1670 1277 2441
1671 2321 317
1672 1640 2047
1673 2688 2434
1674 1844 2380
1675 2187 1163
1676 597 502
1677 1531 175
1678 1099 1405
1679 2487 110
1680 2040 1475
1681 2270 906
1682 1892 2627
1683 2187 1048
1684 1181 1284
1685 991 1630
1686 1265 2446
1687 1781 175
1688 2608 1471
1689 224 568
1690 1890 2487
1691 1215 224
1692 1711 2129
1693 1065 2523
1694 2223 125
1695 2742 2058
1696 1856 226
1697 2039 2207
1698 709 870
1699 691 816
1700 606 502
1701 2278 2434
1702 1718 801
1703 2068 2478
1704 1441 2644
1705 2196 -73
1706 1323 1892
1707 2277 711
1708 1803 175
1709 803 1708
1710 88 1927
1711 955 467
1712 2406 697
1713 176 917
1714 1065 2737
1715 415 1602
1716 1337 1775
1717 20 1615
1718 2412 359
1719 850 2151
1720 701 140
1721 808 2376
1722 2277 704
1723 1459 215
1724 1674 1797
1725 2344 765
1726 607 2430
1727 2406 688
2 1332 1449 
2 1289 189 
2 1445 1705 
3 746 208 173 
3 1275 1500 1337 
3 119 1239 506 
3 1062 222 1146 
2 983 395 
2 469 537 
2 181 966 
2 963 1494 
2 1514 807 
2 747 1640 
2 1633 1260 
2 248 31 
2 1290 87 
4 1498 278 1535 921 
2 917 777 
2 897 929 
2 338 726 
2 86 900 
2 1263 798 
2 1422 1279 
2 785 1529 
3 473 1250 1044 
2 317 619 
2 740 316 
2 379 199 
2 864 936 
2 1610 1223 
2 1131 1097 
2 14 608 
2 1418 1319 
2 1135 776 
3 1595 1409 1096 
2 1511 987 
2 359 737 
3 575 601 1679 
2 309 205 
3 199 618 457 
2 1544 728 
2 343 478 
2 896 256 
2 1546 902 
2 1533 1348 
3 358 554 815 
2 415 1449 
2 937 1098 
2 1420 844 
3 1719 191 1151 
2 255 1571 
2 1354 1313 
2 122 980 
2 1034 305 
2 770 68 
2 1417 615 
2 1132 1240 
2 1497 1400 
2 1213 899 
2 920 209 
2 1570 746 
2 768 1519 
2 712 617 
2 913 831 
2 312 108 
7 689 984 378 1388 607 1658 206 
3 184 692 400 
2 1073 1544 
2 54 1092 
2 387 405 
2 630 1204 
3 1327 858 465 
2 995 1341 
3 355 699 1566 
2 811 94 
2 107 1248 
3 956 1702 90 
2 622 1051 
2 1187 197 
2 1334 705 
2 832 1485 
3 1396 1364 693 
2 118 1496 
3 474 1714 585 
3 1724 867 1302 
2 541 281 
3 1473 20 204 
2 15 1123 
3 874 301 295 
2 1342 1058 
3 606 76 1358 
3 1048 909 1147 
2 953 1579 
3 1287 1123 1596 
3 74 1580 1275 
2 1318 1108 
3 1237 288 787 
2 587 228 
2 1198 1349 
2 544 887 
2 1286 482 
2 1100 1309 
3 360 370 352 
2 407 988 
2 1114 1013 
3 1358 416 583 
3 1669 328 1106 
3 1502 75 1418 
2 64 520 
2 830 592 
3 1343 299 836 
3 480 341 1360 
3 1725 201 888 
2 1677 1214 
2 344 1165 
2 903 325 
2 1055 605 
2 1588 790 
2 580 82 
3 727 1727 5 
2 1218 689 
2 693 1403 
2 1680 52 
3 978 161 327 
2 1710 406 
2 667 149 
2 670 1598 
2 635 910 
2 334 1521 
2 1222 994 
2 696 274 
2 1167 611 
3 397 1570 366 
2 1008 862 
2 776 340 
2 1382 660 
2 244 742 
3 1452 1598 1611 
2 1402 1086 
3 264 1403 1199 
2 1194 774 
2 1591 157 
2 1099 1225 
3 1075 632 938 
2 1272 876 
2 1115 1281 
2 1083 1185 
2 616 163 
2 942 1563 
2 125 1375 
2 1429 772 
2 1139 1436 
2 313 690 
2 855 813 
2 287 1591 
3 805 637 930 
3 323 462 1099 
2 141 821 
3 884 1145 1069 
2 700 906 
2 1095 308 
2 123 1421 
2 1226 1545 
2 147 1005 
3 1217 649 1594 
2 1002 1629 
2 1665 1296 
2 940 908 
3 1124 185 641 
2 1485 795 
3 1297 1572 612 
2 878 1343 
2 399 1184 
2 3 1415 
4 1388 1683 1681 220 
2 327 385 
2 600 580 
2 910 263 
2 223 953 
3 1174 528 600 
2 1433 1420 
2 626 9 
2 1346 1583 
3 703 696 418 
2 1097 66 
2 931 168 
2 1438 430 
2 1123 1459 
2 643 234 
3 1 471 1368 
2 1519 818 
3 1432 781 49 
2 980 1541 
2 1391 640 
2 715 474 
2 1460 964 
2 533 409 
2 78 493 
2 1359 1391 
2 27 39 
4 352 1516 1007 330 
3 232 1090 112 
2 1690 1402 
3 277 496 1069 
4 577 701 86 671 
2 38 1438 
3 65 1582 1073 
2 1625 1262 
2 3 1560 
2 59 1587 
3 1552 1623 564 
2 1234 1594 
3 509 1374 1235 
2 1028 822 
2 239 1578 
2 1495 533 
2 773 1372 
2 1025 1673 
2 1270 1129 
2 682 1549 
2 174 968 
2 280 1305 
3 1723 249 6 
2 683 178 
2 743 1680 
2 1459 1285 
2 1136 763 
2 1295 1568 
2 97 1054 
2 519 307 
2 1237 624 
2 1196 1700 
2 513 201 
3 1481 539 1547 
3 188 1396 1181 
3 799 269 254 
2 1387 484 
2 1699 1221 
2 780 816 
2 748 214 
3 697 1505 463 
3 979 326 963 
2 409 636 
2 872 535 
2 508 136 
2 1171 1702 
3 1143 798 744 
2 1715 516 
3 1493 14 1556 
3 898 961 222 
4 482 398 1216 1654 
3 316 1518 1526 
2 1046 476 
2 1451 336 
3 949 235 1037 
2 1162 50 
2 42 527 
2 1300 1405 
2 1293 410 
2 899 367 
4 515 1630 1308 632 
3 1106 905 1300 
2 739 584 
3 177 814 732 
2 495 139 
2 689 290 
2 319 648 
3 543 1186 1038 
2 465 1005 
2 235 417 
2 565 759 
2 1009 453 
2 1029 967 
2 1716 1491 
3 130 616 1015 
2 1070 1060 
2 591 547 
3 794 1046 203 
3 998 393 16 
2 1041 390 
2 1149 221 
2 85 1230 
3 851 1286 550 
2 439 557 
2 1600 1278 
2 373 1638 
2 1185 843 
2 1085 154 
3 1385 1320 96 
2 1285 642 
3 265 298 920 
3 460 893 1507 
2 562 370 
2 1430 1135 
2 548 1474 
3 1649 88 1065 
2 1056 563 
2 1330 1509 
3 290 1562 960 
3 1043 1357 110 
2 797 1029 
2 88 1479 
2 741 911 
2 1278 682 
3 1450 1360 363 
3 1301 53 704 
2 617 738 
3 229 1252 832 
3 160 1595 1543 
2 833 38 
2 1638 1303 
2 449 331 
2 881 64 
3 1309 152 957 
2 921 985 
2 447 1324 
4 26 375 1341 251 
2 1241 25 
2 638 652 
2 1052 266 
2 568 553 
2 1296 833 
2 1637 1169 
3 1221 1564 156 
2 809 515 
2 115 1064 
3 241 1348 572 
3 750 123 175 
2 1574 106 
2 612 989 
2 200 1609 
2 311 1399 
2 665 1245 
2 734 1031 
3 859 128 488 
3 880 545 769 
3 253 1206 1564 
2 1030 1682 
2 894 19 
3 389 795 551 
2 134 631 
3 1692 469 111 
3 430 1720 705 
2 676 41 
2 1092 114 
2 639 408 
2 1001 1172 
2 1142 664 
2 1656 1057 
2 901 1370 
2 468 922 
2 634 1102 
3 102 200 1476 
2 380 686 
3 681 1346 692 
2 828 73 
3 787 716 622 
2 1483 1333 
4 679 45 827 1382 
2 908 36 
2 745 102 
2 1529 1597 
2 1586 901 
3 304 766 1639 
2 820 657 
3 1005 869 837 
2 132 604 
2 259 1661 
2 552 1030 
2 433 1247 
3 292 1516 102 
2 1098 1446 
2 1666 632 
2 1045 285 
2 1140 1657 
3 800 1202 316 
2 1700 1676 
2 1084 1127 
2 65 397 
3 1405 905 27 
2 1313 353 
2 1426 534 
2 977 655 
2 625 1158 
2 400 1022 
2 175 1190 
2 1105 436 
2 608 69 
2 601 1380 
3 656 1115 339 
3 279 937 473 
2 1345 1576 
2 952 934 
2 278 1350 
2 857 1213 
3 7 1450 667 
2 1627 981 
3 378 707 132 
2 939 250 
2 472 172 
3 66 1426 384 
2 1351 1273 
2 779 749 
2 1413 554 
3 1079 1160 1566 
2 69 503 
3 124 436 839 
2 1617 103 
3 345 650 1394 
2 196 242 
2 258 671 
2 677 1623 
2 1020 1642 
2 422 786 
2 1176 1429 
2 900 46 
2 105 974 
2 269 957 
3 1120 183 1390 
3 1503 1076 472 
2 1233 1299 
2 1243 998 
2 1090 413 
2 725 736 
2 1078 1181 
2 1643 840 
2 1137 1610 
2 1294 532 
2 1685 1160 
2 610 1622 
2 186 342 
2 1468 1653 
2 452 649 
2 1619 369 
2 929 688 
2 1547 530 
3 386 853 406 
2 1074 1376 
2 1337 1009 
2 662 283 
2 1010 1194 
3 783 1284 1670 
2 719 480 
2 1339 1651 
2 642 1179 
2 1408 1080 
2 1649 863 
2 1721 315 
2 812 1027 
2 1362 311 
2 657 1162 
3 1541 914 940 
2 572 432 
4 271 1646 1103 1129 
2 920 1463 
3 680 1125 961 
2 968 713 
2 39 1067 
2 1693 1596 
2 1390 1257 
2 1227 291 
2 1035 1615 
2 156 935 
2 240 1392 
2 1399 724 
2 71 268 
2 1428 538 
2 1537 618 
2 1589 350 
3 341 1543 8 
3 1071 651 1154 
2 1527 189 
2 419 399 
3 1220 390 24 
2 194 83 
2 1581 1205 
2 252 559 
2 1651 1327 
2 41 789 
2 1308 811 
2 442 111 
2 496 558 
3 1215 100 250 
2 759 1192 
2 236 1422 
2 1554 1514 
2 1301 1401 
2 1017 1667 
3 856 334 991 
2 1061 1039 
3 660 1410 1232 
2 994 680 
2 756 1461 
2 197 979 
4 763 1214 1259 1465 
2 1706 264 
2 203 481 
2 738 536 
3 1016 1372 1263 
2 1014 1279 
2 972 1430 
2 915 1395 
2 672 1674 
2 405 1518 
2 778 1314 
2 1465 1449 
2 5 1339 
2 907 1698 
2 621 244 
3 834 547 212 
2 1008 560 
3 1060 897 540 
2 1164 1612 
2 1509 232 
2 843 1274 
2 324 260 
2 247 982 
2 721 1238 
2 784 1299 
2 1281 229 
2 108 531 
3 1517 1019 1612 
2 936 919 
3 1314 1297 1230 
2 1609 545 
3 1022 892 1656 
3 1356 1058 699 
2 256 1269 
2 179 897 
3 823 1709 1160 
2 435 1473 
2 520 921 
2 427 972 
2 215 196 
2 381 1347 
2 243 923 
3 1177 497 1503 
2 8 1672 
2 466 1306 
2 233 1332 
2 511 1512 
2 611 85 
2 1036 892 
2 1338 267 
2 930 99 
2 524 335 
2 1306 842 
2 276 509 
2 999 294 
2 1145 873 
2 282 1312 
2 339 1261 
2 730 368 
2 320 1675 
2 403 45 
2 1250 767 
2 765 1719 
2 283 1618 
2 481 1105 
2 476 954 
3 633 510 762 
2 600 1488 
2 1466 292 
2 296 1716 
2 210 828 
2 1726 270 
2 1170 708 
2 1555 1707 
2 1560 320 
2 1526 1107 
3 1065 871 1579 
4 620 1319 1094 1124 
2 326 452 
2 717 1323 
2 652 780 
3 1230 1054 37 
2 1040 1683 
2 821 204 
3 961 1055 826 
3 933 819 1462 
2 176 118 
2 1392 1203 
2 1624 1209 
3 1128 105 879 
2 262 848 
2 83 1018 
3 1374 768 1378 
2 1326 97 
2 1233 1369 
2 802 841 
2 1696 1065 
2 891 276 
2 109 1626 
2 736 1553 
2 1542 691 
2 687 1447 
2 863 1579 
2 830 621 
2 1522 984 
2 1298 1499 
4 179 176 561 965 
2 37 388 
2 1288 1282 
2 1337 1139 
2 366 1304 
2 116 1075 
2 1152 90 
3 65 1725 629 
2 31 387 
2 1247 1457 
2 1401 429 
2 131 541 
3 170 329 1326 
3 1265 748 1536 
2 661 856 
2 55 754 
3 274 1213 147 
2 62 306 
5 467 1107 1449 1481 39 
4 25 1086 1532 1576 
2 1437 571 
2 597 508 
3 356 77 1659 
2 1530 783 
2 230 801 
2 1166 383 
2 732 181 
3 1044 1624 673 
3 1021 1557 781 
2 607 996 
2 737 70 
2 340 797 
3 372 260 143 
2 1378 560 
3 1391 956 351 
5 924 695 127 1581 767 
2 242 1497 
4 1593 1381 770 155 
2 1126 318 
3 1299 962 345 
2 193 1428 
3 168 1344 1723 
2 289 444 
2 958 188 
3 1425 1697 1443 
2 1415 1618 
2 786 1180 
3 1229 964 1080 
2 266 1466 
2 432 164 
2 408 1367 
2 1223 470 
2 318 574 
2 735 681 
2 1689 1255 
2 382 969 
2 1521 389 
2 364 450 
2 1495 1453 
2 945 1643 
2 135 490 
3 1111 755 614 
2 1388 439 
2 967 823 
2 347 1082 
2 1125 332 
2 950 1359 
3 852 395 125 
3 1357 1069 1256 
2 1655 1389 
2 788 126 
3 410 204 1465 
2 1585 502 
2 627 931 
2 1063 1122 
2 1159 1669 
2 944 343 
2 764 411 
2 1401 861 
2 966 358 
2 491 455 
2 653 354 
2 303 219 
2 911 223 
2 692 1161 
2 1424 847 
2 353 1652 
3 1515 1694 595 
2 434 1118 
5 1087 120 265 65 820 
2 152 731 
3 594 1575 1412 
3 354 684 66 
2 81 121 
2 1207 1654 
3 789 1111 635 
2 183 130 
2 1063 240 
2 974 1379 
3 526 1645 73 
3 1464 159 917 
2 1626 204 
3 1523 1176 894 
2 1180 183 
3 305 1480 1711 
3 79 342 1293 
2 1224 1663 
2 397 877 
3 566 1461 1373 
2 1317 913 
2 1333 1124 
2 1294 1353 
2 1109 62 
2 456 925 
2 959 1506 
3 1704 194 1409 
2 356 1487 
2 1484 573 
2 1538 1437 
2 1031 442 
2 806 1200 
2 835 517 
2 1652 1322 
2 997 946 
2 464 1252 
3 1350 737 423 
2 19 740 
2 1658 119 
3 40 1439 820 
2 1647 1641 
2 1068 552 
2 690 970 
3 263 626 1268 
2 1212 1138 
2 1219 333 
2 1253 653 
2 423 593 
3 36 630 725 
2 306 497 
2 926 262 
2 726 26 
2 1559 302 
2 136 1014 
3 1469 224 998 
3 246 950 1636 
2 1276 360 
3 60 985 3 
2 975 12 
2 613 239 
2 402 1144 
2 813 327 
2 1328 834 
2 1398 1259 
2 935 779 
2 615 1351 
3 1504 1149 661 
2 1471 492 
2 1612 1132 
2 1101 1021 
2 270 483 
3 1479 1124 973 
2 1490 1721 
3 560 1476 997 
2 226 494 
2 1508 677 
2 1607 556 
2 363 1668 
3 555 635 990 
3 586 61 1008 
3 335 1295 1246 
3 637 868 54 
2 822 805 
2 150 1035 
3 1234 216 1675 
2 140 1271 
2 846 986 
2 33 134 
2 17 1237 
2 976 504 
2 753 402 
2 574 238 
4 628 884 1331 191 
2 906 1703 
3 623 441 1032 
2 990 518 
2 927 23 
2 413 646 
3 96 356 975 
2 837 670 
3 478 946 695 
2 117 806 
2 1368 948 
2 1291 874 
2 825 808 
2 1569 277 
3 339 169 815 
3 1553 1533 1510 
2 631 300 
2 21 246 
2 1157 235 
2 1615 375 
2 624 1701 
3 1636 589 1180 
2 1283 1017 
2 1411 1442 
2 771 155 
2 790 720 
2 11 1308 
2 793 1236 
2 962 324 
2 1093 1088 
3 479 1700 74 
2 824 448 
3 153 750 842 
2 1047 263 
5 1713 45 795 1252 1202 
2 238 1447 
2 1183 1316 
2 190 1685 
2 579 983 
4 689 728 364 1191 
2 157 577 
3 213 771 1140 
2 663 529 
2 889 812 
2 1564 793 
2 578 1352 
3 1410 358 1523 
2 564 355 
2 1331 1043 
3 1411 597 109 
2 63 1455 
2 307 80 
2 321 309 
2 751 509 
2 1397 721 
2 110 1460 
2 365 788 
2 1575 1584 
3 406 1534 995 
2 425 1354 
3 589 1391 1577 
3 546 813 1171 
2 286 514 
2 48 1520 
2 1581 1034 
2 1255 775 
2 685 1318 
2 584 1599 
2 1414 1527 
2 1556 1586 
2 1311 282 
2 1462 667 
2 1549 436 
2 1352 1146 
2 987 153 
2 614 488 
2 1577 394 
2 1015 71 
3 1305 1427 334 
2 1238 1020 
2 678 895 
2 133 1551 
2 446 596 
2 1457 28 
2 1267 1110 
2 1025 1061 
2 1491 84 
2 770 1283 
2 365 1355 
2 1096 1078 
2 570 1548 
2 1099 243 
2 549 1081 
3 1598 792 88 
2 1355 1291 
2 144 1219 
2 707 881 
3 988 171 1457 
2 583 1319 
2 1573 335 
2 877 312 
2 954 959 
3 1655 1121 992 
2 781 158 
2 1653 1573 
2 1093 1141 
2 99 1182 
2 112 1288 
3 1621 824 972 
2 1400 1170 
2 1353 591 
3 542 1335 525 
3 291 1559 1424 
3 702 338 1689 
2 861 1630 
2 1156 42 
4 528 18 1714 511 
3 1344 1222 249 
2 58 259 
2 20 415 
2 362 349 
2 43 1600 
2 1235 115 
3 1431 1604 1237 
4 948 1689 379 261 
2 159 782 
2 1662 507 
2 167 359 
2 1670 91 
3 127 177 1662 
2 302 683 
2 1635 1137 
2 709 63 
2 1186 451 
2 1640 501 
3 1266 1475 1470 
3 1644 700 17 
2 1370 1534 
2 522 1229 
3 290 59 454 
3 531 16 314 
2 350 1373 
3 535 1150 1196 
2 1446 635 
2 713 1330 
2 1628 739 
2 1567 785 
3 1053 1122 1517 
2 18 434 
2 155 544 
2 673 185 
2 1192 1117 
3 1487 1272 579 
2 392 1631 
2 462 753 
2 28 522 
2 390 47 
2 143 1334 
3 1286 1677 398 
3 451 1435 167 
2 1395 1109 
2 1110 148 
2 1551 1079 
2 1440 676 
3 1163 1046 659 
3 723 1468 789 
2 1688 1377 
2 791 905 
2 1376 254 
2 744 666 
2 1453 1130 
2 1629 392 
2 178 92 
2 559 882 
2 1467 1425 
2 634 76 
3 417 313 1528 
2 1409 643 
2 882 714 
3 298 1131 1635 
3 249 455 578 
2 639 809 
3 241 1217 10 
2 195 647 
4 1174 600 1340 1397 
2 9 679 
3 272 1408 663 
2 220 456 
2 655 1451 
2 731 1724 
2 1681 1625 
3 532 889 500 
2 760 1696 
3 416 1647 698 
2 787 747 
2 1582 778 
2 1059 382 
2 1169 123 
3 493 1148 241 
2 52 192 
2 396 1113 
2 516 1362 
2 819 7 
2 598 65 
2 314 746 
2 775 1537 
3 1193 35 855 
3 103 1151 878 
2 329 1671 
2 767 784 
2 488 1047 
2 883 1262 
2 1154 1201 
2 129 491 
2 839 72 
2 629 1712 
2 762 723 
4 421 1026 743 278 
2 1383 548 
2 1718 1297 
2 1121 346 
2 1242 165 
2 1486 1435 
2 1677 1178 
3 268 163 365 
2 1277 1116 
2 200 1266 
3 768 133 510 
2 438 271 
4 1682 1471 1495 440 
2 1371 1068 
3 1254 1611 1649 
2 104 1052 
2 742 499 
3 1257 274 858 
2 1389 498 
2 803 487 
2 585 1530 
2 521 1393 
2 860 412 
2 758 628 
2 384 525 
2 1163 1493 
2 1150 1419 
4 1397 217 866 1156 
2 1057 998 
2 448 1083 
2 1524 213 
2 300 272 
2 368 337 
2 333 719 
2 783 1433 
2 1686 1224 
2 845 53 
2 772 461 
2 1347 542 
2 254 1486 
2 267 1469 
3 489 1307 1087 
3 1618 1664 576 
2 1684 279 
3 1147 1596 1242 
2 829 299 
4 1647 24 627 1483 
2 1335 373 
3 945 252 277 
2 991 814 
2 1520 91 
3 1528 1249 1533 
2 1531 1567 
2 77 1076 
2 1013 319 
3 1697 1200 928 
2 228 575 
2 578 116 
2 1648 296 
2 348 1026 
3 89 1212 526 
2 1698 977 
2 275 511 
2 866 489 
2 1178 6 
3 1532 697 674 
2 325 1511 
3 295 590 570 
2 1240 1091 
2 457 1481 
2 1011 730 
3 158 203 668 
2 1496 275 
2 1377 470 
2 1536 1505 
2 206 67 
2 1472 437 
3 605 1650 143 
2 1051 419 
2 1584 1699 
2 870 424 
2 943 404 
3 445 647 1508 
2 873 1726 
2 664 1155 
2 1027 146 
2 1659 377 
2 1155 287 
2 138 619 
3 1156 1039 689 
2 810 1490 
2 1259 1293 
2 201 422 
2 1066 1272 
2 68 344 
3 1632 810 886 
2 1379 571 
2 1505 160 
2 34 870 
2 30 184 
3 47 1421 371 
3 156 142 872 
2 1639 101 
2 1188 758 
2 351 1661 
2 453 1547 
2 1375 1383 
2 558 386 
2 106 261 
2 569 618 
3 95 1215 1207 
2 941 712 
2 865 942 
2 695 661 
2 1119 1498 
2 981 1515 
2 1645 104 
2 389 145 
2 1006 1605 
2 932 1606 
2 688 1163 
2 1154 1112 
2 1602 418 
2 883 1001 
2 674 928 
3 87 187 93 
4 571 710 168 760 
2 455 665 
2 1189 638 
2 377 1384 
2 1248 583 
3 218 453 1387 
2 951 1585 
2 960 30 
2 757 56 
2 1597 1456 
2 1394 1650 
2 293 33 
2 1173 226 
2 912 426 
2 733 1256 
2 603 151 
3 822 374 1197 
2 886 1166 
2 1540 347 
2 1172 246 
3 749 1168 1232 
3 1322 549 158 
3 6 854 1398 
2 91 1042 
2 1510 979 
2 755 280 
3 923 1478 1024 
3 1667 49 988 
2 1406 606 
2 1550 1592 
3 470 993 1119 
2 1082 1085 
3 1025 1087 896 
3 1614 1639 799 
2 383 1366 
2 1676 675 
3 428 529 404 
3 684 1184 1426 
2 450 255 
3 1118 1023 945 
2 1443 512 
2 114 1198 
2 1141 625 
2 1439 131 
2 1477 1144 
2 322 978 
2 890 566 
2 842 245 
2 346 1143 
2 1216 1136 
2 179 965 
2 1663 1287 
2 702 414 
2 1634 536 
2 1004 1062 
2 444 1693 
4 646 802 703 1282 
4 1404 424 234 1323 
3 1601 887 1619 
2 1256 817 
2 172 1161 
2 146 286 
3 267 1472 914 
2 1273 78 
2 1386 1101 
2 1191 1126 
2 385 1684 
4 1695 820 1189 1465 
2 483 932 
3 1264 1328 987 
2 440 140 
2 1456 1718 
2 923 231 
3 1364 1140 1561 
2 1165 98 
3 139 1454 1621 
2 720 1053 
2 993 1243 
2 815 375 
2 581 1543 
2 70 1533 
2 475 1542 
3 1268 1382 336 
2 1108 694 
2 1571 1679 
2 582 1298 
2 1271 1690 
2 1502 1406 
3 1058 733 1466 
3 394 58 616 
2 113 494 
3 1592 482 1108 
2 250 1173 
2 963 164 
2 1307 120 
2 876 734 
2 1641 473 
2 237 323 
2 898 129 
2 29 651 
2 1033 706 
2 142 1232 
2 1361 162 
2 1694 460 
2 1623 1590 
2 919 647 
3 281 523 575 
2 1523 1713 
4 1225 1144 490 1414 
3 1250 420 588 
3 1494 211 773 
2 212 903 
2 808 1477 
4 904 777 230 96 
2 517 860 
2 1722 5 
2 56 1066 
2 1320 317 
2 1042 1002 
2 1201 421 
2 1345 1467 
2 332 1691 
2 769 1504 
3 369 1603 609 
2 75 1128 
2 1049 1724 
3 24 555 1233 
2 1608 1416 
5 1427 724 1341 815 307 
2 1562 735 
2 1558 1012 
2 654 846 
4 1138 668 1183 1277 
2 459 1015 
4 1323 1706 1294 1648 
3 752 1089 494 
3 13 1300 1500 
2 551 1413 
3 207 992 1636 
2 498 21 
3 1302 1193 1372 
3 1434 1513 613 
2 1007 916 
2 1513 865 
2 732 1206 
2 527 1695 
2 1442 218 
2 774 1210 
3 1091 144 933 
2 401 1187 
2 514 1408 
3 94 4 1482 
2 1416 745 
3 1256 1006 1475 
2 284 303 
3 499 22 1473 
2 1412 1554 
2 145 519 
4 602 1180 1628 1525 
2 868 803 
2 441 1686 
2 225 289 
3 282 939 100 
2 1175 93 
2 888 602 
2 1478 1 
2 1714 15 
2 875 792 
2 1384 1503 
3 1089 705 258 
3 1258 427 711 
2 769 227 
2 166 321 
3 1000 170 523 
2 1209 599 
4 420 518 1301 639 
3 261 257 1260 
3 1299 305 486 
2 84 1264 
2 310 1338 
2 604 1321 
2 221 859 
2 538 546 
2 1039 1218 
4 1711 807 479 260 
2 101 313 
2 1572 1441 
2 1687 851 
2 550 1550 
2 51 380 
2 504 523 
2 1568 1317 
2 817 1336 
2 1315 709 
3 847 1579 95 
3 32 879 571 
3 288 1241 1345 
2 1304 1388 
3 722 1145 1557 
3 573 1181 1258 
2 315 1432 
2 1535 1539 
2 612 587 
3 477 1599 71 
3 1716 751 1193 
2 1421 1678 
2 925 297 
2 781 829 
2 539 0 
2 357 710 
2 938 79 
2 892 1045 
2 1316 1365 
3 4 438 603 
2 1303 543 
2 506 443 
2 965 1464 
5 1717 72 316 1252 1362 
2 1357 89 
2 171 110 
2 641 898 
3 1320 391 1244 
2 354 182 
3 534 1462 1036 
2 44 326 
2 98 1603 
2 393 725 
2 754 401 
2 826 854 
2 711 891 
2 840 51 
3 869 1613 875 
2 1590 526 
3 299 668 1342 
2 90 105 
2 666 198 
2 111 304 
2 1603 1226 
3 982 1341 449 
2 1561 1619 
2 81 1197 
2 1336 1710 
2 1158 1593 
2 650 1666 
3 189 791 1574 
3 1501 588 1394 
2 349 918 
2 1464 1011 
4 216 1594 1264 498 
3 922 708 1595 
2 212 586 
2 149 1104 
2 437 949 
2 947 1071 
3 586 633 1637 
2 698 1094 
2 388 1694 
2 637 1607 
3 1206 358 135 
2 1104 999 
2 1127 1292 
3 1701 1703 288 
2 1632 1188 
2 1129 236 
4 65 1321 662 174 
2 669 1016 
2 418 459 
4 198 193 634 841 
2 463 581 
2 1019 1692 
3 1369 408 1134 
2 501 941 
3 234 1520 81 
4 965 835 1604 1025 
2 1146 752 
2 331 464 
2 57 890 
3 486 610 678 
2 202 138 
2 121 139 
3 1672 1181 1484 
2 257 379 
2 1211 1152 
2 1563 1589 
3 1274 445 967 
3 34 715 958 
2 490 827 
3 1436 804 830 
2 691 1280 
2 1261 403 
2 1232 849 
2 173 645 
2 1251 1276 
2 1539 55 
3 107 32 1613 
2 1024 1669 
2 180 48 
3 161 1329 1098 
2 484 22 
2 1480 1514 
2 893 685 
2 955 644 
3 1161 381 400 
3 1455 1252 859 
2 640 466 
2 414 150 
2 500 293 
2 1673 904 
2 1324 191 
2 1032 180 
2 1532 1265 
2 1003 940 
2 151 1411 
2 718 620 
2 205 186 
2 728 1167 
2 1678 944 
2 1310 1452 
2 804 1270 
3 644 1164 1487 
2 1548 1708 
2 1660 2 
2 371 924 
3 816 595 1705 
2 1482 1665 
4 46 0 618 505 
2 395 304 
2 969 253 
2 1441 137 
2 658 951 
2 1199 1561 
2 831 1427 
2 1133 1195 
3 609 878 864 
2 1675 1664 
2 187 225 
2 836 195 
2 492 708 
3 579 852 1347 
2 454 1522 
3 1340 1371 700 
5 1191 1705 494 671 505 
3 648 1212 562 
2 1244 955 
2 946 431 
2 1038 743 
2 916 1715 
3 1488 756 1010 
2 1186 1074 
3 1279 530 86 
2 294 1620 
3 1516 1277 916 
2 352 762 
2 1236 1168 
2 1150 1289 
2 301 760 
2 704 1423 
4 1646 1067 618 233 
2 1275 1448 
2 1044 357 
3 1668 1404 717 
2 80 169 
2 1037 1003 
3 716 1443 933 
2 561 1471 
2 1492 1501 
2 1088 761 
2 273 867 
2 1499 1489 
4 1506 1023 248 1546 
2 10 1234 
3 1010 215 658 
2 82 1070 
2 636 57 
2 1112 16 
2 599 1492 
2 1260 4 
2 1489 1369 
3 1661 1211 107 
3 536 1292 419 
2 1246 755 
3 1072 1095 240 
2 714 1493 
2 291 1660 
2 1080 764 
2 297 513 
2 796 1148 
2 1064 35 
2 540 1704 
2 1265 1267 
3 1423 485 11 
2 1113 687 
3 370 1475 200 
2 928 521 
2 503 251 
2 61 190 
3 844 1048 1396 
2 128 656 
2 1463 598 
3 827 1231 702 
2 1631 1028 
2 1282 1555 
2 251 569 
2 849 471 
2 957 1049 
2 23 361 
2 1018 623 
2 1658 1050 
4 619 1674 1434 1063 
4 1204 1049 44 796 
2 918 839 
2 16 1325 
2 613 1072 
2 986 467 
2 1613 718 
2 1325 1417 
2 1720 1142 
2 192 451 
2 1205 594 
3 1203 308 469 
2 67 40 
2 162 1617 
2 1493 43 
3 1103 233 435 
2 871 1444 
2 219 853 
2 1312 1153 
2 862 943 
2 1709 210 
2 593 796 
2 1280 485 
2 1525 567 
2 248 850 
2 1322 628 
2 1616 1254 
2 893 741 
2 208 568 
3 1454 1197 1363 
2 298 1253 
2 148 1407 
3 336 825 323 
2 1662 1575 
3 404 73 1608 
2 1050 927 
2 227 1315 
2 1606 794 
2 132 60 
2 50 1208 
2 170 1310 
2 885 880 
2 1368 328 
3 1565 838 691 
3 391 619 1588 
2 841 857 
2 214 1595 
4 92 596 570 1318 
2 94 1633 
3 635 475 845 
2 206 976 
2 182 1634 
2 838 1077 
2 1130 672 
2 850 362 
2 209 1688 
2 1576 117 
2 1407 468 
2 1228 1356 
2 154 141 
2 1153 1215 
2 1366 637 
3 211 164 1372 
4 1578 1373 34 308 
4 93 458 1632 1042 
2 361 1133 
3 126 874 137 
2 848 1327 
2 902 284 
2 1657 1182 
2 1628 1120 
3 1349 1361 1247 
2 1397 904 
2 1116 1717 
2 1117 1569 
2 1381 765 
2 1566 1251 
2 330 524 
2 426 29 
2 137 1012 
3 512 521 757 
3 1418 1538 1355 
2 1620 1157 
2 461 800 
2 1671 1558 
2 1545 407 
3 557 645 1040 
3 1363 1182 433 
3 1474 1614 1638 
2 1199 889 
2 429 1711 
3 411 1228 210 
2 627 582 
2 971 207 
2 592 701 
2 1679 396 
3 1282 1602 926 
2 165 952 
2 895 260 
2 934 1524 
3 1596 1386 1093 
2 1580 13 
2 1583 1177 
2 960 912 
3 1262 744 802 
2 1378 322 
3 285 1620 310 
3 363 1100 1157 
3 12 1659 915 
2 729 1220 
2 412 1644 
2 659 425 
2 1642 917 
2 699 1114 
2 453 1481 
3 974 729 1044 
2 1258 1056 
3 1012 295 446 
3 1691 1134 1075 
2 443 477 
2 686 722 
2 431 885 
3 694 250 1705 
3 1683 669 883 
2 525 348 
2 374 1601 
3 65 727 1531 
3 1640 622 1084 
2 1507 1445 
3 367 1102 1502 
3 910 907 1565 
2 706 1175 
2 1458 1040 
2 1448 166 
2 1367 372 
2 487 1151 
2 766 1484 
3 675 1419 106 
2 441 909 
2 989 1616 
2 537 1404 
2 217 1431 
2 502 1532 
3 553 773 1458 
2 376 1159 
3 939 1004 113 
2 1329 1440 
3 1208 37 1627 
2 224 122 
2 174 971 
2 337 1010 
3 576 1655 174 
2 1190 1041 
2 818 428 
2 1284 1033 
2 1708 1311 
2 1587 947 
3 894 654 905 
2 1210 202 
2 1245 1650 
2 1393 341 
2 1179 458 
3 1380 1227 687 
2 1269 1191 
2 973 590 
2 644 1053 
2 507 1059 
2 1077 237 
3 231 376 811 
2 801 1385 
2 245 76 
2 782 1385 
2 1512 715 
4 1447 2 1654 1465 
2 1258 495 
2 567 1722 
2 1444 1687 
2 529 1552 
2 1365 124 
3 1622 704 1308 
2 996 1727 
2 1231 815 
3 897 1290 83 
2 1470 247 
3 563 1328 273 
2 1605 1341 
2 1195 1000 
2 556 49 
2 342 1540 
2 761 447 
2 1707 1239 
2 641 222 
3 1249 970 84 
2 607 112 
2 1081 565 
2 1712 119 
