3007
0 1440 2230
1 2362 3369
2 5152 1642
3 2902 4637
4 3158 938
5 3211 1228
6 921 1085
7 1001 3732
8 2718 5205
9 3158 1199
10 324 321
11 1597 933
12 4722 3947
13 5885 869
14 4615 4878
15 2650 -31
16 3481 332
17 1839 765
18 2769 1238
19 1217 3718
20 4012 5386
21 4799 3317
22 1458 2154
23 2760 2425
24 1839 610
25 4898 927
26 5283 3991
27 839 4941
28 2041 2342
29 3656 5386
30 311 5687
31 2819 3243
32 3335 4519
33 4166 5047
34 1974 2407
35 815 4457
36 4371 4375
37 2443 5263
38 1635 3397
39 4499 1840
40 3079 5330
41 2770 3473
42 917 2654
43 392 1095
44 2106 1008
45 2893 617
46 2042 2342
47 205 3499
48 2790 1353
49 88 2898
50 2912 1267
51 5014 241
52 6224 3848
53 2364 1603
54 1772 3397
55 1839 619
56 2700 3263
57 4822 745
58 2790 919
59 5714 1075
60 4522 4122
61 2590 1374
62 1001 3718
63 5342 5805
64 4277 5749
65 3857 508
66 1208 4988
67 2590 1603
68 3361 1261
69 4487 5752
70 1659 5043
71 1183 3131
72 5201 3331
73 3273 3902
74 6224 4271
75 3079 5500
76 2042 240
77 1377 2592
78 1112 768
79 2125 3263
80 2361 3427
81 1659 5302
82 2978 5161
83 4970 1642
84 1474 3647
85 2060 5402
86 1250 479
87 3108 526
88 3660 83
89 1107 833
90 4217 502
91 4277 5543
92 2321 2342
93 1426 3321
94 5293 376
95 4184 4177
96 1655 855
97 313 3623
98 330 3992
99 1112 664
100 1659 5342
101 5974 3132
102 3757 340
103 5694 5817
104 4449 1835
105 312 4854
106 1115 2710
107 864 1084
108 4374 5752
109 2853 5168
110 1431 3647
111 2208 1715
112 3085 -59
113 4333 4892
114 6224 4405
115 5714 1609
116 2102 5707
117 1032 3718
118 5275 3095
119 1079 1605
120 173 4589
121 4734 3118
122 839 4589
123 421 1095
124 839 4920
125 2189 1915
126 4516 909
127 5293 369
128 4277 5585
129 4346 4070
130 3295 3346
131 2945 1082
132 3744 499
133 3079 5490
134 2896 2753
135 434 3334
136 4777 241
137 4480 31
138 6224 3950
139 761 5333
140 1712 1991
141 1994 1008
142 4499 2176
143 4502 3836
144 4416 4291
145 311 5318
146 1534 3783
147 1827 954
148 1722 3321
149 492 5053
150 5201 3858
151 1672 1316
152 4627 3858
153 3365 4511
154 85 5391
155 5407 1991
156 4862 3317
157 4277 5696
158 2904 1073
159 313 3633
160 5404 3747
161 4169 1943
162 4401 5752
163 280 4589
164 1527 3567
165 4379 5
166 918 833
167 6106 4537
168 2208 1729
169 4480 417
170 268 3311
171 1458 2230
172 2025 2767
173 4607 4878
174 5043 740
175 955 1517
176 4416 4267
177 1798 3321
178 4734 3160
179 4822 757
180 4694 2196
181 5366 1687
182 5680 869
183 4554 689
184 2195 1991
185 5342 5769
186 2060 5336
187 806 1822
188 3663 499
189 2959 3237
190 5852 869
191 4381 3484
192 1662 1487
193 1662 1621
194 2875 3090
195 1169 833
196 5821 3191
197 4416 5
198 3369 5592
199 1827 987
200 289 182
201 4235 1835
202 6224 4196
203 2326 27
204 3196 2390
205 88 2980
206 2760 2696
207 5353 1982
208 324 182
209 4483 262
210 1152 2436
211 916 1554
212 129 416
213 4291 3761
214 5452 1846
215 2563 3427
216 5974 3160
217 829 4531
218 1514 3911
219 6078 3747
220 280 4603
221 703 4708
222 1534 2303
223 2208 1156
224 1642 5206
225 1439 4927
226 331 2470
227 3108 553
228 2452 3427
229 4536 902
230 2060 5508
231 2590 1566
232 2522 5383
233 1193 3749
234 311 5734
235 700 5324
236 1527 3397
237 711 4251
238 1894 3009
239 2208 1836
240 1025 3749
241 324 204
242 5090 1846
243 1974 2759
244 1684 4978
245 5822 1522
246 1662 1607
247 2941 -59
248 4554 389
249 4595 902
250 2850 3090
251 3158 1036
252 2330 2333
253 1662 1352
254 6053 2862
255 1336 2776
256 6007 623
257 913 1047
258 3176 4535
259 5130 3952
260 4526 5752
261 557 1084
262 557 1415
263 1426 3422
264 639 1084
265 1268 826
266 4477 4892
267 316 3487
268 610 1437
269 982 1891
270 4501 4246
271 4597 4892
272 3549 1183
273 4884 1825
274 1440 2060
275 5439 1846
276 2922 2753
277 3894 508
278 4346 4152
279 4112 4197
280 2810 2753
281 5691 623
282 2865 2944
283 461 1370
284 5974 2862
285 255 4977
286 106 2525
287 155 2315
288 2893 712
289 1974 2342
290 3062 2753
291 4475 3484
292 2715 3427
293 2060 5641
294 474 4251
295 5728 5557
296 4554 241
297 5402 3191
298 3297 2043
299 3233 2414
300 2862 507
301 1116 768
302 1440 1961
303 330 4151
304 1672 1424
305 1070 2710
306 2042 2767
307 1682 4906
308 839 4801
309 1877 1915
310 4522 4170
311 2838 3771
312 4554 262
313 4515 705
314 817 5333
315 1215 2710
316 5137 1859
317 3158 424
318 4696 3948
319 5651 3191
320 3343 -59
321 5163 1862
322 1672 1636
323 374 4854
324 2861 3833
325 2042 192
326 5822 1193
327 5728 5127
328 4884 1789
329 4554 248
330 5126 1859
331 3011 5330
332 2226 3369
333 1527 3521
334 5949 3747
335 3079 5565
336 776 1637
337 1202 833
338 1088 4315
339 383 4262
340 1426 3555
341 5256 3991
342 1078 2710
343 4623 1835
344 3757 499
345 1672 1692
346 774 4603
347 1398 2592
348 2943 4476
349 5048 732
350 1426 3384
351 1672 1643
352 4791 1835
353 5201 3742
354 763 847
355 5074 241
356 4002 22
357 5822 1104
358 4805 3317
359 5221 1846
360 3549 548
361 958 4251
362 5543 3747
363 387 4856
364 4371 4636
365 3671 1183
366 6002 623
367 1894 2940
368 2912 1233
369 6224 3894
370 5630 4956
371 2002 169
372 662 1437
373 1772 169
374 2838 3765
375 3757 492
376 2978 5330
377 4734 3177
378 4136 4416
379 557 1370
380 4480 176
381 1473 2592
382 85 4978
383 5743 623
384 2638 5693
385 330 4034
386 330 3487
387 4343 3812
388 917 2617
389 839 4639
390 5535 4537
391 1644 5276
392 5580 3747
393 5433 3191
394 3275 4336
395 1290 2722
396 1892 1991
397 5160 1687
398 1112 519
399 3357 4511
400 6224 4028
401 1672 1300
402 978 1554
403 3581 836
404 5974 2890
405 1426 3370
406 85 5781
407 331 2315
408 5038 1982
409 346 1370
410 2473 2294
411 4178 4177
412 700 4949
413 6214 4537
414 3202 1261
415 368 4251
416 3295 3416
417 1477 2592
418 2706 5426
419 2437 2294
420 3164 2631
421 761 1084
422 2619 5693
423 1130 479
424 774 4262
425 812 4589
426 3055 404
427 3838 93
428 330 3858
429 1523 2520
430 132 1946
431 3108 634
432 2663 1086
433 2790 1332
434 1535 3321
435 619 3311
436 5342 5817
437 2354 5300
438 5822 1274
439 132 1833
440 4859 2196
441 5073 1982
442 812 4371
443 5096 1982
444 6224 4283
445 5822 1093
446 4480 456
447 3082 -59
448 4525 909
449 5160 3095
450 690 1531
451 700 5059
452 4554 466
453 1534 3670
454 5293 507
455 132 2072
456 727 4251
457 3727 499
458 1523 2465
459 3108 609
460 921 1084
461 700 5042
462 341 1531
463 4259 5386
464 3295 2043
465 195 3484
466 4480 133
467 120 3499
468 834 4942
469 4402 2196
470 330 4095
471 1649 391
472 4371 4664
473 1684 4906
474 2798 -31
475 2165 5707
476 1577 933
477 4652 4023
478 3481 252
479 2620 792
480 4995 5688
481 1527 3667
482 313 3499
483 2484 5205
484 2819 3242
485 5728 5400
486 3256 2095
487 3757 464
488 1672 1727
489 3380 2182
490 2060 5707
491 764 4251
492 2756 2390
493 897 1084
494 3361 1259
495 845 5333
496 763 864
497 1041 3718
498 251 1531
499 3380 2101
500 1001 4213
501 4696 4037
502 5483 3747
503 2836 2944
504 1336 3001
505 2981 3833
506 1336 3107
507 1527 3515
508 4291 3588
509 1672 1751
510 132 2062
511 774 1047
512 4277 5
513 3115 2798
514 2326 -31
515 3234 4389
516 1974 2431
517 5268 3095
518 2444 -31
519 5268 1846
520 2303 5618
521 3451 5592
522 5997 4537
523 190 532
524 2208 1464
525 2959 3392
526 1468 4988
527 5385 1687
528 65 3311
529 5151 241
530 132 2263
531 2611 2425
532 2330 1991
533 2637 2399
534 3549 1199
535 6078 2523
536 2925 2753
537 843 1822
538 2303 5328
539 3256 2126
540 3757 433
541 4455 4197
542 921 4251
543 5743 1609
544 4528 909
545 4455 1314
546 2522 5266
547 5728 5398
548 605 1437
549 3013 2448
550 2620 669
551 4277 4892
552 3042 2753
553 4626 1296
554 845 5394
555 324 226
556 5201 3821
557 2762 2390
558 4536 2176
559 330 4072
560 949 5396
561 1461 2592
562 336 5053
563 132 1571
564 1206 833
565 330 4214
566 3536 1261
567 3407 1199
568 4776 5752
569 2593 2294
570 2790 902
571 2590 1571
572 1112 753
573 4480 242
574 1597 855
575 3273 3934
576 956 5396
577 3164 2843
578 3357 4326
579 1264 3089
580 703 4680
581 174 2501
582 4499 1862
583 2218 1991
584 3273 3887
585 5717 4956
586 672 4627
587 4827 909
588 1426 3709
589 2002 5331
590 4512 3518
591 4482 4122
592 1894 2803
593 4522 4197
594 3335 4469
595 2522 5365
596 6078 2819
597 4371 4878
598 1246 4927
599 1827 957
600 789 4262
601 6078 2194
602 5441 542
603 4574 1927
604 5899 2118
605 5099 740
606 3108 787
607 1336 3046
608 311 5238
609 3883 508
610 3295 3354
611 5201 3807
612 3164 2945
613 2927 2448
614 3357 4389
615 4711 4232
616 280 4264
617 3365 4336
618 5537 1687
619 2975 5161
620 1662 1364
621 1894 2879
622 1174 4942
623 2975 1484
624 910 833
625 1644 5348
626 299 3662
627 4749 3882
628 1894 3120
629 1575 1891
630 106 2501
631 1827 930
632 5094 5751
633 1465 3681
634 5667 2118
635 5162 5751
636 5472 3191
637 2296 3369
638 3108 1031
639 4515 599
640 3256 2043
641 2295 3369
642 5293 458
643 2959 3471
644 4670 909
645 3213 4149
646 2593 2390
647 2010 5300
648 4734 3136
649 1123 2605
650 328 3382
651 132 1874
652 323 2315
653 3295 2998
654 5117 5751
655 330 4029
656 4863 927
657 2238 3369
658 1426 3686
659 2978 5189
660 839 4821
661 4928 3317
662 2990 -59
663 5012 3317
664 3757 398
665 3093 2519
666 129 242
667 4864 1835
668 3196 2414
669 2819 3366
670 1575 1809
671 4480 222
672 1440 1891
673 731 1788
674 3295 3007
675 4277 4985
676 1738 5342
677 3838 239
678 4847 5752
679 2408 -31
680 5974 2956
681 2805 4375
682 1088 4365
683 1336 2608
684 4480 77
685 4696 4022
686 2330 1837
687 5285 1687
688 1659 5219
689 1426 3681
690 4554 386
691 2416 1008
692 3093 2586
693 1070 2693
694 1712 2077
695 5112 3887
696 764 2024
697 1336 2777
698 873 1047
699 1205 3146
700 6224 4058
701 2801 633
702 815 4531
703 5308 1982
704 2862 4389
705 4626 5752
706 4863 909
707 2522 5566
708 1177 3131
709 5071 3858
710 1084 3131
711 2318 3369
712 541 3311
713 1839 716
714 4840 3106
715 4626 1273
716 1534 2286
717 5404 3914
718 1440 1939
719 455 4251
720 2893 560
721 3059 -59
722 6199 3747
723 2769 1302
724 2970 2448
725 5728 5480
726 5789 869
727 89 1180
728 2862 4214
729 132 1871
730 5098 1862
731 2803 633
732 3481 46
733 4711 241
734 5390 1859
735 5036 5751
736 3079 5430
737 917 2605
738 88 2804
739 1336 2953
740 3068 1087
741 1064 1655
742 984 1127
743 982 1915
744 2862 614
745 1440 1962
746 4515 902
747 4515 627
748 731 2024
749 1403 4927
750 1644 5015
751 2603 847
752 3481 -10
753 4087 4197
754 2303 5352
755 3357 4531
756 1350 2592
757 4660 1835
758 5237 241
759 3213 4266
760 5513 1991
761 85 5428
762 455 3311
763 1146 833
764 3894 22
765 5508 623
766 4711 4173
767 4884 1790
768 420 4603
769 4256 4177
770 4301 2001
771 2443 5205
772 213 4977
773 4696 3979
774 1999 3397
775 2140 3397
776 2346 1008
777 4900 1457
778 132 1531
779 4455 1298
780 2819 3144
781 4192 5
782 3757 498
783 2893 510
784 349 3311
785 291 2501
786 3295 3524
787 4166 4636
788 5052 1642
789 3365 4525
790 2943 4730
791 1894 3042
792 4711 4170
793 5404 3821
794 3060 5330
795 5451 5817
796 5775 1093
797 3273 4121
798 982 1909
799 4734 3212
800 3164 2674
801 4840 3095
802 4670 2196
803 1341 4927
804 766 3362
805 4122 5386
806 776 1788
807 4509 1273
808 4522 4157
809 5112 3915
810 1206 768
811 2760 2478
812 4277 4917
813 429 4856
814 188 2315
815 1314 4927
816 2303 5584
817 749 1084
818 3757 380
819 4512 3721
820 85 4977
821 4839 1835
822 4236 508
823 323 4603
824 2303 5537
825 5974 3191
826 1240 4988
827 3282 -59
828 6224 4445
829 672 4690
830 -119 1180
831 521 3401
832 5079 3095
833 3335 4389
834 3646 1183
835 2208 1546
836 5272 1687
837 2862 4131
838 2781 633
839 567 1531
840 1644 5116
841 1527 3655
842 5968 869
843 2294 3369
844 2904 1090
845 2522 5610
846 839 3388
847 4888 1982
848 5654 3191
849 5717 5045
850 330 4042
851 1064 1619
852 6069 869
853 2385 1008
854 2790 1370
855 5015 5688
856 1894 3217
857 4396 3836
858 1827 517
859 3549 678
860 3549 476
861 3213 3919
862 3660 499
863 311 5667
864 731 1726
865 1083 1605
866 85 5010
867 2943 4458
868 4948 3095
869 2207 1991
870 707 1517
871 2760 2753
872 3318 2043
873 5801 3191
874 5176 5751
875 4884 1682
876 3633 836
877 4512 3484
878 319 4262
879 700 5084
880 5293 506
881 3211 1230
882 5714 1087
883 5141 241
884 1985 2333
885 6224 4011
886 4275 4636
887 4499 1980
888 2130 1051
889 4626 1316
890 195 3487
891 5201 3351
892 4633 241
893 5799 2118
894 1380 2436
895 2326 240
896 2769 1236
897 4307 507
898 1324 2436
899 88 2893
900 1462 3709
901 1534 3678
902 4455 4892
903 2819 3245
904 2790 -31
905 2902 4741
906 4084 5386
907 4085 4197
908 2330 1610
909 2910 3833
910 474 4262
911 4533 909
912 6078 2118
913 2603 1008
914 4166 5060
915 2862 548
916 2522 5693
917 4515 968
918 3586 5507
919 4371 4672
920 1684 4914
921 3660 393
922 1894 2767
923 2805 4110
924 330 4165
925 6078 2778
926 5684 1004
927 2365 3263
928 423 1095
929 4455 1316
930 927 2605
931 2902 4764
932 1974 2428
933 1527 3437
934 815 4464
935 4210 4375
936 5106 1859
937 184 4977
938 6212 3747
939 109 4531
940 2002 5342
941 2282 3427
942 1083 1667
943 6224 3954
944 3574 1239
945 679 3311
946 3256 2127
947 1672 1449
948 1933 2333
949 3213 3955
950 256 3401
951 1123 2503
952 2303 5397
953 5390 3095
954 -22 1180
955 3115 2790
956 4296 4375
957 4291 3799
958 1827 712
959 812 4267
960 711 1084
961 1218 3131
962 4859 732
963 1633 4927
964 2836 4336
965 839 4707
966 1827 601
967 3068 1457
968 5082 5751
969 261 4977
970 2342 -31
971 1268 833
972 4328 4892
973 3295 3125
974 1477 5352
975 2779 4375
976 1074 2605
977 4554 326
978 4515 641
979 6122 623
980 2443 5300
981 5822 1605
982 2330 1959
983 471 4262
984 106 2781
985 1336 3146
986 1440 2428
987 331 2340
988 6224 4255
989 3108 1042
990 2524 3427
991 -98 1180
992 4574 1898
993 3273 3684
994 4512 3519
995 3164 2618
996 1477 4988
997 2303 5313
998 2975 1478
999 4515 569
1000 6078 2767
1001 3013 2666
1002 1642 4913
1003 2603 1086
1004 2936 1371
1005 3164 2940
1006 5143 5751
1007 1623 169
1008 151 532
1009 328 3337
1010 4218 4177
1011 4722 3893
1012 776 1795
1013 2362 3323
1014 5974 2936
1015 1879 1008
1016 2208 1817
1017 703 4720
1018 2945 1073
1019 1894 3287
1020 330 3540
1021 2569 3263
1022 5163 1977
1023 2893 523
1024 4166 4846
1025 976 1822
1026 4918 241
1027 765 833
1028 4166 4985
1029 3481 160
1030 4739 4892
1031 132 1876
1032 4374 3774
1033 2508 -31
1034 1642 5380
1035 4439 3484
1036 129 429
1037 1857 1051
1038 5099 732
1039 3660 147
1040 4997 5688
1041 2752 4528
1042 1426 3443
1043 984 1164
1044 3273 4210
1045 982 1884
1046 5903 869
1047 4277 5458
1048 6130 833
1049 2853 5161
1050 2522 5205
1051 5163 1982
1052 2863 2944
1053 776 1747
1054 2975 1460
1055 1644 5399
1056 1675 391
1057 516 3401
1058 4354 4636
1059 4884 1441
1060 2760 2698
1061 1440 1901
1062 3009 5330
1063 1839 391
1064 589 1437
1065 1860 792
1066 3230 5592
1067 3357 4336
1068 6224 3782
1069 1064 1667
1070 5201 3784
1071 1268 822
1072 4170 4177
1073 4277 5467
1074 1894 3265
1075 1586 3397
1076 775 1517
1077 921 1241
1078 6093 869
1079 4928 5752
1080 4480 433
1081 2959 3293
1082 6078 2559
1083 85 5574
1084 5653 1004
1085 2042 3181
1086 1759 391
1087 731 1845
1088 3633 541
1089 5219 3095
1090 3273 3816
1091 1860 1008
1092 4089 4256
1093 5098 1877
1094 1827 851
1095 910 1047
1096 4291 3768
1097 5431 542
1098 5667 5817
1099 311 5212
1100 3057 2944
1101 4979 5752
1102 1675 1751
1103 839 4668
1104 106 2624
1105 1598 3321
1106 2002 5300
1107 5562 5817
1108 310 5744
1109 4995 5747
1110 2795 5205
1111 2060 5565
1112 2501 -31
1113 5246 1982
1114 311 5156
1115 3757 279
1116 4929 1859
1117 2125 3323
1118 3285 2974
1119 1462 3911
1120 338 1180
1121 3006 -59
1122 3586 5592
1123 703 4606
1124 875 1554
1125 2862 3901
1126 4840 3107
1127 2945 1166
1128 2769 1301
1129 1094 5396
1130 5934 3191
1131 4995 5752
1132 1655 915
1133 4627 701
1134 2522 2294
1135 4480 173
1136 1653 169
1137 1662 1438
1138 2150 1051
1139 4795 1859
1140 1089 5396
1141 2208 1852
1142 6130 869
1143 4898 757
1144 2790 874
1145 2819 3125
1146 4515 626
1147 4574 1840
1148 984 1047
1149 5988 3747
1150 795 3362
1151 1662 1400
1152 1714 1751
1153 1427 4927
1154 2522 5336
1155 1088 4213
1156 155 1531
1157 6078 2862
1158 3668 1183
1159 3637 541
1160 4272 508
1161 1208 4942
1162 1671 4906
1163 4570 241
1164 4740 757
1165 2655 2425
1166 3178 4535
1167 5201 3739
1168 206 2315
1169 4277 5390
1170 1264 3017
1171 1659 4978
1172 3549 351
1173 984 1135
1174 739 5333
1175 5653 927
1176 5462 1991
1177 2208 1789
1178 2760 2948
1179 2904 5161
1180 3481 -2
1181 3169 4535
1182 3549 715
1183 5293 294
1184 4734 3172
1185 817 4589
1186 4385 1835
1187 3660 342
1188 839 3401
1189 763 833
1190 703 4658
1191 3093 2395
1192 3633 650
1193 1787 3321
1194 330 3596
1195 2862 518
1196 1993 1008
1197 2520 1603
1198 1617 2230
1199 1827 649
1200 2474 1603
1201 1746 459
1202 330 3557
1203 1796 3397
1204 1644 5287
1205 2902 4528
1206 2945 1169
1207 5229 241
1208 5279 1846
1209 263 4531
1210 776 1789
1211 1123 2492
1212 1872 3321
1213 4374 3836
1214 6057 4537
1215 2915 492
1216 3118 5592
1217 2469 2294
1218 1450 2592
1219 1894 2970
1220 678 3311
1221 1265 2436
1222 1244 479
1223 1440 2235
1224 1686 1751
1225 1644 4974
1226 4291 3543
1227 3102 404
1228 4831 909
1229 4365 1835
1230 2112 1915
1231 4574 2176
1232 4652 3931
1233 3549 733
1234 4512 3858
1235 3894 73
1236 132 1836
1237 4658 4892
1238 5208 3991
1239 2316 240
1240 5974 3100
1241 2208 1438
1242 4839 713
1243 3158 692
1244 1839 438
1245 2790 1053
1246 2288 3369
1247 3280 2974
1248 1081 3718
1249 3213 4389
1250 3278 2043
1251 4235 1943
1252 3273 3677
1253 85 5311
1254 1508 3321
1255 4346 3812
1256 5923 2118
1257 892 4251
1258 2790 1371
1259 132 2037
1260 5714 1093
1261 839 4365
1262 1827 917
1263 3068 1397
1264 538 5054
1265 538 5156
1266 4166 5048
1267 2620 763
1268 2125 3328
1269 273 3311
1270 4499 2105
1271 2279 1008
1272 5974 2994
1273 4884 1683
1274 65 3211
1275 132 2187
1276 3164 2648
1277 672 4705
1278 1981 1008
1279 905 2024
1280 2945 1252
1281 3216 2390
1282 2042 3237
1283 3838 74
1284 4749 3858
1285 3120 2586
1286 330 3867
1287 5714 1084
1288 2303 5300
1289 470 4262
1290 3213 3911
1291 5755 3747
1292 1083 1629
1293 3213 4056
1294 316 2315
1295 5001 3317
1296 5098 1965
1297 1575 1677
1298 2079 240
1299 1171 3749
1300 4708 909
1301 5201 3832
1302 4166 5058
1303 4439 4878
1304 2393 5300
1305 3574 1195
1306 1586 479
1307 4499 2110
1308 2837 2478
1309 763 986
1310 1644 5236
1311 181 1180
1312 2443 5225
1313 2554 5693
1314 4371 4666
1315 3660 88
1316 4656 4892
1317 2975 1517
1318 1801 5342
1319 2959 3090
1320 3481 194
1321 5426 542
1322 1602 366
1323 2060 5622
1324 3288 2974
1325 839 4942
1326 4538 2196
1327 4515 749
1328 2326 -20
1329 6224 4124
1330 2522 5572
1331 106 2785
1332 1440 479
1333 1827 784
1334 5787 869
1335 731 1596
1336 1597 955
1337 280 4500
1338 2053 3397
1339 4811 1859
1340 65 2980
1341 286 182
1342 2836 4389
1343 1112 630
1344 2902 4642
1345 4548 4892
1346 2425 3263
1347 836 1517
1348 311 5364
1349 4052 5386
1350 4515 658
1351 3121 5592
1352 4166 5037
1353 1856 169
1354 3134 5592
1355 763 1047
1356 1426 3340
1357 3295 3369
1358 5036 5688
1359 5578 623
1360 3108 887
1361 3335 4336
1362 1568 4927
1363 4574 1913
1364 984 1056
1365 127 1180
1366 3838 492
1367 760 2024
1368 160 5781
1369 3660 78
1370 125 1162
1371 3481 204
1372 3586 5386
1373 5784 3747
1374 2238 240
1375 2838 3681
1376 401 4251
1377 6059 2118
1378 2616 3263
1379 2271 1991
1380 5071 3882
1381 430 1370
1382 1644 4913
1383 5891 2118
1384 3838 388
1385 3240 -59
1386 4711 3959
1387 5221 1859
1388 2637 2390
1389 2208 1915
1390 5725 5127
1391 3213 4418
1392 1426 3478
1393 1925 1008
1394 1186 4927
1395 2832 -31
1396 3784 538
1397 4217 508
1398 3211 1261
1399 4512 5752
1400 85 5379
1401 4860 757
1402 313 3629
1403 2853 5205
1404 195 3450
1405 1672 1573
1406 2060 5300
1407 5700 4956
1408 685 1517
1409 1252 3718
1410 5210 3991
1411 132 1669
1412 3335 4326
1413 733 5333
1414 4554 620
1415 3481 301
1416 290 182
1417 4734 3269
1418 1356 4988
1419 5390 3191
1420 2959 3515
1421 984 1554
1422 4900 1572
1423 5825 623
1424 -16 3574
1425 3213 4242
1426 845 5367
1427 4884 1750
1428 195 3427
1429 318 3401
1430 565 1084
1431 85 5698
1432 106 2644
1433 113 4589
1434 2358 1610
1435 1712 2154
1436 5760 4537
1437 5404 3991
1438 3022 5330
1439 5441 612
1440 2902 4595
1441 4277 5060
1442 3784 520
1443 311 5741
1444 1174 4927
1445 2802 2753
1446 3273 3918
1447 4637 701
1448 1510 3911
1449 4910 1982
1450 2883 2944
1451 711 4262
1452 1575 1703
1453 1731 5342
1454 5293 241
1455 2893 690
1456 677 3401
1457 5163 1969
1458 2208 1152
1459 2862 4336
1460 2603 869
1461 777 1047
1462 3108 557
1463 4908 5752
1464 1023 4365
1465 5293 456
1466 3295 3107
1467 1974 2465
1468 5654 4956
1469 5014 732
1470 2646 3263
1471 330 3880
1472 5654 1687
1473 2819 3363
1474 2643 5693
1475 3213 4228
1476 2817 763
1477 261 5042
1478 4919 3095
1479 88 2785
1480 804 3362
1481 4655 909
1482 2862 485
1483 1569 855
1484 5308 1859
1485 1440 2289
1486 3674 1195
1487 5482 1687
1488 5112 3882
1489 2902 4696
1490 1655 924
1491 408 1370
1492 5100 1862
1493 4577 3858
1494 3861 73
1495 5147 1642
1496 4516 940
1497 3365 4535
1498 2303 5707
1499 2805 4089
1500 1575 1621
1501 3660 130
1502 5293 536
1503 338 1186
1504 2944 3833
1505 4346 4375
1506 1894 3321
1507 4626 1276
1508 1462 3723
1509 5293 425
1510 1462 479
1511 672 4603
1512 1839 694
1513 2430 -31
1514 3894 504
1515 4711 4065
1516 5390 3155
1517 4008 22
1518 5728 5459
1519 2790 1190
1520 5842 869
1521 1827 970
1522 841 1084
1523 151 3662
1524 1602 342
1525 5653 869
1526 2943 4418
1527 679 3345
1528 4669 4878
1529 2515 -31
1530 2752 4375
1531 4515 677
1532 5524 4537
1533 445 5053
1534 3108 817
1535 4863 911
1536 4711 4185
1537 3549 332
1538 2105 1051
1539 5201 3415
1540 2443 5209
1541 1662 1613
1542 5728 5814
1543 4241 5
1544 3155 5592
1545 4380 2196
1546 1442 1891
1547 5013 1642
1548 843 5333
1549 5130 3991
1550 526 3401
1551 177 1531
1552 524 3401
1553 3158 404
1554 4900 1607
1555 204 532
1556 1860 999
1557 817 1084
1558 4884 1471
1559 731 1740
1560 5741 869
1561 5717 5023
1562 3660 176
1563 4488 3836
1564 684 1437
1565 106 2592
1566 65 3060
1567 5716 3191
1568 132 2217
1569 3574 1261
1570 1827 468
1571 1659 5235
1572 4884 1835
1573 330 4146
1574 4455 4190
1575 984 1048
1576 3481 283
1577 3211 1199
1578 839 4392
1579 1112 479
1580 2208 1051
1581 5629 4956
1582 4240 5386
1583 1974 2445
1584 5373 542
1585 313 3571
1586 1477 5074
1587 1971 1915
1588 3838 183
1589 1827 841
1590 4169 2001
1591 1630 3397
1592 2760 2727
1593 1035 4213
1594 4492 3484
1595 5822 1196
1596 2297 240
1597 5795 4537
1598 5513 2113
1599 4884 1784
1600 6224 3747
1601 5201 3393
1602 2779 4528
1603 3458 1199
1604 1792 169
1605 4268 5386
1606 4515 945
1607 1659 5128
1608 4166 4805
1609 5667 869
1610 3273 3642
1611 3412 1261
1612 100 3499
1613 6024 4537
1614 3169 4534
1615 3108 584
1616 2303 5444
1617 839 4385
1618 1534 2409
1619 313 3572
1620 3361 1227
1621 2819 3332
1622 5728 5591
1623 1070 2686
1624 3079 5414
1625 2790 1120
1626 1534 2230
1627 116 4531
1628 5728 1609
1629 1268 786
1630 3079 5559
1631 132 1629
1632 210 182
1633 1644 4999
1634 2309 1991
1635 85 5602
1636 2682 5693
1637 5360 3095
1638 5064 1982
1639 4900 1466
1640 2590 1407
1641 1534 2448
1642 1001 3749
1643 5068 3095
1644 731 1897
1645 3706 499
1646 4709 701
1647 4235 1862
1648 5832 869
1649 429 4854
1650 2943 4764
1651 4371 4863
1652 1637 3397
1653 2930 1371
1654 2706 5693
1655 6224 4288
1656 5724 623
1657 685 1437
1658 2769 1110
1659 5341 3991
1660 85 4991
1661 2124 5707
1662 1827 689
1663 5262 5751
1664 1534 3949
1665 261 5763
1666 4235 1937
1667 6126 869
1668 1271 3146
1669 2862 633
1670 2330 1814
1671 1827 459
1672 3703 78
1673 1223 3749
1674 984 1517
1675 725 4262
1676 4882 1982
1677 4900 1441
1678 839 4375
1679 4522 4130
1680 4416 4246
1681 4374 3828
1682 2945 1306
1683 101 4977
1684 2769 1086
1685 2443 5276
1686 328 3401
1687 4881 757
1688 4469 3774
1689 3172 3833
1690 3838 358
1691 4210 4416
1692 2329 1008
1693 2695 3427
1694 853 833
1695 731 1625
1696 5378 3991
1697 330 3726
1698 2330 1809
1699 4412 5
1700 129 182
1701 1714 1784
1702 3335 4525
1703 1827 916
1704 2668 633
1705 3123 -59
1706 4835 757
1707 3481 96
1708 1974 2409
1709 4822 902
1710 428 5053
1711 3361 1246
1712 2362 3283
1713 2883 -59
1714 129 493
1715 1839 446
1716 1070 3140
1717 2838 3955
1718 3549 524
1719 2208 1285
1720 2016 3397
1721 2330 2342
1722 3838 504
1723 1662 1293
1724 5300 3095
1725 2204 3369
1726 2364 1609
1727 3108 620
1728 4634 902
1729 2760 2501
1730 3013 2466
1731 1078 3146
1732 1602 391
1733 2994 2944
1734 2440 2425
1735 1074 2710
1736 318 4603
1737 4513 1273
1738 3068 1276
1739 4573 757
1740 1477 5396
1741 2898 3090
1742 2790 763
1743 1633 4906
1744 5947 869
1745 1906 2398
1746 4499 2113
1747 3757 246
1748 1602 169
1749 1684 4917
1750 2392 3427
1751 2902 4648
1752 2769 1371
1753 3213 3967
1754 776 1690
1755 -118 1180
1756 2590 1371
1757 1974 2427
1758 2688 2425
1759 1576 4927
1760 4210 4378
1761 1712 2230
1762 2815 633
1763 3109 2753
1764 2620 633
1765 4435 1835
1766 4896 732
1767 1052 3749
1768 5684 5817
1769 5404 3786
1770 5342 5751
1771 3164 2607
1772 5822 1456
1773 3660 395
1774 3660 80
1775 921 1122
1776 1594 3321
1777 3436 1261
1778 5112 3952
1779 5728 5394
1780 1918 2748
1781 1440 4927
1782 839 3362
1783 984 1202
1784 561 3401
1785 5822 3747
1786 1435 3321
1787 449 4603
1788 4511 1840
1789 917 2659
1790 5091 3858
1791 2029 1991
1792 4480 5
1793 2002 5340
1794 3042 1457
1795 2842 3090
1796 185 2315
1797 1827 547
1798 6078 2755
1799 719 5333
1800 1906 1915
1801 2042 3263
1802 5907 623
1803 2303 5399
1804 5763 2118
1805 200 4977
1806 1612 855
1807 4555 3858
1808 6078 2642
1809 5201 3567
1810 1523 479
1811 3838 314
1812 1788 459
1813 3213 4336
1814 2893 646
1815 2060 5310
1816 3115 2867
1817 1655 479
1818 1290 2865
1819 3164 2621
1820 2714 2390
1821 2805 4126
1822 4480 326
1823 1009 4213
1824 3213 4103
1825 3013 2549
1826 4574 2032
1827 1655 955
1828 2784 4375
1829 2790 901
1830 1534 2465
1831 2348 -31
1832 4764 1835
1833 4574 1923
1834 1642 5392
1835 4880 3095
1836 776 1822
1837 5728 5669
1838 1444 2230
1839 1672 1574
1840 719 4942
1841 99 4977
1842 3273 4166
1843 1680 4978
1844 2060 5301
1845 330 3499
1846 2945 1199
1847 5159 241
1848 4266 4375
1849 4170 22
1850 814 2024
1851 1244 3718
1852 2959 3185
1853 2706 5526
1854 4803 1846
1855 4311 1835
1856 5372 3095
1857 1112 763
1858 221 5781
1859 1704 169
1860 180 1180
1861 1897 5342
1862 982 2024
1863 3633 633
1864 2836 -59
1865 5322 3095
1866 5728 5526
1867 1642 5329
1868 2760 3084
1869 3016 2753
1870 4544 909
1871 1534 2289
1872 5274 1982
1873 1290 2710
1874 4863 1835
1875 1112 595
1876 6021 2862
1877 2037 3397
1878 3261 5592
1879 4554 701
1880 654 3401
1881 731 1878
1882 4722 3882
1883 538 5138
1884 1527 3443
1885 1859 3321
1886 2097 2342
1887 3169 4473
1888 4169 1948
1889 907 5396
1890 1569 861
1891 2590 1415
1892 2282 3397
1893 4638 757
1894 3365 4326
1895 4949 3095
1896 5822 1367
1897 2330 1865
1898 5390 3142
1899 1440 2154
1900 819 1517
1901 4235 1839
1902 4277 5677
1903 132 1885
1904 969 4365
1905 2945 1371
1906 93 1162
1907 4371 4344
1908 2591 1371
1909 3158 499
1910 2705 633
1911 5293 542
1912 4884 1765
1913 5403 1846
1914 705 3362
1915 5728 5817
1916 1187 833
1917 2837 2626
1918 2945 1202
1919 2437 2425
1920 2978 5184
1921 1712 2016
1922 4291 3484
1923 1839 680
1924 2220 1008
1925 1894 2860
1926 3108 994
1927 1229 3146
1928 1827 1051
1929 4638 5752
1930 1534 3693
1931 3013 2537
1932 324 487
1933 1068 833
1934 3365 4389
1935 310 182
1936 4224 2001
1937 4652 3858
1938 5722 1093
1939 4263 5
1940 1070 2659
1941 1055 2659
1942 5407 1982
1943 2838 3907
1944 2805 4313
1945 -16 3601
1946 213 3311
1947 195 3417
1948 6224 3775
1949 1642 5322
1950 3295 3017
1951 4832 3118
1952 257 1531
1953 2461 5205
1954 2801 5205
1955 5163 1966
1956 324 532
1957 94 5781
1958 700 5200
1959 1482 3911
1960 4165 4178
1961 5201 3508
1962 5728 5737
1963 1440 1917
1964 830 4251
1965 2044 3263
1966 2042 3054
1967 -16 3592
1968 4554 569
1969 2893 604
1970 65 3283
1971 2507 -31
1972 577 3401
1973 5201 3640
1974 3089 1073
1975 399 3311
1976 1906 2401
1977 5605 3747
1978 5974 3061
1979 2208 1761
1980 4185 4177
1981 -9 3499
1982 3079 5592
1983 2292 2333
1984 3357 4535
1985 330 4251
1986 2711 5205
1987 2959 3593
1988 4220 5
1989 824 4531
1990 311 5744
1991 2322 3427
1992 4778 1835
1993 4829 701
1994 145 532
1995 4531 5752
1996 5717 5022
1997 5629 4558
1998 1426 3647
1999 1426 3413
2000 1290 2943
2001 5161 5751
2002 5713 3747
2003 1722 5342
2004 4822 701
2005 1247 5396
2006 88 2837
2007 1088 4215
2008 4502 1273
2009 2479 2294
2010 5386 1982
2011 5212 1982
2012 3991 5386
2013 3838 180
2014 700 5333
2015 4418 4246
2016 2081 2342
2017 1642 5268
2018 4839 732
2019 5357 1982
2020 2025 1991
2021 2790 1134
2022 2330 1938
2023 3549 551
2024 3068 1073
2025 1659 4980
2026 65 3020
2027 1057 4365
2028 4499 1914
2029 6151 4537
2030 5822 1515
2031 1356 4927
2032 918 1554
2033 2805 4133
2034 1462 3741
2035 4310 4636
2036 1642 5117
2037 3516 332
2038 3273 4326
2039 2760 2950
2040 2769 1285
2041 4131 22
2042 4416 4249
2043 5758 3747
2044 2084 1915
2045 1128 5396
2046 2706 5607
2047 2060 5540
2048 1477 5082
2049 4371 4857
2050 2904 1143
2051 4417 3836
2052 1575 1771
2053 311 5702
2054 3757 256
2055 5937 623
2056 1628 3397
2057 340 1370
2058 280 4531
2059 6036 3747
2060 1894 3041
2061 3357 4448
2062 2769 1261
2063 292 3487
2064 3108 958
2065 2837 2671
2066 812 4603
2067 3481 -59
2068 1894 2750
2069 700 5236
2070 4346 4177
2071 3013 2486
2072 4277 5651
2073 5098 1982
2074 4516 968
2075 3256 2182
2076 803 1047
2077 5897 3747
2078 1070 3131
2079 4938 5752
2080 -83 1180
2081 3283 3638
2082 2060 240
2083 4574 2148
2084 4865 1835
2085 2276 5707
2086 1644 4968
2087 883 2024
2088 4734 3258
2089 3838 463
2090 380 5053
2091 6032 3747
2092 4612 241
2093 3062 -59
2094 2886 2718
2095 4519 1273
2096 3481 -50
2097 2006 2333
2098 4371 4758
2099 5822 1380
2100 3335 4535
2101 1336 2815
2102 4192 22
2103 280 4370
2104 3273 3764
2105 3009 1457
2106 5098 1977
2107 3361 1220
2108 898 4365
2109 5652 4956
2110 2766 2753
2111 812 4299
2112 2943 4629
2113 3948 22
2114 5452 1859
2115 2303 5547
2116 1336 3090
2117 5404 3838
2118 2741 2390
2119 5097 1846
2120 4371 4654
2121 -119 1162
2122 1087 2710
2123 4671 4246
2124 1534 3667
2125 906 1047
2126 1644 5110
2127 1256 2436
2128 2042 2866
2129 2042 3224
2130 4898 902
2131 2071 5707
2132 2377 3427
2133 324 304
2134 2593 2323
2135 4371 4291
2136 4882 1993
2137 3179 3899
2138 4740 747
2139 306 1162
2140 2105 240
2141 3273 3854
2142 2060 5664
2143 4481 4122
2144 106 2572
2145 3172 3899
2146 4574 2134
2147 5237 1859
2148 5348 3991
2149 5565 3191
2150 2042 3120
2151 4291 3610
2152 1924 2748
2153 2364 1610
2154 1158 479
2155 2943 4495
2156 826 3401
2157 4652 3915
2158 3049 5330
2159 3169 4418
2160 4900 1642
2161 330 3944
2162 48 1162
2163 1161 5396
2164 2959 3454
2165 324 241
2166 1116 2710
2167 2708 1086
2168 1477 5395
2169 4719 4892
2170 4314 3484
2171 1839 779
2172 2522 5681
2173 325 4603
2174 1659 5311
2175 1462 3777
2176 2111 2333
2177 4307 508
2178 2912 1265
2179 1921 3397
2180 5638 3191
2181 3660 284
2182 1672 1699
2183 1672 1293
2184 1974 2424
2185 2342 1610
2186 731 1598
2187 2878 -59
2188 2706 5205
2189 5307 1846
2190 4696 4041
2191 6000 2118
2192 1967 1051
2193 1906 2390
2194 5728 5760
2195 4156 4197
2196 338 1122
2197 4407 3836
2198 2963 -59
2199 1684 4925
2200 2292 2342
2201 1714 1884
2202 1595 479
2203 5740 1609
2204 1019 2659
2205 6078 2471
2206 1527 3321
2207 815 4492
2208 2770 3427
2209 2522 5271
2210 2819 3223
2211 2760 2666
2212 6078 2301
2213 4016 22
2214 4621 701
2215 2125 3369
2216 1639 2230
2217 3471 -59
2218 4711 4104
2219 4488 4122
2220 3013 2718
2221 3757 342
2222 5487 3191
2223 6015 2862
2224 1662 1570
2225 2508 2425
2226 839 4711
2227 330 4077
2228 5086 3882
2229 2790 1166
2230 2916 2944
2231 2727 3427
2232 261 5744
2233 4328 1835
2234 1112 750
2235 3108 492
2236 1323 5396
2237 4554 346
2238 3295 3166
2239 77 3499
2240 1839 492
2241 2779 -31
2242 839 4480
2243 812 4262
2244 2536 3263
2245 1644 4915
2246 2107 240
2247 1181 2710
2248 -16 3662
2249 4711 4246
2250 1336 2891
2251 4688 909
2252 2208 1736
2253 4945 740
2254 1908 1915
2255 4574 1894
2256 2709 633
2257 2819 3188
2258 1336 2874
2259 2208 1260
2260 4528 4246
2261 3158 1117
2262 4558 757
2263 6224 4537
2264 4346 3952
2265 3213 3945
2266 930 4251
2267 2994 404
2268 1524 479
2269 2303 5612
2270 5728 5227
2271 5201 1846
2272 3633 720
2273 4858 902
2274 2825 633
2275 4636 5752
2276 1436 479
2277 3357 4392
2278 5830 2118
2279 2706 5380
2280 776 1576
2281 88 2860
2282 1174 4939
2283 1992 1915
2284 5705 1004
2285 270 4531
2286 2868 404
2287 4480 205
2288 3295 3148
2289 1133 3718
2290 2836 -58
2291 3784 508
2292 106 2755
2293 961 833
2294 4884 1744
2295 4740 701
2296 486 1095
2297 2604 -31
2298 4912 740
2299 132 2248
2300 5822 1474
2301 1581 3397
2302 1906 2426
2303 4963 3317
2304 876 1822
2305 1672 1522
2306 5727 5817
2307 3169 4510
2308 2934 2718
2309 4082 22
2310 5404 3985
2311 4740 902
2312 2760 2615
2313 5425 1991
2314 3273 3811
2315 4277 5058
2316 2449 -31
2317 1569 933
2318 700 5179
2319 3206 2390
2320 1336 2743
2321 1827 934
2322 5326 3095
2323 3633 625
2324 1290 3017
2325 4166 5007
2326 5914 4537
2327 188 2501
2328 5714 1004
2329 3108 774
2330 2303 5703
2331 1707 3397
2332 1674 4906
2333 3660 142
2334 85 5252
2335 2962 2718
2336 1777 1915
2337 2693 5693
2338 271 5744
2339 1001 2605
2340 518 5156
2341 4734 3317
2342 6224 4383
2343 1714 1915
2344 4522 4179
2345 2975 1457
2346 4740 909
2347 4593 757
2348 2970 -59
2349 3068 1352
2350 3492 1261
2351 982 1928
2352 1534 3691
2353 3712 541
2354 1123 2532
2355 5629 4903
2356 731 1787
2357 2704 3263
2358 3158 496
2359 2042 169
2360 903 1554
2361 3785 508
2362 1906 2333
2363 437 5156
2364 106 2613
2365 4160 5386
2366 5714 1687
2367 3108 924
2368 5728 5359
2369 3295 3205
2370 2303 5369
2371 2522 5322
2372 3013 2626
2373 5152 1687
2374 4739 4879
2375 4603 2196
2376 725 5333
2377 4085 4256
2378 5797 1093
2379 5214 1859
2380 2790 934
2381 2838 4049
2382 4613 909
2383 1328 4988
2384 2893 721
2385 5201 3523
2386 5524 4540
2387 4750 3317
2388 944 5396
2389 4795 1846
2390 4711 4130
2391 4978 1642
2392 4499 1894
2393 331 2501
2394 1527 3569
2395 6224 4478
2396 2042 3072
2397 3108 1073
2398 2862 600
2399 330 4110
2400 2208 1349
2401 2912 1226
2402 304 3311
2403 2790 1188
2404 2962 2390
2405 1336 2781
2406 3549 765
2407 4515 726
2408 3757 78
2409 4165 4177
2410 2899 4528
2411 1389 4988
2412 2303 5432
2413 2208 1150
2414 2652 2425
2415 2797 2944
2416 3078 1413
2417 1070 2667
2418 4696 3858
2419 435 3334
2420 5722 3191
2421 703 4603
2422 6224 4469
2423 1573 855
2424 4574 2072
2425 2707 3263
2426 2943 4580
2427 4860 3095
2428 2303 5456
2429 2303 5359
2430 271 3487
2431 2522 5340
2432 2912 1291
2433 5441 582
2434 3078 1517
2435 4719 3858
2436 4417 5752
2437 3658 5386
2438 3093 2390
2439 2836 -31
2440 4675 1835
2441 700 4942
2442 4480 95
2443 3078 1295
2444 2039 1991
2445 361 4251
2446 2790 1223
2447 88 2919
2448 4648 1835
2449 2760 2944
2450 1758 169
2451 2760 3263
2452 3660 459
2453 1679 169
2454 1534 2404
2455 1726 3321
2456 5759 3747
2457 4515 708
2458 3158 1016
2459 4706 1835
2460 3423 1261
2461 3078 1399
2462 729 1531
2463 1598 479
2464 2862 404
2465 2095 1008
2466 846 1047
2467 221 2501
2468 5728 5148
2469 1394 2592
2470 984 1138
2471 84 1162
2472 311 5486
2473 5404 3924
2474 4759 3317
2475 2991 5330
2476 2019 1051
2477 129 532
2478 330 3810
2479 154 532
2480 5293 291
2481 2862 4418
2482 1642 5276
2483 982 1822
2484 4351 4636
2485 1206 5396
2486 3633 655
2487 1001 4251
2488 917 2619
2489 1750 1915
2490 311 5053
2491 3701 541
2492 4211 5
2493 5201 3317
2494 4291 3622
2495 839 4637
2496 4522 4246
2497 4540 5752
2498 3549 454
2499 3915 5386
2500 2874 763
2501 2577 5693
2502 2934 492
2503 4869 5752
2504 4480 262
2505 4574 1968
2506 1781 459
2507 4620 701
2508 815 4435
2509 5100 3882
2510 3380 2043
2511 2108 3397
2512 4302 3484
2513 3473 -59
2514 1827 889
2515 1659 5012
2516 954 4251
2517 4475 4878
2518 895 1554
2519 1642 5255
2520 5187 1687
2521 5201 3360
2522 2445 3427
2523 164 1531
2524 226 182
2525 1575 1648
2526 2837 2448
2527 4512 3836
2528 672 4694
2529 1995 2333
2530 3674 1183
2531 1860 950
2532 3660 496
2533 3335 4534
2534 4739 241
2535 2208 1661
2536 2208 1058
2537 1974 2452
2538 2893 492
2539 4531 3858
2540 4822 909
2541 401 1095
2542 6130 623
2543 1860 965
2544 5717 5056
2545 5723 4537
2546 5974 2895
2547 3379 -59
2548 2837 2718
2549 2194 1008
2550 2687 2390
2551 1597 941
2552 2715 1086
2553 5717 5041
2554 3079 5398
2555 2862 535
2556 1462 3828
2557 2760 3148
2558 2819 3090
2559 2805 4159
2560 3037 -59
2561 4404 4878
2562 3468 1199
2563 2303 5501
2564 538 5053
2565 632 3311
2566 4995 5726
2567 2939 2448
2568 672 4742
2569 1346 2592
2570 115 3311
2571 4753 3317
2572 1112 642
2573 839 3377
2574 1045 3718
2575 587 3311
2576 3549 836
2577 1426 3358
2578 3757 362
2579 2687 2399
2580 5164 1687
2581 1833 1991
2582 4413 4878
2583 1290 2952
2584 2259 5707
2585 1070 3146
2586 2060 5665
2587 3660 205
2588 4480 461
2589 4574 2135
2590 1426 3611
2591 1122 5396
2592 731 1616
2593 2233 1991
2594 155 4977
2595 4307 502
2596 4693 1835
2597 4277 5019
2598 5055 740
2599 3481 -33
2600 3838 73
2601 2326 108
2602 5268 1982
2603 4455 1273
2604 4652 3908
2605 2760 2685
2606 2326 -24
2607 85 5031
2608 4291 3812
2609 679 3362
2610 2522 5624
2611 5537 5817
2612 2640 2399
2613 567 1084
2614 4512 3730
2615 356 4251
2616 1894 2946
2617 5629 4697
2618 1064 1605
2619 331 2445
2620 2987 1517
2621 4721 701
2622 1210 2710
2623 3256 2117
2624 333 4603
2625 4778 5752
2626 2373 5300
2627 4876 241
2628 5342 5804
2629 5332 1687
2630 2819 633
2631 4277 5568
2632 6224 4127
2633 3169 4442
2634 1208 4987
2635 3660 364
2636 731 1585
2637 3273 4177
2638 2904 1226
2639 3087 1073
2640 109 4534
2641 1659 5303
2642 5570 2118
2643 731 1531
2644 4455 4122
2645 1655 459
2646 85 5207
2647 1839 640
2648 2862 3960
2649 3838 488
2650 330 3769
2651 4699 902
2652 4089 4416
2653 3752 499
2654 4652 4011
2655 1440 2436
2656 3013 2683
2657 1074 4213
2658 5356 1859
2659 2593 2303
2660 2790 905
2661 5077 1859
2662 330 3995
2663 132 1795
2664 5974 2923
2665 845 5396
2666 4301 2196
2667 3357 4335
2668 2790 4528
2669 173 1162
2670 3447 5592
2671 1839 792
2672 1870 5342
2673 2862 563
2674 132 1682
2675 4583 902
2676 311 5416
2677 4480 466
2678 2087 240
2679 2303 5343
2680 2975 1500
2681 2912 1371
2682 1123 2507
2683 288 1162
2684 1642 5399
2685 147 1162
2686 4882 2196
2687 4277 5752
2688 313 3625
2689 4861 902
2690 5974 2914
2691 5418 542
2692 1514 3949
2693 2638 633
2694 246 3311
2695 1290 2988
2696 2060 5304
2697 985 4251
2698 4711 3952
2699 1728 3397
2700 2522 5643
2701 1827 605
2702 1462 3755
2703 763 994
2704 3273 4140
2705 6224 4395
2706 2303 5316
2707 1714 1871
2708 2908 3593
2709 2862 4173
2710 5441 623
2711 2887 3833
2712 721 5333
2713 3784 541
2714 328 3334
2715 2167 1915
2716 1590 479
2717 5479 3191
2718 1440 2305
2719 538 5134
2720 4474 2196
2721 85 5376
2722 936 833
2723 5822 1609
2724 5378 1982
2725 -102 1180
2726 106 2777
2727 845 5382
2728 3199 4535
2729 3078 1261
2730 1845 3397
2731 1514 3924
2732 4512 3774
2733 210 5781
2734 5201 3447
2735 3027 404
2736 333 1162
2737 1440 2287
2738 280 4262
2739 5397 1859
2740 2838 3719
2741 5611 4558
2742 742 1517
2743 29 3662
2744 2959 3460
2745 2862 4180
2746 4822 756
2747 480 1531
2748 1189 4927
2749 1569 931
2750 2117 1008
2751 1336 2737
2752 5293 356
2753 731 1772
2754 5342 5768
2755 812 4435
2756 2620 680
2757 3295 3151
2758 557 1437
2759 1084 4365
2760 2178 3397
2761 1336 2592
2762 1426 3444
2763 4535 466
2764 2959 3418
2765 4740 702
2766 1672 1583
2767 3164 2974
2768 4696 4006
2769 5189 3858
2770 1462 3749
2771 5163 1981
2772 338 1095
2773 2837 2504
2774 3295 3222
2775 2769 633
2776 375 4603
2777 2591 1086
2778 1712 2157
2779 173 182
2780 3068 1330
2781 4740 903
2782 324 1180
2783 2959 3192
2784 4165 4197
2785 4346 3971
2786 916 833
2787 3660 312
2788 839 4900
2789 2838 3593
2790 3115 2753
2791 4839 701
2792 1453 2154
2793 4571 3858
2794 1974 2767
2795 516 1531
2796 1092 3131
2797 800 4262
2798 1088 4350
2799 6224 3922
2800 1435 2592
2801 2111 2342
2802 4552 5752
2803 1894 2790
2804 3335 4454
2805 4464 3836
2806 1523 2592
2807 679 3356
2808 253 1180
2809 1350 4988
2810 3158 497
2811 3457 1199
2812 3115 2944
2813 1264 3131
2814 1839 709
2815 4898 740
2816 4734 909
2817 1677 459
2818 2282 3402
2819 85 5570
2820 3158 1039
2821 3213 3899
2822 776 1758
2823 5045 740
2824 3757 393
2825 5524 4558
2826 4739 4878
2827 3196 2411
2828 309 4854
2829 1096 833
2830 1063 2605
2831 1974 2350
2832 313 3662
2833 2861 3901
2834 2790 1147
2835 5427 3191
2836 2160 1008
2837 3233 2390
2838 1252 3749
2839 1577 855
2840 5629 4609
2841 3295 3638
2842 2923 2753
2843 895 1517
2844 3164 2586
2845 3169 4512
2846 672 4606
2847 1123 2436
2848 143 3311
2849 3624 836
2850 1213 3131
2851 2819 3160
2852 2760 2487
2853 1982 169
2854 4704 5752
2855 466 4251
2856 3108 685
2857 1440 2340
2858 703 4611
2859 1642 5280
2860 324 383
2861 3689 499
2862 109 4589
2863 4884 1781
2864 1644 5159
2865 2921 4764
2866 1268 768
2867 1527 3529
2868 5673 1687
2869 2769 1272
2870 557 1095
2871 5984 869
2872 2591 1165
2873 2921 -59
2874 5822 1358
2875 2819 3137
2876 700 5225
2877 2062 1991
2878 1814 3397
2879 2760 3049
2880 4453 3484
2881 5025 1982
2882 309 4856
2883 1642 5291
2884 4166 4647
2885 3078 1405
2886 2591 1253
2887 1050 2659
2888 3361 1199
2889 195 3401
2890 261 5781
2891 289 1180
2892 4499 1911
2893 2710 -31
2894 1982 1991
2895 4840 3118
2896 4720 902
2897 4517 326
2898 3273 3638
2899 1474 3681
2900 2408 5300
2901 2330 1790
2902 4712 4892
2903 1336 2796
2904 2959 3566
2905 4166 4944
2906 3078 1509
2907 4331 5
2908 5728 5587
2909 1131 2710
2910 2893 763
2911 3093 2398
2912 3078 1396
2913 4277 5386
2914 4499 4246
2915 3164 1261
2916 2805 4049
2917 2819 3473
2918 5513 2118
2919 1336 2965
2920 2752 4503
2921 338 1162
2922 4884 1787
2923 3301 4535
2924 703 4742
2925 5697 3747
2926 1290 2916
2927 3179 2974
2928 1839 729
2929 330 3728
2930 4233 4636
2931 3591 836
2932 4554 440
2933 155 1162
2934 4635 4892
2935 2790 1008
2936 839 4386
2937 2772 1371
2938 1768 3397
2939 -16 3499
2940 2609 5693
2941 839 4531
2942 5432 1859
2943 5098 1973
2944 924 833
2945 3097 2753
2946 3295 2974
2947 3095 1261
2948 812 4380
2949 132 2315
2950 85 5432
2951 3336 5592
2952 3381 1199
2953 187 1531
2954 4291 3538
2955 1292 2436
2956 776 1554
2957 3316 4326
2958 1129 479
2959 431 5156
2960 839 4636
2961 4652 4041
2962 4900 1445
2963 1894 2748
2964 338 1370
2965 4515 757
2966 6026 2862
2967 1839 452
2968 2518 -31
2969 588 3401
2970 1906 2465
2971 1534 3841
2972 4644 3858
2973 2591 1327
2974 2362 3263
2975 2603 792
2976 1974 2748
2977 1644 4970
2978 5717 5127
2979 1578 4927
2980 2129 3397
2981 132 1607
2982 1922 2748
2983 4480 367
2984 4247 1835
2985 4817 1835
2986 3273 4246
2987 2125 1008
2988 5390 3125
2989 1202 5396
2990 3093 2552
2991 516 3334
2992 939 1822
2993 6053 2118
2994 4472 4197
2995 4740 750
2996 5674 4537
2997 4721 2196
2998 984 1241
2999 4722 3952
3000 4233 2001
3001 3838 357
3002 2544 2425
3003 1662 1540
3004 2790 1041
3005 5133 3317
3006 311 5042
3 1838 1223 1899 
3 2522 711 1013 
3 2373 1495 115 
2 1344 1440 
2 2458 1243 
2 881 1577 
2 1775 460 
2 1642 62 
2 1110 1986 
4 1577 2729 2397 2261 
2 2860 2133 
3 2551 476 1806 
2 2999 1011 
2 1046 190 
2 1528 173 
2 2893 2297 
3 2037 1553 1415 
2 2171 2928 
2 2062 896 
2 1851 2289 
2 1349 2012 
2 358 2474 
2 1435 2792 
4 2526 811 1758 2579 
2 55 2240 
2 1175 656 
2 1659 341 
2 1325 124 
2 46 289 
2 2437 1372 
2 2053 863 
2 903 484 
2 1702 594 
2 1266 1352 
3 1919 1708 2831 
2 934 2508 
3 364 1505 1907 
2 1685 1312 
2 1652 1591 
3 1788 582 2984 
3 2554 794 1181 
3 2917 2916 215 
2 1789 2488 
3 2541 2772 261 
2 2750 2465 
2 1814 1969 
2 2016 28 
2 482 467 
2 854 433 
2 2447 899 
2 2432 2178 
2 355 1026 
2 369 1068 
3 1200 1726 2259 
2 1203 2938 
2 2647 24 
2 2357 1470 
3 2746 2004 2018 
2 2380 2660 
2 1287 2328 
3 1679 2219 2961 
2 1640 1756 
3 117 7 1188 
4 2306 1990 2687 2628 
2 2687 157 
2 609 2361 
3 826 495 2634 
3 569 1197 571 
3 1611 1398 494 
2 1399 2436 
2 1607 2515 
2 2850 708 
2 891 2493 
2 1446 584 
2 444 988 
2 1630 133 
3 2082 1063 325 
2 2469 756 
3 301 1027 1857 
2 2974 1965 
2 2132 1991 
2 2641 1571 
4 1920 619 1650 2159 
2 2391 2160 
3 481 110 1042 
2 230 186 
2 2276 1222 
2 227 2235 
2 1315 1774 
2 763 2829 
3 2595 1514 2102 
2 2631 1073 
2 1721 2200 
3 1786 1356 985 
2 1509 127 
2 1980 411 
3 1132 1806 1817 
2 2688 1619 
2 2662 2161 
2 2234 2572 
3 2003 625 2174 
2 216 1240 
2 2221 1115 
2 2306 1768 
2 343 1765 
2 323 2828 
2 2166 2122 
2 493 1522 
2 162 2687 
2 1403 1049 
2 84 1998 
2 168 2535 
2 1705 447 
2 902 972 
2 828 2705 
3 1628 2 1260 
2 1661 2131 
2 497 62 
2 1724 517 
2 865 2618 
3 163 220 1433 
3 1951 648 2837 
3 2960 1185 2941 
2 928 2541 
2 27 2788 
2 1389 2715 
3 448 1496 746 
2 94 2752 
2 2072 2631 
2 278 2785 
2 610 2774 
2 1127 1018 
2 2653 457 
2 75 736 
2 276 280 
2 2419 2714 
2 2627 2534 
3 296 684 1792 
2 943 2799 
2 314 1174 
4 2581 1921 629 2343 
2 2465 1196 
3 558 489 1746 
2 2527 1563 
3 2825 2135 176 
2 1348 608 
2 2971 1930 
2 599 2321 
2 2455 1105 
2 2564 1533 
3 2473 2769 1301 
2 304 401 
2 2972 1493 
2 789 1934 
2 761 1400 
3 2313 953 1942 
2 661 358 
3 64 1122 1902 
3 1018 844 2910 
2 2832 1402 
3 502 1769 297 
3 1251 1888 1569 
2 2436 108 
2 425 120 
2 2394 2867 
2 1699 2907 
2 2944 2786 
2 2029 1214 
2 2252 111 
2 1080 2983 
2 1269 2694 
2 1626 1838 
2 306 2794 
2 14 2517 
2 2823 2253 
2 1674 2843 
2 144 2042 
2 1885 1193 
2 1184 648 
3 1706 1164 2746 
2 2997 802 
2 527 2629 
2 1560 1609 
2 1879 1414 
2 869 2877 
3 2628 1131 2754 
2 85 1815 
2 537 1836 
2 2861 862 
2 1081 2783 
2 13 1520 
2 1035 2170 
2 3003 1137 
3 351 1500 1541 
2 1741 250 
2 1916 763 
2 1130 873 
2 1792 1699 
2 2670 2951 
2 1928 1521 
2 1416 1341 
3 2984 1901 944 
2 988 2632 
2 2601 1328 
3 2319 2827 2438 
3 1970 2447 1331 
2 1060 2605 
2 2019 703 
4 1579 241 1935 1748 
2 312 2504 
2 2127 2847 
2 2032 2360 
2 1036 666 
2 1096 2494 
3 2114 275 2366 
3 1693 41 990 
2 825 101 
2 2941 1989 
3 2731 1448 2971 
2 722 2059 
3 1736 2828 120 
2 1017 580 
2 2454 1871 
2 2259 1458 
2 2519 2036 
3 1781 1153 2692 
2 2393 2619 
2 1462 87 
2 990 2522 
2 2675 746 
2 2047 85 
2 571 1891 
2 707 595 
2 1673 1299 
3 1443 2053 490 
2 2014 2069 
3 2301 933 1356 
2 456 294 
2 2060 1219 
2 1141 1016 
2 1767 1642 
2 555 208 
2 2119 1854 
3 2794 2152 2976 
3 1049 1843 2199 
2 981 2030 
2 1541 2224 
2 2198 2873 
2 2932 690 
2 1728 2675 
2 194 1795 
2 2820 2458 
3 1721 1983 419 
2 620 1723 
2 1157 2966 
2 697 2320 
2 979 366 
2 1148 1095 
2 1166 1181 
3 1549 1778 2473 
2 1995 1399 
3 1430 43 1355 
2 2758 379 
2 1042 1999 
2 960 2613 
2 971 1071 
2 1345 902 
2 386 2063 
2 372 548 
2 798 1045 
2 2496 2914 
2 2934 1345 
2 534 2576 
2 1572 767 
2 1899 745 
3 214 1913 1572 
2 2842 134 
2 1397 609 
2 2070 129 
2 2195 753 
3 134 1445 2548 
2 1656 1359 
2 1450 1052 
2 379 1381 
3 2223 404 604 
2 969 772 
2 2144 630 
3 1796 581 2949 
2 2384 1455 
3 28 2831 948 
4 2945 552 2220 692 
2 1594 2880 
2 2231 1693 
2 2142 1323 
2 237 2855 
2 2908 1866 
3 1163 329 137 
3 2835 160 1419 
2 872 464 
3 1922 2409 1281 
2 1195 1482 
2 810 78 
2 745 718 
2 924 1573 
2 947 151 
3 1735 2078 693 
3 2128 172 1919 
2 473 2332 
2 660 2226 
2 1800 2336 
2 2344 808 
2 1943 374 
3 977 209 329 
2 2457 1531 
2 1548 139 
2 1873 2622 
2 2379 330 
2 2358 1553 
3 2698 773 2157 
2 848 2180 
2 2547 827 
3 1955 1492 734 
2 351 2766 
2 1649 105 
3 2711 2833 374 
2 76 2359 
2 1595 357 
3 2468 1390 2263 
2 767 2922 
2 312 296 
2 316 936 
2 1438 1062 
2 657 1725 
2 2867 507 
2 1149 2077 
2 1982 1630 
2 1754 2280 
2 564 1916 
2 2798 2007 
2 1289 878 
2 2590 1392 
2 26 1410 
2 2122 1735 
3 2448 1147 104 
3 2291 2653 782 
2 2182 351 
2 2066 2421 
2 2800 2469 
2 2155 867 
2 1038 1469 
2 1999 405 
3 345 193 322 
2 2985 1992 
2 1070 1167 
2 496 1189 
2 883 51 
2 1517 2113 
2 326 445 
2 156 21 
2 519 2271 
2 2023 1718 
3 2697 2243 2516 
2 392 502 
2 813 2882 
3 2120 1058 36 
2 2530 1158 
3 256 2055 602 
2 2616 621 
2 2178 2401 
2 2799 52 
2 2109 1581 
2 2359 2853 
2 1564 268 
2 1604 2450 
3 324 311 2740 
2 782 487 
4 2475 2279 1403 659 
2 799 1184 
2 1691 2652 
3 262 283 2870 
2 2287 1135 
2 417 561 
2 1660 820 
2 1423 1656 
2 1474 422 
2 850 655 
4 1845 482 267 1784 
2 1255 2608 
2 2488 737 
2 1103 2495 
2 2996 1532 
2 1204 1310 
2 1977 362 
2 636 2835 
3 515 2038 2957 
2 1818 1873 
2 2894 2581 
2 2580 2373 
2 1875 1579 
2 755 2061 
3 700 938 885 
2 151 2183 
2 1421 2032 
2 2931 2576 
2 2546 284 
2 350 2577 
4 1957 436 2248 1431 
3 987 652 748 
2 1638 2881 
2 1491 2057 
2 2009 1217 
2 95 1072 
3 461 2564 2441 
3 2263 585 2029 
2 1398 2915 
2 1376 2445 
2 786 1357 
2 2806 381 
2 1853 2279 
3 1217 252 532 
2 1276 1819 
3 1557 2870 817 
2 384 2940 
2 2154 2958 
2 600 1675 
3 1185 2066 163 
2 1227 2735 
2 2013 1283 
2 1286 2478 
2 2806 458 
2 1259 1903 
2 2856 1727 
2 2167 1003 
3 48 2446 2638 
2 1776 2206 
2 2565 2575 
2 795 406 
2 2626 1288 
2 2874 1595 
2 1236 2663 
3 2686 2997 1231 
2 443 1638 
2 2948 2111 
2 2073 441 
2 1655 74 
3 357 2378 1744 
2 2588 1080 
2 112 2093 
2 544 126 
2 1089 832 
2 2462 839 
2 879 461 
3 1968 2763 2932 
2 901 2124 
2 1502 880 
2 1275 510 
2 491 237 
2 132 1645 
3 1830 429 2655 
2 1727 1615 
3 6 493 1148 
2 451 412 
2 2747 1952 
2 1605 1582 
2 298 1250 
2 890 1404 
2 1135 2442 
2 47 1612 
2 1325 1840 
2 2720 1545 
2 2399 2227 
2 1056 1732 
2 1314 2120 
3 920 307 931 
2 1395 904 
2 2584 1661 
2 11 2317 
2 2961 2654 
2 1576 1371 
3 2380 2975 1267 
3 1040 2566 1030 
4 2124 2899 84 841 
3 1585 47 386 
2 1050 1953 
2 31 2210 
2 1518 547 
2 2623 640 
2 375 540 
2 509 2182 
4 2666 2075 499 142 
3 2131 234 2586 
2 1964 456 
2 557 2118 
2 460 107 
2 68 1711 
3 1426 1548 66 
2 1309 354 
2 2574 117 
2 1952 2953 
2 489 2510 
3 1823 2487 1642 
2 2190 685 
2 362 160 
2 1052 2415 
2 607 2919 
3 1689 1526 1504 
3 985 2324 2116 
2 333 1884 
2 2151 1226 
3 1102 629 488 
2 455 1259 
2 1461 1355 
2 2907 1939 
2 1816 955 
3 970 1700 1864 
3 1391 2038 394 
2 1583 932 
2 118 1089 
2 2316 1513 
2 1208 359 
2 2330 2269 
2 1122 2670 
2 1613 2326 
2 1555 2479 
2 835 1241 
2 2764 1081 
2 996 2411 
2 1487 181 
3 2570 1981 1970 
2 1847 883 
2 2949 2299 
2 2414 3002 
3 419 1634 982 
3 2612 1734 646 
4 944 2562 272 1305 
2 1082 2205 
2 1869 2842 
2 2304 187 
2 2679 2706 
2 946 2623 
2 487 664 
3 2994 1680 1574 
2 2266 1257 
2 2723 2203 
2 911 448 
2 929 779 
2 2209 1050 
2 485 1779 
2 268 1064 
3 1730 724 2911 
2 2756 1764 
4 972 812 886 597 
2 290 1869 
2 889 1507 
2 2665 2727 
3 1189 2165 241 
2 1301 611 
2 2404 492 
2 1231 142 
2 2227 850 
2 576 2388 
2 381 1218 
3 2090 2959 3006 
2 2981 778 
2 971 337 
2 1985 924 
2 1569 2350 
2 2811 2952 
2 2625 2854 
3 2659 67 1317 
2 2660 1829 
2 67 231 
2 1857 2234 
2 2504 671 
2 1806 2839 
2 797 1446 
2 1140 560 
2 1005 800 
3 1894 2667 1412 
2 2813 1170 
2 221 1190 
3 2327 1331 287 
2 2392 39 
2 2593 869 
2 73 2141 
3 1996 1407 413 
2 829 2846 
2 1228 2540 
3 900 1409 658 
2 1793 1106 
2 994 877 
2 2219 2143 
2 1925 2803 
3 2249 2994 2344 
2 32 2804 
2 232 2431 
2 1157 925 
3 2561 551 1651 
2 815 2748 
2 1521 147 
2 2797 424 
2 2212 912 
4 366 2433 1097 1465 
4 1676 2505 1833 1139 
3 1256 284 1383 
3 1560 2598 1038 
2 1534 2329 
2 2116 504 
2 145 1099 
3 277 65 1514 
2 1357 130 
2 556 1070 
2 2767 1005 
2 2567 2526 
2 2277 1067 
4 2249 2190 1536 1549 
2 2103 2738 
3 2652 1934 1894 
2 1472 1487 
2 82 1179 
2 1151 253 
2 367 1925 
3 1161 1325 2282 
2 2680 998 
2 2786 1694 
3 1055 1204 100 
2 2832 1523 
2 1380 1882 
2 856 791 
4 140 1546 670 509 
3 286 1479 2663 
2 2321 1262 
2 654 968 
2 2899 689 
2 1804 2642 
2 874 2001 
2 2717 393 
3 711 1892 641 
2 989 1926 
2 1146 999 
3 1250 486 2434 
2 637 843 
2 880 1465 
2 1420 2744 
2 2251 1481 
2 1475 1824 
4 1388 533 1721 2134 
2 1406 1106 
2 178 121 
3 2622 976 2354 
2 1686 1009 
2 1031 729 
2 407 1294 
3 2377 674 1118 
2 1006 632 
2 385 2662 
3 25 715 1535 
2 1246 332 
2 588 689 
2 376 1920 
2 2788 308 
2 2303 156 
2 1121 2348 
2 3005 1295 
2 540 2824 
2 2990 2911 
2 212 1700 
2 2084 1874 
3 2946 2844 2827 
2 2917 1473 
2 629 2052 
2 573 2287 
3 1546 1061 942 
2 1087 2356 
2 1950 653 
2 2597 812 
2 1318 1453 
2 1811 1588 
2 2503 2625 
2 1513 1831 
2 1272 1014 
3 1342 1828 1944 
3 1444 2759 2798 
2 2751 2761 
2 2442 137 
2 501 2768 
2 1897 1670 
2 2629 836 
2 1571 1607 
3 633 658 1998 
2 248 2237 
2 913 853 
3 1285 290 2990 
2 305 1623 
2 1435 1921 
2 809 1488 
2 1850 1367 
2 2405 255 
2 2125 2466 
2 1927 1731 
2 1329 400 
2 731 838 
3 1989 2058 2207 
2 207 1872 
2 2481 1459 
2 2275 2802 
3 1535 1228 2130 
3 1330 980 232 
2 71 2796 
2 1790 1284 
2 2796 2078 
2 1 637 
2 2575 762 
2 2928 2814 
2 1126 801 
3 1507 2095 656 
2 1871 1626 
2 2473 2117 
2 302 1963 
2 2855 1376 
2 1969 1023 
2 2093 2560 
3 938 219 1157 
2 1752 1128 
2 549 2567 
2 1866 1518 
3 1648 1175 1334 
2 1365 954 
2 1459 2745 
2 651 1236 
3 1492 1093 1116 
2 1762 701 
2 1707 1180 
2 2534 892 
3 2739 321 2658 
3 968 1131 1358 
2 133 1624 
3 930 388 2393 
2 2006 1479 
2 2919 2250 
2 1738 2024 
2 1069 851 
2 1173 1364 
2 2351 798 
2 1669 2398 
2 274 302 
4 229 126 1606 2965 
2 978 1146 
3 1367 407 1644 
2 1153 2031 
2 2126 1633 
2 1460 2975 
4 1369 1537 1180 2599 
2 279 907 
2 2429 2679 
2 1984 399 
2 77 2569 
2 2440 2448 
2 1454 1207 
2 1813 1425 
4 1598 1176 2114 2366 
2 2950 154 
2 712 1975 
2 195 89 
3 2113 2600 2096 
2 1359 2710 
2 1536 792 
3 273 328 2373 
2 1787 2776 
2 2070 1010 
3 1307 3000 1251 
3 1953 1540 1843 
2 285 1805 
2 2768 318 
2 1720 2179 
2 2760 2980 
2 853 1692 
2 1639 2962 
4 1156 563 2080 2964 
2 545 2603 
2 2851 2875 
3 2492 2102 2513 
2 344 375 
2 1023 2538 
2 1975 2402 
2 2393 2467 
2 2841 416 
3 2930 2884 2652 
2 1495 1547 
2 1497 153 
2 1650 2112 
2 628 2060 
2 766 2390 
2 2117 1769 
2 40 2158 
2 2611 436 
2 2378 1938 
2 2704 575 
2 743 269 
2 2088 377 
2 577 1276 
3 2427 714 2666 
2 180 2375 
2 2031 815 
2 1150 1914 
2 2365 906 
2 1210 2822 
2 1737 2008 
2 310 1679 
2 1778 695 
2 2866 301 
2 2852 23 
2 675 551 
3 2441 363 1649 
2 1168 1796 
2 803 598 
2 2269 2115 
2 421 960 
2 2824 2578 
2 2614 994 
3 1841 382 2248 
2 1874 2985 
2 1160 1397 
2 2173 1736 
2 2115 2563 
3 2059 1130 216 
2 2383 66 
2 320 1385 
2 2422 114 
2 2528 586 
2 2248 2121 
2 1552 1057 
2 449 1643 
2 2804 1361 
3 1158 1305 876 
2 2535 524 
2 687 2520 
2 2709 2648 
2 701 2775 
3 450 2795 1408 
2 2864 2126 
2 481 2394 
2 2871 1744 
2 641 1246 
2 2050 158 
2 2610 1330 
2 1188 2573 
2 1449 1676 
2 1567 319 
2 2544 2553 
2 559 385 
2 741 2618 
2 1078 2871 
2 691 776 
2 1258 48 
2 1358 1040 
2 1074 628 
2 2197 1213 
2 1797 1570 
2 1182 2023 
2 1718 2498 
2 2265 1290 
3 188 1159 2532 
4 30 2472 2014 2665 
2 1559 1695 
4 1500 1292 119 1336 
2 2607 1660 
2 348 1526 
2 1895 1478 
2 583 184 
2 2742 1408 
3 2110 2449 1592 
2 2510 298 
2 196 2420 
2 1663 635 
2 1273 1558 
3 834 2849 2272 
3 590 1594 2341 
4 339 2738 2832 1985 
2 2318 451 
2 454 642 
2 1398 5 
2 1260 1287 
2 529 355 
2 2529 948 
2 400 943 
3 2035 551 2930 
2 1270 2028 
2 1138 1538 
3 1059 929 553 
3 2430 2239 465 
2 2521 72 
2 733 2092 
2 2278 1804 
2 2655 898 
3 1764 1239 2601 
2 18 1658 
2 2177 2595 
3 894 2761 2955 
2 49 2281 
3 1508 588 2899 
2 2352 453 
2 266 113 
2 1621 31 
2 474 2241 
2 931 1489 
2 805 1349 
3 753 1092 2946 
3 2185 2901 2400 
2 1504 2711 
2 1451 983 
2 1870 544 
3 601 1377 1667 
3 1003 691 1460 
3 1605 1497 1302 
2 2673 2555 
3 1313 2330 2172 
3 2074 2530 1606 
2 1122 1372 
2 2098 1314 
2 1749 473 
2 1773 2635 
2 2803 2068 
2 1821 1499 
2 565 303 
2 596 1000 
2 2284 1084 
2 1346 2974 
2 2296 123 
3 889 1765 545 
2 2339 737 
3 2865 473 905 
2 516 1757 
2 1884 236 
2 2207 35 
3 1848 1760 1092 
2 330 2661 
2 1805 2594 
3 400 722 1142 
3 1627 2640 1967 
3 2142 1861 1793 
4 1991 1530 2124 2818 
3 672 1069 1292 
2 885 138 
3 201 1569 534 
3 1527 1220 1789 
2 2075 539 
2 2305 304 
3 884 289 2362 
2 1753 2265 
2 1429 2889 
2 2682 1211 
2 1803 2370 
3 2988 1856 155 
2 727 2080 
2 513 2790 
2 1505 1848 
2 2608 1096 
2 1333 1662 
2 2111 2243 
2 817 264 
2 2813 2850 
3 1766 2815 2018 
3 2482 2979 1743 
3 1342 2916 2381 
3 2226 2066 1103 
2 2701 1797 
3 2906 1794 1263 
2 632 735 
4 3006 1477 285 2882 
3 1831 2606 514 
3 1483 564 265 
2 113 551 
2 2288 1466 
2 2168 2048 
2 1828 1530 
3 649 1940 2830 
3 2237 2897 312 
2 1350 747 
2 2542 256 
3 707 2900 1685 
2 2723 245 
2 532 2022 
2 910 1289 
2 1331 2726 
4 93 1668 2813 506 
2 2655 2857 
2 2619 407 
2 74 202 
2 2397 638 
2 215 228 
3 2080 1340 2725 
2 1363 2255 
3 2104 1689 1252 
2 819 590 
2 1819 1771 
3 1586 526 2979 
2 2706 1288 
2 623 1054 
3 639 2177 2763 
2 925 1798 
2 2656 2372 
3 1382 2036 1743 
3 432 2777 913 
2 1905 1653 
2 612 577 
2 2001 654 
2 1136 1748 
2 2479 1994 
2 650 2714 
3 769 1980 2608 
2 12 1882 
2 1836 1210 
2 1 1712 
2 680 2664 
2 1393 1091 
2 239 1177 
2 2924 221 
3 2024 131 158 
3 1506 1074 1801 
2 1202 1845 
2 1378 2244 
2 2771 1457 
2 720 783 
2 2905 1608 
2 2483 2992 
2 51 2627 
3 1694 1189 78 
2 2325 2905 
2 1320 1707 
3 480 2169 2374 
2 1903 651 
4 1688 1681 1255 2494 
2 1529 1971 
2 1834 1867 
2 2880 191 
2 1714 212 
3 2192 1928 1091 
3 605 349 2710 
2 1562 2333 
2 855 480 
3 1602 1162 2920 
3 84 2762 263 
2 1783 2470 
2 2986 2637 
2 269 2483 
3 1744 2328 13 
2 1073 1169 
2 1142 2542 
3 1179 109 244 
3 2188 546 483 
3 2011 2073 2771 
2 282 503 
2 2822 1754 
2 998 2345 
3 2586 2684 625 
2 1086 471 
2 831 1686 
2 364 2484 
3 1677 1558 889 
2 1592 206 
2 1963 672 
2 331 2475 
3 1244 1086 76 
2 548 2758 
3 2975 2531 2671 
2 1878 1544 
2 614 2667 
2 52 1948 
3 942 2483 741 
2 611 353 
2 265 1629 
2 411 2409 
2 91 1047 
2 1019 856 
2 2056 2301 
4 1900 2956 2643 2742 
3 2998 1657 1775 
2 1667 852 
2 2079 1463 
2 446 169 
2 525 189 
2 1808 535 
2 1635 2819 
3 926 1677 1175 
2 2129 2150 
2 1063 1056 
2 1881 673 
3 1159 2323 1537 
2 517 449 
2 2141 2314 
3 1015 1037 1556 
3 935 2377 907 
2 1296 730 
2 2514 1589 
2 257 2125 
2 957 213 
2 602 1321 
2 1768 1107 
2 608 1114 
2 2812 1733 
2 1131 2079 
2 1224 509 
2 965 389 
2 1432 2364 
2 148 1776 
3 647 589 1571 
2 1098 2611 
2 1990 2338 
2 1131 2566 
2 1954 8 
2 1323 2047 
2 1971 2316 
2 2602 2011 
2 1099 2490 
2 102 2054 
3 2661 730 1339 
3 1268 1506 1712 
3 1324 653 1247 
3 1959 1155 2556 
3 1503 2782 2921 
2 2560 662 
3 157 521 918 
2 2858 2421 
2 2518 2956 
3 2648 2833 1504 
2 2895 714 
3 1206 2401 131 
2 723 2040 
2 2591 1140 
2 825 196 
4 185 1101 1109 735 
2 1490 96 
2 1447 2214 
3 2134 2009 2153 
2 380 466 
2 2453 1007 
2 192 1151 
2 1580 888 
3 1339 603 2389 
2 1129 576 
2 1389 239 
3 938 1667 1048 
3 1525 1687 2815 
2 1829 1742 
2 2875 2558 
2 747 639 
3 2255 1788 343 
4 1575 460 257 2317 
2 2091 334 
2 1480 804 
2 1137 620 
3 1701 1224 1719 
3 225 1161 749 
2 2431 2371 
3 2007 2657 1119 
2 2523 778 
3 722 254 596 
2 365 834 
3 2491 1088 862 
2 2177 822 
3 2634 622 1153 
3 2332 1382 1041 
2 2092 296 
3 179 1893 2995 
2 1758 2414 
2 2728 258 
2 353 1973 
2 1294 814 
3 1047 1605 2913 
3 2324 579 2622 
3 1843 2025 2086 
2 2498 1537 
2 2470 742 
2 139 1413 
3 1084 25 726 
2 760 2313 
2 1016 1979 
2 2039 2449 
2 619 1049 
2 732 752 
3 258 40 1614 
2 1233 859 
2 2752 2480 
2 377 178 
2 122 425 
2 1765 1229 
2 2635 2787 
3 62 2156 846 
3 1027 354 555 
2 580 2858 
2 2911 2438 
2 2486 1863 
2 177 2455 
2 1697 1202 
2 2555 300 
2 141 1278 
2 67 1200 
2 2216 1626 
2 1662 2701 
2 1197 53 
2 2506 2817 
2 1194 1020 
2 2878 54 
2 625 391 
4 1440 2410 2481 1526 
2 1846 1127 
2 758 1847 
2 2189 519 
2 2285 1627 
2 1012 806 
2 951 2847 
2 1506 1885 
3 857 2785 1681 
2 167 1613 
2 2502 2538 
2 1351 1982 
2 410 419 
2 561 2800 
2 238 2616 
2 945 2565 
2 2955 2127 
2 86 2154 
2 2737 0 
2 1152 1102 
2 1633 2977 
2 508 2954 
2 1553 426 
2 706 587 
2 1186 2233 
2 2715 2044 
3 440 558 2083 
2 2654 2157 
2 2406 1182 
3 2539 2644 2527 
3 1811 1494 2113 
2 729 439 
2 2902 1316 
2 1410 1549 
2 895 1596 
2 101 1978 
2 524 2400 
2 2018 2791 
2 4 1909 
3 1715 1671 1063 
2 1625 3004 
2 843 657 
2 1118 2927 
2 2289 2574 
2 1391 1813 
2 464 640 
3 770 161 1666 
2 993 1610 
2 2721 2334 
2 2206 1786 
3 2264 387 1032 
2 2191 604 
2 542 1964 
3 2681 2937 854 
2 510 430 
3 1938 115 882 
3 2108 1678 2243 
3 631 1703 2671 
2 967 2349 
2 2719 2564 
3 1958 2340 1883 
2 1302 33 
2 479 2756 
2 2215 1117 
3 2402 2714 170 
2 1307 887 
2 1692 1924 
2 1978 680 
2 2294 875 
2 1970 1566 
2 1568 455 
2 800 420 
2 2568 2528 
2 1196 1393 
2 1862 2087 
2 1682 1918 
3 2837 299 2319 
2 1801 2129 
2 427 2600 
2 709 2435 
2 2844 692 
2 1471 428 
2 882 59 
3 437 997 1406 
2 983 339 
2 861 2821 
2 2043 2002 
2 942 865 
2 1824 1753 
2 652 1168 
2 663 2303 
2 2943 1093 
2 1452 2525 
2 2678 2082 
2 233 1767 
2 2816 2251 
2 150 556 
2 914 1266 
2 2517 2582 
2 2900 2626 
3 1486 534 834 
3 2716 2866 2268 
3 1746 770 1270 
2 2773 2526 
2 2703 496 
2 391 2864 
2 2808 1860 
2 37 1540 
2 2501 916 
2 919 472 
2 1501 88 
2 1237 2934 
3 2620 569 2680 
2 2672 676 
3 1852 1741 2767 
2 1371 1029 
2 1097 2691 
2 1732 1524 
2 293 1111 
2 2946 1118 
4 622 468 2924 27 
2 2375 2720 
2 2965 2407 
3 203 2359 2606 
2 2632 700 
2 845 707 
3 205 984 581 
2 1510 2276 
2 1589 958 
2 726 1560 
2 2186 2636 
3 1827 865 2551 
2 2058 2103 
2 2511 1877 
2 1116 1139 
3 2026 991 1479 
2 200 2524 
3 2481 681 964 
2 2572 1875 
2 1751 3 
2 271 266 
2 2244 927 
2 2843 1900 
2 2676 145 
2 906 20 
3 1531 2713 978 
2 1354 1216 
2 33 2325 
2 2853 1604 
2 1544 1351 
3 511 261 2703 
3 236 2577 93 
2 416 610 
3 735 855 1581 
2 281 765 
2 2367 1534 
2 833 1412 
2 1759 1781 
2 1833 992 
2 742 1575 
2 1860 727 
2 1722 2649 
3 696 748 1836 
2 2733 1957 
3 1672 1774 752 
2 2685 1906 
2 478 1320 
3 29 918 2728 
2 1785 2456 
2 1596 2246 
2 2740 2789 
2 719 415 
2 912 2993 
2 1470 1021 
2 1634 2593 
2 2228 627 
2 283 1491 
3 2245 1002 1162 
3 604 2278 2723 
2 2089 1690 
2 827 1705 
2 1515 2698 
2 2147 2379 
2 2550 646 
3 1634 125 1141 
2 327 2978 
3 2845 1249 515 
2 340 2762 
2 1278 1015 
2 2748 1444 
2 2439 474 
2 2713 1442 
2 822 277 
3 68 414 881 
2 260 69 
2 154 2721 
2 1687 1706 
2 159 2688 
3 376 1954 109 
2 465 1428 
2 1839 2305 
3 1288 1844 647 
2 585 1468 
3 870 839 1657 
3 1673 1851 588 
2 341 1238 
2 2674 1631 
3 578 1361 2957 
2 1174 2376 
2 183 1968 
2 16 1576 
2 1935 200 
2 2341 2088 
2 2411 2809 
4 297 2493 1516 2918 
2 2904 643 
3 2618 402 1674 
2 1554 1639 
2 1802 383 
2 1967 2939 
2 759 1475 
2 2727 495 
2 1912 2294 
2 1404 1947 
2 1686 950 
2 2613 261 
2 406 1635 
2 2292 1104 
2 120 2862 
2 2153 2185 
3 2778 22 694 
2 1597 2545 
3 2342 1696 2310 
2 2158 331 
2 2710 2433 
2 3 1205 
2 2913 2315 
2 1396 2291 
2 1990 234 
3 1394 2282 682 
2 280 2110 
2 575 73 
2 1646 1133 
2 218 1959 
2 2881 847 
2 2230 282 
2 1675 910 
2 2052 1297 
2 676 2003 
4 2542 2480 758 1792 
2 288 1814 
2 2156 1880 
2 1022 1955 
2 223 2413 
2 704 728 
2 913 751 
2 2076 511 
2 1615 227 
2 1079 2503 
2 2027 1904 
3 602 642 1509 
2 973 1950 
2 2976 2537 
2 1407 2109 
2 349 1766 
2 56 1378 
2 2161 1286 
2 2868 618 
2 669 1621 
2 1636 384 
2 1425 645 
2 2500 1742 
2 2232 969 
2 868 1835 
3 738 1340 630 
2 1782 1150 
2 644 2382 
2 300 2464 
3 2423 1890 971 
2 2658 2147 
2 2718 2737 
3 2603 1305 2530 
2 618 527 
3 695 2509 2769 
2 905 1751 
2 1827 1132 
2 1381 409 
2 321 730 
2 152 2793 
2 1235 2600 
2 2 788 
2 2074 126 
3 914 1984 789 
3 2687 2085 2330 
2 923 2916 
3 193 2525 865 
2 2333 1315 
2 1911 454 
2 2964 1120 
3 505 1125 909 
2 36 956 
3 1117 1212 1019 
2 553 715 
2 2034 900 
2 1465 94 
2 1810 1332 
3 2421 2846 1787 
2 2814 1923 
2 518 679 
3 609 1722 90 
2 2218 1386 
2 1419 1898 
2 2213 356 
2 725 485 
2 2446 2403 
2 190 1648 
2 199 599 
2 107 1557 
2 626 2743 
2 1322 1748 
3 1609 2130 1143 
3 867 1205 505 
2 2807 945 
2 2826 14 
2 2968 1033 
3 975 2920 941 
2 313 1350 
3 390 2386 2249 
2 149 1710 
2 1360 606 
2 656 706 
2 615 766 
4 1088 1172 2037 752 
2 888 2476 
2 2734 1601 
2 1312 771 
2 193 246 
2 1915 2194 
2 1939 1988 
2 1066 1354 
2 469 2666 
2 629 672 
2 788 2391 
2 495 314 
3 1238 615 259 
2 1784 1552 
2 2953 2523 
2 1550 831 
4 317 2235 1227 16 
2 2160 1422 
2 1956 523 
2 1091 2543 
2 1522 421 
2 875 1059 
2 2753 864 
3 1334 182 605 
2 2553 1996 
2 2587 1039 
2 143 2805 
2 1657 372 
2 2364 2144 
2 1274 2026 
2 2420 848 
2 2299 1275 
3 161 566 944 
2 858 1671 
3 1106 81 688 
3 275 2084 273 
2 303 2399 
2 541 2644 
2 1364 1148 
2 1415 478 
3 2888 5 9 
2 2242 2936 
3 2958 398 208 
4 1756 2536 1138 2549 
3 370 1358 2355 
2 463 2365 
2 2537 516 
2 2691 1911 
2 1619 482 
2 2048 996 
2 2283 2254 
2 677 2013 
2 1094 1333 
3 1936 2510 1888 
2 38 2056 
2 871 1060 
2 2657 1823 
2 877 291 
2 438 326 
2 1239 1374 
2 2326 1436 
2 2918 760 
2 2922 2863 
2 1948 2542 
2 1539 2521 
2 2668 1041 
2 2562 2811 
2 1353 373 
3 1169 463 914 
2 917 746 
2 688 70 
2 1024 2884 
2 182 1525 
2 1252 2898 
2 2460 68 
2 467 2239 
2 1214 522 
2 1181 2845 
2 459 1462 
2 2428 2412 
2 2936 1678 
2 1641 2454 
2 97 1585 
2 1711 2107 
2 1473 903 
2 1837 2908 
2 693 2417 
2 736 2554 
2 2021 1245 
3 1198 716 171 
2 1209 939 
2 2203 115 
2 1071 2866 
2 335 75 
2 1411 2981 
2 2524 2779 
2 750 1225 
3 532 1379 1389 
2 1431 1083 
2 2337 1474 
2 1856 2322 
2 441 408 
2 1422 777 
2 1891 61 
2 1830 1618 
3 240 500 7 
2 832 1895 
2 748 1881 
2 457 2861 
2 2621 1447 
2 1666 1901 
2 1520 726 
3 813 323 2568 
3 82 2865 790 
2 597 2049 
2 2331 38 
2 1004 2681 
4 2687 2337 2046 1982 
2 2342 444 
2 383 281 
3 1408 1564 1077 
2 896 1684 
2 2148 26 
2 866 382 
2 475 116 
2 958 1199 
2 1770 874 
3 1743 2692 2971 
2 2890 2232 
2 1251 1647 
3 1142 912 1078 
2 985 1927 
3 2384 2274 744 
2 686 1698 
3 1570 1812 1244 
2 2408 1369 
3 2838 233 1409 
3 1421 175 2998 
2 424 1451 
3 847 2136 603 
3 2962 1059 1084 
2 1617 1261 
2 808 60 
4 2015 2042 2070 541 
2 1213 1032 
2 1905 1280 
3 2594 1841 2862 
3 1658 2552 3004 
2 980 37 
3 1057 1429 650 
2 1143 1401 
2 2732 1032 
3 2145 505 993 
2 1384 3001 
3 2484 378 1760 
3 776 2777 1271 
2 292 215 
2 624 1027 
2 864 2592 
2 1437 2148 
2 2929 1194 
2 1670 2901 
2 197 165 
4 2779 666 2121 514 
2 2707 1152 
2 2533 32 
2 1262 2514 
2 1910 2693 
2 1385 112 
2 1401 179 
2 1029 732 
2 2184 34 
2 2273 2311 
2 1533 2090 
2 494 1620 
3 1013 1117 2974 
2 2873 2187 
2 2477 1036 
2 2967 1244 
2 2585 2078 
2 2381 1943 
2 360 860 
3 2400 1152 2259 
2 1877 774 
3 646 92 252 
3 1514 2361 1366 
3 2183 253 1827 
2 1865 118 
2 332 2215 
2 2153 53 
2 431 459 
2 2651 249 
2 2312 2852 
2 2071 549 
2 699 2585 
4 471 2645 2463 1322 
2 1100 2230 
3 2225 1919 533 
2 342 305 
2 823 220 
2 2095 807 
2 2780 740 
2 2347 2262 
3 2684 2236 2168 
2 1319 194 
3 1476 1144 2775 
3 1002 963 1664 
3 842 445 1046 
2 1976 2193 
2 142 1307 
2 2054 2408 
4 1007 1524 208 2606 
2 2199 920 
2 2522 2132 
2 1489 1344 
3 2937 1908 723 
2 1293 949 
2 1053 336 
3 2725 2939 2121 
3 1908 61 1580 
2 932 2184 
2 23 1165 
2 2979 1362 
2 1691 935 
3 2362 2216 2778 
2 2630 731 
2 2790 2945 
3 2693 550 895 
3 104 1186 929 
2 1469 962 
2 1299 240 
2 103 1098 
2 793 160 
3 2754 1663 2978 
2 995 2844 
2 2300 2099 
2 2452 921 
2 88 1369 
2 1077 6 
2 1105 434 
2 2350 2460 
3 259 2999 809 
2 547 2368 
2 2982 2963 
2 1362 225 
3 2573 1480 2585 
2 2998 1043 
3 1972 386 1550 
2 2077 1373 
2 1254 93 
2 1511 768 
2 1147 39 
3 2204 945 42 
2 2769 709 
2 2444 2020 
4 1454 137 197 2067 
2 940 589 
2 967 2105 
2 250 2558 
2 814 287 
2 966 858 
2 1000 1808 
2 2712 2014 
2 2254 309 
3 1965 1019 1282 
2 2055 1423 
2 2412 952 
2 893 634 
2 772 937 
4 96 11 574 2463 
2 2793 2539 
2 1798 1082 
2 1973 2385 
2 2268 1510 
3 3001 677 1235 
2 1671 2506 
2 1249 759 
2 1455 45 
2 186 2696 
2 2812 513 
2 96 2645 
2 2926 395 
2 420 995 
3 2118 2579 2550 
2 2033 923 
3 2897 2983 2504 
2 1593 500 
2 645 1293 
2 2372 1931 
2 2424 2505 
3 1723 1336 1490 
2 681 975 
2 570 1144 
3 2970 458 1641 
2 679 970 
3 1992 2389 2459 
2 603 1363 
2 2684 1034 
2 1478 2427 
3 187 1367 1012 
2 1962 1622 
2 171 0 
2 2766 1405 
2 468 2441 
2 1683 820 
2 2637 2704 
3 244 771 1171 
2 2696 1406 
2 1020 386 
2 1918 1206 
2 1207 529 
2 956 935 
2 2102 2041 
2 2087 696 
2 1409 19 
2 2783 1319 
2 2046 418 
2 242 2389 
2 2233 2984 
2 953 1637 
2 78 572 
2 2890 2733 
2 2450 2453 
2 1311 1365 
2 940 2672 
3 2847 1279 2351 
2 1192 2323 
3 2187 2290 514 
3 2322 1724 2686 
2 295 725 
2 1034 1949 
2 2557 2879 
2 552 536 
2 2382 911 
2 222 716 
2 703 2602 
3 395 315 2761 
2 667 821 
2 1343 398 
2 2966 2223 
2 1338 1720 
2 2951 1066 
3 2507 2457 183 
3 1456 2969 2609 
2 1644 1087 
3 627 1011 2418 
2 1265 2719 
2 507 933 
2 1212 177 
2 2801 2016 
2 2307 2633 
2 1590 161 
2 2388 2665 
2 2749 1483 
2 231 1640 
3 2818 2760 637 
2 1164 2347 
3 617 578 2377 
2 1643 868 
2 2099 2874 
2 2022 686 
2 1516 2988 
3 2792 0 274 
2 1347 1076 
2 1647 201 
2 157 2072 
2 430 1031 
2 1464 2108 
3 2345 1004 1682 
2 1370 2471 
2 36 2135 
3 1752 1756 2973 
2 1243 2810 
2 2256 1704 
3 1584 2791 1502 
2 2863 1427 
2 275 2189 
2 804 2609 
3 2306 1542 2263 
2 337 195 
2 2065 2773 
2 1280 1846 
3 1734 306 34 
2 659 82 
2 694 140 
3 2512 2954 299 
2 1512 2647 
2 1271 2549 
2 621 592 
2 638 2064 
2 1668 699 
3 1037 2183 199 
2 2854 2275 
2 146 2352 
2 1825 2071 
2 1956 2860 
2 2829 2293 
2 153 617 
2 208 1416 
2 3000 1590 
3 2418 2604 2972 
2 796 1260 
2 512 1543 
3 2417 1941 976 
2 1940 2887 
3 155 2010 2942 
2 1717 311 
2 681 2559 
2 2248 1967 
2 2694 2848 
2 1428 2889 
2 1068 1600 
2 1867 2883 
2 1466 674 
2 2895 121 
2 462 498 
2 483 771 
2 1403 1110 
2 1457 321 
3 2772 1555 1932 
2 1368 406 
3 2876 1265 2318 
2 1448 1119 
2 2784 2409 
2 2385 2734 
2 2194 1837 
2 718 1061 
2 1257 491 
2 79 1801 
2 2396 2128 
4 2743 939 1945 1424 
2 1414 452 
2 45 720 
3 528 1274 205 
2 1033 1112 
3 2969 1784 2991 
2 1167 1809 
2 2397 2639 
2 762 784 
2 2302 1745 
2 2925 392 
2 1240 1272 
2 1177 2252 
2 1010 95 
3 2239 2939 528 
3 1216 1654 335 
2 252 2176 
3 1497 2100 755 
3 2615 878 565 
2 8 2188 
3 2898 2708 2904 
2 1543 2492 
2 217 702 
3 63 1108 1443 
2 80 941 
2 352 1832 
2 2791 2004 
2 1008 2477 
2 2497 260 
2 1561 585 
3 2840 2741 2326 
3 110 689 2590 
2 263 350 
2 2583 2926 
2 635 1006 
2 1291 2925 
2 1453 100 
3 1993 57 2295 
2 2236 2485 
2 2281 738 
2 338 1155 
2 807 2603 
2 1134 410 
2 1942 2724 
2 1113 1051 
2 20 2499 
2 1588 427 
3 1799 863 235 
2 2914 1680 
2 1886 46 
2 2482 2519 
3 962 57 1242 
2 2724 207 
2 1791 2894 
2 2834 1625 
2 982 1897 
2 859 360 
4 2639 2729 740 1018 
2 2515 1171 
2 1566 1340 
2 2759 1464 
2 887 2892 
2 413 167 
2 245 2300 
2 749 803 
2 402 211 
2 2559 1821 
2 2770 1508 
2 2484 886 
2 224 1002 
2 1537 16 
3 394 515 2986 
2 2879 1178 
2 1128 2869 
2 1849 2309 
2 176 1680 
2 2456 1291 
2 1230 2283 
2 2163 2591 
2 1654 1853 
2 1111 230 
2 974 1586 
2 1651 2098 
2 2638 844 
2 2805 2197 
2 670 1452 
3 234 30 2684 
2 1115 1747 
2 366 1802 
2 1591 1075 
2 409 2964 
4 702 2285 1337 2755 
3 219 2091 825 
2 791 238 
2 399 2277 
2 2869 18 
2 267 2430 
2 1926 2367 
2 2548 1917 
3 965 346 425 
2 1792 2513 
2 922 2963 
2 235 2876 
3 1680 769 278 
2 1931 1730 
2 1902 128 
3 1051 443 2106 
3 2095 917 1496 
3 489 2837 946 
2 2466 1461 
2 334 1785 
3 710 1716 305 
2 1101 1079 
3 954 778 991 
2 2841 2898 
2 1298 76 
2 1231 2589 
2 1572 667 
2 1498 2584 
3 1171 2977 2245 
2 1279 1850 
2 1417 799 
2 2649 1384 
2 1710 562 
2 2059 1149 
2 892 1163 
2 447 721 
2 2308 2548 
3 715 1737 2074 
3 764 2599 2513 
2 2176 2529 
2 2049 919 
2 1772 1896 
3 1984 2923 2533 
2 2258 2903 
3 90 1849 781 
2 1337 616 
2 2314 993 
2 1794 2345 
2 2073 2943 
2 1620 2888 
2 1904 1261 
2 1468 370 
2 1445 871 
2 442 959 
2 790 2426 
3 356 1235 764 
3 760 2942 214 
2 816 824 
2 506 607 
2 717 793 
2 492 1820 
2 2271 242 
2 472 364 
3 1755 830 1700 
2 106 342 
2 2249 2260 
3 453 481 941 
2 1095 698 
2 840 750 
2 1221 210 
2 1966 306 
2 1282 1085 
3 706 2689 1525 
2 116 490 
2 1750 80 
2 10 2165 
3 646 1134 2659 
3 144 1907 2784 
2 2686 1676 
2 2821 2145 
2 2995 2765 
2 2736 2683 
2 2246 2678 
2 584 1090 
3 2586 940 293 
2 591 2644 
3 1565 286 2949 
3 2137 2159 1689 
2 2589 2424 
2 1484 1387 
2 1696 1659 
2 2180 2222 
2 1085 2396 
2 2494 508 
3 243 2982 2970 
3 1134 1434 1726 
2 1222 423 
2 2426 348 
2 1188 1456 
3 318 1232 2604 
2 794 1438 
3 2633 82 2145 
3 83 2922 1554 
2 98 1471 
3 2471 2725 2477 
2 2989 2045 
2 2744 2764 
2 2133 555 
2 2909 106 
2 2552 432 
2 1740 974 
2 1030 2902 
2 191 2512 
2 2671 17 
2 916 2700 
2 2624 823 
2 100 2641 
2 2556 2702 
2 1983 2097 
3 999 1160 897 
2 50 368 
2 774 2730 
2 319 2149 
2 2787 2587 
2 488 345 
3 401 1723 1928 
2 1757 1708 
2 1434 908 
2 2592 1335 
2 1713 1864 
2 1986 1050 
2 1913 1208 
3 615 2961 501 
2 2993 1256 
2 2476 1037 
2 1745 2362 
2 1542 1962 
2 2784 279 
2 2921 2772 
2 2051 857 
2 2348 247 
2 244 1749 
2 92 2801 
2 2343 2707 
2 2463 2716 
2 543 1628 
2 2887 1789 
2 535 2212 
2 434 1254 
2 702 934 
3 2917 2231 2451 
2 2371 546 
2 484 2257 
2 2605 2312 
2 2205 601 
2 2309 1517 
2 1133 2507 
3 1725 2878 1268 
2 1761 1198 
2 2513 2547 
2 2390 1515 
2 60 591 
3 290 2335 2656 
2 2578 102 
2 2149 2717 
2 1876 284 
2 246 3003 
2 3002 1734 
2 308 965 
2 470 559 
2 2509 1380 
2 2403 2834 
2 1733 1450 
2 2208 292 
3 2338 1665 1477 
2 1229 1855 
2 572 99 
3 87 2502 1553 
2 1740 2005 
2 690 977 
2 2369 2757 
3 1612 1981 890 
2 24 2967 
2 904 2893 
2 2941 1578 
4 1261 959 2797 361 
2 1021 1346 
2 2086 1382 
2 1374 2140 
2 2622 2909 
4 820 406 830 1945 
4 1532 2123 593 615 
2 739 2258 
2 1300 644 
2 1979 168 
2 174 2298 
2 1587 1800 
2 992 1147 
2 2775 1910 
2 2210 2851 
2 2250 2101 
3 53 1719 223 
2 2123 2496 
2 9 2820 
2 1739 2965 
4 1915 327 413 2395 
2 2785 1255 
2 949 861 
2 2516 542 
2 2735 2286 
2 1306 1810 
2 520 816 
2 2368 2468 
2 359 2119 
2 876 2486 
2 2689 1709 
2 1669 2630 
2 1929 705 
2 1332 86 
2 2061 614 
2 1383 893 
3 418 2431 376 
2 336 2956 
2 899 2006 
2 622 1444 
2 2044 1587 
2 2328 926 
2 2058 1209 
2 2267 2464 
2 671 380 
2 2757 973 
2 19 1248 
2 2439 1864 
3 2361 1442 344 
2 2726 1432 
2 1933 2722 
2 1427 1273 
3 2004 2765 2621 
2 2870 928 
2 15 2968 
2 2253 2815 
2 530 1568 
2 2030 1772 
2 1075 236 
2 2970 1976 
2 1295 661 
2 2992 537 
2 1405 947 
4 1915 103 2890 63 
2 2845 1887 
2 2335 2094 
2 2041 2213 
2 1437 2473 
3 1709 2781 2896 
2 2211 1729 
2 1176 155 
3 1090 2821 2104 
2 1441 2597 
2 1112 518 
3 476 1148 2749 
2 1958 879 
2 1281 204 
2 255 2751 
2 147 631 
2 1637 1865 
2 1863 1088 
3 506 1170 2695 
2 1352 1028 
3 522 1997 1597 
2 2467 581 
3 59 2284 1046 
2 606 2856 
3 1498 520 916 
2 2699 1652 
2 307 1162 
2 1039 1501 
2 1253 2646 
2 2220 2308 
2 309 2489 
2 1654 1636 
2 1108 2232 
2 2830 930 
2 1265 2363 
3 2387 877 1417 
3 2705 1437 1655 
3 2489 140 2201 
2 593 310 
3 2105 1054 1905 
3 2540 2816 2781 
2 1893 1739 
2 662 2198 
2 1263 2780 
2 566 1777 
2 1862 743 
2 1930 901 
2 2713 2491 
2 649 2682 
2 1581 2617 
2 673 2753 
2 2425 56 
2 2810 317 
3 325 371 1328 
2 211 2518 
3 65 2291 1722 
3 948 2193 1761 
2 2340 2959 
2 1104 1565 
2 1582 805 
4 760 214 2868 2723 
2 2064 1360 
2 1779 2270 
2 2774 2238 
2 952 2429 
2 1154 2209 
2 1001 1825 
3 397 767 2 
2 1030 2826 
2 802 1326 
2 1413 2712 
3 1092 1894 653 
2 445 796 
2 1387 316 
3 2935 479 58 
3 964 1717 2833 
2 1481 1870 
2 2809 826 
3 2910 1669 288 
2 1809 1961 
2 2825 1532 
2 2571 2341 
2 560 1889 
3 1854 1139 1832 
2 792 2218 
2 1547 83 
2 2892 582 
3 737 785 226 
2 841 164 
2 2263 2422 
2 2150 1966 
3 9 1974 989 
2 744 2673 
2 1573 470 
3 908 1241 1719 
3 368 2638 1127 
2 784 1269 
2 1519 2229 
2 2438 557 
2 2903 697 
2 2576 1233 
2 1327 2457 
3 1747 1672 2600 
3 1072 1960 299 
2 1205 2668 
2 526 1418 
2 1616 1803 
2 1458 2536 
2 1165 531 
3 503 2558 2449 
2 2906 2885 
2 1623 1940 
3 2435 1882 1937 
2 2991 135 
2 873 1567 
3 346 1123 1511 
2 2395 828 
2 2839 1483 
2 2146 1826 
2 2451 2357 
2 2112 2155 
2 1835 801 
2 2563 1616 
2 2370 754 
2 2063 890 
3 2279 595 1154 
2 2681 50 
2 1439 602 
3 640 2620 2906 
2 1284 2418 
2 69 162 
2 2499 29 
3 204 1191 2404 
3 2464 1395 2290 
2 2596 757 
3 1840 412 813 
2 466 684 
2 2912 2729 
2 2877 1791 
2 415 2615 
2 433 1519 
2 205 49 
2 757 343 
3 2415 1178 871 
2 373 1859 
3 2208 2425 2557 
2 2532 1773 
2 1859 1136 
2 1618 222 
2 1193 148 
2 1373 2043 
3 2407 313 1879 
2 251 4 
2 1832 2596 
2 1777 1611 
2 2885 2912 
2 2643 450 
3 1806 2202 1732 
4 2286 2538 1482 2439 
2 44 141 
2 698 2076 
2 785 2327 
2 2270 327 
2 347 77 
2 1043 1173 
2 1906 2162 
3 863 2676 2959 
4 2310 259 150 717 
2 21 2571 
2 1062 376 
2 1538 2192 
3 1994 2162 1714 
2 428 2650 
2 523 1008 
2 1183 1454 
3 1205 1342 704 
3 2859 963 2017 
3 1045 1025 1069 
3 1058 2035 1691 
2 2005 2989 
2 2272 1192 
3 2759 2697 500 
2 42 388 
2 2336 2343 
2 1114 3006 
2 2353 1159 
2 1988 781 
3 72 3005 1419 
3 1032 213 2151 
2 389 2960 
2 2260 270 
2 2802 1995 
2 860 1172 
2 2012 2437 
2 2910 1476 
2 2940 1313 
2 2235 1215 
2 1463 678 
3 209 1822 573 
2 1826 603 
2 1812 1201 
2 2214 1879 
3 35 2755 2936 
2 1488 2228 
3 499 872 1590 
2 2980 1338 
2 2170 1922 
4 2067 781 2096 2217 
2 1703 1094 
2 70 2025 
2 361 2266 
2 173 1303 
2 2360 1124 
2 2017 224 
2 836 2580 
2 1601 891 
3 228 1750 1 
2 1551 1156 
2 1341 1632 
2 1297 1500 
3 613 1308 23 
3 1234 143 2732 
2 1277 829 
2 2097 884 
3 1486 365 917 
2 2543 1065 
2 862 2452 
2 2100 1702 
2 136 733 
2 111 835 
2 2413 1580 
2 1467 1583 
3 1215 783 2464 
2 1807 1234 
2 587 2346 
2 123 43 
4 1600 1048 979 1454 
2 1556 2531 
2 2978 849 
2 1436 2996 
2 2690 404 
2 2217 320 
3 2094 280 2065 
3 1924 1580 2836 
2 1820 1388 
2 1336 11 
2 1684 2167 
2 849 1561 
2 1624 40 
2 915 1195 
2 1119 2175 
2 2451 1868 
3 1795 1145 2415 
2 1944 2033 
2 721 1121 
2 2582 597 
2 534 1603 
2 824 2428 
3 1264 149 412 
2 1220 435 
2 1109 480 
2 724 613 
3 2924 1649 1277 
2 756 2761 
3 2848 2889 528 
2 2474 2387 
2 99 1343 
2 846 1782 
2 1248 497 
3 435 2991 712 
3 403 272 2406 
2 405 1356 
2 818 2221 
3 23 2612 1820 
2 2520 397 
2 396 140 
2 1303 2561 
2 2695 2000 
2 2085 475 
3 1731 1782 1716 
3 490 1055 2142 
2 2181 1562 
2 2677 446 
2 2083 2146 
2 1998 340 
2 2045 1129 
2 1695 2186 
2 1379 583 
2 937 1683 
3 897 90 2677 
2 2459 2440 
2 2315 675 
2 605 2823 
2 752 2096 
4 1494 1283 2408 764 
2 895 203 
2 1872 1113 
3 2008 779 1486 
2 2157 1937 
2 206 2211 
3 1328 1748 970 
2 2646 866 
3 387 1010 957 
3 1914 1880 2807 
2 2700 845 
2 1107 795 
2 2579 533 
2 264 1430 
2 2732 819 
2 2445 1985 
3 1219 367 2794 
2 2355 2840 
3 119 851 1421 
2 226 987 
2 2434 1317 
2 2295 1646 
4 315 1170 2247 649 
2 539 486 
2 2776 2173 
2 678 568 
2 1304 437 
2 1026 136 
2 63 185 
2 181 687 
2 2274 1762 
2 128 91 
2 202 1329 
2 1887 2159 
2 66 1161 
2 921 1187 
2 1335 2643 
2 1044 1842 
3 2401 433 2050 
2 1974 2024 
2 2862 939 
2 2174 81 
2 634 2918 
3 2636 2462 1076 
4 2143 1574 2785 1234 
3 2817 1817 1732 
2 2334 2607 
2 1923 55 
2 837 1125 
2 1366 2089 
2 2478 2929 
2 2896 1728 
3 378 787 617 
2 344 132 
2 477 1232 
3 458 894 986 
2 2220 1001 
2 1155 1593 
2 734 1484 
2 2134 569 
2 58 570 
2 936 1116 
2 655 98 
3 439 630 2674 
2 1014 2690 
3 1889 863 554 
3 1545 801 489 
2 1067 578 
2 2410 1602 
2 2683 2933 
2 521 198 
3 1065 1262 2171 
2 1861 1318 
2 2398 915 
2 2663 1411 
2 249 229 
2 2472 1348 
3 2763 2595 2588 
2 2140 1298 
2 754 538 
2 1317 623 
3 1653 1258 2432 
2 2354 951 
2 2139 2669 
4 1055 2053 1740 1834 
2 2933 1370 
3 1865 440 2136 
5 108 63 1498 1654 64 
2 1402 97 
2 2130 2273 
2 2664 2546 
2 1321 1584 
3 1664 225 2731 
2 1704 1764 
2 170 1946 
2 2324 2583 
2 1815 1844 
2 2487 361 
3 2999 1386 318 
2 2938 2331 
2 2172 2610 
2 1199 966 
2 2175 2770 
2 1355 1309 
2 1842 797 
2 114 2342 
2 538 997 
2 2201 1701 
2 1987 2789 
2 2745 837 
3 765 1038 1439 
2 909 324 
2 2376 1799 
3 1350 2353 1396 
3 135 1009 1269 
2 125 1230 
2 2202 1306 
2 2222 636 
2 2857 1485 
2 1883 1264 
2 1326 469 
2 1400 1253 
2 2293 2944 
4 1383 2366 543 981 
2 2010 2019 
3 991 1755 2162 
2 984 2292 
2 554 1426 
3 2923 1372 1166 
4 2947 2443 2024 9 
2 2179 2878 
2 2692 218 
3 2527 1688 2614 
2 1858 1368 
2 1961 1539 
2 426 2267 
2 2921 2139 
2 1485 1223 
3 878 616 2743 
2 2942 734 
2 374 1375 
2 1997 2825 
2 1076 870 
3 1523 2738 1967 
2 643 2164 
2 728 2709 
2 179 57 
3 2795 462 2758 
2 598 1394 
2 2317 1890 
2 2987 44 
2 2320 683 
2 127 1183 
2 2356 1559 
2 185 1770 
3 2508 2058 2948 
2 1267 550 
2 2238 2288 
3 1064 2747 262 
3 682 2027 2487 
2 1892 775 
4 2569 683 1873 898 
2 1392 1042 
3 452 999 2677 
2 2164 525 
2 2138 2295 
2 322 1839 
4 2927 1319 2812 612 
2 685 773 
3 150 1488 1790 
3 2702 2838 2034 
2 1051 1022 
3 43 2196 1956 
2 1917 1308 
2 130 2369 
3 838 1742 2256 
2 768 2624 
3 1003 2872 1692 
2 1761 1435 
2 1632 1700 
2 2349 1738 
2 2346 2311 
2 1120 2891 
2 189 1852 
3 2135 2195 1960 
4 2644 129 2264 1213 
2 166 624 
2 1187 2181 
2 124 660 
3 2708 1375 2917 
3 955 1763 2844 
3 1242 1993 1911 
2 22 1899 
2 1493 1807 
3 172 2616 243 
2 839 2747 
2 708 710 
2 2243 600 
2 682 338 
2 138 369 
2 1218 347 
2 2200 1886 
2 705 2497 
2 592 922 
2 594 833 
2 1563 2051 
3 2963 417 429 
2 2609 1527 
2 2891 1311 
2 1418 2383 
2 1909 2358 
2 1603 567 
3 2767 1100 1816 
3 985 961 579 
2 713 1512 
3 2298 1143 962 
2 2346 1300 
2 1201 2645 
2 941 1892 
2 1083 2950 
2 2261 251 
3 1290 2137 2314 
2 806 1053 
2 2598 174 
2 664 818 
4 2741 2826 144 2386 
3 2374 1528 2825 
2 668 204 
3 105 2882 220 
2 89 1933 
2 976 2339 
2 34 289 
3 878 626 159 
3 1125 2381 324 
2 2229 2021 
2 393 297 
2 2549 2987 
3 121 1281 2075 
2 2770 1673 
2 574 2423 
2 2617 1997 
3 2957 2081 786 
2 536 276 
2 175 1347 
4 1771 2790 1285 668 
3 1614 2307 1391 
2 586 1511 
3 210 1211 1862 
2 1946 2570 
2 876 2931 
2 961 71 
2 2257 780 
2 1729 811 
2 371 1353 
2 568 1929 
2 294 719 
2 2329 431 
2 986 2718 
2 1190 1123 
2 2883 2482 
2 1932 10 
2 1645 188 
3 1433 1683 2640 
2 1599 1912 
2 1310 840 
2 1650 931 
3 1629 810 1306 
2 164 333 
2 2366 1472 
2 2040 2062 
3 379 2296 421 
2 852 842 
2 2886 2777 
2 247 1713 
2 1896 438 
2 780 1145 
2 2069 1958 
2 184 2444 
3 2730 1203 2215 
2 1868 2039 
2 291 1035 
2 408 1449 
3 363 969 2828 
2 1949 2859 
2 1608 787 
2 2416 2461 
2 2973 2872 
2 1941 2204 
3 2952 2107 1577 
3 950 1947 2570 
3 2306 1858 1665 
2 2782 2808 
2 2028 2392 
2 2241 15 
2 2020 396 
3 3005 1951 1126 
2 2311 2651 
2 977 1822 
3 2081 1610 1987 
3 900 633 481 
2 980 1304 
2 1698 908 
2 2169 1237 
2 2101 2405 
2 1987 1420 
2 1028 1024 
3 2434 967 2416 
2 165 512 
2 1622 295 
2 2247 2166 
3 158 2500 2384 
3 665 549 1191 
2 2461 2443 
2 1169 1441 
2 270 2015 
2 414 2947 
3 964 1499 41 
4 2789 41 2208 669 
3 2642 1419 1598 
2 504 739 
2 1041 1530 
3 1120 2736 2196 
3 328 1599 2160 
2 2100 2728 
3 1325 2568 1017 
2 2002 1977 
2 2000 1818 
2 1247 2767 
2 17 713 
2 2650 1697 
2 886 787 
2 2849 403 
2 452 248 
2 2669 2685 
2 1316 271 
2 3004 2380 
3 1578 2508 1617 
2 1258 1752 
2 54 2699 
3 1981 1424 1755 
2 422 2501 
3 122 217 2242 
3 2114 1942 2739 
2 2106 1296 
2 2722 166 
2 1763 290 
3 907 1324 668 
2 2915 2729 
2 2755 442 
3 287 2144 530 
2 2819 761 
2 198 1878 
2 567 2888 
2 498 1551 
2 1226 1922 
2 898 1221 
3 1124 2280 1076 
3 1412 394 2841 
2 423 1579 
3 2363 2472 562 
2 2495 122 
3 2190 60 477 
2 777 1677 
3 1780 2068 2806 
3 2057 778 1503 
3 2262 746 1327 
2 254 1876 
2 2240 1715 
2 2297 1529 
2 1880 1972 
3 2152 1830 2302 
3 1664 218 146 
2 1937 152 
2 1908 2886 
3 927 1712 79 
3 479 751 1065 
2 243 1467 
2 1225 2086 
3 1390 1770 2544 
3 963 996 1759 
2 775 2511 
2 1631 563 
2 2152 1780 
2 169 1822 
3 1855 39 201 
2 821 352 
2 2038 1044 
2 2836 2750 
2 1898 953 
2 2485 2163 
2 692 665 
3 1972 2419 2575 
2 1025 2304 
2 1377 2191 
2 593 541 
2 1164 2138 
2 2545 390 
2 440 180 
3 1674 1077 1783 
3 1778 2698 12 
2 770 1936 
2 1690 1811 
2 531 2225 
2 2224 192 
3 1245 1684 2935 
3 2493 663 2895 
3 562 2490 969 
