629
0 81 306
1 593 169
2 500 319
3 338 430
4 297 54
5 252 137
6 209 287
7 147 271
8 406 31
9 127 434
10 286 430
11 297 -30
12 205 142
13 99 42
14 124 425
15 295 376
16 325 248
17 236 453
18 353 459
19 83 220
20 558 389
21 406 -10
22 297 21
23 165 12
24 228 46
25 349 353
26 496 58
27 120 87
28 65 188
29 151 507
30 235 51
31 210 279
32 555 362
33 19 422
34 403 -35
35 428 7
36 12 454
37 524 275
38 86 325
39 245 137
40 286 401
41 313 244
42 162 280
43 344 394
44 70 165
45 227 382
46 558 396
47 233 304
48 165 53
49 71 305
50 236 496
51 254 199
52 428 -10
53 343 441
54 81 234
55 19 431
56 406 41
57 85 164
58 403 409
59 318 376
60 250 385
61 212 418
62 307 398
63 466 304
64 406 242
65 140 507
66 28 362
67 220 246
68 427 -10
69 119 259
70 435 44
71 349 365
72 458 424
73 593 275
74 372 396
75 131 461
76 146 271
77 251 431
78 223 271
79 89 204
80 477 149
81 198 279
82 236 540
83 220 185
84 81 260
85 226 497
86 477 169
87 122 291
88 450 244
89 275 376
90 477 439
91 500 275
92 545 362
93 226 453
94 263 385
95 124 471
96 441 44
97 71 254
98 205 178
99 124 461
100 558 169
101 17 362
102 162 287
103 209 320
104 122 320
105 344 389
106 343 471
107 212 414
108 248 388
109 120 4
110 501 362
111 28 475
112 337 398
113 360 398
114 418 242
115 196 456
116 471 214
117 219 240
118 220 226
119 119 271
120 593 269
121 318 365
122 209 296
123 454 114
124 200 396
125 308 376
126 121 325
127 205 133
128 344 396
129 585 275
130 463 293
131 101 87
132 387 335
133 168 280
134 152 507
135 122 287
136 93 279
137 464 218
138 235 42
139 200 429
140 143 280
141 408 409
142 100 291
143 341 235
144 124 441
145 286 416
146 481 58
147 17 382
148 470 304
149 168 287
150 35 351
151 429 424
152 591 169
153 196 437
154 71 296
155 556 169
156 464 209
157 471 275
158 343 432
159 131 259
160 107 296
161 197 89
162 343 430
163 172 93
164 149 209
165 372 398
166 432 242
167 539 474
168 406 24
169 200 279
170 477 147
171 251 245
172 343 482
173 110 12
174 76 164
175 125 -19
176 196 406
177 203 280
178 418 293
179 205 116
180 442 114
181 435 242
182 228 92
183 274 131
184 342 248
185 226 489
186 122 289
187 372 376
188 22 475
189 125 0
190 426 242
191 205 424
192 471 262
193 254 217
194 486 474
195 389 -35
196 17 401
197 210 280
198 244 137
199 138 220
200 233 263
201 124 421
202 353 469
203 442 244
204 212 408
205 248 390
206 122 296
207 120 -33
208 51 351
209 196 458
210 477 424
211 428 -5
212 233 341
213 406 -20
214 219 242
215 387 372
216 142 280
217 493 58
218 172 196
219 106 475
220 143 285
221 593 259
222 347 386
223 81 475
224 166 271
225 124 454
226 89 220
227 422 140
228 214 320
229 12 450
230 422 73
231 87 325
232 99 87
233 313 248
234 12 472
235 17 472
236 127 397
237 248 397
238 18 351
239 254 225
240 387 343
241 372 372
242 236 492
243 406 293
244 221 320
245 464 220
246 125 12
247 127 376
248 344 375
249 348 493
250 219 225
251 477 466
252 19 435
253 205 162
254 172 96
255 573 275
256 321 365
257 587 169
258 372 385
259 125 -8
260 203 271
261 219 189
262 313 235
263 226 540
264 127 164
265 71 268
266 -3 351
267 558 411
268 500 362
269 349 335
270 205 429
271 228 38
272 244 248
273 471 220
274 593 170
275 365 335
276 19 440
277 172 95
278 287 376
279 456 293
280 442 44
281 558 470
282 251 247
283 244 140
284 12 462
285 248 411
286 233 284
287 196 400
288 547 169
289 344 386
290 248 385
291 120 1
292 19 362
293 133 279
294 435 244
295 81 274
296 71 291
297 236 482
298 338 398
299 353 430
300 19 475
301 457 137
302 81 308
303 349 354
304 81 325
305 212 470
306 286 398
307 558 473
308 121 320
309 286 400
310 525 275
311 423 -10
312 136 12
313 150 12
314 156 87
315 134 287
316 386 372
317 471 244
318 233 305
319 342 235
320 226 472
321 205 95
322 263 136
323 235 19
324 254 198
325 422 147
326 150 209
327 81 235
328 415 293
329 143 287
330 422 117
331 347 388
332 263 400
333 209 300
334 205 403
335 299 430
336 171 271
337 165 68
338 124 446
339 244 184
340 114 280
341 132 507
342 277 67
343 558 428
344 99 63
345 228 76
346 81 268
347 135 279
348 453 293
349 219 205
350 548 474
351 157 271
352 205 396
353 474 58
354 438 44
355 412 424
356 428 18
357 353 485
358 174 474
359 455 147
360 504 44
361 165 87
362 199 279
363 393 429
364 277 54
365 220 214
366 535 169
367 277 137
368 485 58
369 393 409
370 81 305
371 196 448
372 501 275
373 127 454
374 172 89
375 174 507
376 372 -35
377 125 87
378 44 305
379 65 220
380 233 248
381 446 44
382 212 439
383 219 180
384 138 209
385 466 293
386 162 286
387 38 351
388 132 503
389 338 235
390 227 376
391 340 365
392 254 431
393 244 193
394 394 409
395 460 293
396 233 336
397 344 365
398 150 220
399 593 187
400 143 272
401 488 474
402 486 304
403 347 385
404 228 19
405 47 291
406 174 484
407 504 58
408 202 280
409 113 280
410 233 267
411 353 489
412 426 58
413 422 44
414 343 493
415 71 282
416 172 140
417 503 169
418 179 271
419 498 304
420 81 291
421 226 470
422 93 280
423 254 196
424 17 398
425 127 383
426 219 246
427 309 376
428 205 165
429 127 204
430 235 65
431 47 296
432 134 12
433 125 -5
434 162 272
435 175 461
436 226 382
437 196 430
438 127 187
439 101 279
440 220 217
441 263 131
442 172 161
443 364 430
444 155 271
445 81 318
446 349 364
447 17 409
448 71 234
449 406 -35
450 19 439
451 174 502
452 212 460
453 222 271
454 223 270
455 89 211
456 235 92
457 175 458
458 248 196
459 248 408
460 165 85
461 353 477
462 99 12
463 233 289
464 129 279
465 236 487
466 221 341
467 464 215
468 12 440
469 244 196
470 349 357
471 218 470
472 132 461
473 297 -35
474 246 196
475 558 474
476 406 18
477 174 483
478 442 141
479 251 225
480 251 376
481 47 360
482 127 183
483 530 169
484 432 58
485 181 280
486 124 376
487 457 141
488 81 296
489 104 87
490 471 209
491 180 259
492 17 395
493 509 362
494 457 114
495 71 246
496 450 293
497 477 474
498 51 360
499 428 2
500 558 362
501 286 404
502 162 279
503 244 189
504 483 169
505 120 12
506 236 469
507 71 276
508 124 -33
509 212 396
510 179 196
511 406 286
512 546 474
513 422 105
514 17 422
515 372 384
516 212 455
517 494 58
518 286 415
519 477 461
520 127 429
521 223 259
522 477 153
523 353 480
524 327 235
525 220 189
526 128 461
527 153 507
528 190 287
529 51 291
530 274 137
531 220 219
532 443 424
533 -3 305
534 297 46
535 65 165
536 220 239
537 124 475
538 385 -35
539 558 372
540 477 454
541 263 419
542 244 376
543 76 165
544 251 234
545 220 180
546 256 137
547 593 240
548 219 169
549 305 430
550 332 398
551 205 196
552 19 472
553 457 138
554 491 58
555 236 511
556 285 376
557 349 355
558 263 386
559 150 217
560 143 279
561 561 169
562 347 396
563 51 357
564 558 450
565 369 430
566 502 362
567 226 529
568 422 41
569 101 164
570 125 -33
571 220 169
572 141 209
573 347 382
574 184 279
575 558 398
576 263 137
577 406 291
578 344 369
579 274 376
580 330 365
581 165 17
582 292 398
583 65 169
584 175 474
585 12 451
586 315 -35
587 382 335
588 263 431
589 251 248
590 353 493
591 89 475
592 179 89
593 500 326
594 393 421
595 422 58
596 205 127
597 571 169
598 104 291
599 297 1
600 205 89
601 28 360
602 347 365
603 131 287
604 132 280
605 235 47
606 457 121
607 500 304
608 482 474
609 201 429
610 544 474
611 226 447
612 248 431
613 477 459
614 100 87
615 196 396
616 127 437
617 277 77
618 133 259
619 228 74
620 408 424
621 393 430
622 422 61
623 558 408
624 228 80
625 353 434
626 484 58
627 387 351
628 477 441
2 302 370 
3 274 152 360 
2 593 607 
2 162 549 
3 617 534 476 
2 546 39 
3 122 528 197 
2 444 76 
2 56 168 
2 616 520 
3 335 588 145 
4 599 364 323 473 
2 253 127 
2 344 462 
2 144 201 
2 125 278 
2 184 233 
3 506 611 612 
2 202 625 
2 226 379 
2 46 539 
3 311 476 213 
2 534 599 
4 404 581 313 473 
3 619 600 271 
2 303 269 
3 407 517 52 
2 377 489 
2 379 583 
2 134 65 
3 441 430 605 
3 197 169 78 
2 500 92 
2 55 292 
2 449 195 
2 356 499 
2 284 585 
2 310 372 
2 231 304 
2 5 198 
2 501 309 
2 233 262 
3 133 386 502 
2 128 105 
3 543 535 174 
3 290 436 390 
2 575 20 
3 318 78 463 
2 337 581 
2 370 378 
3 555 242 414 
2 193 324 
4 26 211 68 449 
2 106 158 
3 69 327 379 
2 252 33 
3 568 367 8 
2 569 174 
3 141 394 215 
3 289 427 121 
2 94 290 
3 611 382 107 
2 550 582 
3 148 141 385 
3 114 511 319 
2 29 341 
3 486 292 601 
3 521 426 536 
2 52 311 
3 159 119 54 
2 354 413 
3 241 602 446 
2 210 532 
2 475 120 
2 165 258 
2 472 526 
2 7 119 
2 392 612 
4 47 31 453 454 
3 429 455 543 
2 522 170 
2 362 574 
4 263 567 555 475 
2 525 545 
2 346 327 
2 567 185 
3 504 490 522 
3 206 598 186 
2 317 203 
2 556 579 
2 628 210 
2 372 157 
2 32 493 
2 421 611 
4 306 558 60 556 
2 537 99 
2 280 354 
2 265 495 
2 551 428 
3 526 95 225 
2 561 155 
3 292 147 266 
3 149 329 386 
3 228 104 333 
3 103 308 206 
2 43 289 
3 172 588 53 
2 61 204 
2 205 290 
2 505 291 
2 566 268 
2 223 188 
3 298 550 128 
2 165 298 
2 190 64 
2 209 371 
2 273 490 
2 214 250 
2 536 531 
4 76 400 136 69 
2 73 221 
3 256 59 212 
2 333 6 
2 494 180 
2 352 615 
2 427 15 
3 466 231 308 
2 12 596 
3 562 112 43 
3 500 255 221 
2 385 395 
2 489 614 
3 240 587 243 
2 485 42 
2 527 29 
3 603 186 409 
4 439 422 295 119 
2 245 467 
3 364 605 323 
3 609 437 287 
3 220 216 560 
3 620 58 63 
2 598 420 
3 319 184 389 
2 338 14 
2 10 518 
2 626 353 
3 492 468 101 
2 402 63 
2 528 102 
2 387 238 
2 532 355 
3 1 257 407 
2 371 437 
2 488 431 
2 100 288 
3 490 467 359 
3 91 385 192 
2 53 162 
2 618 69 
3 206 308 488 
2 600 592 
3 299 158 3 
2 277 374 
2 326 572 
4 369 113 562 74 
2 181 190 
2 610 401 
2 8 476 
2 31 362 
3 561 80 487 
2 282 544 
2 414 106 
2 505 462 
3 57 44 374 
2 259 570 
2 437 287 
2 197 408 
3 496 328 294 
2 596 321 
3 123 478 622 
3 294 166 245 
3 456 571 624 
3 530 441 617 
3 269 16 143 
2 85 320 
2 87 135 
2 515 241 
3 111 341 300 
2 246 433 
2 166 114 
2 270 334 
2 157 317 
2 239 51 
2 401 608 
2 34 538 
2 447 424 
4 244 6 177 31 
3 39 283 456 
2 398 226 
2 410 380 
2 14 486 
2 461 18 
2 88 294 
2 107 509 
2 237 108 
3 104 160 87 
4 508 291 462 473 
3 563 387 304 
3 305 457 115 
3 90 72 268 
2 499 52 
4 121 466 244 396 
2 21 449 
2 426 117 
3 58 316 627 
2 140 604 
2 517 554 
3 510 326 442 
2 537 591 
2 329 140 
3 120 129 547 
2 331 403 
3 591 111 552 
2 336 351 
3 373 99 338 
3 199 19 455 
2 325 330 
2 244 103 
2 585 468 
2 513 622 
2 126 38 
3 614 535 344 
3 16 589 41 
4 235 300 266 284 
3 552 234 514 
2 520 425 
2 459 205 
3 150 601 266 
3 262 479 193 
2 627 132 
3 316 187 71 
2 50 465 
3 328 132 577 
3 212 228 197 
3 317 181 137 
3 432 505 189 
5 436 615 425 486 498 
2 289 578 
2 590 414 
3 117 551 349 
2 497 519 
2 450 55 
2 428 12 
2 416 277 
2 129 310 
2 580 121 
2 152 597 
2 74 515 
2 433 175 
3 453 418 491 
2 349 383 
3 524 41 239 
3 82 300 341 
4 482 543 569 277 
2 507 97 
5 238 101 468 234 533 
2 343 623 
3 110 210 593 
3 275 25 184 
3 516 609 191 
2 24 404 
2 589 380 
2 317 116 
2 399 1 
2 587 269 
2 552 450 
3 254 264 163 
2 15 556 
2 395 348 
2 381 96 
2 307 564 
2 589 171 
2 339 198 
2 234 36 
2 612 459 
2 463 410 
3 139 176 615 
2 155 366 
3 105 59 248 
3 60 108 45 
2 109 207 
3 66 33 101 
2 347 464 
3 203 178 181 
3 136 420 346 
3 420 529 415 
2 465 506 
2 113 112 
3 443 625 162 
3 188 263 234 
2 553 606 
2 445 0 
2 557 25 
3 38 208 445 
4 471 584 209 452 
3 582 309 94 
2 475 281 
3 104 126 160 
2 40 306 
3 255 607 37 
2 68 21 
2 313 432 
2 23 312 
2 361 377 
2 329 603 
2 215 241 
4 192 88 245 273 
2 396 47 
3 64 143 325 
2 185 421 
2 179 600 
2 576 441 
3 138 404 11 
2 51 423 
3 319 227 478 
3 559 164 218 
3 84 448 54 
2 178 243 
3 102 315 220 
2 227 513 
2 562 222 
2 541 558 
2 103 122 
2 191 352 
2 549 10 
2 418 224 
2 460 48 
2 225 144 
2 503 283 
2 604 409 
4 65 263 188 388 
2 617 364 
2 564 267 
2 232 13 
2 624 619 
2 295 84 
2 560 293 
2 279 496 
2 250 261 
2 475 512 
2 224 444 
3 509 334 124 
2 146 484 
2 96 70 
2 151 620 
3 381 568 35 
3 411 523 621 
3 477 388 435 
3 156 478 487 
3 1 407 449 
3 374 314 460 
2 169 81 
2 621 594 
3 342 138 11 
2 440 525 
2 288 483 
3 423 530 56 
4 554 494 626 381 
3 394 594 165 
3 0 49 488 
2 115 153 
2 37 91 
3 457 225 616 
4 592 163 174 361 
3 567 527 451 
2 538 586 
2 314 27 
2 49 533 
5 19 54 448 405 28 
4 272 200 521 469 
3 368 280 356 
2 516 61 
2 261 548 
3 572 559 429 
3 63 130 157 
2 102 42 
2 208 150 
3 341 537 358 
2 143 524 
3 542 45 466 
2 397 580 
2 588 77 
2 469 503 
2 58 369 
2 130 279 
2 212 318 
3 602 578 391 
3 491 199 559 
2 547 274 
3 434 560 119 
2 167 194 
2 419 148 
2 222 573 
3 323 271 23 
4 529 431 533 379 
2 451 477 
3 152 26 360 
2 177 485 
3 340 135 422 
2 286 200 
2 590 357 
2 484 595 
3 70 595 568 
3 249 50 172 
2 296 507 
2 442 254 
2 483 504 
3 260 434 336 
2 607 402 
4 142 296 295 422 
3 320 471 93 
3 409 420 136 
3 324 458 367 
2 196 492 
2 236 247 
3 67 491 214 
2 59 125 
2 98 253 
3 384 79 438 
2 456 30 
3 154 533 405 
2 312 246 
2 189 259 
3 502 400 418 
4 584 358 472 457 
3 45 509 247 
3 153 176 139 
2 429 482 
2 464 136 
2 531 365 
3 183 322 30 
2 218 416 
2 565 299 
2 351 7 
2 304 302 
2 71 470 
2 514 196 
3 327 495 379 
4 360 52 213 34 
2 276 252 
3 375 406 584 
2 305 516 
2 78 260 
2 78 521 
2 226 79 
3 198 182 430 
3 209 435 373 
2 423 474 
2 285 237 
2 361 337 
2 523 202 
4 173 13 533 207 
2 47 286 
2 293 439 
2 242 297 
3 212 390 126 
2 137 156 
3 229 266 147 
4 474 479 380 393 
2 446 557 
2 421 305 
2 435 75 
5 586 11 23 570 207 
2 458 469 
4 82 350 307 73 
3 168 4 21 
2 406 358 
3 359 325 180 
3 239 544 469 
2 579 542 
2 498 601 
2 438 264 
2 366 417 
2 353 412 
2 408 133 
3 247 201 66 
3 170 359 553 
3 160 370 154 
2 27 131 
3 116 156 86 
4 260 618 398 426 
2 424 147 
2 92 566 
3 606 123 368 
2 97 448 
2 348 178 
3 608 590 251 
3 247 481 563 
2 35 211 
3 539 32 129 
2 518 40 
3 574 42 434 
2 393 339 
2 417 86 
3 246 173 109 
2 297 17 
2 415 265 
2 570 207 
3 204 352 436 
2 551 218 
2 577 64 
2 350 610 
2 330 230 
2 235 447 
2 258 187 
3 452 270 382 
2 26 217 
2 145 501 
2 251 613 
2 9 236 
3 454 67 380 
2 86 80 
2 357 461 
2 389 262 
2 365 83 
2 75 99 
2 375 134 
2 6 149 
2 296 405 
3 367 576 183 
2 118 440 
2 72 151 
6 378 266 462 535 405 431 
2 4 22 
4 44 583 533 232 
2 67 118 
3 388 219 95 
2 195 376 
2 20 500 
2 613 628 
2 588 332 
2 480 390 
3 79 44 264 
2 171 479 
2 83 571 
2 576 5 
2 221 399 
3 571 383 596 
2 3 335 
2 112 62 
3 250 510 98 
3 223 235 276 
2 487 301 
2 217 368 
3 82 50 590 
3 278 94 89 
2 470 303 
2 332 94 
3 398 384 326 
3 140 347 400 
3 597 100 170 
3 165 128 331 
2 498 208 
2 281 343 
2 621 443 
2 493 110 
3 82 375 85 
3 413 56 356 
2 264 57 
3 175 508 473 
3 545 548 182 
2 164 384 
2 403 602 
2 81 502 
2 623 46 
3 530 546 322 
2 243 511 
2 248 397 
2 89 480 
2 391 256 
2 48 23 
2 62 306 
2 28 535 
3 451 435 305 
2 36 229 
2 376 473 
2 132 275 
4 106 392 541 10 
3 233 272 282 
4 555 249 411 497 
2 219 223 
2 161 374 
2 268 2 
2 363 369 
3 412 622 413 
3 548 127 179 
2 257 561 
2 87 142 
2 22 11 
3 321 161 24 
3 481 66 238 
3 71 573 397 
2 315 135 
2 216 340 
2 30 138 
2 301 494 
3 2 419 310 
2 194 497 
2 270 139 
2 512 167 
3 17 93 61 
3 77 17 285 
2 519 540 
2 131 232 
3 124 287 247 
2 373 9 
3 183 342 4 
2 491 159 
2 345 24 
3 355 621 141 
4 357 565 363 620 
3 180 230 595 
2 267 575 
2 182 345 
2 18 299 
2 368 146 
2 215 240 
2 540 90 
