199
0 74 40
1 36 73
2 70 40
3 34 73
4 23 113
5 108 64
6 81 93
7 81 53
8 111 132
9 35 58
10 23 88
11 75 83
12 74 67
13 54 67
14 30 66
15 34 74
16 74 56
17 30 81
18 40 104
19 54 104
20 117 70
21 32 87
22 88 83
23 35 76
24 88 -3
25 51 60
26 34 19
27 87 107
28 29 73
29 40 95
30 20 32
31 102 20
32 114 115
33 117 76
34 97 107
35 107 25
36 69 67
37 23 100
38 77 107
39 23 81
40 73 21
41 54 17
42 35 52
43 34 20
44 62 60
45 32 74
46 72 103
47 98 98
48 54 11
49 100 22
50 34 14
51 56 42
52 23 37
53 81 102
54 90 -3
55 29 85
56 32 81
57 75 87
58 75 88
59 37 60
60 80 88
61 36 52
62 108 65
63 75 107
64 107 30
65 114 2
66 40 23
67 115 59
68 81 97
69 24 67
70 16 32
71 72 93
72 64 42
73 74 29
74 64 104
75 36 62
76 34 81
77 118 117
78 72 97
79 87 93
80 70 42
81 99 107
82 117 72
83 118 136
84 117 69
85 42 37
86 29 72
87 111 34
88 99 128
89 100 18
90 36 76
91 103 69
92 9 81
93 26 100
94 34 76
95 77 29
96 34 59
97 44 73
98 16 39
99 39 84
100 29 81
101 45 67
102 111 121
103 117 98
104 88 15
105 118 115
106 9 74
107 75 128
108 30 74
109 64 67
110 11 81
111 23 87
112 20 61
113 70 67
114 35 73
115 100 25
116 67 60
117 106 -5
118 102 -5
119 100 20
120 64 93
121 30 71
122 107 34
123 40 96
124 81 56
125 98 15
126 111 115
127 87 102
128 73 18
129 32 66
130 37 73
131 113 69
132 80 102
133 103 65
134 87 92
135 34 72
136 36 72
137 56 37
138 30 87
139 90 3
140 53 104
141 74 53
142 81 99
143 111 136
144 107 33
145 39 80
146 116 136
147 115 42
148 64 40
149 35 59
150 45 76
151 9 78
152 77 15
153 34 11
154 102 10
155 40 84
156 20 74
157 23 32
158 114 20
159 35 37
160 64 96
161 54 23
162 29 93
163 77 56
164 10 74
165 29 74
166 102 0
167 37 52
168 97 103
169 115 64
170 29 100
171 23 39
172 24 72
173 24 61
174 88 92
175 67 42
176 23 86
177 54 16
178 111 42
179 36 59
180 34 23
181 35 72
182 26 113
183 52 104
184 64 94
185 77 21
186 34 68
187 97 98
188 90 15
189 98 18
190 39 76
191 73 15
192 55 60
193 44 76
194 114 -5
195 88 89
196 49 67
197 111 41
198 80 103
2 141 73 
3 130 23 136 
3 80 148 40 
2 15 135 
4 182 107 92 37 
3 62 133 178 
3 79 68 60 
3 124 95 189 
3 83 88 102 
2 149 42 
2 37 111 
3 60 57 12 
3 11 113 124 
2 109 196 
4 129 121 86 173 
2 94 3 
3 163 116 141 
2 138 108 
4 183 182 170 123 
2 74 140 
2 82 84 
4 162 56 76 99 
3 195 124 91 
4 90 94 114 1 
3 54 153 118 
2 192 59 
2 43 50 
2 34 38 
2 165 86 
2 123 155 
2 157 70 
3 35 89 154 
2 105 126 
2 103 82 
2 81 27 
3 64 31 65 
2 113 109 
3 93 4 10 
2 27 63 
4 176 110 156 172 
3 73 2 128 
2 161 177 
2 9 159 
2 180 26 
2 116 192 
2 56 129 
3 198 74 78 
2 103 187 
4 191 177 50 139 
2 115 119 
5 26 129 157 153 48 
3 72 167 85 
2 171 157 
3 127 132 142 
3 139 24 118 
2 162 100 
3 21 138 45 
2 58 11 
3 132 71 57 
3 25 75 167 
3 134 6 11 
3 167 179 159 
3 131 91 5 
3 38 88 74 
2 144 35 
3 158 35 194 
2 161 180 
3 169 178 147 
2 142 6 
2 172 173 
4 30 98 106 153 
3 78 120 58 
3 175 51 148 
3 95 0 40 
4 63 19 160 46 
4 101 136 179 59 
3 21 94 190 
2 83 105 
2 46 71 
3 127 6 134 
3 141 175 2 
4 126 34 198 168 
3 33 147 20 
3 146 8 77 
3 105 20 194 
3 137 51 159 
3 28 172 14 
3 197 122 158 
3 8 182 63 
3 31 119 125 
2 190 23 
3 22 133 62 
3 110 4 151 
2 170 37 
3 23 76 15 
3 7 73 185 
2 186 180 
3 150 130 101 
3 112 106 70 
3 155 21 145 
2 55 165 
3 196 97 75 
2 8 126 
5 105 47 131 169 33 
2 188 152 
4 77 32 103 84 
4 164 151 70 98 
2 143 4 
2 17 121 
2 36 13 
2 39 92 
2 10 176 
3 156 98 171 
3 12 36 116 
2 23 181 
3 133 189 49 
3 113 44 16 
2 194 118 
4 117 166 54 24 
2 49 89 
3 71 184 150 
2 108 14 
3 87 133 144 
2 18 29 
4 22 12 163 7 
4 89 189 188 139 
3 32 102 81 
3 168 53 79 
2 40 191 
3 45 14 50 
2 97 1 
3 103 62 169 
3 53 198 58 
4 91 115 122 5 
3 174 79 60 
2 3 186 
2 1 75 
3 148 85 161 
3 162 17 56 
3 125 48 54 
2 19 183 
3 16 80 0 
2 53 68 
2 146 107 
2 122 64 
2 99 190 
2 83 143 
3 82 67 158 
3 2 72 137 
2 181 9 
3 120 193 97 
2 92 106 
3 104 185 191 
3 50 70 24 
2 31 166 
3 29 99 193 
3 39 164 112 
3 52 30 50 
3 147 87 65 
4 85 61 42 180 
2 74 184 
3 137 66 41 
4 170 55 138 21 
2 124 16 
2 156 106 
2 100 28 
2 154 118 
3 59 61 51 
3 81 127 187 
3 103 131 67 
3 18 93 162 
3 173 112 52 
3 86 39 69 
3 14 69 171 
3 187 134 195 
2 80 72 
2 111 39 
2 41 48 
3 67 5 197 
2 75 61 
4 66 159 96 43 
2 114 149 
3 88 4 18 
2 140 18 
2 160 120 
2 95 152 
2 135 96 
3 47 168 174 
2 125 104 
3 115 7 125 
4 193 145 76 90 
3 152 128 48 
2 44 25 
3 150 155 190 
3 84 65 117 
2 174 22 
2 13 101 
2 178 87 
3 81 46 132 
