1472
0 715 1512
1 1198 1389
2 908 1029
3 1271 103
4 1684 886
5 582 93
6 1231 320
7 607 111
8 1604 112
9 1388 1086
10 1755 798
11 179 212
12 125 741
13 1615 975
14 219 445
15 127 1308
16 1555 112
17 113 1602
18 1758 312
19 1292 1613
20 547 1116
21 296 709
22 1758 513
23 546 166
24 107 190
25 1061 854
26 216 1878
27 792 1512
28 326 894
29 628 71
30 1457 1667
31 582 79
32 -129 255
33 720 485
34 1132 871
35 567 1076
36 1449 1380
37 718 302
38 1720 1652
39 1315 824
40 491 1555
41 172 212
42 482 1116
43 1482 112
44 412 71
45 1380 998
46 1189 141
47 1393 415
48 1256 476
49 1391 54
50 514 262
51 1525 992
52 645 273
53 1417 1667
54 650 966
55 1244 1358
56 668 851
57 536 1115
58 1432 144
59 576 273
60 1529 992
61 833 200
62 1856 1276
63 1934 703
64 546 1394
65 1434 267
66 1242 1488
67 1820 798
68 886 940
69 788 1509
70 1434 112
71 297 1592
72 540 262
73 1351 643
74 245 1305
75 -129 456
76 52 867
77 1109 1571
78 686 769
79 1605 798
80 1388 1358
81 1042 866
82 1725 1652
83 342 186
84 231 1784
85 1468 629
86 29 1422
87 382 1082
88 371 1468
89 421 709
90 634 96
91 854 1425
92 670 904
93 1450 526
94 18 1592
95 1160 854
96 380 1089
97 1502 676
98 1161 230
99 1233 974
100 1256 538
101 1551 1004
102 52 962
103 1734 1652
104 652 382
105 704 474
106 1109 1589
107 652 205
108 1421 1380
109 1487 710
110 767 1482
111 1445 1667
112 1502 687
113 1550 1074
114 574 1154
115 1831 798
116 790 1158
117 -102 499
118 1352 1380
119 733 382
120 1273 844
121 684 1669
122 652 196
123 326 847
124 999 1664
125 119 1308
126 1795 1611
127 1856 1329
128 1597 998
129 1691 1121
130 831 211
131 231 1854
132 809 1521
133 81 752
134 1758 507
135 264 1241
136 1448 1667
137 696 1512
138 760 1669
139 1478 1017
140 1152 939
141 908 927
142 1551 1019
143 495 1115
144 1682 886
145 309 1576
146 1353 1380
147 1648 1652
148 545 1645
149 677 1144
150 1384 838
151 835 1425
152 335 752
153 1758 568
154 1357 1667
155 1934 594
156 245 1251
157 1368 1380
158 692 71
159 1596 788
160 1432 193
161 127 1219
162 1292 1385
163 21 1304
164 1795 1485
165 1356 45
166 1549 112
167 1931 573
168 810 722
169 574 1116
170 1109 1481
171 545 1638
172 668 868
173 21 1103
174 411 937
175 35 837
176 1530 1338
177 1508 1000
178 686 1144
179 1685 954
180 113 1671
181 1168 854
182 1178 844
183 1273 586
184 1551 982
185 1370 1358
186 1388 1121
187 1487 886
188 376 1595
189 582 96
190 658 71
191 109 190
192 1256 506
193 1758 335
194 714 1482
195 920 793
196 816 -5
197 1393 1338
198 1542 975
199 1502 749
200 1434 341
201 739 441
202 1085 854
203 1552 1652
204 172 458
205 119 1592
206 81 701
207 1552 1667
208 1349 45
209 279 1154
210 1043 866
211 479 159
212 1393 1331
213 1795 1549
214 1602 1342
215 684 1509
216 491 1459
217 309 1566
218 21 1162
219 1613 1342
220 1338 857
221 1934 798
222 1536 788
223 1571 992
224 21 1275
225 1172 939
226 1156 1488
227 908 936
228 1758 518
229 587 1482
230 204 697
231 1678 312
232 36 962
233 116 1422
234 21 1171
235 1337 1028
236 654 101
237 1685 886
238 206 289
239 957 866
240 -129 309
241 1704 1121
242 908 935
243 1559 1000
244 609 1509
245 1488 629
246 452 71
247 554 1374
248 593 1184
249 613 71
250 1166 141
251 858 1000
252 1463 975
253 908 975
254 582 71
255 1393 1318
256 839 225
257 35 903
258 245 1302
259 1650 312
260 384 1479
261 1432 57
262 201 458
263 974 1664
264 1760 1342
265 204 650
266 1685 888
267 908 -5
268 1256 364
269 1384 886
270 877 1425
271 1267 1613
272 739 474
273 1549 980
274 411 913
275 787 1221
276 1605 788
277 -63 499
278 264 1158
279 1445 381
280 833 748
281 526 1683
282 396 709
283 1450 629
284 1529 1000
285 49 1422
286 17 499
287 384 1493
288 971 1669
289 1026 54
290 1487 755
291 1220 939
292 707 760
293 279 894
294 1593 112
295 1594 1342
296 1489 975
297 21 1200
298 943 816
299 21 1057
300 518 1116
301 839 197
302 886 959
303 546 221
304 175 1079
305 738 1482
306 979 866
307 1292 1493
308 668 914
309 1774 1342
310 1798 1121
311 863 748
312 1856 1137
313 539 273
314 782 1512
315 342 181
316 838 1669
317 1089 163
318 886 950
319 1856 1194
320 385 71
321 338 1514
322 658 1549
323 584 1144
324 886 848
325 1154 854
326 1445 1338
327 1934 577
328 653 1512
329 1311 836
330 127 1197
331 1679 1074
332 261 1019
333 863 722
334 967 816
335 179 236
336 1404 1380
337 1534 704
338 1393 476
339 1622 112
340 1026 98
341 751 485
342 326 815
343 326 752
344 662 382
345 729 101
346 662 1669
347 1231 353
348 318 894
349 707 1521
350 342 222
351 1166 1293
352 1256 390
353 -129 413
354 88 1693
355 810 723
356 685 485
357 1473 1380
358 661 71
359 707 706
360 670 821
361 1393 381
362 125 735
363 495 262
364 125 773
365 385 163
366 1650 174
367 673 302
368 1445 467
369 1487 872
370 172 252
371 1445 420
372 1524 975
373 1351 693
374 670 847
375 1311 824
376 652 273
377 338 1481
378 1445 476
379 1487 881
380 668 964
381 391 1082
382 1420 992
383 1356 998
384 1856 1301
385 419 1116
386 1024 854
387 231 1882
388 1384 788
389 1393 1337
390 877 1459
391 -68 499
392 591 273
393 204 565
394 1557 992
395 1281 45
396 231 1592
397 1891 798
398 668 939
399 908 1031
400 411 761
401 231 1875
402 1432 77
403 1544 1667
404 1197 1304
405 188 1079
406 1132 883
407 652 101
408 908 946
409 1231 243
410 1679 1338
411 1466 1338
412 52 898
413 886 873
414 411 766
415 1650 210
416 1889 573
417 1393 1261
418 1472 992
419 81 710
420 1301 195
421 592 96
422 585 71
423 1089 108
424 1456 1380
425 543 273
426 413 1154
427 1401 1000
428 677 752
429 384 1555
430 1432 91
431 545 1555
432 652 132
433 1393 1324
434 144 499
435 18 190
436 172 289
437 1250 362
438 127 1292
439 1529 980
440 619 1144
441 169 1592
442 844 698
443 1256 544
444 1435 1017
445 768 1669
446 857 769
447 960 -5
448 652 340
449 1351 655
450 88 1702
451 195 1079
452 1236 362
453 1109 1567
454 882 407
455 787 1215
456 650 273
457 791 1521
458 1223 230
459 1394 199
460 260 1592
461 1682 798
462 1205 45
463 522 166
464 1366 1358
465 -129 461
466 1378 1017
467 681 485
468 1934 701
469 123 1592
470 1322 45
471 148 190
472 758 34
473 172 270
474 11 1477
475 1502 843
476 1795 1509
477 971 1668
478 721 71
479 1198 1433
480 1651 312
481 877 1521
482 326 856
483 205 436
484 1131 1488
485 380 1092
486 342 184
487 1480 1342
488 1351 741
489 670 895
490 1446 886
491 1795 1373
492 325 289
493 -129 499
494 35 778
495 658 485
496 1102 103
497 1145 141
498 1026 14
499 1633 1652
500 1292 1633
501 228 709
502 1135 1537
503 839 196
504 1231 317
505 230 709
506 1109 1602
507 1529 1017
508 216 1794
509 1267 45
510 1395 992
511 376 1555
512 817 211
513 972 -5
514 1233 948
515 908 1003
516 770 1191
517 1450 623
518 1087 45
519 671 96
520 52 890
521 231 1795
522 21 1217
523 81 832
524 646 1482
525 103 499
526 1217 1537
527 264 1187
528 531 1116
529 446 1116
530 999 816
531 1758 366
532 1650 130
533 1026 104
534 216 1808
535 81 758
536 574 1509
537 877 1493
538 1445 392
539 52 752
540 888 1031
541 1187 939
542 1217 103
543 810 768
544 264 709
545 1351 713
546 125 701
547 385 80
548 879 1669
549 1487 869
550 1198 1468
551 837 1425
552 201 214
553 1284 1358
554 -11 190
555 1202 1488
556 11 1422
557 1477 886
558 -129 190
559 1393 1150
560 309 1514
561 385 169
562 413 1116
563 787 1158
564 842 1425
565 652 243
566 877 1479
567 677 698
568 1502 649
569 261 1075
570 46 1057
571 779 321
572 1443 381
573 934 -5
574 125 772
575 1450 579
576 309 1592
577 127 1226
578 812 340
579 1309 199
580 1109 1488
581 35 677
582 1450 357
583 594 1144
584 707 769
585 88 1614
586 521 1382
587 245 1267
588 1005 866
589 1641 1652
590 823 732
591 309 1537
592 1450 477
593 187 445
594 1388 1281
595 390 71
596 1229 1358
597 1228 103
598 52 724
599 607 122
600 1109 1664
601 1223 45
602 1650 283
603 584 1076
604 35 706
605 1568 1338
606 127 1097
607 98 190
608 1384 746
609 209 436
610 172 243
611 762 1192
612 -129 205
613 -129 280
614 699 1509
615 1433 1000
616 1187 1304
617 652 111
618 676 101
619 567 1115
620 655 1221
621 385 181
622 812 321
623 741 101
624 1366 45
625 689 71
626 1256 370
627 -129 257
628 936 866
629 204 557
630 380 1154
631 1480 1380
632 1795 1411
633 644 1512
634 593 1221
635 1795 1652
636 1534 647
637 1303 1380
638 1288 643
639 121 1592
640 1388 1095
641 216 1422
642 21 1169
643 593 1197
644 1391 45
645 1484 992
646 1267 1488
647 128 1422
648 1432 92
649 264 1171
650 1233 1006
651 1132 866
652 1758 527
653 26 190
654 652 350
655 1393 411
656 1795 1521
657 656 1144
658 1527 112
659 1198 1413
660 1026 43
661 882 413
662 1176 1304
663 543 1374
664 482 1115
665 1172 45
666 785 485
667 739 471
668 1570 1342
669 88 1592
670 292 1592
671 770 1144
672 1256 432
673 1237 45
674 1192 1468
675 1062 854
676 1272 1493
677 1509 1342
678 1327 199
679 750 1512
680 130 499
681 1364 1667
682 1318 1667
683 753 1482
684 626 1509
685 72 1057
686 1087 49
687 1721 1121
688 1758 371
689 655 974
690 1499 649
691 1233 1028
692 109 1057
693 208 458
694 1388 1338
695 620 1144
696 882 390
697 1106 230
698 342 185
699 1551 992
700 325 288
701 1251 103
702 882 360
703 1295 45
704 1159 1293
705 1145 140
706 593 1154
707 1600 1342
708 1729 1652
709 491 1382
710 655 1482
711 1535 1338
712 777 1521
713 858 748
714 231 1603
715 421 715
716 279 1111
717 231 1797
718 52 892
719 1546 980
720 545 1631
721 762 1144
722 554 1482
723 1233 939
724 1384 852
725 1795 1607
726 1640 975
727 1816 1329
728 858 1027
729 1281 1358
730 1145 45
731 1790 1329
732 384 1468
733 1395 1000
734 1795 1599
735 127 1079
736 996 866
737 35 962
738 172 499
739 1480 1364
740 245 1353
741 1856 1187
742 224 445
743 216 1809
744 1109 1476
745 502 166
746 1301 146
747 554 1468
748 863 769
749 863 732
750 1758 564
751 1247 1488
752 810 769
753 1682 1342
754 1514 1667
755 546 228
756 689 1521
757 432 71
758 309 1589
759 1087 82
760 224 436
761 21 1308
762 1024 844
763 1758 342
764 326 813
765 1487 868
766 1823 798
767 1434 205
768 652 245
769 1003 817
770 1852 1329
771 1795 1581
772 1401 1338
773 908 913
774 524 1374
775 342 220
776 1132 929
777 216 1904
778 1502 790
779 1292 1380
780 1780 1329
781 231 1833
782 1663 798
783 1184 1293
784 245 1257
785 1001 816
786 1393 460
787 52 936
788 125 771
789 812 341
790 1719 1342
791 1758 320
792 326 799
793 863 698
794 817 698
795 1583 886
796 702 698
797 408 882
798 1632 1652
799 652 122
800 1231 230
801 1856 1296
802 1132 919
803 201 289
804 1109 854
805 326 790
806 628 111
807 668 966
808 1182 45
809 693 96
810 231 1708
811 882 462
812 408 889
813 1515 1338
814 532 273
815 1656 1652
816 886 994
817 309 1545
818 1101 1664
819 81 714
820 817 225
821 1266 1488
822 231 1701
823 245 1422
824 750 1482
825 758 101
826 1450 573
827 408 937
828 81 773
829 1198 1393
830 1330 643
831 670 974
832 1026 95
833 1299 103
834 658 1624
835 586 966
836 843 732
837 1660 975
838 554 1410
839 936 867
840 843 1425
841 739 419
842 652 474
843 1441 112
844 -76 190
845 384 1525
846 127 1257
847 721 96
848 792 1509
849 693 1669
850 -129 265
851 1231 341
852 1433 1017
853 1534 644
854 491 1453
855 1934 686
856 362 1468
857 1186 1537
858 1487 649
859 1273 643
860 482 273
861 127 1294
862 1256 586
863 618 1144
864 245 1247
865 1351 656
866 113 1648
867 886 889
868 652 302
869 943 793
870 580 1512
871 1384 882
872 315 894
873 877 1429
874 201 237
875 1233 998
876 739 470
877 1829 1329
878 524 1382
879 35 904
880 540 1116
881 668 905
882 491 1394
883 668 824
884 828 1669
885 264 1154
886 766 302
887 786 485
888 1487 671
889 856 748
890 711 1512
891 222 289
892 856 1521
893 1393 1086
894 413 1131
895 1544 980
896 677 745
897 1360 1028
898 380 1103
899 216 1613
900 1233 976
901 886 928
902 279 979
903 787 1521
904 652 324
905 677 769
906 287 894
907 787 321
908 1317 199
909 888 343
910 178 289
911 841 698
912 1396 1338
913 128 1014
914 491 1521
915 1351 743
916 1795 1375
917 201 273
918 1678 1652
919 81 827
920 1368 1023
921 709 382
922 216 1853
923 1123 854
924 148 1592
925 163 1079
926 1434 246
927 408 922
928 479 273
929 731 485
930 1292 1448
931 1551 1000
932 882 352
933 1795 1493
934 216 1796
935 261 1014
936 527 273
937 491 1374
938 1650 112
939 103 190
940 231 1770
941 446 1115
942 325 273
943 127 1232
944 204 709
945 -129 483
946 1339 643
947 660 974
948 1434 248
949 886 855
950 1788 1342
951 11 1592
952 107 1702
953 127 1241
954 1226 939
955 810 748
956 1026 25
957 221 709
958 1725 1342
959 342 273
960 204 612
961 1132 939
962 852 1669
963 1636 1652
964 385 86
965 886 822
966 397 1115
967 113 1592
968 1471 1017
969 817 196
970 82 1057
971 1003 816
972 -129 358
973 231 1664
974 201 212
975 1636 886
976 842 343
977 1267 1537
978 172 482
979 1301 124
980 1422 1017
981 1775 798
982 1795 1557
983 21 1099
984 668 864
985 -73 190
986 919 913
987 1480 1354
988 1682 1329
989 52 937
990 1311 828
991 1384 809
992 158 499
993 1758 558
994 1502 886
995 1089 133
996 886 1000
997 1491 1667
998 52 944
999 81 778
1000 1384 784
1001 820 698
1002 1685 975
1003 420 709
1004 575 1509
1005 105 190
1006 125 750
1007 1292 1667
1008 1679 1329
1009 1588 112
1010 1132 911
1011 1388 1108
1012 554 1382
1013 1450 563
1014 -121 499
1015 1256 510
1016 127 1099
1017 810 715
1018 1450 341
1019 1089 230
1020 668 845
1021 707 698
1022 670 813
1023 342 249
1024 1502 864
1025 408 752
1026 216 1869
1027 113 1612
1028 538 262
1029 1388 1250
1030 1026 92
1031 1551 1066
1032 1679 1121
1033 1292 1432
1034 13 190
1035 1301 199
1036 1322 643
1037 1197 1301
1038 46 499
1039 924 -5
1040 172 445
1041 384 1526
1042 1087 103
1043 37 677
1044 1109 1537
1045 1439 1338
1046 586 974
1047 1176 45
1048 877 1442
1049 437 1115
1050 1256 580
1051 172 436
1052 1534 788
1053 1856 1260
1054 183 212
1055 1934 687
1056 1883 798
1057 746 96
1058 1487 854
1059 491 1553
1060 1758 525
1061 980 816
1062 807 1521
1063 552 273
1064 1432 54
1065 1856 1251
1066 216 1745
1067 52 770
1068 491 1404
1069 515 1374
1070 380 1082
1071 1338 998
1072 216 1600
1073 1502 717
1074 827 343
1075 408 861
1076 279 988
1077 502 273
1078 1534 695
1079 125 832
1080 681 1482
1081 1667 1338
1082 731 96
1083 665 1221
1084 524 166
1085 1580 1074
1086 1724 1652
1087 231 1904
1088 787 1216
1089 626 1512
1090 1298 643
1091 1338 993
1092 383 1555
1093 882 485
1094 1619 1338
1095 608 1144
1096 1256 554
1097 1702 1652
1098 -25 190
1099 545 1683
1100 -2 190
1101 432 1683
1102 734 71
1103 584 1088
1104 1233 1025
1105 971 1664
1106 21 1194
1107 1338 889
1108 1122 103
1109 207 436
1110 835 1482
1111 86 499
1112 839 211
1113 148 499
1114 670 891
1115 882 367
1116 109 1422
1117 1622 975
1118 1368 1017
1119 1186 1293
1120 1172 230
1121 677 768
1122 1393 396
1123 1434 236
1124 1881 573
1125 -9 499
1126 1598 788
1127 1262 1028
1128 623 1482
1129 1679 1099
1130 172 190
1131 411 837
1132 179 289
1133 839 200
1134 231 1783
1135 1795 1627
1136 319 709
1137 1456 1338
1138 1795 1519
1139 231 1806
1140 790 1144
1141 239 1079
1142 810 752
1143 709 1144
1144 98 1422
1145 96 701
1146 752 1482
1147 586 273
1148 1518 1667
1149 1301 103
1150 1109 1584
1151 886 861
1152 545 1629
1153 1003 844
1154 1292 1440
1155 1384 854
1156 1664 312
1157 1267 1581
1158 233 1422
1159 1597 1000
1160 1026 108
1161 326 762
1162 1750 798
1163 1934 668
1164 479 262
1165 545 1622
1166 639 1221
1167 326 832
1168 1234 1028
1169 408 792
1170 1374 743
1171 1329 199
1172 1896 573
1173 1420 476
1174 279 1127
1175 598 96
1176 1565 1074
1177 736 474
1178 1856 1236
1179 1217 141
1180 595 273
1181 81 190
1182 574 1512
1183 1697 1652
1184 192 1014
1185 376 1683
1186 1534 629
1187 919 898
1188 758 4
1189 479 86
1190 546 226
1191 231 1640
1192 1671 1652
1193 1145 939
1194 658 1659
1195 405 1115
1196 1109 1468
1197 856 1669
1198 1758 573
1199 88 1603
1200 216 1592
1201 179 258
1202 681 1521
1203 261 1079
1204 266 1154
1205 670 833
1206 1393 457
1207 1262 1488
1208 739 382
1209 1198 1371
1210 1851 798
1211 -129 409
1212 863 703
1213 1071 108
1214 479 166
1215 1758 494
1216 1393 1290
1217 1376 1358
1218 658 1669
1219 554 1452
1220 1231 362
1221 1487 673
1222 652 125
1223 1758 548
1224 491 1482
1225 4 499
1226 1551 980
1227 245 1271
1228 670 840
1229 534 1394
1230 1484 1342
1231 812 343
1232 231 1824
1233 1434 221
1234 1148 1468
1235 1430 476
1236 310 289
1237 739 398
1238 969 866
1239 1338 928
1240 1145 103
1241 1512 1342
1242 479 77
1243 1388 1118
1244 1393 1133
1245 1218 230
1246 1934 720
1247 758 -5
1248 1098 230
1249 1338 824
1250 1368 1028
1251 1188 141
1252 866 485
1253 204 649
1254 758 96
1255 1384 975
1256 886 992
1257 701 1221
1258 127 1253
1259 612 974
1260 1607 1074
1261 21 1155
1262 279 1152
1263 338 1468
1264 1425 886
1265 -128 499
1266 523 1394
1267 1203 1537
1268 179 213
1269 1735 1121
1270 113 1603
1271 1393 1256
1272 1687 1342
1273 1566 788
1274 1331 824
1275 1704 1342
1276 52 677
1277 1026 -5
1278 848 1425
1279 1439 381
1280 1088 103
1281 261 1044
1282 1472 1338
1283 1589 992
1284 1095 230
1285 231 1860
1286 1176 1293
1287 810 698
1288 668 813
1289 376 1621
1290 -129 252
1291 113 1702
1292 1197 1293
1293 1447 1338
1294 983 1664
1295 1934 573
1296 195 1014
1297 1856 1261
1298 20 190
1299 411 715
1300 1650 201
1301 1251 1028
1302 1267 1493
1303 1473 629
1304 1787 1652
1305 910 793
1306 1338 988
1307 1412 476
1308 886 972
1309 921 1669
1310 1393 408
1311 216 1827
1312 1176 141
1313 309 709
1314 1488 1017
1315 886 895
1316 1559 112
1317 1256 362
1318 1345 1380
1319 652 191
1320 89 1057
1321 839 220
1322 668 850
1323 914 -5
1324 758 71
1325 1393 401
1326 1256 450
1327 1637 975
1328 1581 1074
1329 1434 266
1330 1219 103
1331 1387 1017
1332 1161 1537
1333 204 588
1334 545 1682
1335 231 1617
1336 882 373
1337 1290 643
1338 1417 1338
1339 1534 782
1340 1450 518
1341 1159 1304
1342 1256 457
1343 1934 641
1344 838 748
1345 1856 1121
1346 707 758
1347 835 343
1348 1631 975
1349 1231 299
1350 89 701
1351 1502 847
1352 224 526
1353 462 71
1354 1349 1358
1355 584 1096
1356 1145 136
1357 21 1202
1358 264 1202
1359 -16 499
1360 1179 1468
1361 349 1468
1362 1550 1066
1363 1575 1338
1364 779 1669
1365 1243 1358
1366 882 359
1367 828 769
1368 886 808
1369 1109 1605
1370 279 1115
1371 35 782
1372 1273 836
1373 1680 798
1374 1341 643
1375 888 352
1376 766 321
1377 770 1192
1378 423 71
1379 652 485
1380 546 214
1381 1393 1110
1382 858 1031
1383 1502 825
1384 279 1104
1385 81 760
1386 819 769
1387 52 750
1388 835 1440
1389 1795 1342
1390 827 196
1391 224 458
1392 1274 1028
1393 1384 998
1394 1292 1402
1395 1538 788
1396 338 1511
1397 641 966
1398 521 262
1399 1292 1481
1400 1934 669
1401 817 200
1402 546 262
1403 13 1422
1404 1081 866
1405 674 1221
1406 678 1669
1407 35 852
1408 216 1893
1409 1597 992
1410 325 280
1411 1198 1358
1412 1388 1162
1413 836 1425
1414 264 1247
1415 1795 1577
1416 529 1382
1417 1338 916
1418 1662 886
1419 1330 199
1420 1208 1537
1421 1301 113
1422 338 1497
1423 919 867
1424 762 1168
1425 905 1669
1426 506 262
1427 877 1482
1428 -129 213
1429 -129 352
1430 1445 445
1431 109 1014
1432 201 218
1433 381 1468
1434 204 526
1435 391 1115
1436 179 248
1437 88 190
1438 1432 199
1439 810 732
1440 1392 1086
1441 310 709
1442 936 793
1443 479 71
1444 172 475
1445 118 1014
1446 1351 699
1447 554 1394
1448 1109 1643
1449 231 1827
1450 605 273
1451 21 1249
1452 673 1521
1453 1301 170
1454 408 885
1455 1254 1488
1456 194 445
1457 693 474
1458 1178 854
1459 670 944
1460 216 1857
1461 1604 1652
1462 886 793
1463 1384 743
1464 710 474
1465 499 1555
1466 194 436
1467 658 1521
1468 1489 1017
1469 994 866
1470 1696 798
1471 925 1669
2 679 890 
2 829 1209 
3 399 996 515 
2 833 701 
2 237 144 
2 189 31 
2 851 504 
3 806 599 1175 
2 339 294 
3 1440 640 1250 
2 981 1162 
3 1054 1268 41 
3 1006 362 944 
2 1117 198 
2 742 1456 
3 1158 125 861 
2 1316 166 
2 1270 967 
4 167 791 231 532 
2 500 307 
2 169 880 
2 1313 544 
2 228 134 
3 1380 1084 599 
2 191 1005 
2 675 386 
2 1408 1026 
3 1062 314 848 
3 1070 348 482 
2 190 249 
2 997 136 
2 5 254 
2 627 1290 
2 929 356 
2 406 651 
3 603 619 174 
2 424 108 
3 886 367 376 
2 1086 1097 
2 1274 375 
3 1465 429 1059 
3 11 610 1130 
2 300 529 
2 658 843 
2 1378 595 
3 1393 383 1255 
2 1179 1251 
2 1206 655 
2 192 1342 
3 1064 1149 730 
2 1398 1426 
2 60 645 
2 456 1450 
3 111 681 203 
2 807 1397 
2 729 1365 
2 984 1322 
2 619 143 
2 160 648 
2 1147 1063 
2 699 51 
3 130 969 503 
2 801 1297 
2 1246 468 
2 1447 1229 
2 200 1329 
3 751 555 550 
2 766 981 
2 318 901 
2 848 614 
3 843 767 430 
2 576 670 
2 1402 1028 
3 449 1374 338 
2 740 258 
2 465 353 
2 520 1067 
2 1150 453 
2 584 905 
3 782 475 276 
4 357 1217 694 197 
2 210 588 
2 708 1086 
2 775 698 
2 521 1134 
2 1303 283 
2 285 1403 
2 381 1070 
2 1433 856 
3 715 1003 567 
2 519 1175 
2 270 1278 
2 1459 489 
2 1013 1340 
3 669 450 951 
2 181 325 
2 485 1070 
2 112 568 
2 1120 697 
2 900 514 
2 443 1015 
2 142 931 
3 1431 232 998 
2 1304 708 
3 344 760 654 
2 1464 1457 
3 271 506 1150 
2 565 122 
2 36 336 
2 290 1221 
2 1110 683 
2 136 53 
2 1073 97 
3 1176 893 1362 
2 706 426 
2 1210 766 
3 704 563 1140 
3 391 1276 1014 
2 146 1318 
2 1208 921 
5 723 1458 182 1372 329 
2 849 1406 
2 107 1319 
2 482 1167 
2 818 1294 
2 15 761 
2 1135 725 
4 635 770 384 221 
2 1159 1409 
2 241 1032 
3 622 820 61 
2 1285 781 
2 892 1062 
2 535 819 
2 22 1215 
2 1414 1358 
2 30 111 
2 890 328 
2 445 849 
2 1314 968 
2 225 1193 
2 242 773 
2 1031 101 
2 57 664 
2 4 1418 
2 758 217 
2 157 118 
2 815 589 
2 1334 171 
2 178 657 
2 724 991 
3 1413 1388 275 
2 1025 343 
2 1198 750 
2 681 682 
2 1343 327 
2 784 864 
2 336 146 
2 478 625 
2 1126 1273 
2 1438 58 
3 864 577 330 
2 1394 779 
2 761 224 
2 933 632 
2 624 208 
2 16 658 
3 327 1172 18 
2 355 1017 
4 323 20 619 1355 
2 580 744 
2 148 720 
2 881 984 
2 1261 983 
3 35 827 274 
2 1407 1371 
2 711 813 
2 284 615 
2 1143 149 
2 1002 266 
2 1291 866 
2 1458 95 
2 120 762 
3 638 859 626 
3 223 439 1226 
2 1217 464 
2 1412 1243 
3 994 557 379 
2 1289 511 
3 421 1084 5 
2 358 29 
2 471 24 
2 1015 48 
2 763 791 
2 305 1080 
2 1442 1305 
2 267 1247 
3 912 80 389 
2 13 372 
2 778 1073 
3 1018 1317 65 
2 876 841 
2 804 675 
3 1461 53 631 
3 262 1444 1040 
2 639 967 
3 1350 419 1276 
3 1285 403 918 
2 165 470 
3 630 1204 1262 
2 1404 81 
2 1214 1189 
2 389 433 
2 982 656 
2 219 707 
2 614 684 
2 1224 854 
2 145 817 
2 642 1261 
2 753 214 
2 1107 1249 
3 127 397 1246 
2 1395 1052 
3 1283 394 184 
2 163 1451 
2 541 140 
2 555 484 
2 408 242 
2 1060 22 
2 1128 722 
2 944 265 
2 18 1156 
2 102 737 
2 647 1116 
2 1106 642 
2 897 1392 
2 618 407 
3 266 4 766 
2 891 803 
3 1238 839 1153 
2 1429 613 
2 687 129 
2 227 141 
2 1159 931 
2 684 1004 
2 1186 1303 
2 1353 757 
3 1012 663 1257 
2 643 706 
2 29 422 
2 1312 497 
3 996 728 831 
2 296 1255 
2 515 408 
3 422 31 1443 
2 433 1216 
3 1231 1321 1213 
2 879 1407 
2 74 1227 
3 480 1018 602 
2 287 732 
2 402 1064 
2 693 204 
2 1294 1105 
2 309 958 
2 230 1253 
2 179 237 
2 1323 196 
2 626 1317 
3 1264 1255 871 
3 873 91 1341 
3 1007 106 1157 
3 887 1177 667 
2 1226 719 
2 174 1131 
3 151 1377 1088 
3 79 1126 1198 
2 1359 391 
2 649 885 
3 538 572 1018 
2 1344 955 
2 1099 1101 
2 1003 1136 
3 85 1463 517 
3 931 507 177 
2 1144 86 
2 1038 1225 
2 845 260 
4 1099 1471 477 1007 
2 1030 660 
2 1058 109 
2 954 541 
2 584 1346 
3 906 902 1079 
2 8 1009 
2 707 668 
2 372 252 
2 1357 1106 
3 334 628 869 
4 570 983 1265 737 
2 528 42 
2 1133 503 
2 1308 318 
2 1190 1380 
2 405 925 
2 824 194 
2 1469 1238 
3 19 676 1399 
2 398 881 
2 950 264 
2 1345 1269 
3 748 713 749 
2 741 1345 
2 425 814 
2 27 679 
3 486 1130 561 
2 962 884 
2 1019 995 
2 302 68 
2 1178 741 
4 595 547 558 1247 
3 511 560 1396 
2 834 1467 
3 583 426 169 
2 949 965 
2 95 923 
2 1293 1045 
3 155 167 1295 
2 137 633 
3 1239 120 990 
2 161 1016 
4 1345 1129 1260 1159 
2 1281 935 
2 749 1212 
2 1061 298 
2 1436 1268 
2 108 157 
2 1339 1078 
3 1307 73 786 
2 938 8 
2 533 832 
2 666 929 
2 1167 764 
3 152 1161 544 
2 921 104 
2 623 618 
2 1406 1218 
2 1220 851 
2 28 872 
2 712 756 
3 1023 775 621 
2 1286 704 
2 672 626 
2 75 1211 
2 450 585 
2 1439 168 
2 33 467 
3 631 424 80 
2 625 190 
2 1346 1021 
2 1205 1022 
3 1279 1122 1317 
2 12 546 
2 1426 1164 
2 1079 574 
2 561 964 
2 1300 532 
2 37 868 
2 378 1430 
2 379 549 
2 473 610 
2 1430 538 
2 198 296 
2 1446 865 
2 1114 1228 
3 39 990 638 
3 37 456 768 
2 1422 1263 
3 1340 1235 368 
2 187 369 
2 807 398 
3 1435 87 827 
2 418 510 
2 45 1071 
2 127 801 
2 529 562 
3 25 1469 1153 
2 1087 401 
2 991 1000 
2 197 212 
2 566 1048 
2 277 117 
2 1180 1147 
2 1333 629 
2 223 699 
2 703 509 
3 460 714 1200 
3 221 1345 1056 
2 380 308 
4 1140 540 2 961 
2 414 1299 
2 387 1285 
2 430 261 
2 207 1148 
3 1411 616 1037 
2 451 304 
2 1010 34 
3 236 617 1175 
2 253 227 
2 1349 800 
3 790 1081 1008 
2 1282 1137 
3 787 718 523 
2 867 1151 
3 835 1131 400 
2 602 1300 
2 1172 1124 
2 1216 1271 
2 645 382 
2 819 206 
2 1035 1453 
2 1175 189 
2 249 254 
3 1356 995 1042 
2 357 36 
2 1063 313 
4 114 630 894 323 
2 615 733 
2 1121 896 
3 40 1092 1041 
3 70 648 402 
3 1165 1465 722 
2 1319 1222 
2 212 255 
2 1113 680 
2 1298 1034 
3 910 1051 473 
2 1317 452 
2 861 846 
3 895 184 1255 
3 695 706 863 
2 1200 924 
2 793 911 
2 1096 100 
2 968 852 
2 1364 138 
2 748 1367 
2 513 573 
2 654 904 
2 865 73 
4 952 777 94 354 
2 1141 405 
2 437 1220 
2 77 1044 
2 661 696 
2 1088 563 
3 376 52 1402 
2 1062 903 
2 800 1245 
2 1438 1419 
2 670 396 
2 1470 1373 
2 601 808 
2 1084 745 
2 185 1354 
2 945 75 
2 1331 1118 
2 356 495 
2 63 1055 
2 924 639 
2 208 703 
2 1130 191 
2 1324 1188 
2 436 370 
2 951 556 
3 1351 1383 79 
2 1138 933 
2 288 1105 
2 1102 158 
2 550 659 
2 1156 259 
3 1105 892 537 
2 28 123 
2 1109 1466 
2 226 580 
2 898 96 
2 698 315 
3 1230 987 1045 
2 915 545 
2 92 1114 
2 557 1264 
2 916 1389 
3 868 1236 700 
3 1265 951 945 
2 1371 604 
2 467 1379 
2 1108 1280 
3 250 697 705 
3 518 956 1277 
2 963 798 
2 1007 19 
2 505 957 
2 1332 1044 
4 301 61 1390 1160 
2 6 1349 
2 544 501 
2 1369 106 
3 1362 1468 284 
2 934 1066 
2 395 673 
3 382 1393 1255 
3 1092 188 321 
2 820 1401 
2 1277 447 
2 99 723 
3 2 253 986 
2 1377 671 
2 283 575 
3 730 686 498 
2 809 90 
2 718 76 
2 717 84 
2 1451 1357 
3 1079 412 919 
2 710 1128 
2 680 1111 
2 977 1420 
2 1358 649 
2 880 300 
2 42 385 
2 785 1061 
2 688 763 
3 18 366 938 
2 1160 340 
2 743 934 
2 1385 133 
3 1004 1182 722 
2 481 1427 
2 371 279 
2 1067 1387 
2 399 1382 
2 291 225 
2 1330 1240 
2 752 1142 
3 21 343 505 
2 488 1446 
3 362 1145 629 
2 964 320 
2 1425 1197 
2 369 765 
3 66 674 479 
2 564 1413 
2 1432 974 
2 1354 729 
2 1100 1098 
2 66 226 
3 1403 474 1265 
2 187 490 
3 844 612 320 
2 1271 1244 
3 321 591 823 
3 621 315 365 
3 385 894 966 
3 116 455 671 
2 840 551 
3 768 599 107 
2 1427 390 
4 796 896 89 1352 
3 97 690 853 
2 1203 1281 
2 685 299 
2 907 1376 
2 279 1279 
2 447 1039 
2 364 788 
2 517 826 
3 1289 71 758 
2 943 161 
2 789 622 
2 908 1035 
3 484 1044 170 
3 1043 604 1014 
2 592 1018 
2 1095 323 
3 752 78 292 
2 354 1199 
2 878 709 
2 1227 784 
2 81 736 
2 147 963 
2 836 1439 
2 817 560 
2 1340 582 
2 1456 1040 
2 694 1029 
2 44 320 
2 1365 1411 
2 701 1330 
2 1387 1276 
3 565 23 7 
3 1007 818 1448 
2 673 462 
2 259 415 
3 1103 35 1046 
2 494 581 
2 1363 711 
2 1016 735 
2 939 1437 
2 1000 1463 
2 760 1109 
2 370 41 
3 1377 1257 1424 
2 1428 558 
2 240 850 
2 69 215 
2 177 427 
2 404 662 
3 799 806 407 
2 345 236 
3 169 57 35 
2 1083 1166 
3 350 561 1214 
3 578 907 130 
2 825 345 
2 644 165 
2 158 358 
3 183 352 268 
2 850 32 
3 839 1423 298 
3 393 546 1434 
4 426 209 898 1435 
3 203 357 739 
2 164 916 
2 328 1089 
3 1166 937 643 
4 1087 1304 1135 127 
2 1078 853 
2 1318 779 
3 1337 375 183 
2 469 205 
2 1011 9 
2 1158 647 
2 234 218 
2 634 248 
3 1064 624 1277 
2 51 418 
3 1302 821 1033 
2 641 233 
2 58 430 
2 527 278 
2 1104 875 
3 34 1404 1458 
2 1223 1060 
2 1181 1298 
3 104 448 1376 
2 47 1310 
2 213 1138 
2 149 695 
2 166 43 
2 479 829 
2 289 956 
2 811 454 
2 616 1341 
2 247 774 
2 143 941 
2 1047 730 
2 887 341 
2 272 876 
2 295 1241 
3 967 1199 94 
2 71 460 
4 1140 563 516 721 
2 1326 352 
2 509 601 
2 550 1360 
2 202 25 
2 307 1302 
2 1241 1230 
2 1171 908 
2 314 0 
2 434 525 
2 53 154 
2 154 1007 
2 110 1146 
2 215 244 
2 970 570 
2 759 518 
2 1269 241 
2 1215 531 
2 947 1259 
2 568 858 
3 1168 1292 1104 
3 735 1320 1431 
2 1391 262 
2 80 594 
2 657 440 
2 454 1336 
3 98 1248 497 
3 83 974 486 
2 394 60 
2 492 1410 
2 3 597 
2 1115 1366 
2 470 395 
3 351 1341 116 
2 497 1356 
3 248 114 440 
2 214 295 
2 103 82 
3 586 882 937 
2 1080 524 
2 605 176 
2 903 349 
2 311 889 
2 1335 396 
3 1288 1299 89 
2 1370 1384 
2 1139 521 
2 412 520 
2 273 895 
2 171 1152 
3 671 1424 1143 
4 229 536 431 747 
3 514 954 120 
2 1155 150 
2 126 734 
2 837 1327 
2 877 731 
2 1382 251 
2 553 55 
3 665 49 518 
2 727 780 
3 260 1433 937 
3 427 1118 1393 
2 725 771 
3 925 606 692 
2 588 1469 
3 232 299 879 
3 1434 992 978 
2 631 987 
2 823 74 
2 319 312 
3 1391 14 760 
2 1311 534 
2 170 1196 
2 463 1214 
3 1453 1179 979 
2 722 1219 
3 816 446 311 
3 311 836 333 
2 153 993 
2 1455 66 
3 1386 584 543 
2 1272 219 
2 1148 997 
2 1402 1190 
2 349 1202 
2 246 1378 
2 576 145 
2 1042 686 
3 742 609 104 
3 125 1403 163 
2 182 1153 
2 531 193 
2 342 792 
2 549 1058 
3 115 237 67 
2 1233 70 
2 376 565 
2 1153 971 
2 127 877 
2 734 1415 
2 1338 912 
3 141 1462 1305 
2 663 1069 
2 350 83 
2 961 802 
4 1087 951 450 1408 
2 1383 199 
3 637 162 1365 
2 731 988 
2 131 1449 
2 1373 79 
2 1119 1286 
2 587 156 
2 971 530 
2 338 1206 
2 989 412 
2 574 1006 
2 1231 578 
3 958 1275 410 
2 193 18 
2 764 805 
3 1212 442 1252 
2 1001 1287 
2 975 994 
2 1021 567 
2 1454 1075 
2 499 1461 
2 1222 617 
3 409 458 1035 
2 384 62 
2 776 1010 
2 238 1132 
2 923 202 
2 792 1161 
2 617 7 
3 831 54 380 
2 462 1047 
2 847 519 
3 940 822 1185 
2 1093 661 
2 927 1454 
2 176 1282 
2 313 936 
2 1192 147 
3 996 748 1256 
2 217 591 
2 600 124 
2 133 419 
3 886 512 130 
2 646 1207 
2 810 973 
3 560 1158 740 
2 1146 305 
3 969 623 1254 
2 575 1013 
3 174 381 927 
2 999 1385 
2 659 1 
2 946 1036 
4 251 947 807 1459 
2 340 1030 
2 1149 3 
2 1194 322 
3 1397 1046 414 
2 749 590 
3 1002 1226 726 
2 1219 1447 
3 986 628 239 
2 1278 564 
2 201 1237 
3 1457 1379 1391 
2 43 70 
2 985 558 
2 1041 287 
2 438 1258 
2 1082 809 
3 27 69 1110 
2 138 121 
2 613 627 
2 347 6 
2 444 980 
3 636 568 1186 
2 216 1068 
2 1055 1400 
2 88 1361 
2 1267 1332 
3 690 888 1303 
2 1372 183 
3 1077 928 1164 
2 15 438 
3 1372 971 1050 
2 440 1095 
3 1414 156 161 
2 373 449 
2 180 1027 
2 1315 413 
3 367 904 492 
3 298 1442 1220 
2 1089 1182 
2 269 1155 
2 348 906 
2 1048 270 
2 917 1432 
3 1071 650 900 
2 667 201 
3 770 1389 727 
2 1416 586 
2 737 257 
2 20 528 
2 308 172 
3 1266 1068 709 
2 1020 1288 
2 316 1364 
3 1204 278 1203 
3 1376 37 820 
3 1252 666 272 
2 1221 858 
2 713 1344 
2 0 137 
2 1236 238 
3 481 132 1110 
3 1381 1440 113 
2 426 562 
2 719 439 
2 428 567 
2 1250 235 
2 630 485 
2 1066 1072 
2 875 99 
2 68 1315 
3 1076 935 293 
2 457 712 
2 448 868 
3 78 1022 1121 
2 872 293 
2 622 571 
2 678 579 
3 1375 976 1019 
2 1132 436 
2 442 1001 
2 772 197 
2 1184 1445 
2 1059 1224 
3 1170 1249 488 
2 632 491 
4 942 1132 874 1023 
3 1183 207 1192 
2 523 999 
2 1250 1118 
2 119 344 
2 1460 1311 
2 325 804 
2 441 469 
2 304 735 
2 948 1123 
2 827 812 
2 860 959 
2 341 33 
2 1399 1154 
3 243 101 284 
3 1375 1366 1074 
2 476 164 
2 534 508 
3 332 1296 902 
2 814 1077 
4 1069 709 732 634 
4 1295 532 339 1064 
2 1005 607 
2 1134 810 
2 664 1049 
3 959 1410 917 
2 953 577 
3 957 12 230 
2 493 465 
2 1374 830 
2 831 689 
2 1329 926 
2 1151 324 
2 1389 309 
4 94 777 493 474 
2 1291 450 
2 1258 943 
2 723 291 
3 280 1142 1439 
2 660 498 
2 501 944 
2 264 790 
2 928 942 
2 1253 1333 
3 1193 399 776 
2 1197 316 
2 589 499 
2 365 547 
2 324 1368 
3 1195 562 1435 
3 205 17 669 
2 139 444 
4 1390 61 1401 825 
2 1320 685 
3 769 785 862 
2 1211 1429 
2 822 1191 
3 552 1054 698 
2 1418 795 
2 909 1347 
3 1157 526 1302 
2 738 1444 
2 746 1421 
2 852 1331 
2 67 10 
2 1415 213 
2 173 299 
2 172 56 
2 1098 844 
3 515 1187 839 
2 739 487 
2 780 1008 
2 998 787 
2 329 375 
2 150 388 
2 738 1113 
2 750 1223 
3 795 187 1024 
2 317 423 
3 2 251 816 
2 754 30 
2 102 989 
2 919 828 
2 388 608 
2 911 794 
4 1345 1409 837 179 
2 89 282 
2 244 536 
2 24 939 
2 788 12 
5 682 288 600 271 500 
3 988 410 1032 
2 294 1316 
2 802 406 
2 1243 640 
3 1447 1416 247 
2 826 93 
3 117 581 1265 
2 100 192 
2 330 606 
2 168 1287 
4 582 279 200 259 
3 1284 909 317 
2 1322 883 
3 1287 359 796 
3 360 1288 905 
3 1164 917 350 
2 994 1351 
3 1169 152 1299 
3 26 1291 1460 
2 866 1270 
2 72 1398 
2 594 1412 
2 832 289 
3 1085 1362 142 
3 129 1008 1129 
3 1154 646 1394 
2 435 1100 
3 579 800 420 
2 830 1090 
2 404 1292 
2 1111 286 
2 573 1323 
3 593 204 1051 
2 429 845 
4 1280 423 1213 759 
2 1276 581 
3 502 453 580 
3 326 487 1338 
3 1259 603 835 
2 808 665 
3 1196 390 873 
2 941 1195 
2 862 1096 
3 1466 1040 436 
3 222 1383 1339 
2 1297 1065 
2 974 11 
2 468 855 
2 397 1210 
2 1254 1082 
2 765 290 
2 40 914 
2 652 228 
2 530 334 
3 132 457 27 
2 59 425 
4 938 261 49 644 
2 1053 1178 
2 508 899 
2 76 539 
2 854 882 
2 774 937 
3 87 96 28 
4 383 1118 875 1091 
2 899 1200 
2 199 112 
3 1347 932 1231 
2 797 1169 
2 1384 902 
2 936 860 
2 337 636 
3 293 523 364 
2 194 710 
2 410 1094 
2 1057 847 
2 1405 620 
3 23 463 189 
3 1328 1176 1031 
2 82 38 
3 777 387 635 
2 275 455 
2 633 870 
2 1036 1337 
2 1071 1306 
2 429 511 
3 1462 1252 811 
2 1081 1363 
2 863 583 
2 1050 443 
2 38 1183 
2 554 985 
4 1139 281 1334 288 
2 1034 554 
2 281 1185 
2 1324 478 
2 1355 603 
2 691 650 
3 263 477 481 
2 297 234 
2 1417 220 
2 1240 496 
2 609 483 
4 892 848 110 1388 
2 525 1038 
2 1321 1133 
2 992 434 
2 489 374 
2 1336 702 
2 233 1144 
2 1348 13 
4 466 920 1071 733 
2 1292 783 
2 1245 98 
2 905 428 
2 1325 361 
2 926 1233 
2 416 1198 
2 1225 1359 
2 276 159 
2 1392 1301 
2 524 229 
2 1032 331 
3 41 471 315 
2 274 414 
4 803 910 1201 917 
2 1112 301 
2 84 940 
2 635 126 
2 282 1441 
2 411 1293 
2 656 476 
3 1232 717 1099 
3 116 671 399 
2 1203 451 
2 543 955 
2 721 178 
2 1116 285 
2 546 1350 
2 683 824 
2 392 59 
2 403 754 
3 1421 833 49 
2 106 77 
2 413 949 
2 720 1165 
4 762 386 239 769 
2 930 1033 
2 871 724 
2 231 480 
2 271 977 
3 823 641 15 
3 331 243 128 
3 1213 503 533 
2 805 343 
2 10 1470 
2 1400 1343 
3 363 860 1023 
3 1152 431 1182 
2 620 634 
2 123 342 
2 1301 691 
2 1075 1025 
2 1463 915 
2 1419 678 
2 167 416 
2 1235 1307 
2 1262 1370 
4 90 407 7 421 
2 1085 113 
2 272 1464 
2 1065 319 
3 746 46 1356 
2 1450 392 
2 1437 653 
4 870 1467 1165 536 
2 1097 918 
2 1296 913 
3 1101 810 1289 
3 853 245 1223 
2 986 1423 
2 472 1247 
2 211 1242 
2 755 303 
2 973 1335 
2 918 815 
2 140 961 
2 1218 834 
2 1049 966 
3 1234 744 1048 
2 548 962 
3 1124 276 153 
2 585 669 
3 396 1072 441 
2 1132 1436 
2 756 1452 
3 885 1141 569 
2 209 885 
2 1228 360 
2 786 47 
2 821 1455 
3 1237 119 1231 
2 1 1411 
2 1056 115 
2 353 972 
2 333 793 
3 256 1160 1042 
3 745 621 211 
2 134 688 
2 255 417 
2 80 185 
3 346 1334 1194 
2 747 838 
3 452 869 347 
2 109 888 
2 432 799 
3 993 1186 652 
2 914 216 
2 286 1125 
3 184 273 837 
2 258 587 
2 374 1205 
2 64 1266 
2 677 487 
4 1074 1208 789 256 
2 1449 1139 
2 1123 767 
2 1360 1196 
2 378 1173 
2 492 891 
2 841 1208 
2 306 239 
3 1306 329 1417 
2 542 1108 
2 668 677 
2 1189 1443 
2 186 1011 
2 559 1381 
2 458 1120 
2 221 63 
3 196 1188 320 
2 697 1284 
3 220 1274 915 
3 9 897 920 
2 46 1312 
3 1093 793 887 
2 265 960 
3 825 1057 1324 
5 252 439 510 45 269 
2 816 1308 
3 247 1405 611 
2 846 953 
2 689 1046 
2 331 1328 
2 218 173 
2 209 1174 
3 1361 377 1414 
2 490 269 
4 1014 299 556 493 
2 1229 882 
2 1420 857 
2 335 11 
2 310 687 
2 1027 17 
2 417 559 
2 1275 753 
2 159 1395 
2 1249 39 
2 790 1272 
4 206 598 1043 117 
3 644 498 513 
2 91 840 
2 572 361 
2 496 1042 
2 569 332 
2 813 411 
2 1409 223 
2 1248 1019 
3 401 131 207 
2 783 351 
3 794 1017 1021 
3 1022 883 715 
3 1185 576 188 
2 32 1428 
3 1026 952 180 
3 1037 1119 691 
2 1137 326 
2 124 263 
2 327 938 
2 935 1184 
2 62 1053 
2 653 435 
4 715 400 1025 1313 
2 415 366 
2 1127 1168 
3 676 977 646 
3 245 858 85 
2 635 103 
4 195 1423 773 1375 
2 1091 1239 
2 1173 338 
2 1256 302 
2 1471 1425 
2 655 1325 
2 922 743 
2 1251 250 
3 1441 1299 21 
2 1468 139 
2 901 867 
2 1009 16 
4 361 268 437 200 
2 118 637 
2 122 432 
2 692 970 
2 256 1112 
2 56 1020 
2 1039 267 
3 1254 1102 472 
2 1310 1122 
2 1342 672 
2 726 1348 
2 1260 1085 
3 65 1438 948 
2 597 542 
2 980 466 
2 857 502 
2 960 393 
3 1099 148 1218 
2 1191 714 
2 696 1115 
2 1090 638 
2 1045 772 
2 1052 337 
3 93 378 592 
3 662 270 704 
2 48 1326 
2 1163 155 
2 889 280 
5 312 310 331 1002 397 
2 292 359 
2 976 1074 
2 1327 1117 
2 504 409 
2 1145 206 
2 1024 475 
3 567 1434 1379 
2 1443 246 
2 464 553 
3 169 1103 1382 
3 1179 705 423 
2 522 297 
2 135 527 
2 1125 277 
2 674 1234 
2 856 1263 
3 1031 113 507 
2 1094 605 
2 884 445 
3 55 779 596 
2 702 932 
2 446 1386 
2 965 1462 
2 1448 506 
2 1174 716 
2 175 494 
3 120 862 859 
2 461 782 
2 73 946 
3 1305 932 909 
3 571 654 886 
3 275 611 516 
2 757 44 
3 495 1352 842 
2 303 23 
2 1244 893 
3 540 1355 728 
3 475 778 1052 
2 716 1076 
2 828 535 
2 1367 752 
2 539 598 
2 1110 151 
3 491 950 877 
2 503 969 
3 842 693 742 
2 235 1127 
3 733 45 510 
2 1033 162 
2 1273 222 
2 321 1422 
2 54 835 
2 1028 50 
2 307 930 
2 855 1163 
2 512 969 
3 456 72 755 
3 86 556 761 
2 651 210 
2 1257 1083 
2 121 346 
2 257 175 
2 777 26 
3 128 1283 1002 
2 700 942 
3 596 1209 404 
2 1029 186 
2 551 151 
3 1263 864 135 
2 771 982 
2 1012 878 
2 1239 1107 
2 144 975 
2 459 1171 
2 526 1267 
2 979 1149 
2 1396 377 
3 1187 1305 628 
2 611 721 
2 1309 548 
2 50 363 
2 537 566 
2 1290 612 
2 972 240 
2 368 371 
3 1445 692 102 
2 874 552 
2 732 88 
3 1352 629 738 
3 966 630 381 
2 1201 335 
2 607 1181 
3 1329 459 160 
3 590 955 355 
2 893 9 
2 1136 1313 
2 869 195 
3 254 1242 1353 
2 978 204 
2 913 1431 
2 545 373 
3 838 64 1012 
2 600 1369 
2 781 1232 
2 52 1180 
2 224 522 
2 1202 1467 
2 420 746 
2 812 797 
2 1207 751 
2 14 593 
2 105 842 
3 651 181 120 
2 831 92 
2 1026 922 
2 798 203 
3 773 1368 1093 
3 608 1170 283 
2 1177 105 
2 431 40 
2 483 1051 
3 1452 322 1182 
2 507 1314 
3 736 306 386 
2 1162 461 
2 288 1309 
