1514
0 2158 305
1 1189 1407
2 345 779
3 1523 883
4 2350 568
5 1660 1635
6 1636 579
7 2020 1153
8 758 1941
9 187 1239
10 1131 2206
11 931 362
12 1565 53
13 183 631
14 1030 2516
15 2115 1119
16 522 309
17 84 1587
18 530 309
19 1899 2352
20 219 1239
21 967 1976
22 1377 402
23 1734 2178
24 281 1577
25 1008 362
26 2020 1160
27 1714 1189
28 264 1257
29 471 609
30 2189 1099
31 2267 1877
32 208 161
33 1364 477
34 686 1941
35 344 779
36 1052 2060
37 152 1790
38 446 1924
39 909 362
40 325 446
41 1773 751
42 1167 906
43 927 401
44 1009 12
45 154 492
46 2101 1178
47 1963 175
48 1179 1314
49 924 772
50 414 610
51 678 1086
52 468 2067
53 1227 121
54 880 561
55 1037 2060
56 1070 816
57 1791 1189
58 678 1017
59 1659 459
60 730 1166
61 1642 1062
62 83 1423
63 1069 479
64 1023 1973
65 261 1277
66 1736 751
67 2113 1119
68 1648 625
69 2103 1119
70 474 86
71 189 1078
72 2151 1119
73 1001 772
74 1286 1637
75 223 779
76 1403 1466
77 1166 805
78 368 1345
79 937 1514
80 2170 1963
81 799 2036
82 417 610
83 535 880
84 1208 185
85 1374 657
86 1224 2163
87 934 1176
88 680 2171
89 873 314
90 1636 467
91 966 1176
92 1171 86
93 123 837
94 198 1078
95 909 317
96 680 2201
97 783 1204
98 927 484
99 2106 1213
100 1636 474
101 849 314
102 274 1036
103 571 1941
104 1655 1521
105 1091 46
106 1705 2253
107 1775 1645
108 1172 1506
109 1009 33
110 58 489
111 1805 1191
112 214 161
113 680 2296
114 280 1192
115 1164 46
116 79 600
117 2090 1877
118 711 1166
119 533 1403
120 2350 338
121 664 2160
122 1223 676
123 253 1036
124 2101 1119
125 1230 53
126 2290 338
127 1070 855
128 472 1345
129 1933 1191
130 1432 2253
131 261 1242
132 152 631
133 380 1333
134 123 1008
135 700 1166
136 1734 2253
137 2188 1877
138 549 778
139 571 1976
140 571 2188
141 25 473
142 1121 2163
143 678 1103
144 865 2389
145 613 841
146 1160 479
147 61 919
148 242 1363
149 1189 1314
150 1779 1684
151 1253 906
152 683 932
153 1591 988
154 299 1577
155 158 631
156 992 362
157 1647 1070
158 1828 129
159 173 1781
160 2135 690
161 1409 53
162 2350 690
163 1648 642
164 1166 760
165 508 880
166 2027 1942
167 336 1943
168 321 1036
169 1775 1561
170 1631 1519
171 1364 435
172 521 1407
173 896 892
174 404 309
175 2173 1119
176 1352 490
177 1405 53
178 1454 791
179 1765 1191
180 468 2021
181 2143 1119
182 2158 292
183 1300 479
184 920 2516
185 899 1176
186 79 514
187 2350 414
188 278 539
189 2244 690
190 1119 844
191 2189 1119
192 1774 770
193 1908 2352
194 1239 937
195 1647 459
196 798 561
197 1171 185
198 1692 621
199 2179 1178
200 152 1887
201 2337 1877
202 281 1630
203 167 1587
204 468 1924
205 1357 53
206 588 1941
207 367 1943
208 1774 773
209 264 1355
210 2194 1178
211 1377 408
212 1367 616
213 327 145
214 1715 2253
215 1457 2253
216 316 1036
217 1359 1428
218 2164 737
219 2309 1751
220 771 -54
221 1127 479
222 305 539
223 2038 2009
224 2164 1751
225 713 784
226 1023 1945
227 1053 345
228 1364 548
229 1865 1191
230 2100 717
231 1685 1530
232 798 2127
233 213 1781
234 1070 807
235 580 880
236 1318 1014
237 2089 274
238 2147 1178
239 847 314
240 514 309
241 2170 1951
242 1776 1684
243 1648 580
244 2179 1385
245 1972 2352
246 281 1594
247 937 1535
248 153 1078
249 25 489
250 809 2060
251 2121 737
252 533 1373
253 1271 1428
254 1648 635
255 927 409
256 1463 806
257 678 1166
258 974 1994
259 123 1036
260 1403 1444
261 1591 1004
262 1336 469
263 861 561
264 1185 1540
265 1727 792
266 1364 561
267 896 949
268 220 1287
269 327 221
270 79 502
271 1586 2253
272 500 857
273 409 1924
274 772 2361
275 1121 2141
276 1727 769
277 1023 1981
278 1100 2119
279 1482 876
280 1726 459
281 1978 175
282 713 731
283 1286 1629
284 1486 947
285 1971 2352
286 1131 2266
287 123 836
288 312 470
289 888 1514
290 2350 470
291 927 487
292 1143 872
293 154 779
294 1812 2193
295 1692 550
296 1070 842
297 300 539
298 468 2200
299 265 1551
300 1617 97
301 1172 1355
302 2249 1197
303 287 779
304 203 779
305 977 1994
306 208 350
307 1847 130
308 1775 1530
309 2100 695
310 527 45
311 1403 589
312 83 1356
313 549 694
314 280 1193
315 2350 625
316 1084 2045
317 2179 1429
318 261 1359
319 1847 155
320 549 605
321 1125 479
322 1023 1960
323 1239 1014
324 1706 2253
325 2160 1303
326 1210 805
327 1105 803
328 2350 521
329 1978 184
330 303 1325
331 1375 818
332 270 1551
333 1706 1530
334 2179 1572
335 321 1080
336 2142 1877
337 418 830
338 110 754
339 1843 1189
340 886 1476
341 1068 2516
342 1617 84
343 824 356
344 1450 53
345 2312 690
346 1812 2135
347 1734 2141
348 331 1577
349 364 779
350 2091 1877
351 1143 844
352 678 1100
353 886 1503
354 195 492
355 195 547
356 894 -55
357 1663 1530
358 1229 937
359 824 363
360 987 -55
361 327 183
362 2350 394
363 83 1488
364 1523 942
365 280 1325
366 835 314
367 1205 2163
368 468 2000
369 2133 2005
370 225 1049
371 680 2316
372 888 561
373 1617 53
374 771 38
375 2 725
376 1826 129
377 1511 947
378 782 1166
379 325 470
380 533 1325
381 2038 2275
382 152 1827
383 901 1551
384 2189 873
385 325 610
386 2176 1303
387 762 1078
388 824 377
389 1416 605
390 280 1164
391 1661 1156
392 841 2361
393 1598 2253
394 471 607
395 366 830
396 2189 1061
397 1999 2352
398 549 715
399 824 401
400 571 2160
401 281 1620
402 1734 2094
403 325 472
404 1364 520
405 264 1349
406 396 309
407 678 1128
408 1897 175
409 2170 1303
410 1523 876
411 500 880
412 1479 1519
413 679 1057
414 1147 749
415 679 994
416 1223 737
417 195 631
418 2 919
419 967 1981
420 150 1239
421 1171 46
422 1686 1156
423 327 144
424 1131 2192
425 312 518
426 886 1434
427 2018 1942
428 1227 84
429 285 1325
430 1413 1569
431 327 248
432 704 38
433 1233 1540
434 2038 2014
435 1716 2253
436 2107 1751
437 1377 370
438 1416 947
439 73 1822
440 889 1078
441 1261 906
442 1087 2045
443 1352 521
444 1440 1553
445 1416 657
446 169 1913
447 525 605
448 613 831
449 906 401
450 1615 53
451 864 401
452 2230 1877
453 1812 2352
454 618 2057
455 474 245
456 595 2057
457 864 949
458 1655 1519
459 73 468
460 312 539
461 1023 1934
462 468 2077
463 746 949
464 1364 493
465 1223 602
466 618 2160
467 1172 1471
468 678 1023
469 1109 2141
470 164 779
471 73 1790
472 701 1166
473 176 1587
474 862 1423
475 827 2036
476 1070 825
477 1131 2458
478 896 805
479 79 591
480 500 858
481 889 1520
482 261 1363
483 966 1078
484 490 86
485 1727 768
486 717 1941
487 1305 906
488 2179 1624
489 1686 1104
490 1599 2253
491 152 1890
492 468 2194
493 82 1790
494 909 315
495 1636 535
496 2249 1195
497 1655 1530
498 2107 1657
499 1812 1191
500 264 1309
501 322 1551
502 1009 46
503 1595 53
504 325 556
505 185 1913
506 406 1924
507 2059 1178
508 1088 2192
509 1329 1014
510 966 1169
511 2363 1760
512 321 1069
513 264 1205
514 366 309
515 1104 2516
516 261 1238
517 1105 809
518 2189 988
519 894 1514
520 896 778
521 1172 1363
522 2 718
523 558 299
524 1375 837
525 571 1964
526 1227 143
527 1172 1540
528 220 1587
529 2107 1655
530 2236 690
531 2350 671
532 896 914
533 1087 2516
534 2123 1645
535 985 1994
536 2175 737
537 679 1038
538 824 350
539 406 1942
540 208 446
541 1375 834
542 1121 844
543 1433 947
544 536 880
545 1933 1189
546 678 1098
547 228 1913
548 195 573
549 1463 795
550 203 1913
551 1088 2045
552 1826 1191
553 914 561
554 558 309
555 1734 2130
556 947 -55
557 1223 775
558 1364 431
559 1631 1544
560 549 672
561 1286 1585
562 1257 2163
563 1734 2106
564 264 1218
565 1131 2238
566 472 1361
567 1659 1561
568 280 1913
569 1023 362
570 2179 1304
571 613 880
572 1636 487
573 1286 1576
574 1790 2094
575 2106 1278
576 1812 2150
577 113 1239
578 1734 2124
579 240 110
580 208 306
581 496 2200
582 1377 395
583 1105 782
584 1794 2044
585 506 86
586 249 1781
587 2106 1273
588 325 478
589 208 297
590 262 1781
591 225 1066
592 986 1934
593 937 1551
594 539 2200
595 700 1085
596 500 874
597 1020 46
598 1377 509
599 733 949
600 328 1577
601 966 1137
602 256 539
603 976 362
604 2239 338
605 687 1941
606 896 844
607 220 1250
608 1377 389
609 499 1325
610 2196 1178
611 411 1325
612 2337 690
613 571 2015
614 37 919
615 1367 772
616 1812 2044
617 1688 2253
618 2120 690
619 1377 414
620 1729 751
621 2128 1942
622 2158 332
623 1189 1428
624 698 932
625 700 1115
626 1239 953
627 2300 338
628 220 1341
629 753 605
630 1112 2192
631 208 503
632 1280 479
633 1407 953
634 1171 54
635 769 2036
636 1727 751
637 471 610
638 1523 923
639 915 1176
640 699 784
641 1100 2141
642 1223 726
643 804 2036
644 609 1941
645 225 1078
646 327 240
647 1585 1004
648 2 648
649 1399 1014
650 325 443
651 2073 2005
652 1486 887
653 2038 2270
654 1775 1613
655 118 1239
656 2189 813
657 1509 2253
658 1364 487
659 1542 2253
660 1352 561
661 325 567
662 1818 1189
663 1753 175
664 2151 1751
665 468 1946
666 2179 1645
667 1100 2131
668 2189 806
669 917 401
670 680 2160
671 891 -55
672 385 1345
673 1009 -55
674 325 560
675 310 1164
676 2325 1751
677 2026 274
678 2038 2062
679 79 577
680 500 860
681 876 1520
682 1742 1684
683 202 1078
684 327 296
685 758 2036
686 2112 1877
687 927 499
688 1812 2078
689 1081 937
690 783 561
691 1812 2189
692 864 1078
693 2108 690
694 700 932
695 678 1159
696 880 1520
697 468 2196
698 1352 469
699 486 830
700 231 1363
701 824 323
702 1377 435
703 2038 2049
704 2188 690
705 1223 805
706 678 1071
707 2038 2339
708 118 631
709 526 880
710 2179 1374
711 152 1891
712 1427 2253
713 1692 600
714 220 1304
715 2350 613
716 909 314
717 1479 1540
718 2307 338
719 2179 1587
720 331 1551
721 2106 1295
722 468 1975
723 1675 1156
724 2179 1334
725 533 1398
726 759 1078
727 468 2091
728 527 38
729 1686 1128
730 123 1006
731 679 1051
732 348 1943
733 474 214
734 678 993
735 966 1174
736 438 830
737 654 2160
738 321 1068
739 963 1078
740 976 -55
741 533 1407
742 865 2375
743 1647 1156
744 2090 1931
745 919 401
746 1086 2516
747 1617 88
748 2363 1854
749 236 779
750 280 1195
751 2058 1942
752 1052 2192
753 2308 338
754 1806 1191
755 2170 1987
756 882 -55
757 1779 1645
758 1742 1635
759 385 1333
760 2120 1197
761 264 1292
762 306 1359
763 2101 737
764 2212 338
765 805 2361
766 1636 459
767 1769 1530
768 2 710
769 406 1943
770 558 307
771 601 38
772 2106 1250
773 164 492
774 312 493
775 2189 747
776 2179 1325
777 1143 881
778 865 2385
779 1166 749
780 1403 605
781 812 949
782 1407 1001
783 549 678
784 1375 805
785 368 610
786 680 2281
787 615 880
788 692 2057
789 123 866
790 1378 772
791 2363 1782
792 312 500
793 366 811
794 2170 2005
795 1367 657
796 1223 774
797 1779 1659
798 602 2160
799 306 1345
800 284 1577
801 1486 916
802 247 1781
803 938 482
804 1474 1466
805 725 1078
806 1692 515
807 1105 788
808 1070 879
809 351 610
810 1367 577
811 82 1822
812 896 791
813 2038 2041
814 2161 1119
815 1812 2151
816 1659 1553
817 2109 1751
818 1131 2516
819 1371 1637
820 2348 1877
821 2301 690
822 2038 2032
823 2107 1741
824 1871 1189
825 1761 459
826 613 784
827 2018 1931
828 1364 453
829 1289 1637
830 967 1993
831 549 713
832 220 1252
833 510 309
834 753 570
835 421 610
836 559 2200
837 534 880
838 468 2031
839 1046 362
840 1443 1466
841 474 108
842 110 663
843 1010 362
844 938 479
845 665 880
846 1692 616
847 2038 2088
848 1417 1553
849 2249 1178
850 1344 2163
851 2179 1510
852 1070 937
853 1834 1189
854 1576 2253
855 480 1325
856 1070 792
857 1419 2163
858 2050 1119
859 1407 947
860 1244 906
861 2056 2005
862 832 2060
863 680 2227
864 1078 2045
865 533 1359
866 966 1120
867 1488 53
868 2 876
869 1239 952
870 765 561
871 771 -49
872 1686 1058
873 474 225
874 353 1325
875 995 1994
876 1319 1637
877 1180 185
878 1345 1428
879 2104 690
880 1239 960
881 678 880
882 862 1432
883 214 143
884 474 232
885 110 849
886 327 309
887 937 1531
888 208 382
889 862 1520
890 571 2021
891 886 1514
892 1135 749
893 1413 1553
894 681 1941
895 589 2160
896 967 1962
897 1409 605
898 1377 416
899 79 493
900 205 1239
901 1420 2253
902 158 1239
903 474 297
904 91 919
905 208 260
906 1647 1123
907 1082 937
908 1761 175
909 713 605
910 1686 1092
911 700 942
912 1053 473
913 1377 441
914 1692 587
915 578 1941
916 707 949
917 500 861
918 90 1790
919 1669 1530
920 1479 1553
921 110 867
922 1642 1058
923 110 722
924 2107 1645
925 634 2160
926 1840 1191
927 890 1078
928 527 64
929 474 197
930 1336 479
931 1861 2352
932 1642 1069
933 909 401
934 239 110
935 1172 1496
936 1796 1189
937 1131 2271
938 2106 1238
939 824 314
940 1375 849
941 1734 2164
942 1227 147
943 1812 2093
944 438 610
945 1489 947
946 2179 1603
947 896 902
948 380 610
949 1105 822
950 1287 1014
951 527 86
952 967 1934
953 1009 -13
954 2 757
955 571 1961
956 208 337
957 2106 1303
958 110 743
959 679 932
960 886 1481
961 2100 690
962 824 949
963 1105 815
964 1295 53
965 2213 1197
966 1009 -12
967 1781 515
968 895 561
969 1364 370
970 558 297
971 1171 104
972 1781 495
973 110 895
974 1522 876
975 678 1105
976 1234 53
977 1812 2210
978 1734 2239
979 1733 792
980 152 1913
981 1223 561
982 110 919
983 844 949
984 558 304
985 321 1164
986 749 2094
987 83 1479
988 325 504
989 2147 2005
990 2179 1577
991 25 468
992 927 479
993 1617 175
994 110 753
995 109 919
996 225 1036
997 261 1222
998 1712 1530
999 1190 2163
1000 1377 589
1001 316 1577
1002 909 349
1003 1623 2253
1004 1023 1994
1005 2179 1582
1006 1220 906
1007 1647 1069
1008 2189 739
1009 73 489
1010 862 1480
1011 882 314
1012 2350 687
1013 2158 279
1014 886 1176
1015 1053 392
1016 1434 1466
1017 927 561
1018 824 366
1019 1770 2094
1020 700 1153
1021 1035 2516
1022 1523 947
1023 493 1325
1024 886 1466
1025 264 1363
1026 2 910
1027 659 784
1028 615 784
1029 816 2036
1030 1283 561
1031 1454 784
1032 1367 561
1033 1037 2045
1034 261 1184
1035 1903 1189
1036 83 1556
1037 284 1164
1038 1046 345
1039 606 1941
1040 1070 772
1041 80 648
1042 1052 2094
1043 590 1941
1044 396 1345
1045 1052 2141
1046 474 189
1047 702 2057
1048 293 1164
1049 1454 795
1050 1117 2141
1051 1189 1352
1052 1734 2194
1053 1585 966
1054 1938 2352
1055 368 1333
1056 1857 1191
1057 909 321
1058 1301 1428
1059 2201 690
1060 886 1423
1061 678 1135
1062 448 309
1063 228 1363
1064 1149 2163
1065 967 1985
1066 500 2200
1067 700 1078
1068 927 533
1069 2104 2005
1070 1643 2253
1071 2339 1877
1072 678 1047
1073 494 309
1074 1978 274
1075 927 417
1076 700 1118
1077 1674 2253
1078 1352 542
1079 771 -55
1080 1692 608
1081 327 252
1082 152 1781
1083 79 623
1084 927 530
1085 2 692
1086 1714 1191
1087 208 539
1088 1847 175
1089 208 272
1090 2038 2242
1091 2158 338
1092 832 2036
1093 615 813
1094 769 38
1095 1375 887
1096 1457 795
1097 1486 882
1098 2189 818
1099 1441 2253
1100 2038 2098
1101 2350 591
1102 280 1266
1103 2038 2221
1104 1731 2253
1105 214 110
1106 1419 2235
1107 533 1360
1108 1762 1191
1109 700 1131
1110 1433 882
1111 1053 479
1112 816 1078
1113 967 1957
1114 309 779
1115 2 750
1116 79 492
1117 2058 1119
1118 83 1308
1119 1479 1484
1120 1172 1314
1121 1774 751
1122 282 779
1123 783 1188
1124 2106 1197
1125 1192 805
1126 1140 46
1127 1375 906
1128 865 2361
1129 205 1587
1130 227 1781
1131 2339 338
1132 2003 1942
1133 1734 2171
1134 312 443
1135 900 1520
1136 1808 129
1137 1116 46
1138 1100 2045
1139 152 1822
1140 527 67
1141 1377 433
1142 220 1283
1143 1286 1630
1144 1375 657
1145 909 319
1146 2363 1751
1147 1739 515
1148 865 2379
1149 700 1136
1150 1108 479
1151 922 1078
1152 1392 1428
1153 1468 1466
1154 474 205
1155 2130 1303
1156 1131 2270
1157 782 1188
1158 1687 459
1159 1655 1058
1160 2170 1983
1161 1287 1637
1162 1847 129
1163 264 1201
1164 1227 146
1165 1727 778
1166 1023 1958
1167 901 1520
1168 1631 1553
1169 2250 690
1170 1111 749
1171 1352 559
1172 2189 928
1173 485 830
1174 530 1325
1175 110 906
1176 54 919
1177 2020 1119
1178 865 2516
1179 110 740
1180 679 935
1181 2107 1651
1182 208 225
1183 886 1204
1184 123 1017
1185 1348 469
1186 472 1407
1187 680 2188
1188 748 2361
1189 1356 2163
1190 1706 175
1191 2133 274
1192 281 1659
1193 896 772
1194 1105 749
1195 2107 1699
1196 406 1941
1197 114 1239
1198 2350 636
1199 123 879
1200 909 1551
1201 110 775
1202 1933 2352
1203 831 2060
1204 1100 2064
1205 1227 185
1206 865 2391
1207 447 1924
1208 1474 882
1209 2160 1751
1210 549 723
1211 713 618
1212 1631 1548
1213 1676 1156
1214 146 1587
1215 316 1325
1216 2334 690
1217 1392 657
1218 870 949
1219 90 1822
1220 312 502
1221 366 809
1222 860 2361
1223 927 455
1224 1726 515
1225 508 605
1226 105 1587
1227 327 179
1228 679 1166
1229 571 2200
1230 1812 2249
1231 571 2057
1232 865 2401
1233 1463 874
1234 1812 2307
1235 2189 1021
1236 824 374
1237 2038 2164
1238 264 1228
1239 146 631
1240 678 1138
1241 1433 907
1242 690 932
1243 1585 972
1244 356 1345
1245 2363 1877
1246 123 779
1247 1781 459
1248 2179 1530
1249 678 1050
1250 533 1330
1251 1466 1466
1252 408 1924
1253 695 2057
1254 613 879
1255 220 1363
1256 2132 1303
1257 2342 1751
1258 739 38
1259 680 2247
1260 865 2474
1261 909 320
1262 1191 1428
1263 88 1822
1264 387 1943
1265 264 1353
1266 927 1176
1267 772 949
1268 2162 1119
1269 1752 459
1270 1475 1553
1271 691 1941
1272 546 605
1273 1333 1540
1274 493 1407
1275 753 561
1276 261 1289
1277 73 1808
1278 1808 175
1279 1364 531
1280 862 1452
1281 327 110
1282 1413 1572
1283 482 830
1284 503 297
1285 551 784
1286 1419 2165
1287 1643 175
1288 1416 630
1289 2170 1942
1290 319 1036
1291 123 798
1292 533 1357
1293 684 1941
1294 83 1587
1295 2189 824
1296 771 949
1297 2114 1303
1298 1721 175
1299 83 1239
1300 1352 518
1301 896 861
1302 239 1036
1303 1734 2180
1304 1403 1428
1305 79 631
1306 246 539
1307 1171 59
1308 927 538
1309 2116 737
1310 872 1423
1311 303 539
1312 1659 1588
1313 1143 906
1314 1808 157
1315 1774 792
1316 1775 1601
1317 493 297
1318 774 -55
1319 2189 898
1320 1131 2475
1321 1377 429
1322 1030 362
1323 2262 690
1324 1171 64
1325 1742 1673
1326 2003 1931
1327 2038 2005
1328 1677 1058
1329 1486 890
1330 468 2066
1331 1070 819
1332 896 811
1333 1869 1191
1334 1463 853
1335 689 932
1336 123 948
1337 1317 1637
1338 36 648
1339 1284 1540
1340 2 670
1341 2068 274
1342 2179 1476
1343 680 2361
1344 1367 805
1345 468 2073
1346 2302 1751
1347 327 227
1348 749 2127
1349 331 1554
1350 1121 2143
1351 123 826
1352 907 -55
1353 1585 955
1354 549 646
1355 220 1239
1356 2363 1836
1357 1790 2077
1358 1659 1635
1359 366 779
1360 680 2200
1361 1220 937
1362 1282 906
1363 1023 1976
1364 720 2361
1365 500 830
1366 1407 1014
1367 2015 1942
1368 324 1943
1369 713 734
1370 1105 844
1371 1119 749
1372 1429 1553
1373 2350 616
1374 857 561
1375 549 784
1376 1479 1466
1377 110 883
1378 153 1036
1379 936 2516
1380 2189 1041
1381 321 1064
1382 1367 654
1383 1121 2153
1384 927 482
1385 2106 1290
1386 678 1061
1387 155 1781
1388 469 610
1389 700 949
1390 1009 34
1391 349 1325
1392 110 907
1393 474 213
1394 1679 1058
1395 1364 373
1396 264 779
1397 288 779
1398 527 1325
1399 862 1493
1400 533 1404
1401 454 1345
1402 2038 2352
1403 1186 906
1404 1239 1012
1405 135 1822
1406 306 1363
1407 1338 561
1408 2 859
1409 142 1822
1410 1009 -22
1411 264 1233
1412 1100 2074
1413 1332 479
1414 264 1184
1415 1172 1536
1416 1692 642
1417 220 1551
1418 1270 1540
1419 280 1943
1420 261 1243
1421 1413 1637
1422 281 1658
1423 445 1345
1424 1189 1338
1425 680 2277
1426 321 1154
1427 83 1481
1428 123 878
1429 280 1316
1430 266 1781
1431 1223 778
1432 1671 1058
1433 1419 2253
1434 1239 561
1435 2158 274
1436 1585 984
1437 1312 1576
1438 83 1377
1439 1617 79
1440 679 1941
1441 1454 772
1442 2350 388
1443 472 1358
1444 2125 274
1445 571 1982
1446 2189 737
1447 1669 1156
1448 83 1471
1449 252 779
1450 1812 2243
1451 2164 2005
1452 2179 1303
1453 2350 685
1454 1192 2163
1455 1617 55
1456 1463 876
1457 1847 1189
1458 1519 53
1459 1790 2044
1460 615 874
1461 281 1781
1462 809 2127
1463 1647 1076
1464 2100 737
1465 2179 1308
1466 946 -55
1467 83 1790
1468 1189 1348
1469 1105 777
1470 1309 2163
1471 1333 1576
1472 1191 2163
1473 1636 483
1474 2218 1178
1475 288 1551
1476 471 605
1477 2192 1877
1478 110 648
1479 678 1139
1480 996 1994
1481 2038 2327
1482 613 869
1483 1052 2088
1484 1484 882
1485 1585 963
1486 1591 955
1487 2117 737
1488 2142 1645
1489 208 414
1490 79 515
1491 197 1913
1492 2178 1197
1493 2179 1533
1494 743 1166
1495 693 1941
1496 112 1822
1497 1286 906
1498 571 2054
1499 2063 1931
1500 967 1994
1501 1227 53
1502 1408 772
1503 2 817
1504 659 2160
1505 1636 580
1506 2091 1942
1507 2020 1178
1508 1857 1189
1509 749 2057
1510 1523 904
1511 1770 1191
1512 1808 169
1513 1648 606
2 622 182 
2 623 1051 
2 349 35 
2 1510 410 
2 1101 328 
2 758 1358 
3 1505 311 495 
2 26 1177 
3 685 486 383 
2 900 902 
2 565 424 
2 603 39 
2 503 1458 
2 417 155 
2 1021 1379 
2 181 67 
2 18 240 
2 1226 1294 
2 554 16 
2 193 931 
2 1355 900 
2 419 896 
2 211 582 
2 1303 1133 
3 800 246 299 
2 843 156 
2 1507 7 
3 57 1086 422 
2 761 1411 
2 637 394 
2 191 396 
2 201 452 
3 1182 459 1105 
2 658 828 
2 605 1293 
2 2 1114 
3 1483 55 551 
3 1139 918 1082 
2 1207 273 
3 11 388 1002 
2 379 650 
2 1121 66 
2 1403 1313 
3 255 745 1015 
2 109 966 
2 773 1116 
2 238 507 
3 281 329 408 
2 149 1120 
2 73 1193 
2 82 948 
2 546 706 
2 1345 1330 
2 526 428 
2 372 263 
2 36 862 
2 1331 234 
2 936 27 
2 468 734 
2 1158 195 
2 1494 118 
2 932 922 
2 1448 1438 
2 1150 1111 
2 1363 322 
2 1276 1420 
2 41 620 
2 15 69 
3 254 1441 1513 
2 67 124 
4 484 841 1281 928 
2 94 248 
2 814 181 
2 1040 49 
3 1161 1138 1143 
2 749 304 
3 1016 1273 260 
3 1125 351 164 
2 672 1244 
4 887 1167 519 91 
2 1160 241 
2 643 635 
2 835 50 
2 544 837 
2 1205 877 
3 1144 795 780 
2 562 367 
2 91 1266 
2 1187 670 
2 1011 101 
2 100 766 
4 1120 79 87 735 
2 971 1324 
2 789 287 
2 683 71 
3 1038 1145 494 
2 863 1360 
3 1399 741 1157 
3 291 1384 803 
2 938 1124 
3 806 1473 90 
2 89 239 
2 216 123 
3 915 955 204 
2 497 458 
2 1137 597 
2 324 617 
4 757 797 758 654 
2 1415 935 
2 1390 44 
2 1009 249 
2 754 1511 
3 1134 589 883 
2 371 786 
2 314 390 
2 421 1126 
2 1083 479 
3 350 1499 436 
3 60 1157 472 
2 1400 725 
4 1146 1442 1131 281 
2 670 1504 
2 642 465 
2 102 1302 
2 69 1117 
2 976 1501 
2 627 604 
2 808 296 
3 1443 1401 1398 
3 1124 1333 545 
2 1099 712 
2 1420 516 
2 155 1239 
2 759 1055 
2 1184 730 
3 472 1228 1020 
3 453 1104 978 
2 1477 336 
3 1375 637 1210 
2 1445 525 
2 1229 400 
3 249 991 459 
3 1064 508 1383 
2 975 352 
2 1206 778 
2 1482 448 
2 632 221 
2 904 1176 
2 482 700 
3 1424 48 323 
3 1459 242 797 
2 441 860 
2 1335 959 
2 261 1486 
2 1001 800 
2 13 132 
2 25 603 
2 1463 1007 
2 1162 376 
2 233 1387 
2 704 618 
2 344 177 
3 511 612 1012 
3 1416 410 254 
2 77 779 
2 709 411 
2 751 427 
2 732 1368 
3 1381 1290 395 
2 1316 308 
2 458 412 
3 828 698 558 
2 741 1274 
2 947 1301 
2 1062 406 
2 191 1268 
2 1300 698 
2 161 205 
2 1049 1031 
2 1511 1108 
2 838 368 
2 72 15 
2 0 1013 
2 1413 632 
2 1379 1178 
2 639 1014 
2 1490 270 
2 290 362 
2 297 602 
2 1169 530 
2 542 1370 
3 610 175 30 
2 208 1121 
2 1202 19 
3 869 358 441 
2 59 766 
2 1374 690 
3 877 227 971 
2 1416 846 
2 210 238 
2 491 382 
3 1071 794 31 
2 1422 401 
2 473 1214 
4 103 665 1207 889 
2 177 964 
2 1043 915 
2 1264 732 
2 1315 192 
2 1025 1265 
2 610 199 
3 619 1032 22 
2 1382 810 
2 1227 423 
2 435 324 
2 657 1099 
2 1290 102 
2 1152 878 
2 536 251 
2 676 1346 
2 871 1079 
2 146 321 
2 460 1311 
2 434 1327 
2 1346 1209 
3 463 694 1369 
2 1166 461 
3 1395 1038 197 
2 266 1279 
2 1333 1056 
2 1464 309 
2 333 919 
2 1462 1348 
2 1130 159 
2 56 856 
2 571 544 
2 509 950 
2 1444 1341 
2 199 46 
2 101 366 
2 16 833 
2 80 1289 
2 150 682 
3 1513 1505 806 
2 317 710 
2 397 285 
2 401 24 
2 593 887 
4 71 1034 1197 259 
3 110 648 141 
3 1203 1462 635 
2 218 1487 
2 725 1107 
2 1058 1262 
3 163 549 68 
2 1075 43 
2 1334 549 
3 1228 380 695 
2 305 1500 
4 1378 248 1299 1184 
2 76 1304 
3 922 647 153 
3 1185 930 1015 
2 54 1374 
2 433 527 
3 979 872 1165 
3 1032 660 228 
3 739 1218 532 
2 714 1142 
2 1347 361 
2 186 899 
2 393 854 
2 480 1365 
2 38 1252 
2 765 1188 
3 1350 1050 1421 
2 1165 485 
2 1004 1363 
2 667 1412 
2 974 1456 
2 1269 1158 
3 120 47 1162 
3 1369 640 1211 
2 1143 561 
3 945 543 801 
2 245 1054 
2 1156 565 
2 93 1351 
2 774 1134 
2 519 891 
2 328 187 
2 687 98 
2 777 351 
2 470 1246 
2 977 691 
2 914 806 
2 127 476 
2 1311 188 
5 581 1343 1178 980 697 
3 332 24 1417 
2 993 747 
2 521 1120 
3 1257 965 496 
2 1397 1122 
2 75 470 
2 535 258 
3 888 354 956 
2 319 1162 
4 169 816 767 957 
2 230 961 
2 928 728 
3 780 1000 6 
2 1438 1118 
2 831 783 
2 750 114 
2 1198 1373 
3 442 864 1004 
2 1342 244 
2 482 1276 
2 1088 307 
3 909 1354 1272 
2 221 1150 
2 64 1166 
3 950 149 1404 
2 214 106 
2 409 1256 
3 705 1125 1431 
2 517 807 
2 4 290 
3 1435 1074 47 
2 1215 429 
2 541 784 
2 1475 299 
2 998 231 
2 990 1493 
2 1426 512 
3 137 744 686 
2 736 395 
2 1201 994 
2 1457 853 
2 960 1024 
2 746 1021 
2 747 1439 
2 359 538 
2 867 161 
2 1216 821 
2 576 943 
2 941 555 
4 1461 600 1349 741 
2 1359 2 
2 686 117 
3 292 542 77 
2 143 546 
2 891 960 
3 355 773 306 
3 548 354 1087 
2 1352 671 
2 919 497 
2 194 1361 
2 1018 343 
3 673 1410 740 
2 269 1227 
2 187 1442 
2 1036 1427 
2 1022 638 
3 429 1265 1429 
2 239 939 
2 86 1454 
2 180 722 
2 989 1069 
2 591 996 
2 1343 113 
2 968 54 
5 1162 1136 1455 450 673 
3 939 1094 871 
2 1115 522 
2 158 1136 
2 1022 945 
3 1014 1494 739 
2 403 40 
3 1250 1174 257 
3 1481 653 794 
2 200 1139 
3 1200 8 1167 
2 1319 1295 
3 809 417 661 
2 1452 409 
2 1112 726 
4 399 970 1236 39 
3 1288 897 1505 
4 1037 114 1414 645 
2 1447 743 
2 1222 765 
2 490 271 
2 29 1476 
3 337 168 793 
2 30 1380 
2 1402 245 
2 1210 831 
3 451 1275 388 
3 895 140 1231 
2 202 246 
4 1019 563 857 682 
2 588 379 
2 1279 464 
2 1265 500 
2 174 514 
2 1061 975 
2 47 1088 
2 386 325 
4 3 1097 974 163 
3 165 611 596 
3 170 717 1119 
2 1228 731 
2 779 892 
2 537 1180 
3 796 779 642 
4 1478 13 548 385 
2 439 1026 
2 1065 21 
2 902 655 
4 1501 634 115 1410 
3 27 1213 729 
2 213 1281 
3 10 630 1470 
2 460 1220 
2 1024 1060 
2 166 1367 
2 53 1501 
3 330 799 365 
2 1282 893 
2 1081 646 
2 1258 771 
2 1418 264 
2 822 223 
2 1104 214 
3 817 117 823 
3 608 969 993 
2 543 859 
4 811 980 418 1277 
2 927 692 
3 1362 194 151 
2 551 316 
2 1078 1300 
2 1270 1372 
3 1441 1217 1288 
3 505 1419 980 
2 1272 1225 
2 145 826 
2 933 451 
2 373 503 
2 449 399 
3 31 1289 1477 
4 931 533 136 1234 
2 788 456 
2 903 884 
2 454 1231 
2 1218 983 
3 104 170 1086 
3 1009 141 32 
3 661 222 425 
3 226 592 527 
2 727 1345 
3 1296 599 225 
2 404 658 
2 122 981 
2 925 798 
2 935 521 
2 1072 58 
2 1050 641 
2 304 293 
3 493 1277 614 
2 118 135 
2 1129 203 
3 1310 882 1123 
2 1092 1029 
2 296 1331 
2 1320 937 
2 1332 812 
2 116 679 
2 680 272 
2 1135 696 
3 1025 148 318 
3 866 739 852 
2 585 70 
2 276 636 
2 8 1495 
2 1127 1497 
2 666 946 
2 729 910 
2 1003 393 
2 711 200 
2 697 727 
3 1467 471 1294 
2 95 716 
2 6 572 
2 302 849 
3 357 559 104 
2 1195 529 
2 552 754 
2 405 761 
2 720 1475 
3 597 716 1390 
2 450 12 
2 674 988 
2 1491 446 
3 1252 1196 568 
2 46 1507 
3 630 752 142 
2 649 236 
2 735 601 
3 791 162 1146 
2 335 738 
2 564 1163 
3 406 886 903 
2 818 533 
3 131 1355 997 
2 963 327 
2 1235 1172 
2 79 289 
2 812 1193 
2 467 301 
2 375 768 
2 984 970 
3 1110 940 541 
2 139 955 
2 1164 53 
3 264 461 1415 
3 802 1129 1417 
2 498 1181 
2 189 1059 
2 1453 1198 
2 267 947 
4 515 746 1320 453 
2 1488 924 
2 875 305 
2 1446 218 
2 731 415 
2 343 701 
2 769 1196 
2 631 1489 
2 524 331 
2 351 190 
3 284 438 1241 
2 235 83 
3 129 1035 1507 
2 352 51 
2 568 550 
2 417 355 
3 256 1096 254 
2 547 1491 
3 1138 36 442 
2 926 499 
2 1017 968 
3 1275 18 770 
2 347 578 
2 740 1466 
2 1431 796 
2 171 1395 
3 1212 717 497 
2 783 1354 
2 283 573 
2 1470 86 
2 578 402 
2 1238 513 
2 286 10 
2 1186 1443 
2 1312 816 
3 506 547 1461 
2 1322 843 
2 1465 1452 
3 787 235 1254 
2 495 1473 
3 1437 561 1339 
3 691 1019 1357 
2 1385 587 
2 815 346 
2 1197 1299 
2 555 563 
3 1281 934 728 
2 956 589 
2 1066 298 
2 22 608 
2 807 1469 
2 616 1459 
2 951 484 
2 590 802 
2 575 772 
2 988 403 
3 580 1089 112 
2 1430 586 
2 645 370 
2 461 952 
3 952 1200 247 
2 836 1066 
2 625 1067 
2 411 917 
2 105 502 
2 1000 913 
2 463 916 
2 348 1001 
2 510 866 
2 188 1306 
2 156 11 
2 126 764 
2 1271 34 
2 1301 1332 
2 832 1355 
2 582 437 
2 1398 1023 
3 1474 210 191 
3 855 759 411 
3 162 849 1216 
2 890 1445 
3 1176 471 1408 
3 790 1431 795 
3 688 584 1132 
2 106 1077 
2 160 693 
3 766 898 211 
2 66 636 
3 1289 1506 744 
2 1091 0 
3 1262 935 1 
2 694 1242 
2 1076 595 
2 880 869 
2 718 126 
2 1255 714 
3 1193 909 834 
2 424 508 
2 1087 540 
2 183 146 
2 782 859 
2 1307 421 
3 81 250 685 
3 620 485 1416 
4 138 1359 1388 29 
2 364 1510 
2 1266 185 
3 881 1027 282 
3 469 1045 667 
2 416 122 
2 1029 81 
2 1440 1039 
3 390 683 591 
2 431 1347 
3 261 1366 1436 
4 1338 1340 991 249 
2 1366 509 
3 40 1134 886 
2 1069 861 
2 1329 1097 
2 381 1090 
2 107 1316 
2 420 1197 
2 1098 668 
2 659 215 
2 464 33 
2 854 657 
3 266 1407 1171 
4 1476 385 460 674 
2 853 936 
2 908 1298 
2 1209 817 
2 722 204 
3 1257 1488 488 
2 641 278 
2 656 775 
2 745 933 
3 88 121 1348 
2 356 756 
3 1044 78 1055 
2 373 360 
2 661 504 
2 985 1048 
2 1257 219 
2 1341 1074 
2 847 703 
2 479 1490 
2 917 480 
3 696 889 891 
3 242 402 1325 
2 645 94 
2 886 1081 
3 635 1509 8 
2 336 350 
2 1084 291 
2 943 616 
3 907 852 1370 
2 196 870 
3 294 574 815 
2 440 1112 
2 618 879 
3 911 624 225 
2 257 1479 
2 481 681 
3 298 1419 492 
3 176 1185 171 
2 1365 1173 
2 148 1063 
2 538 939 
2 913 1141 
2 678 813 
2 1059 160 
2 1344 326 
2 51 1386 
2 1402 1481 
2 1239 1305 
2 837 165 
2 244 724 
2 980 491 
2 130 901 
2 1080 914 
2 628 268 
2 1373 1101 
3 494 1011 502 
3 559 893 412 
3 753 627 1435 
2 946 1005 
4 1349 501 1406 1186 
2 957 1385 
3 368 769 665 
2 1213 1447 
2 710 776 
2 119 252 
2 387 805 
2 492 462 
4 771 310 579 871 
2 422 489 
2 134 1336 
2 413 537 
2 207 167 
2 873 1393 
2 58 881 
2 91 510 
2 1283 337 
2 1504 925 
2 512 1381 
4 483 378 1151 267 
2 360 556 
4 348 172 1400 97 
2 1148 1128 
3 391 1376 906 
3 621 1499 336 
2 43 669 
2 533 341 
2 300 342 
2 1245 1356 
2 1449 75 
2 1102 314 
2 1506 166 
4 508 1128 1462 1045 
2 1131 718 
2 499 111 
2 794 1160 
2 671 1318 
2 924 107 
4 107 1325 5 1312 
3 1423 133 611 
2 1492 1124 
2 500 28 
2 1406 799 
2 1309 1464 
2 604 1091 
2 392 274 
3 195 90 619 
2 308 998 
2 522 1085 
3 722 1264 539 
2 554 984 
2 432 728 
2 587 938 
2 354 45 
2 792 288 
2 668 1008 
2 724 1465 
2 1313 292 
2 144 1148 
3 164 414 416 
3 897 85 311 
2 962 1267 
2 1366 633 
2 313 560 
3 331 1344 1049 
2 948 809 
3 113 1229 1425 
3 845 571 1460 
2 1253 454 
2 1428 93 
2 1502 615 
3 1356 1257 511 
2 1220 774 
2 395 1221 
4 381 1451 755 201 
4 85 615 1382 1000 
2 557 416 
3 1326 150 107 
2 466 895 
3 1244 762 429 
2 154 24 
2 284 1329 
3 586 1130 528 
3 981 98 844 
3 1376 1153 932 
2 726 1067 
4 1224 295 243 100 
2 327 583 
2 852 127 
2 785 385 
2 212 1032 
2 1263 439 
2 478 520 
2 703 822 
2 1268 72 
2 691 576 
3 567 1168 308 
2 664 436 
2 515 1402 
2 1421 876 
2 1245 1071 
2 345 1323 
2 813 434 
2 436 1195 
2 1035 1508 
2 1247 1269 
3 1028 448 1285 
2 1499 1326 
2 33 171 
2 1337 1161 
2 1500 1065 
2 398 313 
2 1142 607 
2 240 1073 
2 629 1275 
2 944 82 
2 1229 594 
2 83 709 
2 1330 180 
3 1015 1322 1038 
2 1251 1016 
2 1046 70 
3 1246 923 1478 
2 569 25 
3 1111 803 1223 
2 881 787 
2 198 1080 
2 1100 678 
2 1372 893 
3 496 1474 612 
2 1189 1470 
2 1248 1342 
3 689 483 808 
2 339 662 
2 271 659 
2 1023 611 
2 234 1040 
3 1286 1189 402 
2 1117 1177 
3 438 633 1127 
2 151 1006 
2 651 1327 
3 55 1203 1033 
2 1259 96 
2 316 1033 
2 1107 1292 
2 601 483 
2 1458 344 
2 1026 1408 
2 626 194 
2 690 1275 
3 374 728 220 
3 910 1394 265 
2 884 733 
3 1055 1391 985 
2 1480 535 
2 819 1337 
2 84 197 
2 217 1058 
2 693 961 
2 1404 626 
4 959 734 845 640 
2 1280 474 
2 112 1105 
2 455 873 
2 921 1201 
3 514 650 684 
2 247 79 
2 1489 306 
3 681 204 1399 
2 1498 613 
3 289 681 353 
2 414 1371 
4 848 430 1273 717 
2 1293 1440 
2 798 400 
2 21 1113 
2 389 780 
2 1321 619 
2 270 1116 
2 20 9 
2 712 1433 
2 9 420 
3 1317 514 455 
2 995 147 
2 1089 1182 
2 743 1463 
3 1361 689 1313 
2 1278 663 
3 629 1211 320 
2 489 872 
2 1389 694 
2 1111 1015 
2 598 702 
2 713 295 
2 206 103 
2 599 1389 
2 596 680 
2 37 1467 
2 231 357 
2 1168 1270 
2 1377 885 
3 1159 61 261 
2 1179 842 
3 534 1181 757 
2 737 466 
2 1056 552 
2 1151 440 
3 1140 70 310 
2 1154 1046 
3 1300 1413 262 
2 19 453 
3 1007 804 61 
2 669 449 
2 579 1105 
3 108 467 623 
2 662 57 
2 477 1156 
2 772 99 
3 366 701 374 
2 1095 524 
2 1133 347 
2 1205 1164 
2 346 688 
2 1388 835 
2 377 284 
2 488 719 
2 532 173 
2 50 785 
2 1370 963 
2 236 323 
3 970 585 1140 
3 592 1113 593 
2 966 1410 
2 1503 1115 
2 525 103 
2 306 580 
3 1297 308 721 
2 994 1179 
3 152 1180 881 
2 353 340 
3 879 309 967 
2 983 781 
2 949 517 
2 205 976 
3 302 1452 1492 
2 44 953 
3 961 1147 972 
2 553 372 
3 437 1395 1205 
4 388 523 1284 951 
2 197 92 
2 967 1247 
2 1175 1377 
2 410 279 
2 407 143 
2 964 125 
2 1450 294 
2 136 1052 
2 1315 265 
4 446 298 439 711 
3 1434 465 803 
3 1184 995 1392 
2 457 962 
2 770 523 
3 874 675 1426 
2 1348 1509 
2 1427 1448 
2 504 588 
2 1451 369 
2 1005 334 
3 141 648 1105 
2 1384 1223 
3 1287 437 300 
2 338 958 
2 982 904 
3 1302 370 1378 
2 516 1034 
2 767 333 
2 1472 1064 
3 311 795 598 
2 600 154 
2 39 1057 
2 1070 490 
3 316 1480 277 
2 719 990 
2 860 1403 
3 157 932 1432 
2 775 1446 
3 1116 110 459 
2 1399 1280 
2 716 89 
2 162 1453 
2 182 1435 
4 185 1183 1123 378 
4 262 912 43 839 
2 840 76 
3 1194 553 1308 
2 1236 359 
2 574 402 
2 135 1149 
2 341 14 
3 1353 377 364 
2 609 855 
2 340 426 
3 1406 482 209 
2 418 868 
2 640 1028 
3 1027 1093 826 
2 475 643 
2 1407 1434 
2 178 1441 
3 810 266 211 
3 864 862 1092 
3 1414 997 248 
2 545 824 
2 1294 363 
2 1048 390 
3 227 839 95 
2 644 1043 
3 856 73 1194 
2 1478 1338 
2 1045 1483 
2 1039 206 
2 1423 672 
3 641 752 1042 
2 929 841 
2 1509 1253 
2 675 1037 
3 1096 784 178 
2 275 469 
2 1 1468 
2 978 1303 
2 1243 1485 
2 285 1202 
3 133 672 874 
2 229 926 
2 1002 1261 
2 878 253 
2 530 704 
3 426 1310 1183 
2 1240 407 
2 1073 174 
2 700 1255 
2 999 142 
2 830 419 
2 594 581 
3 805 595 1389 
2 1308 1084 
2 369 651 
2 1077 1003 
2 820 201 
2 1249 468 
2 833 1062 
3 677 1158 329 
2 1223 255 
2 1109 625 
2 617 1070 
2 1171 443 
3 1318 220 1105 
2 846 713 
2 684 431 
3 1387 37 1226 
2 1305 116 
2 1068 687 
2 768 1340 
3 1108 458 27 
3 1306 355 631 
3 408 1278 319 
2 589 905 
2 653 1103 
3 764 1247 622 
3 1033 475 1500 
2 1460 1028 
2 374 1258 
2 1127 940 
2 549 1049 
3 652 1484 410 
2 1295 656 
2 215 130 
2 1237 847 
2 715 4 
2 1429 750 
2 1090 1237 
2 136 435 
5 934 883 32 991 1079 
2 1433 1286 
2 252 865 
2 179 1086 
2 1149 1076 
4 1208 1241 524 1456 
3 63 844 912 
2 692 387 
2 896 952 
2 35 1397 
2 954 375 
3 45 899 1009 
2 124 858 
2 312 1299 
2 412 1376 
3 48 301 91 
3 192 41 1464 
2 303 1396 
3 474 1157 1014 
3 760 99 129 
2 326 77 
2 115 1137 
3 859 487 1095 
3 742 1222 752 
2 528 473 
2 802 233 
2 120 753 
3 1367 616 1326 
2 23 941 
3 650 288 112 
2 1167 481 
3 376 1314 373 
2 1126 105 
3 1204 551 74 
3 382 1409 37 
2 951 928 
2 702 1321 
2 268 832 
2 74 283 
2 1217 85 
2 1261 95 
2 511 120 
2 967 1224 
2 778 742 
2 1020 1109 
2 321 63 
2 739 927 
2 1304 217 
2 804 1251 
2 1393 929 
2 1256 1297 
2 937 286 
3 1123 97 118 
3 280 59 1074 
2 1432 922 
2 755 80 
2 829 74 
4 281 307 158 373 
2 513 1414 
2 942 526 
2 265 276 
2 322 226 
3 383 1135 79 
3 816 920 1212 
2 1323 189 
2 1371 1194 
2 660 1078 
2 518 1319 
2 699 1283 
2 380 1398 
2 1392 973 
3 147 1299 614 
3 858 7 1315 
4 184 298 1343 1260 
2 958 923 
2 415 959 
2 529 924 
2 905 32 
2 1060 1014 
3 259 982 134 
2 698 262 
3 1274 720 566 
2 1360 88 
2 274 1364 
2 857 850 
2 1298 1287 
2 1435 1444 
2 1461 1422 
3 49 520 629 
4 1170 1469 1040 1017 
2 823 498 
2 539 506 
3 655 577 248 
2 531 315 
2 1336 1428 
2 593 383 
2 885 338 
2 1054 193 
2 862 250 
2 1412 1138 
3 969 84 942 
2 1232 144 
2 204 38 
2 1484 1110 
2 224 664 
2 138 398 
2 282 909 
2 1168 559 
2 422 723 
2 203 1226 
2 1391 330 
2 612 345 
2 445 1144 
2 267 457 
2 1496 1263 
2 425 792 
2 793 1359 
2 1128 392 
3 844 992 1075 
2 1147 806 
2 447 1476 
3 1214 1082 17 
2 361 213 
3 135 257 413 
3 786 836 140 
2 1234 1450 
3 456 400 1498 
2 1260 1206 
2 1456 1334 
2 453 1230 
2 1380 518 
2 388 1018 
2 1103 1100 
2 1411 564 
2 132 708 
2 1479 1061 
2 543 1110 
2 624 1335 
2 1436 1053 
2 78 799 
3 1402 820 748 
3 293 1291 842 
3 972 825 1091 
2 1493 851 
2 1386 1072 
2 1292 380 
2 1153 840 
2 273 506 
2 1047 788 
2 571 1482 
3 1063 1417 628 
2 325 1155 
4 791 676 666 302 
2 1094 432 
2 1425 863 
2 1178 1232 
2 1057 1145 
2 253 623 
2 1219 811 
2 769 207 
3 209 405 365 
2 87 639 
2 781 1296 
2 175 814 
2 825 280 
2 920 444 
2 1495 605 
2 320 447 
3 893 1339 76 
2 172 1186 
4 870 834 554 399 
2 318 65 
2 439 471 
3 1088 908 1512 
2 228 404 
2 1010 882 
3 423 579 70 
3 1312 1471 430 
2 1173 736 
2 970 1317 
2 826 1375 
2 1106 857 
2 1190 993 
2 445 389 
3 241 621 452 
2 168 216 
2 1351 1246 
2 865 1250 
2 34 894 
3 17 493 1036 
2 384 1098 
2 1267 463 
2 1155 957 
2 663 1190 
4 577 1118 1176 259 
3 443 930 176 
2 173 606 
2 123 996 
2 1052 23 
3 260 1152 1366 
3 708 1338 1083 
2 602 1087 
2 1324 634 
2 1017 1068 
2 1487 763 
2 1060 474 
2 222 297 
3 758 1282 567 
3 42 907 777 
2 1512 1136 
3 1177 979 208 
2 654 169 
2 1284 903 
2 756 1079 
2 1172 384 
3 533 477 1433 
2 1141 898 
2 839 569 
3 821 1446 1169 
2 92 1307 
2 682 758 
3 827 1132 797 
3 861 223 1367 
2 1394 1432 
2 801 652 
2 52 838 
2 476 56 
2 606 478 
2 129 229 
2 1233 256 
2 1242 152 
2 730 1199 
2 876 829 
3 1041 648 1305 
3 1273 573 1418 
2 1085 648 
2 237 677 
2 851 317 
4 1364 1178 298 371 
2 784 705 
2 462 52 
2 219 224 
2 646 269 
3 232 670 986 
2 348 720 
2 1383 275 
2 287 1291 
2 1466 356 
3 1486 1485 1022 
2 560 320 
3 607 20 516 
2 748 791 
2 574 1459 
3 5 1421 1471 
3 1221 349 637 
2 96 1187 
2 358 907 
2 1497 441 
2 277 64 
2 1188 1343 
3 272 699 1375 
4 1304 649 782 647 
3 427 1327 1132 
2 167 1419 
2 225 282 
3 190 689 949 
2 892 1170 
2 444 848 
2 315 715 
2 263 196 
3 1285 1365 138 
3 1119 804 743 
2 973 921 
2 996 259 
2 14 184 
2 396 1235 
2 738 168 
2 795 212 
2 142 1350 
2 98 992 
2 721 575 
2 706 1249 
2 159 1082 
2 637 944 
3 916 1067 911 
2 502 109 
2 874 1215 
2 982 1175 
2 733 1154 
2 872 1328 
3 558 227 969 
2 1122 1449 
2 1114 303 
3 1174 128 609 
3 889 97 1010 
2 741 119 
2 128 1423 
4 818 397 707 1245 
2 1006 42 
2 323 880 
2 1409 1496 
3 720 1025 762 
2 660 1030 
3 614 868 1503 
2 1139 1405 
3 421 953 360 
2 28 1238 
2 278 1204 
2 930 183 
3 1163 1034 390 
2 527 108 
4 636 1486 163 198 
3 299 528 1255 
2 1339 433 
3 1368 697 446 
2 65 131 
3 275 819 1358 
2 1192 202 
3 1401 1044 759 
2 1468 149 
2 786 1259 
2 985 335 
2 363 987 
2 1199 789 
2 365 1102 
2 1461 590 
3 326 557 615 
3 1328 1007 1159 
3 901 1320 1106 
2 1030 981 
4 718 1013 1191 329 
2 647 1243 
2 1471 573 
2 62 312 
2 342 1455 
2 894 644 
4 1031 1502 445 68 
2 362 120 
2 566 128 
2 1191 237 
2 613 139 
3 1008 536 1323 
2 723 391 
2 987 62 
2 1396 749 
2 1230 977 
2 794 989 
3 570 386 965 
2 1012 531 
2 367 1472 
2 1439 373 
3 279 1110 1233 
2 1508 339 
2 12 867 
3 584 1357 150 
2 787 1093 
4 568 1430 1192 348 
3 752 232 250 
2 906 157 
3 763 1121 230 
2 776 570 
2 556 1352 
2 918 493 
2 1051 1424 
2 583 1194 
3 850 424 562 
3 1358 1437 1282 
2 1454 999 
2 572 100 
2 849 610 
2 501 332 
3 1225 394 661 
2 452 137 
3 842 1041 417 
2 695 1240 
2 1004 875 
2 707 381 
2 1254 145 
2 1042 36 
2 1097 1208 
2 1053 1353 
3 153 1353 1416 
2 251 1309 
2 666 534 
2 540 888 
2 679 186 
2 550 505 
2 965 760 
2 334 1248 
2 378 60 
2 486 1271 
2 1405 1219 
2 487 1362 
2 1231 890 
3 744 827 117 
3 258 1092 830 
3 125 428 421 
2 1441 790 
2 1408 954 
2 121 737 
3 243 389 6 
2 621 751 
3 507 545 26 
2 824 1457 
3 986 1047 685 
2 638 3 
2 111 179 
2 1278 1314 
2 68 243 
