1437
0 935 1057
1 368 553
2 776 633
3 965 422
4 90 477
5 1361 948
6 477 1207
7 210 563
8 856 524
9 1353 703
10 1069 65
11 1026 788
12 968 884
13 92 239
14 904 678
15 729 407
16 196 93
17 488 772
18 164 425
19 1144 348
20 998 350
21 322 1129
22 935 909
23 168 415
24 761 1127
25 66 204
26 1116 317
27 124 778
28 910 729
29 402 912
30 795 261
31 390 731
32 602 825
33 1027 1237
34 1229 348
35 813 1172
36 1127 381
37 864 1172
38 1146 566
39 206 109
40 66 886
41 1120 1093
42 808 870
43 1141 1009
44 1129 250
45 813 257
46 390 792
47 472 1088
48 125 752
49 715 429
50 1129 276
51 850 738
52 891 620
53 800 429
54 1250 28
55 207 1342
56 1024 113
57 29 161
58 545 901
59 270 1039
60 96 477
61 712 738
62 935 952
63 523 660
64 734 237
65 1146 568
66 850 620
67 775 682
68 477 1123
69 1290 1178
70 390 716
71 1348 258
72 1047 965
73 1167 1237
74 1277 703
75 66 161
76 533 773
77 867 1095
78 277 977
79 688 716
80 883 1095
81 95 752
82 877 137
83 1123 1134
84 1146 1237
85 874 362
86 190 563
87 908 842
88 310 962
89 494 901
90 965 792
91 1084 305
92 492 782
93 1198 1227
94 1276 703
95 958 849
96 526 1088
97 612 1267
98 277 1056
99 1047 1237
100 1129 223
101 338 1000
102 793 261
103 122 1212
104 936 113
105 1205 948
106 1231 948
107 809 278
108 1146 604
109 282 965
110 470 988
111 217 563
112 864 1127
113 1357 1094
114 666 670
115 1198 1237
116 470 1088
117 150 1080
118 1126 1099
119 663 539
120 124 818
121 919 136
122 724 221
123 281 1005
124 277 568
125 1038 113
126 966 842
127 771 1172
128 1312 703
129 504 748
130 612 1256
131 583 466
132 642 416
133 663 474
134 666 625
135 728 170
136 397 716
137 495 660
138 1209 91
139 1047 1051
140 904 644
141 122 1080
142 174 479
143 15 404
144 202 275
145 -14 404
146 21 473
147 480 693
148 457 816
149 1146 670
150 828 257
151 997 65
152 66 238
153 869 391
154 102 1013
155 1019 358
156 66 944
157 88 477
158 1065 65
159 847 512
160 338 967
161 102 1076
162 26 664
163 -35 405
164 533 488
165 760 738
166 997 1057
167 642 282
168 164 445
169 851 890
170 874 275
171 877 1136
172 649 1151
173 168 284
174 477 1188
175 85 664
176 891 733
177 95 531
178 776 682
179 742 1172
180 856 227
181 729 283
182 1126 1134
183 856 349
184 180 1080
185 886 137
186 462 992
187 451 912
188 288 1129
189 268 1129
190 336 1104
191 1348 243
192 600 891
193 275 1039
194 761 1108
195 1099 941
196 1175 670
197 462 1069
198 338 1031
199 1141 997
200 1214 115
201 164 306
202 649 1129
203 390 820
204 373 553
205 1015 469
206 891 747
207 840 839
208 122 1268
209 281 529
210 139 581
211 729 357
212 1044 1057
213 991 22
214 1330 703
215 1120 1096
216 659 670
217 1141 1006
218 1214 122
219 284 553
220 470 772
221 492 836
222 21 262
223 642 335
224 1120 1103
225 1035 1057
226 975 776
227 139 661
228 413 271
229 479 18
230 21 368
231 1214 149
232 1146 567
233 1365 791
234 77 778
235 936 1142
236 239 1342
237 1138 91
238 -35 459
239 1173 -29
240 992 902
241 1365 784
242 1223 1212
243 1141 1017
244 1143 997
245 877 295
246 1301 223
247 1047 975
248 1015 441
249 470 1058
250 1047 113
251 850 730
252 779 407
253 319 109
254 936 1179
255 950 842
256 734 210
257 867 1198
258 373 154
259 605 660
260 642 459
261 408 1347
262 541 1358
263 554 670
264 296 109
265 477 1171
266 1290 1130
267 1198 1214
268 448 621
269 874 243
270 255 109
271 95 610
272 729 330
273 864 1210
274 583 496
275 470 968
276 15 615
277 377 619
278 877 281
279 1198 1217
280 800 1172
281 398 716
282 1365 752
283 349 1347
284 904 625
285 416 1111
286 1194 670
287 1159 1237
288 1290 1165
289 541 1344
290 935 977
291 864 1241
292 935 1051
293 95 506
294 964 792
295 164 404
296 1146 594
297 294 1129
298 1095 186
299 1066 115
300 813 349
301 1290 1204
302 909 842
303 164 330
304 1037 899
305 742 682
306 891 659
307 1413 896
308 1127 406
309 1179 1237
310 975 842
311 282 962
312 1110 421
313 196 1080
314 1250 56
315 1243 -29
316 705 1172
317 756 603
318 689 1129
319 95 561
320 477 1271
321 1024 883
322 377 147
323 1146 612
324 15 635
325 168 289
326 1290 1190
327 813 335
328 264 479
329 621 610
330 201 563
331 1250 91
332 663 531
333 277 1082
334 106 752
335 1084 214
336 164 272
337 612 1315
338 480 703
339 742 716
340 803 261
341 95 551
342 70 692
343 1123 115
344 1238 223
345 904 645
346 526 203
347 877 205
348 146 239
349 809 264
350 1117 941
351 322 1346
352 877 350
353 922 751
354 1348 348
355 1119 421
356 1069 91
357 990 22
358 122 1233
359 477 18
360 390 619
361 600 901
362 508 1219
363 547 670
364 851 884
365 1116 902
366 237 109
367 919 747
368 336 1123
369 338 964
370 1015 457
371 541 1334
372 -13 778
373 1290 348
374 -35 404
375 1116 -29
376 317 962
377 526 213
378 1155 186
379 920 350
380 1363 703
381 61 477
382 1166 997
383 82 962
384 1348 307
385 809 395
386 41 239
387 477 1236
388 304 962
389 837 1108
390 15 381
391 1047 1057
392 445 912
393 1368 948
394 968 1208
395 1195 223
396 847 479
397 462 993
398 451 915
399 805 444
400 1047 941
401 1013 884
402 448 564
403 1153 941
404 64 708
405 173 1076
406 805 468
407 1141 1072
408 281 986
409 840 840
410 269 563
411 935 918
412 950 1057
413 904 729
414 1198 91
415 500 137
416 462 1077
417 1123 1103
418 612 1382
419 586 1382
420 1012 550
421 687 531
422 56 477
423 66 202
424 1134 91
425 936 1191
426 1362 703
427 434 1123
428 196 70
429 277 1129
430 1085 186
431 1078 -29
432 336 1094
433 1187 186
434 288 1031
435 196 77
436 954 113
437 187 479
438 975 784
439 319 129
440 583 515
441 1102 -29
442 1365 740
443 904 605
444 541 1219
445 856 257
446 66 847
447 633 721
448 670 738
449 929 1135
450 639 1164
451 1348 223
452 243 1072
453 962 884
454 1167 348
455 1025 792
456 67 962
457 359 154
458 15 537
459 1084 317
460 808 854
461 1141 1053
462 1290 1176
463 159 1273
464 731 258
465 715 531
466 977 902
467 -35 427
468 935 947
469 831 738
470 925 751
471 610 1382
472 829 1172
473 1025 785
474 232 479
475 602 872
476 477 1146
477 338 1012
478 1265 1212
479 935 936
480 1125 317
481 1024 879
482 448 660
483 642 299
484 1214 182
485 557 466
486 470 960
487 716 1172
488 1253 997
489 633 740
490 743 603
491 541 1375
492 168 476
493 122 1203
494 780 261
495 377 128
496 734 196
497 923 113
498 1019 421
499 66 962
500 445 1123
501 935 969
502 21 308
503 977 38
504 840 751
505 1250 70
506 367 1347
507 886 849
508 243 977
509 472 1347
510 910 1135
511 666 621
512 1290 1212
513 194 93
514 514 146
515 473 18
516 976 1057
517 71 477
518 533 466
519 805 514
520 1413 904
521 1024 884
522 726 603
523 689 1159
524 508 1207
525 683 474
526 1290 1191
527 500 127
528 715 564
529 457 772
530 206 137
531 281 553
532 65 161
533 1204 1212
534 642 271
535 866 849
536 1351 1109
537 762 1172
538 1086 -29
539 809 407
540 168 297
541 500 70
542 448 553
543 -19 404
544 366 619
545 1413 873
546 168 440
547 277 591
548 377 837
549 851 1095
550 1408 818
551 1189 670
552 734 160
553 1070 115
554 1071 1237
555 957 842
556 66 951
557 322 1347
558 374 1347
559 801 569
560 377 52
561 954 786
562 1077 91
563 874 391
564 943 884
565 47 697
566 975 754
567 390 763
568 427 271
569 809 385
570 461 1347
571 500 84
572 852 884
573 486 670
574 825 257
575 206 226
576 504 660
577 448 598
578 69 708
579 642 361
580 933 422
581 903 1095
582 317 961
583 1150 348
584 1042 902
585 526 271
586 724 569
587 1413 819
588 102 1069
589 416 1347
590 470 1034
591 654 738
592 839 738
593 1216 91
594 941 729
595 877 1168
596 1101 902
597 15 380
598 850 661
599 779 569
600 541 1253
601 526 221
602 877 1127
603 1323 1109
604 852 890
605 168 404
606 281 526
607 1026 792
608 646 740
609 1126 1127
610 122 1114
611 323 961
612 533 515
613 521 670
614 281 501
615 273 1129
616 74 778
617 1111 1237
618 968 1191
619 497 18
620 663 580
621 1118 899
622 805 429
623 863 849
624 680 1129
625 1084 902
626 715 432
627 699 474
628 850 751
629 45 778
630 908 136
631 387 52
632 1129 246
633 874 373
634 457 883
635 650 1129
636 1348 234
637 781 738
638 127 752
639 406 553
640 850 742
641 1243 670
642 139 629
643 601 660
644 729 373
645 66 194
646 1365 730
647 541 1225
648 477 1134
649 1118 909
650 413 262
651 731 241
652 1258 703
653 1064 941
654 864 1198
655 474 1123
656 1274 1212
657 477 1127
658 975 792
659 390 712
660 268 986
661 508 1148
662 864 1095
663 122 1191
664 1015 443
665 719 1172
666 1265 703
667 1365 807
668 904 581
669 995 113
670 1069 -20
671 1196 186
672 338 1018
673 649 1164
674 187 93
675 1198 1212
676 33 506
677 1357 997
678 115 239
679 707 531
680 504 716
681 998 22
682 867 1241
683 1365 757
684 1126 1085
685 526 146
686 1011 909
687 480 670
688 728 202
689 1350 997
690 1007 884
691 721 603
692 1258 223
693 526 1148
694 946 909
695 1225 91
696 194 275
697 840 738
698 1264 703
699 518 1219
700 904 627
701 1047 980
702 1214 348
703 168 477
704 683 603
705 1212 223
706 1303 703
707 850 709
708 689 1172
709 410 553
710 1000 884
711 470 18
712 642 291
713 1365 818
714 1317 703
715 602 891
716 724 202
717 1118 421
718 1084 186
719 715 569
720 1086 941
721 277 563
722 1074 909
723 924 350
724 891 661
725 1120 941
726 288 1005
727 420 912
728 972 792
729 243 1039
730 95 603
731 173 275
732 642 314
733 809 283
734 21 459
735 1291 1109
736 920 422
737 226 1342
738 817 1172
739 874 213
740 1223 670
741 805 513
742 457 915
743 903 1122
744 339 553
745 1269 1212
746 438 912
747 1225 223
748 34 238
749 -13 767
750 371 915
751 641 740
752 520 1148
753 891 675
754 504 751
755 526 198
756 377 154
757 734 190
758 809 261
759 728 1172
760 1316 348
761 1034 550
762 21 477
763 742 706
764 1280 223
765 1026 898
766 405 52
767 377 836
768 871 620
769 729 261
770 194 479
771 -7 404
772 781 261
773 664 738
774 371 865
775 728 180
776 47 696
777 263 986
778 809 375
779 1199 1212
780 1145 186
781 487 772
782 -32 459
783 646 1164
784 851 1108
785 1305 703
786 756 738
787 667 1129
788 1184 348
789 413 253
790 1413 818
791 1235 997
792 131 661
793 470 1035
794 16 664
795 273 1039
796 1086 550
797 1129 315
798 139 584
799 646 738
800 477 1347
801 850 658
802 847 473
803 500 52
804 1084 244
805 139 752
806 935 923
807 1217 91
808 777 407
809 122 1256
810 1063 113
811 904 675
812 685 716
813 122 1115
814 548 271
815 418 52
816 847 422
817 1365 703
818 29 217
819 1322 223
820 989 113
821 457 832
822 666 603
823 564 660
824 731 237
825 277 619
826 761 1122
827 689 603
828 1026 784
829 850 644
830 122 1122
831 766 682
832 1113 317
833 477 1164
834 959 792
835 969 792
836 770 1127
837 974 849
838 1129 302
839 95 664
840 500 146
841 462 1026
842 1069 909
843 813 260
844 1364 703
845 319 154
846 29 171
847 602 773
848 742 261
849 1120 1012
850 935 902
851 508 1152
852 277 1039
853 1202 -29
854 1290 1172
855 504 773
856 1026 842
857 477 1295
858 856 201
859 904 607
860 910 890
861 602 868
862 198 1080
863 857 1172
864 1043 899
865 991 1057
866 975 113
867 1205 186
868 2 404
869 187 71
870 874 247
871 1357 1078
872 850 729
873 492 901
874 632 1218
875 777 261
876 982 350
877 1117 550
878 15 539
879 164 457
880 744 1172
881 159 1275
882 1027 1215
883 1250 -29
884 842 257
885 935 988
886 477 1168
887 525 1148
888 1060 22
889 856 354
890 1294 1109
891 398 712
892 734 216
893 1126 1074
894 774 1127
895 1084 310
896 1184 223
897 477 1144
898 761 261
899 891 646
900 469 1347
901 216 1080
902 112 239
903 891 631
904 657 1129
905 864 1204
906 612 1264
907 890 136
908 1038 1057
909 1151 941
910 268 1117
911 1250 37
912 497 47
913 888 350
914 856 391
915 858 890
916 122 1201
917 621 628
918 21 239
919 903 1135
920 850 706
921 729 345
922 96 708
923 935 890
924 -13 752
925 663 459
926 1290 1203
927 954 909
928 100 477
929 874 235
930 1210 186
931 973 902
932 1019 350
933 856 375
934 954 751
935 1274 948
936 612 1254
937 66 936
938 268 1107
939 1084 195
940 113 629
941 666 619
942 102 1036
943 281 1000
944 728 160
945 750 854
946 1047 997
947 1157 223
948 698 1172
949 1413 869
950 168 460
951 639 716
952 954 775
953 867 1127
954 591 901
955 481 670
956 1147 348
957 962 849
958 1126 1103
959 526 1110
960 470 45
961 480 716
962 904 617
963 277 1086
964 124 846
965 1084 218
966 919 729
967 962 902
968 457 778
969 977 22
970 47 708
971 1196 1237
972 1127 385
973 390 636
974 1025 113
975 776 603
976 1147 -29
977 470 994
978 663 470
979 1026 899
980 90 708
981 589 670
982 805 562
983 117 708
984 122 1092
985 377 820
986 915 747
987 1214 91
988 847 519
989 139 605
990 457 901
991 15 546
992 1092 941
993 1112 -29
994 66 908
995 807 407
996 847 524
997 1398 948
998 649 1146
999 1290 1118
1000 874 167
1001 377 82
1002 959 884
1003 1243 703
1004 531 670
1005 919 113
1006 1126 1131
1007 288 1110
1008 1120 1046
1009 375 1347
1010 -31 459
1011 1069 74
1012 477 1233
1013 1127 421
1014 477 1346
1015 904 524
1016 390 747
1017 642 384
1018 1250 348
1019 737 716
1020 683 1129
1021 1127 333
1022 1146 550
1023 904 676
1024 813 273
1025 776 638
1026 365 619
1027 840 843
1028 113 661
1029 1413 948
1030 95 525
1031 459 52
1032 277 618
1033 206 245
1034 877 1152
1035 492 817
1036 1180 186
1037 905 839
1038 541 1382
1039 895 839
1040 1323 223
1041 371 837
1042 -1 752
1043 44 239
1044 1060 550
1045 206 111
1046 15 506
1047 877 160
1048 164 477
1049 975 729
1050 874 371
1051 715 474
1052 1177 91
1053 457 881
1054 541 1296
1055 295 109
1056 1025 771
1057 605 670
1058 274 977
1059 462 960
1060 159 1268
1061 15 645
1062 215 109
1063 1069 22
1064 457 890
1065 649 1152
1066 1129 287
1067 195 1080
1068 864 1184
1069 1146 570
1070 877 146
1071 720 569
1072 633 726
1073 462 971
1074 319 139
1075 -12 404
1076 1035 899
1077 187 70
1078 277 1342
1079 908 849
1080 265 977
1081 599 271
1082 1108 909
1083 719 603
1084 1209 997
1085 1371 818
1086 165 1080
1087 632 1219
1088 612 1219
1089 911 849
1090 724 258
1091 874 364
1092 715 449
1093 908 840
1094 1230 670
1095 1141 91
1096 977 65
1097 962 842
1098 856 355
1099 338 1094
1100 967 113
1101 904 590
1102 462 1055
1103 1069 -29
1104 801 407
1105 583 492
1106 633 736
1107 63 664
1108 936 1135
1109 1012 524
1110 908 839
1111 1083 941
1112 1413 922
1113 153 1268
1114 159 1281
1115 996 113
1116 890 137
1117 1025 879
1118 124 802
1119 1319 223
1120 113 634
1121 497 46
1122 935 973
1123 168 479
1124 21 296
1125 -35 442
1126 1127 405
1127 377 133
1128 536 515
1129 1365 816
1130 666 474
1131 206 275
1132 65 752
1133 1127 317
1134 891 663
1135 243 1041
1136 850 698
1137 102 962
1138 1146 601
1139 602 832
1140 -13 760
1141 788 429
1142 1200 997
1143 21 314
1144 1127 395
1145 1040 909
1146 508 1202
1147 642 307
1148 734 181
1149 954 759
1150 124 847
1151 621 647
1152 750 862
1153 1120 974
1154 715 553
1155 1082 -29
1156 21 323
1157 891 677
1158 713 531
1159 805 520
1160 47 692
1161 102 1020
1162 809 267
1163 1310 997
1164 742 704
1165 891 717
1166 874 197
1167 867 1172
1168 954 761
1169 288 1113
1170 909 1135
1171 1084 233
1172 435 251
1173 986 22
1174 168 275
1175 884 839
1176 922 747
1177 434 912
1178 164 249
1179 457 900
1180 632 1164
1181 1253 1212
1182 874 386
1183 102 1006
1184 809 373
1185 847 469
1186 685 474
1187 102 1065
1188 139 708
1189 713 1172
1190 1127 350
1191 729 277
1192 877 1172
1193 1062 113
1194 15 368
1195 954 792
1196 1126 1128
1197 45 238
1198 543 773
1199 729 390
1200 1263 223
1201 1102 91
1202 663 570
1203 462 1111
1204 29 197
1205 1118 941
1206 413 251
1207 877 1131
1208 15 603
1209 500 94
1210 472 1123
1211 642 610
1212 1243 695
1213 729 286
1214 15 377
1215 164 239
1216 847 475
1217 500 54
1218 31 238
1219 805 440
1220 934 729
1221 648 738
1222 1181 115
1223 1295 1109
1224 1063 115
1225 1022 113
1226 1241 -29
1227 904 677
1228 1223 948
1229 15 568
1230 390 739
1231 609 670
1232 336 1100
1233 1148 997
1234 281 990
1235 935 914
1236 159 1342
1237 867 1209
1238 961 909
1239 66 894
1240 526 178
1241 15 513
1242 877 166
1243 90 962
1244 402 915
1245 809 337
1246 497 23
1247 1118 902
1248 21 257
1249 322 1123
1250 936 422
1251 1219 997
1252 561 466
1253 281 541
1254 856 253
1255 961 902
1256 462 1024
1257 877 159
1258 492 809
1259 902 839
1260 813 258
1261 137 692
1262 1019 399
1263 1015 524
1264 1015 422
1265 1153 948
1266 1120 1014
1267 1178 948
1268 1129 277
1269 66 193
1270 1224 948
1271 1365 743
1272 1025 770
1273 526 188
1274 541 1222
1275 877 152
1276 1325 997
1277 633 716
1278 690 531
1279 674 738
1280 1176 1237
1281 1086 909
1282 1035 909
1283 765 1172
1284 1057 550
1285 562 466
1286 66 216
1287 475 1088
1288 1007 909
1289 809 315
1290 541 660
1291 1100 902
1292 1348 257
1293 390 719
1294 319 138
1295 874 354
1296 1027 1208
1297 808 738
1298 715 459
1299 457 866
1300 1015 514
1301 1151 91
1302 448 619
1303 947 729
1304 243 1076
1305 642 341
1306 594 1382
1307 1084 313
1308 880 839
1309 9 404
1310 281 479
1311 212 479
1312 268 1080
1313 755 738
1314 761 1172
1315 1003 902
1316 503 146
1317 1339 948
1318 477 1311
1319 864 1215
1320 1126 1072
1321 168 330
1322 663 610
1323 497 52
1324 139 692
1325 874 340
1326 637 610
1327 15 659
1328 877 276
1329 1357 1109
1330 666 655
1331 125 661
1332 1126 1112
1333 836 738
1334 525 660
1335 1214 186
1336 492 772
1337 500 110
1338 462 989
1339 1019 416
1340 15 664
1341 1107 186
1342 1109 941
1343 1126 1107
1344 131 1080
1345 856 167
1346 734 200
1347 1086 317
1348 1070 91
1349 29 238
1350 621 660
1351 416 1123
1352 15 624
1353 -13 754
1354 21 463
1355 497 38
1356 666 622
1357 435 271
1358 864 1126
1359 146 477
1360 761 738
1361 139 563
1362 123 477
1363 1356 1109
1364 526 1101
1365 975 849
1366 1172 1237
1367 492 890
1368 1015 480
1369 277 569
1370 758 1172
1371 206 138
1372 891 687
1373 714 531
1374 1004 902
1375 243 1049
1376 904 668
1377 1163 1237
1378 686 1129
1379 1019 361
1380 243 986
1381 1113 902
1382 254 479
1383 724 219
1384 102 1029
1385 670 716
1386 676 531
1387 1413 876
1388 884 350
1389 1129 348
1390 856 188
1391 17 459
1392 935 729
1393 828 1172
1394 282 977
1395 1025 842
1396 320 1342
1397 564 773
1398 664 670
1399 663 464
1400 1090 115
1401 750 870
1402 816 1127
1403 84 752
1404 1033 1057
1405 805 560
1406 391 915
1407 1290 1109
1408 139 718
1409 840 849
1410 1207 91
1411 1120 989
1412 147 1080
1413 805 569
1414 526 215
1415 1025 65
1416 470 52
1417 1340 703
1418 288 1105
1419 1413 822
1420 338 961
1421 891 730
1422 729 276
1423 1026 770
1424 642 357
1425 1126 1129
1426 428 251
1427 322 1342
1428 642 276
1429 1378 948
1430 1141 1065
1431 390 758
1432 1120 1064
1433 124 1080
1434 165 1342
1435 64 238
1436 1137 223
3 412 581 292 
2 204 744 
2 1025 975 
2 1264 1250 
2 60 157 
2 393 1317 
2 1012 174 
2 111 330 
2 1015 996 
2 426 1417 
3 1011 158 1063 
2 607 828 
3 710 923 453 
2 902 1043 
2 413 1227 
3 808 49 1199 
3 39 513 435 
2 1336 781 
2 168 295 
2 956 1389 
2 932 876 
3 1427 297 1249 
3 694 1235 850 
2 546 605 
3 836 318 826 
2 1286 423 
2 480 832 
3 1118 234 805 
2 966 413 
3 727 1406 548 
2 340 102 
2 1230 1293 
2 1139 847 
3 99 471 882 
2 1018 702 
2 738 280 
2 972 1190 
3 1068 863 112 
2 232 1022 
3 1062 1045 16 
2 1239 446 
2 215 1432 
3 364 1401 460 
2 243 217 
2 50 632 
3 574 1260 64 
2 203 567 
2 1287 116 
2 638 334 
4 1141 626 925 15 
2 1268 44 
2 640 251 
3 903 768 1015 
2 622 1141 
2 911 883 
2 737 1434 
2 974 1225 
5 532 846 918 374 1077 
3 954 96 89 
2 795 729 
2 928 4 
2 1313 1279 
2 501 468 
2 1334 576 
3 45 824 892 
2 1069 232 
3 768 829 1413 
2 178 831 
4 661 657 655 1364 
2 326 462 
4 136 1293 659 891 
2 384 1292 
2 247 400 
2 1366 1377 
2 706 94 
3 1269 532 674 
2 1198 855 
2 80 662 
2 1394 1058 
2 1019 812 
2 581 77 
2 334 1403 
3 185 685 907 
3 182 1296 1343 
2 287 617 
2 1091 1295 
2 330 1361 
3 302 1079 1093 
2 376 388 
2 58 873 
2 835 294 
2 895 804 
4 192 1258 1336 855 
2 115 279 
2 74 666 
2 957 1089 
3 1364 1287 58 
2 337 906 
2 333 852 
2 554 33 
3 1436 632 298 
2 477 160 
2 30 772 
2 358 493 
2 436 497 
2 1228 1267 
2 935 1270 
2 733 1162 
2 323 1138 
2 1394 311 
2 977 275 
2 410 7 
3 37 1402 1358 
2 1329 871 
3 305 1398 1330 
4 418 971 93 512 
3 47 1203 249 
2 1086 1412 
2 958 684 
2 1202 332 
3 1041 964 1118 
3 718 630 1224 
2 1090 1383 
3 434 852 943 
2 1369 721 
2 250 974 
2 310 1097 
2 280 1283 
2 714 785 
2 754 680 
2 906 936 
3 1105 1285 260 
2 260 1017 
3 1130 332 978 
3 1330 1322 1356 
2 775 944 
2 281 70 
2 576 482 
2 987 1410 
2 391 946 
2 345 700 
3 1433 984 161 
2 437 1123 
3 1391 1309 390 
2 1131 696 
3 1075 543 1194 
2 762 1354 
2 338 687 
2 821 968 
3 196 621 323 
2 884 574 
2 1415 1096 
3 902 1435 1286 
2 563 914 
2 1161 1183 
2 1379 932 
2 556 937 
2 4 517 
2 10 1415 
3 988 539 396 
2 101 369 
5 405 141 493 499 588 
2 1107 794 
2 467 374 
2 612 518 
2 1360 786 
2 1404 865 
2 712 1428 
2 879 18 
3 604 549 364 
2 1325 870 
2 1034 1207 
2 1065 998 
2 325 1174 
2 6 265 
2 839 1107 
2 206 1421 
2 341 1030 
3 697 67 1025 
2 880 759 
2 1254 858 
2 1213 1191 
3 675 83 1006 
2 889 445 
2 1067 1086 
2 1116 82 
2 397 1338 
3 742 392 203 
3 297 429 1169 
3 615 1060 910 
2 368 1232 
3 1292 1040 636 
3 715 361 92 
2 852 795 
3 389 826 715 
3 1342 1153 992 
2 551 149 
2 416 1102 
2 1099 672 
3 244 217 1153 
3 218 1222 807 
2 303 336 
3 635 998 361 
3 187 985 46 
2 639 1 
2 1368 370 
3 986 628 176 
2 409 504 
4 1113 1236 372 809 
2 1253 606 
2 798 1361 
2 644 921 
2 391 908 
2 681 357 
2 1417 714 
2 224 41 
3 1398 1231 1350 
2 43 199 
2 231 200 
2 744 531 
2 781 529 
2 1367 1035 
3 1124 1194 1248 
2 1305 732 
4 417 1108 391 215 
2 908 1404 
2 438 566 
4 1324 792 642 825 
3 568 606 650 
2 619 359 
2 734 1156 
2 484 218 
2 65 38 
2 667 241 
2 27 616 
2 254 1108 
2 1078 737 
2 1095 424 
3 782 372 1125 
2 853 976 
2 1315 466 
2 233 683 
2 1181 533 
2 461 43 
2 1233 199 
2 352 278 
2 1119 764 
2 701 72 
2 664 1264 
2 116 793 
2 1193 125 
3 51 697 872 
3 1104 808 848 
3 439 264 1001 
2 425 235 
2 555 302 
2 892 1346 
2 1237 1167 
2 756 457 
2 1350 643 
3 925 131 132 
2 589 1009 
4 491 557 800 289 
2 981 363 
2 253 1055 
2 174 886 
2 288 999 
2 279 675 
2 482 1302 
2 870 929 
2 1055 366 
3 940 991 730 
2 921 1213 
2 1319 905 
2 440 1105 
2 110 486 
2 1352 1208 
2 360 544 
2 245 1328 
2 93 267 
2 35 127 
2 961 136 
2 683 1271 
2 506 557 
2 700 962 
3 1203 368 1099 
2 740 551 
2 1377 84 
2 854 266 
2 262 371 
2 885 1122 
4 682 337 1319 1237 
2 0 885 
3 1030 676 1123 
2 90 834 
2 18 303 
2 1138 1069 
2 21 188 
3 1341 100 430 
2 553 1224 
3 816 1184 327 
2 512 926 
2 255 87 
2 295 201 
2 864 1076 
3 831 1164 114 
2 724 899 
2 520 1387 
2 1013 1126 
2 971 1280 
3 1365 126 658 
3 388 109 1137 
2 717 498 
2 862 1067 
2 505 911 
2 883 1226 
2 1189 948 
2 975 490 
3 523 1378 24 
2 730 341 
2 857 387 
2 521 481 
2 756 1127 
2 149 108 
2 1061 1352 
2 540 173 
2 526 69 
2 300 1024 
2 1310 1382 
3 1326 917 440 
2 7 86 
3 1040 695 505 
4 1386 822 119 133 
2 963 98 
2 48 81 
2 965 939 
2 201 1178 
3 491 97 291 
3 961 891 147 
3 1360 1019 763 
2 758 30 
3 1361 319 177 
2 1261 1160 
2 1222 1400 
3 692 747 1335 
2 1376 140 
2 377 755 
2 1328 1242 
2 1215 678 
2 1162 758 
2 1205 1342 
2 557 1427 
3 1388 1091 245 
3 470 1308 1176 
4 817 641 760 384 
2 1013 717 
3 1348 810 1011 
2 213 1173 
2 809 103 
2 229 515 
3 973 277 577 
3 202 954 192 
3 699 387 524 
2 263 1004 
3 572 169 42 
2 1247 1381 
2 270 1062 
2 1176 986 
4 1351 1249 190 285 
2 160 1420 
2 205 664 
3 289 1054 936 
3 208 238 749 
2 760 1018 
2 163 57 
2 976 993 
3 432 88 582 
2 1414 346 
2 1036 780 
2 723 913 
2 844 426 
2 517 422 
2 1142 1233 
2 1243 456 
2 354 71 
2 539 569 
2 1043 918 
3 320 1012 362 
2 88 311 
2 784 194 
2 143 597 
3 224 212 139 
2 187 746 
2 1429 5 
3 1296 682 618 
2 705 896 
2 159 1216 
2 1256 186 
2 742 1244 
2 406 1219 
3 653 72 1238 
2 521 690 
2 577 542 
4 1265 909 649 1003 
2 578 970 
2 1304 161 
2 741 399 
3 1407 1320 1430 
3 1234 660 1394 
2 1027 207 
2 721 111 
2 806 1235 
2 516 0 
3 28 1421 14 
2 1410 1052 
2 840 527 
2 1203 197 
3 958 618 224 
2 471 115 
3 1306 1038 682 
3 1272 1049 1109 
2 1278 1386 
2 381 762 
2 25 645 
2 237 1201 
3 618 1237 254 
2 380 9 
2 500 1351 
3 435 1077 560 
3 188 615 963 
2 298 718 
3 1155 619 1103 
3 1099 1232 376 
2 671 1036 
3 1418 123 726 
2 16 428 
2 1100 104 
2 770 142 
2 658 226 
2 1294 253 
3 329 1128 274 
2 993 538 
2 1271 646 
2 859 1101 
3 1088 1274 699 
3 183 884 1254 
3 1150 40 629 
2 1072 1277 
2 1279 773 
2 1108 510 
2 783 1180 
3 790 636 883 
2 1304 1375 
2 12 1002 
2 788 583 
2 1395 473 
2 383 499 
2 258 845 
2 878 1241 
3 1347 932 1307 
3 42 945 1409 
2 1430 243 
2 69 854 
2 881 1060 
3 848 769 651 
3 1154 1373 1051 
2 240 931 
3 1125 163 543 
2 62 479 
2 1333 1297 
2 934 353 
3 418 1306 33 
2 863 1393 
2 455 1056 
3 1382 1311 1131 
3 715 861 1401 
2 833 897 
2 672 101 
2 745 1181 
2 468 806 
2 1133 26 
3 1117 321 1365 
4 137 687 891 268 
2 1147 712 
2 1335 231 
2 1252 518 
3 275 1059 873 
2 665 1189 
2 1163 791 
3 751 847 1106 
2 317 522 
3 1038 262 337 
2 703 950 
3 103 161 916 
2 772 875 
2 1127 1001 
2 1346 757 
2 104 1005 
3 312 1264 1339 
4 456 161 1353 556 
2 1210 427 
2 1122 62 
2 1143 1124 
2 1096 969 
2 207 697 
2 331 314 
2 558 283 
2 1079 535 
3 1080 1380 1137 
2 800 900 
2 449 1170 
2 1356 941 
4 115 656 301 1329 
2 16 674 
2 685 1316 
2 359 711 
2 865 412 
2 157 381 
3 485 164 1357 
2 1159 741 
2 1112 307 
3 979 401 321 
2 490 691 
2 708 318 
2 362 1146 
2 1186 1130 
2 926 326 
2 415 1337 
2 719 1154 
3 220 968 1230 
2 1371 1045 
3 219 721 1253 
2 75 57 
2 242 779 
3 1428 1081 1090 
2 507 623 
2 1363 603 
2 1283 1314 
3 441 670 1155 
3 159 995 385 
2 1321 325 
2 571 1217 
3 402 709 612 
3 145 467 918 
2 277 1026 
2 1387 949 
2 950 23 
2 1032 1369 
3 29 1041 767 
3 662 784 169 
2 790 1085 
2 286 196 
4 1345 1148 944 1070 
2 1400 299 
2 617 99 
2 1097 255 
2 499 156 
4 283 262 1434 351 
2 1009 506 
2 1413 599 
4 631 1001 428 711 
2 1195 952 
2 1201 1348 
3 736 153 1182 
2 1002 572 
2 970 776 
2 226 1049 
2 46 1431 
2 1357 228 
2 385 778 
2 900 589 
2 1209 541 
2 564 364 
2 613 955 
2 150 45 
2 1033 1371 
2 63 137 
3 1302 360 402 
2 980 404 
2 1017 1424 
2 1250 736 
4 743 602 80 0 
3 611 376 1150 
2 454 956 
2 625 1374 
4 814 1357 1172 601 
2 599 1071 
2 1419 790 
2 161 1187 
2 570 261 
2 793 977 
2 773 1221 
2 697 1333 
2 807 987 
3 1303 1176 1392 
2 1192 1034 
2 1381 1291 
2 390 1214 
2 1136 801 
2 559 586 
2 1054 647 
2 585 1414 
3 1207 953 581 
2 536 1223 
2 915 169 
2 23 1321 
3 209 614 228 
2 856 11 
3 945 751 799 
2 1196 1332 
2 813 984 
2 1420 582 
3 1128 542 164 
2 1004 573 
2 606 1310 
2 429 189 
2 234 629 
2 84 554 
3 394 425 417 
3 1246 229 431 
2 1322 1202 
3 1247 864 149 
3 1219 53 995 
3 535 1409 1308 
2 1020 787 
2 1291 584 
2 1092 49 
2 1051 1186 
3 1027 640 206 
3 616 446 924 
3 121 1116 907 
2 766 560 
2 44 100 
2 1182 1050 
2 1064 1053 
2 904 202 
2 191 451 
2 1297 1360 
2 805 48 
2 709 204 
2 628 51 
3 1212 1094 354 
2 227 989 
2 259 823 
2 1199 211 
2 423 1269 
2 442 817 
2 600 1274 
2 897 657 
3 403 1082 1247 
2 228 789 
2 464 824 
2 698 1003 
2 1111 400 
2 905 1068 
2 68 1210 
2 512 745 
2 648 68 
3 310 728 438 
2 70 973 
2 408 777 
3 752 851 68 
2 77 549 
2 916 830 
2 370 248 
2 759 487 
2 94 698 
2 1129 233 
2 1101 1015 
2 1115 820 
3 1063 969 538 
2 867 433 
2 198 477 
3 708 783 1065 
3 513 75 869 
3 779 267 182 
2 293 1046 
3 871 689 997 
2 348 902 
2 1158 1278 
3 1277 129 961 
2 888 213 
3 419 291 394 
2 241 282 
2 118 893 
4 944 1240 514 82 
2 1282 1288 
3 955 147 482 
3 824 716 775 
2 677 1276 
2 401 710 
2 522 1083 
2 1200 344 
3 1180 887 959 
2 927 22 
2 331 807 
2 144 731 
4 504 592 178 251 
2 666 652 
2 444 362 
2 140 284 
2 946 247 
2 34 788 
2 1123 492 
3 827 822 719 
2 747 395 
2 785 74 
2 872 920 
4 948 1087 673 523 
2 542 639 
2 690 12 
5 515 960 560 1077 1103 
2 483 167 
3 1085 1267 1129 
2 214 128 
3 194 192 475 
3 688 1383 1273 
2 355 312 
3 430 939 121 
3 1071 704 528 
2 992 1111 
3 124 410 531 
2 1281 842 
2 876 379 
2 1134 306 
2 909 1205 
3 1249 434 1394 
2 1177 29 
2 658 835 
3 59 1135 1380 
2 271 319 
2 696 1174 
2 223 1147 
2 1289 107 
3 1354 1391 230 
2 890 1407 
3 580 1263 563 
2 236 55 
2 1393 35 
2 929 1166 
2 1094 286 
2 519 406 
4 1059 398 187 990 
2 919 581 
2 1 219 
2 656 478 
2 392 1177 
2 344 705 
2 1197 1218 
2 372 1140 
3 1406 1420 774 
2 608 489 
2 887 661 
2 1157 1134 
3 855 1336 129 
2 346 1273 
3 1206 258 322 
2 496 1148 
3 349 340 843 
2 179 665 
2 354 373 
3 1284 1423 1263 
3 422 1046 146 
2 339 1164 
2 246 1200 
2 979 856 
2 815 631 
2 548 985 
2 52 66 
3 1422 1090 464 
2 1311 437 
2 868 1075 
2 102 494 
2 448 591 
2 750 1041 
2 688 135 
2 565 1160 
2 660 1380 
2 569 1184 
2 533 675 
2 378 1341 
2 17 220 
4 1010 1046 924 238 
2 673 450 
3 1358 389 549 
2 128 706 
2 165 1313 
2 624 904 
3 702 1022 454 
2 650 1206 
4 587 550 817 451 
2 488 1251 
2 227 1331 
2 249 590 
3 162 1160 1340 
2 193 59 
2 877 1044 
2 1389 838 
3 989 940 210 
3 1221 608 951 
3 262 509 1014 
2 598 829 
2 1216 1185 
3 1217 1323 969 
2 91 1171 
4 985 27 638 1408 
2 479 411 
3 695 200 593 
2 252 15 
2 208 358 
3 1224 1193 356 
2 1023 1376 
2 79 1385 
2 830 610 
2 1081 585 
2 1031 766 
3 1185 300 914 
4 790 646 844 354 
2 1349 1204 
2 1040 1119 
2 669 866 
2 1299 148 
3 704 941 332 
2 643 1290 
3 64 651 688 
3 1026 227 1032 
2 24 194 
2 1083 704 
2 11 1423 
2 801 66 
2 663 813 
2 67 305 
2 26 1347 
2 886 476 
2 294 1195 
2 728 90 
2 894 24 
2 1365 957 
2 797 1066 
3 1324 175 1028 
3 1316 1172 415 
2 1102 1256 
2 722 1145 
3 1024 758 1260 
2 817 380 
3 457 1310 1074 
2 1204 57 
3 32 1397 489 
3 898 252 464 
3 1320 1266 1411 
3 1255 22 923 
2 1146 661 
4 98 1312 193 123 
2 1226 239 
2 462 288 
3 76 92 754 
2 765 607 
2 1318 320 
2 180 1390 
2 962 443 
2 923 915 
2 475 1139 
2 901 313 
2 37 472 
2 621 304 
2 166 516 
2 820 1100 
2 930 671 
2 1309 771 
2 674 1077 
2 170 269 
2 113 677 
2 251 707 
3 89 486 1367 
2 1087 1180 
2 494 898 
2 20 723 
2 1022 796 
2 991 458 
2 1048 168 
2 1370 179 
2 1114 463 
2 33 1296 
3 451 54 315 
2 445 150 
2 292 290 
2 265 833 
2 693 752 
2 1063 681 
2 1098 183 
2 1223 735 
3 70 482 338 
2 64 256 
2 684 1320 
2 1402 836 
2 1307 91 
2 395 947 
2 476 648 
2 875 848 
2 306 903 
2 509 570 
2 1312 862 
3 678 13 152 
2 899 52 
2 787 635 
2 273 654 
2 97 130 
3 630 82 1005 
2 212 225 
2 403 725 
2 189 938 
2 314 54 
2 1323 1121 
2 379 1388 
3 153 816 933 
2 860 604 
2 493 663 
2 1151 329 
5 386 1248 543 57 1349 
3 1170 1192 743 
2 707 1136 
2 211 272 
2 983 980 
3 850 860 12 
4 1042 629 1353 782 
3 1399 260 49 
2 301 526 
2 1238 694 
2 1362 60 
2 269 739 
2 1335 867 
2 466 967 
3 155 20 459 
2 914 1098 
3 1149 470 1049 
2 1317 106 
3 130 371 1087 
2 156 994 
2 910 1312 
2 335 718 
3 1120 271 798 
2 511 822 
2 1187 1384 
2 123 1234 
3 552 135 685 
3 460 1152 608 
2 139 701 
2 896 1436 
2 316 708 
2 545 1419 
2 492 546 
3 1385 799 1277 
2 561 1168 
3 602 1167 1358 
2 361 58 
2 573 687 
2 583 19 
2 837 95 
3 1343 417 118 
2 693 1364 
2 1416 711 
3 680 281 338 
2 284 859 
2 429 333 
2 1150 120 
2 1171 335 
2 1220 28 
2 931 1255 
2 148 529 
4 1173 503 803 670 
3 404 1042 565 
2 115 309 
2 1144 36 
2 659 360 
2 125 56 
3 2 317 1413 
2 239 375 
2 590 110 
2 133 1399 
5 1076 1315 521 1117 765 
2 922 578 
2 1057 263 
3 1413 1405 996 
2 1188 922 
2 610 141 
3 203 767 805 
2 367 206 
2 593 138 
2 996 159 
2 642 798 
2 742 1179 
3 271 1229 878 
2 195 720 
2 375 441 
2 937 1239 
3 539 622 1104 
3 8 982 988 
3 1029 677 1429 
2 172 202 
2 266 1407 
3 1166 1345 1242 
3 495 253 560 
2 453 564 
3 652 403 1212 
2 363 613 
3 497 907 1096 
2 182 1425 
2 1169 1418 
2 1432 1266 
2 261 558 
2 1391 782 
2 356 10 
2 387 6 
3 1022 355 308 
2 800 1318 
4 1109 668 52 8 
2 1431 1230 
2 132 579 
2 373 34 
2 339 79 
2 1378 624 
2 1190 1133 
4 38 877 1013 788 
2 1227 811 
2 327 843 
2 178 2 
2 544 825 
3 1409 409 628 
3 1331 839 1120 
3 1329 997 1112 
2 177 293 
2 1416 815 
2 825 547 
2 1131 575 
2 595 171 
2 221 1258 
2 433 378 
2 1110 1259 
3 419 1236 491 
2 1259 1175 
3 191 819 331 
3 548 774 120 
4 1132 924 1340 970 
2 13 386 
2 796 1284 
2 530 39 
4 676 1241 782 762 
2 1242 1257 
3 1123 1359 879 
4 566 934 1303 420 
2 633 1091 
3 465 627 1298 
2 414 1301 
2 634 1299 
2 371 600 
2 264 270 
2 473 1272 
2 1231 981 
2 78 1080 
3 486 1073 742 
3 463 1113 189 
2 1327 324 
2 366 39 
3 10 888 670 
2 1179 634 
2 673 172 
3 838 1133 1268 
2 313 184 
2 654 37 
2 296 65 
3 1275 552 1116 
2 586 719 
2 1106 447 
2 1338 1059 
2 845 1294 
2 771 145 
2 304 979 
4 428 869 57 711 
2 1396 236 
3 1089 507 87 
2 1058 508 
2 534 814 
2 649 1281 
2 691 827 
2 1251 1142 
2 550 713 
2 184 117 
4 936 1088 874 708 
2 1087 444 
2 95 1079 
3 769 534 122 
3 1050 85 352 
2 1298 626 
2 87 1110 
2 641 740 
2 1301 237 
3 151 1005 503 
2 126 555 
2 933 889 
3 285 432 198 
2 866 436 
2 443 668 
2 197 841 
2 431 711 
2 995 252 
2 274 131 
2 489 1072 
2 175 162 
3 235 449 224 
3 1263 420 1015 
3 1093 1037 1195 
2 720 653 
2 1029 520 
2 1060 208 
2 1236 881 
2 1225 669 
3 1070 185 630 
3 979 481 1395 
2 120 27 
2 819 246 
2 1028 940 
2 912 1355 
2 290 501 
4 142 293 1048 703 
2 502 222 
2 238 467 
2 308 1144 
2 322 495 
2 440 612 
2 713 667 
2 525 133 
3 474 144 1033 
2 1403 1042 
3 1021 480 1066 
2 753 724 
2 1375 729 
2 920 598 
4 311 508 1183 1243 
2 108 296 
2 861 32 
2 749 1353 
2 53 49 
2 1084 382 
2 1156 502 
3 1126 972 1389 
2 842 1282 
2 524 851 
2 732 483 
2 757 552 
2 1168 934 
3 582 446 964 
2 1350 917 
2 1401 945 
3 199 1411 195 
2 528 465 
2 538 431 
2 230 1143 
2 1372 753 
2 1373 679 
2 1405 519 
3 342 776 794 
2 1384 154 
2 107 349 
2 1276 488 
2 763 305 
2 1421 1372 
2 739 1000 
2 257 953 
2 952 1149 
2 188 1007 
2 510 919 
2 804 965 
3 585 1426 840 
2 357 969 
3 731 173 1178 
2 1039 1308 
3 353 367 594 
2 746 727 
3 1174 336 1215 
2 990 1064 
3 450 874 693 
2 478 242 
2 563 633 
2 154 1137 
3 778 1245 300 
2 802 816 
2 627 525 
2 588 942 
3 1408 983 1324 
2 487 316 
2 36 1021 
2 181 1422 
3 1237 595 919 
2 810 250 
3 1214 145 222 
3 834 1110 561 
2 1425 609 
2 1435 748 
2 1397 76 
2 15 644 
2 764 692 
2 424 562 
2 620 119 
4 1210 285 416 116 
2 818 846 
2 725 350 
3 1426 789 756 
2 171 602 
2 276 1229 
2 1337 571 
3 655 500 1203 
2 1322 1326 
2 1003 641 
2 272 181 
2 597 1194 
3 1178 348 1371 
2 396 802 
2 541 803 
2 748 1349 
2 399 622 
2 1392 966 
2 591 799 
2 200 343 
2 603 890 
3 299 121 810 
2 56 1115 
2 315 853 
2 14 1023 
2 1270 105 
2 1208 991 
3 529 1016 31 
2 216 1057 
2 190 432 
3 382 244 1265 
2 943 408 
2 411 22 
4 1434 1038 208 1114 
4 291 257 1192 425 
3 1288 400 927 
2 994 40 
2 1273 685 
2 458 1046 
3 347 1000 1047 
2 1137 383 
2 398 1406 
2 1184 1289 
2 1355 619 
3 649 365 621 
2 222 918 
3 368 21 726 
2 3 580 
2 791 1084 
2 1285 485 
2 531 209 
2 445 180 
2 967 850 
2 841 397 
2 1047 1275 
2 1035 92 
2 1037 1039 
2 843 45 
2 1324 342 
2 1339 1379 
4 761 1109 736 1300 
3 248 3 498 
3 1267 1233 403 
2 1008 849 
3 105 1265 713 
2 1066 50 
2 645 75 
2 106 1228 
2 282 442 
3 1423 1056 420 
3 716 755 1240 
2 647 444 
2 1257 1070 
2 689 1163 
3 951 447 680 
2 679 421 
2 61 448 
2 309 1366 
2 1082 722 
2 1145 686 
2 127 537 
2 1044 761 
2 131 1252 
2 152 25 
2 96 47 
2 686 1238 
2 1245 733 
2 823 1334 
2 596 625 
2 71 191 
2 31 70 
2 1074 439 
2 85 1325 
3 882 394 83 
2 469 637 
2 1051 1092 
2 1053 821 
2 1263 1368 
2 1052 1095 
2 268 577 
2 1049 594 
3 1312 405 452 
2 1424 223 
2 471 419 
2 459 895 
3 1175 623 353 
2 143 868 
3 614 328 845 
2 474 770 
4 938 901 1304 852 
2 786 61 
2 537 1370 
3 1374 240 979 
2 514 840 
2 5 935 
2 1014 857 
2 291 273 
3 407 893 849 
2 605 540 
3 134 1211 620 
3 803 1416 912 
4 1188 1261 839 227 
2 1295 170 
2 1211 329 
2 1340 1061 
2 278 347 
4 512 1363 113 1029 
2 114 134 
2 792 1028 
2 609 1343 
2 592 469 
2 1290 63 
3 344 930 484 
3 92 17 754 
2 527 1209 
2 186 1073 
2 498 1262 
3 794 1042 1327 
2 780 298 
2 350 195 
3 1332 83 958 
2 1412 1433 
3 1000 1390 552 
2 256 496 
2 832 459 
2 562 356 
3 1218 918 818 
3 216 259 1151 
2 427 368 
2 324 276 
3 499 1140 924 
2 146 734 
2 1121 1246 
2 134 511 
3 585 518 568 
3 953 112 784 
2 1048 1362 
3 637 165 339 
3 86 210 341 
2 1359 928 
2 1329 536 
3 959 68 96 
3 481 837 310 
2 1280 73 
2 873 221 
2 1300 205 
2 547 124 
2 1314 880 
3 575 1215 530 
2 1165 1157 
2 465 1158 
2 584 1315 
2 452 1135 
2 811 345 
2 73 287 
2 318 1020 
2 1262 155 
3 777 729 508 
2 365 596 
2 328 474 
2 122 716 
2 942 1161 
2 812 951 
2 421 332 
2 307 545 
2 913 352 
3 19 1144 797 
2 858 1345 
3 734 1010 143 
2 594 1220 
2 472 738 
4 726 408 78 109 
2 1117 455 
2 1427 1078 
2 847 1198 
2 114 216 
2 978 925 
2 343 553 
3 42 475 1152 
2 112 894 
2 81 1132 
2 225 166 
2 982 1159 
3 1244 750 29 
3 735 999 407 
2 805 1188 
3 623 460 1027 
2 138 414 
2 849 1153 
2 117 1344 
4 66 975 559 982 
2 601 377 
2 158 151 
3 1323 1031 960 
2 9 214 
2 1007 434 
2 949 587 
3 369 611 750 
3 176 1165 413 
2 1191 769 
3 828 1272 761 
2 579 1305 
2 1006 1196 
2 1172 1206 
3 351 1396 21 
2 167 534 
2 997 393 
2 407 461 
2 567 1016 
2 41 1008 
2 1344 141 
3 55 557 1236 
2 152 1197 
2 947 100 
