390
0 272 262
1 78 275
2 115 177
3 176 311
4 219 112
5 -5 43
6 131 187
7 271 57
8 180 95
9 298 333
10 165 397
11 220 384
12 342 330
13 139 51
14 298 369
15 159 83
16 50 327
17 367 284
18 285 161
19 344 161
20 371 255
21 284 112
22 409 242
23 219 111
24 16 323
25 190 293
26 289 384
27 342 333
28 277 156
29 287 172
30 331 154
31 92 276
32 165 353
33 306 77
34 296 194
35 198 352
36 230 384
37 207 293
38 112 396
39 94 187
40 70 371
41 334 319
42 284 57
43 59 323
44 92 275
45 180 113
46 49 133
47 165 362
48 317 54
49 49 323
50 245 293
51 308 294
52 78 270
53 219 125
54 432 240
55 305 326
56 50 290
57 -1 337
58 163 307
59 95 34
60 292 149
61 374 255
62 305 306
63 312 141
64 -18 29
65 354 294
66 23 20
67 84 157
68 13 94
69 18 43
70 387 78
71 244 62
72 172 307
73 95 396
74 100 396
75 287 161
76 263 140
77 234 56
78 150 393
79 91 4
80 95 10
81 409 240
82 432 196
83 -1 323
84 291 384
85 233 111
86 190 299
87 192 134
88 273 112
89 195 52
90 331 156
91 84 316
92 166 177
93 305 212
94 13 80
95 206 52
96 284 103
97 159 31
98 260 292
99 70 384
100 50 285
101 432 160
102 284 59
103 305 154
104 78 157
105 84 315
106 194 83
107 340 54
108 21 323
109 89 276
110 298 54
111 37 323
112 335 98
113 260 291
114 345 98
115 325 98
116 211 307
117 277 150
118 78 228
119 90 157
120 180 96
121 290 55
122 78 142
123 296 216
124 204 52
125 432 233
126 163 95
127 305 216
128 260 268
129 154 177
130 136 187
131 305 178
132 209 326
133 86 312
134 95 51
135 166 192
136 197 307
137 62 305
138 254 293
139 344 54
140 159 95
141 165 356
142 234 38
143 368 98
144 13 123
145 90 168
146 272 384
147 23 47
148 344 66
149 78 256
150 98 177
151 13 47
152 260 273
153 194 353
154 311 98
155 271 40
156 190 307
157 347 98
158 -11 20
159 331 158
160 206 68
161 356 67
162 160 192
163 409 255
164 346 67
165 -1 328
166 387 68
167 70 390
168 139 37
169 277 161
170 367 255
171 59 327
172 342 306
173 245 263
174 300 149
175 139 17
176 91 10
177 200 307
178 266 148
179 244 111
180 163 311
181 95 52
182 31 323
183 125 187
184 277 148
185 287 194
186 -8 20
187 161 177
188 432 193
189 236 293
190 135 393
191 374 67
192 304 326
193 301 77
194 386 255
195 185 307
196 139 41
197 267 247
198 180 105
199 342 294
200 46 355
201 192 117
202 150 397
203 214 326
204 238 293
205 86 305
206 263 112
207 311 294
208 211 297
209 84 312
210 90 177
211 209 293
212 -1 334
213 289 141
214 339 98
215 149 17
216 60 7
217 84 4
218 105 52
219 298 365
220 206 77
221 125 396
222 49 355
223 432 186
224 81 305
225 13 107
226 263 148
227 214 382
228 14 323
229 13 130
230 250 247
231 134 52
232 271 38
233 74 277
234 159 52
235 230 293
236 254 294
237 279 57
238 367 67
239 165 359
240 175 95
241 294 384
242 6 20
243 287 55
244 49 336
245 209 297
246 378 148
247 50 305
248 95 17
249 237 294
250 70 377
251 331 161
252 214 384
253 1 20
254 94 219
255 139 43
256 349 148
257 302 141
258 331 157
259 -1 355
260 23 43
261 198 353
262 181 311
263 284 72
264 70 368
265 305 294
266 387 67
267 187 52
268 127 393
269 412 240
270 60 10
271 125 52
272 298 326
273 137 393
274 334 294
275 305 312
276 211 299
277 198 326
278 288 172
279 349 161
280 245 292
281 89 277
282 279 112
283 78 219
284 134 51
285 306 98
286 206 83
287 287 187
288 290 54
289 59 305
290 159 87
291 13 105
292 -18 34
293 37 355
294 234 62
295 70 328
296 214 342
297 430 148
298 413 240
299 95 42
300 342 343
301 165 394
302 84 328
303 254 292
304 312 149
305 180 110
306 367 281
307 306 81
308 367 263
309 13 86
310 23 10
311 159 17
312 334 315
313 135 177
314 190 306
315 185 311
316 387 98
317 432 170
318 180 117
319 342 314
320 204 83
321 288 177
322 380 98
323 367 294
324 198 333
325 103 177
326 360 148
327 305 54
328 94 190
329 148 17
330 286 141
331 260 384
332 60 4
333 206 78
334 334 343
335 136 192
336 245 247
337 245 290
338 78 269
339 367 277
340 287 77
341 13 72
342 298 384
343 201 307
344 260 262
345 189 83
346 13 133
347 298 335
348 409 148
349 305 311
350 50 277
351 206 81
352 230 294
353 218 384
354 251 38
355 263 144
356 432 148
357 361 294
358 219 119
359 225 384
360 305 177
361 162 397
362 245 266
363 49 142
364 -18 43
365 344 67
366 273 57
367 271 148
368 350 67
369 334 313
370 131 52
371 106 396
372 127 396
373 75 277
374 70 396
375 181 83
376 334 338
377 287 177
378 169 95
379 -18 20
380 43 10
381 206 293
382 219 134
383 305 163
384 377 148
385 95 32
386 175 311
387 286 149
388 272 247
389 362 98
3 306 344 388 
4 44 109 233 52 
2 313 325 
2 262 386 
2 358 23 
4 69 151 83 364 
2 130 183 
3 366 71 155 
3 120 240 375 
2 347 272 
2 361 342 
2 359 353 
2 27 319 
3 267 284 255 
3 342 219 334 
3 375 290 181 
3 171 222 247 
2 323 306 
3 75 169 387 
2 279 251 
2 61 170 
3 330 282 96 
2 163 81 
4 85 4 201 286 
2 108 228 
3 381 245 281 
2 84 146 
2 300 12 
2 169 117 
2 377 75 
3 90 304 256 
3 280 109 44 
3 153 141 302 
3 307 193 365 
3 127 321 278 
2 261 324 
2 331 359 
2 211 381 
2 221 371 
3 183 328 210 
2 250 264 
2 376 312 
3 102 237 243 
2 171 289 
3 31 1 254 
2 318 305 
5 122 350 363 346 140 
2 301 239 
2 107 327 
3 244 111 363 
2 138 204 
2 207 265 
2 1 338 
2 382 358 
4 300 163 298 125 
3 334 192 275 
3 289 247 100 
2 259 212 
3 72 180 205 
2 299 385 
2 174 387 
2 194 20 
2 349 265 
3 304 257 112 
2 292 379 
2 357 199 
3 260 242 80 
2 119 104 
2 291 309 
2 260 5 
2 316 166 
3 263 294 7 
2 195 58 
2 74 374 
2 371 73 
4 278 29 18 103 
2 355 206 
2 294 142 
3 301 273 295 
3 232 311 217 
5 175 248 66 176 217 
3 269 22 279 
2 125 188 
4 228 165 5 346 
2 241 26 
3 179 23 294 
3 314 205 245 
3 382 119 201 
2 282 206 
2 124 267 
2 258 30 
2 302 105 
3 130 187 226 
2 127 131 
2 309 341 
3 160 124 142 
3 21 179 285 
3 142 168 175 
3 265 303 113 
2 167 250 
2 56 350 
2 317 356 
2 263 42 
3 383 75 304 
3 67 283 122 
2 91 209 
2 320 345 
2 139 48 
2 182 24 
3 31 281 1 
2 327 288 
2 49 182 
3 214 63 115 
2 98 152 
3 157 256 214 
2 112 154 
3 349 343 276 
2 28 184 
3 149 283 210 
3 145 67 87 
2 198 8 
3 193 243 288 
3 104 46 318 
3 127 388 185 
2 95 89 
2 54 82 
2 378 140 
4 170 123 34 93 
2 152 344 
2 187 313 
3 335 6 92 
3 93 360 251 
2 203 277 
3 277 209 180 
3 284 181 299 
3 336 162 169 
2 177 156 
2 224 289 
3 265 50 280 
4 266 148 107 232 
3 126 46 290 
2 239 32 
4 354 77 95 97 
2 322 389 
2 229 225 
2 210 119 
2 26 331 
3 181 151 260 
2 365 139 
2 338 118 
2 325 210 
3 147 341 5 
2 113 128 
2 261 32 
2 115 285 
4 288 243 7 232 
3 136 195 314 
2 389 114 
2 186 379 
2 251 258 
2 220 95 
2 238 368 
2 135 335 
4 323 194 22 54 
2 368 365 
2 212 83 
2 70 266 
2 374 99 
3 196 175 97 
3 18 135 28 
3 20 308 127 
3 295 16 43 
2 319 199 
2 362 336 
2 304 60 
4 329 97 168 80 
2 80 270 
2 343 136 
2 367 226 
4 206 85 340 96 
3 386 133 58 
4 218 15 147 134 
2 111 108 
2 6 39 
3 117 367 330 
3 123 388 287 
2 253 158 
2 92 129 
2 82 223 
2 204 235 
2 273 268 
2 266 238 
2 55 272 
3 33 340 121 
2 163 61 
2 156 72 
2 255 168 
2 388 230 
2 305 120 
3 65 172 274 
2 222 293 
3 87 318 23 
3 361 374 372 
3 272 296 132 
2 50 189 
3 58 224 86 
3 88 76 179 
2 274 51 
3 276 245 352 
3 133 105 289 
4 150 39 118 145 
2 235 37 
2 57 165 
2 257 330 
2 114 112 
2 311 329 
2 270 332 
3 79 80 332 
2 271 181 
2 14 347 
2 333 160 
2 372 38 
4 264 200 244 16 
2 188 317 
2 205 137 
2 144 291 
3 178 92 355 
3 252 261 296 
2 24 83 
2 346 144 
2 197 336 
2 234 370 
5 139 155 354 311 79 
3 373 350 1 
2 267 231 
2 189 211 
2 265 249 
2 42 366 
2 191 161 
2 47 141 
2 8 378 
2 342 84 
2 66 253 
3 121 42 155 
2 222 49 
3 208 86 25 
2 348 384 
2 16 56 
2 385 80 
2 236 352 
2 99 40 
3 19 131 159 
3 353 301 227 
2 242 186 
3 44 328 335 
2 13 196 
3 326 30 114 
2 63 213 
2 159 90 
4 293 374 364 57 
3 147 69 66 
3 227 153 35 
2 315 3 
3 340 71 102 
3 268 40 222 
5 51 62 236 138 98 
4 356 166 191 139 
3 89 234 13 
3 190 372 264 
2 298 81 
3 176 380 216 
2 370 218 
3 192 9 203 
2 78 190 
3 199 369 207 
2 55 349 
2 116 208 
3 132 324 133 
3 34 321 75 
3 81 19 326 
4 303 138 31 337 
3 25 373 109 
2 21 88 
2 118 104 
2 13 134 
3 154 96 307 
3 23 320 351 
3 185 377 321 
3 110 121 155 
4 137 209 43 56 
2 140 15 
2 225 68 
2 364 64 
2 200 259 
3 71 85 77 
3 302 78 171 
2 227 203 
3 356 348 316 
2 54 269 
2 134 59 
5 342 334 27 323 54 
4 361 78 47 252 
3 32 295 91 
2 98 280 
4 30 103 174 63 
2 45 198 
3 17 0 339 
2 285 33 
2 339 170 
2 68 94 
3 380 379 332 
3 232 215 79 
2 41 369 
2 129 2 
2 156 86 
2 349 262 
3 297 322 70 
2 223 101 
3 201 122 45 
2 12 172 
2 286 106 
3 34 287 278 
2 316 143 
4 300 357 17 163 
2 35 277 
2 2 150 
3 384 279 256 
2 48 110 
2 254 39 
2 215 175 
4 213 387 184 21 
2 146 36 
3 217 216 310 
2 351 220 
4 300 14 55 376 
3 162 254 130 
4 230 344 173 135 
2 280 362 
2 52 149 
2 306 308 
3 193 179 263 
2 94 151 
4 10 241 14 300 
2 116 177 
3 0 128 336 
2 106 375 
3 46 83 229 
2 219 9 
2 297 246 
4 275 315 116 62 
3 233 100 46 
2 286 333 
3 249 208 381 
2 11 252 
2 232 142 
3 226 382 76 
3 101 297 266 
2 323 65 
2 53 4 
2 36 11 
2 131 383 
3 10 202 301 
2 337 173 
2 49 46 
3 5 259 292 
3 164 33 148 
2 237 7 
2 184 178 
2 161 164 
2 312 274 
2 231 271 
2 38 74 
3 202 221 268 
2 281 233 
4 73 202 259 167 
3 345 8 15 
2 334 41 
2 287 29 
2 240 126 
3 158 64 310 
2 270 310 
3 37 352 25 
3 355 87 53 
2 360 103 
2 246 326 
2 59 248 
2 3 180 
3 60 18 330 
4 0 197 185 123 
2 143 157 
