900
0 38 1858
1 38 6600
2 86 6918
3 128 1754
4 166 1650
5 170 178
6 210 6620
7 384 6318
8 468 5638
9 478 6928
10 520 3370
11 530 6356
12 546 2654
13 606 4758
14 626 2292
15 640 6890
16 726 4324
17 742 4592
18 744 6388
19 756 7006
20 790 4650
21 828 5616
22 860 1594
23 940 1770
24 950 2020
25 962 2070
26 972 5714
27 988 2684
28 1142 3314
29 1144 726
30 1200 4706
31 1326 1890
32 1388 702
33 1398 2460
34 1420 2042
35 1474 4376
36 1482 7868
37 1536 4330
38 1536 6408
39 1570 7366
40 1574 5248
41 1592 2214
42 1612 412
43 1654 5138
44 1658 5104
45 1696 522
46 1704 6540
47 1732 5398
48 1816 5496
49 1824 2956
50 1880 3500
51 1894 6042
52 1898 8016
53 1916 4800
54 1928 3180
55 1930 6320
56 1942 6328
57 2022 3518
58 2036 2388
59 2050 136
60 2074 5648
61 2098 3354
62 2098 4688
63 2108 38
64 2108 3544
65 2150 7842
66 2160 7346
67 2172 4560
68 2176 452
69 2182 5012
70 2194 6728
71 2258 356
72 2300 548
73 2318 5800
74 2324 4860
75 2342 10028
76 2436 4750
77 2604 5990
78 2618 5398
79 2668 5714
80 2758 4700
81 2778 1764
82 2800 7194
83 2828 4490
84 2832 1108
85 2844 7782
86 2886 924
87 2952 6434
88 3040 1546
89 3042 6730
90 3118 544
91 3140 2780
92 3238 4932
93 3366 6270
94 3392 1418
95 3412 8340
96 3448 6514
97 3610 8420
98 3616 8440
99 3636 10960
100 3670 5838
101 3672 6130
102 3696 3544
103 3766 3016
104 3772 2988
105 3800 7996
106 3880 7008
107 3882 7826
108 4048 11984
109 4092 2294
110 4098 4514
111 4132 5682
112 4144 3446
113 4156 5778
114 4204 3574
115 4232 5446
116 4258 5260
117 4312 3636
118 4316 828
119 4424 6318
120 4474 5262
121 4556 4652
122 4558 11112
123 4560 3702
124 4616 856
125 4642 11072
126 4662 10984
127 4686 5326
128 4702 4628
129 4776 11246
130 4814 6746
131 4832 578
132 4838 6148
133 4838 7642
134 4888 4492
135 4896 4774
136 4900 11836
137 5004 6948
138 5044 716
139 5154 6210
140 5166 4810
141 5196 5054
142 5212 8258
143 5244 7898
144 5300 4870
145 5324 5148
146 5360 5008
147 5372 472
148 5384 7852
149 5396 5908
150 5436 878
151 5580 844
152 5598 2124
153 5616 6906
154 5626 8242
155 5628 572
156 5632 11526
157 5656 5272
158 5660 2846
159 5762 7872
160 5772 5820
161 5786 6116
162 5818 2808
163 5824 8200
164 5840 2824
165 5880 864
166 5892 6014
167 5960 6964
168 6132 6856
169 6164 460
170 6264 742
171 6358 6706
172 6380 1754
173 6404 1576
174 6442 6816
175 6448 8946
176 6462 2022
177 6474 8440
178 6488 8312
179 6526 8690
180 6538 1306
181 6548 7592
182 6596 3966
183 6618 9372
184 6628 8264
185 6668 9082
186 6680 440
187 6686 10728
188 6698 1132
189 6764 572
190 6776 4660
191 6784 8558
192 6836 9760
193 6848 1560
194 6878 6552
195 6882 6712
196 6886 7762
197 6898 9224
198 6924 6778
199 7010 11314
200 7014 7282
201 7018 9666
202 7054 7354
203 7080 4580
204 7086 2018
205 7104 7104
206 7118 5362
207 7146 6938
208 7250 10794
209 7258 7252
210 7264 2084
211 7304 6018
212 7306 6426
213 7336 2654
214 7386 3370
215 7406 5400
216 7430 5614
217 7448 2930
218 7478 2162
219 7478 3834
220 7492 8040
221 7502 7194
222 7546 4130
223 7598 7220
224 7612 7764
225 7616 3194
226 7636 9322
227 7724 8138
228 7768 3944
229 7778 4120
230 7812 3616
231 7872 9362
232 7884 918
233 7908 6396
234 7994 5278
235 8008 11838
236 8026 8792
237 8028 7464
238 8040 12118
239 8046 1512
240 8060 840
241 8110 6874
242 8124 1726
243 8170 9262
244 8192 4594
245 8224 7270
246 8252 9622
247 8318 11666
248 8324 820
249 8488 2614
250 8488 12042
251 8500 3690
252 8502 11074
253 8508 10532
254 8522 226
255 8528 5714
256 8536 5636
257 8616 5452
258 8660 1364
259 8672 5824
260 8716 8768
261 8794 5688
262 8806 2916
263 8806 11544
264 8806 11614
265 8842 7334
266 8910 1428
267 8924 11412
268 8928 6178
269 8946 3012
270 8968 7558
271 8992 628
272 9028 4300
273 9040 1144
274 9064 3228
275 9078 778
276 9152 5290
277 9162 6132
278 9200 9738
279 9218 11886
280 9230 5548
281 9232 1268
282 9296 2144
283 9322 2218
284 9326 622
285 9396 228
286 9402 11520
287 9426 598
288 9426 3044
289 9438 4984
290 9450 2906
291 9456 1384
292 9458 5526
293 9492 528
294 9494 144
295 9524 7732
296 9550 11316
297 9572 11338
298 9576 1364
299 9606 10032
300 9616 5602
301 9654 9844
302 9692 1200
303 9698 5254
304 9842 5240
305 9864 9844
306 9894 1080
307 9900 3540
308 9918 8776
309 9940 6496
310 9940 7186
311 9974 2398
312 9976 9784
313 9990 3616
314 10010 1120
315 10092 746
316 10108 5052
317 10148 590
318 10152 5470
319 10152 7328
320 10172 3480
321 10184 1222
322 10200 1754
323 10210 3050
324 10216 5310
325 10220 412
326 10230 3636
327 10250 4134
328 10262 2560
329 10276 5652
330 10278 3998
331 10312 10998
332 10348 10848
333 10364 5762
334 10388 1982
335 10388 3890
336 10398 6578
337 10404 5178
338 10430 2688
339 10436 1676
340 10450 2246
341 10456 7560
342 10510 4844
343 10528 10232
344 10584 5906
345 10596 4984
346 10602 5654
347 10610 124
348 10642 3336
349 10644 2724
350 10650 2032
351 10656 5370
352 10676 3088
353 10714 1396
354 10718 6472
355 10722 2596
356 10796 3388
357 10802 2556
358 10832 10188
359 10836 9860
360 10840 6396
361 10842 4058
362 10852 5046
363 10866 8090
364 10890 10740
365 10928 3330
366 10936 970
367 10942 908
368 10984 7960
369 10986 496
370 11126 5342
371 11170 3812
372 11178 1704
373 11190 8122
374 11286 4878
375 11382 992
376 11416 8762
377 11432 3898
378 11452 2384
379 11476 282
380 11490 3286
381 11494 1482
382 11530 5498
383 11570 8220
384 11610 1594
385 11614 378
386 11654 6120
387 11674 4374
388 11714 2998
389 11732 4478
390 11766 4130
391 11776 972
392 11804 1128
393 11810 1592
394 11810 4044
395 11840 1684
396 11896 276
397 11910 2210
398 11922 6160
399 11958 2156
400 11986 4436
401 11994 5040
402 12020 5506
403 12050 3582
404 12062 6084
405 12062 7574
406 12086 1306
407 12086 5746
408 12112 2262
409 12128 4044
410 12148 8232
411 12180 1472
412 12232 5136
413 12260 598
414 12268 3166
415 12312 4782
416 12334 3384
417 12356 1540
418 12360 7652
419 12382 7562
420 12398 8602
421 12422 1624
422 12428 940
423 12438 1934
424 12486 5302
425 12508 8952
426 12512 4972
427 12534 3720
428 12592 1126
429 12604 2068
430 12608 9320
431 12630 4244
432 12634 5516
433 12638 4848
434 12646 5128
435 12672 6970
436 12710 2700
437 12722 30
438 12734 2508
439 12738 8922
440 12750 8598
441 12778 542
442 12780 3354
443 12806 4860
444 12888 3898
445 12906 3576
446 12920 1080
447 12984 9350
448 13024 9192
449 13044 9378
450 13052 880
451 13054 9426
452 13066 12324
453 13122 746
454 13156 892
455 13176 4260
456 13180 1566
457 13210 5964
458 13234 1808
459 13234 4908
460 13246 5242
461 13260 398
462 13266 4742
463 13318 2876
464 13336 7246
465 13364 9082
466 13376 6406
467 13378 3734
468 13386 3580
469 13390 1186
470 13398 1928
471 13424 2010
472 13452 5986
473 13474 6400
474 13484 6056
475 13498 4474
476 13506 5536
477 13510 3262
478 13516 2268
479 13552 2168
480 13554 1304
481 13568 5426
482 13606 5416
483 13614 5512
484 13656 7792
485 13706 1606
486 13720 1694
487 13768 6364
488 13780 1698
489 13782 12372
490 13812 52
491 13818 6864
492 13824 4698
493 13832 4788
494 13836 1050
495 13850 3682
496 13862 7686
497 13880 850
498 13896 2406
499 13906 2122
500 13912 1824
501 13934 7458
502 13962 7078
503 13970 3940
504 13970 5938
505 14034 5398
506 14050 4592
507 14052 4936
508 14070 7196
509 14076 4402
510 14086 7750
511 14100 5216
512 14182 7140
513 14204 4106
514 14210 10278
515 14238 2210
516 14252 6444
517 14270 7452
518 14280 7976
519 14304 6588
520 14320 6194
521 14332 228
522 14376 5604
523 14384 1208
524 14400 5822
525 14416 7142
526 14424 10900
527 14444 7034
528 14458 2568
529 14496 4270
530 14506 5206
531 14614 840
532 14614 5724
533 14662 6064
534 14680 13060
535 14684 364
536 14692 3324
537 14692 7348
538 14748 880
539 14758 602
540 14764 2470
541 14782 2324
542 14784 82
543 14790 1366
544 14792 11258
545 14904 352
546 14924 6684
547 14934 832
548 14940 2484
549 14962 7662
550 14980 1842
551 14992 4320
552 15014 6038
553 15092 12092
554 15100 13226
555 15106 13178
556 15112 7870
557 15136 7488
558 15188 3724
559 15244 6254
560 15250 768
561 15340 5742
562 15344 4860
563 15344 5506
564 15352 11512
565 15424 11398
566 15448 12274
567 15480 6164
568 15494 1434
569 15500 7980
570 15506 3258
571 15524 7670
572 15562 6184
573 15616 6642
574 15626 3808
575 15634 6840
576 15670 1696
577 15678 5502
578 15682 4026
579 15690 12040
580 15712 12020
581 15726 7894
582 15776 6494
583 15812 10258
584 15832 2418
585 15836 7908
586 15862 9164
587 15864 6664
588 15912 5508
589 15916 2940
590 15918 12274
591 15958 2616
592 15960 678
593 15992 9108
594 16006 5118
595 16024 2878
596 16026 4964
597 16076 176
598 16078 3672
599 16086 9982
600 16110 3806
601 16116 4116
602 16116 5350
603 16120 9570
604 16158 6686
605 16230 110
606 16232 1638
607 16244 3578
608 16328 12026
609 16360 6394
610 16402 4466
611 16406 10082
612 16406 10844
613 16412 4354
614 16448 11924
615 16740 4848
616 16788 4142
617 16816 9062
618 16844 3158
619 16934 6792
620 16952 5932
621 16978 7902
622 16996 5200
623 17008 3850
624 17044 10300
625 17054 4354
626 17094 6444
627 17136 6276
628 17222 18
629 17228 2828
630 17236 4968
631 17254 6162
632 17266 9454
633 17266 10000
634 17292 9322
635 17318 4454
636 17362 10160
637 17364 4252
638 17378 11064
639 17388 8026
640 17392 3924
641 17392 4220
642 17394 4128
643 17474 5134
644 17478 7136
645 17492 6286
646 17494 5768
647 17496 76
648 17548 3850
649 17568 2252
650 17692 8994
651 17732 710
652 17826 6412
653 17854 10060
654 17854 10074
655 17896 12072
656 17926 8900
657 17934 3820
658 17934 7226
659 17938 3568
660 17938 3674
661 17948 10012
662 17968 10506
663 18022 2226
664 18126 8822
665 18148 4650
666 18170 4682
667 18216 6832
668 18238 4386
669 18316 4522
670 18330 4316
671 18354 10218
672 18402 9080
673 18422 12474
674 18424 12588
675 18430 12142
676 18470 3734
677 18474 7224
678 18518 10498
679 18538 9654
680 18556 1964
681 18580 5402
682 18588 8682
683 18632 6962
684 18640 968
685 18684 8336
686 18788 6856
687 18800 4808
688 18800 12668
689 18802 7950
690 18824 2336
691 18856 2026
692 18926 1394
693 18932 6976
694 18934 2000
695 18938 6558
696 18946 3808
697 18952 1626
698 18960 4724
699 18978 12726
700 18990 5866
701 19190 7732
702 19214 6014
703 19220 4026
704 19240 120
705 19254 206
706 19340 4976
707 19372 2000
708 19410 1872
709 19420 2238
710 19460 5584
711 19464 2078
712 19546 4834
713 19606 3938
714 19610 4548
715 19632 7522
716 19694 8904
717 19768 6148
718 19772 7772
719 19796 4076
720 19798 7016
721 19828 3202
722 19872 7700
723 19942 1152
724 19956 5322
725 19958 4472
726 20022 11414
727 20052 5608
728 20144 4836
729 20172 10446
730 20246 10494
731 20252 5614
732 20324 762
733 20368 770
734 20402 3392
735 20448 1772
736 20562 4402
737 20666 1164
738 20694 5452
739 20700 9132
740 20750 740
741 20790 3156
742 20806 5424
743 20828 2666
744 20830 2732
745 20930 2540
746 20934 3248
747 20940 3568
748 20982 5730
749 20994 8580
750 21002 5542
751 21006 5048
752 21050 6122
753 21068 2534
754 21106 5776
755 21190 1646
756 21216 2438
757 21244 6156
758 21258 2762
759 21288 3214
760 21332 7634
761 21366 7544
762 21428 8560
763 21440 4434
764 21448 4206
765 21458 5034
766 21584 1774
767 21614 8346
768 21626 5416
769 21660 4862
770 21712 8822
771 21778 9950
772 21816 6110
773 21898 12102
774 21906 5930
775 21914 180
776 21932 5848
777 21934 1752
778 21938 6712
779 22006 5776
780 22044 110
781 22060 1638
782 22072 6700
783 22092 12324
784 22100 6130
785 22108 1610
786 22108 1920
787 22128 10094
788 22184 1936
789 22218 1932
790 22292 5130
791 22360 12006
792 22380 5426
793 22416 5932
794 22506 6700
795 22508 7078
796 22562 6694
797 22612 752
798 22626 2752
799 22640 2596
800 22644 158
801 22672 5618
802 22712 114
803 22712 4018
804 22764 1478
805 22816 524
806 22918 1722
807 22944 5596
808 22956 11546
809 22970 3758
810 22978 3780
811 22990 1686
812 22990 6722
813 23054 6424
814 23092 5914
815 23152 622
816 23162 5676
817 23162 6368
818 23200 2572
819 23200 3208
820 23240 3224
821 23266 3234
822 23368 7796
823 23388 5652
824 23388 9364
825 23390 7168
826 23410 5606
827 23418 9052
828 23450 5820
829 23530 2660
830 23546 1454
831 23600 2622
832 23616 5822
833 23640 6396
834 23658 1448
835 23680 6300
836 23680 8332
837 23686 2056
838 23688 8290
839 23692 6332
840 23760 650
841 23796 86
842 23796 1028
843 23884 132
844 23908 1282
845 23918 5578
846 23960 7848
847 24014 5716
848 24042 7826
849 24098 652
850 24116 1662
851 24116 2880
852 24158 5576
853 24166 5996
854 24172 7044
855 24212 1010
856 24252 684
857 24304 4892
858 24408 6836
859 24414 6794
860 24420 2574
861 24430 2394
862 24522 7530
863 24618 6330
864 24622 12
865 24638 6264
866 24700 2402
867 24706 840
868 24716 1076
869 24734 2714
870 24746 4352
871 24768 6342
872 24812 208
873 24818 3214
874 24826 1040
875 24860 5200
876 24868 5780
877 24894 6968
878 24916 3458
879 24926 854
880 24934 2258
881 24938 1672
882 24976 4966
883 25008 1460
884 25078 5676
885 25112 8594
886 25122 7436
887 25168 6456
888 25182 2880
889 25268 4408
890 25286 216
891 25298 3498
892 25310 3948
893 25314 4542
894 25322 310
895 25334 8474
896 25368 8456
897 25384 6172
898 25412 3872
899 25450 5212
3 1 5 3 
2 2 0 
4 9 75 1 6 
3 12 0 4 
3 14 3 5 
6 42 29 4 0 63 59 
3 2 10 7 
3 11 6 8 
3 7 10 13 
4 75 2 11 15 
3 8 6 12 
3 9 7 17 
3 10 3 14 
3 8 24 16 
3 12 4 22 
3 19 9 18 
3 17 13 27 
4 20 11 16 28 
3 38 15 21 
3 39 36 15 
3 30 21 17 
3 26 18 20 
4 31 23 14 29 
3 34 24 22 
3 25 13 23 
3 33 27 24 
3 38 21 40 
3 28 16 25 
3 35 17 27 
3 22 5 32 
3 44 20 35 
3 34 22 81 
3 84 29 45 
3 49 25 41 
3 41 23 31 
3 30 28 37 
3 52 99 19 
3 53 35 50 
3 46 18 26 
3 65 19 66 
3 47 26 43 
3 58 33 34 
3 68 45 5 
3 40 44 74 
3 43 30 53 
3 72 32 42 
3 66 38 55 
3 48 40 69 
3 60 51 47 
3 54 33 58 
3 57 37 54 
3 56 55 48 
3 126 36 65 
3 44 37 62 
3 61 50 49 
3 56 46 51 
3 70 55 51 
3 64 50 61 
3 91 49 41 
5 294 254 71 5 63 
3 79 73 48 
3 57 54 91 
3 76 53 67 
4 59 5 628 437 
3 67 57 103 
3 95 52 39 
3 85 39 46 
3 62 64 83 
3 90 42 71 
3 78 47 74 
3 82 85 56 
3 147 68 59 
3 86 45 90 
3 101 77 60 
3 69 43 76 
3 108 2 9 
3 74 62 80 
3 93 87 73 
3 100 79 69 
3 100 60 78 
3 92 76 83 
3 109 31 88 
3 97 70 89 
3 80 67 102 
3 88 32 86 
3 95 66 70 
3 84 72 118 
3 96 89 77 
3 81 84 94 
3 105 82 87 
3 131 72 68 
3 104 61 58 
3 111 80 110 
3 130 96 77 
3 173 88 124 
3 98 65 85 
3 106 87 93 
3 98 82 105 
3 187 95 97 
3 122 108 36 
4 101 79 78 113 
3 119 73 100 
3 83 103 112 
3 102 64 104 
3 103 91 109 
3 97 89 107 
3 133 107 96 
3 142 105 106 
5 554 75 99 129 136 
3 104 81 152 
3 116 92 114 
3 113 92 115 
3 114 102 158 
3 119 100 111 
3 117 110 112 
3 132 111 116 
3 120 115 110 
3 123 121 114 
3 124 86 138 
3 130 101 113 
3 127 116 121 
3 120 117 128 
3 129 99 125 
3 134 117 164 
3 150 94 118 
4 199 247 122 126 
3 125 52 187 
3 149 120 141 
3 135 121 134 
3 156 108 122 
3 137 93 119 
3 138 90 155 
3 139 137 115 
3 143 142 106 
3 128 123 182 
3 140 141 128 
3 238 108 156 
3 148 130 132 
3 151 118 131 
3 153 132 149 
3 144 135 190 
3 145 127 135 
3 192 107 133 
3 154 133 148 
3 146 140 190 
3 160 141 146 
3 157 145 144 
3 155 71 169 
3 159 143 137 
3 161 139 127 
3 180 124 151 
3 165 150 138 
3 158 109 172 
3 167 159 139 
3 183 143 163 
3 170 131 147 
3 235 136 129 
3 160 146 190 
3 112 152 162 
3 163 148 153 
3 166 145 157 
3 171 149 166 
3 164 158 176 
3 175 154 159 
3 123 162 213 
3 188 151 170 
3 161 160 206 
3 177 153 168 
3 167 171 174 
3 189 147 186 
3 232 165 155 
3 168 161 194 
3 176 152 173 
3 172 94 193 
3 181 168 195 
3 183 163 179 
3 162 172 204 
3 179 167 178 
3 177 181 184 
3 185 175 177 
3 193 150 188 
3 178 174 200 
3 134 214 219 
3 192 154 175 
3 191 178 196 
3 197 192 179 
3 293 169 254 
3 208 126 98 
3 258 180 165 
3 271 240 169 
4 157 144 140 203 
3 197 184 220 
4 208 142 183 185 
4 204 173 180 239 
3 171 211 212 
3 198 174 212 
3 224 184 202 
3 201 185 191 
3 207 200 195 
3 267 263 125 
4 202 181 198 205 
3 208 197 226 
3 196 200 209 
3 206 190 222 
3 210 176 193 
3 209 200 207 
3 215 166 203 
3 205 198 233 
4 252 187 192 201 
3 202 205 221 
3 218 213 204 
3 194 216 234 
3 195 194 255 
3 217 164 210 
3 219 182 217 
4 216 206 229 251 
3 211 215 244 
3 225 214 213 
3 225 210 242 
3 222 182 214 
3 227 191 224 
3 223 209 241 
3 203 219 228 
3 245 237 221 
3 220 196 237 
3 230 217 218 
3 231 201 236 
3 236 220 295 
3 229 222 230 
3 215 228 262 
3 228 225 249 
3 246 226 243 
3 273 170 240 
3 207 259 268 
3 256 211 244 
3 279 250 156 
3 226 227 260 
3 270 224 223 
3 534 136 250 
3 242 193 266 
3 232 189 248 
3 221 277 333 
3 249 218 239 
3 231 260 308 
3 234 216 274 
3 265 223 309 
3 278 253 231 
3 279 125 264 
3 240 271 275 
3 230 242 291 
3 452 238 235 
3 215 262 269 
3 296 208 253 
4 332 252 246 299 
3 285 186 59 
3 212 256 261 
3 255 234 257 
3 256 272 307 
3 266 188 281 
3 233 261 280 
3 243 236 363 
3 259 255 276 
3 251 229 282 
3 264 199 286 
3 566 247 263 
3 270 245 310 
3 239 258 291 
3 286 199 297 
3 233 300 277 
3 274 251 283 
3 295 237 265 
3 248 189 284 
3 257 288 328 
3 281 232 275 
3 244 269 290 
3 273 248 284 
3 261 307 289 
3 241 268 329 
3 312 301 246 
3 452 235 247 
3 259 289 292 
3 258 273 302 
3 283 262 298 
3 269 282 306 
3 275 271 287 
3 325 254 294 
3 553 263 267 
3 284 293 317 
3 272 290 311 
3 280 276 313 
3 288 274 314 
3 249 266 298 
3 300 280 303 
3 287 186 325 
3 285 59 347 
3 227 270 341 
3 297 252 331 
3 564 267 296 
3 282 291 302 
3 343 253 301 
3 268 292 318 
3 305 299 278 
3 298 281 306 
3 292 327 304 
3 324 303 316 
3 359 301 312 
3 283 302 315 
3 276 257 323 
3 243 383 376 
3 336 245 344 
3 319 265 336 
3 288 322 334 
3 305 278 430 
3 289 323 320 
3 321 290 315 
3 314 306 317 
3 304 361 342 
3 315 287 369 
3 329 300 324 
3 405 341 310 
3 326 313 349 
3 322 314 367 
3 311 321 339 
3 313 307 338 
3 318 304 337 
3 293 285 379 
3 330 320 349 
3 303 330 335 
3 338 272 340 
3 333 277 318 
3 327 326 352 
3 544 296 332 
3 331 253 364 
3 241 329 346 
3 340 311 339 
3 361 327 348 
3 310 309 354 
3 351 324 345 
3 323 328 355 
3 334 322 353 
3 328 334 350 
3 368 295 319 
3 345 316 390 
3 364 299 358 
3 360 309 346 
3 362 337 342 
3 344 333 351 
3 379 294 437 
3 356 335 352 
3 326 320 355 
3 340 353 372 
3 346 337 370 
3 348 330 357 
3 350 339 366 
3 435 336 360 
3 349 338 357 
3 371 348 365 
3 352 355 372 
3 514 343 359 
3 358 305 451 
3 354 344 386 
3 316 335 371 
3 370 345 374 
3 373 260 368 
3 526 332 343 
3 356 378 380 
3 375 353 367 
3 366 321 369 
3 363 341 405 
3 367 317 385 
3 382 351 362 
3 377 361 356 
3 357 350 381 
3 383 363 418 
3 401 362 387 
3 392 366 391 
3 425 308 420 
3 394 371 380 
3 365 384 397 
3 325 347 396 
3 377 365 388 
3 384 372 392 
3 402 386 370 
3 410 308 373 
3 378 381 393 
3 413 369 396 
3 398 360 382 
3 389 374 390 
3 403 380 397 
3 401 387 400 
3 387 342 394 
3 375 413 422 
4 406 381 375 428 
3 395 384 411 
3 390 377 403 
3 408 399 393 
4 461 385 379 437 
3 388 378 399 
3 466 386 404 
3 414 397 395 
3 415 389 409 
3 412 374 389 
3 432 407 382 
3 394 388 414 
3 398 407 457 
3 368 319 419 
3 456 411 392 
3 457 404 402 
3 414 395 423 
3 400 416 427 
3 420 383 484 
3 417 393 406 
3 424 401 415 
3 391 385 441 
4 416 403 399 408 
3 426 412 400 
3 409 414 436 
3 456 421 411 
3 373 419 501 
3 418 405 464 
3 376 410 440 
3 458 423 417 
3 446 391 450 
3 429 408 421 
3 432 412 434 
3 430 376 439 
3 434 415 433 
3 431 409 442 
3 485 392 446 
3 438 423 471 
3 447 312 425 
3 433 427 444 
3 476 402 424 
3 443 426 431 
3 460 424 426 
3 464 354 466 
3 442 416 438 
5 490 396 347 63 628 
3 436 429 478 
3 448 425 440 
3 439 420 484 
3 453 413 461 
3 445 427 436 
3 459 433 455 
3 431 445 468 
3 444 442 463 
3 469 428 422 
3 449 430 448 
3 447 439 465 
3 451 447 586 
3 454 422 453 
3 599 359 449 
3 489 250 279 
3 450 441 535 
3 494 450 497 
3 462 443 467 
3 486 417 406 
3 472 404 407 
3 470 421 486 
3 460 443 462 
3 481 434 459 
3 441 396 521 
3 459 455 475 
3 477 445 478 
3 419 435 502 
3 593 448 518 
3 435 398 473 
3 475 455 468 
3 467 444 477 
3 543 480 446 
3 499 471 458 
3 479 429 470 
3 474 457 504 
3 491 466 474 
3 487 473 472 
3 492 462 467 
3 504 432 483 
3 495 468 463 
4 536 463 438 479 
3 498 478 471 
3 550 485 469 
3 483 460 482 
3 481 493 505 
3 524 476 481 
3 440 410 496 
3 488 428 480 
3 488 458 456 
3 516 491 474 
3 500 486 485 
3 534 452 566 
3 647 542 437 
3 502 473 487 
3 493 475 506 
3 507 482 492 
3 707 523 454 
3 503 477 536 
3 510 484 501 
4 538 454 539 531 
3 528 574 479 
3 515 528 470 
3 541 515 488 
3 496 418 508 
3 508 464 491 
3 513 509 495 
3 520 472 476 
3 522 482 511 
3 577 492 509 
3 530 511 493 
3 501 502 512 
3 506 503 513 
3 518 496 517 
3 532 505 507 
3 508 519 527 
3 529 509 503 
3 526 358 583 
3 540 499 500 
3 519 487 520 
3 510 525 537 
3 465 510 556 
3 512 516 559 
3 516 504 533 
3 535 461 542 
3 532 524 505 
3 568 543 494 
3 533 483 522 
3 517 527 546 
3 544 364 514 
3 525 512 559 
3 570 498 499 
3 551 562 513 
3 563 561 507 
3 538 497 547 
3 552 522 511 
3 520 524 552 
3 555 238 489 
3 453 521 545 
3 558 495 478 
3 549 517 575 
3 697 497 531 
3 560 497 545 
3 548 570 515 
3 589 548 500 
3 605 521 490 
3 576 469 523 
3 565 331 526 
3 539 535 597 
3 525 559 573 
3 684 531 560 
3 607 540 541 
3 556 537 557 
3 584 480 576 
3 594 529 558 
3 567 533 532 
3 590 286 579 
3 108 555 699 
3 554 534 688 
3 569 518 549 
3 571 549 575 
3 578 551 536 
4 546 527 519 567 
3 547 539 592 
3 609 572 530 
3 602 588 529 
3 627 530 577 
3 580 297 565 
3 564 544 612 
3 590 489 264 
3 572 559 552 
3 694 606 523 
3 617 556 581 
3 598 528 540 
3 581 557 644 
3 582 567 561 
3 587 546 582 
3 601 578 498 
3 557 537 587 
3 649 550 543 
3 588 563 506 
3 596 558 574 
3 553 580 608 
3 579 564 654 
3 585 569 571 
3 604 573 572 
3 624 514 611 
3 629 591 550 
3 650 581 621 
3 603 449 593 
3 604 575 573 
3 631 577 562 
3 648 541 595 
3 674 566 553 
3 618 595 584 
3 651 560 597 
3 586 465 617 
3 602 551 596 
3 618 589 591 
3 594 578 610 
3 592 545 605 
3 600 570 607 
3 611 451 603 
3 616 601 598 
3 613 574 600 
3 620 562 594 
3 599 586 632 
3 619 587 582 
3 704 597 542 
3 680 663 568 
3 623 598 548 
3 673 579 614 
3 626 619 561 
3 615 596 613 
3 583 599 633 
3 565 624 654 
3 625 610 601 
3 655 608 638 
3 630 622 610 
3 637 625 600 
3 634 593 569 
3 659 595 591 
3 644 604 609 
3 631 602 622 
3 639 585 658 
3 646 620 615 
3 640 642 607 
3 612 583 636 
3 635 613 616 
3 667 609 627 
3 645 626 563 
3 437 63 864 
3 721 696 584 
3 643 615 635 
3 645 588 620 
3 633 603 634 
3 636 611 632 
3 632 617 650 
3 630 625 637 
3 624 633 653 
3 635 616 641 
3 614 662 678 
3 656 621 689 
3 670 623 648 
3 665 637 642 
3 668 641 623 
3 681 646 630 
3 658 571 619 
3 652 627 631 
3 652 622 643 
3 841 780 490 
3 640 589 657 
3 721 576 663 
3 634 585 656 
3 732 592 705 
3 686 645 646 
3 654 636 664 
4 580 612 653 661 
3 675 614 730 
3 650 639 664 
3 703 648 660 
3 621 644 677 
3 676 660 618 
3 676 657 659 
3 662 654 672 
3 638 661 671 
3 690 649 606 
3 653 656 685 
3 666 641 669 
3 687 681 665 
3 683 677 626 
3 669 642 670 
3 698 665 668 
3 714 668 640 
3 678 662 679 
3 679 661 682 
3 674 608 675 
3 688 590 673 
3 673 655 726 
3 696 660 659 
3 701 658 667 
3 638 671 729 
3 671 672 716 
3 694 691 606 
3 700 643 666 
3 672 685 718 
3 693 715 667 
3 692 547 733 
3 682 664 689 
3 693 652 695 
3 706 666 698 
3 555 674 783 
3 685 639 701 
3 741 663 709 
3 711 709 680 
3 697 684 723 
3 715 683 686 
3 711 680 568 
3 686 700 702 
3 713 676 629 
3 708 538 692 
3 712 687 669 
2 554 783 
3 702 695 681 
3 718 689 677 
3 695 700 710 
3 719 725 657 
3 705 605 780 
3 651 704 775 
4 724 710 687 712 
3 711 494 708 
3 707 697 735 
3 743 690 691 
3 717 702 706 
4 745 691 694 707 
3 728 706 698 
3 719 696 734 
3 728 670 725 
4 722 683 693 720 
3 739 679 760 
3 720 710 727 
3 682 701 722 
3 736 703 713 
3 715 717 752 
3 734 629 649 
3 718 715 761 
3 737 692 740 
3 738 727 706 
3 714 703 736 
3 773 675 787 
3 731 717 724 
3 751 712 714 
3 730 678 739 
3 655 729 771 
3 748 727 738 
3 733 651 775 
3 684 732 740 
3 747 713 721 
4 766 708 755 781 
3 763 725 719 
3 755 723 797 
3 731 724 742 
3 729 716 749 
3 723 733 805 
3 746 690 744 
3 750 738 751 
3 744 709 745 
3 741 743 753 
3 743 711 753 
3 747 741 759 
3 764 734 746 
3 754 731 750 
3 739 760 762 
3 748 742 768 
3 742 728 765 
3 757 720 754 
3 744 745 756 
3 776 752 748 
3 735 737 785 
3 758 753 766 
3 778 752 772 
3 759 756 786 
3 803 746 758 
3 749 716 761 
3 760 722 778 
3 770 749 767 
3 769 736 764 
3 790 763 747 
3 768 751 769 
3 756 735 777 
3 762 795 822 
3 779 750 765 
3 792 765 763 
3 827 771 762 
3 787 730 770 
3 782 757 774 
3 783 726 824 
3 784 772 776 
3 732 705 800 
3 774 754 779 
3 786 766 781 
3 761 757 782 
3 776 768 792 
3 802 704 647 
3 777 735 785 
3 794 778 772 
5 699 688 773 791 808 
3 796 774 793 
3 781 755 804 
3 788 758 777 
3 726 771 824 
3 798 786 789 
3 799 788 806 
3 792 764 803 
3 783 885 808 
4 801 779 769 790 
3 784 801 814 
3 795 782 796 
3 822 767 794 
3 812 794 784 
3 804 737 815 
3 809 788 799 
3 819 798 789 
3 805 775 802 
3 793 792 807 
3 800 780 841 
3 790 759 809 
3 811 785 797 
3 815 740 800 
3 818 789 811 
3 816 801 810 
3 783 791 896 
3 810 803 798 
3 807 809 819 
3 806 804 830 
3 825 796 813 
3 812 814 817 
3 813 793 816 
3 840 797 805 
3 814 807 823 
3 833 813 828 
3 829 821 806 
3 820 810 799 
3 821 826 819 
3 845 820 818 
4 838 767 795 825 
3 828 816 826 
4 773 787 827 862 
3 822 812 833 
3 832 823 820 
3 824 770 836 
3 835 817 823 
3 847 818 831 
3 811 842 834 
3 852 829 837 
3 835 826 845 
3 825 817 839 
3 837 830 844 
3 839 828 832 
3 827 838 848 
3 851 831 834 
3 836 822 846 
3 854 833 835 
3 849 842 815 
4 843 802 647 864 
3 830 840 855 
3 872 849 841 
4 850 834 855 868 
3 847 832 821 
3 838 854 848 
3 853 845 829 
3 836 846 862 
3 856 840 843 
3 866 861 844 
3 857 837 860 
3 853 831 857 
3 859 847 852 
3 846 839 858 
3 844 842 867 
3 867 849 872 
3 865 852 851 
3 862 854 859 
3 858 853 863 
3 870 851 861 
3 869 860 850 
4 824 848 858 877 
3 871 859 865 
3 890 841 628 
3 863 857 876 
3 869 850 868 
3 879 855 856 
3 866 844 874 
3 873 861 866 
3 875 860 873 
3 877 863 876 
3 890 856 843 
3 878 870 869 
3 881 868 879 
3 876 870 882 
4 877 871 865 875 
4 886 862 871 876 
3 882 873 880 
3 874 867 890 
3 884 878 881 
3 880 874 883 
3 884 875 878 
3 888 881 890 
3 887 882 880 
3 791 886 895 
3 885 877 887 
3 886 884 889 
3 891 889 883 
3 893 887 888 
5 894 883 879 872 864 
3 898 892 888 
3 893 891 898 
3 897 889 892 
3 899 898 890 
3 885 897 896 
3 808 895 899 
3 895 893 899 
4 899 892 891 894 
4 896 897 898 894 
