2000
0 0 6856
1 4 2938
2 30 8132
3 50 6786
4 68 5548
5 76 5206
6 86 1892
7 102 2758
8 120 6504
9 124 970
10 124 2012
11 132 4618
12 140 3192
13 142 2142
14 174 6832
15 216 128
16 236 6522
17 246 5028
18 250 4938
19 258 7748
20 286 6932
21 300 5486
22 300 6442
23 304 2280
24 310 6284
25 324 1944
26 326 7736
27 330 5314
28 342 4634
29 360 6596
30 366 5590
31 368 7548
32 370 5510
33 390 1988
34 448 270
35 490 1524
36 506 7668
37 542 240
38 544 2470
39 554 2658
40 566 3466
41 576 5144
42 590 8510
43 626 2912
44 626 5428
45 642 7024
46 646 8598
47 652 3320
48 660 4992
49 680 1638
50 682 2790
51 710 8680
52 720 2208
53 750 1794
54 752 4610
55 792 7532
56 802 6594
57 810 8744
58 826 1538
59 838 6348
60 844 2292
61 908 6562
62 916 1342
63 920 5640
64 924 6882
65 944 4888
66 946 1774
67 950 1182
68 952 2218
69 974 8878
70 1002 6556
71 1012 38
72 1016 510
73 1044 5432
74 1066 7738
75 1072 3354
76 1092 4904
77 1098 4916
78 1148 3504
79 1150 5124
80 1158 7792
81 1162 686
82 1186 4546
83 1196 5532
84 1212 7784
85 1236 136
86 1250 6866
87 1252 5558
88 1258 2616
89 1270 4962
90 1314 4770
91 1326 6446
92 1338 5448
93 1342 2900
94 1370 2036
95 1432 448
96 1444 5924
97 1468 5886
98 1482 5548
99 1506 250
100 1506 7176
101 1512 7630
102 1520 558
103 1524 7678
104 1540 76
105 1564 6162
106 1570 5278
107 1574 1304
108 1582 848
109 1596 5890
110 1618 2134
111 1632 736
112 1634 506
113 1652 7172
114 1680 7312
115 1714 8836
116 1722 7430
117 1768 2360
118 1768 2552
119 1770 7962
120 1782 4564
121 1790 7876
122 1836 7834
123 1864 4820
124 1872 5942
125 1888 4604
126 1894 4874
127 1900 284
128 1902 5534
129 1946 6278
130 1958 4302
131 1966 4758
132 2004 5866
133 2036 4620
134 2044 5196
135 2062 5808
136 2070 2124
137 2070 9074
138 2076 9368
139 2088 4622
140 2112 7878
141 2132 2398
142 2144 4832
143 2158 532
144 2186 146
145 2216 5144
146 2268 7068
147 2272 2290
148 2286 5652
149 2288 4442
150 2290 1960
151 2296 6666
152 2300 7580
153 2318 7082
154 2326 5736
155 2328 5780
156 2338 6716
157 2342 5670
158 2348 6676
159 2358 6582
160 2366 4590
161 2384 5386
162 2408 6100
163 2410 2240
164 2414 6644
165 2434 414
166 2436 1648
167 2442 6536
168 2470 8184
169 2472 7472
170 2474 5742
171 2488 6464
172 2488 7254
173 2490 5886
174 2494 10090
175 2498 8054
176 2504 6546
177 2536 104
178 2540 5954
179 2594 6646
180 2642 4232
181 2644 5760
182 2646 6720
183 2652 7154
184 2670 4554
185 2684 5672
186 2722 5818
187 2724 4126
188 2726 3812
189 2732 4082
190 2748 6250
191 2764 9878
192 2776 1948
193 2802 602
194 2810 7742
195 2818 3794
196 2838 5958
197 2894 6464
198 2902 7890
199 2910 7762
200 2914 4544
201 2926 4480
202 2932 650
203 2938 6854
204 2972 10130
205 2992 4440
206 3014 7718
207 3082 6738
208 3100 8026
209 3102 6316
210 3104 7008
211 3124 5620
212 3126 8210
213 3128 5878
214 3142 472
215 3142 4280
216 3150 4580
217 3154 1618
218 3164 8126
219 3192 6294
220 3210 5282
221 3226 450
222 3242 5064
223 3266 4600
224 3266 7722
225 3272 6868
226 3304 8656
227 3314 7672
228 3320 1548
229 3342 7118
230 3344 710
231 3368 5230
232 3390 7152
233 3414 9928
234 3430 5236
235 3430 6714
236 3448 7214
237 3454 1524
238 3462 6722
239 3468 8790
240 3472 8754
241 3488 7464
242 3494 8716
243 3506 7154
244 3514 7216
245 3516 7212
246 3522 7014
247 3538 7550
248 3576 4676
249 3584 7170
250 3594 7280
251 3600 8408
252 3602 8534
253 3606 9860
254 3624 7974
255 3628 11558
256 3672 2652
257 3678 2674
258 3684 7868
259 3686 230
260 3758 7344
261 3778 9824
262 3782 7646
263 3784 4278
264 3812 7648
265 3846 3382
266 3862 5562
267 3866 6720
268 3894 7084
269 3910 6128
270 3910 7670
271 3926 1724
272 3932 9122
273 3934 2380
274 3936 4740
275 3956 3788
276 3962 5426
277 3968 5890
278 3968 6576
279 3980 7176
280 4004 7676
281 4016 4730
282 4024 2716
283 4028 5662
284 4034 48
285 4034 508
286 4062 154
287 4068 6730
288 4088 2722
289 4088 7618
290 4102 3426
291 4104 5888
292 4112 8014
293 4124 2492
294 4124 4850
295 4140 3010
296 4148 508
297 4148 2952
298 4150 8058
299 4154 11912
300 4160 3440
301 4178 232
302 4182 546
303 4214 4988
304 4234 4054
305 4270 5276
306 4282 8674
307 4308 5106
308 4330 5670
309 4336 816
310 4346 6516
311 4358 7558
312 4370 760
313 4384 6850
314 4388 5728
315 4392 4638
316 4428 768
317 4472 7002
318 4482 6498
319 4540 3860
320 4558 3618
321 4570 6540
322 4576 872
323 4592 1090
324 4630 7262
325 4672 7122
326 4676 1376
327 4694 1142
328 4698 5516
329 4698 6494
330 4714 1012
331 4714 7172
332 4720 7130
333 4754 4450
334 4766 1544
335 4766 6620
336 4814 4292
337 4824 4836
338 4850 1580
339 4850 4364
340 4856 3882
341 4866 4036
342 4882 4366
343 4894 3882
344 4904 5708
345 4934 9892
346 4940 8670
347 4944 1596
348 4946 1600
349 4968 5152
350 4984 1562
351 5004 8046
352 5020 3846
353 5028 6090
354 5058 5162
355 5062 6624
356 5064 4060
357 5082 7502
358 5086 5100
359 5086 6168
360 5200 6516
361 5232 8156
362 5244 7068
363 5248 5624
364 5260 5666
365 5272 7930
366 5288 7254
367 5326 2682
368 5336 6868
369 5342 7910
370 5350 7974
371 5360 5564
372 5368 6598
373 5376 5684
374 5398 4774
375 5460 5908
376 5462 7252
377 5476 6512
378 5504 7892
379 5506 7600
380 5524 7624
381 5558 11570
382 5598 11082
383 5600 8194
384 5626 2988
385 5636 1026
386 5650 6264
387 5664 374
388 5668 7536
389 5676 6238
390 5684 794
391 5686 6940
392 5724 880
393 5728 10562
394 5736 5244
395 5770 10914
396 5776 876
397 5784 6046
398 5812 7654
399 5820 5352
400 5820 5878
401 5826 2694
402 5846 2828
403 5846 2926
404 5848 7088
405 5850 6118
406 5930 10724
407 5932 6518
408 5936 6150
409 5938 6850
410 5942 11274
411 5950 7708
412 5954 4920
413 5954 5742
414 5992 3730
415 6014 7550
416 6040 6120
417 6042 6012
418 6090 6584
419 6142 6774
420 6146 5508
421 6150 5506
422 6156 3492
423 6176 10646
424 6178 738
425 6196 8134
426 6218 5780
427 6246 8042
428 6248 8300
429 6264 836
430 6274 8032
431 6312 8208
432 6324 1154
433 6332 4108
434 6356 4074
435 6394 6276
436 6398 1796
437 6424 7818
438 6432 9810
439 6440 8504
440 6440 8840
441 6442 9784
442 6444 3834
443 6446 9792
444 6456 3180
445 6464 8318
446 6482 1142
447 6490 1032
448 6494 3718
449 6512 8740
450 6518 8786
451 6536 9430
452 6554 9168
453 6558 8946
454 6594 1014
455 6594 3912
456 6594 8510
457 6602 8308
458 6608 9194
459 6634 2072
460 6638 9720
461 6642 6888
462 6652 2088
463 6668 9468
464 6684 4536
465 6692 10318
466 6696 9638
467 6706 2232
468 6708 7694
469 6712 9432
470 6732 944
471 6748 8540
472 6754 8886
473 6762 972
474 6790 4146
475 6796 8308
476 6806 11362
477 6810 11222
478 6838 1232
479 6856 176
480 6888 8540
481 6890 1620
482 6906 62
483 6918 2176
484 6922 9096
485 6924 1022
486 6940 7898
487 6950 1470
488 6954 7788
489 7018 2210
490 7020 10998
491 7038 9198
492 7046 12204
493 7066 7380
494 7100 4822
495 7116 9158
496 7172 2726
497 7174 2648
498 7182 7654
499 7202 11160
500 7214 5950
501 7240 6094
502 7242 4790
503 7244 1984
504 7252 5836
505 7256 6144
506 7264 10734
507 7278 6882
508 7294 7300
509 7320 6372
510 7378 3346
511 7378 5826
512 7408 7482
513 7434 1556
514 7434 10786
515 7444 2950
516 7446 2908
517 7520 8054
518 7564 9438
519 7634 9632
520 7646 3088
521 7660 202
522 7680 6850
523 7700 8600
524 7712 4118
525 7722 7452
526 7752 6428
527 7772 7694
528 7774 3470
529 7774 4180
530 7774 9842
531 7778 6788
532 7802 2832
533 7818 8600
534 7820 3454
535 7826 10012
536 7846 9812
537 7850 8546
538 7864 9520
539 7912 10022
540 7928 2596
541 7956 7408
542 7976 2530
543 7980 6880
544 7990 4106
545 7990 11122
546 8000 4448
547 8006 4268
548 8008 9706
549 8022 4230
550 8024 884
551 8044 3654
552 8044 10756
553 8056 4994
554 8064 94
555 8068 6270
556 8072 4000
557 8080 1490
558 8144 1666
559 8160 9142
560 8160 9282
561 8172 1994
562 8172 5736
563 8176 6548
564 8196 4702
565 8210 9326
566 8214 9782
567 8216 386
568 8226 6834
569 8262 502
570 8266 4092
571 8268 9874
572 8268 11858
573 8272 4738
574 8296 6822
575 8306 596
576 8320 826
577 8340 4772
578 8344 8418
579 8352 8844
580 8376 5794
581 8404 12072
582 8416 11026
583 8440 10460
584 8466 714
585 8476 2282
586 8494 5060
587 8498 1372
588 8502 4738
589 8518 1926
590 8522 1454
591 8544 11624
592 8570 10378
593 8572 5892
594 8620 11892
595 8622 11670
596 8628 4440
597 8636 8014
598 8666 7472
599 8668 9716
600 8668 10666
601 8682 6102
602 8686 1568
603 8712 534
604 8722 1578
605 8724 6190
606 8768 2768
607 8784 6380
608 8788 6668
609 8802 2652
610 8814 5308
611 8828 5738
612 8834 1298
613 8848 4248
614 8852 5868
615 8894 11824
616 8898 7702
617 8904 5966
618 8910 5256
619 8922 5282
620 8948 8764
621 8976 4320
622 8986 2040
623 8986 2170
624 9036 872
625 9036 1582
626 9062 4336
627 9066 982
628 9070 6294
629 9082 8440
630 9106 3914
631 9110 6198
632 9114 4634
633 9116 3582
634 9116 3592
635 9140 1586
636 9144 5432
637 9164 894
638 9174 890
639 9174 5128
640 9178 2240
641 9180 870
642 9180 11884
643 9196 11726
644 9202 11556
645 9204 1070
646 9220 5164
647 9248 880
648 9288 2148
649 9294 3866
650 9306 2116
651 9320 2582
652 9358 2948
653 9360 4290
654 9392 5618
655 9398 102
656 9400 5122
657 9406 4014
658 9414 9692
659 9422 1288
660 9440 3900
661 9454 9852
662 9456 712
663 9460 1278
664 9460 11448
665 9496 9780
666 9520 1406
667 9524 2762
668 9528 10836
669 9544 10760
670 9554 3926
671 9564 1428
672 9580 9762
673 9588 3526
674 9590 7548
675 9598 882
676 9598 2294
677 9642 3546
678 9648 3166
679 9654 2804
680 9688 4092
681 9694 196
682 9698 4106
683 9714 1848
684 9720 2844
685 9754 5060
686 9756 9798
687 9762 2724
688 9772 8762
689 9776 9648
690 9780 4360
691 9786 8768
692 9818 9668
693 9834 2242
694 9856 1836
695 9874 1952
696 9876 2158
697 9876 5800
698 9892 5792
699 9898 7096
700 9902 1972
701 9922 4092
702 9934 574
703 9938 2870
704 9940 5906
705 9944 7594
706 9970 1168
707 9978 9846
708 9998 6558
709 10012 1674
710 10018 1198
711 10022 8398
712 10024 2664
713 10048 4292
714 10048 5138
715 10056 5734
716 10058 5666
717 10064 2830
718 10122 2166
719 10126 586
720 10126 7292
721 10128 2920
722 10128 7758
723 10132 2774
724 10152 5792
725 10174 4490
726 10184 6892
727 10228 1496
728 10230 4138
729 10234 4012
730 10244 5856
731 10266 2938
732 10266 4576
733 10278 5902
734 10280 8158
735 10282 5294
736 10282 7720
737 10300 2244
738 10306 108
739 10310 10808
740 10312 5176
741 10322 6384
742 10342 1878
743 10356 6994
744 10360 2120
745 10364 1994
746 10384 9792
747 10390 280
748 10396 6242
749 10418 4790
750 10422 1918
751 10450 1912
752 10458 1336
753 10462 4654
754 10466 2856
755 10478 5170
756 10482 1386
757 10484 5812
758 10512 342
759 10528 3560
760 10532 4384
761 10536 5164
762 10538 1542
763 10546 4832
764 10564 3694
765 10566 4508
766 10584 10054
767 10592 1620
768 10602 2590
769 10602 4266
770 10604 2512
771 10616 1686
772 10616 8082
773 10616 9888
774 10628 4226
775 10634 1736
776 10636 6546
777 10638 5628
778 10640 1774
779 10652 1858
780 10654 1844
781 10654 2456
782 10658 2026
783 10662 3414
784 10662 5690
785 10670 3896
786 10674 3710
787 10676 3096
788 10688 8124
789 10706 2954
790 10706 9996
791 10710 9996
792 10722 4226
793 10722 5800
794 10730 2078
795 10742 2170
796 10748 2238
797 10750 2384
798 10754 2230
799 10762 10720
800 10774 1320
801 10776 1382
802 10846 1784
803 10872 2888
804 10878 5778
805 10880 2782
806 10888 5658
807 10902 9910
808 10904 10264
809 10908 4564
810 10928 1262
811 10934 464
812 10946 4618
813 10960 4904
814 10970 6516
815 10972 6658
816 10990 3442
817 10990 5398
818 11042 6848
819 11048 7910
820 11054 4420
821 11054 7424
822 11078 7434
823 11090 616
824 11090 1758
825 11094 7804
826 11096 3668
827 11106 7764
828 11176 850
829 11212 1514
830 11218 1848
831 11224 4940
832 11232 938
833 11262 4346
834 11270 2194
835 11272 7544
836 11274 658
837 11276 2076
838 11280 8782
839 11294 1988
840 11296 4896
841 11302 3776
842 11308 4070
843 11330 10366
844 11338 1580
845 11350 4974
846 11370 808
847 11388 4736
848 11394 4388
849 11408 2670
850 11412 2512
851 11426 2784
852 11432 4044
853 11436 1042
854 11462 5132
855 11474 3062
856 11490 5774
857 11496 4234
858 11520 1878
859 11522 4592
860 11532 5412
861 11548 8790
862 11562 4550
863 11562 4772
864 11566 1928
865 11580 800
866 11580 8220
867 11606 4896
868 11608 5208
869 11622 334
870 11630 4244
871 11630 5118
872 11638 8782
873 11656 4090
874 11658 6394
875 11668 2464
876 11670 1524
877 11682 5828
878 11696 2062
879 11700 338
880 11740 2570
881 11756 1204
882 11760 4104
883 11762 2920
884 11762 6114
885 11768 7548
886 11780 6014
887 11798 3860
888 11798 4334
889 11806 1678
890 11814 3870
891 11818 3530
892 11818 3570
893 11834 1680
894 11842 3652
895 11846 1244
896 11872 2126
897 11878 5584
898 11912 5508
899 11914 3042
900 11926 3298
901 11936 2570
902 11938 932
903 11968 3836
904 11988 2488
905 11990 5582
906 11990 6140
907 11996 5208
908 12002 2100
909 12006 852
910 12010 3826
911 12020 3044
912 12026 5350
913 12032 906
914 12034 974
915 12048 4110
916 12052 3354
917 12060 4570
918 12104 4788
919 12112 1156
920 12122 2538
921 12126 462
922 12146 4248
923 12146 10128
924 12150 9728
925 12154 9798
926 12154 10002
927 12162 3000
928 12176 316
929 12206 2306
930 12224 3864
931 12230 8192
932 12232 3596
933 12232 3656
934 12236 2862
935 12240 2362
936 12260 1424
937 12264 654
938 12266 3936
939 12270 1258
940 12274 1088
941 12278 5034
942 12298 634
943 12306 2098
944 12314 392
945 12336 3826
946 12354 7222
947 12362 8076
948 12362 8408
949 12370 8196
950 12380 7880
951 12384 4700
952 12384 10804
953 12388 7564
954 12402 1312
955 12404 4904
956 12420 3908
957 12430 7842
958 12430 7996
959 12438 10756
960 12452 6966
961 12472 7144
962 12482 1638
963 12482 4964
964 12484 2952
965 12488 3570
966 12516 2766
967 12520 7452
968 12530 3666
969 12544 2002
970 12576 5394
971 12592 7544
972 12600 2814
973 12602 7122
974 12606 5080
975 12608 10598
976 12616 4428
977 12626 8448
978 12628 1838
979 12634 1580
980 12636 4286
981 12638 8584
982 12642 830
983 12646 5588
984 12658 5186
985 12670 5254
986 12690 10564
987 12694 7810
988 12710 4602
989 12728 5614
990 12734 4588
991 12736 1598
992 12740 8914
993 12742 1832
994 12748 3266
995 12748 4866
996 12766 2180
997 12772 7328
998 12802 3270
999 12810 3312
1000 12818 5012
1001 12820 2892
1002 12828 3086
1003 12860 1670
1004 12866 844
1005 12898 2530
1006 12898 10550
1007 12904 3562
1008 12904 6036
1009 12908 9488
1010 12910 4160
1011 12922 10382
1012 12926 4076
1013 12928 2622
1014 12938 406
1015 12942 3708
1016 12954 1814
1017 12956 5276
1018 12956 5448
1019 12964 3500
1020 12964 3506
1021 12964 6192
1022 12974 3820
1023 12976 2464
1024 12982 1512
1025 13000 3984
1026 13010 1644
1027 13018 5182
1028 13030 9198
1029 13040 9766
1030 13042 12178
1031 13052 7328
1032 13052 9734
1033 13054 10368
1034 13054 11646
1035 13070 6012
1036 13084 7320
1037 13088 7966
1038 13114 2868
1039 13122 5706
1040 13128 422
1041 13130 1838
1042 13134 3022
1043 13142 8296
1044 13144 8076
1045 13152 2772
1046 13154 8682
1047 13166 4054
1048 13168 2864
1049 13176 7702
1050 13178 870
1051 13184 1876
1052 13186 198
1053 13200 6600
1054 13206 8584
1055 13214 408
1056 13216 8592
1057 13218 6530
1058 13224 4242
1059 13242 3988
1060 13248 4112
1061 13258 274
1062 13290 7634
1063 13292 8156
1064 13316 1228
1065 13318 1220
1066 13320 5968
1067 13322 560
1068 13322 740
1069 13344 2592
1070 13356 5400
1071 13364 3692
1072 13370 448
1073 13376 4736
1074 13398 4086
1075 13406 174
1076 13408 6216
1077 13412 3658
1078 13420 2946
1079 13424 5172
1080 13424 5416
1081 13430 592
1082 13432 4826
1083 13434 6898
1084 13448 6226
1085 13470 2234
1086 13472 8664
1087 13478 8988
1088 13484 550
1089 13484 1292
1090 13520 5560
1091 13526 12088
1092 13532 2170
1093 13534 3382
1094 13536 4822
1095 13538 7894
1096 13542 162
1097 13550 7382
1098 13552 2922
1099 13552 6358
1100 13584 6650
1101 13598 5706
1102 13598 7494
1103 13620 42
1104 13622 798
1105 13632 3034
1106 13666 4824
1107 13714 7550
1108 13716 6794
1109 13724 2280
1110 13744 402
1111 13752 2702
1112 13778 4834
1113 13780 2970
1114 13790 2198
1115 13792 62
1116 13796 6400
1117 13808 502
1118 13808 7648
1119 13812 768
1120 13814 1258
1121 13824 6422
1122 13826 4786
1123 13840 108
1124 13846 276
1125 13852 3018
1126 13854 3782
1127 13860 2480
1128 13870 440
1129 13880 998
1130 13882 12154
1131 13920 2974
1132 13934 6246
1133 13942 3290
1134 13956 4942
1135 13958 1670
1136 13964 7648
1137 13966 4240
1138 13966 6046
1139 13980 1936
1140 13980 8036
1141 13986 5890
1142 13988 6162
1143 13994 5998
1144 13998 2882
1145 14012 5674
1146 14014 3916
1147 14024 7324
1148 14040 1288
1149 14040 6512
1150 14056 7358
1151 14080 6654
1152 14100 6462
1153 14140 3806
1154 14142 6110
1155 14176 5722
1156 14178 904
1157 14182 8076
1158 14196 6876
1159 14210 4072
1160 14212 4534
1161 14214 10264
1162 14218 3436
1163 14224 1186
1164 14254 3712
1165 14256 6530
1166 14284 844
1167 14298 5076
1168 14304 4312
1169 14312 3076
1170 14332 2958
1171 14332 6924
1172 14354 12342
1173 14356 4284
1174 14372 3052
1175 14372 6466
1176 14400 6136
1177 14402 1994
1178 14402 4524
1179 14414 7174
1180 14442 7052
1181 14450 1766
1182 14464 4262
1183 14464 4760
1184 14464 12148
1185 14476 558
1186 14476 12126
1187 14512 6946
1188 14524 7558
1189 14526 11388
1190 14528 6742
1191 14598 2912
1192 14610 3956
1193 14660 2518
1194 14660 3654
1195 14664 13290
1196 14670 5866
1197 14688 358
1198 14690 12738
1199 14696 7222
1200 14696 12162
1201 14712 2738
1202 14742 90
1203 14760 7180
1204 14764 7634
1205 14772 6636
1206 14784 1818
1207 14786 7582
1208 14794 586
1209 14796 6434
1210 14810 1260
1211 14826 3410
1212 14826 12828
1213 14832 2354
1214 14846 3506
1215 14850 108
1216 14850 144
1217 14854 2406
1218 14856 3432
1219 14864 4182
1220 14872 12894
1221 14876 4234
1222 14908 332
1223 14908 13028
1224 14910 7562
1225 14914 4700
1226 14924 188
1227 14926 3974
1228 14930 8220
1229 14934 4044
1230 14934 13118
1231 14936 2756
1232 14938 5962
1233 14952 7786
1234 14962 1658
1235 14964 4702
1236 14968 4562
1237 14970 456
1238 14972 2048
1239 14974 592
1240 14980 13400
1241 14984 3900
1242 15030 2122
1243 15030 11268
1244 15036 2126
1245 15036 11216
1246 15050 12926
1247 15084 6764
1248 15086 1388
1249 15092 7930
1250 15094 4752
1251 15102 2016
1252 15106 4244
1253 15112 4922
1254 15120 5172
1255 15142 6360
1256 15150 3792
1257 15152 9102
1258 15162 9202
1259 15172 2144
1260 15186 626
1261 15186 5624
1262 15190 4788
1263 15194 1106
1264 15202 4142
1265 15212 5512
1266 15218 6742
1267 15224 7490
1268 15238 310
1269 15240 9916
1270 15244 6252
1271 15246 466
1272 15296 594
1273 15302 788
1274 15306 882
1275 15308 4518
1276 15318 866
1277 15336 632
1278 15360 320
1279 15362 10916
1280 15366 214
1281 15390 1454
1282 15392 7840
1283 15392 13818
1284 15402 812
1285 15404 868
1286 15416 11180
1287 15422 7588
1288 15426 2208
1289 15426 5140
1290 15432 1952
1291 15432 5230
1292 15438 1102
1293 15438 11302
1294 15440 5486
1295 15452 6976
1296 15456 3298
1297 15458 11500
1298 15468 5184
1299 15482 1012
1300 15490 5600
1301 15522 2762
1302 15556 12772
1303 15564 7758
1304 15618 12174
1305 15628 5586
1306 15652 4806
1307 15656 12390
1308 15664 6158
1309 15676 6970
1310 15680 7308
1311 15694 3356
1312 15698 4826
1313 15698 11636
1314 15728 2720
1315 15738 7824
1316 15754 6496
1317 15760 3156
1318 15770 12
1319 15770 11322
1320 15772 7146
1321 15778 4332
1322 15780 5932
1323 15782 5542
1324 15786 2292
1325 15798 11590
1326 15816 50
1327 15828 4434
1328 15834 11962
1329 15850 6672
1330 15860 6252
1331 15860 8306
1332 15860 8432
1333 15868 6952
1334 15878 6258
1335 15912 4966
1336 15916 2948
1337 15918 7772
1338 15920 11704
1339 15922 6952
1340 15928 7074
1341 15930 7170
1342 15938 11768
1343 15952 2860
1344 15984 5008
1345 16000 6214
1346 16002 6466
1347 16046 3670
1348 16052 6592
1349 16056 2218
1350 16064 9882
1351 16066 2914
1352 16072 5420
1353 16078 3564
1354 16086 4394
1355 16088 11706
1356 16090 9172
1357 16104 3804
1358 16112 7050
1359 16136 11702
1360 16138 3806
1361 16154 3464
1362 16166 1512
1363 16170 3978
1364 16172 3740
1365 16188 3362
1366 16192 7988
1367 16206 11986
1368 16224 7654
1369 16232 11622
1370 16268 10364
1371 16268 11936
1372 16282 11710
1373 16312 7152
1374 16314 6224
1375 16362 5624
1376 16374 5822
1377 16382 7664
1378 16386 670
1379 16396 10716
1380 16400 4572
1381 16400 6280
1382 16420 4618
1383 16422 9472
1384 16422 11496
1385 16434 4568
1386 16446 5792
1387 16488 6724
1388 16496 11738
1389 16572 6664
1390 16596 12236
1391 16622 10270
1392 16640 1728
1393 16640 4390
1394 16642 4298
1395 16652 1788
1396 16662 7576
1397 16706 12150
1398 16742 2826
1399 16746 3526
1400 16756 8396
1401 16774 9088
1402 16776 8464
1403 16778 4086
1404 16790 12040
1405 16798 2462
1406 16814 3538
1407 16842 11204
1408 16848 2974
1409 16870 4090
1410 16890 4448
1411 16910 2154
1412 16918 8664
1413 16972 7642
1414 16984 4096
1415 16998 3914
1416 16998 8026
1417 17000 5862
1418 17010 5052
1419 17030 9146
1420 17030 9800
1421 17034 11884
1422 17040 4240
1423 17040 4368
1424 17060 3806
1425 17064 10746
1426 17066 5532
1427 17070 9858
1428 17082 5758
1429 17084 8020
1430 17092 8178
1431 17092 10536
1432 17126 6446
1433 17138 9160
1434 17154 8032
1435 17216 9406
1436 17258 12322
1437 17260 10376
1438 17276 4718
1439 17300 9166
1440 17302 7084
1441 17316 12476
1442 17330 9218
1443 17334 664
1444 17356 844
1445 17360 9946
1446 17370 9530
1447 17384 3388
1448 17388 8128
1449 17394 8450
1450 17396 6700
1451 17404 6814
1452 17412 5548
1453 17414 4978
1454 17438 644
1455 17448 4246
1456 17450 4552
1457 17470 3142
1458 17472 1872
1459 17482 2998
1460 17496 4890
1461 17516 16
1462 17590 2682
1463 17594 3668
1464 17618 5522
1465 17624 2762
1466 17626 2140
1467 17626 3616
1468 17638 4744
1469 17640 5414
1470 17678 4184
1471 17684 8882
1472 17694 2188
1473 17694 9384
1474 17718 12018
1475 17728 4012
1476 17730 5130
1477 17734 5246
1478 17752 5318
1479 17768 2334
1480 17782 9654
1481 17784 6030
1482 17792 9626
1483 17820 7224
1484 17830 7070
1485 17858 6400
1486 17870 7706
1487 17878 2150
1488 17880 5178
1489 17886 3330
1490 17892 4192
1491 17900 2104
1492 17904 3684
1493 17914 3740
1494 17928 4992
1495 17936 4082
1496 17948 10850
1497 17972 9870
1498 17988 5918
1499 18022 2434
1500 18030 46
1501 18062 3382
1502 18074 3552
1503 18074 6766
1504 18082 2020
1505 18120 3660
1506 18136 11640
1507 18142 10124
1508 18154 9940
1509 18168 1920
1510 18180 5866
1511 18226 5672
1512 18232 2098
1513 18248 5670
1514 18248 5770
1515 18248 10146
1516 18258 11460
1517 18268 4392
1518 18280 3566
1519 18288 5228
1520 18312 9798
1521 18314 5662
1522 18316 6336
1523 18354 7164
1524 18378 9084
1525 18408 6528
1526 18432 12212
1527 18448 5220
1528 18448 9858
1529 18450 686
1530 18456 1590
1531 18480 8024
1532 18496 6954
1533 18496 11396
1534 18498 4222
1535 18504 10148
1536 18504 11288
1537 18510 11116
1538 18514 10034
1539 18516 10344
1540 18578 6014
1541 18588 3230
1542 18604 5160
1543 18610 6396
1544 18612 4664
1545 18618 6858
1546 18620 5568
1547 18620 8698
1548 18624 8008
1549 18638 4938
1550 18640 6770
1551 18668 3142
1552 18700 994
1553 18760 4740
1554 18766 450
1555 18770 4250
1556 18824 5288
1557 18830 7072
1558 18834 4932
1559 18850 6934
1560 18870 10662
1561 18902 6604
1562 18914 6012
1563 18920 2340
1564 18940 7646
1565 18942 2016
1566 18942 6918
1567 18946 2004
1568 18982 3100
1569 19002 3070
1570 19002 8400
1571 19036 6004
1572 19052 5358
1573 19058 4814
1574 19060 568
1575 19068 2280
1576 19080 4932
1577 19096 4444
1578 19102 2270
1579 19116 7922
1580 19138 4144
1581 19158 4384
1582 19168 1432
1583 19168 1798
1584 19190 8350
1585 19212 8920
1586 19228 3976
1587 19264 3896
1588 19264 8426
1589 19286 5346
1590 19294 5168
1591 19306 3736
1592 19320 3134
1593 19362 8156
1594 19440 7584
1595 19450 5348
1596 19470 2060
1597 19476 2858
1598 19492 8376
1599 19502 3144
1600 19504 6044
1601 19508 5166
1602 19512 2340
1603 19544 7712
1604 19550 1924
1605 19554 5292
1606 19560 4462
1607 19568 2970
1608 19574 3976
1609 19584 2102
1610 19588 7712
1611 19604 6056
1612 19614 7506
1613 19638 8268
1614 19660 6204
1615 19674 3012
1616 19686 7234
1617 19688 5538
1618 19702 4606
1619 19734 4044
1620 19770 6150
1621 19770 7424
1622 19784 3504
1623 19798 348
1624 19804 6314
1625 19816 12082
1626 19830 3124
1627 19852 3434
1628 19866 3338
1629 19882 1106
1630 19892 796
1631 19910 6014
1632 19924 2438
1633 19936 2190
1634 19938 4622
1635 19948 4686
1636 19966 5796
1637 19984 9478
1638 19986 9352
1639 19988 4164
1640 19990 2932
1641 19994 7778
1642 20000 5106
1643 20028 4824
1644 20086 10534
1645 20106 3374
1646 20106 6024
1647 20122 3646
1648 20126 1070
1649 20164 5792
1650 20180 5794
1651 20188 3934
1652 20194 5006
1653 20260 2798
1654 20280 4836
1655 20284 4828
1656 20314 2496
1657 20316 4940
1658 20348 6026
1659 20364 5084
1660 20376 5044
1661 20398 6086
1662 20458 3088
1663 20462 2794
1664 20470 762
1665 20470 1344
1666 20480 7856
1667 20500 5294
1668 20516 3746
1669 20516 4370
1670 20516 4392
1671 20572 5360
1672 20612 10516
1673 20622 2006
1674 20676 3218
1675 20682 6120
1676 20684 10512
1677 20694 3194
1678 20714 2426
1679 20728 10310
1680 20732 9050
1681 20738 1830
1682 20740 9192
1683 20758 9188
1684 20762 9598
1685 20778 5694
1686 20802 1042
1687 20818 2836
1688 20820 4892
1689 20826 736
1690 20832 726
1691 20840 6032
1692 20888 2616
1693 20982 11102
1694 21022 4144
1695 21038 11066
1696 21040 6026
1697 21068 4492
1698 21070 4424
1699 21086 2312
1700 21100 1680
1701 21136 7894
1702 21150 10006
1703 21158 5794
1704 21168 10010
1705 21190 3574
1706 21194 4816
1707 21198 6134
1708 21202 2586
1709 21210 2034
1710 21228 4958
1711 21236 3664
1712 21242 3282
1713 21260 10562
1714 21264 11038
1715 21266 10476
1716 21276 3014
1717 21318 3190
1718 21346 9570
1719 21348 9268
1720 21354 3282
1721 21358 9066
1722 21376 4044
1723 21386 9078
1724 21414 4166
1725 21422 4016
1726 21426 9072
1727 21432 3828
1728 21434 4138
1729 21462 8544
1730 21470 4290
1731 21474 1734
1732 21476 6210
1733 21500 4862
1734 21512 4860
1735 21516 2626
1736 21534 2628
1737 21538 6182
1738 21552 4936
1739 21584 1062
1740 21586 4204
1741 21588 5396
1742 21608 4878
1743 21618 4814
1744 21628 4406
1745 21676 6134
1746 21682 2596
1747 21752 9992
1748 21760 2428
1749 21816 10800
1750 21822 10576
1751 21846 4030
1752 21852 7576
1753 21874 914
1754 21876 12360
1755 21882 4268
1756 21908 11870
1757 21914 7958
1758 21934 246
1759 21950 11840
1760 21956 5862
1761 21962 1934
1762 22008 11850
1763 22018 2600
1764 22044 11852
1765 22082 3960
1766 22084 6718
1767 22098 7652
1768 22114 1794
1769 22116 3856
1770 22120 38
1771 22126 7506
1772 22140 1384
1773 22146 3690
1774 22170 5826
1775 22222 6104
1776 22264 2592
1777 22292 1298
1778 22324 1482
1779 22334 5534
1780 22340 2046
1781 22368 5386
1782 22372 732
1783 22380 5860
1784 22382 2602
1785 22398 9834
1786 22404 7544
1787 22486 9774
1788 22496 11856
1789 22510 5914
1790 22524 880
1791 22524 3690
1792 22526 7124
1793 22536 6152
1794 22536 6858
1795 22544 5056
1796 22552 804
1797 22580 3070
1798 22602 5542
1799 22630 2026
1800 22676 6704
1801 22726 744
1802 22734 5744
1803 22752 6208
1804 22780 5128
1805 22782 510
1806 22806 11962
1807 22818 2696
1808 22822 556
1809 22830 120
1810 22832 11928
1811 22854 3660
1812 22860 2770
1813 22868 5234
1814 22868 8198
1815 22894 3938
1816 22896 1388
1817 22920 828
1818 22922 1280
1819 22932 2610
1820 22974 5742
1821 23028 5990
1822 23046 2734
1823 23086 5326
1824 23118 2798
1825 23138 2454
1826 23152 3748
1827 23152 3754
1828 23154 6710
1829 23158 818
1830 23166 5618
1831 23192 2736
1832 23200 5602
1833 23204 5158
1834 23212 2076
1835 23218 804
1836 23258 3398
1837 23270 2402
1838 23284 7728
1839 23314 2142
1840 23318 5320
1841 23334 6750
1842 23342 8208
1843 23350 6142
1844 23412 8966
1845 23442 5142
1846 23444 1216
1847 23454 7464
1848 23458 2880
1849 23460 768
1850 23462 8360
1851 23482 7762
1852 23494 1760
1853 23506 7186
1854 23514 3656
1855 23558 1314
1856 23558 5212
1857 23570 6184
1858 23574 3928
1859 23622 5392
1860 23628 7314
1861 23630 6218
1862 23638 7810
1863 23660 2280
1864 23664 2422
1865 23674 2240
1866 23680 8334
1867 23708 1956
1868 23736 234
1869 23762 5138
1870 23766 488
1871 23780 5604
1872 23794 6722
1873 23814 5854
1874 23818 588
1875 23830 8566
1876 23876 7876
1877 23884 2316
1878 23920 714
1879 23924 1116
1880 23924 5670
1881 23956 674
1882 23970 980
1883 24006 6700
1884 24048 1964
1885 24052 48
1886 24076 2028
1887 24076 5840
1888 24088 2028
1889 24090 6702
1890 24092 2134
1891 24114 6534
1892 24116 4112
1893 24136 5804
1894 24154 2136
1895 24158 6328
1896 24178 6888
1897 24202 1016
1898 24202 1282
1899 24206 2060
1900 24256 1070
1901 24260 4828
1902 24282 5754
1903 24348 2624
1904 24356 5500
1905 24372 5742
1906 24396 634
1907 24432 2590
1908 24434 1612
1909 24438 6170
1910 24474 6160
1911 24532 7194
1912 24536 340
1913 24550 1418
1914 24570 2614
1915 24576 82
1916 24594 5982
1917 24596 1024
1918 24634 1706
1919 24644 5588
1920 24646 6206
1921 24668 7852
1922 24670 4814
1923 24674 2380
1924 24702 8090
1925 24708 8096
1926 24724 5680
1927 24726 1240
1928 24732 1856
1929 24746 7542
1930 24760 4066
1931 24762 7556
1932 24768 5626
1933 24790 384
1934 24792 7464
1935 24812 7468
1936 24842 1370
1937 24844 3424
1938 24850 6146
1939 24856 7592
1940 24858 1402
1941 24870 4114
1942 24872 436
1943 24876 4074
1944 24882 1592
1945 24900 2006
1946 24928 5690
1947 24932 1974
1948 24938 2600
1949 24946 4400
1950 24954 2016
1951 25008 6972
1952 25026 6062
1953 25060 6312
1954 25104 7118
1955 25104 8586
1956 25114 1136
1957 25138 1134
1958 25140 3694
1959 25148 3918
1960 25154 7690
1961 25182 7586
1962 25206 3268
1963 25212 2660
1964 25214 3318
1965 25214 3784
1966 25238 2536
1967 25240 2998
1968 25266 4408
1969 25272 2530
1970 25296 3122
1971 25304 6436
1972 25316 4600
1973 25322 3618
1974 25328 2264
1975 25334 5642
1976 25344 10
1977 25358 5780
1978 25362 7750
1979 25374 6398
1980 25388 1960
1981 25400 3846
1982 25444 8112
1983 25448 2708
1984 25460 8414
1985 25464 7768
1986 25474 7422
1987 25476 5214
1988 25484 7786
1989 25486 3678
1990 25496 6182
1991 25500 7340
1992 25504 1152
1993 25516 6324
1994 25524 2428
1995 25528 2538
1996 25544 3884
1997 25546 7446
1998 25558 7806
1999 25560 8442
4 2 1 4 3 
3 0 9 6 
8 42 46 57 51 255 0 20 19 
3 14 0 8 
3 8 0 5 
3 4 7 11 
4 10 7 1 9 
3 5 6 10 
3 16 3 4 
3 6 1 15 
4 13 7 6 25 
3 17 5 12 
3 18 11 13 
3 23 12 10 
3 20 3 29 
4 34 35 9 71 
3 29 8 22 
3 21 11 18 
3 17 12 28 
3 2 31 26 
3 45 2 14 
3 24 17 27 
3 16 24 59 
3 38 39 13 
3 22 21 30 
3 33 10 35 
3 80 19 36 
3 32 21 28 
3 27 18 40 
3 14 16 56 
3 24 32 44 
3 19 45 100 
3 30 27 41 
2 52 25 
3 67 15 37 
3 49 25 15 
3 74 26 55 
3 72 34 71 
3 39 23 60 
4 43 40 23 38 
3 28 39 47 
3 44 32 48 
3 115 46 2 
3 47 39 50 
3 63 30 41 
3 31 20 64 
3 57 2 42 
3 54 40 43 
3 41 54 65 
3 53 35 58 
3 75 43 60 
3 69 255 2 
3 60 33 53 
3 52 49 58 
3 65 48 47 
3 101 36 100 
3 64 29 61 
4 138 69 2 46 
3 53 49 62 
3 61 22 63 
4 50 38 52 68 
3 56 59 70 
3 66 58 67 
3 59 44 73 
3 45 56 86 
3 76 48 54 
3 94 68 62 
3 107 62 34 
3 88 60 66 
3 174 51 57 
3 86 61 91 
6 284 104 85 37 15 1318 
3 81 37 95 
3 83 63 79 
3 84 36 103 
3 78 50 93 
3 77 65 82 
3 89 79 76 
3 130 82 75 
3 92 73 77 
3 119 26 84 
3 108 107 72 
3 90 76 78 
3 87 91 73 
3 121 80 74 
3 99 95 71 
3 100 64 70 
3 96 83 92 
3 93 68 94 
3 106 77 90 
3 89 82 120 
3 113 70 83 
3 98 87 79 
3 75 88 118 
3 110 88 66 
3 102 72 85 
3 105 87 97 
3 109 96 98 
3 97 92 106 
3 127 112 85 
4 114 55 31 86 
3 103 55 116 
3 111 95 112 
3 122 74 101 
3 177 144 71 
3 146 113 96 
3 98 89 123 
3 166 67 81 
3 228 81 111 
4 124 129 97 128 
3 117 94 136 
3 108 102 202 
3 143 102 99 
3 114 91 105 
3 116 100 113 
3 137 42 239 
3 101 114 146 
3 118 110 147 
3 93 117 141 
3 168 80 121 
3 125 90 130 
3 119 84 122 
3 140 121 103 
3 126 106 125 
3 151 109 132 
3 133 123 120 
3 134 123 131 
3 165 99 144 
3 135 109 134 
2 151 109 
3 149 120 78 
3 148 126 133 
3 159 124 135 
3 139 131 125 
3 148 128 126 
3 132 128 155 
3 163 110 150 
3 253 138 115 
3 191 57 137 
3 142 133 149 
3 175 122 152 
3 188 118 147 
3 145 139 160 
3 193 112 165 
3 259 127 104 
3 157 154 142 
3 153 116 105 
3 141 117 163 
3 154 134 131 
3 139 130 180 
3 136 166 192 
3 156 129 124 
3 140 153 169 
3 152 146 156 
4 162 155 148 145 
3 167 135 154 
3 153 151 158 
3 162 145 161 
3 172 156 159 
3 164 158 132 
3 161 142 180 
3 170 157 160 
3 171 154 157 
3 256 147 136 
3 183 159 167 
3 214 143 127 
3 150 107 217 
3 176 164 155 
3 226 119 175 
3 194 152 172 
3 173 161 184 
3 176 162 173 
3 169 158 183 
3 178 171 170 
3 204 255 69 
3 168 140 198 
3 179 167 171 
3 286 104 554 
3 190 173 181 
3 182 176 197 
3 160 149 187 
3 186 178 185 
3 203 227 179 
3 206 172 164 
3 170 187 201 
3 181 200 211 
3 213 196 181 
3 184 180 189 
3 189 141 195 
3 205 187 188 
3 209 197 178 
3 233 204 138 
3 273 150 217 
3 202 143 214 
3 199 198 169 
3 215 188 265 
3 219 209 186 
3 207 179 190 
3 212 175 194 
3 208 194 206 
3 222 185 201 
3 200 184 205 
3 230 111 193 
3 210 182 207 
3 382 174 191 
3 216 201 189 
3 224 199 183 
3 225 203 197 
3 218 199 224 
3 235 190 196 
3 229 241 203 
3 213 185 220 
3 226 198 218 
3 219 186 211 
3 193 165 221 
3 223 195 263 
3 223 234 205 
3 192 166 228 
3 212 208 254 
3 235 196 213 
3 211 222 231 
3 285 214 259 
3 231 220 200 
3 248 216 215 
3 208 206 227 
3 229 207 235 
3 240 168 212 
3 224 182 247 
3 217 108 237 
3 232 210 225 
3 309 237 202 
3 234 220 222 
3 243 236 229 
3 393 191 253 
3 266 231 216 
4 238 225 209 219 
3 244 241 232 
3 271 228 230 
3 246 235 269 
3 272 115 240 
3 239 226 242 
3 247 210 236 
3 240 251 252 
3 245 232 246 
3 250 236 245 
3 244 243 249 
3 243 238 267 
3 262 227 241 
3 274 276 223 
3 245 287 268 
3 260 264 244 
3 252 242 254 
3 242 251 292 
3 233 137 261 
3 251 218 258 
5 381 299 2 51 174 
3 282 257 163 
3 290 265 256 
3 254 262 270 
3 301 221 144 
3 289 250 279 
3 345 253 272 
3 264 258 247 
3 281 215 275 
3 270 262 250 
3 275 195 257 
3 277 234 276 
3 287 246 278 
3 279 249 313 
3 238 277 291 
3 280 258 264 
3 273 237 326 
3 261 239 306 
3 293 192 271 
3 276 248 281 
3 304 263 265 
4 283 266 248 274 
3 269 266 283 
3 267 291 310 
3 260 268 317 
3 292 270 289 
3 294 274 263 
3 288 295 256 
3 277 276 303 
3 482 71 1103 
3 296 302 221 
3 479 301 177 
3 249 267 321 
3 297 282 293 
3 280 260 311 
3 300 304 257 
3 278 269 305 
3 298 252 280 
4 320 288 273 334 
3 303 281 315 
3 300 282 297 
3 424 285 387 
3 319 295 288 
3 306 292 351 
3 492 1283 255 
3 319 290 295 
3 387 259 286 
3 390 312 285 
3 307 283 294 
3 315 275 290 
3 308 291 307 
3 272 298 346 
3 305 303 337 
3 314 310 305 
3 323 230 312 
3 278 308 318 
3 289 324 357 
3 316 309 302 
3 317 268 335 
3 318 308 328 
3 294 304 333 
3 392 322 312 
3 325 279 313 
3 321 310 314 
3 336 300 297 
3 340 336 293 
3 287 318 329 
3 385 330 316 
3 327 326 309 
3 311 325 331 
3 332 324 317 
3 334 271 323 
3 350 323 330 
3 344 314 349 
3 335 321 353 
3 436 327 322 
3 324 332 362 
3 331 325 355 
3 337 315 339 
3 338 293 326 
3 355 313 329 
3 339 319 320 
3 349 307 333 
3 347 352 334 
3 342 333 336 
3 343 341 320 
3 342 340 343 
3 358 339 341 
3 341 340 352 
3 353 328 354 
3 393 261 438 
3 441 306 361 
3 348 338 350 
3 403 367 347 
3 354 328 337 
3 401 347 327 
3 361 298 365 
3 356 343 338 
3 359 329 344 
3 344 349 358 
3 332 335 360 
3 374 371 352 
3 365 311 366 
3 363 354 342 
3 360 353 364 
3 372 355 359 
3 346 351 370 
3 366 331 368 
3 373 364 358 
3 375 359 363 
3 351 357 369 
3 357 362 376 
3 384 412 348 
3 391 362 372 
4 370 365 379 378 
3 383 361 369 
3 373 356 374 
3 368 360 377 
3 375 363 371 
3 394 371 356 
4 386 364 373 394 
3 379 366 391 
3 407 372 386 
3 428 369 380 
3 380 369 376 
3 378 379 388 
4 615 572 255 410 
3 410 204 395 
3 440 452 370 
3 422 414 367 
3 447 432 322 
4 377 375 389 408 
3 569 296 301 
3 398 380 404 
3 386 397 405 
3 429 396 302 
3 376 368 409 
3 454 316 396 
3 406 233 345 
3 399 375 374 
3 477 382 406 
3 473 392 390 
3 405 389 400 
3 411 425 388 
3 400 394 412 
3 397 399 413 
3 402 350 459 
3 444 403 401 
3 422 348 402 
3 415 388 409 
3 408 389 397 
3 395 393 423 
3 418 377 435 
3 386 405 416 
3 404 391 419 
3 476 381 382 
3 427 398 415 
3 420 399 367 
3 417 400 420 
3 433 421 384 
3 437 411 404 
3 435 408 417 
3 416 413 426 
3 531 419 407 
3 461 409 418 
3 413 412 421 
3 426 420 414 
3 442 384 403 
3 490 406 465 
3 429 296 575 
3 431 428 398 
3 501 417 421 
3 431 411 430 
3 439 378 425 
3 470 390 424 
3 457 427 437 
3 445 425 427 
3 436 385 446 
3 464 414 434 
3 433 442 455 
3 509 407 416 
3 459 330 432 
3 430 415 468 
3 465 345 443 
3 456 449 428 
3 453 383 450 
3 443 346 451 
3 434 422 448 
3 438 441 460 
3 448 402 467 
3 456 431 457 
3 478 432 447 
3 446 385 454 
3 442 444 496 
3 472 450 439 
3 484 440 449 
3 463 441 452 
3 458 451 383 
3 491 458 440 
3 485 447 392 
3 474 434 510 
3 471 439 445 
3 475 445 430 
3 469 452 453 
3 462 401 436 
3 535 443 466 
3 493 419 507 
3 467 459 481 
3 466 451 469 
3 494 500 433 
3 506 423 438 
3 530 460 463 
3 444 462 483 
3 488 437 493 
3 463 458 491 
3 473 429 550 
3 480 472 456 
3 495 449 471 
3 485 396 470 
3 502 455 524 
3 480 457 486 
3 595 410 477 
3 476 395 499 
3 557 487 446 
3 521 286 738 
3 560 471 475 
3 503 462 487 
3 1115 554 284 
3 489 467 503 
3 495 491 450 
3 587 454 473 
3 523 475 488 
3 513 481 478 
3 486 468 498 
3 542 497 483 
3 499 423 506 
4 519 469 453 484 
3 1195 299 581 
3 468 461 508 
3 504 464 502 
3 518 484 472 
3 516 448 497 
3 496 489 540 
3 517 488 512 
3 591 477 490 
3 501 464 504 
3 505 426 500 
3 553 494 474 
3 585 483 481 
3 500 494 511 
3 509 501 511 
3 514 490 465 
3 508 461 522 
3 512 493 507 
3 526 435 505 
3 528 455 515 
3 505 504 562 
3 498 508 525 
3 558 561 487 
3 545 506 552 
3 520 510 516 
3 515 496 532 
3 537 498 527 
3 538 519 495 
3 536 491 518 
3 633 534 515 
3 567 479 681 
3 543 507 531 
3 533 559 486 
3 529 474 544 
3 527 512 541 
3 563 509 555 
3 597 517 525 
3 551 510 534 
3 547 546 524 
3 539 466 536 
3 568 522 418 
3 516 540 606 
3 579 523 537 
3 634 528 520 
3 539 552 460 
4 571 530 519 548 
3 533 517 578 
3 548 518 565 
3 583 535 530 
3 532 497 542 
3 598 525 543 
3 609 540 489 
3 541 522 568 
3 549 524 556 
3 591 514 582 
3 564 529 547 
3 546 529 549 
3 566 536 538 
3 573 547 544 
3 627 470 576 
3 630 556 528 
3 582 514 535 
3 562 502 564 
3 655 177 482 
3 526 593 601 
3 570 544 551 
3 558 478 590 
3 589 513 557 
3 560 523 579 
3 565 480 559 
3 585 513 589 
3 580 511 553 
3 608 574 526 
3 573 553 546 
3 599 538 560 
3 571 548 599 
3 603 569 521 
3 543 531 574 
3 575 387 567 
3 613 596 556 
3 592 536 566 
3 594 581 381 
3 577 564 549 
3 598 568 563 
3 584 424 569 
3 624 550 584 
3 586 573 588 
3 629 537 597 
3 559 533 620 
3 593 562 586 
3 1223 492 572 
3 644 545 552 
3 600 539 592 
3 624 576 575 
3 651 503 561 
3 610 580 577 
3 590 485 612 
3 618 577 596 
3 623 561 558 
3 602 557 587 
3 595 499 545 
3 583 571 661 
3 555 580 611 
3 1220 572 642 
3 615 476 591 
3 588 570 621 
3 578 527 616 
3 616 541 574 
3 566 565 658 
3 668 664 583 
3 605 555 614 
3 604 622 590 
3 662 641 567 
3 625 650 602 
3 607 601 617 
3 652 532 609 
3 608 605 628 
3 674 563 607 
3 606 542 651 
3 611 586 619 
3 614 593 610 
3 625 587 627 
3 621 570 630 
3 617 601 611 
3 642 381 595 
3 597 598 674 
3 631 605 614 
3 619 588 639 
3 636 610 618 
3 579 629 688 
3 626 596 613 
3 640 623 602 
3 651 589 622 
3 637 576 584 
3 635 604 612 
3 632 621 657 
3 612 550 637 
3 699 607 631 
3 620 578 711 
3 613 551 649 
3 708 628 617 
3 639 626 653 
3 634 520 673 
3 649 534 633 
3 683 625 645 
3 697 654 619 
3 627 624 638 
3 645 637 641 
3 646 618 632 
3 679 622 648 
3 647 638 603 
4 1198 594 615 643 
3 1030 642 644 
3 643 582 664 
3 659 635 638 
3 698 639 656 
3 675 663 641 
3 687 640 650 
3 660 630 634 
3 676 648 604 
4 667 609 585 623 
3 678 606 667 
3 690 632 657 
3 704 741 636 
3 738 554 1115 
3 646 732 685 
3 653 626 660 
3 665 599 691 
3 666 645 663 
3 670 657 649 
3 669 592 665 
3 675 603 702 
3 671 659 647 
3 1091 644 600 
3 661 658 672 
3 671 683 659 
3 679 652 651 
3 1091 600 669 
3 739 668 661 
3 680 660 677 
3 694 666 663 
3 686 665 689 
3 677 633 678 
3 705 616 608 
3 706 647 662 
3 712 650 693 
3 670 673 703 
3 673 652 684 
3 684 667 640 
3 701 682 670 
3 747 521 1075 
3 713 690 680 
3 695 635 666 
3 678 679 687 
3 714 656 749 
3 707 672 692 
3 703 684 648 
3 691 620 711 
3 692 672 866 
3 725 653 682 
3 658 688 788 
3 686 689 838 
3 712 676 696 
3 695 671 709 
3 700 683 694 
3 718 693 700 
3 704 636 698 
3 697 646 715 
3 720 705 628 
3 696 695 742 
3 728 680 729 
3 719 662 758 
3 677 687 717 
3 748 654 697 
3 722 674 699 
3 710 709 675 
3 766 686 746 
3 726 631 741 
3 742 694 706 
3 752 727 706 
3 688 629 734 
3 723 676 693 
3 760 725 682 
3 740 716 685 
3 724 698 716 
3 715 714 735 
3 721 703 723 
3 737 696 745 
3 823 828 702 
3 736 699 726 
3 731 759 717 
3 734 705 736 
3 717 712 770 
3 730 715 777 
3 732 690 713 
3 743 720 708 
3 762 751 710 
3 769 701 729 
3 728 701 764 
3 733 724 757 
3 787 721 754 
3 753 656 725 
3 748 730 793 
3 711 722 772 
3 716 740 755 
3 772 722 720 
3 781 718 744 
3 1123 479 655 
3 1034 669 799 
3 735 714 755 
3 776 708 654 
3 750 700 709 
3 821 726 776 
3 796 737 745 
3 744 718 750 
3 773 707 861 
3 869 758 681 
3 776 704 733 
3 763 685 753 
3 745 742 751 
3 782 750 727 
3 756 710 832 
3 749 732 765 
3 789 731 768 
3 735 740 761 
3 762 752 800 
3 730 784 793 
3 811 702 747 
3 764 721 783 
3 765 713 769 
3 777 755 763 
3 767 727 756 
3 813 761 749 
3 786 729 759 
3 809 753 760 
3 808 707 790 
3 771 762 801 
3 805 754 770 
3 760 728 774 
3 768 723 781 
3 775 767 829 
3 788 734 736 
3 790 746 872 
3 792 769 785 
3 802 778 771 
4 815 743 741 748 
3 784 724 761 
3 780 779 775 
3 782 778 780 
3 794 779 778 
3 770 737 797 
3 795 751 779 
3 816 759 787 
3 757 777 806 
3 792 774 786 
3 785 764 826 
3 783 731 789 
3 691 772 819 
3 787 754 803 
3 791 766 773 
3 923 790 807 
3 820 774 785 
3 733 757 804 
3 795 780 802 
3 798 782 794 
3 797 744 798 
3 781 796 834 
3 796 795 837 
3 952 739 808 
3 801 756 810 
3 767 800 810 
3 794 775 824 
3 789 805 851 
4 814 793 806 845 
3 803 768 849 
3 804 784 817 
3 791 981 924 
3 843 799 766 
3 812 765 820 
3 801 800 853 
3 823 758 879 
3 831 813 809 
3 817 763 812 
3 815 804 856 
3 818 776 814 
3 826 783 855 
3 806 813 831 
3 822 815 874 
3 788 825 885 
3 809 792 833 
3 822 827 743 
3 835 821 818 
3 836 719 811 
3 830 802 844 
3 819 827 961 
3 841 786 816 
3 825 821 835 
3 832 719 846 
3 844 771 881 
3 839 824 876 
3 817 812 840 
3 853 752 828 
3 848 820 842 
3 850 797 837 
3 827 822 960 
3 846 823 921 
3 834 798 839 
3 861 692 931 
3 837 830 858 
3 845 831 847 
3 842 826 899 
3 833 841 852 
3 975 959 808 
3 824 829 895 
3 854 804 840 
3 828 836 865 
3 840 848 859 
3 847 833 857 
3 851 805 850 
3 849 834 875 
3 855 803 849 
3 857 842 891 
3 810 832 902 
3 860 845 863 
3 816 851 883 
3 877 814 860 
3 848 852 873 
3 864 839 889 
3 847 870 862 
3 856 854 868 
3 746 838 872 
3 863 859 882 
3 867 854 862 
3 878 875 858 
3 909 846 937 
3 689 953 950 
3 871 863 888 
3 898 860 871 
3 879 747 1052 
3 859 873 887 
3 907 868 867 
3 773 861 948 
3 870 857 892 
3 960 818 884 
3 880 850 864 
3 889 830 919 
3 886 856 897 
3 896 904 864 
3 811 869 928 
3 901 883 875 
3 895 829 914 
3 888 862 890 
3 899 855 880 
3 906 874 886 
3 819 946 967 
3 1008 884 877 
3 890 870 894 
3 917 867 882 
3 893 858 876 
3 882 887 903 
3 892 852 900 
3 894 873 891 
3 908 889 936 
3 910 887 892 
3 844 881 919 
3 929 878 908 
3 877 898 905 
3 897 868 912 
3 911 841 883 
3 916 891 911 
3 934 880 904 
3 914 853 913 
3 915 890 910 
3 920 901 878 
3 983 897 970 
3 1021 1057 884 
3 912 871 918 
3 896 893 943 
3 913 865 937 
3 930 903 894 
3 900 899 927 
3 898 907 941 
3 902 909 1067 
3 881 902 982 
3 922 917 903 
3 932 900 927 
3 918 888 915 
3 941 907 917 
3 876 895 940 
3 966 904 935 
3 942 836 944 
3 951 915 938 
3 986 791 926 
3 925 807 992 
3 926 924 1009 
3 1011 923 925 
3 916 911 934 
3 944 879 1052 
3 935 896 943 
3 938 910 933 
3 949 838 947 
3 933 916 965 
3 945 930 932 
3 964 927 901 
3 1013 920 929 
3 962 893 939 
3 909 865 942 
3 922 930 945 
3 954 936 940 
3 939 919 982 
3 912 918 955 
3 937 921 1040 
3 929 908 969 
3 1014 921 928 
3 956 938 933 
3 885 961 973 
3 931 958 1049 
3 977 872 949 
3 948 931 1037 
3 958 866 957 
3 955 922 976 
3 1189 799 959 
3 866 967 971 
3 979 939 1065 
3 963 941 951 
3 980 945 968 
3 950 971 987 
3 947 950 987 
3 1243 952 843 
3 835 874 1053 
3 946 825 1116 
3 978 936 979 
3 974 955 995 
3 965 934 966 
3 968 932 964 
3 972 964 920 
3 953 885 997 
3 956 965 994 
3 996 943 978 
3 1018 905 985 
3 957 953 1031 
3 1001 994 966 
3 946 1100 1083 
3 984 963 1000 
3 1245 843 986 
3 988 951 980 
3 981 948 1044 
3 969 962 993 
3 991 962 954 
3 976 956 999 
3 807 977 1043 
4 1004 940 914 1081 
3 989 905 1018 
3 985 974 1027 
3 1017 970 984 
3 975 923 1006 
3 958 957 1062 
3 995 976 990 
3 1039 1035 983 
3 1073 988 1010 
3 1003 979 1024 
3 924 1043 1046 
3 996 978 1016 
3 998 968 972 
3 1000 963 988 
3 1005 969 993 
3 1031 967 1083 
3 999 994 1002 
3 1007 980 998 
3 974 995 1082 
3 1002 972 1038 
3 1019 998 1001 
3 1016 991 1026 
3 1050 982 1068 
3 1013 996 1023 
3 1279 986 1011 
3 1015 999 1020 
3 1021 886 1035 
3 1029 925 1028 
3 990 1012 1047 
3 1006 926 1033 
3 1010 1015 1025 
3 1045 935 1005 
3 1040 944 1061 
3 1022 1012 1007 
3 1041 993 1003 
3 1070 985 1027 
3 983 970 1070 
3 1020 1002 1042 
3 1022 1007 1019 
3 1076 906 1008 
3 1025 1015 1020 
3 1005 1051 1085 
3 1026 991 1064 
3 1012 1022 1071 
3 1041 1003 1024 
3 1017 984 1079 
3 1032 1009 1046 
3 1033 1009 1032 
3 1172 643 1130 
3 971 997 1036 
3 1029 1028 1087 
3 1011 1029 1161 
3 1186 739 1189 
3 1076 1008 989 
3 1097 1031 1108 
3 1044 949 1049 
3 1001 1045 1048 
3 1101 1066 989 
3 942 1014 1055 
3 1051 1016 1026 
3 1019 1048 1078 
3 992 981 1063 
3 977 1037 1095 
3 1038 1013 1085 
3 1028 992 1054 
3 1058 1010 1059 
3 1042 1038 1069 
3 1037 947 1062 
3 1129 1004 1104 
3 1023 1041 1089 
3 928 869 1075 
3 960 1057 1132 
3 1056 1046 1063 
3 1072 1040 1061 
3 1086 1087 1054 
3 1053 906 1099 
3 1073 1047 1060 
3 1060 1047 1077 
3 1058 1059 1074 
3 1055 1014 1075 
3 1049 987 1102 
3 1054 1043 1095 
3 1089 1024 1065 
3 1064 954 1129 
3 1138 1084 1039 
3 913 1072 1088 
3 1104 1004 1081 
3 1048 1092 1109 
3 1080 1018 1017 
3 1025 1093 1077 
3 1067 1055 1110 
3 1082 990 1058 
3 1094 1060 1131 
4 1061 1052 681 1096 
3 1084 1021 1035 
3 1059 1071 1125 
3 1042 1109 1098 
3 1080 1027 1134 
3 1090 1070 1079 
3 1068 982 1088 
3 1000 1073 1094 
3 997 973 1108 
3 1099 1076 1066 
3 1045 1023 1092 
3 1258 1056 1140 
3 1269 1032 1056 
3 1081 1067 1117 
3 1051 1064 1120 
3 1145 1101 1080 
3 1130 664 668 
3 1069 1085 1135 
3 1071 1105 1125 
3 1106 1082 1074 
3 1063 1044 1118 
3 1124 1075 1123 
3 1102 1036 1147 
3 1105 1078 1111 
3 1057 1084 1142 
3 973 1121 1149 
3 1141 1039 1090 
3 1107 1062 1097 
3 1326 284 1461 
3 1050 1068 1119 
3 1093 1098 1113 
3 1112 1094 1126 
3 1118 1102 1150 
3 1036 1083 1151 
3 1078 1069 1114 
3 1128 1072 1124 
3 1113 1098 1127 
3 1134 1106 1122 
3 1125 1105 1111 
3 1127 1109 1139 
3 655 482 1326 
3 1121 961 1132 
3 1185 1088 1128 
3 1136 1095 1107 
3 1166 1104 1208 
3 1148 1089 1163 
3 1100 1116 1176 
3 1112 1137 1160 
3 1096 738 1202 
3 1110 1096 1216 
4 1077 1093 1113 1131 
3 1146 1106 1133 
3 1144 1111 1114 
3 1117 1110 1197 
3 1065 1050 1156 
3 1030 1091 1184 
3 1074 1125 1144 
3 1116 1053 1154 
4 1162 1126 1144 1170 
3 1167 1079 1112 
3 1139 1092 1148 
3 1140 1118 1188 
3 1122 1146 1159 
3 1142 1066 1143 
3 1114 1135 1181 
3 1157 1086 1136 
3 1143 1101 1155 
3 1099 1138 1154 
3 1138 1141 1291 
4 1133 1131 1127 1177 
3 1155 1090 1167 
3 1137 1126 1153 
3 1150 1097 1158 
3 1135 1120 1210 
3 1151 1100 1152 
3 1107 1147 1179 
3 1158 1108 1149 
3 1165 1149 1176 
3 1146 1162 1164 
3 1132 1142 1196 
3 1141 1145 1254 
3 1163 1129 1166 
3 1228 1257 1140 
3 1171 1147 1151 
3 1168 1137 1164 
3 1122 1168 1178 
3 1370 1033 1269 
3 1153 1133 1169 
3 1120 1156 1263 
3 1159 1153 1174 
3 1171 1152 1175 
3 1274 1156 1119 
3 1145 1134 1183 
3 1160 1159 1173 
3 1162 1170 1174 
3 1169 1133 1193 
3 1180 1158 1165 
3 1198 1030 1200 
3 1168 1191 1182 
3 1164 1169 1191 
3 1190 1165 1232 
3 1152 1121 1196 
3 1144 1181 1206 
3 1183 1160 1182 
3 1199 1150 1180 
3 1179 1171 1187 
3 1177 1139 1210 
3 1178 1173 1192 
3 1167 1178 1225 
3 1200 1130 1186 
4 1208 1117 1197 1237 
3 1184 1034 1338 
3 1180 1190 1205 
3 1204 1136 1199 
3 1313 1034 952 
3 1187 1175 1209 
3 1173 1174 1201 
3 1219 1182 1194 
3 1170 1206 1213 
3 1192 1201 1211 
3 1240 492 1230 
3 1176 1154 1265 
3 1185 1128 1222 
3 1212 642 1172 
3 1188 1179 1203 
3 1172 1184 1342 
3 1194 1191 1217 
3 1215 1123 1326 
3 1207 1199 1247 
3 1233 1188 1207 
3 1187 1209 1255 
3 1193 1177 1234 
3 1204 1203 1224 
3 1239 1119 1185 
3 1205 1190 1232 
3 1181 1148 1263 
3 1214 1194 1231 
3 1220 1198 1304 
3 1217 1193 1238 
3 1219 1211 1218 
3 1216 1202 1500 
3 1226 1124 1215 
3 1201 1213 1242 
3 1227 1214 1231 
3 1221 1192 1214 
3 1246 594 1212 
4 1236 1225 1219 1229 
3 1197 1226 1268 
4 1230 581 1246 1441 
3 1233 1207 1267 
3 1235 1183 1221 
3 1280 1222 1216 
3 1229 1218 1259 
3 1356 1157 1249 
3 1221 1227 1241 
3 1195 1223 1625 
3 1218 1211 1244 
3 1209 1175 1261 
3 1249 1204 1224 
3 1238 1206 1248 
3 1250 1225 1236 
3 1235 1221 1252 
3 1271 1185 1278 
3 1242 1213 1234 
3 1272 1260 1208 
3 1283 1195 1756 
3 1229 1288 1256 
3 1244 1217 1238 
3 1297 959 1245 
3 1231 1242 1251 
3 1293 1243 975 
3 1223 1220 1302 
3 1203 1255 1266 
3 1251 1234 1263 
3 1228 1233 1282 
3 1262 1253 1235 
3 1259 1244 1248 
3 1236 1256 1264 
3 1254 1250 1262 
3 1155 1253 1289 
3 1247 1205 1270 
3 1252 1241 1296 
3 1383 1258 1157 
3 1350 1086 1257 
3 1227 1251 1281 
3 1277 1273 1239 
3 1232 1265 1294 
4 1306 1253 1250 1275 
4 1248 1210 1163 1274 
3 1275 1252 1311 
3 1261 1196 1291 
3 1295 1247 1316 
3 1287 1224 1295 
3 1278 1222 1280 
3 1161 1087 1350 
3 1255 1300 1308 
3 1272 1237 1554 
3 1454 1239 1271 
3 1285 1276 1260 
3 1263 1166 1276 
3 1262 1264 1321 
3 1292 1274 1273 
3 1378 1284 1260 
3 1623 1237 1268 
3 1286 1006 1379 
3 1268 1226 1809 
3 1290 1259 1292 
3 1332 1249 1303 
3 299 1240 1754 
3 1392 1285 1277 
3 1299 1273 1284 
3 1319 1293 1279 
3 1303 1267 1310 
3 1301 1241 1290 
3 1298 1254 1312 
3 1324 1288 1281 
3 1265 1143 1298 
3 1281 1276 1299 
3 1325 1245 1286 
3 1300 1261 1335 
3 1267 1266 1309 
3 1256 1301 1317 
3 1325 1313 1243 
3 1291 1289 1335 
3 1362 1292 1285 
3 1270 1294 1305 
3 1296 1288 1314 
3 1246 1307 1436 
3 1315 1282 1287 
3 1307 1212 1328 
3 1322 1300 1323 
3 1312 1262 1327 
3 1302 1304 1390 
3 1330 1270 1322 
3 1320 1295 1333 
3 1337 1287 1320 
3 1347 1264 1317 
3 1289 1306 1380 
3 1338 1189 1297 
3 1343 1301 1324 
3 1331 1303 1337 
3 1329 1266 1330 
3 1311 1296 1336 
3 1461 71 1976 
3 1369 1286 1407 
3 1341 1310 1309 
3 1327 1275 1363 
3 1308 1305 1376 
3 1375 1305 1352 
3 1314 1290 1349 
3 1359 1297 1293 
4 1202 1115 1103 1500 
3 1306 1321 1354 
3 1367 1304 1342 
3 1333 1316 1348 
3 1334 1316 1308 
3 1401 1332 1315 
3 1356 1282 1331 
3 1339 1309 1329 
3 1346 1330 1345 
4 1344 1294 1298 1382 
3 1353 1317 1343 
3 1366 1315 1310 
3 1355 1186 1313 
3 1340 1333 1387 
3 1341 1339 1358 
3 1368 1320 1340 
3 1328 1200 1355 
3 1351 1336 1314 
3 1418 1352 1335 
3 1374 1334 1376 
3 1348 1334 1381 
3 1357 1311 1353 
3 1389 1329 1346 
3 1405 1324 1362 
3 1391 1269 1258 
3 1365 1343 1398 
3 1323 1344 1477 
3 1347 1336 1361 
3 1327 1394 1393 
3 1342 1338 1359 
3 1383 1228 1332 
3 1360 1363 1347 
3 1373 1340 1387 
3 1372 1355 1325 
3 1403 1357 1364 
3 1364 1353 1365 
3 1395 1349 1299 
3 1394 1321 1357 
3 1360 1361 1399 
3 1361 1351 1408 
3 1402 1337 1368 
3 1404 1328 1371 
3 1377 1366 1341 
3 1372 1319 1384 
3 1379 1161 1391 
3 1367 1388 1421 
3 1388 1359 1369 
3 1396 1358 1450 
3 1381 1345 1417 
3 1386 1323 1426 
3 1345 1322 1386 
3 1400 1368 1396 
3 1444 1277 1443 
3 1425 1279 1370 
3 1312 1393 1385 
3 1346 1374 1481 
3 1438 1335 1385 
3 1420 1257 1356 
3 1369 1407 1537 
3 1382 1380 1410 
3 1376 1375 1428 
3 1358 1339 1389 
3 1371 1372 1516 
3 1387 1348 1432 
3 1436 1307 1397 
3 1431 1370 1350 
3 1458 1395 1284 
3 1380 1354 1423 
3 1354 1363 1422 
3 1411 1362 1392 
3 1413 1377 1373 
3 1390 1404 1474 
3 1408 1351 1405 
3 1406 1364 1459 
4 1402 1377 1416 1430 
3 1419 1420 1331 
3 1412 1366 1400 
3 1409 1422 1360 
3 1397 1367 1474 
3 1398 1349 1411 
4 1467 1424 1399 1447 
3 1384 1319 1496 
3 1365 1398 1462 
3 1414 1403 1415 
3 1456 1385 1423 
3 1405 1395 1466 
3 1439 1433 1402 
3 1416 1396 1440 
3 1470 1409 1475 
3 1409 1424 1492 
3 1400 1413 1429 
3 1374 1428 1511 
3 1476 1344 1453 
3 1433 1435 1401 
3 1427 1383 1401 
3 1371 1506 1762 
3 1455 1394 1403 
3 1410 1393 1455 
3 1415 1406 1463 
3 1496 1379 1431 
3 1452 1375 1469 
3 1437 1420 1435 
3 1417 1386 1452 
3 1434 1416 1483 
3 1400 1434 1448 
3 1425 1391 1437 
3 1389 1481 1485 
3 1442 1419 1412 
3 1430 1429 1532 
3 1446 1427 1419 
3 1302 1390 1526 
4 1431 1427 1445 1507 
3 1468 1460 1382 
3 1442 1412 1449 
3 1413 1451 1484 
3 1223 1526 1625 
3 1473 1433 1439 
3 1529 1378 1454 
3 1552 1458 1378 
3 1437 1446 1497 
3 1480 1445 1435 
3 1406 1457 1489 
3 1449 1430 1486 
3 1471 1439 1448 
3 1451 1373 1485 
3 1440 1450 1503 
3 1428 1426 1464 
3 1476 1418 1460 
3 1443 1272 1574 
3 1423 1422 1470 
3 1468 1410 1490 
3 1447 1459 1563 
3 1466 1392 1444 
3 1457 1399 1465 
3 1494 1453 1438 
3 1103 1318 1976 
3 1465 1408 1479 
3 1424 1467 1502 
3 1511 1452 1469 
3 1459 1462 1499 
3 1472 1411 1458 
3 1463 1406 1501 
3 1494 1438 1456 
3 1464 1426 1478 
3 1490 1455 1414 
3 1473 1449 1531 
3 1479 1466 1491 
3 1482 1442 1471 
3 1397 1404 1756 
3 1495 1414 1493 
3 1488 1418 1453 
3 1478 1352 1488 
3 1469 1477 1519 
3 1462 1472 1487 
3 1497 1446 1482 
3 1432 1381 1498 
3 1480 1473 1524 
3 1429 1484 1532 
3 1483 1440 1503 
3 1450 1432 1522 
3 1448 1523 1557 
3 1479 1491 1504 
3 1519 1477 1476 
3 1501 1447 1578 
4 1517 1456 1470 1495 
3 1487 1472 1509 
3 1493 1415 1502 
3 1475 1492 1505 
4 1542 1527 1460 1468 
3 1490 1475 1505 
3 1407 1425 1560 
3 1508 1445 1480 
3 1481 1513 1510 
3 1465 1512 1565 
3 1215 1326 1770 
3 1467 1489 1551 
3 1492 1463 1541 
3 1484 1451 1525 
3 1512 1487 1509 
3 1495 1493 1518 
3 1759 1421 1516 
3 1515 1437 1508 
3 1507 1497 1520 
3 1504 1491 1530 
3 1540 1498 1514 
3 1417 1464 1513 
3 1499 1504 1567 
3 1498 1511 1521 
3 1510 1521 1546 
3 1535 1539 1507 
3 1506 1388 1533 
3 1544 1490 1534 
3 1534 1505 1568 
3 1478 1488 1527 
3 1528 1508 1585 
3 1514 1513 1546 
3 1525 1485 1540 
3 1486 1545 1559 
3 1482 1547 1588 
3 1503 1522 1543 
3 1441 1436 1625 
3 1556 1519 1494 
3 1538 1520 1637 
3 1690 1630 1443 
3 1509 1552 1582 
3 1471 1557 1548 
3 1434 1483 1545 
3 1516 1536 1693 
3 1555 1517 1518 
3 1539 1515 1538 
3 1533 1537 1695 
3 1536 1384 1672 
3 1644 1535 1528 
3 1560 1515 1535 
3 1522 1510 1562 
3 1502 1551 1569 
3 1556 1494 1549 
3 1550 1525 1562 
3 1553 1549 1517 
4 1523 1532 1550 1561 
3 1514 1521 1572 
3 1524 1548 1570 
3 1547 1531 1564 
3 1542 1544 1558 
3 1545 1543 1571 
3 1541 1501 1602 
3 1629 1530 1444 
3 1573 1558 1544 
3 1574 1271 1623 
3 1577 1534 1580 
3 1572 1527 1542 
3 1531 1486 1566 
3 1576 1549 1553 
3 1523 1561 1566 
3 1496 1539 1644 
3 1559 1545 1600 
3 1543 1540 1571 
3 1457 1565 1575 
3 1579 1548 1624 
3 1563 1499 1567 
3 1557 1559 1614 
3 1565 1512 1583 
3 1592 1518 1569 
3 1568 1541 1597 
3 1547 1579 1584 
3 1550 1562 1595 
3 1546 1556 1589 
3 1576 1553 1577 
3 1782 1454 1554 
3 1563 1596 1578 
3 1590 1558 1573 
3 1573 1555 1581 
3 1489 1575 1596 
3 1570 1564 1594 
3 1581 1555 1586 
3 1606 1577 1580 
3 1583 1530 1629 
3 1604 1567 1582 
3 1588 1570 1593 
3 1638 1520 1598 
3 1606 1580 1587 
3 1634 1586 1591 
3 1524 1584 1598 
3 1595 1572 1590 
3 1589 1576 1601 
3 1608 1587 1592 
3 1599 1591 1568 
3 1613 1584 1603 
3 1579 1616 1612 
3 1571 1589 1605 
4 1609 1578 1575 1604 
3 1607 1569 1602 
3 1585 1588 1613 
3 1622 1592 1607 
3 1611 1561 1617 
3 1605 1590 1618 
3 1597 1551 1609 
3 1610 1593 1612 
3 1596 1583 1665 
3 1617 1595 1601 
3 1618 1581 1586 
3 1615 1599 1597 
3 1619 1654 1591 
3 1633 1602 1596 
3 1641 1603 1752 
3 1614 1600 1636 
3 1603 1594 1621 
4 1680 1598 1593 1641 
3 1566 1611 1620 
3 1626 1607 1632 
3 1594 1661 1675 
3 1600 1605 1642 
3 1635 1601 1606 
3 1639 1608 1622 
3 1624 1614 1631 
3 1612 1707 1766 
3 1619 1599 1627 
3 1554 1278 1758 
3 1564 1620 1646 
4 1230 1441 1526 1756 
3 1628 1615 1640 
3 1647 1622 1628 
3 1645 1627 1626 
3 1582 1552 1648 
3 1648 1529 1664 
3 1620 1636 1649 
3 1615 1633 1673 
3 1632 1609 1673 
3 1657 1635 1587 
3 1643 1618 1634 
3 1631 1611 1667 
3 1684 1528 1638 
3 1637 1585 1682 
3 1655 1619 1651 
3 1626 1656 1653 
3 1666 1613 1610 
3 1617 1643 1652 
3 1652 1642 1635 
3 1560 1538 1672 
3 1647 1628 1662 
3 1658 1624 1650 
3 1651 1627 1645 
3 1629 1630 1686 
3 1650 1631 1671 
3 1646 1649 1734 
3 1639 1647 1668 
3 1659 1642 1643 
3 1640 1678 1663 
3 1657 1608 1655 
3 1654 1639 1670 
3 1640 1673 1678 
3 1660 1634 1654 
3 1661 1646 1685 
3 1667 1652 1660 
3 1659 1657 1688 
3 1675 1616 1658 
3 1674 1645 1663 
3 1662 1653 1692 
3 1686 1630 1689 
3 1681 1604 1686 
3 1701 1729 1641 
3 1671 1636 1659 
3 1669 1651 1674 
2 1670 1668 
3 1655 1669 1694 
3 1649 1667 1710 
3 1537 1644 1676 
4 1656 1632 1633 1681 
3 1668 1662 1677 
3 1616 1661 1691 
3 1713 1672 1679 
3 1674 1687 1716 
3 1653 1656 1709 
3 1676 1684 1702 
3 1683 1613 1729 
3 1673 1665 1700 
3 1638 1683 1723 
3 1682 1680 1721 
3 1679 1637 1719 
3 1691 1658 1738 
4 1739 1665 1648 1664 
3 1677 1692 1708 
3 1660 1697 1706 
3 1753 1664 1690 
3 1782 1689 1529 
3 1675 1685 1696 
3 1687 1663 1699 
3 1759 1533 1695 
3 1698 1670 1705 
3 1693 1536 1714 
3 1707 1691 1703 
3 1688 1698 1730 
4 1697 1694 1722 1724 
3 1692 1709 1772 
3 1731 1681 1739 
3 1757 1666 1767 
3 1704 1679 1718 
3 1696 1738 1741 
3 1715 1702 1747 
3 1711 1694 1712 
3 1710 1688 1744 
3 1732 1621 1696 
3 1735 1687 1761 
3 1699 1678 1731 
3 1671 1706 1733 
4 1727 1722 1705 1720 
3 1705 1716 1717 
3 1714 1676 1715 
3 1788 1695 1713 
3 1749 1713 1704 
3 1712 1677 1735 
3 1720 1712 1736 
3 1702 1719 1875 
3 1718 1684 1726 
3 1711 1717 1763 
3 1723 1683 1850 
3 1698 1711 1725 
3 1682 1721 1726 
3 1740 1698 1728 
3 1728 1722 1727 
3 1719 1723 1866 
3 1725 1711 1807 
3 1724 1725 1797 
3 1680 1666 1814 
3 1744 1697 1740 
3 1709 1700 1772 
3 1766 1707 1737 
3 1710 1755 1734 
3 1650 1733 1743 
3 1736 1716 1708 
3 1717 1735 1746 
3 1732 1741 1745 
3 1703 1685 1742 
3 1700 1686 1753 
3 1730 1724 1751 
3 1737 1703 1815 
3 1738 1743 1815 
3 1742 1734 1811 
3 1706 1730 1755 
3 1737 1760 1775 
3 1763 1736 1748 
3 1750 1704 1785 
3 1746 1761 1780 
3 1810 1715 1750 
3 1749 1747 1785 
3 1740 1773 1769 
3 1767 1610 1771 
3 1739 1689 1796 
2 1283 1806 
3 1733 1744 1765 
4 1240 1625 1474 1764 
3 1814 1701 1862 
3 1805 1623 1809 
3 1762 1506 1693 
3 1745 1781 1774 
3 1748 1708 1768 
3 1764 1421 1759 
3 1720 1746 1776 
3 1788 1756 1762 
3 1755 1769 1791 
3 1794 1621 1732 
3 1838 1701 1752 
3 1761 1778 1818 
3 1765 1751 1831 
3 1885 1500 1976 
3 1786 1752 1792 
3 1699 1731 1777 
3 1751 1797 1824 
3 1783 1760 1779 
3 1793 1745 1789 
3 1784 1763 1799 
3 1778 1772 1790 
3 1768 1777 1829 
3 1798 1774 1781 
3 1748 1816 1799 
3 1779 1760 1795 
3 1801 1690 1574 
3 1789 1774 1802 
3 1807 1776 1834 
3 1750 1747 1787 
3 1838 1771 1847 
3 1785 1844 1955 
3 1806 1764 1714 
3 1775 1783 1820 
3 1777 1796 1817 
3 1765 1848 1811 
3 1853 1771 1794 
3 1803 1775 1821 
3 1792 1766 1800 
3 1804 1781 1827 
3 1790 1753 1801 
3 1773 1728 1812 
3 1802 1779 1813 
3 1776 1780 1846 
3 1828 1794 1803 
4 1817 1796 1782 1808 
3 1783 1798 1830 
3 1800 1793 1843 
3 1833 1813 1795 
3 1808 1758 1868 
4 1754 1788 1810 1999 
3 1727 1784 1819 
3 1835 1801 1805 
3 1758 1280 1885 
4 1806 1749 1955 1999 
3 1743 1791 1836 
3 1797 1819 1822 
3 1823 1798 1804 
3 1842 1729 1757 
3 1741 1742 1826 
3 1780 1818 1874 
3 1790 1801 1829 
3 1816 1768 1849 
3 1812 1807 1825 
3 1821 1789 1830 
3 1793 1820 1873 
3 1824 1812 1837 
3 1832 1813 1840 
3 1773 1822 1831 
3 1819 1839 1837 
3 1827 1815 1836 
3 1795 1826 1854 
3 1841 1800 1861 
3 1778 1817 1835 
3 1820 1802 1832 
3 1769 1824 1863 
3 1871 1830 1823 
3 1840 1804 1845 
3 1839 1784 1852 
3 1829 1808 1849 
3 1826 1811 1848 
3 1822 1825 1865 
3 1851 1767 1786 
3 1825 1834 1867 
3 1859 1823 1833 
3 1853 1828 1872 
3 1850 1814 1876 
3 1857 1803 1887 
3 1787 1875 1982 
3 1856 1833 1858 
3 1855 1799 1878 
3 1931 1786 1860 
3 1836 1791 1864 
3 1818 1835 1870 
3 1721 1842 1866 
3 1862 1838 1939 
3 1867 1834 1855 
3 1860 1792 1841 
3 1858 1827 1877 
3 1852 1846 1879 
3 1859 1845 1869 
3 1861 1843 1887 
3 1892 1845 1854 
3 1871 1840 1856 
3 1929 1847 1853 
3 1895 1828 1857 
3 1876 1757 1851 
3 1864 1831 1865 
3 1848 1863 1877 
3 1863 1837 1886 
3 1726 1850 1924 
3 1884 1839 1852 
3 1870 1805 1885 
3 1904 1856 1901 
3 1874 1849 1868 
3 1880 1832 1859 
3 1896 1841 1883 
3 1821 1880 1893 
3 1881 1816 1870 
3 1844 1718 1925 
3 1842 1862 1921 
3 1854 1864 1890 
3 1882 1846 1881 
3 1884 1855 1882 
3 1902 1873 1871 
3 1878 1874 1906 
3 1897 1879 1878 
3 1889 1872 1891 
3 1886 1867 1879 
5 1915 1868 1809 1770 1976 
3 1888 1865 1884 
3 1857 1843 1893 
3 1890 1886 1898 
3 1896 1883 1891 
3 1894 1877 1888 
3 1889 1883 1895 
3 1901 1858 1903 
3 1887 1873 1902 
3 1903 1890 1899 
3 1891 1861 1909 
3 1911 1872 1889 
4 1917 1900 1898 1882 
3 1908 1888 1897 
3 1894 1908 1928 
3 1927 1913 1897 
3 1869 1892 1922 
3 1893 1880 1905 
3 1892 1894 1907 
3 1919 1905 1869 
3 1909 1902 1904 
3 1917 1881 1912 
3 1914 1903 1923 
3 1918 1899 1898 
3 1895 1905 1910 
3 1911 1909 1916 
3 1934 1896 1910 
3 1936 1906 1915 
3 1944 1918 1900 
4 1937 1930 1907 1923 
4 1933 1912 1885 1976 
3 1920 1910 1926 
3 1927 1897 1906 
3 1928 1908 1913 
3 1926 1904 1922 
3 1934 1916 1938 
3 1924 1876 1960 
3 1919 1901 1930 
3 1914 1907 1945 
3 1925 1866 1921 
3 1875 1924 1978 
3 1916 1919 1932 
3 1936 1900 1917 
3 1945 1899 1918 
3 1931 1860 1934 
3 1941 1922 1914 
3 1939 1847 1929 
3 1946 1926 1949 
3 1942 1956 1915 
4 1935 1929 1911 1920 
3 1961 1934 1951 
3 1940 1927 1912 
3 1943 1914 1948 
3 1951 1920 1946 
3 1960 1851 1931 
3 1944 1936 1956 
3 1949 1930 1943 
3 1957 1933 1976 
3 1941 1937 1958 
3 1947 1913 1940 
3 1923 1928 1947 
4 1952 1938 1932 1968 
3 1950 1945 1944 
3 1963 1937 1950 
3 1932 1941 1959 
3 1966 1948 1947 
3 1954 1935 1938 
3 1953 1946 1975 
3 1971 1954 1952 
3 1961 1951 1953 
3 1810 1787 1984 
3 1940 1933 1957 
3 1992 1956 1942 
3 1959 1943 1962 
3 1949 1958 1965 
3 1978 1921 1939 
3 1978 1935 1954 
3 1964 1958 1963 
3 1962 1948 1966 
3 1965 1962 1967 
3 1968 1959 1964 
3 1963 1950 1969 
3 1970 1964 1969 
3 1972 1946 1965 
3 1967 1966 1974 
3 1973 1967 1974 
3 1986 1953 1979 
3 1975 1968 1973 
3 1981 1972 1970 
3 1970 1969 1980 
3 1977 1952 1972 
7 1992 1942 1915 1885 1770 1461 1318 
3 1990 1979 1975 
4 1985 1925 1960 1961 
3 1991 1971 1977 
3 1983 1974 1992 
4 1987 1973 1983 1989 
3 1984 1844 1988 
3 1981 1980 1994 
3 1999 1955 1982 
3 1988 1978 1986 
3 1985 1971 1991 
3 1990 1981 1989 
3 1998 1982 1985 
3 1987 1981 1994 
3 1993 1977 1987 
3 1997 1986 1979 
5 1995 1994 1980 1957 1976 
3 1997 1990 1995 
4 1995 1989 1983 1992 
4 1996 1993 1994 1992 
2 1998 1995 
3 1998 1991 1993 
4 1999 1988 1997 1996 
4 1806 1810 1984 1998 
