300
0 326 1928
1 334 1812
2 486 6384
3 692 944
4 758 7542
5 1060 5556
6 1172 168
7 1242 366
8 1320 2068
9 1616 7210
10 1820 4504
11 1844 7828
12 1858 388
13 1884 324
14 1930 7802
15 1934 722
16 1990 2508
17 2116 2858
18 2222 1158
19 2290 1542
20 2316 340
21 2436 436
22 2438 502
23 2620 2310
24 2886 6468
25 2938 6260
26 3174 7784
27 3210 5074
28 3352 4954
29 3628 7938
30 3690 9054
31 3780 5202
32 3794 4744
33 3984 2808
34 4110 7098
35 4124 4558
36 4214 2958
37 4276 8670
38 4670 11802
39 4814 612
40 4874 7148
41 4904 7444
42 4936 3326
43 4946 606
44 5020 7268
45 5062 7470
46 5212 8052
47 5520 240
48 5552 10954
49 5564 7232
50 5602 340
51 5738 4746
52 5796 476
53 5834 11398
54 6016 780
55 6072 6232
56 6246 9186
57 6320 3486
58 6448 6518
59 6696 742
60 6836 748
61 6936 7814
62 7048 8640
63 7298 2766
64 7434 5968
65 7470 3624
66 7530 9828
67 7548 1832
68 7570 6456
69 7630 3472
70 7670 9050
71 7692 8608
72 7720 8842
73 7726 6384
74 7786 9474
75 7820 912
76 7934 8702
77 7956 798
78 8026 9370
79 8424 6794
80 8580 1034
81 8672 2812
82 8768 7324
83 8800 5474
84 8834 5840
85 8846 1260
86 8874 5850
87 8912 7704
88 8978 7320
89 9068 5170
90 9122 11824
91 9136 5044
92 9210 8774
93 9222 6144
94 9346 5544
95 9396 176
96 9566 11526
97 9638 134
98 9654 2904
99 9716 2192
100 9742 8328
101 9824 6022
102 9978 4086
103 10002 7666
104 10024 3184
105 10070 7780
106 10162 5870
107 10228 7510
108 10234 4960
109 10264 1486
110 10350 2994
111 10388 3354
112 10424 6392
113 10788 1276
114 10834 2884
115 10916 4320
116 10968 1150
117 10978 5984
118 11068 4254
119 11142 5250
120 11344 2488
121 11452 1566
122 11508 2608
123 11592 2852
124 11646 2564
125 11686 3360
126 11792 2446
127 11872 4734
128 11932 3908
129 12048 2216
130 12104 9686
131 12118 5830
132 12162 5644
133 12174 2844
134 12268 2690
135 12402 10782
136 12462 7352
137 12498 2942
138 12656 8574
139 12666 5330
140 12816 6832
141 12902 1814
142 12926 10318
143 12968 5738
144 12998 2008
145 13004 6852
146 13044 11292
147 13070 4066
148 13074 16
149 13128 3896
150 13138 8976
151 13184 8496
152 13228 7678
153 13384 5866
154 13414 5416
155 13420 2362
156 13492 4504
157 13520 3832
158 13526 7126
159 13542 7000
160 13550 1166
161 13760 4876
162 13824 1030
163 13870 174
164 13916 5052
165 14002 1292
166 14046 6264
167 14130 2170
168 14156 7782
169 14164 7984
170 14208 10306
171 14236 3038
172 14414 2650
173 14494 6886
174 14608 5932
175 14684 4476
176 14756 7804
177 14870 7190
178 14906 1986
179 14906 7094
180 14940 916
181 14996 1648
182 15100 4334
183 15108 13000
184 15112 1808
185 15168 7342
186 15232 6274
187 15278 12934
188 15300 6778
189 15312 286
190 15316 834
191 15632 11816
192 15784 7654
193 15834 7682
194 15840 2492
195 15974 12554
196 16012 4382
197 16024 6206
198 16108 9756
199 16162 6760
200 16330 7146
201 16386 10954
202 16396 4642
203 16456 7220
204 16614 5814
205 16688 2822
206 16694 4174
207 16932 5718
208 17012 7768
209 17018 10244
210 17128 6268
211 17268 9728
212 17280 9292
213 17314 7640
214 17412 3326
215 17620 6046
216 17738 7550
217 17792 7252
218 17912 1018
219 17938 3380
220 17942 10358
221 17966 9660
222 18100 2226
223 18160 2682
224 18250 4512
225 18334 10040
226 18338 5532
227 18492 6270
228 18554 2606
229 18682 8518
230 18706 3200
231 18996 1882
232 19054 4508
233 19062 4146
234 19074 5502
235 19092 4600
236 19132 2324
237 19454 5344
238 19512 6152
239 19574 4384
240 19708 354
241 19718 6558
242 19840 4446
243 20174 10366
244 20214 3014
245 20246 1814
246 20446 5674
247 20520 4000
248 20528 3138
249 20804 7652
250 20816 5284
251 20866 4914
252 20882 2616
253 20990 7952
254 21292 9248
255 21362 7640
256 21366 5452
257 21420 4140
258 21466 3990
259 21466 6378
260 21538 2638
261 21546 6196
262 21810 10840
263 21894 92
264 21972 7682
265 22192 1546
266 22276 88
267 22472 5250
268 22702 7634
269 22716 5760
270 22836 7690
271 22946 3618
272 22946 5818
273 23068 1624
274 23078 3368
275 23198 7156
276 23236 6498
277 23300 7780
278 23304 2192
279 23434 7792
280 23474 2764
281 23646 1434
282 24038 948
283 24040 630
284 24082 436
285 24248 1286
286 24486 1738
287 24516 5824
288 24536 180
289 24664 8158
290 24870 5868
291 24922 1956
292 24922 3318
293 24936 4346
294 25006 4958
295 25242 3896
296 25264 5538
297 25292 5658
298 25332 1510
299 25498 5024
2 2 1 
2 0 3 
4 9 4 0 5 
2 1 6 
3 11 38 2 
3 2 8 10 
5 47 13 7 3 148 
4 12 15 8 6 
3 16 5 7 
3 14 2 24 
3 27 5 17 
3 30 4 14 
3 15 7 13 
3 20 12 6 
3 11 9 26 
3 18 7 12 
3 17 8 19 
3 10 16 23 
3 19 15 22 
3 23 16 18 
3 21 13 47 
3 22 20 50 
3 39 18 21 
3 33 17 19 
3 34 9 25 
3 40 24 27 
3 29 14 34 
4 31 25 10 28 
3 27 36 32 
4 46 37 30 26 
3 48 11 29 
3 55 27 51 
3 28 35 65 
3 36 23 63 
3 41 26 24 
3 32 42 57 
3 42 28 33 
3 56 48 29 
3 183 4 53 
3 54 22 43 
3 49 44 25 
3 45 46 34 
3 57 35 36 
3 59 39 52 
3 62 45 40 
3 66 41 44 
3 56 29 41 
3 20 6 97 
3 53 30 37 
3 61 40 58 
3 52 21 95 
3 91 31 104 
3 60 43 50 
3 90 38 48 
3 67 39 59 
3 58 31 64 
3 66 37 46 
3 35 42 69 
3 49 55 68 
3 60 54 43 
4 77 75 59 52 
3 71 49 87 
3 70 74 44 
3 81 33 67 
3 55 83 84 
3 32 69 110 
3 96 56 45 
3 63 54 75 
3 79 58 73 
3 65 57 98 
3 78 62 72 
3 76 72 61 
3 70 71 76 
3 68 86 93 
3 96 62 78 
3 80 67 60 
3 92 72 71 
3 162 116 60 
3 135 74 70 
3 82 68 112 
3 113 85 75 
3 98 63 99 
3 87 79 88 
3 94 64 89 
3 86 64 94 
3 109 99 80 
3 106 73 84 
3 61 82 103 
3 107 82 140 
3 83 91 108 
3 187 53 96 
3 89 51 102 
3 130 76 100 
3 73 101 117 
3 84 83 119 
3 50 97 163 
4 90 66 74 146 
3 95 47 148 
3 69 81 122 
3 120 81 85 
3 138 92 105 
3 93 106 132 
3 115 91 111 
3 105 87 107 
3 111 51 110 
3 100 103 152 
3 101 86 139 
3 103 88 136 
3 89 115 127 
3 121 129 85 
3 104 65 114 
3 102 104 114 
3 79 117 153 
3 121 80 116 
3 111 110 122 
3 108 102 118 
3 160 113 77 
3 112 93 131 
3 115 125 128 
3 94 127 161 
3 124 99 126 
3 141 109 113 
4 123 114 98 124 
3 125 122 133 
3 134 122 120 
3 128 118 123 
3 120 129 155 
3 119 108 156 
3 147 118 125 
3 126 109 144 
3 142 92 150 
3 117 132 143 
3 131 101 139 
3 137 123 134 
3 133 124 155 
3 146 78 142 
3 152 107 158 
3 149 133 172 
3 150 100 151 
4 154 132 106 164 
3 145 88 166 
3 144 121 181 
3 135 130 170 
3 153 131 154 
3 167 129 141 
3 173 159 140 
3 191 96 135 
3 156 128 149 
3 266 97 6 
3 147 137 157 
3 212 130 138 
4 229 138 169 208 
3 168 105 136 
3 174 112 143 
3 207 143 139 
3 134 126 167 
3 127 147 175 
3 182 149 171 
3 185 136 159 
3 177 158 145 
3 165 116 162 
3 164 119 175 
3 160 77 180 
3 189 95 263 
3 139 161 202 
3 181 160 180 
3 186 140 174 
3 155 144 178 
3 176 169 152 
3 151 168 176 
3 201 142 198 
4 157 172 194 205 
3 171 137 178 
3 179 145 188 
3 166 153 204 
3 161 156 182 
3 169 168 193 
3 185 159 179 
3 172 167 184 
3 200 177 173 
3 165 162 190 
4 231 184 141 165 
3 196 175 157 
3 38 187 262 
3 194 178 181 
3 192 158 177 
3 188 166 197 
5 183 90 191 195 262 
3 173 186 199 
3 240 190 163 
3 218 180 189 
3 187 146 201 
3 193 185 203 
3 176 192 213 
3 171 184 222 
3 187 220 243 
3 202 182 206 
3 210 186 204 
3 170 212 211 
3 200 188 210 
3 203 179 199 
3 191 170 209 
3 164 196 224 
3 217 192 200 
3 197 174 207 
3 214 171 223 
3 224 196 214 
4 215 204 154 226 
3 151 213 249 
3 220 201 211 
3 199 197 215 
3 209 198 221 
4 198 150 229 253 
3 208 193 216 
3 219 206 205 
3 227 210 207 
3 249 213 217 
3 216 203 227 
3 265 190 283 
3 233 214 230 
3 195 209 225 
3 225 211 270 
3 236 194 231 
3 230 205 228 
3 202 206 232 
3 220 221 254 
3 207 235 234 
3 241 217 215 
3 252 223 236 
3 212 151 253 
3 219 223 244 
3 222 181 245 
3 235 224 233 
3 239 232 219 
3 238 226 237 
3 226 232 239 
3 228 222 245 
3 234 242 251 
3 241 234 246 
3 242 235 233 
3 284 189 263 
3 255 227 238 
3 237 239 247 
3 195 254 289 
3 248 230 260 
3 236 231 265 
3 259 238 250 
3 242 248 258 
3 274 247 244 
3 208 216 255 
3 256 246 251 
3 250 237 257 
3 260 228 273 
3 212 229 264 
3 243 225 277 
3 264 249 241 
3 269 261 250 
3 267 251 258 
3 257 247 271 
3 268 246 261 
3 244 252 278 
3 275 259 256 
3 183 187 289 
3 240 163 266 
3 253 255 268 
3 273 245 218 
3 288 263 148 
3 269 257 271 
3 270 264 259 
3 272 256 267 
3 277 221 268 
3 267 258 274 
3 276 269 292 
3 252 265 281 
3 271 248 280 
3 279 261 276 
3 275 272 287 
3 279 254 270 
3 280 260 281 
3 289 277 275 
3 274 278 286 
3 278 273 282 
3 285 281 283 
3 282 218 284 
3 283 240 288 
3 298 286 282 
3 291 280 285 
3 290 276 293 
3 298 284 266 
6 262 243 279 290 297 299 
3 289 287 294 
3 292 286 298 
4 295 293 272 291 
3 294 287 292 
3 296 290 293 
3 296 292 298 
3 297 294 295 
3 289 296 299 
5 299 295 291 285 288 
3 289 297 298 
