800
0 64 5316
1 72 98
2 122 948
3 160 6854
4 204 7810
5 266 1600
6 298 7542
7 312 1526
8 620 1540
9 658 2786
10 702 5322
11 736 6820
12 750 194
13 830 502
14 832 2790
15 868 178
16 884 4572
17 892 6854
18 1022 4590
19 1068 1304
20 1090 5258
21 1146 1000
22 1190 2534
23 1208 5150
24 1248 6342
25 1266 5634
26 1276 5632
27 1338 5726
28 1374 1364
29 1558 7326
30 1568 2394
31 1600 5344
32 1652 96
33 1652 2464
34 1774 2826
35 1788 5270
36 1882 6176
37 1884 6042
38 1898 6006
39 1900 5876
40 1958 3074
41 2020 6240
42 2064 1924
43 2192 1412
44 2204 366
45 2308 5810
46 2404 4632
47 2410 514
48 2416 380
49 2418 7070
50 2464 7774
51 2468 8168
52 2474 9872
53 2482 4720
54 2488 2230
55 2500 7072
56 2522 1880
57 2540 4334
58 2748 5324
59 2774 5232
60 2800 4928
61 2808 5256
62 2808 7312
63 2830 1128
64 2856 4934
65 2876 2480
66 2942 9874
67 2948 6654
68 2956 4620
69 3000 5626
70 3086 6076
71 3114 7558
72 3128 8038
73 3132 5974
74 3172 3438
75 3178 9818
76 3216 6040
77 3216 8878
78 3300 4910
79 3366 4882
80 3454 6540
81 3522 1388
82 3598 12180
83 3608 7180
84 3612 2520
85 3624 11060
86 3634 10616
87 3696 5472
88 3722 9680
89 3758 6432
90 3856 4710
91 3886 2424
92 3938 1570
93 3974 7160
94 3992 8690
95 4050 3692
96 4054 8172
97 4078 8002
98 4090 658
99 4110 7002
100 4112 5086
101 4130 5902
102 4158 5776
103 4178 6584
104 4240 6986
105 4274 5204
106 4360 7400
107 4368 846
108 4378 7410
109 4418 8054
110 4578 6606
111 4626 7118
112 4638 7390
113 4648 4506
114 4662 1212
115 4672 944
116 4688 6578
117 4768 594
118 4776 11524
119 4792 7164
120 4796 3590
121 4828 7660
122 4834 11548
123 4878 3558
124 4912 7704
125 4954 7006
126 4956 7594
127 4972 6090
128 4996 786
129 5084 6236
130 5178 5664
131 5302 6340
132 5324 7992
133 5404 7648
134 5422 758
135 5428 8182
136 5518 5516
137 5574 220
138 5610 5942
139 5646 424
140 5650 11468
141 5688 5658
142 5732 5644
143 5738 2906
144 5750 10772
145 5752 2892
146 5756 3006
147 5770 5632
148 5792 4834
149 5798 6042
150 5814 176
151 5822 5824
152 5824 11382
153 5902 6980
154 5914 6246
155 5934 2566
156 5948 510
157 6060 870
158 6092 5490
159 6110 7802
160 6190 7860
161 6226 7568
162 6354 9390
163 6384 1632
164 6390 1862
165 6458 3826
166 6500 1940
167 6520 8740
168 6550 9534
169 6644 1088
170 6676 4532
171 6690 10786
172 6694 11094
173 6698 8656
174 6726 11368
175 6778 4678
176 6778 7172
177 6778 8312
178 6778 9374
179 6796 1542
180 6800 10496
181 6820 9572
182 6830 10716
183 6854 9676
184 6896 178
185 6898 9624
186 6906 2302
187 6946 8342
188 6974 9420
189 6990 9420
190 7014 8316
191 7020 11686
192 7022 2236
193 7042 9370
194 7078 9732
195 7080 2278
196 7106 1558
197 7126 1328
198 7134 9730
199 7154 8564
200 7162 7722
201 7174 4792
202 7216 7218
203 7250 10986
204 7254 6490
205 7330 10730
206 7332 5536
207 7334 5684
208 7342 2978
209 7380 3458
210 7418 7046
211 7430 5956
212 7570 290
213 7574 1732
214 7576 3362
215 7666 6828
216 7682 8130
217 7696 2754
218 7762 9854
219 7806 4372
220 7810 1120
221 7830 7450
222 7940 4528
223 8016 11078
224 8028 9932
225 8032 4254
226 8042 8788
227 8042 9562
228 8048 3580
229 8086 9206
230 8108 6860
231 8166 4512
232 8166 7312
233 8206 8414
234 8208 1902
235 8242 1864
236 8380 4646
237 8392 4628
238 8442 702
239 8492 518
240 8498 5874
241 8554 5522
242 8650 7716
243 8662 1922
244 8680 1760
245 8792 3540
246 8810 6086
247 8836 2212
248 8956 3062
249 8958 3846
250 8960 1212
251 8988 1284
252 9024 4600
253 9030 5890
254 9098 34
255 9120 9680
256 9124 6424
257 9156 3144
258 9188 11426
259 9216 3094
260 9230 26
261 9282 1872
262 9316 394
263 9354 2696
264 9358 11660
265 9392 88
266 9402 11538
267 9410 2824
268 9422 3058
269 9474 866
270 9484 928
271 9484 8228
272 9510 10636
273 9526 8210
274 9588 3118
275 9616 3802
276 9638 3092
277 9668 3710
278 9672 4288
279 9708 906
280 9734 1450
281 9780 9748
282 9810 532
283 9820 7234
284 9866 3408
285 9898 10802
286 9908 5848
287 9926 292
288 9938 1764
289 9980 6716
290 10006 5306
291 10028 642
292 10056 6904
293 10056 9858
294 10070 2608
295 10096 2178
296 10130 270
297 10130 3042
298 10174 862
299 10196 8760
300 10216 5056
301 10226 5376
302 10228 628
303 10234 1674
304 10254 11048
305 10262 3902
306 10268 10870
307 10282 4970
308 10302 2938
309 10304 1338
310 10336 3458
311 10364 5022
312 10394 7732
313 10414 5876
314 10440 2494
315 10448 2256
316 10450 3496
317 10478 5338
318 10520 9984
319 10528 4998
320 10530 2110
321 10532 1322
322 10558 2854
323 10568 8106
324 10596 5336
325 10632 3488
326 10654 4654
327 10656 300
328 10680 4930
329 10690 3266
330 10692 6232
331 10724 5332
332 10842 8796
333 10926 4118
334 10984 5334
335 11004 2888
336 11052 2016
337 11082 7544
338 11122 9786
339 11124 3704
340 11238 198
341 11322 2474
342 11334 7796
343 11342 2142
344 11344 1948
345 11372 4286
346 11440 3130
347 11442 1652
348 11446 4724
349 11480 5802
350 11502 1168
351 11524 1898
352 11526 4450
353 11558 3046
354 11560 482
355 11652 4406
356 11662 1294
357 11664 5510
358 11736 5260
359 11748 4622
360 11796 5926
361 11840 2148
362 11888 5060
363 11926 1138
364 11936 3524
365 11966 5454
366 12016 4966
367 12020 5468
368 12028 2912
369 12048 236
370 12084 5398
371 12102 1604
372 12104 3854
373 12114 2446
374 12122 4716
375 12134 5564
376 12152 4214
377 12198 1868
378 12236 1400
379 12312 3582
380 12396 1304
381 12398 10752
382 12428 10798
383 12490 7984
384 12536 4910
385 12608 9852
386 12608 10076
387 12648 7378
388 12670 6048
389 12672 3342
390 12700 1112
391 12718 7800
392 12752 8916
393 12754 3166
394 12774 8314
395 12844 2980
396 12888 2548
397 12922 362
398 12930 906
399 12962 6914
400 13008 1148
401 13022 3560
402 13040 11236
403 13042 9286
404 13042 11450
405 13044 2422
406 13044 12338
407 13046 3048
408 13050 9872
409 13088 1620
410 13088 5014
411 13090 4270
412 13092 3464
413 13148 8382
414 13182 3550
415 13200 570
416 13200 5780
417 13204 6236
418 13208 3450
419 13226 4482
420 13260 4932
421 13264 1984
422 13266 4690
423 13272 4670
424 13330 7180
425 13330 7808
426 13338 534
427 13362 1196
428 13362 2266
429 13410 1356
430 13460 5452
431 13466 12180
432 13470 5166
433 13486 1364
434 13486 4348
435 13504 7590
436 13518 7856
437 13594 7496
438 13612 5272
439 13670 5688
440 13672 6552
441 13674 3792
442 13692 2396
443 13702 6102
444 13714 8040
445 13718 12146
446 13752 1836
447 13768 6706
448 13820 3818
449 13842 276
450 13866 536
451 13898 5600
452 13902 3094
453 13928 4070
454 13930 4296
455 13940 1656
456 13982 2468
457 13984 1196
458 14030 4274
459 14042 1958
460 14046 4544
461 14050 2522
462 14060 2240
463 14066 3108
464 14080 3856
465 14082 168
466 14086 5874
467 14090 94
468 14092 3070
469 14102 4748
470 14154 76
471 14154 5120
472 14206 12376
473 14214 4640
474 14218 5026
475 14234 2916
476 14244 6256
477 14292 2596
478 14296 844
479 14306 6766
480 14360 5530
481 14366 7994
482 14390 3290
483 14412 1502
484 14426 3484
485 14432 1146
486 14432 6890
487 14452 5650
488 14472 3626
489 14494 3384
490 14510 2412
491 14544 1368
492 14570 5412
493 14586 5118
494 14606 94
495 14628 6932
496 14656 10986
497 14660 2280
498 14680 1146
499 14680 11950
500 14694 1272
501 14706 3164
502 14708 4000
503 14828 7086
504 14840 2864
505 14842 6062
506 14846 6918
507 14848 1270
508 14868 5052
509 14904 870
510 14912 1996
511 14912 12648
512 14920 3022
513 14958 1940
514 14984 478
515 15006 12940
516 15012 3690
517 15046 2944
518 15046 7492
519 15072 4276
520 15098 892
521 15122 4252
522 15122 13482
523 15138 4564
524 15148 13080
525 15164 2200
526 15174 1458
527 15184 4802
528 15220 666
529 15248 2518
530 15260 2804
531 15286 2232
532 15334 6826
533 15380 11680
534 15398 4880
535 15402 4986
536 15402 12112
537 15410 13314
538 15416 4832
539 15424 12248
540 15478 3236
541 15508 2838
542 15530 2088
543 15590 706
544 15590 12246
545 15608 3838
546 15616 12692
547 15626 4094
548 15632 3168
549 15716 2914
550 15722 4906
551 15778 6242
552 15786 3114
553 15794 6246
554 15858 3934
555 15912 5682
556 15942 3292
557 15980 3270
558 16030 11762
559 16050 2688
560 16064 2370
561 16072 5924
562 16072 8444
563 16174 7586
564 16184 7640
565 16190 7984
566 16206 11924
567 16322 11622
568 16334 8048
569 16342 7226
570 16362 11124
571 16366 7670
572 16382 4040
573 16388 7108
574 16392 4776
575 16412 11808
576 16462 10338
577 16478 3920
578 16542 6808
579 16572 2952
580 16590 7674
581 16652 4182
582 16712 6498
583 16722 3964
584 16778 12706
585 16946 7702
586 16974 2372
587 16982 2770
588 17016 5404
589 17028 598
590 17050 4526
591 17054 4870
592 17102 4782
593 17106 10860
594 17110 9724
595 17194 44
596 17198 5476
597 17206 3046
598 17236 10522
599 17254 3738
600 17260 9624
601 17306 11134
602 17316 9476
603 17342 6146
604 17354 1024
605 17366 9558
606 17392 9314
607 17402 7852
608 17408 3340
609 17448 4154
610 17474 5698
611 17496 5500
612 17524 4158
613 17578 2840
614 17608 4404
615 17628 2172
616 17636 7152
617 17664 4464
618 17700 6774
619 17712 6038
620 17748 5502
621 17786 7702
622 17818 12118
623 17852 2754
624 17892 9732
625 17894 3332
626 17930 9592
627 17944 6428
628 17980 10392
629 18004 6536
630 18050 7122
631 18054 8800
632 18146 9746
633 18284 2010
634 18316 8758
635 18348 3218
636 18422 3048
637 18428 4104
638 18456 696
639 18464 7730
640 18514 11096
641 18516 6864
642 18592 1982
643 18648 5174
644 18666 5526
645 18740 8230
646 18848 6812
647 18862 768
648 18880 8144
649 18976 644
650 19046 2956
651 19052 4070
652 19222 2198
653 19252 5180
654 19320 1830
655 19334 3124
656 19344 3078
657 19446 7598
658 19470 1918
659 19600 3934
660 19600 7450
661 19656 9514
662 19686 5964
663 19704 3914
664 19714 5260
665 19792 7382
666 19820 5682
667 19936 3992
668 20002 11400
669 20078 2854
670 20102 2936
671 20102 10588
672 20156 4838
673 20216 1166
674 20286 5704
675 20294 5624
676 20306 62
677 20306 5008
678 20350 5258
679 20406 5292
680 20426 11402
681 20432 2562
682 20500 2746
683 20558 5862
684 20574 5836
685 20660 11400
686 20728 6014
687 20804 2608
688 20818 4010
689 20894 4948
690 20966 3114
691 20996 6038
692 21070 4860
693 21100 5054
694 21182 5052
695 21202 2580
696 21230 4334
697 21248 4878
698 21250 3078
699 21280 5440
700 21298 6002
701 21318 2358
702 21440 1626
703 21444 5382
704 21486 5962
705 21532 9914
706 21560 5750
707 21630 4646
708 21734 6246
709 21798 9398
710 21806 5730
711 21808 5886
712 21942 4270
713 21950 1752
714 21964 5310
715 22072 4096
716 22098 1750
717 22152 5934
718 22154 3682
719 22198 34
720 22200 2438
721 22384 722
722 22384 5268
723 22402 5920
724 22636 2028
725 22700 7564
726 22852 1920
727 22868 11868
728 22926 6714
729 22948 7784
730 22992 5306
731 23008 1770
732 23008 3834
733 23178 5672
734 23290 556
735 23296 3150
736 23312 5918
737 23318 710
738 23338 6194
739 23358 1666
740 23424 2234
741 23442 7466
742 23446 3150
743 23550 706
744 23568 2752
745 23582 6182
746 23644 600
747 23666 2224
748 23698 5922
749 23710 3674
750 23724 5990
751 23742 324
752 23746 2850
753 23776 5306
754 23790 6270
755 23804 5262
756 23848 6700
757 23954 2380
758 23988 5642
759 23998 2146
760 24002 7748
761 24130 1332
762 24136 804
763 24178 1744
764 24188 2222
765 24248 4980
766 24254 4382
767 24338 692
768 24384 578
769 24448 5684
770 24458 2148
771 24522 8052
772 24588 6266
773 24674 5538
774 24718 388
775 24926 6676
776 24962 2596
777 25006 6982
778 25014 1330
779 25040 5596
780 25074 2198
781 25096 7256
782 25118 1130
783 25150 2572
784 25166 2972
785 25190 1508
786 25266 7508
787 25292 100
788 25378 5646
789 25390 5744
790 25420 5218
791 25428 7436
792 25428 7714
793 25458 1184
794 25482 7344
795 25524 1152
796 25544 2554
797 25554 8480
798 25584 6408
799 25598 2488
3 3 4 1 
7 137 15 12 2 0 260 32 
3 5 3 1 
3 4 0 2 
5 52 82 0 3 6 
4 9 10 2 7 
3 4 10 11 
3 8 5 13 
3 22 7 19 
3 14 16 5 
4 6 5 16 20 
3 17 6 25 
4 44 47 13 1 
3 21 7 12 
3 34 9 22 
3 139 48 1 
3 18 10 9 
3 29 11 24 
3 46 23 16 
3 28 8 21 
3 25 10 23 
3 63 19 13 
3 14 8 30 
3 31 20 18 
3 17 27 37 
3 11 20 26 
3 27 25 31 
3 39 24 26 
3 43 30 19 
3 51 17 36 
3 33 22 28 
3 26 23 35 
3 150 1 254 
3 34 30 42 
3 40 14 33 
3 31 53 60 
3 41 29 37 
3 36 24 38 
3 37 39 45 
3 38 27 59 
3 57 34 54 
3 49 36 70 
3 33 43 56 
3 42 28 81 
3 48 98 12 
3 73 38 58 
3 53 18 57 
3 107 63 12 
3 117 44 15 
4 55 62 50 41 
3 72 51 49 
3 77 29 50 
4 66 86 85 4 
3 35 46 68 
3 65 40 56 
3 83 49 67 
4 91 54 42 92 
3 46 40 74 
3 69 45 61 
3 61 39 64 
3 64 35 68 
3 87 58 59 
3 121 71 49 
3 81 21 47 
3 59 60 78 
3 84 74 54 
3 144 52 75 
3 55 70 80 
3 60 53 95 
3 101 73 58 
3 67 41 76 
3 97 72 62 
4 96 94 50 71 
3 76 45 69 
3 95 57 65 
3 180 66 88 
3 89 70 73 
3 88 51 94 
3 87 64 79 
3 78 120 90 
3 99 67 89 
4 92 43 63 114 
4 522 4 85 122 
3 106 55 93 
3 145 65 91 
3 118 82 52 
3 152 118 52 
3 101 61 78 
3 75 77 183 
3 103 80 76 
3 100 79 120 
3 155 84 56 
3 164 56 81 
3 106 83 99 
3 168 77 72 
3 68 74 120 
3 162 72 97 
3 109 96 71 
3 128 107 44 
3 93 80 104 
3 105 102 90 
4 103 69 87 102 
3 110 101 100 
3 104 89 101 
3 112 99 103 
3 127 100 113 
3 108 83 93 
3 115 47 98 
2 121 106 
3 135 181 97 
3 111 102 116 
3 119 112 110 
3 124 104 111 
3 130 105 123 
3 163 81 115 
3 114 107 128 
3 125 110 129 
3 134 48 156 
3 122 85 86 
3 126 111 125 
4 90 79 95 123 
3 124 62 108 
3 82 118 140 
3 113 120 143 
4 132 121 112 126 
3 133 119 116 
3 133 124 119 
3 129 105 130 
3 115 98 134 
3 131 116 127 
3 127 113 136 
3 153 129 138 
3 167 135 124 
3 159 126 125 
3 157 128 117 
3 178 109 132 
3 141 130 148 
3 287 212 1 
3 149 131 141 
3 239 156 15 
3 191 122 152 
3 138 136 142 
3 141 175 147 
3 146 123 145 
3 171 172 66 
3 208 143 84 
3 165 148 143 
3 151 142 158 
3 136 146 170 
3 154 138 151 
3 184 296 32 
3 149 147 206 
3 140 86 174 
3 161 131 154 
3 153 149 207 
3 217 91 186 
3 238 117 139 
3 270 169 134 
3 147 201 236 
3 160 133 161 
3 177 159 202 
3 159 153 176 
3 185 168 96 
3 164 114 179 
3 166 92 163 
3 170 146 209 
3 192 186 164 
3 193 132 173 
3 183 94 162 
3 220 197 157 
3 175 148 165 
3 203 144 182 
3 174 144 203 
3 167 177 199 
3 264 152 172 
3 142 170 228 
3 161 204 215 
3 187 173 160 
3 188 181 135 
3 196 163 197 
3 182 75 194 
3 185 109 178 
3 205 171 180 
3 194 88 168 
3 340 150 265 
3 198 162 181 
3 155 166 195 
3 199 177 190 
3 189 218 178 
3 227 188 193 
3 187 200 216 
3 406 522 140 
4 195 166 213 234 
3 189 167 226 
3 180 183 198 
3 186 192 247 
3 213 179 280 
3 179 169 251 
3 218 194 185 
3 173 187 233 
3 190 202 221 
3 158 219 222 
3 200 160 210 
3 223 172 171 
3 176 211 240 
3 223 182 272 
3 207 151 252 
3 211 154 206 
3 248 214 145 
3 228 165 214 
3 202 215 230 
3 204 207 241 
3 287 262 137 
3 235 192 196 
3 209 208 257 
3 210 176 246 
3 273 190 242 
3 248 155 263 
3 224 198 188 
3 201 245 225 
3 250 169 270 
3 242 200 232 
3 201 249 231 
3 258 203 205 
3 272 218 227 
3 219 297 249 
3 229 193 233 
4 255 224 189 229 
3 175 209 245 
3 227 226 299 
3 232 210 256 
3 237 222 277 
3 221 230 283 
3 226 199 271 
3 243 192 235 
3 234 213 244 
3 158 237 252 
3 236 231 275 
3 269 156 239 
3 238 139 262 
3 253 204 241 
3 240 211 278 
3 312 216 221 
3 247 234 261 
3 235 280 303 
3 219 228 274 
3 215 253 301 
3 195 243 295 
3 259 208 217 
3 222 225 284 
3 321 251 220 
3 309 197 250 
3 206 236 278 
3 246 240 290 
4 595 265 32 260 
3 281 293 227 
3 289 230 286 
3 214 259 274 
3 266 223 285 
3 257 248 268 
3 719 254 1 
3 351 243 288 
4 354 282 239 212 
3 267 217 294 
3 431 174 266 
3 184 254 470 
3 264 258 304 
3 268 263 294 
3 276 259 267 
3 279 238 298 
3 220 157 279 
3 299 233 273 
3 285 205 224 
3 271 216 323 
3 245 257 276 
3 237 277 310 
3 274 268 308 
3 275 231 284 
3 241 252 305 
3 350 270 269 
3 244 196 309 
3 338 293 255 
3 302 291 262 
3 337 232 292 
3 277 249 297 
3 306 258 272 
3 313 256 324 
3 327 212 137 
3 261 303 347 
3 292 256 330 
3 253 300 319 
3 298 282 302 
3 399 283 289 
3 318 255 281 
3 267 263 314 
3 315 247 320 
3 327 150 340 
3 284 225 308 
3 363 269 291 
3 332 229 271 
3 290 307 311 
3 246 348 317 
3 398 291 282 
3 288 244 378 
3 404 266 306 
3 307 278 316 
3 304 285 382 
3 300 305 326 
3 297 276 322 
3 280 251 321 
3 316 275 329 
3 300 352 319 
3 342 242 337 
3 330 286 349 
3 294 315 341 
3 314 295 343 
3 305 310 325 
3 301 374 324 
3 386 381 293 
3 290 311 328 
3 343 295 336 
3 309 250 356 
3 335 308 341 
3 273 342 383 
3 286 317 331 
3 339 316 346 
3 307 333 345 
3 397 287 296 
3 319 355 348 
3 310 335 353 
3 289 313 360 
3 334 324 362 
3 392 299 394 
3 326 339 372 
3 357 331 358 
3 329 322 396 
3 320 344 377 
3 312 283 387 
3 385 281 403 
3 333 325 364 
4 369 296 184 467 
3 322 314 373 
3 391 323 312 
3 361 315 320 
3 336 351 377 
3 352 326 372 
3 393 325 353 
3 288 429 371 
3 301 328 359 
3 360 313 357 
3 356 279 363 
3 344 261 409 
3 311 345 355 
3 346 329 368 
3 426 415 262 
3 328 352 376 
3 380 321 350 
3 349 334 365 
3 370 334 384 
3 348 448 411 
3 388 330 349 
3 373 343 421 
3 331 366 384 
3 350 298 390 
3 379 339 389 
3 367 357 370 
3 362 374 419 
3 375 365 430 
3 395 353 396 
3 397 340 465 
3 365 358 410 
3 409 347 433 
4 345 333 379 401 
3 341 361 405 
3 366 317 411 
3 416 388 367 
3 355 414 441 
3 336 344 455 
3 303 380 457 
3 372 364 412 
3 378 356 427 
3 496 382 318 
3 402 306 381 
3 444 323 436 
3 358 362 422 
3 408 338 600 
3 576 318 408 
3 437 337 424 
3 417 360 375 
3 412 364 393 
3 400 363 398 
3 425 342 435 
3 403 332 413 
3 389 346 407 
3 413 332 444 
3 407 368 461 
4 368 335 405 442 
4 450 327 369 449 
3 390 302 478 
3 424 292 447 
3 427 390 520 
3 372 418 414 
3 404 382 496 
3 602 338 392 
3 445 304 402 
3 396 373 428 
3 524 191 431 
3 452 393 395 
3 386 385 594 
3 351 371 491 
3 432 370 420 
3 374 359 464 
3 379 389 418 
3 562 392 394 
3 376 401 463 
3 478 354 426 
3 417 375 439 
3 440 388 416 
3 401 412 452 
3 423 366 434 
3 410 422 469 
3 428 361 446 
3 420 384 423 
3 422 419 460 
3 387 399 486 
3 436 391 435 
3 450 415 354 
3 457 380 400 
3 442 405 421 
3 433 347 498 
3 451 367 438 
3 406 264 445 
3 438 410 474 
3 371 429 500 
3 419 453 454 
3 425 391 437 
3 481 383 425 
3 435 387 518 
3 430 432 471 
3 443 416 451 
3 447 417 443 
3 448 376 484 
3 456 396 428 
3 440 439 466 
3 394 383 481 
4 472 431 404 499 
3 459 421 455 
3 479 399 440 
3 359 441 488 
3 514 397 465 
3 528 426 397 
3 439 430 480 
3 418 407 468 
3 434 464 516 
3 460 434 458 
3 446 377 483 
3 461 442 462 
3 378 427 485 
3 454 502 521 
3 510 462 446 
3 473 423 454 
3 477 395 456 
3 497 456 459 
3 482 414 468 
3 453 411 488 
3 449 369 494 
3 476 443 487 
3 494 340 470 
3 463 452 475 
3 420 473 523 
3 467 265 595 
3 438 474 493 
3 511 515 445 
3 469 460 519 
3 471 432 527 
3 468 477 504 
3 479 466 505 
3 475 461 490 
3 509 398 415 
3 486 447 476 
3 487 451 492 
3 444 436 565 
3 489 463 501 
3 455 491 526 
3 441 489 548 
3 498 457 638 
3 495 424 479 
3 505 466 480 
3 464 448 540 
3 484 482 501 
3 529 477 497 
3 483 409 507 
3 551 480 493 
3 492 471 508 
3 465 467 676 
3 503 486 506 
3 570 402 381 
3 490 462 525 
3 429 485 647 
3 536 445 533 
3 433 604 507 
3 489 482 512 
3 458 516 545 
3 563 518 495 
3 512 475 529 
3 551 476 487 
3 573 495 532 
3 491 500 721 
3 493 534 535 
3 520 478 543 
3 542 459 513 
3 515 472 539 
3 501 504 517 
3 633 510 526 
3 589 528 449 
3 524 472 511 
3 502 453 556 
3 512 530 541 
3 564 437 503 
4 473 521 577 572 
3 400 509 638 
3 519 458 547 
4 82 191 537 727 
3 527 469 581 
3 537 406 515 
3 531 497 542 
3 513 483 673 
3 538 474 523 
3 543 450 514 
4 530 504 490 531 
3 517 529 560 
3 560 529 525 
3 506 553 578 
3 558 499 570 
3 550 508 538 
3 555 508 550 
3 539 499 558 
4 522 524 546 584 
3 534 527 590 
3 511 536 544 
3 557 488 548 
3 549 517 559 
3 615 525 510 
3 509 528 589 
3 546 539 566 
3 554 502 608 
3 537 544 566 
3 521 554 577 
3 540 484 552 
3 552 541 559 
3 535 534 574 
3 553 505 492 
3 548 549 579 
3 532 551 561 
3 547 545 625 
3 561 535 591 
3 516 557 597 
3 556 540 579 
3 536 533 567 
3 549 541 586 
3 586 530 531 
3 553 555 588 
3 606 413 568 
3 564 503 569 
3 571 518 563 
3 568 481 571 
3 546 544 575 
3 575 558 601 
3 562 565 607 
3 580 563 573 
3 533 496 593 
3 580 565 564 
3 581 519 583 
3 569 506 578 
3 592 550 590 
3 622 566 567 
3 598 386 594 
3 519 547 599 
3 573 532 582 
3 557 552 587 
3 585 571 569 
3 523 572 609 
3 578 596 603 
3 572 599 659 
3 537 622 680 
3 607 580 616 
3 559 560 615 
3 613 579 642 
3 596 561 591 
3 649 543 514 
3 574 538 614 
3 588 555 592 
3 591 574 617 
3 601 570 598 
3 576 408 600 
3 470 254 719 
3 611 582 588 
3 608 556 613 
3 593 576 628 
3 583 577 655 
3 594 385 605 
3 567 593 640 
3 605 403 606 
3 618 582 610 
3 500 647 734 
3 624 600 602 
3 626 602 562 
4 631 568 585 621 
3 545 597 625 
3 612 581 637 
3 619 603 611 
3 620 610 596 
3 614 609 637 
3 597 587 623 
3 617 590 612 
3 586 542 633 
3 585 618 630 
3 592 614 651 
3 616 603 629 
3 627 610 666 
3 644 611 643 
3 639 607 630 
3 584 575 668 
3 636 613 652 
3 632 628 605 
3 554 608 635 
3 632 606 631 
3 629 619 662 
3 640 598 624 
3 641 618 627 
3 621 616 641 
3 626 607 634 
3 671 624 626 
3 615 513 642 
3 661 631 645 
3 625 636 656 
3 635 623 650 
3 612 609 651 
3 485 520 649 
3 645 621 646 
3 668 601 628 
3 630 629 646 
3 587 633 654 
3 653 620 667 
3 666 620 664 
3 634 639 648 
3 639 641 662 
3 604 498 751 
3 709 645 657 
3 638 589 751 
3 636 681 669 
3 617 637 659 
3 623 658 713 
3 664 643 672 
3 658 642 673 
3 599 656 670 
3 655 635 669 
3 648 683 660 
3 652 654 702 
3 651 583 663 
3 657 686 665 
3 705 671 634 
3 646 627 674 
3 667 659 670 
3 644 653 678 
3 725 660 691 
3 619 644 675 
3 643 663 690 
3 680 622 640 
3 656 650 682 
3 663 655 682 
3 685 632 661 
3 677 653 688 
3 654 526 737 
3 684 662 675 
3 674 666 679 
3 751 494 719 
3 678 672 689 
3 679 664 677 
3 699 675 678 
3 584 668 685 
3 650 713 701 
3 670 669 687 
3 686 657 684 
3 683 674 706 
3 727 680 671 
3 691 660 683 
3 682 701 695 
3 696 672 698 
3 693 677 692 
3 667 695 698 
3 665 686 700 
3 697 689 696 
3 703 689 694 
3 714 693 697 
3 690 687 724 
3 692 688 715 
3 694 692 707 
3 688 690 720 
3 706 679 703 
3 708 691 704 
3 687 681 731 
3 713 658 743 
3 699 693 714 
3 756 700 711 
3 727 661 709 
3 684 699 710 
3 722 697 712 
3 728 741 700 
3 705 648 729 
3 711 706 730 
3 717 704 710 
3 707 715 732 
4 681 652 702 716 
3 703 694 722 
4 712 696 718 735 
3 731 713 762 
3 738 711 723 
3 715 720 740 
4 787 676 595 260 
3 718 698 724 
3 507 746 737 
3 730 714 707 
3 717 733 736 
3 720 695 726 
3 729 665 741 
3 740 724 739 
4 522 685 705 797 
3 786 760 708 
3 771 709 725 
3 710 722 755 
3 701 716 739 
3 712 742 749 
3 736 723 753 
3 746 604 751 
3 742 715 744 
3 748 723 733 
3 673 721 743 
3 756 717 745 
3 726 731 761 
3 718 726 747 
3 760 725 708 
3 732 735 752 
3 702 737 768 
3 735 747 757 
3 754 738 750 
3 721 734 768 
3 744 740 759 
3 750 736 758 
3 766 732 770 
3 745 748 769 
5 774 734 647 649 676 
3 742 764 770 
3 758 733 755 
3 777 745 772 
3 753 730 765 
3 781 704 738 
3 744 759 764 
3 769 748 753 
3 757 747 763 
3 771 741 728 
3 763 739 762 
3 761 716 767 
3 759 761 782 
3 752 757 782 
3 773 755 766 
3 765 749 776 
3 782 762 768 
4 767 743 746 774 
4 772 750 758 773 
3 749 752 778 
3 797 729 760 
3 775 754 769 
3 779 769 765 
3 768 751 787 
3 777 772 779 
3 784 766 780 
3 781 754 775 
3 785 770 782 
3 788 775 773 
3 783 776 785 
3 786 756 777 
5 793 778 764 763 767 
3 784 780 796 
3 788 776 783 
3 780 778 793 
3 792 728 781 
3 795 774 719 
3 789 779 784 
3 791 788 790 
3 794 789 796 
3 792 789 794 
3 797 786 791 
3 785 782 795 
3 797 791 790 
3 799 793 787 
3 790 783 799 
5 727 771 792 794 798 
2 797 799 
3 798 796 795 
