600
0 52 6954
1 68 8326
2 114 7216
3 138 7194
4 140 8238
5 156 3248
6 260 10
7 276 1636
8 284 5268
9 310 5326
10 312 4926
11 366 2120
12 460 758
13 520 5630
14 556 3338
15 586 6656
16 592 4654
17 638 4030
18 662 4302
19 666 5316
20 726 5208
21 738 2532
22 818 520
23 868 12
24 868 2828
25 882 342
26 926 2788
27 938 1212
28 938 4784
29 958 5420
30 968 2882
31 968 4286
32 1004 5430
33 1030 6984
34 1052 160
35 1062 4802
36 1098 2284
37 1098 4002
38 1104 7980
39 1110 7982
40 1126 1276
41 1154 82
42 1166 2044
43 1238 2280
44 1250 4000
45 1272 2538
46 1304 5634
47 1324 5710
48 1332 5254
49 1368 4980
50 1458 5582
51 1478 6498
52 1504 6266
53 1582 7012
54 1680 7466
55 1704 7060
56 1778 1586
57 1802 6600
58 1826 5884
59 1866 3358
60 1980 2278
61 2010 584
62 2066 1456
63 2070 2608
64 2136 1920
65 2174 3444
66 2176 472
67 2194 4738
68 2222 4434
69 2244 7440
70 2244 7550
71 2264 500
72 2294 2424
73 2320 2216
74 2342 1250
75 2486 10112
76 2496 10184
77 2508 5724
78 2510 2314
79 2516 9838
80 2562 7286
81 2600 5382
82 2692 6436
83 2704 6334
84 2708 128
85 2708 6738
86 2724 6158
87 3000 9862
88 3054 8096
89 3120 7014
90 3130 2290
91 3138 5976
92 3206 8868
93 3278 3974
94 3354 5674
95 3416 8862
96 3436 6484
97 3452 1536
98 3548 1418
99 3600 12166
100 3608 8472
101 3624 5276
102 3664 7614
103 3790 6872
104 3940 3532
105 3948 6108
106 3956 5674
107 3990 4644
108 4032 284
109 4074 6342
110 4106 11976
111 4150 6632
112 4152 6136
113 4166 864
114 4230 5102
115 4326 7382
116 4368 6166
117 4382 5218
118 4396 6824
119 4408 3972
120 4494 788
121 4664 7380
122 4764 8002
123 4768 8750
124 4792 3866
125 4834 48
126 4896 6172
127 4904 4448
128 4908 6692
129 4938 270
130 4952 6120
131 4964 14
132 5110 7288
133 5146 7892
134 5418 10590
135 5436 8186
136 5688 5428
137 5704 10854
138 5748 2944
139 5798 4830
140 5858 6076
141 5956 8154
142 5974 5848
143 6036 7556
144 6266 11748
145 6336 6970
146 6372 4286
147 6422 8360
148 6438 8998
149 6454 9088
150 6472 992
151 6584 9338
152 6610 3974
153 6706 1938
154 6808 11462
155 6814 10502
156 6828 10398
157 6852 7414
158 6854 1252
159 6872 8750
160 6916 9468
161 6930 8886
162 6952 7886
163 7026 6610
164 7036 10524
165 7140 8896
166 7246 2818
167 7306 4860
168 7562 7048
169 7642 3998
170 7720 10058
171 7786 9672
172 7818 9942
173 7856 3818
174 7914 9532
175 7938 4694
176 7990 3838
177 8080 9964
178 8102 10024
179 8138 5150
180 8184 6228
181 8194 1690
182 8262 11102
183 8268 11558
184 8280 6576
185 8340 11638
186 8348 7644
187 8378 4102
188 8416 526
189 8452 2474
190 8460 11026
191 8474 11466
192 8618 10536
193 8648 1500
194 8662 5902
195 8752 6072
196 8778 5414
197 8796 11512
198 8828 6524
199 8856 11898
200 8860 1336
201 9020 692
202 9028 4448
203 9028 4454
204 9042 3478
205 9090 926
206 9180 11542
207 9216 6470
208 9344 4152
209 9424 1226
210 9502 5072
211 9512 1430
212 9520 4950
213 9558 3256
214 9590 8344
215 9648 3996
216 9668 2226
217 9714 3240
218 9754 3834
219 9766 9652
220 9782 2532
221 9790 5182
222 9814 3698
223 9830 6162
224 9836 6336
225 9878 1904
226 9912 2770
227 9998 1172
228 10018 3980
229 10032 7808
230 10046 5128
231 10148 2336
232 10210 7404
233 10290 6260
234 10310 6184
235 10326 4198
236 10430 1330
237 10430 8776
238 10460 2530
239 10504 3636
240 10532 4604
241 10544 3092
242 10554 5734
243 10622 5180
244 10666 3246
245 10682 3818
246 10698 5042
247 10746 3566
248 10750 4340
249 10808 984
250 10810 6426
251 10840 920
252 10846 3010
253 10880 3526
254 10890 6034
255 10894 1742
256 10954 1098
257 10962 5822
258 10982 3918
259 11092 2096
260 11216 94
261 11220 3192
262 11338 4932
263 11352 5096
264 11400 2070
265 11430 282
266 11494 4492
267 11512 2712
268 11620 2700
269 11644 6570
270 11660 1096
271 11712 5274
272 11792 1042
273 11820 5458
274 11878 2878
275 11886 1004
276 11898 2486
277 11936 6004
278 11992 1164
279 12002 1548
280 12022 10326
281 12028 1340
282 12046 2254
283 12206 4992
284 12242 4756
285 12246 1958
286 12262 4618
287 12334 3280
288 12340 3704
289 12374 6990
290 12378 1018
291 12446 6972
292 12476 5478
293 12550 7630
294 12558 8078
295 12684 984
296 12722 4878
297 12722 7918
298 12750 8760
299 12792 7476
300 12814 7104
301 12824 2408
302 12830 2298
303 12880 3892
304 12940 788
305 12940 7446
306 12968 3454
307 12974 72
308 13040 11946
309 13056 9530
310 13058 11518
311 13062 7954
312 13126 8382
313 13142 5954
314 13170 8486
315 13208 5286
316 13222 7324
317 13230 8590
318 13278 7382
319 13340 7154
320 13388 496
321 13396 220
322 13416 226
323 13442 9028
324 13448 248
325 13510 6404
326 13576 4884
327 13600 6286
328 13716 2878
329 13826 6358
330 13848 1380
331 13854 2976
332 13862 4404
333 13880 4636
334 13908 6792
335 13934 6494
336 13972 5498
337 14002 2202
338 14046 7004
339 14050 3186
340 14074 5406
341 14104 6534
342 14150 2868
343 14200 10432
344 14202 10114
345 14240 3132
346 14270 4738
347 14274 5368
348 14334 2620
349 14350 4406
350 14360 7500
351 14434 1022
352 14436 4716
353 14446 3146
354 14492 11842
355 14496 5662
356 14532 6068
357 14564 11172
358 14574 5428
359 14584 4940
360 14632 6166
361 14664 1176
362 14682 13318
363 14684 6150
364 14702 2694
365 14728 2378
366 14760 11314
367 14884 2876
368 14886 4420
369 14910 5190
370 14920 1200
371 14936 12910
372 14956 3190
373 14986 7914
374 15000 6740
375 15050 12798
376 15206 8114
377 15216 6204
378 15394 708
379 15424 11434
380 15482 1652
381 15500 8004
382 15636 5840
383 15692 6188
384 15700 5692
385 15712 2444
386 15730 5130
387 15746 3184
388 15750 7846
389 15822 7938
390 15872 9572
391 15878 12542
392 15882 678
393 15888 11550
394 15898 2542
395 15908 9630
396 15938 6570
397 15982 8038
398 16006 3540
399 16014 2738
400 16038 5738
401 16044 2754
402 16048 4092
403 16090 5722
404 16090 9988
405 16144 708
406 16180 3238
407 16190 6770
408 16202 4592
409 16238 6950
410 16270 4642
411 16348 9138
412 16356 146
413 16370 11006
414 16388 4538
415 16432 2956
416 16518 3022
417 16542 6346
418 16548 6988
419 16614 3590
420 16690 5302
421 16700 7912
422 16750 1016
423 16760 6274
424 16822 4784
425 16924 5468
426 16934 2306
427 16938 4820
428 16942 11946
429 16996 62
430 17018 2426
431 17070 6474
432 17072 5900
433 17102 2850
434 17122 7550
435 17128 10938
436 17132 9904
437 17168 7236
438 17178 9906
439 17186 3704
440 17280 4386
441 17282 6618
442 17366 10522
443 17378 10664
444 17428 5290
445 17516 2052
446 17538 4170
447 17550 624
448 17580 8850
449 17608 538
450 17688 4472
451 17854 8014
452 17878 3368
453 17936 830
454 17982 6394
455 17984 9104
456 18118 4592
457 18158 2742
458 18188 11396
459 18204 5676
460 18214 9426
461 18242 10056
462 18284 2188
463 18304 1846
464 18310 1838
465 18354 6382
466 18466 8560
467 18472 3846
468 18478 5632
469 18486 4316
470 18506 10134
471 18550 7966
472 18584 650
473 18660 7162
474 18804 5434
475 18838 2320
476 19084 1544
477 19092 3660
478 19280 2018
479 19358 7636
480 19456 7600
481 19462 5980
482 19500 2558
483 19560 7342
484 19588 5186
485 19636 8852
486 19644 9820
487 19646 544
488 19648 9882
489 19698 8626
490 19700 6804
491 19802 2958
492 19802 3216
493 19958 4824
494 19988 9838
495 20036 5144
496 20046 5578
497 20062 4610
498 20138 4746
499 20446 4802
500 20456 5352
501 20468 4802
502 20474 11510
503 20504 3908
504 20694 11202
505 20700 7726
506 20750 4800
507 20780 11040
508 20788 11170
509 20808 3264
510 20826 5056
511 20828 5484
512 20860 5050
513 20862 3058
514 20932 5042
515 20976 5718
516 21034 7940
517 21044 4800
518 21070 11052
519 21216 2688
520 21244 1058
521 21268 4862
522 21274 5944
523 21278 3240
524 21324 2898
525 21364 3876
526 21412 2660
527 21492 6284
528 21540 5556
529 21708 5950
530 21774 1908
531 21898 4034
532 21912 5446
533 21918 4270
534 21994 6114
535 22032 11848
536 22060 6200
537 22152 1782
538 22236 7640
539 22342 12064
540 22362 5396
541 22372 972
542 22410 5748
543 22422 3856
544 22438 2940
545 22466 6712
546 22508 6986
547 22660 2528
548 22704 11994
549 22800 738
550 22892 5352
551 22912 792
552 22938 2004
553 22958 1296
554 22964 8578
555 23100 2582
556 23118 634
557 23176 3768
558 23180 846
559 23240 7272
560 23310 8352
561 23364 7586
562 23382 7162
563 23552 5548
564 23602 6370
565 23606 2142
566 23642 7814
567 23688 5960
568 23704 8330
569 23740 8434
570 23752 5202
571 23836 5926
572 23852 430
573 23952 5502
574 23970 1616
575 24134 5754
576 24154 5570
577 24194 530
578 24220 7712
579 24226 7724
580 24316 4542
581 24434 4654
582 24568 262
583 24616 1340
584 24644 870
585 24690 5986
586 24696 3412
587 24700 3240
588 24746 7558
589 24770 3242
590 24800 3258
591 24826 6870
592 24894 7032
593 24944 4638
594 25024 1812
595 25286 3248
596 25318 6984
597 25364 1946
598 25472 5520
599 25526 6206
3 2 1 5 
3 99 0 4 
4 75 4 0 3 
6 38 2 8 9 15 33 
3 76 1 2 
2 0 6 
5 131 23 12 7 5 
3 11 8 6 
3 3 7 10 
5 13 3 10 16 19 
3 9 8 11 
4 14 10 7 12 
3 11 6 22 
3 47 15 9 
3 17 11 21 
3 3 13 52 
3 9 18 31 
3 18 14 24 
3 16 17 30 
3 29 9 20 
3 48 19 28 
3 24 14 22 
3 21 12 25 
5 131 41 34 25 6 
3 17 21 26 
3 27 22 23 
3 30 24 27 
3 36 26 25 
3 35 20 31 
3 32 46 19 
3 18 26 36 
3 28 16 37 
3 94 50 29 
3 53 3 51 
3 61 40 23 
3 49 28 44 
3 30 27 42 
3 31 45 44 
3 39 79 3 
3 92 38 54 
3 56 42 34 
3 84 66 23 
3 43 36 40 
3 45 42 60 
3 35 37 59 
3 63 37 43 
3 47 29 50 
3 58 13 46 
3 81 20 49 
3 48 35 67 
3 77 46 32 
3 57 33 52 
3 51 15 58 
3 55 33 57 
4 70 39 55 69 
3 54 53 85 
3 64 40 62 
3 53 51 82 
3 86 52 47 
3 65 44 63 
3 72 43 73 
3 74 34 66 
3 64 56 74 
3 59 45 72 
3 73 56 62 
3 68 59 90 
3 71 61 41 
3 49 68 107 
3 67 65 93 
3 54 80 115 
3 102 88 54 
3 113 98 66 
3 63 60 78 
3 78 60 64 
3 97 62 61 
3 76 2 79 
3 110 4 75 
3 91 50 94 
3 72 73 90 
3 87 75 38 
3 115 69 89 
3 94 48 101 
3 96 57 83 
3 82 86 105 
3 108 41 125 
3 89 55 96 
3 83 58 91 
3 137 79 92 
3 100 70 122 
3 80 85 103 
4 104 65 78 97 
3 105 86 77 
3 87 39 95 
3 68 104 119 
4 106 77 32 81 
3 134 92 100 
3 85 82 109 
3 90 74 98 
3 97 71 113 
3 362 1 110 
3 123 95 88 
3 81 114 117 
3 133 70 143 
3 89 111 118 
3 93 90 138 
3 112 83 91 
3 142 94 136 
3 114 67 127 
3 120 84 129 
3 111 96 116 
3 99 76 144 
3 128 103 109 
3 116 105 130 
3 98 71 120 
3 101 107 139 
3 69 80 121 
3 126 109 112 
3 136 101 167 
3 145 103 128 
3 152 93 124 
3 150 113 108 
3 143 115 132 
3 135 88 133 
3 149 151 100 
3 119 166 220 
4 307 260 84 131 
3 163 116 130 
3 107 152 146 
3 118 111 163 
4 265 188 108 260 
3 126 112 140 
4 429 125 23 6 
3 157 121 145 
3 122 102 162 
3 137 95 155 
3 148 122 141 
3 194 106 117 
3 154 87 134 
3 104 153 166 
3 114 146 175 
3 180 130 142 
3 147 135 162 
3 195 140 106 
3 186 102 121 
3 199 110 154 
3 168 132 118 
3 139 127 169 
3 159 141 214 
3 149 135 161 
3 151 123 148 
3 158 120 205 
3 160 123 149 
3 127 119 173 
3 138 158 181 
3 185 144 137 
4 164 183 134 156 
3 155 160 170 
3 186 132 232 
3 200 153 150 
3 161 147 214 
3 171 156 151 
3 165 148 159 
3 141 133 229 
3 128 126 184 
3 192 182 155 
3 174 161 237 
3 124 138 189 
3 179 117 175 
3 232 145 184 
3 187 146 176 
3 156 172 178 
3 172 160 174 
3 177 170 171 
3 176 152 213 
3 219 171 165 
3 167 139 203 
3 169 173 204 
3 178 172 219 
3 280 170 177 
3 196 167 210 
3 224 140 223 
3 189 153 193 
3 191 164 190 
3 185 155 191 
3 168 163 198 
3 199 154 183 
3 229 143 157 
3 208 202 169 
3 201 129 265 
3 166 181 216 
3 357 182 192 
3 197 183 182 
3 190 164 280 
3 181 200 211 
3 195 136 196 
3 223 142 194 
3 242 194 179 
3 206 375 191 
3 299 184 207 
3 371 144 185 
3 193 158 209 
3 251 205 188 
3 246 203 187 
3 212 175 202 
3 222 176 217 
3 209 150 201 
3 308 197 310 
3 198 224 250 
3 240 187 215 
3 200 205 227 
3 221 179 212 
3 225 193 236 
3 230 210 203 
3 173 226 217 
3 159 147 294 
3 235 208 218 
3 231 189 225 
3 204 213 241 
3 228 215 222 
3 177 174 309 
3 226 124 231 
3 242 210 230 
3 218 204 239 
3 234 180 195 
3 207 180 233 
3 216 211 255 
3 213 220 238 
3 209 249 256 
3 235 218 245 
3 297 162 186 
3 243 221 212 
3 220 216 259 
3 293 157 168 
3 250 224 234 
3 233 223 254 
3 248 215 228 
3 211 270 278 
3 165 314 298 
3 226 264 282 
3 245 222 247 
3 262 208 248 
3 244 217 252 
3 257 196 221 
3 273 230 246 
3 253 241 261 
3 258 228 239 
3 263 243 202 
3 258 239 253 
3 266 240 235 
3 256 227 251 
3 269 207 233 
3 275 249 201 
3 261 241 267 
3 333 247 244 
3 269 234 257 
3 259 225 279 
3 227 249 272 
3 277 254 242 
3 286 245 247 
3 231 255 264 
3 129 125 307 
3 288 244 252 
3 283 263 240 
3 271 246 262 
3 238 259 285 
3 188 129 321 
3 286 284 248 
3 252 276 268 
3 274 267 301 
3 289 250 254 
3 236 272 290 
3 292 273 263 
3 270 256 275 
3 313 243 271 
3 328 287 268 
3 272 251 304 
3 267 282 302 
3 327 325 257 
3 281 236 290 
3 255 281 330 
3 343 192 178 
3 279 278 351 
3 276 238 285 
3 315 262 284 
3 296 283 266 
3 282 264 330 
3 326 266 258 
3 306 303 274 
3 303 332 261 
3 305 269 291 
3 278 270 295 
3 300 289 325 
3 356 271 315 
3 297 232 299 
3 312 214 311 
3 290 304 378 
3 326 340 284 
3 311 229 293 
3 323 237 317 
3 293 198 305 
3 319 316 291 
3 268 302 337 
3 301 276 370 
3 349 288 287 
3 295 275 320 
3 299 289 318 
3 368 287 339 
3 260 125 429 
3 391 206 354 
3 344 219 323 
3 354 206 366 
3 294 297 373 
3 314 294 373 
3 360 327 273 
3 317 237 312 
3 336 292 283 
3 318 300 319 
3 298 314 376 
3 350 305 316 
3 316 300 334 
3 378 304 324 
3 322 265 429 
3 324 321 412 
3 309 298 376 
3 392 320 322 
3 335 291 277 
4 347 296 286 333 
3 329 277 313 
3 331 274 342 
3 407 335 327 
3 285 279 361 
3 345 339 328 
3 349 352 288 
3 346 326 253 
3 338 319 341 
3 341 325 329 
3 355 315 340 
4 365 348 301 380 
3 350 334 374 
3 408 306 331 
3 336 296 347 
3 374 334 335 
3 353 328 348 
3 357 280 344 
3 343 309 381 
3 353 414 331 
3 359 333 352 
3 358 340 326 
3 364 342 337 
3 368 332 303 
3 388 318 338 
3 361 281 405 
3 386 346 332 
3 372 345 342 
3 428 308 310 
3 382 356 336 
3 363 292 355 
3 366 190 343 
3 384 347 369 
3 386 369 346 
3 396 313 363 
3 370 330 351 
3 99 371 539 
3 377 360 356 
3 401 367 348 
3 385 399 337 
3 379 310 357 
3 387 372 364 
3 410 349 306 
3 403 358 359 
3 302 361 422 
3 362 199 375 
3 402 353 367 
3 312 311 388 
3 409 338 341 
3 371 197 391 
3 323 317 381 
3 417 363 383 
3 295 320 392 
3 393 366 390 
3 337 422 476 
3 344 376 388 
3 383 355 384 
3 417 377 382 
3 400 382 358 
3 394 365 445 
3 420 359 352 
3 406 398 367 
5 389 381 373 350 409 
3 397 390 388 
3 395 379 389 
4 375 308 428 502 
3 405 378 324 
3 428 379 413 
3 399 385 426 
3 404 390 397 
3 407 360 417 
3 395 389 421 
3 419 402 387 
3 401 365 394 
3 423 384 403 
3 415 364 399 
3 414 372 398 
3 432 400 369 
3 413 395 411 
3 351 392 447 
3 419 387 416 
3 418 329 396 
3 410 339 414 
3 418 388 374 
3 424 368 408 
3 436 404 421 
3 449 322 429 
3 393 404 435 
4 408 345 402 440 
3 416 401 430 
3 406 415 433 
4 396 377 383 423 
3 437 409 407 
3 439 398 406 
3 425 386 444 
3 411 397 434 
3 380 370 453 
3 431 417 400 
3 427 410 456 
3 459 432 420 
3 430 394 445 
3 493 444 424 
4 391 354 393 458 
5 582 412 321 307 131 
3 415 426 463 
3 441 423 454 
3 454 403 425 
3 416 462 457 
3 451 421 437 
3 458 413 443 
3 438 442 411 
3 434 418 441 
3 461 436 448 
3 446 419 452 
3 450 414 446 
3 473 437 431 
3 443 436 470 
3 435 442 488 
3 474 420 427 
3 426 385 464 
3 440 439 467 
3 472 405 449 
3 455 438 451 
3 487 447 412 
3 456 440 469 
3 448 434 471 
3 467 439 457 
3 520 422 472 
3 431 432 465 
3 460 448 466 
3 498 424 450 
3 452 433 475 
3 428 435 504 
3 465 425 468 
3 461 455 485 
3 470 438 460 
3 433 463 478 
3 462 430 464 
3 463 445 476 
3 473 454 459 
3 489 455 471 
3 446 452 477 
3 481 459 474 
3 497 450 477 
3 442 461 486 
3 466 451 479 
3 549 453 447 
3 479 441 465 
3 468 444 484 
3 482 457 478 
3 464 380 520 
3 469 467 492 
3 475 462 541 
3 471 473 480 
3 505 479 483 
3 490 468 496 
3 491 475 530 
3 480 490 527 
3 474 493 495 
3 486 460 489 
3 488 470 485 
3 556 449 572 
3 443 486 494 
3 485 466 516 
3 483 481 515 
3 492 482 519 
3 477 491 513 
3 484 427 499 
3 507 488 516 
3 496 484 501 
3 481 495 500 
3 498 469 503 
3 499 456 497 
3 501 493 498 
3 511 496 510 
3 495 499 506 
3 535 391 504 
3 506 497 509 
3 502 458 508 
3 516 480 538 
3 510 501 503 
3 518 508 494 
3 535 504 507 
3 503 513 523 
3 500 506 512 
3 528 515 500 
3 510 517 514 
3 509 492 524 
3 532 512 521 
3 522 490 511 
4 554 494 489 505 
3 512 525 531 
3 535 507 554 
3 491 530 526 
3 476 453 541 
3 540 514 533 
3 529 527 515 
3 525 509 524 
3 523 513 526 
3 517 523 544 
3 524 519 537 
3 483 522 536 
3 542 511 532 
3 534 522 542 
3 519 482 537 
3 533 517 544 
3 528 514 540 
3 521 531 543 
3 536 529 567 
6 548 502 508 518 569 588 
3 545 527 534 
3 526 530 553 
3 560 505 546 
2 362 548 
3 532 521 550 
3 478 520 551 
3 529 528 563 
3 533 547 557 
3 531 525 547 
3 559 546 536 
3 561 538 545 
3 543 544 552 
3 539 535 596 
3 551 472 556 
3 563 540 570 
3 558 541 549 
3 555 547 553 
3 552 537 558 
3 518 516 560 
3 557 552 565 
3 549 487 572 
3 570 543 555 
3 553 551 577 
3 561 545 562 
3 569 554 538 
3 568 546 559 
3 566 559 564 
3 542 550 573 
3 562 567 571 
3 580 555 574 
3 568 562 578 
3 564 534 571 
3 569 561 566 
4 535 560 568 579 
3 573 550 557 
3 564 567 575 
3 556 487 582 
3 576 563 570 
3 565 577 583 
3 591 571 576 
3 575 573 580 
3 574 558 582 
3 579 566 592 
3 569 578 588 
3 581 576 565 
3 585 580 586 
5 597 584 577 572 429 
3 587 574 584 
3 594 583 582 
3 591 581 593 
3 581 587 590 
3 589 586 583 
3 535 579 596 
3 590 587 594 
4 593 586 589 595 
3 592 575 585 
3 578 591 596 
3 596 585 590 
3 597 589 584 
3 598 590 597 
5 548 588 592 593 599 
5 599 598 595 594 582 
3 599 595 597 
3 596 598 597 
