500
0 30 76
1 114 1636
2 124 8614
3 130 4828
4 156 1992
5 264 190
6 272 4556
7 386 6538
8 498 6300
9 716 8482
10 780 3448
11 830 214
12 964 1716
13 966 2076
14 1088 1684
15 1128 6958
16 1174 8900
17 1196 1958
18 1198 1762
19 1250 1794
20 1268 4712
21 1350 8938
22 1384 760
23 1618 7292
24 1656 1628
25 1738 5692
26 1810 7890
27 1858 362
28 1882 3138
29 1886 3188
30 1886 4436
31 1956 4368
32 1960 4916
33 2064 456
34 2074 1418
35 2114 2848
36 2130 4918
37 2160 4482
38 2226 356
39 2322 5700
40 2336 2186
41 2414 7968
42 2432 8010
43 2464 7076
44 2478 5022
45 2610 4928
46 2686 7946
47 2708 4872
48 2850 7186
49 2928 4744
50 2954 7104
51 3072 5072
52 3202 2396
53 3244 536
54 3262 5784
55 3284 6426
56 3406 5294
57 3422 4190
58 3494 9902
59 3602 2586
60 3608 7280
61 3632 10982
62 3636 11120
63 3674 5854
64 3732 5950
65 3862 6608
66 3880 9724
67 3932 7456
68 3944 7094
69 4030 6580
70 4046 110
71 4168 3014
72 4196 8716
73 4230 4972
74 4494 6736
75 4564 6158
76 4626 6358
77 4636 826
78 4664 1134
79 4694 7166
80 4774 6654
81 4834 7456
82 4908 1436
83 5018 10564
84 5152 6676
85 5156 7894
86 5298 5284
87 5432 4606
88 5506 698
89 5510 7252
90 5512 3982
91 5518 11594
92 5604 5810
93 5668 4678
94 5750 10786
95 5766 2676
96 5770 8242
97 5790 11226
98 5844 8342
99 5872 2654
100 5980 8148
101 6020 6166
102 6164 632
103 6244 9304
104 6300 3994
105 6382 770
106 6494 8508
107 6698 10928
108 6742 8880
109 6770 822
110 6796 6928
111 6810 176
112 6810 10356
113 6834 10136
114 6882 980
115 6894 1622
116 6938 9330
117 7074 1592
118 7084 744
119 7120 2694
120 7206 10984
121 7302 1996
122 7316 6626
123 7414 6474
124 7596 292
125 7660 7282
126 7770 9470
127 7838 4476
128 7840 3230
129 7842 846
130 7998 1012
131 8024 9340
132 8034 10134
133 8044 10904
134 8076 7594
135 8280 6632
136 8286 6260
137 8484 9380
138 8546 1880
139 8570 9676
140 8644 11822
141 8654 1194
142 8780 11726
143 8786 6672
144 8804 6802
145 8814 9654
146 8842 5668
147 8848 3042
148 8948 11724
149 8966 6402
150 8968 9622
151 9046 4490
152 9124 2906
153 9306 2170
154 9312 5542
155 9404 3542
156 9454 2910
157 9496 560
158 9532 4294
159 9566 11522
160 9576 1870
161 9616 1416
162 9622 9734
163 9634 3098
164 9686 146
165 9712 4086
166 9774 2262
167 9784 1490
168 9874 440
169 9874 3184
170 9932 5326
171 9964 7818
172 9970 3650
173 9982 2126
174 9988 2134
175 10002 578
176 10010 1336
177 10106 2692
178 10144 1814
179 10152 3238
180 10178 2126
181 10192 5184
182 10198 5792
183 10262 2128
184 10270 6756
185 10284 3722
186 10336 7718
187 10352 1040
188 10366 5596
189 10392 5460
190 10400 5802
191 10626 270
192 10676 1886
193 10694 4946
194 10746 5792
195 10778 2942
196 10806 8028
197 10874 3108
198 10918 9932
199 10926 9984
200 10948 1772
201 10960 5782
202 10976 3266
203 10980 5658
204 10982 6646
205 10998 1566
206 11056 3394
207 11058 6382
208 11188 5042
209 11248 5304
210 11288 3260
211 11336 8180
212 11346 3966
213 11370 650
214 11372 3512
215 11378 958
216 11392 1964
217 11476 3226
218 11484 2950
219 11542 2466
220 11570 5264
221 11596 2730
222 11606 4888
223 11614 644
224 11644 2308
225 11742 1882
226 11886 2720
227 11894 560
228 11898 6190
229 11990 6150
230 12008 1416
231 12060 860
232 12212 602
233 12244 7868
234 12260 2834
235 12400 1314
236 12424 150
237 12426 7988
238 12462 4674
239 12528 7554
240 12550 4342
241 12566 7528
242 12582 1866
243 12614 10566
244 12618 2726
245 12622 10074
246 12676 4734
247 12688 8972
248 12692 7570
249 12732 7802
250 12784 38
251 12792 4874
252 12866 3096
253 12870 3980
254 12888 1238
255 12908 4612
256 12916 5258
257 12938 1852
258 12980 4096
259 13044 11612
260 13062 3184
261 13078 458
262 13116 2932
263 13118 8832
264 13164 8282
265 13170 1408
266 13190 1246
267 13190 7704
268 13338 7700
269 13342 6602
270 13368 4298
271 13376 2742
272 13494 5252
273 13504 6114
274 13602 6602
275 13612 1956
276 13614 418
277 13634 200
278 13674 3782
279 13690 3422
280 13692 6586
281 13694 3268
282 13710 5442
283 13726 7536
284 13752 2276
285 13766 4338
286 13824 992
287 13860 6256
288 13876 7384
289 13980 5002
290 14030 3826
291 14074 3344
292 14076 5026
293 14214 228
294 14220 7980
295 14232 18
296 14232 3104
297 14248 1312
298 14346 6598
299 14422 4948
300 14424 2658
301 14516 11138
302 14532 6608
303 14542 5058
304 14548 11382
305 14588 2770
306 14688 5028
307 14698 13156
308 14772 1014
309 14796 1594
310 14938 4552
311 14962 11412
312 15008 4246
313 15032 13430
314 15084 4828
315 15140 5176
316 15168 7900
317 15172 13222
318 15176 3260
319 15188 1338
320 15274 6166
321 15304 1818
322 15378 3414
323 15404 3764
324 15408 894
325 15430 11714
326 15438 4064
327 15480 4874
328 15530 5912
329 15560 5050
330 15562 4772
331 15592 7484
332 15594 1030
333 15618 7694
334 15660 7886
335 15674 5210
336 15730 11672
337 15744 11548
338 15750 2360
339 15784 3750
340 15824 11702
341 15874 5688
342 15936 8364
343 15966 508
344 16010 1662
345 16056 6200
346 16070 2276
347 16084 9356
348 16154 7336
349 16158 3496
350 16158 7310
351 16186 6300
352 16204 4358
353 16618 3844
354 16628 11564
355 16722 4176
356 16852 4444
357 16864 11146
358 16882 2854
359 16924 4040
360 17028 9380
361 17132 10068
362 17138 10814
363 17166 9624
364 17184 10764
365 17192 10760
366 17228 9322
367 17264 4970
368 17302 8020
369 17342 762
370 17380 3398
371 17382 8424
372 17438 562
373 17612 5798
374 17614 6036
375 17622 3724
376 17666 3578
377 17668 4096
378 17798 9650
379 17874 3764
380 17878 3606
381 17956 2752
382 17984 10156
383 18026 6580
384 18044 5474
385 18262 1592
386 18276 6866
387 18296 1944
388 18430 12082
389 18446 10160
390 18460 3112
391 18462 7540
392 18474 5624
393 18494 11496
394 18526 2398
395 18624 4926
396 18642 5552
397 18684 5422
398 18724 774
399 18786 5434
400 18824 6872
401 18938 6544
402 18996 12652
403 19068 5176
404 19124 5850
405 19188 2906
406 19212 3972
407 19236 3776
408 19270 3568
409 19272 5736
410 19282 1806
411 19322 5708
412 19352 3134
413 19532 6764
414 19656 546
415 19750 2232
416 19938 6212
417 19994 9688
418 20004 5786
419 20104 11406
420 20144 5898
421 20220 3492
422 20466 4870
423 20522 5768
424 20570 5504
425 20638 5054
426 20708 9182
427 20714 9302
428 20862 4076
429 20882 3928
430 20888 4024
431 21096 6330
432 21108 2208
433 21264 1998
434 21298 9704
435 21436 7576
436 21708 2644
437 21896 820
438 21942 1994
439 22012 5224
440 22078 2066
441 22178 7848
442 22238 7842
443 22306 2430
444 22392 8416
445 22496 5886
446 22572 7008
447 22616 11982
448 22682 632
449 22682 2114
450 22772 2764
451 22832 7692
452 22936 64
453 22958 5774
454 22970 7636
455 23320 6726
456 23336 1784
457 23378 2874
458 23530 2842
459 23558 610
460 23562 6052
461 23590 5380
462 23592 7738
463 23670 2718
464 23672 2678
465 23674 8280
466 23738 266
467 23740 3908
468 23756 8336
469 23760 2856
470 23768 5078
471 23794 1052
472 23796 2958
473 23812 552
474 23836 1280
475 23884 310
476 23940 5570
477 23952 300
478 24028 312
479 24064 6198
480 24166 5058
481 24184 2530
482 24190 2790
483 24194 4758
484 24244 2360
485 24430 4650
486 24458 192
487 24566 8684
488 24636 7626
489 24642 5208
490 24840 1460
491 24880 1620
492 24900 6212
493 24902 2068
494 24998 7740
495 25174 7644
496 25212 2686
497 25310 3940
498 25546 7772
499 25564 3542
5 70 5 1 2 295 
4 12 4 3 0 
7 16 62 0 3 7 26 9 
3 2 1 6 
3 10 6 1 
3 11 22 0 
3 7 3 4 
4 15 2 6 8 
3 7 10 20 
3 2 42 85 
3 8 4 13 
4 27 5 70 111 
3 13 1 14 
3 10 12 17 
3 18 12 22 
3 23 7 25 
3 21 58 2 
3 20 13 18 
3 19 17 14 
3 28 18 24 
3 8 17 30 
3 66 16 72 
3 14 5 27 
3 26 15 43 
3 40 19 34 
3 43 15 32 
3 41 2 23 
5 168 33 22 11 38 
3 29 19 35 
3 37 31 28 
3 32 20 31 
3 36 30 29 
3 39 25 30 
4 53 77 34 27 
3 24 33 78 
3 45 28 40 
3 39 31 37 
3 44 36 29 
3 27 111 124 
3 50 32 36 
3 52 35 24 
3 42 26 48 
3 9 41 46 
3 48 23 25 
4 54 55 37 45 
3 44 35 47 
3 42 67 81 
3 51 45 49 
3 41 43 50 
3 51 47 57 
3 60 48 39 
3 56 47 49 
3 95 59 40 
3 102 88 33 
3 63 55 44 
3 60 44 54 
3 63 51 73 
3 73 49 71 
4 83 61 16 66 
3 128 71 52 
3 67 50 55 
3 97 62 58 
3 91 2 61 
3 64 54 56 
4 75 65 63 86 
3 68 64 69 
3 112 58 21 
4 46 60 68 79 
3 67 65 74 
3 74 65 76 
3 11 0 250 
3 90 57 59 
3 103 21 98 
3 56 57 87 
3 68 69 80 
3 76 64 92 
3 69 75 101 
4 78 33 88 105 
3 82 34 77 
3 89 67 84 
3 84 74 101 
3 85 46 89 
3 115 99 78 
3 94 97 58 
3 79 80 123 
3 96 9 81 
3 64 93 127 
3 93 73 90 
3 77 53 102 
3 81 79 110 
3 104 87 71 
2 313 62 
3 75 151 181 
3 86 87 104 
3 107 140 83 
3 147 52 99 
3 98 85 100 
3 140 61 83 
3 106 72 96 
3 119 95 82 
3 96 125 134 
3 80 76 146 
3 88 53 157 
3 116 113 72 
3 93 90 128 
3 109 77 118 
3 108 98 171 
3 120 142 94 
3 131 116 106 
3 129 114 105 
3 125 89 122 
3 38 11 164 
3 133 66 113 
4 112 103 139 132 
3 130 117 109 
3 121 82 117 
3 126 103 108 
3 138 115 114 
3 105 175 213 
3 152 99 121 
3 159 107 133 
3 153 119 115 
3 135 110 123 
3 122 84 136 
3 38 164 191 
3 100 110 144 
3 139 116 131 
3 86 155 165 
3 104 59 147 
3 187 109 213 
3 187 141 114 
3 137 126 108 
3 243 113 199 
3 304 120 112 
3 186 100 184 
3 143 122 149 
3 123 146 182 
3 150 131 211 
3 153 117 160 
3 113 126 145 
4 307 97 94 142 
3 161 160 130 
3 140 107 148 
3 144 135 149 
3 125 143 184 
3 162 139 150 
3 136 101 154 
3 163 128 95 
3 142 159 325 
3 143 135 190 
3 162 145 137 
3 193 92 158 
3 156 163 119 
3 166 121 138 
3 146 170 189 
3 172 127 169 
3 195 152 177 
3 175 102 168 
3 151 165 212 
3 259 148 120 
3 173 138 141 
3 167 141 176 
3 198 145 150 
3 169 147 152 
3 124 111 250 
3 158 127 185 
3 177 153 174 
3 205 178 161 
3 261 157 27 
3 179 155 163 
3 154 181 208 
3 196 106 186 
3 185 155 179 
3 180 174 160 
3 226 166 173 
3 118 157 227 
3 161 187 235 
3 221 156 166 
3 192 180 167 
3 172 169 197 
3 183 173 178 
3 170 92 193 
3 190 136 188 
3 219 180 192 
3 134 144 204 
3 165 172 206 
3 171 134 239 
4 176 130 129 215 
3 203 182 189 
3 188 154 209 
3 149 182 194 
3 276 124 236 
3 183 178 200 
3 181 151 222 
3 207 190 201 
3 218 197 156 
3 211 171 233 
3 202 179 195 
3 199 162 247 
3 245 132 198 
3 216 192 205 
3 229 194 203 
3 206 197 210 
3 201 188 256 
3 184 207 269 
3 200 167 230 
3 214 185 202 
3 204 194 228 
3 209 170 222 
3 189 208 220 
3 278 202 217 
3 137 196 237 
3 240 158 214 
3 129 118 223 
3 253 212 206 
3 254 187 231 
3 224 200 225 
3 210 218 260 
3 217 195 221 
3 234 183 224 
3 209 251 256 
3 218 177 226 
3 208 193 238 
3 231 213 232 
3 244 219 216 
3 216 230 242 
3 234 221 174 
3 232 175 261 
3 269 207 229 
3 228 201 273 
3 225 205 235 
3 286 215 223 
3 324 223 227 
3 237 196 249 
3 252 226 219 
3 230 176 254 
3 277 191 250 
3 264 211 233 
3 246 222 240 
3 248 186 241 
3 238 212 258 
3 248 239 274 
3 271 225 257 
3 301 132 245 
3 262 252 224 
3 243 199 263 
3 251 238 255 
3 198 264 263 
3 267 239 241 
3 294 233 267 
4 236 164 70 295 
3 289 220 246 
3 260 234 244 
3 258 214 278 
3 266 235 215 
3 289 246 270 
3 203 220 272 
3 284 242 265 
3 270 240 253 
3 325 159 304 
3 279 217 252 
3 227 168 276 
3 281 244 271 
3 245 247 294 
3 247 237 294 
3 275 257 266 
3 265 254 286 
3 249 248 268 
3 316 267 283 
3 274 204 228 
3 285 255 258 
3 296 262 242 
3 282 256 292 
3 287 229 282 
3 241 269 280 
3 284 265 297 
3 343 261 191 
3 466 293 236 
4 290 285 253 210 
3 290 260 281 
3 298 274 287 
3 291 279 262 
3 273 272 303 
3 333 268 288 
3 300 257 275 
3 299 270 278 
4 308 297 266 231 
3 280 273 315 
3 331 283 302 
3 292 251 255 
3 310 278 279 
3 312 281 296 
3 272 289 299 
3 475 414 277 
4 263 264 249 316 
3 452 250 0 
3 318 291 271 
3 309 275 286 
3 302 280 328 
3 303 292 285 
3 305 284 309 
3 311 243 347 
3 288 298 320 
3 282 299 306 
3 311 259 133 
3 318 300 338 
3 315 303 314 
3 313 140 325 
3 332 319 286 
3 321 300 297 
3 314 290 312 
3 337 304 301 
3 310 291 323 
5 91 307 317 402 447 
4 327 306 310 326 
3 287 306 329 
3 294 268 334 
3 313 340 388 
3 322 296 305 
3 344 321 308 
3 345 302 328 
3 338 309 319 
4 349 339 323 318 
3 326 312 322 
3 332 232 369 
4 307 148 259 336 
3 330 314 323 
3 329 314 330 
3 320 298 341 
3 335 315 327 
3 335 327 326 
3 333 288 348 
3 385 308 324 
3 334 283 331 
3 342 316 333 
3 341 329 330 
3 340 325 337 
3 336 311 357 
3 305 321 346 
3 353 352 322 
3 317 336 354 
4 345 328 335 352 
3 360 347 334 
3 372 369 276 
3 387 346 319 
3 351 320 341 
3 358 338 344 
3 361 301 342 
3 360 331 350 
3 353 322 370 
3 368 348 351 
3 350 345 356 
3 341 339 355 
3 359 339 349 
3 340 357 393 
3 356 352 359 
3 367 351 355 
3 354 337 362 
3 370 346 381 
3 355 353 375 
3 363 342 348 
3 362 347 363 
3 357 361 364 
3 361 360 366 
3 362 378 365 
3 364 382 389 
3 363 371 386 
3 373 356 377 
3 371 350 374 
3 398 324 343 
3 376 349 358 
3 366 368 383 
3 398 343 414 
3 374 367 384 
3 383 368 373 
3 377 359 376 
3 380 375 370 
3 367 375 379 
3 382 364 391 
3 407 377 380 
3 379 376 390 
3 390 358 394 
3 389 365 378 
3 371 374 392 
3 392 373 395 
3 410 387 332 
3 391 366 396 
3 394 344 385 
3 402 317 393 
3 365 382 417 
3 408 380 381 
3 378 386 400 
3 383 384 396 
3 388 354 417 
3 405 381 387 
3 397 384 406 
3 386 392 397 
3 399 396 395 
3 437 369 372 
3 404 397 403 
3 426 391 401 
3 413 400 404 
4 313 388 419 447 
3 409 399 406 
3 401 399 409 
3 412 394 415 
3 403 395 407 
3 406 379 408 
3 407 390 412 
3 404 403 411 
3 433 415 385 
3 418 409 428 
3 421 408 405 
3 435 401 416 
3 448 372 293 
3 405 410 432 
3 431 413 420 
3 393 389 427 
3 420 411 422 
3 402 434 468 
3 416 418 423 
3 429 412 432 
3 425 418 428 
3 431 420 424 
3 445 423 425 
3 439 424 422 
4 427 400 435 441 
3 434 417 426 
3 422 411 430 
3 430 421 436 
3 428 429 450 
3 446 416 423 
3 421 415 433 
3 432 410 438 
3 419 427 444 
3 441 426 413 
3 429 440 443 
3 438 398 448 
3 440 433 437 
3 445 425 457 
3 436 438 459 
3 426 435 442 
3 444 441 451 
3 450 436 449 
3 434 442 465 
4 446 424 439 453 
3 454 431 445 
4 313 402 487 498 
3 437 414 459 
3 443 471 456 
3 457 430 443 
3 465 442 454 
2 486 295 
3 455 445 461 
3 462 451 446 
3 462 453 460 
3 464 449 474 
3 439 450 458 
3 467 457 463 
3 440 448 473 
3 479 455 461 
3 460 453 470 
3 468 454 455 
3 472 458 464 
3 469 463 456 
3 468 444 451 
3 477 277 486 
3 483 470 458 
4 419 465 462 488 
3 472 464 482 
3 476 461 467 
3 474 449 473 
3 485 463 469 
3 471 459 475 
3 481 456 471 
3 473 293 477 
3 479 470 480 
3 478 475 466 
3 484 477 486 
3 488 460 476 
3 492 476 483 
3 482 474 484 
4 497 489 469 481 
3 480 467 485 
3 481 478 493 
3 489 483 472 
5 499 490 478 466 452 
3 447 494 498 
3 494 468 479 
3 492 485 482 
3 496 491 486 
3 496 493 490 
4 495 480 489 497 
3 496 484 491 
3 487 488 495 
3 498 494 492 
4 499 493 491 490 
3 492 482 499 
4 447 487 495 499 
4 498 497 496 486 
