400
0 10 8126
1 12 1020
2 22 5672
3 34 7994
4 122 6996
5 128 7936
6 132 7844
7 172 2952
8 322 6948
9 338 6440
10 470 52
11 564 8512
12 690 1838
13 790 174
14 854 7644
15 920 7938
16 968 1340
17 1070 2534
18 1096 5342
19 1202 1942
20 1378 5020
21 1414 244
22 1448 2258
23 1598 622
24 1798 76
25 1836 2918
26 1838 4880
27 1888 960
28 1896 5460
29 2028 390
30 2074 594
31 2162 2128
32 2178 6172
33 2258 1128
34 2314 5658
35 2324 1424
36 2356 5794
37 2512 7638
38 2546 6118
39 2608 4672
40 2654 4280
41 2674 2300
42 2836 938
43 2952 1548
44 3004 5462
45 3110 5828
46 3140 4450
47 3162 7662
48 3178 10276
49 3258 6328
50 3480 7216
51 3606 258
52 3720 5186
53 3752 2542
54 3772 7156
55 3834 4284
56 3914 4250
57 3922 4310
58 3930 2104
59 4094 6164
60 4170 778
61 4202 8024
62 4296 5446
63 4504 5250
64 4518 822
65 4542 11112
66 4572 7022
67 4658 680
68 4742 7122
69 4746 11686
70 4756 6310
71 4876 3214
72 4928 5902
73 5036 11796
74 5050 7650
75 5138 720
76 5360 5922
77 5372 2766
78 5390 6144
79 5498 6784
80 5514 6644
81 5524 8142
82 5702 10588
83 5732 8104
84 5756 2918
85 5806 5236
86 5810 5548
87 5932 446
88 5984 744
89 5996 880
90 6024 10912
91 6056 11676
92 6110 7820
93 6120 6762
94 6160 10644
95 6202 1004
96 6236 5192
97 6248 5022
98 6364 7034
99 6434 3256
100 6442 6336
101 6524 8640
102 6590 1040
103 6594 1968
104 6634 9428
105 6772 4338
106 6800 8850
107 7070 9180
108 7100 8882
109 7132 7020
110 7198 2242
111 7240 7478
112 7320 2258
113 7408 7664
114 7616 8846
115 7686 2614
116 7706 9134
117 7720 9630
118 7722 444
119 7988 11222
120 8006 10116
121 8286 578
122 8348 4150
123 8354 2192
124 8444 12022
125 8486 2674
126 8550 11920
127 8658 1084
128 8678 32
129 8812 5732
130 8850 11726
131 8890 5104
132 9046 1396
133 9054 880
134 9086 3458
135 9310 418
136 9354 11528
137 9384 256
138 9410 11668
139 9472 1788
140 9550 2292
141 9634 5612
142 9688 642
143 9690 5166
144 9796 1472
145 9846 2296
146 9936 7510
147 9990 2886
148 9998 5216
149 10044 5754
150 10142 5156
151 10156 3172
152 10210 2988
153 10230 7428
154 10252 3626
155 10312 6218
156 10332 6856
157 10396 298
158 10406 56
159 10422 3588
160 10486 3282
161 10518 3482
162 10524 10216
163 10536 2524
164 10628 6574
165 10704 6834
166 10880 298
167 11040 5242
168 11054 6744
169 11060 3168
170 11132 1472
171 11186 7542
172 11370 1268
173 11380 4524
174 11428 4020
175 11470 1950
176 11484 2036
177 11502 1142
178 11524 5176
179 11552 1542
180 11660 5504
181 11664 3864
182 11666 2966
183 11722 9784
184 11846 3430
185 11944 4056
186 12150 10280
187 12388 3110
188 12438 3924
189 12468 2598
190 12470 1510
191 12572 2720
192 12658 1824
193 12680 7566
194 12702 6776
195 12732 5596
196 12740 5190
197 12802 7712
198 12836 2540
199 12892 4278
200 12970 6932
201 13030 8916
202 13034 6852
203 13118 1076
204 13138 1524
205 13180 88
206 13188 4178
207 13208 6720
208 13210 2554
209 13224 5796
210 13278 2642
211 13312 1692
212 13320 2868
213 13394 556
214 13400 7144
215 13524 3820
216 13534 384
217 13736 2980
218 13836 534
219 13876 1442
220 13884 3486
221 13898 6734
222 13954 7628
223 14110 4816
224 14140 3842
225 14272 6466
226 14410 7944
227 14496 6716
228 14502 7352
229 14556 746
230 14560 1102
231 14632 4292
232 14660 4354
233 14686 12842
234 14722 5368
235 14740 1352
236 14780 11210
237 14782 4056
238 14798 1620
239 14836 4984
240 14850 4438
241 14926 876
242 14932 8296
243 14952 4506
244 14982 2474
245 15004 12954
246 15082 6480
247 15120 3912
248 15154 13228
249 15180 5622
250 15182 4566
251 15224 3190
252 15258 4518
253 15436 5230
254 15472 6834
255 15514 3998
256 15612 3370
257 15656 4356
258 15676 12572
259 15720 5704
260 15828 4972
261 15954 3262
262 15996 5014
263 16038 8658
264 16116 9286
265 16186 7726
266 16290 2542
267 16318 5858
268 16328 5542
269 16344 152
270 16418 11980
271 16420 592
272 16576 12044
273 16712 5786
274 16934 6432
275 16974 7952
276 17040 10956
277 17052 9916
278 17058 6400
279 17126 10246
280 17158 2716
281 17180 10866
282 17296 2504
283 17300 5526
284 17320 4742
285 17352 4104
286 17362 9432
287 17368 7910
288 17370 10276
289 17376 10150
290 17538 624
291 17540 5152
292 17548 8708
293 17638 5450
294 17666 4582
295 17704 7664
296 17798 5944
297 17838 2690
298 17892 2066
299 17932 5792
300 17960 10334
301 18034 4220
302 18046 4448
303 18198 9842
304 18252 3912
305 18290 2758
306 18292 9426
307 18300 4526
308 18480 5214
309 18606 6962
310 18684 3140
311 18698 3200
312 18842 5178
313 18882 7650
314 18992 4816
315 19116 5796
316 19180 8024
317 19206 8086
318 19304 4694
319 19386 3940
320 19386 5894
321 19398 5724
322 19606 3920
323 19620 6806
324 19786 4914
325 19810 5352
326 19846 6278
327 19850 8036
328 19882 7688
329 19908 7742
330 20006 7740
331 20104 4756
332 20114 1646
333 20642 7694
334 20704 6240
335 20784 9640
336 20794 9592
337 20814 5634
338 20850 7626
339 21176 4810
340 21342 3706
341 21354 2024
342 21538 5718
343 21546 5490
344 21642 5200
345 21662 8830
346 21770 1910
347 21786 700
348 21856 11476
349 21938 7900
350 22064 11850
351 22156 114
352 22156 5308
353 22166 5366
354 22206 1654
355 22284 2202
356 22382 848
357 22410 136
358 22446 6214
359 22460 5160
360 22506 7120
361 22556 11840
362 22708 5620
363 22724 3964
364 22750 5966
365 22850 3268
366 22856 1298
367 22868 6686
368 22906 2866
369 22942 11574
370 23008 6208
371 23050 7870
372 23138 10990
373 23628 5814
374 23668 2268
375 23842 1138
376 24266 1282
377 24386 762
378 24392 5190
379 24460 856
380 24482 608
381 24580 3854
382 24606 1640
383 24610 4646
384 24636 898
385 24666 964
386 24700 538
387 24784 6612
388 24856 1278
389 24874 8238
390 24924 6200
391 24996 6546
392 25004 4640
393 25040 7624
394 25100 7674
395 25114 7616
396 25352 2860
397 25364 2572
398 25398 6356
399 25496 7796
6 11 69 1 2 3 15 
5 12 7 2 0 10 
3 4 0 1 
4 0 4 6 5 
4 3 2 9 8 
3 3 6 14 
3 5 3 8 
3 18 9 1 
3 6 4 28 
3 4 7 18 
4 24 13 1 128 
3 48 69 0 
3 17 1 16 
4 21 23 16 10 
3 15 5 32 
3 0 14 37 
3 19 12 13 
3 20 12 19 
3 9 7 20 
3 22 17 16 
3 18 17 26 
3 51 29 13 
3 25 19 27 
3 27 13 30 
3 51 10 128 
3 26 22 31 
3 28 20 25 
3 33 22 23 
3 34 8 26 
3 67 30 21 
3 42 23 29 
3 41 25 35 
3 14 36 38 
3 35 27 42 
3 36 28 39 
3 43 31 33 
3 32 34 44 
3 47 15 50 
3 49 32 45 
3 34 40 46 
3 46 39 41 
3 53 40 31 
3 33 30 60 
3 103 58 35 
4 45 36 55 52 
3 38 44 62 
3 39 40 55 
3 61 37 74 
3 65 73 11 
3 50 38 59 
3 37 49 54 
3 87 21 24 
3 63 44 57 
3 71 41 58 
3 50 79 66 
3 44 46 56 
3 57 55 71 
3 97 52 56 
3 77 53 43 
3 70 49 72 
3 64 42 67 
3 81 82 47 
3 72 45 63 
3 62 52 85 
3 95 103 60 
3 73 48 82 
3 68 54 93 
3 75 60 29 
3 74 66 98 
3 73 0 11 
3 80 59 78 
3 56 53 77 
3 76 59 62 
6 124 248 69 48 65 91 
3 92 47 68 
3 88 89 67 
3 78 72 86 
3 84 71 58 
3 100 70 76 
3 54 80 93 
3 79 70 100 
3 104 61 83 
3 90 65 61 
3 101 81 92 
3 99 77 115 
3 86 63 96 
3 129 76 85 
3 88 51 118 
3 127 75 87 
4 132 102 95 75 
3 91 82 94 
3 126 73 90 
3 83 74 111 
3 66 79 155 
3 119 90 104 
3 123 64 89 
3 85 97 131 
3 96 57 105 
3 68 164 109 
3 134 105 84 
3 80 78 129 
3 106 83 113 
3 139 145 89 
3 110 43 64 
3 94 81 107 
3 97 99 122 
3 108 107 101 
3 117 104 106 
3 116 106 114 
3 111 98 156 
3 112 115 103 
3 113 92 109 
3 125 110 123 
3 101 111 146 
3 183 108 146 
3 125 84 110 
3 162 117 108 
3 120 107 116 
3 121 87 135 
3 130 94 120 
3 136 119 117 
3 142 133 118 
3 131 105 154 
3 140 112 95 
3 233 73 126 
3 147 115 112 
3 124 91 130 
3 144 88 133 
5 351 158 137 24 10 
3 100 86 141 
3 126 119 138 
3 143 96 122 
3 144 139 89 
3 170 127 121 
3 154 99 151 
3 142 118 137 
3 138 120 162 
3 157 135 128 
3 270 130 136 
3 163 102 132 
3 145 147 123 
3 149 129 148 
3 172 121 135 
3 148 131 150 
3 176 132 127 
3 163 140 102 
3 114 113 153 
3 152 125 140 
3 167 141 143 
3 155 141 180 
3 178 143 173 
3 160 134 152 
3 169 151 147 
3 171 146 156 
3 122 134 159 
3 164 93 149 
3 153 109 165 
3 166 177 137 
3 205 166 128 
3 174 154 161 
3 184 161 151 
3 181 159 160 
3 186 136 116 
3 182 145 139 
4 194 168 98 155 
3 193 156 168 
3 213 157 158 
3 180 148 178 
3 200 165 164 
3 184 152 182 
3 179 175 133 
3 197 201 153 
4 190 179 142 177 
3 150 174 199 
3 185 173 159 
3 198 176 170 
3 189 144 175 
3 172 157 203 
3 196 167 150 
3 192 170 172 
3 195 149 167 
3 188 185 161 
3 187 169 163 
3 186 114 201 
3 215 160 169 
4 206 174 181 188 
3 236 162 183 
3 220 182 191 
3 185 181 215 
3 191 176 198 
3 204 192 172 
3 212 187 189 
3 208 179 190 
3 222 197 165 
3 202 164 207 
3 209 180 196 
3 195 178 223 
3 226 171 193 
3 208 189 175 
3 232 173 206 
3 214 168 202 
3 183 171 242 
3 200 194 221 
3 219 177 213 
3 211 190 219 
4 351 269 216 158 
3 231 199 185 
3 221 194 209 
3 210 198 192 
3 207 195 234 
3 212 208 211 
3 244 210 204 
3 217 191 210 
3 203 166 216 
3 228 222 200 
3 224 188 184 
3 218 213 205 
3 251 220 212 
3 229 230 216 
3 238 204 203 
3 224 187 217 
4 202 207 225 227 
3 226 193 214 
3 239 196 243 
3 237 215 220 
3 221 249 259 
3 242 197 222 
3 228 221 246 
3 265 214 227 
3 241 218 271 
3 235 218 241 
3 232 206 237 
3 240 199 231 
3 245 124 258 
3 209 239 253 
3 298 238 230 
3 270 186 264 
3 231 224 247 
3 282 219 235 
3 234 223 260 
3 252 243 232 
3 230 229 290 
3 263 201 226 
3 250 223 240 
3 266 251 211 
3 248 233 350 
3 254 227 267 
3 255 237 256 
3 73 245 361 
3 225 253 284 
3 260 243 252 
3 256 217 244 
3 250 240 257 
3 249 234 262 
3 265 246 274 
3 257 247 261 
3 247 251 261 
3 252 255 285 
3 233 272 348 
3 225 284 268 
3 262 239 250 
3 255 256 280 
3 253 260 294 
3 264 242 275 
3 277 236 263 
3 275 228 254 
3 280 244 282 
3 246 268 273 
3 267 259 291 
3 271 205 357 
3 272 138 236 
3 290 229 269 
4 258 270 276 335 
3 274 267 283 
3 254 273 278 
3 263 265 287 
3 272 279 281 
3 279 264 287 
3 309 274 296 
3 276 277 286 
3 261 266 297 
4 276 288 300 336 
3 297 266 238 
3 273 291 293 
3 259 249 294 
3 301 257 304 
3 289 279 292 
3 277 275 295 
3 281 289 306 
3 288 286 317 
3 347 241 271 
3 283 268 307 
3 286 295 313 
3 299 283 308 
3 284 262 302 
3 292 287 309 
3 278 299 315 
3 305 280 282 
3 305 235 332 
3 296 293 312 
3 281 303 345 
3 302 285 304 
3 307 294 301 
3 300 306 327 
4 301 285 311 346 
3 310 297 298 
3 303 288 329 
3 291 302 319 
3 293 314 312 
3 295 278 326 
3 311 305 341 
3 304 310 341 
3 299 308 324 
3 316 292 323 
3 308 322 318 
3 320 296 321 
3 317 313 334 
3 289 316 328 
3 331 314 340 
3 307 346 322 
3 326 315 321 
3 320 315 325 
3 314 319 355 
3 313 326 334 
3 325 312 331 
3 337 321 324 
4 323 309 320 337 
3 303 330 349 
3 329 317 342 
3 306 328 330 
3 327 329 333 
3 339 324 318 
3 298 356 366 
3 349 330 338 
3 316 323 343 
3 272 336 389 
3 335 281 345 
3 326 325 343 
3 333 358 360 
3 344 331 340 
3 339 318 368 
3 311 310 354 
3 328 343 353 
4 342 334 337 344 
3 352 343 339 
3 336 300 371 
3 319 304 354 
3 356 290 380 
3 350 258 372 
3 327 333 371 
3 245 348 361 
3 357 205 128 
3 353 344 359 
3 358 342 352 
3 346 341 366 
3 322 375 376 
3 332 347 377 
3 386 269 351 
3 338 353 364 
3 362 352 363 
3 393 338 367 
3 248 350 369 
3 364 359 363 
3 362 359 365 
3 370 358 362 
3 381 363 368 
3 354 332 375 
3 360 370 373 
3 365 340 374 
3 361 372 399 
3 367 364 373 
3 345 349 394 
3 369 348 389 
3 367 370 378 
3 368 376 382 
3 355 366 379 
3 374 355 384 
3 379 356 380 
3 387 373 383 
3 384 375 377 
3 377 347 386 
3 383 365 382 
3 381 374 384 
3 390 378 381 
5 385 382 376 379 386 
3 388 392 384 
5 397 388 384 380 357 
3 393 378 390 
3 396 385 386 
3 372 335 399 
3 391 387 383 
3 395 390 392 
3 398 391 385 
3 394 360 387 
4 399 371 393 395 
3 399 394 391 
3 398 388 397 
3 399 396 386 
3 399 392 396 
6 369 389 394 395 398 397 
