1000
0 100 6176
1 126 878
2 188 6716
3 218 7608
4 238 6528
5 284 6690
6 368 358
7 416 5532
8 476 5422
9 566 7074
10 578 7658
11 586 6948
12 598 7672
13 670 1030
14 756 7800
15 856 4030
16 910 6980
17 942 1770
18 948 290
19 956 6562
20 982 7966
21 1032 6904
22 1070 6870
23 1104 2280
24 1130 2050
25 1174 1920
26 1206 296
27 1258 4690
28 1262 4390
29 1272 8894
30 1284 1906
31 1306 5360
32 1350 4328
33 1428 2314
34 1440 194
35 1466 2460
36 1524 752
37 1532 6164
38 1574 7074
39 1574 7372
40 1584 1528
41 1668 2126
42 1702 4502
43 1768 7052
44 1772 1590
45 1842 3254
46 1872 6504
47 1908 284
48 1914 5818
49 1928 4824
50 1954 688
51 1954 7326
52 2060 8974
53 2070 6108
54 2096 2320
55 2106 5420
56 2112 150
57 2252 6112
58 2260 1478
59 2292 1500
60 2298 6326
61 2306 5586
62 2312 7784
63 2322 10036
64 2348 7356
65 2406 6144
66 2428 5948
67 2452 8082
68 2470 5476
69 2484 8048
70 2498 6040
71 2522 356
72 2570 124
73 2574 6456
74 2580 6872
75 2586 4872
76 2596 6900
77 2634 2466
78 2672 7826
79 2742 2476
80 2744 6262
81 2754 6426
82 2780 4672
83 2802 6696
84 2844 6804
85 2852 4526
86 2878 5436
87 2904 7700
88 2964 4420
89 2964 6512
90 3126 4218
91 3164 4534
92 3264 6858
93 3274 5656
94 3276 5792
95 3352 7616
96 3404 8348
97 3440 6600
98 3444 1428
99 3502 7462
100 3566 7600
101 3614 8458
102 3624 5832
103 3626 9724
104 3628 10742
105 3634 2708
106 3636 11028
107 3708 2634
108 3792 110
109 3798 5754
110 3832 5766
111 3846 7894
112 3858 4066
113 3880 2242
114 3912 6604
115 3922 9696
116 4046 3700
117 4062 3748
118 4070 6154
119 4074 7312
120 4104 5798
121 4116 5610
122 4134 80
123 4146 8140
124 4208 3722
125 4224 5132
126 4230 6302
127 4234 660
128 4270 6502
129 4270 7378
130 4334 3072
131 4340 4112
132 4348 8758
133 4364 770
134 4380 3990
135 4384 4448
136 4396 3040
137 4404 7210
138 4502 6852
139 4516 7968
140 4528 4284
141 4534 5148
142 4558 876
143 4588 4576
144 4598 6430
145 4630 7116
146 4672 7384
147 4740 11460
148 4744 4550
149 4758 1452
150 4766 654
151 4790 906
152 4800 11564
153 4816 5146
154 4916 906
155 4918 960
156 4940 6748
157 4946 6276
158 4946 6520
159 5016 11800
160 5018 7864
161 5050 10608
162 5060 5116
163 5078 8000
164 5080 8650
165 5084 8620
166 5090 8518
167 5170 9894
168 5204 6864
169 5364 2648
170 5378 6762
171 5400 4412
172 5400 5882
173 5480 8268
174 5520 1068
175 5538 6912
176 5572 204
177 5596 996
178 5604 790
179 5606 2136
180 5780 2520
181 5788 10684
182 5790 5178
183 5794 11076
184 5798 5228
185 5798 10752
186 5830 7848
187 5854 6070
188 5866 6402
189 5974 7086
190 5982 6900
191 6004 6070
192 6008 462
193 6022 5854
194 6088 5118
195 6172 6406
196 6252 7834
197 6270 870
198 6276 11036
199 6294 8098
200 6378 1948
201 6428 8464
202 6450 3950
203 6464 9032
204 6514 9626
205 6578 8784
206 6596 8166
207 6606 3962
208 6610 9230
209 6656 9190
210 6656 10110
211 6674 9034
212 6686 11238
213 6690 11068
214 6708 8692
215 6714 7750
216 6724 1616
217 6746 10992
218 6762 4562
219 6770 8886
220 6800 10960
221 6806 162
222 6838 8782
223 6838 10164
224 6842 8950
225 6866 8170
226 6946 7490
227 6960 1564
228 7000 9292
229 7006 4546
230 7014 11426
231 7018 11150
232 7034 7422
233 7038 10904
234 7062 2222
235 7084 7554
236 7138 1226
237 7146 11178
238 7160 6376
239 7192 6898
240 7218 7080
241 7302 3178
242 7348 8058
243 7356 3548
244 7360 2848
245 7414 7110
246 7476 7102
247 7484 5516
248 7488 8050
249 7566 7304
250 7584 7046
251 7588 1738
252 7590 9844
253 7632 334
254 7658 4036
255 7668 3828
256 7680 9268
257 7696 6446
258 7728 6356
259 7766 9842
260 7774 4424
261 7780 4600
262 7788 4208
263 7790 2204
264 7874 4128
265 7882 9926
266 7914 7062
267 7918 4618
268 7920 8596
269 7994 4478
270 8034 1030
271 8060 3782
272 8112 9962
273 8114 5660
274 8126 5704
275 8132 10636
276 8150 7460
277 8210 1468
278 8218 4504
279 8232 9610
280 8328 830
281 8378 4114
282 8410 4664
283 8412 12064
284 8418 10282
285 8434 12042
286 8462 5238
287 8514 552
288 8526 1002
289 8526 1116
290 8540 2392
291 8574 1890
292 8590 1890
293 8604 4472
294 8704 5418
295 8782 2908
296 8798 11628
297 8822 2482
298 8872 3540
299 8894 5264
300 8904 6112
301 8982 2950
302 9040 2650
303 9040 8458
304 9084 4350
305 9138 2810
306 9172 3082
307 9194 1862
308 9208 9762
309 9276 616
310 9280 6306
311 9286 1048
312 9298 7558
313 9310 902
314 9338 848
315 9350 7558
316 9376 2632
317 9392 11518
318 9424 2912
319 9430 11570
320 9452 4288
321 9506 36
322 9506 11666
323 9512 3928
324 9512 10434
325 9514 1180
326 9514 10706
327 9548 9964
328 9556 7996
329 9560 5332
330 9620 2856
331 9632 4248
332 9644 2908
333 9670 7876
334 9678 4968
335 9700 3868
336 9714 132
337 9718 9828
338 9738 10236
339 9748 1038
340 9760 3688
341 9788 5404
342 9816 10064
343 9862 5748
344 9878 7560
345 9882 1208
346 9916 3902
347 9916 3992
348 9958 198
349 9960 7128
350 9964 106
351 10010 3110
352 10018 7816
353 10046 3406
354 10050 5400
355 10056 7678
356 10094 7914
357 10110 6656
358 10112 2564
359 10154 4964
360 10168 4314
361 10220 2926
362 10242 11102
363 10262 1790
364 10262 4512
365 10280 1132
366 10292 6564
367 10336 10708
368 10354 6416
369 10370 3098
370 10392 5106
371 10396 794
372 10444 5006
373 10446 1576
374 10448 4510
375 10486 3622
376 10496 3296
377 10496 6174
378 10514 126
379 10528 4442
380 10534 3226
381 10544 2854
382 10558 5110
383 10560 4830
384 10586 5304
385 10590 2906
386 10590 3466
387 10600 4380
388 10614 2148
389 10664 5686
390 10670 8776
391 10680 3736
392 10688 4646
393 10704 642
394 10714 6642
395 10776 1998
396 10784 2366
397 10784 3152
398 10814 4572
399 10868 3850
400 10886 4316
401 10928 1312
402 10968 6472
403 10970 3462
404 11018 1088
405 11048 5244
406 11090 1382
407 11152 3496
408 11162 1476
409 11216 3968
410 11272 2428
411 11332 1010
412 11354 2310
413 11386 2184
414 11392 3506
415 11400 3130
416 11420 2276
417 11460 9616
418 11464 3398
419 11482 4292
420 11510 3638
421 11518 4872
422 11544 370
423 11550 194
424 11558 2576
425 11564 1928
426 11570 986
427 11586 1494
428 11596 5920
429 11598 786
430 11616 1052
431 11616 1656
432 11648 5058
433 11660 2236
434 11670 3666
435 11696 5054
436 11698 5964
437 11716 872
438 11740 6444
439 11760 684
440 11764 8782
441 11792 4270
442 11806 2734
443 11814 3112
444 11824 1090
445 11830 6240
446 11840 1148
447 11846 5952
448 11876 4050
449 11882 1276
450 11910 5412
451 11916 4940
452 11920 5598
453 11924 3760
454 11928 842
455 11940 4336
456 12014 2844
457 12030 3484
458 12036 858
459 12116 4794
460 12130 10710
461 12142 9834
462 12148 1834
463 12212 842
464 12232 7928
465 12242 5192
466 12246 3100
467 12254 4676
468 12284 2298
469 12286 2060
470 12304 3840
471 12376 8116
472 12402 5188
473 12432 3048
474 12432 3500
475 12462 5570
476 12480 5142
477 12494 6906
478 12504 5160
479 12586 8850
480 12594 5656
481 12594 6794
482 12598 2032
483 12622 5522
484 12642 4928
485 12644 2202
486 12654 3106
487 12676 2834
488 12750 8664
489 12782 8528
490 12894 10574
491 12966 2346
492 12968 2192
493 13000 2356
494 13008 3958
495 13032 8438
496 13036 8334
497 13046 11442
498 13054 10648
499 13062 1468
500 13074 5956
501 13080 7002
502 13102 5456
503 13112 6238
504 13120 4368
505 13120 8286
506 13140 3722
507 13156 1260
508 13182 8544
509 13212 2612
510 13222 254
511 13250 7272
512 13274 4516
513 13276 4338
514 13284 8748
515 13306 5004
516 13328 3260
517 13338 7754
518 13352 7740
519 13358 4128
520 13380 5384
521 13384 3240
522 13402 2418
523 13406 5830
524 13446 5080
525 13472 2220
526 13474 8872
527 13504 890
528 13522 7474
529 13536 1514
530 13550 12380
531 13568 5162
532 13574 544
533 13608 6270
534 13622 3762
535 13634 3758
536 13652 12070
537 13672 5224
538 13708 12114
539 13712 6368
540 13722 6378
541 13778 5876
542 13806 6186
543 13814 1326
544 13816 5280
545 13830 626
546 13842 3002
547 13858 2338
548 13868 2378
549 13902 196
550 13914 5868
551 13918 5474
552 13930 2116
553 13934 2238
554 13944 2106
555 13950 5212
556 13964 4786
557 13988 4562
558 13998 1726
559 14002 2476
560 14084 5832
561 14094 5550
562 14100 4714
563 14102 1166
564 14144 6136
565 14154 390
566 14156 5050
567 14178 894
568 14178 6002
569 14206 4864
570 14226 2674
571 14284 5362
572 14290 6720
573 14306 3616
574 14320 2876
575 14364 10840
576 14372 4706
577 14376 3432
578 14388 7998
579 14392 4728
580 14422 1222
581 14444 3392
582 14452 3026
583 14454 3248
584 14502 11346
585 14506 2748
586 14510 4534
587 14528 7678
588 14538 2944
589 14706 7848
590 14726 2794
591 14730 1828
592 14734 11754
593 14754 6812
594 14760 5884
595 14824 174
596 14826 5010
597 14844 13196
598 14848 2770
599 14850 2092
600 14858 6458
601 14906 1506
602 14910 1878
603 14950 3554
604 14966 794
605 14972 8172
606 14976 432
607 14976 13146
608 14994 468
609 15026 1948
610 15038 3776
611 15050 4548
612 15056 2534
613 15082 1528
614 15120 8156
615 15136 7666
616 15148 2356
617 15172 12972
618 15190 9338
619 15202 2752
620 15204 3752
621 15208 4510
622 15210 7494
623 15218 9562
624 15234 12978
625 15240 4708
626 15244 7678
627 15258 1850
628 15288 3114
629 15316 7670
630 15330 5478
631 15352 1612
632 15360 3938
633 15412 4072
634 15416 13684
635 15426 1580
636 15432 1362
637 15492 2798
638 15506 2304
639 15520 5892
640 15532 64
641 15532 5780
642 15572 2574
643 15580 7652
644 15586 2182
645 15606 8010
646 15610 2836
647 15672 64
648 15676 142
649 15690 2540
650 15690 4998
651 15720 5136
652 15732 2822
653 15756 5816
654 15770 2772
655 15770 8150
656 15772 2760
657 15778 6254
658 15792 11696
659 15850 11542
660 15904 7516
661 15906 8958
662 15914 11798
663 15932 2598
664 15942 3240
665 15998 5006
666 16010 8676
667 16048 5666
668 16058 4998
669 16080 6254
670 16082 10054
671 16110 5576
672 16126 6154
673 16172 6544
674 16190 11718
675 16246 4410
676 16284 3494
677 16290 11622
678 16312 3994
679 16314 5842
680 16320 5460
681 16346 4298
682 16386 2816
683 16396 11884
684 16404 5136
685 16404 6332
686 16456 4866
687 16468 4334
688 16478 7220
689 16492 3938
690 16574 6402
691 16640 5642
692 16652 4450
693 16696 1018
694 16700 5236
695 16706 6174
696 16744 12586
697 16758 3772
698 16806 212
699 16834 3584
700 16898 7700
701 16990 2904
702 17002 5642
703 17014 2174
704 17026 3810
705 17112 9110
706 17176 3378
707 17198 11312
708 17202 9172
709 17204 11674
710 17220 1922
711 17228 6434
712 17244 12434
713 17256 9842
714 17268 6492
715 17354 938
716 17356 884
717 17362 10920
718 17364 208
719 17388 8262
720 17430 4816
721 17440 6972
722 17446 6834
723 17488 5746
724 17498 4724
725 17552 2692
726 17582 1988
727 17584 2010
728 17624 5732
729 17644 7682
730 17652 7096
731 17676 5530
732 17730 2162
733 17732 2240
734 17756 5782
735 17790 9362
736 17792 5126
737 17798 3730
738 17800 9648
739 17898 3248
740 17902 2240
741 17920 212
742 17920 782
743 17926 3578
744 17958 8756
745 17978 9654
746 17990 3922
747 18004 626
748 18014 5162
749 18048 9118
750 18076 8802
751 18112 2628
752 18112 7220
753 18148 8036
754 18216 8006
755 18286 6502
756 18328 4464
757 18432 12044
758 18446 6866
759 18446 7572
760 18448 3004
761 18468 5632
762 18486 7460
763 18500 10544
764 18506 2356
765 18512 9972
766 18524 3072
767 18544 6450
768 18574 6970
769 18608 1036
770 18608 6380
771 18612 9646
772 18624 4210
773 18644 1604
774 18656 686
775 18658 4416
776 18674 5680
777 18702 138
778 18768 6852
779 18806 8450
780 18822 5526
781 18846 6408
782 18856 8590
783 18878 9206
784 18914 1050
785 18916 5646
786 18940 8404
787 18958 7784
788 19006 4604
789 19038 3664
790 19066 3222
791 19076 3030
792 19088 5646
793 19138 5796
794 19168 3140
795 19190 3180
796 19228 5910
797 19244 3158
798 19252 240
799 19266 4450
800 19288 548
801 19290 228
802 19350 8418
803 19366 3132
804 19442 2376
805 19468 8176
806 19506 7526
807 19510 6140
808 19528 6076
809 19528 7300
810 19532 7316
811 19612 8258
812 19690 6044
813 19706 7142
814 19742 9804
815 19752 5312
816 19808 6234
817 19876 2074
818 19880 6396
819 19902 3850
820 19924 1130
821 19954 9812
822 19956 3220
823 19956 9658
824 19988 9354
825 20006 2842
826 20048 5908
827 20152 5628
828 20172 3916
829 20208 7826
830 20230 5730
831 20270 11504
832 20378 5928
833 20420 11056
834 20546 4788
835 20554 5180
836 20652 5086
837 20654 2514
838 20658 2412
839 20676 4810
840 20686 6094
841 20692 104
842 20694 11178
843 20700 3190
844 20724 5776
845 20734 1060
846 20764 11198
847 20874 4804
848 20894 1110
849 20894 1730
850 20920 6010
851 20930 9020
852 20968 5908
853 21018 5554
854 21058 2806
855 21084 2398
856 21112 5738
857 21240 5332
858 21244 2778
859 21248 3556
860 21250 2568
861 21268 5944
862 21308 6102
863 21312 7890
864 21314 5380
865 21338 5070
866 21342 3588
867 21344 3312
868 21360 7662
869 21378 6200
870 21426 6204
871 21430 7568
872 21438 4252
873 21460 1986
874 21484 8616
875 21492 6026
876 21500 9020
877 21550 2464
878 21598 4818
879 21602 5844
880 21656 8478
881 21710 2598
882 21730 5870
883 21760 5998
884 21856 12346
885 21962 5384
886 22028 4000
887 22038 24
888 22046 5256
889 22092 3942
890 22098 5300
891 22130 80
892 22138 4038
893 22158 6712
894 22162 6014
895 22190 3644
896 22192 8082
897 22218 1934
898 22268 7662
899 22286 1354
900 22300 5278
901 22420 3854
902 22426 7652
903 22436 1986
904 22564 5638
905 22592 3482
906 22596 3184
907 22612 2516
908 22624 11918
909 22630 444
910 22664 2536
911 22708 2726
912 22762 11824
913 22764 360
914 22776 2642
915 22822 2624
916 22862 608
917 22868 2818
918 22900 962
919 22922 538
920 22932 5786
921 22964 3798
922 22974 3240
923 22998 8240
924 23028 2726
925 23076 3578
926 23174 796
927 23192 8246
928 23218 6428
929 23232 2418
930 23250 3618
931 23258 5800
932 23298 2632
933 23344 3376
934 23360 7592
935 23370 9538
936 23376 3192
937 23426 1260
938 23430 682
939 23448 3332
940 23532 2048
941 23534 3646
942 23560 7374
943 23664 8380
944 23666 2476
945 23706 7762
946 23744 2620
947 23754 3772
948 23758 7716
949 23936 952
950 23958 7888
951 24028 1108
952 24056 60
953 24118 316
954 24154 6280
955 24164 1060
956 24260 1000
957 24266 8586
958 24288 1216
959 24354 1826
960 24364 1154
961 24370 2294
962 24410 998
963 24422 1044
964 24480 4344
965 24526 6300
966 24552 180
967 24564 7632
968 24604 1470
969 24610 456
970 24718 160
971 24762 7642
972 24774 830
973 24776 652
974 24802 5976
975 24824 2548
976 24828 2044
977 24836 834
978 24866 252
979 24868 934
980 24900 6900
981 24914 1624
982 24926 1624
983 24974 2990
984 25030 2430
985 25070 4812
986 25086 2684
987 25142 4550
988 25152 3916
989 25166 2994
990 25238 4264
991 25256 3276
992 25272 6782
993 25278 7042
994 25350 5866
995 25376 7390
996 25376 7726
997 25392 3656
998 25470 2586
999 25506 7230
3 2 3 1 
2 0 6 
4 3 0 4 5 
4 10 29 0 2 
3 5 2 7 
3 9 2 4 
5 36 13 1 34 18 
3 4 17 8 
3 11 7 15 
3 10 5 11 
3 12 3 9 
3 9 8 19 
4 14 10 16 39 
3 25 17 6 
4 20 106 12 62 
3 27 8 23 
3 12 19 21 
3 24 7 13 
3 26 6 56 
3 16 11 31 
3 67 52 14 
3 38 16 22 
3 21 37 46 
3 28 15 24 
3 23 17 25 
3 24 13 30 
3 50 18 47 
3 31 15 28 
3 27 23 32 
2 63 3 
3 33 25 40 
3 37 19 27 
3 42 28 35 
3 35 30 41 
2 6 56 
3 45 32 33 
3 40 6 50 
3 22 31 48 
3 39 21 43 
3 12 38 51 
3 44 30 36 
3 54 33 44 
3 49 32 45 
3 51 38 74 
3 41 40 58 
3 85 42 35 
3 22 53 60 
3 71 26 176 
3 53 37 55 
3 75 55 42 
3 133 36 26 
3 64 39 43 
3 103 104 20 
3 57 46 48 
3 77 90 41 
3 61 48 49 
3 18 34 72 
3 65 53 66 
3 59 44 142 
3 79 58 98 
3 73 46 65 
3 66 55 68 
3 78 14 64 
2 106 29 
3 62 51 76 
3 60 57 70 
3 70 57 61 
3 101 20 69 
3 61 75 86 
3 96 67 78 
3 80 65 66 
4 192 150 127 47 
3 56 122 108 
3 74 60 81 
3 76 43 73 
3 68 49 82 
3 64 74 83 
3 79 130 54 
3 69 62 87 
3 105 77 59 
3 81 70 94 
3 89 73 80 
3 75 85 91 
3 84 76 89 
3 92 87 83 
3 82 45 88 
3 93 68 135 
3 78 84 95 
3 85 90 117 
3 97 83 81 
3 88 54 116 
3 82 112 131 
3 99 84 97 
3 94 86 125 
3 102 80 93 
4 111 87 99 100 
3 101 69 123 
3 114 92 89 
3 113 59 151 
3 95 92 119 
3 160 95 129 
3 132 67 96 
3 118 94 109 
3 161 52 115 
5 183 147 152 106 52 
3 136 79 107 
4 159 63 14 104 
3 105 113 179 
3 221 72 321 
3 110 102 121 
3 120 118 109 
3 139 123 95 
3 91 124 134 
3 107 98 149 
3 138 97 128 
3 167 103 132 
3 117 90 130 
3 88 116 124 
3 126 102 110 
3 129 99 137 
3 157 110 121 
3 120 109 141 
2 72 321 
3 166 96 111 
3 112 117 180 
3 141 93 143 
3 144 128 118 
3 178 133 71 
3 156 114 126 
3 146 100 119 
3 116 77 136 
3 140 91 134 
3 115 101 164 
3 142 50 127 
3 131 112 234 
3 143 86 140 
3 130 105 169 
3 146 119 145 
3 168 145 114 
3 163 173 111 
3 135 131 241 
3 121 125 153 
3 151 58 133 
3 125 135 148 
3 158 156 126 
3 137 138 189 
3 226 129 137 
3 283 152 104 
3 162 143 171 
3 113 155 174 
3 280 178 71 
3 154 98 142 
3 159 104 147 
3 172 141 162 
3 155 151 197 
3 177 149 154 
3 168 128 144 
3 158 120 172 
3 170 144 157 
3 634 106 152 
3 163 100 186 
4 185 198 183 103 
3 184 153 148 
3 199 139 160 
3 204 132 165 
3 208 164 166 
3 203 165 123 
3 210 181 115 
3 175 138 156 
3 136 200 180 
3 175 158 188 
3 182 148 202 
3 187 157 153 
3 201 205 139 
3 236 149 177 
3 189 168 170 
3 253 47 221 
3 270 174 155 
3 197 127 150 
3 107 216 200 
3 124 169 251 
3 185 167 223 
3 184 171 194 
3 230 104 161 
3 193 162 182 
3 217 161 181 
3 199 160 196 
3 191 188 172 
3 190 170 187 
4 145 175 190 240 
3 189 188 195 
3 195 187 193 
3 287 71 253 
3 238 191 184 
3 247 182 218 
3 239 190 191 
3 242 186 215 
3 154 178 280 
3 213 212 161 
3 206 163 186 
3 169 179 227 
3 214 173 206 
3 207 171 243 
3 211 209 166 
3 210 164 208 
3 219 173 214 
3 225 201 199 
3 254 218 202 
3 204 165 209 
3 228 208 203 
3 223 167 204 
3 256 203 224 
3 230 198 231 
3 231 198 217 
3 222 205 201 
3 196 235 312 
3 179 236 227 
3 213 185 220 
4 286 194 207 229 
3 224 205 222 
3 217 265 233 
3 176 108 336 
3 219 214 268 
3 181 210 252 
3 211 219 390 
3 268 206 242 
3 235 146 232 
3 200 216 289 
3 279 252 209 
3 261 218 260 
3 283 183 212 
3 237 212 213 
3 226 245 249 
3 362 220 275 
3 244 134 251 
3 215 226 276 
3 216 174 270 
3 317 296 231 
3 257 239 193 
3 240 195 238 
3 245 189 239 
3 243 140 244 
3 225 196 248 
3 255 202 241 
3 241 234 263 
3 232 240 246 
3 249 245 250 
3 273 258 194 
3 242 333 328 
3 276 232 246 
3 266 246 257 
3 234 180 277 
3 223 228 259 
3 192 176 348 
3 262 207 255 
3 254 243 271 
3 417 337 211 
3 250 238 258 
3 257 247 274 
3 265 252 279 
3 269 229 262 
3 267 229 269 
3 260 254 264 
3 290 244 277 
3 262 271 281 
3 272 220 259 
3 315 250 300 
3 282 334 261 
3 222 225 303 
3 278 261 260 
3 236 177 288 
3 264 255 295 
3 327 284 265 
3 274 247 294 
3 300 258 273 
3 326 233 284 
3 312 235 249 
3 263 251 289 
3 282 269 293 
3 308 259 228 
3 314 197 150 
3 304 264 298 
3 359 267 278 
4 597 147 230 285 
3 324 275 272 
3 283 296 322 
3 299 294 218 
3 309 192 422 
4 311 289 270 313 
4 291 277 227 288 
3 295 263 291 
3 292 290 289 
3 297 291 307 
3 383 278 304 
3 343 273 286 
4 301 271 290 297 
3 285 237 319 
3 302 295 292 
3 323 281 306 
3 329 286 334 
3 310 266 274 
3 306 295 305 
3 305 297 307 
3 390 268 328 
3 293 281 320 
3 301 302 316 
3 298 301 318 
3 302 292 325 
3 337 327 279 
3 393 371 287 
3 357 349 300 
3 325 288 339 
3 315 215 276 
3 339 288 314 
3 313 280 371 
3 344 312 266 
3 318 305 363 
3 536 319 237 
3 306 316 330 
3 322 296 317 
3 364 304 331 
5 640 350 108 122 887 
3 530 285 319 
3 331 298 335 
3 367 284 338 
4 345 373 307 311 
3 367 362 275 
3 342 272 308 
3 303 248 356 
3 341 299 370 
3 332 318 358 
3 360 320 323 
3 351 340 330 
3 356 248 352 
3 299 267 359 
3 347 323 340 
3 348 221 350 
3 490 308 256 
3 460 324 342 
3 365 311 313 
3 346 335 332 
3 343 329 354 
3 460 338 327 
3 368 294 341 
3 355 315 349 
3 401 325 365 
3 347 340 353 
3 360 335 346 
3 253 336 423 
3 344 310 357 
3 378 336 321 
3 353 332 361 
3 464 333 355 
3 375 346 351 
3 389 341 384 
3 352 344 394 
3 471 328 333 
3 349 310 366 
3 361 330 388 
3 372 334 282 
4 387 331 347 399 
3 369 351 358 
3 497 233 326 
3 395 316 373 
3 392 320 374 
3 345 339 404 
3 394 357 368 
3 497 326 324 
3 366 343 377 
3 376 361 381 
4 382 329 372 455 
3 314 309 429 
3 370 359 383 
3 363 325 408 
3 398 364 379 
3 391 353 386 
3 386 369 380 
3 402 368 389 
3 648 423 350 
3 374 387 400 
3 376 385 397 
3 385 369 396 
3 384 370 421 
3 372 293 392 
3 354 382 405 
3 380 381 410 
3 375 376 403 
3 379 360 409 
3 396 358 395 
3 428 377 354 
3 440 224 303 
3 399 375 407 
3 383 364 398 
3 439 309 422 
3 355 366 402 
3 413 388 363 
3 381 388 412 
3 380 442 415 
3 392 374 419 
3 360 391 414 
3 379 453 448 
3 406 345 404 
3 394 377 438 
3 407 386 415 
3 401 365 411 
3 450 384 432 
3 408 401 430 
3 391 403 418 
3 427 373 406 
3 387 420 434 
3 424 385 412 
3 404 437 426 
3 410 396 416 
3 416 395 425 
3 420 399 418 
3 403 397 443 
3 412 413 433 
3 461 256 479 
3 414 407 466 
3 398 448 441 
3 434 409 414 
3 432 382 467 
3 393 287 510 
3 549 348 378 
3 442 410 468 
3 413 431 462 
3 430 411 458 
3 431 408 446 
3 436 389 452 
3 437 371 439 
3 444 406 426 
3 425 427 449 
3 405 421 435 
3 468 416 469 
3 409 420 457 
3 465 432 451 
3 445 428 447 
3 411 429 454 
3 464 402 445 
4 429 393 565 532 
3 479 390 488 
3 455 419 494 
3 456 397 424 
3 415 456 466 
3 507 446 430 
3 477 438 436 
3 449 427 444 
3 481 436 480 
3 419 400 470 
3 462 431 446 
3 452 405 465 
3 476 435 459 
3 428 450 475 
3 400 457 474 
3 458 437 532 
3 370 441 494 
3 443 442 491 
3 453 434 473 
3 426 454 463 
3 484 451 467 
3 584 338 342 
3 490 417 623 
3 469 425 449 
3 527 458 545 
3 471 352 438 
3 450 435 472 
3 418 443 473 
3 459 421 504 
3 424 433 485 
3 433 462 482 
3 448 516 506 
3 489 356 464 
3 483 465 478 
3 457 466 487 
3 453 486 516 
3 480 452 483 
3 478 451 484 
3 496 445 481 
3 472 476 515 
3 526 417 440 
3 500 447 475 
3 501 477 447 
3 485 469 499 
3 475 472 502 
3 476 459 512 
3 468 482 492 
4 474 487 509 548 
3 486 473 493 
3 514 440 489 
3 488 471 495 
3 498 337 461 
3 493 456 492 
3 491 485 529 
3 487 491 525 
3 455 441 534 
3 508 489 496 
3 495 477 505 
3 592 362 367 
3 575 584 490 
3 529 482 507 
3 503 480 502 
3 511 481 503 
3 500 483 520 
3 501 500 523 
3 467 519 513 
3 508 496 517 
3 535 470 577 
3 543 499 444 
3 514 495 505 
3 486 522 547 
3 565 422 549 
3 517 501 533 
3 557 484 513 
3 512 504 519 
3 526 488 508 
3 524 478 556 
3 470 474 521 
3 505 511 518 
3 578 517 528 
3 513 504 534 
3 523 502 531 
3 516 546 582 
3 509 525 552 
3 533 503 520 
3 531 515 569 
3 522 493 558 
3 618 479 514 
3 567 563 463 
3 587 518 540 
3 492 499 543 
3 617 322 538 
3 537 520 524 
3 454 439 606 
3 539 511 523 
3 519 494 535 
3 534 506 573 
3 538 317 592 
3 544 541 531 
3 530 536 683 
3 540 533 541 
3 528 539 542 
3 539 537 550 
3 540 550 564 
3 529 507 563 
3 551 537 555 
3 604 463 608 
3 521 570 574 
3 548 509 553 
3 559 486 547 
3 510 423 595 
3 542 541 560 
3 561 560 544 
3 553 522 554 
3 547 552 599 
3 552 558 591 
3 571 544 566 
3 569 515 562 
3 562 512 573 
3 554 525 580 
3 570 548 616 
3 568 550 551 
3 594 551 571 
3 556 557 576 
3 580 543 527 
3 572 542 568 
3 439 510 698 
3 555 569 596 
3 693 527 604 
3 593 564 560 
4 566 524 556 579 
3 585 546 559 
3 639 561 555 
3 615 587 564 
3 557 535 577 
3 588 546 585 
3 659 498 670 
3 579 562 586 
3 573 506 581 
3 605 518 589 
3 569 576 611 
5 636 613 601 558 563 
3 603 577 583 
3 583 521 588 
3 581 582 628 
3 658 460 498 
3 590 574 570 
3 611 576 610 
3 589 528 572 
3 582 574 590 
3 578 587 615 
3 588 585 598 
3 602 554 601 
3 662 536 497 
3 622 568 600 
3 657 600 561 
3 698 549 648 
3 630 566 625 
4 634 283 617 607 
3 590 612 619 
3 644 553 609 
3 622 593 594 
3 613 591 580 
3 609 591 627 
3 610 581 628 
3 716 567 545 
3 666 578 614 
3 608 532 718 
3 597 624 696 
3 545 606 741 
3 727 599 602 
3 586 603 620 
3 579 586 621 
3 642 598 616 
3 631 601 580 
3 605 645 655 
3 626 589 572 
3 612 559 638 
3 624 597 530 
3 623 526 661 
3 637 598 642 
3 632 610 664 
3 625 611 633 
3 629 593 600 
3 670 461 618 
3 607 617 696 
3 650 596 621 
3 645 615 629 
3 710 602 631 
3 603 583 646 
3 626 622 643 
3 641 596 651 
3 627 613 635 
3 633 620 676 
3 621 632 678 
3 159 597 884 
3 710 631 636 
3 635 580 693 
3 646 619 656 
3 649 616 644 
3 669 571 641 
3 647 841 321 
3 653 639 630 
3 619 612 649 
3 719 629 660 
3 638 599 703 
3 655 614 626 
3 628 637 652 
3 891 640 887 
3 595 378 777 
3 663 642 638 
3 651 625 675 
3 630 650 665 
3 664 646 654 
3 672 641 667 
3 682 652 656 
3 705 614 645 
3 654 637 663 
3 669 673 594 
3 662 584 659 
3 677 658 575 
3 700 643 688 
3 708 618 666 
4 683 592 658 674 
3 656 649 733 
3 676 620 652 
3 651 675 668 
3 705 661 605 
3 679 653 671 
3 684 665 686 
4 685 657 639 672 
3 575 623 713 
3 667 684 680 
3 669 653 679 
3 688 657 690 
3 662 677 709 
3 665 650 681 
3 699 632 664 
3 674 659 707 
3 681 633 689 
3 672 667 691 
3 691 671 694 
3 687 675 678 
3 701 654 725 
3 757 538 662 
4 694 671 668 736 
3 690 669 695 
3 736 668 692 
3 692 681 689 
3 660 673 721 
3 687 678 697 
3 711 673 685 
3 702 679 680 
3 720 686 687 
3 636 567 715 
3 731 680 684 
3 685 723 734 
3 607 624 712 
3 704 689 699 
3 565 595 718 
3 697 676 706 
3 719 660 729 
3 760 706 682 
3 723 691 731 
3 733 644 732 
3 724 697 737 
3 708 666 655 
3 699 701 739 
3 709 677 717 
3 735 661 705 
3 757 674 707 
3 726 627 635 
3 714 690 770 
3 696 757 884 
3 717 670 738 
3 755 722 711 
3 769 693 716 
3 715 604 742 
3 707 713 763 
3 606 698 777 
3 744 643 700 
3 748 692 724 
3 729 688 722 
3 730 721 714 
3 695 702 728 
3 720 704 756 
3 825 682 751 
3 727 710 773 
3 732 609 726 
3 734 723 761 
3 753 700 721 
3 752 754 722 
3 761 702 694 
3 740 703 727 
3 740 663 703 
3 695 728 776 
3 738 708 744 
3 748 684 686 
3 746 704 743 
3 745 713 735 
3 743 706 766 
3 764 733 732 
3 747 608 777 
3 716 747 774 
3 737 739 790 
3 750 735 719 
3 765 738 749 
3 772 756 737 
3 742 741 798 
3 780 736 720 
3 771 745 750 
3 749 744 753 
3 725 764 837 
3 759 730 758 
3 750 729 754 
3 779 753 730 
3 758 714 767 
3 724 746 775 
4 712 683 709 831 
3 768 752 755 
3 786 752 762 
3 791 766 701 
3 785 728 731 
3 787 759 768 
3 833 717 765 
3 804 751 740 
3 763 745 771 
3 794 739 760 
3 755 770 781 
3 762 758 778 
3 784 773 715 
3 767 711 796 
3 765 749 783 
3 775 746 789 
3 817 726 769 
3 742 800 916 
3 788 756 772 
3 793 734 785 
5 801 741 718 648 841 
3 809 768 781 
3 782 754 786 
3 792 748 815 
3 778 767 807 
3 823 783 779 
3 814 771 782 
3 845 820 769 
3 792 776 761 
3 802 779 759 
3 805 762 806 
3 815 775 799 
3 799 772 790 
3 789 743 795 
3 803 760 825 
3 830 785 780 
3 826 796 776 
3 797 766 803 
3 819 790 797 
3 808 770 793 
3 795 794 803 
3 800 747 801 
3 835 788 789 
3 774 798 909 
3 913 798 777 
3 824 786 805 
4 822 797 794 791 
3 838 764 817 
3 811 802 787 
3 829 787 810 
3 809 781 808 
3 807 796 812 
3 810 778 807 
3 806 809 813 
3 851 805 829 
3 816 808 826 
3 810 818 869 
3 821 833 783 
3 827 780 788 
3 818 812 832 
3 855 804 773 
3 813 816 840 
3 828 834 795 
3 849 784 848 
3 846 814 823 
3 828 803 843 
3 821 782 824 
3 823 802 851 
3 791 725 854 
3 832 812 793 
3 830 815 835 
3 847 819 822 
3 863 811 806 
3 844 792 827 
3 908 757 842 
3 816 826 844 
3 842 763 814 
3 839 836 819 
3 827 799 836 
3 853 835 834 
3 860 751 838 
3 837 804 855 
3 857 834 847 
3 818 852 850 
3 777 640 891 
3 846 831 833 
3 859 822 854 
3 832 830 856 
3 848 784 918 
3 912 842 821 
3 865 839 828 
3 899 820 845 
3 873 877 820 
3 862 840 852 
3 876 824 811 
3 850 840 856 
3 856 836 857 
3 843 825 858 
3 877 838 817 
4 861 852 844 853 
3 864 853 839 
3 867 854 860 
3 866 872 843 
3 881 858 837 
3 875 862 856 
3 869 850 861 
3 874 829 868 
3 879 857 865 
3 864 847 872 
3 886 859 867 
3 895 866 858 
3 863 870 871 
3 870 813 862 
3 868 869 875 
3 868 883 893 
3 878 865 859 
3 907 849 897 
3 876 863 880 
3 870 861 879 
3 935 851 874 
3 881 855 849 
3 882 872 886 
3 882 875 864 
4 874 898 896 923 
3 906 860 877 
3 883 879 878 
3 871 882 885 
3 634 712 908 
3 883 892 888 
3 878 866 889 
3 952 647 321 
3 890 885 901 
3 892 886 895 
3 894 888 900 
3 841 647 952 
3 885 889 901 
3 898 871 894 
3 893 890 904 
3 889 867 905 
3 923 880 902 
3 903 873 899 
3 880 893 902 
3 897 848 918 
3 904 890 921 
3 888 892 905 
3 896 898 934 
3 910 897 937 
3 920 894 900 
4 921 901 895 906 
3 905 881 911 
3 910 911 873 
3 884 831 912 
3 919 800 913 
3 914 907 903 
3 922 906 907 
4 908 846 935 996 
3 909 801 966 
3 917 910 915 
3 924 914 929 
3 926 774 919 
3 933 922 914 
3 899 845 926 
3 916 909 953 
3 931 928 904 
3 900 905 925 
3 925 911 917 
3 927 880 896 
3 936 915 932 
3 930 921 922 
3 918 916 938 
3 943 923 945 
3 942 920 954 
3 944 915 940 
3 941 931 925 
3 954 920 930 
3 924 944 946 
3 941 917 939 
3 945 902 942 
3 912 876 957 
3 964 939 924 
3 903 938 949 
3 937 926 953 
3 947 933 936 
3 961 929 951 
3 947 930 933 
3 948 934 928 
3 957 927 950 
4 975 946 932 929 
3 927 934 948 
3 983 932 944 
3 964 941 939 
3 950 945 942 
3 951 937 969 
3 943 948 967 
3 940 949 955 
3 970 891 887 
3 938 919 966 
3 965 928 931 
3 958 951 956 
3 955 969 962 
3 935 943 996 
3 959 955 960 
3 976 961 958 
3 968 958 963 
3 975 940 959 
3 963 956 973 
3 960 962 972 
3 985 947 936 
3 967 954 974 
3 953 913 970 
3 971 950 965 
3 981 976 960 
3 956 949 978 
3 978 966 952 
3 996 967 980 
3 977 963 973 
3 972 962 978 
3 980 965 985 
3 986 944 961 
3 984 959 968 
3 979 972 978 
5 998 977 973 969 970 
3 998 982 977 
3 993 971 974 
3 982 984 968 
3 989 981 979 
3 989 988 946 
3 986 976 981 
3 974 964 987 
3 989 975 984 
3 992 985 988 
3 990 987 983 
4 991 983 986 982 
4 994 992 988 991 
3 997 990 989 
3 993 987 990 
3 996 980 992 
3 995 990 997 
3 996 994 998 
6 912 957 971 993 995 999 
3 994 991 998 
5 999 995 997 979 978 
2 996 998 
