3000
0 16 4792
1 46 6748
2 60 6564
3 68 7372
4 102 2944
5 106 2864
6 112 7140
7 116 7170
8 120 956
9 126 3246
10 134 5408
11 178 2338
12 190 1334
13 200 6626
14 204 4676
15 210 3190
16 216 5022
17 226 5612
18 246 6520
19 258 4864
20 264 832
21 270 4864
22 270 8144
23 272 18
24 282 6932
25 284 1354
26 286 4300
27 292 8610
28 298 6280
29 316 158
30 320 1072
31 372 2610
32 380 2138
33 396 6412
34 448 4594
35 464 5568
36 466 1078
37 478 218
38 478 5436
39 484 5400
40 490 6300
41 512 6870
42 530 5178
43 540 2090
44 582 5240
45 582 5490
46 606 298
47 608 4898
48 608 5420
49 614 3466
50 614 4578
51 618 5432
52 624 5254
53 660 7114
54 662 7018
55 670 2524
56 684 1162
57 686 870
58 694 282
59 722 7550
60 728 7594
61 740 1836
62 754 6432
63 780 6924
64 822 2522
65 824 7932
66 856 7670
67 874 1904
68 878 5224
69 890 4288
70 902 5616
71 904 1596
72 914 6380
73 918 3518
74 920 7618
75 936 198
76 938 1824
77 938 3816
78 948 242
79 950 1606
80 950 5518
81 954 1820
82 960 300
83 960 5546
84 964 2280
85 986 6822
86 990 2566
87 990 7046
88 1000 558
89 1002 4516
90 1062 7630
91 1076 4602
92 1084 4604
93 1086 4952
94 1094 7568
95 1108 5470
96 1116 4802
97 1128 2910
98 1128 2952
99 1128 4908
100 1140 2534
101 1140 7598
102 1164 160
103 1182 8608
104 1216 7942
105 1218 1952
106 1246 5330
107 1256 2470
108 1264 7798
109 1282 5376
110 1288 1552
111 1296 2904
112 1306 1530
113 1314 4752
114 1340 8622
115 1346 630
116 1366 5122
117 1378 886
118 1396 1314
119 1396 6324
120 1416 2522
121 1444 5138
122 1486 2012
123 1514 6322
124 1540 7638
125 1562 4936
126 1572 6954
127 1572 7960
128 1578 2292
129 1582 1926
130 1584 2324
131 1600 7960
132 1604 242
133 1630 6788
134 1636 84
135 1646 6860
136 1652 2136
137 1656 1874
138 1682 2526
139 1682 4838
140 1694 1938
141 1694 7314
142 1730 7954
143 1752 4382
144 1766 2606
145 1778 4900
146 1792 1586
147 1826 4502
148 1834 2676
149 1838 1632
150 1860 5336
151 1874 5488
152 1884 2280
153 1890 3414
154 1908 604
155 1908 784
156 1908 4430
157 1910 6552
158 1922 5580
159 1924 6424
160 1930 7942
161 1932 5004
162 1940 572
163 1952 7320
164 1960 4906
165 1994 8628
166 2002 520
167 2002 802
168 2014 5656
169 2018 4512
170 2030 7280
171 2030 7814
172 2038 7286
173 2042 5796
174 2044 8544
175 2060 8654
176 2064 9476
177 2068 2152
178 2076 8956
179 2078 9044
180 2078 9554
181 2084 5142
182 2142 522
183 2168 8012
184 2178 3394
185 2180 6270
186 2204 7374
187 2212 206
188 2214 1158
189 2230 6140
190 2246 5742
191 2262 1990
192 2270 8572
193 2302 338
194 2302 7144
195 2310 7146
196 2336 2126
197 2338 7722
198 2342 6848
199 2342 9860
200 2374 6596
201 2394 4722
202 2400 6336
203 2412 1356
204 2412 2530
205 2430 1638
206 2430 5226
207 2436 2228
208 2446 4446
209 2448 4342
210 2450 6240
211 2468 6176
212 2472 8068
213 2488 6106
214 2502 1954
215 2516 2308
216 2526 4840
217 2536 5812
218 2538 5612
219 2540 6736
220 2544 2144
221 2582 10226
222 2588 4600
223 2590 4368
224 2596 4678
225 2612 6704
226 2616 2308
227 2624 6704
228 2632 5682
229 2632 6194
230 2638 7742
231 2652 6656
232 2654 4550
233 2672 4234
234 2676 7826
235 2684 1278
236 2710 450
237 2716 9872
238 2734 2318
239 2758 4412
240 2758 5780
241 2768 1722
242 2768 2308
243 2778 1952
244 2780 6410
245 2806 1682
246 2816 4404
247 2828 1000
248 2842 460
249 2864 716
250 2864 1670
251 2866 8178
252 2876 8000
253 2884 628
254 2886 4840
255 2954 7898
256 2964 526
257 2994 4770
258 3016 4604
259 3020 4636
260 3022 4554
261 3046 5476
262 3068 634
263 3078 8092
264 3082 646
265 3084 6804
266 3112 8108
267 3122 5694
268 3126 3742
269 3134 6340
270 3140 3176
271 3144 2864
272 3144 6496
273 3174 3364
274 3176 6482
275 3184 3888
276 3186 5068
277 3244 7394
278 3252 5478
279 3268 1554
280 3280 5360
281 3306 3782
282 3324 4582
283 3344 1458
284 3344 3966
285 3362 3782
286 3386 4876
287 3388 3922
288 3388 7284
289 3432 4568
290 3434 7308
291 3442 6668
292 3458 7000
293 3462 4930
294 3478 9762
295 3532 6458
296 3544 5222
297 3554 4440
298 3576 11952
299 3600 8084
300 3606 3812
301 3608 9848
302 3618 7800
303 3632 7638
304 3632 11308
305 3634 10634
306 3636 11280
307 3654 7012
308 3666 12140
309 3692 7980
310 3718 2634
311 3728 9040
312 3768 3208
313 3768 8590
314 3792 9692
315 3796 5736
316 3798 88
317 3808 12160
318 3828 3954
319 3834 7262
320 3838 6928
321 3838 7266
322 3848 5212
323 3852 9670
324 3852 12124
325 3870 162
326 3878 164
327 3884 2432
328 3888 6344
329 3892 5404
330 3894 4040
331 3896 6344
332 3908 12096
333 3926 9590
334 3934 7440
335 3938 3946
336 3946 7826
337 3948 1578
338 3972 6690
339 3992 7664
340 4004 8046
341 4006 8058
342 4014 5550
343 4014 5632
344 4036 5554
345 4050 3202
346 4062 7168
347 4068 6296
348 4080 3058
349 4094 2660
350 4096 2256
351 4098 2310
352 4100 114
353 4118 7516
354 4120 8004
355 4122 4068
356 4124 2490
357 4126 6352
358 4126 7616
359 4128 8674
360 4132 8768
361 4134 8694
362 4138 2960
363 4146 5916
364 4146 7868
365 4150 5416
366 4166 6446
367 4178 5410
368 4200 7188
369 4222 5774
370 4224 8664
371 4238 608
372 4260 4710
373 4274 11846
374 4300 3790
375 4316 4102
376 4334 11794
377 4340 8786
378 4352 7260
379 4366 11760
380 4386 7556
381 4388 866
382 4392 7614
383 4398 2990
384 4406 5192
385 4410 4116
386 4410 4658
387 4416 3160
388 4416 7918
389 4436 3824
390 4436 7710
391 4440 2936
392 4442 3592
393 4442 6364
394 4476 3972
395 4514 8816
396 4528 1248
397 4550 11572
398 4554 5704
399 4566 7656
400 4568 3456
401 4572 4824
402 4590 5576
403 4602 922
404 4624 8676
405 4642 7928
406 4646 7542
407 4666 682
408 4692 894
409 4692 5598
410 4694 774
411 4696 6518
412 4700 8686
413 4712 5698
414 4712 6368
415 4734 948
416 4734 4588
417 4738 7214
418 4750 11452
419 4752 5712
420 4752 7122
421 4762 8794
422 4794 584
423 4804 5684
424 4822 5246
425 4824 5244
426 4848 2902
427 4876 6556
428 4888 6160
429 4890 4704
430 4898 4998
431 4900 4982
432 4906 6172
433 4910 6752
434 4914 8038
435 4916 3912
436 4916 6846
437 4920 6498
438 4954 4444
439 4958 4452
440 4960 7346
441 4972 7358
442 4974 7550
443 4982 812
444 4994 5710
445 4996 11802
446 4998 7890
447 5004 6724
448 5014 8044
449 5016 6920
450 5022 8032
451 5030 7582
452 5036 6480
453 5040 10910
454 5054 5220
455 5082 7552
456 5084 6322
457 5090 11780
458 5094 7418
459 5098 5580
460 5124 6016
461 5130 4880
462 5150 6238
463 5152 7590
464 5172 8754
465 5176 7360
466 5180 5842
467 5204 8108
468 5210 4738
469 5254 11730
470 5262 4676
471 5266 7198
472 5270 6808
473 5294 7144
474 5304 10550
475 5314 4258
476 5352 4736
477 5356 4080
478 5356 6240
479 5360 5160
480 5360 5168
481 5362 5554
482 5364 8170
483 5376 5580
484 5398 6550
485 5404 2904
486 5406 4772
487 5408 686
488 5414 7588
489 5416 7644
490 5428 4700
491 5436 750
492 5480 2634
493 5482 8018
494 5488 450
495 5490 5806
496 5502 6710
497 5506 244
498 5508 6956
499 5512 426
500 5512 7608
501 5526 2808
502 5534 7206
503 5576 6914
504 5584 5392
505 5586 846
506 5586 5404
507 5590 11096
508 5594 522
509 5600 6042
510 5604 8242
511 5612 338
512 5626 5538
513 5650 11330
514 5658 11230
515 5670 5774
516 5676 7838
517 5702 8014
518 5704 544
519 5712 4762
520 5714 4756
521 5730 2566
522 5730 2734
523 5732 11460
524 5770 7706
525 5784 7702
526 5792 10734
527 5794 6910
528 5808 508
529 5814 374
530 5838 7842
531 5844 6890
532 5862 2610
533 5870 630
534 5882 2682
535 5884 5882
536 5902 11598
537 5916 6232
538 5920 5766
539 5924 6908
540 5946 8250
541 5970 622
542 5972 8148
543 5974 558
544 5976 526
545 5990 7086
546 6020 5030
547 6032 10894
548 6050 5556
549 6072 5454
550 6074 10546
551 6088 5702
552 6098 7690
553 6108 5412
554 6122 4964
555 6122 6106
556 6136 7026
557 6162 5562
558 6180 6930
559 6194 8336
560 6200 6390
561 6200 6630
562 6200 6632
563 6208 5906
564 6208 6700
565 6224 5118
566 6244 7052
567 6244 7622
568 6248 10508
569 6256 634
570 6266 6420
571 6268 10968
572 6286 8318
573 6288 6466
574 6288 7974
575 6310 720
576 6316 642
577 6340 3350
578 6340 8044
579 6344 6432
580 6356 6702
581 6364 7156
582 6384 9334
583 6418 606
584 6450 4052
585 6456 1694
586 6460 9612
587 6468 1842
588 6492 9520
589 6504 3974
590 6510 3154
591 6512 1608
592 6514 9464
593 6522 8750
594 6524 8504
595 6528 7688
596 6530 4466
597 6534 1662
598 6534 1768
599 6556 1924
600 6558 8984
601 6558 9196
602 6560 9338
603 6564 9034
604 6584 8984
605 6586 8792
606 6596 8692
607 6596 9144
608 6608 9282
609 6614 8654
610 6628 11784
611 6630 6898
612 6632 9092
613 6644 1112
614 6656 8650
615 6670 2006
616 6672 9420
617 6676 496
618 6680 1540
619 6690 952
620 6698 9532
621 6698 10940
622 6708 9184
623 6718 8950
624 6724 8894
625 6730 894
626 6732 4586
627 6736 11384
628 6738 2012
629 6748 2062
630 6772 8088
631 6778 728
632 6792 1032
633 6794 940
634 6802 4310
635 6804 2114
636 6804 11048
637 6806 9678
638 6808 2008
639 6810 11210
640 6814 10338
641 6818 4676
642 6826 8544
643 6832 8610
644 6834 556
645 6844 7420
646 6850 4270
647 6854 1964
648 6860 8160
649 6882 1246
650 6886 108
651 6890 1648
652 6890 9198
653 6892 7284
654 6900 6558
655 6908 780
656 6916 8592
657 6932 9134
658 6936 7704
659 6938 4278
660 6944 4714
661 6948 8992
662 6948 9566
663 6952 2210
664 6990 8748
665 6992 10096
666 7008 11316
667 7030 11758
668 7036 8546
669 7038 8502
670 7046 7112
671 7058 9192
672 7060 7612
673 7060 7826
674 7068 8554
675 7074 1620
676 7088 714
677 7088 4798
678 7094 4726
679 7108 1196
680 7110 8894
681 7120 708
682 7128 7194
683 7130 8784
684 7130 9146
685 7138 5338
686 7140 2708
687 7148 2716
688 7150 8850
689 7152 9670
690 7164 6100
691 7172 10774
692 7176 6166
693 7192 6054
694 7198 7634
695 7214 6714
696 7236 3096
697 7242 6266
698 7244 7772
699 7258 6208
700 7260 7300
701 7280 6136
702 7308 5948
703 7316 12462
704 7322 2196
705 7332 1952
706 7334 6432
707 7344 3704
708 7344 10810
709 7360 3774
710 7374 7340
711 7402 2214
712 7404 7658
713 7418 6356
714 7430 7664
715 7436 3684
716 7440 1614
717 7458 6008
718 7468 12606
719 7470 3874
720 7478 6830
721 7484 5948
722 7502 6942
723 7512 3760
724 7514 6028
725 7526 2708
726 7528 210
727 7538 7364
728 7574 9426
729 7578 4058
730 7596 7750
731 7600 8306
732 7602 2664
733 7606 146
734 7630 7318
735 7630 8684
736 7642 9324
737 7648 4022
738 7648 6352
739 7662 1936
740 7662 4116
741 7668 6422
742 7670 3744
743 7680 4174
744 7692 3536
745 7694 8208
746 7700 264
747 7702 908
748 7702 3354
749 7716 9762
750 7720 106
751 7742 8072
752 7752 244
753 7754 3904
754 7756 9630
755 7762 9326
756 7770 8982
757 7788 3842
758 7796 4546
759 7798 2188
760 7806 5502
761 7810 9052
762 7826 6444
763 7836 8604
764 7844 4072
765 7852 3470
766 7866 3722
767 7868 9330
768 7870 2888
769 7872 2856
770 7880 762
771 7882 550
772 7886 9632
773 7894 7472
774 7896 3514
775 7900 9092
776 7914 6148
777 7932 2868
778 7934 4776
779 7966 4736
780 7974 1232
781 7982 992
782 7986 8344
783 8002 4656
784 8008 10414
785 8010 11852
786 8014 10354
787 8014 10420
788 8016 9324
789 8022 6826
790 8024 1522
791 8024 9472
792 8024 10276
793 8030 12098
794 8048 3596
795 8062 6276
796 8066 10850
797 8076 12312
798 8082 3910
799 8102 5624
800 8106 10526
801 8110 4414
802 8120 8858
803 8122 4500
804 8128 8418
805 8130 9584
806 8144 5162
807 8144 5170
808 8150 4050
809 8154 1792
810 8158 3256
811 8164 6572
812 8170 6218
813 8180 8934
814 8192 9612
815 8200 1934
816 8216 1514
817 8218 12264
818 8222 6906
819 8230 7266
820 8230 10154
821 8232 1574
822 8250 9866
823 8252 8410
824 8260 9906
825 8262 11998
826 8268 126
827 8274 10176
828 8274 11098
829 8280 5242
830 8286 1358
831 8306 6776
832 8308 6752
833 8322 6868
834 8352 6554
835 8364 4042
836 8376 2450
837 8376 8840
838 8394 886
839 8426 10674
840 8446 4802
841 8450 5078
842 8456 1386
843 8468 9412
844 8470 1498
845 8470 7224
846 8478 6574
847 8480 1530
848 8486 6894
849 8488 9382
850 8490 1472
851 8490 2614
852 8510 11732
853 8514 3684
854 8520 1232
855 8520 2830
856 8526 11438
857 8530 1018
858 8550 6088
859 8550 11654
860 8556 11948
861 8558 5420
862 8566 218
863 8568 6158
864 8574 1176
865 8588 1166
866 8588 6044
867 8604 5786
868 8624 10530
869 8628 2608
870 8632 1820
871 8632 11660
872 8652 2658
873 8652 7342
874 8654 8772
875 8666 7706
876 8676 6164
877 8702 11436
878 8716 5438
879 8718 1310
880 8736 9390
881 8744 2772
882 8744 3558
883 8744 11418
884 8750 534
885 8758 1236
886 8770 5272
887 8784 5860
888 8790 1196
889 8794 5222
890 8794 5674
891 8820 2662
892 8820 6150
893 8824 2558
894 8826 3616
895 8842 6568
896 8844 3120
897 8864 11736
898 8870 7718
899 8876 3036
900 8890 3898
901 8908 5830
902 8922 9642
903 8932 1402
904 8932 2068
905 8956 2900
906 8960 6124
907 8962 5720
908 8968 4134
909 8976 5938
910 8984 2972
911 8994 4304
912 9006 8228
913 9014 698
914 9014 4498
915 9018 6160
916 9026 1802
917 9040 932
918 9040 3232
919 9040 7544
920 9044 2146
921 9048 4060
922 9052 1800
923 9054 5178
924 9064 5332
925 9070 3154
926 9072 766
927 9074 1258
928 9086 8768
929 9102 890
930 9106 9884
931 9112 10018
932 9124 1866
933 9134 3948
934 9144 2838
935 9152 6482
936 9164 5114
937 9168 5124
938 9170 3184
939 9178 1310
940 9178 3364
941 9200 892
942 9208 6146
943 9212 1138
944 9224 4046
945 9238 5214
946 9272 8454
947 9284 1074
948 9290 2290
949 9292 996
950 9292 4916
951 9300 5584
952 9304 4062
953 9322 1420
954 9336 11464
955 9338 902
956 9342 5672
957 9342 7544
958 9344 2042
959 9354 5262
960 9356 3092
961 9360 3466
962 9382 36
963 9392 1388
964 9404 7548
965 9406 3870
966 9410 2688
967 9410 11574
968 9412 712
969 9424 1846
970 9426 3010
971 9428 9848
972 9454 100
973 9478 4106
974 9482 930
975 9494 10660
976 9496 4118
977 9506 8760
978 9516 1856
979 9530 190
980 9532 9606
981 9532 10236
982 9534 3524
983 9538 186
984 9552 8002
985 9552 10724
986 9554 3676
987 9554 8138
988 9574 5160
989 9574 11608
990 9576 11274
991 9578 2596
992 9588 770
993 9608 5344
994 9626 942
995 9628 4076
996 9628 5346
997 9628 5544
998 9634 1320
999 9634 1348
1000 9636 3752
1001 9654 9842
1002 9666 3712
1003 9666 8220
1004 9668 194
1005 9670 2846
1006 9676 3250
1007 9688 158
1008 9694 1030
1009 9702 2762
1010 9704 4398
1011 9706 4960
1012 9708 2218
1013 9714 9990
1014 9716 2164
1015 9716 3972
1016 9718 4320
1017 9742 4338
1018 9754 3412
1019 9762 912
1020 9814 9650
1021 9814 9742
1022 9816 3408
1023 9816 4202
1024 9826 10060
1025 9828 2780
1026 9828 6168
1027 9830 6034
1028 9830 6718
1029 9838 7324
1030 9842 2470
1031 9846 6996
1032 9850 7076
1033 9874 5802
1034 9884 7794
1035 9886 1912
1036 9886 7076
1037 9890 7010
1038 9900 566
1039 9900 3104
1040 9902 3074
1041 9918 446
1042 9928 6530
1043 9928 7732
1044 9932 2138
1045 9936 3998
1046 9948 1392
1047 9956 1086
1048 9960 74
1049 9962 1778
1050 9972 1396
1051 9976 7100
1052 9986 2004
1053 10002 7852
1054 10016 5626
1055 10018 3090
1056 10028 3870
1057 10030 2834
1058 10036 1670
1059 10038 8002
1060 10044 4230
1061 10046 5126
1062 10054 5926
1063 10080 940
1064 10086 4244
1065 10086 7810
1066 10088 6324
1067 10114 3780
1068 10116 9816
1069 10122 1514
1070 10124 5368
1071 10134 3638
1072 10138 4970
1073 10144 5548
1074 10146 1294
1075 10152 2772
1076 10156 1656
1077 10160 5560
1078 10164 3234
1079 10164 5576
1080 10164 9810
1081 10170 3044
1082 10176 962
1083 10176 2748
1084 10194 3270
1085 10208 2288
1086 10212 2838
1087 10222 3090
1088 10224 810
1089 10224 4192
1090 10228 1750
1091 10242 3146
1092 10242 3632
1093 10246 5354
1094 10250 9844
1095 10252 1872
1096 10270 1766
1097 10296 6738
1098 10304 5176
1099 10306 6260
1100 10306 7604
1101 10308 3694
1102 10318 5118
1103 10326 6962
1104 10332 5170
1105 10342 6302
1106 10358 7050
1107 10362 1928
1108 10386 5874
1109 10386 6068
1110 10390 1338
1111 10392 346
1112 10392 872
1113 10394 6694
1114 10400 6324
1115 10402 6982
1116 10404 6432
1117 10406 9812
1118 10410 764
1119 10410 1490
1120 10412 3154
1121 10418 4388
1122 10420 3300
1123 10424 10744
1124 10428 294
1125 10430 728
1126 10440 6180
1127 10468 3406
1128 10472 2410
1129 10472 4608
1130 10494 3500
1131 10494 4766
1132 10496 9814
1133 10502 3182
1134 10506 4454
1135 10506 5248
1136 10520 2406
1137 10522 3720
1138 10522 4984
1139 10526 2644
1140 10528 10048
1141 10538 5172
1142 10544 4448
1143 10550 4952
1144 10552 5034
1145 10574 3428
1146 10578 1236
1147 10578 5304
1148 10584 3054
1149 10610 5852
1150 10622 6178
1151 10634 3788
1152 10634 6546
1153 10638 7562
1154 10648 1838
1155 10654 1650
1156 10656 1172
1157 10666 5226
1158 10668 8042
1159 10682 5682
1160 10696 8204
1161 10708 2202
1162 10710 2784
1163 10714 3104
1164 10716 5246
1165 10728 2966
1166 10742 2788
1167 10748 8774
1168 10764 1760
1169 10770 5144
1170 10804 4888
1171 10808 3388
1172 10810 3762
1173 10820 1440
1174 10822 6644
1175 10832 4964
1176 10842 4224
1177 10846 926
1178 10846 2794
1179 10848 1028
1180 10848 10358
1181 10852 9864
1182 10860 1988
1183 10866 740
1184 10866 7986
1185 10872 3066
1186 10874 770
1187 10874 1028
1188 10880 7968
1189 10888 1928
1190 10888 2078
1191 10898 2500
1192 10902 1032
1193 10908 4894
1194 10914 9880
1195 10916 10100
1196 10918 9924
1197 10918 10290
1198 10920 8768
1199 10930 2936
1200 10934 1444
1201 10938 3630
1202 10944 2784
1203 10950 2788
1204 10968 1708
1205 10974 4916
1206 10984 3560
1207 10988 3402
1208 10998 914
1209 11000 2998
1210 11004 4434
1211 11006 7530
1212 11014 4320
1213 11024 1170
1214 11028 5524
1215 11040 34
1216 11040 6090
1217 11042 4114
1218 11044 946
1219 11074 4658
1220 11096 1256
1221 11102 3212
1222 11102 4868
1223 11110 2536
1224 11112 1274
1225 11122 5214
1226 11126 3854
1227 11136 2692
1228 11158 5230
1229 11164 428
1230 11192 1796
1231 11192 3252
1232 11198 1468
1233 11206 2132
1234 11208 5232
1235 11210 3216
1236 11214 1000
1237 11216 3492
1238 11218 1844
1239 11220 324
1240 11242 370
1241 11246 3680
1242 11248 2288
1243 11250 3752
1244 11264 672
1245 11268 1496
1246 11278 494
1247 11284 1420
1248 11290 8342
1249 11296 4366
1250 11302 5206
1251 11312 1428
1252 11324 4088
1253 11326 2440
1254 11328 620
1255 11330 8186
1256 11332 1022
1257 11336 140
1258 11338 3914
1259 11342 2052
1260 11346 36
1261 11350 3890
1262 11354 10706
1263 11358 932
1264 11376 3354
1265 11386 5020
1266 11388 1318
1267 11388 3786
1268 11390 10362
1269 11396 144
1270 11406 1022
1271 11412 2662
1272 11418 1276
1273 11418 2372
1274 11422 240
1275 11424 868
1276 11430 2394
1277 11430 3816
1278 11440 2580
1279 11446 3216
1280 11468 3432
1281 11476 1940
1282 11480 812
1283 11480 5572
1284 11482 3348
1285 11482 5638
1286 11484 2448
1287 11486 4298
1288 11502 2566
1289 11506 1594
1290 11508 3632
1291 11520 1882
1292 11520 5246
1293 11532 4868
1294 11536 5486
1295 11542 2944
1296 11548 484
1297 11550 6256
1298 11552 2470
1299 11556 968
1300 11564 1524
1301 11572 4018
1302 11574 3290
1303 11576 6118
1304 11582 5702
1305 11586 2134
1306 11590 5970
1307 11594 3102
1308 11594 10714
1309 11606 4090
1310 11622 1836
1311 11630 2160
1312 11630 4824
1313 11636 2712
1314 11642 1898
1315 11642 3934
1316 11674 4420
1317 11676 1624
1318 11684 2328
1319 11686 3998
1320 11696 1086
1321 11700 3996
1322 11704 804
1323 11704 3572
1324 11710 2850
1325 11720 6288
1326 11724 3758
1327 11730 1604
1328 11736 1526
1329 11736 8226
1330 11740 5058
1331 11748 1546
1332 11770 2322
1333 11790 10322
1334 11792 6100
1335 11796 1726
1336 11802 3710
1337 11806 4034
1338 11816 1646
1339 11824 10292
1340 11832 1634
1341 11836 328
1342 11852 242
1343 11854 4152
1344 11876 2942
1345 11880 4062
1346 11880 4436
1347 11884 3772
1348 11890 634
1349 11906 1442
1350 11918 5926
1351 11918 9630
1352 11926 1522
1353 11926 10274
1354 11942 5896
1355 11946 3880
1356 11950 1960
1357 11954 2726
1358 11966 4150
1359 11970 2590
1360 11972 636
1361 11990 1458
1362 12004 1284
1363 12004 3054
1364 12006 834
1365 12006 1574
1366 12008 5488
1367 12022 2626
1368 12022 5356
1369 12030 4632
1370 12036 5186
1371 12044 5362
1372 12044 6394
1373 12048 842
1374 12058 2478
1375 12060 3626
1376 12062 1228
1377 12080 5988
1378 12088 4968
1379 12090 708
1380 12092 10708
1381 12110 3622
1382 12124 9664
1383 12128 5416
1384 12134 8788
1385 12136 5226
1386 12138 1898
1387 12140 5486
1388 12148 1648
1389 12168 3720
1390 12170 2424
1391 12192 704
1392 12216 3912
1393 12224 2378
1394 12224 3580
1395 12226 704
1396 12230 4726
1397 12234 596
1398 12242 2038
1399 12272 8448
1400 12308 1510
1401 12320 4808
1402 12322 5208
1403 12352 3098
1404 12354 4810
1405 12360 7274
1406 12366 4216
1407 12368 104
1408 12368 3680
1409 12388 384
1410 12396 3670
1411 12400 1970
1412 12410 7366
1413 12412 5208
1414 12420 8188
1415 12430 454
1416 12432 5170
1417 12454 1494
1418 12464 688
1419 12464 1820
1420 12472 4382
1421 12478 1500
1422 12486 1972
1423 12504 5998
1424 12528 8854
1425 12532 6888
1426 12548 1996
1427 12568 4500
1428 12568 7596
1429 12570 8070
1430 12572 3290
1431 12576 5964
1432 12580 3760
1433 12582 1888
1434 12586 1864
1435 12590 10644
1436 12594 8074
1437 12596 3472
1438 12600 7136
1439 12600 9420
1440 12602 10576
1441 12604 5096
1442 12608 9672
1443 12616 9554
1444 12638 4832
1445 12638 9450
1446 12644 5128
1447 12648 3924
1448 12654 3688
1449 12656 6786
1450 12666 3470
1451 12668 2764
1452 12670 4738
1453 12672 3346
1454 12674 5586
1455 12680 5494
1456 12682 4916
1457 12688 1230
1458 12694 7632
1459 12696 4676
1460 12698 4106
1461 12700 3024
1462 12700 5416
1463 12700 8574
1464 12718 5402
1465 12720 772
1466 12730 5356
1467 12738 5286
1468 12738 7954
1469 12748 5610
1470 12748 8660
1471 12758 1878
1472 12762 5260
1473 12766 2508
1474 12772 8874
1475 12774 7908
1476 12782 7260
1477 12788 2452
1478 12802 2794
1479 12804 2802
1480 12810 606
1481 12814 3476
1482 12818 4338
1483 12824 2608
1484 12826 2362
1485 12832 1622
1486 12836 6830
1487 12840 5086
1488 12840 5630
1489 12862 4226
1490 12868 1168
1491 12874 1690
1492 12876 1164
1493 12878 9492
1494 12880 1276
1495 12898 9484
1496 12902 6022
1497 12916 842
1498 12916 5340
1499 12918 4104
1500 12924 2134
1501 12924 4940
1502 12928 10290
1503 12936 218
1504 12936 3642
1505 12936 9512
1506 12940 7452
1507 12942 262
1508 12944 5486
1509 12946 2332
1510 12946 9292
1511 12948 7416
1512 12956 260
1513 12958 5438
1514 12974 6022
1515 12976 1666
1516 12976 2198
1517 12976 9184
1518 12982 9352
1519 12984 3266
1520 12986 2622
1521 12986 4878
1522 12996 5186
1523 13022 8730
1524 13026 1064
1525 13036 5164
1526 13044 6632
1527 13048 10460
1528 13050 9472
1529 13050 10202
1530 13052 11822
1531 13054 5944
1532 13064 4626
1533 13074 5850
1534 13078 4034
1535 13080 7008
1536 13082 2746
1537 13084 4718
1538 13084 7600
1539 13084 7616
1540 13094 7576
1541 13096 7944
1542 13098 7568
1543 13114 8428
1544 13116 7388
1545 13118 4610
1546 13120 6598
1547 13122 8688
1548 13128 8202
1549 13132 6608
1550 13138 1400
1551 13142 716
1552 13144 7878
1553 13150 6678
1554 13154 624
1555 13158 636
1556 13168 7706
1557 13170 7034
1558 13174 90
1559 13174 2372
1560 13182 5786
1561 13206 6852
1562 13206 8870
1563 13218 7098
1564 13222 1704
1565 13222 7958
1566 13224 7916
1567 13228 1554
1568 13232 8188
1569 13232 8292
1570 13234 2152
1571 13236 4870
1572 13248 6136
1573 13252 12358
1574 13254 4118
1575 13260 7706
1576 13270 8288
1577 13280 1932
1578 13282 378
1579 13304 2598
1580 13318 6254
1581 13322 6574
1582 13336 1252
1583 13336 3796
1584 13336 7190
1585 13352 7110
1586 13372 3676
1587 13374 6124
1588 13388 5336
1589 13392 482
1590 13398 7288
1591 13412 914
1592 13416 550
1593 13418 1686
1594 13424 2072
1595 13428 9026
1596 13436 1590
1597 13436 7088
1598 13448 5058
1599 13452 5790
1600 13462 5104
1601 13470 8744
1602 13474 6450
1603 13476 966
1604 13482 608
1605 13482 1544
1606 13486 5294
1607 13494 3142
1608 13494 5812
1609 13508 3272
1610 13518 1336
1611 13532 4304
1612 13538 7032
1613 13548 5292
1614 13562 3542
1615 13570 6150
1616 13572 6854
1617 13576 2000
1618 13600 6230
1619 13612 6706
1620 13624 50
1621 13632 2754
1622 13632 6000
1623 13634 1182
1624 13642 1928
1625 13642 5696
1626 13644 12066
1627 13646 450
1628 13650 1188
1629 13666 5206
1630 13666 12224
1631 13682 100
1632 13690 5778
1633 13694 816
1634 13694 7592
1635 13696 4752
1636 13700 2552
1637 13700 6826
1638 13710 12176
1639 13720 2616
1640 13726 4750
1641 13726 6186
1642 13732 2228
1643 13738 6248
1644 13768 8022
1645 13786 2038
1646 13788 2210
1647 13800 2878
1648 13802 5400
1649 13802 5590
1650 13804 34
1651 13812 5614
1652 13814 2140
1653 13816 4896
1654 13820 2830
1655 13822 6368
1656 13842 8
1657 13842 3028
1658 13852 5368
1659 13854 3848
1660 13856 1876
1661 13858 7030
1662 13866 7496
1663 13870 7164
1664 13874 3414
1665 13888 234
1666 13894 170
1667 13894 3318
1668 13894 5322
1669 13900 4634
1670 13904 2146
1671 13906 3310
1672 13912 4150
1673 13912 5562
1674 13916 686
1675 13916 4502
1676 13918 8158
1677 13920 5560
1678 13922 2118
1679 13936 3408
1680 13950 5860
1681 13958 2998
1682 13960 726
1683 13962 1624
1684 13964 5164
1685 13972 1888
1686 13972 7430
1687 13976 3856
1688 13994 2282
1689 13994 5010
1690 13996 1144
1691 14000 3922
1692 14006 598
1693 14010 6672
1694 14024 6904
1695 14030 7042
1696 14034 7126
1697 14046 7176
1698 14048 6500
1699 14050 1892
1700 14052 1238
1701 14066 3462
1702 14084 7746
1703 14090 5544
1704 14100 620
1705 14100 1170
1706 14120 3698
1707 14142 5078
1708 14156 12372
1709 14166 328
1710 14166 7114
1711 14168 1094
1712 14170 7216
1713 14172 222
1714 14182 6484
1715 14190 356
1716 14204 4526
1717 14204 8390
1718 14208 3974
1719 14208 9362
1720 14210 6270
1721 14216 3856
1722 14218 6398
1723 14224 6642
1724 14232 5918
1725 14248 4168
1726 14256 4628
1727 14260 2690
1728 14260 4302
1729 14262 876
1730 14266 1300
1731 14274 2514
1732 14286 3464
1733 14294 6636
1734 14300 8142
1735 14304 4934
1736 14310 5122
1737 14312 7996
1738 14314 3112
1739 14366 6866
1740 14370 500
1741 14378 4010
1742 14380 732
1743 14380 1620
1744 14382 3046
1745 14392 4344
1746 14396 1330
1747 14396 10862
1748 14404 5830
1749 14416 1068
1750 14418 6516
1751 14426 4938
1752 14448 3394
1753 14452 4876
1754 14460 12214
1755 14462 6200
1756 14466 4070
1757 14466 11562
1758 14470 1508
1759 14474 218
1760 14476 11624
1761 14482 3442
1762 14482 5098
1763 14486 5032
1764 14486 6648
1765 14490 1976
1766 14494 3412
1767 14494 10912
1768 14496 2648
1769 14498 2806
1770 14510 3908
1771 14510 6632
1772 14532 3446
1773 14532 5908
1774 14546 744
1775 14564 7630
1776 14568 2492
1777 14568 10910
1778 14570 3932
1779 14572 7712
1780 14582 2436
1781 14586 2970
1782 14596 11192
1783 14610 3672
1784 14610 6760
1785 14612 5182
1786 14636 2878
1787 14636 11206
1788 14638 3636
1789 14664 4260
1790 14674 4458
1791 14674 6330
1792 14674 11136
1793 14678 5930
1794 14682 7074
1795 14682 13212
1796 14684 4326
1797 14690 12818
1798 14692 12570
1799 14696 3320
1800 14700 12368
1801 14702 4384
1802 14706 3670
1803 14710 2178
1804 14710 6220
1805 14716 4032
1806 14722 7722
1807 14732 1370
1808 14740 5226
1809 14742 354
1810 14746 778
1811 14776 1118
1812 14784 7642
1813 14786 574
1814 14794 1760
1815 14794 6094
1816 14800 4828
1817 14822 5614
1818 14828 620
1819 14830 1392
1820 14836 912
1821 14850 6002
1822 14876 718
1823 14878 13082
1824 14880 7834
1825 14894 6694
1826 14898 3470
1827 14902 180
1828 14912 5774
1829 14920 4274
1830 14922 2366
1831 14936 4330
1832 14936 5290
1833 14938 3966
1834 14942 1530
1835 14956 4246
1836 14962 526
1837 14968 2024
1838 14970 5974
1839 14970 6034
1840 14982 4150
1841 14984 4004
1842 14992 3308
1843 14992 5290
1844 15014 4090
1845 15016 190
1846 15020 5970
1847 15024 3096
1848 15038 2454
1849 15040 2762
1850 15044 2774
1851 15056 4708
1852 15068 3376
1853 15078 2530
1854 15082 594
1855 15096 6426
1856 15126 3434
1857 15142 5036
1858 15142 6024
1859 15148 5618
1860 15160 2944
1861 15182 224
1862 15184 6254
1863 15190 5210
1864 15198 11380
1865 15208 6748
1866 15212 518
1867 15220 6016
1868 15220 7546
1869 15226 13856
1870 15238 1282
1871 15256 4666
1872 15260 13596
1873 15264 3060
1874 15266 4502
1875 15268 11532
1876 15274 442
1877 15274 6752
1878 15276 3054
1879 15276 4680
1880 15282 64
1881 15284 6774
1882 15288 13682
1883 15292 590
1884 15292 11612
1885 15300 784
1886 15300 3410
1887 15304 13766
1888 15310 3420
1889 15316 5270
1890 15320 630
1891 15320 6030
1892 15330 13696
1893 15334 4466
1894 15336 5786
1895 15362 5758
1896 15366 7624
1897 15398 3264
1898 15402 3330
1899 15406 13520
1900 15414 11198
1901 15418 3768
1902 15430 2000
1903 15432 2170
1904 15434 7792
1905 15444 2332
1906 15474 4604
1907 15484 3366
1908 15484 5900
1909 15490 4992
1910 15490 7592
1911 15506 5464
1912 15512 2330
1913 15528 6318
1914 15538 5726
1915 15540 2878
1916 15546 924
1917 15552 868
1918 15552 2590
1919 15566 5212
1920 15572 12328
1921 15590 8174
1922 15596 5216
1923 15600 11748
1924 15614 6248
1925 15616 7322
1926 15618 826
1927 15628 12228
1928 15630 7212
1929 15634 2222
1930 15652 2580
1931 15662 2386
1932 15674 86
1933 15678 3306
1934 15682 4780
1935 15690 6516
1936 15696 1696
1937 15698 5186
1938 15700 11602
1939 15702 7430
1940 15724 3838
1941 15726 4904
1942 15734 11726
1943 15744 6648
1944 15748 6362
1945 15756 5792
1946 15758 12012
1947 15762 6256
1948 15794 5950
1949 15798 3956
1950 15804 2830
1951 15804 7794
1952 15806 7620
1953 15810 6424
1954 15818 2824
1955 15838 5640
1956 15838 10520
1957 15840 7574
1958 15840 10218
1959 15848 7716
1960 15852 6958
1961 15852 7938
1962 15854 11262
1963 15858 3434
1964 15858 3966
1965 15860 7076
1966 15868 7054
1967 15870 2538
1968 15870 8624
1969 15870 9436
1970 15872 4390
1971 15878 11948
1972 15888 6744
1973 15894 4366
1974 15896 4964
1975 15906 506
1976 15908 4150
1977 15916 8182
1978 15916 9406
1979 15918 7384
1980 15918 9076
1981 15928 6154
1982 15930 8212
1983 15932 11882
1984 15938 3964
1985 15940 5618
1986 15960 2588
1987 15974 7080
1988 15980 7710
1989 15986 2694
1990 15998 3494
1991 16012 2458
1992 16014 5540
1993 16026 11636
1994 16030 12262
1995 16036 2922
1996 16040 8106
1997 16044 674
1998 16050 6140
1999 16054 11700
2000 16056 3810
2001 16058 2602
2002 16064 11546
2003 16066 6144
2004 16068 9904
2005 16070 4962
2006 16072 4972
2007 16076 9342
2008 16088 12354
2009 16096 5012
2010 16096 8056
2011 16098 9868
2012 16114 10050
2013 16120 6448
2014 16124 3966
2015 16126 2934
2016 16126 7314
2017 16134 6202
2018 16140 872
2019 16150 8454
2020 16154 3314
2021 16170 4040
2022 16174 8066
2023 16188 6776
2024 16190 5456
2025 16194 6336
2026 16194 7972
2027 16210 6686
2028 16216 4056
2029 16216 5128
2030 16236 11554
2031 16240 3522
2032 16240 5584
2033 16244 5750
2034 16288 6304
2035 16296 7676
2036 16306 4652
2037 16308 11858
2038 16314 3922
2039 16318 2680
2040 16330 10406
2041 16352 9848
2042 16360 12112
2043 16368 5744
2044 16370 5204
2045 16376 5620
2046 16380 1632
2047 16380 10418
2048 16388 10802
2049 16414 552
2050 16416 4276
2051 16420 5426
2052 16426 9440
2053 16430 4634
2054 16432 5120
2055 16440 10310
2056 16448 11936
2057 16450 10388
2058 16456 7222
2059 16464 4270
2060 16472 3766
2061 16490 3842
2062 16514 3750
2063 16514 7686
2064 16538 3838
2065 16540 4706
2066 16546 5806
2067 16554 6340
2068 16570 12022
2069 16572 7230
2070 16586 12236
2071 16618 5342
2072 16622 4042
2073 16642 10606
2074 16652 3804
2075 16654 1952
2076 16656 5756
2077 16666 1006
2078 16678 5732
2079 16688 2808
2080 16694 1004
2081 16706 6464
2082 16710 10494
2083 16712 4422
2084 16714 4442
2085 16714 7180
2086 16740 6166
2087 16744 5844
2088 16744 6656
2089 16752 6576
2090 16756 5410
2091 16768 2986
2092 16776 3676
2093 16778 5284
2094 16780 6492
2095 16790 6486
2096 16790 8504
2097 16792 2418
2098 16808 7246
2099 16818 5358
2100 16822 672
2101 16824 6426
2102 16828 3774
2103 16828 7214
2104 16838 4222
2105 16878 5406
2106 16878 7180
2107 16908 7762
2108 16914 7714
2109 16918 4090
2110 16924 4778
2111 16932 6430
2112 16936 7702
2113 16938 5382
2114 16964 5320
2115 16970 2354
2116 16978 54
2117 16984 4498
2118 16984 4514
2119 17008 11062
2120 17034 74
2121 17038 7686
2122 17044 10954
2123 17054 11862
2124 17058 2794
2125 17062 4526
2126 17062 7570
2127 17086 2244
2128 17092 10690
2129 17094 4520
2130 17094 6464
2131 17102 3660
2132 17108 10922
2133 17116 3678
2134 17126 5576
2135 17134 18
2136 17140 4444
2137 17160 4048
2138 17160 9912
2139 17164 7770
2140 17170 926
2141 17174 10932
2142 17176 3342
2143 17178 3708
2144 17188 9660
2145 17190 10466
2146 17192 4516
2147 17220 9068
2148 17222 3932
2149 17226 7258
2150 17234 3926
2151 17236 1830
2152 17238 1688
2153 17238 11666
2154 17252 10474
2155 17252 12114
2156 17254 8034
2157 17260 5598
2158 17262 5594
2159 17262 9780
2160 17266 4712
2161 17266 9566
2162 17266 9910
2163 17274 10198
2164 17276 9962
2165 17278 5608
2166 17282 6606
2167 17282 7182
2168 17286 10304
2169 17288 4746
2170 17296 10648
2171 17316 10582
2172 17328 6320
2173 17342 246
2174 17350 6210
2175 17356 7098
2176 17360 3810
2177 17370 11106
2178 17378 4498
2179 17378 10230
2180 17380 4254
2181 17384 8998
2182 17392 8710
2183 17392 11656
2184 17396 4858
2185 17400 3328
2186 17402 3234
2187 17406 5684
2188 17418 3214
2189 17418 7102
2190 17428 3836
2191 17436 4898
2192 17438 8468
2193 17440 5116
2194 17442 7520
2195 17470 3190
2196 17476 46
2197 17490 4676
2198 17500 2274
2199 17512 5392
2200 17538 6206
2201 17538 12040
2202 17544 2180
2203 17544 2270
2204 17552 7574
2205 17556 4092
2206 17562 2192
2207 17590 5226
2208 17600 8876
2209 17608 640
2210 17618 2694
2211 17618 11250
2212 17622 5308
2213 17630 9312
2214 17636 3954
2215 17636 7540
2216 17638 9062
2217 17658 11988
2218 17680 9328
2219 17684 8990
2220 17686 9038
2221 17688 7140
2222 17702 5360
2223 17704 7134
2224 17714 7186
2225 17722 4960
2226 17722 5282
2227 17742 7136
2228 17770 4458
2229 17776 4960
2230 17788 6460
2231 17800 8762
2232 17808 7064
2233 17808 7642
2234 17810 5866
2235 17844 5962
2236 17850 8812
2237 17870 830
2238 17874 2266
2239 17892 12096
2240 17900 2074
2241 17904 7986
2242 17908 3696
2243 17918 4098
2244 17930 3590
2245 17932 3592
2246 17934 10062
2247 17936 3228
2248 17942 10346
2249 17948 9592
2250 17954 10260
2251 17966 10862
2252 17968 10502
2253 17968 10772
2254 17972 3938
2255 17978 4804
2256 17982 4954
2257 17986 3602
2258 17986 5532
2259 17988 5380
2260 17988 7970
2261 18020 6422
2262 18020 6470
2263 18036 3924
2264 18046 3200
2265 18048 5172
2266 18050 3476
2267 18060 2634
2268 18070 4346
2269 18074 2010
2270 18082 2906
2271 18082 4008
2272 18086 2622
2273 18092 2686
2274 18094 8836
2275 18108 4130
2276 18112 1628
2277 18116 5972
2278 18116 7540
2279 18134 5544
2280 18136 6764
2281 18144 9436
2282 18146 8000
2283 18172 5410
2284 18172 10248
2285 18186 5570
2286 18188 3412
2287 18190 8836
2288 18196 3742
2289 18208 3816
2290 18222 5580
2291 18224 9786
2292 18224 10280
2293 18232 6428
2294 18240 3168
2295 18254 6264
2296 18254 6266
2297 18268 6780
2298 18270 7350
2299 18274 6336
2300 18278 4470
2301 18284 6556
2302 18288 6334
2303 18308 1826
2304 18308 4036
2305 18308 10344
2306 18320 4028
2307 18322 8770
2308 18326 6512
2309 18330 4502
2310 18334 3216
2311 18342 9838
2312 18350 7674
2313 18352 7532
2314 18354 7662
2315 18356 6490
2316 18366 4522
2317 18368 5826
2318 18372 6442
2319 18398 3268
2320 18398 7524
2321 18404 9430
2322 18426 12440
2323 18428 7428
2324 18434 8664
2325 18446 5238
2326 18446 10108
2327 18454 2946
2328 18468 7174
2329 18484 6524
2330 18500 458
2331 18500 8288
2332 18504 5530
2333 18508 5532
2334 18508 8342
2335 18512 6868
2336 18516 9668
2337 18516 9722
2338 18528 3206
2339 18538 1856
2340 18556 2522
2341 18564 6066
2342 18578 8690
2343 18582 6718
2344 18584 2466
2345 18586 3144
2346 18602 4640
2347 18604 8030
2348 18614 4546
2349 18618 7192
2350 18634 8842
2351 18640 1040
2352 18640 6014
2353 18656 4102
2354 18664 4570
2355 18666 4514
2356 18684 4800
2357 18696 6414
2358 18708 7052
2359 18718 7478
2360 18736 2654
2361 18762 5422
2362 18762 6002
2363 18764 4318
2364 18788 6068
2365 18788 7944
2366 18790 6068
2367 18796 8944
2368 18800 1662
2369 18804 8252
2370 18808 8290
2371 18822 5558
2372 18844 4932
2373 18852 8584
2374 18854 9418
2375 18858 8802
2376 18862 8330
2377 18878 5896
2378 18884 2000
2379 18884 5948
2380 18892 2340
2381 18894 5348
2382 18898 5168
2383 18900 3866
2384 18910 3222
2385 18934 1492
2386 18942 3066
2387 18942 7174
2388 18948 2926
2389 18950 5610
2390 18954 2760
2391 18956 7290
2392 18962 1034
2393 18968 6000
2394 18984 3112
2395 18990 12756
2396 18994 2004
2397 19000 7932
2398 19004 1894
2399 19018 8156
2400 19020 7884
2401 19038 4614
2402 19044 3518
2403 19052 5502
2404 19054 7854
2405 19056 4806
2406 19056 5934
2407 19070 3994
2408 19070 4672
2409 19088 3148
2410 19094 2968
2411 19100 3550
2412 19114 6148
2413 19120 4992
2414 19120 7846
2415 19126 6442
2416 19130 2852
2417 19134 806
2418 19142 542
2419 19148 5446
2420 19160 4984
2421 19166 2200
2422 19170 3424
2423 19170 5552
2424 19180 4188
2425 19186 1574
2426 19186 2736
2427 19188 2186
2428 19192 3428
2429 19198 4102
2430 19200 8500
2431 19220 382
2432 19242 5234
2433 19250 6496
2434 19270 5470
2435 19272 4004
2436 19272 8268
2437 19284 4452
2438 19300 3412
2439 19302 1830
2440 19308 324
2441 19308 5358
2442 19328 2756
2443 19336 5574
2444 19344 550
2445 19344 3982
2446 19344 8350
2447 19350 5274
2448 19360 5830
2449 19370 7890
2450 19380 4684
2451 19384 3014
2452 19386 6186
2453 19388 4680
2454 19396 3722
2455 19410 2478
2456 19410 5352
2457 19414 1898
2458 19414 4836
2459 19416 5888
2460 19420 7818
2461 19430 5340
2462 19436 8288
2463 19450 6050
2464 19478 548
2465 19484 2548
2466 19484 3684
2467 19496 5172
2468 19512 8210
2469 19516 4100
2470 19518 7960
2471 19522 7318
2472 19532 3574
2473 19540 8066
2474 19544 7270
2475 19574 4472
2476 19586 4752
2477 19590 7128
2478 19602 7258
2479 19612 4144
2480 19614 7130
2481 19616 5258
2482 19622 3972
2483 19622 4682
2484 19636 2660
2485 19642 7828
2486 19648 9330
2487 19682 5598
2488 19684 5688
2489 19694 5678
2490 19696 7204
2491 19700 2774
2492 19704 6538
2493 19718 3850
2494 19720 294
2495 19724 6980
2496 19730 10480
2497 19744 5306
2498 19760 3132
2499 19774 4652
2500 19780 2852
2501 19786 6146
2502 19796 7000
2503 19796 7046
2504 19804 5774
2505 19860 60
2506 19860 2120
2507 19864 3568
2508 19870 7698
2509 19870 7880
2510 19908 4382
2511 19940 6084
2512 19944 4470
2513 19954 5866
2514 19974 5492
2515 19974 7868
2516 19978 3972
2517 19980 11816
2518 19992 5064
2519 19996 11520
2520 20004 4162
2521 20006 10524
2522 20016 3360
2523 20038 3630
2524 20070 5918
2525 20090 5520
2526 20124 11408
2527 20164 1668
2528 20168 7694
2529 20172 328
2530 20176 4586
2531 20178 10624
2532 20188 4586
2533 20220 4720
2534 20226 3474
2535 20236 2790
2536 20244 5062
2537 20246 1674
2538 20256 4964
2539 20260 7686
2540 20286 5702
2541 20296 806
2542 20298 5696
2543 20298 11410
2544 20310 5216
2545 20328 5998
2546 20332 5172
2547 20332 11040
2548 20362 5652
2549 20380 5292
2550 20400 11506
2551 20406 5254
2552 20422 3234
2553 20426 7684
2554 20480 4806
2555 20500 1772
2556 20514 1530
2557 20516 1364
2558 20518 3822
2559 20532 3128
2560 20552 1068
2561 20560 5190
2562 20562 3926
2563 20572 4498
2564 20574 4810
2565 20610 5938
2566 20612 1828
2567 20616 5952
2568 20632 1708
2569 20634 234
2570 20642 2188
2571 20644 2426
2572 20644 5336
2573 20668 2018
2574 20676 202
2575 20686 5996
2576 20722 8932
2577 20726 7722
2578 20732 2618
2579 20740 9950
2580 20746 4978
2581 20776 2554
2582 20808 4186
2583 20808 6336
2584 20810 8996
2585 20812 3036
2586 20816 1672
2587 20816 4212
2588 20820 1762
2589 20864 1828
2590 20878 2554
2591 20878 4946
2592 20886 1736
2593 20894 6122
2594 20906 736
2595 20928 4916
2596 20938 7648
2597 20978 7792
2598 20984 2922
2599 21010 2554
2600 21022 6186
2601 21064 5324
2602 21072 4442
2603 21076 4282
2604 21096 7874
2605 21098 2456
2606 21122 3606
2607 21142 3502
2608 21146 4862
2609 21148 5828
2610 21158 3546
2611 21182 3286
2612 21192 2792
2613 21196 4158
2614 21198 5676
2615 21208 2000
2616 21216 2648
2617 21226 3638
2618 21250 3148
2619 21262 1044
2620 21266 10860
2621 21270 2182
2622 21274 3238
2623 21278 5050
2624 21296 9336
2625 21298 8098
2626 21314 7724
2627 21330 2794
2628 21338 9078
2629 21344 9484
2630 21346 3700
2631 21352 3486
2632 21362 9322
2633 21364 7706
2634 21372 9352
2635 21376 3114
2636 21406 2090
2637 21432 4802
2638 21446 5328
2639 21462 8558
2640 21468 6370
2641 21470 4672
2642 21486 6334
2643 21526 9804
2644 21552 2568
2645 21568 6184
2646 21570 2000
2647 21572 9882
2648 21588 8608
2649 21598 1770
2650 21620 4732
2651 21638 1846
2652 21650 9926
2653 21656 1068
2654 21700 5330
2655 21712 5548
2656 21738 9356
2657 21746 10018
2658 21760 5374
2659 21770 6694
2660 21776 234
2661 21778 5068
2662 21788 5796
2663 21808 11360
2664 21810 6206
2665 21814 924
2666 21818 6004
2667 21832 10178
2668 21836 9804
2669 21838 2216
2670 21852 3614
2671 21852 7648
2672 21854 1936
2673 21888 166
2674 21918 5552
2675 21952 5840
2676 21958 11976
2677 21972 5454
2678 21974 5364
2679 21978 7628
2680 21988 1620
2681 22008 5822
2682 22012 6182
2683 22024 5726
2684 22040 6710
2685 22060 2462
2686 22074 8064
2687 22082 12178
2688 22092 2052
2689 22098 12336
2690 22106 7628
2691 22108 6100
2692 22112 7726
2693 22114 6016
2694 22114 7856
2695 22124 7494
2696 22126 7816
2697 22144 36
2698 22156 5450
2699 22166 1924
2700 22170 7562
2701 22176 2202
2702 22178 7904
2703 22180 10060
2704 22188 1924
2705 22202 5324
2706 22210 5314
2707 22214 5214
2708 22246 5894
2709 22248 2794
2710 22254 1272
2711 22258 1180
2712 22260 5170
2713 22286 1494
2714 22288 2292
2715 22290 1000
2716 22292 2112
2717 22300 5820
2718 22348 11930
2719 22350 5244
2720 22362 5050
2721 22380 9870
2722 22402 1756
2723 22406 12078
2724 22416 12168
2725 22450 10116
2726 22456 6026
2727 22466 6098
2728 22516 2998
2729 22530 340
2730 22532 294
2731 22536 3646
2732 22548 12136
2733 22552 5430
2734 22562 6692
2735 22564 1924
2736 22568 270
2737 22582 6952
2738 22608 12028
2739 22610 2288
2740 22612 2354
2741 22612 2734
2742 22616 2780
2743 22632 1464
2744 22660 7670
2745 22660 11910
2746 22674 1996
2747 22674 2830
2748 22680 2964
2749 22686 5804
2750 22688 5464
2751 22724 2250
2752 22734 1600
2753 22740 3088
2754 22752 6030
2755 22770 5204
2756 22788 5058
2757 22816 7684
2758 22822 8484
2759 22836 11936
2760 22838 564
2761 22844 11886
2762 22848 3982
2763 22848 5780
2764 22852 3684
2765 22856 6214
2766 22858 1364
2767 22874 8552
2768 22888 670
2769 22894 3580
2770 22902 6382
2771 22906 6418
2772 22918 586
2773 22920 2008
2774 22950 3306
2775 22954 420
2776 22954 7628
2777 22968 1946
2778 22970 5754
2779 22970 5756
2780 22998 3376
2781 22998 5600
2782 23004 5122
2783 23004 5830
2784 23022 5858
2785 23028 3242
2786 23030 1366
2787 23030 2000
2788 23044 3074
2789 23046 7612
2790 23066 6776
2791 23084 3680
2792 23102 742
2793 23108 850
2794 23132 11028
2795 23134 622
2796 23134 3108
2797 23136 8236
2798 23138 3090
2799 23182 2576
2800 23194 2012
2801 23198 7140
2802 23246 6710
2803 23250 2736
2804 23260 2068
2805 23262 2732
2806 23264 5334
2807 23310 1622
2808 23316 3482
2809 23350 2226
2810 23352 6268
2811 23374 5454
2812 23376 2406
2813 23386 2816
2814 23412 8594
2815 23416 6220
2816 23420 1304
2817 23430 2688
2818 23434 2684
2819 23448 7656
2820 23496 7458
2821 23536 2924
2822 23540 610
2823 23544 706
2824 23548 1318
2825 23564 1306
2826 23568 3688
2827 23582 7348
2828 23592 892
2829 23612 7320
2830 23632 2146
2831 23676 2850
2832 23738 1196
2833 23738 5090
2834 23746 5920
2835 23770 5562
2836 23784 238
2837 23784 6752
2838 23786 5608
2839 23790 274
2840 23806 854
2841 23812 890
2842 23814 1366
2843 23818 3828
2844 23818 8466
2845 23844 8568
2846 23858 610
2847 23858 8304
2848 23914 8256
2849 23954 2252
2850 23958 2506
2851 23994 452
2852 23998 2144
2853 23998 5954
2854 24002 5778
2855 24024 7688
2856 24036 548
2857 24054 6462
2858 24056 230
2859 24056 876
2860 24074 6742
2861 24088 6122
2862 24094 1758
2863 24102 4172
2864 24106 608
2865 24110 1164
2866 24128 1426
2867 24136 3946
2868 24154 6134
2869 24162 464
2870 24168 7842
2871 24178 8676
2872 24180 1750
2873 24188 970
2874 24198 5198
2875 24212 1898
2876 24220 7662
2877 24222 1018
2878 24226 5750
2879 24290 6120
2880 24294 398
2881 24308 5650
2882 24310 1896
2883 24314 1218
2884 24318 998
2885 24322 1980
2886 24328 902
2887 24338 758
2888 24392 4636
2889 24422 7704
2890 24452 1878
2891 24452 6210
2892 24492 4662
2893 24494 1422
2894 24494 1572
2895 24494 6244
2896 24520 6210
2897 24544 608
2898 24548 7394
2899 24568 4524
2900 24580 7530
2901 24594 1948
2902 24600 1504
2903 24612 2010
2904 24620 3980
2905 24624 1810
2906 24648 7464
2907 24672 5588
2908 24680 3468
2909 24686 6796
2910 24700 7464
2911 24706 592
2912 24708 5186
2913 24718 1474
2914 24720 2684
2915 24732 662
2916 24734 5186
2917 24758 6274
2918 24764 6742
2919 24772 5984
2920 24784 4490
2921 24786 5500
2922 24794 1698
2923 24798 2448
2924 24834 4116
2925 24844 1680
2926 24850 40
2927 24852 1436
2928 24852 6824
2929 24880 1580
2930 24890 4292
2931 24894 370
2932 24904 6200
2933 24904 6212
2934 24904 6798
2935 24934 1168
2936 24944 1812
2937 24954 2952
2938 24986 2984
2939 24996 4154
2940 25000 3382
2941 25000 4236
2942 25010 4254
2943 25018 2240
2944 25030 6158
2945 25036 2248
2946 25038 5902
2947 25048 5652
2948 25056 1314
2949 25056 5190
2950 25058 2726
2951 25058 7766
2952 25066 1824
2953 25086 6356
2954 25086 7302
2955 25088 2080
2956 25090 2566
2957 25102 2612
2958 25102 7406
2959 25108 6130
2960 25116 1530
2961 25116 6202
2962 25124 7696
2963 25124 8488
2964 25130 7622
2965 25160 2534
2966 25170 1128
2967 25170 2586
2968 25180 2014
2969 25210 3936
2970 25228 6340
2971 25234 5186
2972 25256 3030
2973 25272 2190
2974 25290 3252
2975 25300 5746
2976 25306 6178
2977 25312 3980
2978 25318 5740
2979 25338 1514
2980 25344 3638
2981 25344 4060
2982 25352 4996
2983 25378 7528
2984 25388 7612
2985 25398 5034
2986 25400 5994
2987 25438 3858
2988 25462 5780
2989 25464 5908
2990 25466 8440
2991 25474 2094
2992 25484 3890
2993 25492 7282
2994 25510 3668
2995 25526 2326
2996 25532 2390
2997 25534 7684
2998 25550 6214
2999 25564 2634
2 1 8 
7 6 7 3 0 4 2 13 
3 1 10 17 
2 27 1 
3 1 8 5 
3 9 4 8 
4 65 7 1 24 
3 22 1 6 
6 12 5 4 0 23 20 
3 10 5 11 
3 2 9 14 
3 15 9 12 
3 25 11 8 
3 24 1 18 
3 16 10 15 
3 26 14 11 
3 17 14 19 
3 2 16 39 
3 13 28 33 
3 21 16 26 
3 30 8 29 
3 42 19 34 
3 103 27 7 
7 962 134 102 75 29 8 1656 
3 6 13 41 
3 32 12 30 
3 19 15 31 
3 308 3 22 
3 18 38 35 
3 37 20 23 
3 36 25 20 
3 26 32 43 
3 31 25 36 
3 41 18 40 
3 21 49 50 
3 28 38 45 
3 32 30 57 
3 58 46 29 
3 35 28 39 
3 38 17 42 
3 53 33 45 
3 60 24 33 
3 44 39 21 
3 55 31 56 
3 48 42 47 
3 40 35 48 
3 88 37 58 
3 52 44 50 
3 51 45 44 
3 34 55 64 
3 47 34 73 
3 54 48 52 
3 51 47 69 
3 59 40 54 
3 53 51 62 
3 49 43 61 
4 71 61 43 57 
3 56 36 88 
3 82 46 37 
4 60 53 63 72 
4 66 65 41 59 
3 67 55 56 
3 63 54 68 
3 59 62 70 
3 49 67 84 
3 114 6 60 
3 104 60 74 
3 64 61 76 
3 62 69 97 
3 68 52 77 
3 63 89 80 
3 79 76 56 
3 85 59 83 
3 77 50 86 
4 90 66 87 94 
3 132 78 23 
3 67 71 81 
3 69 73 100 
3 166 82 75 
3 81 71 110 
3 83 70 93 
3 84 76 79 
3 162 58 78 
3 72 80 95 
3 86 64 81 
3 87 72 119 
3 73 84 105 
3 74 85 126 
3 115 57 46 
3 91 70 98 
3 108 74 101 
3 92 93 89 
3 96 91 111 
3 80 91 99 
3 101 74 141 
3 119 83 106 
3 99 92 113 
3 98 68 100 
3 89 97 107 
3 106 93 96 
3 97 77 105 
3 124 90 94 
3 187 132 23 
3 114 180 22 
3 165 66 108 
3 100 86 110 
3 109 95 99 
3 111 98 112 
3 127 104 90 
3 123 106 116 
3 105 79 112 
3 92 107 120 
3 107 110 118 
3 116 96 130 
3 176 103 65 
3 117 88 154 
3 121 109 113 
3 129 118 115 
3 122 112 117 
3 85 95 123 
3 111 122 128 
3 150 116 125 
3 120 118 129 
3 133 119 109 
3 171 101 163 
3 121 138 139 
3 141 87 135 
3 131 174 108 
3 130 120 136 
3 122 117 137 
3 138 113 128 
3 313 127 142 
3 193 75 102 
3 135 123 151 
3 316 187 23 
3 126 133 157 
3 152 128 140 
3 140 129 146 
3 144 125 130 
3 145 125 143 
3 136 137 149 
3 163 94 126 
3 183 131 160 
3 147 139 153 
3 148 138 152 
3 161 139 147 
3 149 137 155 
3 145 143 156 
3 153 144 207 
3 140 146 188 
3 151 121 161 
3 158 133 150 
3 144 136 177 
3 143 148 184 
3 155 115 162 
3 167 146 154 
3 169 147 184 
3 135 159 185 
3 168 159 151 
3 157 158 173 
3 183 142 171 
3 150 145 164 
3 154 82 166 
3 124 141 170 
3 181 161 169 
3 175 178 104 
3 182 162 78 
3 188 155 249 
3 190 173 158 
3 201 164 156 
3 172 163 185 
3 160 124 197 
3 186 197 170 
3 189 159 168 
3 192 175 127 
3 294 165 174 
3 180 114 179 
3 152 191 196 
3 237 179 165 
3 199 176 178 
3 199 103 176 
3 206 190 164 
3 253 166 236 
3 212 142 160 
3 156 153 204 
3 170 157 189 
3 230 172 194 
4 193 102 134 325 
3 203 149 167 
3 202 185 173 
3 211 168 181 
3 196 177 205 
3 313 311 174 
3 236 132 187 
3 195 186 198 
3 277 194 292 
3 207 177 191 
3 234 171 172 
3 194 200 219 
3 221 180 179 
3 198 202 210 
3 216 169 208 
3 200 189 210 
3 205 188 235 
3 209 184 207 
3 214 191 203 
3 218 181 216 
4 215 204 148 196 
3 222 201 209 
3 223 208 204 
3 200 202 211 
3 210 190 213 
3 251 183 252 
3 219 211 217 
3 238 220 205 
3 233 207 220 
3 206 201 224 
3 229 213 218 
3 228 217 206 
3 198 213 225 
3 226 215 214 
3 298 199 237 
3 224 208 232 
3 239 209 233 
3 254 216 222 
3 227 219 229 
3 273 268 220 
3 265 225 231 
4 240 218 254 261 
3 225 217 240 
3 255 234 186 
3 227 244 272 
3 258 222 239 
3 246 223 215 
3 252 197 230 
3 241 203 247 
3 248 182 193 
3 221 178 294 
3 270 214 242 
3 232 223 246 
3 229 228 267 
3 243 235 245 
3 271 238 243 
3 310 242 241 
3 231 267 269 
3 241 247 250 
3 260 239 233 
3 245 235 249 
3 256 236 326 
3 247 167 253 
3 327 245 279 
3 370 212 266 
3 263 212 234 
3 262 249 182 
3 228 224 257 
3 299 263 230 
3 262 248 494 
3 276 254 259 
3 259 232 260 
3 257 258 282 
3 258 246 268 
3 228 276 280 
3 264 253 256 
3 266 252 255 
3 283 262 371 
3 292 227 291 
3 404 251 263 
3 244 240 278 
3 275 260 226 
3 274 244 315 
3 273 238 271 
3 312 270 242 
3 231 274 295 
3 281 226 270 
3 272 269 328 
3 284 282 268 
3 261 257 286 
3 302 195 288 
3 315 267 280 
3 351 250 283 
3 278 261 296 
3 285 284 273 
3 286 259 275 
3 337 279 264 
4 289 275 281 287 
3 287 281 312 
3 293 276 282 
3 284 285 300 
3 290 277 307 
3 293 284 297 
3 303 288 319 
3 338 265 295 
3 307 195 265 
3 296 286 289 
4 301 304 237 175 
3 291 272 331 
4 329 280 293 322 
3 372 289 330 
3 308 221 304 
3 412 255 309 
3 318 287 345 
3 305 294 314 
3 309 277 303 
3 336 302 290 
3 298 294 306 
3 379 306 301 
3 324 304 305 
3 288 292 320 
4 317 1869 27 298 
3 341 299 302 
3 349 362 243 
3 314 192 360 
3 285 271 348 
3 359 192 131 
3 301 311 323 
3 269 278 343 
3 352 134 962 
3 1869 308 324 
3 330 300 335 
3 321 290 346 
3 346 307 338 
3 380 334 319 
3 367 296 384 
3 474 314 333 
3 317 306 332 
4 497 326 187 352 
3 499 248 325 
3 356 349 250 
3 331 274 363 
3 365 342 296 
3 386 297 318 
3 295 328 347 
3 718 324 373 
3 323 395 421 
3 353 339 321 
3 355 318 374 
3 340 303 339 
3 350 283 396 
3 320 291 366 
4 364 336 334 358 
3 341 336 354 
3 464 309 340 
3 344 343 329 
3 369 315 342 
3 398 342 365 
3 392 300 348 
3 368 319 320 
3 357 331 363 
3 345 312 362 
3 383 310 327 
3 426 351 337 
3 356 279 350 
3 325 316 650 
3 382 358 334 
3 582 340 364 
3 375 430 335 
3 391 327 351 
3 393 366 347 
3 390 339 353 
3 361 313 370 
3 377 311 361 
3 377 360 359 
3 387 348 310 
3 347 328 369 
3 388 354 339 
3 344 329 367 
3 420 338 357 
3 402 365 322 
3 417 378 346 
3 363 343 398 
3 404 359 251 
3 381 264 422 
3 384 297 386 
3 332 376 445 
3 389 335 392 
3 385 416 355 
3 373 379 513 
3 395 360 361 
3 442 406 368 
3 376 305 397 
3 399 321 406 
4 403 396 371 407 
3 399 390 353 
3 387 349 391 
3 424 322 372 
3 439 375 394 
3 401 372 330 
3 400 362 383 
3 405 601 364 
3 435 394 374 
3 405 358 382 
3 383 356 426 
3 374 345 400 
3 414 411 357 
3 438 385 389 
3 333 377 421 
3 492 337 381 
3 379 453 418 
3 369 344 413 
3 446 382 380 
3 435 392 387 
3 454 425 386 
3 409 413 367 
3 521 381 408 
3 412 370 266 
3 434 388 390 
3 493 380 378 
3 410 381 422 
3 415 403 410 
3 423 402 424 
3 443 408 407 
3 427 433 393 
3 464 404 299 
3 419 398 402 
3 437 393 428 
3 532 408 443 
3 429 431 375 
3 440 368 420 
3 397 453 507 
3 428 413 423 
3 417 366 436 
3 333 395 464 
3 407 371 508 
3 444 419 409 
3 409 384 425 
3 459 424 401 
3 485 391 350 
3 447 411 437 
3 432 414 419 
3 461 480 416 
3 454 355 431 
3 506 430 416 
3 456 428 460 
3 436 411 447 
3 448 603 405 
3 475 389 400 
3 449 420 433 
3 427 414 452 
3 470 439 394 
3 468 385 438 
3 441 417 471 
3 458 442 440 
3 451 378 441 
3 415 410 487 
3 466 423 459 
3 703 373 457 
3 493 450 399 
3 472 433 427 
3 467 434 450 
3 498 473 436 
3 467 448 446 
3 517 442 455 
3 484 437 456 
3 418 397 474 
3 481 401 430 
3 463 451 458 
3 452 432 462 
3 610 445 469 
3 455 441 465 
3 483 444 425 
3 462 432 466 
3 479 429 468 
3 478 456 460 
3 489 542 455 
4 588 421 412 341 
3 488 458 471 
3 460 444 495 
3 482 448 450 
3 461 439 470 
3 457 523 536 
3 476 468 438 
4 500 465 440 473 
3 503 447 496 
3 502 471 449 
3 526 453 323 
3 490 435 477 
2 486 470 
3 520 475 485 
3 484 462 509 
3 480 461 486 
3 504 429 479 
3 483 454 512 
3 510 600 467 
3 515 459 481 
3 496 452 478 
3 477 426 501 
3 479 476 490 
3 491 443 518 
3 500 489 465 
3 516 463 488 
3 519 486 475 
3 505 532 487 
3 522 501 396 
3 540 446 406 
3 508 256 499 
3 509 466 515 
3 531 472 484 
4 529 511 325 726 
3 502 449 503 
3 494 326 511 
3 524 488 471 
3 554 485 492 
3 525 473 498 
3 498 472 527 
3 506 480 519 
3 585 491 533 
3 512 431 504 
3 514 418 526 
3 518 422 494 
3 537 478 495 
3 540 593 482 
3 528 499 497 
3 538 481 506 
3 523 376 514 
3 513 507 547 
3 535 495 483 
3 530 572 489 
3 542 559 451 
3 487 508 528 
3 504 490 520 
3 546 519 477 
3 534 522 403 
4 584 596 492 521 
3 469 513 627 
3 530 500 525 
3 524 502 552 
3 507 474 550 
3 545 503 531 
4 541 533 518 511 
4 617 583 544 497 
3 574 516 524 
3 539 527 496 
3 534 415 491 
3 591 505 528 
3 577 521 532 
3 555 515 538 
3 667 469 627 
3 560 562 509 
3 535 512 548 
3 558 556 531 
3 559 510 493 
4 575 613 528 543 
3 572 517 463 
2 541 544 
3 569 543 529 
3 567 527 556 
3 549 520 554 
3 571 514 568 
3 551 538 549 
3 548 546 553 
3 526 586 568 
3 563 555 548 
3 574 525 567 
3 557 549 565 
3 565 546 501 
3 570 535 551 
3 566 545 539 
3 654 563 553 
3 566 539 564 
3 594 540 517 
3 570 561 537 
2 562 560 
3 564 537 561 
3 579 551 557 
3 580 558 562 
3 690 553 554 
3 581 556 558 
3 595 552 545 
3 547 550 640 
3 576 575 544 
3 573 560 555 
3 639 547 621 
3 594 542 516 
3 580 570 579 
3 578 530 552 
3 619 541 569 
3 625 569 583 
3 589 534 590 
3 630 594 574 
3 611 573 563 
3 611 564 573 
3 645 595 566 
3 602 592 354 
3 631 576 529 
3 626 522 589 
3 598 587 505 
3 640 550 588 
3 599 590 585 
3 586 464 592 
3 634 584 577 
3 707 577 587 
3 597 533 618 
3 620 588 582 
3 605 510 606 
4 609 559 572 578 
3 630 567 581 
3 626 693 522 
3 647 598 591 
3 628 585 597 
3 615 686 587 
3 604 603 482 
3 608 388 607 
3 616 582 608 
3 612 434 600 
3 657 600 623 
3 624 593 643 
3 593 609 614 
3 622 601 612 
3 602 601 622 
3 606 594 614 
3 793 457 667 
3 653 580 579 
3 671 607 603 
3 649 618 541 
3 606 609 642 
3 629 635 599 
3 662 620 602 
3 644 529 746 
3 651 591 613 
3 632 575 633 
3 637 592 616 
3 636 571 691 
3 652 608 607 
3 661 604 624 
3 623 605 664 
3 780 633 576 
3 641 596 584 
3 536 523 666 
3 629 598 638 
3 663 615 628 
3 648 578 595 
3 655 583 676 
3 679 649 619 
3 816 619 625 
3 660 589 646 
3 663 725 615 
3 639 621 708 
3 665 620 662 
3 704 628 647 
3 666 571 636 
4 691 568 586 665 
3 660 685 626 
3 643 614 648 
3 605 642 656 
3 770 681 617 
3 658 581 653 
3 659 634 709 
3 638 597 705 
3 642 630 658 
3 675 613 632 
3 733 352 750 
3 705 618 675 
3 728 622 671 
3 645 611 670 
3 695 670 557 
3 780 631 676 
3 664 643 668 
3 684 671 604 
3 648 645 672 
3 678 646 729 
3 677 641 634 
3 684 623 680 
3 689 637 616 
3 732 635 629 
3 683 624 656 
3 784 640 637 
3 859 627 639 
3 785 610 536 
3 674 656 669 
3 668 673 698 
3 682 653 654 
4 736 652 612 657 
3 673 658 682 
3 669 672 694 
3 683 668 731 
3 739 651 649 
3 655 631 681 
3 685 660 678 
3 677 659 743 
3 790 716 632 
3 756 661 688 
3 747 676 644 
3 700 672 670 
3 688 664 674 
3 755 657 661 
3 702 641 677 
3 687 696 599 
3 748 686 725 
3 680 683 735 
3 749 786 662 
3 692 565 693 
3 708 621 640 
3 697 695 690 
3 699 690 596 
3 698 673 700 
3 722 654 692 
3 715 707 686 
3 706 692 699 
3 669 694 712 
4 713 697 693 701 
3 710 694 682 
3 699 702 717 
3 721 701 685 
3 718 445 797 
3 711 732 638 
3 759 647 651 
3 720 697 713 
3 709 590 696 
3 796 636 691 
3 719 646 707 
3 727 712 700 
3 851 704 759 
3 714 698 710 
3 741 706 699 
3 730 712 727 
3 723 719 696 
3 815 739 679 
3 724 701 721 
3 1887 332 703 
3 729 709 715 
3 722 706 789 
3 717 702 760 
3 734 695 720 
3 737 715 742 
3 776 738 717 
3 768 687 635 
3 752 497 733 
3 714 710 734 
3 754 652 736 
3 740 659 719 
3 751 714 773 
3 735 674 745 
3 769 663 704 
3 726 650 826 
3 773 727 722 
3 756 688 731 
3 755 728 671 
3 740 723 753 
3 762 741 724 
3 836 675 716 
3 743 729 737 
3 789 713 738 
3 753 723 744 
3 758 678 740 
3 757 742 748 
3 763 731 751 
3 771 617 752 
3 781 854 681 
3 765 744 687 
3 792 689 754 
3 826 650 1048 
3 782 745 730 
3 746 726 862 
3 764 737 742 
3 772 749 728 
3 767 736 684 
3 761 680 735 
3 764 744 766 
3 778 760 743 
3 836 711 705 
3 799 721 758 
3 775 767 756 
3 811 831 738 
3 775 745 782 
3 783 753 757 
3 774 748 768 
3 801 757 774 
3 791 755 761 
3 765 725 769 
3 777 768 732 
3 838 644 771 
3 770 746 884 
3 822 754 805 
3 730 734 819 
3 794 766 765 
3 788 761 763 
3 812 795 724 
3 810 769 855 
3 806 758 779 
3 829 778 783 
3 830 625 655 
4 857 865 864 747 
3 804 763 751 
3 779 764 803 
3 787 665 786 
3 825 667 852 
3 784 689 792 
3 800 784 827 
3 791 775 802 
3 818 720 741 
3 821 809 679 
3 805 767 788 
3 786 749 820 
3 817 610 825 
3 798 774 810 
3 834 776 812 
3 828 708 800 
3 1882 703 817 
3 808 801 794 
3 858 760 807 
3 839 796 787 
3 803 766 798 
3 813 788 804 
3 841 783 801 
3 802 782 823 
3 814 772 791 
3 829 807 778 
3 867 799 806 
3 840 798 835 
3 904 815 790 
3 853 794 777 
3 832 762 834 
3 795 776 863 
3 849 802 837 
3 822 805 843 
3 893 716 809 
3 847 821 633 
3 1795 797 793 
3 819 789 833 
3 773 818 845 
3 827 792 824 
3 870 790 816 
3 824 772 814 
3 837 804 875 
3 820 822 843 
3 793 785 860 
3 733 750 972 
3 787 820 902 
3 856 796 839 
3 861 806 779 
3 842 844 780 
3 833 762 832 
3 831 811 846 
3 848 818 831 
3 846 811 795 
3 886 808 853 
3 869 759 739 
3 813 823 874 
3 917 857 770 
3 828 800 868 
3 878 841 808 
3 861 803 840 
3 850 830 854 
3 824 814 849 
3 847 830 850 
3 873 819 848 
3 832 834 895 
3 870 816 844 
3 1031 845 833 
3 880 843 813 
3 916 844 842 
3 872 855 711 
3 897 785 859 
3 835 810 882 
3 879 842 747 
3 896 777 851 
3 871 828 877 
3 943 781 838 
3 863 799 866 
3 871 852 666 
3 1573 825 897 
3 890 829 841 
3 752 983 979 
3 876 812 858 
3 885 781 865 
3 888 864 781 
3 858 867 887 
3 887 866 807 
3 839 931 981 
3 891 872 836 
3 904 821 847 
3 897 859 856 
3 881 851 869 
3 919 875 845 
3 837 912 928 
3 898 823 873 
3 935 863 892 
3 967 856 883 
3 890 840 886 
3 903 854 885 
3 902 849 928 
3 910 899 872 
4 894 900 853 896 
3 954 877 975 
3 913 771 1041 
3 939 879 864 
3 878 835 889 
3 866 867 901 
3 998 927 865 
3 886 914 923 
3 901 861 878 
3 905 869 893 
3 915 876 906 
3 891 815 920 
3 933 882 918 
3 1028 846 935 
3 882 855 899 
4 860 852 871 989 
3 912 875 919 
3 925 896 881 
3 921 908 882 
4 909 887 890 907 
3 930 827 880 
3 953 922 879 
3 920 809 870 
3 910 891 934 
3 942 892 909 
3 901 924 951 
3 911 900 921 
3 906 901 956 
4 960 938 881 905 
3 1010 914 908 
3 946 874 898 
3 968 926 884 
3 950 889 911 
3 1066 892 942 
3 932 850 922 
3 949 838 929 
3 940 894 925 
3 957 898 873 
3 948 893 904 
3 908 900 944 
3 932 916 903 
3 924 889 936 
3 907 923 937 
3 938 918 899 
3 941 929 913 
3 999 939 888 
3 880 874 946 
3 941 917 926 
3 931 902 977 
3 868 930 971 
3 958 916 922 
3 952 944 894 
3 970 905 966 
3 1042 895 876 
3 937 923 950 
3 945 924 936 
3 1018 925 910 
3 963 885 927 
3 961 965 918 
3 955 929 926 
3 1026 915 906 
3 998 857 947 
3 952 921 933 
3 959 951 937 
3 928 912 987 
3 943 949 1008 
3 966 920 958 
3 947 917 974 
3 988 936 914 
3 956 907 945 
3 973 944 933 
3 969 903 963 
3 967 883 990 
3 1019 974 941 
3 1027 909 951 
3 964 919 1032 
3 948 932 969 
3 993 997 945 
3 1006 910 970 
3 982 986 940 
3 316 23 1215 
3 953 939 999 
3 984 957 1029 
3 973 940 986 
3 934 948 991 
3 989 877 954 
3 992 913 1038 
3 978 958 953 
3 960 934 1005 
3 931 980 1001 
3 1007 826 1048 
3 976 952 965 
3 994 949 955 
4 985 883 981 1024 
3 1016 973 995 
3 930 1003 1053 
3 1014 969 1049 
3 1004 862 983 
3 1020 971 1059 
3 975 868 1013 
3 1002 961 1018 
3 979 862 1007 
3 987 964 1034 
3 990 975 1140 
3 1000 965 961 
3 1003 946 984 
3 996 950 1011 
4 1530 897 967 1262 
3 954 985 1123 
3 1009 966 1012 
3 1088 1019 968 
3 996 997 959 
3 1082 1008 974 
3 1023 976 1015 
3 1054 993 988 
3 1033 959 993 
3 1046 888 943 
3 1046 963 927 
3 1015 986 1002 
3 1013 971 1021 
3 1056 1000 982 
3 977 987 1034 
3 1274 1124 979 
3 970 1009 1025 
3 1022 960 1039 
3 983 972 1257 
3 1047 947 994 
3 1005 991 1030 
3 1011 911 1016 
3 1061 988 1010 
3 991 1014 1044 
3 1024 981 1001 
3 1012 978 1035 
3 1045 995 1000 
3 1017 1010 976 
3 1072 1016 1023 
3 982 938 1022 
3 1063 955 992 
3 1021 980 1167 
3 1068 1001 1020 
3 1071 1018 1006 
3 1060 1017 995 
3 975 1013 1068 
3 1040 1005 1085 
3 1099 942 1027 
4 1026 956 1033 1062 
3 1031 895 1042 
3 1043 964 1051 
3 1009 1044 1095 
3 1037 848 1028 
3 1036 957 1037 
3 1027 997 1054 
3 1003 984 1043 
3 1052 1014 1049 
3 1051 1032 1103 
3 1032 1031 1097 
3 1125 968 1041 
3 1006 1040 1055 
3 1039 1025 1057 
3 1038 884 1111 
3 1028 935 1066 
3 1053 1034 1029 
3 1030 1012 1052 
3 1060 1015 1056 
3 1050 999 998 
3 1156 1074 1008 
3 972 750 1215 
3 1035 978 1058 
3 1069 1046 1074 
3 1029 1036 1106 
3 1044 1035 1090 
3 977 1043 1065 
3 1033 996 1073 
3 1078 1039 1081 
3 1045 1002 1067 
3 1040 1085 1075 
3 1049 1069 1076 
3 1158 980 1065 
3 1064 1023 1045 
3 1070 1011 1072 
3 1027 1079 1108 
3 1082 1019 1112 
3 1121 1060 1089 
3 1059 1053 1100 
3 1042 915 1105 
3 1056 1071 1101 
3 1024 1021 1080 
3 1058 1050 1110 
3 1073 1061 1102 
3 1067 1022 1092 
3 1061 1017 1129 
3 1077 1054 1070 
3 1110 1050 1047 
3 1086 1057 1083 
3 1090 1058 1119 
3 1079 1073 1093 
3 1084 1055 1091 
3 1062 1077 1135 
3 1094 1068 1198 
3 1087 1055 1086 
3 1179 994 1063 
3 1075 1128 1139 
3 1122 1092 1078 
3 1057 1025 1107 
3 1081 1075 1162 
3 1091 1081 1166 
3 1112 992 1118 
3 1121 1064 1151 
3 1096 1052 1076 
3 1120 1078 1087 
3 1101 1071 1084 
3 1077 1098 1104 
3 1140 1080 1117 
3 1107 1030 1096 
3 1095 1090 1119 
3 1037 1116 1113 
3 1093 1102 1104 
3 1105 1026 1109 
3 1065 1106 1153 
3 1137 1067 1092 
3 1098 1070 1131 
3 1115 1036 1113 
3 1093 1098 1138 
3 1114 1066 1099 
3 1100 1051 1115 
3 1085 1095 1155 
3 1109 1062 1147 
3 1126 1099 1108 
3 1069 1074 1146 
3 1229 1041 1124 
3 1177 1063 1088 
3 1103 1097 1152 
3 1116 1105 1126 
3 1106 1103 1174 
3 1097 1114 1150 
3 1132 1094 1414 
3 1186 1088 1125 
3 1096 1076 1146 
3 1122 1091 1148 
3 1134 1064 1089 
4 1127 1084 1120 1133 
3 990 1180 1268 
3 1239 1111 1004 
3 1183 1118 1038 
3 1114 1109 1149 
3 1130 1122 1133 
3 1083 1154 1136 
3 1131 1072 1134 
3 1137 1127 1145 
3 1143 1102 1129 
3 1181 1117 1399 
3 1127 1122 1148 
3 1129 1121 1142 
3 1147 1079 1141 
3 1139 1128 1161 
3 1151 1101 1130 
3 1144 1104 1143 
3 1162 1083 1136 
3 1195 985 1094 
3 1157 1135 1144 
3 1170 1134 1176 
3 1175 1138 1131 
3 1169 1141 1138 
3 1130 1163 1171 
3 1119 1110 1156 
3 1108 1135 1157 
3 1133 1120 1165 
3 1150 1126 1159 
3 1116 1149 1216 
3 1089 1137 1172 
3 1174 1113 1216 
3 1100 1425 1211 
3 1128 1155 1168 
3 1154 1107 1173 
3 1146 1047 1179 
3 1164 1147 1141 
3 1160 1059 1184 
3 1149 1164 1214 
3 1167 1158 1255 
3 1191 1136 1182 
3 1166 1086 1139 
3 1145 1165 1185 
3 1159 1157 1169 
3 1163 1148 1178 
3 1178 1087 1162 
3 1020 1160 1198 
3 1154 1200 1204 
3 1225 1164 1144 
3 1193 1175 1142 
3 1207 1145 1185 
3 1176 1151 1201 
3 1200 1155 1213 
3 1115 1152 1297 
3 1225 1143 1170 
3 1210 1142 1172 
3 1187 1112 1208 
3 1165 1166 1202 
3 1187 1156 1082 
3 1268 1123 1197 
3 1194 1132 1384 
4 1190 1161 1189 1230 
3 1186 1125 1244 
3 1158 1188 1428 
3 1171 1163 1199 
3 1208 1118 1183 
3 1192 1179 1177 
3 1184 1211 1412 
3 1182 1204 1245 
3 1233 1191 1182 
3 1202 1161 1190 
3 1213 1187 1218 
3 1205 1170 1222 
3 1196 1181 1424 
3 1197 1140 1196 
3 1195 1194 1351 
3 1180 1195 1382 
3 1080 1167 1248 
3 1209 1185 1203 
3 1168 1173 1220 
3 1212 1172 1206 
3 1203 1178 1191 
3 1199 1202 1223 
3 1189 1168 1232 
3 1265 1250 1193 
3 1217 1201 1207 
3 1206 1171 1221 
3 1218 1177 1186 
3 1221 1199 1227 
3 1219 1176 1212 
3 1188 1153 1405 
3 1210 1201 1217 
3 1173 1192 1236 
3 1283 1159 1228 
4 1260 1048 962 1656 
3 1152 1150 1285 
3 1212 1206 1226 
3 1236 1192 1208 
3 1222 1210 1249 
3 1224 1200 1263 
3 1231 1207 1209 
3 1293 1193 1219 
3 1227 1203 1242 
3 1232 1220 1256 
3 1228 1169 1175 
3 1217 1237 1243 
3 1209 1223 1253 
3 1234 1214 1225 
3 1246 1111 1240 
3 1238 1182 1289 
3 1237 1221 1235 
3 1204 1224 1247 
3 1242 1190 1238 
3 1294 1228 1250 
3 1264 1231 1271 
3 1213 1218 1263 
3 1241 1226 1231 
3 1259 1233 1230 
3 1341 1240 1124 
3 1296 1229 1239 
3 1243 1237 1264 
3 1253 1223 1233 
3 1258 1226 1241 
3 1282 1183 1254 
3 1300 1189 1251 
3 1254 1229 1296 
3 1251 1232 1266 
3 1198 1255 1329 
3 1219 1252 1287 
3 1292 1234 1205 
3 1245 1247 1266 
3 1249 1258 1261 
3 1227 1242 1273 
3 1348 1244 1246 
3 1248 1160 1458 
3 1270 1224 1275 
3 1269 1007 1407 
3 1252 1243 1261 
3 1273 1238 1281 
3 1407 1215 1650 
3 1252 1258 1267 
3 1308 989 1333 
3 1220 1236 1275 
3 1241 1235 1279 
3 1330 1292 1205 
3 1251 1247 1272 
3 1277 1261 1280 
3 1123 1180 1339 
3 1503 1342 1257 
3 1272 1256 1299 
4 1295 1279 1235 1278 
3 1349 1266 1270 
3 1276 1253 1259 
3 1342 1341 1004 
3 1256 1263 1282 
3 1286 1278 1273 
3 1301 1267 1290 
3 1271 1276 1288 
3 1284 1264 1271 
3 1290 1267 1284 
3 1305 1259 1291 
3 1275 1244 1322 
3 1285 1214 1294 
3 1280 1279 1302 
3 1304 1216 1283 
3 1298 1288 1276 
3 1316 1249 1309 
3 1313 1278 1286 
3 1317 1230 1300 
3 1315 1277 1280 
3 1281 1317 1310 
3 1368 1250 1265 
3 1330 1222 1312 
3 1366 1283 1234 
3 1307 1271 1324 
3 1397 1246 1240 
3 1325 1174 1303 
3 1313 1286 1305 
3 1320 1270 1322 
3 1328 1289 1245 
3 1309 1277 1315 
3 1323 1284 1307 
3 1297 1306 1334 
3 1354 1306 1285 
4 1311 1318 1298 1281 
3 1303 1304 1350 
3 1375 1302 1295 
3 1530 1262 1380 
3 1287 1301 1319 
3 1314 1291 1335 
3 1332 1305 1314 
3 1378 1293 1316 
3 1324 1288 1298 
3 1356 1311 1310 
3 1319 1301 1290 
3 1346 1312 1287 
3 1291 1289 1327 
3 1357 1344 1305 
3 1309 1315 1321 
3 1362 1361 1299 
3 1337 1319 1326 
3 1299 1282 1348 
3 1336 1326 1302 
3 1344 1295 1313 
3 1372 1297 1334 
3 1337 1321 1323 
3 1338 1317 1331 
3 1331 1300 1352 
3 1248 1538 1414 
3 1370 1265 1293 
3 1340 1327 1328 
3 1374 1359 1311 
3 1440 1262 1339 
3 1325 1303 1377 
3 1386 1310 1338 
3 1347 1345 1323 
3 1343 1321 1326 
3 1335 1327 1340 
3 1333 1268 1353 
3 1338 1331 1365 
3 1409 1239 1274 
3 1507 1274 1269 
3 1346 1337 1345 
3 1363 1324 1318 
3 1358 1343 1336 
3 1369 1316 1343 
3 1355 1336 1375 
4 1360 1364 1322 1254 
3 1361 1352 1272 
3 1377 1306 1354 
3 1382 1196 1439 
3 1365 1328 1349 
3 1502 1339 1442 
3 1431 1350 1304 
3 1392 1358 1347 
3 1398 1314 1386 
3 1363 1318 1359 
3 1396 1345 1355 
3 1367 1357 1332 
3 1379 1348 1397 
3 1388 1349 1320 
3 1419 1320 1376 
3 1394 1344 1357 
3 1373 1376 1348 
3 1388 1340 1352 
3 1454 1294 1387 
3 1403 1359 1374 
3 1371 1292 1370 
3 1396 1378 1346 
3 1385 1368 1330 
3 1383 1368 1385 
3 1449 1325 1423 
3 1417 1364 1379 
3 1367 1332 1390 
3 1347 1307 1381 
3 1400 1362 1364 
3 1423 1334 1350 
3 1402 1312 1369 
3 1373 1360 1391 
3 1757 1308 1435 
3 1389 1375 1394 
3 1197 1351 1443 
3 1462 1387 1371 
3 1181 1399 1463 
3 1371 1370 1402 
3 1411 1356 1335 
3 1455 1366 1383 
3 1422 1365 1361 
3 1392 1381 1408 
3 1451 1374 1393 
3 1395 1379 1397 
3 1406 1355 1389 
3 1473 1390 1398 
3 1410 1381 1363 
3 1457 1391 1418 
3 1401 1369 1358 
4 1391 1360 1296 1415 
3 1393 1356 1411 
3 1384 1132 1436 
3 1434 1376 1417 
3 1404 1416 1396 
3 1413 1385 1378 
3 1430 1437 1367 
3 1444 1401 1406 
3 1412 1211 1438 
3 1420 1404 1392 
3 1257 1260 1558 
3 1460 1389 1410 
3 1415 1341 1507 
3 1432 1408 1394 
3 1422 1398 1386 
3 1188 1405 1476 
3 1467 1402 1416 
3 1117 1329 1429 
3 1480 1397 1409 
3 1413 1401 1441 
3 1421 1400 1373 
3 1465 1395 1480 
3 1433 1426 1362 
3 1427 1452 1406 
3 1485 1417 1457 
3 1426 1411 1388 
3 1372 1377 1431 
3 1474 1194 1470 
3 1153 1449 1486 
3 1477 1422 1419 
3 1459 1420 1482 
3 1458 1184 1506 
3 1436 1414 1475 
3 1453 1450 1403 
4 1496 1423 1354 1469 
3 1447 1410 1448 
3 1484 1419 1434 
3 1471 1433 1400 
3 1782 1380 1440 
3 1399 1429 1468 
3 1448 1403 1450 
3 1405 1486 1535 
3 1445 1351 1510 
3 1435 1333 1527 
3 1446 1416 1456 
3 1353 1443 1493 
3 1442 1382 1445 
3 1456 1404 1452 
3 1493 1443 1439 
3 1472 1441 1487 
3 1489 1460 1432 
3 1499 1432 1437 
3 1425 1372 1526 
3 1534 1437 1430 
3 1478 1461 1390 
3 1444 1420 1459 
3 1481 1430 1461 
3 1469 1366 1455 
3 1454 1387 1462 
3 1487 1441 1444 
3 1421 1395 1490 
3 1255 1428 1540 
3 1501 1452 1427 
3 1482 1408 1447 
3 1453 1451 1479 
3 1455 1383 1464 
3 1470 1384 1548 
3 1488 1462 1466 
3 1497 1418 1551 
3 1508 1464 1467 
3 1466 1413 1472 
3 1436 1475 1541 
3 1488 1431 1454 
3 1424 1463 1543 
3 1500 1434 1491 
3 1498 1467 1446 
3 1483 1393 1477 
3 1517 1424 1523 
3 1468 1429 1539 
3 1511 1412 1563 
3 1473 1426 1484 
3 1479 1451 1483 
3 1461 1478 1520 
3 1554 1418 1415 
3 1504 1453 1519 
3 1532 1427 1460 
3 1478 1473 1509 
3 1477 1433 1500 
3 1491 1421 1494 
3 1438 1425 1526 
3 1522 1446 1456 
3 1533 1469 1464 
3 1545 1447 1499 
3 1494 1457 1492 
3 1471 1485 1515 
3 1550 1490 1524 
3 1442 1445 1495 
3 1515 1485 1490 
3 1505 1493 1510 
3 1514 1546 1431 
3 1591 1524 1465 
3 1513 1472 1522 
3 1489 1448 1534 
3 1516 1484 1471 
3 1525 1459 1521 
3 1527 1353 1529 
3 1665 1512 1269 
3 1583 1574 1481 
3 1529 1495 1528 
3 1428 1511 1544 
3 1409 1342 1512 
3 1560 1466 1513 
3 1520 1483 1516 
4 1518 1495 1439 1517 
3 1506 1476 1584 
3 1578 1507 1503 
3 1599 1508 1498 
3 1572 1496 1531 
3 1564 1491 1494 
3 1559 1509 1500 
3 1510 1474 1562 
3 1528 1510 1595 
3 1586 1481 1536 
3 1536 1479 1509 
3 1501 1537 1571 
3 1498 1487 1525 
3 1474 1543 1547 
3 1582 1492 1497 
3 1588 1522 1501 
3 1486 1449 1546 
3 1782 1440 1502 
3 1777 1505 1518 
3 1747 1502 1505 
3 1626 989 1308 
3 1587 1514 1533 
3 1537 1482 1545 
3 1531 1488 1560 
3 1574 1499 1450 
3 1557 1438 1553 
3 1609 1519 1520 
3 1571 1521 1532 
3 1539 1329 1540 
3 1552 1475 1538 
3 1538 1458 1542 
3 1548 1468 1552 
3 1556 1540 1544 
3 1523 1470 1569 
3 1542 1506 1584 
3 1635 1532 1489 
3 1549 1526 1496 
3 1562 1523 1576 
3 1463 1541 1568 
3 1553 1546 1581 
3 1567 1492 1582 
3 1633 1465 1555 
3 1565 1541 1539 
3 1561 1535 1549 
3 1555 1480 1592 
3 1551 1554 1604 
3 1575 1566 1542 
3 1563 1535 1561 
3 1631 1407 1620 
3 1579 1516 1570 
3 1615 1533 1508 
3 1616 1557 1553 
3 1517 1547 1601 
3 1585 1476 1557 
3 1577 1515 1567 
3 1568 1552 1566 
3 1565 1556 1575 
3 1596 1564 1550 
4 1569 1548 1565 1634 
3 1543 1568 1576 
3 1559 1577 1594 
3 1598 1521 1537 
3 1580 1514 1587 
3 1797 860 1630 
3 1611 1534 1504 
3 1566 1556 1590 
3 1547 1569 1644 
3 1570 1564 1593 
3 1627 1589 1512 
3 1607 1559 1594 
3 1602 1581 1572 
3 1619 1549 1580 
3 1610 1550 1524 
3 1611 1504 1586 
4 1590 1544 1511 1585 
3 1584 1563 1597 
3 1583 1519 1614 
3 1618 1572 1531 
3 1625 1525 1606 
3 1692 1592 1578 
3 1634 1575 1584 
3 1603 1497 1633 
3 1604 1554 1589 
3 1624 1577 1596 
3 1579 1570 1617 
3 1719 1518 1601 
3 1593 1567 1605 
3 1663 1585 1612 
3 1629 1600 1571 
4 1608 1622 1513 1632 
3 1613 1606 1598 
3 1595 1562 1676 
3 1695 1619 1580 
3 1690 1623 1591 
3 1674 1555 1592 
3 1660 1596 1610 
3 1588 1600 1613 
3 1609 1579 1621 
3 1755 1720 1599 
3 1614 1536 1607 
3 1605 1582 1623 
3 1640 1574 1583 
3 1597 1616 1661 
3 1649 1606 1600 
3 1659 1586 1609 
3 1643 1618 1560 
3 1612 1561 1637 
3 1642 1594 1624 
3 1655 1587 1615 
3 1637 1581 1602 
2 1558 1650 
3 1664 1607 1636 
3 1722 1641 1599 
3 1628 1610 1603 
3 1645 1617 1593 
3 1632 1588 1651 
3 1754 1638 1530 
3 1692 1578 1715 
3 1700 1683 1623 
3 1648 1598 1635 
3 1708 1573 1638 
4 1666 1558 1880 1932 
3 1680 1599 1625 
3 1591 1551 1682 
3 1568 1590 1662 
3 1629 1545 1640 
3 1639 1621 1642 
3 1661 1616 1619 
3 1708 1630 1626 
3 1647 1636 1646 
3 1653 1635 1611 
3 1714 1643 1622 
3 1636 1617 1646 
3 1698 1615 1641 
3 1676 1576 1702 
3 1652 1624 1660 
3 1639 1642 1652 
3 1657 1639 1654 
3 1673 1629 1658 
3 1651 1613 1673 
4 1880 1620 1260 2135 
3 1748 1625 1649 
4 1670 1654 1646 1645 
3 1658 1640 1669 
3 1657 1647 1652 
3 1698 1693 1618 
4 2926 2135 1215 23 
3 1667 1647 1654 
4 1677 1648 1653 1668 
3 1672 1614 1664 
3 1685 1645 1605 
3 1696 1612 1637 
3 1702 1634 1686 
3 1697 1686 1597 
3 1659 1621 1667 
3 1709 1503 1666 
3 1713 1665 1631 
3 1664 1657 1671 
3 1703 1658 1684 
3 1689 1653 1675 
3 1688 1652 1678 
3 1679 1667 1681 
3 1675 1659 1687 
3 1649 1648 1677 
3 1742 1682 1604 
3 1669 1672 1691 
3 1717 1601 1644 
3 1673 1658 1703 
3 1780 1670 1685 
3 1706 1687 1671 
3 1724 1755 1632 
3 1701 1671 1688 
3 1729 1633 1674 
3 1699 1628 1743 
3 1668 1689 1707 
3 1699 1678 1660 
3 1969 1662 1663 
3 1691 1672 1679 
3 1731 1681 1670 
3 1684 1669 1716 
3 1705 1700 1603 
3 1718 1675 1687 
3 1704 1589 1627 
3 1806 1694 1655 
3 1710 1695 1693 
3 1696 1602 1694 
3 1697 1661 1695 
3 1712 1663 1696 
3 1723 1655 1643 
3 1765 1685 1683 
3 1730 1628 1690 
3 1706 1681 1727 
3 1737 1644 1662 
3 1748 1677 1668 
3 1774 1692 1740 
3 1807 1690 1711 
3 1721 1679 1701 
3 1736 1684 1735 
3 1798 1630 1638 
3 1715 1665 1713 
3 1775 1712 1694 
3 1705 1729 1749 
3 1779 1697 1710 
3 1709 1666 1759 
3 1764 1733 1641 
3 1740 1627 1709 
3 1726 1689 1728 
3 1719 1676 1734 
3 1725 1691 1721 
3 1956 1595 1717 
3 1825 1750 1608 
3 1718 1706 1732 
3 1750 1771 1622 
3 1739 1698 1733 
3 1804 1680 1773 
3 1728 1718 1741 
3 1753 1735 1716 
3 1738 1701 1731 
3 1745 1716 1725 
3 1711 1682 1742 
3 1746 1758 1700 
3 1768 1727 1688 
3 1741 1721 1738 
3 1794 1723 1714 
3 1958 1717 1737 
3 1751 1707 1726 
3 1748 1707 1762 
3 2004 1734 1702 
3 1732 1727 1744 
3 1794 1812 1723 
3 1813 1704 1715 
3 1756 1725 1732 
3 1774 1729 1674 
3 1837 1683 1758 
3 1752 1738 1769 
3 1790 1728 1796 
3 1807 1834 1730 
3 1777 1767 1529 
4 1773 1651 1703 1736 
3 1811 1711 1820 
3 1925 1722 1720 
3 1763 1735 1753 
3 1761 1770 1744 
3 1751 1726 1816 
3 1800 1626 1760 
3 1791 1608 1680 
3 1789 1741 1770 
3 1760 1380 1787 
3 1814 1743 1730 
3 1809 1713 1827 
3 1754 1757 1884 
3 1778 1752 1766 
3 1817 1736 1763 
3 1785 1762 1751 
3 1784 1714 1771 
3 1837 1803 1699 
3 1772 1761 1781 
3 1999 1792 1747 
3 1769 1731 1776 
3 1781 1744 1768 
3 1778 1756 1752 
3 1939 1764 1722 
3 1783 1766 1799 
4 1793 1821 1724 1748 
3 1810 1742 1704 
3 1806 1779 1710 
3 1786 1768 1780 
3 1900 1747 1528 
3 1805 1770 1761 
3 1978 1712 1775 
3 1776 1678 1803 
3 1766 1769 1786 
3 1787 1435 1527 
3 1805 1772 1788 
3 1952 1910 1764 
3 1808 1817 1763 
3 1781 1776 1830 
3 1757 1782 1792 
3 1802 1783 1799 
3 1831 1796 1756 
3 1816 1745 1801 
3 1865 1755 1804 
3 1864 1787 1767 
2 1838 1773 
3 1868 1739 1733 
3 1872 817 1823 
3 1801 1745 1789 
3 1823 1573 1798 
4 1797 1708 1800 1920 
3 1788 1772 1849 
3 1798 1754 1927 
3 1851 1790 1796 
3 1833 1788 1826 
3 1830 1780 1765 
3 1791 1724 1815 
3 1829 1778 1783 
3 1824 1775 1693 
3 1819 1746 1705 
3 1832 1828 1785 
3 1866 1836 1759 
3 1820 1774 1822 
3 1819 1749 1917 
3 1921 1824 1739 
3 1818 1740 1836 
3 1903 1912 1758 
3 1855 1804 1821 
3 1857 1753 1790 
3 1828 1762 1785 
3 1822 1813 1854 
4 1834 1807 1811 1870 
3 1749 1810 1885 
3 1839 1815 1773 
3 1885 1810 1818 
3 1795 1797 2008 
3 1980 1806 1812 
3 1865 1928 1720 
3 1802 1842 1856 
3 1845 1759 1932 
3 1846 1817 1808 
3 1831 1805 1835 
3 1848 1786 1803 
3 1871 1789 1829 
3 1843 1859 1808 
3 1841 1840 1802 
3 1902 1746 1819 
3 1874 1829 1840 
3 1854 1813 1809 
3 1905 1765 1743 
3 1839 1793 1846 
3 1855 1821 1838 
3 1835 1833 1844 
3 1844 1833 1901 
3 1852 1826 1847 
3 1895 1832 1863 
3 1893 1840 1841 
3 2173 1861 1827 
3 1858 1838 1828 
3 1852 1842 1850 
3 1853 1830 1905 
3 1850 1799 1853 
3 1860 1847 1849 
3 1857 1801 1871 
3 1856 1842 1847 
3 1918 1849 1848 
3 1890 1818 1836 
3 1877 1815 1839 
3 1826 1852 1886 
3 1863 1816 1851 
3 1862 1846 1867 
3 1894 1867 1832 
3 1873 1886 1850 
3 2330 1876 1845 
3 1913 1877 1858 
3 1889 1843 1857 
3 1938 1875 1792 
3 1881 1825 1791 
3 1883 1809 1876 
3 1891 1858 1859 
3 1896 1904 1794 
4 308 317 1887 2689 
3 1936 1819 1916 
3 1879 1851 1831 
3 1882 1795 1899 
3 1898 1860 1878 
3 1879 1835 1893 
3 1923 1884 1864 
3 1975 1866 1861 
3 1881 1855 1862 
3 1897 1873 1915 
3 1889 1871 1874 
3 1631 1650 2116 
3 1965 1865 1877 
3 1892 797 1872 
3 1997 1890 1866 
3 1946 1760 1875 
3 1926 1820 1822 
3 1888 1856 1860 
4 1869 718 1892 2395 
3 1901 1886 1898 
3 1911 1863 1879 
3 2018 1854 1883 
3 1913 1867 1894 
3 1887 1882 1899 
3 1906 1874 1844 
3 1891 1859 1895 
3 1908 1894 1843 
3 1977 1868 1910 
3 1907 1940 1878 
3 1940 1888 1873 
3 1892 1872 2155 
3 1962 1993 1777 
3 1970 1841 1888 
3 1929 1834 1936 
3 1929 1931 1814 
3 1982 1921 1868 
3 1848 1837 1912 
3 1934 1909 1893 
3 1984 1897 1933 
3 1924 1895 1914 
3 1919 1911 1906 
3 1951 1896 1784 
3 1914 1889 1909 
3 1931 1905 1814 
3 1935 1862 1891 
3 1924 1908 1911 
3 1878 1918 1950 
3 2046 1870 1917 
3 1916 1811 1926 
3 1915 1853 1930 
3 1922 1944 1909 
3 1798 1927 1994 
3 1968 1812 1904 
3 1945 1919 1937 
3 1946 1875 1942 
3 1935 1908 1914 
3 1939 1750 1928 
3 2018 1917 1885 
3 1920 1800 1946 
3 1979 1925 1825 
3 1991 1903 1902 
3 1954 1918 1967 
3 1967 1912 1903 
3 1827 1631 2120 
3 1963 1907 1950 
3 1941 1906 1970 
3 1943 1913 1924 
3 2075 1902 1870 
3 1955 1922 1941 
3 2037 1942 1864 
3 1957 1771 1925 
3 1949 1898 1897 
3 1974 1937 1934 
3 1983 1923 1938 
3 1960 1935 1944 
3 1943 1919 1947 
3 1948 1922 1955 
4 1927 1884 1923 1971 
3 1953 1944 1948 
3 1981 1947 1945 
3 1964 1976 1940 
3 1933 1915 1954 
3 1961 1910 1959 
3 1959 1784 1957 
3 1972 1947 1981 
3 1995 1950 1930 
3 1945 1937 1985 
3 1962 1719 1958 
3 1988 1952 1939 
3 1956 1734 2012 
3 2010 1951 1952 
3 1966 1943 1972 
3 1996 1977 1951 
3 2002 1900 1956 
3 1990 2000 1933 
3 2021 1949 1984 
3 1979 1881 1966 
3 1987 1965 1960 
3 1986 1930 1931 
3 2052 1980 1921 
3 2011 1686 1978 
3 1934 1901 1973 
3 1994 1946 1983 
3 1960 1953 2013 
3 2005 1970 1976 
3 2006 1992 1941 
3 2049 1997 1876 
3 2036 1973 1949 
3 1982 1896 1961 
3 1969 1779 2007 
3 1988 1928 1965 
3 2007 1824 1968 
3 1953 1948 1998 
3 2019 1904 1977 
3 2042 1971 1942 
3 2014 1964 1907 
3 1998 1955 1992 
3 2001 1989 1967 
3 2016 1966 2023 
3 2026 1957 1979 
3 2015 1995 1986 
3 2000 1963 2020 
3 2001 1929 2097 
3 1985 1974 2024 
3 1999 1900 2002 
3 2008 1920 1971 
3 2020 1954 1989 
3 2019 1961 2010 
3 2077 1883 1975 
3 2003 1981 1985 
3 2037 1767 1993 
3 2014 1963 1990 
3 2039 1986 1991 
3 2030 1993 1962 
3 2017 1998 2033 
3 2012 1737 2011 
3 2009 2006 1973 
3 2024 1974 2005 
3 2052 1978 1980 
3 1823 1994 2070 
3 2029 2045 2005 
3 2022 1996 1959 
3 2004 1969 2041 
3 2040 1958 2004 
3 2027 1972 2025 
3 2021 1984 2000 
3 2091 2062 1989 
3 2035 1987 2023 
3 2034 2025 2003 
3 2077 1926 1890 
3 2144 1982 1996 
3 2031 1990 1995 
3 2028 1964 2014 
3 2096 2010 2026 
3 2016 1987 2027 
3 2032 1992 2006 
3 2085 2013 2017 
3 2022 1988 2035 
3 2058 2023 2013 
3 2050 2021 2038 
3 2044 2051 2009 
3 2056 2002 2048 
3 2060 2038 2020 
3 2043 2033 2024 
3 2067 2003 2032 
3 2067 2103 2017 
3 2063 2026 2016 
3 2054 1976 2053 
3 2056 1938 1999 
3 2028 2031 2061 
3 2079 2001 2097 
3 2047 2048 2012 
3 2055 2011 2052 
3 2070 1983 2068 
3 2081 2032 2045 
3 2078 2029 2054 
3 2066 2043 2009 
3 2151 2075 1916 
3 2073 2040 2057 
3 2119 2030 2040 
3 2209 2100 1975 
3 2053 2028 2059 
3 2076 2066 2029 
4 2138 2041 2007 1968 
3 2065 2036 2050 
3 2071 2044 2036 
3 2057 2041 2138 
3 2068 2037 2030 
3 2082 2047 2055 
3 2069 2063 2027 
3 2083 2050 2072 
3 2061 2031 2062 
3 2038 2060 2064 
3 2060 2015 2092 
3 2108 2035 2058 
3 2072 2061 2074 
3 2093 2053 2084 
3 2086 2045 2051 
3 2088 2034 2033 
3 2042 2056 2123 
3 2112 2058 2085 
3 2008 2042 2155 
3 2090 2087 2054 
3 2109 2059 2064 
3 2132 2122 2047 
3 2064 2092 2102 
3 2127 1936 2046 
3 2086 2051 2078 
4 2152 2018 1997 2080 
3 2087 2076 2044 
3 2091 2039 2124 
3 2276 2077 2140 
3 2094 2089 2043 
3 2128 2057 2145 
3 2084 2059 2104 
3 2110 2065 2083 
3 2098 2069 2025 
3 2101 2066 2076 
3 2111 2078 2071 
3 2106 2067 2089 
3 2088 2081 2094 
3 2130 2071 2093 
3 2142 2015 2079 
3 2074 2062 2142 
3 2099 2090 2065 
3 2089 2081 2095 
3 2167 2094 2101 
3 2144 2022 2107 
3 2039 1991 2115 
3 2126 2085 2103 
3 2105 2166 2093 
3 2237 2140 2049 
3 2111 2095 2086 
3 2148 2074 2131 
3 2098 2034 2106 
3 2117 2083 2109 
3 2172 2099 2113 
3 2149 2103 2088 
3 2147 2096 2108 
3 2107 2063 2112 
3 2104 2072 2137 
3 2114 2084 2118 
3 2130 2101 2087 
3 2108 2069 2121 
3 2134 2105 2114 
3 2158 2113 2110 
3 2097 2127 2198 
3 2120 1880 2196 
3 2125 2118 2104 
3 2160 2110 2117 
3 2153 2048 2122 
3 2574 1932 2116 
3 2139 2112 2126 
3 2177 2119 2073 
3 2217 2068 2153 
3 2188 2079 2210 
3 2229 2117 2129 
3 2121 2098 2194 
3 2198 2115 2075 
3 2141 2082 2170 
3 2125 2136 2146 
3 2175 2111 2090 
3 2133 2102 2185 
3 2141 2177 2073 
3 2143 2150 2131 
3 2157 2174 2113 
5 2926 2697 2196 1650 1656 
3 2129 2137 2180 
3 2136 2109 2148 
3 2055 2052 2162 
3 2156 2121 2204 
3 2385 2080 2100 
3 2519 2132 2128 
3 2092 2091 2186 
3 2176 2133 2245 
3 2159 2019 2096 
3 2154 2082 2163 
3 2197 2129 2178 
3 2161 2107 2181 
3 2137 2102 2150 
3 2194 2106 2167 
3 2205 2148 2133 
3 2202 2046 2152 
3 2240 2151 2077 
3 2123 2119 2183 
3 2171 2145 2168 
3 1899 2070 2201 
3 2192 2182 2139 
3 2200 2134 2158 
3 2165 2157 2114 
3 2162 2144 2161 
3 2225 2169 2118 
3 2159 2147 2213 
3 2164 2138 2159 
3 2168 2145 2164 
3 2163 2162 2218 
3 2187 2261 2158 
3 2221 2189 2099 
3 2149 2095 2175 
3 2154 2163 2179 
3 2184 2193 2160 
3 2251 2128 2171 
3 2170 2154 2248 
3 2223 2105 2174 
3 2494 2440 1845 
3 2172 2134 2200 
3 2189 2167 2130 
4 2190 2268 2143 2242 
3 2211 2122 2132 
3 2356 2146 2228 
3 2168 2249 2246 
3 2228 2136 2205 
3 2216 2147 2182 
3 2208 2181 2156 
3 2217 2153 2211 
3 2191 2193 2169 
3 2244 2131 2186 
3 2185 2142 2188 
3 2235 2165 2199 
3 2186 2124 2195 
3 2215 2175 2166 
3 2254 2214 2176 
3 2283 2207 2184 
3 2231 2208 2156 
3 2199 2169 2184 
3 2204 2126 2149 
3 2247 2188 2270 
3 2505 2116 2135 
3 2255 2256 2146 
3 2115 2127 2203 
3 2234 2187 2193 
3 2230 2174 2157 
3 2322 2155 2217 
3 2206 2203 2151 
3 2210 2198 2202 
3 2139 2194 2215 
3 2268 2180 2150 
3 2238 2272 2202 
3 2226 2212 2191 
3 2219 2182 2192 
3 2237 2049 2418 
3 2124 2203 2267 
3 2517 2183 2177 
3 2222 2234 2207 
3 2218 2161 2216 
3 2243 2300 2190 
3 2233 2204 2189 
3 2213 2181 2220 
4 2239 2201 2123 2183 
3 2164 2213 2287 
3 2220 2208 2236 
3 2216 2219 2274 
3 2224 2166 2223 
3 2258 2277 2212 
3 2227 2221 2172 
3 2233 2221 2227 
3 2229 2265 2160 
3 2259 2279 2207 
3 2224 2223 2232 
3 2309 2178 2180 
3 2325 2225 2125 
3 2262 2232 2200 
3 2236 2192 2241 
3 2227 2230 2280 
3 2241 2215 2224 
3 2235 2199 2212 
3 2296 2187 2234 
3 2274 2219 2231 
3 2351 2100 2209 
3 2344 2206 2240 
3 2322 2217 2517 
3 2238 2152 2269 
3 2231 2233 2260 
3 2288 2176 2257 
3 2275 2348 2214 
3 2245 2185 2266 
3 2257 2143 2244 
3 2250 2179 2291 
3 2266 2195 2264 
3 2252 2171 2250 
3 2179 2307 2281 
3 2248 2246 2284 
3 2519 2170 2253 
3 2253 2248 2305 
3 2526 2251 2252 
3 2271 2190 2263 
3 2372 2382 2197 
3 2381 2325 2197 
3 2242 2245 2422 
3 2279 2317 2222 
3 2283 2290 2226 
3 2282 2241 2278 
3 2293 2262 2165 
3 2301 2230 2261 
3 2306 2254 2289 
3 2247 2327 2294 
3 2371 2332 2225 
3 2244 2247 2286 
3 2273 2210 2272 
3 2300 2205 2176 
3 2380 2240 2303 
3 2327 2195 2273 
3 2304 2275 2254 
3 2267 2206 2340 
3 2270 2267 2360 
3 2287 2220 2236 
3 2355 2243 2271 
3 2368 2303 2080 
3 2295 2222 2317 
3 2260 2297 2298 
3 2285 2258 2226 
3 2297 2232 2301 
3 2249 2350 2321 
3 2331 2260 2312 
3 2332 2259 2191 
3 2292 2250 2311 
3 2290 2362 2279 
3 2266 2319 2384 
3 2218 2274 2307 
3 2289 2242 2402 
3 2263 2288 2411 
3 2379 2285 2259 
3 2311 2246 2321 
3 2305 2284 2326 
3 2308 2261 2299 
3 2310 2264 2388 
3 2296 2277 2341 
3 2299 2235 2295 
3 2278 2280 2329 
3 2313 2278 2335 
3 2293 2296 2302 
3 2309 2268 2214 
3 2280 2262 2308 
3 2318 2299 2341 
3 2339 2269 2276 
3 2353 2271 2306 
3 2496 2252 2292 
3 2304 2263 2383 
3 2249 2287 2324 
3 2301 2293 2315 
3 2316 2228 2300 
3 2319 2294 2345 
3 2284 2291 2336 
3 2347 2282 2314 
3 2314 2298 2320 
3 2365 2312 2313 
3 2329 2308 2318 
3 2346 2356 2309 
3 2352 2277 2258 
3 2315 2302 2364 
3 2286 2310 2338 
3 2313 2323 2359 
3 2291 2281 2367 
3 2395 2201 2239 
3 2320 2328 2349 
3 2342 2307 2334 
3 2361 2229 2256 
3 2292 2337 2486 
3 2264 2270 2390 
3 2323 2335 2358 
3 2297 2315 2357 
3 2418 1861 2431 
3 2334 2282 2347 
3 2333 2283 2265 
3 2371 2377 2332 
3 2324 2331 2369 
3 2328 2298 2343 
3 2337 2311 2462 
3 2326 2336 2374 
3 2319 2345 2386 
3 2398 2378 2303 
3 2360 2272 2344 
3 2302 2295 2352 
3 2350 2324 2370 
3 2335 2357 2415 
3 2340 2238 2380 
3 2338 2310 2388 
3 2413 2316 2348 
3 2331 2312 2365 
3 2354 2346 2243 
3 2323 2358 2387 
3 2281 2342 2373 
3 2385 2237 2392 
3 2364 2341 2317 
3 2424 2363 2304 
3 2405 2348 2355 
3 2354 2275 2363 
3 2372 2178 2316 
3 2343 2329 2412 
3 2349 2328 2433 
3 2404 2320 2391 
3 2390 2273 2340 
3 2403 2389 2325 
3 2366 2285 2393 
3 2401 2355 2353 
3 2366 2318 2352 
3 2347 2314 2400 
3 2412 2364 2362 
3 2321 2375 2430 
3 2439 2276 2425 
3 2370 2334 2397 
3 2376 2342 2369 
3 2389 2333 2265 
3 2432 2255 2356 
3 2375 2350 2376 
3 2337 2515 2604 
3 2367 2373 2430 
3 2373 2370 2399 
3 2406 2379 2333 
3 2396 2421 2339 
3 2393 2290 2377 
3 2455 2344 2269 
3 2419 2403 2256 
3 2432 2441 2255 
3 2407 2306 2454 
3 2422 2286 2394 
3 2425 2140 2351 
3 2394 2338 2410 
3 2391 2349 2477 
3 2345 2294 2416 
3 2448 2371 2361 
3 2327 2360 2426 
3 2359 2387 2474 
3 2557 2351 2417 
3 2463 2362 2379 
3 2409 2384 2386 
3 1887 2322 2687 
3 2427 2378 2398 
3 2399 2369 2400 
3 2457 2396 2339 
3 2436 2376 2397 
3 2397 2365 2404 
3 2408 2363 2437 
3 2411 2288 2428 
3 2423 2361 2381 
3 2400 2359 2414 
3 2420 2354 2408 
3 2463 2377 2459 
3 2435 2429 2383 
3 2458 2405 2401 
3 2438 2394 2498 
3 2451 2386 2416 
3 2472 2289 2402 
3 2452 2357 2366 
3 2447 2346 2420 
3 2449 2404 2471 
3 2433 2343 2452 
3 2410 2388 2442 
4 2541 2560 2392 2418 
4 2444 2417 2209 2330 
3 2434 2443 2381 
3 2467 2413 2405 
3 2455 2378 2427 
3 2428 2257 2384 
3 2443 2448 2403 
3 2437 2353 2429 
3 2527 2368 2385 
3 2442 2390 2465 
3 2421 2396 2506 
3 2402 2422 2438 
3 2424 2407 2435 
3 2367 2375 2446 
3 2464 2330 2440 
3 2447 2382 2372 
3 2492 2358 2415 
3 2488 2419 2441 
3 2429 2407 2445 
3 2446 2399 2449 
3 2450 2401 2424 
3 2428 2409 2522 
3 2457 2368 2527 
3 2529 2431 2173 
3 2434 2382 2456 
3 2491 2416 2426 
3 2504 2423 2419 
3 2541 2418 2464 
3 2469 2435 2454 
3 2430 2436 2462 
3 2461 2432 2413 
3 2459 2389 2423 
3 2436 2414 2460 
3 2458 2437 2453 
3 2498 2410 2500 
3 2415 2412 2501 
3 2476 2450 2475 
3 2445 2383 2466 
3 2465 2380 2421 
3 2487 2441 2461 
3 2506 2398 2439 
3 2467 2408 2450 
3 2406 2448 2513 
3 2470 2449 2471 
3 2456 2447 2481 
3 2336 2446 2468 
3 2501 2393 2406 
3 2594 2444 2431 
3 2484 2426 2455 
3 2482 2454 2472 
3 2481 2420 2458 
3 2462 2473 2509 
3 2479 2475 2445 
3 2473 2460 2478 
3 2460 2414 2474 
3 2466 2411 2507 
3 2468 2470 2485 
3 2471 2391 2478 
3 2483 2453 2469 
3 2518 2453 2483 
3 2480 2387 2492 
4 2470 2474 2480 2490 
3 2510 2469 2482 
3 2478 2477 2495 
3 2497 2461 2467 
4 2516 2479 2466 2493 
3 2476 2475 2499 
3 2491 2465 2571 
3 2473 2490 2508 
3 2326 2625 2576 
3 2489 2456 2497 
3 2504 2434 2489 
3 2488 2487 2514 
3 2485 2478 2503 
3 2500 2442 2484 
3 2477 2433 2501 
3 2482 2507 2523 
3 2529 2173 2569 
3 2502 2480 2511 
3 2521 2305 2584 
3 2487 2481 2518 
3 2409 2451 2559 
3 2483 2512 2530 
3 2451 2491 2535 
4 2492 2452 2463 2511 
3 2503 2495 2545 
3 2490 2502 2575 
3 2513 2443 2488 
3 2673 2196 2697 
3 2570 2427 2457 
3 2493 2472 2522 
3 2509 2485 2583 
3 2468 2508 2515 
3 2512 2479 2520 
3 2495 2501 2524 
3 2530 2499 2510 
3 2524 2459 2504 
3 2525 2489 2544 
3 2374 2509 2528 
3 2520 2482 2558 
3 2687 2239 2211 
3 2497 2476 2536 
4 2676 2141 2251 2550 
3 2510 2516 2562 
3 2531 2496 2579 
3 2507 2438 2552 
3 2493 2534 2607 
3 2511 2513 2540 
3 2540 2514 2549 
3 2543 2550 2253 
3 2537 2439 2425 
3 2515 2640 2539 
3 2729 2440 2494 
3 2532 2499 2512 
3 2547 2521 2643 
3 2533 2530 2563 
3 2554 2538 2532 
3 2523 2552 2611 
3 2598 2500 2578 
3 2546 2518 2538 
3 2555 2527 2556 
3 2536 2533 2554 
3 2528 2682 2553 
3 2524 2525 2542 
3 2619 2417 2444 
3 2545 2540 2548 
3 2723 2526 2547 
3 2551 2514 2546 
3 2502 2542 2567 
3 2561 2544 2536 
3 2543 2531 2620 
3 2565 2542 2549 
3 2548 2525 2551 
3 2676 2519 2526 
3 2572 2549 2544 
3 2534 2522 2559 
3 2577 2539 2659 
3 2564 2538 2533 
3 2566 2537 2568 
3 2568 2537 2557 
3 2556 2392 2560 
3 2562 2516 2606 
3 2552 2498 2585 
3 2557 2417 2619 
3 2601 2546 2580 
3 2582 2520 2558 
3 2564 2532 2587 
3 2580 2554 2563 
3 2567 2548 2609 
3 2573 2555 2588 
3 2575 2545 2565 
3 2555 2556 2586 
3 2730 2494 2574 
3 2571 2506 2573 
3 2581 2484 2570 
3 2614 2551 2601 
3 2570 2566 2589 
3 2660 2569 2120 
3 2593 2503 2567 
3 2584 2486 2639 
3 2597 2553 2596 
3 2616 2535 2581 
3 2521 2624 2629 
3 2561 2564 2591 
3 2590 2578 2571 
3 2587 2562 2606 
3 2508 2593 2600 
3 2628 2496 2576 
3 2618 2559 2598 
3 2592 2568 2710 
3 2603 2563 2582 
3 2589 2566 2592 
3 2615 2573 2588 
2 2599 2581 
3 2601 2580 2595 
3 2649 2588 2586 
3 2600 2583 2575 
3 2665 2464 2760 
3 2591 2602 2608 
3 2633 2577 2684 
3 2604 2577 2626 
3 2585 2535 2612 
3 2644 2590 2605 
3 2642 2583 2593 
4 2638 2572 2561 2591 
3 2608 2595 2603 
3 2602 2587 2613 
3 2374 2597 2626 
3 2599 2621 2669 
3 2582 2558 2610 
3 2610 2523 2611 
3 2623 2595 2602 
3 2645 2565 2614 
3 2617 2606 2607 
3 2607 2534 2622 
3 2627 2598 2616 
3 2641 2603 2617 
3 2662 2609 2572 
3 2636 2621 2589 
3 2612 2578 2644 
3 2630 2613 2610 
3 2622 2585 2635 
3 2653 2560 2541 
3 2663 2547 2647 
3 2605 2615 2636 
3 2631 2611 2618 
3 2638 2608 2637 
3 2579 2628 2632 
3 2486 2671 2692 
3 2604 2597 2633 
3 2709 2635 2612 
3 2624 2584 2648 
3 2579 2634 2656 
3 2650 2617 2631 
3 2707 2630 2622 
3 2634 2624 2789 
3 2626 2596 2671 
3 2629 2632 2758 
3 2670 2618 2627 
3 2621 2615 2646 
3 2654 2623 2641 
3 2655 2601 2623 
3 2648 2576 2694 
3 2528 2642 2664 
3 2650 2637 2613 
3 2640 2600 2645 
3 2647 2531 2656 
3 2616 2599 2685 
3 2642 2609 2666 
3 2688 2636 2651 
3 2652 2620 2643 
3 2628 2639 2686 
3 2651 2592 2680 
3 2661 2641 2630 
3 2672 2646 2649 
3 2657 2647 2668 
3 2711 2619 2665 
3 2658 2655 2637 
3 2662 2638 2654 
3 2643 2629 2767 
3 2667 2652 2668 
3 2674 2654 2661 
3 2684 2553 2727 
3 2736 2574 2673 
3 2678 2658 2650 
3 2675 2614 2655 
3 2718 2620 2667 
3 2640 2666 2682 
3 2715 2653 2594 
3 2664 2645 2675 
3 2663 2657 2703 
3 2657 2652 2814 
3 2605 2688 2701 
3 2731 2720 2635 
3 2625 2633 2679 
3 2688 2651 2699 
3 2836 2660 2505 
3 2683 2658 2677 
3 2666 2662 2681 
3 2732 2519 2550 
3 2674 2678 2698 
3 2677 2661 2705 
3 2690 2671 2695 
3 2722 2649 2713 
3 2693 2675 2683 
3 2539 2664 2691 
3 2717 2681 2674 
3 2596 2659 2734 
3 2741 2644 2714 
3 2648 2702 2757 
3 2395 2517 2724 
4 2716 2669 2646 2672 
3 1869 2724 2732 
3 2692 2679 2700 
3 2682 2693 2726 
3 2696 2625 2690 
3 2691 2681 2708 
3 2702 2639 2696 
3 2700 2679 2737 
3 2694 2692 2744 
3 2926 2505 2135 
3 2778 2677 2733 
3 2704 2672 2722 
3 2744 2690 2695 
3 2714 2669 2716 
3 2686 2694 2757 
3 2718 2667 2721 
2 2735 2699 
3 2733 2678 2706 
3 2705 2707 2719 
3 2706 2631 2712 
3 2693 2717 2749 
3 2728 2627 2742 
3 2713 2586 2711 
3 2710 2653 2715 
3 2719 2707 2720 
3 2680 2710 2743 
3 2685 2701 2739 
3 2711 2665 2768 
3 2701 2688 2746 
3 2708 2683 2749 
4 2723 2663 2703 2725 
3 2750 2706 2712 
3 2755 2712 2670 
3 2725 2703 2847 
3 2699 2680 2752 
3 2732 2543 2718 
3 2689 2687 2732 
3 2718 2721 2844 
3 2727 2691 2763 
3 2659 2726 2754 
3 2731 2709 2748 
3 2775 2529 2730 
3 2729 2569 2736 
3 2764 2670 2728 
6 2689 2724 2676 2723 2738 2759 
3 2750 2698 2705 
3 2737 2684 2771 
4 2777 2746 2704 2752 
3 2839 2730 2660 
3 2801 2695 2734 
3 2732 2745 2761 
3 2740 2714 2751 
3 2803 2741 2739 
3 2742 2685 2740 
3 2747 2709 2741 
3 2752 2713 2766 
3 2696 2700 2776 
3 2738 2845 2794 
3 2773 2716 2735 
3 2788 2748 2742 
3 2753 2728 2747 
3 2708 2717 2763 
3 2781 2733 2719 
3 2799 2739 2773 
4 2735 2722 2743 2786 
3 2774 2769 2748 
3 2765 2727 2783 
3 2811 2720 2756 
3 2782 2755 2762 
3 2686 2702 2776 
3 2767 2634 2797 
3 2732 2761 2990 
3 2772 2594 2775 
3 2759 2738 2794 
3 2782 2756 2764 
3 2726 2749 2779 
3 2762 2731 2769 
3 2770 2754 2784 
3 2786 2743 2793 
3 2814 2656 2758 
3 2792 2715 2772 
3 2791 2764 2753 
3 2771 2765 2810 
3 2790 2734 2770 
3 2795 2768 2760 
3 2751 2746 2787 
4 2780 2753 2788 2785 
3 2851 2760 2729 
3 2757 2744 2789 
3 2787 2735 2807 
3 2779 2698 2781 
3 2783 2763 2778 
3 2808 2791 2774 
3 2834 2778 2750 
3 2806 2756 2762 
3 2784 2754 2779 
3 2815 2765 2783 
3 2808 2774 2796 
3 2752 2766 2816 
3 2800 2773 2777 
3 2798 2774 2747 
3 2632 2776 2820 
3 2801 2771 2802 
3 2835 2769 2780 
3 2828 2793 2768 
3 2816 2766 2792 
3 2761 2745 2871 
3 2823 2772 2822 
3 2785 2798 2813 
3 2758 2819 2855 
3 2796 2788 2803 
3 2805 2751 2812 
3 2804 2787 2807 
3 2827 2737 2790 
3 2837 2790 2810 
3 2798 2740 2805 
3 2809 2800 2862 
3 2803 2799 2817 
3 2838 2811 2782 
3 2800 2777 2824 
3 2826 2780 2785 
3 2812 2804 2830 
4 2857 2802 2770 2815 
3 2853 2755 2806 
3 2818 2799 2809 
3 2821 2796 2817 
3 2668 2767 2847 
3 2810 2784 2861 
3 2824 2786 2793 
3 2813 2805 2818 
3 2817 2812 2849 
3 2855 2797 2820 
3 2819 2789 2827 
3 2904 2813 2831 
3 2846 2795 2856 
3 2840 2795 2846 
3 2807 2816 2825 
3 2842 2824 2828 
3 2843 2833 2808 
3 2820 2801 2829 
4 2832 2825 2792 2841 
3 2898 2827 2837 
3 2809 2875 2852 
3 2908 2821 2850 
3 2866 2842 2828 
3 2874 2835 2826 
3 2853 2861 2781 
3 2838 2791 2833 
3 2839 2673 2858 
3 2829 2802 2860 
3 2854 2806 2835 
3 2851 2736 2836 
3 2859 2841 2823 
3 2865 2828 2840 
3 2862 2825 2832 
3 2867 2863 2826 
3 2845 2725 2848 
3 2871 2745 2844 
3 2823 2822 2864 
3 2721 2814 2848 
3 2844 2847 2870 
3 2850 2818 2852 
3 2914 2831 2849 
3 2869 2775 2839 
3 2849 2830 2885 
3 2879 2834 2811 
3 2891 2838 2878 
3 2797 2819 2876 
3 2864 2822 2869 
3 2860 2810 2868 
3 2880 2836 2926 
3 2873 2840 2887 
3 2898 2837 2857 
3 2868 2815 2834 
3 2804 2842 2872 
3 2888 2843 2867 
3 2897 2846 2856 
3 2883 2866 2841 
3 2872 2832 2865 
3 2904 2863 2843 
3 2857 2861 2879 
3 2856 2851 2880 
3 2848 2876 2889 
3 2794 2845 2963 
3 2875 2862 2866 
3 2884 2877 2859 
3 2881 2833 2888 
3 2830 2872 2882 
3 2870 2855 2900 
3 2902 2883 2873 
3 2896 2854 2881 
3 2891 2868 2853 
3 2869 2858 2931 
3 2878 2874 2907 
3 2885 2875 2890 
3 2893 2865 2877 
3 2913 2873 2886 
3 2903 2852 2882 
3 2927 2884 2887 
3 2886 2859 2897 
3 2892 2874 2863 
3 2963 2870 2900 
3 2901 2882 2894 
3 2895 2879 2854 
3 2912 2888 2899 
3 2902 2894 2883 
3 2905 2890 2893 
3 2909 2891 2896 
3 2917 2895 2878 
3 2887 2864 2911 
3 2906 2829 2860 
3 2892 2904 2920 
3 2889 2876 2906 
3 2903 2890 2905 
3 2922 2893 2877 
3 2923 2885 2901 
4 2924 2899 2867 2821 
3 2956 2901 2894 
3 2910 2900 2898 
3 2919 2881 2921 
3 2924 2831 2937 
3 2910 2895 2918 
3 2951 2906 2909 
3 2915 2897 2931 
3 2916 2921 2892 
3 2929 2925 2884 
3 2937 2850 2923 
3 2935 2927 2911 
3 2946 2912 2920 
3 2918 2896 2919 
3 2928 2909 2917 
3 2932 2917 2907 
3 2916 2899 2930 
3 2944 2907 2912 
3 2943 2902 2925 
3 2950 2914 2903 
3 2930 2904 2908 
3 2936 2922 2913 
7 2979 2966 2931 2858 2697 2135 1656 
3 2929 2886 2915 
3 2951 2918 2934 
3 2936 2913 2927 
3 2920 2924 2939 
4 2948 2911 2880 2926 
3 2953 2933 2919 
2 2934 2932 
3 2954 2928 2933 
3 2948 2952 2915 
4 2955 2945 2925 2929 
3 2938 2908 2914 
3 2940 2937 2950 
3 2941 2930 2940 
3 2969 2939 2938 
4 2942 2949 2947 2939 
3 2971 2941 2969 
3 2945 2956 2922 
3 2953 2921 2946 
3 2965 2943 2936 
3 2944 2916 2947 
3 2959 2946 2941 
3 2960 2935 2931 
3 2975 2959 2941 
3 2938 2923 2957 
4 2990 2910 2928 2962 
3 2968 2955 2935 
4 2954 2932 2944 2961 
3 2958 2934 2953 
3 2965 2936 2952 
3 2957 2905 2943 
3 2950 2956 2967 
3 2964 2954 2970 
3 2961 2947 2949 
3 2968 2948 2966 
3 2970 2953 2959 
3 2951 2964 2984 
3 2871 2889 2990 
3 2962 2958 2983 
3 2967 2945 2955 
3 2991 2960 2926 
3 2972 2957 2965 
3 2973 2952 2960 
3 2977 2942 2940 
3 2958 2961 2976 
3 2978 2942 2982 
3 2974 2967 2973 
3 2995 2972 2968 
3 2980 2972 2996 
3 2976 2949 2978 
3 2970 2975 2986 
3 2981 2969 2980 
3 2986 2975 2971 
2 2991 2926 
3 2987 2977 2974 
3 2982 2977 2987 
3 2985 2971 2981 
3 2984 2964 2993 
3 2997 2962 2983 
3 2988 2982 2992 
3 2976 2978 2989 
3 2992 2981 2980 
3 2989 2985 2994 
3 2993 2986 2988 
4 2759 2963 2951 2997 
3 2995 2966 2979 
3 2985 2987 2994 
3 2997 2983 2989 
3 2988 2992 2999 
4 2999 2996 2973 2991 
3 2999 2974 2995 
4 2990 2984 2993 2998 
2 2997 2999 
4 2998 2994 2996 2995 
