1358
0 0 17
1 0 18
2 0 19
3 0 20
4 0 21
5 0 22
6 0 23
7 0 24
8 0 25
9 0 26
10 0 32
11 0 33
12 0 34
13 0 35
14 0 36
15 0 37
16 0 38
17 0 39
18 0 52
19 1 14
20 1 15
21 1 16
22 1 22
23 1 23
24 1 24
25 1 25
26 1 26
27 1 27
28 1 28
29 1 29
30 1 30
31 1 31
32 1 33
33 1 36
34 1 37
35 1 38
36 1 39
37 1 52
38 1 53
39 1 54
40 1 55
41 1 56
42 1 57
43 1 58
44 1 59
45 1 60
46 2 12
47 2 13
48 2 17
49 2 18
50 2 19
51 2 20
52 2 21
53 2 33
54 2 34
55 2 35
56 2 40
57 2 41
58 2 42
59 2 43
60 2 44
61 2 45
62 2 46
63 2 47
64 2 48
65 2 51
66 2 55
67 2 56
68 2 57
69 2 58
70 2 59
71 2 60
72 3 12
73 3 13
74 3 23
75 3 24
76 3 25
77 3 26
78 3 27
79 3 28
80 3 36
81 3 37
82 3 38
83 3 39
84 3 49
85 3 51
86 3 54
87 4 9
88 4 10
89 4 11
90 4 12
91 4 13
92 4 23
93 4 28
94 4 49
95 4 51
96 4 52
97 4 53
98 4 54
99 5 1
100 5 2
101 5 3
102 5 4
103 5 5
104 5 8
105 5 23
106 5 24
107 5 29
108 5 30
109 5 31
110 5 41
111 5 42
112 5 49
113 5 50
114 5 55
115 5 56
116 5 57
117 6 1
118 6 3
119 6 6
120 6 7
121 6 9
122 6 10
123 6 11
124 6 12
125 6 13
126 6 16
127 6 17
128 6 18
129 6 19
130 6 20
131 6 21
132 6 22
133 6 25
134 6 26
135 6 27
136 6 28
137 6 31
138 6 41
139 6 42
140 6 49
141 6 50
142 6 55
143 6 57
144 7 1
145 7 3
146 7 6
147 7 7
148 7 9
149 7 13
150 7 16
151 7 19
152 7 20
153 7 21
154 7 22
155 7 25
156 7 29
157 7 31
158 7 34
159 7 36
160 7 37
161 7 38
162 7 39
163 7 40
164 7 42
165 7 43
166 7 44
167 7 45
168 7 49
169 7 50
170 7 55
171 7 57
172 8 1
173 8 3
174 8 6
175 8 7
176 8 9
177 8 13
178 8 17
179 8 18
180 8 24
181 8 26
182 8 27
183 8 28
184 8 31
185 8 34
186 8 36
187 8 40
188 8 42
189 8 45
190 8 51
191 8 52
192 8 53
193 8 54
194 8 57
195 9 1
196 9 2
197 9 3
198 9 6
199 9 7
200 9 9
201 9 13
202 9 17
203 9 18
204 9 22
205 9 23
206 9 26
207 9 27
208 9 28
209 9 29
210 9 31
211 9 34
212 9 36
213 9 37
214 9 40
215 9 42
216 9 45
217 9 51
218 9 57
219 10 3
220 10 4
221 10 5
222 10 7
223 10 9
224 10 10
225 10 11
226 10 12
227 10 13
228 10 15
229 10 16
230 10 17
231 10 18
232 10 21
233 10 24
234 10 25
235 10 30
236 10 31
237 10 35
238 10 38
239 10 40
240 10 42
241 10 45
242 10 51
243 10 57
244 11 3
245 11 6
246 11 8
247 11 14
248 11 20
249 11 21
250 11 24
251 11 27
252 11 28
253 11 30
254 11 31
255 11 35
256 11 38
257 11 41
258 11 45
259 11 51
260 11 57
261 12 3
262 12 5
263 12 7
264 12 8
265 12 13
266 12 14
267 12 20
268 12 21
269 12 24
270 12 27
271 12 28
272 12 30
273 12 31
274 12 35
275 12 38
276 12 41
277 12 42
278 12 43
279 12 44
280 12 45
281 12 46
282 12 47
283 12 51
284 12 57
285 13 3
286 13 5
287 13 7
288 13 8
289 13 13
290 13 14
291 13 20
292 13 21
293 13 24
294 13 27
295 13 28
296 13 30
297 13 31
298 13 35
299 13 39
300 13 40
301 13 46
302 13 47
303 13 51
304 13 58
305 13 59
306 13 60
307 14 3
308 14 6
309 14 8
310 14 13
311 14 14
312 14 20
313 14 22
314 14 23
315 14 27
316 14 28
317 14 30
318 14 31
319 14 39
320 14 40
321 14 45
322 14 51
323 14 55
324 14 56
325 14 57
326 14 58
327 14 59
328 14 60
329 15 0
330 15 1
331 15 2
332 15 9
333 15 10
334 15 13
335 15 14
336 15 20
337 15 23
338 15 27
339 15 28
340 15 30
341 15 31
342 15 39
343 15 40
344 15 45
345 15 48
346 15 49
347 15 50
348 15 51
349 15 52
350 15 53
351 15 54
352 16 0
353 16 3
354 16 10
355 16 13
356 16 14
357 16 20
358 16 21
359 16 23
360 16 27
361 16 28
362 16 30
363 16 31
364 16 39
365 16 40
366 16 45
367 16 55
368 16 56
369 16 57
370 16 58
371 17 0
372 17 3
373 17 5
374 17 6
375 17 7
376 17 8
377 17 9
378 17 10
379 17 20
380 17 22
381 17 24
382 17 25
383 17 27
384 17 28
385 17 30
386 17 31
387 17 39
388 17 40
389 17 45
390 17 55
391 17 58
392 18 0
393 18 3
394 18 4
395 18 11
396 18 12
397 18 13
398 18 14
399 18 15
400 18 16
401 18 17
402 18 18
403 18 19
404 18 20
405 18 22
406 18 26
407 18 29
408 18 34
409 18 37
410 18 38
411 18 41
412 18 42
413 18 50
414 18 51
415 18 52
416 18 53
417 18 54
418 18 58
419 19 0
420 19 3
421 19 4
422 19 8
423 19 9
424 19 10
425 19 13
426 19 20
427 19 22
428 19 23
429 19 24
430 19 25
431 19 26
432 19 29
433 19 34
434 19 41
435 19 42
436 19 50
437 19 58
438 20 0
439 20 3
440 20 4
441 20 8
442 20 10
443 20 13
444 20 19
445 20 21
446 20 27
447 20 28
448 20 29
449 20 34
450 20 41
451 20 51
452 20 52
453 20 53
454 20 54
455 20 55
456 20 56
457 20 57
458 20 58
459 21 0
460 21 3
461 21 4
462 21 8
463 21 10
464 21 13
465 21 14
466 21 15
467 21 16
468 21 17
469 21 18
470 21 19
471 21 21
472 21 22
473 21 23
474 21 24
475 21 25
476 21 26
477 21 28
478 21 30
479 21 35
480 21 36
481 21 42
482 21 43
483 21 44
484 21 45
485 21 46
486 21 47
487 21 48
488 21 49
489 21 50
490 21 59
491 21 60
492 22 0
493 22 3
494 22 4
495 22 8
496 22 9
497 22 10
498 22 21
499 22 26
500 22 28
501 22 30
502 22 35
503 22 36
504 22 42
505 22 46
506 22 47
507 22 50
508 22 59
509 22 60
510 23 0
511 23 3
512 23 4
513 23 7
514 23 11
515 23 12
516 23 13
517 23 14
518 23 21
519 23 26
520 23 28
521 23 30
522 23 35
523 23 36
524 23 42
525 23 45
526 23 48
527 23 51
528 23 60
529 24 0
530 24 3
531 24 4
532 24 7
533 24 11
534 24 12
535 24 13
536 24 14
537 24 21
538 24 22
539 24 23
540 24 24
541 24 25
542 24 26
543 24 28
544 24 29
545 24 30
546 24 35
547 24 37
548 24 38
549 24 42
550 24 45
551 24 48
552 24 52
553 24 53
554 24 54
555 24 55
556 24 56
557 24 57
558 24 58
559 24 59
560 25 0
561 25 3
562 25 4
563 25 7
564 25 8
565 25 9
566 25 10
567 25 15
568 25 16
569 25 21
570 25 28
571 25 31
572 25 32
573 25 33
574 25 35
575 25 36
576 25 37
577 25 38
578 25 42
579 25 43
580 25 44
581 25 45
582 25 48
583 25 49
584 25 50
585 25 51
586 25 59
587 26 0
588 26 3
589 26 4
590 26 6
591 26 10
592 26 15
593 26 16
594 26 21
595 26 24
596 26 25
597 26 26
598 26 27
599 26 28
600 26 31
601 26 34
602 26 52
603 26 55
604 26 56
605 26 57
606 26 58
607 26 59
608 27 0
609 27 3
610 27 4
611 27 6
612 27 10
613 27 15
614 27 16
615 27 21
616 27 24
617 27 26
618 27 29
619 27 30
620 27 32
621 27 34
622 27 42
623 27 43
624 27 44
625 27 45
626 27 52
627 27 53
628 27 54
629 27 59
630 28 0
631 28 3
632 28 4
633 28 6
634 28 10
635 28 15
636 28 16
637 28 21
638 28 24
639 28 25
640 28 26
641 28 29
642 28 30
643 28 32
644 28 34
645 28 37
646 28 38
647 28 44
648 28 45
649 28 51
650 28 59
651 28 60
652 29 0
653 29 3
654 29 4
655 29 6
656 29 7
657 29 10
658 29 15
659 29 17
660 29 18
661 29 19
662 29 20
663 29 22
664 29 23
665 29 27
666 29 28
667 29 31
668 29 32
669 29 33
670 29 34
671 29 37
672 29 38
673 29 44
674 29 45
675 29 51
676 29 52
677 29 53
678 29 54
679 29 55
680 29 56
681 29 57
682 29 58
683 30 0
684 30 3
685 30 4
686 30 8
687 30 10
688 30 15
689 30 17
690 30 22
691 30 23
692 30 27
693 30 28
694 30 29
695 30 30
696 30 35
697 30 36
698 30 38
699 30 44
700 30 46
701 30 47
702 30 48
703 30 49
704 30 50
705 30 59
706 30 60
707 31 0
708 31 3
709 31 4
710 31 8
711 31 10
712 31 15
713 31 16
714 31 17
715 31 22
716 31 23
717 31 36
718 31 37
719 31 38
720 31 39
721 31 42
722 31 43
723 31 45
724 31 50
725 31 59
726 31 60
727 32 0
728 32 3
729 32 4
730 32 8
731 32 10
732 32 12
733 32 13
734 32 14
735 32 22
736 32 23
737 32 36
738 32 40
739 32 41
740 32 42
741 32 44
742 32 46
743 32 50
744 32 59
745 32 60
746 33 0
747 33 3
748 33 4
749 33 8
750 33 9
751 33 10
752 33 12
753 33 14
754 33 22
755 33 24
756 33 25
757 33 26
758 33 27
759 33 28
760 33 29
761 33 30
762 33 31
763 33 32
764 33 33
765 33 36
766 33 43
767 33 44
768 33 46
769 33 50
770 33 59
771 34 1
772 34 2
773 34 4
774 34 6
775 34 7
776 34 11
777 34 14
778 34 22
779 34 33
780 34 36
781 34 37
782 34 38
783 34 39
784 34 43
785 34 44
786 34 46
787 34 48
788 34 49
789 34 50
790 34 59
791 35 1
792 35 2
793 35 4
794 35 6
795 35 7
796 35 11
797 35 14
798 35 22
799 35 25
800 35 33
801 35 36
802 35 39
803 35 43
804 35 44
805 35 46
806 35 47
807 35 59
808 36 0
809 36 3
810 36 5
811 36 10
812 36 14
813 36 22
814 36 24
815 36 26
816 36 33
817 36 36
818 36 39
819 36 42
820 36 44
821 36 46
822 36 47
823 36 59
824 37 0
825 37 3
826 37 5
827 37 10
828 37 13
829 37 14
830 37 22
831 37 23
832 37 24
833 37 26
834 37 27
835 37 28
836 37 29
837 37 30
838 37 31
839 37 33
840 37 36
841 37 39
842 37 42
843 37 45
844 37 47
845 37 51
846 37 52
847 37 53
848 37 60
849 38 0
850 38 5
851 38 10
852 38 12
853 38 15
854 38 16
855 38 17
856 38 18
857 38 19
858 38 20
859 38 21
860 38 24
861 38 32
862 38 33
863 38 36
864 38 39
865 38 42
866 38 45
867 38 47
868 38 51
869 38 53
870 38 55
871 38 56
872 38 60
873 39 0
874 39 5
875 39 10
876 39 13
877 39 14
878 39 15
879 39 16
880 39 17
881 39 18
882 39 19
883 39 20
884 39 21
885 39 24
886 39 32
887 39 33
888 39 36
889 39 39
890 39 42
891 39 45
892 39 47
893 39 51
894 39 53
895 39 55
896 39 56
897 39 60
898 40 0
899 40 5
900 40 10
901 40 11
902 40 12
903 40 24
904 40 26
905 40 27
906 40 34
907 40 35
908 40 37
909 40 39
910 40 42
911 40 45
912 40 47
913 40 51
914 40 53
915 40 55
916 40 56
917 40 60
918 41 0
919 41 5
920 41 6
921 41 7
922 41 8
923 41 9
924 41 13
925 41 14
926 41 15
927 41 16
928 41 23
929 41 24
930 41 26
931 41 28
932 41 34
933 41 35
934 41 37
935 41 38
936 41 39
937 41 42
938 41 45
939 41 46
940 41 47
941 41 51
942 41 53
943 41 55
944 41 56
945 41 60
946 42 0
947 42 5
948 42 9
949 42 13
950 42 16
951 42 23
952 42 24
953 42 25
954 42 28
955 42 34
956 42 35
957 42 40
958 42 41
959 42 43
960 42 44
961 42 51
962 42 53
963 42 55
964 42 57
965 42 58
966 42 59
967 42 60
968 43 0
969 43 5
970 43 9
971 43 13
972 43 14
973 43 15
974 43 17
975 43 18
976 43 19
977 43 20
978 43 21
979 43 22
980 43 26
981 43 28
982 43 34
983 43 35
984 43 40
985 43 41
986 43 43
987 43 44
988 43 51
989 43 52
990 43 54
991 43 55
992 43 57
993 43 60
994 44 1
995 44 2
996 44 5
997 44 9
998 44 11
999 44 12
1000 44 17
1001 44 22
1002 44 26
1003 44 28
1004 44 36
1005 44 37
1006 44 38
1007 44 39
1008 44 42
1009 44 44
1010 44 51
1011 44 52
1012 44 54
1013 44 55
1014 44 57
1015 44 60
1016 45 1
1017 45 2
1018 45 3
1019 45 4
1020 45 5
1021 45 6
1022 45 7
1023 45 8
1024 45 9
1025 45 11
1026 45 12
1027 45 17
1028 45 18
1029 45 22
1030 45 26
1031 45 28
1032 45 29
1033 45 30
1034 45 36
1035 45 39
1036 45 43
1037 45 44
1038 45 48
1039 45 49
1040 45 50
1041 45 54
1042 45 55
1043 45 57
1044 45 60
1045 46 10
1046 46 19
1047 46 22
1048 46 26
1049 46 28
1050 46 29
1051 46 30
1052 46 36
1053 46 39
1054 46 43
1055 46 44
1056 46 48
1057 46 50
1058 46 54
1059 46 55
1060 46 57
1061 46 60
1062 47 3
1063 47 4
1064 47 5
1065 47 10
1066 47 19
1067 47 22
1068 47 26
1069 47 27
1070 47 31
1071 47 32
1072 47 33
1073 47 34
1074 47 36
1075 47 39
1076 47 43
1077 47 44
1078 47 48
1079 47 50
1080 47 53
1081 47 55
1082 47 58
1083 47 60
1084 48 3
1085 48 5
1086 48 10
1087 48 19
1088 48 22
1089 48 26
1090 48 27
1091 48 31
1092 48 34
1093 48 36
1094 48 40
1095 48 41
1096 48 42
1097 48 45
1098 48 46
1099 48 47
1100 48 49
1101 48 50
1102 48 53
1103 48 55
1104 48 58
1105 48 60
1106 49 2
1107 49 3
1108 49 4
1109 49 5
1110 49 10
1111 49 19
1112 49 22
1113 49 26
1114 49 27
1115 49 31
1116 49 34
1117 49 36
1118 49 42
1119 49 45
1120 49 47
1121 49 53
1122 49 56
1123 49 57
1124 49 59
1125 50 1
1126 50 2
1127 50 8
1128 50 9
1129 50 12
1130 50 13
1131 50 14
1132 50 15
1133 50 16
1134 50 19
1135 50 20
1136 50 21
1137 50 22
1138 50 26
1139 50 27
1140 50 31
1141 50 34
1142 50 36
1143 50 42
1144 50 45
1145 50 47
1146 50 53
1147 50 56
1148 50 58
1149 50 59
1150 51 1
1151 51 3
1152 51 4
1153 51 8
1154 51 9
1155 51 11
1156 51 26
1157 51 28
1158 51 29
1159 51 30
1160 51 34
1161 51 36
1162 51 42
1163 51 45
1164 51 46
1165 51 47
1166 51 53
1167 51 56
1168 51 58
1169 51 59
1170 52 0
1171 52 1
1172 52 3
1173 52 4
1174 52 8
1175 52 9
1176 52 11
1177 52 26
1178 52 34
1179 52 36
1180 52 37
1181 52 38
1182 52 39
1183 52 40
1184 52 41
1185 52 43
1186 52 44
1187 52 48
1188 52 49
1189 52 50
1190 52 51
1191 52 53
1192 52 56
1193 52 58
1194 52 60
1195 53 2
1196 53 4
1197 53 8
1198 53 9
1199 53 26
1200 53 35
1201 53 42
1202 53 44
1203 53 48
1204 53 51
1205 53 53
1206 53 56
1207 53 58
1208 53 60
1209 54 2
1210 54 4
1211 54 8
1212 54 9
1213 54 15
1214 54 16
1215 54 26
1216 54 35
1217 54 42
1218 54 43
1219 54 44
1220 54 48
1221 54 51
1222 54 53
1223 54 56
1224 54 57
1225 54 58
1226 54 59
1227 54 60
1228 55 2
1229 55 3
1230 55 4
1231 55 8
1232 55 9
1233 55 15
1234 55 16
1235 55 26
1236 55 31
1237 55 32
1238 55 33
1239 55 34
1240 55 35
1241 55 38
1242 55 48
1243 55 51
1244 55 53
1245 55 56
1246 55 57
1247 56 2
1248 56 5
1249 56 12
1250 56 13
1251 56 14
1252 56 15
1253 56 16
1254 56 26
1255 56 30
1256 56 36
1257 56 37
1258 56 38
1259 56 48
1260 56 50
1261 56 52
1262 56 56
1263 56 57
1264 57 0
1265 57 1
1266 57 2
1267 57 6
1268 57 7
1269 57 8
1270 57 9
1271 57 10
1272 57 11
1273 57 17
1274 57 18
1275 57 19
1276 57 20
1277 57 21
1278 57 22
1279 57 26
1280 57 30
1281 57 36
1282 57 38
1283 57 48
1284 57 50
1285 57 52
1286 57 56
1287 57 57
1288 58 0
1289 58 1
1290 58 2
1291 58 18
1292 58 19
1293 58 20
1294 58 21
1295 58 22
1296 58 26
1297 58 27
1298 58 28
1299 58 29
1300 58 30
1301 58 36
1302 58 38
1303 58 48
1304 58 50
1305 58 52
1306 58 56
1307 58 57
1308 59 3
1309 59 24
1310 59 25
1311 59 31
1312 59 32
1313 59 33
1314 59 34
1315 59 35
1316 59 38
1317 59 48
1318 59 50
1319 59 52
1320 59 54
1321 59 56
1322 59 58
1323 59 59
1324 59 60
1325 60 3
1326 60 9
1327 60 10
1328 60 11
1329 60 12
1330 60 13
1331 60 14
1332 60 15
1333 60 16
1334 60 17
1335 60 18
1336 60 26
1337 60 27
1338 60 28
1339 60 29
1340 60 30
1341 60 31
1342 60 32
1343 60 33
1344 60 34
1345 60 35
1346 60 36
1347 60 37
1348 60 38
1349 60 48
1350 60 49
1351 60 50
1352 60 52
1353 60 54
1354 60 56
1355 60 58
1356 60 59
1357 60 60
3 1 99 19 
2 2 0 
2 3 1 
2 4 2 
2 5 3 
2 6 4 
2 7 5 
2 8 6 
2 9 7 
2 10 8 
2 11 9 
2 12 10 
2 13 11 
2 14 12 
2 15 13 
2 16 14 
2 17 15 
2 18 16 
2 45 17 
4 20 0 99 46 
2 21 19 
2 22 20 
2 23 21 
2 24 22 
2 25 23 
2 26 24 
2 27 25 
2 28 26 
2 29 27 
2 30 28 
2 31 29 
2 32 30 
2 33 31 
2 34 32 
2 35 33 
2 36 34 
2 37 35 
2 38 36 
2 39 37 
2 40 38 
2 41 39 
2 42 40 
2 43 41 
2 44 42 
2 45 43 
4 71 18 44 70 
4 72 47 19 101 
2 48 46 
2 49 47 
2 50 48 
2 51 49 
2 52 50 
2 53 51 
2 54 52 
2 55 53 
2 56 54 
2 57 55 
2 58 56 
2 59 57 
2 60 58 
2 61 59 
2 62 60 
2 63 61 
2 64 62 
2 65 63 
2 66 64 
2 67 65 
2 68 66 
2 69 67 
3 70 68 86 
3 45 69 116 
2 306 45 
3 73 46 87 
2 74 72 
2 75 73 
2 76 74 
2 77 75 
2 78 76 
2 79 77 
2 80 78 
2 81 79 
2 82 80 
2 83 81 
2 84 82 
2 85 83 
2 86 84 
3 98 69 85 
3 88 72 101 
2 89 87 
2 90 88 
2 91 89 
2 92 90 
2 93 91 
2 94 92 
2 95 93 
2 96 94 
2 97 95 
2 98 96 
3 115 86 97 
5 117 100 19 0 329 
2 101 99 
4 102 87 46 100 
2 103 101 
2 104 102 
2 105 103 
2 106 104 
2 107 105 
2 108 106 
2 109 107 
2 110 108 
2 111 109 
2 112 110 
2 113 111 
2 114 112 
2 115 113 
3 116 98 114 
3 143 70 115 
3 144 118 99 
2 119 117 
2 120 118 
2 121 119 
2 122 120 
2 123 121 
2 124 122 
2 125 123 
2 126 124 
2 127 125 
2 128 126 
2 129 127 
2 130 128 
2 131 129 
2 132 130 
2 133 131 
2 134 132 
2 135 133 
2 136 134 
2 137 135 
2 138 136 
2 139 137 
2 140 138 
2 141 139 
2 142 140 
2 143 141 
3 171 116 142 
3 172 145 117 
2 146 144 
2 147 145 
2 148 146 
2 149 147 
2 150 148 
2 151 149 
2 152 150 
2 153 151 
2 154 152 
2 155 153 
2 156 154 
2 157 155 
2 158 156 
2 159 157 
2 160 158 
2 161 159 
2 162 160 
2 163 161 
2 164 162 
2 165 163 
2 166 164 
2 167 165 
2 168 166 
2 169 167 
2 170 168 
2 171 169 
3 194 143 170 
3 195 173 144 
2 174 172 
2 175 173 
2 176 174 
2 177 175 
2 178 176 
2 179 177 
2 180 178 
2 181 179 
2 182 180 
2 183 181 
2 184 182 
2 185 183 
2 186 184 
2 187 185 
2 188 186 
2 189 187 
2 190 188 
2 191 189 
2 192 190 
2 193 191 
2 194 192 
3 218 171 193 
3 330 196 172 
3 219 197 195 
2 198 196 
2 199 197 
2 200 198 
2 201 199 
2 202 200 
2 203 201 
2 204 202 
2 205 203 
2 206 204 
2 207 205 
2 208 206 
2 209 207 
2 210 208 
2 211 209 
2 212 210 
2 213 211 
2 214 212 
2 215 213 
2 216 214 
2 217 215 
2 218 216 
3 243 194 217 
3 244 220 196 
2 221 219 
2 222 220 
2 223 221 
2 224 222 
2 225 223 
2 226 224 
2 227 225 
2 228 226 
2 229 227 
2 230 228 
2 231 229 
2 232 230 
2 233 231 
2 234 232 
2 235 233 
2 236 234 
2 237 235 
2 238 236 
2 239 237 
2 240 238 
2 241 239 
2 242 240 
2 243 241 
3 260 218 242 
3 261 245 219 
2 246 244 
2 247 245 
2 248 246 
2 249 247 
2 250 248 
2 251 249 
2 252 250 
2 253 251 
2 254 252 
2 255 253 
2 256 254 
2 257 255 
2 258 256 
2 259 257 
2 260 258 
3 284 243 259 
3 285 262 244 
2 263 261 
2 264 262 
2 265 263 
2 266 264 
2 267 265 
2 268 266 
2 269 267 
2 270 268 
2 271 269 
2 272 270 
2 273 271 
2 274 272 
2 275 273 
2 276 274 
2 277 275 
2 278 276 
2 279 277 
2 280 278 
2 281 279 
2 282 280 
2 283 281 
2 284 282 
3 304 260 283 
3 307 286 261 
2 287 285 
2 288 286 
2 289 287 
2 290 288 
2 291 289 
2 292 290 
2 293 291 
2 294 292 
2 295 293 
2 296 294 
2 297 295 
2 298 296 
2 299 297 
2 300 298 
2 301 299 
2 302 300 
2 303 301 
2 304 302 
3 305 284 303 
2 306 304 
3 328 71 305 
3 308 285 331 
2 309 307 
2 310 308 
2 311 309 
2 312 310 
2 313 311 
2 314 312 
2 315 313 
2 316 314 
2 317 315 
2 318 316 
2 319 317 
2 320 318 
2 321 319 
2 322 320 
2 323 321 
2 324 322 
2 325 323 
3 326 324 351 
2 327 325 
3 328 326 370 
3 491 306 327 
3 352 330 99 
3 331 195 329 
3 332 307 330 
2 333 331 
2 334 332 
2 335 333 
2 336 334 
2 337 335 
2 338 336 
2 339 337 
2 340 338 
2 341 339 
2 342 340 
2 343 341 
2 344 342 
2 345 343 
2 346 344 
2 347 345 
2 348 346 
2 349 347 
2 350 348 
2 351 349 
3 367 325 350 
3 371 353 329 
2 354 352 
2 355 353 
2 356 354 
2 357 355 
2 358 356 
2 359 357 
2 360 358 
2 361 359 
2 362 360 
2 363 361 
2 364 362 
2 365 363 
2 366 364 
2 367 365 
3 368 351 366 
2 369 367 
2 370 368 
3 391 327 369 
3 392 372 352 
2 373 371 
2 374 372 
2 375 373 
2 376 374 
2 377 375 
2 378 376 
2 379 377 
2 380 378 
2 381 379 
2 382 380 
2 383 381 
2 384 382 
2 385 383 
2 386 384 
2 387 385 
2 388 386 
2 389 387 
2 390 388 
2 391 389 
3 418 370 390 
3 419 393 371 
2 394 392 
2 395 393 
2 396 394 
2 397 395 
2 398 396 
2 399 397 
2 400 398 
2 401 399 
2 402 400 
2 403 401 
2 404 402 
2 405 403 
2 406 404 
2 407 405 
2 408 406 
2 409 407 
2 410 408 
2 411 409 
2 412 410 
2 413 411 
2 414 412 
2 415 413 
2 416 414 
2 417 415 
2 418 416 
3 437 391 417 
3 438 420 392 
2 421 419 
2 422 420 
2 423 421 
2 424 422 
2 425 423 
2 426 424 
2 427 425 
2 428 426 
2 429 427 
2 430 428 
2 431 429 
2 432 430 
2 433 431 
2 434 432 
2 435 433 
2 436 434 
2 437 435 
3 458 418 436 
3 459 439 419 
2 440 438 
2 441 439 
2 442 440 
2 443 441 
2 444 442 
2 445 443 
2 446 444 
2 447 445 
2 448 446 
2 449 447 
2 450 448 
2 451 449 
2 452 450 
2 453 451 
2 454 452 
2 455 453 
2 456 454 
2 457 455 
2 458 456 
3 490 437 457 
3 492 460 438 
2 461 459 
2 462 460 
2 463 461 
2 464 462 
2 465 463 
2 466 464 
2 467 465 
2 468 466 
2 469 467 
2 470 468 
2 471 469 
2 472 470 
2 473 471 
2 474 472 
2 475 473 
2 476 474 
2 477 475 
2 478 476 
2 479 477 
2 480 478 
2 481 479 
2 482 480 
2 483 481 
2 484 482 
2 485 483 
2 486 484 
2 487 485 
2 488 486 
2 489 487 
2 490 488 
3 509 458 489 
2 509 328 
3 510 493 459 
2 494 492 
2 495 493 
2 496 494 
2 497 495 
2 498 496 
2 499 497 
2 500 498 
2 501 499 
2 502 500 
2 503 501 
2 504 502 
2 505 503 
2 506 504 
2 507 505 
2 508 506 
2 509 507 
4 528 491 490 508 
3 529 511 492 
2 512 510 
2 513 511 
2 514 512 
2 515 513 
2 516 514 
2 517 515 
2 518 516 
2 519 517 
2 520 518 
2 521 519 
2 522 520 
2 523 521 
2 524 522 
2 525 523 
2 526 524 
2 527 525 
2 528 526 
4 651 509 527 559 
3 560 530 510 
2 531 529 
2 532 530 
2 533 531 
2 534 532 
2 535 533 
2 536 534 
2 537 535 
2 538 536 
2 539 537 
2 540 538 
2 541 539 
2 542 540 
2 543 541 
2 544 542 
2 545 543 
2 546 544 
2 547 545 
2 548 546 
2 549 547 
2 550 548 
2 551 549 
2 552 550 
2 553 551 
2 554 552 
2 555 553 
2 556 554 
2 557 555 
2 558 556 
2 559 557 
3 586 528 558 
3 587 561 529 
2 562 560 
2 563 561 
2 564 562 
2 565 563 
2 566 564 
2 567 565 
2 568 566 
2 569 567 
2 570 568 
2 571 569 
2 572 570 
2 573 571 
2 574 572 
2 575 573 
2 576 574 
2 577 575 
2 578 576 
2 579 577 
2 580 578 
2 581 579 
2 582 580 
2 583 581 
2 584 582 
2 585 583 
2 586 584 
3 607 559 585 
3 608 588 560 
2 589 587 
2 590 588 
2 591 589 
2 592 590 
2 593 591 
2 594 592 
2 595 593 
2 596 594 
2 597 595 
2 598 596 
2 599 597 
2 600 598 
2 601 599 
2 602 600 
2 603 601 
2 604 602 
2 605 603 
2 606 604 
2 607 605 
3 629 586 606 
3 630 609 587 
2 610 608 
2 611 609 
2 612 610 
2 613 611 
2 614 612 
2 615 613 
2 616 614 
2 617 615 
2 618 616 
2 619 617 
2 620 618 
2 621 619 
2 622 620 
2 623 621 
2 624 622 
2 625 623 
2 626 624 
2 627 625 
2 628 626 
2 629 627 
3 650 607 628 
3 652 631 608 
2 632 630 
2 633 631 
2 634 632 
2 635 633 
2 636 634 
2 637 635 
2 638 636 
2 639 637 
2 640 638 
2 641 639 
2 642 640 
2 643 641 
2 644 642 
2 645 643 
2 646 644 
2 647 645 
2 648 646 
2 649 647 
2 650 648 
4 705 629 649 682 
2 706 528 
3 683 653 630 
2 654 652 
2 655 653 
2 656 654 
2 657 655 
2 658 656 
2 659 657 
2 660 658 
2 661 659 
2 662 660 
2 663 661 
2 664 662 
2 665 663 
2 666 664 
2 667 665 
2 668 666 
2 669 667 
2 670 668 
2 671 669 
2 672 670 
2 673 671 
2 674 672 
2 675 673 
2 676 674 
2 677 675 
2 678 676 
2 679 677 
2 680 678 
2 681 679 
2 682 680 
3 705 650 681 
3 707 684 652 
2 685 683 
2 686 684 
2 687 685 
2 688 686 
2 689 687 
2 690 688 
2 691 689 
2 692 690 
2 693 691 
2 694 692 
2 695 693 
2 696 694 
2 697 695 
2 698 696 
2 699 697 
2 700 698 
2 701 699 
2 702 700 
2 703 701 
2 704 702 
2 705 703 
4 725 650 682 704 
2 726 651 
3 727 708 683 
2 709 707 
2 710 708 
2 711 709 
2 712 710 
2 713 711 
2 714 712 
2 715 713 
2 716 714 
2 717 715 
2 718 716 
2 719 717 
2 720 718 
2 721 719 
2 722 720 
2 723 721 
2 724 722 
2 725 723 
3 744 705 724 
2 745 706 
3 746 728 707 
2 729 727 
2 730 728 
2 731 729 
2 732 730 
2 733 731 
2 734 732 
2 735 733 
2 736 734 
2 737 735 
2 738 736 
2 739 737 
2 740 738 
2 741 739 
2 742 740 
2 743 741 
2 744 742 
3 770 725 743 
2 848 726 
4 808 771 747 727 
2 748 746 
2 749 747 
2 750 748 
2 751 749 
2 752 750 
2 753 751 
2 754 752 
2 755 753 
2 756 754 
2 757 755 
2 758 756 
2 759 757 
2 760 758 
2 761 759 
2 762 760 
2 763 761 
2 764 762 
2 765 763 
2 766 764 
2 767 765 
2 768 766 
2 769 767 
2 770 768 
3 790 744 769 
3 791 772 746 
2 773 771 
2 774 772 
2 775 773 
2 776 774 
2 777 775 
2 778 776 
2 779 777 
2 780 778 
2 781 779 
2 782 780 
2 783 781 
2 784 782 
2 785 783 
2 786 784 
2 787 785 
2 788 786 
2 789 787 
2 790 788 
3 807 770 789 
3 792 771 808 
2 793 791 
2 794 792 
2 795 793 
2 796 794 
2 797 795 
2 798 796 
2 799 797 
2 800 798 
2 801 799 
2 802 800 
2 803 801 
2 804 802 
2 805 803 
2 806 804 
2 807 805 
3 823 790 806 
4 824 809 791 746 
2 810 808 
2 811 809 
2 812 810 
2 813 811 
2 814 812 
2 815 813 
2 816 814 
2 817 815 
2 818 816 
2 819 817 
2 820 818 
2 821 819 
2 822 820 
2 823 821 
3 848 807 822 
3 849 825 808 
2 826 824 
2 827 825 
2 828 826 
2 829 827 
2 830 828 
2 831 829 
2 832 830 
2 833 831 
2 834 832 
2 835 833 
2 836 834 
2 837 835 
2 838 836 
2 839 837 
2 840 838 
2 841 839 
2 842 840 
2 843 841 
2 844 842 
2 845 843 
2 846 844 
2 847 845 
2 848 846 
4 872 745 823 847 
3 873 850 824 
2 851 849 
2 852 850 
2 853 851 
2 854 852 
2 855 853 
2 856 854 
2 857 855 
2 858 856 
2 859 857 
2 860 858 
2 861 859 
2 862 860 
2 863 861 
2 864 862 
2 865 863 
2 866 864 
2 867 865 
2 868 866 
2 869 867 
2 870 868 
2 871 869 
2 872 870 
3 897 848 871 
3 898 874 849 
2 875 873 
2 876 874 
2 877 875 
2 878 876 
2 879 877 
2 880 878 
2 881 879 
2 882 880 
2 883 881 
2 884 882 
2 885 883 
2 886 884 
2 887 885 
2 888 886 
2 889 887 
2 890 888 
2 891 889 
2 892 890 
2 893 891 
2 894 892 
2 895 893 
2 896 894 
2 897 895 
3 917 872 896 
3 918 899 873 
2 900 898 
2 901 899 
2 902 900 
2 903 901 
2 904 902 
2 905 903 
2 906 904 
2 907 905 
2 908 906 
2 909 907 
2 910 908 
2 911 909 
2 912 910 
2 913 911 
2 914 912 
2 915 913 
2 916 914 
2 917 915 
3 945 897 916 
3 946 919 898 
2 920 918 
2 921 919 
2 922 920 
2 923 921 
2 924 922 
2 925 923 
2 926 924 
2 927 925 
2 928 926 
2 929 927 
2 930 928 
2 931 929 
2 932 930 
2 933 931 
2 934 932 
2 935 933 
2 936 934 
2 937 935 
2 938 936 
2 939 937 
2 940 938 
2 941 939 
2 942 940 
2 943 941 
2 944 942 
2 945 943 
3 967 917 944 
3 968 947 918 
2 948 946 
2 949 947 
2 950 948 
2 951 949 
2 952 950 
2 953 951 
2 954 952 
2 955 953 
2 956 954 
2 957 955 
2 958 956 
2 959 957 
2 960 958 
2 961 959 
2 962 960 
2 963 961 
2 964 962 
2 965 963 
2 966 964 
2 967 965 
3 993 945 966 
4 1170 994 969 946 
2 970 968 
2 971 969 
2 972 970 
2 973 971 
2 974 972 
2 975 973 
2 976 974 
2 977 975 
2 978 976 
2 979 977 
2 980 978 
2 981 979 
2 982 980 
2 983 981 
2 984 982 
2 985 983 
2 986 984 
2 987 985 
2 988 986 
2 989 987 
2 990 988 
2 991 989 
2 992 990 
2 993 991 
3 1015 967 992 
4 1016 1017 995 968 
2 996 994 
2 997 995 
2 998 996 
2 999 997 
2 1000 998 
2 1001 999 
2 1002 1000 
2 1003 1001 
2 1004 1002 
2 1005 1003 
2 1006 1004 
2 1007 1005 
2 1008 1006 
2 1009 1007 
2 1010 1008 
2 1011 1009 
2 1012 1010 
2 1013 1011 
2 1014 1012 
2 1015 1013 
3 1044 993 1014 
2 1125 994 
3 1062 1018 994 
2 1019 1017 
2 1020 1018 
2 1021 1019 
2 1022 1020 
3 1045 1023 1021 
2 1024 1022 
2 1025 1023 
2 1026 1024 
2 1027 1025 
2 1028 1026 
2 1029 1027 
2 1030 1028 
2 1031 1029 
2 1032 1030 
2 1033 1031 
2 1034 1032 
2 1035 1033 
2 1036 1034 
2 1037 1035 
2 1038 1036 
2 1039 1037 
2 1040 1038 
2 1041 1039 
2 1042 1040 
2 1043 1041 
2 1044 1042 
3 1061 1015 1043 
3 1046 1022 1062 
2 1047 1045 
2 1048 1046 
2 1049 1047 
2 1050 1048 
2 1051 1049 
2 1052 1050 
2 1053 1051 
2 1054 1052 
2 1055 1053 
2 1056 1054 
2 1057 1055 
2 1058 1056 
2 1059 1057 
2 1060 1058 
2 1061 1059 
3 1083 1044 1060 
4 1084 1063 1045 1017 
2 1064 1062 
2 1065 1063 
2 1066 1064 
2 1067 1065 
2 1068 1066 
2 1069 1067 
2 1070 1068 
2 1071 1069 
2 1072 1070 
2 1073 1071 
2 1074 1072 
2 1075 1073 
2 1076 1074 
2 1077 1075 
2 1078 1076 
2 1079 1077 
2 1080 1078 
2 1081 1079 
2 1082 1080 
2 1083 1081 
3 1105 1061 1082 
3 1085 1062 1106 
2 1086 1084 
2 1087 1085 
2 1088 1086 
2 1089 1087 
2 1090 1088 
2 1091 1089 
2 1092 1090 
2 1093 1091 
2 1094 1092 
2 1095 1093 
2 1096 1094 
2 1097 1095 
2 1098 1096 
2 1099 1097 
2 1100 1098 
2 1101 1099 
2 1102 1100 
2 1103 1101 
2 1104 1102 
2 1105 1103 
4 1194 1083 1104 1124 
3 1107 1084 1125 
2 1108 1106 
2 1109 1107 
2 1110 1108 
2 1111 1109 
2 1112 1110 
2 1113 1111 
2 1114 1112 
2 1115 1113 
2 1116 1114 
2 1117 1115 
2 1118 1116 
2 1119 1117 
2 1120 1118 
2 1121 1119 
2 1122 1120 
2 1123 1121 
2 1124 1122 
3 1149 1105 1123 
4 1150 1126 1106 1016 
2 1127 1125 
2 1128 1126 
2 1129 1127 
2 1130 1128 
2 1131 1129 
2 1132 1130 
2 1133 1131 
2 1134 1132 
2 1135 1133 
2 1136 1134 
2 1137 1135 
2 1138 1136 
2 1139 1137 
2 1140 1138 
2 1141 1139 
2 1142 1140 
2 1143 1141 
2 1144 1142 
2 1145 1143 
2 1146 1144 
2 1147 1145 
2 1148 1146 
2 1149 1147 
3 1169 1124 1148 
3 1171 1151 1125 
2 1152 1150 
2 1153 1151 
2 1154 1152 
2 1155 1153 
2 1156 1154 
2 1157 1155 
2 1158 1156 
2 1159 1157 
2 1160 1158 
2 1161 1159 
2 1162 1160 
2 1163 1161 
2 1164 1162 
2 1165 1163 
2 1166 1164 
2 1167 1165 
2 1168 1166 
2 1169 1167 
3 1194 1149 1168 
2 1264 968 
4 1195 1172 1150 1288 
2 1173 1171 
2 1174 1172 
2 1175 1173 
2 1176 1174 
2 1177 1175 
2 1178 1176 
2 1179 1177 
2 1180 1178 
2 1181 1179 
2 1182 1180 
2 1183 1181 
2 1184 1182 
2 1185 1183 
2 1186 1184 
2 1187 1185 
2 1188 1186 
2 1189 1187 
2 1190 1188 
2 1191 1189 
2 1192 1190 
2 1193 1191 
2 1194 1192 
4 1208 1105 1169 1193 
3 1209 1196 1171 
2 1197 1195 
2 1198 1196 
2 1199 1197 
2 1200 1198 
2 1201 1199 
2 1202 1200 
2 1203 1201 
2 1204 1202 
2 1205 1203 
2 1206 1204 
2 1207 1205 
2 1208 1206 
3 1227 1194 1207 
3 1228 1210 1195 
2 1211 1209 
2 1212 1210 
2 1213 1211 
2 1214 1212 
2 1215 1213 
2 1216 1214 
2 1217 1215 
2 1218 1216 
2 1219 1217 
2 1220 1218 
2 1221 1219 
2 1222 1220 
2 1223 1221 
2 1224 1222 
2 1225 1223 
2 1226 1224 
2 1227 1225 
4 1324 1208 1226 1246 
3 1247 1229 1209 
2 1230 1228 
2 1231 1229 
2 1232 1230 
2 1233 1231 
2 1234 1232 
2 1235 1233 
2 1236 1234 
2 1237 1235 
2 1238 1236 
2 1239 1237 
2 1240 1238 
2 1241 1239 
2 1242 1240 
2 1243 1241 
2 1244 1242 
2 1245 1243 
2 1246 1244 
3 1263 1227 1245 
3 1248 1228 1265 
2 1249 1247 
2 1250 1248 
2 1251 1249 
2 1252 1250 
2 1253 1251 
2 1254 1252 
2 1255 1253 
2 1256 1254 
2 1257 1255 
2 1258 1256 
2 1259 1257 
2 1260 1258 
2 1261 1259 
2 1262 1260 
2 1263 1261 
3 1287 1246 1262 
2 1288 1170 
3 1266 1247 1288 
2 1267 1265 
2 1268 1266 
2 1269 1267 
2 1270 1268 
2 1271 1269 
2 1272 1270 
2 1273 1271 
2 1274 1272 
2 1275 1273 
2 1276 1274 
2 1277 1275 
2 1278 1276 
2 1279 1277 
2 1280 1278 
2 1281 1279 
2 1282 1280 
2 1283 1281 
2 1284 1282 
2 1285 1283 
2 1286 1284 
2 1287 1285 
3 1307 1263 1286 
5 1325 1289 1265 1171 1264 
3 1308 1290 1288 
2 1291 1289 
2 1292 1290 
2 1293 1291 
2 1294 1292 
2 1295 1293 
2 1296 1294 
2 1297 1295 
2 1298 1296 
2 1299 1297 
2 1300 1298 
2 1301 1299 
2 1302 1300 
2 1303 1301 
2 1304 1302 
2 1305 1303 
2 1306 1304 
2 1307 1305 
3 1323 1287 1306 
3 1325 1309 1289 
2 1310 1308 
2 1311 1309 
2 1312 1310 
2 1313 1311 
2 1314 1312 
2 1315 1313 
2 1316 1314 
2 1317 1315 
2 1318 1316 
2 1319 1317 
2 1320 1318 
2 1321 1319 
2 1322 1320 
2 1323 1321 
3 1324 1307 1322 
3 1357 1227 1323 
3 1326 1308 1288 
2 1327 1325 
2 1328 1326 
2 1329 1327 
2 1330 1328 
2 1331 1329 
2 1332 1330 
2 1333 1331 
2 1334 1332 
2 1335 1333 
2 1336 1334 
2 1337 1335 
2 1338 1336 
2 1339 1337 
2 1340 1338 
2 1341 1339 
2 1342 1340 
2 1343 1341 
2 1344 1342 
2 1345 1343 
2 1346 1344 
2 1347 1345 
2 1348 1346 
2 1349 1347 
2 1350 1348 
2 1351 1349 
2 1352 1350 
2 1353 1351 
2 1354 1352 
2 1355 1353 
2 1356 1354 
2 1357 1355 
2 1324 1356 
