1236
0 8 0
1 9 0
2 20 0
3 21 0
4 22 0
5 23 0
6 24 0
7 25 0
8 26 0
9 27 0
10 28 0
11 29 0
12 30 0
13 31 0
14 32 0
15 33 0
16 34 0
17 35 0
18 36 0
19 37 0
20 38 0
21 39 0
22 47 0
23 48 0
24 49 0
25 50 0
26 51 0
27 52 0
28 53 0
29 55 0
30 56 0
31 57 0
32 58 0
33 59 0
34 60 0
35 61 0
36 62 0
37 63 0
38 64 0
39 5 1
40 6 1
41 8 1
42 9 1
43 13 1
44 14 1
45 15 1
46 16 1
47 17 1
48 18 1
49 19 1
50 29 1
51 31 1
52 47 1
53 53 1
54 55 1
55 64 1
56 7 2
57 9 2
58 12 2
59 29 2
60 30 2
61 31 2
62 41 2
63 42 2
64 43 2
65 47 2
66 51 2
67 52 2
68 53 2
69 54 2
70 64 2
71 3 3
72 4 3
73 7 3
74 8 3
75 10 3
76 11 3
77 12 3
78 20 3
79 21 3
80 22 3
81 23 3
82 28 3
83 41 3
84 42 3
85 43 3
86 47 3
87 50 3
88 55 3
89 64 3
90 2 4
91 7 4
92 8 4
93 10 4
94 12 4
95 20 4
96 21 4
97 22 4
98 23 4
99 28 4
100 36 4
101 37 4
102 38 4
103 45 4
104 46 4
105 47 4
106 48 4
107 49 4
108 55 4
109 56 4
110 60 4
111 64 4
112 2 5
113 7 5
114 8 5
115 10 5
116 12 5
117 28 5
118 32 5
119 33 5
120 34 5
121 35 5
122 39 5
123 40 5
124 41 5
125 42 5
126 43 5
127 50 5
128 51 5
129 52 5
130 53 5
131 54 5
132 57 5
133 59 5
134 61 5
135 64 5
136 2 6
137 7 6
138 8 6
139 10 6
140 12 6
141 18 6
142 19 6
143 28 6
144 32 6
145 36 6
146 37 6
147 45 6
148 46 6
149 50 6
150 51 6
151 52 6
152 53 6
153 54 6
154 57 6
155 58 6
156 59 6
157 61 6
158 63 6
159 0 7
160 1 7
161 2 7
162 7 7
163 8 7
164 10 7
165 12 7
166 18 7
167 19 7
168 28 7
169 29 7
170 30 7
171 31 7
172 43 7
173 47 7
174 48 7
175 49 7
176 55 7
177 56 7
178 61 7
179 63 7
180 0 8
181 5 8
182 7 8
183 8 8
184 10 8
185 12 8
186 18 8
187 19 8
188 24 8
189 28 8
190 31 8
191 38 8
192 39 8
193 40 8
194 41 8
195 42 8
196 43 8
197 47 8
198 48 8
199 49 8
200 55 8
201 56 8
202 61 8
203 63 8
204 0 9
205 2 9
206 3 9
207 4 9
208 5 9
209 6 9
210 7 9
211 8 9
212 10 9
213 11 9
214 12 9
215 18 9
216 19 9
217 20 9
218 21 9
219 22 9
220 28 9
221 29 9
222 30 9
223 31 9
224 38 9
225 43 9
226 55 9
227 56 9
228 61 9
229 63 9
230 0 10
231 2 10
232 13 10
233 20 10
234 22 10
235 38 10
236 43 10
237 55 10
238 56 10
239 61 10
240 63 10
241 0 11
242 2 11
243 13 11
244 16 11
245 17 11
246 18 11
247 19 11
248 20 11
249 21 11
250 22 11
251 38 11
252 44 11
253 45 11
254 46 11
255 47 11
256 48 11
257 49 11
258 50 11
259 51 11
260 52 11
261 53 11
262 54 11
263 57 11
264 58 11
265 61 11
266 63 11
267 9 12
268 13 12
269 23 12
270 24 12
271 25 12
272 26 12
273 27 12
274 38 12
275 53 12
276 57 12
277 58 12
278 61 12
279 63 12
280 9 13
281 13 13
282 17 13
283 18 13
284 19 13
285 20 13
286 21 13
287 22 13
288 26 13
289 27 13
290 33 13
291 34 13
292 35 13
293 38 13
294 53 13
295 57 13
296 58 13
297 61 13
298 63 13
299 0 14
300 13 14
301 14 14
302 15 14
303 16 14
304 38 14
305 42 14
306 43 14
307 44 14
308 45 14
309 46 14
310 47 14
311 48 14
312 49 14
313 53 14
314 57 14
315 58 14
316 61 14
317 63 14
318 0 15
319 14 15
320 16 15
321 25 15
322 26 15
323 38 15
324 41 15
325 50 15
326 53 15
327 57 15
328 58 15
329 62 15
330 63 15
331 0 16
332 14 16
333 15 16
334 16 16
335 17 16
336 18 16
337 19 16
338 20 16
339 21 16
340 22 16
341 27 16
342 33 16
343 34 16
344 35 16
345 38 16
346 40 16
347 41 16
348 50 16
349 51 16
350 52 16
351 53 16
352 54 16
353 56 16
354 0 17
355 2 17
356 3 17
357 4 17
358 5 17
359 6 17
360 7 17
361 8 17
362 9 17
363 10 17
364 11 17
365 12 17
366 13 17
367 25 17
368 26 17
369 37 17
370 39 17
371 57 17
372 0 18
373 3 18
374 4 18
375 5 18
376 6 18
377 7 18
378 8 18
379 9 18
380 10 18
381 11 18
382 12 18
383 13 18
384 25 18
385 37 18
386 39 18
387 57 18
388 58 18
389 0 19
390 27 19
391 28 19
392 29 19
393 30 19
394 31 19
395 32 19
396 36 19
397 38 19
398 39 19
399 40 19
400 41 19
401 57 19
402 58 19
403 0 20
404 13 20
405 17 20
406 18 20
407 19 20
408 20 20
409 21 20
410 22 20
411 25 20
412 26 20
413 36 20
414 37 20
415 54 20
416 57 20
417 58 20
418 0 21
419 7 21
420 8 21
421 9 21
422 10 21
423 11 21
424 12 21
425 13 21
426 17 21
427 18 21
428 19 21
429 20 21
430 21 21
431 22 21
432 25 21
433 26 21
434 36 21
435 37 21
436 54 21
437 57 21
438 58 21
439 0 22
440 6 22
441 12 22
442 13 22
443 16 22
444 35 22
445 38 22
446 39 22
447 40 22
448 41 22
449 42 22
450 43 22
451 44 22
452 45 22
453 46 22
454 47 22
455 48 22
456 49 22
457 50 22
458 51 22
459 52 22
460 53 22
461 54 22
462 57 22
463 58 22
464 0 23
465 5 23
466 7 23
467 8 23
468 9 23
469 10 23
470 14 23
471 17 23
472 18 23
473 19 23
474 20 23
475 21 23
476 22 23
477 25 23
478 26 23
479 34 23
480 35 23
481 36 23
482 37 23
483 40 23
484 41 23
485 42 23
486 43 23
487 57 23
488 59 23
489 0 24
490 6 24
491 14 24
492 17 24
493 22 24
494 25 24
495 26 24
496 27 24
497 28 24
498 29 24
499 30 24
500 31 24
501 32 24
502 33 24
503 38 24
504 39 24
505 57 24
506 59 24
507 0 25
508 6 25
509 7 25
510 8 25
511 9 25
512 10 25
513 14 25
514 17 25
515 18 25
516 19 25
517 20 25
518 21 25
519 22 25
520 23 25
521 40 25
522 41 25
523 42 25
524 43 25
525 44 25
526 45 25
527 46 25
528 47 25
529 57 25
530 59 25
531 0 26
532 6 26
533 7 26
534 12 26
535 13 26
536 14 26
537 15 26
538 16 26
539 25 26
540 26 26
541 27 26
542 34 26
543 35 26
544 36 26
545 37 26
546 38 26
547 39 26
548 45 26
549 46 26
550 47 26
551 48 26
552 49 26
553 50 26
554 51 26
555 57 26
556 59 26
557 0 27
558 3 27
559 4 27
560 5 27
561 8 27
562 9 27
563 10 27
564 11 27
565 21 27
566 22 27
567 23 27
568 39 27
569 44 27
570 57 27
571 59 27
572 0 28
573 3 28
574 6 28
575 7 28
576 12 28
577 13 28
578 14 28
579 16 28
580 21 28
581 25 28
582 26 28
583 27 28
584 28 28
585 29 28
586 30 28
587 31 28
588 32 28
589 33 28
590 34 28
591 35 28
592 36 28
593 37 28
594 38 28
595 39 28
596 40 28
597 41 28
598 44 28
599 48 28
600 49 28
601 50 28
602 51 28
603 52 28
604 53 28
605 54 28
606 55 28
607 60 28
608 61 28
609 0 29
610 3 29
611 6 29
612 7 29
613 12 29
614 14 29
615 16 29
616 21 29
617 42 29
618 43 29
619 44 29
620 48 29
621 49 29
622 50 29
623 51 29
624 54 29
625 56 29
626 60 29
627 61 29
628 0 30
629 3 30
630 4 30
631 5 30
632 12 30
633 14 30
634 16 30
635 18 30
636 19 30
637 20 30
638 21 30
639 32 30
640 33 30
641 34 30
642 35 30
643 52 30
644 54 30
645 57 30
646 58 30
647 59 30
648 61 30
649 1 31
650 12 31
651 13 31
652 14 31
653 16 31
654 18 31
655 21 31
656 32 31
657 33 31
658 34 31
659 35 31
660 42 31
661 43 31
662 44 31
663 52 31
664 54 31
665 57 31
666 59 31
667 62 31
668 63 31
669 3 32
670 4 32
671 5 32
672 18 32
673 19 32
674 20 32
675 22 32
676 23 32
677 40 32
678 41 32
679 45 32
680 46 32
681 47 32
682 48 32
683 49 32
684 52 32
685 53 32
686 54 32
687 57 32
688 59 32
689 62 32
690 63 32
691 3 33
692 5 33
693 15 33
694 33 33
695 34 33
696 35 33
697 36 33
698 37 33
699 38 33
700 39 33
701 41 33
702 45 33
703 46 33
704 47 33
705 55 33
706 56 33
707 57 33
708 58 33
709 59 33
710 62 33
711 63 33
712 0 34
713 2 34
714 3 34
715 4 34
716 5 34
717 6 34
718 7 34
719 8 34
720 9 34
721 10 34
722 11 34
723 12 34
724 13 34
725 14 34
726 16 34
727 17 34
728 18 34
729 19 34
730 20 34
731 22 34
732 33 34
733 34 34
734 35 34
735 36 34
736 37 34
737 38 34
738 39 34
739 40 34
740 41 34
741 48 34
742 0 35
743 9 35
744 14 35
745 16 35
746 18 35
747 20 35
748 22 35
749 42 35
750 43 35
751 48 35
752 0 36
753 9 36
754 10 36
755 11 36
756 14 36
757 16 36
758 18 36
759 20 36
760 42 36
761 43 36
762 48 36
763 0 37
764 8 37
765 12 37
766 13 37
767 14 37
768 16 37
769 18 37
770 19 37
771 23 37
772 24 37
773 35 37
774 36 37
775 37 37
776 38 37
777 39 37
778 40 37
779 41 37
780 47 37
781 48 37
782 62 37
783 63 37
784 0 38
785 9 38
786 10 38
787 11 38
788 15 38
789 23 38
790 24 38
791 34 38
792 47 38
793 48 38
794 62 38
795 63 38
796 0 39
797 3 39
798 4 39
799 5 39
800 6 39
801 7 39
802 8 39
803 11 39
804 15 39
805 34 39
806 47 39
807 48 39
808 62 39
809 63 39
810 0 40
811 3 40
812 11 40
813 15 40
814 34 40
815 48 40
816 51 40
817 52 40
818 60 40
819 61 40
820 62 40
821 63 40
822 0 41
823 3 41
824 11 41
825 15 41
826 25 41
827 26 41
828 27 41
829 28 41
830 29 41
831 30 41
832 33 41
833 35 41
834 36 41
835 48 41
836 57 41
837 58 41
838 59 41
839 64 41
840 0 42
841 3 42
842 4 42
843 5 42
844 6 42
845 7 42
846 8 42
847 9 42
848 10 42
849 11 42
850 15 42
851 25 42
852 30 42
853 33 42
854 35 42
855 36 42
856 48 42
857 57 42
858 58 42
859 59 42
860 64 42
861 0 43
862 11 43
863 15 43
864 25 43
865 30 43
866 33 43
867 34 43
868 48 43
869 54 43
870 55 43
871 56 43
872 64 43
873 0 44
874 11 44
875 15 44
876 25 44
877 26 44
878 27 44
879 28 44
880 30 44
881 33 44
882 34 44
883 47 44
884 48 44
885 53 44
886 56 44
887 64 44
888 0 45
889 3 45
890 4 45
891 11 45
892 15 45
893 29 45
894 30 45
895 33 45
896 34 45
897 35 45
898 36 45
899 47 45
900 48 45
901 53 45
902 56 45
903 1 46
904 2 46
905 5 46
906 6 46
907 7 46
908 8 46
909 9 46
910 10 46
911 12 46
912 13 46
913 14 46
914 16 46
915 23 46
916 24 46
917 31 46
918 32 46
919 47 46
920 48 46
921 53 46
922 56 46
923 62 46
924 63 46
925 1 47
926 2 47
927 5 47
928 11 47
929 15 47
930 25 47
931 26 47
932 31 47
933 32 47
934 47 47
935 48 47
936 53 47
937 56 47
938 62 47
939 63 47
940 1 48
941 2 48
942 5 48
943 11 48
944 15 48
945 19 48
946 20 48
947 21 48
948 22 48
949 25 48
950 26 48
951 47 48
952 48 48
953 53 48
954 54 48
955 55 48
956 56 48
957 62 48
958 63 48
959 1 49
960 2 49
961 5 49
962 6 49
963 10 49
964 11 49
965 15 49
966 16 49
967 17 49
968 19 49
969 22 49
970 25 49
971 26 49
972 47 49
973 48 49
974 62 49
975 63 49
976 0 50
977 2 50
978 4 50
979 7 50
980 9 50
981 18 50
982 19 50
983 20 50
984 21 50
985 22 50
986 23 50
987 24 50
988 26 50
989 47 50
990 48 50
991 51 50
992 52 50
993 53 50
994 54 50
995 55 50
996 56 50
997 57 50
998 58 50
999 64 50
1000 0 51
1001 1 51
1002 2 51
1003 4 51
1004 7 51
1005 8 51
1006 9 51
1007 23 51
1008 26 51
1009 47 51
1010 48 51
1011 51 51
1012 52 51
1013 58 51
1014 64 51
1015 4 52
1016 5 52
1017 6 52
1018 18 52
1019 19 52
1020 20 52
1021 21 52
1022 22 52
1023 26 52
1024 46 52
1025 49 52
1026 50 52
1027 53 52
1028 58 52
1029 64 52
1030 4 53
1031 7 53
1032 12 53
1033 13 53
1034 14 53
1035 18 53
1036 22 53
1037 23 53
1038 24 53
1039 25 53
1040 26 53
1041 51 53
1042 52 53
1043 53 53
1044 54 53
1045 55 53
1046 56 53
1047 57 53
1048 58 53
1049 64 53
1050 4 54
1051 7 54
1052 12 54
1053 13 54
1054 14 54
1055 18 54
1056 19 54
1057 20 54
1058 21 54
1059 30 54
1060 64 54
1061 0 55
1062 1 55
1063 4 55
1064 7 55
1065 25 55
1066 26 55
1067 27 55
1068 28 55
1069 29 55
1070 37 55
1071 38 55
1072 39 55
1073 40 55
1074 64 55
1075 0 56
1076 1 56
1077 4 56
1078 7 56
1079 11 56
1080 22 56
1081 23 56
1082 24 56
1083 29 56
1084 37 56
1085 40 56
1086 42 56
1087 64 56
1088 0 57
1089 2 57
1090 3 57
1091 4 57
1092 5 57
1093 6 57
1094 18 57
1095 19 57
1096 20 57
1097 21 57
1098 28 57
1099 29 57
1100 30 57
1101 33 57
1102 37 57
1103 38 57
1104 39 57
1105 40 57
1106 42 57
1107 64 57
1108 0 58
1109 3 58
1110 18 58
1111 19 58
1112 27 58
1113 62 58
1114 64 58
1115 0 59
1116 3 59
1117 9 59
1118 10 59
1119 12 59
1120 13 59
1121 14 59
1122 20 59
1123 27 59
1124 62 59
1125 64 59
1126 0 60
1127 1 60
1128 3 60
1129 6 60
1130 7 60
1131 11 60
1132 12 60
1133 20 60
1134 21 60
1135 22 60
1136 23 60
1137 24 60
1138 25 60
1139 26 60
1140 27 60
1141 62 60
1142 64 60
1143 2 61
1144 3 61
1145 4 61
1146 5 61
1147 8 61
1148 11 61
1149 12 61
1150 28 61
1151 29 61
1152 30 61
1153 33 61
1154 37 61
1155 38 61
1156 39 61
1157 40 61
1158 42 61
1159 43 61
1160 44 61
1161 45 61
1162 46 61
1163 47 61
1164 48 61
1165 49 61
1166 50 61
1167 62 61
1168 64 61
1169 8 62
1170 11 62
1171 12 62
1172 25 62
1173 26 62
1174 27 62
1175 28 62
1176 62 62
1177 8 63
1178 11 63
1179 12 63
1180 25 63
1181 26 63
1182 27 63
1183 28 63
1184 29 63
1185 30 63
1186 31 63
1187 32 63
1188 33 63
1189 34 63
1190 35 63
1191 36 63
1192 37 63
1193 38 63
1194 39 63
1195 40 63
1196 62 63
1197 8 64
1198 9 64
1199 10 64
1200 11 64
1201 12 64
1202 13 64
1203 14 64
1204 15 64
1205 16 64
1206 17 64
1207 18 64
1208 19 64
1209 20 64
1210 21 64
1211 22 64
1212 23 64
1213 24 64
1214 41 64
1215 42 64
1216 43 64
1217 44 64
1218 45 64
1219 46 64
1220 47 64
1221 48 64
1222 49 64
1223 50 64
1224 51 64
1225 52 64
1226 53 64
1227 54 64
1228 55 64
1229 56 64
1230 57 64
1231 58 64
1232 59 64
1233 60 64
1234 63 64
1235 64 64
2 1 39 
2 2 0 
4 3 78 49 1 
3 4 79 2 
3 5 80 3 
3 6 81 4 
3 7 188 5 
3 8 271 6 
3 9 272 7 
3 10 273 8 
3 11 82 9 
3 12 50 10 
3 13 60 11 
3 14 51 12 
3 15 118 13 
3 16 119 14 
3 17 120 15 
3 18 121 16 
3 19 100 17 
3 20 101 18 
3 21 102 19 
3 22 62 20 
3 23 52 21 
3 24 106 22 
3 25 107 23 
3 26 87 24 
3 27 66 25 
3 28 67 26 
3 29 53 27 
2 30 28 
4 31 109 54 29 
3 32 132 30 
3 33 155 31 
3 34 133 32 
3 35 110 33 
3 36 134 34 
3 37 329 35 
3 38 158 36 
2 55 37 
5 40 181 72 71 0 
4 41 56 209 39 
2 42 40 
4 43 75 57 41 
4 44 232 58 42 
3 45 301 43 
3 46 302 44 
3 47 244 45 
3 48 245 46 
3 49 141 47 
3 142 48 2 
2 59 11 
2 61 13 
3 65 64 22 
2 68 28 
3 88 69 30 
2 70 38 
3 74 73 40 
3 267 74 42 
3 77 76 43 
2 169 50 
2 170 12 
2 171 51 
3 63 83 21 
3 64 84 62 
4 103 85 63 52 
2 86 52 
2 128 26 
2 129 27 
3 69 130 53 
3 131 68 54 
2 89 55 
4 72 206 90 39 
3 207 71 39 
2 91 56 
3 92 56 57 
3 76 93 42 
3 213 75 58 
2 94 58 
2 95 2 
2 96 3 
2 97 4 
2 98 5 
2 99 10 
3 124 123 62 
2 125 63 
2 126 64 
3 105 104 65 
2 127 25 
2 108 54 
2 111 70 
3 112 159 71 
2 113 73 
2 114 74 
2 115 75 
2 116 77 
2 217 78 
2 218 79 
2 219 80 
2 269 81 
2 117 82 
2 145 18 
2 146 19 
3 122 191 20 
3 104 147 64 
3 148 103 86 
2 173 86 
2 174 23 
2 175 24 
2 176 88 
2 177 30 
2 607 34 
2 135 89 
3 136 160 90 
2 137 91 
2 138 92 
2 139 93 
2 140 94 
2 143 99 
2 144 14 
2 290 15 
2 291 16 
2 292 17 
3 123 192 102 
3 193 122 83 
2 194 83 
2 195 84 
3 252 172 85 
2 149 87 
2 150 66 
2 151 67 
2 152 68 
2 153 69 
2 154 31 
2 156 33 
2 157 35 
2 839 111 
2 161 112 
2 162 113 
2 163 114 
2 164 115 
2 165 116 
2 166 48 
2 167 49 
2 168 117 
2 395 118 
2 396 100 
2 369 101 
2 253 103 
2 254 104 
2 258 127 
2 259 128 
2 260 129 
2 261 130 
2 262 131 
2 263 132 
2 264 32 
2 488 133 
2 178 134 
2 179 37 
2 180 90 
3 649 204 112 
2 205 136 
2 182 137 
2 183 138 
2 184 139 
2 185 140 
2 186 141 
2 187 142 
2 189 143 
2 221 59 
2 222 60 
2 190 61 
2 196 126 
2 197 105 
2 198 106 
2 199 107 
2 200 108 
2 201 109 
2 202 157 
2 203 158 
2 204 159 
2 208 39 
2 210 162 
2 211 163 
2 212 164 
2 214 165 
2 215 166 
2 216 167 
2 270 6 
2 220 168 
2 223 171 
2 224 102 
2 370 122 
2 346 123 
2 324 124 
2 305 125 
2 225 172 
2 255 173 
2 256 174 
2 257 175 
2 226 176 
2 227 177 
2 228 178 
2 229 179 
3 230 180 160 
2 231 161 
2 356 71 
2 357 72 
2 358 181 
2 359 40 
2 360 182 
2 361 183 
2 363 184 
2 364 76 
2 365 185 
2 246 186 
2 247 187 
2 233 95 
2 249 96 
2 234 97 
2 391 189 
2 392 169 
2 393 170 
2 394 190 
2 235 191 
2 236 196 
2 237 200 
2 238 201 
2 239 202 
2 240 203 
2 241 204 
2 242 205 
2 243 43 
2 248 217 
2 250 219 
2 251 224 
2 306 225 
2 606 226 
2 353 227 
2 265 228 
2 266 229 
2 299 230 
2 355 231 
2 268 232 
2 303 46 
2 282 47 
2 283 215 
2 284 216 
2 285 233 
2 286 218 
2 287 234 
2 274 235 
3 308 307 126 
2 308 147 
2 309 148 
2 310 197 
2 311 198 
2 312 199 
2 325 149 
2 349 150 
2 350 151 
2 275 152 
2 352 153 
2 276 154 
2 277 155 
2 278 239 
2 279 240 
2 280 57 
2 281 243 
2 520 98 
2 772 188 
2 321 7 
2 288 8 
2 289 9 
2 293 251 
2 294 261 
2 295 263 
2 296 264 
2 297 265 
2 298 266 
2 362 267 
2 300 268 
2 335 245 
2 336 246 
2 337 247 
2 338 248 
2 339 249 
2 340 250 
2 322 272 
2 341 273 
2 342 119 
2 343 120 
2 344 121 
2 304 274 
2 313 275 
2 314 276 
2 315 277 
2 316 278 
2 317 279 
2 318 241 
2 366 281 
2 319 44 
2 333 45 
2 320 244 
2 323 293 
2 449 195 
2 450 236 
2 451 252 
3 452 252 253 
2 453 254 
2 454 255 
2 455 256 
2 456 257 
2 326 294 
2 327 295 
2 328 296 
2 608 297 
2 330 298 
2 331 299 
2 332 301 
2 334 303 
2 367 271 
2 368 288 
2 345 304 
2 347 194 
2 348 258 
2 351 313 
2 371 314 
2 388 315 
2 667 36 
2 668 317 
2 354 318 
2 470 319 
2 537 302 
2 443 320 
2 405 282 
2 406 283 
2 407 284 
2 408 285 
2 409 286 
2 410 287 
2 390 289 
2 502 290 
2 479 291 
2 444 292 
2 397 323 
2 399 193 
2 400 324 
2 457 325 
2 458 259 
2 459 260 
2 460 326 
2 415 262 
2 625 238 
2 372 331 
2 713 242 
2 373 206 
2 374 207 
2 375 208 
2 376 209 
2 377 210 
2 378 211 
2 379 280 
2 380 212 
2 381 213 
2 382 214 
2 383 300 
2 384 321 
2 412 322 
2 385 146 
2 386 192 
2 387 327 
2 389 354 
2 558 356 
2 559 357 
2 465 358 
2 440 359 
2 419 360 
2 420 361 
2 421 362 
2 422 363 
2 423 364 
2 424 365 
2 404 366 
2 411 367 
2 414 369 
2 398 370 
2 401 371 
2 402 328 
2 403 372 
2 496 341 
2 497 220 
2 498 221 
2 499 222 
2 500 223 
2 501 144 
2 413 145 
2 445 345 
2 446 386 
2 447 346 
2 448 347 
2 416 387 
2 417 388 
2 418 389 
2 425 383 
2 426 335 
2 427 336 
2 428 337 
2 429 338 
2 430 339 
2 431 340 
2 432 384 
2 433 368 
2 434 396 
2 435 385 
2 436 352 
2 437 401 
2 438 402 
2 439 403 
2 466 377 
2 467 378 
2 468 379 
2 469 380 
2 564 381 
2 441 382 
2 442 404 
2 471 405 
2 472 406 
2 473 407 
2 474 408 
2 475 409 
2 476 410 
2 477 411 
2 478 412 
2 481 413 
2 482 414 
2 461 415 
2 462 416 
2 463 417 
2 464 418 
2 490 376 
2 534 424 
2 535 425 
2 538 334 
2 480 344 
2 503 397 
2 504 398 
2 483 399 
2 484 400 
2 485 305 
2 486 306 
2 525 307 
2 526 308 
2 527 309 
2 528 310 
2 551 311 
2 552 312 
2 553 348 
2 554 349 
2 603 350 
2 604 351 
2 605 436 
2 487 437 
2 646 438 
2 489 439 
2 560 375 
2 509 419 
2 510 420 
2 511 421 
2 512 422 
2 491 332 
2 492 426 
2 515 427 
2 516 428 
2 517 429 
2 518 430 
2 493 431 
2 494 432 
2 495 433 
2 542 343 
2 543 444 
2 544 434 
2 545 435 
2 521 447 
2 522 448 
2 523 449 
2 524 450 
2 505 462 
2 506 156 
2 507 464 
2 508 440 
2 513 470 
2 514 471 
2 519 476 
2 539 477 
2 540 478 
2 541 390 
2 584 391 
2 585 392 
2 586 393 
2 587 394 
2 588 395 
2 589 342 
2 546 445 
2 547 446 
2 529 487 
2 530 488 
2 531 489 
2 532 490 
2 533 466 
2 561 467 
2 562 468 
2 563 469 
2 536 491 
2 727 492 
2 635 472 
2 636 473 
2 637 474 
2 565 475 
2 566 493 
2 567 269 
2 596 483 
2 597 484 
2 617 485 
2 618 486 
2 569 451 
2 548 452 
2 549 453 
2 550 454 
2 555 505 
2 556 506 
2 557 507 
2 574 508 
2 575 509 
2 576 441 
2 577 442 
2 578 513 
2 693 333 
2 579 443 
2 581 494 
2 582 495 
2 583 496 
2 590 479 
2 591 480 
2 592 481 
2 593 482 
2 594 503 
2 568 504 
2 679 526 
2 680 527 
2 681 528 
2 599 455 
2 600 456 
2 601 457 
2 602 458 
2 570 529 
2 571 530 
2 572 531 
2 573 373 
2 630 374 
2 631 465 
2 719 510 
2 720 511 
2 721 512 
2 722 423 
2 580 518 
2 675 519 
2 676 520 
2 595 547 
2 598 525 
2 645 555 
2 647 556 
2 609 557 
2 610 558 
2 611 532 
2 612 533 
2 613 534 
2 651 535 
2 614 536 
2 615 538 
2 616 565 
2 826 539 
2 827 540 
2 828 541 
2 829 497 
2 830 498 
2 831 499 
2 917 500 
2 639 501 
2 640 502 
2 641 542 
2 642 543 
2 697 544 
2 698 545 
2 699 546 
2 700 568 
2 677 521 
2 678 522 
2 619 569 
2 620 551 
2 621 552 
2 622 553 
2 623 554 
2 643 459 
2 685 460 
2 624 461 
2 705 237 
2 626 110 
2 627 316 
2 628 572 
2 629 573 
2 717 574 
2 718 575 
2 632 576 
2 633 578 
2 634 579 
2 638 580 
2 660 523 
2 661 524 
2 662 598 
2 682 599 
2 683 600 
2 1026 601 
2 816 602 
2 644 605 
2 706 353 
2 818 607 
2 648 608 
2 712 609 
2 669 610 
2 670 559 
2 671 560 
2 650 613 
2 652 614 
2 653 615 
2 654 515 
2 673 516 
2 674 517 
2 655 616 
2 656 588 
2 657 589 
2 658 590 
2 659 591 
2 663 603 
2 664 624 
2 665 570 
2 708 463 
2 666 571 
2 819 627 
2 903 160 
2 723 632 
2 724 577 
2 725 633 
2 726 634 
2 672 635 
2 947 638 
2 918 639 
2 694 640 
2 695 641 
2 696 642 
2 749 617 
2 750 618 
2 1160 619 
2 684 643 
2 686 644 
2 687 645 
2 688 647 
2 689 329 
2 690 330 
2 691 629 
2 715 630 
2 692 631 
2 728 654 
2 729 636 
2 730 637 
2 731 566 
2 771 567 
2 739 596 
2 701 597 
2 702 548 
2 703 549 
2 704 550 
2 741 620 
2 1025 621 
2 817 663 
2 885 604 
2 869 664 
2 707 665 
2 709 666 
2 710 667 
2 711 668 
2 714 669 
2 716 671 
2 788 537 
2 732 657 
2 733 658 
2 734 659 
2 735 592 
2 736 593 
2 737 594 
2 738 595 
2 740 678 
2 1161 679 
2 1024 680 
2 780 681 
2 870 606 
2 871 625 
2 836 687 
2 837 646 
2 838 688 
2 782 689 
2 783 690 
2 742 628 
2 904 355 
2 797 691 
2 798 670 
2 799 692 
2 800 611 
2 801 612 
2 764 561 
2 743 562 
2 754 563 
2 755 564 
2 765 650 
2 766 651 
2 744 652 
2 745 653 
2 967 514 
2 746 672 
2 770 673 
2 747 674 
2 748 675 
2 832 694 
2 791 695 
2 773 696 
2 774 697 
2 775 698 
2 776 699 
2 777 700 
2 778 677 
2 779 701 
2 751 682 
2 752 712 
2 753 720 
2 756 725 
2 757 726 
2 758 728 
2 759 730 
2 948 731 
2 760 660 
2 761 661 
2 762 741 
2 763 742 
2 785 743 
2 786 721 
2 787 722 
2 767 744 
2 768 745 
2 769 746 
2 946 747 
2 1086 749 
2 1159 750 
2 781 751 
2 784 752 
2 802 719 
2 911 723 
2 912 724 
2 913 756 
2 914 757 
2 981 758 
2 945 729 
2 789 676 
2 790 270 
2 833 734 
2 834 735 
2 1070 736 
2 1071 737 
2 1072 738 
2 1073 739 
2 1214 740 
2 792 704 
2 793 762 
2 794 710 
2 795 711 
2 796 763 
2 847 753 
2 848 754 
2 803 755 
2 804 693 
2 915 771 
2 916 772 
2 805 733 
2 806 780 
2 807 781 
2 808 782 
2 809 783 
2 810 784 
2 811 714 
2 842 715 
2 843 716 
2 844 717 
2 845 718 
2 846 764 
2 812 787 
2 813 788 
2 814 791 
2 883 792 
2 815 793 
2 820 794 
2 821 795 
2 822 796 
2 823 797 
2 824 803 
2 825 804 
2 867 805 
2 835 807 
2 991 623 
2 992 684 
3 819 859 626 
3 1196 818 648 
2 923 808 
2 924 809 
2 840 810 
2 841 811 
2 849 812 
2 850 813 
2 851 581 
2 877 582 
2 878 583 
2 879 584 
2 893 585 
2 852 586 
2 853 732 
2 854 773 
2 855 774 
2 856 815 
2 857 707 
2 858 708 
2 859 709 
2 860 135 
2 861 822 
2 889 823 
2 890 798 
2 905 799 
2 906 800 
2 907 801 
2 908 802 
2 909 785 
2 910 786 
2 862 824 
2 863 825 
2 864 826 
2 865 831 
2 866 832 
2 897 833 
2 898 834 
2 868 835 
2 997 836 
2 998 837 
3 1048 838 818 
2 872 839 
2 873 840 
2 874 849 
2 875 850 
2 876 851 
2 880 852 
2 881 853 
2 882 814 
2 884 856 
2 954 686 
2 955 705 
2 886 706 
2 887 860 
2 888 861 
2 891 862 
2 892 863 
2 930 864 
2 931 827 
2 1067 828 
2 1068 829 
2 894 865 
2 895 866 
2 896 867 
2 899 806 
2 900 868 
2 901 685 
2 902 871 
2 999 872 
2 976 873 
2 1090 841 
2 978 842 
2 928 874 
2 929 875 
2 1069 830 
2 1059 880 
2 1101 881 
2 1189 882 
2 1190 854 
2 1191 855 
2 919 883 
2 920 884 
2 921 885 
2 922 886 
2 925 649 
2 926 713 
2 927 843 
2 962 844 
2 979 845 
2 1005 846 
2 980 847 
2 963 848 
2 1032 765 
2 1033 766 
2 1034 767 
2 966 768 
2 986 789 
2 987 790 
2 932 587 
2 933 656 
2 934 899 
2 935 900 
2 936 901 
2 937 902 
2 938 820 
2 939 821 
2 940 903 
2 941 904 
2 942 905 
2 943 891 
2 944 892 
2 949 876 
2 950 877 
2 1186 917 
2 1187 918 
2 951 919 
2 952 920 
2 953 921 
2 956 922 
2 957 923 
2 958 924 
2 959 925 
2 960 926 
2 961 927 
2 964 928 
2 965 929 
2 968 770 
2 983 759 
2 984 655 
2 969 748 
2 970 930 
2 971 931 
2 972 934 
2 973 935 
2 993 936 
2 994 869 
2 995 870 
2 996 937 
2 974 938 
2 975 939 
2 1001 940 
2 977 941 
2 1016 942 
2 1017 906 
2 1118 910 
2 1079 943 
2 1204 944 
2 1205 914 
2 1206 727 
2 982 945 
2 985 948 
2 1039 949 
2 988 950 
2 989 951 
2 990 952 
2 1113 957 
2 1234 958 
2 1000 888 
2 1002 960 
2 1003 890 
2 1004 907 
2 1006 909 
2 1018 769 
2 1019 968 
2 1020 946 
2 1021 947 
2 1022 969 
2 1007 915 
2 1038 916 
2 1008 971 
2 1009 972 
2 1010 973 
2 1011 816 
2 1012 817 
2 1027 953 
2 1044 954 
2 1045 955 
2 1046 956 
2 1047 857 
2 1013 858 
2 1014 887 
2 1061 976 
2 1062 959 
2 1089 977 
2 1015 978 
2 1031 979 
2 1147 908 
2 1117 980 
2 1037 986 
2 1023 988 
2 1163 989 
2 1164 990 
2 1041 991 
2 1042 992 
2 1028 998 
2 1029 999 
2 1030 1003 
2 1092 961 
2 1093 962 
2 1035 981 
2 1056 982 
2 1057 983 
2 1058 984 
2 1036 985 
2 1040 1008 
2 1162 703 
2 1165 683 
2 1166 622 
2 1043 993 
2 1048 1013 
2 1049 1014 
2 1050 1015 
2 1051 1004 
2 1052 911 
2 1053 912 
2 1054 913 
2 1055 1018 
2 1080 1022 
2 1081 1007 
2 1082 987 
2 1065 970 
2 1066 1023 
2 1224 1011 
2 1225 1012 
2 1226 1027 
2 1227 994 
2 1228 995 
2 1229 996 
2 1230 997 
3 1230 1028 859 
2 1060 1029 
2 1063 1030 
2 1064 1031 
2 1119 1032 
2 1120 1033 
2 1121 1034 
2 1094 1035 
2 1095 1019 
2 1096 1020 
2 1097 1021 
2 1100 894 
2 1074 1049 
2 1075 1000 
2 1076 1001 
2 1077 1050 
2 1078 1051 
2 1138 1039 
2 1139 1040 
2 1112 878 
2 1098 879 
2 1083 893 
2 1084 775 
2 1103 776 
2 1104 777 
2 1085 778 
2 1087 1060 
2 1088 1061 
2 1127 1062 
2 1091 1063 
2 1130 1064 
2 1131 964 
2 1135 1036 
2 1136 1037 
2 1137 1038 
2 1099 1069 
2 1102 1070 
2 1105 1073 
2 1106 760 
2 1107 1074 
2 1108 1075 
2 1143 1002 
2 1109 889 
2 1145 1077 
2 1146 1016 
2 1129 1017 
2 1110 1055 
2 1111 1056 
2 1122 1057 
2 1134 1058 
2 1150 1068 
2 1151 1083 
2 1152 1059 
2 1153 895 
2 1154 1084 
2 1155 1071 
2 1156 1072 
2 1157 1085 
2 1158 1086 
2 1114 1087 
2 1115 1088 
2 1116 1090 
2 1207 1094 
2 1208 1095 
2 1123 1067 
2 1124 974 
2 1125 1107 
2 1126 1108 
2 1128 1109 
2 1198 1006 
2 1199 963 
2 1132 1052 
2 1202 1053 
2 1203 1054 
2 1133 1096 
2 1140 1112 
2 1141 1113 
2 1142 1114 
3 1127 1143 1115 
3 1143 1126 1076 
2 1144 1116 
3 1130 1146 1093 
3 1169 1129 1078 
2 1148 1079 
2 1149 1119 
2 1209 1122 
2 1210 1097 
2 1211 1080 
2 1212 1081 
2 1213 1082 
2 1172 1065 
2 1173 1066 
2 1174 1123 
2 1167 1124 
2 1168 1125 
5 1144 1197 1126 1127 1089 
3 1145 1143 1128 
3 1146 1144 1091 
4 1177 1145 1092 1129 
2 1169 1005 
2 1170 1131 
2 1171 1132 
2 1175 1098 
2 1184 1099 
2 1185 1100 
2 1188 1101 
2 1192 1102 
2 1193 1103 
2 1194 1104 
2 1195 1105 
2 1215 1106 
2 1216 761 
2 1217 662 
2 1218 702 
2 1219 1024 
2 1220 1009 
2 1221 1010 
2 1222 1025 
2 1223 1026 
2 1176 1141 
2 1235 1142 
3 1177 1130 1147 
2 1178 1148 
2 1179 1149 
2 1180 1138 
2 1181 1139 
2 1182 1140 
2 1183 1150 
2 1196 1167 
3 1197 1146 1169 
2 1200 1170 
2 1201 1171 
3 1181 1213 1172 
3 1182 1180 1173 
3 1183 1181 1174 
3 1184 1182 1175 
3 1185 1183 1151 
3 1186 1184 1152 
3 1187 1185 932 
3 1188 1186 933 
3 1189 1187 1153 
3 1190 1188 896 
3 1191 1189 897 
3 1192 1190 898 
3 1193 1191 1154 
3 1194 1192 1155 
3 1195 1193 1156 
3 1214 1194 1157 
4 1234 1233 819 1176 
3 1198 1143 1177 
3 1199 1197 1117 
3 1200 1198 1118 
3 1201 1199 1178 
3 1202 1200 1179 
3 1203 1201 1120 
3 1204 1202 1121 
3 1205 1203 965 
3 1206 1204 966 
3 1207 1205 967 
3 1208 1206 1110 
3 1209 1207 1111 
3 1210 1208 1133 
3 1211 1209 1134 
3 1212 1210 1135 
3 1213 1211 1136 
4 1214 1212 1137 1180 
4 1215 1213 1195 779 
3 1216 1214 1158 
3 1217 1215 1159 
3 1218 1216 1160 
3 1219 1217 1161 
3 1220 1218 1162 
3 1221 1219 1163 
3 1222 1220 1164 
3 1223 1221 1165 
3 1224 1222 1166 
3 1225 1223 1041 
3 1226 1224 1042 
3 1227 1225 1043 
3 1228 1226 1044 
3 1229 1227 1045 
3 1230 1228 1046 
4 1231 1229 1047 1048 
2 1232 1230 
2 1233 1231 
3 1234 1232 1196 
4 1235 1233 1196 975 
2 1234 1168 
