995
0 0 0
1 0 1
2 0 4
3 0 5
4 0 6
5 0 7
6 0 8
7 0 9
8 0 10
9 0 11
10 0 12
11 0 13
12 0 14
13 0 15
14 0 16
15 0 17
16 0 18
17 0 19
18 0 26
19 0 27
20 0 28
21 0 29
22 0 30
23 0 31
24 0 32
25 0 33
26 0 34
27 0 35
28 0 36
29 0 37
30 0 38
31 0 39
32 0 40
33 0 41
34 0 42
35 0 43
36 0 44
37 0 45
38 0 46
39 0 56
40 0 57
41 0 58
42 0 59
43 0 60
44 0 61
45 0 62
46 1 0
47 1 1
48 1 6
49 1 7
50 1 8
51 1 9
52 1 10
53 1 11
54 1 12
55 1 28
56 1 29
57 1 30
58 1 31
59 1 42
60 1 43
61 1 44
62 1 45
63 1 46
64 1 56
65 1 60
66 1 61
67 1 62
68 2 0
69 2 1
70 2 32
71 2 33
72 2 34
73 2 41
74 2 56
75 2 57
76 2 58
77 2 59
78 3 0
79 3 1
80 3 35
81 3 41
82 3 56
83 4 0
84 4 2
85 4 3
86 4 6
87 4 7
88 4 8
89 4 9
90 4 10
91 4 11
92 4 12
93 4 13
94 4 28
95 4 29
96 4 35
97 4 36
98 4 39
99 4 40
100 4 41
101 5 0
102 5 3
103 5 6
104 5 13
105 5 37
106 5 38
107 5 41
108 6 0
109 6 3
110 6 6
111 6 13
112 6 37
113 6 38
114 6 41
115 6 79
116 6 80
117 7 0
118 7 3
119 7 6
120 7 13
121 7 37
122 7 38
123 7 41
124 7 79
125 7 80
126 8 0
127 8 3
128 8 6
129 8 13
130 8 23
131 8 24
132 8 37
133 8 38
134 8 41
135 8 49
136 8 50
137 8 51
138 8 70
139 8 71
140 8 72
141 8 73
142 8 74
143 8 75
144 8 76
145 8 77
146 8 78
147 8 80
148 9 0
149 9 3
150 9 6
151 9 13
152 9 23
153 9 25
154 9 26
155 9 27
156 9 28
157 9 45
158 9 46
159 9 47
160 9 48
161 9 49
162 9 70
163 9 78
164 9 79
165 9 80
166 10 0
167 10 3
168 10 6
169 10 7
170 10 8
171 10 9
172 10 10
173 10 11
174 10 12
175 10 13
176 10 23
177 10 28
178 10 45
179 10 46
180 10 47
181 10 48
182 10 49
183 10 67
184 10 68
185 10 69
186 10 70
187 10 71
188 10 72
189 10 73
190 10 77
191 11 0
192 11 3
193 11 23
194 11 24
195 11 25
196 11 28
197 11 57
198 11 58
199 11 59
200 11 60
201 11 61
202 11 74
203 11 76
204 12 0
205 12 3
206 12 26
207 12 28
208 12 56
209 12 62
210 12 63
211 12 64
212 12 65
213 12 66
214 12 74
215 12 76
216 13 0
217 13 3
218 13 26
219 13 28
220 13 56
221 13 67
222 13 68
223 13 69
224 13 70
225 13 71
226 13 72
227 13 73
228 13 76
229 14 0
230 14 3
231 14 26
232 14 29
233 14 56
234 14 65
235 14 66
236 14 67
237 14 68
238 14 69
239 14 70
240 14 71
241 14 72
242 14 73
243 14 74
244 14 75
245 14 76
246 15 0
247 15 3
248 15 27
249 15 29
250 15 57
251 15 60
252 15 61
253 15 64
254 15 77
255 15 78
256 15 79
257 15 80
258 16 0
259 16 3
260 16 27
261 16 28
262 16 29
263 16 57
264 16 59
265 16 62
266 16 65
267 16 66
268 16 67
269 16 77
270 16 78
271 17 0
272 17 1
273 17 3
274 17 22
275 17 57
276 17 59
277 17 62
278 17 67
279 17 75
280 17 76
281 17 78
282 18 2
283 18 3
284 18 22
285 18 57
286 18 59
287 18 62
288 18 67
289 18 72
290 18 73
291 18 74
292 18 75
293 18 78
294 19 2
295 19 4
296 19 5
297 19 6
298 19 7
299 19 8
300 19 9
301 19 12
302 19 13
303 19 14
304 19 22
305 19 57
306 19 59
307 19 62
308 19 68
309 19 69
310 19 76
311 19 77
312 19 78
313 20 2
314 20 9
315 20 12
316 20 14
317 20 22
318 20 57
319 20 59
320 20 62
321 20 68
322 20 69
323 21 2
324 21 9
325 21 12
326 21 14
327 21 22
328 21 57
329 21 59
330 21 63
331 21 67
332 21 69
333 22 2
334 22 9
335 22 12
336 22 14
337 22 19
338 22 24
339 22 25
340 22 26
341 22 56
342 22 58
343 22 59
344 22 63
345 22 67
346 22 69
347 23 2
348 23 9
349 23 12
350 23 14
351 23 19
352 23 24
353 23 25
354 23 26
355 23 56
356 23 57
357 23 63
358 23 67
359 23 69
360 24 2
361 24 3
362 24 9
363 24 12
364 24 14
365 24 56
366 24 57
367 24 63
368 24 64
369 24 65
370 24 66
371 24 67
372 24 69
373 25 4
374 25 9
375 25 12
376 25 14
377 26 4
378 26 9
379 26 12
380 26 14
381 26 24
382 26 25
383 26 26
384 26 56
385 26 57
386 26 62
387 26 63
388 26 64
389 26 65
390 26 66
391 26 67
392 26 69
393 26 70
394 26 71
395 26 72
396 26 73
397 27 4
398 27 9
399 27 12
400 27 14
401 27 24
402 27 26
403 27 62
404 27 63
405 27 64
406 27 67
407 27 69
408 27 73
409 28 4
410 28 8
411 28 9
412 28 12
413 28 13
414 28 14
415 28 24
416 28 26
417 28 38
418 28 65
419 28 67
420 28 69
421 28 73
422 28 80
423 29 4
424 29 5
425 29 6
426 29 7
427 29 24
428 29 26
429 29 38
430 29 66
431 29 67
432 29 69
433 29 70
434 29 71
435 29 72
436 29 73
437 30 24
438 30 26
439 30 53
440 30 54
441 30 55
442 30 69
443 31 24
444 31 26
445 31 66
446 31 67
447 31 69
448 31 70
449 31 71
450 31 72
451 31 73
452 31 74
453 31 75
454 31 78
455 31 79
456 31 80
457 32 24
458 32 25
459 32 26
460 32 69
461 32 70
462 32 73
463 32 74
464 32 75
465 32 78
466 32 79
467 32 80
468 33 71
469 33 72
470 34 0
471 34 22
472 34 71
473 34 72
474 35 0
475 35 22
476 35 71
477 35 72
478 36 0
479 36 8
480 36 12
481 36 13
482 36 14
483 36 72
484 37 0
485 37 8
486 37 12
487 37 14
488 37 72
489 38 0
490 38 8
491 38 12
492 38 13
493 38 14
494 38 35
495 38 36
496 38 72
497 38 80
498 39 0
499 39 32
500 39 33
501 39 34
502 39 36
503 39 46
504 39 47
505 39 72
506 39 76
507 39 80
508 40 0
509 40 29
510 40 30
511 40 31
512 40 36
513 40 46
514 40 47
515 40 56
516 40 72
517 41 0
518 41 29
519 41 36
520 41 46
521 41 47
522 41 56
523 41 72
524 42 0
525 42 29
526 42 30
527 42 31
528 42 36
529 42 46
530 42 48
531 42 49
532 42 50
533 42 51
534 42 72
535 43 0
536 43 32
537 43 33
538 43 34
539 43 35
540 43 36
541 43 46
542 43 49
543 43 50
544 43 51
545 43 72
546 44 0
547 44 20
548 44 21
549 44 22
550 44 46
551 44 47
552 44 48
553 44 56
554 45 0
555 45 20
556 45 22
557 45 54
558 45 55
559 45 57
560 45 58
561 45 59
562 46 0
563 46 11
564 46 20
565 46 22
566 46 23
567 46 54
568 46 56
569 46 63
570 46 64
571 46 75
572 46 76
573 46 80
574 47 0
575 47 11
576 47 20
577 47 21
578 47 54
579 47 56
580 47 63
581 47 64
582 47 72
583 48 0
584 48 11
585 48 20
586 48 21
587 48 54
588 48 56
589 48 63
590 48 64
591 48 72
592 49 0
593 49 37
594 49 38
595 49 39
596 49 40
597 49 54
598 49 56
599 49 63
600 49 64
601 50 0
602 50 34
603 50 35
604 50 36
605 50 37
606 50 38
607 50 39
608 50 40
609 50 55
610 50 56
611 50 63
612 50 64
613 51 0
614 51 13
615 51 14
616 51 15
617 51 16
618 51 17
619 51 40
620 51 55
621 51 56
622 51 63
623 51 64
624 51 73
625 52 0
626 52 14
627 52 17
628 52 40
629 52 41
630 52 42
631 52 55
632 52 56
633 53 0
634 53 14
635 53 17
636 53 55
637 53 56
638 53 80
639 54 0
640 54 14
641 54 17
642 54 39
643 54 40
644 54 41
645 54 42
646 54 48
647 54 49
648 54 50
649 54 80
650 55 0
651 55 15
652 55 17
653 55 24
654 55 25
655 55 39
656 55 42
657 55 48
658 55 49
659 55 50
660 55 68
661 55 72
662 55 73
663 55 80
664 56 0
665 56 15
666 56 17
667 56 24
668 56 25
669 56 39
670 56 42
671 56 50
672 56 68
673 56 72
674 56 73
675 56 80
676 57 0
677 57 5
678 57 15
679 57 16
680 57 24
681 57 25
682 57 39
683 57 40
684 57 42
685 57 50
686 57 68
687 57 72
688 57 73
689 57 80
690 58 0
691 58 5
692 58 16
693 58 41
694 58 42
695 58 50
696 58 68
697 58 72
698 58 77
699 58 80
700 59 0
701 59 5
702 59 16
703 59 41
704 59 43
705 59 68
706 59 69
707 59 70
708 59 71
709 59 72
710 59 77
711 59 80
712 60 0
713 60 5
714 60 16
715 60 39
716 60 40
717 60 41
718 60 42
719 60 43
720 60 67
721 60 72
722 60 77
723 60 80
724 61 0
725 61 16
726 61 32
727 61 67
728 61 69
729 61 70
730 61 71
731 61 72
732 61 77
733 62 0
734 62 16
735 62 68
736 62 77
737 63 0
738 63 16
739 63 39
740 63 40
741 63 41
742 63 42
743 63 43
744 63 77
745 64 0
746 64 15
747 64 16
748 64 20
749 64 21
750 64 22
751 64 23
752 64 39
753 64 40
754 64 41
755 64 43
756 64 77
757 64 78
758 64 79
759 64 80
760 65 0
761 65 15
762 65 16
763 65 42
764 65 43
765 65 48
766 65 65
767 65 77
768 65 80
769 66 0
770 66 1
771 66 15
772 66 42
773 66 43
774 66 48
775 66 65
776 66 77
777 66 78
778 66 79
779 66 80
780 67 0
781 67 1
782 67 15
783 67 42
784 67 43
785 67 48
786 67 58
787 67 59
788 67 60
789 67 61
790 67 62
791 67 65
792 67 66
793 68 0
794 68 1
795 68 15
796 68 42
797 68 43
798 68 48
799 68 59
800 68 63
801 68 64
802 68 66
803 69 0
804 69 1
805 69 15
806 69 42
807 69 43
808 69 48
809 69 49
810 69 50
811 69 59
812 69 66
813 69 69
814 69 70
815 70 10
816 70 11
817 70 13
818 70 14
819 70 16
820 70 59
821 70 66
822 70 69
823 70 70
824 71 10
825 71 13
826 71 14
827 71 15
828 71 16
829 71 59
830 71 66
831 71 69
832 71 70
833 72 18
834 72 19
835 72 20
836 72 21
837 72 22
838 72 23
839 72 24
840 72 25
841 72 26
842 72 27
843 72 28
844 72 29
845 72 30
846 72 31
847 72 34
848 72 35
849 72 36
850 72 37
851 72 38
852 72 59
853 72 67
854 72 68
855 72 71
856 72 72
857 72 73
858 72 74
859 72 75
860 73 0
861 73 48
862 73 49
863 73 50
864 73 51
865 73 52
866 73 53
867 73 54
868 73 55
869 73 58
870 73 76
871 73 77
872 73 78
873 73 79
874 73 80
875 74 0
876 74 13
877 74 14
878 74 15
879 74 16
880 74 17
881 74 21
882 74 22
883 74 23
884 74 24
885 74 25
886 74 26
887 74 27
888 74 28
889 74 29
890 74 30
891 74 31
892 74 32
893 74 33
894 74 51
895 74 55
896 74 58
897 74 80
898 75 13
899 75 14
900 75 15
901 75 16
902 75 17
903 75 21
904 75 25
905 75 26
906 75 27
907 75 33
908 75 51
909 75 53
910 75 54
911 75 55
912 75 58
913 75 80
914 76 21
915 76 22
916 76 23
917 76 24
918 76 28
919 76 33
920 76 50
921 76 52
922 76 55
923 76 58
924 76 80
925 77 0
926 77 1
927 77 2
928 77 6
929 77 7
930 77 24
931 77 28
932 77 33
933 77 50
934 77 51
935 77 52
936 77 55
937 77 58
938 77 59
939 77 60
940 77 61
941 77 62
942 77 63
943 77 64
944 77 65
945 77 66
946 77 67
947 77 68
948 77 69
949 77 70
950 77 71
951 77 72
952 77 73
953 77 74
954 77 75
955 77 76
956 77 77
957 77 78
958 77 79
959 77 80
960 78 0
961 78 2
962 78 6
963 78 8
964 78 9
965 78 10
966 78 11
967 78 12
968 78 28
969 78 29
970 78 30
971 78 31
972 78 32
973 78 33
974 78 34
975 78 35
976 78 38
977 78 39
978 79 0
979 79 1
980 79 5
981 79 6
982 79 8
983 79 9
984 79 10
985 79 11
986 79 12
987 79 38
988 79 39
989 80 7
990 80 20
991 80 21
992 80 22
993 80 23
994 80 24
2 46 1 
2 2 0 
2 3 1 
2 4 2 
2 5 3 
2 6 4 
2 7 5 
2 8 6 
2 9 7 
2 10 8 
2 11 9 
2 12 10 
2 13 11 
2 14 12 
2 15 13 
2 16 14 
2 17 15 
2 18 16 
2 19 17 
2 20 18 
2 21 19 
2 22 20 
2 23 21 
2 24 22 
2 25 23 
2 26 24 
2 27 25 
2 28 26 
2 29 27 
2 30 28 
2 31 29 
2 32 30 
2 33 31 
2 34 32 
2 35 33 
2 36 34 
2 37 35 
2 38 36 
2 39 37 
2 40 38 
2 41 39 
2 42 40 
2 43 41 
2 44 42 
3 67 45 43 
2 116 44 
3 68 47 0 
2 48 46 
2 49 47 
2 50 48 
2 51 49 
2 52 50 
2 53 51 
2 54 52 
2 55 53 
2 56 54 
2 57 55 
2 58 56 
2 59 57 
2 60 58 
2 61 59 
2 62 60 
2 63 61 
2 64 62 
2 65 63 
2 66 64 
2 67 65 
4 115 44 66 77 
3 78 69 46 
2 70 68 
2 71 69 
2 72 70 
2 73 71 
2 74 72 
2 75 73 
2 76 74 
2 77 75 
3 67 76 82 
3 83 79 68 
2 80 78 
2 81 79 
2 82 80 
4 115 77 81 100 
3 101 84 78 
2 85 83 
2 86 84 
2 87 85 
2 88 86 
2 89 87 
2 90 88 
2 91 89 
2 92 90 
2 93 91 
2 94 92 
2 95 93 
2 96 94 
2 97 95 
2 98 96 
2 99 97 
2 100 98 
3 107 82 99 
3 108 102 83 
2 103 101 
2 104 102 
2 105 103 
2 106 104 
2 107 105 
3 114 100 106 
3 117 109 101 
2 110 108 
2 111 109 
2 112 110 
2 113 111 
2 114 112 
3 115 107 113 
4 116 67 82 114 
3 125 45 115 
3 126 118 108 
2 119 117 
2 120 118 
2 121 119 
2 122 120 
2 123 121 
2 124 122 
2 125 123 
3 147 116 124 
3 148 127 117 
2 128 126 
2 129 127 
2 130 128 
2 131 129 
2 132 130 
2 133 131 
2 134 132 
2 135 133 
2 136 134 
2 137 135 
2 138 136 
2 139 137 
2 140 138 
2 141 139 
2 142 140 
2 143 141 
2 144 142 
2 145 143 
2 146 144 
2 147 145 
3 165 125 146 
3 166 149 126 
2 150 148 
2 151 149 
2 152 150 
2 153 151 
2 154 152 
2 155 153 
2 156 154 
2 157 155 
2 158 156 
2 159 157 
2 160 158 
2 161 159 
2 162 160 
2 163 161 
3 164 162 190 
2 165 163 
3 257 147 164 
3 191 167 148 
2 168 166 
2 169 167 
2 170 168 
2 171 169 
2 172 170 
2 173 171 
2 174 172 
2 175 173 
2 176 174 
2 177 175 
2 178 176 
2 179 177 
2 180 178 
2 181 179 
2 182 180 
2 183 181 
2 184 182 
2 185 183 
2 186 184 
2 187 185 
2 188 186 
2 189 187 
2 190 188 
3 163 189 203 
3 204 192 166 
2 193 191 
2 194 192 
2 195 193 
2 196 194 
2 197 195 
2 198 196 
2 199 197 
2 200 198 
2 201 199 
2 202 200 
2 203 201 
3 215 190 202 
3 216 205 191 
2 206 204 
2 207 205 
2 208 206 
2 209 207 
2 210 208 
2 211 209 
2 212 210 
2 213 211 
2 214 212 
2 215 213 
3 228 203 214 
3 229 217 204 
2 218 216 
2 219 217 
2 220 218 
2 221 219 
2 222 220 
2 223 221 
2 224 222 
2 225 223 
2 226 224 
2 227 225 
2 228 226 
3 245 215 227 
3 246 230 216 
2 231 229 
2 232 230 
2 233 231 
2 234 232 
2 235 233 
2 236 234 
2 237 235 
2 238 236 
2 239 237 
2 240 238 
2 241 239 
2 242 240 
2 243 241 
2 244 242 
2 245 243 
3 257 228 244 
3 258 247 229 
2 248 246 
2 249 247 
2 250 248 
2 251 249 
2 252 250 
2 253 251 
2 254 252 
2 255 253 
2 256 254 
3 257 255 270 
4 422 165 245 256 
4 271 272 259 246 
2 260 258 
2 261 259 
2 262 260 
2 263 261 
2 264 262 
2 265 263 
2 266 264 
2 267 265 
2 268 266 
2 269 267 
2 270 268 
3 281 256 269 
2 470 258 
3 282 273 258 
2 274 272 
2 275 273 
2 276 274 
2 277 275 
2 278 276 
2 279 277 
2 280 278 
2 281 279 
3 293 270 280 
3 294 283 272 
2 284 282 
2 285 283 
2 286 284 
2 287 285 
2 288 286 
2 289 287 
2 290 288 
2 291 289 
2 292 290 
2 293 291 
3 312 281 292 
3 313 295 282 
2 296 294 
2 297 295 
2 298 296 
2 299 297 
2 300 298 
2 301 299 
2 302 300 
2 303 301 
2 304 302 
2 305 303 
2 306 304 
2 307 305 
2 308 306 
2 309 307 
2 310 308 
3 311 309 322 
3 312 310 396 
3 456 293 311 
3 323 314 294 
2 315 313 
2 316 314 
2 317 315 
2 318 316 
2 319 317 
2 320 318 
2 321 319 
2 322 320 
3 332 310 321 
3 333 324 313 
2 325 323 
2 326 324 
2 327 325 
2 328 326 
2 329 327 
2 330 328 
2 331 329 
2 332 330 
3 346 322 331 
3 347 334 323 
2 335 333 
2 336 334 
2 337 335 
2 338 336 
2 339 337 
2 340 338 
2 341 339 
2 342 340 
2 343 341 
2 344 342 
2 345 343 
2 346 344 
3 359 332 345 
3 360 348 333 
2 349 347 
2 350 348 
2 351 349 
2 352 350 
2 353 351 
2 354 352 
2 355 353 
2 356 354 
2 357 355 
2 358 356 
2 359 357 
3 372 346 358 
4 373 361 347 470 
2 362 360 
2 363 361 
2 364 362 
2 365 363 
2 366 364 
2 367 365 
2 368 366 
3 369 367 376 
2 370 368 
2 371 369 
2 372 370 
3 393 359 371 
3 377 374 360 
2 375 373 
2 376 374 
3 388 368 375 
3 397 378 373 
2 379 377 
2 380 378 
2 381 379 
2 382 380 
2 383 381 
2 384 382 
2 385 383 
2 386 384 
2 387 385 
2 388 386 
3 389 376 387 
2 390 388 
2 391 389 
2 392 390 
2 393 391 
3 394 372 392 
2 395 393 
2 396 394 
3 408 311 395 
3 409 398 377 
2 399 397 
2 400 398 
2 401 399 
2 402 400 
2 403 401 
2 404 402 
2 405 403 
2 406 404 
2 407 405 
2 408 406 
3 421 396 407 
3 423 410 397 
2 411 409 
2 412 410 
2 413 411 
2 414 412 
2 415 413 
2 416 414 
2 417 415 
2 418 416 
2 419 417 
2 420 418 
2 421 419 
3 436 408 420 
2 456 257 
3 424 409 474 
2 425 423 
2 426 424 
3 437 427 425 
2 428 426 
2 429 427 
2 430 428 
2 431 429 
2 432 430 
2 433 431 
3 434 432 442 
2 435 433 
2 436 434 
3 451 421 435 
3 443 438 426 
2 439 437 
2 440 438 
2 441 439 
2 442 440 
3 448 433 441 
3 457 444 437 
2 445 443 
2 446 444 
2 447 445 
2 448 446 
3 449 442 447 
2 450 448 
2 451 449 
3 452 436 450 
2 453 451 
2 454 452 
2 455 453 
2 456 454 
4 467 422 312 455 
3 458 443 471 
2 459 457 
3 468 460 458 
2 461 459 
2 462 460 
2 463 461 
2 464 462 
2 465 463 
2 466 464 
3 467 465 469 
3 497 456 466 
3 472 469 459 
3 473 466 468 
3 474 360 271 
3 475 457 482 
2 476 468 
2 477 469 
3 478 423 470 
3 476 471 487 
3 496 472 475 
2 483 473 
3 484 479 474 
2 480 478 
2 481 479 
2 482 480 
3 487 471 481 
2 488 477 
3 489 485 478 
2 486 484 
2 487 485 
4 495 475 482 486 
2 496 483 
3 498 490 484 
2 491 489 
2 492 490 
2 493 491 
2 494 492 
2 495 493 
3 496 487 494 
4 497 488 476 495 
4 507 467 496 506 
3 508 499 489 
2 500 498 
2 501 499 
2 502 500 
2 503 501 
2 504 502 
2 505 503 
2 506 504 
3 497 505 516 
2 573 497 
3 517 509 498 
2 510 508 
2 511 509 
2 512 510 
2 513 511 
2 514 512 
2 515 513 
2 516 514 
3 523 506 515 
3 524 518 508 
2 519 517 
2 520 518 
2 521 519 
2 522 520 
2 523 521 
3 534 516 522 
3 535 525 517 
2 526 524 
2 527 525 
2 528 526 
2 529 527 
2 530 528 
2 531 529 
2 532 530 
2 533 531 
2 534 532 
3 545 523 533 
3 546 536 524 
2 537 535 
2 538 536 
2 539 537 
2 540 538 
2 541 539 
2 542 540 
2 543 541 
2 544 542 
2 545 543 
4 572 534 544 553 
3 554 547 535 
2 548 546 
2 549 547 
2 550 548 
2 551 549 
2 552 550 
2 553 551 
3 561 545 552 
3 562 555 546 
2 556 554 
2 557 555 
2 558 556 
2 559 557 
2 560 558 
2 561 559 
3 570 553 560 
3 574 563 554 
2 564 562 
2 565 563 
2 566 564 
2 567 565 
2 568 566 
2 569 567 
2 570 568 
3 571 561 569 
3 572 570 582 
3 573 545 571 
3 638 507 572 
3 583 575 562 
2 576 574 
2 577 575 
2 578 576 
2 579 577 
2 580 578 
2 581 579 
2 582 580 
3 591 571 581 
3 592 584 574 
2 585 583 
2 586 584 
2 587 585 
2 588 586 
2 589 587 
2 590 588 
3 600 591 589 
3 624 582 590 
3 601 593 583 
2 594 592 
2 595 593 
2 596 594 
2 597 595 
2 598 596 
2 599 597 
2 600 598 
3 612 590 599 
3 613 602 592 
2 603 601 
2 604 602 
2 605 603 
2 606 604 
2 607 605 
2 608 606 
2 609 607 
2 610 608 
2 611 609 
2 612 610 
3 624 600 611 
3 625 614 601 
2 615 613 
2 616 614 
2 617 615 
2 618 616 
2 619 617 
2 620 618 
2 621 619 
2 622 620 
3 623 621 632 
2 624 622 
4 638 591 612 623 
3 633 626 613 
2 627 625 
2 628 626 
2 629 627 
2 630 628 
2 631 629 
2 632 630 
3 637 622 631 
3 639 634 625 
2 635 633 
2 636 634 
2 637 635 
3 649 632 636 
3 649 573 624 
3 650 640 633 
2 641 639 
2 642 640 
2 643 641 
2 644 642 
2 645 643 
2 646 644 
2 647 645 
2 648 646 
2 649 647 
4 663 638 637 648 
3 664 651 639 
2 652 650 
2 653 651 
2 654 652 
2 655 653 
2 656 654 
2 657 655 
2 658 656 
2 659 657 
2 660 658 
2 661 659 
2 662 660 
2 663 661 
3 675 649 662 
3 676 665 650 
2 666 664 
2 667 665 
2 668 666 
2 669 667 
2 670 668 
2 671 669 
2 672 670 
2 673 671 
2 674 672 
2 675 673 
3 689 663 674 
3 690 677 664 
2 678 676 
2 679 677 
2 680 678 
2 681 679 
2 682 680 
2 683 681 
2 684 682 
2 685 683 
2 686 684 
2 687 685 
2 688 686 
2 689 687 
3 699 675 688 
3 700 691 676 
2 692 690 
2 693 691 
2 694 692 
2 695 693 
2 696 694 
2 697 695 
2 698 696 
2 699 697 
3 711 689 698 
3 712 701 690 
2 702 700 
2 703 701 
2 704 702 
2 705 703 
2 706 704 
2 707 705 
2 708 706 
2 709 707 
2 710 708 
3 722 711 709 
3 723 699 710 
3 724 713 700 
2 714 712 
2 715 713 
2 716 714 
2 717 715 
2 718 716 
2 719 717 
2 720 718 
2 721 719 
2 722 720 
3 732 710 721 
2 759 711 
3 733 725 712 
2 726 724 
2 727 725 
2 728 726 
2 729 727 
2 730 728 
2 731 729 
2 732 730 
3 736 722 731 
3 737 734 724 
2 735 733 
2 736 734 
3 744 732 735 
3 745 738 733 
2 739 737 
2 740 738 
2 741 739 
2 742 740 
2 743 741 
2 744 742 
3 756 736 743 
3 760 746 737 
2 747 745 
2 748 746 
2 749 747 
2 750 748 
2 751 749 
2 752 750 
2 753 751 
2 754 752 
2 755 753 
2 756 754 
3 757 744 755 
2 758 756 
2 759 757 
3 768 723 758 
3 769 761 745 
2 762 760 
2 763 761 
2 764 762 
2 765 763 
2 766 764 
2 767 765 
2 768 766 
3 779 759 767 
3 780 770 760 
2 771 769 
2 772 770 
2 773 771 
2 774 772 
2 775 773 
2 776 774 
2 777 775 
2 778 776 
4 779 777 792 814 
3 874 768 778 
3 793 781 769 
2 782 780 
2 783 781 
2 784 782 
2 785 783 
2 786 784 
2 787 785 
2 788 786 
2 789 787 
2 790 788 
2 791 789 
2 792 790 
3 802 778 791 
3 803 794 780 
2 795 793 
2 796 794 
2 797 795 
2 798 796 
2 799 797 
2 800 798 
2 801 799 
2 802 800 
3 814 792 801 
4 860 815 804 793 
2 805 803 
2 806 804 
2 807 805 
2 808 806 
2 809 807 
2 810 808 
2 811 809 
2 812 810 
2 813 811 
2 814 812 
4 823 778 802 813 
3 824 816 803 
2 817 815 
2 818 816 
2 819 817 
2 820 818 
2 821 819 
2 822 820 
2 823 821 
3 832 814 822 
3 825 815 860 
3 833 826 824 
2 827 825 
2 828 826 
2 829 827 
2 830 828 
2 831 829 
2 832 830 
3 859 823 831 
3 834 825 860 
2 835 833 
2 836 834 
2 837 835 
2 838 836 
2 839 837 
2 840 838 
2 841 839 
2 842 840 
2 843 841 
2 844 842 
2 845 843 
2 846 844 
2 847 845 
2 848 846 
2 849 847 
2 850 848 
2 851 849 
2 852 850 
2 853 851 
2 854 852 
2 855 853 
2 856 854 
2 857 855 
2 858 856 
2 859 857 
3 874 832 858 
5 875 861 833 824 803 
2 862 860 
2 863 861 
2 864 862 
2 865 863 
2 866 864 
2 867 865 
2 868 866 
2 869 867 
2 870 868 
2 871 869 
2 872 870 
2 873 871 
2 874 872 
4 897 779 859 873 
4 925 898 876 860 
2 877 875 
2 878 876 
2 879 877 
2 880 878 
2 881 879 
2 882 880 
2 883 881 
2 884 882 
2 885 883 
2 886 884 
2 887 885 
2 888 886 
2 889 887 
2 890 888 
2 891 889 
2 892 890 
2 893 891 
2 894 892 
2 895 893 
2 896 894 
2 897 895 
3 913 874 896 
3 914 899 875 
2 900 898 
2 901 899 
2 902 900 
2 903 901 
2 904 902 
2 905 903 
2 906 904 
2 907 905 
2 908 906 
2 909 907 
2 910 908 
2 911 909 
2 912 910 
2 913 911 
3 924 897 912 
3 915 898 928 
2 916 914 
2 917 915 
2 918 916 
2 919 917 
2 920 918 
2 921 919 
2 922 920 
2 923 921 
2 924 922 
3 959 913 923 
3 960 926 875 
2 927 925 
2 928 926 
3 929 914 927 
2 930 928 
2 931 929 
2 932 930 
2 933 931 
2 934 932 
2 935 933 
2 936 934 
2 937 935 
2 938 936 
2 939 937 
2 940 938 
2 941 939 
3 942 940 977 
2 943 941 
2 944 942 
2 945 943 
2 946 944 
2 947 945 
2 948 946 
2 949 947 
2 950 948 
2 951 949 
2 952 950 
2 953 951 
2 954 952 
2 955 953 
3 956 954 988 
2 957 955 
2 958 956 
2 959 957 
3 924 958 994 
3 978 961 925 
2 962 960 
2 963 961 
2 964 962 
2 965 963 
2 966 964 
2 967 965 
2 968 966 
2 969 967 
2 970 968 
2 971 969 
2 972 970 
2 973 971 
2 974 972 
2 975 973 
2 976 974 
2 977 975 
3 941 976 987 
3 989 979 960 
2 980 978 
2 981 979 
2 982 980 
2 983 981 
2 984 982 
2 985 983 
2 986 984 
2 987 985 
3 988 977 986 
3 955 987 992 
2 990 978 
2 991 989 
2 992 990 
3 993 988 991 
2 994 992 
2 959 993 
