958
0 0 0
1 1 0
2 2 0
3 3 0
4 4 0
5 5 0
6 6 0
7 7 0
8 8 0
9 9 0
10 10 0
11 46 0
12 47 0
13 52 0
14 53 0
15 54 0
16 55 0
17 56 0
18 0 1
19 1 1
20 2 1
21 5 1
22 6 1
23 8 1
24 11 1
25 12 1
26 25 1
27 26 1
28 27 1
29 28 1
30 29 1
31 30 1
32 31 1
33 32 1
34 33 1
35 34 1
36 35 1
37 36 1
38 37 1
39 38 1
40 39 1
41 40 1
42 41 1
43 42 1
44 43 1
45 44 1
46 46 1
47 47 1
48 52 1
49 56 1
50 3 2
51 4 2
52 7 2
53 8 2
54 11 2
55 12 2
56 22 2
57 23 2
58 24 2
59 34 2
60 39 2
61 44 2
62 46 2
63 48 2
64 49 2
65 52 2
66 55 2
67 3 3
68 4 3
69 7 3
70 8 3
71 13 3
72 14 3
73 15 3
74 16 3
75 17 3
76 18 3
77 19 3
78 22 3
79 23 3
80 24 3
81 25 3
82 26 3
83 27 3
84 28 3
85 29 3
86 30 3
87 31 3
88 32 3
89 33 3
90 34 3
91 40 3
92 44 3
93 46 3
94 47 3
95 48 3
96 49 3
97 52 3
98 54 3
99 1 4
100 2 4
101 4 4
102 7 4
103 8 4
104 20 4
105 21 4
106 40 4
107 41 4
108 42 4
109 43 4
110 44 4
111 52 4
112 53 4
113 54 4
114 1 5
115 4 5
116 7 5
117 8 5
118 45 5
119 46 5
120 47 5
121 50 5
122 51 5
123 55 5
124 1 6
125 4 6
126 7 6
127 8 6
128 14 6
129 45 6
130 46 6
131 47 6
132 50 6
133 51 6
134 53 6
135 54 6
136 1 7
137 5 7
138 6 7
139 14 7
140 20 7
141 21 7
142 22 7
143 26 7
144 27 7
145 28 7
146 29 7
147 30 7
148 31 7
149 32 7
150 37 7
151 38 7
152 39 7
153 49 7
154 57 7
155 1 8
156 2 8
157 3 8
158 4 8
159 5 8
160 6 8
161 14 8
162 20 8
163 22 8
164 26 8
165 27 8
166 35 8
167 36 8
168 39 8
169 49 8
170 55 8
171 57 8
172 14 9
173 20 9
174 23 9
175 24 9
176 26 9
177 27 9
178 35 9
179 36 9
180 37 9
181 38 9
182 39 9
183 49 9
184 55 9
185 57 9
186 14 10
187 18 10
188 19 10
189 21 10
190 22 10
191 23 10
192 24 10
193 26 10
194 27 10
195 29 10
196 30 10
197 31 10
198 32 10
199 33 10
200 34 10
201 49 10
202 9 11
203 10 11
204 11 11
205 12 11
206 14 11
207 18 11
208 19 11
209 21 11
210 25 11
211 28 11
212 49 11
213 54 11
214 55 11
215 57 11
216 58 11
217 59 11
218 21 12
219 25 12
220 28 12
221 49 12
222 54 12
223 55 12
224 59 12
225 1 13
226 2 13
227 3 13
228 4 13
229 5 13
230 6 13
231 13 13
232 18 13
233 19 13
234 20 13
235 21 13
236 49 13
237 54 13
238 55 13
239 59 13
240 1 14
241 6 14
242 13 14
243 14 14
244 15 14
245 18 14
246 21 14
247 37 14
248 38 14
249 39 14
250 54 14
251 55 14
252 59 14
253 1 15
254 6 15
255 13 15
256 15 15
257 18 15
258 20 15
259 21 15
260 25 15
261 28 15
262 29 15
263 30 15
264 31 15
265 32 15
266 33 15
267 34 15
268 37 15
269 39 15
270 51 15
271 52 15
272 53 15
273 55 15
274 59 15
275 1 16
276 7 16
277 9 16
278 10 16
279 13 16
280 15 16
281 18 16
282 19 16
283 37 16
284 38 16
285 39 16
286 51 16
287 53 16
288 55 16
289 59 16
290 1 17
291 7 17
292 12 17
293 15 17
294 18 17
295 31 17
296 32 17
297 33 17
298 34 17
299 35 17
300 36 17
301 40 17
302 41 17
303 42 17
304 43 17
305 44 17
306 45 17
307 51 17
308 52 17
309 53 17
310 55 17
311 59 17
312 1 18
313 7 18
314 12 18
315 13 18
316 14 18
317 15 18
318 18 18
319 31 18
320 36 18
321 39 18
322 43 18
323 50 18
324 51 18
325 54 18
326 55 18
327 59 18
328 1 19
329 8 19
330 9 19
331 10 19
332 26 19
333 31 19
334 36 19
335 39 19
336 43 19
337 46 19
338 54 19
339 55 19
340 59 19
341 1 20
342 10 20
343 25 20
344 28 20
345 31 20
346 33 20
347 34 20
348 35 20
349 36 20
350 39 20
351 40 20
352 41 20
353 42 20
354 43 20
355 46 20
356 49 20
357 50 20
358 51 20
359 54 20
360 59 20
361 1 21
362 4 21
363 5 21
364 6 21
365 7 21
366 8 21
367 9 21
368 10 21
369 25 21
370 28 21
371 29 21
372 30 21
373 32 21
374 54 21
375 59 21
376 1 22
377 3 22
378 22 22
379 23 22
380 24 22
381 28 22
382 29 22
383 30 22
384 31 22
385 32 22
386 47 22
387 48 22
388 54 22
389 58 22
390 60 22
391 1 23
392 3 23
393 18 23
394 25 23
395 26 23
396 27 23
397 36 23
398 37 23
399 38 23
400 39 23
401 45 23
402 47 23
403 48 23
404 54 23
405 58 23
406 60 23
407 1 24
408 3 24
409 36 24
410 39 24
411 43 24
412 44 24
413 46 24
414 48 24
415 54 24
416 55 24
417 56 24
418 59 24
419 1 25
420 3 25
421 36 25
422 39 25
423 43 25
424 44 25
425 46 25
426 48 25
427 54 25
428 56 25
429 1 26
430 2 26
431 3 26
432 5 26
433 6 26
434 17 26
435 18 26
436 19 26
437 20 26
438 36 26
439 39 26
440 43 26
441 44 26
442 46 26
443 48 26
444 54 26
445 57 26
446 60 26
447 0 27
448 5 27
449 6 27
450 17 27
451 21 27
452 22 27
453 23 27
454 24 27
455 29 27
456 30 27
457 34 27
458 35 27
459 39 27
460 46 27
461 48 27
462 54 27
463 56 27
464 59 27
465 0 28
466 5 28
467 7 28
468 8 28
469 9 28
470 10 28
471 12 28
472 13 28
473 14 28
474 15 28
475 29 28
476 30 28
477 31 28
478 32 28
479 34 28
480 39 28
481 46 28
482 48 28
483 54 28
484 56 28
485 59 28
486 0 29
487 5 29
488 10 29
489 12 29
490 15 29
491 26 29
492 27 29
493 28 29
494 35 29
495 39 29
496 46 29
497 47 29
498 48 29
499 49 29
500 50 29
501 54 29
502 56 29
503 59 29
504 0 30
505 5 30
506 10 30
507 12 30
508 15 30
509 26 30
510 27 30
511 28 30
512 35 30
513 39 30
514 53 30
515 55 30
516 56 30
517 59 30
518 0 31
519 5 31
520 6 31
521 7 31
522 8 31
523 9 31
524 10 31
525 12 31
526 13 31
527 14 31
528 15 31
529 22 31
530 35 31
531 39 31
532 57 31
533 4 32
534 10 32
535 16 32
536 22 32
537 35 32
538 39 32
539 49 32
540 50 32
541 51 32
542 52 32
543 53 32
544 57 32
545 0 33
546 2 33
547 3 33
548 10 33
549 16 33
550 22 33
551 35 33
552 36 33
553 37 33
554 38 33
555 39 33
556 49 33
557 53 33
558 57 33
559 3 34
560 6 34
561 11 34
562 12 34
563 13 34
564 14 34
565 15 34
566 21 34
567 23 34
568 24 34
569 25 34
570 28 34
571 29 34
572 49 34
573 53 34
574 57 34
575 4 35
576 8 35
577 9 35
578 10 35
579 17 35
580 21 35
581 22 35
582 35 35
583 36 35
584 37 35
585 38 35
586 39 35
587 40 35
588 41 35
589 42 35
590 49 35
591 53 35
592 57 35
593 2 36
594 3 36
595 4 36
596 8 36
597 9 36
598 10 36
599 17 36
600 21 36
601 22 36
602 30 36
603 35 36
604 38 36
605 43 36
606 44 36
607 45 36
608 49 36
609 54 36
610 57 36
611 3 37
612 4 37
613 14 37
614 15 37
615 21 37
616 22 37
617 23 37
618 24 37
619 25 37
620 28 37
621 31 37
622 32 37
623 33 37
624 34 37
625 36 37
626 37 37
627 38 37
628 43 37
629 45 37
630 49 37
631 54 37
632 57 37
633 3 38
634 4 38
635 7 38
636 8 38
637 9 38
638 10 38
639 14 38
640 16 38
641 31 38
642 32 38
643 33 38
644 34 38
645 36 38
646 43 38
647 44 38
648 48 38
649 54 38
650 57 38
651 3 39
652 4 39
653 7 39
654 10 39
655 14 39
656 16 39
657 37 39
658 41 39
659 42 39
660 43 39
661 44 39
662 49 39
663 54 39
664 3 40
665 4 40
666 7 40
667 10 40
668 14 40
669 17 40
670 29 40
671 30 40
672 31 40
673 32 40
674 33 40
675 34 40
676 37 40
677 41 40
678 42 40
679 49 40
680 54 40
681 0 41
682 3 41
683 4 41
684 6 41
685 7 41
686 8 41
687 9 41
688 10 41
689 14 41
690 15 41
691 17 41
692 21 41
693 29 41
694 31 41
695 37 41
696 41 41
697 42 41
698 49 41
699 54 41
700 0 42
701 3 42
702 5 42
703 16 42
704 18 42
705 19 42
706 22 42
707 29 42
708 31 42
709 35 42
710 36 42
711 37 42
712 41 42
713 42 42
714 49 42
715 54 42
716 57 42
717 60 42
718 0 43
719 3 43
720 5 43
721 16 43
722 17 43
723 19 43
724 22 43
725 29 43
726 31 43
727 35 43
728 37 43
729 46 43
730 47 43
731 48 43
732 49 43
733 50 43
734 51 43
735 52 43
736 53 43
737 54 43
738 57 43
739 60 43
740 0 44
741 3 44
742 5 44
743 11 44
744 12 44
745 18 44
746 29 44
747 31 44
748 35 44
749 36 44
750 37 44
751 41 44
752 60 44
753 0 45
754 3 45
755 5 45
756 11 45
757 12 45
758 16 45
759 17 45
760 29 45
761 30 45
762 32 45
763 33 45
764 34 45
765 37 45
766 41 45
767 45 45
768 46 45
769 47 45
770 48 45
771 60 45
772 0 46
773 1 46
774 3 46
775 5 46
776 16 46
777 17 46
778 29 46
779 30 46
780 37 46
781 38 46
782 41 46
783 57 46
784 58 46
785 59 46
786 60 46
787 5 47
788 16 47
789 17 47
790 29 47
791 30 47
792 41 47
793 5 48
794 16 48
795 17 48
796 29 48
797 30 48
798 41 48
799 47 48
800 49 48
801 50 48
802 5 49
803 8 49
804 9 49
805 10 49
806 11 49
807 12 49
808 13 49
809 17 49
810 29 49
811 30 49
812 47 49
813 49 49
814 5 50
815 17 50
816 21 50
817 22 50
818 47 50
819 49 50
820 5 51
821 17 51
822 21 51
823 22 51
824 29 51
825 30 51
826 42 51
827 5 52
828 23 52
829 24 52
830 25 52
831 26 52
832 27 52
833 28 52
834 29 52
835 42 52
836 5 53
837 14 53
838 26 53
839 27 53
840 28 53
841 29 53
842 14 54
843 15 54
844 50 54
845 53 54
846 54 54
847 4 55
848 5 55
849 23 55
850 24 55
851 25 55
852 26 55
853 27 55
854 28 55
855 29 55
856 30 55
857 39 55
858 40 55
859 41 55
860 50 55
861 54 55
862 4 56
863 5 56
864 25 56
865 30 56
866 39 56
867 40 56
868 41 56
869 42 56
870 43 56
871 44 56
872 45 56
873 48 56
874 49 56
875 4 57
876 6 57
877 7 57
878 25 57
879 26 57
880 27 57
881 28 57
882 29 57
883 31 57
884 32 57
885 33 57
886 34 57
887 35 57
888 36 57
889 37 57
890 38 57
891 48 57
892 49 57
893 4 58
894 6 58
895 7 58
896 14 58
897 15 58
898 16 58
899 31 58
900 32 58
901 33 58
902 34 58
903 35 58
904 36 58
905 38 58
906 41 58
907 42 58
908 43 58
909 44 58
910 45 58
911 46 58
912 47 58
913 0 59
914 1 59
915 4 59
916 5 59
917 8 59
918 9 59
919 15 59
920 17 59
921 18 59
922 19 59
923 20 59
924 21 59
925 22 59
926 23 59
927 37 59
928 38 59
929 41 59
930 42 59
931 43 59
932 44 59
933 45 59
934 46 59
935 47 59
936 0 60
937 1 60
938 4 60
939 5 60
940 8 60
941 9 60
942 15 60
943 16 60
944 17 60
945 18 60
946 19 60
947 20 60
948 21 60
949 22 60
950 23 60
951 31 60
952 32 60
953 39 60
954 40 60
955 48 60
956 49 60
957 50 60
2 1 18 
3 2 19 0 
3 3 20 1 
3 4 50 2 
3 5 51 3 
3 6 21 4 
3 7 22 5 
3 8 52 6 
3 9 23 7 
3 10 202 8 
4 11 24 203 9 
5 12 47 46 45 10 
2 13 11 
2 14 12 
4 15 112 48 13 
3 16 98 14 
3 17 66 15 
4 217 154 49 16 
2 447 0 
2 99 1 
2 100 2 
2 137 5 
2 138 6 
2 53 8 
3 25 54 10 
3 26 55 24 
2 27 25 
2 28 26 
2 29 27 
2 30 28 
2 31 29 
2 32 30 
2 33 31 
2 34 32 
2 35 33 
3 36 59 34 
3 37 166 35 
3 38 167 36 
3 39 150 37 
3 40 151 38 
3 41 60 39 
3 42 91 40 
3 43 107 41 
3 44 108 42 
3 45 109 43 
4 118 61 44 11 
2 62 11 
3 63 94 11 
3 65 64 14 
2 417 17 
2 67 3 
2 68 4 
2 69 7 
2 70 23 
2 204 24 
4 56 71 205 25 
2 57 55 
2 58 56 
2 59 57 
3 90 58 35 
2 152 40 
2 92 45 
2 93 46 
3 64 95 47 
4 121 96 63 48 
2 97 48 
2 123 16 
2 157 50 
2 101 51 
2 102 52 
2 103 53 
3 72 231 55 
3 73 128 71 
3 74 244 72 
3 75 535 73 
3 76 434 74 
3 77 187 75 
4 78 104 188 76 
4 79 142 105 77 
3 80 174 78 
3 81 175 79 
3 82 210 80 
3 83 143 81 
3 84 144 82 
3 85 145 83 
3 86 146 84 
3 87 147 85 
3 88 148 86 
3 89 149 87 
3 90 199 88 
3 200 89 59 
2 106 41 
2 110 61 
2 119 62 
2 120 47 
2 387 63 
2 153 64 
2 111 65 
2 113 15 
2 114 19 
2 156 20 
2 115 68 
2 116 69 
2 117 70 
3 105 140 77 
3 141 104 78 
2 301 91 
2 302 42 
2 303 43 
2 304 44 
2 305 92 
3 271 122 97 
2 134 14 
2 135 98 
2 124 99 
2 125 101 
2 126 102 
2 127 103 
3 119 129 45 
3 130 118 93 
2 131 94 
3 122 132 64 
3 133 121 111 
2 170 66 
2 136 114 
2 158 115 
2 276 116 
2 329 117 
2 139 72 
2 306 118 
2 337 119 
2 386 120 
2 323 121 
2 270 122 
2 272 112 
2 213 113 
2 155 124 
2 159 21 
2 160 22 
2 161 128 
2 162 104 
2 189 105 
2 163 78 
2 164 82 
2 165 83 
2 211 84 
2 195 85 
2 196 86 
2 197 87 
2 198 88 
2 180 38 
2 181 39 
2 168 60 
2 169 96 
3 216 171 17 
2 225 136 
2 226 100 
2 227 67 
2 228 125 
2 229 137 
2 230 138 
2 172 139 
2 173 140 
2 190 142 
2 176 143 
2 177 144 
2 178 36 
2 179 37 
2 182 152 
2 183 153 
2 184 123 
2 185 154 
2 186 161 
2 234 162 
2 191 79 
2 192 80 
2 193 164 
2 194 165 
2 299 166 
2 300 167 
2 247 150 
2 248 151 
2 249 168 
2 201 169 
2 214 170 
2 215 171 
2 206 172 
2 207 76 
2 208 77 
2 209 141 
2 378 163 
2 379 174 
2 380 175 
2 332 176 
2 396 177 
2 262 146 
2 263 147 
2 264 148 
2 265 149 
2 266 89 
2 267 90 
2 212 183 
2 277 9 
2 278 10 
2 561 54 
2 292 55 
2 243 186 
2 232 187 
2 233 188 
2 218 189 
2 219 81 
2 220 145 
2 221 201 
2 222 135 
2 223 184 
2 445 185 
3 224 389 154 
3 390 224 17 
2 235 209 
2 260 210 
2 261 211 
2 236 212 
2 237 213 
2 238 214 
3 239 216 217 
2 240 155 
2 430 156 
2 377 157 
2 362 158 
2 363 159 
2 241 160 
2 242 71 
2 245 207 
2 282 208 
2 258 173 
2 246 218 
2 356 221 
2 250 222 
2 251 223 
2 252 224 
2 253 225 
2 254 230 
2 255 231 
2 316 206 
2 256 73 
2 257 232 
2 259 235 
2 268 180 
2 284 181 
2 269 182 
2 325 237 
2 273 238 
2 274 239 
2 275 240 
2 364 241 
2 279 242 
2 280 244 
2 281 245 
2 437 234 
2 451 246 
2 343 219 
2 344 220 
2 371 195 
2 372 196 
2 295 197 
2 296 198 
2 297 199 
2 298 200 
2 283 247 
2 285 249 
2 286 133 
2 308 111 
2 287 134 
2 288 251 
2 289 252 
2 290 253 
2 291 126 
2 330 202 
2 331 203 
2 315 255 
2 293 256 
2 294 257 
2 436 233 
2 398 268 
2 399 248 
2 321 269 
2 307 270 
2 309 272 
2 310 273 
2 311 274 
2 312 275 
2 313 276 
2 314 205 
2 317 280 
2 318 281 
2 319 264 
2 373 265 
2 346 266 
2 347 267 
2 348 178 
2 320 179 
2 351 106 
2 352 107 
2 353 108 
2 322 109 
2 412 110 
2 401 129 
2 324 286 
2 542 271 
2 514 287 
2 326 288 
2 327 289 
2 328 290 
2 365 291 
2 471 292 
2 472 279 
2 473 243 
2 474 293 
2 393 294 
2 333 295 
2 334 300 
2 335 285 
2 336 304 
2 357 132 
2 358 307 
2 338 250 
2 339 310 
2 340 311 
2 341 312 
2 366 127 
2 367 277 
2 342 278 
2 395 193 
2 345 319 
2 349 320 
2 350 321 
2 354 322 
2 355 130 
2 359 325 
2 416 326 
2 360 327 
2 361 328 
2 368 331 
2 369 260 
2 370 261 
2 384 333 
2 623 297 
2 457 298 
2 458 299 
2 397 334 
2 400 335 
2 587 301 
2 588 302 
2 589 303 
2 411 336 
2 413 337 
2 499 236 
2 500 323 
2 541 324 
2 374 338 
2 375 340 
2 376 341 
2 533 228 
2 432 229 
2 433 254 
2 467 313 
2 468 329 
2 469 330 
2 470 342 
2 394 343 
2 381 344 
2 382 262 
2 383 263 
2 385 296 
2 388 359 
2 418 360 
2 391 361 
2 392 227 
2 452 190 
2 453 191 
2 454 192 
2 493 370 
2 455 371 
2 456 372 
2 477 345 
2 478 373 
2 402 131 
2 403 95 
2 404 374 
2 405 216 
2 406 217 
2 407 376 
2 408 377 
2 435 318 
2 569 369 
2 491 332 
2 492 194 
2 409 349 
2 553 283 
2 554 284 
2 410 350 
2 607 306 
2 497 386 
2 414 387 
2 415 388 
2 784 389 
2 446 390 
2 419 391 
2 420 392 
2 421 397 
2 422 400 
2 423 354 
2 424 305 
2 425 355 
2 426 403 
2 427 404 
2 515 339 
2 428 49 
2 464 375 
2 429 407 
2 431 408 
2 438 409 
2 439 410 
2 440 411 
2 441 412 
2 442 413 
2 443 414 
2 444 415 
2 463 417 
2 773 419 
2 546 226 
2 547 420 
2 448 363 
2 449 364 
2 450 75 
2 704 393 
2 705 282 
2 923 258 
2 552 421 
2 459 422 
2 605 423 
2 606 424 
2 460 425 
2 461 426 
2 462 427 
2 532 215 
2 717 406 
2 465 18 
2 466 432 
2 520 433 
2 579 434 
2 566 259 
2 529 378 
2 567 379 
2 568 380 
2 475 382 
2 476 383 
2 479 347 
2 494 348 
2 480 439 
2 481 442 
2 482 443 
2 483 444 
2 484 428 
2 485 418 
2 486 447 
2 487 448 
2 521 365 
2 522 366 
2 523 367 
2 488 368 
2 489 314 
2 526 315 
2 527 316 
2 490 317 
2 571 455 
2 602 456 
2 621 384 
2 622 385 
2 624 457 
2 495 459 
2 496 460 
2 498 461 
2 501 462 
2 502 463 
2 503 464 
2 504 465 
2 505 466 
2 506 470 
2 507 471 
2 508 474 
2 509 395 
2 510 396 
2 511 381 
2 512 458 
2 513 480 
2 729 481 
2 730 402 
2 648 482 
2 539 356 
2 540 357 
2 609 483 
2 516 484 
2 517 485 
2 518 486 
2 519 487 
2 524 488 
2 525 489 
2 528 490 
2 831 491 
2 832 492 
2 570 493 
2 530 494 
2 531 495 
2 543 309 
3 516 737 416 
3 738 515 502 
2 785 503 
2 545 504 
2 702 505 
2 560 449 
2 635 467 
2 576 468 
2 577 469 
2 534 506 
2 562 507 
2 563 472 
2 564 473 
2 565 508 
2 536 452 
2 537 512 
2 538 513 
2 544 445 
2 575 362 
2 548 524 
2 549 74 
2 550 529 
2 551 530 
2 555 531 
2 556 499 
2 733 500 
2 734 358 
2 735 308 
2 557 514 
2 558 532 
2 681 518 
2 593 430 
2 559 431 
2 578 534 
2 640 535 
2 581 536 
2 582 537 
2 583 438 
2 584 398 
2 585 399 
2 586 538 
2 572 539 
2 573 543 
2 574 544 
2 594 547 
2 684 520 
2 743 204 
2 744 525 
2 808 526 
2 613 527 
2 614 528 
2 580 451 
2 617 453 
2 618 454 
2 619 394 
2 620 511 
2 670 475 
2 590 556 
2 591 557 
2 592 558 
2 595 533 
2 596 522 
2 597 523 
2 598 548 
2 599 450 
2 600 566 
2 601 550 
2 603 551 
2 625 552 
2 626 553 
2 604 554 
2 857 555 
2 858 351 
2 658 352 
2 659 353 
2 608 572 
2 736 573 
2 610 574 
3 774 914 546 
2 611 559 
2 612 575 
2 636 576 
2 637 577 
2 638 578 
2 669 579 
2 615 580 
2 616 581 
2 671 476 
2 709 582 
2 627 585 
2 628 440 
2 647 441 
2 629 401 
2 630 590 
2 631 501 
2 632 592 
2 633 594 
2 634 595 
2 639 564 
2 690 565 
2 692 600 
2 706 601 
2 828 567 
2 829 568 
2 830 569 
2 833 570 
2 641 477 
2 642 478 
2 643 346 
2 644 479 
2 645 583 
2 657 584 
2 781 604 
2 646 605 
2 767 607 
2 662 608 
2 649 609 
2 650 610 
2 651 611 
2 652 612 
2 653 521 
2 686 596 
2 687 597 
2 654 598 
2 655 613 
2 656 549 
2 672 621 
2 673 622 
2 674 623 
2 675 624 
2 710 625 
2 660 628 
2 661 606 
2 731 498 
2 663 631 
2 716 632 
2 664 633 
2 665 634 
2 666 635 
2 667 638 
2 668 639 
2 703 640 
2 676 626 
2 677 588 
2 678 589 
2 870 646 
2 871 647 
2 679 630 
2 680 649 
2 682 651 
2 683 652 
2 685 653 
2 688 654 
2 689 655 
2 691 599 
2 693 571 
2 761 602 
2 694 641 
2 762 642 
2 763 643 
2 764 644 
2 695 657 
2 696 658 
2 697 659 
2 698 662 
2 699 663 
2 700 545 
2 701 664 
2 847 665 
2 876 560 
2 877 666 
2 803 636 
2 804 637 
2 805 667 
2 837 668 
2 843 614 
2 722 669 
2 816 615 
2 707 670 
2 708 672 
2 711 676 
2 712 677 
2 713 678 
2 714 679 
2 715 680 
2 718 681 
2 719 682 
2 720 519 
2 721 656 
2 745 435 
2 723 436 
2 724 616 
2 725 693 
2 726 694 
2 727 603 
2 749 645 
2 728 695 
2 751 696 
2 826 697 
2 732 698 
2 737 699 
2 738 650 
2 739 446 
2 740 700 
2 741 701 
2 742 702 
2 758 703 
2 759 691 
2 922 705 
2 817 706 
2 746 707 
2 747 708 
2 748 709 
2 750 711 
2 768 496 
2 769 497 
2 770 648 
2 800 714 
3 734 801 540 
3 735 733 541 
3 736 734 542 
3 845 735 591 
3 846 715 515 
3 783 516 716 
2 752 717 
2 753 718 
2 754 719 
2 755 720 
2 756 561 
2 757 562 
2 921 704 
2 760 725 
2 883 726 
2 887 727 
2 888 710 
2 765 728 
2 766 712 
2 771 739 
2 772 740 
2 774 741 
2 775 742 
2 806 743 
2 807 744 
2 776 721 
2 777 722 
2 778 746 
2 779 671 
2 884 673 
2 885 674 
2 886 675 
2 780 750 
2 782 751 
2 872 629 
2 911 729 
2 799 730 
2 873 731 
2 786 752 
2 913 753 
2 914 429 
3 893 593 754 
2 787 755 
2 788 758 
2 789 759 
2 790 760 
2 791 761 
2 889 765 
2 890 627 
2 792 766 
3 784 846 738 
3 785 783 405 
3 786 784 517 
3 861 785 771 
2 793 775 
2 794 776 
2 795 777 
2 796 778 
2 797 779 
2 798 782 
2 802 787 
2 898 788 
2 809 789 
2 810 790 
2 811 791 
2 859 792 
2 812 769 
2 813 732 
2 844 733 
2 814 793 
3 804 895 686 
3 805 803 687 
3 806 804 688 
3 807 805 756 
3 808 806 757 
3 842 807 563 
2 815 795 
2 824 796 
2 825 797 
2 818 799 
2 819 800 
2 820 802 
2 821 809 
2 822 692 
2 823 724 
2 912 812 
2 874 813 
2 827 814 
2 920 815 
2 924 816 
2 925 817 
2 834 810 
2 856 811 
2 835 713 
2 836 820 
2 849 617 
2 850 618 
2 851 619 
2 838 509 
2 839 510 
2 840 620 
2 841 824 
2 869 826 
2 848 827 
2 842 689 
2 852 831 
2 853 832 
2 854 833 
2 855 834 
3 896 808 837 
2 897 690 
2 860 801 
3 861 860 736 
3 861 737 783 
2 862 683 
2 863 836 
2 926 828 
3 878 926 829 
2 864 830 
2 879 838 
2 880 839 
2 881 840 
3 865 882 841 
2 865 825 
2 866 586 
2 867 587 
2 868 798 
3 956 844 845 
4 957 845 846 786 
2 875 847 
2 916 848 
2 878 851 
3 883 855 856 
3 867 890 857 
3 868 866 858 
3 906 867 859 
2 907 835 
2 908 660 
2 909 661 
2 910 767 
2 891 770 
2 892 819 
2 893 862 
2 894 684 
2 895 685 
4 879 926 850 864 
3 880 878 852 
3 881 879 853 
3 882 880 854 
3 899 881 855 
3 900 865 747 
2 900 762 
2 901 763 
2 902 764 
2 903 748 
2 904 749 
2 927 780 
3 905 781 866 
2 955 873 
2 956 874 
3 915 774 875 
3 895 916 876 
4 896 894 877 803 
3 897 895 842 
3 898 896 843 
3 920 897 794 
3 900 926 882 
4 901 899 883 884 
3 902 900 885 
3 903 901 886 
3 904 902 887 
3 927 903 888 
2 928 890 
2 929 868 
2 930 869 
2 931 870 
2 932 871 
2 933 872 
2 934 768 
2 935 818 
2 936 772 
3 937 773 593 
2 938 893 
4 917 939 863 894 
2 918 916 
2 919 917 
2 920 918 
4 921 919 898 821 
3 922 920 745 
3 923 921 723 
3 924 922 437 
3 925 923 822 
3 926 924 823 
6 927 925 849 850 878 899 
4 928 926 904 889 
3 929 927 905 
3 930 928 906 
3 931 929 907 
3 932 930 908 
3 933 931 909 
3 934 932 910 
3 935 933 911 
3 955 934 912 
2 937 913 
3 938 936 914 
3 939 937 915 
3 940 938 916 
2 941 939 
2 942 940 
2 943 941 
2 944 942 
2 945 943 
2 946 944 
2 947 945 
2 948 946 
2 949 947 
2 950 948 
2 951 949 
2 952 950 
2 953 951 
2 954 952 
2 955 953 
4 956 954 935 891 
4 957 955 892 860 
2 956 861 
