584
0 10 0
1 15 0
2 16 0
3 17 0
4 18 0
5 6 1
6 7 1
7 8 1
8 9 1
9 10 1
10 15 1
11 18 1
12 6 2
13 7 2
14 15 2
15 19 2
16 20 2
17 21 2
18 22 2
19 6 3
20 7 3
21 15 3
22 22 3
23 30 3
24 31 3
25 32 3
26 33 3
27 34 3
28 35 3
29 36 3
30 37 3
31 38 3
32 39 3
33 6 4
34 7 4
35 15 4
36 18 4
37 19 4
38 20 4
39 21 4
40 22 4
41 23 4
42 24 4
43 25 4
44 26 4
45 27 4
46 28 4
47 29 4
48 38 4
49 39 4
50 6 5
51 7 5
52 15 5
53 17 5
54 25 5
55 26 5
56 37 5
57 40 5
58 6 6
59 8 6
60 9 6
61 10 6
62 11 6
63 15 6
64 18 6
65 19 6
66 20 6
67 21 6
68 22 6
69 23 6
70 24 6
71 27 6
72 28 6
73 29 6
74 37 6
75 40 6
76 6 7
77 11 7
78 15 7
79 16 7
80 17 7
81 24 7
82 27 7
83 28 7
84 29 7
85 34 7
86 35 7
87 36 7
88 6 8
89 9 8
90 10 8
91 11 8
92 12 8
93 13 8
94 14 8
95 18 8
96 24 8
97 29 8
98 32 8
99 33 8
100 6 9
101 7 9
102 8 9
103 12 9
104 13 9
105 14 9
106 18 9
107 23 9
108 25 9
109 26 9
110 32 9
111 34 9
112 35 9
113 5 10
114 19 10
115 23 10
116 26 10
117 32 10
118 33 10
119 35 10
120 5 11
121 19 11
122 20 11
123 21 11
124 22 11
125 23 11
126 26 11
127 29 11
128 30 11
129 31 11
130 34 11
131 35 11
132 38 11
133 39 11
134 40 11
135 5 12
136 6 12
137 7 12
138 9 12
139 10 12
140 11 12
141 12 12
142 13 12
143 14 12
144 15 12
145 16 12
146 17 12
147 18 12
148 24 12
149 25 12
150 27 12
151 28 12
152 31 12
153 34 12
154 35 12
155 38 12
156 39 12
157 40 12
158 5 13
159 7 13
160 9 13
161 10 13
162 11 13
163 13 13
164 19 13
165 20 13
166 21 13
167 22 13
168 23 13
169 26 13
170 29 13
171 31 13
172 34 13
173 36 13
174 37 13
175 5 14
176 6 14
177 7 14
178 12 14
179 13 14
180 20 14
181 21 14
182 22 14
183 23 14
184 26 14
185 29 14
186 31 14
187 34 14
188 36 14
189 37 14
190 1 15
191 2 15
192 3 15
193 4 15
194 8 15
195 9 15
196 10 15
197 11 15
198 14 15
199 15 15
200 16 15
201 20 15
202 24 15
203 25 15
204 27 15
205 28 15
206 29 15
207 30 15
208 31 15
209 34 15
210 35 15
211 38 15
212 39 15
213 40 15
214 0 16
215 4 16
216 5 16
217 6 16
218 7 16
219 11 16
220 14 16
221 16 16
222 32 16
223 33 16
224 36 16
225 37 16
226 40 16
227 0 17
228 4 17
229 7 17
230 10 17
231 12 17
232 13 17
233 16 17
234 17 17
235 18 17
236 19 17
237 20 17
238 21 17
239 22 17
240 23 17
241 32 17
242 33 17
243 36 17
244 40 17
245 0 18
246 4 18
247 5 18
248 6 18
249 7 18
250 10 18
251 12 18
252 13 18
253 14 18
254 15 18
255 17 18
256 18 18
257 19 18
258 23 18
259 31 18
260 36 18
261 37 18
262 38 18
263 39 18
264 40 18
265 0 19
266 1 19
267 8 19
268 9 19
269 11 19
270 16 19
271 20 19
272 23 19
273 34 19
274 35 19
275 0 20
276 2 20
277 8 20
278 11 20
279 16 20
280 20 20
281 21 20
282 22 20
283 23 20
284 31 20
285 32 20
286 33 20
287 36 20
288 37 20
289 38 20
290 39 20
291 0 21
292 2 21
293 3 21
294 4 21
295 5 21
296 6 21
297 7 21
298 12 21
299 13 21
300 14 21
301 15 21
302 17 21
303 18 21
304 19 21
305 24 21
306 25 21
307 36 21
308 39 21
309 0 22
310 1 22
311 7 22
312 8 22
313 11 22
314 14 22
315 16 22
316 20 22
317 21 22
318 22 22
319 23 22
320 26 22
321 27 22
322 28 22
323 29 22
324 36 22
325 40 22
326 0 23
327 1 23
328 7 23
329 8 23
330 11 23
331 12 23
332 13 23
333 15 23
334 16 23
335 26 23
336 27 23
337 28 23
338 29 23
339 36 23
340 37 23
341 38 23
342 39 23
343 40 23
344 17 24
345 18 24
346 19 24
347 23 24
348 24 24
349 25 24
350 26 24
351 31 24
352 32 24
353 33 24
354 34 24
355 35 24
356 13 25
357 15 25
358 16 25
359 17 25
360 18 25
361 19 25
362 23 25
363 26 25
364 31 25
365 32 25
366 33 25
367 34 25
368 35 25
369 36 25
370 37 25
371 38 25
372 39 25
373 40 25
374 13 26
375 15 26
376 16 26
377 20 26
378 23 26
379 25 26
380 26 26
381 39 26
382 40 26
383 7 27
384 8 27
385 11 27
386 12 27
387 14 27
388 17 27
389 21 27
390 22 27
391 24 27
392 7 28
393 8 28
394 11 28
395 12 28
396 14 28
397 18 28
398 19 28
399 21 28
400 23 28
401 25 28
402 26 28
403 27 28
404 28 28
405 33 28
406 7 29
407 8 29
408 11 29
409 12 29
410 14 29
411 18 29
412 19 29
413 21 29
414 22 29
415 23 29
416 25 29
417 26 29
418 27 29
419 28 29
420 31 29
421 32 29
422 34 29
423 7 30
424 8 30
425 11 30
426 12 30
427 14 30
428 18 30
429 19 30
430 21 30
431 25 30
432 29 30
433 30 30
434 33 30
435 7 31
436 8 31
437 11 31
438 12 31
439 14 31
440 18 31
441 19 31
442 21 31
443 24 31
444 26 31
445 27 31
446 29 31
447 31 31
448 32 31
449 33 31
450 35 31
451 36 31
452 37 31
453 38 31
454 39 31
455 40 31
456 18 32
457 19 32
458 21 32
459 24 32
460 25 32
461 26 32
462 27 32
463 29 32
464 31 32
465 32 32
466 33 32
467 35 32
468 37 32
469 38 32
470 18 33
471 19 33
472 21 33
473 24 33
474 29 33
475 30 33
476 34 33
477 36 33
478 39 33
479 40 33
480 18 34
481 19 34
482 21 34
483 24 34
484 29 34
485 30 34
486 34 34
487 36 34
488 0 35
489 1 35
490 2 35
491 3 35
492 7 35
493 8 35
494 11 35
495 12 35
496 18 35
497 19 35
498 21 35
499 23 35
500 25 35
501 26 35
502 27 35
503 28 35
504 31 35
505 32 35
506 33 35
507 35 35
508 37 35
509 38 35
510 0 36
511 3 36
512 7 36
513 8 36
514 11 36
515 12 36
516 14 36
517 15 36
518 16 36
519 17 36
520 19 36
521 21 36
522 23 36
523 25 36
524 29 36
525 30 36
526 32 36
527 34 36
528 36 36
529 0 37
530 1 37
531 2 37
532 3 37
533 7 37
534 8 37
535 11 37
536 12 37
537 14 37
538 17 37
539 19 37
540 21 37
541 23 37
542 24 37
543 32 37
544 34 37
545 36 37
546 13 38
547 15 38
548 17 38
549 19 38
550 21 38
551 23 38
552 25 38
553 26 38
554 27 38
555 28 38
556 29 38
557 30 38
558 31 38
559 32 38
560 34 38
561 36 38
562 13 39
563 15 39
564 18 39
565 20 39
566 21 39
567 23 39
568 24 39
569 34 39
570 36 39
571 13 40
572 15 40
573 16 40
574 17 40
575 18 40
576 20 40
577 21 40
578 22 40
579 23 40
580 24 40
581 35 40
582 37 40
583 38 40
2 1 5 
3 2 10 0 
3 3 79 1 
3 4 53 2 
3 32 11 3 
4 6 12 214 0 
3 7 13 5 
3 8 59 6 
3 9 60 7 
4 10 62 61 8 
3 14 9 1 
4 18 15 36 4 
2 19 5 
2 20 6 
2 21 10 
3 16 37 11 
3 17 38 15 
3 18 39 16 
4 23 22 17 11 
3 33 113 12 
2 34 13 
3 35 94 14 
3 41 40 18 
4 24 128 47 18 
3 25 129 23 
3 26 98 24 
3 27 99 25 
3 28 85 26 
3 29 86 27 
3 30 87 28 
3 31 56 29 
3 32 48 30 
4 57 49 31 4 
2 50 19 
2 51 20 
2 52 21 
2 64 11 
2 65 15 
2 66 16 
2 67 17 
2 68 22 
3 42 69 22 
3 43 70 41 
3 44 54 42 
3 45 55 43 
3 46 71 44 
3 47 72 45 
3 73 46 23 
2 132 31 
2 133 32 
2 58 33 
2 101 34 
2 63 35 
2 80 3 
2 108 43 
2 109 44 
2 74 30 
2 75 32 
2 76 50 
2 102 7 
2 89 8 
2 90 9 
3 92 77 9 
2 78 52 
2 95 36 
2 114 37 
2 122 38 
2 123 39 
2 124 40 
2 107 41 
2 81 42 
2 82 45 
2 83 46 
2 84 47 
2 174 56 
2 134 57 
2 88 58 
2 91 62 
2 144 63 
2 145 2 
2 146 53 
2 96 70 
2 150 71 
2 151 72 
2 97 73 
2 111 27 
2 112 28 
2 173 29 
2 100 76 
2 138 60 
2 139 61 
2 140 77 
3 93 103 62 
3 94 104 92 
3 105 93 21 
2 106 64 
2 148 81 
2 127 84 
2 110 25 
2 118 26 
2 136 88 
2 137 51 
2 194 59 
2 141 92 
2 142 93 
2 143 94 
2 147 95 
2 115 69 
2 149 54 
2 116 55 
2 117 98 
2 130 85 
2 119 86 
3 120 190 19 
2 121 65 
2 125 107 
2 126 109 
2 222 110 
2 223 99 
2 131 112 
2 135 113 
2 164 114 
2 165 66 
2 166 67 
2 167 68 
2 168 115 
2 169 116 
2 170 97 
2 207 23 
2 152 24 
2 153 111 
2 154 119 
2 155 48 
2 156 49 
2 157 75 
3 158 193 120 
2 176 100 
2 159 101 
2 160 89 
2 161 90 
2 162 91 
2 178 103 
2 163 104 
2 198 105 
2 199 78 
2 200 79 
2 234 80 
2 235 106 
2 202 96 
2 203 108 
2 204 82 
2 205 83 
2 171 129 
2 172 130 
2 210 131 
2 211 132 
2 212 133 
2 213 134 
2 175 135 
2 177 137 
2 195 138 
2 196 139 
2 197 140 
2 179 142 
2 236 121 
2 180 122 
2 181 123 
2 182 124 
2 183 125 
2 184 126 
2 185 127 
2 186 152 
2 187 153 
2 188 87 
2 189 74 
2 216 158 
2 217 136 
2 218 159 
2 231 141 
2 232 163 
2 201 165 
2 238 166 
2 239 167 
2 240 168 
2 320 169 
2 206 170 
2 208 171 
2 209 172 
2 224 173 
2 225 174 
4 191 266 214 113 
3 192 276 190 
3 193 293 191 
3 215 192 135 
2 267 102 
2 268 160 
2 230 161 
2 219 162 
2 220 143 
2 254 144 
2 221 145 
2 237 180 
2 305 148 
2 306 149 
2 321 150 
2 322 151 
2 323 185 
2 433 128 
2 259 186 
2 273 187 
2 274 154 
2 262 155 
2 263 156 
2 226 157 
3 227 5 190 
2 228 193 
2 247 175 
2 248 176 
2 229 177 
2 269 197 
2 253 198 
2 233 200 
2 241 117 
2 242 118 
2 243 188 
2 261 189 
2 244 213 
2 245 214 
2 246 215 
2 249 218 
2 250 196 
2 251 178 
2 252 179 
2 270 221 
2 255 146 
2 256 147 
2 257 164 
2 271 201 
2 281 181 
2 282 182 
2 258 183 
2 285 222 
2 286 223 
2 260 224 
2 264 226 
2 265 227 
2 294 228 
2 295 216 
2 296 217 
2 297 229 
3 330 268 230 
2 298 231 
2 299 232 
2 300 220 
2 301 199 
2 302 234 
2 303 235 
2 304 236 
2 272 240 
2 284 208 
2 287 243 
2 288 225 
2 289 211 
2 290 212 
2 325 244 
2 275 245 
2 310 190 
2 277 194 
3 424 195 250 
2 278 219 
2 279 233 
2 280 237 
2 283 258 
2 354 209 
2 355 210 
2 291 265 
2 292 191 
2 312 267 
2 313 269 
2 315 270 
2 316 271 
2 317 238 
2 318 239 
2 319 272 
2 351 259 
2 352 241 
2 353 242 
2 307 260 
2 340 261 
2 341 262 
2 308 263 
2 309 275 
2 490 276 
2 491 192 
3 295 532 246 
3 296 294 247 
3 512 295 248 
2 311 249 
2 331 251 
2 332 252 
2 314 253 
2 333 254 
2 344 255 
2 345 256 
2 346 257 
2 348 202 
2 349 203 
2 324 287 
2 342 290 
2 326 291 
2 327 266 
2 328 297 
2 329 277 
2 330 278 
2 387 300 
2 334 279 
2 377 280 
2 389 281 
2 390 282 
2 347 283 
2 335 184 
2 336 204 
2 337 205 
2 338 206 
2 339 307 
2 343 264 
2 488 309 
2 489 310 
2 383 311 
2 384 312 
3 385 250 313 
2 386 298 
2 356 299 
2 357 301 
2 358 315 
2 350 320 
2 403 321 
2 404 322 
2 432 323 
2 369 324 
2 370 288 
2 371 289 
2 372 308 
2 373 325 
2 359 302 
2 360 303 
2 361 304 
2 362 319 
2 391 305 
2 379 306 
2 363 335 
2 364 284 
2 365 285 
2 366 286 
2 367 273 
2 368 274 
2 374 332 
2 375 333 
2 376 334 
2 388 344 
2 397 345 
2 398 346 
2 378 347 
2 380 350 
2 420 351 
2 421 352 
2 405 353 
2 422 354 
2 450 355 
2 451 339 
2 452 340 
2 453 341 
2 381 342 
2 382 343 
2 546 356 
2 517 357 
2 518 358 
2 565 316 
2 400 362 
2 401 349 
2 402 363 
2 454 372 
2 455 373 
2 392 328 
2 393 329 
2 394 330 
2 395 331 
2 396 314 
2 519 359 
2 399 317 
2 414 318 
2 443 348 
2 406 383 
2 407 384 
2 408 385 
2 409 386 
2 410 387 
2 411 360 
2 412 361 
2 413 389 
2 415 378 
2 416 379 
2 417 380 
2 418 336 
2 419 337 
2 434 366 
2 423 392 
2 424 393 
2 425 394 
2 426 395 
2 427 396 
2 428 397 
2 429 398 
2 430 399 
2 578 390 
2 499 400 
2 431 401 
2 444 402 
2 445 403 
2 503 404 
2 447 364 
2 448 365 
2 476 367 
2 435 406 
3 436 407 268 
2 437 408 
2 438 409 
2 439 410 
2 440 411 
2 441 412 
2 442 413 
2 460 416 
2 446 338 
2 475 207 
2 449 405 
2 492 423 
2 493 424 
2 494 425 
2 495 426 
2 516 427 
2 456 428 
2 457 429 
2 458 430 
2 459 391 
2 461 417 
2 462 418 
2 463 432 
2 464 420 
2 465 421 
2 466 434 
2 467 368 
2 477 369 
2 468 370 
2 469 371 
2 478 381 
3 479 478 382 
2 470 440 
2 471 441 
2 472 442 
2 473 443 
2 500 431 
2 501 444 
2 502 445 
2 474 446 
2 504 447 
2 505 448 
2 506 449 
2 507 450 
2 508 452 
2 509 453 
2 480 456 
2 481 457 
2 482 458 
2 483 459 
2 484 463 
2 485 433 
2 486 422 
2 487 451 
3 583 454 455 
2 583 455 
2 496 470 
2 497 471 
2 498 472 
2 542 473 
2 524 474 
2 525 475 
2 527 476 
2 528 477 
2 510 326 
2 530 327 
2 531 292 
2 511 293 
2 512 435 
2 513 436 
2 514 437 
2 515 438 
2 564 480 
2 520 481 
2 521 482 
2 522 415 
2 523 460 
2 553 461 
2 554 462 
2 555 419 
2 558 464 
2 526 465 
3 527 559 466 
2 581 467 
2 582 468 
2 583 469 
2 529 488 
2 532 491 
3 533 296 492 
2 534 493 
2 535 494 
2 536 495 
2 537 439 
2 547 375 
2 573 376 
2 538 388 
2 539 497 
2 540 498 
2 541 499 
2 552 500 
2 556 484 
2 557 485 
2 543 505 
3 544 506 486 
2 545 487 
3 530 571 510 
3 531 529 489 
3 532 530 490 
4 533 531 511 294 
3 534 532 512 
3 535 533 513 
3 536 534 514 
3 562 535 515 
3 563 546 516 
2 548 519 
2 549 520 
2 550 521 
2 551 522 
2 568 483 
2 559 526 
2 560 527 
2 561 528 
3 562 374 537 
2 563 517 
2 574 538 
3 565 564 539 
2 566 540 
2 567 541 
3 553 568 523 
3 554 552 501 
3 555 553 502 
3 556 554 503 
3 557 555 524 
3 558 556 525 
3 559 557 504 
4 569 558 543 506 
2 569 544 
2 570 545 
3 571 536 546 
3 572 537 547 
3 575 496 549 
3 576 549 377 
2 577 550 
2 579 551 
3 579 542 552 
3 581 559 560 
3 582 581 561 
3 572 529 562 
3 573 571 563 
3 574 572 518 
3 575 573 548 
3 576 574 564 
3 577 575 565 
3 578 576 566 
3 579 577 414 
4 580 578 567 568 
2 581 579 
5 582 580 569 507 570 
4 583 581 570 508 
4 582 509 478 479 
