1095
0 0 3
1 0 4
2 0 5
3 0 6
4 0 7
5 0 8
6 0 9
7 0 10
8 0 14
9 0 26
10 0 27
11 0 28
12 0 32
13 0 33
14 0 34
15 0 35
16 0 36
17 0 37
18 0 38
19 0 39
20 0 40
21 0 41
22 0 42
23 0 43
24 0 44
25 0 45
26 0 46
27 0 47
28 0 48
29 0 49
30 0 50
31 0 51
32 0 52
33 0 53
34 0 63
35 0 64
36 1 3
37 1 6
38 1 16
39 1 17
40 1 18
41 1 19
42 1 26
43 1 63
44 1 64
45 2 2
46 2 6
47 2 16
48 2 19
49 2 26
50 2 63
51 2 64
52 3 2
53 3 7
54 3 8
55 3 9
56 3 10
57 3 14
58 3 15
59 3 16
60 3 17
61 3 18
62 3 19
63 3 26
64 3 57
65 3 58
66 3 59
67 3 63
68 4 2
69 4 10
70 4 26
71 4 35
72 4 36
73 4 37
74 4 38
75 4 39
76 4 40
77 4 41
78 4 51
79 4 52
80 4 53
81 4 63
82 5 2
83 5 10
84 5 26
85 5 35
86 5 41
87 5 54
88 5 55
89 5 56
90 5 62
91 6 2
92 6 10
93 6 26
94 6 27
95 6 35
96 6 36
97 6 37
98 6 38
99 6 39
100 6 40
101 6 41
102 6 57
103 6 58
104 6 62
105 7 2
106 7 3
107 7 4
108 7 5
109 7 6
110 7 7
111 7 8
112 7 9
113 7 10
114 7 26
115 7 27
116 7 57
117 7 58
118 7 61
119 7 63
120 7 64
121 8 0
122 8 1
123 8 22
124 8 23
125 8 25
126 8 26
127 8 27
128 8 29
129 8 30
130 8 31
131 8 32
132 8 59
133 8 63
134 8 64
135 9 0
136 9 1
137 9 17
138 9 27
139 9 29
140 9 32
141 9 38
142 9 39
143 9 52
144 9 53
145 9 56
146 9 59
147 9 63
148 9 64
149 10 2
150 10 17
151 10 20
152 10 21
153 10 24
154 10 27
155 10 29
156 10 32
157 10 36
158 10 37
159 10 52
160 10 53
161 10 54
162 10 55
163 10 56
164 10 59
165 10 64
166 11 2
167 11 17
168 11 20
169 11 21
170 11 24
171 11 27
172 11 29
173 11 30
174 11 31
175 11 32
176 11 36
177 11 37
178 11 56
179 11 59
180 11 64
181 12 2
182 12 3
183 12 4
184 12 5
185 12 6
186 12 7
187 12 10
188 12 11
189 12 16
190 12 20
191 12 26
192 12 33
193 12 34
194 12 35
195 12 53
196 12 57
197 12 58
198 12 64
199 13 2
200 13 7
201 13 10
202 13 11
203 13 16
204 13 20
205 13 26
206 13 28
207 13 32
208 13 35
209 13 36
210 13 37
211 13 38
212 13 39
213 13 56
214 13 59
215 14 2
216 14 7
217 14 10
218 14 11
219 14 16
220 14 20
221 14 26
222 14 28
223 14 32
224 14 34
225 14 55
226 14 57
227 14 58
228 14 59
229 15 2
230 15 7
231 15 10
232 15 11
233 15 16
234 15 24
235 15 27
236 15 28
237 15 32
238 15 35
239 15 36
240 15 37
241 15 38
242 15 55
243 15 56
244 16 2
245 16 7
246 16 11
247 16 24
248 16 27
249 16 28
250 16 32
251 16 38
252 16 55
253 16 56
254 17 2
255 17 5
256 17 6
257 17 7
258 17 11
259 17 24
260 17 27
261 17 28
262 17 32
263 17 35
264 17 36
265 17 37
266 17 38
267 17 53
268 18 0
269 18 1
270 18 4
271 18 11
272 18 13
273 18 14
274 18 15
275 18 32
276 18 33
277 18 34
278 18 39
279 18 53
280 19 0
281 19 4
282 19 11
283 19 13
284 19 14
285 19 15
286 19 35
287 19 36
288 19 53
289 20 0
290 20 1
291 20 2
292 20 3
293 20 4
294 20 11
295 20 13
296 20 15
297 20 23
298 20 35
299 20 36
300 20 53
301 20 63
302 20 64
303 21 0
304 21 8
305 21 9
306 21 12
307 21 14
308 21 15
309 21 23
310 21 35
311 21 36
312 21 49
313 21 50
314 21 51
315 21 52
316 21 54
317 21 63
318 21 64
319 22 1
320 22 2
321 22 3
322 22 4
323 22 11
324 22 20
325 22 23
326 22 34
327 22 37
328 22 38
329 22 46
330 22 47
331 22 53
332 22 54
333 22 63
334 22 64
335 23 1
336 23 3
337 23 8
338 23 9
339 23 20
340 23 22
341 23 23
342 23 30
343 23 31
344 23 34
345 23 37
346 23 38
347 23 44
348 23 45
349 23 53
350 23 54
351 23 57
352 23 58
353 23 59
354 23 60
355 23 61
356 23 62
357 23 63
358 23 64
359 24 1
360 24 2
361 24 3
362 24 8
363 24 9
364 24 20
365 24 21
366 24 35
367 24 36
368 24 37
369 24 38
370 24 44
371 24 45
372 24 53
373 24 54
374 24 57
375 24 58
376 25 0
377 25 5
378 25 6
379 25 7
380 25 9
381 25 20
382 25 21
383 25 24
384 25 25
385 25 26
386 25 27
387 25 28
388 25 39
389 25 40
390 25 42
391 25 43
392 25 44
393 25 46
394 25 47
395 25 54
396 25 57
397 25 58
398 26 0
399 26 5
400 26 6
401 26 9
402 26 20
403 26 21
404 26 24
405 26 28
406 26 39
407 26 40
408 26 42
409 26 44
410 26 46
411 26 47
412 26 54
413 26 57
414 26 58
415 26 59
416 26 60
417 26 61
418 26 62
419 26 63
420 27 0
421 27 7
422 27 8
423 27 9
424 27 20
425 27 21
426 27 24
427 27 28
428 27 40
429 27 42
430 27 43
431 27 44
432 27 45
433 27 48
434 27 49
435 27 50
436 27 51
437 27 52
438 27 53
439 27 54
440 27 59
441 27 63
442 28 0
443 28 11
444 28 12
445 28 19
446 28 23
447 28 28
448 28 41
449 28 45
450 28 48
451 28 49
452 28 50
453 28 51
454 28 52
455 28 53
456 28 54
457 28 59
458 28 63
459 29 0
460 29 6
461 29 11
462 29 13
463 29 14
464 29 15
465 29 16
466 29 19
467 29 23
468 29 28
469 29 41
470 29 46
471 29 47
472 29 59
473 29 60
474 29 63
475 30 0
476 30 6
477 30 11
478 30 13
479 30 17
480 30 18
481 30 23
482 30 28
483 30 39
484 30 40
485 30 46
486 30 47
487 30 61
488 30 63
489 31 6
490 31 11
491 31 14
492 31 15
493 31 16
494 31 19
495 31 20
496 31 21
497 31 22
498 31 23
499 31 24
500 31 25
501 31 26
502 31 27
503 31 28
504 31 39
505 31 40
506 31 46
507 31 47
508 31 55
509 31 61
510 31 62
511 32 7
512 32 8
513 32 11
514 32 16
515 32 29
516 32 30
517 32 31
518 32 32
519 32 39
520 32 40
521 32 46
522 32 47
523 32 55
524 32 61
525 32 62
526 33 7
527 33 8
528 33 11
529 33 16
530 33 29
531 33 32
532 33 41
533 33 42
534 33 43
535 33 44
536 33 45
537 33 48
538 33 49
539 33 50
540 33 51
541 33 55
542 33 56
543 33 57
544 33 58
545 33 61
546 33 62
547 34 0
548 34 1
549 34 7
550 34 8
551 34 11
552 34 12
553 34 14
554 34 15
555 34 16
556 34 29
557 34 32
558 34 35
559 34 36
560 34 39
561 34 40
562 34 46
563 34 47
564 34 48
565 34 49
566 34 50
567 34 52
568 34 53
569 34 54
570 34 58
571 34 61
572 34 62
573 35 0
574 35 1
575 35 3
576 35 13
577 35 29
578 35 31
579 35 32
580 35 35
581 35 36
582 35 39
583 35 40
584 35 51
585 35 53
586 35 58
587 36 0
588 36 1
589 36 3
590 36 13
591 36 23
592 36 24
593 36 28
594 36 30
595 36 36
596 36 40
597 36 51
598 36 53
599 36 58
600 37 0
601 37 1
602 37 3
603 37 10
604 37 14
605 37 15
606 37 16
607 37 19
608 37 21
609 37 22
610 37 24
611 37 26
612 37 27
613 37 30
614 37 36
615 37 40
616 37 51
617 37 53
618 37 58
619 38 0
620 38 2
621 38 7
622 38 9
623 38 10
624 38 14
625 38 17
626 38 18
627 38 19
628 38 21
629 38 22
630 38 23
631 38 26
632 38 30
633 38 40
634 38 51
635 38 53
636 38 58
637 39 0
638 39 2
639 39 7
640 39 9
641 39 10
642 39 14
643 39 19
644 39 26
645 39 30
646 39 40
647 39 48
648 39 49
649 39 50
650 39 51
651 39 53
652 39 54
653 39 55
654 39 56
655 39 57
656 39 58
657 40 0
658 40 1
659 40 7
660 40 9
661 40 10
662 40 14
663 40 15
664 40 16
665 40 17
666 40 18
667 40 19
668 40 26
669 40 29
670 40 47
671 40 61
672 40 62
673 40 63
674 40 64
675 41 0
676 41 1
677 41 7
678 41 9
679 41 10
680 41 20
681 41 27
682 41 30
683 41 37
684 41 38
685 41 53
686 41 54
687 41 55
688 41 61
689 41 64
690 42 0
691 42 2
692 42 3
693 42 6
694 42 8
695 42 10
696 42 20
697 42 27
698 42 31
699 42 37
700 42 39
701 42 40
702 42 53
703 42 54
704 42 61
705 42 62
706 42 63
707 42 64
708 43 0
709 43 2
710 43 3
711 43 6
712 43 7
713 43 8
714 43 9
715 43 10
716 43 20
717 43 27
718 43 31
719 43 37
720 43 40
721 43 53
722 43 54
723 43 55
724 44 0
725 44 2
726 44 3
727 44 20
728 44 27
729 44 28
730 44 29
731 44 30
732 44 31
733 44 37
734 44 38
735 44 39
736 44 40
737 44 47
738 45 0
739 45 2
740 45 3
741 45 4
742 45 5
743 45 6
744 45 7
745 45 11
746 45 12
747 45 13
748 45 14
749 45 15
750 45 16
751 45 17
752 45 20
753 45 42
754 45 47
755 46 0
756 46 1
757 46 4
758 46 6
759 46 11
760 46 13
761 46 18
762 46 19
763 46 42
764 46 47
765 46 52
766 46 53
767 46 54
768 46 55
769 46 56
770 46 61
771 46 62
772 47 0
773 47 1
774 47 4
775 47 6
776 47 11
777 47 14
778 47 15
779 47 16
780 47 20
781 47 21
782 47 22
783 47 23
784 47 24
785 47 25
786 47 30
787 47 31
788 47 32
789 47 33
790 47 34
791 47 38
792 47 39
793 47 40
794 47 47
795 47 52
796 47 53
797 47 54
798 47 55
799 47 56
800 47 61
801 47 62
802 48 0
803 48 1
804 48 4
805 48 6
806 48 11
807 48 13
808 48 17
809 48 35
810 48 36
811 48 37
812 48 47
813 48 61
814 48 62
815 49 0
816 49 1
817 49 3
818 49 6
819 49 11
820 49 12
821 49 13
822 49 18
823 49 19
824 49 35
825 49 36
826 49 37
827 49 55
828 49 56
829 49 57
830 49 58
831 49 61
832 49 62
833 50 3
834 50 6
835 50 9
836 50 10
837 50 14
838 50 15
839 50 18
840 50 19
841 50 28
842 50 29
843 50 30
844 50 31
845 50 42
846 50 47
847 50 48
848 50 49
849 50 54
850 50 59
851 50 60
852 50 63
853 50 64
854 51 3
855 51 6
856 51 9
857 51 10
858 51 16
859 51 17
860 51 28
861 51 42
862 51 47
863 51 54
864 51 59
865 51 60
866 51 63
867 51 64
868 52 2
869 52 6
870 52 10
871 52 16
872 52 17
873 52 42
874 52 43
875 52 44
876 52 45
877 52 46
878 52 47
879 52 55
880 52 56
881 52 57
882 52 58
883 52 61
884 52 62
885 52 63
886 52 64
887 53 2
888 53 6
889 53 10
890 53 16
891 53 17
892 53 38
893 53 39
894 53 40
895 53 41
896 53 42
897 53 64
898 54 2
899 54 5
900 54 7
901 54 16
902 54 17
903 54 45
904 54 46
905 54 47
906 54 48
907 54 64
908 55 2
909 55 5
910 55 7
911 55 16
912 55 17
913 55 41
914 55 42
915 55 43
916 55 44
917 55 45
918 55 46
919 55 47
920 55 48
921 55 53
922 55 54
923 55 61
924 55 62
925 55 63
926 55 64
927 56 2
928 56 5
929 56 7
930 56 13
931 56 14
932 56 15
933 56 18
934 56 19
935 56 25
936 56 34
937 56 35
938 56 36
939 56 37
940 56 38
941 56 39
942 56 40
943 56 49
944 56 50
945 56 51
946 56 52
947 56 55
948 56 61
949 56 64
950 57 2
951 57 6
952 57 13
953 57 15
954 57 20
955 57 21
956 57 22
957 57 25
958 57 46
959 57 47
960 57 48
961 57 50
962 57 53
963 57 54
964 57 55
965 57 61
966 57 64
967 58 2
968 58 3
969 58 4
970 58 5
971 58 6
972 58 7
973 58 8
974 58 9
975 58 13
976 58 14
977 58 15
978 58 20
979 58 21
980 58 22
981 58 25
982 58 41
983 58 50
984 58 55
985 58 61
986 58 64
987 59 1
988 59 25
989 59 45
990 59 46
991 59 47
992 59 48
993 59 49
994 59 55
995 59 61
996 59 63
997 59 64
998 60 0
999 60 1
1000 60 25
1001 60 26
1002 60 27
1003 60 28
1004 60 45
1005 60 46
1006 60 47
1007 60 48
1008 60 49
1009 60 50
1010 60 51
1011 60 52
1012 60 53
1013 60 54
1014 60 55
1015 60 61
1016 60 62
1017 61 0
1018 61 2
1019 61 3
1020 61 4
1021 61 5
1022 61 6
1023 61 7
1024 61 8
1025 61 9
1026 61 12
1027 61 13
1028 61 14
1029 61 15
1030 61 16
1031 61 25
1032 61 26
1033 61 27
1034 61 28
1035 61 29
1036 61 45
1037 61 55
1038 61 61
1039 61 62
1040 62 0
1041 62 4
1042 62 10
1043 62 11
1044 62 46
1045 62 47
1046 62 55
1047 62 56
1048 62 57
1049 62 58
1050 62 59
1051 62 60
1052 63 0
1053 63 1
1054 63 2
1055 63 4
1056 63 12
1057 63 13
1058 63 14
1059 63 15
1060 63 23
1061 63 24
1062 63 25
1063 63 26
1064 63 27
1065 63 28
1066 63 29
1067 63 30
1068 63 31
1069 63 32
1070 63 33
1071 63 34
1072 63 35
1073 63 38
1074 63 39
1075 63 46
1076 63 47
1077 63 55
1078 63 60
1079 64 3
1080 64 4
1081 64 16
1082 64 17
1083 64 18
1084 64 40
1085 64 41
1086 64 43
1087 64 44
1088 64 45
1089 64 55
1090 64 56
1091 64 57
1092 64 58
1093 64 59
1094 64 60
2 1 45 
3 2 0 36 
2 3 1 
2 4 2 
2 5 3 
2 6 4 
2 7 5 
2 8 6 
2 9 7 
2 10 8 
2 11 9 
2 12 10 
2 13 11 
2 14 12 
2 15 13 
2 16 14 
2 17 15 
2 18 16 
2 19 17 
2 20 18 
2 21 19 
2 22 20 
2 23 21 
2 24 22 
2 25 23 
2 26 24 
2 27 25 
2 28 26 
2 29 27 
2 30 28 
2 31 29 
2 32 30 
2 33 31 
2 34 32 
3 43 35 33 
2 44 34 
3 37 1 45 
2 38 36 
2 39 37 
2 40 38 
2 41 39 
2 42 40 
2 43 41 
3 50 34 42 
2 51 35 
5 52 46 36 0 121 
2 47 45 
2 48 46 
2 49 47 
2 50 48 
3 67 43 49 
2 120 44 
3 68 53 45 
2 54 52 
2 55 53 
2 56 54 
2 57 55 
2 58 56 
2 59 57 
2 60 58 
2 61 59 
2 62 60 
2 63 61 
2 64 62 
2 65 63 
2 66 64 
2 67 65 
3 81 50 66 
3 82 69 52 
2 70 68 
2 71 69 
2 72 70 
2 73 71 
2 74 72 
2 75 73 
2 76 74 
2 77 75 
2 78 76 
2 79 77 
2 80 78 
2 81 79 
4 119 67 80 90 
3 91 83 68 
2 84 82 
2 85 83 
2 86 84 
2 87 85 
2 88 86 
2 89 87 
2 90 88 
3 104 81 89 
3 105 92 82 
2 93 91 
2 94 92 
2 95 93 
2 96 94 
2 97 95 
2 98 96 
2 99 97 
2 100 98 
2 101 99 
2 102 100 
2 103 101 
2 104 102 
3 119 90 103 
3 106 91 122 
2 107 105 
2 108 106 
2 109 107 
2 110 108 
2 111 109 
2 112 110 
2 113 111 
2 114 112 
2 115 113 
2 116 114 
2 117 115 
2 118 116 
2 119 117 
4 134 81 104 118 
2 134 51 
3 135 122 45 
3 123 105 121 
2 124 122 
2 125 123 
2 126 124 
2 127 125 
2 128 126 
2 129 127 
2 130 128 
2 131 129 
2 132 130 
2 133 131 
2 134 132 
4 148 120 119 133 
4 268 149 136 121 
2 137 135 
2 138 136 
2 139 137 
2 140 138 
2 141 139 
2 142 140 
2 143 141 
2 144 142 
2 145 143 
2 146 144 
2 147 145 
2 148 146 
3 165 134 147 
3 166 150 135 
2 151 149 
2 152 150 
2 153 151 
2 154 152 
2 155 153 
2 156 154 
2 157 155 
2 158 156 
2 159 157 
2 160 158 
2 161 159 
2 162 160 
2 163 161 
2 164 162 
2 165 163 
3 180 148 164 
3 181 167 149 
2 168 166 
2 169 167 
2 170 168 
2 171 169 
2 172 170 
2 173 171 
2 174 172 
2 175 173 
2 176 174 
2 177 175 
2 178 176 
2 179 177 
2 180 178 
3 198 165 179 
3 199 182 166 
2 183 181 
2 184 182 
2 185 183 
2 186 184 
2 187 185 
2 188 186 
2 189 187 
2 190 188 
2 191 189 
2 192 190 
2 193 191 
2 194 192 
2 195 193 
2 196 194 
2 197 195 
2 198 196 
4 302 180 197 214 
3 215 200 181 
2 201 199 
2 202 200 
2 203 201 
2 204 202 
2 205 203 
2 206 204 
2 207 205 
2 208 206 
2 209 207 
2 210 208 
2 211 209 
2 212 210 
2 213 211 
2 214 212 
3 228 198 213 
3 229 216 199 
2 217 215 
2 218 216 
2 219 217 
2 220 218 
2 221 219 
2 222 220 
2 223 221 
2 224 222 
2 225 223 
2 226 224 
2 227 225 
2 228 226 
4 302 214 227 243 
3 244 230 215 
2 231 229 
2 232 230 
2 233 231 
2 234 232 
2 235 233 
2 236 234 
2 237 235 
2 238 236 
2 239 237 
2 240 238 
2 241 239 
2 242 240 
2 243 241 
3 253 228 242 
3 254 245 229 
2 246 244 
2 247 245 
2 248 246 
2 249 247 
2 250 248 
2 251 249 
2 252 250 
3 253 251 267 
3 302 243 252 
3 255 244 269 
2 256 254 
2 257 255 
2 258 256 
2 259 257 
2 260 258 
2 261 259 
2 262 260 
2 263 261 
2 264 262 
2 265 263 
2 266 264 
2 267 265 
3 279 252 266 
3 280 269 135 
3 270 254 268 
2 271 269 
2 272 270 
2 273 271 
2 274 272 
2 275 273 
2 276 274 
2 277 275 
2 278 276 
2 279 277 
3 288 267 278 
3 289 281 268 
2 282 280 
2 283 281 
2 284 282 
2 285 283 
2 286 284 
2 287 285 
2 288 286 
3 301 279 287 
3 303 290 280 
2 291 289 
2 292 290 
2 293 291 
2 294 292 
2 295 293 
2 296 294 
2 297 295 
2 298 296 
2 299 297 
2 300 298 
2 301 299 
3 302 288 300 
5 318 198 228 253 301 
4 376 319 304 289 
2 305 303 
2 306 304 
2 307 305 
2 308 306 
2 309 307 
2 310 308 
2 311 309 
2 312 310 
2 313 311 
2 314 312 
2 315 313 
2 316 314 
2 317 315 
2 318 316 
3 334 302 317 
3 335 320 303 
2 321 319 
2 322 320 
2 323 321 
2 324 322 
2 325 323 
2 326 324 
2 327 325 
2 328 326 
2 329 327 
2 330 328 
2 331 329 
2 332 330 
2 333 331 
2 334 332 
4 358 318 333 357 
3 359 336 319 
2 337 335 
2 338 336 
2 339 337 
2 340 338 
2 341 339 
2 342 340 
2 343 341 
2 344 342 
2 345 343 
2 346 344 
2 347 345 
2 348 346 
2 349 347 
2 350 348 
2 351 349 
2 352 350 
2 353 351 
2 354 352 
2 355 353 
2 356 354 
3 357 355 375 
3 419 334 356 
2 674 334 
3 360 335 376 
2 361 359 
2 362 360 
2 363 361 
2 364 362 
2 365 363 
2 366 364 
2 367 365 
2 368 366 
2 369 367 
2 370 368 
2 371 369 
2 372 370 
2 373 371 
2 374 372 
2 375 373 
3 397 356 374 
4 398 377 359 303 
2 378 376 
2 379 377 
2 380 378 
2 381 379 
2 382 380 
2 383 381 
2 384 382 
2 385 383 
2 386 384 
2 387 385 
2 388 386 
2 389 387 
2 390 388 
2 391 389 
2 392 390 
2 393 391 
2 394 392 
2 395 393 
2 396 394 
2 397 395 
3 417 375 396 
3 420 399 376 
2 400 398 
2 401 399 
2 402 400 
2 403 401 
2 404 402 
2 405 403 
2 406 404 
2 407 405 
2 408 406 
2 409 407 
2 410 408 
2 411 409 
2 412 410 
2 413 411 
2 414 412 
2 415 413 
2 416 414 
2 417 415 
3 418 397 416 
2 419 417 
3 441 357 418 
3 442 421 398 
2 422 420 
2 423 421 
2 424 422 
2 425 423 
2 426 424 
2 427 425 
2 428 426 
2 429 427 
2 430 428 
2 431 429 
2 432 430 
2 433 431 
2 434 432 
2 435 433 
2 436 434 
2 437 435 
2 438 436 
2 439 437 
2 440 438 
2 441 439 
3 458 419 440 
3 459 443 420 
2 444 442 
2 445 443 
2 446 444 
2 447 445 
2 448 446 
2 449 447 
2 450 448 
2 451 449 
2 452 450 
2 453 451 
2 454 452 
2 455 453 
2 456 454 
2 457 455 
2 458 456 
3 474 441 457 
3 475 460 442 
2 461 459 
2 462 460 
2 463 461 
2 464 462 
2 465 463 
2 466 464 
2 467 465 
2 468 466 
2 469 467 
2 470 468 
2 471 469 
2 472 470 
2 473 471 
2 474 472 
3 488 458 473 
4 547 489 476 459 
2 477 475 
2 478 476 
2 479 477 
2 480 478 
2 481 479 
2 482 480 
2 483 481 
2 484 482 
2 485 483 
2 486 484 
2 487 485 
2 488 486 
4 689 474 487 510 
3 511 490 475 
2 491 489 
2 492 490 
2 493 491 
2 494 492 
2 495 493 
2 496 494 
2 497 495 
2 498 496 
2 499 497 
2 500 498 
2 501 499 
2 502 500 
2 503 501 
2 504 502 
2 505 503 
2 506 504 
2 507 505 
2 508 506 
2 509 507 
2 510 508 
3 525 488 509 
3 526 512 489 
2 513 511 
2 514 512 
2 515 513 
2 516 514 
2 517 515 
2 518 516 
2 519 517 
2 520 518 
2 521 519 
2 522 520 
2 523 521 
2 524 522 
2 525 523 
3 546 510 524 
3 527 511 548 
2 528 526 
2 529 527 
2 530 528 
2 531 529 
2 532 530 
2 533 531 
2 534 532 
2 535 533 
2 536 534 
2 537 535 
2 538 536 
2 539 537 
2 540 538 
2 541 539 
2 542 540 
2 543 541 
2 544 542 
2 545 543 
2 546 544 
3 572 525 545 
3 573 548 475 
3 549 526 547 
2 550 548 
2 551 549 
2 552 550 
2 553 551 
2 554 552 
2 555 553 
2 556 554 
2 557 555 
2 558 556 
2 559 557 
2 560 558 
2 561 559 
2 562 560 
2 563 561 
2 564 562 
2 565 563 
2 566 564 
2 567 565 
2 568 566 
2 569 567 
2 570 568 
3 586 571 569 
2 572 570 
3 673 546 571 
3 587 574 547 
2 575 573 
2 576 574 
2 577 575 
2 578 576 
2 579 577 
2 580 578 
2 581 579 
2 582 580 
2 583 581 
2 584 582 
2 585 583 
2 586 584 
3 599 570 585 
3 600 588 573 
2 589 587 
2 590 588 
2 591 589 
2 592 590 
2 593 591 
2 594 592 
2 595 593 
2 596 594 
2 597 595 
2 598 596 
2 599 597 
3 618 586 598 
3 619 601 587 
2 602 600 
2 603 601 
2 604 602 
2 605 603 
2 606 604 
2 607 605 
2 608 606 
2 609 607 
2 610 608 
2 611 609 
2 612 610 
2 613 611 
2 614 612 
2 615 613 
2 616 614 
2 617 615 
2 618 616 
3 636 599 617 
3 637 620 600 
2 621 619 
2 622 620 
2 623 621 
2 624 622 
2 625 623 
2 626 624 
2 627 625 
2 628 626 
2 629 627 
2 630 628 
2 631 629 
2 632 630 
2 633 631 
2 634 632 
2 635 633 
2 636 634 
3 656 618 635 
3 657 638 619 
2 639 637 
2 640 638 
2 641 639 
2 642 640 
2 643 641 
2 644 642 
2 645 643 
2 646 644 
2 647 645 
2 648 646 
2 649 647 
2 650 648 
2 651 649 
2 652 650 
2 653 651 
2 654 652 
2 655 653 
2 656 654 
3 671 636 655 
3 675 658 637 
2 659 657 
2 660 658 
2 661 659 
2 662 660 
2 663 661 
2 664 662 
2 665 663 
2 666 664 
2 667 665 
2 668 666 
2 669 667 
2 670 668 
2 671 669 
3 672 656 670 
2 673 671 
3 689 572 672 
2 689 358 
3 690 676 657 
2 677 675 
2 678 676 
2 679 677 
2 680 678 
2 681 679 
2 682 680 
2 683 681 
2 684 682 
2 685 683 
2 686 684 
2 687 685 
2 688 686 
2 689 687 
5 707 674 488 673 688 
3 708 691 675 
2 692 690 
2 693 691 
2 694 692 
2 695 693 
2 696 694 
2 697 695 
2 698 696 
2 699 697 
2 700 698 
2 701 699 
2 702 700 
2 703 701 
2 704 702 
2 705 703 
2 706 704 
4 707 705 723 771 
3 853 689 706 
3 724 709 690 
2 710 708 
2 711 709 
2 712 710 
2 713 711 
2 714 712 
2 715 713 
2 716 714 
2 717 715 
2 718 716 
2 719 717 
2 720 718 
2 721 719 
2 722 720 
2 723 721 
3 706 722 737 
3 738 725 708 
2 726 724 
2 727 725 
2 728 726 
2 729 727 
2 730 728 
2 731 729 
2 732 730 
2 733 731 
2 734 732 
2 735 733 
2 736 734 
2 737 735 
3 754 723 736 
3 755 739 724 
2 740 738 
2 741 739 
2 742 740 
2 743 741 
2 744 742 
2 745 743 
2 746 744 
2 747 745 
2 748 746 
2 749 747 
2 750 748 
2 751 749 
2 752 750 
2 753 751 
2 754 752 
3 765 737 753 
3 772 756 738 
2 757 755 
2 758 756 
2 759 757 
2 760 758 
2 761 759 
2 762 760 
2 763 761 
2 764 762 
2 765 763 
3 766 754 764 
2 767 765 
2 768 766 
2 769 767 
2 770 768 
2 771 769 
3 801 706 770 
3 802 773 755 
2 774 772 
2 775 773 
2 776 774 
2 777 775 
2 778 776 
2 779 777 
2 780 778 
2 781 779 
2 782 780 
2 783 781 
2 784 782 
2 785 783 
2 786 784 
2 787 785 
2 788 786 
2 789 787 
2 790 788 
2 791 789 
2 792 790 
2 793 791 
2 794 792 
2 795 793 
2 796 794 
2 797 795 
2 798 796 
2 799 797 
2 800 798 
2 801 799 
3 814 771 800 
3 815 803 772 
2 804 802 
2 805 803 
2 806 804 
2 807 805 
2 808 806 
2 809 807 
2 810 808 
2 811 809 
2 812 810 
2 813 811 
2 814 812 
3 832 801 813 
3 998 816 802 
3 868 817 815 
3 833 818 816 
2 819 817 
2 820 818 
2 821 819 
2 822 820 
2 823 821 
2 824 822 
2 825 823 
2 826 824 
2 827 825 
2 828 826 
2 829 827 
2 830 828 
2 831 829 
2 832 830 
3 853 814 831 
3 854 834 817 
2 835 833 
2 836 834 
2 837 835 
2 838 836 
2 839 837 
2 840 838 
2 841 839 
2 842 840 
2 843 841 
2 844 842 
2 845 843 
2 846 844 
2 847 845 
2 848 846 
2 849 847 
2 850 848 
2 851 849 
2 852 850 
2 853 851 
4 867 707 832 852 
3 855 833 868 
2 856 854 
2 857 855 
2 858 856 
2 859 857 
2 860 858 
2 861 859 
2 862 860 
2 863 861 
2 864 862 
2 865 863 
2 866 864 
2 867 865 
3 886 853 866 
4 887 869 854 816 
2 870 868 
2 871 869 
2 872 870 
2 873 871 
2 874 872 
2 875 873 
2 876 874 
2 877 875 
2 878 876 
2 879 877 
2 880 878 
2 881 879 
2 882 880 
2 883 881 
2 884 882 
2 885 883 
2 886 884 
3 897 867 885 
3 898 888 868 
2 889 887 
2 890 888 
2 891 889 
2 892 890 
2 893 891 
2 894 892 
2 895 893 
2 896 894 
2 897 895 
3 907 886 896 
3 908 899 887 
2 900 898 
2 901 899 
2 902 900 
2 903 901 
2 904 902 
2 905 903 
2 906 904 
2 907 905 
3 926 897 906 
3 927 909 898 
2 910 908 
2 911 909 
2 912 910 
2 913 911 
2 914 912 
2 915 913 
2 916 914 
2 917 915 
2 918 916 
2 919 917 
2 920 918 
2 921 919 
2 922 920 
2 923 921 
2 924 922 
2 925 923 
2 926 924 
3 949 907 925 
3 950 928 908 
2 929 927 
2 930 928 
2 931 929 
2 932 930 
2 933 931 
2 934 932 
2 935 933 
2 936 934 
2 937 935 
2 938 936 
2 939 937 
2 940 938 
2 941 939 
2 942 940 
2 943 941 
2 944 942 
2 945 943 
2 946 944 
2 947 945 
2 948 946 
2 949 947 
3 966 926 948 
3 967 951 927 
2 952 950 
2 953 951 
2 954 952 
2 955 953 
2 956 954 
2 957 955 
2 958 956 
2 959 957 
2 960 958 
2 961 959 
2 962 960 
2 963 961 
2 964 962 
2 965 963 
2 966 964 
3 986 949 965 
3 968 950 987 
2 969 967 
2 970 968 
2 971 969 
2 972 970 
2 973 971 
2 974 972 
2 975 973 
2 976 974 
2 977 975 
2 978 976 
2 979 977 
2 980 978 
2 981 979 
2 982 980 
2 983 981 
2 984 982 
2 985 983 
2 986 984 
3 997 966 985 
3 988 967 998 
2 989 987 
2 990 988 
2 991 989 
2 992 990 
2 993 991 
2 994 992 
2 995 993 
2 996 994 
2 997 995 
5 986 996 1016 1039 1094 
4 1017 999 987 815 
2 1000 998 
2 1001 999 
2 1002 1000 
2 1003 1001 
2 1004 1002 
2 1005 1003 
2 1006 1004 
2 1007 1005 
2 1008 1006 
2 1009 1007 
2 1010 1008 
2 1011 1009 
2 1012 1010 
2 1013 1011 
2 1014 1012 
2 1015 1013 
2 1016 1014 
3 997 1015 1038 
3 1040 1018 998 
2 1019 1017 
2 1020 1018 
2 1021 1019 
2 1022 1020 
2 1023 1021 
2 1024 1022 
2 1025 1023 
2 1026 1024 
2 1027 1025 
2 1028 1026 
2 1029 1027 
2 1030 1028 
2 1031 1029 
2 1032 1030 
2 1033 1031 
2 1034 1032 
2 1035 1033 
2 1036 1034 
2 1037 1035 
2 1038 1036 
3 1016 1037 1051 
2 997 1078 
3 1052 1041 1017 
2 1042 1040 
2 1043 1041 
2 1044 1042 
2 1045 1043 
2 1046 1044 
2 1047 1045 
2 1048 1046 
2 1049 1047 
2 1050 1048 
2 1051 1049 
3 1078 1038 1050 
3 1079 1053 1040 
2 1054 1052 
2 1055 1053 
2 1056 1054 
2 1057 1055 
2 1058 1056 
2 1059 1057 
2 1060 1058 
2 1061 1059 
2 1062 1060 
2 1063 1061 
2 1064 1062 
2 1065 1063 
2 1066 1064 
2 1067 1065 
2 1068 1066 
2 1069 1067 
2 1070 1068 
2 1071 1069 
2 1072 1070 
2 1073 1071 
2 1074 1072 
2 1075 1073 
2 1076 1074 
2 1077 1075 
2 1078 1076 
4 1039 1051 1077 1093 
2 1080 1052 
2 1081 1079 
2 1082 1080 
2 1083 1081 
2 1084 1082 
2 1085 1083 
2 1086 1084 
2 1087 1085 
2 1088 1086 
2 1089 1087 
2 1090 1088 
2 1091 1089 
2 1092 1090 
2 1093 1091 
3 1094 1078 1092 
2 997 1093 
