262
0 5 0
1 6 0
2 7 0
3 8 0
4 9 0
5 10 0
6 11 0
7 13 0
8 14 0
9 15 0
10 5 1
11 11 1
12 13 1
13 14 1
14 15 1
15 23 1
16 24 1
17 25 1
18 26 1
19 27 1
20 28 1
21 29 1
22 5 2
23 6 2
24 7 2
25 8 2
26 9 2
27 11 2
28 16 2
29 17 2
30 18 2
31 19 2
32 20 2
33 21 2
34 22 2
35 29 2
36 2 3
37 3 3
38 4 3
39 10 3
40 11 3
41 16 3
42 17 3
43 23 3
44 24 3
45 25 3
46 26 3
47 27 3
48 28 3
49 29 3
50 2 4
51 4 4
52 10 4
53 11 4
54 18 4
55 19 4
56 20 4
57 21 4
58 22 4
59 2 5
60 4 5
61 10 5
62 11 5
63 16 5
64 17 5
65 2 6
66 3 6
67 4 6
68 10 6
69 11 6
70 10 7
71 11 7
72 0 8
73 1 8
74 5 8
75 6 8
76 10 8
77 11 8
78 15 8
79 16 8
80 17 8
81 22 8
82 23 8
83 28 8
84 29 8
85 0 9
86 1 9
87 8 9
88 9 9
89 10 9
90 11 9
91 15 9
92 17 9
93 22 9
94 23 9
95 28 9
96 0 10
97 15 10
98 17 10
99 22 10
100 23 10
101 28 10
102 15 11
103 16 11
104 17 11
105 22 11
106 23 11
107 28 11
108 3 12
109 4 12
110 5 12
111 6 12
112 7 12
113 8 12
114 9 12
115 12 12
116 13 12
117 14 12
118 18 12
119 19 12
120 20 12
121 21 12
122 22 12
123 23 12
124 28 12
125 3 13
126 4 13
127 10 13
128 11 13
129 14 13
130 18 13
131 19 13
132 28 13
133 3 14
134 4 14
135 10 14
136 11 14
137 12 14
138 13 14
139 14 14
140 16 14
141 17 14
142 18 14
143 19 14
144 28 14
145 3 15
146 4 15
147 15 15
148 27 15
149 29 15
150 30 15
151 3 16
152 4 16
153 8 16
154 15 16
155 27 16
156 28 16
157 29 16
158 30 16
159 3 17
160 4 17
161 8 17
162 15 17
163 24 17
164 25 17
165 26 17
166 3 18
167 5 18
168 8 18
169 24 18
170 26 18
171 3 19
172 5 19
173 8 19
174 23 19
175 26 19
176 3 20
177 4 20
178 5 20
179 8 20
180 9 20
181 10 20
182 11 20
183 14 20
184 15 20
185 24 20
186 26 20
187 24 21
188 25 21
189 24 22
190 25 22
191 2 23
192 9 23
193 10 23
194 12 23
195 13 23
196 22 23
197 23 23
198 2 24
199 5 24
200 9 24
201 10 24
202 12 24
203 14 24
204 15 24
205 16 24
206 24 24
207 25 24
208 26 24
209 27 24
210 28 24
211 29 24
212 2 25
213 5 25
214 9 25
215 10 25
216 12 25
217 16 25
218 24 25
219 25 25
220 29 25
221 1 26
222 2 26
223 5 26
224 9 26
225 10 26
226 12 26
227 13 26
228 14 26
229 15 26
230 16 26
231 26 26
232 27 26
233 28 26
234 29 26
235 1 27
236 2 27
237 5 27
238 9 27
239 10 27
240 12 27
241 30 27
242 1 28
243 2 28
244 5 28
245 9 28
246 10 28
247 12 28
248 30 28
249 0 29
250 2 29
251 5 29
252 9 29
253 10 29
254 12 29
255 0 30
256 1 30
257 2 30
258 5 30
259 9 30
260 10 30
261 12 30
3 1 10 36 
3 2 23 0 
3 3 24 1 
3 4 25 2 
3 5 26 3 
3 6 39 4 
3 7 11 5 
3 8 12 6 
5 9 15 14 13 7 
2 21 8 
3 22 38 0 
2 27 6 
3 116 115 7 
2 117 8 
3 28 78 8 
4 16 43 34 8 
3 17 44 15 
3 18 45 16 
3 19 46 17 
3 20 47 18 
3 21 48 19 
4 150 35 20 9 
2 74 10 
2 75 1 
2 112 2 
2 87 3 
2 88 4 
2 40 11 
3 29 41 14 
4 30 54 42 28 
2 31 29 
2 32 30 
2 33 31 
2 34 32 
3 58 33 15 
2 49 21 
4 37 50 72 0 
3 38 66 36 
3 51 37 10 
2 52 5 
2 53 27 
2 63 28 
2 64 29 
2 82 15 
2 163 16 
2 164 17 
2 165 18 
2 148 19 
2 83 20 
2 84 35 
2 59 36 
2 60 38 
2 61 39 
2 62 40 
4 55 119 118 29 
2 56 54 
2 57 55 
2 58 56 
3 81 57 34 
3 65 73 50 
2 67 51 
2 68 52 
2 69 53 
2 79 41 
2 80 42 
2 191 59 
2 108 37 
2 109 60 
2 70 61 
2 71 62 
2 76 68 
2 77 69 
2 85 36 
3 86 96 59 
2 110 22 
2 111 23 
2 89 70 
2 90 71 
2 91 14 
2 103 63 
2 92 64 
2 93 58 
2 94 43 
2 95 48 
2 149 49 
2 96 72 
2 221 73 
2 113 25 
2 114 26 
2 127 76 
2 128 77 
2 97 78 
2 98 80 
2 99 81 
2 100 82 
2 101 83 
3 249 85 73 
2 102 91 
2 104 92 
2 105 93 
2 106 94 
2 107 95 
2 147 97 
2 140 79 
2 141 98 
2 122 99 
2 123 100 
2 124 101 
2 125 66 
2 126 67 
2 167 74 
3 112 172 75 
3 179 111 24 
2 153 87 
2 180 88 
3 137 182 12 
2 138 12 
2 129 13 
2 130 54 
3 120 131 54 
2 121 119 
2 122 120 
3 123 121 105 
3 174 122 106 
2 132 107 
2 133 108 
2 134 109 
2 135 89 
2 136 90 
2 139 117 
2 142 118 
2 143 119 
2 144 124 
2 145 125 
2 146 126 
2 181 127 
2 182 128 
2 194 115 
2 195 116 
2 183 129 
3 141 205 103 
3 142 140 104 
3 143 141 130 
3 196 142 131 
2 156 132 
2 151 133 
2 152 134 
2 154 102 
2 155 47 
2 157 84 
2 158 21 
2 159 145 
2 160 146 
2 161 113 
2 162 147 
2 209 148 
2 210 144 
2 211 149 
2 241 150 
2 166 151 
2 177 152 
2 168 153 
2 184 154 
2 169 44 
2 188 45 
2 170 46 
2 171 159 
2 172 110 
2 173 161 
2 185 163 
2 175 165 
2 176 166 
3 178 167 111 
2 179 168 
2 197 123 
2 186 170 
3 177 236 171 
3 213 176 160 
2 199 172 
3 245 112 173 
2 192 114 
2 193 135 
3 260 136 115 
2 203 139 
2 204 162 
2 187 169 
2 208 175 
2 189 185 
2 190 164 
2 206 187 
2 207 188 
2 198 65 
2 200 180 
2 201 181 
2 202 137 
2 227 138 
3 197 217 143 
3 218 196 174 
2 212 191 
2 213 178 
2 214 192 
2 215 193 
2 216 194 
2 228 183 
2 229 184 
2 217 140 
2 218 189 
2 219 190 
2 231 186 
2 232 155 
2 233 156 
2 220 157 
2 222 198 
3 223 177 199 
2 224 200 
2 225 201 
2 226 202 
4 218 229 205 196 
4 219 217 197 206 
3 231 218 207 
2 234 211 
2 235 86 
2 236 212 
2 237 213 
2 238 214 
2 239 215 
2 240 216 
3 228 247 195 
3 229 227 203 
4 230 228 204 217 
2 231 229 
4 232 230 219 208 
3 233 231 209 
3 234 232 210 
3 241 233 220 
2 242 221 
3 243 222 176 
2 244 223 
2 245 224 
2 246 225 
2 247 226 
3 248 234 158 
2 256 235 
2 250 236 
2 251 237 
3 252 179 238 
2 253 239 
3 254 240 227 
2 261 241 
2 255 96 
2 257 243 
2 258 244 
2 259 245 
2 260 246 
2 261 247 
2 256 249 
3 257 255 242 
3 258 256 250 
3 259 257 251 
3 260 258 252 
4 261 259 253 182 
3 260 254 248 
