1260
0 0 0
1 0 1
2 0 2
3 0 3
4 0 4
5 0 5
6 0 6
7 0 7
8 0 8
9 0 9
10 0 10
11 0 26
12 0 27
13 0 28
14 0 29
15 0 30
16 0 31
17 0 46
18 0 47
19 0 48
20 1 0
21 1 1
22 1 11
23 1 12
24 1 17
25 1 22
26 1 23
27 1 24
28 1 25
29 1 31
30 1 46
31 1 48
32 1 51
33 1 52
34 1 53
35 1 54
36 1 55
37 1 56
38 1 57
39 1 58
40 1 59
41 1 60
42 1 61
43 2 0
44 2 1
45 2 17
46 2 22
47 2 26
48 2 27
49 2 31
50 2 46
51 2 48
52 2 55
53 2 62
54 2 63
55 2 64
56 3 0
57 3 1
58 3 18
59 3 19
60 3 22
61 3 23
62 3 24
63 3 25
64 3 28
65 3 29
66 3 30
67 3 31
68 3 46
69 3 48
70 3 55
71 3 56
72 3 57
73 3 58
74 3 59
75 3 60
76 3 61
77 3 62
78 3 63
79 3 64
80 4 0
81 4 1
82 4 5
83 4 6
84 4 17
85 4 18
86 4 19
87 4 26
88 4 27
89 4 46
90 4 47
91 4 49
92 4 50
93 5 2
94 5 25
95 5 28
96 5 29
97 5 30
98 5 31
99 5 32
100 5 46
101 5 47
102 5 49
103 5 50
104 5 53
105 5 54
106 6 2
107 6 13
108 6 14
109 6 15
110 6 16
111 6 22
112 6 23
113 6 24
114 6 25
115 6 28
116 6 32
117 6 33
118 6 34
119 6 35
120 6 36
121 6 37
122 6 46
123 6 47
124 6 54
125 7 2
126 7 13
127 7 16
128 7 19
129 7 20
130 7 25
131 7 32
132 7 37
133 7 46
134 7 47
135 7 54
136 8 2
137 8 13
138 8 14
139 8 15
140 8 19
141 8 20
142 8 21
143 8 22
144 8 23
145 8 24
146 8 32
147 8 38
148 8 39
149 8 40
150 8 41
151 8 42
152 8 43
153 8 44
154 8 48
155 8 49
156 8 50
157 8 54
158 9 0
159 9 1
160 9 4
161 9 5
162 9 6
163 9 7
164 9 8
165 9 9
166 9 22
167 9 24
168 9 32
169 9 44
170 9 48
171 9 49
172 9 50
173 9 54
174 10 0
175 10 3
176 10 4
177 10 5
178 10 8
179 10 9
180 10 16
181 10 17
182 10 18
183 10 22
184 10 24
185 10 31
186 10 44
187 10 47
188 10 51
189 10 52
190 10 53
191 10 54
192 11 1
193 11 5
194 11 11
195 11 12
196 11 14
197 11 15
198 11 19
199 11 20
200 11 21
201 11 24
202 11 31
203 11 44
204 11 46
205 11 48
206 11 49
207 11 50
208 11 55
209 11 56
210 11 57
211 11 58
212 12 1
213 12 6
214 12 10
215 12 12
216 12 14
217 12 15
218 12 19
219 12 24
220 12 27
221 12 28
222 12 31
223 12 37
224 12 38
225 12 39
226 12 40
227 12 41
228 12 44
229 12 46
230 12 50
231 12 56
232 12 57
233 12 58
234 12 62
235 12 63
236 12 64
237 13 1
238 13 6
239 13 10
240 13 12
241 13 14
242 13 15
243 13 19
244 13 24
245 13 27
246 13 28
247 13 31
248 13 36
249 13 42
250 13 44
251 13 46
252 13 50
253 13 59
254 13 60
255 13 61
256 13 63
257 13 64
258 14 1
259 14 6
260 14 10
261 14 12
262 14 14
263 14 15
264 14 19
265 14 20
266 14 24
267 14 27
268 14 28
269 14 31
270 14 34
271 14 35
272 14 36
273 14 42
274 14 43
275 14 44
276 14 46
277 14 50
278 14 59
279 14 60
280 15 1
281 15 11
282 15 12
283 15 16
284 15 19
285 15 21
286 15 22
287 15 23
288 15 24
289 15 27
290 15 28
291 15 31
292 15 32
293 15 33
294 15 40
295 15 41
296 15 44
297 15 46
298 15 47
299 15 48
300 15 49
301 15 50
302 15 59
303 15 60
304 16 1
305 16 11
306 16 12
307 16 14
308 16 15
309 16 27
310 16 28
311 16 33
312 16 34
313 16 42
314 16 43
315 16 50
316 16 59
317 16 60
318 17 1
319 17 7
320 17 8
321 17 9
322 17 10
323 17 14
324 17 15
325 17 27
326 17 28
327 17 33
328 17 34
329 17 42
330 17 43
331 17 50
332 17 59
333 17 60
334 18 1
335 18 7
336 18 8
337 18 9
338 18 10
339 18 14
340 18 15
341 18 27
342 18 28
343 18 33
344 18 37
345 18 42
346 18 43
347 18 46
348 18 47
349 18 48
350 18 49
351 18 51
352 18 52
353 18 53
354 18 54
355 18 59
356 18 60
357 19 14
358 19 15
359 19 26
360 19 33
361 19 37
362 19 42
363 19 43
364 19 50
365 19 59
366 19 60
367 19 61
368 20 0
369 20 1
370 20 14
371 20 15
372 20 26
373 20 33
374 20 38
375 20 39
376 20 44
377 20 45
378 20 51
379 20 52
380 20 53
381 20 54
382 20 55
383 20 62
384 21 0
385 21 1
386 21 7
387 21 8
388 21 9
389 21 14
390 21 15
391 21 20
392 21 24
393 21 25
394 21 26
395 21 33
396 21 38
397 21 39
398 21 44
399 21 45
400 21 51
401 21 52
402 21 53
403 21 54
404 21 55
405 21 62
406 22 0
407 22 1
408 22 6
409 22 10
410 22 11
411 22 12
412 22 13
413 22 16
414 22 17
415 22 18
416 22 19
417 22 21
418 22 22
419 22 23
420 22 25
421 22 26
422 22 33
423 22 38
424 22 39
425 22 43
426 22 49
427 22 50
428 22 55
429 22 63
430 23 0
431 23 3
432 23 7
433 23 8
434 23 9
435 23 13
436 23 20
437 23 24
438 23 26
439 23 38
440 23 39
441 23 42
442 23 46
443 23 52
444 23 53
445 23 54
446 23 59
447 23 60
448 23 61
449 23 62
450 23 63
451 24 0
452 24 3
453 24 7
454 24 12
455 24 13
456 24 20
457 24 24
458 24 26
459 24 38
460 24 39
461 24 42
462 24 46
463 24 57
464 24 62
465 24 63
466 25 0
467 25 3
468 25 7
469 25 11
470 25 20
471 25 24
472 25 26
473 25 30
474 25 33
475 25 38
476 25 39
477 25 42
478 25 46
479 25 56
480 25 58
481 26 0
482 26 7
483 26 11
484 26 20
485 26 24
486 26 26
487 26 30
488 26 33
489 26 38
490 26 39
491 26 42
492 26 46
493 26 56
494 26 58
495 26 59
496 26 60
497 27 0
498 27 7
499 27 11
500 27 20
501 27 24
502 27 26
503 27 30
504 27 35
505 27 36
506 27 37
507 27 40
508 27 41
509 27 43
510 27 47
511 27 48
512 27 57
513 27 58
514 27 59
515 27 60
516 27 62
517 27 63
518 27 64
519 28 0
520 28 7
521 28 8
522 28 9
523 28 10
524 28 11
525 28 16
526 28 17
527 28 18
528 28 19
529 28 24
530 28 25
531 28 26
532 28 32
533 28 34
534 28 40
535 28 41
536 28 43
537 28 47
538 28 48
539 28 62
540 28 64
541 29 0
542 29 7
543 29 12
544 29 13
545 29 15
546 29 32
547 29 35
548 29 36
549 29 37
550 29 40
551 29 41
552 29 47
553 29 48
554 29 62
555 29 64
556 30 0
557 30 7
558 30 8
559 30 9
560 30 10
561 30 11
562 30 16
563 30 17
564 30 18
565 30 19
566 30 20
567 30 24
568 30 25
569 30 26
570 30 27
571 30 38
572 30 39
573 30 44
574 30 47
575 30 48
576 30 51
577 30 62
578 30 64
579 31 7
580 31 10
581 31 14
582 31 24
583 31 27
584 31 35
585 31 36
586 31 37
587 31 39
588 31 43
589 31 45
590 31 47
591 31 48
592 31 51
593 31 62
594 31 64
595 32 7
596 32 10
597 32 14
598 32 24
599 32 25
600 32 26
601 32 27
602 32 32
603 32 33
604 32 34
605 32 35
606 32 39
607 32 45
608 32 47
609 32 48
610 32 62
611 32 64
612 33 1
613 33 7
614 33 8
615 33 9
616 33 10
617 33 14
618 33 30
619 33 31
620 33 36
621 33 37
622 33 38
623 33 39
624 33 45
625 33 47
626 33 48
627 33 62
628 33 64
629 34 3
630 34 4
631 34 5
632 34 14
633 34 30
634 34 32
635 34 33
636 34 34
637 34 35
638 34 41
639 34 42
640 34 43
641 34 44
642 34 47
643 34 48
644 34 62
645 34 64
646 35 1
647 35 4
648 35 5
649 35 14
650 35 16
651 35 17
652 35 18
653 35 19
654 35 20
655 35 30
656 35 33
657 35 34
658 35 41
659 35 44
660 35 46
661 35 49
662 35 50
663 35 51
664 35 62
665 35 64
666 36 2
667 36 14
668 36 30
669 36 31
670 36 32
671 36 41
672 36 43
673 36 44
674 36 46
675 36 47
676 36 48
677 36 49
678 36 50
679 36 51
680 36 60
681 36 62
682 36 64
683 37 3
684 37 6
685 37 7
686 37 8
687 37 9
688 37 10
689 37 14
690 37 41
691 37 42
692 37 60
693 37 62
694 37 64
695 38 0
696 38 1
697 38 2
698 38 14
699 38 41
700 38 43
701 38 44
702 38 60
703 38 62
704 38 64
705 39 0
706 39 2
707 39 4
708 39 14
709 39 41
710 39 43
711 39 44
712 39 60
713 39 62
714 39 64
715 40 0
716 40 2
717 40 4
718 40 14
719 40 18
720 40 19
721 40 20
722 40 33
723 40 35
724 40 37
725 40 38
726 40 39
727 40 42
728 40 45
729 40 46
730 40 47
731 40 48
732 40 49
733 40 50
734 40 51
735 40 52
736 40 53
737 40 54
738 40 55
739 40 56
740 40 57
741 40 60
742 40 62
743 40 64
744 41 0
745 41 2
746 41 7
747 41 14
748 41 18
749 41 20
750 41 33
751 41 35
752 41 37
753 41 38
754 41 42
755 41 45
756 41 49
757 41 56
758 41 57
759 41 58
760 41 59
761 41 60
762 41 62
763 41 64
764 42 0
765 42 2
766 42 7
767 42 14
768 42 17
769 42 18
770 42 19
771 42 20
772 42 37
773 42 38
774 42 42
775 42 45
776 42 49
777 42 59
778 42 60
779 42 62
780 42 64
781 43 0
782 43 2
783 43 7
784 43 11
785 43 12
786 43 13
787 43 30
788 43 34
789 43 36
790 43 42
791 43 45
792 43 46
793 43 47
794 43 48
795 43 49
796 43 59
797 43 60
798 43 62
799 43 63
800 44 0
801 44 2
802 44 6
803 44 8
804 44 9
805 44 10
806 44 14
807 44 15
808 44 16
809 44 18
810 44 19
811 44 20
812 44 24
813 44 30
814 44 34
815 44 36
816 44 41
817 44 43
818 44 44
819 44 50
820 44 51
821 44 52
822 44 59
823 44 60
824 44 62
825 44 63
826 45 0
827 45 2
828 45 7
829 45 10
830 45 11
831 45 12
832 45 13
833 45 14
834 45 15
835 45 16
836 45 18
837 45 19
838 45 20
839 45 24
840 45 26
841 45 31
842 45 32
843 45 33
844 45 34
845 45 36
846 45 41
847 45 43
848 45 44
849 45 50
850 45 51
851 45 60
852 45 62
853 45 63
854 46 0
855 46 2
856 46 9
857 46 17
858 46 23
859 46 26
860 46 30
861 46 34
862 46 36
863 46 41
864 46 43
865 46 44
866 46 50
867 46 51
868 46 57
869 46 58
870 46 60
871 46 62
872 46 63
873 47 0
874 47 2
875 47 9
876 47 16
877 47 18
878 47 19
879 47 20
880 47 23
881 47 26
882 47 30
883 47 34
884 47 41
885 47 43
886 47 44
887 47 49
888 47 55
889 47 57
890 47 58
891 47 60
892 47 62
893 47 63
894 48 0
895 48 2
896 48 9
897 48 10
898 48 11
899 48 18
900 48 20
901 48 23
902 48 26
903 48 30
904 48 34
905 48 39
906 48 40
907 48 41
908 48 43
909 48 45
910 48 46
911 48 47
912 48 48
913 48 55
914 48 57
915 48 58
916 48 60
917 48 62
918 48 63
919 49 0
920 49 2
921 49 9
922 49 10
923 49 11
924 49 18
925 49 19
926 49 20
927 49 23
928 49 27
929 49 28
930 49 30
931 49 31
932 49 32
933 49 33
934 49 34
935 49 39
936 49 43
937 49 44
938 49 45
939 49 46
940 49 47
941 49 57
942 49 58
943 49 60
944 50 0
945 50 3
946 50 6
947 50 7
948 50 8
949 50 12
950 50 13
951 50 14
952 50 15
953 50 29
954 50 37
955 50 38
956 50 49
957 50 50
958 50 57
959 50 58
960 50 60
961 51 0
962 51 3
963 51 6
964 51 8
965 51 12
966 51 15
967 51 29
968 51 37
969 51 38
970 51 49
971 51 50
972 51 57
973 51 58
974 51 61
975 51 63
976 52 0
977 52 3
978 52 6
979 52 7
980 52 8
981 52 12
982 52 14
983 52 27
984 52 28
985 52 30
986 52 31
987 52 32
988 52 33
989 52 34
990 52 35
991 52 37
992 52 44
993 52 45
994 52 46
995 52 47
996 52 48
997 52 51
998 52 52
999 52 53
1000 52 57
1001 52 58
1002 52 61
1003 52 64
1004 53 0
1005 53 1
1006 53 2
1007 53 4
1008 53 5
1009 53 12
1010 53 13
1011 53 14
1012 53 16
1013 53 17
1014 53 18
1015 53 19
1016 53 20
1017 53 21
1018 53 22
1019 53 23
1020 53 27
1021 53 28
1022 53 30
1023 53 33
1024 53 34
1025 53 35
1026 53 37
1027 53 44
1028 53 45
1029 53 46
1030 53 47
1031 53 48
1032 53 49
1033 53 50
1034 53 51
1035 53 53
1036 53 57
1037 53 58
1038 53 61
1039 53 64
1040 54 0
1041 54 3
1042 54 6
1043 54 7
1044 54 8
1045 54 9
1046 54 10
1047 54 11
1048 54 16
1049 54 23
1050 54 27
1051 54 30
1052 54 32
1053 54 37
1054 54 52
1055 54 53
1056 54 57
1057 54 58
1058 54 60
1059 54 61
1060 54 64
1061 55 0
1062 55 16
1063 55 23
1064 55 27
1065 55 30
1066 55 32
1067 55 37
1068 55 43
1069 55 44
1070 55 45
1071 55 46
1072 55 47
1073 55 48
1074 55 49
1075 55 54
1076 55 55
1077 55 56
1078 55 59
1079 55 60
1080 55 61
1081 55 64
1082 56 0
1083 56 16
1084 56 22
1085 56 24
1086 56 25
1087 56 26
1088 56 31
1089 56 33
1090 56 34
1091 56 35
1092 56 43
1093 56 44
1094 56 45
1095 56 46
1096 56 47
1097 56 48
1098 56 62
1099 56 63
1100 56 64
1101 57 1
1102 57 2
1103 57 6
1104 57 7
1105 57 8
1106 57 9
1107 57 10
1108 57 11
1109 57 16
1110 57 19
1111 57 20
1112 57 21
1113 57 22
1114 57 24
1115 57 25
1116 57 26
1117 57 29
1118 57 30
1119 57 31
1120 57 32
1121 57 33
1122 57 34
1123 57 35
1124 57 55
1125 57 56
1126 58 3
1127 58 4
1128 58 5
1129 58 9
1130 58 11
1131 58 16
1132 58 18
1133 58 23
1134 58 27
1135 58 28
1136 58 55
1137 59 3
1138 59 6
1139 59 7
1140 59 8
1141 59 10
1142 59 11
1143 59 16
1144 59 17
1145 59 23
1146 59 24
1147 59 25
1148 59 26
1149 59 29
1150 59 39
1151 59 40
1152 59 41
1153 59 55
1154 59 62
1155 60 3
1156 60 4
1157 60 5
1158 60 6
1159 60 8
1160 60 10
1161 60 11
1162 60 16
1163 60 17
1164 60 23
1165 60 30
1166 60 31
1167 60 32
1168 60 33
1169 60 39
1170 60 41
1171 60 55
1172 60 56
1173 60 57
1174 60 58
1175 60 59
1176 60 60
1177 60 61
1178 60 62
1179 61 7
1180 61 8
1181 61 10
1182 61 11
1183 61 13
1184 61 14
1185 61 15
1186 61 20
1187 61 21
1188 61 22
1189 61 33
1190 61 39
1191 61 41
1192 61 54
1193 61 62
1194 62 8
1195 62 10
1196 62 12
1197 62 13
1198 62 15
1199 62 20
1200 62 21
1201 62 22
1202 62 23
1203 62 24
1204 62 33
1205 62 39
1206 62 41
1207 62 45
1208 62 46
1209 62 47
1210 62 48
1211 62 49
1212 62 50
1213 62 51
1214 62 52
1215 62 53
1216 62 62
1217 63 8
1218 63 10
1219 63 11
1220 63 14
1221 63 15
1222 63 25
1223 63 26
1224 63 27
1225 63 28
1226 63 29
1227 63 30
1228 63 31
1229 63 32
1230 63 33
1231 63 38
1232 63 39
1233 63 40
1234 63 41
1235 63 45
1236 63 61
1237 63 62
1238 64 8
1239 64 10
1240 64 11
1241 64 34
1242 64 35
1243 64 42
1244 64 45
1245 64 46
1246 64 47
1247 64 48
1248 64 49
1249 64 50
1250 64 51
1251 64 52
1252 64 53
1253 64 54
1254 64 55
1255 64 56
1256 64 57
1257 64 58
1258 64 59
1259 64 60
2 20 1 
2 2 0 
2 3 1 
2 4 2 
2 5 3 
2 6 4 
2 7 5 
2 8 6 
2 9 7 
2 10 8 
2 11 9 
2 12 10 
2 13 11 
2 14 12 
2 15 13 
2 16 14 
2 17 15 
2 18 16 
2 19 17 
2 42 18 
3 43 21 0 
2 22 20 
2 23 21 
2 24 22 
2 25 23 
2 26 24 
2 27 25 
2 28 26 
2 29 27 
2 30 28 
2 31 29 
2 32 30 
2 33 31 
2 34 32 
2 35 33 
2 36 34 
2 37 35 
2 38 36 
2 39 37 
2 40 38 
2 41 39 
2 42 40 
3 55 19 41 
3 56 44 20 
2 45 43 
2 46 44 
2 47 45 
2 48 46 
2 49 47 
2 50 48 
2 51 49 
2 52 50 
2 53 51 
2 54 52 
2 55 53 
4 79 42 54 78 
3 80 57 43 
2 58 56 
2 59 57 
2 60 58 
2 61 59 
2 62 60 
2 63 61 
2 64 62 
2 65 63 
2 66 64 
2 67 65 
2 68 66 
2 69 67 
2 70 68 
2 71 69 
2 72 70 
2 73 71 
4 74 72 92 105 
2 75 73 
2 76 74 
2 77 75 
2 78 76 
3 235 55 77 
2 236 55 
4 158 93 81 56 
2 82 80 
2 83 81 
2 84 82 
2 85 83 
2 86 84 
2 87 85 
2 88 86 
2 89 87 
2 90 88 
2 91 89 
2 92 90 
3 73 91 101 
3 106 94 80 
2 95 93 
2 96 94 
2 97 95 
2 98 96 
2 99 97 
2 100 98 
2 101 99 
3 102 92 100 
2 103 101 
2 104 102 
2 105 103 
3 124 73 104 
3 125 107 93 
2 108 106 
2 109 107 
2 110 108 
2 111 109 
2 112 110 
2 113 111 
2 114 112 
2 115 113 
2 116 114 
2 117 115 
2 118 116 
2 119 117 
2 120 118 
2 121 119 
2 122 120 
2 123 121 
2 124 122 
3 135 105 123 
3 136 126 106 
2 127 125 
2 128 126 
2 129 127 
2 130 128 
2 131 129 
2 132 130 
2 133 131 
2 134 132 
2 135 133 
3 157 124 134 
3 137 125 159 
2 138 136 
2 139 137 
2 140 138 
2 141 139 
2 142 140 
2 143 141 
2 144 142 
2 145 143 
2 146 144 
2 147 145 
2 148 146 
2 149 147 
2 150 148 
2 151 149 
2 152 150 
2 153 151 
2 154 152 
2 155 153 
2 156 154 
2 157 155 
3 173 135 156 
2 174 80 
3 160 136 174 
2 161 159 
2 162 160 
2 163 161 
2 164 162 
2 165 163 
2 166 164 
2 167 165 
2 168 166 
2 169 167 
2 170 168 
2 171 169 
2 172 170 
2 173 171 
3 191 157 172 
5 368 192 175 159 158 
2 176 174 
2 177 175 
2 178 176 
2 179 177 
2 180 178 
2 181 179 
2 182 180 
2 183 181 
2 184 182 
2 185 183 
2 186 184 
2 187 185 
2 188 186 
2 189 187 
2 190 188 
2 191 189 
3 211 173 190 
3 212 193 174 
2 194 192 
2 195 193 
2 196 194 
2 197 195 
2 198 196 
2 199 197 
2 200 198 
2 201 199 
2 202 200 
2 203 201 
2 204 202 
2 205 203 
2 206 204 
2 207 205 
2 208 206 
2 209 207 
2 210 208 
2 211 209 
3 234 191 210 
3 237 213 192 
2 214 212 
2 215 213 
2 216 214 
2 217 215 
2 218 216 
2 219 217 
2 220 218 
2 221 219 
2 222 220 
2 223 221 
2 224 222 
2 225 223 
2 226 224 
2 227 225 
2 228 226 
2 229 227 
2 230 228 
2 231 229 
2 232 230 
2 233 231 
2 234 232 
3 235 211 233 
3 256 78 234 
2 257 79 
3 258 238 212 
2 239 237 
2 240 238 
2 241 239 
2 242 240 
2 243 241 
2 244 242 
2 245 243 
2 246 244 
2 247 245 
2 248 246 
2 249 247 
2 250 248 
2 251 249 
2 252 250 
2 253 251 
2 254 252 
2 255 253 
3 256 254 279 
4 429 235 255 383 
2 518 236 
3 280 259 237 
2 260 258 
2 261 259 
2 262 260 
2 263 261 
2 264 262 
2 265 263 
2 266 264 
2 267 265 
2 268 266 
2 269 267 
2 270 268 
2 271 269 
2 272 270 
2 273 271 
2 274 272 
2 275 273 
2 276 274 
2 277 275 
2 278 276 
2 279 277 
3 303 255 278 
3 304 281 258 
2 282 280 
2 283 281 
2 284 282 
2 285 283 
2 286 284 
2 287 285 
2 288 286 
2 289 287 
2 290 288 
2 291 289 
2 292 290 
2 293 291 
2 294 292 
2 295 293 
2 296 294 
2 297 295 
2 298 296 
2 299 297 
2 300 298 
2 301 299 
2 302 300 
2 303 301 
3 317 279 302 
3 318 305 280 
2 306 304 
2 307 305 
2 308 306 
2 309 307 
2 310 308 
2 311 309 
2 312 310 
2 313 311 
2 314 312 
2 315 313 
2 316 314 
2 317 315 
3 333 303 316 
3 334 319 304 
2 320 318 
2 321 319 
2 322 320 
2 323 321 
2 324 322 
2 325 323 
2 326 324 
2 327 325 
2 328 326 
2 329 327 
2 330 328 
2 331 329 
2 332 330 
2 333 331 
3 356 317 332 
3 369 335 318 
2 336 334 
2 337 335 
3 357 338 336 
2 339 337 
2 340 338 
2 341 339 
2 342 340 
2 343 341 
2 344 342 
2 345 343 
2 346 344 
2 347 345 
2 348 346 
2 349 347 
2 350 348 
2 351 349 
2 352 350 
2 353 351 
2 354 352 
2 355 353 
2 356 354 
3 367 333 355 
3 370 358 337 
2 359 357 
2 360 358 
2 361 359 
2 362 360 
2 363 361 
2 364 362 
2 365 363 
2 366 364 
2 367 365 
3 383 356 366 
2 384 174 
2 385 334 
3 371 357 386 
2 372 370 
2 373 371 
2 374 372 
2 375 373 
2 376 374 
2 377 375 
2 378 376 
2 379 377 
2 380 378 
2 381 379 
2 382 380 
2 383 381 
4 405 256 367 382 
2 406 368 
3 407 386 369 
3 387 370 385 
2 388 386 
2 389 387 
2 390 388 
2 391 389 
2 392 390 
2 393 391 
2 394 392 
2 395 393 
2 396 394 
2 397 395 
2 398 396 
2 399 397 
2 400 398 
2 401 399 
2 402 400 
2 403 401 
2 404 402 
2 405 403 
3 429 383 404 
2 430 384 
4 612 431 408 385 
2 409 407 
2 410 408 
2 411 409 
2 412 410 
2 413 411 
2 414 412 
2 415 413 
2 416 414 
2 417 415 
2 418 416 
2 419 417 
2 420 418 
2 421 419 
2 422 420 
2 423 421 
2 424 422 
2 425 423 
2 426 424 
2 427 425 
2 428 426 
2 429 427 
4 450 256 405 428 
2 451 406 
3 452 432 407 
3 453 433 431 
2 434 432 
2 435 433 
2 436 434 
2 437 435 
2 438 436 
2 439 437 
2 440 438 
2 441 439 
2 442 440 
2 443 441 
2 444 442 
2 445 443 
2 446 444 
2 447 445 
2 448 446 
2 449 447 
2 450 448 
3 465 429 449 
2 466 430 
2 467 431 
3 468 454 432 
2 455 453 
2 456 454 
2 457 455 
2 458 456 
2 459 457 
2 460 458 
2 461 459 
2 462 460 
2 463 461 
3 480 464 462 
2 465 463 
3 517 450 464 
2 481 451 
2 629 452 
3 482 469 453 
2 470 468 
2 471 469 
2 472 470 
2 473 471 
2 474 472 
2 475 473 
2 476 474 
2 477 475 
2 478 476 
2 479 477 
2 480 478 
3 496 463 479 
2 497 466 
3 498 483 468 
2 484 482 
2 485 483 
2 486 484 
2 487 485 
2 488 486 
2 489 487 
2 490 488 
2 491 489 
2 492 490 
2 493 491 
2 494 492 
2 495 493 
2 496 494 
3 517 480 495 
2 519 481 
3 520 499 482 
2 500 498 
2 501 499 
2 502 500 
2 503 501 
2 504 502 
2 505 503 
2 506 504 
2 507 505 
2 508 506 
2 509 507 
2 510 508 
2 511 509 
2 512 510 
2 513 511 
2 514 512 
2 515 513 
2 516 514 
2 517 515 
4 540 465 496 516 
2 540 257 
2 541 497 
3 542 521 498 
2 522 520 
2 523 521 
2 524 522 
2 525 523 
2 526 524 
2 527 525 
2 528 526 
2 529 527 
2 530 528 
2 531 529 
2 532 530 
2 533 531 
2 534 532 
2 535 533 
2 536 534 
2 537 535 
2 538 536 
2 539 537 
2 540 538 
4 555 518 517 539 
2 556 519 
3 557 543 520 
2 544 542 
2 545 543 
2 546 544 
2 547 545 
2 548 546 
2 549 547 
2 550 548 
2 551 549 
2 552 550 
2 553 551 
2 554 552 
2 555 553 
3 578 540 554 
2 695 541 
3 579 558 542 
2 559 557 
2 560 558 
2 561 559 
2 562 560 
2 563 561 
2 564 562 
2 565 563 
2 566 564 
2 567 565 
2 568 566 
2 569 567 
2 570 568 
2 571 569 
2 572 570 
2 573 571 
2 574 572 
2 575 573 
2 576 574 
2 577 575 
2 578 576 
3 594 555 577 
3 595 580 557 
2 581 579 
2 582 580 
2 583 581 
2 584 582 
2 585 583 
2 586 584 
2 587 585 
2 588 586 
2 589 587 
2 590 588 
2 591 589 
2 592 590 
2 593 591 
2 594 592 
3 611 578 593 
3 613 596 579 
2 597 595 
2 598 596 
2 599 597 
2 600 598 
2 601 599 
2 602 600 
2 603 601 
2 604 602 
2 605 603 
2 606 604 
2 607 605 
2 608 606 
2 609 607 
2 610 608 
2 611 609 
3 628 594 610 
2 646 407 
3 614 595 629 
2 615 613 
2 616 614 
2 617 615 
2 618 616 
2 619 617 
2 620 618 
2 621 619 
2 622 620 
2 623 621 
2 624 622 
2 625 623 
2 626 624 
2 627 625 
2 628 626 
3 645 611 627 
4 630 613 467 646 
2 631 629 
2 632 630 
2 633 631 
2 634 632 
2 635 633 
2 636 634 
2 637 635 
2 638 636 
2 639 637 
2 640 638 
2 641 639 
2 642 640 
2 643 641 
2 644 642 
2 645 643 
3 665 628 644 
5 696 666 647 629 612 
2 648 646 
2 649 647 
2 650 648 
2 651 649 
2 652 650 
2 653 651 
2 654 652 
2 655 653 
2 656 654 
2 657 655 
2 658 656 
2 659 657 
2 660 658 
2 661 659 
2 662 660 
2 663 661 
2 664 662 
2 665 663 
3 682 645 664 
3 683 667 646 
2 668 666 
2 669 667 
2 670 668 
2 671 669 
2 672 670 
2 673 671 
2 674 672 
2 675 673 
2 676 674 
2 677 675 
2 678 676 
2 679 677 
2 680 678 
2 681 679 
2 682 680 
3 694 665 681 
3 684 666 696 
2 685 683 
2 686 684 
2 687 685 
2 688 686 
2 689 687 
2 690 688 
2 691 689 
2 692 690 
2 693 691 
2 694 692 
3 704 682 693 
3 705 696 556 
4 697 683 646 695 
2 698 696 
2 699 697 
2 700 698 
2 701 699 
2 702 700 
2 703 701 
2 704 702 
3 714 694 703 
3 715 706 695 
2 707 705 
2 708 706 
2 709 707 
2 710 708 
2 711 709 
2 712 710 
2 713 711 
2 714 712 
3 743 704 713 
3 744 716 705 
2 717 715 
2 718 716 
2 719 717 
2 720 718 
2 721 719 
2 722 720 
2 723 721 
2 724 722 
2 725 723 
2 726 724 
2 727 725 
2 728 726 
2 729 727 
2 730 728 
2 731 729 
2 732 730 
2 733 731 
2 734 732 
2 735 733 
2 736 734 
2 737 735 
2 738 736 
2 739 737 
2 740 738 
2 741 739 
2 742 740 
2 743 741 
3 763 714 742 
3 764 745 715 
2 746 744 
2 747 745 
2 748 746 
2 749 747 
2 750 748 
2 751 749 
2 752 750 
2 753 751 
2 754 752 
2 755 753 
2 756 754 
2 757 755 
2 758 756 
2 759 757 
2 760 758 
2 761 759 
2 762 760 
2 763 761 
3 780 743 762 
3 781 765 744 
2 766 764 
2 767 765 
2 768 766 
2 769 767 
2 770 768 
2 771 769 
2 772 770 
2 773 771 
2 774 772 
2 775 773 
2 776 774 
2 777 775 
2 778 776 
2 779 777 
2 780 778 
4 1003 763 779 799 
3 800 782 764 
2 783 781 
2 784 782 
2 785 783 
2 786 784 
2 787 785 
2 788 786 
2 789 787 
2 790 788 
2 791 789 
2 792 790 
2 793 791 
2 794 792 
2 795 793 
2 796 794 
2 797 795 
2 798 796 
2 799 797 
3 825 780 798 
3 826 801 781 
2 802 800 
2 803 801 
2 804 802 
2 805 803 
2 806 804 
2 807 805 
2 808 806 
2 809 807 
2 810 808 
2 811 809 
2 812 810 
2 813 811 
2 814 812 
2 815 813 
2 816 814 
2 817 815 
2 818 816 
2 819 817 
2 820 818 
2 821 819 
2 822 820 
2 823 821 
2 824 822 
2 825 823 
3 853 799 824 
3 854 827 800 
2 828 826 
2 829 827 
2 830 828 
2 831 829 
2 832 830 
2 833 831 
2 834 832 
2 835 833 
2 836 834 
2 837 835 
2 838 836 
2 839 837 
2 840 838 
2 841 839 
2 842 840 
2 843 841 
2 844 842 
2 845 843 
2 846 844 
2 847 845 
2 848 846 
2 849 847 
2 850 848 
2 851 849 
2 852 850 
2 853 851 
3 872 825 852 
3 873 855 826 
2 856 854 
2 857 855 
2 858 856 
2 859 857 
2 860 858 
2 861 859 
2 862 860 
2 863 861 
2 864 862 
2 865 863 
2 866 864 
2 867 865 
2 868 866 
2 869 867 
2 870 868 
2 871 869 
2 872 870 
3 893 853 871 
3 894 874 854 
2 875 873 
2 876 874 
2 877 875 
2 878 876 
2 879 877 
2 880 878 
2 881 879 
2 882 880 
2 883 881 
2 884 882 
2 885 883 
2 886 884 
2 887 885 
2 888 886 
2 889 887 
2 890 888 
2 891 889 
2 892 890 
2 893 891 
3 918 872 892 
3 919 895 873 
2 896 894 
2 897 895 
2 898 896 
2 899 897 
2 900 898 
2 901 899 
2 902 900 
2 903 901 
2 904 902 
2 905 903 
2 906 904 
2 907 905 
2 908 906 
2 909 907 
2 910 908 
2 911 909 
2 912 910 
2 913 911 
2 914 912 
2 915 913 
2 916 914 
3 943 917 915 
2 918 916 
3 975 893 917 
3 944 920 894 
2 921 919 
2 922 920 
2 923 921 
2 924 922 
2 925 923 
2 926 924 
2 927 925 
2 928 926 
2 929 927 
2 930 928 
2 931 929 
2 932 930 
2 933 931 
2 934 932 
2 935 933 
2 936 934 
2 937 935 
2 938 936 
2 939 937 
2 940 938 
2 941 939 
2 942 940 
2 943 941 
3 960 916 942 
3 961 945 919 
2 946 944 
2 947 945 
2 948 946 
2 949 947 
2 950 948 
2 951 949 
2 952 950 
2 953 951 
2 954 952 
2 955 953 
2 956 954 
2 957 955 
2 958 956 
2 959 957 
2 960 958 
3 975 943 959 
3 976 962 944 
2 963 961 
2 964 962 
2 965 963 
2 966 964 
2 967 965 
2 968 966 
2 969 967 
2 970 968 
2 971 969 
2 972 970 
2 973 971 
2 974 972 
2 975 973 
4 1003 918 960 974 
3 1004 977 961 
2 978 976 
2 979 977 
2 980 978 
2 981 979 
2 982 980 
2 983 981 
2 984 982 
2 985 983 
2 986 984 
2 987 985 
2 988 986 
2 989 987 
2 990 988 
2 991 989 
2 992 990 
2 993 991 
2 994 992 
2 995 993 
2 996 994 
2 997 995 
2 998 996 
2 999 997 
2 1000 998 
2 1001 999 
2 1002 1000 
2 1003 1001 
4 1039 780 975 1002 
3 1040 1005 976 
2 1006 1004 
2 1007 1005 
2 1008 1006 
2 1009 1007 
2 1010 1008 
2 1011 1009 
2 1012 1010 
2 1013 1011 
2 1014 1012 
2 1015 1013 
2 1016 1014 
2 1017 1015 
2 1018 1016 
2 1019 1017 
2 1020 1018 
2 1021 1019 
2 1022 1020 
2 1023 1021 
2 1024 1022 
2 1025 1023 
2 1026 1024 
2 1027 1025 
2 1028 1026 
2 1029 1027 
2 1030 1028 
2 1031 1029 
2 1032 1030 
2 1033 1031 
2 1034 1032 
2 1035 1033 
2 1036 1034 
2 1037 1035 
2 1038 1036 
2 1039 1037 
3 1060 1003 1038 
3 1061 1041 1004 
2 1042 1040 
2 1043 1041 
2 1044 1042 
2 1045 1043 
2 1046 1044 
2 1047 1045 
2 1048 1046 
2 1049 1047 
2 1050 1048 
2 1051 1049 
2 1052 1050 
2 1053 1051 
2 1054 1052 
2 1055 1053 
2 1056 1054 
2 1057 1055 
2 1058 1056 
2 1059 1057 
2 1060 1058 
3 1081 1039 1059 
3 1082 1062 1040 
2 1063 1061 
2 1064 1062 
2 1065 1063 
2 1066 1064 
2 1067 1065 
2 1068 1066 
2 1069 1067 
2 1070 1068 
2 1071 1069 
2 1072 1070 
2 1073 1071 
2 1074 1072 
2 1075 1073 
2 1076 1074 
2 1077 1075 
2 1078 1076 
2 1079 1077 
2 1080 1078 
2 1081 1079 
3 1100 1060 1080 
4 1155 1101 1083 1061 
2 1084 1082 
2 1085 1083 
2 1086 1084 
2 1087 1085 
2 1088 1086 
2 1089 1087 
2 1090 1088 
2 1091 1089 
2 1092 1090 
2 1093 1091 
2 1094 1092 
2 1095 1093 
2 1096 1094 
2 1097 1095 
2 1098 1096 
4 1154 1099 1097 1125 
2 1100 1098 
3 1081 1099 1237 
3 1137 1102 1082 
3 1126 1103 1101 
2 1104 1102 
2 1105 1103 
2 1106 1104 
2 1107 1105 
2 1108 1106 
2 1109 1107 
2 1110 1108 
2 1111 1109 
2 1112 1110 
2 1113 1111 
2 1114 1112 
2 1115 1113 
2 1116 1114 
2 1117 1115 
2 1118 1116 
2 1119 1117 
2 1120 1118 
2 1121 1119 
2 1122 1120 
2 1123 1121 
2 1124 1122 
2 1125 1123 
3 1098 1124 1136 
3 1137 1127 1102 
2 1128 1126 
2 1129 1127 
2 1130 1128 
2 1131 1129 
2 1132 1130 
2 1133 1131 
2 1134 1132 
2 1135 1133 
2 1136 1134 
3 1153 1125 1135 
4 1156 1138 1126 1101 
2 1139 1137 
2 1140 1138 
2 1141 1139 
2 1142 1140 
2 1143 1141 
2 1144 1142 
2 1145 1143 
2 1146 1144 
2 1147 1145 
2 1148 1146 
2 1149 1147 
2 1150 1148 
2 1151 1149 
2 1152 1150 
2 1153 1151 
3 1174 1136 1152 
2 1178 1098 
2 1238 1082 
4 1238 1179 1157 1137 
2 1158 1156 
2 1159 1157 
2 1160 1158 
2 1161 1159 
2 1162 1160 
2 1163 1161 
2 1164 1162 
2 1165 1163 
2 1166 1164 
2 1167 1165 
2 1168 1166 
2 1169 1167 
2 1170 1168 
2 1171 1169 
2 1172 1170 
2 1173 1171 
2 1174 1172 
3 1175 1153 1173 
2 1176 1174 
2 1177 1175 
2 1178 1176 
3 1193 1154 1177 
3 1194 1180 1156 
2 1181 1179 
2 1182 1180 
2 1183 1181 
2 1184 1182 
2 1185 1183 
2 1186 1184 
2 1187 1185 
2 1188 1186 
2 1189 1187 
2 1190 1188 
2 1191 1189 
2 1192 1190 
2 1193 1191 
3 1216 1178 1192 
3 1217 1195 1179 
2 1196 1194 
2 1197 1195 
2 1198 1196 
2 1199 1197 
2 1200 1198 
2 1201 1199 
2 1202 1200 
2 1203 1201 
2 1204 1202 
2 1205 1203 
2 1206 1204 
2 1207 1205 
2 1208 1206 
2 1209 1207 
2 1210 1208 
2 1211 1209 
2 1212 1210 
2 1213 1211 
2 1214 1212 
2 1215 1213 
2 1216 1214 
3 1237 1193 1215 
3 1238 1218 1194 
2 1219 1217 
2 1220 1218 
2 1221 1219 
2 1222 1220 
2 1223 1221 
2 1224 1222 
2 1225 1223 
2 1226 1224 
2 1227 1225 
2 1228 1226 
2 1229 1227 
2 1230 1228 
2 1231 1229 
2 1232 1230 
2 1233 1231 
2 1234 1232 
2 1235 1233 
2 1236 1234 
2 1237 1235 
4 1100 1216 1236 1259 
4 1239 1217 1156 1155 
2 1240 1238 
2 1241 1239 
2 1242 1240 
2 1243 1241 
2 1244 1242 
2 1245 1243 
2 1246 1244 
2 1247 1245 
2 1248 1246 
2 1249 1247 
2 1250 1248 
2 1251 1249 
2 1252 1250 
2 1253 1251 
2 1254 1252 
2 1255 1253 
2 1256 1254 
2 1257 1255 
2 1258 1256 
2 1259 1257 
2 1237 1258 
