1240
0 0 23
1 0 24
2 0 25
3 0 26
4 0 42
5 0 43
6 0 44
7 0 45
8 0 46
9 0 47
10 0 48
11 0 54
12 0 55
13 0 56
14 0 58
15 0 59
16 0 60
17 1 21
18 1 22
19 1 26
20 1 42
21 1 48
22 1 54
23 1 55
24 1 57
25 1 60
26 2 12
27 2 13
28 2 14
29 2 15
30 2 16
31 2 17
32 2 18
33 2 19
34 2 20
35 2 27
36 2 28
37 2 29
38 2 30
39 2 31
40 2 32
41 2 33
42 2 34
43 2 35
44 2 36
45 2 37
46 2 38
47 2 39
48 2 40
49 2 41
50 2 42
51 2 43
52 2 44
53 2 45
54 2 46
55 2 47
56 2 48
57 2 53
58 2 60
59 3 12
60 3 26
61 3 49
62 3 50
63 3 51
64 3 52
65 3 60
66 4 12
67 4 21
68 4 22
69 4 26
70 4 29
71 4 30
72 4 31
73 4 32
74 4 53
75 4 54
76 4 55
77 4 56
78 4 60
79 5 12
80 5 20
81 5 23
82 5 26
83 5 29
84 5 32
85 5 37
86 5 45
87 5 46
88 5 47
89 5 48
90 5 49
91 5 50
92 5 51
93 5 52
94 5 53
95 5 57
96 5 58
97 5 60
98 6 12
99 6 20
100 6 23
101 6 24
102 6 25
103 6 26
104 6 29
105 6 31
106 6 37
107 6 38
108 6 39
109 6 40
110 6 41
111 6 42
112 6 45
113 6 46
114 6 47
115 6 48
116 6 49
117 6 50
118 6 51
119 6 57
120 6 59
121 6 60
122 7 12
123 7 20
124 7 27
125 7 28
126 7 32
127 7 33
128 7 34
129 7 35
130 7 36
131 7 43
132 7 44
133 7 57
134 7 60
135 8 12
136 8 13
137 8 14
138 8 15
139 8 16
140 8 17
141 8 18
142 8 19
143 8 20
144 8 27
145 8 35
146 8 36
147 8 37
148 8 42
149 8 43
150 8 44
151 8 57
152 8 60
153 9 12
154 9 27
155 9 34
156 9 38
157 9 41
158 9 45
159 9 46
160 9 49
161 9 50
162 9 51
163 9 52
164 9 53
165 9 57
166 9 58
167 9 59
168 10 12
169 10 27
170 10 34
171 10 38
172 10 41
173 10 45
174 10 46
175 10 52
176 10 54
177 10 55
178 11 12
179 11 25
180 11 26
181 11 27
182 11 28
183 11 29
184 11 34
185 11 38
186 11 39
187 11 41
188 11 45
189 11 46
190 11 52
191 11 53
192 11 54
193 11 55
194 12 13
195 12 14
196 12 15
197 12 16
198 12 17
199 12 18
200 12 19
201 12 20
202 12 21
203 12 22
204 12 23
205 12 24
206 12 30
207 12 32
208 12 33
209 12 34
210 12 35
211 12 36
212 12 37
213 12 40
214 12 41
215 12 45
216 12 46
217 12 51
218 12 56
219 12 57
220 12 58
221 12 59
222 13 13
223 13 24
224 13 30
225 13 31
226 13 38
227 13 39
228 13 42
229 13 45
230 13 46
231 13 51
232 13 58
233 13 59
234 14 13
235 14 24
236 14 30
237 14 31
238 14 38
239 14 39
240 14 42
241 14 43
242 14 44
243 14 47
244 14 48
245 14 49
246 14 50
247 14 52
248 14 53
249 14 54
250 14 55
251 14 56
252 14 57
253 15 13
254 15 24
255 15 30
256 15 31
257 15 32
258 15 33
259 15 34
260 15 38
261 15 39
262 15 42
263 15 45
264 15 46
265 15 48
266 15 52
267 15 53
268 15 54
269 15 55
270 15 58
271 15 59
272 16 0
273 16 1
274 16 2
275 16 7
276 16 8
277 16 9
278 16 10
279 16 11
280 16 12
281 16 24
282 16 30
283 16 32
284 16 35
285 16 36
286 16 37
287 16 40
288 16 41
289 16 45
290 16 47
291 16 52
292 16 56
293 16 58
294 16 60
295 17 0
296 17 1
297 17 2
298 17 7
299 17 16
300 17 17
301 17 24
302 17 30
303 17 32
304 17 33
305 17 34
306 17 35
307 17 36
308 17 37
309 17 40
310 17 42
311 17 45
312 17 46
313 17 47
314 17 52
315 17 56
316 17 58
317 17 60
318 18 0
319 18 3
320 18 4
321 18 5
322 18 6
323 18 15
324 18 18
325 18 24
326 18 27
327 18 28
328 18 29
329 18 40
330 18 42
331 18 45
332 18 48
333 18 49
334 18 50
335 18 51
336 18 52
337 18 56
338 18 58
339 18 60
340 19 0
341 19 3
342 19 15
343 19 18
344 19 19
345 19 20
346 19 21
347 19 22
348 19 23
349 19 24
350 19 40
351 19 42
352 19 45
353 19 48
354 19 49
355 19 51
356 19 52
357 19 56
358 19 58
359 19 60
360 20 0
361 20 1
362 20 3
363 20 8
364 20 9
365 20 10
366 20 11
367 20 12
368 20 15
369 20 24
370 20 40
371 20 42
372 20 45
373 20 48
374 20 50
375 20 52
376 20 56
377 20 58
378 20 60
379 21 0
380 21 1
381 21 4
382 21 5
383 21 6
384 21 7
385 21 13
386 21 14
387 21 15
388 21 20
389 21 21
390 21 22
391 21 23
392 21 25
393 21 35
394 21 36
395 21 37
396 21 40
397 21 42
398 21 45
399 21 48
400 21 50
401 21 52
402 21 56
403 21 58
404 21 60
405 22 0
406 22 1
407 22 8
408 22 9
409 22 10
410 22 11
411 22 12
412 22 20
413 22 21
414 22 22
415 22 23
416 22 26
417 22 27
418 22 28
419 22 29
420 22 30
421 22 31
422 22 32
423 22 33
424 22 34
425 22 36
426 22 37
427 22 40
428 22 42
429 22 45
430 22 48
431 22 50
432 22 52
433 22 56
434 22 58
435 22 60
436 23 0
437 23 2
438 23 3
439 23 13
440 23 14
441 23 15
442 23 16
443 23 17
444 23 24
445 23 32
446 23 34
447 23 36
448 23 37
449 23 40
450 23 43
451 23 44
452 23 45
453 23 48
454 23 50
455 23 52
456 23 56
457 23 58
458 24 1
459 24 13
460 24 17
461 24 24
462 24 32
463 24 34
464 24 36
465 24 37
466 24 40
467 24 41
468 24 42
469 24 43
470 24 44
471 24 45
472 24 48
473 24 50
474 24 52
475 24 56
476 24 58
477 25 2
478 25 3
479 25 13
480 25 17
481 25 24
482 25 32
483 25 34
484 25 36
485 25 37
486 25 39
487 25 45
488 25 48
489 25 50
490 25 52
491 25 56
492 25 58
493 26 2
494 26 3
495 26 13
496 26 17
497 26 27
498 26 28
499 26 29
500 26 30
501 26 31
502 26 33
503 26 34
504 26 36
505 26 37
506 26 39
507 26 45
508 26 48
509 26 49
510 26 50
511 26 52
512 26 56
513 26 58
514 27 2
515 27 3
516 27 10
517 27 11
518 27 12
519 27 17
520 27 24
521 27 25
522 27 26
523 27 33
524 27 34
525 27 36
526 27 37
527 27 39
528 27 46
529 27 47
530 27 49
531 27 52
532 27 56
533 27 58
534 28 2
535 28 3
536 28 6
537 28 7
538 28 8
539 28 9
540 28 17
541 28 19
542 28 25
543 28 26
544 28 33
545 28 34
546 28 36
547 28 37
548 28 39
549 28 46
550 28 49
551 28 52
552 28 56
553 28 58
554 29 2
555 29 4
556 29 5
557 29 9
558 29 17
559 29 19
560 29 25
561 29 26
562 29 33
563 29 34
564 29 39
565 29 46
566 29 49
567 29 52
568 29 53
569 29 56
570 29 57
571 29 58
572 30 2
573 30 5
574 30 9
575 30 17
576 30 19
577 30 20
578 30 21
579 30 22
580 30 23
581 30 24
582 30 32
583 30 34
584 30 39
585 30 46
586 30 49
587 30 52
588 30 54
589 30 55
590 30 59
591 30 60
592 31 3
593 31 4
594 31 5
595 31 9
596 31 17
597 31 31
598 31 33
599 31 35
600 31 36
601 31 37
602 31 40
603 31 41
604 31 42
605 31 43
606 31 46
607 31 47
608 31 48
609 31 49
610 31 52
611 31 55
612 31 59
613 31 60
614 32 2
615 32 6
616 32 7
617 32 8
618 32 9
619 32 10
620 32 11
621 32 12
622 32 13
623 32 14
624 32 15
625 32 16
626 32 17
627 32 24
628 32 25
629 32 26
630 32 31
631 32 33
632 32 36
633 32 37
634 32 40
635 32 43
636 32 52
637 32 55
638 32 59
639 32 60
640 33 2
641 33 23
642 33 26
643 33 31
644 33 33
645 33 35
646 33 40
647 33 44
648 33 52
649 33 55
650 33 59
651 33 60
652 34 2
653 34 23
654 34 26
655 34 31
656 34 33
657 34 35
658 34 40
659 34 41
660 34 42
661 34 43
662 34 44
663 34 52
664 34 55
665 34 59
666 34 60
667 35 2
668 35 3
669 35 19
670 35 20
671 35 21
672 35 22
673 35 24
674 35 25
675 35 27
676 35 31
677 35 33
678 35 35
679 35 40
680 35 52
681 35 53
682 35 54
683 35 55
684 35 59
685 35 60
686 36 2
687 36 3
688 36 12
689 36 19
690 36 25
691 36 27
692 36 30
693 36 31
694 36 33
695 36 34
696 36 35
697 36 41
698 36 42
699 36 43
700 36 44
701 36 46
702 36 47
703 36 48
704 36 49
705 36 50
706 36 51
707 36 59
708 36 60
709 37 2
710 37 3
711 37 12
712 37 19
713 37 20
714 37 21
715 37 22
716 37 23
717 37 25
718 37 27
719 37 30
720 37 32
721 37 38
722 37 39
723 37 40
724 37 41
725 37 44
726 37 46
727 37 51
728 37 59
729 37 60
730 38 2
731 38 3
732 38 6
733 38 12
734 38 16
735 38 17
736 38 18
737 38 24
738 38 25
739 38 26
740 38 28
741 38 30
742 38 32
743 38 38
744 38 39
745 38 42
746 38 44
747 38 46
748 38 50
749 38 51
750 38 56
751 38 57
752 38 58
753 38 60
754 39 2
755 39 3
756 39 6
757 39 12
758 39 16
759 39 17
760 39 18
761 39 21
762 39 22
763 39 23
764 39 27
765 39 28
766 39 30
767 39 31
768 39 32
769 39 33
770 39 34
771 39 35
772 39 36
773 39 37
774 39 39
775 39 42
776 39 44
777 39 46
778 39 49
779 39 56
780 39 60
781 40 7
782 40 8
783 40 12
784 40 21
785 40 23
786 40 27
787 40 29
788 40 38
789 40 39
790 40 42
791 40 44
792 40 46
793 40 49
794 40 56
795 40 57
796 40 58
797 40 59
798 40 60
799 41 7
800 41 8
801 41 12
802 41 21
803 41 22
804 41 23
805 41 27
806 41 28
807 41 29
808 41 38
809 41 39
810 41 42
811 41 44
812 41 46
813 41 49
814 42 0
815 42 1
816 42 2
817 42 3
818 42 4
819 42 5
820 42 7
821 42 8
822 42 9
823 42 10
824 42 11
825 42 13
826 42 14
827 42 15
828 42 16
829 42 17
830 42 18
831 42 19
832 42 20
833 42 24
834 42 25
835 42 26
836 42 33
837 42 34
838 42 38
839 42 39
840 42 42
841 42 44
842 42 46
843 42 49
844 43 0
845 43 2
846 43 6
847 43 12
848 43 20
849 43 21
850 43 33
851 43 34
852 43 38
853 43 40
854 43 41
855 43 42
856 43 43
857 43 44
858 43 46
859 43 49
860 43 52
861 43 53
862 43 56
863 43 57
864 43 58
865 44 0
866 44 2
867 44 6
868 44 12
869 44 18
870 44 19
871 44 22
872 44 23
873 44 24
874 44 25
875 44 26
876 44 33
877 44 34
878 44 38
879 44 44
880 44 45
881 44 49
882 44 56
883 44 58
884 45 0
885 45 2
886 45 6
887 45 7
888 45 8
889 45 9
890 45 12
891 45 18
892 45 19
893 45 22
894 45 26
895 45 33
896 45 34
897 45 38
898 45 44
899 45 45
900 45 46
901 45 47
902 45 48
903 45 49
904 45 56
905 45 58
906 46 0
907 46 1
908 46 2
909 46 6
910 46 7
911 46 9
912 46 11
913 46 13
914 46 14
915 46 15
916 46 16
917 46 17
918 46 20
919 46 21
920 46 26
921 46 28
922 46 29
923 46 30
924 46 33
925 46 35
926 46 36
927 46 37
928 46 56
929 46 58
930 47 3
931 47 4
932 47 5
933 47 8
934 47 9
935 47 11
936 47 13
937 47 14
938 47 17
939 47 20
940 47 26
941 47 28
942 47 30
943 47 33
944 47 34
945 47 35
946 47 36
947 47 37
948 47 56
949 47 58
950 48 3
951 48 5
952 48 8
953 48 9
954 48 12
955 48 15
956 48 16
957 48 18
958 48 19
959 48 20
960 48 21
961 48 22
962 48 23
963 48 24
964 48 25
965 48 26
966 48 28
967 48 29
968 48 30
969 48 31
970 48 32
971 48 38
972 48 39
973 48 55
974 48 56
975 48 58
976 49 0
977 49 1
978 49 2
979 49 5
980 49 12
981 49 15
982 49 17
983 49 27
984 49 33
985 49 34
986 49 35
987 49 36
988 49 37
989 49 44
990 49 45
991 49 46
992 49 52
993 49 53
994 49 54
995 49 57
996 49 58
997 50 0
998 50 1
999 50 2
1000 50 5
1001 50 12
1002 50 15
1003 50 16
1004 50 18
1005 50 19
1006 50 20
1007 50 27
1008 50 30
1009 50 31
1010 50 32
1011 50 38
1012 50 39
1013 50 40
1014 50 41
1015 50 42
1016 50 43
1017 50 52
1018 50 54
1019 50 59
1020 50 60
1021 51 0
1022 51 3
1023 51 5
1024 51 12
1025 51 15
1026 51 16
1027 51 18
1028 51 19
1029 51 20
1030 51 27
1031 51 30
1032 51 31
1033 51 32
1034 51 38
1035 51 43
1036 51 52
1037 51 53
1038 51 54
1039 51 59
1040 51 60
1041 52 4
1042 52 5
1043 52 12
1044 52 13
1045 52 14
1046 52 21
1047 52 22
1048 52 23
1049 52 24
1050 52 27
1051 52 30
1052 52 33
1053 52 34
1054 52 35
1055 52 36
1056 52 37
1057 52 43
1058 52 48
1059 52 49
1060 52 50
1061 52 51
1062 52 55
1063 52 56
1064 52 57
1065 52 58
1066 53 4
1067 53 5
1068 53 12
1069 53 14
1070 53 21
1071 53 22
1072 53 23
1073 53 24
1074 53 27
1075 53 28
1076 53 29
1077 53 30
1078 53 33
1079 53 41
1080 53 43
1081 53 48
1082 53 51
1083 53 55
1084 53 58
1085 54 4
1086 54 6
1087 54 7
1088 54 13
1089 54 14
1090 54 15
1091 54 16
1092 54 17
1093 54 18
1094 54 19
1095 54 20
1096 54 27
1097 54 30
1098 54 33
1099 54 40
1100 54 42
1101 54 43
1102 54 47
1103 54 51
1104 54 55
1105 54 59
1106 54 60
1107 55 4
1108 55 5
1109 55 8
1110 55 9
1111 55 10
1112 55 12
1113 55 18
1114 55 19
1115 55 20
1116 55 21
1117 55 22
1118 55 23
1119 55 24
1120 55 25
1121 55 26
1122 55 30
1123 55 33
1124 55 40
1125 55 42
1126 55 43
1127 55 47
1128 55 48
1129 55 49
1130 55 50
1131 55 51
1132 55 55
1133 55 60
1134 56 4
1135 56 5
1136 56 13
1137 56 14
1138 56 15
1139 56 16
1140 56 17
1141 56 22
1142 56 30
1143 56 33
1144 56 40
1145 56 45
1146 56 46
1147 56 52
1148 56 53
1149 56 54
1150 56 60
1151 57 10
1152 57 11
1153 57 12
1154 57 13
1155 57 15
1156 57 16
1157 57 17
1158 57 22
1159 57 30
1160 57 33
1161 57 34
1162 57 35
1163 57 36
1164 57 37
1165 57 38
1166 57 39
1167 57 40
1168 57 45
1169 57 46
1170 57 48
1171 57 52
1172 57 57
1173 57 58
1174 57 60
1175 58 14
1176 58 18
1177 58 22
1178 58 30
1179 58 41
1180 58 45
1181 58 47
1182 58 48
1183 58 52
1184 58 56
1185 58 59
1186 58 60
1187 59 13
1188 59 15
1189 59 16
1190 59 17
1191 59 22
1192 59 31
1193 59 32
1194 59 33
1195 59 34
1196 59 35
1197 59 36
1198 59 37
1199 59 41
1200 59 45
1201 59 46
1202 59 47
1203 59 48
1204 59 52
1205 59 53
1206 59 54
1207 59 55
1208 59 56
1209 59 59
1210 59 60
1211 60 13
1212 60 14
1213 60 15
1214 60 16
1215 60 17
1216 60 22
1217 60 23
1218 60 24
1219 60 25
1220 60 26
1221 60 27
1222 60 28
1223 60 29
1224 60 30
1225 60 31
1226 60 32
1227 60 33
1228 60 34
1229 60 35
1230 60 36
1231 60 37
1232 60 41
1233 60 43
1234 60 44
1235 60 49
1236 60 50
1237 60 51
1238 60 59
1239 60 60
2 1 26 
2 2 0 
3 3 1 17 
2 4 2 
2 5 3 
2 6 4 
2 7 5 
2 8 6 
2 9 7 
2 10 8 
2 11 9 
2 12 10 
2 13 11 
2 14 12 
2 15 13 
2 16 14 
2 25 15 
3 18 2 27 
2 19 17 
2 20 18 
2 21 19 
2 22 20 
2 23 21 
2 24 22 
2 25 23 
3 58 16 24 
4 59 27 0 272 
3 28 17 26 
2 29 27 
2 30 28 
2 31 29 
2 32 30 
2 33 31 
2 34 32 
2 35 33 
2 36 34 
2 37 35 
2 38 36 
2 39 37 
2 40 38 
2 41 39 
2 42 40 
2 43 41 
2 44 42 
2 45 43 
2 46 44 
2 47 45 
2 48 46 
2 49 47 
2 50 48 
2 51 49 
2 52 50 
2 53 51 
2 54 52 
2 55 53 
2 56 54 
2 57 55 
2 58 56 
3 65 25 57 
3 66 60 26 
2 61 59 
2 62 60 
2 63 61 
2 64 62 
2 65 63 
3 78 58 64 
3 79 67 59 
2 68 66 
2 69 67 
2 70 68 
2 71 69 
2 72 70 
2 73 71 
2 74 72 
2 75 73 
2 76 74 
2 77 75 
2 78 76 
3 97 65 77 
3 98 80 66 
2 81 79 
2 82 80 
2 83 81 
2 84 82 
2 85 83 
2 86 84 
2 87 85 
2 88 86 
2 89 87 
2 90 88 
2 91 89 
2 92 90 
2 93 91 
2 94 92 
2 95 93 
2 96 94 
2 97 95 
3 121 78 96 
3 122 99 79 
2 100 98 
2 101 99 
2 102 100 
2 103 101 
2 104 102 
2 105 103 
2 106 104 
2 107 105 
2 108 106 
2 109 107 
2 110 108 
2 111 109 
2 112 110 
2 113 111 
2 114 112 
2 115 113 
2 116 114 
2 117 115 
2 118 116 
2 119 117 
2 120 118 
2 121 119 
3 134 97 120 
3 135 123 98 
2 124 122 
2 125 123 
2 126 124 
2 127 125 
2 128 126 
2 129 127 
2 130 128 
2 131 129 
2 132 130 
2 133 131 
2 134 132 
3 152 121 133 
3 153 136 122 
2 137 135 
2 138 136 
2 139 137 
2 140 138 
2 141 139 
2 142 140 
2 143 141 
2 144 142 
2 145 143 
2 146 144 
2 147 145 
2 148 146 
2 149 147 
2 150 148 
2 151 149 
2 152 150 
4 294 134 151 167 
3 168 154 135 
2 155 153 
2 156 154 
2 157 155 
2 158 156 
2 159 157 
2 160 158 
2 161 159 
2 162 160 
2 163 161 
2 164 162 
2 165 163 
2 166 164 
3 167 165 177 
3 221 152 166 
3 178 169 153 
2 170 168 
2 171 169 
2 172 170 
2 173 171 
2 174 172 
2 175 173 
2 176 174 
2 177 175 
3 193 166 176 
4 194 179 168 273 
2 180 178 
2 181 179 
2 182 180 
2 183 181 
2 184 182 
2 185 183 
2 186 184 
2 187 185 
2 188 186 
2 189 187 
2 190 188 
2 191 189 
2 192 190 
2 193 191 
3 220 177 192 
3 222 195 178 
2 196 194 
2 197 195 
2 198 196 
2 199 197 
2 200 198 
2 201 199 
2 202 200 
2 203 201 
2 204 202 
2 205 203 
2 206 204 
2 207 205 
2 208 206 
2 209 207 
2 210 208 
2 211 209 
2 212 210 
2 213 211 
2 214 212 
2 215 213 
2 216 214 
2 217 215 
2 218 216 
2 219 217 
2 220 218 
3 221 193 219 
3 233 167 220 
3 234 223 194 
2 224 222 
2 225 223 
2 226 224 
2 227 225 
2 228 226 
2 229 227 
2 230 228 
2 231 229 
2 232 230 
3 233 231 252 
3 271 221 232 
3 253 235 222 
2 236 234 
2 237 235 
2 238 236 
2 239 237 
2 240 238 
2 241 239 
2 242 240 
2 243 241 
2 244 242 
2 245 243 
2 246 244 
2 247 245 
2 248 246 
2 249 247 
2 250 248 
2 251 249 
2 252 250 
3 271 232 251 
3 254 234 276 
2 255 253 
2 256 254 
2 257 255 
2 258 256 
2 259 257 
2 260 258 
2 261 259 
2 262 260 
2 263 261 
2 264 262 
2 265 263 
2 266 264 
2 267 265 
2 268 266 
2 269 267 
2 270 268 
2 271 269 
5 404 233 252 270 293 
3 295 273 26 
3 274 178 272 
2 275 273 
2 276 274 
3 277 253 275 
2 278 276 
2 279 277 
2 280 278 
2 281 279 
2 282 280 
2 283 281 
2 284 282 
2 285 283 
2 286 284 
2 287 285 
2 288 286 
2 289 287 
2 290 288 
2 291 289 
2 292 290 
2 293 291 
3 316 271 292 
2 317 152 
3 318 296 272 
2 297 295 
2 298 296 
2 299 297 
2 300 298 
2 301 299 
2 302 300 
2 303 301 
2 304 302 
2 305 303 
2 306 304 
2 307 305 
2 308 306 
2 309 307 
2 310 308 
2 311 309 
2 312 310 
2 313 311 
2 314 312 
2 315 313 
2 316 314 
3 338 293 315 
2 339 294 
3 340 319 295 
2 320 318 
2 321 319 
2 322 320 
2 323 321 
2 324 322 
2 325 323 
2 326 324 
2 327 325 
2 328 326 
2 329 327 
2 330 328 
2 331 329 
2 332 330 
2 333 331 
2 334 332 
2 335 333 
2 336 334 
2 337 335 
2 338 336 
3 358 316 337 
2 359 317 
3 360 341 318 
2 342 340 
2 343 341 
2 344 342 
2 345 343 
2 346 344 
2 347 345 
2 348 346 
2 349 347 
2 350 348 
2 351 349 
2 352 350 
2 353 351 
2 354 352 
2 355 353 
2 356 354 
2 357 355 
2 358 356 
3 377 338 357 
2 378 339 
3 379 361 340 
2 362 360 
2 363 361 
2 364 362 
2 365 363 
2 366 364 
2 367 365 
2 368 366 
2 369 367 
2 370 368 
2 371 369 
2 372 370 
2 373 371 
2 374 372 
2 375 373 
2 376 374 
2 377 375 
3 403 358 376 
2 404 359 
3 405 380 360 
2 381 379 
2 382 380 
2 383 381 
2 384 382 
2 385 383 
2 386 384 
2 387 385 
2 388 386 
2 389 387 
2 390 388 
2 391 389 
2 392 390 
2 393 391 
2 394 392 
2 395 393 
2 396 394 
2 397 395 
2 398 396 
2 399 397 
2 400 398 
2 401 399 
2 402 400 
2 403 401 
3 434 377 402 
3 435 378 271 
3 436 406 379 
2 407 405 
2 408 406 
2 409 407 
2 410 408 
2 411 409 
2 412 410 
2 413 411 
2 414 412 
2 415 413 
2 416 414 
2 417 415 
2 418 416 
2 419 417 
2 420 418 
2 421 419 
2 422 420 
2 423 421 
2 424 422 
2 425 423 
2 426 424 
2 427 425 
2 428 426 
2 429 427 
2 430 428 
2 431 429 
2 432 430 
2 433 431 
2 434 432 
3 457 403 433 
2 591 404 
4 814 458 437 405 
2 438 436 
2 439 437 
2 440 438 
2 441 439 
2 442 440 
2 443 441 
2 444 442 
2 445 443 
2 446 444 
2 447 445 
2 448 446 
2 449 447 
2 450 448 
2 451 449 
2 452 450 
2 453 451 
2 454 452 
2 455 453 
2 456 454 
2 457 455 
3 476 434 456 
3 477 459 436 
2 460 458 
2 461 459 
2 462 460 
2 463 461 
2 464 462 
2 465 463 
2 466 464 
2 467 465 
2 468 466 
2 469 467 
2 470 468 
2 471 469 
2 472 470 
2 473 471 
2 474 472 
2 475 473 
2 476 474 
3 492 457 475 
3 493 478 458 
2 479 477 
2 480 478 
2 481 479 
2 482 480 
2 483 481 
2 484 482 
2 485 483 
2 486 484 
2 487 485 
2 488 486 
2 489 487 
2 490 488 
2 491 489 
2 492 490 
3 513 476 491 
3 514 494 477 
2 495 493 
2 496 494 
2 497 495 
2 498 496 
2 499 497 
2 500 498 
2 501 499 
2 502 500 
2 503 501 
2 504 502 
2 505 503 
2 506 504 
2 507 505 
2 508 506 
2 509 507 
2 510 508 
2 511 509 
2 512 510 
2 513 511 
3 533 492 512 
3 534 515 493 
2 516 514 
2 517 515 
2 518 516 
2 519 517 
2 520 518 
2 521 519 
2 522 520 
2 523 521 
2 524 522 
2 525 523 
2 526 524 
2 527 525 
2 528 526 
2 529 527 
2 530 528 
2 531 529 
2 532 530 
2 533 531 
3 553 513 532 
3 554 535 514 
2 536 534 
2 537 535 
2 538 536 
2 539 537 
2 540 538 
2 541 539 
2 542 540 
2 543 541 
2 544 542 
2 545 543 
2 546 544 
2 547 545 
2 548 546 
2 549 547 
2 550 548 
2 551 549 
2 552 550 
2 553 551 
3 571 533 552 
3 572 555 534 
2 556 554 
2 557 555 
2 558 556 
2 559 557 
2 560 558 
2 561 559 
2 562 560 
2 563 561 
2 564 562 
2 565 563 
2 566 564 
2 567 565 
2 568 566 
2 569 567 
2 570 568 
2 571 569 
3 591 553 570 
4 614 592 573 554 
2 574 572 
2 575 573 
2 576 574 
2 577 575 
2 578 576 
2 579 577 
2 580 578 
2 581 579 
2 582 580 
2 583 581 
2 584 582 
2 585 583 
2 586 584 
2 587 585 
2 588 586 
2 589 587 
2 590 588 
2 591 589 
4 613 435 571 590 
3 593 572 614 
2 594 592 
2 595 593 
2 596 594 
2 597 595 
2 598 596 
2 599 597 
2 600 598 
2 601 599 
2 602 600 
2 603 601 
2 604 602 
2 605 603 
2 606 604 
2 607 605 
2 608 606 
2 609 607 
2 610 608 
2 611 609 
2 612 610 
2 613 611 
3 639 591 612 
4 640 615 592 572 
2 616 614 
2 617 615 
2 618 616 
2 619 617 
2 620 618 
2 621 619 
2 622 620 
2 623 621 
2 624 622 
2 625 623 
2 626 624 
2 627 625 
2 628 626 
2 629 627 
2 630 628 
2 631 629 
2 632 630 
2 633 631 
2 634 632 
2 635 633 
2 636 634 
2 637 635 
2 638 636 
2 639 637 
3 651 613 638 
3 652 641 614 
2 642 640 
2 643 641 
2 644 642 
2 645 643 
2 646 644 
2 647 645 
2 648 646 
2 649 647 
2 650 648 
2 651 649 
3 666 639 650 
3 667 653 640 
2 654 652 
2 655 653 
2 656 654 
2 657 655 
2 658 656 
2 659 657 
2 660 658 
2 661 659 
2 662 660 
2 663 661 
2 664 662 
2 665 663 
2 666 664 
3 685 651 665 
3 686 668 652 
2 669 667 
2 670 668 
2 671 669 
2 672 670 
2 673 671 
2 674 672 
2 675 673 
2 676 674 
2 677 675 
2 678 676 
2 679 677 
2 680 678 
2 681 679 
2 682 680 
2 683 681 
2 684 682 
2 685 683 
3 708 666 684 
3 709 687 667 
2 688 686 
2 689 687 
2 690 688 
2 691 689 
2 692 690 
2 693 691 
2 694 692 
2 695 693 
2 696 694 
2 697 695 
2 698 696 
2 699 697 
2 700 698 
2 701 699 
2 702 700 
2 703 701 
2 704 702 
2 705 703 
2 706 704 
2 707 705 
2 708 706 
3 729 685 707 
3 730 710 686 
2 711 709 
2 712 710 
2 713 711 
2 714 712 
2 715 713 
2 716 714 
2 717 715 
2 718 716 
2 719 717 
2 720 718 
2 721 719 
2 722 720 
2 723 721 
2 724 722 
2 725 723 
2 726 724 
2 727 725 
2 728 726 
2 729 727 
3 753 708 728 
3 754 731 709 
2 732 730 
2 733 731 
2 734 732 
2 735 733 
2 736 734 
2 737 735 
2 738 736 
2 739 737 
2 740 738 
2 741 739 
2 742 740 
2 743 741 
2 744 742 
2 745 743 
2 746 744 
2 747 745 
2 748 746 
2 749 747 
2 750 748 
2 751 749 
2 752 750 
2 753 751 
3 780 729 752 
3 755 730 814 
3 781 756 754 
2 757 755 
2 758 756 
2 759 757 
2 760 758 
2 761 759 
2 762 760 
2 763 761 
2 764 762 
2 765 763 
2 766 764 
2 767 765 
2 768 766 
2 769 767 
2 770 768 
2 771 769 
2 772 770 
2 773 771 
2 774 772 
2 775 773 
2 776 774 
2 777 775 
2 778 776 
2 779 777 
2 780 778 
4 798 753 779 797 
3 799 782 755 
2 783 781 
2 784 782 
2 785 783 
2 786 784 
2 787 785 
2 788 786 
2 789 787 
2 790 788 
2 791 789 
2 792 790 
2 793 791 
3 813 794 792 
2 795 793 
2 796 794 
2 797 795 
3 780 796 864 
2 1020 780 
3 800 781 818 
2 801 799 
2 802 800 
2 803 801 
2 804 802 
2 805 803 
2 806 804 
2 807 805 
2 808 806 
2 809 807 
2 810 808 
2 811 809 
2 812 810 
2 813 811 
3 843 793 812 
4 844 815 754 436 
2 816 814 
2 817 815 
2 818 816 
3 819 799 817 
2 820 818 
2 821 819 
2 822 820 
2 823 821 
2 824 822 
2 825 823 
2 826 824 
2 827 825 
2 828 826 
2 829 827 
2 830 828 
2 831 829 
2 832 830 
2 833 831 
2 834 832 
2 835 833 
2 836 834 
2 837 835 
2 838 836 
2 839 837 
2 840 838 
2 841 839 
2 842 840 
2 843 841 
3 859 813 842 
3 865 845 814 
2 846 844 
2 847 845 
2 848 846 
2 849 847 
2 850 848 
2 851 849 
2 852 850 
2 853 851 
2 854 852 
2 855 853 
2 856 854 
2 857 855 
2 858 856 
2 859 857 
3 860 843 858 
2 861 859 
2 862 860 
2 863 861 
2 864 862 
3 883 797 863 
3 884 866 844 
2 867 865 
2 868 866 
2 869 867 
2 870 868 
2 871 869 
2 872 870 
2 873 871 
2 874 872 
2 875 873 
2 876 874 
2 877 875 
2 878 876 
2 879 877 
2 880 878 
2 881 879 
2 882 880 
2 883 881 
3 905 864 882 
3 906 885 865 
2 886 884 
2 887 885 
2 888 886 
2 889 887 
2 890 888 
2 891 889 
2 892 890 
2 893 891 
2 894 892 
2 895 893 
2 896 894 
2 897 895 
2 898 896 
2 899 897 
2 900 898 
2 901 899 
2 902 900 
2 903 901 
2 904 902 
2 905 903 
3 929 883 904 
4 976 930 907 884 
2 908 906 
2 909 907 
2 910 908 
2 911 909 
2 912 910 
2 913 911 
2 914 912 
2 915 913 
2 916 914 
2 917 915 
2 918 916 
2 919 917 
2 920 918 
2 921 919 
2 922 920 
2 923 921 
2 924 922 
2 925 923 
2 926 924 
2 927 925 
2 928 926 
2 929 927 
3 949 905 928 
3 950 931 906 
2 932 930 
2 933 931 
2 934 932 
2 935 933 
2 936 934 
2 937 935 
2 938 936 
2 939 937 
2 940 938 
2 941 939 
2 942 940 
2 943 941 
2 944 942 
2 945 943 
2 946 944 
2 947 945 
2 948 946 
2 949 947 
3 975 929 948 
3 951 930 976 
2 952 950 
2 953 951 
2 954 952 
2 955 953 
2 956 954 
2 957 955 
2 958 956 
2 959 957 
2 960 958 
2 961 959 
2 962 960 
2 963 961 
2 964 962 
2 965 963 
2 966 964 
2 967 965 
2 968 966 
2 969 967 
2 970 968 
2 971 969 
2 972 970 
2 973 971 
2 974 972 
2 975 973 
3 996 949 974 
4 997 977 950 906 
2 978 976 
2 979 977 
2 980 978 
2 981 979 
2 982 980 
2 983 981 
2 984 982 
2 985 983 
2 986 984 
2 987 985 
2 988 986 
2 989 987 
2 990 988 
2 991 989 
2 992 990 
2 993 991 
2 994 992 
2 995 993 
2 996 994 
3 1019 975 995 
3 1021 998 976 
3 1022 999 997 
2 1000 998 
2 1001 999 
2 1002 1000 
2 1003 1001 
2 1004 1002 
2 1005 1003 
2 1006 1004 
2 1007 1005 
2 1008 1006 
2 1009 1007 
2 1010 1008 
2 1011 1009 
2 1012 1010 
2 1013 1011 
2 1014 1012 
2 1015 1013 
2 1016 1014 
2 1017 1015 
2 1018 1016 
2 1019 1017 
3 1040 996 1018 
2 1040 798 
2 1134 997 
3 1041 1023 998 
2 1024 1022 
2 1025 1023 
2 1026 1024 
2 1027 1025 
2 1028 1026 
2 1029 1027 
2 1030 1028 
2 1031 1029 
2 1032 1030 
2 1033 1031 
2 1034 1032 
2 1035 1033 
2 1036 1034 
2 1037 1035 
2 1038 1036 
2 1039 1037 
2 1040 1038 
5 1106 1020 1019 1039 1065 
3 1066 1042 1022 
2 1043 1041 
2 1044 1042 
2 1045 1043 
2 1046 1044 
2 1047 1045 
2 1048 1046 
2 1049 1047 
2 1050 1048 
2 1051 1049 
2 1052 1050 
2 1053 1051 
2 1054 1052 
2 1055 1053 
2 1056 1054 
2 1057 1055 
2 1058 1056 
2 1059 1057 
2 1060 1058 
2 1061 1059 
2 1062 1060 
2 1063 1061 
2 1064 1062 
2 1065 1063 
3 1084 1040 1064 
3 1085 1067 1041 
2 1068 1066 
2 1069 1067 
2 1070 1068 
2 1071 1069 
2 1072 1070 
2 1073 1071 
2 1074 1072 
2 1075 1073 
2 1076 1074 
2 1077 1075 
2 1078 1076 
2 1079 1077 
2 1080 1078 
2 1081 1079 
2 1082 1080 
2 1083 1081 
2 1084 1082 
3 1105 1065 1083 
3 1107 1086 1066 
2 1087 1085 
2 1088 1086 
2 1089 1087 
2 1090 1088 
2 1091 1089 
2 1092 1090 
2 1093 1091 
2 1094 1092 
2 1095 1093 
2 1096 1094 
2 1097 1095 
2 1098 1096 
2 1099 1097 
2 1100 1098 
2 1101 1099 
2 1102 1100 
2 1103 1101 
2 1104 1102 
2 1105 1103 
3 1133 1084 1104 
2 1133 1040 
3 1134 1108 1085 
2 1109 1107 
2 1110 1108 
2 1111 1109 
2 1112 1110 
2 1113 1111 
2 1114 1112 
2 1115 1113 
2 1116 1114 
2 1117 1115 
2 1118 1116 
2 1119 1117 
2 1120 1118 
2 1121 1119 
2 1122 1120 
2 1123 1121 
2 1124 1122 
2 1125 1123 
2 1126 1124 
2 1127 1125 
2 1128 1126 
2 1129 1127 
2 1130 1128 
2 1131 1129 
2 1132 1130 
2 1133 1131 
4 1150 1106 1105 1132 
4 1211 1135 1107 1021 
4 1187 1151 1136 1134 
2 1137 1135 
2 1138 1136 
2 1139 1137 
2 1140 1138 
2 1141 1139 
2 1142 1140 
2 1143 1141 
2 1144 1142 
2 1145 1143 
2 1146 1144 
2 1147 1145 
2 1148 1146 
2 1149 1147 
2 1150 1148 
3 1174 1133 1149 
3 1175 1152 1135 
2 1153 1151 
2 1154 1152 
2 1155 1153 
2 1156 1154 
2 1157 1155 
2 1158 1156 
2 1159 1157 
2 1160 1158 
2 1161 1159 
2 1162 1160 
2 1163 1161 
2 1164 1162 
2 1165 1163 
2 1166 1164 
2 1167 1165 
2 1168 1166 
2 1169 1167 
2 1170 1168 
2 1171 1169 
2 1172 1170 
2 1173 1171 
2 1174 1172 
3 1186 1150 1173 
3 1189 1176 1151 
2 1177 1175 
2 1178 1176 
2 1179 1177 
2 1180 1178 
2 1181 1179 
2 1182 1180 
2 1183 1181 
2 1184 1182 
2 1185 1183 
2 1186 1184 
3 1210 1174 1185 
3 1213 1188 1135 
2 1189 1187 
3 1190 1175 1188 
2 1191 1189 
2 1192 1190 
2 1193 1191 
2 1194 1192 
2 1195 1193 
2 1196 1194 
2 1197 1195 
2 1198 1196 
2 1199 1197 
2 1200 1198 
2 1201 1199 
2 1202 1200 
2 1203 1201 
2 1204 1202 
2 1205 1203 
2 1206 1204 
2 1207 1205 
2 1208 1206 
2 1209 1207 
2 1210 1208 
3 1239 1186 1209 
2 1212 1134 
2 1213 1211 
3 1214 1187 1212 
2 1215 1213 
2 1216 1214 
2 1217 1215 
2 1218 1216 
2 1219 1217 
2 1220 1218 
2 1221 1219 
2 1222 1220 
2 1223 1221 
2 1224 1222 
2 1225 1223 
2 1226 1224 
2 1227 1225 
2 1228 1226 
2 1229 1227 
2 1230 1228 
2 1231 1229 
2 1232 1230 
2 1233 1231 
2 1234 1232 
2 1235 1233 
2 1236 1234 
2 1237 1235 
2 1238 1236 
2 1239 1237 
2 1210 1238 
