1312
0 0 0
1 1 0
2 2 0
3 3 0
4 4 0
5 5 0
6 6 0
7 18 0
8 19 0
9 20 0
10 21 0
11 22 0
12 23 0
13 24 0
14 25 0
15 44 0
16 45 0
17 47 0
18 48 0
19 49 0
20 50 0
21 51 0
22 52 0
23 53 0
24 54 0
25 55 0
26 3 1
27 5 1
28 7 1
29 8 1
30 9 1
31 10 1
32 11 1
33 12 1
34 13 1
35 14 1
36 15 1
37 18 1
38 20 1
39 21 1
40 22 1
41 23 1
42 24 1
43 25 1
44 44 1
45 45 1
46 47 1
47 48 1
48 49 1
49 50 1
50 51 1
51 52 1
52 53 1
53 56 1
54 57 1
55 58 1
56 3 2
57 5 2
58 9 2
59 15 2
60 18 2
61 19 2
62 25 2
63 33 2
64 34 2
65 46 2
66 54 2
67 58 2
68 3 3
69 5 3
70 9 3
71 10 3
72 15 3
73 18 3
74 19 3
75 26 3
76 27 3
77 28 3
78 29 3
79 30 3
80 31 3
81 32 3
82 35 3
83 36 3
84 37 3
85 38 3
86 39 3
87 40 3
88 41 3
89 42 3
90 43 3
91 44 3
92 45 3
93 54 3
94 55 3
95 59 3
96 60 3
97 3 4
98 4 4
99 5 4
100 9 4
101 11 4
102 12 4
103 13 4
104 14 4
105 15 4
106 16 4
107 18 4
108 19 4
109 26 4
110 27 4
111 32 4
112 35 4
113 36 4
114 37 4
115 38 4
116 39 4
117 40 4
118 41 4
119 42 4
120 43 4
121 44 4
122 45 4
123 52 4
124 53 4
125 54 4
126 56 4
127 60 4
128 0 5
129 2 5
130 10 5
131 17 5
132 19 5
133 28 5
134 32 5
135 46 5
136 47 5
137 48 5
138 49 5
139 52 5
140 54 5
141 56 5
142 57 5
143 58 5
144 59 5
145 60 5
146 0 6
147 2 6
148 10 6
149 17 6
150 20 6
151 21 6
152 22 6
153 23 6
154 24 6
155 25 6
156 28 6
157 32 6
158 52 6
159 53 6
160 55 6
161 2 7
162 10 7
163 17 7
164 18 7
165 19 7
166 20 7
167 21 7
168 22 7
169 23 7
170 24 7
171 25 7
172 28 7
173 32 7
174 50 7
175 52 7
176 53 7
177 55 7
178 56 7
179 3 8
180 4 8
181 10 8
182 11 8
183 12 8
184 13 8
185 14 8
186 15 8
187 16 8
188 28 8
189 32 8
190 50 8
191 52 8
192 53 8
193 55 8
194 56 8
195 3 9
196 4 9
197 10 9
198 16 9
199 26 9
200 27 9
201 28 9
202 29 9
203 30 9
204 31 9
205 32 9
206 39 9
207 40 9
208 41 9
209 42 9
210 43 9
211 53 9
212 55 9
213 57 9
214 58 9
215 59 9
216 60 9
217 3 10
218 4 10
219 10 10
220 16 10
221 26 10
222 27 10
223 37 10
224 38 10
225 53 10
226 55 10
227 56 10
228 57 10
229 59 10
230 60 10
231 3 11
232 4 11
233 10 11
234 15 11
235 16 11
236 26 11
237 27 11
238 39 11
239 40 11
240 41 11
241 42 11
242 43 11
243 44 11
244 45 11
245 49 11
246 50 11
247 51 11
248 54 11
249 58 11
250 1 12
251 2 12
252 5 12
253 6 12
254 11 12
255 14 12
256 19 12
257 20 12
258 21 12
259 22 12
260 23 12
261 24 12
262 26 12
263 27 12
264 39 12
265 45 12
266 49 12
267 51 12
268 54 12
269 58 12
270 1 13
271 2 13
272 5 13
273 6 13
274 11 13
275 14 13
276 19 13
277 24 13
278 26 13
279 27 13
280 39 13
281 40 13
282 41 13
283 42 13
284 43 13
285 44 13
286 46 13
287 49 13
288 50 13
289 51 13
290 52 13
291 53 13
292 55 13
293 56 13
294 57 13
295 59 13
296 60 13
297 1 14
298 3 14
299 4 14
300 11 14
301 12 14
302 13 14
303 14 14
304 17 14
305 19 14
306 20 14
307 21 14
308 22 14
309 23 14
310 24 14
311 26 14
312 27 14
313 32 14
314 33 14
315 34 14
316 46 14
317 55 14
318 57 14
319 1 15
320 5 15
321 6 15
322 7 15
323 8 15
324 9 15
325 10 15
326 17 15
327 18 15
328 25 15
329 32 15
330 34 15
331 46 15
332 55 15
333 56 15
334 57 15
335 60 15
336 1 16
337 4 16
338 7 16
339 10 16
340 17 16
341 18 16
342 25 16
343 26 16
344 27 16
345 28 16
346 29 16
347 30 16
348 31 16
349 32 16
350 33 16
351 34 16
352 46 16
353 60 16
354 2 17
355 3 17
356 5 17
357 7 17
358 10 17
359 17 17
360 18 17
361 35 17
362 36 17
363 37 17
364 38 17
365 40 17
366 41 17
367 42 17
368 43 17
369 60 17
370 2 18
371 3 18
372 5 18
373 7 18
374 8 18
375 9 18
376 10 18
377 11 18
378 12 18
379 13 18
380 14 18
381 15 18
382 16 18
383 22 18
384 26 18
385 27 18
386 28 18
387 29 18
388 30 18
389 31 18
390 32 18
391 33 18
392 34 18
393 35 18
394 36 18
395 37 18
396 38 18
397 40 18
398 43 18
399 60 18
400 2 19
401 3 19
402 5 19
403 6 19
404 12 19
405 15 19
406 16 19
407 17 19
408 18 19
409 19 19
410 20 19
411 21 19
412 23 19
413 24 19
414 25 19
415 40 19
416 43 19
417 52 19
418 53 19
419 54 19
420 55 19
421 56 19
422 57 19
423 59 19
424 4 20
425 7 20
426 8 20
427 9 20
428 10 20
429 12 20
430 14 20
431 17 20
432 18 20
433 19 20
434 21 20
435 23 20
436 25 20
437 40 20
438 41 20
439 42 20
440 44 20
441 45 20
442 46 20
443 47 20
444 48 20
445 49 20
446 50 20
447 51 20
448 56 20
449 57 20
450 59 20
451 5 21
452 6 21
453 8 21
454 9 21
455 10 21
456 11 21
457 12 21
458 13 21
459 15 21
460 16 21
461 20 21
462 21 21
463 23 21
464 26 21
465 27 21
466 28 21
467 29 21
468 30 21
469 31 21
470 32 21
471 33 21
472 34 21
473 35 21
474 36 21
475 37 21
476 38 21
477 39 21
478 43 21
479 49 21
480 50 21
481 51 21
482 52 21
483 53 21
484 54 21
485 55 21
486 60 21
487 5 22
488 7 22
489 15 22
490 16 22
491 20 22
492 21 22
493 23 22
494 24 22
495 25 22
496 26 22
497 27 22
498 28 22
499 29 22
500 30 22
501 31 22
502 32 22
503 33 22
504 34 22
505 39 22
506 43 22
507 44 22
508 45 22
509 46 22
510 47 22
511 48 22
512 56 22
513 57 22
514 58 22
515 59 22
516 60 22
517 5 23
518 7 23
519 14 23
520 17 23
521 18 23
522 19 23
523 22 23
524 35 23
525 39 23
526 46 23
527 48 23
528 52 23
529 53 23
530 54 23
531 55 23
532 59 23
533 60 23
534 5 24
535 8 24
536 9 24
537 10 24
538 11 24
539 14 24
540 17 24
541 18 24
542 19 24
543 23 24
544 24 24
545 25 24
546 26 24
547 27 24
548 34 24
549 39 24
550 46 24
551 48 24
552 56 24
553 57 24
554 58 24
555 5 25
556 6 25
557 7 25
558 8 25
559 9 25
560 10 25
561 11 25
562 14 25
563 20 25
564 21 25
565 27 25
566 34 25
567 39 25
568 46 25
569 48 25
570 52 25
571 53 25
572 54 25
573 56 25
574 58 25
575 11 26
576 14 26
577 20 26
578 21 26
579 27 26
580 34 26
581 37 26
582 38 26
583 46 26
584 48 26
585 55 26
586 57 26
587 58 26
588 3 27
589 4 27
590 5 27
591 6 27
592 7 27
593 8 27
594 9 27
595 10 27
596 12 27
597 13 27
598 15 27
599 16 27
600 24 27
601 25 27
602 26 27
603 27 27
604 34 27
605 35 27
606 36 27
607 46 27
608 49 27
609 50 27
610 51 27
611 52 27
612 55 27
613 57 27
614 58 27
615 3 28
616 10 28
617 14 28
618 17 28
619 22 28
620 23 28
621 26 28
622 28 28
623 29 28
624 30 28
625 46 28
626 47 28
627 48 28
628 49 28
629 50 28
630 51 28
631 52 28
632 55 28
633 57 28
634 58 28
635 3 29
636 10 29
637 14 29
638 17 29
639 19 29
640 20 29
641 21 29
642 23 29
643 24 29
644 25 29
645 26 29
646 27 29
647 38 29
648 39 29
649 40 29
650 41 29
651 42 29
652 43 29
653 44 29
654 45 29
655 55 29
656 57 29
657 58 29
658 3 30
659 4 30
660 5 30
661 6 30
662 7 30
663 8 30
664 9 30
665 10 30
666 14 30
667 17 30
668 18 30
669 22 30
670 28 30
671 29 30
672 30 30
673 55 30
674 57 30
675 58 30
676 11 31
677 12 31
678 13 31
679 15 31
680 16 31
681 18 31
682 22 31
683 26 31
684 27 31
685 42 31
686 43 31
687 44 31
688 45 31
689 46 31
690 47 31
691 48 31
692 49 31
693 50 31
694 51 31
695 52 31
696 53 31
697 56 31
698 59 31
699 60 31
700 11 32
701 14 32
702 16 32
703 18 32
704 23 32
705 24 32
706 25 32
707 29 32
708 30 32
709 31 32
710 42 32
711 49 32
712 50 32
713 51 32
714 52 32
715 53 32
716 56 32
717 59 32
718 60 32
719 11 33
720 16 33
721 18 33
722 26 33
723 27 33
724 28 33
725 29 33
726 30 33
727 31 33
728 42 33
729 43 33
730 48 33
731 56 33
732 59 33
733 60 33
734 11 34
735 12 34
736 13 34
737 14 34
738 15 34
739 16 34
740 18 34
741 32 34
742 33 34
743 34 34
744 35 34
745 36 34
746 37 34
747 38 34
748 39 34
749 40 34
750 42 34
751 44 34
752 45 34
753 46 34
754 47 34
755 48 34
756 49 34
757 50 34
758 51 34
759 52 34
760 53 34
761 54 34
762 55 34
763 59 34
764 60 34
765 5 35
766 6 35
767 7 35
768 8 35
769 9 35
770 17 35
771 18 35
772 28 35
773 29 35
774 30 35
775 31 35
776 40 35
777 41 35
778 42 35
779 55 35
780 59 35
781 60 35
782 3 36
783 4 36
784 17 36
785 18 36
786 28 36
787 31 36
788 40 36
789 42 36
790 43 36
791 44 36
792 45 36
793 46 36
794 47 36
795 48 36
796 49 36
797 50 36
798 51 36
799 52 36
800 55 36
801 58 36
802 60 36
803 3 37
804 4 37
805 17 37
806 18 37
807 28 37
808 32 37
809 33 37
810 34 37
811 35 37
812 36 37
813 37 37
814 38 37
815 40 37
816 41 37
817 53 37
818 54 37
819 55 37
820 59 37
821 5 38
822 6 38
823 7 38
824 8 38
825 14 38
826 15 38
827 16 38
828 19 38
829 20 38
830 28 38
831 33 38
832 39 38
833 41 38
834 48 38
835 49 38
836 50 38
837 51 38
838 59 38
839 5 39
840 6 39
841 7 39
842 8 39
843 14 39
844 16 39
845 19 39
846 20 39
847 28 39
848 30 39
849 33 39
850 39 39
851 42 39
852 43 39
853 44 39
854 45 39
855 46 39
856 47 39
857 49 39
858 51 39
859 60 39
860 0 40
861 1 40
862 2 40
863 3 40
864 4 40
865 12 40
866 13 40
867 14 40
868 15 40
869 16 40
870 19 40
871 20 40
872 28 40
873 29 40
874 31 40
875 32 40
876 33 40
877 34 40
878 35 40
879 36 40
880 37 40
881 38 40
882 40 40
883 45 40
884 48 40
885 50 40
886 52 40
887 53 40
888 54 40
889 55 40
890 56 40
891 57 40
892 58 40
893 60 40
894 0 41
895 4 41
896 17 41
897 18 41
898 21 41
899 22 41
900 23 41
901 24 41
902 25 41
903 26 41
904 27 41
905 29 41
906 40 41
907 45 41
908 48 41
909 50 41
910 59 41
911 60 41
912 0 42
913 3 42
914 8 42
915 9 42
916 10 42
917 11 42
918 17 42
919 18 42
920 21 42
921 29 42
922 31 42
923 32 42
924 33 42
925 34 42
926 40 42
927 43 42
928 44 42
929 45 42
930 48 42
931 50 42
932 51 42
933 52 42
934 53 42
935 54 42
936 55 42
937 56 42
938 57 42
939 58 42
940 59 42
941 60 42
942 0 43
943 3 43
944 17 43
945 19 43
946 20 43
947 22 43
948 23 43
949 29 43
950 31 43
951 32 43
952 33 43
953 34 43
954 40 43
955 41 43
956 42 43
957 46 43
958 47 43
959 49 43
960 0 44
961 3 44
962 11 44
963 12 44
964 13 44
965 17 44
966 20 44
967 24 44
968 29 44
969 37 44
970 38 44
971 39 44
972 46 44
973 47 44
974 49 44
975 0 45
976 3 45
977 11 45
978 12 45
979 13 45
980 17 45
981 20 45
982 24 45
983 29 45
984 32 45
985 33 45
986 34 45
987 35 45
988 36 45
989 39 45
990 46 45
991 47 45
992 49 45
993 0 46
994 3 46
995 11 46
996 17 46
997 20 46
998 24 46
999 28 46
1000 29 46
1001 30 46
1002 31 46
1003 37 46
1004 39 46
1005 49 46
1006 0 47
1007 1 47
1008 3 47
1009 11 47
1010 17 47
1011 18 47
1012 19 47
1013 20 47
1014 24 47
1015 25 47
1016 26 47
1017 27 47
1018 31 47
1019 37 47
1020 38 47
1021 39 47
1022 49 47
1023 56 47
1024 57 47
1025 60 47
1026 2 48
1027 3 48
1028 11 48
1029 17 48
1030 21 48
1031 22 48
1032 23 48
1033 28 48
1034 29 48
1035 30 48
1036 36 48
1037 49 48
1038 55 48
1039 60 48
1040 2 49
1041 3 49
1042 11 49
1043 17 49
1044 18 49
1045 19 49
1046 20 49
1047 24 49
1048 25 49
1049 28 49
1050 31 49
1051 32 49
1052 33 49
1053 34 49
1054 35 49
1055 37 49
1056 38 49
1057 39 49
1058 40 49
1059 41 49
1060 42 49
1061 50 49
1062 51 49
1063 55 49
1064 60 49
1065 2 50
1066 3 50
1067 9 50
1068 10 50
1069 12 50
1070 13 50
1071 14 50
1072 19 50
1073 25 50
1074 28 50
1075 31 50
1076 36 50
1077 38 50
1078 43 50
1079 44 50
1080 45 50
1081 50 50
1082 51 50
1083 55 50
1084 60 50
1085 2 51
1086 3 51
1087 6 51
1088 7 51
1089 8 51
1090 12 51
1091 14 51
1092 19 51
1093 25 51
1094 28 51
1095 32 51
1096 33 51
1097 34 51
1098 36 51
1099 38 51
1100 39 51
1101 43 51
1102 44 51
1103 45 51
1104 49 51
1105 51 51
1106 55 51
1107 60 51
1108 3 52
1109 6 52
1110 8 52
1111 12 52
1112 14 52
1113 19 52
1114 23 52
1115 24 52
1116 25 52
1117 28 52
1118 32 52
1119 34 52
1120 36 52
1121 40 52
1122 42 52
1123 46 52
1124 47 52
1125 48 52
1126 51 52
1127 55 52
1128 60 52
1129 4 53
1130 5 53
1131 8 53
1132 12 53
1133 14 53
1134 19 53
1135 22 53
1136 26 53
1137 27 53
1138 28 53
1139 32 53
1140 34 53
1141 36 53
1142 40 53
1143 42 53
1144 45 53
1145 52 53
1146 53 53
1147 54 53
1148 56 53
1149 57 53
1150 58 53
1151 59 53
1152 60 53
1153 4 54
1154 8 54
1155 13 54
1156 14 54
1157 19 54
1158 22 54
1159 26 54
1160 28 54
1161 30 54
1162 31 54
1163 33 54
1164 34 54
1165 37 54
1166 38 54
1167 39 54
1168 42 54
1169 45 54
1170 50 54
1171 51 54
1172 55 54
1173 60 54
1174 4 55
1175 5 55
1176 6 55
1177 8 55
1178 13 55
1179 14 55
1180 19 55
1181 22 55
1182 26 55
1183 28 55
1184 30 55
1185 31 55
1186 32 55
1187 35 55
1188 37 55
1189 38 55
1190 39 55
1191 40 55
1192 41 55
1193 42 55
1194 43 55
1195 44 55
1196 50 55
1197 51 55
1198 55 55
1199 56 55
1200 57 55
1201 58 55
1202 59 55
1203 60 55
1204 7 56
1205 9 56
1206 10 56
1207 11 56
1208 12 56
1209 14 56
1210 19 56
1211 22 56
1212 26 56
1213 28 56
1214 33 56
1215 34 56
1216 45 56
1217 7 57
1218 8 57
1219 14 57
1220 19 57
1221 22 57
1222 26 57
1223 28 57
1224 33 57
1225 34 57
1226 45 57
1227 3 58
1228 7 58
1229 9 58
1230 10 58
1231 11 58
1232 12 58
1233 13 58
1234 14 58
1235 16 58
1236 17 58
1237 18 58
1238 21 58
1239 26 58
1240 27 58
1241 28 58
1242 34 58
1243 45 58
1244 46 58
1245 47 58
1246 48 58
1247 49 58
1248 50 58
1249 51 58
1250 52 58
1251 53 58
1252 54 58
1253 55 58
1254 56 58
1255 57 58
1256 58 58
1257 59 58
1258 60 58
1259 3 59
1260 7 59
1261 8 59
1262 14 59
1263 16 59
1264 22 59
1265 23 59
1266 24 59
1267 25 59
1268 30 59
1269 31 59
1270 32 59
1271 33 59
1272 45 59
1273 55 59
1274 56 59
1275 57 59
1276 58 59
1277 60 59
1278 0 60
1279 1 60
1280 2 60
1281 3 60
1282 5 60
1283 6 60
1284 9 60
1285 10 60
1286 11 60
1287 12 60
1288 13 60
1289 15 60
1290 16 60
1291 17 60
1292 18 60
1293 19 60
1294 20 60
1295 21 60
1296 30 60
1297 31 60
1298 32 60
1299 33 60
1300 45 60
1301 46 60
1302 47 60
1303 48 60
1304 49 60
1305 50 60
1306 51 60
1307 52 60
1308 53 60
1309 54 60
1310 59 60
1311 60 60
2 1 128 
3 2 250 0 
3 3 129 1 
3 4 26 2 
3 5 98 3 
3 6 27 4 
4 7 28 253 5 
2 8 6 
4 9 61 37 7 
3 10 38 8 
3 11 39 9 
3 12 40 10 
3 13 41 11 
3 14 42 12 
3 15 43 13 
4 16 44 64 14 
3 17 45 15 
2 18 16 
4 19 47 46 17 
3 20 48 18 
3 21 49 19 
3 22 50 20 
3 23 51 21 
3 24 52 22 
3 25 66 23 
4 55 53 94 24 
2 56 3 
2 57 5 
3 29 322 6 
3 30 323 28 
3 31 58 29 
3 32 71 30 
3 33 101 31 
3 34 102 32 
3 35 103 33 
3 36 104 34 
3 37 59 35 
3 60 36 8 
2 150 9 
2 151 10 
2 152 11 
2 153 12 
2 154 13 
3 63 62 14 
3 91 90 15 
2 92 16 
3 136 65 18 
2 137 18 
2 138 19 
2 174 20 
2 247 21 
2 123 22 
2 124 23 
3 54 126 25 
3 55 142 53 
5 96 95 67 54 25 
2 68 26 
2 69 27 
2 70 30 
3 106 72 36 
2 73 37 
2 74 8 
3 75 155 43 
4 64 314 81 43 
4 82 315 63 15 
3 135 92 46 
2 93 24 
2 143 55 
2 97 56 
2 99 57 
2 100 58 
2 130 31 
2 105 59 
3 107 131 60 
2 108 61 
3 76 109 62 
3 77 110 75 
3 78 133 76 
3 79 202 77 
3 80 203 78 
3 81 204 79 
3 111 80 63 
3 83 112 64 
3 84 113 82 
3 85 114 83 
3 86 115 84 
3 87 116 85 
3 88 117 86 
3 89 118 87 
3 90 119 88 
3 120 89 44 
2 121 44 
3 122 45 65 
2 125 66 
2 160 25 
3 127 144 55 
2 127 55 
2 179 68 
2 180 4 
2 252 69 
2 324 70 
2 182 32 
2 183 33 
2 184 34 
2 185 35 
2 186 72 
3 131 187 59 
2 164 73 
2 132 74 
2 199 75 
2 200 76 
2 134 81 
2 361 82 
2 362 83 
2 223 84 
2 224 85 
2 206 86 
2 207 87 
2 208 88 
2 209 89 
2 210 90 
2 243 91 
2 244 92 
2 139 51 
2 159 52 
2 140 93 
2 141 53 
3 145 95 96 
2 146 0 
2 147 2 
2 148 71 
3 149 106 73 
2 165 108 
2 156 77 
2 157 111 
2 286 65 
2 443 46 
2 444 47 
2 245 48 
2 158 123 
2 248 125 
2 178 126 
2 213 54 
2 214 67 
2 215 95 
2 216 127 
2 860 128 
2 161 129 
2 162 130 
2 163 131 
2 166 38 
2 167 39 
2 168 40 
2 169 41 
2 170 42 
2 171 62 
2 172 133 
2 173 134 
2 175 139 
2 176 124 
2 177 94 
2 251 147 
2 181 148 
2 304 149 
2 327 107 
2 256 132 
2 257 150 
2 258 151 
2 259 152 
2 260 153 
2 261 154 
2 328 155 
2 188 156 
2 189 157 
2 190 49 
2 191 158 
2 192 159 
2 193 160 
2 194 141 
2 195 97 
2 196 98 
2 197 162 
2 254 101 
2 301 102 
2 302 103 
2 255 104 
2 234 105 
2 198 106 
2 201 172 
2 205 173 
2 246 174 
2 290 175 
2 211 176 
2 212 177 
2 227 178 
2 217 179 
2 218 180 
2 219 181 
2 220 187 
2 221 109 
2 222 110 
2 345 188 
2 346 78 
2 347 79 
2 348 80 
2 313 189 
2 238 116 
2 239 117 
2 240 118 
2 241 119 
2 242 120 
2 225 192 
2 226 193 
2 228 142 
2 249 143 
2 229 144 
2 230 145 
2 231 195 
2 232 196 
2 233 197 
2 235 198 
2 236 199 
2 237 200 
2 363 114 
2 364 115 
2 291 211 
2 292 212 
2 293 194 
2 294 213 
2 295 215 
2 296 216 
2 298 217 
2 299 218 
2 325 219 
2 381 186 
2 382 220 
2 262 221 
2 263 222 
2 264 206 
2 281 207 
2 282 208 
2 283 209 
2 284 210 
2 285 121 
2 265 122 
2 266 138 
2 288 190 
2 267 50 
2 268 140 
2 269 214 
2 270 1 
2 271 161 
2 272 99 
2 273 6 
2 274 182 
2 275 185 
2 276 165 
2 306 166 
2 307 167 
2 308 168 
2 309 169 
2 277 170 
2 278 236 
2 279 237 
2 280 238 
2 441 244 
2 287 245 
2 289 247 
2 419 248 
2 514 249 
2 297 250 
2 354 251 
2 320 252 
2 321 253 
2 300 254 
2 303 255 
2 305 256 
2 310 261 
2 311 262 
2 312 263 
2 477 264 
2 365 239 
2 366 240 
2 367 241 
2 368 242 
2 440 243 
2 316 135 
2 445 266 
2 446 246 
2 447 267 
2 417 191 
2 418 225 
2 317 226 
2 333 227 
2 318 228 
2 423 229 
2 335 230 
2 319 270 
2 355 231 
2 337 232 
2 377 274 
2 378 183 
2 379 184 
2 380 275 
2 326 163 
2 409 276 
2 410 257 
2 411 258 
2 383 259 
2 412 260 
2 413 277 
2 343 278 
2 344 279 
2 329 205 
2 350 63 
2 330 64 
2 331 286 
2 332 292 
2 334 294 
2 336 297 
2 356 272 
2 403 273 
2 338 28 
2 374 29 
2 375 100 
2 339 233 
2 340 304 
2 341 164 
2 342 171 
2 349 313 
2 351 315 
2 352 316 
2 420 317 
2 421 293 
2 422 318 
2 353 296 
2 861 319 
2 424 299 
2 357 322 
2 358 325 
2 359 326 
2 360 327 
2 414 328 
2 384 311 
2 385 312 
2 386 201 
2 387 202 
2 388 203 
2 389 204 
2 390 329 
2 391 314 
2 392 330 
2 442 331 
2 369 335 
2 370 271 
2 371 298 
2 372 320 
2 373 338 
2 376 339 
2 407 340 
2 408 341 
2 393 112 
2 394 113 
2 395 223 
2 396 224 
2 397 281 
2 438 282 
2 439 283 
2 398 284 
2 399 353 
2 400 354 
2 401 355 
2 402 356 
2 425 357 
2 426 323 
2 427 324 
2 428 358 
2 456 300 
2 404 301 
2 458 302 
2 430 303 
2 405 234 
2 406 235 
2 523 308 
2 464 343 
2 465 344 
2 466 345 
2 467 346 
2 468 347 
2 469 348 
2 470 349 
2 471 350 
2 472 351 
2 473 361 
2 474 362 
2 475 363 
2 476 364 
2 415 365 
2 416 368 
2 486 369 
2 862 370 
2 588 371 
2 451 372 
2 452 321 
2 429 378 
2 459 381 
2 460 382 
2 431 359 
2 432 360 
2 433 305 
2 461 306 
2 434 307 
2 435 309 
2 494 310 
2 436 342 
2 437 397 
2 478 398 
2 482 290 
2 483 291 
2 484 268 
2 485 332 
2 448 333 
2 449 334 
2 450 295 
2 589 337 
2 488 373 
2 453 374 
2 454 375 
2 455 376 
2 457 404 
2 519 380 
2 520 407 
2 521 408 
2 522 409 
2 462 411 
2 463 412 
2 495 414 
2 649 415 
2 650 366 
2 651 367 
2 507 285 
2 508 265 
2 509 352 
2 510 136 
2 511 137 
2 479 287 
2 480 288 
2 481 289 
2 512 421 
2 513 422 
2 515 423 
2 487 402 
2 556 403 
2 535 426 
2 536 427 
2 537 428 
2 538 377 
2 596 429 
2 597 379 
2 489 405 
2 490 406 
2 491 410 
2 492 434 
2 493 435 
2 496 384 
2 497 385 
2 498 386 
2 499 387 
2 500 388 
2 501 389 
2 502 390 
2 503 391 
2 504 392 
2 524 393 
2 606 394 
2 581 395 
2 582 396 
2 505 280 
2 506 416 
2 608 445 
2 609 446 
2 610 447 
2 528 417 
2 529 418 
2 530 419 
2 531 420 
2 516 399 
2 517 451 
2 518 425 
2 598 459 
2 599 460 
2 563 461 
2 564 462 
2 543 463 
2 544 413 
2 545 436 
2 546 464 
2 547 465 
2 622 466 
2 623 467 
2 624 468 
2 709 469 
2 741 470 
2 742 471 
2 548 472 
2 525 477 
2 652 478 
2 653 440 
2 654 441 
2 526 442 
2 626 443 
2 527 444 
2 552 448 
2 553 449 
2 554 269 
2 532 450 
2 533 486 
2 534 487 
2 557 488 
2 539 430 
2 540 431 
2 541 432 
2 542 433 
2 619 383 
2 605 473 
2 549 505 
2 550 509 
2 551 511 
2 570 482 
2 571 483 
2 572 484 
2 585 485 
2 698 515 
2 699 516 
2 555 517 
2 558 453 
2 559 454 
2 560 455 
2 561 456 
2 562 519 
2 618 520 
2 668 521 
2 639 522 
2 620 493 
2 600 494 
2 601 495 
2 602 496 
2 565 497 
2 566 504 
2 567 525 
2 568 526 
2 569 527 
2 573 512 
2 586 513 
2 574 514 
2 590 534 
2 591 452 
2 592 518 
2 593 535 
2 594 536 
2 595 537 
2 575 538 
2 576 539 
2 577 491 
2 578 492 
2 579 547 
2 580 548 
2 648 549 
2 583 550 
2 584 551 
2 611 528 
2 696 529 
2 761 530 
2 697 552 
2 587 554 
2 676 561 
2 617 562 
2 640 563 
2 641 564 
2 603 565 
2 604 566 
2 746 475 
2 647 476 
2 607 568 
2 627 569 
2 612 531 
2 613 553 
2 614 574 
2 615 401 
2 659 424 
2 660 555 
2 661 556 
2 662 557 
2 663 558 
2 664 559 
2 616 560 
2 677 457 
2 678 458 
2 679 489 
2 680 490 
2 643 544 
2 644 545 
2 621 546 
2 646 579 
2 743 580 
2 744 524 
2 745 474 
2 625 583 
2 628 479 
2 629 480 
2 630 481 
2 631 570 
2 632 585 
2 633 586 
2 634 587 
2 635 588 
2 636 595 
2 637 576 
2 638 540 
2 669 523 
2 642 543 
2 645 602 
2 670 498 
2 671 499 
2 672 500 
2 689 607 
2 690 510 
2 691 584 
2 692 608 
2 693 609 
2 694 610 
2 695 611 
2 655 612 
2 656 613 
2 657 614 
2 658 615 
2 665 616 
2 666 617 
2 667 618 
2 828 542 
2 829 577 
2 898 578 
2 704 620 
2 705 600 
2 706 601 
2 683 621 
2 684 603 
2 747 582 
2 748 567 
2 749 437 
2 777 438 
2 685 439 
2 686 506 
2 687 507 
2 688 508 
2 673 632 
2 674 633 
2 675 634 
2 782 635 
2 783 589 
2 765 590 
2 766 591 
2 767 592 
2 768 593 
2 769 594 
2 916 636 
2 701 637 
2 770 638 
2 681 541 
2 682 619 
2 724 622 
2 707 623 
2 708 624 
2 762 655 
2 891 656 
2 801 657 
2 700 575 
2 735 596 
2 736 597 
2 738 598 
2 702 599 
2 703 668 
2 899 669 
2 722 645 
2 723 646 
2 710 651 
2 729 652 
2 751 653 
2 752 654 
2 753 625 
2 754 626 
2 730 627 
2 711 628 
2 712 629 
2 713 630 
2 714 631 
2 715 571 
2 716 573 
2 717 532 
2 718 533 
2 719 676 
2 737 666 
2 720 680 
2 721 681 
2 900 642 
2 901 643 
2 902 644 
2 725 671 
2 726 672 
2 727 501 
2 728 685 
2 756 692 
2 757 693 
2 758 694 
2 759 695 
2 760 696 
2 731 697 
2 732 698 
2 733 699 
2 734 700 
2 739 702 
2 740 703 
2 903 683 
2 904 684 
2 772 670 
2 773 707 
2 774 708 
2 775 709 
2 750 710 
2 790 686 
2 755 691 
2 890 716 
2 763 717 
2 764 718 
2 917 719 
2 865 677 
2 866 678 
2 825 701 
2 826 679 
2 827 720 
2 771 721 
2 808 502 
2 809 503 
2 810 604 
2 811 605 
2 812 606 
2 813 581 
2 814 647 
2 832 648 
2 776 649 
2 778 728 
2 791 687 
2 792 688 
2 793 689 
2 794 690 
2 795 730 
2 796 711 
2 797 712 
2 798 713 
2 799 714 
2 817 715 
2 818 572 
2 779 673 
2 780 732 
2 781 733 
2 821 660 
2 822 661 
2 823 662 
2 824 663 
2 915 664 
2 784 667 
2 785 740 
2 786 724 
2 873 725 
2 848 726 
2 787 727 
2 788 749 
2 816 650 
2 789 750 
2 800 762 
2 820 763 
2 802 764 
2 803 658 
2 804 659 
2 805 770 
2 806 771 
2 807 772 
2 874 775 
2 815 776 
2 851 778 
2 852 729 
2 853 751 
2 854 752 
2 855 753 
2 856 754 
2 834 755 
2 835 756 
2 836 757 
2 837 758 
2 886 759 
2 819 779 
2 892 675 
2 859 781 
2 863 782 
2 864 783 
2 896 784 
2 897 785 
2 830 786 
2 875 741 
2 831 742 
2 877 743 
2 878 744 
2 879 745 
2 880 746 
2 881 747 
2 882 788 
2 833 777 
2 887 760 
2 888 761 
2 889 800 
2 838 780 
2 839 765 
2 840 766 
2 841 767 
2 842 768 
2 843 737 
2 868 738 
2 844 739 
2 845 639 
2 846 640 
2 847 807 
2 849 809 
2 850 748 
2 955 816 
2 884 795 
2 857 796 
2 885 797 
2 858 798 
2 910 820 
2 1130 821 
2 1087 822 
2 1088 823 
2 914 824 
2 867 825 
2 869 827 
2 870 828 
2 871 829 
2 872 830 
2 1001 774 
2 876 831 
2 971 832 
2 956 789 
2 927 790 
2 928 791 
2 883 792 
2 957 793 
2 958 794 
2 959 835 
2 932 837 
2 893 802 
2 894 146 
2 1007 336 
2 1026 400 
2 913 803 
2 895 804 
2 963 735 
2 964 736 
2 1071 843 
2 1289 826 
2 1235 844 
2 945 845 
2 946 846 
2 999 847 
2 905 773 
2 922 787 
2 923 808 
2 924 849 
2 925 810 
2 987 811 
2 988 812 
2 969 813 
2 970 814 
2 906 815 
2 907 854 
2 908 834 
2 909 836 
2 933 799 
2 934 817 
2 935 818 
2 936 819 
2 937 731 
2 938 674 
2 939 801 
2 911 859 
2 912 860 
2 1129 864 
2 918 805 
2 919 806 
2 920 641 
2 947 682 
2 948 704 
2 967 705 
2 1015 706 
2 1016 722 
2 1017 723 
2 921 873 
2 926 882 
2 929 883 
2 930 884 
2 931 885 
2 940 838 
2 941 893 
2 942 894 
2 943 863 
2 1089 842 
2 1067 769 
2 1068 665 
2 962 734 
2 944 896 
2 1011 897 
2 1030 898 
2 949 905 
2 950 874 
2 951 875 
2 952 876 
2 953 877 
2 954 906 
2 1078 852 
2 1079 853 
2 1080 907 
2 1125 908 
2 1061 909 
2 1062 858 
2 1145 886 
2 1146 887 
2 1147 888 
2 1038 889 
2 1023 890 
2 1024 891 
2 1150 892 
2 1151 910 
2 1025 911 
2 960 912 
2 961 913 
2 965 918 
2 1012 870 
2 966 871 
2 1031 899 
2 1032 900 
2 968 921 
2 1002 922 
2 984 923 
2 985 924 
2 986 925 
2 1058 926 
2 1059 833 
2 1060 851 
2 972 855 
2 973 856 
2 974 857 
2 975 942 
2 976 943 
2 977 917 
2 978 865 
2 979 866 
2 980 944 
2 981 946 
2 982 901 
2 983 949 
2 1003 880 
2 1020 881 
2 989 850 
2 990 957 
2 991 958 
2 992 959 
2 993 960 
2 994 961 
2 995 962 
2 1069 963 
2 1070 964 
2 996 965 
2 997 966 
2 998 967 
2 1000 968 
2 1051 951 
2 1052 952 
2 1053 953 
2 1054 878 
2 1036 879 
2 1004 971 
2 1123 972 
2 1124 973 
2 1005 974 
2 1006 975 
2 1008 976 
2 1009 977 
2 1010 980 
2 1013 981 
2 1014 982 
2 1033 872 
2 1034 983 
2 1035 848 
2 1018 950 
2 1019 969 
2 1021 989 
2 1022 992 
2 1278 993 
2 1279 861 
2 1027 994 
2 1028 995 
2 1029 996 
2 1044 919 
2 1045 945 
2 1046 997 
2 1047 998 
2 1048 902 
2 1136 903 
2 1137 904 
2 1050 1002 
2 1055 1003 
2 1056 970 
2 1057 1004 
2 1037 1005 
2 1148 937 
2 1149 938 
2 1039 941 
2 1040 862 
2 1041 1008 
2 1042 1009 
2 1043 1010 
2 1238 920 
2 1135 947 
2 1114 948 
2 1049 999 
3 1184 1094 1000 
2 1161 1001 
2 1076 988 
2 1104 1022 
2 1063 936 
2 1064 1025 
2 1065 1026 
2 1066 1027 
2 1207 1028 
2 1236 1029 
2 1237 1011 
2 1072 1012 
2 1294 1013 
2 1115 1014 
2 1073 1015 
2 1074 1033 
2 1075 1018 
2 1095 984 
2 1096 985 
2 1097 986 
2 1187 987 
2 1165 1019 
2 1077 1020 
2 1100 1021 
2 1121 954 
2 1192 955 
2 1122 956 
2 1081 931 
2 1082 932 
2 1083 1038 
2 1084 1039 
2 1085 1040 
2 1086 1041 
2 1205 915 
2 1206 916 
2 1090 978 
2 1155 979 
2 1091 867 
2 1092 1045 
2 1093 1048 
2 1094 1049 
2 1162 1050 
2 1098 1036 
2 1099 1056 
2 1101 927 
2 1102 928 
2 1103 929 
2 1170 1061 
2 1105 1062 
2 1106 1063 
2 1107 1064 
2 1280 1065 
2 1108 1066 
2 1109 840 
2 1204 841 
2 1110 914 
2 1111 1069 
2 1112 1071 
2 1113 1072 
2 1116 1073 
3 1117 1074 1034 
2 1118 1051 
2 1163 1052 
2 1119 1053 
2 1120 1076 
2 1166 1077 
2 1167 1057 
2 1194 1078 
2 1195 1079 
2 1144 1080 
2 1247 1037 
2 1126 1082 
2 1127 1083 
2 1128 1084 
2 1227 1086 
2 1176 1087 
2 1131 1089 
2 1132 1090 
2 1133 1091 
2 1134 1092 
2 1265 1032 
2 1266 1047 
2 1267 1093 
2 1138 1094 
2 1139 1095 
2 1140 1097 
2 1141 1098 
2 1142 1058 
2 1143 1060 
2 1244 990 
2 1245 991 
2 1246 930 
2 1171 1105 
2 1172 1106 
2 1152 1107 
2 1153 895 
2 1175 839 
2 1154 1110 
2 1208 1111 
2 1156 1112 
2 1157 1113 
2 1158 1031 
2 1159 1016 
2 1240 1017 
2 1160 1117 
2 1186 1118 
2 1164 1119 
3 1188 1187 1120 
2 1191 1121 
2 1168 1122 
2 1169 1103 
2 1250 933 
2 1251 934 
2 1252 935 
2 1199 1023 
2 1200 1024 
2 1201 939 
2 1202 940 
2 1173 1128 
2 1174 1129 
2 1177 1131 
2 1178 1070 
2 1179 1133 
2 1180 1134 
2 1181 1135 
2 1182 1136 
2 1183 1138 
2 1184 1035 
2 1185 1075 
2 1214 1096 
2 1215 1140 
2 1188 1055 
2 1189 1099 
2 1190 1100 
2 1193 1143 
2 1216 1144 
2 1196 1081 
2 1197 1126 
2 1198 1127 
2 1203 1152 
3 1175 1259 1153 
3 1176 1174 1130 
3 1217 1175 1109 
2 1218 1154 
2 1233 1155 
2 1209 1156 
2 1210 1157 
2 1211 1158 
2 1212 1159 
2 1213 1160 
3 1268 1034 1161 
2 1269 1162 
2 1270 1139 
3 1225 1054 1141 
4 1189 1242 1141 1165 
3 1190 1188 1166 
3 1191 1189 1167 
3 1192 1190 1142 
3 1193 1191 1059 
3 1194 1192 1168 
3 1195 1193 1101 
3 1272 1194 1102 
2 1248 1170 
2 1249 1171 
2 1253 1172 
2 1254 1148 
2 1255 1149 
2 1256 1150 
2 1257 1151 
2 1258 1173 
2 1217 1088 
2 1229 1067 
2 1230 1068 
2 1231 1042 
2 1232 1132 
2 1219 1179 
2 1220 1180 
2 1221 1181 
2 1222 1182 
2 1223 1183 
2 1224 1163 
2 1225 1164 
2 1226 1169 
3 1228 1176 1204 
2 1261 1177 
2 1234 1209 
2 1293 1210 
2 1264 1211 
2 1239 1212 
2 1241 1213 
2 1271 1214 
3 1242 1215 1187 
2 1243 1216 
2 1259 1108 
2 1260 1217 
3 1230 1261 1205 
3 1231 1229 1206 
3 1232 1230 1207 
3 1233 1231 1208 
3 1234 1232 1178 
3 1262 1233 1219 
2 1263 869 
2 1291 1043 
2 1292 1044 
2 1295 1030 
3 1240 1267 1222 
3 1241 1239 1137 
3 1268 1240 1223 
3 1271 1225 1188 
2 1272 1226 
2 1301 1123 
2 1302 1124 
2 1303 1125 
2 1304 1104 
2 1305 1196 
2 1306 1197 
2 1307 1145 
2 1308 1146 
2 1309 1147 
2 1273 1198 
2 1274 1199 
2 1275 1200 
2 1276 1201 
2 1310 1202 
2 1277 1203 
3 1281 1227 1174 
3 1261 1281 1228 
4 1262 1260 1218 1229 
3 1289 1261 1234 
2 1290 1235 
3 1265 1295 1221 
3 1266 1264 1114 
3 1267 1265 1115 
4 1268 1266 1116 1239 
4 1297 1267 1241 1184 
2 1297 1185 
2 1298 1186 
3 1299 1224 1242 
3 1300 1195 1243 
3 1274 1309 1253 
3 1275 1273 1254 
3 1276 1274 1255 
3 1310 1275 1256 
2 1311 1258 
2 1279 1006 
3 1280 1278 1007 
3 1281 1279 1085 
4 1282 1280 1259 1260 
2 1283 1281 
2 1284 1282 
2 1285 1283 
2 1286 1284 
2 1287 1285 
2 1288 1286 
2 1289 1287 
4 1290 1288 1262 868 
3 1291 1289 1263 
3 1292 1290 1236 
3 1293 1291 1237 
3 1294 1292 1220 
3 1295 1293 1046 
4 1296 1294 1238 1264 
2 1297 1295 
4 1298 1296 1268 1269 
3 1299 1297 1270 
3 1300 1298 1271 
3 1301 1299 1272 
3 1302 1300 1244 
3 1303 1301 1245 
3 1304 1302 1246 
3 1305 1303 1247 
3 1306 1304 1248 
3 1307 1305 1249 
3 1308 1306 1250 
3 1309 1307 1251 
4 1310 1308 1252 1273 
4 1311 1309 1276 1257 
2 1310 1277 
