326
0 0 29
1 0 30
2 1 10
3 1 11
4 1 16
5 1 17
6 1 18
7 1 19
8 1 20
9 1 25
10 1 26
11 1 27
12 1 28
13 1 29
14 1 30
15 2 4
16 2 5
17 2 6
18 2 8
19 2 10
20 2 11
21 2 15
22 2 16
23 2 21
24 2 22
25 2 23
26 2 24
27 3 4
28 3 6
29 3 8
30 3 10
31 3 11
32 3 15
33 3 16
34 3 21
35 3 25
36 3 26
37 3 27
38 3 28
39 3 29
40 4 4
41 4 7
42 4 9
43 4 11
44 4 14
45 4 15
46 4 21
47 4 30
48 5 1
49 5 4
50 5 5
51 5 6
52 5 8
53 5 10
54 5 11
55 5 14
56 5 15
57 5 21
58 5 30
59 6 1
60 6 2
61 6 3
62 6 7
63 6 9
64 6 12
65 6 13
66 6 15
67 6 21
68 6 26
69 6 27
70 6 28
71 6 29
72 6 30
73 7 3
74 7 7
75 7 12
76 7 16
77 7 17
78 7 18
79 7 19
80 7 20
81 7 25
82 7 30
83 8 3
84 8 7
85 8 8
86 8 9
87 8 12
88 8 22
89 8 23
90 8 25
91 9 5
92 9 6
93 9 9
94 9 10
95 9 11
96 9 14
97 9 15
98 9 21
99 9 24
100 9 25
101 9 30
102 10 5
103 10 6
104 10 9
105 10 13
106 10 16
107 10 17
108 10 18
109 10 19
110 10 20
111 10 22
112 10 23
113 10 26
114 10 27
115 10 28
116 10 29
117 10 30
118 11 5
119 11 6
120 11 9
121 11 13
122 11 21
123 11 29
124 12 5
125 12 6
126 12 8
127 12 14
128 12 15
129 12 16
130 12 17
131 12 18
132 12 19
133 12 20
134 12 29
135 13 5
136 13 6
137 13 8
138 13 14
139 13 15
140 13 16
141 13 17
142 13 18
143 13 19
144 13 30
145 14 8
146 14 13
147 14 20
148 14 21
149 14 30
150 15 8
151 15 14
152 15 22
153 15 30
154 16 0
155 16 1
156 16 3
157 16 4
158 16 5
159 16 8
160 16 10
161 16 11
162 16 12
163 16 13
164 16 14
165 16 15
166 16 22
167 16 30
168 17 0
169 17 1
170 17 3
171 17 5
172 17 8
173 17 9
174 17 22
175 17 23
176 17 24
177 17 25
178 17 29
179 17 30
180 18 0
181 18 1
182 18 3
183 18 5
184 18 8
185 18 9
186 18 26
187 18 28
188 18 30
189 19 0
190 19 1
191 19 3
192 19 4
193 19 5
194 19 7
195 19 9
196 19 26
197 19 29
198 19 30
199 20 0
200 20 1
201 20 3
202 20 5
203 20 7
204 20 9
205 20 12
206 20 13
207 20 14
208 20 15
209 20 16
210 20 17
211 20 18
212 20 19
213 20 20
214 20 21
215 20 26
216 20 30
217 21 0
218 21 1
219 21 3
220 21 7
221 21 9
222 21 11
223 21 21
224 21 25
225 21 30
226 22 0
227 22 2
228 22 7
229 22 9
230 22 11
231 22 21
232 22 24
233 22 28
234 22 30
235 23 0
236 23 1
237 23 3
238 23 4
239 23 5
240 23 7
241 23 10
242 23 17
243 23 18
244 23 19
245 23 21
246 23 24
247 23 27
248 23 29
249 23 30
250 24 2
251 24 4
252 24 5
253 24 7
254 24 10
255 24 11
256 24 12
257 24 13
258 24 14
259 24 15
260 24 16
261 24 20
262 24 22
263 24 23
264 24 27
265 24 29
266 24 30
267 25 2
268 25 3
269 25 7
270 25 9
271 25 16
272 25 17
273 25 18
274 25 20
275 25 28
276 25 30
277 26 2
278 26 7
279 26 10
280 26 11
281 26 12
282 26 13
283 26 14
284 26 15
285 26 19
286 26 30
287 27 2
288 27 7
289 27 10
290 27 16
291 27 18
292 27 20
293 27 21
294 27 22
295 27 23
296 27 30
297 28 2
298 28 7
299 28 9
300 28 16
301 28 18
302 28 24
303 28 25
304 28 26
305 28 27
306 28 28
307 28 29
308 28 30
309 29 2
310 29 7
311 29 9
312 29 11
313 29 12
314 29 13
315 29 14
316 29 15
317 29 16
318 29 17
319 29 30
320 30 2
321 30 7
322 30 8
323 30 9
324 30 11
325 30 30
2 1 2 
3 14 0 13 
3 3 0 15 
2 4 2 
2 5 3 
2 6 4 
2 7 5 
2 8 6 
2 9 7 
2 10 8 
3 11 9 26 
2 12 10 
2 13 11 
3 39 1 12 
2 47 1 
4 27 16 2 48 
2 17 15 
2 18 16 
2 19 17 
2 20 18 
2 21 19 
2 22 20 
2 23 21 
2 24 22 
2 25 23 
2 26 24 
3 37 10 25 
3 40 28 15 
2 29 27 
2 30 28 
2 31 29 
2 32 30 
2 33 31 
2 34 32 
2 35 33 
2 36 34 
2 37 35 
3 38 26 36 
2 39 37 
3 47 13 38 
3 41 27 48 
2 42 40 
2 43 41 
2 44 42 
2 45 43 
2 46 44 
2 47 45 
4 58 14 39 46 
5 59 49 40 15 154 
2 50 48 
2 51 49 
2 52 50 
2 53 51 
2 54 52 
2 55 53 
2 56 54 
2 57 55 
2 58 56 
3 72 47 57 
3 155 60 48 
2 61 59 
3 73 62 60 
2 63 61 
2 64 62 
2 65 63 
2 66 64 
2 67 65 
2 68 66 
2 69 67 
2 70 68 
2 71 69 
4 116 72 70 81 
3 82 58 71 
3 83 74 61 
2 75 73 
2 76 74 
2 77 75 
2 78 76 
2 79 77 
2 80 78 
2 81 79 
3 90 71 80 
2 101 72 
4 156 91 84 73 
2 85 83 
2 86 84 
2 87 85 
2 88 86 
2 89 87 
2 90 88 
3 100 81 89 
3 102 92 83 
2 93 91 
2 94 92 
2 95 93 
2 96 94 
2 97 95 
2 98 96 
2 99 97 
2 100 98 
3 115 90 99 
2 117 82 
3 118 103 91 
2 104 102 
2 105 103 
2 106 104 
2 107 105 
2 108 106 
2 109 107 
2 110 108 
2 111 109 
2 112 110 
2 113 111 
2 114 112 
2 115 113 
3 116 100 114 
3 123 71 115 
2 144 101 
3 124 119 102 
2 120 118 
2 121 119 
2 122 120 
2 123 121 
3 134 116 122 
3 135 125 118 
2 126 124 
2 127 125 
2 128 126 
2 129 127 
2 130 128 
2 131 129 
2 132 130 
2 133 131 
2 134 132 
3 144 123 133 
3 136 124 156 
2 137 135 
3 145 138 136 
2 139 137 
2 140 138 
2 141 139 
2 142 140 
2 143 141 
2 144 142 
4 149 117 134 143 
3 150 146 137 
2 147 145 
2 148 146 
2 149 147 
3 153 144 148 
3 151 145 157 
2 152 150 
2 153 151 
3 167 149 152 
2 168 48 
2 169 59 
4 170 157 135 83 
3 158 150 156 
2 159 157 
2 160 158 
2 161 159 
2 162 160 
2 163 161 
2 164 162 
2 165 163 
2 166 164 
2 167 165 
3 179 153 166 
2 180 154 
2 181 155 
3 182 171 156 
2 172 170 
2 173 171 
2 174 172 
2 175 173 
2 176 174 
2 177 175 
2 178 176 
2 179 177 
3 188 167 178 
2 189 168 
2 190 169 
3 191 183 170 
2 184 182 
2 185 183 
2 186 184 
2 187 185 
2 188 186 
3 198 179 187 
2 199 180 
2 200 181 
3 201 192 182 
2 193 191 
2 194 192 
2 195 193 
2 196 194 
2 197 195 
2 198 196 
3 216 188 197 
2 217 189 
2 218 190 
3 219 202 191 
2 203 201 
2 204 202 
2 205 203 
2 206 204 
2 207 205 
2 208 206 
2 209 207 
2 210 208 
2 211 209 
2 212 210 
2 213 211 
2 214 212 
2 215 213 
2 216 214 
3 225 198 215 
3 226 218 199 
3 219 200 217 
3 220 201 218 
2 221 219 
2 222 220 
2 223 221 
2 224 222 
2 225 223 
3 234 216 224 
3 235 227 217 
2 228 226 
2 229 227 
2 230 228 
2 231 229 
2 232 230 
2 233 231 
2 234 232 
3 249 225 233 
3 320 236 226 
3 250 237 235 
2 238 236 
2 239 237 
2 240 238 
2 241 239 
2 242 240 
2 243 241 
2 244 242 
2 245 243 
2 246 244 
2 247 245 
2 248 246 
2 249 247 
3 266 234 248 
3 267 251 236 
2 252 250 
2 253 251 
2 254 252 
2 255 253 
2 256 254 
2 257 255 
2 258 256 
2 259 257 
2 260 258 
2 261 259 
2 262 260 
2 263 261 
2 264 262 
2 265 263 
2 266 264 
3 276 249 265 
3 277 268 250 
2 269 267 
2 270 268 
2 271 269 
2 272 270 
2 273 271 
2 274 272 
2 275 273 
2 276 274 
3 286 266 275 
3 287 278 267 
2 279 277 
2 280 278 
2 281 279 
2 282 280 
2 283 281 
2 284 282 
2 285 283 
2 286 284 
3 296 276 285 
3 297 288 277 
2 289 287 
2 290 288 
2 291 289 
2 292 290 
2 293 291 
2 294 292 
2 295 293 
2 296 294 
3 308 286 295 
3 309 298 287 
2 299 297 
2 300 298 
2 301 299 
2 302 300 
2 303 301 
2 304 302 
2 305 303 
2 306 304 
2 307 305 
2 308 306 
3 319 296 307 
3 320 310 297 
2 311 309 
2 312 310 
2 313 311 
2 314 312 
2 315 313 
2 316 314 
2 317 315 
2 318 316 
2 319 317 
3 325 308 318 
3 321 309 235 
2 322 320 
2 323 321 
2 324 322 
2 325 323 
2 319 324 
