1026
0 0 0
1 0 8
2 0 9
3 0 10
4 0 11
5 0 12
6 0 13
7 0 14
8 0 15
9 0 16
10 0 17
11 0 18
12 0 19
13 0 20
14 0 21
15 0 22
16 0 23
17 0 24
18 0 25
19 0 26
20 0 27
21 0 28
22 0 29
23 0 30
24 0 31
25 0 32
26 0 33
27 0 55
28 0 56
29 0 57
30 0 58
31 0 59
32 0 60
33 0 61
34 0 62
35 0 63
36 0 64
37 0 65
38 0 66
39 0 67
40 0 68
41 0 69
42 0 70
43 1 0
44 1 8
45 1 21
46 1 24
47 1 33
48 1 55
49 1 56
50 1 57
51 1 58
52 1 59
53 1 60
54 1 61
55 1 62
56 1 63
57 1 64
58 1 65
59 1 66
60 1 67
61 1 69
62 1 70
63 2 0
64 2 4
65 2 5
66 2 8
67 2 21
68 2 24
69 2 25
70 2 26
71 2 27
72 2 28
73 2 29
74 2 30
75 2 31
76 2 32
77 2 33
78 2 34
79 2 68
80 3 0
81 3 1
82 3 2
83 3 3
84 3 4
85 3 8
86 3 9
87 3 10
88 3 11
89 3 12
90 3 13
91 3 14
92 3 21
93 3 69
94 4 0
95 4 1
96 4 2
97 4 3
98 4 4
99 4 15
100 4 16
101 4 17
102 4 18
103 4 19
104 4 20
105 4 21
106 4 36
107 4 69
108 5 33
109 5 34
110 5 69
111 6 69
112 7 0
113 7 1
114 7 2
115 7 3
116 7 4
117 7 5
118 7 6
119 7 7
120 7 8
121 7 55
122 7 69
123 8 0
124 8 5
125 8 6
126 8 7
127 8 8
128 8 9
129 8 17
130 8 18
131 8 19
132 8 20
133 8 21
134 8 22
135 8 23
136 8 24
137 8 25
138 8 26
139 8 27
140 8 28
141 8 29
142 8 30
143 8 31
144 8 32
145 8 33
146 8 34
147 8 67
148 8 68
149 8 69
150 9 0
151 9 4
152 9 11
153 9 12
154 9 13
155 9 14
156 9 15
157 9 16
158 9 54
159 9 67
160 9 69
161 10 0
162 10 4
163 10 11
164 10 16
165 10 54
166 10 55
167 10 56
168 10 57
169 10 67
170 10 69
171 11 0
172 11 4
173 11 8
174 11 11
175 11 16
176 11 54
177 11 57
178 11 67
179 11 69
180 12 0
181 12 4
182 12 8
183 12 11
184 12 16
185 12 54
186 12 57
187 12 61
188 12 62
189 12 63
190 12 67
191 12 69
192 13 0
193 13 4
194 13 11
195 13 12
196 13 13
197 13 14
198 13 15
199 13 16
200 13 38
201 13 39
202 13 40
203 13 41
204 13 54
205 13 58
206 13 59
207 13 61
208 13 62
209 13 63
210 13 67
211 13 69
212 14 0
213 14 4
214 14 38
215 14 41
216 14 54
217 14 56
218 14 57
219 14 58
220 14 59
221 14 66
222 14 69
223 15 0
224 15 4
225 15 38
226 15 41
227 15 54
228 15 55
229 15 66
230 15 67
231 15 68
232 16 0
233 16 4
234 16 38
235 16 39
236 16 40
237 16 41
238 16 42
239 16 43
240 16 46
241 16 47
242 16 48
243 16 49
244 16 50
245 16 51
246 16 52
247 16 59
248 16 60
249 16 61
250 16 64
251 16 69
252 17 0
253 17 4
254 17 28
255 17 29
256 17 30
257 17 31
258 17 32
259 17 33
260 17 34
261 17 65
262 17 66
263 17 69
264 18 0
265 18 2
266 18 3
267 18 4
268 18 29
269 18 30
270 18 31
271 18 32
272 18 33
273 18 34
274 18 65
275 18 66
276 18 69
277 19 0
278 19 1
279 19 19
280 19 20
281 19 36
282 19 37
283 19 38
284 19 39
285 19 40
286 19 41
287 19 42
288 19 43
289 19 46
290 19 47
291 19 48
292 19 49
293 19 50
294 19 51
295 19 65
296 19 67
297 19 68
298 20 0
299 20 1
300 20 19
301 20 20
302 20 36
303 20 40
304 20 41
305 20 42
306 20 43
307 20 46
308 20 51
309 20 65
310 20 66
311 20 67
312 20 68
313 20 70
314 21 0
315 21 2
316 21 3
317 21 4
318 21 13
319 21 14
320 21 19
321 21 20
322 21 36
323 21 39
324 21 46
325 21 47
326 21 48
327 21 49
328 21 50
329 21 51
330 21 69
331 21 70
332 22 0
333 22 4
334 22 13
335 22 14
336 22 19
337 22 20
338 22 29
339 22 30
340 22 31
341 22 32
342 22 33
343 22 36
344 22 39
345 22 46
346 22 62
347 23 0
348 23 1
349 23 2
350 23 3
351 23 4
352 23 13
353 23 14
354 23 19
355 23 20
356 23 29
357 23 30
358 23 31
359 23 32
360 23 33
361 23 36
362 23 37
363 23 38
364 23 39
365 23 46
366 23 62
367 24 13
368 24 14
369 24 19
370 24 20
371 24 39
372 24 46
373 24 52
374 24 53
375 24 54
376 24 65
377 25 39
378 25 46
379 25 65
380 26 46
381 26 65
382 27 13
383 27 14
384 27 19
385 27 20
386 27 21
387 27 22
388 27 23
389 27 24
390 27 25
391 27 26
392 27 27
393 27 28
394 27 46
395 27 57
396 27 58
397 27 59
398 28 13
399 28 14
400 28 19
401 28 20
402 28 29
403 28 30
404 28 46
405 28 57
406 28 59
407 29 13
408 29 14
409 29 19
410 29 20
411 29 29
412 29 30
413 29 43
414 29 52
415 29 53
416 29 57
417 29 59
418 30 11
419 30 12
420 30 13
421 30 19
422 30 20
423 30 29
424 30 30
425 30 52
426 30 53
427 30 57
428 30 58
429 30 59
430 31 11
431 31 13
432 31 19
433 31 20
434 31 52
435 31 53
436 31 57
437 31 66
438 31 67
439 32 11
440 32 13
441 32 19
442 32 20
443 32 33
444 32 34
445 32 35
446 32 36
447 32 38
448 32 39
449 32 51
450 32 53
451 32 66
452 32 67
453 33 11
454 33 13
455 33 19
456 33 20
457 33 33
458 33 35
459 33 36
460 33 38
461 33 39
462 33 45
463 33 46
464 33 51
465 33 52
466 33 53
467 33 60
468 33 66
469 33 67
470 34 11
471 34 13
472 34 19
473 34 20
474 34 33
475 34 34
476 34 41
477 34 45
478 34 56
479 34 60
480 34 66
481 34 67
482 35 11
483 35 13
484 35 19
485 35 20
486 35 33
487 35 34
488 35 41
489 35 45
490 35 56
491 35 60
492 36 11
493 36 12
494 36 13
495 36 19
496 36 20
497 36 24
498 36 29
499 36 37
500 36 41
501 36 45
502 36 47
503 36 48
504 36 49
505 36 50
506 36 54
507 36 55
508 36 56
509 36 60
510 37 5
511 37 6
512 37 7
513 37 8
514 37 9
515 37 19
516 37 20
517 37 24
518 37 33
519 37 34
520 37 41
521 37 45
522 37 47
523 37 50
524 37 54
525 37 55
526 37 56
527 38 4
528 38 5
529 38 6
530 38 7
531 38 8
532 38 9
533 38 19
534 38 20
535 38 24
536 38 33
537 38 34
538 38 41
539 38 45
540 38 47
541 38 48
542 38 49
543 38 50
544 39 19
545 39 20
546 39 24
547 39 32
548 39 37
549 39 45
550 39 46
551 40 19
552 40 20
553 40 24
554 40 32
555 40 37
556 41 14
557 41 15
558 41 16
559 41 24
560 41 33
561 41 34
562 41 42
563 41 43
564 41 44
565 42 14
566 42 15
567 42 16
568 42 24
569 42 33
570 42 34
571 42 42
572 42 44
573 43 0
574 43 1
575 43 2
576 43 3
577 43 4
578 43 5
579 43 6
580 43 7
581 43 8
582 43 14
583 43 19
584 43 20
585 43 24
586 43 28
587 43 30
588 43 31
589 43 33
590 43 34
591 43 42
592 43 44
593 43 61
594 43 62
595 43 63
596 43 64
597 43 65
598 44 0
599 44 3
600 44 5
601 44 6
602 44 7
603 44 8
604 44 14
605 44 19
606 44 20
607 44 24
608 44 28
609 44 30
610 44 31
611 44 33
612 44 34
613 44 42
614 44 44
615 44 49
616 44 50
617 44 51
618 44 61
619 44 65
620 44 69
621 44 70
622 45 0
623 45 3
624 45 4
625 45 14
626 45 19
627 45 20
628 45 24
629 45 28
630 45 30
631 45 31
632 45 33
633 45 34
634 45 42
635 45 44
636 45 49
637 45 51
638 45 61
639 45 65
640 45 69
641 45 70
642 46 0
643 46 3
644 46 4
645 46 14
646 46 19
647 46 20
648 46 24
649 46 28
650 46 30
651 46 31
652 46 33
653 46 34
654 46 42
655 46 44
656 46 49
657 46 51
658 46 61
659 46 65
660 46 69
661 46 70
662 47 0
663 47 3
664 47 4
665 47 14
666 47 21
667 47 22
668 47 23
669 47 30
670 47 31
671 47 42
672 47 45
673 47 46
674 47 47
675 47 48
676 47 51
677 47 61
678 47 62
679 47 63
680 47 65
681 47 69
682 47 70
683 48 0
684 48 3
685 48 4
686 48 14
687 48 21
688 48 22
689 48 23
690 48 42
691 48 51
692 48 64
693 48 65
694 48 69
695 48 70
696 49 0
697 49 3
698 49 4
699 49 14
700 49 18
701 49 19
702 49 20
703 49 25
704 49 26
705 49 27
706 49 42
707 49 51
708 49 64
709 49 65
710 49 69
711 49 70
712 50 0
713 50 3
714 50 4
715 50 14
716 50 18
717 50 20
718 50 24
719 50 27
720 50 42
721 50 43
722 50 44
723 50 45
724 50 46
725 50 47
726 50 48
727 50 49
728 50 50
729 50 51
730 50 64
731 50 65
732 50 69
733 50 70
734 51 0
735 51 14
736 51 18
737 51 19
738 51 20
739 51 24
740 51 27
741 51 64
742 51 65
743 51 69
744 51 70
745 52 0
746 52 14
747 52 18
748 52 21
749 52 22
750 52 23
751 52 25
752 52 27
753 52 30
754 52 31
755 52 64
756 52 65
757 53 0
758 53 14
759 53 18
760 53 21
761 53 22
762 53 23
763 53 25
764 53 27
765 53 29
766 53 30
767 53 31
768 53 64
769 53 65
770 54 0
771 54 6
772 54 7
773 54 14
774 54 16
775 54 17
776 54 18
777 54 23
778 54 25
779 54 27
780 54 29
781 54 64
782 54 65
783 54 68
784 54 69
785 54 70
786 55 0
787 55 6
788 55 7
789 55 14
790 55 16
791 55 17
792 55 18
793 55 23
794 55 25
795 55 27
796 55 29
797 55 64
798 55 65
799 55 68
800 55 70
801 56 0
802 56 1
803 56 2
804 56 3
805 56 8
806 56 9
807 56 10
808 56 11
809 56 12
810 56 13
811 56 19
812 56 20
813 56 23
814 56 25
815 56 27
816 56 29
817 56 43
818 56 44
819 56 45
820 56 46
821 56 47
822 56 48
823 56 49
824 56 50
825 56 51
826 56 57
827 56 58
828 56 59
829 56 68
830 56 70
831 57 0
832 57 3
833 57 8
834 57 13
835 57 19
836 57 20
837 57 23
838 57 25
839 57 28
840 57 29
841 57 57
842 57 58
843 57 59
844 57 68
845 57 70
846 58 0
847 58 3
848 58 8
849 58 13
850 58 21
851 58 22
852 58 24
853 58 29
854 58 61
855 58 62
856 58 63
857 58 68
858 58 70
859 59 0
860 59 3
861 59 8
862 59 12
863 59 16
864 59 17
865 59 18
866 59 21
867 59 23
868 59 29
869 59 35
870 59 36
871 59 37
872 59 38
873 59 39
874 59 40
875 59 41
876 59 42
877 59 43
878 59 44
879 59 61
880 59 62
881 59 63
882 59 68
883 59 70
884 60 0
885 60 3
886 60 8
887 60 9
888 60 10
889 60 11
890 60 12
891 60 16
892 60 17
893 60 18
894 60 21
895 60 22
896 60 23
897 60 24
898 60 25
899 60 26
900 60 27
901 60 28
902 60 29
903 60 38
904 60 39
905 60 40
906 60 41
907 60 42
908 60 43
909 60 44
910 60 65
911 60 66
912 60 67
913 60 70
914 61 0
915 61 2
916 61 6
917 61 7
918 61 65
919 61 70
920 62 0
921 62 2
922 62 6
923 62 7
924 62 65
925 62 66
926 62 67
927 62 68
928 62 69
929 62 70
930 63 0
931 63 1
932 63 22
933 63 23
934 64 8
935 64 9
936 64 10
937 64 11
938 64 12
939 64 13
940 64 22
941 64 23
942 65 7
943 65 9
944 65 10
945 65 11
946 65 12
947 65 13
948 65 22
949 65 23
950 65 27
951 65 30
952 65 31
953 65 32
954 65 33
955 65 34
956 65 35
957 65 36
958 66 0
959 66 1
960 66 4
961 66 5
962 66 6
963 66 8
964 66 22
965 66 23
966 67 0
967 67 1
968 67 4
969 67 8
970 67 19
971 67 20
972 67 21
973 67 24
974 67 25
975 67 26
976 67 27
977 67 28
978 67 29
979 68 0
980 68 1
981 68 4
982 68 8
983 68 19
984 68 21
985 68 24
986 68 27
987 68 28
988 68 29
989 69 0
990 69 1
991 69 4
992 69 8
993 69 19
994 69 21
995 69 24
996 69 26
997 69 34
998 69 35
999 69 36
1000 69 37
1001 69 38
1002 69 39
1003 69 40
1004 69 41
1005 69 42
1006 69 43
1007 69 44
1008 70 0
1009 70 1
1010 70 4
1011 70 5
1012 70 6
1013 70 7
1014 70 8
1015 70 20
1016 70 21
1017 70 24
1018 70 25
1019 70 26
1020 70 59
1021 70 60
1022 70 61
1023 70 62
1024 70 63
1025 70 64
2 43 1 
2 2 0 
2 3 1 
2 4 2 
2 5 3 
2 6 4 
2 7 5 
2 8 6 
2 9 7 
2 10 8 
2 11 9 
2 12 10 
2 13 11 
2 14 12 
2 15 13 
2 16 14 
2 17 15 
2 18 16 
2 19 17 
2 20 18 
2 21 19 
2 22 20 
2 23 21 
2 24 22 
2 25 23 
2 26 24 
2 27 25 
2 28 26 
2 29 27 
2 30 28 
2 31 29 
2 32 30 
2 33 31 
2 34 32 
2 35 33 
2 36 34 
2 37 35 
2 38 36 
2 39 37 
2 40 38 
2 41 39 
3 61 42 40 
2 62 41 
3 63 44 0 
2 45 43 
2 46 44 
2 47 45 
2 48 46 
2 49 47 
2 50 48 
2 51 49 
2 52 50 
2 53 51 
2 54 52 
2 55 53 
2 56 54 
2 57 55 
2 58 56 
2 59 57 
2 60 58 
2 61 59 
4 93 41 60 79 
2 313 42 
3 80 64 43 
2 65 63 
2 66 64 
2 67 65 
2 68 66 
2 69 67 
2 70 68 
2 71 69 
2 72 70 
2 73 71 
2 74 72 
2 75 73 
2 76 74 
2 77 75 
2 78 76 
2 79 77 
3 93 61 78 
3 94 81 63 
2 82 80 
2 83 81 
2 84 82 
2 85 83 
2 86 84 
2 87 85 
2 88 86 
2 89 87 
2 90 88 
2 91 89 
2 92 90 
2 93 91 
4 107 61 79 92 
3 112 95 80 
2 96 94 
2 97 95 
2 98 96 
3 108 99 97 
2 100 98 
2 101 99 
2 102 100 
2 103 101 
2 104 102 
2 105 103 
2 106 104 
2 107 105 
3 110 93 106 
3 109 98 119 
2 110 108 
3 111 107 109 
2 122 110 
3 123 113 94 
2 114 112 
2 115 113 
2 116 114 
2 117 115 
2 118 116 
2 119 117 
3 120 108 118 
2 121 119 
2 122 120 
3 149 111 121 
3 150 124 112 
2 125 123 
2 126 124 
2 127 125 
2 128 126 
2 129 127 
2 130 128 
2 131 129 
2 132 130 
2 133 131 
2 134 132 
2 135 133 
2 136 134 
2 137 135 
2 138 136 
2 139 137 
2 140 138 
2 141 139 
2 142 140 
2 143 141 
2 144 142 
2 145 143 
2 146 144 
2 147 145 
2 148 146 
2 149 147 
3 160 122 148 
3 161 151 123 
2 152 150 
2 153 151 
2 154 152 
2 155 153 
2 156 154 
2 157 155 
2 158 156 
2 159 157 
2 160 158 
3 170 149 159 
3 171 162 150 
2 163 161 
2 164 162 
2 165 163 
2 166 164 
2 167 165 
2 168 166 
2 169 167 
2 170 168 
3 179 160 169 
3 180 172 161 
2 173 171 
2 174 172 
2 175 173 
2 176 174 
2 177 175 
2 178 176 
2 179 177 
3 191 170 178 
3 192 181 171 
2 182 180 
2 183 181 
2 184 182 
2 185 183 
2 186 184 
2 187 185 
2 188 186 
2 189 187 
2 190 188 
2 191 189 
3 211 179 190 
3 212 193 180 
2 194 192 
2 195 193 
2 196 194 
2 197 195 
2 198 196 
2 199 197 
2 200 198 
2 201 199 
2 202 200 
2 203 201 
2 204 202 
2 205 203 
2 206 204 
2 207 205 
2 208 206 
2 209 207 
2 210 208 
2 211 209 
3 222 191 210 
3 223 213 192 
2 214 212 
2 215 213 
2 216 214 
2 217 215 
2 218 216 
2 219 217 
2 220 218 
2 221 219 
2 222 220 
4 251 211 221 231 
3 232 224 212 
2 225 223 
2 226 224 
2 227 225 
2 228 226 
2 229 227 
2 230 228 
2 231 229 
3 251 222 230 
3 252 233 223 
2 234 232 
2 235 233 
2 236 234 
2 237 235 
2 238 236 
2 239 237 
2 240 238 
2 241 239 
2 242 240 
2 243 241 
2 244 242 
2 245 243 
2 246 244 
2 247 245 
2 248 246 
2 249 247 
2 250 248 
2 251 249 
4 263 222 231 250 
3 264 253 232 
2 254 252 
2 255 253 
2 256 254 
2 257 255 
2 258 256 
2 259 257 
2 260 258 
2 261 259 
2 262 260 
2 263 261 
3 276 251 262 
3 277 265 252 
2 266 264 
2 267 265 
2 268 266 
2 269 267 
2 270 268 
2 271 269 
2 272 270 
2 273 271 
2 274 272 
2 275 273 
2 276 274 
4 330 263 275 297 
3 298 278 264 
2 279 277 
2 280 278 
2 281 279 
2 282 280 
2 283 281 
2 284 282 
2 285 283 
2 286 284 
2 287 285 
2 288 286 
2 289 287 
2 290 288 
2 291 289 
2 292 290 
2 293 291 
2 294 292 
2 295 293 
2 296 294 
2 297 295 
3 312 276 296 
3 314 299 277 
2 300 298 
2 301 299 
2 302 300 
2 303 301 
2 304 302 
2 305 303 
2 306 304 
2 307 305 
2 308 306 
2 309 307 
2 310 308 
2 311 309 
2 312 310 
3 330 297 311 
2 331 62 
3 332 315 298 
2 316 314 
2 317 315 
2 318 316 
2 319 317 
2 320 318 
2 321 319 
2 322 320 
2 323 321 
2 324 322 
2 325 323 
2 326 324 
2 327 325 
2 328 326 
2 329 327 
2 330 328 
5 331 276 312 329 346 
5 621 313 330 376 438 
4 347 348 333 314 
2 334 332 
2 335 333 
2 336 334 
2 337 335 
2 338 336 
2 339 337 
2 340 338 
2 341 339 
2 342 340 
2 343 341 
2 344 342 
2 345 343 
2 346 344 
3 366 330 345 
3 573 527 332 
3 510 349 332 
3 418 350 348 
3 367 351 349 
2 352 350 
2 353 351 
2 354 352 
2 355 353 
2 356 354 
2 357 355 
2 358 356 
2 359 357 
2 360 358 
2 361 359 
2 362 360 
2 363 361 
2 364 362 
2 365 363 
2 366 364 
3 376 346 365 
3 382 368 350 
2 369 367 
2 370 368 
2 371 369 
2 372 370 
4 378 373 371 377 
2 374 372 
2 375 373 
2 376 374 
4 379 331 366 375 
2 372 390 
2 380 372 
2 381 376 
2 394 378 
3 438 379 397 
3 398 383 367 
2 384 382 
2 385 383 
2 386 384 
2 387 385 
2 388 386 
2 389 387 
2 390 388 
3 391 377 389 
2 392 390 
2 393 391 
2 394 392 
3 395 380 393 
2 396 394 
2 397 395 
3 406 381 396 
3 407 399 382 
2 400 398 
2 401 399 
2 402 400 
2 403 401 
2 404 402 
2 405 403 
2 406 404 
3 417 397 405 
3 408 398 419 
2 409 407 
2 410 408 
2 411 409 
2 412 410 
2 413 411 
2 414 412 
2 415 413 
2 416 414 
2 417 415 
3 429 406 416 
3 430 419 349 
3 420 407 418 
2 421 419 
2 422 420 
2 423 421 
2 424 422 
2 425 423 
2 426 424 
2 427 425 
2 428 426 
2 429 427 
3 437 417 428 
3 439 431 418 
2 432 430 
2 433 431 
2 434 432 
2 435 433 
2 436 434 
2 437 435 
3 438 429 436 
4 452 331 381 437 
3 453 440 430 
2 441 439 
2 442 440 
2 443 441 
2 444 442 
2 445 443 
2 446 444 
2 447 445 
2 448 446 
2 449 447 
2 450 448 
2 451 449 
2 452 450 
3 469 438 451 
3 470 454 439 
2 455 453 
2 456 454 
2 457 455 
2 458 456 
2 459 457 
2 460 458 
2 461 459 
2 462 460 
2 463 461 
2 464 462 
2 465 463 
2 466 464 
2 467 465 
2 468 466 
2 469 467 
3 481 452 468 
3 482 471 453 
2 472 470 
2 473 471 
2 474 472 
2 475 473 
2 476 474 
2 477 475 
2 478 476 
2 479 477 
2 480 478 
3 481 479 491 
3 621 469 480 
3 492 483 470 
2 484 482 
2 485 483 
2 486 484 
2 487 485 
2 488 486 
2 489 487 
2 490 488 
2 491 489 
3 509 480 490 
3 493 482 513 
2 494 492 
2 495 493 
2 496 494 
2 497 495 
2 498 496 
2 499 497 
2 500 498 
2 501 499 
2 502 500 
2 503 501 
2 504 502 
2 505 503 
2 506 504 
2 507 505 
2 508 506 
3 526 509 507 
3 597 491 508 
3 528 511 348 
2 512 510 
2 513 511 
3 514 492 512 
2 515 513 
2 516 514 
2 517 515 
2 518 516 
2 519 517 
2 520 518 
2 521 519 
2 522 520 
2 523 521 
2 524 522 
2 525 523 
2 526 524 
4 595 508 525 543 
3 528 347 573 
3 529 510 527 
2 530 528 
2 531 529 
3 544 532 530 
2 533 531 
2 534 532 
2 535 533 
2 536 534 
2 537 535 
2 538 536 
2 539 537 
2 540 538 
2 541 539 
2 542 540 
2 543 541 
3 526 542 550 
3 551 545 531 
2 546 544 
2 547 545 
2 548 546 
2 549 547 
3 550 548 555 
3 543 549 564 
3 552 544 556 
2 553 551 
2 554 552 
2 555 553 
3 549 554 560 
4 565 557 551 574 
2 558 556 
2 559 557 
2 560 558 
3 561 555 559 
2 562 560 
2 563 561 
2 564 562 
3 572 550 563 
3 566 556 574 
2 567 565 
2 568 566 
2 569 567 
2 570 568 
2 571 569 
2 572 570 
3 593 564 571 
4 598 574 527 347 
4 575 565 556 573 
2 576 574 
2 577 575 
2 578 576 
2 579 577 
2 580 578 
2 581 579 
2 582 580 
2 583 581 
2 584 582 
2 585 583 
2 586 584 
2 587 585 
2 588 586 
2 589 587 
2 590 588 
2 591 589 
2 592 590 
2 593 591 
3 594 572 592 
2 595 593 
3 596 526 594 
2 597 595 
3 620 509 596 
3 622 599 573 
2 600 598 
2 601 599 
2 602 600 
2 603 601 
2 604 602 
2 605 603 
2 606 604 
2 607 605 
2 608 606 
2 609 607 
2 610 608 
2 611 609 
2 612 610 
2 613 611 
2 614 612 
2 615 613 
2 616 614 
2 617 615 
2 618 616 
2 619 617 
2 620 618 
3 621 597 619 
4 641 331 481 620 
3 642 623 598 
2 624 622 
2 625 623 
2 626 624 
2 627 625 
2 628 626 
2 629 627 
2 630 628 
2 631 629 
2 632 630 
2 633 631 
2 634 632 
2 635 633 
2 636 634 
2 637 635 
2 638 636 
2 639 637 
2 640 638 
2 641 639 
3 661 621 640 
3 662 643 622 
2 644 642 
2 645 643 
2 646 644 
2 647 645 
2 648 646 
2 649 647 
2 650 648 
2 651 649 
2 652 650 
2 653 651 
2 654 652 
2 655 653 
2 656 654 
2 657 655 
2 658 656 
2 659 657 
2 660 658 
2 661 659 
3 682 641 660 
3 683 663 642 
2 664 662 
2 665 663 
2 666 664 
2 667 665 
2 668 666 
2 669 667 
2 670 668 
2 671 669 
2 672 670 
2 673 671 
2 674 672 
2 675 673 
2 676 674 
2 677 675 
2 678 676 
2 679 677 
2 680 678 
2 681 679 
2 682 680 
3 695 661 681 
3 696 684 662 
2 685 683 
2 686 684 
2 687 685 
2 688 686 
2 689 687 
2 690 688 
2 691 689 
2 692 690 
2 693 691 
2 694 692 
2 695 693 
3 711 682 694 
3 712 697 683 
2 698 696 
2 699 697 
2 700 698 
2 701 699 
2 702 700 
2 703 701 
2 704 702 
2 705 703 
2 706 704 
2 707 705 
2 708 706 
2 709 707 
2 710 708 
2 711 709 
3 733 695 710 
3 734 713 696 
2 714 712 
2 715 713 
2 716 714 
2 717 715 
2 718 716 
2 719 717 
2 720 718 
2 721 719 
2 722 720 
2 723 721 
2 724 722 
2 725 723 
2 726 724 
2 727 725 
2 728 726 
2 729 727 
2 730 728 
2 731 729 
2 732 730 
2 733 731 
3 744 711 732 
3 745 735 712 
2 736 734 
2 737 735 
2 738 736 
2 739 737 
2 740 738 
2 741 739 
2 742 740 
2 743 741 
3 744 742 756 
3 785 733 743 
3 757 746 734 
2 747 745 
2 748 746 
2 749 747 
2 750 748 
2 751 749 
2 752 750 
2 753 751 
2 754 752 
2 755 753 
2 756 754 
3 769 743 755 
3 770 758 745 
2 759 757 
2 760 758 
2 761 759 
2 762 760 
2 763 761 
2 764 762 
2 765 763 
2 766 764 
2 767 765 
2 768 766 
2 769 767 
3 783 756 768 
3 786 771 757 
2 772 770 
2 773 771 
2 774 772 
2 775 773 
2 776 774 
2 777 775 
2 778 776 
2 779 777 
2 780 778 
2 781 779 
2 782 780 
2 783 781 
3 784 769 782 
2 785 783 
3 800 744 784 
3 801 787 770 
2 788 786 
2 789 787 
2 790 788 
2 791 789 
2 792 790 
2 793 791 
2 794 792 
2 795 793 
2 796 794 
2 797 795 
2 798 796 
2 799 797 
2 800 798 
3 830 785 799 
3 831 802 786 
2 803 801 
2 804 802 
2 805 803 
2 806 804 
2 807 805 
2 808 806 
2 809 807 
2 810 808 
2 811 809 
2 812 810 
2 813 811 
2 814 812 
2 815 813 
2 816 814 
2 817 815 
2 818 816 
2 819 817 
2 820 818 
2 821 819 
2 822 820 
2 823 821 
2 824 822 
2 825 823 
2 826 824 
2 827 825 
2 828 826 
2 829 827 
2 830 828 
3 845 800 829 
3 846 832 801 
2 833 831 
2 834 832 
2 835 833 
2 836 834 
2 837 835 
2 838 836 
2 839 837 
2 840 838 
2 841 839 
2 842 840 
2 843 841 
2 844 842 
2 845 843 
3 858 830 844 
3 859 847 831 
2 848 846 
2 849 847 
2 850 848 
2 851 849 
2 852 850 
2 853 851 
2 854 852 
2 855 853 
2 856 854 
2 857 855 
2 858 856 
3 883 845 857 
3 884 860 846 
2 861 859 
2 862 860 
2 863 861 
2 864 862 
2 865 863 
2 866 864 
2 867 865 
2 868 866 
2 869 867 
2 870 868 
2 871 869 
2 872 870 
2 873 871 
2 874 872 
2 875 873 
2 876 874 
2 877 875 
2 878 876 
2 879 877 
2 880 878 
2 881 879 
2 882 880 
2 883 881 
3 913 858 882 
3 914 885 859 
2 886 884 
2 887 885 
2 888 886 
2 889 887 
2 890 888 
2 891 889 
2 892 890 
2 893 891 
2 894 892 
2 895 893 
2 896 894 
2 897 895 
2 898 896 
2 899 897 
2 900 898 
2 901 899 
2 902 900 
2 903 901 
2 904 902 
2 905 903 
2 906 904 
2 907 905 
2 908 906 
2 909 907 
2 910 908 
2 911 909 
2 912 910 
2 913 911 
3 919 883 912 
3 920 915 884 
2 916 914 
2 917 915 
2 918 916 
2 919 917 
3 929 913 918 
3 930 921 914 
2 922 920 
2 923 921 
2 924 922 
2 925 923 
2 926 924 
4 927 925 933 957 
2 928 926 
2 929 927 
3 919 928 1025 
3 958 931 920 
3 934 932 930 
2 933 931 
3 941 926 932 
3 935 931 942 
2 936 934 
2 937 935 
2 938 936 
2 939 937 
2 940 938 
2 941 939 
3 954 933 940 
3 943 934 958 
2 944 942 
2 945 943 
2 946 944 
2 947 945 
2 948 946 
2 949 947 
3 965 950 948 
2 951 949 
2 952 950 
2 953 951 
2 954 952 
3 955 941 953 
2 956 954 
2 957 955 
3 926 956 978 
4 966 959 942 930 
2 960 958 
2 961 959 
2 962 960 
2 963 961 
2 964 962 
2 965 963 
3 975 949 964 
3 979 967 958 
2 968 966 
2 969 967 
2 970 968 
2 971 969 
2 972 970 
2 973 971 
2 974 972 
2 975 973 
3 976 965 974 
2 977 975 
2 978 976 
3 988 957 977 
3 989 980 966 
2 981 979 
2 982 980 
2 983 981 
2 984 982 
2 985 983 
2 986 984 
2 987 985 
2 988 986 
3 1007 978 987 
3 1008 990 979 
2 991 989 
2 992 990 
2 993 991 
2 994 992 
2 995 993 
2 996 994 
2 997 995 
2 998 996 
2 999 997 
2 1000 998 
2 1001 999 
2 1002 1000 
2 1003 1001 
2 1004 1002 
2 1005 1003 
2 1006 1004 
2 1007 1005 
3 1023 988 1006 
2 1009 989 
2 1010 1008 
2 1011 1009 
2 1012 1010 
2 1013 1011 
2 1014 1012 
2 1015 1013 
2 1016 1014 
2 1017 1015 
2 1018 1016 
2 1019 1017 
2 1020 1018 
2 1021 1019 
2 1022 1020 
2 1023 1021 
3 1024 1007 1022 
2 1025 1023 
2 929 1024 
