355
0 0 0
1 1 0
2 4 0
3 5 0
4 6 0
5 7 0
6 8 0
7 9 0
8 10 0
9 11 0
10 12 0
11 17 0
12 18 0
13 19 0
14 20 0
15 21 0
16 22 0
17 23 0
18 24 0
19 25 0
20 26 0
21 27 0
22 28 0
23 29 0
24 30 0
25 0 1
26 1 1
27 4 1
28 12 1
29 17 1
30 18 1
31 19 1
32 20 1
33 21 1
34 22 1
35 27 1
36 30 1
37 0 2
38 1 2
39 5 2
40 12 2
41 23 2
42 25 2
43 26 2
44 27 2
45 30 2
46 0 3
47 1 3
48 5 3
49 12 3
50 23 3
51 24 3
52 28 3
53 29 3
54 30 3
55 0 4
56 1 4
57 5 4
58 13 4
59 14 4
60 15 4
61 16 4
62 17 4
63 18 4
64 19 4
65 20 4
66 21 4
67 0 5
68 1 5
69 5 5
70 7 5
71 8 5
72 13 5
73 14 5
74 15 5
75 16 5
76 21 5
77 0 6
78 2 6
79 3 6
80 4 6
81 6 6
82 9 6
83 10 6
84 12 6
85 17 6
86 22 6
87 23 6
88 24 6
89 25 6
90 26 6
91 27 6
92 28 6
93 29 6
94 30 6
95 0 7
96 1 7
97 4 7
98 5 7
99 6 7
100 11 7
101 12 7
102 17 7
103 24 7
104 26 7
105 27 7
106 28 7
107 29 7
108 30 7
109 2 8
110 3 8
111 7 8
112 8 8
113 9 8
114 10 8
115 17 8
116 23 8
117 25 8
118 2 9
119 3 9
120 7 9
121 13 9
122 17 9
123 19 9
124 20 9
125 23 9
126 25 9
127 2 10
128 3 10
129 7 10
130 13 10
131 17 10
132 18 10
133 21 10
134 22 10
135 23 10
136 25 10
137 2 11
138 3 11
139 7 11
140 13 11
141 17 11
142 18 11
143 23 11
144 25 11
145 29 11
146 30 11
147 2 12
148 4 12
149 5 12
150 6 12
151 8 12
152 9 12
153 10 12
154 11 12
155 13 12
156 14 12
157 17 12
158 18 12
159 22 12
160 25 12
161 29 12
162 30 12
163 2 13
164 3 13
165 6 13
166 7 13
167 8 13
168 9 13
169 10 13
170 11 13
171 13 13
172 14 13
173 17 13
174 18 13
175 22 13
176 26 13
177 27 13
178 29 13
179 30 13
180 2 14
181 3 14
182 5 14
183 14 14
184 17 14
185 18 14
186 22 14
187 26 14
188 27 14
189 29 14
190 30 14
191 2 15
192 3 15
193 5 15
194 14 15
195 17 15
196 18 15
197 22 15
198 26 15
199 28 15
200 30 15
201 1 16
202 5 16
203 6 16
204 7 16
205 8 16
206 9 16
207 14 16
208 17 16
209 18 16
210 22 16
211 26 16
212 28 16
213 30 16
214 2 17
215 3 17
216 5 17
217 6 17
218 7 17
219 14 17
220 17 17
221 18 17
222 22 17
223 23 17
224 26 17
225 28 17
226 30 17
227 2 18
228 4 18
229 8 18
230 14 18
231 17 18
232 18 18
233 23 18
234 26 18
235 27 18
236 28 18
237 29 18
238 2 19
239 4 19
240 8 19
241 14 19
242 17 19
243 18 19
244 24 19
245 25 19
246 4 20
247 8 20
248 9 20
249 15 20
250 16 20
251 19 20
252 20 20
253 24 20
254 25 20
255 4 21
256 8 21
257 9 21
258 19 21
259 21 21
260 22 21
261 24 21
262 25 21
263 4 22
264 8 22
265 9 22
266 19 22
267 23 22
268 26 22
269 27 22
270 28 22
271 29 22
272 30 22
273 0 23
274 4 23
275 6 23
276 7 23
277 19 23
278 23 23
279 26 23
280 27 23
281 29 23
282 30 23
283 0 24
284 4 24
285 7 24
286 19 24
287 23 24
288 28 24
289 4 25
290 7 25
291 10 25
292 19 25
293 23 25
294 28 25
295 8 26
296 9 26
297 11 26
298 12 26
299 13 26
300 14 26
301 15 26
302 16 26
303 17 26
304 18 26
305 23 26
306 27 26
307 29 26
308 30 26
309 8 27
310 10 27
311 11 27
312 12 27
313 13 27
314 23 27
315 27 27
316 3 28
317 4 28
318 5 28
319 8 28
320 10 28
321 14 28
322 23 28
323 27 28
324 0 29
325 1 29
326 2 29
327 5 29
328 8 29
329 10 29
330 14 29
331 19 29
332 20 29
333 21 29
334 22 29
335 23 29
336 27 29
337 0 30
338 1 30
339 2 30
340 3 30
341 4 30
342 5 30
343 8 30
344 9 30
345 10 30
346 14 30
347 15 30
348 16 30
349 17 30
350 18 30
351 25 30
352 26 30
353 28 30
354 29 30
2 1 25 
4 2 78 26 0 
3 3 27 1 
3 4 39 2 
3 5 81 3 
3 6 70 4 
3 7 71 5 
3 8 82 6 
3 9 83 7 
3 10 100 8 
3 11 28 9 
4 12 29 61 10 
3 13 30 11 
3 14 31 12 
3 15 32 13 
3 16 33 14 
3 17 34 15 
3 18 41 16 
3 19 51 17 
3 20 42 18 
3 21 43 19 
3 22 35 20 
3 23 52 21 
3 24 53 22 
2 36 23 
2 37 0 
2 38 1 
2 80 2 
2 40 10 
2 62 11 
2 63 12 
2 64 13 
2 65 14 
2 66 15 
2 86 16 
2 44 21 
2 45 24 
2 46 25 
2 47 26 
2 48 3 
2 49 28 
2 50 17 
2 89 19 
2 90 20 
2 91 35 
2 54 36 
2 55 37 
2 56 38 
2 57 39 
3 58 84 40 
2 87 41 
2 88 18 
2 92 22 
2 93 23 
2 94 45 
2 67 46 
2 68 47 
2 69 48 
3 59 72 49 
3 60 73 58 
3 61 74 59 
3 75 60 11 
2 85 29 
2 132 30 
2 123 31 
2 124 32 
2 76 33 
2 77 55 
2 96 56 
2 98 57 
2 111 5 
2 112 6 
2 121 58 
2 156 59 
2 249 60 
2 250 61 
2 133 66 
2 95 67 
3 79 109 1 
3 80 110 78 
3 97 79 27 
2 99 4 
2 113 7 
2 114 8 
2 101 49 
2 102 62 
2 134 34 
2 116 50 
2 103 51 
2 117 42 
2 104 43 
2 105 44 
2 106 52 
2 107 53 
2 108 54 
2 273 77 
2 201 68 
2 148 80 
2 149 69 
2 150 81 
2 154 9 
2 298 84 
2 115 85 
2 244 88 
2 176 90 
2 177 91 
2 199 92 
2 145 93 
2 146 94 
2 118 78 
2 119 79 
2 120 70 
2 151 71 
2 152 82 
2 153 83 
2 122 102 
2 125 87 
2 126 89 
2 127 109 
2 128 110 
2 129 111 
2 130 72 
2 131 115 
2 251 64 
2 252 65 
2 135 116 
2 136 117 
2 137 118 
2 138 119 
2 139 120 
2 140 121 
2 141 122 
2 142 63 
2 259 76 
2 159 86 
2 143 125 
2 144 126 
2 147 127 
2 164 128 
2 166 129 
2 155 130 
2 157 131 
2 158 132 
2 223 135 
2 160 136 
2 161 107 
2 162 108 
2 163 137 
2 228 97 
2 182 98 
2 165 99 
2 167 112 
2 168 113 
2 169 114 
2 170 100 
2 171 140 
2 172 73 
2 173 141 
2 174 142 
2 175 134 
2 245 144 
2 178 145 
2 179 146 
2 180 147 
2 181 138 
2 203 150 
2 204 139 
2 205 151 
2 206 152 
2 291 153 
2 297 154 
2 299 155 
2 183 156 
2 184 157 
2 185 158 
2 186 159 
2 187 104 
2 188 105 
2 189 161 
2 190 162 
2 191 163 
2 192 164 
2 193 149 
2 194 172 
2 195 173 
2 196 174 
2 197 175 
2 198 176 
2 235 177 
2 237 178 
2 200 179 
2 214 180 
2 215 181 
2 202 182 
2 207 183 
2 208 184 
2 209 185 
2 210 186 
2 211 187 
2 212 106 
2 213 190 
2 325 96 
2 216 193 
2 217 165 
2 218 166 
2 229 167 
2 248 168 
2 219 194 
2 220 195 
2 221 196 
2 222 197 
2 224 198 
2 225 199 
2 226 200 
2 227 191 
2 316 192 
2 318 202 
2 275 203 
2 276 204 
2 230 207 
2 231 208 
2 232 209 
2 260 210 
2 233 143 
2 234 211 
2 236 212 
2 272 213 
2 238 214 
2 239 148 
2 240 205 
2 241 219 
2 242 220 
2 243 221 
2 267 223 
2 268 224 
2 269 188 
2 270 225 
2 271 189 
2 326 227 
2 246 228 
2 247 229 
2 300 230 
2 303 231 
2 304 232 
2 253 103 
2 254 160 
2 255 239 
2 256 240 
2 257 206 
2 301 74 
2 302 75 
2 258 123 
2 332 124 
2 261 244 
2 262 245 
2 263 246 
2 264 247 
2 265 248 
2 266 251 
2 333 133 
2 334 222 
3 262 287 253 
3 279 261 254 
2 274 255 
2 295 256 
2 296 257 
2 277 258 
2 278 233 
2 279 234 
2 280 235 
2 288 236 
2 281 237 
2 282 226 
2 283 95 
2 284 263 
3 290 327 217 
2 285 218 
2 286 266 
2 287 267 
3 336 262 268 
2 306 269 
2 307 271 
2 308 272 
2 324 273 
2 289 274 
2 290 276 
2 292 277 
3 293 278 261 
2 294 270 
2 317 284 
3 328 275 285 
2 310 169 
2 331 286 
2 305 287 
2 353 288 
2 309 264 
2 344 265 
2 311 170 
2 312 101 
2 313 171 
2 321 241 
2 347 249 
2 348 250 
2 349 242 
2 350 243 
2 314 293 
2 315 280 
2 354 281 
2 354 282 
2 319 295 
3 311 320 291 
3 312 310 297 
3 313 311 298 
3 346 312 299 
2 322 305 
2 323 306 
2 340 215 
2 341 289 
2 327 216 
2 328 309 
2 329 310 
2 330 300 
2 335 314 
2 336 315 
2 337 283 
2 338 201 
2 339 238 
3 342 318 275 
3 343 290 319 
2 345 320 
2 346 321 
3 332 350 292 
3 333 331 252 
3 334 332 259 
3 335 333 260 
3 336 334 322 
4 353 335 279 323 
2 338 324 
3 339 337 325 
3 340 338 326 
3 341 339 316 
3 342 340 317 
3 343 341 327 
3 344 342 328 
3 345 343 296 
3 346 344 329 
4 347 345 313 330 
3 348 346 301 
3 349 347 302 
3 350 348 303 
4 351 349 304 331 
2 352 350 
2 353 351 
4 354 352 336 294 
3 353 307 308 
