665
0 0 0
1 0 1
2 0 2
3 0 3
4 0 6
5 0 9
6 0 38
7 0 39
8 0 40
9 1 0
10 1 3
11 1 6
12 1 7
13 1 8
14 1 11
15 1 12
16 1 13
17 1 38
18 1 40
19 2 1
20 2 3
21 2 4
22 2 5
23 2 7
24 2 9
25 2 10
26 2 14
27 2 23
28 2 24
29 2 25
30 2 26
31 2 27
32 2 28
33 2 29
34 2 30
35 2 38
36 2 39
37 2 40
38 3 1
39 3 2
40 3 7
41 3 11
42 3 12
43 3 13
44 3 14
45 3 23
46 3 25
47 3 26
48 3 27
49 3 30
50 4 1
51 4 3
52 4 4
53 4 5
54 4 6
55 4 14
56 4 23
57 4 24
58 4 28
59 4 30
60 5 1
61 5 3
62 5 9
63 5 10
64 5 11
65 5 12
66 5 13
67 5 14
68 5 23
69 5 24
70 5 28
71 5 29
72 5 30
73 6 3
74 6 4
75 6 8
76 6 14
77 6 15
78 6 16
79 6 23
80 6 25
81 6 26
82 6 27
83 6 39
84 6 40
85 7 2
86 7 5
87 7 8
88 7 14
89 7 16
90 7 23
91 7 27
92 7 39
93 7 40
94 8 2
95 8 3
96 8 6
97 8 7
98 8 14
99 8 15
100 8 23
101 8 24
102 8 25
103 8 26
104 8 27
105 8 35
106 8 36
107 8 37
108 8 39
109 9 2
110 9 4
111 9 5
112 9 6
113 9 7
114 9 14
115 9 16
116 9 17
117 9 18
118 9 19
119 9 21
120 9 22
121 9 28
122 9 29
123 9 30
124 9 31
125 9 32
126 9 33
127 9 34
128 9 36
129 9 37
130 9 39
131 10 2
132 10 3
133 10 8
134 10 9
135 10 10
136 10 11
137 10 12
138 10 13
139 10 15
140 10 20
141 10 22
142 10 26
143 10 27
144 10 29
145 10 30
146 10 34
147 10 36
148 10 37
149 10 39
150 11 2
151 11 3
152 11 8
153 11 13
154 11 15
155 11 20
156 11 21
157 11 22
158 11 26
159 11 28
160 11 31
161 11 32
162 11 33
163 11 34
164 11 35
165 11 36
166 11 37
167 11 38
168 11 40
169 12 2
170 12 3
171 12 8
172 12 14
173 12 16
174 12 17
175 12 18
176 12 19
177 12 23
178 12 24
179 12 26
180 12 27
181 12 29
182 12 30
183 12 38
184 13 2
185 13 3
186 13 8
187 13 11
188 13 12
189 13 13
190 13 14
191 13 16
192 13 19
193 13 23
194 13 24
195 13 26
196 13 27
197 13 29
198 13 30
199 13 32
200 13 33
201 13 38
202 14 2
203 14 3
204 14 8
205 14 10
206 14 14
207 14 16
208 14 17
209 14 18
210 14 19
211 14 23
212 14 24
213 14 26
214 14 27
215 14 31
216 14 34
217 14 35
218 14 36
219 14 38
220 15 2
221 15 3
222 15 8
223 15 10
224 15 15
225 15 20
226 15 21
227 15 22
228 15 26
229 15 27
230 15 31
231 15 34
232 15 36
233 15 38
234 16 2
235 16 3
236 16 8
237 16 9
238 16 10
239 16 13
240 16 14
241 16 15
242 16 20
243 16 22
244 16 26
245 16 27
246 16 31
247 16 34
248 16 37
249 17 1
250 17 2
251 17 4
252 17 5
253 17 6
254 17 7
255 17 13
256 17 14
257 17 15
258 17 20
259 17 23
260 17 24
261 17 25
262 17 26
263 17 27
264 17 31
265 17 34
266 17 35
267 17 36
268 17 37
269 17 39
270 17 40
271 18 3
272 18 8
273 18 9
274 18 10
275 18 11
276 18 12
277 18 20
278 18 21
279 18 22
280 18 23
281 18 24
282 18 25
283 18 27
284 18 31
285 18 39
286 19 3
287 19 6
288 19 7
289 19 8
290 19 9
291 19 13
292 19 14
293 19 15
294 19 16
295 19 17
296 19 18
297 19 19
298 19 26
299 19 28
300 19 29
301 19 30
302 19 32
303 19 33
304 19 34
305 19 35
306 19 36
307 19 37
308 19 38
309 19 40
310 20 3
311 20 4
312 20 5
313 20 10
314 20 13
315 20 14
316 20 16
317 20 17
318 20 18
319 20 19
320 20 26
321 20 28
322 20 30
323 20 32
324 20 38
325 20 40
326 21 8
327 21 9
328 21 10
329 21 12
330 21 15
331 21 20
332 21 21
333 21 22
334 21 26
335 21 28
336 21 30
337 21 32
338 21 38
339 21 40
340 22 5
341 22 6
342 22 7
343 22 11
344 22 12
345 22 15
346 22 20
347 22 23
348 22 26
349 22 29
350 22 30
351 22 32
352 22 36
353 22 37
354 22 38
355 22 40
356 23 1
357 23 2
358 23 5
359 23 7
360 23 11
361 23 12
362 23 15
363 23 18
364 23 19
365 23 23
366 23 26
367 23 29
368 23 30
369 23 32
370 23 35
371 23 39
372 24 1
373 24 2
374 24 5
375 24 6
376 24 7
377 24 11
378 24 13
379 24 14
380 24 15
381 24 18
382 24 19
383 24 20
384 24 23
385 24 28
386 24 31
387 24 33
388 24 35
389 24 39
390 25 3
391 25 4
392 25 11
393 25 15
394 25 21
395 25 22
396 25 24
397 25 25
398 25 26
399 25 27
400 25 28
401 25 33
402 25 34
403 25 35
404 25 39
405 26 3
406 26 4
407 26 11
408 26 15
409 26 19
410 26 23
411 26 28
412 26 36
413 26 37
414 26 38
415 26 40
416 27 0
417 27 3
418 27 5
419 27 6
420 27 7
421 27 8
422 27 9
423 27 11
424 27 16
425 27 17
426 27 18
427 27 19
428 27 23
429 27 26
430 27 27
431 27 36
432 27 40
433 28 0
434 28 3
435 28 6
436 28 7
437 28 9
438 28 11
439 28 19
440 28 23
441 28 26
442 28 27
443 28 36
444 28 40
445 29 2
446 29 5
447 29 8
448 29 10
449 29 11
450 29 12
451 29 19
452 29 24
453 29 25
454 29 28
455 29 32
456 29 33
457 29 36
458 29 40
459 30 2
460 30 3
461 30 4
462 30 5
463 30 8
464 30 10
465 30 13
466 30 20
467 30 21
468 30 22
469 30 24
470 30 25
471 30 28
472 30 29
473 30 30
474 30 31
475 30 33
476 30 35
477 30 36
478 30 40
479 31 0
480 31 1
481 31 6
482 31 7
483 31 10
484 31 13
485 31 14
486 31 15
487 31 16
488 31 17
489 31 18
490 31 19
491 31 20
492 31 21
493 31 22
494 31 24
495 31 25
496 31 28
497 31 29
498 31 30
499 31 31
500 31 32
501 31 33
502 31 35
503 31 37
504 31 40
505 32 0
506 32 1
507 32 6
508 32 7
509 32 8
510 32 9
511 32 10
512 32 11
513 32 12
514 32 24
515 32 26
516 32 27
517 32 33
518 32 35
519 32 37
520 32 39
521 33 0
522 33 1
523 33 3
524 33 4
525 33 5
526 33 12
527 33 16
528 33 17
529 33 18
530 33 19
531 33 20
532 33 21
533 33 22
534 33 23
535 33 25
536 33 27
537 33 33
538 33 35
539 33 37
540 33 38
541 33 39
542 34 0
543 34 1
544 34 3
545 34 6
546 34 7
547 34 8
548 34 9
549 34 10
550 34 11
551 34 13
552 34 14
553 34 15
554 34 26
555 34 28
556 34 29
557 34 30
558 34 31
559 34 34
560 34 36
561 34 40
562 35 0
563 35 1
564 35 3
565 35 4
566 35 5
567 35 6
568 35 7
569 35 8
570 35 9
571 35 10
572 35 11
573 35 13
574 35 15
575 35 26
576 35 34
577 35 35
578 35 37
579 35 38
580 35 39
581 36 2
582 36 11
583 36 13
584 36 15
585 36 21
586 36 22
587 36 23
588 36 26
589 36 36
590 36 38
591 37 2
592 37 11
593 37 12
594 37 14
595 37 15
596 37 21
597 37 23
598 37 26
599 37 27
600 37 28
601 37 29
602 37 30
603 37 31
604 37 36
605 37 38
606 38 2
607 38 3
608 38 4
609 38 5
610 38 6
611 38 7
612 38 11
613 38 12
614 38 14
615 38 15
616 38 21
617 38 22
618 38 23
619 38 26
620 38 30
621 38 32
622 38 33
623 38 34
624 38 36
625 38 39
626 38 40
627 39 2
628 39 5
629 39 11
630 39 12
631 39 14
632 39 16
633 39 17
634 39 20
635 39 26
636 39 27
637 39 28
638 39 29
639 39 30
640 39 32
641 39 34
642 39 36
643 39 38
644 39 39
645 39 40
646 40 2
647 40 3
648 40 4
649 40 5
650 40 11
651 40 12
652 40 14
653 40 16
654 40 17
655 40 21
656 40 22
657 40 23
658 40 24
659 40 25
660 40 32
661 40 33
662 40 34
663 40 35
664 40 37
2 9 1 
2 2 0 
2 3 1 
2 4 2 
2 5 3 
2 6 4 
2 7 5 
2 8 6 
2 18 7 
4 416 19 10 0 
2 11 9 
2 12 10 
2 13 11 
2 14 12 
2 15 13 
2 16 14 
2 17 15 
2 18 16 
3 37 8 17 
3 38 20 9 
2 21 19 
2 22 20 
2 23 21 
2 24 22 
2 25 23 
2 26 24 
2 27 25 
2 28 26 
2 29 27 
2 30 28 
2 31 29 
2 32 30 
2 33 31 
2 34 32 
2 35 33 
2 36 34 
3 37 35 49 
3 84 18 36 
4 50 51 39 19 
2 40 38 
2 41 39 
2 42 40 
2 43 41 
2 44 42 
2 45 43 
2 46 44 
2 47 45 
2 48 46 
2 49 47 
3 59 36 48 
3 60 85 38 
3 61 52 38 
2 53 51 
2 54 52 
2 55 53 
2 56 54 
2 57 55 
2 58 56 
2 59 57 
3 72 49 58 
2 249 50 
3 73 62 51 
2 63 61 
2 64 62 
2 65 63 
2 66 64 
2 67 65 
2 68 66 
2 69 67 
2 70 68 
2 71 69 
2 72 70 
3 83 59 71 
3 74 61 85 
2 75 73 
2 76 74 
2 77 75 
2 78 76 
2 79 77 
2 80 78 
2 81 79 
2 82 80 
2 83 81 
3 84 72 82 
3 93 37 83 
4 94 86 73 50 
2 87 85 
2 88 86 
2 89 87 
2 90 88 
2 91 89 
2 92 90 
2 93 91 
4 168 84 92 108 
3 109 95 85 
2 96 94 
2 97 95 
2 98 96 
2 99 97 
2 100 98 
2 101 99 
2 102 100 
2 103 101 
2 104 102 
2 105 103 
2 106 104 
2 107 105 
2 108 106 
3 130 93 107 
3 131 110 94 
2 111 109 
2 112 110 
2 113 111 
2 114 112 
2 115 113 
2 116 114 
2 117 115 
2 118 116 
2 119 117 
2 120 118 
2 121 119 
2 122 120 
2 123 121 
2 124 122 
2 125 123 
2 126 124 
2 127 125 
2 128 126 
2 129 127 
2 130 128 
3 149 108 129 
3 150 132 109 
2 133 131 
2 134 132 
2 135 133 
2 136 134 
2 137 135 
2 138 136 
2 139 137 
2 140 138 
2 141 139 
2 142 140 
2 143 141 
2 144 142 
2 145 143 
2 146 144 
2 147 145 
2 148 146 
2 149 147 
4 269 130 148 167 
3 169 151 131 
2 152 150 
2 153 151 
2 154 152 
2 155 153 
2 156 154 
2 157 155 
2 158 156 
2 159 157 
2 160 158 
2 161 159 
2 162 160 
2 163 161 
2 164 162 
2 165 163 
2 166 164 
2 167 165 
3 183 149 166 
2 270 93 
3 184 170 150 
2 171 169 
2 172 170 
2 173 171 
2 174 172 
2 175 173 
2 176 174 
2 177 175 
2 178 176 
2 179 177 
2 180 178 
2 181 179 
2 182 180 
2 183 181 
3 201 167 182 
3 202 185 169 
2 186 184 
2 187 185 
2 188 186 
2 189 187 
2 190 188 
2 191 189 
2 192 190 
2 193 191 
2 194 192 
2 195 193 
2 196 194 
2 197 195 
2 198 196 
2 199 197 
2 200 198 
2 201 199 
3 219 183 200 
3 220 203 184 
2 204 202 
2 205 203 
2 206 204 
2 207 205 
2 208 206 
2 209 207 
2 210 208 
2 211 209 
2 212 210 
2 213 211 
2 214 212 
2 215 213 
2 216 214 
2 217 215 
2 218 216 
2 219 217 
3 233 201 218 
3 234 221 202 
2 222 220 
2 223 221 
2 224 222 
2 225 223 
2 226 224 
2 227 225 
2 228 226 
2 229 227 
2 230 228 
2 231 229 
2 232 230 
2 233 231 
4 269 219 232 248 
3 250 235 220 
2 236 234 
2 237 235 
2 238 236 
2 239 237 
2 240 238 
2 241 239 
2 242 240 
2 243 241 
2 244 242 
2 245 243 
2 246 244 
2 247 245 
2 248 246 
3 268 233 247 
2 356 60 
4 357 271 251 234 
2 252 250 
2 253 251 
2 254 252 
2 255 253 
2 256 254 
2 257 255 
2 258 256 
2 259 257 
2 260 258 
2 261 259 
2 262 260 
2 263 261 
2 264 262 
2 265 263 
2 266 264 
2 267 265 
2 268 266 
3 269 248 267 
4 285 149 233 268 
2 309 168 
3 286 272 250 
2 273 271 
2 274 272 
2 275 273 
2 276 274 
2 277 275 
2 278 276 
2 279 277 
2 280 278 
2 281 279 
2 282 280 
2 283 281 
2 284 282 
2 285 283 
3 309 269 284 
4 310 311 287 271 
2 288 286 
2 289 287 
2 290 288 
2 291 289 
2 292 290 
2 293 291 
2 294 292 
2 295 293 
2 296 294 
2 297 295 
2 298 296 
2 299 297 
2 300 298 
2 301 299 
2 302 300 
2 303 301 
2 304 302 
2 305 303 
2 306 304 
2 307 305 
2 308 306 
2 309 307 
4 325 270 285 308 
2 390 286 
3 340 312 286 
2 313 311 
3 314 312 326 
2 315 313 
2 316 314 
2 317 315 
2 318 316 
2 319 317 
2 320 318 
2 321 319 
2 322 320 
2 323 321 
2 324 322 
2 325 323 
3 339 309 324 
3 327 313 341 
2 328 326 
2 329 327 
2 330 328 
2 331 329 
2 332 330 
2 333 331 
2 334 332 
2 335 333 
2 336 334 
2 337 335 
2 338 336 
2 339 337 
3 355 325 338 
3 358 341 311 
3 342 326 340 
2 343 341 
2 344 342 
2 345 343 
2 346 344 
2 347 345 
2 348 346 
2 349 347 
2 350 348 
2 351 349 
2 352 350 
2 353 351 
2 354 352 
2 355 353 
4 415 339 354 371 
2 372 249 
2 373 250 
3 374 359 340 
2 360 358 
2 361 359 
2 362 360 
2 363 361 
2 364 362 
2 365 363 
2 366 364 
2 367 365 
2 368 366 
2 369 367 
2 370 368 
2 371 369 
3 389 355 370 
2 480 356 
2 445 357 
3 375 358 391 
2 376 374 
2 377 375 
2 378 376 
2 379 377 
2 380 378 
2 381 379 
2 382 380 
2 383 381 
2 384 382 
2 385 383 
2 386 384 
2 387 385 
2 388 386 
2 389 387 
3 404 371 388 
3 405 391 310 
3 392 374 390 
2 393 391 
2 394 392 
2 395 393 
2 396 394 
2 397 395 
2 398 396 
2 399 397 
2 400 398 
2 401 399 
2 402 400 
2 403 401 
2 404 402 
3 415 389 403 
3 417 406 390 
2 407 405 
2 408 406 
2 409 407 
2 410 408 
2 411 409 
2 412 410 
2 413 411 
2 414 412 
2 415 413 
4 432 355 404 414 
2 433 9 
3 434 418 405 
2 419 417 
2 420 418 
2 421 419 
2 422 420 
2 423 421 
2 424 422 
2 425 423 
2 426 424 
2 427 425 
2 428 426 
2 429 427 
2 430 428 
2 431 429 
2 432 430 
3 444 415 431 
2 479 416 
3 435 417 445 
2 436 434 
2 437 435 
2 438 436 
2 439 437 
2 440 438 
2 441 439 
2 442 440 
2 443 441 
2 444 442 
3 458 432 443 
4 459 446 434 373 
2 447 445 
2 448 446 
2 449 447 
2 450 448 
2 451 449 
2 452 450 
2 453 451 
2 454 452 
2 455 453 
2 456 454 
2 457 455 
2 458 456 
3 478 444 457 
3 460 445 480 
2 461 459 
2 462 460 
2 463 461 
2 464 462 
2 465 463 
2 466 464 
2 467 465 
2 468 466 
2 469 467 
2 470 468 
2 471 469 
2 472 470 
2 473 471 
2 474 472 
2 475 473 
2 476 474 
2 477 475 
2 478 476 
3 504 458 477 
2 505 433 
4 481 459 372 505 
2 482 480 
2 483 481 
2 484 482 
2 485 483 
2 486 484 
2 487 485 
2 488 486 
2 489 487 
2 490 488 
2 491 489 
2 492 490 
2 493 491 
2 494 492 
2 495 493 
2 496 494 
2 497 495 
2 498 496 
2 499 497 
2 500 498 
2 501 499 
2 502 500 
2 503 501 
2 504 502 
4 561 478 503 520 
4 521 506 480 479 
2 507 505 
2 508 506 
2 509 507 
2 510 508 
2 511 509 
2 512 510 
2 513 511 
2 514 512 
2 515 513 
2 516 514 
2 517 515 
2 518 516 
2 519 517 
2 520 518 
3 541 504 519 
3 542 522 505 
2 523 521 
2 524 522 
2 525 523 
2 526 524 
2 527 525 
2 528 526 
2 529 527 
2 530 528 
2 531 529 
2 532 530 
2 533 531 
2 534 532 
2 535 533 
2 536 534 
2 537 535 
2 538 536 
2 539 537 
2 540 538 
2 541 539 
3 561 520 540 
3 562 543 521 
2 544 542 
2 545 543 
2 546 544 
2 547 545 
2 548 546 
2 549 547 
2 550 548 
2 551 549 
2 552 550 
2 553 551 
2 554 552 
2 555 553 
2 556 554 
2 557 555 
2 558 556 
2 559 557 
2 560 558 
2 561 559 
5 626 504 541 560 580 
4 646 581 563 542 
2 564 562 
2 565 563 
2 566 564 
2 567 565 
2 568 566 
2 569 567 
2 570 568 
2 571 569 
2 572 570 
2 573 571 
2 574 572 
2 575 573 
2 576 574 
2 577 575 
2 578 576 
2 579 577 
2 580 578 
3 561 579 590 
3 591 582 562 
2 583 581 
2 584 582 
2 585 583 
2 586 584 
2 587 585 
2 588 586 
2 589 587 
2 590 588 
3 605 580 589 
3 606 592 581 
2 593 591 
2 594 592 
2 595 593 
2 596 594 
2 597 595 
2 598 596 
2 599 597 
2 600 598 
2 601 599 
2 602 600 
2 603 601 
2 604 602 
2 605 603 
3 625 590 604 
3 627 607 591 
2 608 606 
2 609 607 
2 610 608 
2 611 609 
2 612 610 
2 613 611 
2 614 612 
2 615 613 
2 616 614 
2 617 615 
2 618 616 
2 619 617 
2 620 618 
2 621 619 
2 622 620 
2 623 621 
2 624 622 
2 625 623 
3 626 605 624 
3 645 561 625 
3 646 628 606 
2 629 627 
2 630 628 
2 631 629 
2 632 630 
2 633 631 
2 634 632 
2 635 633 
2 636 634 
2 637 635 
2 638 636 
2 639 637 
2 640 638 
2 641 639 
2 642 640 
2 643 641 
2 644 642 
2 645 643 
3 626 644 664 
3 647 627 562 
2 648 646 
2 649 647 
2 650 648 
2 651 649 
2 652 650 
2 653 651 
2 654 652 
2 655 653 
2 656 654 
2 657 655 
2 658 656 
2 659 657 
2 660 658 
2 661 659 
2 662 660 
2 663 661 
2 664 662 
2 645 663 
