541
0 0 0
1 1 0
2 2 0
3 3 0
4 4 0
5 5 0
6 6 0
7 27 0
8 28 0
9 29 0
10 30 0
11 31 0
12 32 0
13 33 0
14 34 0
15 35 0
16 36 0
17 37 0
18 38 0
19 39 0
20 40 0
21 41 0
22 42 0
23 50 0
24 51 0
25 52 0
26 53 0
27 54 0
28 55 0
29 56 0
30 57 0
31 58 0
32 59 0
33 60 0
34 0 1
35 1 1
36 27 1
37 28 1
38 29 1
39 30 1
40 31 1
41 32 1
42 33 1
43 34 1
44 35 1
45 42 1
46 50 1
47 60 1
48 0 2
49 1 2
50 36 2
51 37 2
52 38 2
53 42 2
54 46 2
55 50 2
56 60 2
57 0 3
58 1 3
59 28 3
60 39 3
61 42 3
62 46 3
63 50 3
64 60 3
65 0 4
66 2 4
67 3 4
68 4 4
69 5 4
70 6 4
71 7 4
72 8 4
73 28 4
74 39 4
75 42 4
76 46 4
77 50 4
78 60 4
79 0 5
80 3 5
81 4 5
82 5 5
83 6 5
84 28 5
85 39 5
86 42 5
87 46 5
88 49 5
89 60 5
90 0 6
91 2 6
92 29 6
93 30 6
94 31 6
95 32 6
96 39 6
97 40 6
98 41 6
99 42 6
100 46 6
101 49 6
102 60 6
103 0 7
104 2 7
105 29 7
106 32 7
107 33 7
108 34 7
109 35 7
110 38 7
111 39 7
112 46 7
113 49 7
114 60 7
115 0 8
116 2 8
117 32 8
118 33 8
119 34 8
120 35 8
121 38 8
122 39 8
123 46 8
124 49 8
125 60 8
126 0 9
127 1 9
128 35 9
129 38 9
130 39 9
131 46 9
132 49 9
133 60 9
134 0 10
135 1 10
136 38 10
137 39 10
138 46 10
139 49 10
140 60 10
141 0 11
142 1 11
143 34 11
144 35 11
145 38 11
146 39 11
147 46 11
148 49 11
149 60 11
150 0 12
151 1 12
152 34 12
153 35 12
154 38 12
155 39 12
156 50 12
157 60 12
158 0 13
159 1 13
160 34 13
161 35 13
162 50 13
163 60 13
164 0 14
165 1 14
166 34 14
167 35 14
168 50 14
169 60 14
170 0 15
171 34 15
172 35 15
173 41 15
174 50 15
175 60 15
176 7 16
177 8 16
178 9 16
179 10 16
180 11 16
181 12 16
182 13 16
183 14 16
184 15 16
185 34 16
186 35 16
187 41 16
188 50 16
189 60 16
190 7 17
191 15 17
192 34 17
193 35 17
194 41 17
195 50 17
196 60 17
197 7 18
198 15 18
199 34 18
200 35 18
201 41 18
202 42 18
203 50 18
204 60 18
205 8 19
206 9 19
207 10 19
208 11 19
209 15 19
210 34 19
211 35 19
212 50 19
213 60 19
214 12 20
215 15 20
216 34 20
217 35 20
218 39 20
219 42 20
220 50 20
221 60 20
222 12 21
223 15 21
224 39 21
225 42 21
226 50 21
227 60 21
228 9 22
229 12 22
230 15 22
231 42 22
232 50 22
233 60 22
234 2 23
235 9 23
236 12 23
237 13 23
238 15 23
239 50 23
240 60 23
241 2 24
242 14 24
243 15 24
244 50 24
245 60 24
246 2 25
247 17 25
248 18 25
249 50 25
250 60 25
251 2 26
252 17 26
253 18 26
254 28 26
255 36 26
256 50 26
257 60 26
258 22 27
259 23 27
260 50 27
261 60 27
262 20 28
263 21 28
264 23 28
265 50 28
266 60 28
267 0 29
268 1 29
269 2 29
270 3 29
271 4 29
272 20 29
273 21 29
274 22 29
275 23 29
276 50 29
277 60 29
278 0 30
279 4 30
280 28 30
281 32 30
282 33 30
283 34 30
284 35 30
285 36 30
286 50 30
287 60 30
288 0 31
289 4 31
290 12 31
291 28 31
292 32 31
293 37 31
294 50 31
295 60 31
296 0 32
297 2 32
298 3 32
299 4 32
300 12 32
301 32 32
302 37 32
303 49 32
304 60 32
305 0 33
306 1 33
307 32 33
308 33 33
309 34 33
310 35 33
311 36 33
312 37 33
313 44 33
314 45 33
315 46 33
316 49 33
317 60 33
318 0 34
319 1 34
320 49 34
321 60 34
322 0 35
323 1 35
324 49 35
325 60 35
326 0 36
327 1 36
328 49 36
329 60 36
330 0 37
331 2 37
332 3 37
333 49 37
334 60 37
335 0 38
336 3 38
337 49 38
338 60 38
339 0 39
340 3 39
341 23 39
342 24 39
343 25 39
344 26 39
345 27 39
346 28 39
347 29 39
348 49 39
349 60 39
350 0 40
351 1 40
352 2 40
353 3 40
354 23 40
355 29 40
356 49 40
357 60 40
358 0 41
359 23 41
360 29 41
361 47 41
362 48 41
363 60 41
364 0 42
365 22 42
366 29 42
367 47 42
368 60 42
369 22 43
370 29 43
371 42 43
372 43 43
373 44 43
374 47 43
375 60 43
376 22 44
377 29 44
378 42 44
379 44 44
380 47 44
381 48 44
382 49 44
383 60 44
384 20 45
385 21 45
386 22 45
387 23 45
388 24 45
389 25 45
390 26 45
391 27 45
392 28 45
393 29 45
394 32 45
395 33 45
396 34 45
397 35 45
398 36 45
399 37 45
400 38 45
401 39 45
402 40 45
403 41 45
404 44 45
405 50 45
406 60 45
407 13 46
408 14 46
409 32 46
410 44 46
411 50 46
412 60 46
413 32 47
414 44 47
415 50 47
416 60 47
417 32 48
418 44 48
419 50 48
420 60 48
421 21 49
422 22 49
423 23 49
424 24 49
425 25 49
426 26 49
427 27 49
428 28 49
429 29 49
430 30 49
431 31 49
432 44 49
433 50 49
434 60 49
435 0 50
436 1 50
437 2 50
438 3 50
439 4 50
440 5 50
441 6 50
442 7 50
443 8 50
444 9 50
445 10 50
446 11 50
447 12 50
448 13 50
449 14 50
450 15 50
451 16 50
452 17 50
453 18 50
454 19 50
455 20 50
456 45 50
457 46 50
458 47 50
459 48 50
460 49 50
461 60 50
462 0 51
463 60 51
464 0 52
465 60 52
466 0 53
467 60 53
468 0 54
469 60 54
470 0 55
471 60 55
472 0 56
473 60 56
474 0 57
475 60 57
476 0 58
477 60 58
478 0 59
479 60 59
480 0 60
481 1 60
482 2 60
483 3 60
484 4 60
485 5 60
486 6 60
487 7 60
488 8 60
489 9 60
490 10 60
491 11 60
492 12 60
493 13 60
494 14 60
495 15 60
496 16 60
497 17 60
498 18 60
499 19 60
500 20 60
501 21 60
502 22 60
503 23 60
504 24 60
505 25 60
506 26 60
507 27 60
508 28 60
509 29 60
510 30 60
511 31 60
512 32 60
513 33 60
514 34 60
515 35 60
516 36 60
517 37 60
518 38 60
519 39 60
520 40 60
521 41 60
522 42 60
523 43 60
524 44 60
525 45 60
526 46 60
527 47 60
528 48 60
529 49 60
530 50 60
531 51 60
532 52 60
533 53 60
534 54 60
535 55 60
536 56 60
537 57 60
538 58 60
539 59 60
540 60 60
2 1 34 
3 2 35 0 
3 3 66 1 
3 4 67 2 
2 5 3 
2 6 4 
2 7 5 
2 8 6 
4 9 37 36 7 
3 10 38 8 
3 11 39 9 
3 12 40 10 
3 13 41 11 
3 14 42 12 
3 15 43 13 
3 16 44 14 
3 17 50 15 
3 18 51 16 
3 19 52 17 
3 20 60 18 
3 21 97 19 
4 22 45 98 20 
2 23 21 
2 24 22 
2 25 23 
2 26 24 
2 27 25 
3 28 46 26 
2 29 27 
2 30 28 
2 31 29 
2 32 30 
2 33 31 
2 47 32 
2 48 0 
2 49 1 
4 259 184 72 8 
2 59 8 
2 92 9 
2 93 10 
2 94 11 
2 95 12 
2 107 13 
2 108 14 
2 109 15 
3 54 53 21 
4 55 88 54 27 
2 56 33 
2 57 34 
2 58 35 
2 255 16 
2 293 17 
2 110 18 
2 61 45 
3 62 45 46 
2 63 46 
2 64 47 
2 65 48 
2 127 49 
2 73 37 
2 74 19 
2 75 53 
3 88 76 54 
2 77 55 
2 78 56 
2 79 57 
2 91 2 
3 68 80 3 
3 69 81 67 
2 70 68 
2 71 69 
2 72 70 
3 83 71 36 
2 84 59 
2 85 60 
2 86 61 
2 87 62 
2 156 63 
2 89 64 
2 90 65 
2 270 67 
3 82 271 68 
2 83 81 
3 176 82 72 
2 254 73 
2 96 74 
2 99 75 
2 100 76 
3 101 62 46 
2 102 78 
2 103 79 
2 104 66 
2 105 38 
2 430 39 
2 431 40 
2 106 41 
2 111 85 
2 402 20 
2 173 21 
2 202 86 
2 112 87 
2 113 88 
2 114 89 
2 115 90 
2 116 91 
2 347 92 
2 117 95 
2 118 42 
2 119 43 
2 120 44 
2 121 52 
2 122 96 
2 123 100 
2 124 101 
2 125 102 
2 126 103 
2 234 104 
2 281 106 
2 282 107 
2 143 108 
2 128 109 
2 129 110 
2 130 111 
2 131 112 
2 132 113 
2 133 114 
2 134 115 
2 135 58 
2 144 120 
2 136 121 
2 137 122 
2 138 123 
2 139 124 
2 140 125 
2 141 126 
2 142 127 
2 145 129 
2 146 130 
2 147 131 
2 148 132 
2 149 133 
2 150 134 
2 151 135 
2 152 119 
2 153 128 
2 154 136 
2 155 137 
2 315 138 
2 303 139 
2 157 140 
2 158 141 
2 159 142 
2 160 143 
2 161 144 
2 400 145 
2 218 146 
2 162 77 
2 163 149 
2 164 150 
2 165 151 
2 166 152 
2 167 153 
2 168 156 
2 169 157 
2 170 158 
2 268 159 
2 171 160 
2 172 161 
2 174 162 
2 175 163 
2 267 164 
2 185 166 
2 186 167 
2 187 98 
2 188 168 
2 189 169 
6 177 207 206 205 190 83 
3 178 208 176 
2 179 177 
2 180 178 
2 181 179 
2 182 180 
2 183 181 
2 184 182 
3 191 183 36 
2 192 171 
2 193 172 
2 194 173 
2 195 174 
2 196 175 
2 197 176 
2 198 184 
2 199 185 
2 200 186 
2 201 187 
2 203 188 
2 204 189 
2 442 190 
2 209 191 
2 210 192 
2 211 193 
2 403 194 
2 219 99 
2 212 195 
2 213 196 
2 228 176 
3 229 228 176 
2 222 176 
3 230 214 177 
2 215 198 
2 216 199 
2 217 200 
2 220 203 
2 221 204 
2 238 208 
2 223 209 
2 283 210 
2 284 211 
2 224 155 
2 225 202 
2 226 212 
2 227 213 
2 243 207 
3 258 230 215 
2 401 218 
2 231 219 
2 232 220 
2 233 221 
3 235 205 206 
3 237 236 206 
3 248 208 223 
3 313 371 225 
2 239 226 
2 240 227 
2 241 116 
2 444 228 
2 290 229 
2 242 229 
2 247 214 
2 244 232 
2 245 233 
2 246 234 
3 243 407 237 
3 252 242 222 
2 249 239 
2 250 240 
2 251 241 
2 253 238 
2 263 230 
2 256 244 
2 257 245 
2 269 246 
2 272 243 
2 262 247 
2 280 84 
2 285 50 
2 260 249 
2 261 250 
3 259 274 223 
3 264 258 36 
2 265 256 
2 266 257 
2 273 253 
2 274 248 
2 275 259 
2 276 260 
2 277 261 
2 278 170 
2 306 165 
2 297 251 
2 298 80 
2 279 81 
3 273 384 252 
3 274 272 262 
4 365 273 263 258 
2 341 264 
2 286 265 
2 287 266 
2 288 267 
2 289 271 
2 291 254 
2 292 117 
2 308 118 
2 309 216 
2 310 217 
2 311 255 
2 294 276 
2 295 277 
2 296 278 
2 299 279 
2 300 236 
2 346 280 
2 301 281 
2 302 51 
2 405 286 
2 304 287 
2 305 288 
2 331 269 
2 332 270 
2 439 289 
2 447 290 
2 307 292 
2 312 293 
3 316 362 148 
2 317 295 
2 318 296 
2 319 268 
2 394 301 
2 395 282 
2 396 283 
2 397 284 
2 398 285 
2 399 302 
3 314 373 231 
2 315 313 
3 361 314 147 
2 320 303 
2 321 304 
2 322 305 
2 323 306 
2 324 316 
2 325 317 
2 326 318 
2 327 319 
2 328 320 
2 329 321 
2 330 322 
2 351 323 
2 333 324 
2 334 325 
2 335 326 
2 352 297 
2 336 298 
2 337 328 
2 338 329 
2 339 330 
2 340 332 
2 348 333 
2 349 334 
2 350 335 
2 353 336 
3 342 354 275 
2 343 341 
2 344 342 
2 345 343 
2 346 344 
3 392 345 291 
2 355 105 
2 356 337 
2 357 338 
2 358 339 
2 436 327 
2 437 331 
2 438 340 
2 359 341 
2 360 347 
2 382 348 
2 363 349 
2 364 350 
2 387 354 
2 366 355 
3 362 367 315 
3 381 361 303 
2 368 357 
2 435 358 
2 369 274 
2 370 360 
2 374 361 
2 375 363 
2 376 365 
2 377 366 
3 372 378 231 
2 373 371 
3 379 372 313 
2 380 367 
2 383 368 
2 386 369 
2 393 370 
2 522 371 
2 404 373 
2 458 374 
2 459 362 
2 460 356 
2 406 375 
3 385 408 272 
2 386 384 
3 387 385 376 
3 388 386 359 
2 389 387 
2 390 388 
2 391 389 
2 392 390 
3 428 391 346 
2 429 377 
2 409 307 
2 513 308 
2 514 309 
2 515 310 
2 516 311 
2 517 312 
2 518 154 
2 519 224 
2 520 97 
2 521 201 
2 410 379 
2 411 294 
2 412 383 
3 408 447 242 
3 421 407 384 
2 413 394 
2 414 404 
2 415 405 
2 416 406 
2 417 409 
2 418 410 
2 419 411 
2 420 412 
2 512 413 
3 456 432 414 
2 433 415 
2 434 416 
3 422 455 408 
2 423 421 
2 424 422 
2 425 423 
2 426 424 
2 427 425 
2 428 426 
3 429 427 392 
3 430 428 393 
3 511 429 93 
2 511 94 
2 524 418 
2 530 419 
2 461 420 
2 462 364 
3 437 470 351 
3 438 436 352 
3 439 437 353 
3 440 438 299 
2 441 439 
2 442 440 
3 443 441 197 
2 444 442 
3 445 443 235 
2 446 444 
2 447 445 
4 448 446 300 407 
2 449 447 
2 450 448 
2 451 449 
2 452 450 
2 453 451 
2 454 452 
2 455 453 
3 508 454 421 
3 457 525 418 
2 458 456 
3 459 457 380 
3 460 458 381 
3 529 459 382 
2 463 434 
2 464 435 
2 465 461 
2 466 462 
2 467 463 
2 468 464 
2 469 465 
2 470 466 
2 471 467 
3 472 468 436 
2 473 469 
2 474 470 
2 475 471 
2 476 472 
2 477 473 
2 478 474 
2 479 475 
2 480 476 
2 540 477 
2 481 478 
2 482 480 
2 483 481 
2 484 482 
2 485 483 
2 486 484 
2 487 485 
2 488 486 
2 489 487 
2 490 488 
2 491 489 
2 492 490 
2 493 491 
2 494 492 
2 495 493 
2 496 494 
2 497 495 
2 498 496 
2 499 497 
2 500 498 
2 501 499 
2 502 500 
2 503 501 
2 504 502 
2 505 503 
2 506 504 
2 507 505 
2 508 506 
3 509 507 455 
2 510 508 
2 511 509 
4 512 510 430 431 
3 513 511 417 
3 514 512 395 
3 515 513 396 
3 516 514 397 
3 517 515 398 
3 518 516 399 
3 519 517 400 
3 520 518 401 
3 521 519 402 
3 522 520 403 
3 523 521 378 
2 524 522 
3 525 523 432 
3 526 524 456 
2 527 525 
2 528 526 
2 529 527 
3 530 528 460 
3 531 529 433 
2 532 530 
2 533 531 
2 534 532 
2 535 533 
2 536 534 
2 537 535 
2 538 536 
2 539 537 
2 540 538 
2 539 479 
