1000
0 84 746
1 110 7756
2 110 13370
3 122 13730
4 132 90
5 166 8248
6 192 196
7 194 1990
8 196 9684
9 210 2184
10 266 1700
11 270 1832
12 276 6852
13 280 11110
14 288 10438
15 292 6514
16 320 7874
17 334 13734
18 338 6622
19 348 7850
20 400 1850
21 402 1044
22 436 3208
23 444 4124
24 446 4272
25 454 588
26 508 2952
27 590 10210
28 594 10402
29 604 5378
30 616 13626
31 620 1204
32 650 5354
33 728 12728
34 734 12624
35 768 11996
36 802 6726
37 816 9846
38 828 12380
39 842 3626
40 850 6516
41 886 6860
42 898 5282
43 924 7098
44 928 4320
45 948 8688
46 974 4888
47 988 7254
48 1000 8372
49 1012 1992
50 1038 3468
51 1076 5020
52 1078 3396
53 1102 7710
54 1164 4170
55 1180 13188
56 1234 8206
57 1278 9364
58 1304 11542
59 1306 3402
60 1312 6812
61 1334 1970
62 1346 1228
63 1368 1208
64 1386 3430
65 1394 7232
66 1408 9184
67 1432 2180
68 1466 344
69 1466 6348
70 1468 5516
71 1480 3866
72 1494 11286
73 1500 7128
74 1500 7638
75 1504 12104
76 1558 6468
77 1574 7458
78 1578 13120
79 1582 6440
80 1590 4472
81 1672 13302
82 1692 5344
83 1698 6648
84 1750 10022
85 1754 10398
86 1844 10762
87 1856 4210
88 1860 11818
89 1894 2632
90 1926 8670
91 1944 10816
92 1952 3546
93 1996 11680
94 2080 3516
95 2138 1694
96 2138 4380
97 2138 5416
98 2166 2016
99 2170 7736
100 2170 10084
101 2208 3222
102 2262 3228
103 2308 3600
104 2338 2336
105 2340 2296
106 2354 5328
107 2382 12066
108 2402 11158
109 2470 12094
110 2476 11460
111 2478 634
112 2498 7188
113 2498 10664
114 2514 2580
115 2552 628
116 2556 9034
117 2556 9590
118 2582 6082
119 2682 4508
120 2698 3194
121 2704 4346
122 2706 11594
123 2740 7618
124 2744 2758
125 2750 9948
126 2780 8550
127 2794 1928
128 2808 3586
129 2828 8582
130 2832 7584
131 2850 10578
132 2864 7976
133 2898 9238
134 2904 1154
135 2918 11554
136 2950 11560
137 2988 7898
138 3004 6760
139 3030 8416
140 3036 13694
141 3038 2070
142 3068 4856
143 3086 7532
144 3140 9938
145 3146 3168
146 3290 9562
147 3298 10468
148 3306 11590
149 3306 13978
150 3324 9540
151 3344 3420
152 3346 3276
153 3380 6008
154 3384 10320
155 3426 2826
156 3440 11564
157 3442 12626
158 3448 10640
159 3458 8338
160 3478 12930
161 3500 3720
162 3502 8542
163 3514 10402
164 3516 6580
165 3564 960
166 3564 1088
167 3572 5036
168 3574 4052
169 3594 900
170 3610 10492
171 3614 7802
172 3618 8268
173 3642 6292
174 3652 5502
175 3656 5478
176 3658 8400
177 3666 10418
178 3668 4934
179 3690 6040
180 3700 6800
181 3728 1966
182 3734 5472
183 3770 8078
184 3820 4204
185 3832 4978
186 3838 11234
187 3852 9028
188 3884 9032
189 3894 348
190 3932 278
191 3938 958
192 3970 12238
193 4002 7810
194 4090 10454
195 4092 3754
196 4092 13888
197 4226 7540
198 4228 5056
199 4244 5928
200 4256 12816
201 4266 3128
202 4266 6192
203 4270 1492
204 4272 6490
205 4274 5356
206 4274 8010
207 4278 11912
208 4286 3616
209 4318 13904
210 4328 10960
211 4348 1036
212 4352 3016
213 4390 1768
214 4396 7580
215 4416 7430
216 4436 4740
217 4470 6032
218 4472 9088
219 4500 4918
220 4572 1644
221 4598 9460
222 4616 13258
223 4616 13900
224 4618 12430
225 4632 896
226 4634 13272
227 4650 11128
228 4686 10854
229 4704 12846
230 4706 2692
231 4718 8642
232 4718 9230
233 4738 6570
234 4738 10876
235 4744 4054
236 4802 11438
237 4806 11508
238 4814 6780
239 4818 11598
240 4820 2250
241 4826 8724
242 4826 13276
243 4828 4368
244 4838 5680
245 4848 800
246 4856 12532
247 4870 13114
248 4874 3512
249 4880 126
250 4882 8926
251 4890 13432
252 4938 3880
253 4962 5080
254 5046 5890
255 5076 6786
256 5094 9666
257 5094 13802
258 5146 5070
259 5166 2752
260 5184 4106
261 5216 13394
262 5220 1250
263 5220 12036
264 5232 13706
265 5254 8422
266 5270 11782
267 5304 11112
268 5348 3254
269 5350 7708
270 5380 7102
271 5384 12552
272 5406 7080
273 5452 1052
274 5456 5990
275 5458 6574
276 5470 4962
277 5492 9914
278 5494 8372
279 5506 9692
280 5520 11854
281 5566 2018
282 5622 10138
283 5634 2962
284 5636 9890
285 5686 13620
286 5738 6236
287 5750 2552
288 5754 3290
289 5784 5064
290 5800 5110
291 5806 1686
292 5808 758
293 5826 9744
294 5840 9406
295 5872 13038
296 5892 11418
297 5902 692
298 5910 11546
299 5928 9346
300 5960 3064
301 5962 10622
302 6006 2312
303 6076 3106
304 6096 11668
305 6162 6926
306 6168 11414
307 6224 3568
308 6236 436
309 6240 7132
310 6260 5118
311 6260 9318
312 6282 9798
313 6290 2144
314 6338 12382
315 6348 11908
316 6370 12426
317 6402 3918
318 6412 12998
319 6428 6156
320 6430 3824
321 6480 11280
322 6508 5760
323 6512 4378
324 6516 4964
325 6518 12646
326 6590 4568
327 6606 9034
328 6624 7572
329 6670 1754
330 6692 8286
331 6694 9520
332 6702 11178
333 6718 6392
334 6718 6418
335 6720 7384
336 6728 4674
337 6748 7686
338 6776 7276
339 6814 5574
340 6816 1566
341 6832 9324
342 6862 2436
343 6882 5734
344 6886 5182
345 6894 4182
346 6918 1478
347 6918 8480
348 6952 6116
349 6954 7570
350 6954 12364
351 6958 7650
352 6982 7974
353 6998 310
354 7012 2240
355 7030 10580
356 7078 9524
357 7108 1106
358 7156 11188
359 7200 12122
360 7216 8824
361 7226 4866
362 7244 4222
363 7276 11418
364 7298 10926
365 7302 7592
366 7316 12402
367 7332 10248
368 7356 6464
369 7408 11902
370 7438 9348
371 7510 4882
372 7514 2808
373 7520 12600
374 7574 9236
375 7576 9214
376 7580 12910
377 7632 7860
378 7648 11086
379 7652 1004
380 7690 2574
381 7700 5298
382 7706 12486
383 7730 8980
384 7740 7558
385 7748 5726
386 7762 7136
387 7918 382
388 7986 2886
389 7994 6702
390 8048 198
391 8056 6716
392 8136 3250
393 8138 7246
394 8140 1396
395 8142 4898
396 8150 3002
397 8156 5828
398 8158 5096
399 8184 744
400 8184 13942
401 8208 13930
402 8232 1438
403 8236 10984
404 8242 2602
405 8242 4714
406 8248 4348
407 8248 13256
408 8250 3462
409 8250 12728
410 8254 5146
411 8270 10864
412 8366 8194
413 8390 13940
414 8428 9616
415 8504 7910
416 8542 9624
417 8562 7144
418 8626 10664
419 8652 7406
420 8652 11942
421 8678 9404
422 8684 13200
423 8700 11654
424 8702 5738
425 8736 7260
426 8784 1428
427 8820 1528
428 8826 6770
429 8842 2042
430 8856 8988
431 8870 2252
432 8878 2974
433 8900 886
434 8902 6562
435 8914 6974
436 8934 6494
437 8936 4958
438 8956 10140
439 8970 13330
440 8988 13090
441 9022 6702
442 9056 11384
443 9062 7244
444 9074 12480
445 9080 13212
446 9092 13146
447 9096 11986
448 9110 11676
449 9110 11982
450 9116 3462
451 9152 1874
452 9152 13494
453 9166 5546
454 9226 960
455 9228 706
456 9232 1648
457 9354 12638
458 9408 12636
459 9458 4932
460 9496 2672
461 9500 11018
462 9520 6576
463 9528 13222
464 9574 10388
465 9618 2728
466 9638 6416
467 9640 6762
468 9642 9542
469 9660 5432
470 9660 6946
471 9672 3416
472 9696 12984
473 9710 12578
474 9736 12116
475 9738 5056
476 9742 8004
477 9774 1674
478 9776 8788
479 9778 10406
480 9814 10308
481 9830 9756
482 9832 11132
483 9840 6376
484 9904 6748
485 9938 1140
486 9946 11632
487 10028 11190
488 10064 5794
489 10070 3136
490 10086 1990
491 10098 9678
492 10102 2948
493 10116 862
494 10116 3400
495 10120 6926
496 10142 6530
497 10212 452
498 10216 4754
499 10222 2378
500 10246 5648
501 10304 5306
502 10314 12758
503 10344 104
504 10346 8268
505 10370 2862
506 10410 5962
507 10412 11376
508 10418 11880
509 10506 11544
510 10516 3674
511 10540 12838
512 10588 11838
513 10614 1990
514 10708 1546
515 10758 12050
516 10766 13070
517 10784 3610
518 10786 2206
519 10806 2234
520 10818 8498
521 10842 4866
522 10882 6234
523 10944 4108
524 10948 9946
525 11024 1258
526 11048 5512
527 11056 9602
528 11082 990
529 11084 8302
530 11092 1244
531 11138 9882
532 11142 5572
533 11200 3218
534 11214 13866
535 11238 8916
536 11256 5950
537 11298 3844
538 11298 5136
539 11330 7828
540 11344 12652
541 11348 8732
542 11412 7090
543 11448 12184
544 11452 2132
545 11452 12718
546 11466 7438
547 11482 2164
548 11488 2056
549 11522 4674
550 11522 6054
551 11550 9196
552 11568 6410
553 11604 11408
554 11618 12762
555 11636 5858
556 11722 7622
557 11724 7544
558 11768 1350
559 11770 1330
560 11808 7684
561 11840 2118
562 11876 7924
563 11884 2654
564 11900 10154
565 11900 12494
566 11982 12264
567 12022 13274
568 12054 7966
569 12062 11940
570 12080 10232
571 12086 5022
572 12100 7202
573 12106 2400
574 12112 2478
575 12116 2030
576 12118 9018
577 12130 2244
578 12134 7522
579 12180 6696
580 12246 2338
581 12286 7526
582 12302 7138
583 12448 360
584 12454 206
585 12458 468
586 12470 9504
587 12544 10616
588 12554 6078
589 12566 2702
590 12568 3118
591 12640 8612
592 12648 1774
593 12648 3906
594 12708 3170
595 12710 220
596 12714 9594
597 12722 706
598 12744 3966
599 12798 5432
600 12818 7742
601 12822 7234
602 12848 5674
603 12848 9132
604 12856 11374
605 12916 4458
606 12916 12218
607 12926 4768
608 12970 2922
609 12976 12720
610 13006 10928
611 13040 5948
612 13056 13378
613 13070 12334
614 13076 9918
615 13098 11014
616 13126 8280
617 13144 6770
618 13150 4534
619 13168 2692
620 13222 10890
621 13244 11392
622 13248 1028
623 13282 10136
624 13284 12310
625 13296 10314
626 13300 10346
627 13344 7124
628 13364 2254
629 13366 5958
630 13402 10634
631 13404 1044
632 13408 1756
633 13418 5004
634 13424 2718
635 13426 1888
636 13448 2116
637 13462 1158
638 13482 7330
639 13504 7038
640 13510 10986
641 13528 7008
642 13538 12410
643 13578 13164
644 13592 2378
645 13594 8626
646 13618 10916
647 13626 11480
648 13628 9766
649 13632 4496
650 13684 4898
651 13714 3794
652 13754 1706
653 13760 10154
654 13790 706
655 13790 13676
656 13796 1334
657 13814 2472
658 13818 8188
659 13818 11296
660 13824 9942
661 13830 9010
662 13842 1758
663 13842 12834
664 13858 2064
665 13860 1394
666 13876 11748
667 13888 12748
668 13920 13594
669 13944 13894
670 13994 12156
671 14000 5836
672 14002 11288
673 14056 12438
674 14080 5338
675 14086 5624
676 14102 8314
677 14124 8944
678 14126 12538
679 14132 3014
680 14142 13458
681 14190 772
682 14222 3534
683 14224 12360
684 14234 8046
685 14234 9296
686 14308 3064
687 14312 7644
688 14318 5216
689 14338 6366
690 14372 6218
691 14444 8884
692 14448 12546
693 14496 11268
694 14532 13188
695 14534 1332
696 14546 12180
697 14574 12610
698 14578 7588
699 14582 7484
700 14602 7956
701 14664 10530
702 14666 5250
703 14692 10838
704 14696 6994
705 14736 2240
706 14778 9334
707 14804 13226
708 14808 1968
709 14858 10126
710 14860 9326
711 14864 10146
712 14872 9692
713 14976 4492
714 14992 2766
715 15000 1324
716 15030 12642
717 15110 950
718 15110 2966
719 15118 11512
720 15138 12260
721 15160 10220
722 15166 2422
723 15172 1682
724 15190 6818
725 15190 12630
726 15202 2080
727 15234 1604
728 15238 4954
729 15248 11086
730 15262 9240
731 15262 11588
732 15264 12752
733 15296 8526
734 15306 12530
735 15390 438
736 15400 11896
737 15414 13420
738 15434 6948
739 15438 7372
740 15466 10118
741 15490 8470
742 15494 7666
743 15506 7986
744 15506 12904
745 15552 10090
746 15574 1536
747 15580 10794
748 15604 5818
749 15608 10268
750 15640 5684
751 15670 3612
752 15680 7514
753 15686 7794
754 15724 9244
755 15740 9712
756 15742 8248
757 15804 1150
758 15840 10998
759 15900 13706
760 15922 2840
761 15928 4126
762 15954 9110
763 15978 12088
764 15982 5056
765 16000 6628
766 16014 10662
767 16034 7288
768 16036 2080
769 16040 11732
770 16098 10670
771 16116 12074
772 16136 9378
773 16176 4234
774 16242 9006
775 16306 8484
776 16320 11668
777 16336 6474
778 16342 1206
779 16364 7662
780 16368 10046
781 16390 442
782 16402 3206
783 16512 8828
784 16522 3292
785 16554 7698
786 16558 6588
787 16558 9560
788 16560 11166
789 16590 4656
790 16592 4954
791 16610 12196
792 16616 12830
793 16634 420
794 16642 10732
795 16646 12996
796 16660 2202
797 16668 12290
798 16722 4766
799 16746 4290
800 16752 6024
801 16754 13882
802 16830 10276
803 16868 9730
804 16870 6684
805 16876 1026
806 16906 10860
807 16916 8684
808 16954 9324
809 16972 12492
810 16974 2052
811 17028 1050
812 17036 7794
813 17056 8494
814 17124 12564
815 17154 8658
816 17156 5814
817 17156 5938
818 17158 3020
819 17170 4602
820 17180 2460
821 17222 7806
822 17240 7386
823 17242 9474
824 17258 5824
825 17260 8606
826 17274 5978
827 17322 1648
828 17324 3498
829 17330 1724
830 17366 8144
831 17380 2624
832 17384 7876
833 17390 10772
834 17404 7182
835 17408 2584
836 17450 148
837 17510 11066
838 17512 11804
839 17548 2164
840 17550 12988
841 17558 8496
842 17562 4904
843 17602 226
844 17606 7140
845 17632 8260
846 17680 6526
847 17694 12720
848 17714 5696
849 17722 12636
850 17742 1880
851 17762 1334
852 17790 6312
853 17822 8832
854 17842 7984
855 17862 7758
856 17876 9162
857 17924 2166
858 17936 3160
859 17944 7060
860 17950 13898
861 17958 13176
862 17984 9674
863 17986 12214
864 17994 12530
865 18012 6444
866 18014 11420
867 18022 9460
868 18054 8526
869 18088 12178
870 18092 6122
871 18098 7462
872 18168 12738
873 18198 4944
874 18200 226
875 18200 446
876 18292 5724
877 18316 10866
878 18316 10868
879 18322 230
880 18336 4506
881 18338 10164
882 18352 11074
883 18356 6624
884 18382 7202
885 18384 12576
886 18400 5834
887 18422 9946
888 18466 6922
889 18488 5392
890 18508 4632
891 18526 1742
892 18526 5366
893 18528 8234
894 18558 6898
895 18578 7416
896 18582 146
897 18606 2260
898 18622 9496
899 18628 11126
900 18630 10788
901 18680 7064
902 18696 5382
903 18728 6984
904 18752 1470
905 18782 13342
906 18784 5714
907 18784 6916
908 18786 2736
909 18798 13326
910 18802 13626
911 18812 11092
912 18836 8750
913 18862 13504
914 18894 11122
915 18930 9536
916 18932 9342
917 18978 11130
918 19012 150
919 19012 5888
920 19032 2316
921 19042 7398
922 19044 1724
923 19094 9590
924 19096 12608
925 19108 10254
926 19112 5332
927 19142 12708
928 19202 2680
929 19206 10464
930 19246 5102
931 19250 13050
932 19258 11470
933 19288 11256
934 19302 7710
935 19306 6246
936 19306 7038
937 19318 11800
938 19348 12596
939 19350 2536
940 19358 6482
941 19364 8422
942 19372 9172
943 19378 8746
944 19388 5524
945 19436 1038
946 19436 7012
947 19442 2820
948 19442 5184
949 19470 5666
950 19486 8788
951 19552 9276
952 19560 1164
953 19600 8704
954 19610 13216
955 19656 11304
956 19666 5258
957 19682 7074
958 19706 10798
959 19708 11096
960 19710 13064
961 19718 13368
962 19724 4320
963 19728 12176
964 19758 12738
965 19788 9258
966 19878 5032
967 19906 1744
968 19930 2748
969 19940 4424
970 19976 11846
971 19994 7034
972 20016 8204
973 20018 10386
974 20024 13462
975 20026 9576
976 20030 4822
977 20042 12608
978 20078 4792
979 20108 8842
980 20160 13812
981 20168 9126
982 20186 8218
983 20188 12106
984 20194 7450
985 20220 3018
986 20234 5742
987 20238 7012
988 20356 6296
989 20362 7004
990 20364 638
991 20364 9588
992 20368 1304
993 20368 2364
994 20370 12062
995 20372 2540
996 20372 11936
997 20374 4238
998 20374 10640
999 20382 9732
4 7 1 2 4 
4 5 2 0 12 
5 3 0 1 8 13 
4 17 149 2 33 
5 503 249 190 6 0 
3 8 1 16 
4 68 25 10 4 
4 26 9 0 11 
3 14 2 5 
3 22 15 7 
4 11 6 21 31 
3 20 7 10 
3 1 15 18 
3 2 14 28 
3 13 8 27 
4 12 9 23 24 
4 5 18 36 19 
3 196 3 30 
3 16 12 29 
3 45 16 43 
3 49 11 62 
3 31 10 25 
3 23 9 26 
3 24 15 22 
3 29 15 23 
3 111 21 6 
3 39 22 7 
3 28 14 37 
3 35 13 27 
3 18 24 32 
5 140 17 55 81 226 
3 63 10 21 
3 29 46 42 
3 3 34 75 
3 33 35 38 
3 38 34 28 
3 41 16 40 
3 27 45 57 
3 34 35 58 
3 44 26 50 
3 36 42 70 
3 43 36 69 
3 40 32 51 
3 47 19 41 
3 46 39 54 
3 37 19 48 
3 51 32 44 
3 53 43 60 
3 45 53 56 
3 52 20 61 
4 71 39 52 64 
3 42 46 80 
3 59 50 49 
3 48 47 65 
3 80 44 71 
3 30 88 78 
3 66 48 74 
3 84 37 66 
3 38 85 72 
3 64 52 67 
3 65 47 76 
3 67 49 95 
3 20 63 134 
3 62 31 165 
3 92 50 59 
3 53 60 73 
3 57 56 90 
3 89 59 61 
3 189 115 6 
3 76 41 82 
3 40 87 82 
3 54 50 92 
3 58 86 91 
3 77 65 83 
3 99 56 77 
3 33 113 88 
3 60 69 79 
3 74 73 112 
3 81 55 107 
3 83 76 97 
3 51 54 87 
3 30 78 160 
3 69 70 96 
3 73 79 118 
3 85 57 90 
3 58 84 116 
4 91 72 100 125 
3 70 80 94 
3 55 75 93 
3 101 67 98 
3 84 66 99 
3 72 86 113 
3 71 64 94 
3 88 108 110 
3 87 92 101 
3 98 61 134 
3 97 82 103 
3 79 96 106 
4 105 89 95 127 
3 90 74 123 
3 86 116 117 
3 102 94 89 
3 103 101 104 
3 121 96 102 
3 114 102 105 
3 124 104 98 
3 118 97 119 
3 109 78 122 
3 93 131 147 
3 192 157 107 
3 122 93 158 
3 169 25 115 
3 130 77 138 
3 75 91 144 
3 124 120 104 
3 245 111 68 
3 100 85 126 
3 100 129 133 
3 83 106 153 
3 142 106 121 
3 128 114 145 
3 119 103 128 
3 107 110 135 
3 132 99 130 
3 145 114 105 
3 86 133 146 
4 129 116 132 139 
3 141 98 203 
3 121 120 151 
3 117 126 159 
3 123 112 143 
3 108 144 154 
3 126 123 137 
3 125 117 162 
3 95 62 166 
3 136 122 158 
3 148 192 135 
3 132 143 171 
3 112 153 164 
3 126 171 183 
3 196 30 251 
3 155 127 181 
3 167 175 119 
3 137 130 180 
3 131 113 150 
3 152 120 124 
3 125 187 150 
3 108 154 163 
3 207 136 156 
4 3 209 400 860 
3 144 146 188 
3 161 128 152 
3 151 145 155 
3 138 118 174 
3 147 131 221 
3 212 152 141 
3 148 186 237 
3 200 160 109 
3 135 110 170 
3 162 129 172 
3 222 81 157 
3 168 151 201 
3 133 159 176 
3 177 147 256 
3 180 138 173 
3 166 63 169 
3 203 134 165 
3 182 142 178 
3 184 178 161 
3 191 165 111 
3 186 158 177 
3 139 137 197 
3 176 159 183 
3 204 164 179 
3 179 153 175 
3 174 142 182 
3 187 162 172 
3 194 170 163 
3 185 167 168 
3 202 173 174 
3 143 164 204 
3 240 141 213 
3 199 175 167 
3 172 139 193 
3 216 168 195 
3 198 205 178 
4 156 170 210 227 
3 188 146 176 
3 218 150 187 
3 308 68 190 
3 353 189 4 
3 211 169 225 
3 224 109 136 
3 206 183 197 
3 210 177 277 
3 184 201 208 
3 209 17 140 
3 193 171 215 
3 244 185 219 
3 217 202 182 
3 229 222 157 
3 195 161 212 
3 233 179 199 
3 220 127 166 
3 233 180 173 
3 244 217 185 
3 231 193 214 
3 224 148 239 
3 195 259 248 
3 149 196 223 
3 186 194 228 
3 273 262 191 
3 201 155 230 
3 181 220 291 
3 265 206 215 
3 214 197 238 
3 219 184 235 
3 255 199 205 
3 232 188 231 
4 253 198 216 243 
3 213 203 262 
3 256 154 232 
3 226 160 200 
3 401 209 257 
3 246 192 207 
3 273 191 245 
3 242 30 222 
3 236 186 234 
3 234 210 282 
3 247 200 246 
3 259 212 240 
3 241 218 206 
3 221 218 250 
4 255 238 204 202 
3 267 227 228 
3 216 248 252 
3 237 227 296 
3 239 156 236 
3 269 215 233 
3 266 207 237 
3 230 181 281 
3 250 231 265 
3 251 226 247 
3 219 252 260 
3 254 205 198 
3 225 115 292 
3 229 224 263 
3 242 229 271 
3 235 208 268 
3 836 390 4 
3 294 232 241 
3 140 242 261 
3 243 235 268 
3 274 219 258 
3 274 275 244 
3 270 233 217 
3 279 163 221 
3 223 264 452 
3 290 253 276 
3 208 230 287 
3 243 288 307 
3 264 251 295 
3 346 220 211 
3 246 266 280 
4 257 261 285 439 
3 241 214 278 
3 263 239 298 
3 296 234 301 
3 252 248 283 
3 278 238 270 
3 269 255 272 
3 247 280 314 
3 330 270 275 
3 402 211 225 
3 286 254 253 
3 309 272 254 
3 289 258 317 
3 194 279 284 
3 299 265 269 
3 277 256 294 
3 271 263 298 
3 302 240 291 
3 301 228 284 
3 288 268 287 
3 282 277 293 
3 264 318 407 
3 305 274 319 
3 283 259 302 
3 260 283 300 
3 310 290 276 
3 319 258 289 
3 281 213 340 
3 357 245 297 
3 312 284 311 
3 279 250 299 
3 261 325 318 
3 236 267 306 
3 399 292 308 
4 304 280 266 306 
3 294 278 311 
3 303 288 313 
3 267 282 355 
3 287 281 313 
3 307 300 342 
3 315 298 363 
3 335 309 286 
3 298 296 321 
3 320 260 303 
3 297 189 387 
3 328 275 305 
3 322 289 324 
3 293 299 327 
3 367 293 331 
3 300 302 329 
3 316 271 315 
3 314 304 369 
3 325 314 350 
3 323 276 320 
3 285 295 376 
3 334 286 290 
3 345 317 307 
3 306 332 358 
3 348 333 310 
3 326 324 317 
3 339 310 323 
3 295 316 373 
3 336 339 323 
3 341 311 330 
3 337 347 309 
3 354 313 340 
3 347 327 272 
3 356 312 341 
3 321 355 364 
3 365 334 322 
3 338 319 333 
4 351 337 305 338 
3 344 326 345 
3 352 328 335 
3 349 335 334 
3 343 324 326 
3 329 291 346 
3 331 327 360 
3 372 303 354 
3 348 339 344 
3 343 336 361 
3 362 336 320 
3 340 262 402 
3 360 330 328 
3 368 322 343 
3 365 351 338 
3 366 316 359 
3 352 335 349 
3 375 337 351 
3 387 190 390 
3 380 342 329 
3 332 301 367 
3 414 331 370 
3 394 292 379 
3 363 321 378 
3 350 369 420 
3 375 341 347 
3 371 344 362 
3 361 345 372 
3 304 358 442 
3 332 438 418 
3 377 349 333 
3 382 350 447 
3 355 312 438 
3 386 348 385 
3 359 315 423 
3 356 374 430 
3 381 361 392 
3 388 362 342 
3 409 325 382 
3 370 375 476 
4 374 360 352 383 
3 440 318 409 
3 383 365 384 
3 358 411 403 
3 357 399 433 
3 404 388 354 
3 385 371 395 
3 373 366 444 
3 375 377 412 
3 377 386 393 
3 389 368 381 
3 384 368 389 
3 497 308 353 
3 396 372 380 
3 391 386 385 
3 584 353 249 
3 393 389 397 
3 408 371 396 
3 384 391 417 
3 402 357 485 
3 398 381 405 
3 392 388 404 
3 417 391 398 
3 410 397 395 
3 379 297 455 
3 149 413 801 
3 413 223 534 
4 346 273 394 426 
3 461 378 411 
3 396 380 429 
3 410 395 406 
3 424 405 408 
3 285 440 422 
3 406 392 432 
3 376 373 457 
3 428 398 405 
3 403 378 418 
3 383 415 470 
3 400 401 669 
3 416 356 421 
3 412 419 443 
3 481 414 468 
3 419 393 397 
3 411 364 464 
3 415 417 425 
3 449 359 448 
3 414 430 478 
3 445 407 446 
3 448 369 442 
3 434 406 437 
3 419 428 435 
3 427 402 485 
3 456 429 426 
3 425 410 434 
3 431 404 427 
3 421 370 504 
3 432 429 451 
3 450 408 431 
3 454 379 455 
3 428 424 436 
3 425 441 462 
3 441 434 453 
3 453 424 450 
3 364 367 481 
3 452 264 445 
3 407 376 472 
3 435 436 469 
3 423 363 482 
3 415 462 467 
3 457 382 474 
3 463 439 422 
3 422 472 516 
3 474 366 449 
3 420 423 486 
3 447 420 508 
3 437 432 460 
3 460 431 456 
3 668 257 439 
3 436 437 459 
3 485 433 493 
3 433 399 497 
3 477 451 427 
3 409 444 458 
3 502 457 473 
3 475 453 471 
3 465 450 451 
3 482 403 479 
3 443 435 466 
3 567 612 445 
3 479 418 480 
3 492 471 460 
3 462 488 483 
3 470 443 483 
3 491 416 535 
3 441 475 498 
3 412 467 484 
3 459 465 489 
3 446 440 511 
3 540 458 543 
3 444 447 515 
3 469 459 494 
3 374 495 542 
3 490 456 514 
3 421 539 520 
3 587 461 464 
3 464 527 524 
3 438 416 491 
3 487 442 461 
3 467 466 500 
3 495 470 496 
4 525 426 394 454 
3 512 448 509 
3 553 507 482 
3 466 501 500 
3 494 471 492 
3 513 499 477 
3 481 468 527 
3 489 465 505 
3 528 454 585 
3 510 475 489 
3 476 484 522 
3 484 506 522 
3 455 387 583 
3 501 469 510 
3 505 490 519 
3 483 488 521 
3 488 498 523 
3 511 458 545 
2 896 4 
3 430 546 539 
3 533 492 499 
3 496 521 526 
3 569 509 487 
3 515 449 512 
3 569 486 507 
3 498 494 517 
3 472 502 554 
3 606 508 486 
3 518 490 514 
3 513 477 525 
3 543 474 508 
3 643 446 663 
3 523 510 533 
3 519 513 544 
3 499 518 547 
3 541 478 529 
3 506 500 537 
3 495 496 536 
3 501 517 537 
3 564 480 531 
3 514 485 530 
3 532 506 538 
4 480 491 551 576 
3 530 493 597 
3 520 560 562 
3 559 525 528 
3 524 603 586 
3 536 526 538 
3 517 505 563 
3 669 401 655 
3 551 468 541 
3 550 522 532 
3 521 523 563 
3 532 526 549 
3 478 504 556 
3 545 473 565 
3 535 520 568 
3 546 476 552 
3 566 473 515 
3 547 518 548 
3 554 502 540 
3 557 504 542 
3 573 519 544 
3 561 544 558 
3 538 574 590 
3 552 536 555 
3 527 535 591 
3 579 542 550 
3 606 487 604 
3 511 545 609 
3 588 550 571 
3 560 539 557 
3 556 546 572 
3 592 548 559 
3 558 530 622 
3 529 556 578 
3 577 548 575 
3 568 529 581 
3 537 533 573 
3 570 524 623 
3 540 566 613 
3 613 565 543 
3 612 463 643 
3 541 562 600 
3 606 509 507 
3 625 587 564 
3 599 555 593 
3 557 579 582 
4 574 563 547 580 
3 589 549 573 
3 577 561 592 
3 527 591 645 
3 580 561 575 
3 581 560 582 
3 572 552 588 
3 573 577 628 
3 562 578 601 
3 578 572 611 
3 585 497 584 
4 595 583 390 836 
4 654 597 493 583 
3 596 531 661 
3 610 479 570 
3 579 555 602 
3 590 574 619 
3 594 549 589 
3 576 551 616 
3 575 558 632 
3 598 571 594 
3 593 590 608 
3 843 735 584 
3 648 614 586 
3 622 528 585 
3 605 593 651 
3 602 571 607 
3 616 568 638 
3 581 617 627 
3 611 588 599 
3 531 645 661 
3 621 553 615 
3 618 607 598 
4 624 512 569 553 
3 633 599 605 
3 594 619 634 
4 667 554 642 678 
3 615 587 626 
3 629 582 602 
3 680 463 567 
3 565 566 624 
3 660 623 596 
3 604 610 620 
3 591 600 658 
3 641 601 629 
3 650 605 649 
3 608 589 644 
3 640 615 630 
3 647 604 659 
3 631 559 597 
3 653 564 614 
4 642 613 606 670 
3 626 570 653 
3 630 610 625 
3 638 601 639 
3 644 580 636 
3 617 611 671 
3 646 620 626 
3 637 622 654 
3 635 592 637 
3 674 607 650 
3 679 608 657 
3 636 632 652 
3 628 635 664 
3 656 632 631 
3 684 600 627 
3 687 627 641 
3 659 620 646 
3 699 639 617 
3 673 609 624 
3 694 567 516 
3 657 619 628 
3 603 576 676 
3 640 630 701 
3 666 621 693 
3 660 596 685 
3 702 618 651 
3 688 633 618 
3 649 598 682 
3 662 635 665 
3 625 623 711 
3 681 631 585 
3 759 534 668 
3 665 637 695 
3 714 634 644 
3 676 616 684 
3 621 640 672 
3 709 614 648 
3 586 603 677 
3 708 664 652 
3 694 516 667 
3 705 636 662 
3 652 656 695 
3 670 647 719 
3 663 609 697 
3 655 452 680 
3 413 534 801 
3 696 624 666 
3 689 629 675 
3 659 703 693 
3 678 642 683 
3 675 633 688 
3 690 671 674 
3 733 645 658 
3 661 733 691 
3 692 609 673 
3 686 682 634 
3 668 612 737 
3 717 654 735 
3 713 651 679 
3 673 696 720 
3 658 638 700 
3 706 648 691 
3 761 679 718 
3 700 639 698 
3 702 674 650 
3 704 671 690 
3 724 689 675 
3 685 677 775 
3 697 678 734 
3 647 672 729 
3 707 643 663 
3 665 656 715 
3 683 670 736 
3 716 667 692 
3 742 687 699 
3 698 641 704 
3 743 684 687 
3 703 646 721 
3 748 688 649 
3 729 672 701 
3 739 699 689 
3 714 664 708 
3 712 685 710 
3 737 694 744 
4 722 705 662 723 
3 711 660 712 
3 706 730 754 
3 721 653 709 
3 740 709 706 
3 728 682 761 
3 718 657 705 
3 727 695 757 
3 732 697 725 
3 757 681 781 
3 751 686 714 
3 731 666 729 
3 797 683 763 
3 701 711 740 
3 751 708 726 
3 726 708 727 
3 738 739 690 
3 792 716 734 
3 760 722 723 
3 723 715 746 
3 764 750 713 
4 719 693 703 747 
3 710 783 762 
3 736 719 758 
3 795 744 716 
3 677 676 741 
3 725 692 809 
3 781 681 595 
3 696 731 769 
3 680 707 905 
3 767 724 765 
3 752 704 724 
3 721 712 745 
3 775 733 756 
3 753 698 752 
3 756 700 753 
3 795 707 732 
3 749 740 755 
3 768 727 778 
3 729 749 766 
3 765 702 750 
3 747 745 780 
3 748 728 764 
4 773 718 722 760 
3 779 742 739 
3 743 742 779 
3 755 710 762 
3 745 754 772 
3 741 743 812 
3 778 715 717 
3 731 770 794 
3 801 655 910 
3 782 751 726 
3 773 713 686 
3 754 730 774 
3 720 776 771 
3 750 728 790 
3 738 748 777 
3 770 747 780 
3 785 738 786 
3 796 784 746 
3 736 788 776 
3 758 766 803 
3 791 763 878 
3 787 755 774 
3 789 761 751 
3 772 762 783 
3 813 691 741 
3 763 769 837 
3 786 765 800 
3 746 757 805 
3 785 753 752 
4 766 749 787 808 
3 717 735 793 
3 784 799 760 
3 774 730 807 
3 819 782 768 
3 812 779 767 
3 804 767 777 
3 780 772 815 
3 769 794 806 
3 798 790 773 
3 800 764 789 
3 797 771 838 
3 840 725 814 
3 805 781 843 
3 788 758 802 
3 861 744 732 
3 818 768 810 
3 809 720 791 
3 816 789 799 
3 819 798 782 
3 777 790 817 
4 860 400 669 759 
3 794 803 823 
3 802 770 808 
3 822 786 846 
3 811 778 793 
3 788 862 833 
3 783 813 815 
3 803 780 825 
3 814 734 797 
4 839 820 796 829 
3 827 805 875 
3 821 756 785 
3 807 775 830 
3 849 792 809 
3 787 807 825 
3 824 817 798 
3 826 800 816 
3 828 796 820 
3 842 799 784 
3 831 818 810 
3 832 812 822 
3 821 804 834 
3 802 841 856 
3 826 816 848 
3 808 815 845 
3 852 817 824 
3 829 811 851 
3 873 842 818 
3 850 810 827 
3 813 832 855 
3 858 820 835 
3 830 821 844 
3 837 806 881 
3 822 846 844 
3 908 831 839 
4 874 584 249 896 
3 776 833 877 
3 863 791 866 
3 857 835 810 
3 861 792 847 
3 853 823 845 
3 848 819 828 
3 874 793 595 
3 832 834 859 
3 841 825 854 
3 834 804 852 
3 872 840 849 
3 870 824 842 
3 847 814 864 
3 857 829 891 
3 904 827 875 
3 865 846 826 
3 856 841 868 
3 868 845 855 
3 854 830 871 
3 867 823 853 
3 897 839 850 
3 962 880 831 
3 871 844 865 
3 149 801 980 
3 909 795 840 
3 887 806 867 
3 864 838 869 
3 872 849 863 
3 883 859 852 
3 869 838 882 
3 898 862 856 
4 898 853 854 893 
3 885 863 866 
3 883 848 876 
3 855 859 884 
4 909 847 864 885 
3 889 876 828 
3 879 843 836 
3 851 811 879 
3 886 870 873 
3 878 837 900 
3 882 771 877 
3 875 874 918 
3 890 892 858 
3 900 833 887 
3 899 866 878 
4 888 865 870 886 
3 895 871 888 
3 924 872 869 
3 883 876 889 
3 925 881 862 
3 884 883 894 
3 886 873 892 
3 930 902 880 
3 850 904 922 
3 902 889 880 
3 912 868 895 
3 901 888 906 
3 893 884 901 
3 918 836 503 
3 920 908 857 
3 915 867 868 
3 924 882 911 
3 911 877 881 
3 895 894 903 
3 906 892 890 
3 901 919 907 
3 891 851 945 
3 913 737 909 
3 894 902 926 
3 921 903 935 
3 962 835 897 
4 905 861 872 931 
3 980 759 913 
3 914 899 900 
3 916 893 921 
3 910 905 961 
3 917 932 911 
3 923 898 916 
3 915 912 943 
3 933 914 929 
4 990 945 879 896 
3 903 926 944 
3 928 897 922 
3 934 912 907 
3 920 891 952 
3 925 915 942 
3 927 885 899 
3 929 887 923 
3 919 906 930 
3 931 924 938 
3 969 920 939 
3 955 917 925 
3 948 926 890 
3 954 909 927 
3 937 914 933 
3 955 932 917 
3 941 921 936 
4 940 936 907 949 
3 934 935 946 
3 964 938 932 
3 960 927 937 
3 947 928 967 
3 971 946 935 
3 943 934 957 
3 951 923 950 
3 950 916 941 
3 949 919 948 
3 952 904 918 
3 957 936 940 
3 969 939 968 
3 956 944 930 
3 935 944 956 
3 942 943 953 
3 958 942 965 
3 922 945 990 
3 965 950 972 
3 961 931 960 
4 963 933 929 959 
3 949 948 966 
3 941 946 971 
3 970 959 951 
3 963 955 958 
3 974 954 938 
3 980 913 954 
3 976 858 908 
3 964 955 959 
3 974 937 963 
3 975 951 953 
3 986 956 976 
3 968 939 990 
3 985 947 967 
3 978 928 947 
3 977 958 973 
3 957 940 987 
3 979 953 984 
3 983 970 975 
4 980 960 964 977 
3 973 965 979 
3 966 962 978 
3 974 970 983 
4 986 976 969 985 
3 981 975 972 
5 860 910 961 974 994 
3 994 979 982 
3 991 981 984 
3 977 973 994 
3 982 972 987 
3 978 968 993 
3 988 966 978 
3 984 971 988 
4 989 987 986 995 
3 991 988 997 
5 992 993 967 952 918 
3 998 982 989 
2 995 990 
3 995 985 990 
4 980 983 981 996 
5 999 997 988 993 992 
3 994 998 999 
3 999 989 995 
3 996 991 999 
4 996 998 997 995 
