400
0 408 196246
1 3570 491596
2 6622 344604
3 9610 313046
4 14408 245416
5 15006 619266
6 15478 88696
7 18814 440636
8 23554 204744
9 23866 618452
10 24812 289790
11 26198 39228
12 26268 66884
13 27274 175086
14 28576 63390
15 32912 352626
16 33550 236130
17 36558 467980
18 39318 39176
19 39336 38252
20 44050 404806
21 45492 293930
22 48348 59156
23 48832 224268
24 54768 537130
25 54888 586602
26 60978 165710
27 63222 342590
28 64310 345050
29 64712 346186
30 65836 342816
31 67532 458188
32 68162 460736
33 69430 433314
34 70268 455878
35 70516 24854
36 72326 69450
37 72836 547366
38 73436 547300
39 74862 269816
40 75960 269258
41 76228 268170
42 76686 340252
43 79740 546514
44 82480 161636
45 83408 356234
46 84758 25328
47 87630 22902
48 91552 21904
49 92010 341884
50 93894 28266
51 94702 444812
52 95378 530462
53 95424 33168
54 95472 348124
55 98422 204848
56 98806 407208
57 99174 178854
58 102228 406236
59 103558 108366
60 105170 327618
61 107358 216262
62 109042 599168
63 111466 479920
64 111702 9220
65 112422 271360
66 114450 283222
67 115014 308788
68 115200 524676
69 116992 46764
70 120070 200548
71 120916 21812
72 121710 523704
73 126006 81980
74 127138 82922
75 127660 195208
76 131018 99978
77 131304 352180
78 136658 508420
79 137770 392900
80 138708 560490
81 141940 106554
82 143786 15548
83 145036 477408
84 150332 478438
85 150838 123646
86 152804 25798
87 157528 86436
88 158610 268918
89 159484 286908
90 163218 505378
91 165390 206788
92 168724 456214
93 170586 503906
94 172240 117170
95 172602 129556
96 176442 421752
97 176986 420296
98 177192 418754
99 178688 415914
100 180706 182098
101 181438 184792
102 182016 139648
103 182532 310396
104 182646 413482
105 183268 527148
106 185094 468076
107 186722 356424
108 188066 410798
109 188282 181198
110 188488 445780
111 192518 450204
112 192696 450658
113 194364 587530
114 196682 369498
115 197584 94400
116 198934 394834
117 202108 607118
118 207886 455814
119 209514 55802
120 213842 486794
121 216308 211946
122 220352 497106
123 220468 77220
124 220522 237394
125 220728 128250
126 221146 56098
127 222966 207284
128 224504 385390
129 224850 6594
130 229104 429830
131 230442 355886
132 231052 429726
133 231120 167956
134 233398 179326
135 235170 585420
136 238626 362450
137 241340 430682
138 243372 569244
139 246418 142726
140 246678 44670
141 246932 325088
142 247472 298364
143 248188 141066
144 248250 59868
145 249124 142210
146 249212 274812
147 249442 172340
148 249676 426814
149 251742 35810
150 252982 109230
151 256020 205640
152 256544 598744
153 257022 167080
154 257800 240506
155 259080 193938
156 260314 256158
157 262054 268236
158 262086 268594
159 264676 118626
160 267968 508462
161 268698 258748
162 268824 285848
163 269104 451644
164 269542 255328
165 270978 300368
166 272418 33334
167 272670 4048
168 272670 348920
169 273662 77186
170 274602 125390
171 276448 68704
172 279438 440918
173 280264 68786
174 280424 74734
175 282056 5018
176 284172 292580
177 284330 451488
178 284834 292864
179 285548 332914
180 285892 495846
181 286704 458910
182 287532 279074
183 287888 325698
184 290724 419112
185 293324 548254
186 293682 200696
187 294764 310642
188 295298 401918
189 295428 302380
190 295478 287642
191 295964 603484
192 296252 293570
193 296290 290588
194 297336 396830
195 297918 399396
196 298214 284952
197 302732 164130
198 302992 401096
199 303020 130810
200 305138 251506
201 305628 37904
202 305860 425040
203 305900 131886
204 306958 87006
205 307030 132150
206 308264 385102
207 309210 410080
208 309232 249240
209 309758 289482
210 310538 289006
211 310596 411592
212 311316 322758
213 313334 87012
214 313918 130602
215 315278 214558
216 315408 521486
217 316568 528110
218 317300 340434
219 317844 340078
220 318576 179624
221 320444 524110
222 320548 521574
223 322548 301028
224 323610 273548
225 324930 70836
226 325860 552996
227 325900 71354
228 326248 375412
229 327426 415018
230 329430 387384
231 329598 269560
232 330226 67888
233 330668 249474
234 330988 388028
235 333952 103060
236 335146 502924
237 336934 269146
238 337522 85852
239 337660 584808
240 339514 223288
241 339588 301912
242 339836 236514
243 343340 265120
244 347074 453684
245 350014 110018
246 350792 247350
247 350898 29140
248 353460 478010
249 354848 466058
250 356448 122554
251 357692 389594
252 360964 580448
253 361354 74264
254 363592 573946
255 364504 340916
256 364550 351968
257 365216 453420
258 368708 195684
259 370138 327860
260 370654 309468
261 370824 314886
262 371108 326678
263 372494 337576
264 373998 346324
265 375360 361442
266 375410 163672
267 375680 350646
268 376296 358038
269 376548 584876
270 378082 441462
271 378162 446790
272 379214 478056
273 380116 440364
274 382420 112360
275 383022 227354
276 383196 210698
277 384350 109594
278 384580 68026
279 385374 203702
280 385448 446200
281 385682 308576
282 386374 371418
283 387044 114136
284 387414 113200
285 388670 250858
286 389598 597488
287 389832 114864
288 390646 224050
289 390776 97646
290 395300 257588
291 395614 441904
292 397720 458292
293 402372 252030
294 403602 94372
295 404324 263358
296 407770 69642
297 408190 409570
298 409264 337302
299 412186 238144
300 413192 491316
301 413556 380430
302 415024 108098
303 415792 582760
304 416118 505376
305 416684 464116
306 417078 288090
307 421306 232052
308 423368 411916
309 426288 279394
310 426886 241990
311 428040 227820
312 428066 227198
313 429700 556616
314 430194 207156
315 430586 373898
316 434440 372804
317 434488 371344
318 434654 155160
319 435948 372140
320 436624 374760
321 436774 377244
322 442414 202628
323 442434 449060
324 443292 486108
325 443368 65642
326 446424 445684
327 446960 298028
328 447714 8280
329 450710 335732
330 451982 262866
331 452036 211170
332 454326 193926
333 456746 255534
334 457128 40126
335 457276 56564
336 464474 329792
337 467026 244066
338 468372 542106
339 470386 512940
340 470510 512744
341 474482 588026
342 477422 350240
343 479378 130068
344 480878 411478
345 488324 369522
346 493552 80944
347 494120 47686
348 494254 219140
349 494956 483662
350 497334 305038
351 497878 350982
352 499628 266738
353 502254 55142
354 502740 426174
355 503834 330122
356 513686 402768
357 518036 60116
358 518494 356622
359 518638 206568
360 518960 415448
361 519264 608092
362 524028 103784
363 531680 56520
364 534304 343588
365 539068 604002
366 541910 317424
367 542344 286474
368 542958 179048
369 544130 543452
370 544856 92340
371 546010 172268
372 550118 276572
373 552438 147206
374 558166 198274
375 560114 60878
376 562758 282018
377 562778 439648
378 562794 207082
379 564864 493072
380 566540 346814
381 569094 99332
382 569248 379462
383 572234 469836
384 580608 309608
385 581340 176816
386 582652 29998
387 583636 202284
388 586986 401988
389 588978 192160
390 589070 192162
391 591288 19692
392 592514 576846
393 593098 246276
394 594066 574522
395 596240 495166
396 596318 537564
397 597250 497978
398 598116 560366
399 599146 560254
3 2 1 6 
4 5 0 2 7 
3 1 0 3 
3 2 4 10 
3 3 12 8 
6 1 17 24 25 9 361 
2 0 11 
3 1 15 20 
3 16 4 13 
3 5 62 117 
3 15 3 16 
5 12 6 64 35 19 
3 4 11 14 
3 23 8 14 
3 13 12 18 
3 7 10 21 
3 10 8 23 
3 5 20 31 
3 22 14 19 
3 18 11 46 
3 17 7 27 
3 27 15 23 
3 36 26 18 
4 21 16 13 26 
3 37 5 32 
3 62 5 37 
3 39 23 22 
3 28 20 21 
3 29 27 39 
3 33 28 30 
3 29 40 42 
3 32 17 34 
3 52 24 31 
3 34 29 45 
3 31 33 51 
3 11 64 47 
3 44 22 46 
3 25 24 38 
3 113 37 43 
3 28 26 40 
3 30 39 41 
3 42 40 44 
3 45 30 41 
3 80 38 52 
3 57 41 36 
3 33 42 49 
3 36 19 47 
4 50 46 35 48 
3 47 64 71 
3 54 45 55 
3 126 53 47 
3 63 34 56 
3 43 32 68 
3 69 59 50 
3 56 49 60 
4 61 49 57 70 
3 51 54 58 
3 55 44 59 
3 96 56 79 
3 57 53 73 
3 54 65 67 
3 65 55 91 
3 9 25 113 
3 68 51 83 
6 82 48 35 11 167 129 
3 66 60 61 
3 67 65 88 
3 77 60 66 
3 52 63 72 
3 119 73 53 
3 91 55 75 
3 86 48 82 
3 105 68 78 
3 74 59 69 
3 87 76 73 
3 70 76 101 
3 81 75 74 
3 79 67 89 
3 72 83 90 
3 98 58 77 
3 138 135 43 
3 94 85 76 
3 166 71 64 
4 84 78 63 92 
3 93 83 106 
3 95 100 81 
3 149 140 71 
3 115 74 123 
3 89 66 124 
3 103 77 88 
3 105 78 93 
3 121 61 70 
3 83 96 110 
3 90 84 122 
3 125 95 81 
3 102 85 94 
3 92 58 97 
3 96 98 99 
3 97 79 107 
3 97 114 104 
4 101 85 102 109 
3 127 75 100 
3 139 100 95 
3 107 89 146 
3 99 116 108 
3 185 72 90 
3 120 84 112 
3 114 98 103 
3 110 104 128 
3 100 133 134 
3 111 92 108 
3 112 110 128 
3 118 106 111 
4 152 62 38 135 
3 99 107 142 
3 150 87 169 
3 104 131 136 
3 9 152 191 
3 120 112 130 
3 126 171 69 
3 122 106 118 
3 124 91 127 
3 160 93 120 
3 87 171 174 
3 154 88 121 
3 143 94 159 
3 144 119 50 
3 121 101 151 
3 111 108 168 
3 247 64 175 
3 118 168 132 
3 136 116 141 
3 137 130 194 
3 109 139 153 
3 155 109 147 
3 286 113 80 
3 116 131 183 
3 163 132 148 
3 239 80 185 
3 133 102 145 
3 144 86 149 
3 131 142 165 
3 141 114 158 
3 145 125 170 
3 173 126 140 
3 139 143 203 
3 103 156 157 
3 220 134 153 
3 172 137 188 
3 140 86 166 
3 159 115 204 
3 154 127 155 
3 191 117 113 
3 147 133 197 
3 156 124 151 
3 186 151 134 
3 146 154 164 
3 158 146 161 
3 162 142 157 
3 170 125 150 
3 217 122 180 
3 182 157 164 
3 176 165 158 
3 181 180 137 
3 161 156 200 
3 141 162 176 
3 201 149 82 
3 328 175 64 
3 130 128 179 
3 204 115 174 
3 199 143 159 
3 173 123 119 
3 177 148 184 
3 225 171 144 
3 169 123 227 
3 391 129 167 
3 178 165 162 
3 181 172 202 
3 189 176 182 
3 194 168 183 
3 216 160 163 
3 222 163 177 
3 190 178 161 
3 179 136 187 
3 172 188 207 
3 226 138 105 
3 276 215 155 
3 206 183 189 
3 184 148 195 
3 187 178 192 
3 193 182 196 
3 361 117 152 
3 212 189 193 
3 192 190 209 
3 195 132 179 
3 198 188 194 
3 190 200 224 
3 220 153 205 
3 207 195 206 
3 203 170 235 
3 196 164 208 
3 232 166 247 
3 244 177 211 
3 205 145 199 
3 213 150 169 
3 197 203 214 
3 198 187 228 
3 211 184 198 
3 233 200 215 
3 212 193 210 
3 223 209 224 
3 229 202 207 
3 218 192 209 
4 235 204 253 238 
3 205 245 250 
3 240 208 186 
3 221 217 180 
3 226 160 216 
3 228 212 219 
3 255 218 223 
3 258 147 197 
3 226 216 222 
3 221 181 236 
3 241 219 210 
3 210 196 231 
3 227 173 232 
4 254 185 217 221 
3 174 225 278 
3 230 206 218 
3 244 211 230 
3 234 229 228 
3 224 233 237 
3 225 201 334 
3 231 208 242 
3 251 257 230 
3 245 199 213 
3 304 222 248 
3 241 231 243 
3 289 213 296 
3 286 138 252 
3 275 242 215 
3 259 223 237 
3 246 233 240 
3 260 237 246 
3 249 202 229 
3 274 214 235 
3 285 243 242 
3 334 201 129 
3 272 236 249 
3 248 244 257 
3 266 214 283 
3 270 234 256 
3 269 239 254 
3 213 278 296 
3 252 226 313 
3 256 219 259 
3 251 255 263 
3 249 234 271 
3 279 220 266 
3 255 241 262 
3 261 243 290 
3 262 260 281 
3 263 259 261 
3 264 256 262 
3 267 265 263 
3 273 264 268 
3 258 250 287 
3 315 268 264 
3 282 265 267 
3 286 252 303 
3 271 251 273 
3 257 270 280 
3 300 248 292 
3 291 270 265 
3 284 245 277 
3 285 240 288 
3 288 186 279 
3 274 289 294 
3 253 227 335 
3 314 276 258 
3 292 271 291 
3 298 261 295 
3 301 297 268 
3 287 250 284 
3 283 274 353 
3 290 246 275 
4 361 135 239 269 
3 266 283 302 
3 299 275 276 
3 277 238 294 
3 260 285 293 
4 305 280 273 297 
3 305 272 280 
3 295 290 299 
3 277 289 325 
3 306 281 293 
3 238 253 325 
3 308 291 282 
3 317 281 306 
3 293 288 307 
3 339 304 272 
3 308 282 315 
3 318 287 346 
3 341 269 313 
3 338 236 300 
3 324 292 291 
3 298 295 309 
3 310 299 312 
3 323 297 301 
3 306 310 330 
3 309 307 311 
3 333 310 312 
3 311 307 314 
3 303 254 338 
3 312 279 322 
3 301 267 316 
3 321 315 317 
3 319 316 298 
3 332 322 302 
3 320 317 327 
3 321 319 329 
3 326 316 320 
3 331 314 318 
3 324 308 326 
3 340 305 323 
3 294 296 335 
4 323 321 344 354 
3 329 319 330 
2 391 167 
3 320 327 336 
3 327 309 333 
3 337 322 332 
3 331 318 343 
3 330 311 337 
3 232 247 391 
3 325 278 347 
3 342 329 352 
3 333 331 348 
3 369 313 304 
3 369 300 340 
3 339 324 349 
3 361 303 398 
3 345 336 350 
3 348 332 346 
3 326 345 356 
3 344 342 351 
4 362 343 302 357 
3 353 335 391 
3 337 343 359 
3 379 340 354 
3 355 342 352 
3 358 345 355 
3 350 336 359 
3 357 284 347 
3 349 326 360 
3 351 350 367 
3 360 344 358 
3 346 353 363 
3 356 351 364 
3 352 348 368 
3 377 354 356 
5 5 191 286 341 365 
3 373 346 370 
3 375 357 386 
3 382 358 366 
2 361 392 
3 380 364 367 
3 366 355 372 
3 372 359 371 
3 398 338 339 
3 381 362 375 
3 374 368 373 
3 376 367 368 
3 385 371 362 
3 378 376 371 
3 370 363 386 
3 380 372 374 
3 383 360 382 
3 384 374 387 
3 396 349 383 
3 382 366 376 
3 385 370 386 
4 388 377 364 380 
3 395 379 377 
3 388 378 387 
3 389 373 381 
4 381 375 363 391 
3 384 378 389 
3 395 382 384 
3 390 387 385 
3 393 389 391 
8 399 393 390 386 347 334 175 328 
2 365 394 
3 397 390 391 
2 392 399 
3 397 383 388 
3 399 379 397 
4 399 396 395 393 
3 341 369 399 
5 394 398 396 397 391 
