300
0 4650 137572
1 5750 510754
2 6280 297482
3 6858 565830
4 10316 81858
5 10704 461226
6 13432 308978
7 21078 421836
8 23160 470380
9 26760 557888
10 31590 62290
11 36094 463164
12 36498 303686
13 37062 156234
14 37398 5398
15 48662 223934
16 56174 286098
17 58852 323692
18 67050 461440
19 67824 347156
20 68962 458272
21 69032 349660
22 69216 343102
23 70332 347440
24 71960 386478
25 72066 340936
26 72330 594838
27 72778 459274
28 80210 575290
29 80876 546640
30 81464 404952
31 81516 133028
32 82598 212976
33 83826 31576
34 84686 616466
35 85110 27514
36 86678 25128
37 92346 231178
38 94458 576998
39 95964 499560
40 97358 376160
41 97666 315632
42 99100 188826
43 100180 155662
44 100750 407324
45 101176 142346
46 109430 432026
47 114314 85530
48 119616 162082
49 121666 386164
50 126970 335798
51 131890 367752
52 133848 562850
53 138434 561138
54 138594 484512
55 141782 475234
56 146042 486598
57 147138 478146
58 149822 407272
59 150000 407968
60 150474 122754
61 151894 123284
62 154502 454492
63 154542 473706
64 155022 291286
65 158146 47274
66 158200 13758
67 159856 386310
68 163018 300076
69 164432 235930
70 165366 507302
71 165540 507402
72 166336 231710
73 166732 473394
74 168456 228876
75 169854 602988
76 171232 61534
77 171944 307448
78 173160 116486
79 177270 75874
80 179064 417346
81 181944 347144
82 184702 118634
83 188446 117196
84 195704 260
85 195958 329784
86 198322 43946
87 202002 390344
88 203954 56890
89 204930 130852
90 205536 256378
91 210866 491192
92 211566 569310
93 211916 602866
94 212678 215316
95 214058 440930
96 214118 338810
97 214810 152140
98 215556 170686
99 216080 151926
100 216358 255840
101 220632 608598
102 221254 493274
103 223342 394902
104 223678 583130
105 223754 601856
106 225650 583052
107 226640 5248
108 226712 603680
109 227328 344352
110 227860 102870
111 228312 431138
112 228806 428750
113 232380 443226
114 233906 216930
115 236456 384008
116 238528 29086
117 240446 289980
118 241768 422272
119 245362 444894
120 246938 6282
121 248626 172068
122 249872 172434
123 253860 110618
124 254882 479542
125 255250 117188
126 255686 117940
127 255770 161564
128 256274 327626
129 256608 39674
130 260202 366472
131 265360 326322
132 268794 468238
133 270994 134704
134 271996 314150
135 273364 554846
136 274788 489392
137 277522 541018
138 279862 586322
139 281284 75830
140 281300 349088
141 282160 74460
142 282858 354092
143 283328 291868
144 284398 72886
145 284858 296784
146 285216 573974
147 286864 570242
148 287008 456760
149 287010 67800
150 289000 324824
151 291232 182784
152 293426 284462
153 294002 284634
154 294956 573020
155 296544 396508
156 297280 193108
157 298720 292290
158 301738 400234
159 302440 345378
160 302622 483728
161 303246 412574
162 304496 466396
163 304946 303894
164 306748 390596
165 308558 411144
166 309276 388114
167 309278 383712
168 310500 197004
169 310714 384340
170 314382 445876
171 314584 530216
172 315046 217458
173 315502 37404
174 315866 325408
175 318322 525908
176 318432 525810
177 318448 523222
178 319436 524244
179 320724 291224
180 321014 246410
181 322106 239534
182 327472 594496
183 329956 159674
184 337370 393718
185 338174 577776
186 338364 102652
187 339976 156760
188 340130 143438
189 340734 64370
190 342942 60814
191 343630 337258
192 347458 239934
193 349798 247224
194 351364 108082
195 357462 366058
196 357780 429618
197 358240 338070
198 364122 272642
199 364710 120078
200 366048 341318
201 367090 446812
202 368306 321144
203 368562 320980
204 370336 275894
205 370466 432934
206 373998 361424
207 375072 159198
208 375444 352652
209 378618 85780
210 379782 267270
211 384956 114814
212 385808 200974
213 385992 462162
214 391496 366644
215 394106 485714
216 395604 67470
217 396312 366520
218 399526 465366
219 403016 410034
220 403954 140378
221 405532 256024
222 409528 160048
223 410994 378334
224 411308 602828
225 412684 391704
226 413392 200448
227 424054 55708
228 424054 215156
229 424342 413110
230 428876 380794
231 429216 361360
232 429220 244120
233 430002 380110
234 431614 377796
235 432706 399390
236 433036 618830
237 433122 398510
238 434182 399582
239 435856 267446
240 436316 598246
241 437622 380046
242 438044 380642
243 439892 559078
244 446824 604868
245 448092 242498
246 449808 408900
247 451486 279114
248 451486 404892
249 451778 119428
250 452026 480944
251 452664 280076
252 463656 254424
253 469394 79112
254 470752 42336
255 471382 110938
256 476346 421582
257 481892 243466
258 483068 354856
259 493700 42254
260 497890 289298
261 502210 306866
262 506250 376516
263 510708 231116
264 511416 407038
265 516372 355328
266 517624 93420
267 518548 166380
268 525394 371844
269 526444 424150
270 528326 231730
271 530034 453382
272 531248 502220
273 532846 289084
274 535434 373638
275 536474 343874
276 538444 604292
277 543430 432018
278 544678 288798
279 553742 400870
280 553764 403908
281 553910 468704
282 563138 556068
283 563756 619506
284 566094 48982
285 566664 48464
286 568084 137064
287 568870 189632
288 575516 146528
289 580876 113708
290 581062 333912
291 583712 208128
292 583894 202468
293 584478 461262
294 586624 224824
295 588238 510074
296 588816 367916
297 593112 577712
298 600384 232950
299 600998 258458
5 13 2 1 4 10 
2 3 0 
3 6 3 0 
5 34 1 2 5 9 
2 0 14 
3 3 6 7 
3 5 2 12 
3 8 5 12 
3 9 7 11 
3 26 3 8 
3 0 14 35 
3 8 17 18 
3 7 6 15 
3 15 0 33 
5 66 36 10 4 84 
4 16 12 13 31 
3 17 15 32 
4 22 19 11 16 
3 29 11 20 
3 21 24 17 
3 27 18 24 
3 30 19 23 
3 23 17 25 
3 44 21 22 
3 30 20 19 
3 40 22 41 
3 34 9 28 
3 39 20 30 
3 38 26 29 
3 28 18 39 
4 46 27 24 21 
3 45 15 33 
3 37 16 43 
4 47 31 13 35 
5 236 3 26 75 101 
4 78 33 10 36 
3 65 35 14 
3 41 32 42 
3 75 28 52 
3 29 27 54 
3 49 44 25 
3 50 25 37 
3 37 43 48 
3 42 32 45 
3 46 23 40 
3 43 31 47 
3 55 30 44 
4 60 48 45 33 
3 69 42 47 
3 58 40 51 
3 51 41 64 
3 67 49 50 
3 104 38 53 
3 92 52 70 
3 56 39 55 
3 57 54 46 
3 70 54 57 
3 56 55 63 
3 59 49 67 
3 80 62 58 
3 61 72 47 
3 74 60 78 
3 73 63 59 
3 57 62 73 
3 68 50 69 
3 88 76 36 
4 116 86 14 107 
3 58 51 81 
3 77 81 64 
3 64 48 72 
3 71 53 56 
3 146 92 70 
3 69 60 74 
4 91 135 63 62 
3 90 72 61 
3 34 38 93 
3 110 79 65 
3 85 68 90 
3 82 61 35 
3 89 83 76 
3 95 59 87 
3 87 67 68 
3 94 78 83 
3 98 82 79 
3 120 107 14 
3 96 103 77 
3 141 88 66 
3 111 80 81 
3 123 65 86 
3 99 97 79 
3 77 74 100 
3 102 137 73 
3 106 53 71 
3 108 75 105 
3 114 100 82 
3 113 124 80 
3 109 115 85 
3 98 89 99 
3 114 83 97 
3 121 97 89 
3 117 90 94 
3 34 108 244 
3 175 91 124 
3 112 85 115 
3 105 52 106 
3 93 104 182 
3 138 104 92 
3 259 66 84 
3 101 93 224 
3 130 96 128 
3 125 127 76 
3 113 87 112 
3 111 103 118 
4 119 132 95 111 
3 143 94 98 
3 103 96 130 
3 173 129 66 
3 134 128 100 
3 112 167 155 
3 148 113 161 
2 285 84 
3 122 143 99 
3 152 121 127 
3 125 88 139 
3 136 102 95 
3 126 110 123 
3 133 151 125 
3 151 122 110 
3 109 117 131 
3 190 149 116 
3 115 109 142 
3 140 128 134 
3 160 136 113 
3 183 168 126 
3 150 131 117 
3 147 73 137 
3 177 124 132 
3 135 91 171 
4 182 106 146 154 
3 188 123 141 
3 142 131 159 
3 139 86 144 
3 167 130 140 
3 145 114 121 
3 186 141 149 
3 150 143 152 
3 138 71 147 
3 146 135 171 
3 162 119 170 
3 144 129 189 
4 174 159 134 145 
3 156 127 126 
3 153 145 122 
3 179 157 152 
3 185 138 176 
3 158 118 164 
3 172 180 151 
3 197 163 153 
3 161 155 164 
3 195 140 150 
3 177 132 162 
3 119 158 165 
3 160 148 201 
3 191 174 157 
3 158 155 166 
3 170 161 166 
3 165 164 169 
3 169 118 142 
3 192 172 133 
3 184 166 167 
3 148 165 196 
3 147 137 175 
3 181 156 168 
3 254 227 116 
3 191 150 163 
3 171 102 176 
3 154 175 178 
3 178 136 160 
3 176 177 213 
3 202 153 180 
3 179 156 181 
3 193 180 172 
3 224 105 138 
3 221 133 187 
3 196 169 195 
3 240 154 215 
3 194 207 144 
3 212 183 188 
3 207 187 139 
3 209 149 190 
3 216 189 129 
3 206 174 163 
3 210 193 168 
3 198 181 192 
3 211 199 186 
3 184 159 206 
3 205 170 184 
3 200 208 157 
3 204 203 193 
3 222 226 194 
3 208 197 202 
3 213 162 205 
3 200 179 203 
3 217 202 198 
3 231 198 210 
3 201 196 219 
3 214 195 191 
3 226 188 186 
3 214 197 200 
3 249 211 189 
3 204 192 221 
3 220 194 209 
3 228 232 187 
3 218 178 201 
4 225 206 208 217 
3 243 185 218 
3 253 190 227 
3 223 214 203 
3 215 213 229 
3 229 205 225 
3 263 222 211 
3 239 210 183 
3 257 199 220 
3 230 237 217 
3 244 108 182 
3 235 219 214 
3 228 207 199 
3 216 173 254 
3 245 212 226 
3 218 219 235 
3 248 223 233 
3 234 204 251 
3 239 212 245 
3 242 230 234 
3 241 233 231 
3 238 229 225 
2 283 34 
3 248 238 223 
3 246 235 237 
3 247 221 232 
3 244 185 243 
3 242 234 258 
3 264 233 241 
3 240 215 250 
4 101 224 240 276 
3 252 232 228 
3 256 250 238 
3 251 239 252 
3 256 237 230 
3 267 209 255 
3 272 243 246 
3 260 231 247 
3 247 245 257 
3 255 216 259 
3 227 173 259 
3 249 253 266 
3 271 246 248 
3 252 222 263 
3 262 241 261 
4 284 253 254 107 
3 261 251 273 
3 265 258 260 
3 264 258 265 
3 270 257 220 
3 269 242 262 
3 268 262 261 
3 286 255 284 
3 287 270 249 
3 274 269 265 
3 271 264 268 
3 278 263 267 
4 272 256 269 277 
3 276 250 271 
3 275 260 278 
3 277 268 275 
3 279 274 273 
4 283 244 272 282 
3 281 271 274 
3 290 273 270 
3 293 280 275 
3 282 281 279 
3 282 277 280 
4 297 276 281 280 
3 236 276 297 
3 266 259 285 
3 289 284 120 
3 288 266 289 
3 291 267 288 
3 287 286 289 
5 298 292 288 286 285 
3 293 278 291 
3 290 287 292 
3 294 291 289 
3 295 279 290 
3 298 296 292 
3 297 293 296 
3 295 294 299 
4 283 282 295 299 
3 299 294 289 
3 297 296 298 
