40
0 31482 477206
1 36074 173038
2 56028 446198
3 68146 540376
4 98280 198836
5 111566 273436
6 125318 293126
7 145956 374526
8 164742 427158
9 169128 456316
10 172292 199026
11 176242 124402
12 185282 177798
13 207412 404100
14 217696 44712
15 233280 69928
16 234968 212558
17 236724 384336
18 255324 327752
19 260278 516014
20 266802 169688
21 277764 176238
22 298002 289230
23 311478 45040
24 315260 34180
25 322660 378856
26 332314 497626
27 333908 515612
28 353676 249376
29 363992 120974
30 364340 336012
31 378434 440220
32 387356 202848
33 433576 272270
34 435546 373978
35 440904 479480
36 487090 141218
37 505626 356710
38 507232 476916
39 582056 393894
3 3 1 2 
3 4 0 14 
4 9 0 5 7 
3 0 19 27 
3 5 1 11 
3 6 2 4 
3 7 5 10 
3 8 2 6 
3 9 7 13 
3 26 2 8 
3 6 11 12 
3 10 4 15 
3 16 10 15 
3 31 8 17 
3 15 1 24 
4 12 11 14 24 
3 18 12 20 
3 13 18 25 
3 17 16 22 
3 3 26 27 
3 21 16 23 
3 22 20 23 
3 18 21 28 
4 29 21 20 24 
4 36 23 15 14 
3 17 30 34 
3 19 9 35 
3 3 19 38 
3 30 22 32 
3 36 32 23 
3 25 28 33 
3 35 13 34 
3 33 28 29 
3 37 30 32 
3 31 25 37 
3 26 31 38 
3 39 29 24 
3 39 34 33 
3 27 35 39 
3 38 37 36 
