200
0 1430 196166
1 2022 296926
2 14752 49212
3 21234 222632
4 25744 288840
5 26438 294852
6 33412 467512
7 37726 303530
8 37774 304298
9 38378 464040
10 40414 287672
11 46396 293586
12 47314 210822
13 57908 205090
14 62806 288532
15 65214 415414
16 66184 311030
17 66662 304450
18 66698 353174
19 67378 461020
20 68580 342296
21 70346 25046
22 76952 269356
23 77302 191684
24 83218 31862
25 83962 578792
26 83984 545108
27 85250 162106
28 86200 26458
29 94562 116556
30 94684 607370
31 100472 418358
32 101214 407934
33 103170 304836
34 111516 66910
35 116126 363558
36 117054 581082
37 123792 267846
38 137200 558988
39 145514 473594
40 145898 166928
41 145948 221964
42 146088 74994
43 146872 238738
44 147570 19396
45 149078 447742
46 150712 406398
47 151506 123788
48 151530 276578
49 153658 297590
50 157254 548640
51 159934 73190
52 161860 63608
53 163282 393430
54 164098 231696
55 164408 264358
56 173226 419960
57 175186 75998
58 182100 184026
59 182494 180538
60 185252 358844
61 186456 236480
62 188082 184906
63 191430 254742
64 192744 7738
65 194704 15186
66 194912 352706
67 198926 337186
68 199828 74366
69 209012 267304
70 209812 267402
71 214546 170412
72 222640 497690
73 223422 299482
74 232600 430626
75 238754 245122
76 240022 98138
77 240800 413872
78 247414 247860
79 247524 172044
80 249860 274572
81 251662 598942
82 257776 193900
83 267478 527794
84 269024 172824
85 274372 340364
86 275490 349814
87 275544 180430
88 279474 69876
89 286802 393946
90 287188 239108
91 290474 401178
92 291142 331704
93 293624 403156
94 297380 290608
95 299064 286598
96 299132 419096
97 302608 289646
98 303008 135762
99 305104 297918
100 307950 129828
101 309682 298828
102 315142 406678
103 316304 212722
104 316738 525486
105 318132 528214
106 320610 522886
107 321258 361724
108 323250 279316
109 323976 520800
110 326514 216386
111 328546 68606
112 332306 61476
113 337422 438070
114 337552 69068
115 337570 205576
116 339614 186642
117 339848 376254
118 343088 65174
119 357158 590230
120 360510 364310
121 360958 340872
122 360982 101010
123 364674 44530
124 366484 339950
125 369966 175030
126 371658 539732
127 376494 178818
128 376950 443210
129 377524 445842
130 377640 234800
131 378050 443630
132 381046 435026
133 381134 417864
134 382186 487030
135 383138 438042
136 383708 233000
137 385996 361750
138 387258 465890
139 388382 113170
140 389018 40426
141 389528 465486
142 396014 298596
143 396254 299124
144 397732 182728
145 402744 341796
146 414974 387862
147 415546 49326
148 416894 464458
149 419364 502848
150 419532 373490
151 419642 456068
152 420096 333682
153 422234 288678
154 423156 52508
155 423572 257640
156 427730 368288
157 428228 227942
158 428534 240048
159 437472 378780
160 440820 188746
161 443332 110682
162 449564 614868
163 449852 246256
164 451870 570792
165 451906 117484
166 452606 368666
167 458372 488534
168 474100 11754
169 477038 270038
170 478770 130772
171 486378 548678
172 488970 374016
173 490238 258484
174 493616 522174
175 494526 220476
176 497074 199944
177 501608 54902
178 503008 477962
179 508218 404352
180 518082 356794
181 522852 102750
182 545134 256736
183 552366 243438
184 552464 173908
185 555218 485856
186 562762 207012
187 569558 66882
188 575226 146948
189 578708 379386
190 583208 216430
191 583712 252122
192 586632 48780
193 588606 34236
194 589154 24574
195 589178 494618
196 589224 461930
197 592448 292382
198 595574 124408
199 597348 497804
4 3 4 1 2 
2 6 0 
3 29 0 21 
3 7 0 12 
3 8 5 0 
3 19 9 4 
3 30 1 9 
3 8 3 10 
3 15 4 7 
3 25 6 5 
3 11 7 12 
3 18 10 14 
3 10 3 13 
3 22 12 23 
4 17 16 11 22 
3 19 8 18 
3 20 14 17 
3 33 16 14 
3 15 11 20 
3 26 5 15 
3 32 18 16 
4 28 24 2 64 
3 14 13 37 
3 41 13 27 
3 34 21 28 
3 30 9 26 
3 25 19 31 
3 40 23 29 
3 24 21 44 
3 27 2 34 
5 162 6 25 36 81 
3 26 32 46 
3 31 20 35 
3 35 17 49 
3 42 29 24 
3 32 33 60 
4 30 39 38 105 
3 48 22 43 
3 36 74 50 
4 36 45 77 74 
3 59 27 47 
3 43 23 58 
3 47 34 51 
3 37 41 54 
3 52 28 64 
3 39 46 56 
3 45 31 53 
3 71 40 42 
3 49 37 55 
3 67 33 48 
3 38 72 83 
3 57 42 52 
3 51 44 65 
3 56 46 60 
4 61 55 43 62 
3 48 54 63 
3 45 53 77 
3 76 51 68 
3 62 41 59 
3 58 40 71 
3 53 35 66 
3 63 54 82 
3 54 58 79 
3 69 55 61 
4 168 65 44 21 
3 123 52 64 
3 60 67 86 
3 66 49 73 
3 57 123 88 
3 70 73 63 
3 80 69 75 
3 79 59 47 
3 83 50 96 
3 85 67 69 
3 38 39 91 
3 78 70 82 
3 122 100 57 
3 39 56 89 
3 80 75 90 
3 84 62 71 
3 94 70 78 
3 162 30 119 
3 75 61 87 
3 50 72 104 
3 87 79 98 
3 86 73 92 
3 89 66 85 
3 103 82 84 
3 68 112 111 
3 91 77 86 
3 95 78 103 
3 93 74 89 
3 93 85 94 
3 96 91 92 
3 92 80 95 
3 97 94 90 
3 72 93 102 
3 99 95 108 
3 116 84 100 
3 101 107 97 
3 98 76 139 
3 121 99 108 
3 113 96 107 
3 110 90 87 
3 105 83 106 
3 126 36 104 
3 104 113 109 
3 117 102 99 
3 101 97 130 
3 106 129 134 
3 130 103 115 
3 114 88 118 
3 118 88 140 
3 128 106 102 
3 122 111 154 
3 110 116 127 
3 115 98 125 
3 128 107 120 
3 111 112 147 
3 162 81 126 
3 133 117 121 
3 120 101 124 
3 139 76 114 
3 68 65 140 
3 137 121 142 
3 127 116 165 
4 119 105 134 149 
3 144 115 125 
3 131 113 117 
3 138 109 131 
3 108 110 136 
3 129 128 132 
3 135 131 133 
3 132 120 137 
3 126 109 138 
3 141 132 146 
3 130 144 157 
3 133 124 145 
3 134 129 141 
3 100 122 161 
3 112 123 168 
3 138 135 148 
3 143 124 155 
3 152 145 142 
3 160 136 127 
3 150 137 143 
3 151 135 150 
3 154 118 168 
3 149 141 151 
3 164 126 148 
3 146 145 156 
3 167 148 146 
3 156 143 153 
3 166 152 155 
3 177 114 147 
3 153 142 158 
3 159 150 152 
3 158 136 160 
3 163 155 157 
3 178 156 166 
3 157 144 170 
3 165 139 177 
5 30 81 119 164 199 
3 169 158 175 
3 162 149 171 
3 170 125 161 
3 172 159 153 
3 174 151 178 
4 194 147 140 64 
3 172 163 173 
4 176 160 165 181 
3 164 174 199 
3 179 166 169 
3 180 169 175 
3 171 167 185 
3 173 163 176 
3 182 175 170 
3 161 154 193 
3 185 167 159 
3 185 172 180 
3 179 173 182 
3 184 170 187 
3 180 176 183 
3 189 182 186 
3 186 181 188 
4 195 174 178 179 
3 191 183 184 
3 188 181 192 
3 190 184 187 
3 196 183 191 
3 191 188 192 
4 197 189 186 190 
3 190 187 193 
4 197 192 177 194 
3 198 193 168 
3 199 185 196 
3 199 195 189 
3 199 191 193 
2 199 194 
6 162 171 195 196 197 198 
