50
0 7926 459346
1 37244 496994
2 55438 219000
3 73978 110546
4 90164 159042
5 93182 504878
6 135494 562120
7 138054 576628
8 156390 173936
9 179540 414530
10 182728 248768
11 186440 179298
12 205126 312912
13 214118 475886
14 239966 126148
15 252648 192204
16 271426 336206
17 280914 589224
18 284072 91640
19 296432 293826
20 296436 393878
21 297530 396238
22 298792 395224
23 304402 131890
24 368340 483176
25 381646 288740
26 382510 398686
27 387540 112606
28 406342 402116
29 413184 572790
30 415834 106668
31 424318 382914
32 431468 317846
33 433704 319206
34 433950 399194
35 434372 377480
36 435874 392452
37 451488 570072
38 489242 374090
39 496122 529624
40 503540 124182
41 504944 286464
42 510912 164538
43 512544 118990
44 515990 22468
45 518506 328264
46 520696 340124
47 570614 320638
48 586902 566152
49 598924 558718
4 5 1 3 2 
2 7 0 
3 0 3 4 
6 14 4 2 0 44 18 
3 8 2 3 
3 6 0 9 
3 7 5 13 
4 17 1 6 24 
3 11 10 4 
3 13 5 12 
3 16 12 8 
3 15 8 14 
3 20 9 10 
3 6 9 21 
3 23 11 3 
4 19 16 11 23 
3 20 10 15 
3 7 29 48 
3 27 3 44 
3 22 15 25 
3 21 12 16 
3 13 20 22 
3 26 21 19 
3 15 14 27 
3 29 7 28 
3 32 19 30 
3 28 22 31 
3 23 18 30 
3 24 26 31 
4 17 24 34 37 
3 25 27 44 
4 34 28 26 35 
3 33 25 40 
3 35 32 41 
3 29 31 36 
3 36 31 33 
3 34 35 38 
3 29 39 48 
3 39 36 46 
3 48 37 38 
3 42 32 44 
3 45 33 42 
4 45 41 40 43 
3 49 42 44 
6 47 43 40 30 18 3 
3 46 41 42 
3 49 38 45 
2 49 44 
4 17 37 39 49 
4 48 46 43 47 
