30
0 47936 404456
1 64330 349626
2 83300 578168
3 84036 505330
4 89310 539050
5 112288 470690
6 160076 521082
7 195138 563624
8 208838 408736
9 229470 410356
10 249750 334956
11 278766 152388
12 282904 358116
13 289550 165466
14 298418 398190
15 299060 359408
16 340056 362224
17 350820 289860
18 357546 122568
19 366572 235430
20 374174 362890
21 422936 130696
22 426150 240878
23 480326 101006
24 532630 342462
25 548234 373938
26 557334 272196
27 587406 564340
28 591550 317262
29 601100 340530
3 3 2 1 
2 0 11 
4 0 4 7 27 
3 4 0 5 
3 2 3 6 
3 3 11 8 
4 7 4 9 14 
3 27 2 6 
3 9 5 10 
3 6 8 12 
3 12 8 13 
4 13 5 1 18 
4 15 9 10 19 
3 10 11 21 
3 6 15 16 
3 14 12 17 
3 20 14 17 
3 16 15 19 
2 11 23 
3 17 12 21 
3 27 16 22 
4 22 19 13 23 
3 24 20 21 
4 28 26 21 18 
3 25 22 26 
3 27 24 26 
4 28 25 24 23 
5 2 7 20 25 29 
3 29 26 23 
2 27 28 
