20
0 31406 478326
1 35780 384254
2 39440 463024
3 68300 541034
4 91394 415462
5 176550 397584
6 218980 44682
7 230048 426900
8 235044 451332
9 248494 59574
10 263602 437668
11 302806 293242
12 322744 70542
13 349470 406438
14 433150 68814
15 506520 592760
16 518140 490404
17 572408 278582
18 585554 481942
19 586726 525198
3 3 1 2 
2 0 6 
3 0 6 4 
3 15 0 8 
3 2 9 5 
3 7 4 11 
4 14 9 2 1 
3 10 8 5 
3 3 7 10 
3 12 4 6 
3 8 7 13 
3 13 5 12 
4 16 11 9 14 
3 16 10 11 
3 17 12 6 
2 3 19 
3 19 13 12 
2 18 14 
2 19 17 
3 15 16 18 
