900
0 502 297318
1 1572 196574
2 2252 403990
3 2850 404362
4 3742 491686
5 4050 492688
6 4206 205864
7 5142 510962
8 7574 233780
9 9728 313144
10 17848 481850
11 18158 242946
12 20220 477886
13 21206 222494
14 26292 480168
15 26328 66600
16 27372 480238
17 28840 284276
18 29496 448764
19 30368 493378
20 30560 309624
21 30572 478288
22 30618 375160
23 31442 15672
24 31628 167568
25 33844 466952
26 36704 303290
27 37360 463608
28 37450 356544
29 37836 448490
30 37852 356950
31 38268 416444
32 39380 467256
33 39758 67386
34 40766 435146
35 41858 451476
36 42078 258010
37 42336 527098
38 44102 433512
39 44626 181538
40 46340 510478
41 46450 487572
42 46740 570100
43 46930 284470
44 48112 170572
45 50654 464518
46 51798 428660
47 52724 57236
48 53320 526284
49 55322 447152
50 56400 448178
51 56998 219004
52 57960 342442
53 58110 199956
54 58888 220396
55 59864 346770
56 62130 394256
57 62736 343806
58 62834 353338
59 63436 348014
60 64570 289258
61 65168 485500
62 66456 310816
63 67226 232824
64 67294 459220
65 67708 529690
66 68388 458114
67 68612 348272
68 68660 126276
69 68722 459432
70 69010 346058
71 69214 348748
72 69252 126010
73 69450 343834
74 69986 170724
75 71010 366664
76 71346 576546
77 71444 70744
78 71554 461338
79 71598 386410
80 71636 135166
81 71786 447722
82 71990 365728
83 72952 457644
84 73120 461546
85 73800 339486
86 73952 268982
87 74396 270030
88 76170 221730
89 78202 446244
90 78484 566570
91 78982 78908
92 78990 285180
93 81086 545154
94 81740 532250
95 82666 537514
96 82672 417532
97 82964 587964
98 84048 302378
99 84390 32230
100 84684 26192
101 85000 615784
102 85892 469548
103 86978 439492
104 87762 61192
105 88440 86472
106 90070 26220
107 90466 404366
108 91008 29068
109 91410 294410
110 93080 230278
111 95156 133972
112 96660 499178
113 97358 325018
114 98378 374784
115 101622 143500
116 102570 407174
117 103734 198166
118 104102 240914
119 105324 423618
120 107246 481466
121 108916 316472
122 109208 328508
123 109358 284392
124 110394 161802
125 110444 286044
126 111148 310506
127 111664 273520
128 112102 23810
129 114262 86112
130 115086 243774
131 116524 46344
132 119060 162138
133 119704 581926
134 120612 21308
135 120828 142332
136 120868 21488
137 121496 386024
138 122124 323782
139 123334 275398
140 123918 368128
141 124092 416382
142 125928 365582
143 126814 61614
144 127588 425262
145 129916 250300
146 130044 216850
147 130556 289150
148 131148 168406
149 132128 610384
150 132850 140508
151 133338 182688
152 133620 44400
153 133832 224942
154 133910 183032
155 134522 609538
156 136932 507092
157 138344 489138
158 138560 119356
159 138616 82524
160 139790 557334
161 140076 390544
162 140266 564318
163 141946 271706
164 142406 271096
165 142544 107218
166 142702 477036
167 142728 107394
168 142728 476102
169 143218 472338
170 144338 213206
171 144770 476234
172 145494 563474
173 145884 477118
174 146464 44322
175 146832 474918
176 147712 473626
177 148502 472146
178 149196 406376
179 149680 428254
180 150000 283066
181 150594 72954
182 150640 73146
183 150878 284570
184 151320 24424
185 151658 24208
186 152440 313660
187 152862 122722
188 152970 574280
189 153196 26562
190 153786 369230
191 157494 74012
192 158850 334838
193 158974 61232
194 159382 267398
195 160472 288344
196 160942 142744
197 161428 210286
198 161700 268742
199 161742 230160
200 161944 235192
201 162632 235886
202 163140 507336
203 163398 211250
204 163470 318324
205 163724 211138
206 163808 505066
207 164112 234512
208 164134 47688
209 164738 113402
210 166790 506120
211 166806 233028
212 168060 491512
213 169630 87358
214 169960 339354
215 170482 281598
216 170760 60610
217 171226 340584
218 172560 237322
219 172858 479188
220 174750 21940
221 175152 415616
222 175366 145460
223 175666 124350
224 175868 72982
225 176042 144304
226 176800 78128
227 176858 419098
228 177100 415098
229 177870 423000
230 178372 419440
231 178604 31192
232 179664 413942
233 180578 422082
234 180770 208290
235 181536 247376
236 181550 362674
237 182044 346370
238 182264 179074
239 182342 248842
240 182464 186234
241 182472 376770
242 182506 64530
243 182856 184700
244 182890 309816
245 184152 348734
246 184490 389238
247 185134 469210
248 185486 184936
249 185502 298128
250 185704 186520
251 185806 415960
252 185936 184542
253 186142 357182
254 186292 356916
255 186342 180426
256 188698 183568
257 188740 404962
258 189238 400360
259 189704 241088
260 189750 177502
261 189770 549042
262 190438 187878
263 190774 304934
264 191128 569598
265 191272 416660
266 191712 304750
267 195110 369840
268 195902 286624
269 196044 239458
270 197298 65286
271 197490 95172
272 197590 394368
273 198206 44496
274 198446 336982
275 199520 556138
276 199658 258270
277 200262 423070
278 201772 606374
279 202248 219276
280 204294 425580
281 204380 255220
282 204558 256020
283 204790 185064
284 206540 402996
285 207020 46140
286 207158 403510
287 207226 355214
288 207550 230172
289 208092 400900
290 209274 403318
291 209634 131772
292 210078 293786
293 210538 243982
294 211554 168524
295 211956 367866
296 212242 386728
297 212802 181826
298 213052 284092
299 213796 397462
300 213814 486906
301 214736 529746
302 214790 342846
303 215406 329682
304 216034 485940
305 216990 139784
306 217136 42792
307 217930 43748
308 217952 311162
309 219420 44368
310 219586 606176
311 219856 266454
312 221228 236744
313 222526 496204
314 223650 173636
315 223792 602192
316 224622 472976
317 224786 472974
318 224834 4788
319 225754 582950
320 226232 264816
321 227910 502462
322 229074 354602
323 229344 1126
324 229414 600390
325 230014 355652
326 230444 359846
327 230574 430620
328 231152 148984
329 231202 445588
330 231608 60488
331 231752 142828
332 231914 445018
333 232148 486626
334 233314 312412
335 233752 375476
336 233832 184918
337 234060 186248
338 234122 212772
339 234432 24234
340 234608 491722
341 235278 313862
342 235676 72782
343 235862 585820
344 238114 122672
345 238974 170838
346 239286 184848
347 239994 184482
348 241516 413324
349 243740 569264
350 245194 466984
351 245372 444970
352 246678 298224
353 247222 346894
354 247410 298396
355 248606 141316
356 248796 394536
357 248872 349914
358 249492 273646
359 249618 210450
360 251304 103254
361 252062 401576
362 255820 278212
363 256550 370102
364 256976 451560
365 257406 136568
366 258092 262106
367 258280 569316
368 259648 216596
369 260380 518392
370 260700 386028
371 261928 455656
372 263484 499664
373 263732 513404
374 264690 348052
375 266182 326646
376 268096 468602
377 268756 106984
378 269158 258276
379 269400 212672
380 269618 294456
381 269696 107270
382 271012 320880
383 271206 551354
384 271320 530414
385 271752 530466
386 272226 543930
387 272274 553746
388 272332 129422
389 272660 552624
390 272978 178340
391 273440 552926
392 273582 376220
393 273710 376196
394 274622 246834
395 274980 488974
396 275282 78286
397 276262 230542
398 276984 71630
399 277046 73878
400 278022 74934
401 278300 441022
402 278842 76680
403 278868 77522
404 279576 79834
405 280350 69804
406 280616 74382
407 280796 75830
408 281564 324574
409 282228 219828
410 282562 290558
411 282682 290576
412 282838 448486
413 283440 70220
414 284406 305658
415 285160 441508
416 285432 589996
417 285548 610810
418 285820 393512
419 285868 433980
420 285972 193214
421 286044 147504
422 286728 458070
423 287826 457692
424 287854 436528
425 288204 459398
426 288294 120948
427 288918 100928
428 289032 352970
429 290166 312288
430 290424 312476
431 291194 457850
432 291956 259494
433 293796 371746
434 293996 411064
435 294302 311508
436 294448 402514
437 295230 395440
438 295368 394924
439 296554 291190
440 296564 280578
441 296766 417556
442 296960 331426
443 297064 291272
444 297746 398718
445 298232 396672
446 299056 394336
447 299062 289870
448 299142 358846
449 299808 195408
450 300484 289952
451 300716 291938
452 300862 393636
453 300998 397396
454 301110 295180
455 301246 425608
456 301262 425984
457 302122 292386
458 302384 334912
459 302992 398736
460 303040 334494
461 303336 6944
462 303508 282654
463 303536 187194
464 303776 410626
465 304002 134532
466 304528 220822
467 305938 381066
468 305976 383368
469 306034 130490
470 306398 390296
471 306702 384216
472 306938 386524
473 307036 15138
474 307400 531512
475 308480 515470
476 309440 169464
477 309462 384480
478 309542 195124
479 309998 412438
480 310638 98654
481 310720 196558
482 310976 412664
483 312096 87508
484 312632 218684
485 313082 556970
486 313784 381568
487 313932 391456
488 314680 217524
489 314776 214334
490 314950 530098
491 314976 35794
492 315042 53432
493 315318 520900
494 315372 134706
495 315756 384576
496 316100 456286
497 316346 376140
498 316464 523850
499 316558 213598
500 316758 215592
501 317632 525576
502 318984 361572
503 319504 270444
504 319736 307978
505 319882 521316
506 320000 423444
507 320324 523548
508 320786 536900
509 322198 420480
510 322392 69878
511 322798 69408
512 323784 65812
513 323850 273724
514 323858 244800
515 324114 520928
516 324310 126232
517 325292 552706
518 326070 520392
519 326774 565272
520 326828 540244
521 327188 564886
522 327386 68240
523 328234 66758
524 328474 233232
525 329552 67628
526 329664 391442
527 332556 366170
528 333170 96822
529 335974 310974
530 338370 103810
531 338594 224320
532 338974 236334
533 340314 186214
534 342780 249022
535 343122 522534
536 343248 348758
537 343722 379546
538 343784 60956
539 344256 119252
540 344320 398154
541 344594 115174
542 344856 300082
543 347474 98952
544 349650 498908
545 351418 506452
546 351694 261876
547 351734 469092
548 352154 507108
549 353658 165652
550 353702 590060
551 354492 466424
552 354666 326186
553 355010 14682
554 357012 366254
555 357896 330776
556 357942 591680
557 357988 149210
558 359028 566530
559 360408 232190
560 360950 548794
561 361636 89912
562 363112 121424
563 363312 361370
564 364362 406864
565 364438 341698
566 364474 406888
567 364612 269720
568 364860 345958
569 365240 389740
570 365916 321960
571 365954 388554
572 365996 341946
573 366148 339092
574 366372 235262
575 367058 320534
576 367208 559882
577 367296 559988
578 367538 354238
579 367576 341050
580 367634 188990
581 367718 34956
582 367854 354962
583 367886 593992
584 369584 322286
585 369920 309556
586 370184 453444
587 370680 310212
588 370828 95570
589 370844 315462
590 371832 277022
591 372058 177034
592 373962 346304
593 374738 585228
594 375142 164230
595 375230 164270
596 375252 440478
597 376086 164348
598 379118 438396
599 379220 442536
600 379838 440300
601 380748 88382
602 381092 444054
603 381282 418844
604 381674 205606
605 382222 211426
606 382370 210972
607 382376 211864
608 382706 107486
609 383106 211928
610 383432 233396
611 384200 511750
612 384634 68648
613 385370 204914
614 385704 114030
615 385826 463984
616 386306 532020
617 386876 463724
618 387664 107612
619 388358 300862
620 388592 114202
621 389426 109642
622 389426 423492
623 389460 114314
624 389798 108956
625 389800 314686
626 389930 111576
627 390152 478136
628 390576 316858
629 391384 365618
630 392708 363984
631 392736 293420
632 392952 364868
633 394186 365722
634 395176 363376
635 395672 394682
636 395702 492532
637 395792 365906
638 395826 258116
639 396014 365442
640 396058 107398
641 396328 364360
642 397198 457250
643 397396 490666
644 397714 553814
645 398896 316362
646 399142 247980
647 399778 330958
648 399796 330736
649 400084 298930
650 400444 106654
651 400570 298700
652 401344 38228
653 401516 395870
654 401982 393896
655 402046 38086
656 402218 270808
657 402434 473794
658 404192 620138
659 404234 291640
660 404456 168944
661 405422 376286
662 405652 581336
663 405696 167936
664 406180 331524
665 406962 401304
666 407332 583904
667 407508 384812
668 407930 305314
669 409198 95260
670 409240 170452
671 409392 76860
672 409536 538182
673 410522 207198
674 410530 214432
675 411776 271300
676 411812 269658
677 412252 284444
678 413738 236944
679 413794 582124
680 413822 458920
681 414242 236756
682 414302 147204
683 414788 387618
684 416900 82114
685 417664 505344
686 418414 615020
687 418514 450110
688 418814 487374
689 419482 456500
690 420056 456392
691 420464 222876
692 423628 215158
693 423660 216774
694 425092 266918
695 426084 279874
696 426562 65138
697 427466 241584
698 427894 199830
699 429404 374650
700 429430 373802
701 429916 239202
702 430180 242996
703 430854 354952
704 432114 376904
705 432510 280468
706 433474 375594
707 433510 320010
708 433538 398736
709 433604 109456
710 433720 271024
711 433798 399432
712 433862 496510
713 434720 577540
714 435278 347616
715 435394 381010
716 435524 379232
717 436856 371230
718 437438 309710
719 438000 357592
720 438010 357108
721 438190 337566
722 439120 370020
723 440392 187100
724 441732 347628
725 441844 202890
726 442814 248882
727 443372 130522
728 444472 426786
729 447666 351040
730 447988 81546
731 448554 447544
732 451160 335064
733 452384 481898
734 453744 78638
735 457060 534632
736 457484 535340
737 457768 514126
738 459998 426670
739 460104 531826
740 461138 167996
741 462408 343344
742 463362 343840
743 463484 343364
744 463702 585354
745 465212 340062
746 465652 34104
747 465822 205428
748 466242 340632
749 466676 341818
750 468086 579376
751 469562 78982
752 469906 366938
753 470126 308458
754 470340 433872
755 470682 324862
756 472178 436196
757 472524 368224
758 473054 434440
759 473238 170534
760 474026 274584
761 475136 161918
762 475896 210886
763 476794 112740
764 476972 131550
765 477036 523696
766 477742 129752
767 478222 19952
768 478342 132454
769 478536 279268
770 479694 214098
771 481336 268490
772 481876 243206
773 482268 174930
774 483470 299024
775 483518 444464
776 484358 311676
777 484678 444704
778 484820 196430
779 485526 567942
780 486112 537122
781 486396 186890
782 486640 549780
783 487968 109130
784 489180 492232
785 490624 257794
786 490878 79076
787 491262 258312
788 491392 439980
789 491950 129140
790 492800 325606
791 494826 350118
792 498474 337592
793 498480 338018
794 499534 78932
795 501504 54170
796 501840 55534
797 504614 550038
798 505392 300294
799 505520 426652
800 507868 474632
801 508470 161598
802 511032 403926
803 511396 391940
804 514672 254216
805 515444 22094
806 517448 355366
807 518740 283672
808 519320 287420
809 519786 36192
810 520350 352590
811 520500 352294
812 521100 340342
813 521928 103108
814 522436 100818
815 522748 103000
816 523112 351506
817 523928 312254
818 523956 551700
819 524048 239964
820 524072 240350
821 524256 102914
822 526604 536128
823 527472 594648
824 528440 462552
825 529556 239022
826 530490 7318
827 532868 341802
828 532934 289966
829 533760 288948
830 534016 8488
831 534678 265588
832 535264 263718
833 536160 501488
834 536668 471662
835 537630 265140
836 537804 387226
837 540790 47128
838 541938 317012
839 543260 518556
840 543492 257962
841 543818 88650
842 544122 179854
843 544236 201660
844 544366 179908
845 544480 169126
846 545220 109328
847 547510 571816
848 548364 216600
849 549858 147580
850 549974 276332
851 551650 199552
852 552758 104510
853 552848 284826
854 552912 203166
855 552938 75030
856 553284 158506
857 553290 200656
858 553646 157900
859 553918 403594
860 555054 590100
861 556182 279500
862 556604 201362
863 557448 200676
864 560806 124596
865 561400 121332
866 562064 123472
867 563052 45382
868 563344 439342
869 564090 243342
870 565254 93802
871 565254 347578
872 568256 136874
873 569148 417112
874 569916 97654
875 570614 441370
876 572120 435296
877 573196 180930
878 573970 498108
879 575260 146890
880 578030 388520
881 578510 398822
882 578716 433160
883 579298 446254
884 580256 334668
885 580480 120780
886 581818 357388
887 582694 203016
888 583558 190410
889 584010 187456
890 587024 582802
891 587848 538340
892 589492 461774
893 591880 479206
894 591966 93668
895 592652 344206
896 593058 308128
897 599434 559206
898 599786 560088
899 601312 231704
2 2 1 
3 6 0 23 
3 3 4 0 
3 4 2 9 
4 5 7 2 3 
4 19 7 4 10 
3 8 1 15 
3 42 4 5 
3 11 9 6 
3 3 8 11 
3 5 12 14 
3 9 8 13 
3 14 10 18 
3 17 11 15 
3 16 10 12 
3 13 6 23 
3 19 14 21 
3 20 13 24 
3 25 12 22 
3 37 5 16 
3 22 17 26 
3 40 16 25 
3 18 20 28 
6 100 33 24 15 1 323 
3 39 17 23 
3 21 18 27 
3 28 20 36 
3 32 25 29 
3 30 22 26 
3 27 31 34 
3 31 28 43 
3 29 30 54 
3 41 27 35 
3 44 23 47 
3 29 52 38 
3 45 32 38 
3 43 26 39 
3 42 19 48 
3 35 34 46 
3 36 24 44 
3 48 21 41 
3 40 32 45 
4 76 101 7 37 
3 30 36 51 
3 53 39 33 
3 41 35 49 
3 49 38 55 
3 77 33 99 
3 65 37 40 
3 50 45 46 
3 61 49 56 
3 54 43 53 
3 55 34 60 
3 51 44 68 
3 31 51 74 
3 46 52 57 
3 64 50 58 
3 58 55 60 
3 56 57 59 
3 67 58 62 
3 57 52 63 
3 65 50 64 
3 70 59 63 
3 62 60 74 
3 61 56 66 
3 93 48 61 
3 69 64 81 
3 71 59 70 
3 53 77 72 
3 78 94 66 
3 67 62 73 
3 75 67 113 
3 80 68 91 
3 70 86 85 
3 63 54 80 
3 79 71 82 
3 97 42 90 
4 91 68 47 104 
3 84 112 69 
3 96 81 75 
4 88 74 72 111 
3 83 66 79 
3 114 75 122 
3 84 81 89 
3 102 78 83 
3 73 98 113 
3 87 73 88 
3 92 86 118 
3 110 86 80 
3 83 96 103 
3 76 93 162 
4 105 72 77 143 
3 109 98 87 
3 90 65 95 
3 95 69 112 
3 160 93 94 
3 89 79 107 
3 101 76 133 
3 85 92 109 
3 47 100 108 
3 106 99 23 
4 658 42 97 149 
3 120 156 84 
3 168 89 119 
3 77 128 131 
3 111 91 129 
3 108 100 134 
3 116 96 114 
3 99 106 128 
3 98 92 123 
3 118 88 117 
3 115 80 105 
3 160 94 78 
3 71 85 121 
3 107 82 140 
3 124 111 135 
3 119 107 137 
3 110 124 151 
3 130 87 110 
3 103 116 141 
3 157 156 102 
3 122 113 126 
3 82 121 138 
3 125 109 127 
3 132 117 115 
3 126 123 139 
3 121 125 147 
3 123 130 145 
3 104 108 136 
3 158 105 159 
3 127 118 146 
3 104 184 152 
3 148 124 135 
3 155 97 188 
3 136 106 323 
3 132 115 150 
3 185 128 134 
3 141 116 140 
3 142 122 147 
3 125 199 163 
3 137 114 142 
3 144 119 137 
3 161 140 138 
3 91 208 193 
3 169 141 161 
3 127 153 203 
3 153 130 154 
3 138 126 163 
3 151 132 150 
3 417 101 155 
3 148 135 158 
3 154 117 148 
3 131 189 174 
3 145 146 170 
3 146 151 196 
3 149 133 278 
3 261 102 120 
3 202 120 166 
3 150 129 165 
3 165 129 181 
3 172 95 112 
3 178 144 142 
3 188 90 172 
4 186 147 139 164 
3 180 163 200 
3 167 158 159 
3 157 168 171 
3 187 165 182 
3 166 103 169 
3 168 144 179 
3 153 222 197 
3 173 166 175 
3 264 162 160 
3 212 206 171 
3 208 152 189 
3 321 171 176 
3 219 175 177 
3 176 221 227 
3 179 161 190 
3 169 178 241 
3 183 164 194 
3 182 159 193 
3 191 167 181 
3 195 204 180 
3 189 131 185 
3 184 136 220 
3 192 190 163 
3 196 167 209 
3 319 133 162 
5 231 273 174 152 184 
3 178 186 192 
3 213 182 224 
3 214 190 186 
3 181 143 216 
3 198 180 201 
3 244 183 215 
3 222 154 187 
3 203 170 240 
3 215 194 239 
3 200 139 205 
3 201 164 199 
3 194 200 207 
3 275 157 206 
3 145 197 205 
3 237 214 183 
3 199 203 248 
3 210 202 173 
3 201 250 211 
3 143 174 273 
3 223 187 213 
3 301 206 212 
3 218 207 234 
3 384 210 173 
3 209 191 226 
3 217 192 204 
3 249 195 198 
3 242 193 285 
3 237 236 214 
3 259 235 211 
3 313 176 247 
3 231 185 318 
3 177 246 228 
3 170 196 225 
3 291 225 209 
3 226 191 242 
3 238 222 223 
3 271 213 224 
4 230 229 177 228 
3 227 221 232 
3 247 227 233 
3 233 227 251 
3 306 189 220 
3 228 257 284 
3 316 229 230 
3 211 262 283 
3 239 218 259 
3 241 217 253 
3 245 217 204 
3 255 243 225 
3 276 198 235 
3 197 243 248 
3 246 179 236 
3 270 224 216 
3 240 238 255 
3 274 195 263 
3 254 237 274 
3 258 221 241 
3 300 219 229 
3 205 240 252 
3 263 215 268 
3 207 252 256 
3 265 230 286 
3 250 248 260 
3 267 236 254 
3 253 245 287 
3 243 238 260 
3 262 250 344 
3 232 258 289 
3 257 246 272 
3 235 218 269 
3 252 255 305 
3 275 264 156 
3 234 256 294 
3 244 249 266 
3 319 172 261 
3 277 251 348 
3 308 263 292 
3 272 253 295 
3 249 276 298 
3 281 259 279 
3 342 242 330 
3 291 226 342 
3 258 267 296 
3 285 208 189 
3 245 244 303 
3 343 261 202 
3 268 239 282 
3 280 317 265 
3 155 315 310 
3 288 269 297 
3 327 329 277 
3 282 269 293 
3 311 276 281 
3 234 294 297 
3 286 232 289 
3 216 273 307 
3 251 284 290 
3 254 302 322 
3 293 279 337 
3 284 257 299 
3 286 438 361 
3 305 223 271 
3 334 266 298 
3 281 288 312 
3 283 262 331 
3 335 267 326 
3 299 272 335 
3 279 283 314 
3 292 268 311 
3 289 296 356 
3 313 247 304 
3 383 349 210 
3 287 303 341 
3 302 274 308 
3 340 300 316 
3 260 291 360 
3 307 231 339 
3 309 285 306 
3 334 303 266 
3 492 330 307 
3 417 278 583 
3 298 282 320 
3 320 293 338 
3 373 219 300 
3 336 297 328 
3 278 324 556 
3 304 233 317 
3 333 316 277 
3 339 220 323 
3 343 188 264 
3 358 311 312 
3 373 369 175 
3 325 287 353 
5 826 461 318 134 23 
3 315 343 416 
3 326 322 357 
3 363 295 325 
3 332 280 348 
3 314 331 355 
3 350 280 332 
3 405 270 309 
3 328 294 344 
3 329 327 351 
3 372 340 317 
3 341 308 292 
3 296 295 363 
3 337 314 345 
3 288 336 346 
3 312 346 359 
3 491 306 318 
3 490 304 333 
3 302 334 352 
3 271 270 398 
4 324 319 275 349 
3 331 256 360 
3 336 355 365 
3 338 337 347 
3 359 346 365 
3 327 265 361 
3 367 343 301 
3 395 372 329 
3 364 332 436 
3 354 341 362 
3 357 322 375 
3 382 352 380 
3 345 328 396 
3 299 370 418 
3 325 353 374 
3 362 320 366 
3 368 338 347 
3 344 305 399 
3 348 290 437 
3 410 352 358 
3 392 335 326 
3 371 351 401 
3 347 345 377 
3 358 368 378 
3 416 349 387 
3 366 359 379 
3 577 385 321 
3 356 392 468 
3 422 376 364 
3 498 333 350 
3 474 321 313 
3 428 357 458 
3 353 382 408 
3 475 395 371 
3 381 365 396 
3 439 366 394 
3 397 368 390 
3 414 354 410 
3 388 377 403 
3 375 354 429 
3 389 301 386 
3 385 386 212 
3 517 384 369 
3 485 383 384 
3 367 389 391 
3 390 381 404 
3 391 387 383 
3 379 388 421 
3 519 387 389 
3 370 363 393 
3 467 392 433 
3 440 378 397 
3 475 350 376 
3 377 355 399 
3 394 379 409 
3 399 342 405 
4 400 396 360 398 
3 402 399 406 
3 412 364 419 
3 403 400 407 
3 404 381 402 
3 427 388 403 
3 413 398 330 
3 407 400 413 
3 483 402 406 
3 442 375 430 
3 432 397 420 
3 411 380 362 
3 439 414 410 
3 423 401 415 
3 406 405 510 
3 429 380 411 
3 412 419 424 
3 550 324 367 
3 686 149 310 
3 452 356 470 
3 415 401 434 
3 449 409 421 
3 420 390 426 
3 425 371 423 
3 431 422 412 
4 415 441 455 456 
3 545 518 422 
3 463 421 427 
3 465 426 404 
3 448 374 536 
3 430 382 414 
3 408 429 435 
3 544 423 496 
3 440 409 466 
3 497 393 448 
3 441 419 436 
3 430 454 504 
3 434 351 444 
3 445 361 438 
3 437 290 446 
3 443 411 378 
3 447 394 432 
3 424 434 464 
3 565 460 408 
3 451 439 447 
3 464 436 445 
3 453 444 437 
3 453 438 452 
3 450 443 440 
3 502 433 428 
3 466 420 463 
3 451 447 462 
3 457 443 450 
3 446 418 487 
3 459 445 446 
3 504 435 457 
3 456 424 479 
3 424 455 506 
3 454 451 503 
3 536 374 460 
3 482 453 540 
3 568 458 442 
4 767 553 473 323 
3 450 484 514 
3 478 449 426 
3 479 441 444 
3 476 427 469 
3 432 449 484 
3 486 468 393 
3 471 370 467 
3 494 465 480 
3 487 418 472 
3 477 472 468 
3 470 471 477 
4 655 581 491 461 
3 508 520 373 
3 493 395 376 
3 533 481 465 
3 495 472 471 
3 481 489 463 
3 482 455 464 
3 516 469 483 
3 499 478 476 
3 509 479 459 
4 543 528 480 407 
3 462 466 488 
3 521 386 517 
3 495 467 497 
3 452 470 526 
3 524 484 489 
3 500 488 478 
3 508 340 501 
4 538 492 339 473 
3 512 309 491 
3 505 498 475 
3 549 469 516 
3 526 477 486 
3 547 431 506 
3 537 486 433 
3 501 372 493 
3 531 500 481 
3 532 489 499 
3 490 498 507 
3 527 448 563 
3 513 457 514 
3 529 435 454 
3 507 493 515 
3 496 456 509 
3 501 505 515 
3 520 474 490 
3 506 482 564 
3 561 413 511 
3 510 512 522 
3 523 511 492 
3 542 503 546 
3 503 462 524 
3 507 505 518 
3 494 480 539 
3 558 485 385 
3 535 515 425 
3 593 391 521 
3 576 474 508 
3 558 519 485 
3 601 511 525 
3 525 512 538 
3 534 514 488 
3 684 522 523 
3 540 487 495 
3 554 537 502 
3 614 530 483 
3 552 504 542 
3 562 541 528 
3 559 532 499 
3 534 500 531 
3 580 559 476 
3 546 524 532 
3 560 518 548 
3 578 428 458 
3 569 497 527 
3 612 523 491 
3 557 516 541 
3 564 459 526 
3 594 539 530 
3 585 529 513 
3 608 620 483 
3 545 431 547 
3 548 425 544 
3 567 513 534 
3 544 496 551 
3 611 535 545 
3 580 494 557 
3 556 416 593 
3 547 596 586 
3 555 529 570 
3 767 746 461 
3 571 527 629 
3 573 565 552 
3 583 315 550 
3 591 549 539 
3 662 521 517 
3 574 531 533 
3 576 535 616 
3 588 510 601 
3 597 530 614 
3 629 502 582 
3 566 509 540 
3 572 442 555 
3 603 564 569 
3 590 546 574 
3 578 460 572 
3 566 537 571 
3 573 552 575 
3 635 569 554 
3 568 565 579 
3 579 555 570 
3 567 559 610 
3 584 570 589 
3 577 520 560 
3 662 369 576 
3 582 536 568 
3 592 572 573 
3 605 533 549 
3 652 696 473 
3 632 563 578 
3 823 310 556 
3 592 575 628 
3 587 542 590 
3 615 551 599 
3 589 585 619 
3 640 618 561 
3 575 587 625 
3 585 567 638 
3 604 557 594 
3 630 579 584 
3 550 519 666 
3 595 591 541 
3 597 613 594 
3 551 603 598 
3 660 595 562 
3 600 596 622 
3 602 586 600 
3 599 598 708 
3 669 561 522 
3 642 599 711 
3 596 566 635 
3 606 591 613 
3 607 580 606 
3 609 605 604 
3 609 610 605 
3 618 621 543 
3 678 607 606 
3 646 574 607 
3 616 548 627 
3 671 538 696 
3 674 604 595 
3 620 562 528 
3 627 586 617 
3 644 560 611 
3 657 615 642 
3 624 608 588 
3 587 631 649 
3 623 614 543 
3 626 608 624 
3 598 653 665 
3 682 620 626 
3 621 618 640 
3 628 589 649 
3 727 623 621 
3 636 611 615 
3 584 625 645 
3 633 554 563 
3 632 592 634 
3 619 656 676 
3 633 582 630 
3 637 629 632 
3 641 630 647 
3 603 571 654 
3 644 627 643 
3 661 633 639 
3 656 590 646 
3 637 641 707 
3 624 588 650 
3 639 634 664 
3 617 602 687 
3 672 636 657 
3 662 616 636 
3 648 628 651 
3 638 610 678 
3 664 634 648 
3 647 645 668 
3 625 619 651 
3 709 640 669 
3 645 649 659 
3 794 581 655 
3 622 654 683 
3 653 635 667 
3 796 652 473 
3 631 638 676 
3 643 617 680 
3 101 686 860 
3 651 675 677 
3 673 597 663 
3 667 637 703 
4 666 558 577 644 
3 670 660 682 
3 641 647 705 
3 622 683 704 
4 744 593 662 679 
3 654 661 700 
3 648 677 695 
3 783 650 601 
3 723 698 663 
3 730 684 612 
3 679 643 685 
3 692 674 660 
3 691 613 673 
3 659 676 697 
4 675 631 656 681 
3 668 659 694 
3 646 609 681 
3 666 672 713 
3 657 687 689 
3 676 678 691 
3 740 663 623 
3 665 653 699 
3 813 525 671 
3 672 688 712 
3 658 417 823 
3 680 642 728 
3 685 690 731 
3 680 754 690 
3 688 689 731 
3 681 674 693 
3 693 673 698 
3 697 691 692 
3 695 677 702 
3 668 694 710 
3 734 612 581 
3 675 693 701 
3 725 692 670 
3 704 683 700 
3 699 667 703 
3 702 697 725 
3 726 694 701 
3 700 661 714 
3 665 699 706 
3 718 664 710 
3 716 704 717 
3 721 639 718 
3 711 600 715 
3 763 766 650 
3 705 695 726 
3 728 602 708 
3 735 685 733 
3 750 679 736 
3 720 703 721 
3 708 716 752 
3 715 706 722 
3 706 719 722 
3 707 705 760 
3 717 720 729 
3 719 714 724 
3 724 714 707 
3 716 717 742 
3 747 670 740 
3 720 721 732 
3 747 701 698 
3 710 702 772 
3 764 761 626 
3 687 711 738 
3 719 732 741 
3 815 671 734 
3 688 690 756 
3 729 724 753 
3 737 712 775 
3 751 730 696 
3 736 712 737 
3 713 735 739 
3 735 733 777 
3 754 728 757 
3 736 788 765 
3 759 723 682 
3 743 729 745 
3 752 722 743 
3 742 741 749 
3 823 666 750 
3 748 741 755 
3 809 795 553 
3 762 725 723 
3 749 745 793 
3 791 743 748 
3 744 713 779 
3 786 814 734 
3 757 715 742 
3 755 732 769 
3 758 689 738 
3 745 753 776 
3 775 731 758 
3 738 752 791 
3 756 754 806 
3 773 740 761 
3 718 785 771 
3 759 727 801 
3 770 747 778 
3 789 709 783 
3 768 727 766 
3 780 739 784 
3 764 709 789 
3 805 553 461 
3 845 801 764 
3 774 753 771 
3 819 772 762 
3 769 760 787 
3 785 726 770 
3 842 781 759 
3 798 776 769 
3 777 733 756 
3 790 755 774 
3 737 775 788 
3 843 762 781 
3 847 750 782 
3 782 765 833 
3 851 778 773 
3 797 779 780 
3 763 669 813 
3 765 799 800 
3 787 760 772 
3 852 751 794 
3 771 785 804 
3 739 777 803 
3 849 766 763 
3 792 776 798 
3 806 757 749 
3 793 790 808 
3 812 748 792 
3 841 786 652 
3 855 796 746 
3 841 655 795 
3 818 782 822 
3 790 774 807 
3 800 784 802 
3 784 799 824 
3 842 761 768 
3 799 803 836 
3 802 788 810 
3 807 787 820 
3 809 767 826 
3 758 791 810 
3 808 798 804 
3 817 792 807 
3 837 746 805 
3 803 806 811 
3 810 812 816 
3 811 793 817 
3 783 684 815 
3 846 821 751 
3 813 730 821 
4 859 836 811 827 
3 812 808 828 
3 847 797 822 
3 820 770 825 
3 831 804 819 
3 864 815 814 
3 818 797 839 
4 686 583 744 860 
3 834 800 868 
3 832 819 848 
4 830 837 805 323 
3 873 816 838 
3 817 831 829 
3 838 828 835 
2 867 826 
3 828 820 832 
3 835 831 825 
3 839 780 834 
3 878 833 824 
3 829 832 840 
3 868 802 816 
3 855 809 826 
3 871 827 829 
3 891 822 833 
3 850 835 848 
3 870 794 796 
3 844 773 801 
3 854 778 857 
3 851 842 845 
3 844 768 856 
3 865 814 852 
3 890 779 818 
3 840 825 854 
3 858 789 864 
3 853 840 862 
3 857 781 844 
3 846 786 874 
3 871 850 861 
3 848 843 862 
3 870 795 837 
3 877 845 858 
3 863 843 851 
3 856 849 872 
3 873 876 816 
3 658 823 890 
3 884 853 869 
3 850 854 863 
4 869 862 857 877 
3 849 821 866 
3 866 846 885 
3 872 864 865 
2 894 830 
3 875 824 836 
3 861 863 887 
3 874 841 855 
3 880 838 853 
3 879 858 866 
3 882 859 827 
3 852 870 894 
3 878 868 876 
3 883 875 859 
3 888 863 856 
3 891 834 875 
3 889 872 885 
3 881 871 886 
3 892 882 880 
3 883 873 881 
3 897 876 882 
3 895 886 861 
3 879 865 894 
3 892 880 884 
3 896 869 888 
3 887 877 889 
3 899 888 879 
3 860 847 898 
3 897 839 878 
3 893 881 886 
3 897 892 895 
4 899 885 874 867 
3 893 884 896 
3 895 887 899 
4 898 891 883 893 
3 890 897 899 
4 898 896 889 894 
