80
0 4298 491828
1 26866 557134
2 34214 180256
3 37378 462840
4 45988 293654
5 55806 574154
6 56970 217850
7 69916 258848
8 69958 581082
9 83538 588142
10 83664 412652
11 84480 343648
12 88700 63658
13 92220 355820
14 127840 45220
15 135838 26192
16 142918 386306
17 152214 467274
18 159862 422886
19 160480 268036
20 174866 442492
21 181244 123526
22 191322 304492
23 208204 355702
24 210534 617732
25 219802 44070
26 224394 422434
27 227222 501526
28 232640 427198
29 255480 117318
30 269602 285868
31 273082 129782
32 273218 6402
33 274948 349202
34 278806 72838
35 279448 71478
36 279810 212848
37 285342 146504
38 297602 394392
39 309908 411810
40 314932 215500
41 315556 383800
42 315586 214732
43 319994 281672
44 335586 310218
45 338086 102764
46 341244 441064
47 346710 211876
48 357094 121746
49 359096 25824
50 370732 397474
51 373796 345958
52 374506 81190
53 376394 360352
54 382744 394888
55 395654 227498
56 404578 29116
57 407752 301058
58 407980 410164
59 418814 614712
60 426534 324918
61 435408 429064
62 437182 339798
63 439164 338300
64 448618 616460
65 448854 149974
66 489652 415968
67 493156 116224
68 495544 350906
69 510564 120152
70 515574 356754
71 518020 60680
72 519220 470844
73 540516 315482
74 544188 604812
75 552914 485970
76 554112 201166
77 587752 538056
78 592074 362738
79 599800 36322
2 1 2 
4 5 0 3 17 
4 6 4 0 12 
3 1 4 10 
3 11 3 2 
3 8 9 1 
3 7 2 21 
3 19 11 6 
3 9 5 27 
3 24 5 8 
3 18 3 13 
3 13 4 7 
3 2 15 14 
3 16 10 11 
3 12 15 25 
3 14 12 32 
3 18 13 23 
3 1 20 39 
4 20 10 16 26 
3 22 7 29 
3 17 18 28 
3 6 25 35 
3 23 19 30 
3 16 22 33 
3 9 59 64 
3 21 14 49 
3 28 18 38 
3 8 46 61 
3 20 26 39 
3 31 19 34 
3 22 36 43 
4 37 36 29 48 
3 79 49 15 
3 41 23 44 
3 45 29 35 
3 34 21 49 
3 40 30 31 
3 47 42 31 
3 50 26 41 
3 17 28 50 
3 43 36 42 
3 38 33 53 
3 57 40 37 
3 44 30 40 
3 51 33 43 
3 48 34 52 
3 27 54 58 
3 55 57 37 
3 65 31 45 
5 56 52 35 25 32 
3 39 38 54 
3 53 44 60 
3 67 45 49 
3 41 51 62 
3 46 50 62 
3 68 47 65 
3 79 71 49 
3 60 42 47 
3 61 46 63 
3 64 24 72 
3 63 51 57 
3 27 58 66 
3 54 53 63 
4 68 58 62 60 
3 24 59 74 
3 55 48 67 
3 72 61 70 
3 69 65 52 
3 70 63 55 
3 76 67 71 
3 66 68 73 
3 69 56 79 
3 75 59 66 
3 75 70 76 
2 64 77 
3 77 72 73 
3 73 69 79 
3 74 75 78 
2 77 79 
5 78 76 71 56 32 
