700
0 3606 491906
1 5388 362852
2 6658 35082
3 7924 501440
4 8640 282946
5 8758 294310
6 8784 283740
7 14636 13594
8 14692 454636
9 16592 264158
10 17480 99566
11 19990 246194
12 20126 477494
13 24176 112524
14 25374 339834
15 26260 93168
16 30194 261524
17 32184 482958
18 32480 15554
19 32538 482412
20 32728 479888
21 33946 465176
22 34360 467074
23 37016 52768
24 37118 463460
25 37660 466082
26 37668 356494
27 38262 187376
28 38324 958
29 38468 37912
30 38538 465828
31 38850 545538
32 42058 65574
33 44924 404086
34 46060 276128
35 47266 530612
36 49738 464966
37 50524 464068
38 51438 323174
39 51716 49434
40 52126 139572
41 52200 523802
42 52884 571018
43 54394 447708
44 54404 218102
45 54510 586700
46 54896 128666
47 55260 447706
48 55636 446676
49 56182 220606
50 59228 217996
51 60248 216750
52 60310 245414
53 61156 497152
54 61594 140882
55 62314 351398
56 62990 344098
57 63546 348522
58 64444 343662
59 65300 564440
60 65468 348106
61 65498 344676
62 66066 16276
63 66762 344214
64 66806 342682
65 70026 460998
66 71176 565802
67 71322 342428
68 71784 447890
69 71860 346098
70 73098 461050
71 74510 202322
72 74864 269164
73 75324 453256
74 76042 268446
75 77032 265114
76 77202 206684
77 78290 567368
78 79742 353112
79 79744 352560
80 79864 522802
81 80286 174574
82 80528 271010
83 81074 546688
84 81310 34426
85 81738 88522
86 82402 616910
87 83206 618260
88 83216 412764
89 83302 538166
90 83460 618608
91 84272 305070
92 85382 306348
93 85412 30906
94 85654 23676
95 85788 30216
96 86326 164444
97 87266 562744
98 91264 26228
99 92004 30150
100 92114 29856
101 92402 397586
102 92450 28518
103 92672 52554
104 93796 255356
105 96948 532144
106 97100 530652
107 98888 178580
108 100572 468030
109 101734 407632
110 101952 332590
111 104696 241054
112 108116 416918
113 108280 527994
114 109964 219618
115 110092 430802
116 110354 237864
117 110378 272536
118 113840 540068
119 116436 269608
120 116924 46932
121 118422 441478
122 119150 298054
123 119892 579386
124 121672 21728
125 124490 419638
126 129438 84902
127 130148 291870
128 130856 482378
129 131196 293556
130 131242 98406
131 131300 289762
132 131410 102236
133 133756 415710
134 134762 558910
135 135058 348274
136 138158 272634
137 138516 560158
138 138912 82416
139 140286 119094
140 140760 474654
141 141026 471588
142 142432 470408
143 142858 476064
144 143034 476774
145 143484 476152
146 144218 471936
147 144260 222516
148 145226 213348
149 145326 221568
150 145504 563410
151 146476 475894
152 146552 474070
153 148386 370204
154 148798 472380
155 150494 382394
156 150600 208336
157 150658 283352
158 151040 480104
159 151612 24726
160 152124 121220
161 152962 167034
162 153034 446790
163 153564 167008
164 158274 13738
165 159324 266022
166 159908 286570
167 159974 349708
168 160294 321808
169 160906 456262
170 163034 232242
171 163436 264396
172 163492 450356
173 164262 525744
174 164578 232422
175 165272 525944
176 165774 71976
177 166222 232072
178 166376 507372
179 167952 600350
180 168802 339738
181 169634 200824
182 170700 339472
183 170926 356320
184 171300 307766
185 172380 236854
186 172478 423958
187 173026 422498
188 173156 145076
189 174068 556486
190 174560 480826
191 176050 416360
192 177642 257740
193 177756 415446
194 177880 418898
195 178392 257708
196 179180 417206
197 179220 31132
198 179526 419798
199 179770 181570
200 180674 471098
201 181542 385160
202 182070 310990
203 182960 59876
204 183830 183238
205 184404 178694
206 184844 324136
207 185060 221032
208 185550 358718
209 185938 185730
210 186644 187664
211 186686 358582
212 186696 182232
213 186854 178704
214 188528 187464
215 188764 186970
216 188890 313934
217 189260 198336
218 190860 187922
219 191488 200260
220 191774 472494
221 194424 567884
222 195432 94590
223 195628 206246
224 196146 206882
225 197500 151290
226 197872 212892
227 197942 572912
228 199008 11074
229 203332 122362
230 204232 425612
231 204380 376948
232 204712 288062
233 205364 129800
234 207122 402042
235 208004 231940
236 209138 403830
237 209198 404770
238 209320 124356
239 209750 124044
240 213388 349560
241 214850 170784
242 215096 289642
243 216284 153308
244 218796 187324
245 218904 43444
246 219044 43844
247 219282 238472
248 219632 62642
249 219748 43082
250 220188 113832
251 221608 494420
252 223098 206656
253 223478 182048
254 223788 173402
255 224588 5852
256 224682 457486
257 225170 511392
258 226642 425590
259 227086 6118
260 227480 524854
261 228300 201468
262 228646 504274
263 229740 254910
264 229924 518
265 229944 426990
266 230256 291940
267 230706 238452
268 230736 243174
269 230782 238480
270 230856 427024
271 230996 1458
272 231562 444802
273 232750 440142
274 233092 186020
275 233508 389114
276 233672 217870
277 234568 185468
278 235670 211936
279 235952 525794
280 236360 218860
281 238376 29188
282 238426 119670
283 239732 171586
284 241094 97640
285 241234 96456
286 242198 134610
287 243944 535998
288 245622 467322
289 246046 31888
290 246048 282138
291 246438 6594
292 246580 143196
293 247260 173484
294 247494 346510
295 247806 257298
296 247886 140330
297 248550 452424
298 248820 172986
299 249160 311802
300 249350 452030
301 249598 399426
302 249698 174442
303 250526 98188
304 250528 397456
305 251950 192412
306 252340 279074
307 254754 55712
308 256138 326922
309 256772 570190
310 258784 597222
311 259540 476486
312 261110 368966
313 261612 529480
314 265108 433358
315 265136 398244
316 265342 385156
317 266140 520966
318 268424 8590
319 269016 255490
320 269086 388122
321 269152 258496
322 272512 550900
323 273458 552830
324 273622 312804
325 273732 553626
326 273898 132218
327 276138 444632
328 276484 78380
329 277686 379412
330 277778 413492
331 278238 213282
332 278880 72484
333 279716 77758
334 279794 68540
335 280518 52444
336 280576 69294
337 280934 382586
338 281088 401354
339 282602 74526
340 284364 291480
341 284564 491866
342 285038 289850
343 285280 441686
344 285434 499018
345 285598 133262
346 285716 31148
347 285968 333058
348 286126 570204
349 286816 393418
350 287148 116564
351 287396 196828
352 287454 80360
353 288618 353358
354 289010 88108
355 289026 290728
356 289168 324950
357 289294 40622
358 290052 418920
359 290470 459484
360 290548 615692
361 291420 258240
362 291628 185894
363 291742 185860
364 292484 387624
365 294422 344544
366 296222 306556
367 297214 135596
368 297522 396278
369 297792 290158
370 297928 287510
371 298604 289354
372 298712 276838
373 299162 123820
374 300598 283268
375 300658 425974
376 302344 395494
377 302390 438538
378 302698 288006
379 303038 345732
380 303410 292402
381 303604 371768
382 304318 131920
383 305494 382374
384 306956 384590
385 307548 295076
386 310332 386658
387 310342 387018
388 311970 333402
389 314484 325876
390 314674 216452
391 314876 122342
392 314992 326250
393 315116 572602
394 315424 122182
395 316302 215234
396 316484 213282
397 316946 526848
398 317114 339970
399 317250 282746
400 317750 90452
401 317832 362472
402 317996 282746
403 319480 37158
404 319526 527740
405 320334 291196
406 320952 607452
407 322194 66030
408 322220 525148
409 324108 244274
410 325638 342574
411 325712 298358
412 326132 67360
413 326358 552318
414 326536 215868
415 326632 66070
416 326718 66926
417 326984 68316
418 327016 350464
419 327520 400658
420 327668 137740
421 332830 220180
422 332994 28570
423 332994 97478
424 337096 578736
425 337122 269490
426 337534 68630
427 338654 348264
428 338966 64140
429 339332 236060
430 339544 385376
431 340844 397650
432 340944 61282
433 341356 64410
434 345130 114870
435 345532 563144
436 347220 411240
437 347786 98598
438 351000 246706
439 351842 222782
440 353136 249564
441 353346 530756
442 353422 113086
443 353718 247698
444 354162 315268
445 357440 563312
446 359642 245812
447 360108 346720
448 361650 66232
449 362876 184044
450 363296 159760
451 363534 217384
452 363878 495230
453 364162 360834
454 364640 621142
455 366034 154720
456 366126 82910
457 366888 353186
458 367212 200490
459 368710 602586
460 370004 273434
461 370034 327304
462 371270 277642
463 371560 327658
464 372648 327160
465 376144 351704
466 376844 163896
467 377734 440656
468 378136 445904
469 378140 65532
470 378372 208998
471 378924 440194
472 379014 444140
473 379042 440012
474 379060 278234
475 380238 213496
476 380988 438442
477 381872 418326
478 381976 175360
479 382520 115658
480 383420 113252
481 383722 234044
482 384868 84094
483 385806 463076
484 385924 361894
485 386996 406172
486 387246 197652
487 387246 464024
488 389418 341070
489 389474 108320
490 390006 368902
491 391974 316310
492 392098 393144
493 392290 106016
494 393490 367704
495 393680 330022
496 393768 430422
497 394192 485622
498 394228 365870
499 394518 365820
500 395144 257210
501 395196 394378
502 395200 365062
503 395684 440560
504 396464 108194
505 398958 386580
506 400036 117508
507 401534 209274
508 402110 32032
509 402514 252410
510 402914 474920
511 402972 166964
512 403620 476684
513 404296 168398
514 404730 203078
515 405930 401578
516 406720 582164
517 409568 95600
518 411388 232390
519 412310 319464
520 413920 99232
521 414990 102014
522 415164 135936
523 415486 221794
524 415614 352348
525 415754 506890
526 416254 590668
527 418514 106082
528 418716 486800
529 418752 490402
530 421624 607188
531 421782 148124
532 423586 257690
533 423800 134384
534 424552 412488
535 425252 413874
536 426744 241958
537 427274 575936
538 427296 402310
539 427912 381752
540 428296 241780
541 428578 228256
542 428694 379102
543 428710 200360
544 428970 199928
545 429592 477454
546 429770 379954
547 430594 240564
548 430706 149652
549 431218 371518
550 431452 373862
551 432330 375012
552 433110 398772
553 433926 195734
554 434044 319338
555 434212 400108
556 434328 375492
557 434892 191562
558 434994 611808
559 435398 374908
560 437590 138388
561 437792 371950
562 437858 276376
563 438354 374412
564 438828 343746
565 439074 372750
566 439308 343656
567 439352 344066
568 439588 338992
569 441202 188162
570 441296 368246
571 443318 486370
572 443376 115266
573 443586 366462
574 444114 433700
575 444486 580276
576 447268 62346
577 447484 319522
578 447678 319500
579 449692 409314
580 449952 136346
581 450148 280000
582 450304 246426
583 460090 442584
584 460824 54438
585 462936 254284
586 463780 201070
587 464566 342204
588 470754 433906
589 470962 36068
590 471188 589646
591 472300 108522
592 473208 246360
593 475708 234390
594 475710 139660
595 477648 248110
596 477692 129986
597 478092 292736
598 479362 34070
599 479656 585672
600 479824 130282
601 482196 536088
602 483898 211052
603 483988 298954
604 487944 425094
605 490582 439450
606 491146 323910
607 491350 320752
608 491644 171544
609 492104 532160
610 494234 219178
611 495478 228044
612 497058 114930
613 497744 271942
614 498884 411878
615 499170 78862
616 500150 355166
617 503592 240216
618 505202 171858
619 505616 312118
620 505786 292548
621 509030 125760
622 509098 406040
623 509966 406956
624 512122 120970
625 512482 275142
626 513654 19382
627 515668 266528
628 517224 258966
629 517358 375294
630 517784 436454
631 518242 489114
632 518302 176762
633 519028 574742
634 519194 272840
635 519512 609046
636 522000 183644
637 522652 530570
638 522942 240842
639 523556 153340
640 523588 105036
641 524652 102810
642 528972 462442
643 531088 613836
644 531228 508766
645 531234 502240
646 532130 473710
647 532258 342276
648 533846 345398
649 534244 378232
650 536168 196358
651 536814 262884
652 538516 603354
653 539640 128416
654 540604 449620
655 541418 133642
656 543088 315128
657 543896 432108
658 544146 169102
659 544420 257240
660 544568 169394
661 545026 123752
662 545502 57526
663 546876 172466
664 547040 579074
665 548822 149022
666 549100 147506
667 553180 197310
668 553412 204276
669 555618 196930
670 556478 379782
671 556548 579796
672 559134 364122
673 559744 201154
674 560590 148238
675 561854 209242
676 569252 582392
677 569494 67930
678 570916 320600
679 577662 466358
680 578514 400344
681 581524 456352
682 582404 394194
683 584240 187516
684 584320 223864
685 584954 275108
686 585234 224980
687 585698 286210
688 587614 224948
689 587878 224860
690 587956 565380
691 589554 564472
692 590922 511174
693 591294 479610
694 591530 586534
695 596002 376522
696 599594 135764
697 599842 396422
698 601022 223796
699 601108 340728
6 3 2 1 5 8 12 
3 0 2 4 
4 4 1 0 7 
4 31 42 45 0 
3 6 1 2 
3 14 0 6 
3 5 4 9 
4 18 10 2 28 
3 21 0 14 
3 38 6 11 
4 13 11 7 15 
3 16 9 10 
4 20 17 0 21 
3 40 27 10 
3 26 8 5 
3 46 10 23 
3 34 38 11 
3 35 12 19 
4 62 95 29 7 
3 17 20 36 
3 19 12 22 
4 22 12 8 24 
3 20 21 25 
3 32 15 29 
3 25 21 33 
3 22 24 30 
3 33 14 55 
3 44 34 13 
2 7 264 
3 39 23 18 
3 25 43 37 
3 42 3 35 
3 96 46 23 
3 43 24 26 
3 58 16 27 
3 31 17 41 
3 53 19 37 
3 36 30 65 
3 56 9 16 
3 85 29 84 
3 54 51 13 
3 59 35 53 
4 86 3 31 59 
3 30 33 47 
3 49 64 27 
3 87 90 3 
3 54 15 32 
3 65 43 48 
3 68 47 55 
3 52 44 50 
3 75 49 51 
3 50 40 71 
3 72 67 49 
3 80 41 36 
3 81 40 46 
3 48 26 57 
3 57 38 58 
3 55 56 60 
3 61 56 34 
4 66 42 41 83 
3 88 57 61 
3 60 58 63 
3 94 18 164 
3 69 61 64 
3 63 44 67 
3 70 37 47 
3 77 179 59 
3 69 64 52 
3 73 48 88 
3 78 63 67 
3 80 65 73 
3 76 51 81 
3 79 52 74 
3 108 70 68 
3 91 72 75 
3 82 74 50 
3 111 104 71 
3 123 66 97 
3 101 69 79 
3 78 72 91 
3 89 53 70 
3 71 54 96 
3 92 75 104 
3 59 89 118 
3 85 39 93 
3 107 39 84 
3 87 42 179 
4 90 45 86 360 
3 68 60 101 
3 83 80 105 
3 454 45 87 
3 92 79 74 
3 110 91 82 
3 103 84 95 
3 98 62 124 
3 93 18 99 
3 107 81 32 
3 77 118 134 
3 245 102 94 
3 132 95 100 
3 120 99 102 
3 109 88 78 
3 246 100 98 
3 161 148 93 
3 117 82 76 
3 89 106 113 
3 105 108 128 
3 114 96 85 
3 106 73 115 
3 112 101 110 
3 109 92 122 
3 119 76 116 
3 125 115 109 
3 105 144 173 
3 147 116 107 
3 121 108 112 
3 131 111 114 
3 122 104 119 
3 97 83 175 
3 127 117 111 
3 203 126 100 
3 128 115 125 
3 110 117 127 
3 179 77 150 
3 159 94 164 
3 121 112 133 
3 130 120 138 
3 129 122 119 
3 106 121 140 
3 135 127 131 
3 229 132 126 
3 129 116 136 
3 139 99 130 
3 141 125 135 
3 137 97 279 
3 153 133 129 
3 157 131 147 
3 150 134 189 
3 229 126 176 
3 160 163 132 
3 143 128 141 
3 140 133 142 
3 146 141 162 
3 145 144 140 
3 113 143 145 
3 144 143 151 
3 152 142 172 
3 136 114 149 
3 149 103 156 
3 170 147 148 
3 227 123 137 
3 158 145 152 
3 151 146 154 
3 155 135 157 
3 152 169 200 
3 162 153 167 
3 148 161 181 
3 153 136 165 
3 190 178 151 
3 281 197 124 
3 233 188 139 
3 156 103 163 
3 142 155 186 
3 199 161 139 
3 124 62 228 
3 166 157 170 
3 168 165 171 
3 187 155 168 
3 180 167 166 
3 154 172 230 
3 174 165 149 
3 184 166 174 
3 169 146 198 
3 175 113 178 
3 171 170 177 
3 118 173 260 
3 222 138 203 
3 185 174 181 
3 257 173 158 
4 86 66 123 310 
3 183 168 182 
3 177 156 199 
3 183 180 184 
3 191 180 182 
3 182 171 192 
3 192 177 210 
3 162 187 194 
3 186 167 191 
3 225 205 160 
3 221 137 287 
3 251 158 220 
3 187 183 193 
3 184 185 195 
3 196 191 201 
3 198 186 196 
3 202 192 207 
3 194 193 234 
3 335 249 159 
3 172 194 236 
3 204 181 163 
3 220 154 265 
3 193 202 208 
3 206 201 195 
3 248 176 120 
3 209 199 205 
3 213 204 188 
3 208 202 216 
3 195 214 217 
3 201 206 211 
3 210 204 212 
3 185 209 214 
3 231 208 216 
3 215 209 213 
3 212 205 241 
3 207 210 215 
3 218 214 212 
3 211 206 223 
3 219 207 218 
3 217 215 244 
3 252 223 217 
3 190 200 256 
3 309 227 189 
3 285 250 176 
3 224 216 219 
3 267 226 223 
3 243 241 188 
3 235 232 224 
3 310 150 221 
4 346 281 164 255 
3 238 130 138 
3 169 237 258 
3 234 211 232 
3 242 231 226 
3 243 160 238 
3 236 196 231 
3 247 266 226 
4 237 198 234 240 
3 230 236 275 
3 233 229 239 
3 286 238 250 
3 236 242 294 
3 254 213 225 
3 266 240 232 
3 283 225 233 
3 261 218 253 
3 246 98 249 
3 307 102 245 
3 263 235 267 
3 334 203 307 
3 407 245 197 
3 282 239 222 
3 262 190 288 
3 276 219 261 
3 274 244 254 
3 253 241 283 
3 259 228 271 
3 220 272 297 
3 260 178 262 
3 265 230 275 
3 291 422 255 
3 279 175 257 
3 278 252 244 
3 257 251 311 
3 290 247 268 
3 626 271 28 
3 270 200 258 
3 299 242 235 
3 269 247 224 
3 295 263 269 
3 268 267 276 
3 273 265 324 
4 318 291 255 264 
3 256 273 315 
3 272 270 301 
3 278 253 277 
3 258 237 294 
3 280 269 252 
3 305 274 293 
3 280 261 274 
3 134 260 317 
3 319 276 278 
3 289 159 228 
3 286 250 284 
3 293 254 243 
3 303 282 285 
3 284 222 332 
3 292 239 282 
3 325 189 313 
3 311 251 297 
3 357 335 281 
3 299 263 306 
3 318 259 271 
3 298 286 296 
3 277 283 298 
3 275 240 308 
3 321 306 268 
3 292 303 326 
3 288 256 300 
3 302 293 292 
3 308 266 290 
3 297 314 327 
3 273 340 304 
3 362 305 298 
3 296 284 328 
3 301 312 316 
3 331 277 302 
3 342 290 295 
3 407 248 246 
3 294 299 324 
3 348 406 221 
3 406 179 227 
3 341 262 288 
3 304 355 347 
3 322 287 317 
3 300 330 358 
3 338 272 320 
3 320 304 353 
3 313 279 344 
3 508 291 271 
3 361 321 280 
3 315 316 329 
3 370 295 319 
3 323 313 397 
3 325 322 404 
3 270 308 340 
3 348 287 323 
3 345 296 333 
3 359 300 343 
3 303 332 333 
3 337 320 353 
3 314 338 368 
3 361 305 351 
3 328 285 336 
3 326 328 339 
3 336 248 412 
3 415 197 289 
4 400 339 332 334 
3 349 329 381 
3 330 315 349 
3 352 333 336 
3 301 324 342 
3 344 311 359 
3 355 340 306 
3 327 375 377 
3 397 317 341 
3 367 326 350 
3 403 357 228 
3 365 312 356 
3 393 309 325 
3 338 337 364 
3 373 345 354 
3 390 331 362 
3 455 354 339 
3 329 316 365 
3 394 350 352 
3 312 342 369 
3 388 347 366 
3 428 289 346 
3 375 314 376 
3 341 327 468 
3 454 87 406 
3 372 319 331 
3 351 302 363 
3 396 362 367 
3 349 381 383 
3 379 353 347 
3 389 356 369 
4 363 345 373 382 
3 330 384 376 
3 366 355 371 
3 371 321 374 
3 380 369 370 
3 399 374 361 
3 367 350 391 
3 378 370 372 
3 343 358 419 
3 358 368 387 
3 467 343 436 
3 380 374 399 
3 418 365 398 
3 385 371 378 
3 364 337 401 
3 420 367 391 
3 384 364 401 
3 386 368 383 
3 392 380 405 
3 387 384 453 
3 376 386 430 
3 398 356 389 
3 392 388 366 
3 409 351 395 
3 382 373 394 
3 410 389 385 
3 424 348 413 
3 420 391 354 
3 429 390 396 
3 414 395 363 
3 322 344 408 
3 410 379 388 
3 402 378 372 
3 423 434 336 
3 383 381 418 
3 405 399 409 
3 432 346 422 
3 413 323 408 
3 411 385 402 
4 360 310 309 459 
3 416 307 249 
3 404 397 452 
3 425 402 390 
3 427 398 392 
3 444 447 405 
3 417 334 416 
3 393 404 441 
3 421 396 449 
3 426 416 335 
4 417 412 407 415 
3 437 412 416 
3 401 379 427 
3 375 430 431 
3 450 382 394 
3 439 429 414 
3 508 403 259 
3 437 442 400 
3 459 393 435 
3 464 444 409 
3 456 415 428 
3 418 410 447 
3 433 426 357 
3 438 395 421 
3 419 387 490 
3 436 419 490 
3 448 433 403 
3 482 428 432 
3 511 400 442 
3 445 424 441 
3 477 377 431 
3 480 423 417 
3 443 440 429 
3 446 421 451 
3 462 438 443 
3 435 413 497 
3 479 434 423 
3 440 438 446 
3 461 411 425 
3 516 435 525 
3 460 443 439 
3 457 427 411 
3 482 432 469 
3 458 414 450 
3 449 420 455 
3 481 439 458 
3 408 483 497 
3 484 386 457 
4 90 360 558 643 
3 466 450 352 
3 521 493 426 
3 453 447 465 
3 470 451 449 
3 530 406 424 
3 474 462 446 
3 463 465 444 
3 491 440 460 
3 502 461 464 
3 488 463 425 
3 484 457 461 
3 513 478 455 
3 472 377 471 
3 483 359 472 
3 517 448 576 
3 475 458 486 
3 503 467 473 
3 487 468 467 
3 471 477 476 
3 519 460 500 
3 481 470 507 
3 473 485 496 
3 473 436 485 
3 544 486 466 
3 511 442 480 
3 479 437 489 
3 500 451 475 
3 517 433 448 
3 487 452 468 
3 498 453 465 
3 476 477 492 
3 514 470 478 
3 510 483 472 
3 542 464 495 
3 506 480 493 
3 431 430 494 
3 524 495 462 
3 501 485 494 
3 504 489 456 
3 492 490 498 
3 524 488 491 
3 503 476 515 
3 441 452 512 
3 494 484 499 
3 505 498 502 
3 474 481 509 
3 515 492 505 
3 542 499 463 
3 510 471 496 
3 580 493 527 
3 501 499 539 
3 533 522 489 
3 523 475 514 
3 589 422 318 
3 532 500 518 
3 512 487 503 
3 513 434 479 
3 528 497 510 
3 557 466 511 
3 507 486 543 
3 534 496 501 
3 526 445 525 
3 520 482 469 
3 536 509 523 
3 561 474 554 
3 572 521 517 
3 527 456 520 
3 531 506 533 
3 541 518 507 
3 549 495 491 
3 516 445 529 
3 530 516 537 
3 572 504 521 
3 529 512 545 
3 537 525 528 
3 558 459 526 
3 548 569 522 
3 554 509 536 
3 560 522 506 
3 535 515 539 
3 545 534 538 
3 532 518 540 
3 575 526 529 
3 535 546 552 
3 534 505 542 
3 566 536 547 
3 547 523 543 
4 546 539 502 488 
3 541 514 544 
3 543 478 553 
3 571 528 535 
3 538 542 550 
3 562 540 541 
3 608 531 560 
3 559 550 524 
3 551 546 549 
3 556 552 550 
3 555 538 551 
3 582 544 557 
3 564 519 532 
3 574 552 556 
3 555 551 559 
3 553 513 569 
4 454 530 590 635 
3 556 549 563 
3 548 533 580 
3 565 563 519 
3 577 568 547 
3 579 559 561 
3 567 570 554 
3 579 561 570 
3 567 540 568 
3 573 564 566 
3 566 562 577 
3 586 557 531 
3 565 564 573 
3 575 545 574 
3 596 527 520 
3 588 570 567 
3 601 571 555 
3 590 537 571 
3 591 469 584 
3 568 562 578 
3 587 577 581 
3 583 563 565 
3 594 560 504 
3 597 578 582 
3 585 581 553 
3 601 579 588 
3 612 576 589 
3 597 582 592 
3 602 593 569 
3 604 578 606 
3 605 583 573 
3 584 508 598 
3 558 575 599 
3 612 600 576 
3 595 585 593 
3 592 586 611 
3 618 580 596 
3 613 592 617 
3 600 594 572 
3 603 581 585 
3 615 589 626 
3 590 601 633 
3 639 596 591 
4 599 574 583 609 
3 610 586 650 
3 607 597 613 
4 630 605 587 614 
3 631 588 604 
3 616 587 607 
3 606 603 620 
3 618 636 548 
3 601 631 637 
3 611 602 668 
3 617 593 610 
3 621 591 584 
3 603 595 628 
3 604 616 622 
3 640 624 598 
3 614 606 619 
3 638 595 611 
3 632 608 594 
3 616 620 625 
3 619 607 625 
3 639 612 624 
3 623 614 634 
3 630 622 629 
3 660 621 615 
3 619 620 627 
5 677 662 641 598 264 
3 634 625 628 
3 627 613 638 
3 623 651 647 
3 642 604 623 
3 645 609 605 
3 636 618 658 
3 635 599 637 
3 622 627 651 
3 643 558 633 
3 650 608 632 
3 633 609 644 
3 628 617 686 
3 658 600 621 
3 655 615 641 
3 653 640 626 
3 646 630 649 
4 454 635 652 694 
3 664 637 645 
3 644 631 646 
3 645 642 654 
3 648 629 656 
3 672 649 647 
3 657 642 648 
3 667 602 636 
3 629 634 659 
3 643 664 676 
3 655 641 661 
3 679 646 657 
3 665 640 653 
3 678 647 659 
3 654 649 670 
3 660 632 639 
3 656 651 688 
3 663 658 624 
3 666 653 662 
4 677 674 661 626 
3 669 660 665 
3 671 652 644 
3 663 655 666 
4 674 673 665 661 
3 668 650 669 
3 675 610 667 
3 673 667 663 
3 680 657 672 
3 676 664 679 
3 670 648 678 
3 675 669 666 
3 683 666 662 
3 684 668 673 
4 694 652 671 690 
3 696 662 626 
3 672 656 685 
3 671 654 681 
3 681 670 682 
3 690 679 680 
3 693 680 687 
3 684 674 696 
3 686 675 683 
3 687 678 689 
3 638 684 688 
3 695 682 685 
3 659 686 689 
3 685 688 696 
3 676 681 691 
3 694 690 692 
3 691 693 697 
3 692 682 695 
4 643 676 691 697 
3 697 693 687 
4 698 689 683 677 
4 694 692 695 699 
2 699 696 
2 697 698 
