900
0 6 7900
1 92 36640
2 140 25434
3 198 16988
4 396 4232
5 398 37998
6 408 50202
7 480 9042
8 570 4698
9 630 34708
10 714 8568
11 734 16088
12 804 17840
13 980 20018
14 996 40464
15 1022 30070
16 1062 39572
17 1118 16528
18 1120 37010
19 1158 4598
20 1200 47530
21 1212 40072
22 1254 7360
23 1270 34426
24 1278 24536
25 1318 30508
26 1440 10510
27 1498 10220
28 1600 29942
29 1686 30160
30 1692 52786
31 1704 40496
32 1722 43322
33 1740 42730
34 1802 32338
35 1816 14190
36 1868 29272
37 1950 51794
38 2016 49358
39 2108 5002
40 2120 49134
41 2184 22868
42 2202 26676
43 2274 41144
44 2296 31210
45 2512 9612
46 2546 1606
47 2574 20384
48 2638 19376
49 2738 43182
50 2774 2098
51 2778 50506
52 2796 10328
53 2864 2560
54 2900 40926
55 2936 49724
56 2956 53908
57 2958 14832
58 3090 7342
59 3108 47174
60 3198 8038
61 3244 46418
62 3264 17616
63 3326 39206
64 3436 52166
65 3456 13640
66 3462 49392
67 3572 15354
68 3612 25878
69 3722 16294
70 3768 53378
71 3874 23930
72 3940 34738
73 4026 9278
74 4068 52852
75 4090 0
76 4254 24970
77 4308 44148
78 4318 1338
79 4418 2322
80 4512 41926
81 4518 9170
82 4524 16594
83 4556 52304
84 4576 12720
85 4598 34538
86 4622 23656
87 4640 634
88 4838 4430
89 4850 10680
90 5012 16516
91 5048 26938
92 5058 42090
93 5124 15960
94 5224 43994
95 5260 32736
96 5318 13754
97 5326 50418
98 5494 42406
99 5506 1988
100 5588 598
101 5642 10016
102 5642 47114
103 5680 46960
104 5740 24236
105 5752 46758
106 5826 41754
107 5928 22426
108 5944 2874
109 5944 14632
110 6034 35810
111 6044 17190
112 6202 11070
113 6234 17728
114 6254 15094
115 6360 7618
116 6364 38338
117 6376 34614
118 6482 8468
119 6546 29728
120 6566 15232
121 6602 26088
122 6708 29154
123 6768 5660
124 6792 1606
125 7042 53840
126 7110 27496
127 7186 41074
128 7188 7456
129 7232 39976
130 7276 51320
131 7296 40300
132 7312 39208
133 7418 51554
134 7434 26502
135 7502 43670
136 7594 24822
137 7696 40256
138 7772 20342
139 7798 24546
140 7808 51350
141 7860 6618
142 7976 49456
143 8060 17010
144 8084 19858
145 8208 32512
146 8230 19388
147 8240 44362
148 8256 11938
149 8274 42416
150 8320 23998
151 8344 18496
152 8344 35248
153 8374 46166
154 8392 22378
155 8406 25356
156 8412 15742
157 8470 47908
158 8574 45190
159 8576 8290
160 8588 48456
161 8714 41122
162 8776 48914
163 8782 11202
164 8808 22390
165 8872 48320
166 8932 8250
167 8998 48566
168 9076 27334
169 9298 47002
170 9316 558
171 9354 20282
172 9388 5890
173 9398 53070
174 9406 15534
175 9470 15024
176 9648 52588
177 9672 11680
178 9878 46978
179 9960 18296
180 10034 41448
181 10124 52610
182 10182 53490
183 10258 12240
184 10294 51484
185 10394 38052
186 10432 22922
187 10452 23368
188 10548 26518
189 10608 3664
190 10700 21938
191 10804 32198
192 10820 40708
193 10894 3278
194 10952 32626
195 10974 42348
196 11130 42414
197 11198 15338
198 11402 29312
199 11450 10912
200 11566 570
201 11668 47538
202 11732 3060
203 11810 29360
204 11820 43658
205 11860 11420
206 11904 30510
207 11990 18868
208 12120 21622
209 12184 25482
210 12222 11042
211 12244 16072
212 12298 21628
213 12300 19880
214 12340 27658
215 12344 9628
216 12450 52460
217 12490 15196
218 12502 6486
219 12526 2658
220 12794 29254
221 12814 5160
222 12890 15838
223 12964 45992
224 13358 25436
225 13444 42376
226 13456 14002
227 13702 13886
228 13708 19668
229 13746 13866
230 13774 41392
231 13864 22392
232 13914 21082
233 13954 41232
234 13966 23830
235 14134 32516
236 14162 190
237 14178 15994
238 14232 6760
239 14274 34904
240 14290 49622
241 14430 45304
242 14430 51216
243 14524 4120
244 14590 29948
245 14660 16658
246 14826 7556
247 15018 31224
248 15068 41944
249 15074 47308
250 15146 38710
251 15174 47426
252 15256 33344
253 15260 23390
254 15312 22280
255 15374 24322
256 15432 18856
257 15440 18730
258 15446 18918
259 15540 8368
260 15590 42058
261 15638 50116
262 15688 24074
263 15720 17804
264 15732 24652
265 15768 34716
266 15808 30948
267 15818 45802
268 15886 12532
269 15902 42810
270 15986 40574
271 15990 21848
272 16074 7502
273 16118 1114
274 16194 47094
275 16244 23070
276 16252 30268
277 16264 47036
278 16284 48690
279 16314 45472
280 16358 40364
281 16362 29956
282 16402 29088
283 16478 41530
284 16498 1952
285 16674 15946
286 16718 12914
287 16720 20460
288 16822 12202
289 16858 12700
290 16866 49678
291 16910 2648
292 16988 28664
293 17004 10162
294 17038 40532
295 17132 8854
296 17132 26790
297 17186 45968
298 17196 10234
299 17236 30418
300 17294 50576
301 17350 12094
302 17420 32154
303 17538 3204
304 17598 32118
305 17676 45446
306 17680 50344
307 17758 4040
308 17784 12494
309 17798 33032
310 17898 40474
311 17988 11968
312 18052 31552
313 18176 52272
314 18204 16050
315 18218 53584
316 18236 33592
317 18308 34314
318 18348 10466
319 18368 34906
320 18422 49512
321 18430 13954
322 18506 51786
323 18516 48540
324 18542 35804
325 18678 4938
326 18726 37524
327 18842 8840
328 18894 1556
329 18918 41434
330 19044 792
331 19184 876
332 19504 16118
333 19512 38472
334 19528 13588
335 19612 16178
336 19732 33718
337 19768 24270
338 19786 6052
339 19818 49644
340 19890 48814
341 19900 30048
342 19980 39400
343 20022 30902
344 20090 22104
345 20132 17722
346 20202 39514
347 20214 32980
348 20330 2856
349 20410 5714
350 20860 20808
351 21070 16688
352 21138 53216
353 21164 39968
354 21174 34690
355 21350 20318
356 21352 11832
357 21390 14434
358 21390 27308
359 21482 48294
360 21724 25512
361 21876 53648
362 21916 50702
363 21936 22762
364 22002 1920
365 22054 32240
366 22064 1662
367 22130 38906
368 22182 9386
369 22240 20258
370 22258 11090
371 22264 38526
372 22290 52610
373 22352 40588
374 22368 22530
375 22410 23524
376 22432 45308
377 22494 35708
378 22564 36836
379 22604 15538
380 22610 29922
381 22626 48062
382 22694 35838
383 22734 13988
384 22864 17180
385 22994 18414
386 23036 732
387 23066 15330
388 23292 23136
389 23464 41558
390 23566 13176
391 23850 34386
392 23870 48894
393 23902 30128
394 24024 17368
395 24088 45946
396 24110 35616
397 24140 24266
398 24480 36824
399 24542 52684
400 24644 7060
401 24698 25082
402 24708 53426
403 24718 19454
404 24820 25890
405 24830 11020
406 24878 8162
407 24890 8694
408 24950 26436
409 25004 13472
410 25052 6550
411 25058 28618
412 25182 44764
413 25184 47800
414 25274 3046
415 25332 22220
416 25346 5706
417 25402 2020
418 25428 41130
419 25508 11104
420 25562 1688
421 25592 45412
422 25610 37970
423 25666 31044
424 25714 52924
425 25718 10562
426 25734 42056
427 25856 6836
428 25896 5586
429 25904 888
430 25908 11546
431 25952 43322
432 26012 40990
433 26076 50222
434 26162 41768
435 26184 4398
436 26200 29380
437 26220 34204
438 26262 16188
439 26372 35336
440 26394 2136
441 26406 12778
442 26416 28250
443 26686 30814
444 26716 14242
445 26774 30352
446 26892 53508
447 26968 53626
448 27056 20066
449 27112 34298
450 27118 23022
451 27136 11582
452 27258 18520
453 27284 7274
454 27368 18982
455 27432 43310
456 27482 33206
457 27572 1490
458 27702 46910
459 27852 6578
460 27878 53192
461 27892 41394
462 27904 35948
463 28256 28426
464 28468 23808
465 28494 3070
466 28554 41748
467 28674 45740
468 28680 22574
469 28798 48810
470 28820 2172
471 28856 32906
472 28898 9898
473 28910 938
474 29198 9502
475 29454 18390
476 29460 1660
477 29584 36386
478 29624 42804
479 29632 34986
480 29764 32420
481 29770 37118
482 29826 52398
483 29846 11188
484 29870 30180
485 30358 27726
486 30372 27712
487 30414 32926
488 30486 53186
489 30514 9970
490 30622 40354
491 30632 24722
492 30660 34890
493 30726 26214
494 30780 30016
495 30814 29620
496 30856 12050
497 30958 25706
498 31110 42992
499 31120 9740
500 31160 43336
501 31186 17488
502 31298 49704
503 31332 36590
504 31408 18558
505 31574 20756
506 31584 40996
507 31610 42522
508 31640 50706
509 31706 36820
510 31736 53912
511 31746 18848
512 31772 25328
513 31798 10242
514 31902 9776
515 32000 43762
516 32042 31054
517 32056 36486
518 32096 3404
519 32118 5276
520 32122 23012
521 32202 52920
522 32274 38726
523 32278 14764
524 32320 14950
525 32340 3334
526 32406 53854
527 32524 38448
528 32606 40036
529 32626 11668
530 32672 29774
531 32710 37378
532 32750 20074
533 32838 35832
534 32866 19652
535 32900 42774
536 32912 33950
537 32982 15476
538 33004 5882
539 33098 2908
540 33106 38990
541 33294 26468
542 33296 5502
543 33300 42428
544 33474 27026
545 33504 29524
546 33584 13422
547 33588 30868
548 33634 38958
549 33680 48576
550 33686 22202
551 33974 50508
552 34024 42226
553 34048 2412
554 34088 2734
555 34156 44108
556 34244 37176
557 34294 11240
558 34296 5108
559 34308 22694
560 34308 27262
561 34330 5030
562 34368 19200
563 34376 40728
564 34404 41164
565 34502 21798
566 34578 30964
567 34704 48354
568 34710 44646
569 34740 29706
570 34898 11402
571 35174 14048
572 35250 40784
573 35332 28226
574 35388 19628
575 35390 24520
576 35462 8530
577 35464 13206
578 35504 3366
579 35506 4842
580 35512 10982
581 35534 31154
582 35558 51854
583 35668 52298
584 35708 50534
585 35750 11270
586 35770 33656
587 35798 38694
588 35828 53174
589 35884 35560
590 35966 16076
591 36030 15360
592 36060 13388
593 36096 15432
594 36296 38068
595 36334 25924
596 36404 33964
597 36416 26272
598 36470 3178
599 36530 34726
600 36650 30112
601 36676 35922
602 36792 20510
603 36990 49840
604 37156 16734
605 37160 46618
606 37210 51630
607 37340 49770
608 37448 34728
609 37452 27912
610 37572 41096
611 37628 24360
612 37656 2088
613 37876 34694
614 38080 4386
615 38124 22732
616 38126 22592
617 38130 42968
618 38146 27378
619 38158 6574
620 38184 15850
621 38258 53388
622 38294 18478
623 38368 32320
624 38426 27258
625 38464 39082
626 38482 17506
627 38506 13502
628 38536 16432
629 38586 2728
630 38614 23954
631 38698 26114
632 38754 49050
633 38762 26510
634 38860 7354
635 38914 34970
636 38934 12566
637 39116 40180
638 39138 50786
639 39146 25678
640 39194 1004
641 39248 27536
642 39328 13926
643 39396 6040
644 39528 6534
645 39588 9412
646 39600 50408
647 39656 52094
648 39780 29286
649 39830 20602
650 39972 4204
651 39992 50184
652 40050 2804
653 40186 39346
654 40232 3468
655 40234 18364
656 40322 53672
657 40468 38262
658 40480 39462
659 40486 35048
660 40654 33206
661 40656 40458
662 40780 6726
663 40952 10164
664 41042 38084
665 41050 25642
666 41092 43354
667 41120 25078
668 41144 28368
669 41158 14792
670 41218 50954
671 41226 23924
672 41262 47228
673 41314 45002
674 41336 10406
675 41350 22950
676 41392 10890
677 41458 31522
678 41462 3674
679 41468 1052
680 41598 8618
681 41606 1964
682 41660 51780
683 41688 27912
684 41738 3860
685 41758 36550
686 41788 43372
687 41960 35278
688 41972 29198
689 42000 52984
690 42122 33078
691 42146 43276
692 42160 186
693 42180 13010
694 42192 26790
695 42302 45190
696 42314 7830
697 42352 24212
698 42394 45502
699 42516 2820
700 42516 8350
701 42618 16408
702 42666 38438
703 42724 50748
704 42802 42822
705 42828 14992
706 42928 7314
707 42938 1260
708 43038 33394
709 43086 2098
710 43318 8128
711 43322 19994
712 43408 37518
713 43424 38378
714 43434 42474
715 43452 43734
716 43494 6232
717 43500 14778
718 43510 29666
719 43650 47572
720 43690 1780
721 43760 6954
722 43832 49856
723 43914 45266
724 43916 15538
725 44068 23942
726 44182 2742
727 44214 27124
728 44312 9290
729 44336 51364
730 44354 14586
731 44450 45104
732 44636 23412
733 44640 7716
734 44668 39686
735 44684 22332
736 44706 52162
737 44726 42638
738 44736 32344
739 44750 49816
740 44776 40236
741 44892 19506
742 45018 14226
743 45122 40254
744 45256 2118
745 45364 3770
746 45364 29992
747 45388 40938
748 45508 3210
749 45580 33844
750 45634 4414
751 45642 5010
752 45650 39086
753 45836 25848
754 45862 11794
755 45902 21774
756 45930 48616
757 45992 46144
758 46008 18278
759 46086 40342
760 46140 48060
761 46196 45588
762 46210 12552
763 46278 39960
764 46448 41750
765 46472 50200
766 46478 1710
767 46548 1162
768 46598 1876
769 46718 24588
770 46772 33724
771 46898 23858
772 47016 8936
773 47074 30372
774 47108 37556
775 47164 29440
776 47178 27106
777 47238 37340
778 47240 40894
779 47326 37336
780 47368 45812
781 47458 47252
782 47504 1708
783 47506 42410
784 47556 31156
785 47556 42166
786 47568 28424
787 47576 27942
788 47596 31956
789 47664 31002
790 47676 50560
791 47898 36754
792 48014 15304
793 48092 12774
794 48110 17222
795 48134 26434
796 48276 19730
797 48282 3558
798 48368 23996
799 48438 594
800 48626 16640
801 48644 31352
802 48684 37372
803 48776 43012
804 48782 41046
805 48828 19670
806 48836 52540
807 48882 24600
808 48998 39278
809 49182 51728
810 49484 40376
811 49490 39166
812 49580 26882
813 49588 14284
814 49594 38348
815 49612 8316
816 49630 28626
817 49638 30592
818 49648 53914
819 49670 17346
820 49726 24036
821 49734 20766
822 49904 40702
823 49910 13142
824 49912 326
825 49912 23376
826 50076 28758
827 50080 27124
828 50122 9412
829 50138 41276
830 50162 6526
831 50352 33906
832 50564 46328
833 50568 26966
834 50570 51170
835 50574 18526
836 50576 16300
837 50750 52438
838 50766 46596
839 50784 5772
840 50860 29598
841 50866 7340
842 50878 31706
843 50966 22612
844 51096 53764
845 51136 3118
846 51150 24966
847 51166 53232
848 51180 52188
849 51200 12276
850 51224 21562
851 51256 30934
852 51304 30930
853 51334 31876
854 51412 40744
855 51510 1774
856 51550 43026
857 51572 25790
858 51620 26806
859 51662 30312
860 51736 11538
861 51744 5646
862 51746 21990
863 51768 49118
864 51880 47052
865 51884 37450
866 51890 18078
867 52014 29082
868 52020 11170
869 52028 37404
870 52030 38098
871 52060 28544
872 52096 32100
873 52096 50828
874 52134 45694
875 52306 14084
876 52356 52698
877 52384 11614
878 52434 12404
879 52508 42142
880 52544 7090
881 52592 1582
882 52702 18846
883 52770 5064
884 52780 31074
885 52820 34248
886 53126 2562
887 53130 2242
888 53150 22164
889 53152 39630
890 53204 45094
891 53222 50108
892 53384 33410
893 53484 45504
894 53498 15958
895 53546 17978
896 53730 18956
897 53738 27028
898 53864 20620
899 53898 43666
4 3 2 1 4 
3 6 0 2 
4 5 1 0 3 
3 2 0 7 
5 8 10 7 0 46 
3 6 2 9 
4 30 1 5 20 
3 11 3 4 
3 22 4 19 
3 14 5 11 
3 26 17 4 
3 12 9 7 
3 13 15 11 
3 24 12 17 
3 20 9 16 
3 25 18 12 
3 21 14 18 
4 48 13 10 35 
3 16 15 23 
3 39 8 53 
3 38 6 14 
3 32 16 23 
3 45 27 8 
4 31 21 18 25 
3 28 13 41 
3 23 15 28 
3 35 10 27 
3 57 26 22 
3 29 25 24 
3 34 28 36 
3 56 6 37 
3 33 23 34 
3 40 21 33 
3 32 31 43 
3 43 31 29 
3 57 17 26 
3 44 29 42 
5 64 30 38 51 133 
3 37 20 40 
4 123 58 19 88 
4 55 38 32 59 
3 42 24 47 
3 36 41 68 
3 49 33 34 
3 72 54 36 
3 52 22 60 
3 50 4 75 
3 71 41 48 
3 47 17 62 
3 61 43 54 
3 53 46 78 
3 37 55 97 
3 84 65 45 
3 19 50 79 
3 49 44 63 
3 51 40 66 
4 510 30 70 125 
3 67 35 27 
3 115 60 39 
3 40 61 103 
3 73 45 58 
3 59 49 77 
3 107 48 69 
4 80 54 72 116 
3 83 74 37 
3 93 67 52 
3 55 102 160 
3 69 57 65 
3 91 42 76 
3 82 62 67 
3 56 74 173 
3 76 47 86 
3 63 44 85 
3 89 60 81 
3 70 64 83 
5 692 236 100 87 46 
3 121 68 71 
3 61 80 94 
3 99 50 87 
3 108 53 99 
3 92 77 63 
3 101 73 118 
3 154 69 90 
3 176 74 64 
3 96 52 89 
3 110 72 95 
3 104 71 107 
4 124 78 75 100 
3 39 108 193 
3 112 84 73 
3 113 82 93 
3 126 95 68 
3 98 80 106 
3 111 90 65 
3 105 77 98 
3 85 91 119 
3 109 84 148 
3 130 51 142 
3 135 94 92 
3 79 78 124 
3 87 75 170 
3 163 112 81 
3 157 66 103 
3 102 59 105 
3 136 121 86 
3 103 94 153 
3 149 92 127 
3 139 86 62 
3 88 79 219 
3 175 114 96 
3 116 85 117 
3 113 93 114 
3 148 89 101 
3 138 90 111 
3 120 111 109 
3 118 58 128 
3 129 63 110 
3 132 110 119 
3 163 81 115 
3 117 95 122 
3 156 143 114 
3 134 76 104 
3 145 119 126 
3 141 39 189 
3 99 87 273 
3 526 56 182 
3 122 91 134 
3 161 106 131 
3 159 115 141 
3 131 116 132 
3 140 133 97 
3 127 129 137 
3 129 117 152 
3 216 37 130 
3 126 121 155 
3 147 98 149 
3 155 104 139 
3 161 131 185 
3 164 113 144 
3 136 107 150 
3 184 313 130 
3 128 123 172 
3 242 97 162 
3 151 120 156 
3 186 138 146 
3 152 122 168 
3 171 144 151 
3 158 135 196 
3 183 96 112 
3 135 106 195 
3 209 139 154 
3 146 143 179 
3 132 145 191 
3 169 105 158 
3 164 150 82 
4 188 168 134 136 
3 143 120 174 
3 165 102 169 
3 153 147 204 
3 177 128 166 
3 167 66 165 
3 180 127 137 
3 322 142 167 
3 177 101 118 
3 187 154 138 
3 240 160 157 
3 199 159 172 
3 261 162 160 
3 198 145 155 
4 201 157 153 178 
3 200 100 236 
3 208 190 146 
3 166 141 189 
3 182 70 176 
3 156 175 197 
3 174 109 226 
3 181 173 83 
3 183 163 159 
3 251 169 223 
3 207 151 211 
3 195 161 192 
3 352 176 216 
3 315 125 173 
3 227 148 177 
3 372 140 242 
3 137 194 239 
3 187 144 190 
3 224 164 186 
3 282 214 155 
3 172 123 193 
3 234 186 171 
3 194 152 206 
3 180 265 250 
3 189 88 202 
3 185 191 235 
3 196 149 180 
3 147 195 230 
3 211 174 217 
3 203 206 168 
3 205 166 218 
3 330 170 236 
3 323 278 169 
3 221 193 219 
3 244 198 220 
3 241 158 225 
3 229 199 210 
3 247 191 198 
3 213 179 256 
3 212 255 171 
3 292 150 224 
3 268 205 215 
3 179 197 222 
3 231 208 213 
3 212 207 228 
3 281 220 188 
3 210 218 238 
3 181 133 313 
3 222 197 226 
3 215 199 221 
3 202 108 284 
3 281 203 214 
3 218 202 243 
3 237 211 217 
3 249 178 241 
3 296 209 187 
3 204 230 248 
3 217 175 227 
3 226 183 229 
3 232 213 258 
3 285 227 205 
3 225 196 233 
3 253 212 232 
3 254 231 228 
3 230 250 270 
3 264 296 190 
3 252 194 247 
5 824 386 200 170 75 
3 245 222 285 
4 246 268 215 243 
3 185 252 265 
3 290 261 165 
3 267 223 204 
3 322 184 142 
3 238 221 291 
3 276 266 203 
3 263 257 237 
3 259 288 238 
3 235 206 266 
3 260 225 283 
4 251 223 267 274 
3 233 192 319 
3 359 178 249 
3 239 235 309 
4 262 231 254 275 
3 253 232 271 
3 264 208 262 
3 258 207 257 
3 256 245 263 
3 287 228 256 
3 293 246 272 
3 431 269 248 
3 300 167 240 
3 337 255 253 
3 350 257 245 
3 358 234 255 
3 192 239 317 
3 302 247 244 
3 249 241 279 
3 286 210 238 
3 305 279 260 
3 233 280 294 
3 275 254 287 
3 295 259 307 
4 328 284 124 331 
3 249 277 395 
3 253 271 344 
3 299 312 244 
3 274 297 376 
3 340 320 201 
3 297 267 269 
3 270 326 342 
3 299 220 214 
3 343 188 292 
3 248 294 329 
3 291 219 273 
3 314 237 229 
3 314 268 289 
3 344 271 258 
3 289 246 301 
3 321 286 288 
3 306 240 320 
3 303 243 284 
3 341 282 209 
3 298 301 259 
3 283 270 310 
3 318 272 327 
3 380 224 234 
3 277 279 305 
3 318 311 293 
3 365 276 281 
3 399 261 306 
3 308 288 293 
3 309 266 304 
3 307 291 348 
3 336 302 312 
3 297 269 376 
3 362 300 290 
3 325 272 303 
3 321 301 311 
3 316 252 302 
3 329 294 346 
3 334 308 298 
3 347 304 276 
3 372 216 140 
3 345 285 286 
3 361 182 402 
3 336 317 309 
3 319 265 316 
3 356 298 295 
3 324 250 317 
3 339 290 278 
4 335 332 289 308 
3 399 242 162 
3 392 340 201 
3 326 319 377 
3 349 338 307 
3 333 280 324 
3 368 295 338 
3 364 348 273 
3 389 283 310 
3 331 200 386 
3 366 273 330 
3 335 345 321 
3 367 342 326 
3 357 351 311 
3 369 332 321 
3 354 316 304 
3 360 262 375 
3 327 325 349 
3 433 362 320 
3 551 278 323 
3 343 292 380 
3 346 280 333 
3 365 282 341 
3 363 275 287 
3 355 314 332 
3 353 310 342 
3 391 354 312 
3 416 303 328 
3 338 325 416 
3 374 263 355 
3 385 369 334 
3 402 181 460 
3 418 373 346 
3 377 336 347 
3 388 350 345 
3 390 318 370 
3 379 334 383 
3 411 393 264 
3 392 251 381 
3 408 411 337 
3 526 315 447 
3 482 306 339 
3 375 344 374 
3 414 328 366 
3 437 299 343 
3 417 364 331 
3 432 333 371 
3 370 327 400 
3 397 335 351 
3 356 368 405 
3 461 367 378 
3 424 313 184 
3 434 389 353 
3 388 363 350 
3 404 337 363 
3 277 305 412 
3 382 324 354 
3 371 382 398 
3 384 357 387 
3 393 341 296 
3 359 395 413 
3 378 377 396 
3 387 357 390 
3 403 385 379 
3 415 351 384 
3 429 330 236 
3 394 379 383 
3 397 374 355 
3 426 329 373 
3 409 383 356 
3 439 396 347 
3 502 323 359 
3 423 380 358 
3 448 403 387 
3 381 274 421 
3 398 382 391 
3 401 388 369 
3 422 378 396 
3 424 322 300 
3 406 368 410 
3 404 397 415 
3 446 315 352 
3 450 384 394 
3 408 375 401 
3 409 370 407 
3 425 407 400 
3 419 405 406 
3 442 360 404 
3 438 390 405 
3 427 400 416 
3 436 358 360 
3 421 376 431 
3 469 381 458 
4 465 435 364 440 
3 450 401 385 
4 410 349 348 428 
3 440 366 420 
3 478 353 432 
3 430 438 407 
3 417 429 457 
3 467 395 412 
3 490 461 398 
3 456 393 443 
3 460 372 399 
3 451 430 406 
3 455 389 434 
4 453 474 410 459 
3 416 435 519 
3 473 420 386 
3 441 419 425 
3 412 260 455 
3 466 418 367 
3 508 582 339 
3 478 426 373 
3 428 414 518 
3 445 411 442 
3 449 439 365 
3 452 409 419 
3 462 391 437 
3 470 414 417 
3 444 430 451 
3 463 436 408 
3 423 445 484 
3 475 452 441 
3 443 436 484 
3 656 447 402 
3 656 361 446 
3 450 394 454 
3 479 437 456 
4 464 415 403 448 
3 441 425 472 
3 454 438 444 
3 576 499 427 
3 468 448 452 
3 515 431 426 
3 449 423 471 
3 476 420 473 
3 549 413 467 
3 634 427 538 
3 352 424 488 
3 466 371 422 
3 477 481 439 
3 495 442 485 
3 493 450 468 
3 525 414 539 
3 498 432 461 
3 458 421 568 
3 491 464 454 
3 603 502 413 
3 553 440 476 
3 487 456 480 
3 483 451 474 
3 640 457 429 
3 489 472 427 
3 505 491 444 
3 612 470 457 
3 503 481 462 
3 500 434 418 
3 517 449 492 
3 487 471 516 
3 490 462 477 
3 521 362 583 
3 496 501 472 
3 443 445 494 
3 545 463 486 
3 485 493 544 
3 536 471 480 
3 621 460 521 
4 513 529 496 474 
3 506 422 481 
3 497 468 475 
3 533 479 536 
3 486 464 497 
3 516 484 495 
3 530 494 463 
3 523 483 489 
3 493 491 512 
3 500 466 507 
3 514 513 453 
3 515 478 498 
3 511 504 483 
3 584 392 469 
3 509 477 517 
3 511 505 501 
3 520 475 504 
3 507 490 528 
3 535 498 506 
3 606 433 551 
3 531 522 503 
2 818 56 
3 532 504 501 
3 541 497 520 
3 557 489 499 
3 580 499 576 
3 555 455 500 
3 480 494 547 
3 556 503 479 
3 579 435 525 
3 542 428 561 
3 512 505 532 
3 588 488 482 
3 528 509 527 
3 524 496 546 
3 537 534 523 
3 578 518 465 
3 818 125 361 
3 540 522 531 
3 543 506 522 
3 577 546 489 
3 547 495 545 
3 587 527 509 
3 520 511 534 
3 556 492 589 
3 550 532 524 
3 555 507 543 
3 492 487 586 
3 562 524 571 
3 619 459 542 
3 598 465 554 
3 563 527 548 
3 544 512 550 
3 538 519 558 
3 535 528 552 
3 560 486 541 
3 569 530 485 
3 523 529 577 
3 566 516 530 
3 637 540 587 
3 607 458 567 
3 559 541 534 
3 584 508 340 
3 673 543 564 
3 554 470 612 
3 539 553 629 
3 568 515 535 
3 594 517 533 
3 570 627 513 
3 644 542 561 
3 575 550 565 
3 573 544 575 
3 558 519 579 
3 574 565 537 
3 572 564 540 
3 617 552 563 
3 611 559 562 
3 581 547 569 
3 632 549 605 
3 605 467 555 
3 566 545 573 
3 636 557 585 
3 591 537 592 
3 610 563 637 
3 569 560 597 
3 602 562 590 
3 595 560 559 
3 680 514 453 
3 592 546 529 
3 614 525 598 
3 643 561 518 
3 585 514 645 
3 586 566 600 
3 647 583 433 
3 689 482 582 
3 638 551 502 
3 570 580 676 
3 596 536 581 
3 625 548 531 
3 621 521 689 
3 601 533 599 
3 602 574 591 
3 593 590 571 
3 627 571 577 
3 620 604 591 
3 657 625 556 
3 618 597 575 
3 599 586 600 
3 609 573 595 
3 654 578 539 
3 608 589 596 
3 596 581 609 
3 664 589 608 
3 616 574 590 
3 638 469 607 
3 626 622 593 
3 672 567 568 
3 682 647 508 
3 646 603 549 
3 601 599 613 
3 600 597 618 
3 704 572 661 
3 631 565 615 
3 553 476 681 
3 635 608 623 
3 643 578 650 
3 630 611 616 
3 615 602 622 
3 666 673 564 
3 609 595 624 
3 634 538 644 
3 628 593 642 
3 844 488 588 
3 649 616 604 
3 660 613 624 
3 623 618 633 
3 653 587 594 
4 655 649 604 628 
3 642 592 557 
3 626 620 669 
3 652 554 709 
3 639 615 671 
3 633 611 639 
3 722 651 567 
3 641 624 631 
3 696 459 619 
3 659 685 613 
3 693 717 570 
3 661 572 548 
3 682 584 603 
3 631 630 665 
3 679 473 824 
3 668 648 633 
3 669 620 627 
3 662 579 614 
3 662 619 558 
3 663 580 680 
3 670 607 651 
3 844 582 606 
3 677 660 641 
3 675 622 626 
3 716 614 684 
3 703 646 632 
3 699 654 629 
3 658 625 657 
3 678 598 652 
3 711 626 701 
3 844 447 446 
3 653 594 664 
3 747 661 653 
3 687 635 660 
4 659 623 648 690 
4 714 610 637 658 
3 706 644 643 
3 674 645 728 
3 702 657 601 
3 694 639 667 
3 686 695 617 
3 665 671 697 
3 688 641 683 
3 705 628 642 
3 729 736 646 
3 667 630 675 
3 719 739 605 
3 698 552 617 
3 676 663 772 
3 697 671 649 
3 754 585 674 
3 690 648 688 
3 684 654 699 
3 707 640 799 
3 645 576 700 
3 709 612 720 
3 736 606 638 
3 746 668 694 
3 650 678 745 
3 712 635 687 
3 731 666 691 
3 685 659 708 
3 718 677 668 
3 844 588 583 
3 708 660 677 
3 715 686 704 
2 824 75 
3 742 636 762 
3 727 683 665 
3 723 698 666 
3 700 634 706 
3 667 675 725 
3 719 673 695 
3 678 652 726 
3 680 696 710 
3 655 705 724 
3 740 664 713 
3 729 651 722 
3 691 610 714 
3 701 669 717 
3 696 662 721 
3 720 679 767 
3 687 690 738 
3 744 629 681 
3 728 700 733 
3 735 655 741 
3 713 685 749 
3 734 702 712 
3 737 704 661 
3 731 691 737 
3 721 650 751 
3 705 636 730 
3 746 738 688 
3 756 672 698 
3 681 707 766 
3 733 706 716 
3 703 632 739 
3 757 695 731 
3 758 701 730 
3 753 697 732 
3 748 699 744 
3 775 694 753 
3 663 710 772 
3 806 670 703 
3 724 717 742 
4 761 723 686 715 
3 769 725 735 
3 710 721 830 
3 743 713 752 
3 732 711 755 
3 844 682 670 
3 715 714 764 
3 749 708 718 
3 765 722 672 
3 743 747 702 
3 755 711 758 
3 792 730 693 
3 759 740 734 
3 726 709 768 
3 750 684 748 
3 773 718 683 
3 764 658 740 
3 797 745 726 
3 712 738 770 
3 751 745 797 
3 839 716 750 
3 763 734 774 
3 776 727 725 
3 762 676 815 
3 771 735 741 
3 765 719 760 
3 760 723 761 
3 741 724 794 
3 778 743 763 
3 756 757 781 
3 780 757 731 
3 793 693 754 
3 759 752 808 
3 783 737 747 
3 790 739 756 
3 720 767 782 
3 766 707 799 
3 744 782 855 
3 776 732 771 
3 777 749 788 
4 798 795 769 755 
3 674 728 815 
3 784 746 775 
3 752 777 779 
3 773 727 786 
3 787 753 769 
3 774 770 791 
3 804 785 759 
3 808 774 791 
3 781 761 783 
3 790 760 780 
3 768 766 881 
3 780 764 785 
3 788 773 789 
3 803 783 778 
3 789 775 787 
3 786 776 795 
3 791 770 784 
3 801 784 786 
3 809 765 781 
4 802 779 777 788 
3 800 742 813 
3 823 762 828 
3 796 758 800 
3 816 787 771 
3 798 794 805 
3 750 748 845 
3 807 771 796 
3 767 679 824 
3 819 794 792 
3 802 789 817 
3 814 791 801 
3 834 785 804 
3 803 778 810 
3 821 796 819 
3 844 729 809 
3 812 798 820 
3 763 779 811 
3 837 806 790 
3 822 804 811 
3 810 808 814 
3 827 826 807 
3 819 792 823 
3 811 802 831 
3 754 772 841 
3 826 817 795 
3 831 801 816 
3 510 526 844 
4 805 800 813 836 
3 827 807 825 
3 825 805 835 
3 829 810 853 
3 813 793 849 
5 881 799 640 236 692 
3 833 820 821 
3 842 816 812 
3 840 812 820 
3 860 793 841 
3 832 822 854 
3 841 733 839 
3 814 817 842 
3 838 834 829 
3 840 825 846 
3 837 803 832 
3 843 821 836 
3 835 819 849 
3 844 809 834 
3 848 832 856 
4 830 751 845 861 
3 851 827 833 
4 828 815 830 861 
3 831 826 851 
3 846 835 850 
10 818 656 621 689 647 736 806 837 847 876 
3 839 797 855 
3 858 833 843 
3 844 848 873 
3 847 838 863 
3 836 823 860 
4 857 843 868 866 
3 842 840 852 
3 853 851 859 
3 865 822 852 
3 856 829 865 
3 845 768 881 
3 864 838 854 
3 858 850 862 
3 871 846 857 
3 869 852 867 
3 849 828 868 
3 841 839 883 
3 857 866 875 
3 873 848 864 
3 863 856 874 
3 870 854 853 
3 862 850 877 
3 872 859 871 
3 850 860 880 
3 870 859 872 
3 879 865 869 
3 884 867 858 
3 885 869 867 
3 847 863 891 
3 864 879 890 
3 862 877 878 
2 844 891 
3 875 866 880 
3 882 875 883 
3 890 874 870 
3 877 868 883 
4 887 855 782 824 
3 888 884 878 
4 878 880 861 886 
3 885 871 882 
3 889 872 884 
3 894 883 887 
3 898 886 881 
3 892 882 895 
3 893 885 892 
3 893 874 879 
4 876 873 893 899 
3 889 888 897 
4 891 890 889 899 
3 896 895 886 
3 896 888 894 
3 898 895 894 
3 899 892 898 
4 899 897 896 887 
4 891 893 897 898 
