900
0 14 30640
1 138 27190
2 142 39154
3 174 29170
4 260 45228
5 470 53206
6 600 45672
7 606 32932
8 680 15660
9 752 31734
10 756 28916
11 794 2976
12 920 30644
13 928 35922
14 1058 5038
15 1076 10486
16 1190 6306
17 1236 18002
18 1248 33064
19 1344 21452
20 1360 38926
21 1488 392
22 1508 48112
23 1598 47714
24 1630 21922
25 1678 37218
26 1828 31136
27 1922 15608
28 1926 2520
29 1968 1664
30 2006 32824
31 2054 37526
32 2092 17056
33 2222 21420
34 2430 35216
35 2432 49282
36 2452 28678
37 2504 41128
38 2528 9142
39 2534 47902
40 2720 9708
41 2720 14410
42 2810 29988
43 2926 14524
44 2988 42888
45 3002 4986
46 3052 5760
47 3080 48580
48 3090 2054
49 3222 21276
50 3222 40554
51 3306 12964
52 3354 18712
53 3390 25278
54 3510 47156
55 3620 25902
56 3676 45870
57 3734 27262
58 3834 20162
59 3882 20068
60 3888 34212
61 3970 27298
62 4170 46200
63 4218 44546
64 4332 16708
65 4372 30118
66 4382 27562
67 4418 46044
68 4432 39648
69 4504 39666
70 4572 7100
71 4592 33044
72 4644 36954
73 4714 34252
74 4732 19230
75 4740 19010
76 4818 22124
77 4846 1664
78 4922 1616
79 5076 40292
80 5082 2530
81 5104 14932
82 5122 29292
83 5184 41566
84 5214 24154
85 5240 21022
86 5320 8012
87 5392 11372
88 5438 39922
89 5460 10170
90 5496 7238
91 5662 34872
92 5686 21664
93 5768 52304
94 5870 37298
95 5886 28680
96 5920 50374
97 5924 45534
98 5956 43020
99 5964 45852
100 6014 36694
101 6052 31936
102 6176 4794
103 6190 32706
104 6212 2266
105 6300 10796
106 6368 37306
107 6514 11152
108 6566 17628
109 6568 9254
110 6620 13472
111 6730 21740
112 6738 13640
113 6754 22634
114 7008 7016
115 7026 39512
116 7060 41098
117 7132 25352
118 7162 42404
119 7166 15008
120 7238 32884
121 7342 39570
122 7344 31244
123 7346 1620
124 7472 4436
125 7542 23044
126 7564 42326
127 7662 37200
128 7738 4212
129 7974 3370
130 8080 39508
131 8100 27020
132 8152 7090
133 8158 2504
134 8196 29490
135 8290 26608
136 8324 48904
137 8336 6862
138 8378 40516
139 8436 37652
140 8452 12262
141 8624 26684
142 8636 3832
143 8690 14236
144 8858 52260
145 8872 742
146 8974 22898
147 9006 35502
148 9014 50146
149 9048 44104
150 9076 14766
151 9098 38554
152 9282 48804
153 9402 31960
154 9622 43756
155 9634 41104
156 9648 51596
157 9698 41472
158 9706 1386
159 9764 48074
160 9878 19880
161 9888 10858
162 9914 24958
163 9968 8112
164 10036 34104
165 10084 25948
166 10138 40046
167 10142 40120
168 10186 42422
169 10270 48788
170 10332 40614
171 10568 31426
172 10576 46956
173 10586 6648
174 10760 39576
175 10768 38002
176 10862 50640
177 10866 38274
178 10960 24870
179 10988 26548
180 11078 4678
181 11078 9330
182 11306 43092
183 11374 47786
184 11404 11442
185 11484 20888
186 11494 3026
187 11582 7594
188 11594 9348
189 11606 5198
190 11876 16876
191 11890 46610
192 11918 1790
193 11946 4774
194 11948 42024
195 12150 20740
196 12190 31004
197 12200 42210
198 12218 28936
199 12244 7118
200 12296 39996
201 12300 39690
202 12342 50720
203 12558 39826
204 12754 7332
205 12784 49156
206 12824 16766
207 12854 1292
208 12870 35554
209 13150 32118
210 13244 12398
211 13282 41404
212 13322 23212
213 13402 41148
214 13506 14062
215 13566 20952
216 13634 45800
217 13696 53832
218 13832 3392
219 13880 8664
220 13912 9074
221 14032 50752
222 14046 14484
223 14168 35348
224 14198 41990
225 14364 41348
226 14454 4468
227 14484 48600
228 14508 46762
229 14520 24166
230 14524 32058
231 14698 46064
232 14720 7098
233 14790 25050
234 14892 31232
235 14902 11102
236 14962 40248
237 14982 10682
238 15008 50730
239 15030 36512
240 15040 49700
241 15068 9782
242 15068 50872
243 15094 18674
244 15124 47084
245 15150 41294
246 15182 13676
247 15206 9704
248 15218 24792
249 15290 36490
250 15294 31338
251 15394 45512
252 15502 25744
253 15524 36770
254 15602 16124
255 15616 20954
256 15618 31078
257 15762 13310
258 15814 50584
259 15866 18758
260 15982 24026
261 16028 26232
262 16100 12448
263 16100 51838
264 16134 24168
265 16164 202
266 16212 28408
267 16214 42010
268 16234 9320
269 16258 41576
270 16514 26906
271 16536 33946
272 16660 30272
273 16746 30574
274 16778 39254
275 16810 21108
276 16822 35304
277 16852 36966
278 16942 30686
279 17002 18098
280 17010 47512
281 17170 53692
282 17182 43102
283 17374 25216
284 17468 14660
285 17542 9172
286 17588 24936
287 17618 5562
288 17682 372
289 17758 50618
290 17770 26052
291 17800 9374
292 17802 19892
293 17836 41198
294 17906 20882
295 17932 30310
296 17954 42856
297 17956 43612
298 17996 35818
299 18002 34794
300 18110 49876
301 18140 8448
302 18146 2294
303 18162 3070
304 18194 16012
305 18334 24482
306 18342 4386
307 18528 32524
308 18578 31332
309 18626 51592
310 18678 1072
311 18702 29892
312 18766 12148
313 18784 17308
314 18814 11216
315 18830 31846
316 18836 32558
317 19028 35264
318 19046 22936
319 19058 22108
320 19198 42094
321 19284 13660
322 19296 3302
323 19302 33884
324 19344 47434
325 19392 11734
326 19400 6926
327 19514 40202
328 19580 50620
329 19592 14146
330 19694 40520
331 19710 17916
332 19754 37814
333 19814 53492
334 19832 12436
335 19890 27122
336 19908 11350
337 19924 19752
338 19976 20200
339 20074 10946
340 20138 39110
341 20224 27498
342 20232 32154
343 20248 3668
344 20320 42914
345 20328 29138
346 20460 46076
347 20468 46096
348 20470 52056
349 20476 41758
350 20620 19910
351 20764 27602
352 20878 36490
353 20894 12534
354 20908 19384
355 21016 14358
356 21122 37956
357 21190 41010
358 21212 10448
359 21216 2784
360 21306 25414
361 21352 46178
362 21386 52356
363 21424 5854
364 21480 42376
365 21508 13996
366 21592 49878
367 21762 30756
368 21792 27206
369 21842 29594
370 21844 11352
371 21862 50504
372 21882 24164
373 21984 5902
374 22072 33450
375 22170 18600
376 22210 19540
377 22242 42018
378 22320 688
379 22348 14772
380 22370 43170
381 22554 36696
382 22582 38478
383 22588 12788
384 22726 1936
385 22926 8752
386 22976 38002
387 23064 18556
388 23134 50660
389 23202 33828
390 23298 34914
391 23360 5752
392 23366 45314
393 23388 24554
394 23454 14156
395 23724 6390
396 23726 7936
397 23830 30630
398 23842 12878
399 24062 38454
400 24192 8002
401 24192 20890
402 24228 38932
403 24252 5832
404 24342 34156
405 24382 11314
406 24428 43756
407 24484 16064
408 24568 19034
409 24642 44424
410 24654 8860
411 24706 24368
412 24816 27102
413 24856 12566
414 24892 42376
415 24984 24956
416 25056 20902
417 25080 12090
418 25104 31152
419 25124 35760
420 25372 11068
421 25424 33274
422 25448 7252
423 25460 37182
424 25504 17618
425 25622 50942
426 25626 48570
427 25712 16162
428 25724 17930
429 25768 18956
430 25820 52852
431 25854 26080
432 25966 7880
433 25988 24146
434 26050 51828
435 26066 39374
436 26130 12016
437 26130 34640
438 26136 47184
439 26240 26312
440 26264 15624
441 26400 5328
442 26580 11804
443 26582 49050
444 26634 28726
445 26754 36468
446 26808 16210
447 26978 36748
448 27104 8864
449 27200 49364
450 27224 582
451 27228 53438
452 27268 9632
453 27292 39014
454 27392 648
455 27398 7830
456 27522 27842
457 27554 49032
458 27672 22564
459 27684 34984
460 27702 29248
461 28008 41522
462 28080 38594
463 28122 42444
464 28226 30650
465 28270 51444
466 28286 19204
467 28384 51294
468 28388 48832
469 28422 23828
470 28488 12628
471 28502 21304
472 28674 8174
473 28796 14882
474 28806 14762
475 28820 23674
476 28860 3036
477 28942 35848
478 28952 29154
479 28974 38796
480 29042 4148
481 29062 49462
482 29146 15676
483 29194 20312
484 29354 27412
485 29418 1862
486 29526 3442
487 29548 32700
488 29634 3654
489 29654 25070
490 29678 45634
491 29712 5330
492 29788 33936
493 29846 9606
494 29888 15628
495 29896 46494
496 29902 41618
497 29916 30536
498 29922 22270
499 30006 29240
500 30176 18202
501 30376 47624
502 30382 15600
503 30418 47392
504 30430 45158
505 30494 14374
506 30526 38412
507 30618 20338
508 30724 10000
509 30742 34750
510 30762 19140
511 30940 7172
512 31086 51132
513 31108 21856
514 31118 6864
515 31122 8736
516 31150 29742
517 31176 15446
518 31188 33764
519 31244 49360
520 31248 15222
521 31258 36104
522 31272 35330
523 31298 15056
524 31322 49538
525 31334 29244
526 31350 32746
527 31446 2048
528 31448 25952
529 31630 43020
530 31730 240
531 31748 44036
532 31916 49074
533 31958 53522
534 32184 48828
535 32248 19946
536 32328 32908
537 32402 48906
538 32464 20356
539 32512 10132
540 32514 31932
541 32542 15864
542 32588 11964
543 32692 18930
544 32856 29652
545 32886 2360
546 32952 51466
547 33318 7766
548 33350 3370
549 33366 3434
550 33374 4676
551 33654 8206
552 33902 7624
553 33978 3764
554 34006 27184
555 34100 43892
556 34184 6150
557 34220 50838
558 34304 17980
559 34340 29914
560 34374 19724
561 34458 22656
562 34556 10338
563 34610 23120
564 34816 19950
565 34834 39458
566 34958 36590
567 34994 13110
568 35012 24152
569 35106 45444
570 35290 48702
571 35316 998
572 35324 562
573 35458 4828
574 35460 43324
575 35468 23454
576 35472 19280
577 35508 2756
578 35510 49954
579 35560 32080
580 35578 51680
581 35692 8458
582 35724 37444
583 35810 31640
584 35816 27734
585 35900 25264
586 35964 13996
587 36064 20420
588 36072 7690
589 36096 18110
590 36124 23892
591 36344 19648
592 36410 47634
593 36416 8938
594 36430 44658
595 36434 50014
596 36678 13622
597 36684 44732
598 36688 31532
599 36754 10660
600 36820 28772
601 36844 30616
602 36886 31502
603 36960 32198
604 36986 48428
605 37082 21256
606 37154 22990
607 37256 47026
608 37330 42098
609 37438 1158
610 37450 34228
611 37458 15790
612 37478 12786
613 37488 14678
614 37490 29096
615 37818 51014
616 37830 16978
617 37864 29862
618 37900 6702
619 37980 20254
620 37988 33136
621 37992 1160
622 38036 22002
623 38042 39912
624 38076 8836
625 38084 7712
626 38090 25536
627 38130 53108
628 38136 8320
629 38200 40972
630 38258 4226
631 38412 1238
632 38414 50914
633 38560 19642
634 38624 24008
635 38706 15200
636 38714 9912
637 38742 42172
638 38804 44820
639 38814 53976
640 38900 47266
641 38972 13532
642 38982 20758
643 39124 45180
644 39132 12680
645 39348 34068
646 39396 20538
647 39432 27752
648 39468 40516
649 39478 50930
650 39616 17356
651 39620 41044
652 39640 24886
653 39644 28646
654 39704 40130
655 39712 49386
656 39800 38682
657 39800 45874
658 39974 22706
659 39998 3664
660 40146 18864
661 40196 39934
662 40218 25576
663 40244 21506
664 40320 17978
665 40342 27100
666 40486 4690
667 40510 3658
668 40528 21534
669 40618 3046
670 40702 26544
671 40704 39888
672 40748 38638
673 40760 41866
674 40848 33728
675 41012 5146
676 41074 25428
677 41080 24554
678 41270 30054
679 41320 48724
680 41414 49762
681 41432 20344
682 41442 29664
683 41534 3920
684 41628 14952
685 41694 26762
686 41738 10348
687 41786 5214
688 41872 52970
689 41940 16434
690 41950 16028
691 42038 35556
692 42056 45430
693 42062 35214
694 42068 49832
695 42104 14716
696 42116 50070
697 42138 36156
698 42316 24830
699 42344 29788
700 42440 23472
701 42458 46076
702 42460 8704
703 42510 2874
704 42518 36020
705 42534 44012
706 42572 37338
707 42586 6906
708 42644 42050
709 42798 10042
710 42848 1174
711 42880 13382
712 42958 18978
713 42992 42688
714 42996 52510
715 43036 9630
716 43076 6858
717 43088 10006
718 43100 27086
719 43132 4212
720 43142 20486
721 43168 28642
722 43292 44334
723 43394 18192
724 43404 43474
725 43434 52746
726 43448 13960
727 43474 25070
728 43518 20664
729 43574 14678
730 43604 40380
731 43668 18738
732 43886 45504
733 43900 3482
734 43916 52714
735 43928 13516
736 43966 14678
737 43976 51048
738 44150 48224
739 44196 43788
740 44246 36918
741 44292 48686
742 44420 1620
743 44528 7534
744 44598 37428
745 44604 37978
746 44618 22456
747 44644 33938
748 44720 48514
749 44888 18334
750 44956 4708
751 45070 1430
752 45086 15006
753 45130 44170
754 45162 39422
755 45180 17266
756 45372 1114
757 45408 50398
758 45426 12896
759 45568 42520
760 45744 25220
761 45822 38310
762 45888 26234
763 45932 32394
764 45996 40854
765 46110 10612
766 46112 8294
767 46118 10364
768 46208 19492
769 46280 22260
770 46296 23594
771 46338 30554
772 46362 34696
773 46450 13466
774 46474 22284
775 46540 11494
776 46552 10096
777 46558 5556
778 46572 872
779 46624 29396
780 46644 9702
781 46668 6610
782 46700 21474
783 46738 39862
784 46752 20944
785 46758 648
786 46766 15600
787 46812 47482
788 46886 22012
789 46962 19498
790 46980 46280
791 47006 12750
792 47006 17602
793 47024 49056
794 47062 11492
795 47202 14192
796 47204 35178
797 47206 15664
798 47284 44794
799 47294 34316
800 47370 24966
801 47374 11732
802 47414 49454
803 47538 23416
804 47590 15080
805 47612 50920
806 47660 27480
807 47674 28880
808 47680 15700
809 47710 30850
810 47710 48382
811 47756 20948
812 47780 28792
813 47992 40874
814 48036 6400
815 48050 22348
816 48128 23458
817 48278 51688
818 48364 37914
819 48424 40520
820 48676 36476
821 48696 25810
822 48726 20170
823 48774 2570
824 48802 51764
825 48894 6790
826 48946 34900
827 49088 18836
828 49232 27568
829 49262 8796
830 49414 50956
831 49428 50806
832 49578 7552
833 49646 39678
834 49710 15492
835 49734 28860
836 49740 86
837 49750 32616
838 49782 22410
839 49908 3200
840 50136 47970
841 50210 14004
842 50226 15072
843 50234 11858
844 50254 41482
845 50324 27448
846 50330 52122
847 50426 29730
848 50464 7610
849 50740 29466
850 50778 44
851 50832 36014
852 50882 24538
853 51068 23980
854 51244 42538
855 51288 12074
856 51298 32632
857 51336 43384
858 51374 49606
859 51378 3970
860 51394 32058
861 51516 33858
862 51588 380
863 51596 33202
864 51596 52322
865 51614 52168
866 51734 42734
867 51778 15028
868 51780 36420
869 51780 37852
870 51970 4932
871 51984 3034
872 52120 45094
873 52178 19822
874 52240 12676
875 52414 18782
876 52548 25658
877 52588 42088
878 52594 6068
879 52596 23432
880 52614 25524
881 52734 29848
882 52912 18820
883 53012 36574
884 53114 37782
885 53202 34394
886 53212 4522
887 53228 23502
888 53256 10862
889 53492 21630
890 53526 38886
891 53596 37780
892 53644 19584
893 53658 28822
894 53694 53342
895 53734 25006
896 53738 49064
897 53758 35136
898 53766 17094
899 53946 53730
5 7 2 11 1 3 
3 0 11 8 
3 6 4 0 
3 0 15 10 
2 5 2 
7 217 4 6 22 35 96 93 
3 5 2 13 
3 13 0 9 
3 1 14 16 
3 7 10 12 
3 9 3 17 
4 14 1 0 21 
3 18 9 19 
3 20 6 7 
4 16 8 11 28 
4 27 17 3 16 
4 38 15 8 14 
3 19 10 15 
3 25 12 26 
3 24 12 17 
3 22 13 25 
6 145 78 29 11 265 288 
3 5 20 23 
3 39 22 37 
3 36 19 33 
3 31 20 18 
3 30 18 36 
3 32 15 41 
3 38 14 29 
3 48 28 21 
3 34 31 26 
3 37 25 30 
3 52 33 27 
3 24 32 49 
3 50 30 42 
3 5 39 47 
3 42 26 24 
3 44 23 31 
3 40 16 28 
3 35 23 44 
3 41 38 45 
3 43 27 40 
3 34 36 53 
3 52 41 51 
3 39 37 50 
3 46 40 48 
3 70 51 45 
3 35 54 99 
3 45 29 77 
3 53 33 58 
3 44 34 60 
3 64 43 46 
3 59 32 43 
3 55 42 49 
3 47 56 62 
3 57 53 58 
3 54 68 63 
3 61 60 55 
3 55 49 59 
3 58 52 74 
3 50 57 65 
3 66 57 76 
3 54 63 67 
4 62 56 83 98 
3 75 51 81 
3 71 60 66 
3 65 61 84 
3 62 126 97 
3 69 56 71 
3 79 68 72 
3 86 46 77 
3 73 68 65 
3 69 73 91 
3 72 71 82 
3 76 59 75 
3 85 74 64 
3 61 74 85 
4 80 70 48 78 
3 123 77 21 
3 83 69 88 
3 90 77 104 
3 64 87 110 
3 73 84 95 
3 63 79 116 
3 82 66 92 
3 92 76 75 
3 89 70 90 
3 81 89 105 
3 79 94 115 
3 87 86 109 
3 86 80 102 
3 94 72 101 
3 84 85 108 
3 5 156 144 
3 88 91 100 
3 101 82 113 
3 5 136 148 
3 99 67 149 
3 63 116 118 
3 136 47 97 
3 106 94 103 
3 103 91 95 
3 90 104 124 
3 120 100 101 
3 102 80 123 
3 107 87 109 
3 115 100 127 
3 110 105 132 
3 111 92 112 
3 105 89 114 
3 112 81 107 
3 125 113 108 
4 119 108 110 140 
3 117 95 111 
3 132 109 124 
3 121 88 106 
3 98 83 138 
3 131 122 113 
3 98 155 126 
3 146 112 143 
3 127 103 122 
3 138 115 130 
3 120 117 134 
4 133 104 78 158 
3 114 102 128 
3 135 111 146 
3 67 118 157 
3 139 106 120 
3 137 124 129 
3 142 128 133 
3 166 121 151 
3 134 117 135 
3 107 114 137 
3 186 129 123 
3 153 122 131 
3 141 131 125 
4 96 99 159 152 
3 163 132 128 
3 116 121 167 
3 151 127 147 
3 143 112 161 
3 171 135 165 
3 180 173 129 
3 150 119 140 
3 281 93 156 
4 310 207 158 21 
3 162 125 119 
3 139 153 164 
3 176 96 240 
3 172 97 154 
3 190 160 143 
3 130 139 175 
3 136 183 169 
3 147 134 171 
3 149 168 182 
3 157 118 170 
3 144 93 176 
3 168 126 155 
3 192 123 145 
3 136 172 183 
3 178 162 150 
4 184 140 163 181 
3 165 146 160 
3 161 137 173 
3 175 147 171 
3 179 141 162 
3 167 130 174 
3 170 138 166 
3 154 157 194 
3 205 152 227 
3 155 167 200 
4 164 153 141 196 
3 159 149 191 
3 187 163 142 
3 201 166 177 
3 177 151 164 
3 202 156 148 
3 174 175 208 
3 179 160 185 
3 198 165 178 
3 193 189 142 
3 188 161 187 
3 216 154 197 
3 152 159 244 
3 210 161 241 
3 178 190 195 
3 218 133 192 
3 181 173 199 
3 247 181 220 
3 232 199 180 
3 185 150 206 
3 228 172 216 
3 302 186 158 
3 287 180 226 
3 197 168 211 
3 215 185 206 
3 209 171 198 
3 182 194 224 
3 196 179 212 
3 204 187 189 
3 213 170 203 
3 203 174 239 
3 221 263 176 
3 236 200 201 
3 219 199 232 
3 240 169 443 
3 195 190 214 
3 384 302 145 
3 177 209 223 
3 208 196 233 
3 214 184 235 
3 224 194 213 
3 229 198 215 
3 225 211 200 
3 222 206 210 
3 212 195 243 
3 231 191 182 
3 639 5 281 
3 226 186 303 
3 220 204 301 
3 268 188 219 
3 242 202 238 
3 254 214 246 
3 239 208 230 
3 282 197 211 
3 267 213 245 
3 193 218 306 
3 169 280 426 
3 244 191 231 
3 233 212 255 
3 223 248 234 
3 228 216 251 
3 204 189 326 
3 209 229 248 
3 250 230 252 
3 246 210 237 
3 245 203 274 
3 262 235 241 
3 242 221 258 
3 201 223 249 
3 300 148 205 
3 237 184 247 
3 309 221 238 
3 259 215 254 
3 280 183 228 
3 269 225 236 
3 222 235 257 
3 241 188 268 
4 252 230 233 260 
3 253 239 276 
3 271 234 256 
3 231 282 297 
3 261 234 248 
3 277 274 249 
3 243 222 284 
3 229 259 279 
3 250 266 272 
3 246 262 312 
3 289 238 300 
3 255 243 284 
3 264 248 275 
3 270 252 264 
3 257 237 314 
3 362 333 202 
3 283 261 260 
2 21 850 
3 256 270 290 
3 296 225 269 
3 247 220 285 
3 267 245 293 
3 266 261 283 
3 276 250 273 
3 273 256 341 
3 278 271 272 
3 327 236 253 
3 260 304 292 
3 249 271 299 
3 332 253 298 
3 307 273 295 
3 255 325 304 
3 227 244 324 
4 217 144 333 533 
3 251 224 296 
3 270 264 286 
3 259 254 312 
3 291 268 301 
3 283 294 305 
3 363 326 193 
3 378 21 530 
3 328 309 258 
3 335 266 305 
3 314 285 385 
3 294 275 313 
3 320 269 330 
3 319 286 292 
3 308 278 311 
4 344 297 282 267 
3 346 251 296 
3 277 299 317 
3 298 276 307 
3 366 258 240 
3 285 219 396 
3 359 192 207 
3 322 218 359 
3 275 279 321 
3 290 286 318 
3 363 226 343 
3 316 299 278 
3 342 315 295 
3 348 242 289 
3 384 145 378 
3 295 351 345 
3 284 257 325 
3 331 292 329 
3 262 291 339 
3 381 316 308 
3 323 307 315 
3 332 298 323 
3 305 319 350 
3 318 294 338 
3 344 293 349 
3 329 304 334 
3 480 343 303 
3 352 317 316 
3 426 280 347 
3 279 312 336 
3 396 232 287 
3 330 274 340 
3 388 289 371 
3 355 313 321 
3 349 293 327 
3 337 313 355 
3 340 277 317 
3 281 263 451 
3 353 321 336 
3 341 290 360 
3 334 325 339 
3 338 331 354 
3 319 337 350 
3 336 314 358 
3 357 327 332 
3 351 272 335 
3 374 308 367 
4 441 391 306 322 
3 380 296 320 
3 369 311 368 
3 347 297 392 
3 361 324 346 
3 362 309 434 
3 364 320 330 
3 318 338 354 
3 311 341 368 
3 382 356 323 
3 383 334 370 
3 350 337 375 
3 331 329 365 
3 377 357 352 
3 364 340 356 
3 370 339 410 
3 486 303 302 
3 335 372 393 
3 495 438 347 
3 430 263 348 
3 373 287 306 
3 380 349 357 
3 379 355 383 
3 371 300 449 
4 421 342 369 397 
3 345 351 415 
3 367 345 412 
3 353 358 405 
3 388 328 366 
3 360 376 401 
3 395 363 391 
3 389 390 342 
3 376 354 379 
3 372 375 387 
3 380 356 382 
3 310 288 450 
3 375 365 394 
4 406 344 364 377 
3 386 315 390 
3 377 352 386 
3 398 365 353 
3 476 207 310 
3 410 291 400 
3 399 382 381 
3 408 376 407 
3 425 328 371 
3 404 419 374 
3 419 381 374 
3 403 373 343 
3 490 346 409 
3 360 458 411 
3 407 379 398 
3 422 373 403 
3 400 301 326 
3 418 367 444 
3 394 383 413 
3 402 386 423 
3 385 396 432 
3 416 372 408 
3 435 414 399 
3 395 391 441 
3 437 445 389 
3 417 370 420 
3 409 380 414 
3 427 387 394 
3 401 387 424 
3 392 406 531 
3 448 358 385 
3 415 393 433 
3 444 369 431 
3 440 398 417 
3 463 406 402 
3 431 368 411 
3 471 401 429 
3 413 405 436 
3 492 397 464 
4 447 423 390 389 
3 442 405 452 
3 521 459 367 
3 455 432 395 
3 462 399 419 
3 428 408 427 
3 467 388 481 
3 468 227 324 
3 424 407 440 
3 429 424 446 
3 466 416 428 
3 451 362 434 
3 439 412 415 
3 400 422 455 
3 411 498 469 
3 430 348 465 
3 461 402 453 
3 474 417 442 
3 459 506 404 
3 501 534 361 
3 456 431 469 
3 446 427 413 
3 491 403 343 
3 470 436 420 
3 449 205 457 
3 460 397 412 
3 506 447 404 
3 428 440 473 
3 479 419 445 
3 452 410 472 
3 481 366 443 
3 454 378 530 
3 533 333 430 
3 420 448 493 
3 496 435 462 
3 485 450 572 
3 472 432 422 
3 478 460 439 
3 519 443 468 
3 393 471 498 
3 477 437 421 
3 464 444 456 
3 496 463 435 
3 479 453 423 
3 529 414 461 
3 487 418 460 
3 546 434 467 
3 483 429 500 
3 465 425 512 
3 532 457 426 
3 439 433 475 
3 505 442 542 
3 458 416 483 
4 493 448 455 511 
3 482 446 474 
3 494 473 436 
3 489 469 498 
3 486 384 485 
3 565 608 459 
3 497 456 484 
3 574 462 447 
3 491 322 488 
3 524 425 449 
3 535 500 473 
3 507 471 466 
3 499 478 489 
3 527 476 454 
4 550 488 359 476 
3 518 492 464 
4 556 552 480 486 
3 528 484 475 
3 495 392 504 
3 514 441 480 
3 509 418 487 
3 508 452 472 
3 543 474 502 
3 503 361 490 
3 529 461 453 
3 526 478 499 
4 475 433 458 513 
3 516 497 484 
3 510 466 482 
3 534 438 503 
3 560 494 517 
3 592 501 495 
3 569 490 531 
3 523 520 470 
3 638 445 437 
3 513 483 510 
3 542 493 515 
3 582 522 492 
3 538 507 500 
3 515 472 514 
3 546 467 557 
3 563 498 507 
3 547 511 491 
3 539 508 511 
3 540 499 525 
3 587 502 520 
3 566 487 526 
3 524 457 532 
3 576 517 505 
3 623 421 522 
3 654 521 509 
3 541 558 505 
3 578 481 519 
3 544 516 528 
3 536 518 497 
3 545 485 571 
3 554 525 489 
3 555 463 496 
3 450 288 850 
3 504 409 555 
3 519 468 537 
4 899 281 451 627 
3 537 438 501 
3 538 482 543 
3 610 526 540 
3 532 534 570 
3 561 510 535 
3 562 567 515 
3 579 536 516 
3 589 619 523 
3 567 470 508 
3 560 535 494 
3 559 583 525 
3 577 548 527 
3 580 465 512 
3 551 514 552 
3 630 549 545 
3 553 550 548 
3 556 486 549 
3 599 562 547 
3 581 547 488 
3 675 573 549 
3 584 559 528 
4 594 569 531 529 
3 588 488 550 
3 615 512 578 
3 591 576 523 
3 598 544 554 
3 564 543 502 
3 575 563 538 
3 612 539 551 
3 568 513 561 
3 587 606 560 
3 629 637 477 
3 656 582 518 
3 586 542 539 
3 585 584 563 
3 607 504 555 
3 595 537 604 
3 609 527 572 
3 571 454 836 
3 707 618 553 
3 643 597 479 
3 590 585 561 
3 622 520 558 
3 659 545 609 
3 595 557 524 
3 620 540 583 
3 714 546 615 
3 593 552 588 
3 661 509 566 
3 603 579 544 
3 601 554 568 
3 600 568 575 
3 611 567 596 
3 605 564 517 
3 624 581 556 
3 633 642 541 
3 626 575 606 
3 619 658 558 
3 604 503 607 
3 636 729 581 
3 597 640 555 
3 632 578 570 
3 613 586 612 
3 679 594 574 
3 603 559 602 
3 729 644 551 
3 614 601 585 
4 602 584 600 617 
3 674 598 601 
3 620 583 598 
3 655 570 592 
3 622 634 587 
3 634 590 564 
3 640 592 569 
3 692 701 477 
3 621 577 571 
3 697 536 645 
3 616 586 613 
3 641 596 562 
3 635 611 596 
3 617 600 653 
3 580 557 632 
3 646 633 611 
3 674 601 614 
3 702 625 573 
3 642 591 541 
3 645 579 603 
3 631 609 785 
3 677 605 576 
3 648 651 521 
3 636 588 628 
3 709 628 618 
3 665 647 590 
3 533 725 688 
3 686 624 625 
3 673 724 565 
3 666 548 659 
3 669 621 710 
3 649 615 595 
3 646 589 616 
3 652 606 605 
3 689 650 613 
3 711 593 624 
3 705 692 565 
3 738 643 506 
2 217 899 
3 680 607 594 
3 684 612 644 
3 663 619 589 
3 657 574 638 
3 695 641 599 
3 691 610 620 
3 663 633 616 
3 678 653 626 
3 651 623 654 
3 737 632 655 
3 664 660 635 
3 673 623 648 
3 676 662 634 
3 740 614 647 
3 648 522 661 
3 680 649 604 
3 671 566 672 
3 741 679 643 
3 677 591 663 
3 630 577 667 
3 681 668 650 
3 654 582 671 
3 685 670 652 
4 668 658 642 646 
3 712 720 650 
3 682 626 670 
3 687 630 683 
3 683 659 669 
3 700 663 660 
3 667 631 703 
3 699 665 662 
3 708 661 656 
3 730 656 706 
3 713 629 651 
3 693 602 617 
3 687 716 553 
3 685 652 677 
4 698 676 622 658 
3 740 647 682 
3 694 597 657 
3 696 655 640 
3 720 700 660 
3 699 678 665 
3 719 666 667 
3 690 641 695 
3 721 662 676 
3 711 628 709 
3 781 675 666 
3 894 627 734 
3 723 635 690 
3 749 689 684 
3 704 645 693 
3 793 608 637 
3 740 691 674 
3 757 696 679 
3 684 644 729 
3 737 680 694 
3 706 610 704 
3 727 718 677 
3 747 682 670 
3 727 668 681 
3 802 748 608 
3 715 618 707 
3 719 669 742 
3 744 697 691 
3 722 732 637 
3 745 672 697 
3 702 573 716 
3 713 671 730 
3 686 625 717 
3 742 631 756 
3 726 636 686 
3 728 664 731 
3 739 673 708 
3 725 580 817 
3 767 717 702 
3 743 707 675 
3 735 709 715 
3 771 721 698 
4 750 683 703 733 
3 728 681 664 
3 763 685 718 
3 787 705 724 
3 782 731 689 
3 739 722 629 
3 627 714 734 
3 736 711 735 
3 762 698 700 
3 746 720 712 
4 736 695 599 593 
3 708 672 754 
3 769 712 723 
3 831 793 705 
3 750 719 751 
3 688 725 846 
3 726 717 758 
3 752 729 726 
3 817 649 696 
3 748 741 638 
3 753 724 713 
4 744 693 653 678 
3 757 657 738 
3 703 710 751 
3 766 716 781 
3 761 704 740 
3 761 754 706 
3 760 728 769 
3 772 761 699 
3 805 738 701 
3 768 690 755 
3 777 719 733 
3 733 742 756 
3 755 736 758 
3 790 739 759 
3 764 730 745 
4 749 752 773 786 
3 751 710 778 
3 805 694 741 
3 752 735 765 
3 753 764 813 
3 762 746 770 
4 783 745 744 747 
3 779 727 760 
3 772 721 771 
3 759 754 783 
3 775 758 767 
3 780 743 832 
3 765 715 776 
3 784 749 792 
3 774 746 731 
3 800 760 774 
3 763 718 779 
3 796 747 763 
3 755 775 791 
3 770 769 788 
3 773 765 794 
3 794 767 780 
3 814 750 823 
3 823 756 785 
4 771 762 806 807 
3 776 766 829 
3 743 687 814 
3 788 723 784 
3 819 764 761 
3 782 768 789 
3 778 621 836 
3 797 755 795 
3 810 722 790 
3 803 774 782 
3 811 784 792 
3 787 753 798 
3 795 773 801 
3 789 768 797 
3 802 692 732 
3 801 775 776 
3 804 786 791 
3 818 772 799 
4 808 792 786 804 
3 810 790 813 
3 796 807 809 
3 806 770 803 
3 791 794 829 
3 830 701 793 
3 816 800 788 
3 797 795 843 
3 824 757 748 
3 779 800 821 
3 799 779 812 
3 811 797 834 
3 826 799 812 
3 831 787 798 
3 815 789 808 
3 809 807 828 
3 798 759 819 
3 825 781 777 
3 816 811 822 
3 821 803 815 
3 824 714 737 
3 819 796 820 
4 813 783 818 833 
3 833 818 826 
3 828 806 816 
3 838 815 827 
3 839 777 778 
3 846 817 805 
3 832 814 839 
3 820 809 837 
3 822 834 842 
3 835 812 821 
3 801 780 848 
3 846 802 831 
4 830 732 810 840 
3 848 766 825 
3 844 819 820 
3 827 808 841 
3 847 837 828 
3 785 572 850 
3 851 826 835 
3 852 845 822 
3 859 825 823 
3 858 831 844 
3 842 834 843 
3 827 841 855 
3 841 804 848 
3 854 840 833 
3 849 847 838 
4 864 734 824 830 
3 856 835 845 
4 843 829 832 859 
3 860 856 845 
4 862 836 530 265 
3 869 866 837 
3 860 838 853 
3 876 852 873 
3 866 857 844 
3 867 842 870 
3 861 847 849 
3 872 858 854 
3 865 840 857 
3 848 839 871 
3 863 849 852 
3 868 856 863 
3 886 871 850 
3 861 860 876 
3 894 846 865 
3 894 864 858 
3 872 854 851 
3 875 873 855 
3 869 861 881 
3 877 851 868 
3 874 855 871 
4 878 870 859 862 
3 894 857 866 
3 879 853 867 
3 875 870 878 
3 879 867 874 
3 863 853 880 
3 894 869 883 
3 874 871 886 
4 880 873 875 882 
3 881 876 879 
3 883 868 880 
3 887 879 888 
3 884 877 881 
3 896 883 885 
3 890 884 887 
4 898 888 878 862 
3 885 882 889 
3 892 882 886 
3 893 887 892 
3 896 885 891 
4 899 890 893 897 
4 893 889 888 898 
4 891 889 892 895 
6 899 688 864 865 872 877 
3 897 893 898 
3 899 884 890 
3 899 891 895 
4 899 895 892 886 
7 639 533 894 896 891 897 898 
