60
0 46 96
1 98 32
2 302 176
3 478 3204
4 552 990
5 554 2074
6 682 528
7 780 1546
8 828 3298
9 880 1010
10 946 304
11 974 730
12 1012 2026
13 1038 2392
14 1046 372
15 1200 1110
16 1220 156
17 1318 2910
18 1360 504
19 1396 2044
20 1460 1130
21 1532 3114
22 1544 770
23 1626 2362
24 1640 1170
25 1670 248
26 1846 910
27 1852 814
28 1854 924
29 1930 576
30 2040 474
31 2078 394
32 2090 1692
33 2186 2042
34 2222 502
35 2242 1194
36 2272 2436
37 2356 3466
38 2400 3358
39 2478 2048
40 2486 376
41 2546 1548
42 2568 1454
43 2602 1398
44 2648 3016
45 2666 3032
46 2682 592
47 2770 2762
48 2908 1764
49 2976 1010
50 3006 3176
51 3124 2568
52 3138 750
53 3186 2640
54 3254 1362
55 3294 0
56 3340 354
57 3406 272
58 3492 2344
59 3590 1756
3 4 3 1 
4 16 2 0 55 
3 10 6 1 
6 8 0 5 13 17 21 
4 9 5 0 6 
3 3 4 7 
3 11 4 2 
3 12 5 9 
2 37 3 
4 15 7 4 11 
3 30 14 2 
3 22 9 6 
3 13 7 15 
3 3 12 19 
3 18 22 10 
4 20 19 12 9 
3 57 25 1 
3 44 3 23 
3 29 27 14 
3 23 13 15 
3 24 15 28 
3 38 3 44 
3 26 11 14 
3 36 17 19 
3 35 32 20 
3 40 31 16 
3 28 22 27 
3 26 18 29 
3 35 20 26 
3 27 18 30 
3 34 29 10 
3 46 34 25 
3 33 24 42 
3 36 32 41 
3 46 30 31 
3 43 24 28 
4 47 23 33 39 
4 8 38 53 50 
3 37 21 45 
3 36 41 48 
3 46 25 56 
3 39 33 42 
3 41 32 43 
3 42 35 49 
4 45 21 17 47 
3 38 44 51 
4 52 34 31 40 
3 44 36 51 
3 51 39 49 
3 48 43 52 
2 37 58 
4 53 45 47 48 
4 54 49 46 56 
4 37 51 54 58 
3 59 53 52 
2 57 1 
3 52 40 57 
4 59 56 16 55 
3 50 53 59 
3 58 54 57 
