200
0 16 4664
1 116 3526
2 200 9772
3 392 4044
4 478 6166
5 630 2478
6 646 6462
7 850 5734
8 876 7200
9 920 1562
10 944 6192
11 958 4180
12 960 11310
13 1014 1984
14 1018 3942
15 1030 2002
16 1076 7624
17 1158 8512
18 1216 6418
19 1220 6344
20 1240 394
21 1254 8266
22 1314 8966
23 1420 4886
24 1446 8622
25 1472 10690
26 1514 10040
27 1520 9212
28 1600 11278
29 1648 888
30 1656 7690
31 1664 10090
32 1794 6166
33 1912 5344
34 2028 10210
35 2060 6006
36 2062 6014
37 2064 9142
38 2092 3682
39 2104 8576
40 2284 11862
41 2452 8976
42 2514 4426
43 2600 6364
44 2628 3756
45 2704 760
46 2704 2810
47 2780 6166
48 2820 1504
49 2822 10708
50 2964 6012
51 2972 11530
52 3012 6534
53 3078 2766
54 3084 3094
55 3084 3854
56 3094 10418
57 3100 11984
58 3158 6610
59 3226 5676
60 3430 6184
61 3856 9914
62 3866 996
63 3968 10998
64 4106 4524
65 4152 3490
66 4314 8346
67 4396 2608
68 4552 278
69 4566 1750
70 4638 1696
71 4682 4880
72 4734 1370
73 4818 2436
74 4856 2676
75 4930 4434
76 4936 2606
77 4954 9750
78 4988 10710
79 5044 4166
80 5052 1756
81 5062 9010
82 5076 1596
83 5076 6192
84 5266 3150
85 5270 7810
86 5322 5856
87 5338 10004
88 5376 8144
89 5378 5300
90 5450 5444
91 5504 158
92 5532 4878
93 5580 70
94 5696 6672
95 5834 9174
96 5880 1612
97 5974 1408
98 6096 8956
99 6098 10994
100 6134 2858
101 6134 11602
102 6170 4968
103 6186 1884
104 6196 3356
105 6234 1020
106 6312 5440
107 6438 6514
108 6612 10962
109 6734 1762
110 6756 3676
111 6762 1390
112 6850 7816
113 6972 78
114 7054 2354
115 7056 5262
116 7156 5706
117 7184 2064
118 7190 7178
119 7216 6088
120 7238 2458
121 7282 568
122 7310 2664
123 7418 2312
124 7430 3946
125 7586 1060
126 7712 10822
127 7744 1136
128 7892 4086
129 8048 6102
130 8074 280
131 8076 4112
132 8076 10242
133 8108 1744
134 8134 7382
135 8152 4396
136 8182 6738
137 8312 160
138 8320 1598
139 8328 7324
140 8342 9000
141 8408 7730
142 8478 8888
143 8486 11570
144 8492 7388
145 8516 4502
146 8614 9122
147 8680 11172
148 8736 1290
149 8738 5290
150 8744 4836
151 8818 3170
152 8862 3714
153 8912 522
154 8962 10728
155 9062 6138
156 9100 3004
157 9128 12000
158 9248 11506
159 9254 11696
160 9282 1706
161 9328 7078
162 9370 182
163 9392 8814
164 9398 10212
165 9402 2230
166 9600 9496
167 9646 6574
168 9654 3830
169 9702 612
170 9776 32
171 9796 1990
172 9812 1862
173 9886 10898
174 9902 8592
175 9918 1884
176 10008 2474
177 10032 7430
178 10096 1732
179 10098 2166
180 10114 6012
181 10174 9870
182 10338 56
183 10394 11712
184 10454 8018
185 10678 11332
186 10740 3288
187 10754 10560
188 10794 1192
189 10976 2858
190 11398 10368
191 11558 9132
192 11562 6996
193 11582 7758
194 11610 10546
195 11670 9958
196 11710 886
197 11802 3962
198 11802 11554
199 11946 1776
3 4 2 1 
4 3 0 20 5 
2 12 0 
3 11 7 1 
3 6 25 0 
3 1 9 13 
3 8 4 10 
3 19 10 3 
3 16 17 6 
3 13 5 20 
3 18 6 7 
3 23 3 14 
3 40 2 28 
3 15 5 9 
3 11 15 38 
3 14 13 29 
3 30 21 8 
3 22 25 8 
3 30 10 19 
3 18 7 32 
5 29 9 1 93 68 
3 24 22 16 
3 26 17 21 
4 33 35 11 42 
3 37 27 21 
3 28 4 17 
3 28 22 27 
3 31 26 24 
5 51 12 25 26 31 
3 15 20 45 
3 39 16 18 
3 34 28 27 
3 66 19 36 
3 59 47 23 
3 49 31 37 
3 52 36 23 
3 43 32 35 
3 34 24 39 
3 44 14 46 
3 41 37 30 
2 57 12 
3 61 56 39 
3 64 23 55 
3 52 66 36 
3 55 38 54 
3 48 29 68 
3 38 48 53 
3 58 33 50 
3 46 45 62 
3 51 34 56 
3 60 47 59 
3 57 28 49 
3 58 43 35 
3 54 46 69 
3 44 53 67 
3 42 44 65 
3 63 49 41 
5 157 40 51 63 101 
3 88 52 47 
3 50 33 71 
3 83 85 50 
3 78 41 77 
3 72 48 91 
3 57 56 78 
3 71 42 75 
3 55 74 84 
3 81 32 43 
3 74 54 73 
3 45 20 93 
3 80 53 70 
3 69 72 82 
3 89 59 64 
3 70 62 105 
3 76 67 80 
3 65 67 76 
3 92 64 79 
3 74 73 103 
3 87 61 81 
3 99 63 61 
3 75 84 104 
3 73 69 96 
3 95 77 66 
3 70 105 97 
3 94 60 86 
3 79 65 100 
3 112 88 60 
3 83 90 106 
3 126 108 77 
3 98 58 85 
3 90 71 92 
3 86 89 102 
3 121 62 93 
3 89 75 110 
5 113 91 68 20 170 
3 112 83 107 
3 126 81 98 
4 103 80 97 111 
3 96 82 130 
3 132 95 88 
3 101 78 108 
3 104 84 114 
3 57 99 143 
3 106 90 124 
3 76 96 109 
3 79 100 122 
3 82 72 121 
3 86 102 115 
3 118 94 119 
3 143 99 87 
3 117 103 111 
3 124 92 122 
3 109 96 125 
3 140 85 94 
3 137 93 170 
3 120 100 117 
3 116 106 128 
3 129 119 115 
3 114 109 133 
3 134 142 107 
3 136 107 116 
3 122 114 123 
3 105 91 130 
4 151 110 104 120 
3 120 133 165 
3 128 102 110 
3 127 111 153 
3 147 87 95 
3 148 138 125 
3 131 115 124 
3 136 116 135 
3 97 121 137 
3 135 128 151 
3 154 147 98 
3 123 117 138 
3 141 118 139 
3 145 129 131 
3 139 119 129 
3 162 130 113 
3 160 133 127 
3 144 134 136 
3 146 154 112 
3 163 142 134 
3 146 118 141 
3 159 101 108 
3 163 139 149 
3 150 135 152 
3 164 140 142 
3 158 126 132 
3 160 127 153 
3 155 144 150 
4 149 145 152 168 
3 131 122 156 
3 150 145 156 
3 148 125 162 
3 158 132 140 
3 167 161 149 
3 152 151 165 
4 57 159 183 198 
4 159 147 154 173 
4 157 143 158 185 
3 172 138 148 
3 174 163 155 
4 169 153 137 182 
4 166 141 144 161 
3 173 146 166 
3 156 123 171 
3 181 164 163 
3 177 155 180 
3 150 176 186 
3 188 178 162 
3 182 113 93 
3 176 165 172 
3 175 171 160 
3 158 164 187 
3 181 161 177 
3 179 172 178 
3 168 171 179 
3 184 174 167 
3 175 169 188 
3 189 176 175 
3 192 167 186 
3 187 166 174 
3 196 162 170 
3 157 185 198 
3 191 190 177 
3 183 159 194 
3 180 168 189 
3 173 181 190 
3 199 178 169 
3 186 179 199 
3 194 187 184 
3 194 184 193 
3 193 180 197 
3 195 191 192 
5 198 185 190 191 195 
4 198 194 193 197 
2 199 182 
3 195 192 199 
5 157 183 194 195 199 
5 198 197 189 188 196 
