1000
0 78 39042
1 94 59390
2 110 2760
3 170 9378
4 272 13270
5 316 1316
6 472 17364
7 532 47692
8 612 6978
9 776 58882
10 798 46292
11 882 30332
12 922 9072
13 954 43970
14 970 9388
15 1086 34114
16 1102 51354
17 1174 41122
18 1210 14574
19 1238 4948
20 1332 51044
21 1348 34264
22 1636 34544
23 1638 19812
24 1648 16068
25 1696 8978
26 1724 31798
27 1726 23760
28 1798 34816
29 1836 41950
30 1932 37856
31 1964 44540
32 2010 12560
33 2062 33514
34 2076 8440
35 2200 34530
36 2400 46796
37 2430 57864
38 2458 28284
39 2462 49612
40 2492 45010
41 2496 32028
42 2624 6488
43 2630 58040
44 2702 22596
45 2748 41518
46 2792 21162
47 2926 24260
48 2938 12820
49 2984 13108
50 3056 26090
51 3124 30978
52 3126 12662
53 3168 14616
54 3184 36544
55 3196 24340
56 3224 42472
57 3284 26770
58 3292 24790
59 3368 6444
60 3386 44508
61 3420 58356
62 3474 54220
63 3562 47830
64 3650 36142
65 3760 92
66 3828 11114
67 3952 17032
68 3992 9136
69 3998 9446
70 4060 14202
71 4180 51622
72 4360 31686
73 4530 18778
74 4590 30688
75 4772 46682
76 4848 14766
77 4874 56946
78 4906 3788
79 4932 19410
80 4934 57048
81 5028 31748
82 5094 45306
83 5260 22644
84 5262 56306
85 5280 33094
86 5288 51766
87 5366 51752
88 5374 18740
89 5498 34106
90 5550 47902
91 5560 9352
92 5586 10726
93 5638 10012
94 5670 1482
95 5874 37980
96 5892 31656
97 5916 34834
98 5944 51640
99 6138 42068
100 6176 48828
101 6198 33536
102 6228 32082
103 6244 31600
104 6312 28372
105 6314 20250
106 6390 21940
107 6470 7502
108 6534 53326
109 6654 47514
110 6726 53328
111 6740 2746
112 6788 920
113 6812 20230
114 6896 43962
115 6922 51890
116 6990 3516
117 7110 23106
118 7192 31114
119 7272 31692
120 7324 30358
121 7404 5130
122 7440 40024
123 7462 45110
124 7512 23218
125 7576 52684
126 7694 52328
127 7706 32864
128 7784 13326
129 7808 56978
130 7940 16428
131 7940 20592
132 8030 2308
133 8054 27742
134 8166 49106
135 8190 47202
136 8254 23368
137 8270 12390
138 8490 42708
139 8560 25988
140 8616 25810
141 8632 49982
142 8666 25376
143 8684 4498
144 8798 57390
145 8830 33446
146 8906 16926
147 9078 49824
148 9108 5350
149 9112 45774
150 9152 53402
151 9192 56012
152 9210 7586
153 9216 59982
154 9332 52984
155 9398 54226
156 9418 13384
157 9574 37540
158 9634 38286
159 9670 15924
160 9674 32616
161 9696 30314
162 9710 6378
163 9714 37644
164 9732 51338
165 9740 39928
166 9756 5524
167 9764 17156
168 9944 55724
169 10048 25878
170 10130 39004
171 10162 58842
172 10164 24250
173 10172 7816
174 10252 59814
175 10322 36930
176 10384 42918
177 10418 33334
178 10422 34180
179 10622 14014
180 10652 44676
181 10796 55284
182 10824 43298
183 10852 17122
184 10956 27140
185 11102 32672
186 11120 45042
187 11230 34288
188 11280 50824
189 11290 49282
190 11300 41928
191 11334 36500
192 11336 11972
193 11378 18104
194 11406 48910
195 11452 19568
196 11538 55468
197 11576 18922
198 11666 18122
199 11732 19634
200 11950 190
201 11952 33832
202 12120 34042
203 12222 35118
204 12262 54712
205 12448 1770
206 12488 8376
207 12498 3670
208 12590 41428
209 12632 31112
210 12860 20618
211 12934 42944
212 12968 13164
213 13002 15172
214 13012 11702
215 13066 38620
216 13084 47414
217 13090 21688
218 13094 46542
219 13124 39000
220 13150 2900
221 13256 7860
222 13310 27186
223 13338 9600
224 13338 34190
225 13374 1410
226 13506 24572
227 13558 16042
228 13558 17122
229 13686 254
230 13742 52478
231 13822 32518
232 13850 10178
233 13872 58842
234 13896 41568
235 13986 47250
236 14162 50404
237 14172 5862
238 14204 45018
239 14216 29060
240 14514 42756
241 14566 56860
242 14612 40662
243 14624 29532
244 14672 35334
245 14676 36110
246 14680 50728
247 14728 45338
248 14838 23290
249 14862 26332
250 14872 14496
251 14898 42730
252 14970 51654
253 14978 59436
254 15080 56848
255 15100 27726
256 15106 3380
257 15138 46374
258 15174 53092
259 15240 59392
260 15324 33438
261 15384 58508
262 15416 43270
263 15436 28502
264 15480 20366
265 15580 45518
266 15586 36434
267 15608 58390
268 15618 6052
269 15694 6822
270 15712 47744
271 15746 25012
272 15874 22700
273 15922 41576
274 16006 17304
275 16016 39066
276 16040 14266
277 16052 53522
278 16066 39500
279 16172 50250
280 16214 3498
281 16236 37404
282 16320 16830
283 16430 11664
284 16440 39804
285 16482 25134
286 16558 43316
287 16572 17038
288 16616 10668
289 16644 31072
290 16644 47438
291 16648 32462
292 16822 42356
293 16896 30700
294 16922 36168
295 16978 39684
296 17034 54192
297 17048 9420
298 17118 29836
299 17134 18912
300 17146 30018
301 17148 8380
302 17174 468
303 17256 57700
304 17322 45262
305 17358 33608
306 17414 7798
307 17448 46378
308 17464 27066
309 17532 31444
310 17598 20678
311 17618 16344
312 17624 12820
313 17654 55198
314 17716 26864
315 17730 53810
316 17756 2938
317 17778 14156
318 17780 25234
319 17856 5020
320 17908 25580
321 17980 56762
322 18034 45098
323 18046 51934
324 18148 49428
325 18170 11706
326 18224 57706
327 18300 17964
328 18338 36598
329 18524 57690
330 18610 26280
331 18688 52486
332 18768 26342
333 18776 7820
334 18822 54756
335 18922 26658
336 19036 52506
337 19402 9754
338 19440 45076
339 19494 34414
340 19500 37362
341 19680 18286
342 19774 7918
343 19818 39830
344 19854 55352
345 19878 23110
346 19888 12938
347 19988 32060
348 20026 51664
349 20052 57000
350 20114 23486
351 20166 40484
352 20202 13758
353 20212 44764
354 20276 48274
355 20322 23792
356 20394 19978
357 20452 28774
358 20488 17424
359 20502 58014
360 20510 14546
361 20526 42366
362 20568 44870
363 20620 36458
364 20660 3080
365 20690 41796
366 20710 30750
367 20778 54416
368 20804 28746
369 20830 54278
370 20970 35356
371 21062 38466
372 21080 12794
373 21238 52274
374 21274 51276
375 21422 23594
376 21448 26912
377 21536 10298
378 21576 45790
379 21590 28696
380 21636 32816
381 21638 33728
382 21638 37768
383 21646 2842
384 21690 5396
385 21750 52364
386 21756 56290
387 21872 57084
388 21878 51052
389 21920 42650
390 21966 16462
391 22024 39962
392 22132 46096
393 22136 10358
394 22230 14574
395 22318 55228
396 22334 34308
397 22348 12578
398 22442 24588
399 22542 25054
400 22580 34200
401 22594 8068
402 22668 21996
403 22750 30744
404 22796 34838
405 22848 51428
406 22902 49080
407 22922 14780
408 22954 46326
409 22976 11200
410 23134 27730
411 23238 4594
412 23314 52672
413 23334 18208
414 23370 49832
415 23438 43548
416 23466 36136
417 23468 30486
418 23540 47236
419 23546 6438
420 23556 24744
421 23570 49184
422 23584 21516
423 23590 39908
424 23602 39228
425 23632 25678
426 23632 26488
427 23636 12792
428 23724 30366
429 23732 5016
430 23736 27402
431 23748 30282
432 23764 50158
433 23784 27488
434 23822 29296
435 23826 47952
436 23830 40740
437 23886 57392
438 23926 50198
439 23938 7768
440 23976 24182
441 24126 2496
442 24280 11880
443 24316 2376
444 24328 36096
445 24398 54530
446 24488 49752
447 24510 1002
448 24512 59448
449 24522 5640
450 24666 53980
451 24678 55254
452 24732 43552
453 24844 19614
454 24880 20500
455 24914 57472
456 24948 25988
457 24972 27432
458 25010 44858
459 25144 32096
460 25230 36064
461 25332 24436
462 25362 9678
463 25526 8950
464 25616 41990
465 25648 16702
466 25834 45836
467 25850 39758
468 25876 27292
469 25962 1056
470 26032 41938
471 26080 42048
472 26138 54296
473 26176 21406
474 26196 58596
475 26298 32280
476 26302 53954
477 26336 9592
478 26378 53096
479 26384 8526
480 26440 40360
481 26508 10768
482 26532 6186
483 26656 27798
484 26700 26144
485 26748 27584
486 26752 34060
487 26756 30740
488 26876 6344
489 26912 50448
490 26958 13108
491 27072 50308
492 27094 44278
493 27122 2326
494 27128 41066
495 27144 59910
496 27440 39766
497 27490 55040
498 27778 44914
499 27962 3782
500 27968 24736
501 27982 31732
502 28038 19578
503 28060 35852
504 28148 27658
505 28230 52328
506 28296 10248
507 28358 43950
508 28388 53006
509 28502 44736
510 28706 39438
511 28730 50518
512 28770 55800
513 28942 22102
514 28950 48376
515 28992 9926
516 29008 14642
517 29050 24396
518 29058 45520
519 29114 22522
520 29212 41834
521 29308 53152
522 29328 594
523 29362 37682
524 29642 22112
525 29652 33274
526 29746 4150
527 29750 47084
528 29812 49470
529 29952 10444
530 29996 47080
531 30006 40672
532 30008 43408
533 30240 46982
534 30282 12540
535 30354 13118
536 30358 42138
537 30596 8732
538 30644 45676
539 30660 41748
540 30696 1438
541 30760 5006
542 30904 702
543 30930 39936
544 30958 13030
545 30970 4476
546 30988 39186
547 31000 25682
548 31118 55914
549 31292 35206
550 31302 37350
551 31308 37532
552 31316 41758
553 31384 1656
554 31418 2636
555 31452 14754
556 31482 4920
557 31830 15278
558 31888 30778
559 31888 34770
560 31982 53526
561 32026 39928
562 32038 5874
563 32058 59040
564 32076 59620
565 32524 43274
566 32542 17164
567 32568 42090
568 32670 50260
569 32766 8878
570 32812 682
571 33026 13096
572 33064 31804
573 33226 7770
574 33486 13918
575 33516 8284
576 33560 15930
577 33602 36302
578 33722 13460
579 33778 10566
580 33822 48050
581 33914 55800
582 34008 7056
583 34048 23376
584 34058 51010
585 34124 38364
586 34170 24616
587 34178 28966
588 34252 41932
589 34258 14268
590 34286 24822
591 34380 48798
592 34408 17378
593 34476 44040
594 34540 32506
595 34678 4768
596 34930 6796
597 35040 36140
598 35060 49544
599 35184 46432
600 35242 27214
601 35296 19066
602 35362 59372
603 35406 23174
604 35570 29488
605 35620 7304
606 35696 20338
607 35722 45390
608 35820 47612
609 35934 5058
610 35946 36764
611 35970 47224
612 36054 50876
613 36078 30666
614 36186 44612
615 36234 28228
616 36236 54648
617 36270 45176
618 36302 55600
619 36334 19256
620 36344 41428
621 36500 51818
622 36530 45192
623 36540 22050
624 36590 28950
625 36736 29484
626 36838 29194
627 36952 39068
628 37016 12100
629 37352 7442
630 37442 14270
631 37534 45188
632 37562 25466
633 37616 33626
634 37676 28190
635 37742 45432
636 37850 43494
637 37948 2816
638 37950 38564
639 37970 41870
640 38040 7408
641 38072 31030
642 38114 28562
643 38298 18862
644 38302 20432
645 38364 54792
646 38548 4444
647 38580 1586
648 38684 56108
649 38770 28992
650 38770 46282
651 39014 15692
652 39028 32280
653 39102 55752
654 39144 46764
655 39162 10234
656 39196 45264
657 39254 39608
658 39286 8822
659 39402 57230
660 39464 33730
661 39514 4432
662 39572 11336
663 39672 46464
664 39716 48390
665 39784 4564
666 39844 21906
667 39874 22708
668 39878 29644
669 40078 19584
670 40108 42972
671 40128 39892
672 40246 27654
673 40312 30842
674 40314 16554
675 40330 22262
676 40386 7400
677 40428 34104
678 40468 5304
679 40564 30894
680 40588 15384
681 40610 20896
682 40624 45268
683 40648 7408
684 40822 7736
685 40844 9612
686 40904 13824
687 40934 52290
688 41018 26232
689 41090 55952
690 41114 32934
691 41322 39186
692 41420 52542
693 41486 40208
694 41512 36652
695 41520 55318
696 41580 5386
697 41694 8116
698 41754 31864
699 41828 20170
700 41888 42006
701 41916 39250
702 42046 3050
703 42058 516
704 42120 54568
705 42144 9306
706 42174 38068
707 42198 43578
708 42246 42466
709 42282 59328
710 42338 15982
711 42392 53232
712 42482 13446
713 42540 35104
714 42622 2796
715 42642 56438
716 42646 44808
717 42698 55998
718 42704 11866
719 42746 33326
720 42832 53356
721 42934 13854
722 42960 45212
723 42994 49932
724 42998 29464
725 43030 31530
726 43098 16082
727 43110 27414
728 43328 24960
729 43394 40096
730 43454 59120
731 43542 36042
732 43550 5890
733 43582 3764
734 43610 14036
735 43630 33474
736 43684 50134
737 43868 476
738 43880 21972
739 44012 20892
740 44056 41804
741 44162 56812
742 44200 19050
743 44358 15610
744 44364 28954
745 44414 51082
746 44482 55838
747 44674 18710
748 44676 57824
749 44782 3548
750 44790 26794
751 44836 39626
752 44856 45152
753 44876 3606
754 44902 54906
755 44920 22040
756 44938 27760
757 44960 4914
758 45052 52100
759 45076 20380
760 45274 31496
761 45284 10634
762 45558 38792
763 45576 46818
764 45714 48878
765 45722 53782
766 45728 32528
767 45770 49810
768 45786 19120
769 45794 23272
770 45894 9360
771 46024 58832
772 46076 54240
773 46250 50686
774 46378 23586
775 46392 57526
776 46398 88
777 46628 37202
778 46666 46166
779 46704 27116
780 46722 46696
781 46800 20246
782 47010 35750
783 47054 7998
784 47108 5050
785 47156 29888
786 47216 55846
787 47274 44006
788 47300 3204
789 47366 4404
790 47506 6414
791 47550 42242
792 47568 35414
793 47664 35090
794 47678 59110
795 47698 16380
796 47802 56714
797 47956 55494
798 47984 45934
799 48008 43910
800 48060 44858
801 48112 23826
802 48154 816
803 48232 41262
804 48268 26196
805 48268 33802
806 48276 17426
807 48284 39130
808 48290 17102
809 48294 43022
810 48304 47334
811 48364 15542
812 48410 48562
813 48510 55532
814 48544 15068
815 48552 2240
816 48584 5742
817 48594 45412
818 48678 3108
819 48760 38844
820 48808 39046
821 48834 50760
822 48848 19836
823 48852 28226
824 48878 38336
825 48924 3152
826 48986 40798
827 49102 53536
828 49164 25842
829 49240 3036
830 49266 9562
831 49418 13254
832 49440 27318
833 49466 14682
834 49542 47328
835 49564 24258
836 49576 25728
837 49662 5174
838 49668 46024
839 49672 57640
840 49682 54036
841 49784 47510
842 50076 17178
843 50170 46892
844 50266 23040
845 50294 34248
846 50318 31402
847 50344 39640
848 50422 8120
849 50424 20992
850 50428 42346
851 50460 15742
852 50462 26428
853 50486 49404
854 50536 11454
855 50550 10418
856 50688 18230
857 50688 45320
858 50692 37198
859 50736 35892
860 50742 33918
861 50790 52794
862 50910 53226
863 51012 40456
864 51046 22422
865 51198 14530
866 51256 3964
867 51344 14822
868 51366 51676
869 51640 10418
870 51722 20822
871 51920 48140
872 51966 9030
873 52046 3500
874 52232 53770
875 52244 24798
876 52252 2040
877 52274 7580
878 52302 46344
879 52426 24370
880 52438 4750
881 52464 1460
882 52504 11176
883 52530 57974
884 52548 2760
885 52616 55864
886 52698 46292
887 52752 28916
888 52774 20062
889 52790 12382
890 52946 47168
891 53014 43996
892 53022 37956
893 53038 19476
894 53100 39522
895 53114 7622
896 53258 15308
897 53314 27656
898 53316 34140
899 53328 18320
900 53500 31868
901 53584 9618
902 53616 3998
903 53628 14296
904 53672 22928
905 53920 29894
906 53944 17448
907 53972 44050
908 54000 33998
909 54002 38418
910 54012 6720
911 54054 30594
912 54102 2274
913 54146 48710
914 54238 27922
915 54258 52524
916 54368 25092
917 54374 38826
918 54498 54950
919 54508 19202
920 54518 45072
921 54630 706
922 54644 51992
923 54666 6600
924 54718 11520
925 54810 43106
926 54876 12672
927 55060 16676
928 55146 22054
929 55196 55354
930 55288 17416
931 55326 55816
932 55458 49108
933 55498 30978
934 55550 39016
935 55636 35306
936 55676 40854
937 55770 10248
938 55774 43832
939 55788 53932
940 55868 6334
941 55998 16394
942 56066 43674
943 56066 52668
944 56282 52752
945 56326 58838
946 56472 34780
947 56558 17758
948 56560 2238
949 56596 36670
950 56596 51888
951 56666 43910
952 56696 22042
953 56998 8864
954 57008 55826
955 57174 5846
956 57228 56864
957 57316 47990
958 57328 7702
959 57444 27672
960 57560 4220
961 57568 40384
962 57650 35208
963 57680 56890
964 57708 52328
965 57758 37020
966 57774 53634
967 57840 50180
968 57868 42606
969 57966 10478
970 58016 14094
971 58036 21366
972 58168 39724
973 58182 43892
974 58200 5890
975 58262 51550
976 58386 1968
977 58452 49160
978 58598 42704
979 58614 17462
980 58644 31722
981 58654 23208
982 58680 38360
983 58784 49240
984 58796 50482
985 58858 25734
986 58922 14360
987 58990 11664
988 59306 28442
989 59396 42896
990 59492 21740
991 59618 37722
992 59654 11048
993 59724 19660
994 59786 21396
995 59802 54184
996 59808 11164
997 59914 17744
998 59930 51742
999 59954 14602
3 1 2 3 
6 153 0 7 9 43 61 
6 78 19 8 3 0 5 
3 4 0 2 
3 6 7 3 
2 2 65 
3 11 4 8 
3 1 4 10 
3 12 6 2 
3 1 16 37 
3 16 7 13 
3 15 13 6 
3 14 18 8 
3 10 11 17 
3 24 12 25 
3 21 17 11 
4 9 10 31 20 
3 29 13 15 
3 23 21 12 
3 42 34 2 
4 71 16 36 39 
3 22 15 18 
3 28 21 26 
3 27 18 24 
3 23 14 32 
3 32 14 34 
3 22 27 38 
3 26 23 44 
3 30 22 33 
3 31 17 30 
3 29 28 35 
3 40 16 29 
3 48 24 25 
3 35 28 38 
3 66 25 19 
3 30 33 41 
3 39 20 40 
3 43 9 62 
3 33 26 47 
4 20 36 63 90 
3 36 31 45 
3 45 35 50 
3 68 19 59 
3 1 37 77 
3 47 27 46 
3 56 40 41 
3 55 44 53 
3 55 38 44 
3 49 32 52 
3 70 53 48 
3 51 41 55 
3 54 50 57 
3 128 48 66 
3 67 46 49 
3 56 51 64 
4 58 50 47 46 
3 60 45 54 
3 72 51 58 
3 74 57 55 
3 107 42 121 
3 63 56 64 
3 171 1 80 
3 37 71 86 
3 39 60 75 
3 60 54 72 
5 200 112 94 5 776 
4 52 34 69 92 
3 73 96 53 
3 69 42 107 
4 93 66 68 91 
3 76 88 49 
3 62 20 100 
3 64 57 74 
3 79 83 67 
3 81 72 58 
4 63 82 114 123 
3 130 113 70 
3 80 43 84 
3 121 2 116 
3 106 73 88 
3 144 61 77 
3 85 74 96 
3 75 85 99 
3 120 104 73 
3 129 77 108 
3 89 82 81 
3 62 135 87 
3 108 86 98 
3 105 79 70 
3 97 95 85 
3 39 123 109 
3 223 69 206 
3 137 66 93 
3 232 92 69 
3 111 65 112 
3 99 89 97 
3 102 81 67 
3 95 89 101 
3 115 87 134 
3 82 95 122 
3 71 109 135 
3 97 102 127 
3 101 96 103 
3 119 102 104 
3 118 103 83 
3 136 88 113 
3 117 133 79 
3 152 68 59 
3 110 84 87 
3 100 90 149 
3 150 108 125 
3 116 94 132 
4 225 132 94 65 
3 131 105 76 
3 75 158 138 
3 126 98 141 
3 143 78 111 
3 124 139 106 
3 119 104 120 
3 127 103 118 
3 118 83 133 
3 148 59 78 
3 99 145 157 
3 90 75 176 
3 136 142 117 
3 110 126 164 
3 125 115 147 
3 145 101 119 
3 156 159 52 
4 144 84 151 241 
3 146 131 76 
3 172 113 130 
3 111 112 205 
3 120 106 139 
3 141 98 186 
3 86 100 149 
3 169 124 105 
3 156 92 192 
3 114 165 190 
3 133 117 140 
3 161 139 142 
3 115 134 147 
3 169 140 124 
3 148 116 207 
3 267 80 129 
3 122 127 160 
3 167 226 130 
3 126 141 194 
3 166 121 143 
3 135 109 180 
3 155 110 154 
3 129 155 168 
3 173 107 162 
3 1 174 495 
3 150 164 188 
3 151 150 236 
3 179 128 137 
3 163 122 178 
3 170 114 163 
3 183 167 128 
3 177 145 161 
3 185 160 140 
3 152 166 237 
3 158 157 175 
3 154 125 189 
3 208 138 170 
3 162 148 280 
3 195 146 159 
3 151 181 196 
3 184 142 136 
3 165 158 219 
3 233 174 61 
3 222 184 131 
3 221 206 152 
3 153 171 253 
3 163 187 191 
3 182 123 190 
3 178 160 185 
3 187 157 177 
3 213 183 156 
3 186 149 182 
3 168 230 204 
3 180 176 211 
3 193 159 179 
3 209 169 172 
3 201 177 161 
3 218 134 180 
3 175 178 201 
3 154 235 270 
3 164 194 216 
3 176 138 208 
3 215 175 203 
3 212 137 214 
3 198 197 183 
3 189 147 218 
3 199 226 167 
3 168 296 313 
3 210 199 193 
3 264 193 228 
3 217 195 197 
3 737 229 65 
3 202 187 185 
3 203 201 209 
3 191 202 224 
3 181 258 277 
3 220 132 225 
3 297 91 173 
3 143 220 256 
3 234 190 165 
3 202 184 239 
3 272 248 197 
3 182 234 240 
3 250 213 192 
3 227 179 212 
3 192 288 283 
3 219 191 245 
3 189 247 235 
4 248 271 249 199 
3 194 186 238 
3 242 170 215 
3 316 207 205 
3 301 173 269 
3 263 239 172 
3 232 91 297 
3 244 203 231 
3 205 112 447 
3 255 146 195 
3 228 213 250 
3 274 198 227 
3 522 302 200 
3 181 246 252 
3 260 224 243 
3 288 93 223 
3 259 171 261 
3 211 208 242 
3 188 216 257 
3 246 155 290 
3 268 162 319 
3 247 218 262 
3 243 209 222 
3 211 284 251 
3 303 129 254 
3 234 219 278 
3 289 231 239 
3 245 224 260 
3 266 215 244 
3 230 236 279 
3 265 216 238 
3 285 217 210 
3 255 217 271 
3 227 212 276 
3 262 240 273 
4 323 258 230 279 
4 448 174 259 563 
3 349 241 321 
3 263 226 249 
3 280 207 316 
4 307 235 265 304 
3 204 252 331 
3 253 233 474 
3 244 231 289 
3 233 267 359 
3 286 238 251 
3 298 222 255 
3 272 198 274 
3 257 247 304 
3 275 245 291 
3 261 144 303 
3 269 237 384 
3 306 221 268 
3 188 307 290 
3 308 249 217 
3 318 210 264 
3 292 251 295 
3 264 228 282 
3 278 266 281 
3 250 312 317 
3 315 204 336 
3 284 242 275 
3 252 246 324 
3 166 256 364 
3 275 291 294 
3 287 274 317 
3 325 214 393 
3 240 278 295 
3 320 314 248 
3 322 262 292 
3 299 282 311 
3 214 232 377 
3 260 243 293 
3 236 270 378 
3 281 266 293 
3 286 273 343 
3 291 289 300 
3 328 281 305 
3 273 284 340 
3 334 196 315 
3 337 223 206 
3 300 263 308 
3 310 287 327 
3 309 293 298 
3 337 221 306 
3 542 447 229 
3 326 267 241 
3 257 265 322 
3 294 309 347 
3 333 301 269 
3 270 257 338 
3 298 271 314 
3 305 300 335 
3 345 318 299 
3 327 287 352 
3 346 276 325 
3 344 196 334 
3 308 285 330 
3 369 296 277 
3 256 220 383 
3 282 276 346 
3 320 272 310 
3 237 364 411 
3 330 285 318 
3 349 254 386 
4 304 286 361 338 
3 331 252 348 
3 279 354 406 
3 312 283 409 
3 359 303 329 
3 341 299 311 
3 340 294 339 
3 326 437 455 
3 332 314 320 
3 336 258 323 
3 335 330 350 
4 342 306 384 419 
3 313 296 367 
3 357 309 332 
3 277 331 373 
3 377 297 301 
3 307 322 353 
3 370 328 347 
3 295 328 363 
4 356 327 358 413 
3 401 463 333 
3 351 292 371 
3 386 313 395 
3 375 350 310 
3 317 312 372 
3 339 305 366 
3 373 323 374 
3 387 254 321 
3 355 332 345 
3 365 343 391 
3 360 311 372 
3 362 338 361 
3 406 324 392 
3 399 376 350 
3 402 375 341 
3 366 335 368 
3 341 360 390 
3 474 261 326 
3 394 358 352 
3 353 322 365 
3 378 353 389 
3 382 340 370 
3 319 280 383 
3 389 361 351 
3 380 347 357 
3 395 334 369 
3 357 376 379 
3 445 367 315 
3 363 339 381 
3 391 343 382 
3 352 346 397 
3 385 336 348 
3 385 348 388 
3 398 345 356 
3 410 368 355 
3 393 288 337 
3 392 290 362 
3 403 368 410 
3 381 366 403 
3 396 370 380 
3 423 371 363 
3 364 316 441 
3 333 268 429 
3 412 373 374 
3 321 344 512 
3 659 437 349 
3 405 374 414 
3 415 362 365 
3 465 358 407 
3 436 351 371 
3 408 354 378 
3 283 377 462 
3 407 360 427 
3 451 344 367 
3 404 381 400 
3 427 372 442 
3 420 399 375 
3 426 355 398 
3 404 396 417 
3 479 342 439 
3 440 356 422 
3 380 379 417 
3 416 396 400 
3 412 388 432 
3 421 324 354 
3 390 394 516 
3 418 392 415 
3 442 325 481 
3 379 376 430 
3 429 319 499 
3 450 385 405 
3 453 341 465 
3 432 388 421 
3 452 408 389 
3 424 404 428 
3 400 403 428 
3 435 408 452 
3 333 449 482 
3 425 398 440 
4 414 406 435 466 
3 402 454 473 
3 436 382 424 
3 423 416 444 
4 456 426 420 461 
3 430 399 425 
3 490 394 397 
3 416 417 431 
3 449 384 411 
3 433 410 426 
3 444 428 434 
3 438 405 414 
3 434 430 457 
3 459 431 433 
3 421 418 458 
3 464 391 423 
3 455 329 387 
3 478 432 446 
3 401 488 582 
3 461 420 402 
3 499 383 443 
3 534 397 409 
3 441 469 493 
3 424 431 460 
3 451 369 450 
3 489 438 498 
3 469 225 302 
3 564 253 602 
3 419 429 541 
3 472 445 412 
4 512 395 445 497 
3 418 415 464 
3 454 413 566 
3 422 453 502 
3 771 329 437 
3 484 468 425 
3 483 433 468 
3 466 435 471 
3 475 460 434 
3 467 444 459 
3 500 425 440 
3 393 463 477 
3 462 342 479 
3 452 436 470 
3 413 390 557 
3 421 458 492 
3 480 470 460 
3 485 457 456 
3 443 447 542 
3 471 464 467 
3 492 458 470 
3 497 450 476 
3 513 422 606 
3 563 259 359 
3 486 459 487 
3 472 478 521 
3 515 462 537 
3 476 438 508 
3 463 401 573 
3 494 467 496 
3 409 506 529 
3 488 419 541 
3 487 457 485 
3 504 456 500 
3 504 483 468 
3 503 496 475 
3 501 475 483 
3 439 482 562 
3 505 446 491 
3 535 516 427 
3 511 489 514 
3 498 466 471 
3 526 443 540 
3 520 507 480 
4 153 564 709 945 
3 480 486 510 
3 618 451 472 
3 446 492 509 
3 526 411 441 
3 484 461 517 
3 572 525 487 
3 454 592 601 
3 550 523 486 
3 558 485 484 
3 508 489 511 
3 529 481 515 
3 509 494 532 
3 521 478 505 
3 518 498 507 
3 531 496 523 
3 505 491 528 
3 548 386 451 
3 524 519 473 
3 528 491 527 
3 506 477 569 
3 555 407 490 
3 547 500 519 
3 538 527 509 
3 586 517 513 
3 536 532 494 
3 560 476 508 
3 570 229 703 
3 546 510 503 
3 583 513 623 
3 559 549 501 
3 545 499 493 
3 514 518 530 
3 568 511 514 
3 579 481 506 
3 591 527 533 
3 539 510 543 
3 507 520 565 
3 580 530 538 
3 544 442 579 
3 574 490 544 
3 565 520 539 
3 477 573 575 
3 533 518 607 
3 552 536 531 
3 553 493 570 
3 482 449 556 
3 469 302 570 
3 531 546 561 
3 571 535 534 
3 556 526 554 
3 543 523 551 
3 600 587 517 
3 659 512 581 
3 577 550 525 
3 551 503 549 
3 585 546 550 
3 567 539 561 
3 554 540 647 
3 637 545 553 
3 557 516 589 
3 541 545 595 
3 576 465 555 
3 572 504 587 
3 597 577 525 
3 616 521 584 
3 552 543 585 
3 596 488 609 
3 730 253 474 
4 495 448 602 730 
3 593 532 536 
3 592 453 576 
3 593 552 588 
3 612 584 528 
3 515 575 658 
4 540 542 522 703 
3 578 544 628 
3 594 501 558 
3 537 479 605 
3 589 535 578 
3 569 537 629 
3 566 557 651 
3 638 549 559 
3 574 571 628 
3 534 529 655 
3 591 533 599 
3 648 548 618 
3 605 439 596 
3 586 524 603 
3 621 560 568 
3 627 561 551 
3 590 519 583 
3 604 558 547 
3 614 567 620 
3 630 555 574 
3 632 600 586 
3 598 530 580 
4 502 566 651 674 
3 617 565 567 
3 597 572 613 
3 609 556 646 
3 640 582 562 
3 610 559 594 
3 612 591 608 
3 611 580 607 
3 615 547 590 
3 619 502 674 
3 564 448 730 
3 583 623 667 
3 613 587 625 
3 629 573 582 
3 644 473 619 
3 599 538 617 
3 687 598 611 
3 678 562 595 
3 638 597 633 
3 664 608 599 
3 687 568 598 
3 633 594 604 
3 631 622 588 
3 624 600 634 
3 645 653 560 
3 622 607 593 
3 653 581 497 
3 606 601 643 
3 639 588 627 
3 711 645 584 
3 635 617 614 
3 603 524 666 
3 626 625 615 
3 641 604 624 
3 641 624 642 
3 657 620 585 
3 578 571 662 
3 575 605 640 
3 680 589 686 
3 635 614 636 
3 688 590 667 
3 660 610 613 
3 642 615 672 
3 650 622 631 
3 631 639 670 
3 702 554 714 
3 657 577 610 
3 636 620 671 
3 629 596 676 
3 652 625 626 
3 649 626 634 
3 669 619 726 
3 681 606 669 
3 695 616 621 
3 595 733 661 
3 815 553 703 
3 715 581 689 
3 668 652 642 
3 654 635 656 
3 592 576 680 
3 660 641 649 
3 689 618 616 
3 664 650 663 
3 662 579 685 
3 682 650 670 
3 671 627 638 
3 685 569 684 
3 748 387 548 
3 677 633 652 
3 665 646 753 
3 718 628 655 
3 654 682 716 
3 723 611 654 
3 678 661 825 
3 675 623 681 
3 632 603 675 
3 673 649 672 
3 699 644 643 
3 656 636 700 
3 693 639 657 
3 668 634 688 
3 679 677 668 
3 601 592 710 
3 667 666 739 
3 683 640 732 
3 691 660 673 
3 696 609 665 
3 690 673 727 
3 710 651 630 
3 666 644 699 
3 663 656 707 
3 684 676 816 
3 697 658 683 
3 655 658 705 
3 721 630 712 
3 692 612 608 
3 672 632 728 
3 717 648 653 
3 694 679 698 
3 693 677 694 
3 711 687 723 
4 700 671 691 701 
3 691 690 719 
3 746 645 704 
3 732 678 757 
3 705 684 790 
3 690 724 725 
3 681 669 742 
3 708 670 693 
3 729 693 706 
3 788 749 637 
4 647 570 522 737 
3 754 695 720 
3 770 685 697 
3 701 713 731 
3 716 682 708 
3 707 700 740 
3 495 794 945 
3 726 674 680 
3 720 621 692 
3 721 686 718 
3 706 719 735 
3 829 637 815 
3 741 648 717 
3 722 663 707 
3 715 689 746 
3 712 662 761 
3 713 694 725 
3 765 704 711 
3 734 686 712 
3 736 716 752 
3 736 692 664 
3 698 727 750 
3 719 698 744 
3 643 710 743 
3 724 679 728 
3 727 688 738 
3 740 701 751 
4 564 602 563 794 
3 706 766 782 
3 676 696 784 
3 646 749 753 
3 743 721 831 
3 713 744 760 
3 745 723 722 
4 802 703 200 776 
3 755 728 739 
3 738 675 759 
3 787 708 729 
3 775 715 796 
3 768 699 747 
3 726 734 814 
3 735 725 756 
3 758 736 767 
3 786 717 695 
3 742 795 808 
3 771 659 775 
3 733 702 788 
3 756 724 769 
3 791 729 762 
3 763 722 787 
3 661 733 818 
3 797 704 772 
3 769 738 759 
3 744 750 779 
3 784 696 789 
3 765 745 773 
3 755 739 768 
3 735 779 785 
3 718 770 830 
3 807 751 777 
3 764 752 778 
3 767 763 780 
3 772 720 758 
3 793 731 785 
3 773 745 764 
4 781 759 742 806 
3 774 750 755 
3 761 705 783 
3 794 455 748 
4 754 765 821 827 
3 758 767 812 
3 801 804 769 
3 839 748 741 
3 921 737 65 
3 819 762 782 
3 780 763 800 
3 760 756 804 
3 764 778 798 
3 801 768 822 
3 777 731 792 
3 848 770 790 
3 837 732 757 
3 766 760 823 
3 796 746 797 
3 752 740 799 
3 749 702 818 
3 757 825 866 
3 783 697 816 
3 809 751 803 
3 824 782 793 
3 792 766 805 
4 709 730 771 945 
3 747 811 865 
3 839 741 786 
3 813 786 754 
3 810 780 817 
3 800 787 809 
3 817 778 799 
3 835 774 781 
3 881 737 921 
3 791 807 826 
3 779 774 828 
3 793 823 846 
3 768 808 842 
3 803 762 820 
3 806 747 851 
3 799 791 850 
3 812 798 834 
3 795 814 833 
3 821 773 810 
3 885 797 840 
3 811 743 831 
3 714 647 876 
3 790 683 837 
3 838 798 800 
3 753 788 829 
3 820 777 824 
3 847 807 819 
3 772 812 853 
3 849 781 856 
3 805 785 832 
3 819 792 845 
3 789 665 829 
3 803 847 863 
3 840 772 861 
3 804 835 836 
4 825 818 714 884 
3 855 761 848 
3 814 734 854 
3 823 836 852 
3 811 882 889 
3 841 810 843 
3 828 801 844 
3 832 828 864 
3 816 784 880 
3 843 817 857 
4 883 775 796 885 
3 813 827 862 
3 871 853 834 
3 856 806 896 
3 834 838 878 
3 835 849 870 
3 824 846 860 
3 845 805 852 
4 826 820 858 892 
3 830 783 877 
3 844 822 899 
3 857 809 863 
3 808 867 903 
3 846 832 875 
3 868 821 841 
3 831 855 869 
3 854 830 872 
3 822 842 906 
3 878 838 850 
3 847 859 898 
3 858 860 900 
3 859 845 887 
3 862 827 868 
3 874 840 861 
3 850 826 894 
3 836 870 888 
3 867 795 889 
3 902 789 873 
3 851 865 924 
3 874 861 853 
3 854 872 901 
3 864 844 899 
3 915 841 890 
3 869 855 895 
3 866 884 948 
3 918 862 868 
3 887 852 879 
3 912 815 881 
3 895 848 910 
3 843 857 886 
3 875 919 904 
3 910 837 902 
3 876 802 921 
3 833 901 955 
3 945 839 956 
3 873 829 912 
3 839 813 931 
3 890 878 891 
3 860 875 897 
3 864 893 919 
3 865 833 937 
3 913 871 886 
3 907 886 894 
3 909 847 935 
3 888 899 930 
3 891 863 917 
3 872 877 923 
3 927 842 903 
3 914 887 916 
3 858 900 908 
4 893 870 849 906 
3 898 859 905 
3 882 869 940 
3 880 866 976 
3 896 851 926 
3 879 947 928 
3 911 900 914 
3 899 856 927 
3 920 891 925 
3 935 898 911 
3 917 892 949 
3 877 880 923 
3 933 908 905 
3 884 876 948 
3 932 922 890 
3 905 897 959 
3 918 871 922 
3 897 928 952 
3 934 894 909 
3 929 874 915 
3 879 888 930 
3 932 907 938 
4 976 881 802 776 
3 943 915 913 
3 895 910 940 
3 926 867 937 
3 938 907 936 
3 903 924 969 
3 906 896 941 
3 916 904 947 
3 931 918 939 
3 919 893 941 
3 956 885 929 
3 950 913 920 
3 946 911 959 
3 936 917 949 
3 892 908 946 
3 942 925 934 
3 924 889 953 
3 920 925 942 
3 954 929 943 
3 901 923 960 
3 930 927 970 
3 951 938 936 
3 944 939 922 
3 954 943 950 
6 495 709 794 883 963 995 
3 962 935 933 
3 928 904 970 
3 873 912 976 
3 934 909 962 
3 966 944 932 
3 957 942 961 
3 916 986 971 
3 969 937 958 
3 963 939 944 
3 958 882 960 
3 963 883 931 
3 964 951 968 
3 953 955 974 
4 962 933 914 971 
3 955 940 976 
3 968 951 965 
4 965 949 946 959 
5 945 956 954 966 995 
3 966 957 967 
3 961 962 981 
4 963 950 964 975 
3 964 973 982 
3 957 961 972 
3 987 926 953 
3 947 941 987 
3 959 952 979 
3 973 968 980 
3 967 972 993 
3 992 958 976 
3 966 977 984 
6 996 974 960 902 948 921 
3 983 975 978 
3 977 982 994 
3 981 971 986 
3 972 985 990 
3 985 965 979 
3 978 967 988 
3 984 977 989 
3 995 975 983 
3 980 981 990 
3 979 952 996 
3 970 969 992 
3 982 997 994 
3 995 983 991 
3 980 985 993 
3 998 989 994 
3 996 987 974 
3 973 990 997 
4 991 978 988 997 
5 945 963 984 989 998 
4 999 986 992 976 
5 998 994 988 993 999 
4 995 991 997 999 
3 998 997 996 
