500
0 134 13042
1 140 6226
2 144 8144
3 168 11994
4 244 3678
5 292 21658
6 306 19130
7 328 15520
8 362 27338
9 382 16104
10 402 1318
11 498 15548
12 554 15708
13 596 18876
14 644 12218
15 654 5664
16 764 22536
17 770 18126
18 798 20098
19 840 10174
20 846 14340
21 1040 23078
22 1084 14614
23 1110 9546
24 1124 4436
25 1192 4030
26 1404 15674
27 1428 29952
28 1506 13068
29 1548 1666
30 1620 2344
31 1658 7304
32 1688 28866
33 1692 6034
34 1696 24240
35 1734 1008
36 1734 22458
37 1744 10630
38 1864 44
39 1890 118
40 2042 13498
41 2088 6382
42 2130 8502
43 2156 29406
44 2208 13436
45 2214 23948
46 2300 10248
47 2328 17566
48 2526 282
49 2560 2868
50 2590 26930
51 2610 16464
52 2752 1118
53 2766 510
54 2802 24120
55 2842 11386
56 2870 29602
57 2928 10032
58 3078 16564
59 3140 14244
60 3208 2338
61 3284 26668
62 3298 8642
63 3362 19392
64 3368 24832
65 3580 17810
66 3724 6856
67 3764 1902
68 3864 5168
69 3876 10198
70 3942 11220
71 3974 23630
72 4018 6668
73 4036 3846
74 4070 18886
75 4128 9972
76 4166 7514
77 4166 26916
78 4190 2432
79 4230 11510
80 4278 11742
81 4316 4210
82 4436 23182
83 4754 19798
84 4804 24926
85 4852 19588
86 4888 28352
87 4936 16694
88 4956 4176
89 4968 4812
90 5056 27796
91 5068 22116
92 5158 26378
93 5184 25134
94 5242 20820
95 5302 496
96 5334 6748
97 5412 8142
98 5656 7890
99 5754 5440
100 5888 19158
101 5906 6402
102 5948 4122
103 5954 3108
104 5960 10778
105 6016 23146
106 6038 7172
107 6058 10056
108 6084 21356
109 6114 2210
110 6134 9272
111 6138 4094
112 6158 1072
113 6192 1244
114 6202 12934
115 6248 14718
116 6274 8716
117 6280 6884
118 6332 3878
119 6400 21882
120 6406 2274
121 6410 3500
122 6414 52
123 6502 8820
124 6512 25592
125 6548 29432
126 6552 14814
127 6558 4504
128 6612 5560
129 6734 22384
130 6742 24136
131 6822 21818
132 6892 7936
133 7020 23894
134 7094 5226
135 7144 24504
136 7160 22848
137 7164 7752
138 7196 3596
139 7228 24168
140 7408 14256
141 7780 15864
142 7970 23572
143 8088 21794
144 8112 7846
145 8210 5430
146 8314 336
147 8438 3388
148 8458 23922
149 8684 6304
150 8728 18090
151 8734 15590
152 8752 7870
153 8882 11372
154 8916 27508
155 8982 11632
156 9032 972
157 9212 2126
158 9352 4982
159 9392 28734
160 9444 2126
161 9482 8988
162 9614 28380
163 9690 21954
164 9852 18218
165 9984 17546
166 9990 18042
167 9994 23682
168 10128 14532
169 10134 11858
170 10136 5984
171 10270 7622
172 10274 2452
173 10314 25518
174 10352 26704
175 10390 8272
176 10492 28100
177 10538 6284
178 10570 16066
179 10662 17180
180 10682 10704
181 10686 3382
182 10806 208
183 10806 5116
184 10906 29926
185 10916 13692
186 10968 27934
187 10982 28292
188 10996 15492
189 11060 3088
190 11088 1620
191 11116 7602
192 11228 19826
193 11276 10636
194 11302 23318
195 11354 4006
196 11372 11380
197 11540 29108
198 11580 24520
199 11626 11868
200 11768 15044
201 11772 6948
202 11812 23458
203 11884 224
204 12094 8848
205 12172 27488
206 12182 24354
207 12296 22214
208 12304 15738
209 12420 23892
210 12496 2624
211 12526 11936
212 12544 29576
213 12632 9818
214 12668 6990
215 12682 27714
216 12758 29258
217 12774 27762
218 12890 1386
219 12950 10518
220 13002 4132
221 13062 19706
222 13116 4742
223 13286 29996
224 13326 2764
225 13482 18740
226 13530 29996
227 13590 6114
228 13636 26102
229 13804 29058
230 13874 25476
231 13946 4378
232 13976 17722
233 13984 10326
234 14060 16992
235 14138 25852
236 14156 6692
237 14176 17828
238 14218 5448
239 14246 24842
240 14424 26350
241 14426 6808
242 14524 21258
243 14526 29626
244 14654 17740
245 14908 24538
246 14924 24566
247 15016 16816
248 15078 28972
249 15088 7570
250 15196 4276
251 15288 29818
252 15342 25920
253 15454 16794
254 15484 19740
255 15754 3862
256 15826 13168
257 15828 21212
258 15854 23032
259 15886 4202
260 15894 15696
261 15970 9952
262 16010 5202
263 16082 17140
264 16110 20442
265 16170 24170
266 16182 21858
267 16226 18270
268 16338 14364
269 16590 24100
270 16656 20822
271 16684 214
272 16684 7670
273 16696 29672
274 16870 5462
275 16898 27838
276 17070 14198
277 17132 21392
278 17140 28930
279 17150 28624
280 17194 27458
281 17232 27798
282 17272 20094
283 17298 4106
284 17440 26478
285 17450 26654
286 17492 3246
287 17508 16268
288 17542 2444
289 17600 29124
290 17642 9762
291 17762 10508
292 17852 584
293 17928 27270
294 17958 7406
295 17974 15316
296 18044 1288
297 18174 27526
298 18190 5400
299 18294 11872
300 18310 8436
301 18408 26502
302 18616 482
303 18630 4626
304 18636 7934
305 18644 29718
306 18716 24896
307 18820 24522
308 18876 14278
309 18950 28164
310 18988 2700
311 19124 16898
312 19144 18738
313 19170 5150
314 19194 5150
315 19342 3582
316 19346 11444
317 19364 1546
318 19402 9726
319 19408 17480
320 19424 23220
321 19574 238
322 19598 18220
323 19646 20024
324 19662 10938
325 19700 24116
326 19706 21652
327 19812 732
328 19826 22334
329 19930 22360
330 20082 7236
331 20188 28598
332 20342 26024
333 20382 21188
334 20386 29798
335 20494 21762
336 20508 8240
337 20644 3162
338 20678 16404
339 20720 13222
340 20782 24342
341 20796 9518
342 20796 9656
343 20808 13336
344 20816 19438
345 20854 18600
346 20944 496
347 20966 17896
348 20992 24598
349 20994 9590
350 21028 14714
351 21140 6496
352 21148 14314
353 21226 12456
354 21230 4444
355 21424 28312
356 21436 23658
357 21474 2418
358 21486 22868
359 21548 2594
360 21710 7728
361 21712 3086
362 21764 21086
363 21782 17976
364 21978 12702
365 22084 22036
366 22086 7506
367 22148 8374
368 22212 10330
369 22234 23742
370 22260 25396
371 22298 28642
372 22346 14786
373 22474 17352
374 22544 25246
375 22552 2212
376 22554 15220
377 22598 4808
378 22610 14234
379 22694 23536
380 22704 14780
381 22772 6944
382 22802 3020
383 22846 25934
384 22870 15690
385 22962 16854
386 23052 3084
387 23072 3654
388 23158 28456
389 23172 3290
390 23372 23636
391 23382 15814
392 23418 12164
393 23444 20086
394 23482 19924
395 23514 10316
396 23862 7944
397 23910 16492
398 23940 22180
399 23944 16236
400 23976 20720
401 24204 18990
402 24284 29412
403 24296 11038
404 24300 27450
405 24372 24690
406 24390 19076
407 24448 6568
408 24642 7944
409 24716 1248
410 24838 26124
411 24898 10770
412 24946 28360
413 25052 2424
414 25086 22840
415 25102 28542
416 25140 26842
417 25176 12568
418 25288 17968
419 25340 24890
420 25398 17756
421 25466 6506
422 25546 13364
423 25552 418
424 25558 18936
425 25648 21390
426 25688 25202
427 25748 21298
428 25774 17896
429 25814 18968
430 25858 11166
431 25938 17370
432 26024 5014
433 26166 24648
434 26224 27496
435 26306 918
436 26344 12934
437 26346 1884
438 26684 9874
439 26722 12742
440 26736 9484
441 26790 21262
442 26828 28414
443 26876 29844
444 26906 1486
445 27002 6034
446 27018 23582
447 27054 28846
448 27082 8496
449 27106 13064
450 27168 978
451 27274 10344
452 27308 2660
453 27386 21096
454 27432 17800
455 27450 25728
456 27458 7298
457 27558 23418
458 27644 1798
459 27686 10942
460 27822 28640
461 27870 25350
462 27938 20300
463 27994 16880
464 28030 22184
465 28078 23580
466 28190 21918
467 28242 10680
468 28308 19114
469 28336 23994
470 28346 3564
471 28406 10700
472 28440 2554
473 28452 1362
474 28520 15374
475 28530 22480
476 28566 10320
477 28578 21694
478 28582 21444
479 28686 27530
480 28984 16716
481 29052 4504
482 29096 13342
483 29146 6702
484 29190 25938
485 29276 7590
486 29314 26098
487 29360 4758
488 29362 1654
489 29396 28056
490 29410 9830
491 29446 4918
492 29482 24680
493 29584 15280
494 29686 7692
495 29736 25074
496 29774 12400
497 29776 6928
498 29786 19194
499 29796 16360
4 8 1 2 3 
3 2 0 4 
3 3 0 1 
3 5 0 2 
4 7 6 1 10 
4 16 8 3 6 
3 5 4 7 
3 9 6 4 
3 27 0 5 
3 13 7 11 
4 29 15 4 38 
3 12 9 14 
3 17 11 20 
3 18 16 9 
3 11 15 19 
3 14 10 24 
3 21 5 13 
3 34 18 12 
3 21 13 17 
3 14 24 23 
3 22 12 23 
3 32 16 18 
3 26 20 28 
3 20 19 31 
3 19 15 25 
3 24 29 30 
3 36 22 40 
6 223 8 32 43 56 184 
3 22 37 46 
3 25 10 35 
3 33 25 35 
3 37 23 33 
4 27 21 34 50 
3 41 31 30 
4 32 17 36 45 
3 30 29 39 
3 34 26 47 
3 28 31 42 
3 122 39 10 
3 48 35 38 
3 26 57 44 
3 42 33 49 
3 46 37 41 
3 27 77 86 
3 47 40 55 
3 54 34 63 
3 28 42 57 
3 36 44 51 
4 146 53 52 39 
3 66 41 52 
3 32 64 61 
4 58 47 55 59 
3 60 49 48 
3 67 48 95 
3 64 45 71 
3 51 44 62 
3 27 154 125 
3 40 46 62 
3 65 51 80 
3 51 69 70 
3 73 68 52 
3 77 50 93 
3 55 57 66 
3 45 65 74 
3 84 50 54 
3 63 58 87 
3 62 49 72 
3 78 89 53 
3 72 60 73 
3 59 76 75 
3 79 59 75 
3 54 82 105 
3 76 66 68 
3 81 68 60 
3 83 63 87 
3 70 69 97 
3 97 69 72 
3 43 61 92 
3 103 88 67 
3 80 70 104 
3 114 58 79 
3 89 96 73 
3 71 91 119 
3 94 74 85 
3 93 64 105 
3 83 126 100 
3 43 90 174 
3 74 65 115 
4 99 101 78 102 
3 106 81 67 
3 86 92 124 
3 82 94 108 
3 90 77 130 
3 61 84 130 
3 91 83 100 
3 112 53 146 
3 116 98 81 
3 75 76 98 
3 110 97 96 
3 128 117 88 
3 94 85 141 
3 117 106 88 
3 127 88 111 
3 121 78 109 
3 153 79 107 
3 84 71 129 
3 123 89 101 
3 104 110 123 
3 119 91 151 
3 120 103 113 
3 107 98 116 
3 158 102 118 
3 113 95 156 
3 157 109 112 
3 115 80 155 
3 126 87 114 
3 123 110 96 
3 132 101 99 
3 111 121 138 
3 82 108 131 
3 147 109 157 
3 138 118 103 
4 321 271 182 38 
4 107 116 106 132 
3 90 135 173 
3 212 56 159 
3 85 115 140 
3 145 134 102 
3 149 99 134 
3 136 105 131 
3 92 93 133 
3 129 119 150 
3 123 117 137 
3 139 130 136 
3 145 128 127 
3 124 139 148 
3 133 129 143 
3 144 132 149 
3 118 121 147 
3 135 133 142 
3 141 126 169 
3 100 140 151 
3 148 139 163 
3 136 164 192 
3 152 161 137 
3 170 134 127 
3 95 48 182 
3 138 120 181 
3 135 142 167 
3 137 128 177 
3 131 168 165 
3 108 141 168 
3 161 144 171 
3 155 104 180 
3 162 56 174 
3 169 114 153 
3 190 112 292 
3 160 120 113 
3 183 170 111 
3 197 125 162 
3 172 157 190 
4 180 144 152 175 
3 159 154 176 
3 142 192 225 
3 143 165 166 
3 164 150 178 
3 164 179 234 
3 198 148 194 
3 150 151 185 
3 140 155 196 
3 177 145 158 
3 152 201 191 
3 210 189 160 
3 174 124 198 
4 154 86 173 230 
3 204 161 191 
3 187 162 186 
3 201 149 170 
4 179 165 185 188 
3 166 178 208 
3 153 161 193 
3 195 147 189 
3 203 146 122 
3 227 158 195 
3 223 27 251 
3 178 168 199 
3 187 176 205 
3 197 176 186 
3 178 211 200 
3 220 181 172 
3 160 156 218 
3 175 171 214 
3 163 143 232 
3 180 213 219 
3 202 167 221 
3 222 183 181 
3 199 169 219 
3 212 159 187 
3 173 167 206 
3 211 185 196 
3 208 188 261 
3 214 171 177 
3 209 194 207 
3 302 182 271 
3 213 175 249 
3 215 186 228 
3 239 198 209 
3 202 221 244 
3 179 200 256 
3 206 202 242 
3 224 172 296 
3 188 199 233 
4 243 125 197 216 
3 193 204 272 
3 191 201 236 
3 217 205 240 
3 212 217 229 
3 216 215 284 
3 190 292 327 
3 196 193 233 
3 231 222 189 
3 207 194 225 
3 238 195 220 
3 226 27 184 
3 255 210 288 
3 221 163 237 
2 223 443 
3 236 183 238 
3 205 230 235 
3 216 275 248 
3 228 174 239 
3 262 220 250 
3 237 192 234 
3 211 219 261 
3 232 166 256 
3 240 228 246 
3 241 214 227 
3 225 232 247 
3 227 222 262 
3 230 206 245 
3 215 235 252 
3 249 236 274 
3 209 254 257 
3 273 251 212 
3 207 247 253 
3 246 239 258 
3 235 245 265 
3 244 237 268 
3 229 279 278 
3 272 204 241 
3 313 231 259 
3 184 243 334 
3 240 269 307 
3 263 244 260 
3 264 242 267 
3 259 224 286 
3 234 208 290 
3 266 242 264 
3 265 245 266 
3 250 255 283 
3 253 268 276 
3 200 233 300 
3 274 238 231 
3 267 253 287 
3 270 257 254 
3 246 258 269 
3 258 257 277 
3 282 254 263 
3 260 247 291 
3 252 265 320 
3 277 264 282 
3 321 203 122 
3 213 249 294 
3 305 243 289 
3 241 262 298 
3 229 280 281 
3 260 299 316 
3 326 266 270 
3 289 248 279 
3 278 248 309 
3 275 285 293 
3 309 275 297 
3 270 267 312 
3 303 259 315 
3 285 217 306 
3 280 284 301 
3 255 310 337 
3 311 263 295 
3 310 224 317 
3 273 278 331 
3 291 256 300 
3 268 290 318 
3 218 156 302 
3 297 280 301 
3 304 272 298 
3 287 316 308 
3 317 210 327 
3 355 281 293 
3 294 274 313 
3 276 318 324 
3 290 261 304 
3 293 285 332 
3 346 292 203 
3 314 283 354 
3 300 294 330 
3 334 273 402 
3 332 284 307 
4 348 306 252 325 
3 295 342 339 
3 355 279 281 
3 286 288 357 
3 319 287 350 
3 323 282 322 
3 314 298 250 
3 351 313 303 
3 354 283 337 
3 295 276 324 
3 288 296 409 
3 299 291 336 
3 322 311 338 
3 325 269 328 
3 423 271 122 
3 345 312 319 
3 333 326 312 
3 316 299 341 
3 340 307 320 
3 328 277 323 
3 296 218 346 
3 329 320 326 
3 358 328 335 
3 336 304 351 
3 371 289 355 
3 412 301 306 
3 335 323 344 
3 443 251 305 
3 329 333 362 
3 318 330 360 
3 315 286 361 
3 347 319 350 
3 343 308 353 
3 348 325 356 
3 342 324 360 
3 308 341 349 
3 372 352 339 
3 333 345 363 
3 344 322 347 
3 327 302 423 
3 363 345 338 
3 370 307 340 
3 368 342 367 
3 338 311 352 
3 381 330 314 
3 376 350 343 
3 364 339 368 
3 377 303 315 
4 388 331 309 297 
3 369 340 358 
3 359 310 375 
3 356 329 365 
3 382 361 357 
3 341 336 366 
3 337 359 382 
3 365 335 393 
3 344 347 373 
3 378 353 392 
3 379 358 362 
3 367 360 381 
3 395 349 366 
3 353 349 395 
3 374 356 379 
3 383 348 374 
3 402 331 388 
3 376 343 380 
3 394 363 385 
3 410 370 369 
3 413 357 409 
3 384 352 372 
3 381 354 387 
3 380 364 422 
3 390 369 365 
3 391 372 378 
4 396 366 351 377 
3 386 361 359 
3 416 404 370 
3 391 385 376 
3 373 384 397 
3 389 382 413 
3 407 377 389 
3 415 371 355 
3 432 387 386 
3 405 379 398 
3 399 384 380 
3 417 364 403 
3 400 362 394 
3 393 373 401 
3 403 368 367 
3 408 411 381 
3 401 385 399 
3 414 390 400 
3 397 391 422 
3 398 393 406 
4 406 394 397 418 
3 443 305 371 
3 392 395 411 
3 442 412 383 
3 419 410 390 
3 400 401 424 
3 408 387 421 
3 440 396 407 
3 375 317 435 
3 416 374 405 
3 430 403 396 
3 415 332 404 
4 432 386 375 437 
3 419 398 425 
3 443 388 412 
3 434 383 410 
3 436 392 430 
3 401 420 428 
3 426 405 414 
3 418 449 431 
3 456 407 445 
3 399 378 436 
6 488 473 450 435 346 321 
3 429 406 428 
3 414 429 427 
3 434 419 433 
3 425 454 441 
3 424 418 431 
3 425 424 454 
3 417 411 438 
3 428 420 471 
3 445 389 413 
3 455 426 446 
3 442 416 426 
4 450 444 409 423 
3 422 417 439 
3 452 413 444 
3 451 430 440 
3 449 436 459 
3 438 408 448 
3 446 427 453 
4 447 404 434 479 
7 226 334 402 415 447 460 489 
3 458 437 435 
3 483 421 432 
3 433 441 457 
3 443 442 460 
3 476 440 456 
3 420 439 467 
3 473 435 423 
3 467 459 438 
3 470 437 458 
3 457 441 462 
3 427 429 463 
3 479 433 461 
3 485 448 421 
3 465 446 453 
3 452 444 473 
3 439 451 467 
3 443 447 489 
3 484 455 465 
4 464 453 463 468 
3 462 454 474 
3 465 462 466 
4 469 461 457 464 
3 464 468 478 
4 471 449 459 451 
3 466 462 474 
3 484 465 475 
3 481 452 472 
3 431 467 476 
3 487 470 473 
5 488 472 458 450 423 
3 468 463 482 
3 486 469 477 
3 471 448 490 
3 475 478 480 
3 477 466 482 
3 489 442 455 
3 477 494 493 
3 487 483 470 
3 478 474 490 
3 485 445 481 
3 486 461 469 
3 494 456 483 
4 489 484 475 492 
3 491 481 472 
4 497 491 473 423 
5 443 460 479 486 495 
3 482 476 494 
3 494 487 488 
3 495 486 493 
3 492 480 496 
5 480 490 485 491 497 
3 489 492 498 
3 499 493 497 
4 499 496 494 488 
2 495 499 
3 498 496 497 
