70
0 18 3822
1 20 2516
2 76 2000
3 164 2244
4 248 3636
5 280 2894
6 328 3710
7 426 456
8 442 2168
9 442 2318
10 444 2700
11 486 2176
12 502 2074
13 540 2256
14 572 3694
15 622 3710
16 648 148
17 720 2948
18 724 64
19 742 2444
20 870 94
21 888 390
22 958 2838
23 1044 2254
24 1122 2552
25 1138 1998
26 1168 1086
27 1422 108
28 1436 2332
29 1584 1554
30 1634 3008
31 1654 3082
32 1810 1492
33 1978 3220
34 2206 426
35 2264 2022
36 2362 926
37 2362 2132
38 2466 3974
39 2484 1790
40 2572 4156
41 2576 3812
42 2680 100
43 2704 1286
44 2726 2146
45 2830 2618
46 2950 3734
47 2970 3754
48 3162 4126
49 3202 602
50 3252 3588
51 3350 2320
52 3368 1808
53 3428 1774
54 3594 954
55 3744 2688
56 3778 1758
57 3788 2814
58 3798 1034
59 3806 544
60 3816 3160
61 3872 2820
62 3932 2956
63 3986 4176
64 4010 3738
65 4030 722
66 4034 3064
67 4060 3428
68 4064 4098
69 4176 4118
4 40 1 4 6 
2 0 2 
3 3 1 7 
4 9 5 2 8 
4 14 6 0 5 
4 17 4 3 10 
3 15 0 4 
2 2 16 
3 11 3 12 
3 10 3 13 
3 5 9 19 
3 13 8 12 
3 11 8 21 
3 19 9 11 
3 41 15 4 
3 38 6 14 
2 7 18 
3 31 5 22 
3 42 20 16 
3 10 13 23 
3 27 21 18 
3 26 12 20 
3 30 17 24 
3 24 19 25 
3 22 23 28 
3 23 26 29 
3 29 25 21 
3 34 20 42 
3 24 32 35 
3 25 26 32 
3 31 22 37 
3 33 17 30 
3 28 29 36 
3 46 31 45 
3 49 36 27 
3 37 28 39 
3 43 32 34 
3 44 30 35 
3 48 15 41 
3 35 43 53 
3 63 0 48 
3 38 14 47 
3 59 27 18 
3 39 36 54 
3 45 37 52 
3 33 44 51 
3 47 33 50 
3 68 41 46 
3 40 38 68 
3 54 34 59 
3 64 46 60 
3 55 45 52 
3 51 44 53 
4 55 52 39 56 
3 58 43 49 
3 57 51 53 
3 61 53 58 
3 61 60 55 
3 56 54 65 
3 65 49 42 
3 64 50 57 
3 62 57 56 
3 66 67 61 
2 40 69 
3 69 50 60 
4 69 66 58 59 
3 67 62 65 
3 69 62 66 
3 69 48 47 
5 63 68 64 67 65 
