600
0 24 9694
1 82 28152
2 134 3494
3 156 23120
4 272 5370
5 346 29936
6 358 10970
7 404 5850
8 414 34708
9 500 16418
10 600 16792
11 618 34502
12 642 32436
13 680 18996
14 706 23230
15 734 7890
16 744 30722
17 772 7884
18 834 10630
19 884 16316
20 1058 4586
21 1104 7420
22 1108 11702
23 1144 4608
24 1206 9914
25 1242 17598
26 1372 26398
27 1444 10180
28 1462 29746
29 1488 9536
30 1488 34884
31 1528 17036
32 1598 3386
33 1684 26584
34 1736 15740
35 1790 19564
36 1842 33816
37 1944 15342
38 2044 31550
39 2124 8706
40 2156 29884
41 2194 16730
42 2246 7954
43 2420 35054
44 2426 7742
45 2526 23870
46 2556 3312
47 2636 32700
48 2654 5330
49 2692 27908
50 2774 10780
51 2832 8830
52 2870 5074
53 2872 24088
54 2918 15896
55 3016 16742
56 3046 3414
57 3060 3502
58 3178 22962
59 3242 28240
60 3248 17744
61 3280 26760
62 3282 29158
63 3282 31142
64 3300 34028
65 3304 18886
66 3366 1526
67 3380 98
68 3418 1372
69 3436 16884
70 3548 23246
71 3570 31000
72 3670 28970
73 3672 28422
74 3722 21936
75 3736 30114
76 3742 28306
77 3748 25688
78 3750 1466
79 3806 7524
80 3836 1804
81 3852 16374
82 3860 4428
83 3862 3368
84 3902 2784
85 3974 15734
86 4002 23264
87 4028 2982
88 4040 8016
89 4044 732
90 4086 7242
91 4250 32612
92 4358 13142
93 4362 15930
94 4372 13292
95 4424 10648
96 4468 34104
97 4492 33820
98 4570 31624
99 4642 8304
100 4710 25836
101 4716 19498
102 4780 1614
103 4830 7026
104 4990 3872
105 5058 16660
106 5148 7678
107 5164 5134
108 5244 29834
109 5298 12648
110 5340 18016
111 5470 29898
112 5530 12996
113 5596 24072
114 5604 23998
115 5662 708
116 5728 31020
117 5832 34444
118 5846 32338
119 5866 12230
120 5918 11522
121 5934 14922
122 6014 13080
123 6046 18272
124 6046 24268
125 6174 20694
126 6190 31486
127 6260 24502
128 6328 19104
129 6342 3028
130 6416 21114
131 6462 10352
132 6574 4998
133 6586 23488
134 6590 20172
135 6604 17898
136 6656 13204
137 6694 9480
138 6738 28222
139 6850 4820
140 6920 14890
141 7030 32392
142 7142 28156
143 7154 14684
144 7218 20208
145 7388 31292
146 7408 31634
147 7502 13588
148 7568 29518
149 7606 30238
150 7788 25690
151 7790 16358
152 7792 15088
153 7898 19224
154 7970 7776
155 7992 33338
156 8188 17962
157 8226 17424
158 8262 19566
159 8468 19398
160 8504 29628
161 8516 12516
162 8590 5886
163 8594 11390
164 8772 14460
165 8782 80
166 8800 3726
167 8854 16850
168 9162 32446
169 9170 9706
170 9176 11202
171 9310 22686
172 9336 25254
173 9368 23758
174 9464 13648
175 9470 9310
176 9548 5200
177 9558 294
178 9566 28572
179 9668 3688
180 9708 9868
181 9832 31156
182 9860 33642
183 9930 27816
184 9952 17678
185 9966 12374
186 9966 17212
187 10090 13246
188 10178 7516
189 10300 9448
190 10390 3524
191 10476 13422
192 10514 27330
193 10548 10660
194 10692 20650
195 10706 32504
196 10722 18856
197 10772 13264
198 10880 11428
199 10896 19536
200 10910 25572
201 11184 14874
202 11188 8970
203 11194 30280
204 11196 18496
205 11250 6750
206 11392 33658
207 11604 18870
208 11704 6460
209 11786 19002
210 11906 5048
211 11972 20762
212 12018 4846
213 12036 2196
214 12042 29244
215 12104 7230
216 12118 22298
217 12176 22038
218 12360 12662
219 12444 2298
220 12444 35934
221 12468 9764
222 12482 21376
223 12540 19002
224 12652 17604
225 12666 22636
226 12758 12510
227 12770 11414
228 12814 28904
229 12830 20222
230 12850 656
231 13046 11800
232 13052 27496
233 13100 28554
234 13114 2658
235 13184 2640
236 13258 266
237 13348 4318
238 13352 6300
239 13450 12296
240 13574 18174
241 13742 29008
242 13826 8498
243 13834 28770
244 13844 21824
245 13860 11602
246 13924 6568
247 13946 2982
248 13946 11790
249 14002 4086
250 14016 10616
251 14070 25642
252 14216 24606
253 14222 27712
254 14276 24502
255 14292 15688
256 14294 10096
257 14536 23514
258 14598 19312
259 14728 8586
260 14752 30658
261 14754 17074
262 14886 2306
263 14932 32762
264 14934 10490
265 15116 23362
266 15126 29990
267 15208 23590
268 15234 23436
269 15492 16888
270 15530 5720
271 15630 1942
272 15664 7132
273 15680 14534
274 15690 20808
275 15798 30920
276 15890 26386
277 15970 1852
278 16016 18742
279 16168 21154
280 16172 29786
281 16190 34674
282 16232 31070
283 16254 5222
284 16288 28492
285 16318 21464
286 16340 29940
287 16380 19054
288 16384 2166
289 16394 9868
290 16554 32350
291 16570 32348
292 16574 8352
293 16716 31522
294 16740 9554
295 16740 20802
296 16778 14296
297 16788 14630
298 16862 34218
299 16940 34626
300 16976 14862
301 17054 7032
302 17098 35172
303 17134 5072
304 17164 34420
305 17176 6230
306 17204 22222
307 17212 15790
308 17284 7538
309 17292 14530
310 17302 19118
311 17446 11164
312 17464 28586
313 17560 29978
314 17580 31626
315 17610 18358
316 17622 5194
317 17622 21218
318 17642 1822
319 17684 20794
320 17712 2400
321 17744 10234
322 17776 30160
323 17788 3770
324 17804 24084
325 17828 29868
326 17838 30262
327 17918 30590
328 17922 19972
329 18052 7424
330 18080 34450
331 18114 29380
332 18358 35112
333 18486 11488
334 18514 32710
335 18570 2424
336 18958 20580
337 19002 12690
338 19036 22486
339 19050 16160
340 19060 3928
341 19080 1616
342 19080 18314
343 19178 9600
344 19340 17260
345 19342 16392
346 19428 574
347 19478 8634
348 19490 6066
349 19492 31934
350 19496 15716
351 19546 16776
352 19640 25578
353 19664 25808
354 19676 1298
355 19702 22314
356 19748 31420
357 19788 31064
358 19818 18542
359 19874 12002
360 19962 14520
361 19966 27622
362 19988 9100
363 20028 22850
364 20180 14286
365 20256 11864
366 20332 14984
367 20332 16818
368 20340 11584
369 20404 14760
370 20444 5308
371 20506 31822
372 20532 27900
373 20548 6166
374 20564 33294
375 20646 23128
376 20652 2752
377 20812 26964
378 20960 31256
379 21030 27904
380 21062 10152
381 21136 17328
382 21168 28710
383 21172 23892
384 21298 9888
385 21322 24192
386 21520 536
387 21538 3652
388 21600 3304
389 21600 22370
390 21636 34264
391 21654 18076
392 21748 7980
393 21782 12756
394 21854 9260
395 21862 4044
396 21992 9926
397 22052 1950
398 22238 13622
399 22412 17962
400 22438 28842
401 22474 15352
402 22554 938
403 22648 32600
404 22782 28628
405 22888 6226
406 22920 17898
407 22934 6860
408 22962 35486
409 22968 14726
410 23056 668
411 23104 34464
412 23186 19838
413 23312 25680
414 23428 3000
415 23464 3188
416 23528 9078
417 23556 13942
418 23608 10990
419 23812 32120
420 23896 1020
421 23936 18274
422 24006 30022
423 24158 742
424 24252 19234
425 24254 24156
426 24278 31432
427 24462 10784
428 24482 25962
429 24576 16364
430 24594 21858
431 24980 4638
432 25008 29074
433 25082 6158
434 25214 11702
435 25250 32050
436 25400 9658
437 25494 31790
438 25512 198
439 25636 34228
440 25702 8672
441 25762 24088
442 25886 16396
443 25894 24576
444 25936 27428
445 25978 9666
446 25992 22178
447 26092 29726
448 26104 1592
449 26148 21616
450 26154 10644
451 26304 34498
452 26308 22920
453 26312 28390
454 26446 23956
455 26816 746
456 26860 11386
457 26880 29754
458 26884 12754
459 26956 6238
460 27222 16446
461 27320 12882
462 27358 23654
463 27520 23100
464 27554 19274
465 27724 24932
466 27810 35136
467 27968 1914
468 28080 8466
469 28086 5934
470 28108 5552
471 28272 46
472 28340 1994
473 28354 14800
474 28448 35468
475 28524 24990
476 28594 15148
477 28604 22204
478 28684 12828
479 28734 15554
480 28740 17982
481 28806 17300
482 28810 6440
483 28824 17472
484 28870 26124
485 28936 19838
486 28956 6320
487 29012 13746
488 29190 32484
489 29218 28988
490 29420 27530
491 29456 19436
492 29476 15340
493 29660 19282
494 29674 14160
495 29816 2486
496 29840 1598
497 29886 21802
498 29942 26978
499 29944 32494
500 29992 20044
501 30012 15694
502 30056 11464
503 30062 23076
504 30120 12820
505 30144 6058
506 30164 31574
507 30236 31012
508 30308 4204
509 30374 31508
510 30414 12938
511 30440 24624
512 30450 8868
513 30468 29222
514 30496 29304
515 30610 32930
516 30746 30104
517 30978 19930
518 31042 31780
519 31118 638
520 31136 16782
521 31210 31824
522 31302 22610
523 31660 14434
524 31662 336
525 31894 5074
526 31912 20428
527 32060 18256
528 32132 11176
529 32138 26304
530 32288 4828
531 32288 24628
532 32300 20552
533 32306 23284
534 32382 35966
535 32406 9460
536 32466 2882
537 32472 34432
538 32544 17078
539 32568 26342
540 32570 23930
541 32636 7604
542 32660 3196
543 32672 21344
544 32700 35080
545 32706 7816
546 32708 28608
547 32822 27382
548 32830 408
549 32836 24518
550 32842 11464
551 32912 21306
552 33002 748
553 33276 25456
554 33420 13744
555 33442 4190
556 33450 19110
557 33582 21456
558 33598 18538
559 33696 27492
560 33838 33692
561 33968 29908
562 34236 5160
563 34270 16290
564 34294 6440
565 34318 30690
566 34380 35194
567 34394 31320
568 34396 27198
569 34492 11682
570 34496 10202
571 34560 35180
572 34590 6182
573 34592 17186
574 34648 16032
575 34706 7212
576 34824 20734
577 34892 8828
578 34914 18662
579 34984 11094
580 35082 7756
581 35146 7962
582 35202 4088
583 35234 25494
584 35270 24968
585 35304 8906
586 35346 32606
587 35426 21558
588 35518 28866
589 35520 31112
590 35542 1132
591 35550 3960
592 35556 31508
593 35592 19578
594 35700 2084
595 35716 22764
596 35844 7106
597 35880 4148
598 35882 20604
599 35928 702
2 1 2 
4 5 8 0 3 
4 4 0 67 32 
3 1 4 6 
3 7 3 2 
3 12 1 9 
3 9 3 7 
4 15 6 4 20 
4 30 43 1 11 
3 10 5 6 
3 13 9 18 
3 8 12 36 
3 11 5 16 
3 14 10 19 
3 16 13 25 
3 18 7 17 
5 38 12 14 26 28 
3 24 15 21 
3 22 10 15 
3 25 13 22 
3 23 7 32 
3 29 17 23 
3 19 18 24 
3 21 20 32 
3 27 22 17 
3 14 19 31 
3 33 16 35 
3 34 24 29 
3 40 16 49 
3 27 21 39 
3 43 8 117 
3 35 25 34 
4 23 20 2 46 
3 49 26 45 
3 31 27 37 
3 26 31 41 
3 64 11 47 
3 41 34 50 
3 47 16 63 
3 51 29 42 
3 71 28 62 
3 35 37 54 
3 39 48 44 
3 220 8 30 
3 42 52 79 
3 53 33 55 
3 48 32 66 
3 36 38 91 
3 42 46 56 
3 59 28 33 
3 54 37 51 
3 50 39 88 
3 44 57 82 
3 61 45 58 
3 55 41 50 
3 60 45 54 
3 57 48 66 
3 52 56 83 
4 70 53 65 74 
3 62 49 61 
3 65 55 69 
3 73 59 53 
3 40 59 72 
3 98 38 71 
3 96 117 36 
3 58 60 81 
3 56 46 68 
6 177 115 89 68 2 165 
4 78 66 67 89 
3 60 95 92 
3 86 77 58 
4 98 63 40 75 
3 75 62 73 
3 72 61 76 
3 58 101 125 
3 116 71 72 
3 108 73 77 
3 100 76 70 
3 102 80 68 
3 88 44 90 
3 139 84 78 
3 101 65 85 
3 90 52 83 
3 82 57 84 
3 87 83 80 
3 93 81 94 
3 114 70 130 
3 104 107 84 
3 99 51 79 
3 68 67 115 
3 79 82 103 
3 97 47 118 
3 94 69 95 
3 105 85 112 
3 85 92 109 
3 92 69 99 
3 332 64 97 
3 96 91 155 
3 118 63 71 
3 95 88 106 
3 138 77 113 
3 74 81 110 
3 234 129 78 
3 106 90 107 
3 132 154 87 
3 110 93 121 
3 137 99 103 
3 170 103 87 
3 111 116 76 
3 112 94 120 
3 123 101 105 
3 145 108 138 
3 93 109 119 
3 124 100 114 
3 113 86 133 
3 213 89 67 
3 126 75 108 
3 302 30 64 
3 141 91 98 
3 122 112 120 
3 119 109 131 
3 105 122 140 
3 136 121 119 
3 128 110 135 
3 127 113 173 
3 74 134 144 
3 146 141 116 
3 150 142 124 
3 134 123 156 
4 166 176 162 102 
3 133 86 144 
3 136 120 137 
3 189 104 139 
3 114 130 171 
3 125 128 153 
3 123 151 157 
3 147 122 131 
3 163 131 106 
3 111 100 142 
3 162 132 80 
3 152 121 143 
3 155 118 126 
3 148 138 127 
3 140 147 174 
3 130 125 158 
3 146 111 149 
3 168 126 145 
3 143 136 161 
3 149 142 150 
3 145 148 160 
3 148 127 172 
3 167 135 152 
3 151 140 164 
3 159 134 184 
3 175 169 104 
3 182 97 141 
3 128 157 186 
3 156 135 167 
3 144 159 199 
3 158 153 196 
3 181 149 178 
3 187 147 163 
3 188 139 129 
3 161 137 170 
3 152 174 191 
2 67 471 
3 210 129 179 
3 157 151 201 
3 195 206 146 
3 180 185 154 
3 185 163 107 
3 133 194 217 
3 200 150 173 
3 172 124 216 
3 164 143 187 
3 189 180 154 
3 208 205 129 
3 230 67 236 
3 160 183 252 
3 212 166 190 
3 193 169 175 
3 195 160 203 
3 206 281 155 
3 178 200 192 
3 204 153 186 
3 191 170 169 
3 184 156 201 
3 191 174 161 
3 202 162 205 
3 227 175 132 
3 237 179 234 
4 164 187 185 197 
3 183 257 254 
3 231 198 180 
3 211 171 199 
3 263 168 181 
3 207 159 204 
3 191 198 218 
3 226 197 193 
3 194 158 209 
3 183 172 225 
3 186 167 218 
3 221 227 188 
3 260 181 214 
3 196 184 224 
3 215 188 176 
3 298 182 168 
3 209 196 224 
3 215 176 238 
3 223 199 207 
3 238 166 212 
3 222 194 229 
3 270 210 179 
3 219 115 271 
3 203 232 228 
3 242 205 208 
3 225 173 217 
3 216 171 222 
3 201 197 226 
3 262 235 213 
4 534 43 302 408 
3 250 245 202 
3 244 217 211 
3 229 209 240 
3 207 204 255 
3 257 200 216 
3 218 198 239 
3 231 189 202 
3 260 214 233 
3 274 211 223 
3 277 177 346 
3 239 193 227 
3 233 214 251 
3 241 228 232 
3 190 102 235 
3 247 234 219 
3 177 471 438 
3 283 190 249 
3 246 208 210 
4 255 226 231 248 
3 258 223 261 
3 266 233 243 
3 259 256 215 
3 280 241 253 
3 265 222 285 
3 296 248 221 
3 272 259 238 
3 249 235 262 
3 273 239 245 
3 303 237 247 
3 309 221 256 
3 253 232 252 
3 251 178 254 
3 284 243 251 
4 276 252 192 267 
3 261 224 239 
3 264 250 242 
3 192 225 265 
3 274 240 278 
3 289 242 246 
3 275 203 228 
3 240 255 269 
3 247 219 288 
3 298 195 290 
3 311 350 256 
3 268 257 244 
3 275 241 286 
3 361 254 268 
3 324 267 265 
3 278 261 273 
3 272 212 283 
3 288 213 277 
3 292 246 270 
3 297 269 248 
3 279 229 258 
3 282 260 266 
3 361 312 254 
3 271 230 318 
3 287 258 269 
3 285 274 295 
3 286 243 284 
3 332 182 299 
3 293 275 313 
3 270 237 303 
3 312 280 253 
3 306 244 279 
3 313 266 280 
3 310 295 278 
3 320 262 271 
3 311 259 294 
3 263 293 291 
3 334 290 314 
3 294 272 301 
3 290 282 322 
3 321 289 292 
3 279 287 319 
3 309 297 245 
3 300 273 296 
3 304 206 263 
4 281 304 330 411 
3 339 307 297 
3 308 292 305 
3 408 220 117 
4 316 305 283 249 
3 330 299 298 
3 329 301 303 
3 324 285 317 
3 344 315 300 
3 343 321 301 
3 339 296 250 
3 328 287 315 
3 337 264 289 
3 331 284 276 
3 282 286 325 
3 349 291 327 
4 336 310 307 342 
3 348 303 323 
3 338 306 319 
3 335 277 341 
3 317 295 328 
3 335 323 288 
3 333 294 308 
3 326 293 325 
3 340 316 320 
3 353 268 306 
3 322 313 331 
3 357 327 322 
3 356 314 326 
3 355 319 310 
3 347 343 305 
3 299 304 390 
3 325 312 382 
3 408 96 281 
3 359 337 321 
3 374 291 349 
3 376 320 318 
3 389 355 315 
3 360 311 333 
3 363 352 317 
3 345 300 309 
3 370 323 387 
3 397 318 354 
3 358 315 344 
3 368 308 329 
3 342 307 351 
3 351 339 350 
3 354 230 386 
3 394 362 329 
3 373 392 316 
3 334 314 371 
3 345 264 360 
3 367 344 345 
3 353 338 385 
3 377 324 352 
3 341 346 402 
3 363 328 336 
3 371 327 357 
3 378 356 326 
3 412 342 391 
3 364 333 365 
3 350 337 364 
3 372 276 267 
3 384 380 347 
3 375 338 355 
3 366 360 359 
3 369 359 368 
3 367 364 369 
3 381 351 366 
3 393 365 343 
3 381 366 365 
3 407 373 340 
3 403 349 356 
3 379 382 361 
3 436 348 370 
3 439 390 334 
3 383 363 389 
3 388 335 397 
3 379 353 413 
3 426 419 357 
3 404 372 377 
3 393 362 384 
3 391 367 369 
3 400 331 372 
3 425 385 375 
3 396 380 362 
3 413 352 383 
3 410 346 438 
3 395 340 388 
3 387 376 414 
3 375 336 430 
3 411 330 374 
3 358 381 399 
3 416 394 348 
3 398 368 380 
3 396 347 392 
3 405 387 415 
3 418 384 394 
3 376 341 448 
3 401 393 418 
3 391 401 406 
3 422 382 404 
3 399 398 409 
3 420 354 410 
3 439 371 419 
3 432 400 379 
3 407 395 433 
3 421 399 409 
3 440 370 405 
4 220 302 332 474 
3 406 401 417 
3 423 402 386 
3 451 299 390 
3 430 358 424 
3 428 377 385 
3 415 388 467 
3 431 395 414 
3 450 427 392 
3 429 409 434 
3 398 396 427 
3 403 378 435 
3 448 402 423 
3 424 406 429 
3 426 400 447 
3 455 420 410 
3 449 412 421 
3 428 383 441 
3 437 378 422 
3 434 418 416 
3 444 413 425 
3 442 421 417 
3 446 389 412 
3 470 433 415 
3 447 404 453 
3 459 405 431 
3 458 417 427 
3 451 419 437 
3 445 450 373 
3 488 435 426 
3 386 236 471 
3 451 374 403 
3 445 407 468 
3 443 425 454 
3 460 429 458 
3 489 444 441 
3 453 428 443 
3 502 436 440 
4 462 452 430 449 
3 457 422 432 
3 467 397 420 
3 446 424 464 
3 456 416 436 
4 466 411 439 435 
3 465 454 446 
3 457 432 444 
3 465 441 452 
3 467 423 519 
3 478 461 450 
3 506 447 453 
3 461 442 434 
3 482 433 469 
3 464 442 473 
3 473 458 456 
3 475 446 463 
3 462 480 477 
3 449 460 481 
3 484 454 452 
3 474 451 488 
4 472 414 448 455 
3 502 440 482 
3 486 459 470 
3 469 431 508 
5 548 524 438 236 165 
3 495 467 496 
3 476 460 461 
3 534 408 466 
3 484 462 503 
3 492 479 473 
3 463 485 497 
3 487 456 504 
3 517 481 476 
3 485 463 483 
4 493 483 464 479 
3 468 459 486 
3 491 480 481 
3 490 465 475 
3 477 480 491 
3 482 469 505 
3 494 492 478 
3 499 466 437 
3 507 443 490 
3 489 484 498 
3 485 483 493 
3 501 476 487 
3 500 491 481 
3 501 487 510 
3 508 472 496 
3 495 472 519 
3 503 477 500 
3 513 490 511 
3 515 488 506 
3 497 493 517 
3 520 492 494 
4 504 445 468 512 
3 511 475 497 
3 510 478 502 
3 512 486 525 
3 499 457 509 
3 509 489 513 
3 470 495 536 
3 518 506 507 
3 494 504 528 
3 498 503 522 
3 502 505 525 
3 514 507 498 
3 516 513 529 
3 537 499 518 
3 521 514 546 
3 526 500 479 
3 521 515 509 
3 496 455 524 
3 527 501 523 
3 537 518 516 
3 533 511 526 
3 520 528 550 
4 548 552 519 471 
3 512 505 530 
3 532 522 517 
3 532 520 538 
3 523 510 535 
3 539 514 531 
3 541 525 542 
3 529 533 540 
3 543 526 527 
3 531 522 543 
5 220 474 544 566 571 
3 528 541 545 
3 542 508 552 
4 544 515 521 546 
3 556 527 554 
3 547 529 549 
3 549 531 551 
3 545 535 530 
3 555 530 536 
3 533 532 551 
3 534 537 560 
3 535 541 555 
3 537 516 547 
3 561 546 539 
3 599 524 471 
3 553 539 540 
3 554 523 564 
3 540 543 556 
3 590 536 524 
3 559 549 557 
3 538 550 570 
3 562 545 542 
3 551 538 558 
3 553 558 563 
3 557 556 569 
3 561 553 573 
3 566 544 567 
3 565 547 559 
3 564 555 590 
3 557 577 574 
3 550 562 572 
3 567 561 568 
3 534 560 571 
3 560 565 589 
3 565 573 576 
3 558 570 577 
3 569 554 575 
3 534 566 586 
3 575 564 582 
3 568 559 574 
3 573 563 579 
3 577 570 572 
3 583 568 578 
4 563 569 575 580 
3 576 585 597 
3 574 581 585 
3 581 577 582 
3 579 580 591 
3 580 572 594 
3 589 576 584 
3 588 583 587 
3 578 579 591 
2 571 592 
3 584 597 593 
4 592 584 593 595 
3 592 567 583 
3 562 552 599 
3 585 581 594 
4 586 589 588 598 
3 588 587 596 
3 591 582 599 
3 588 596 598 
3 595 593 597 
4 596 587 578 599 
3 592 595 599 
5 598 597 594 590 548 
