800
0 38 14380
1 104 23058
2 304 37968
3 356 4418
4 378 45702
5 382 32644
6 398 9376
7 474 42824
8 476 47978
9 492 17988
10 504 40054
11 650 9216
12 736 25282
13 810 33224
14 896 19852
15 918 43956
16 942 24968
17 942 37624
18 984 45486
19 1054 30776
20 1086 23368
21 1116 16750
22 1162 16174
23 1166 39392
24 1170 46496
25 1188 17254
26 1296 21152
27 1308 14414
28 1308 27786
29 1404 31942
30 1426 12046
31 1574 13936
32 1654 45646
33 1712 3936
34 1754 23674
35 1780 44032
36 1808 32878
37 1856 10862
38 1858 33270
39 1936 2210
40 1936 23682
41 2144 5510
42 2168 41988
43 2190 10890
44 2252 15892
45 2272 23174
46 2310 14124
47 2362 35818
48 2380 19810
49 2468 2648
50 2472 26614
51 2526 14244
52 2642 24280
53 2642 29152
54 2686 46466
55 2722 20544
56 2742 27836
57 2772 32736
58 2780 31032
59 2844 43672
60 2908 33708
61 2978 11110
62 3006 14086
63 3032 47922
64 3040 31942
65 3064 9026
66 3126 42364
67 3248 26268
68 3290 43608
69 3396 1148
70 3428 13422
71 3434 37878
72 3614 38626
73 3620 38382
74 3662 24346
75 3668 44178
76 3682 46606
77 3694 39970
78 3786 39780
79 3812 42120
80 3836 26930
81 3870 30412
82 3896 9410
83 3918 39452
84 3994 37426
85 4016 34468
86 4020 9994
87 4042 11966
88 4056 2360
89 4180 34206
90 4216 12812
91 4244 7928
92 4298 7020
93 4300 17272
94 4398 39866
95 4416 36542
96 4442 36082
97 4532 43652
98 4652 42466
99 4694 12574
100 4748 23034
101 4760 25830
102 4770 17900
103 4848 32842
104 4876 45006
105 4916 27336
106 4922 36576
107 4948 39248
108 4990 33880
109 5004 22450
110 5046 23978
111 5056 39004
112 5098 33966
113 5224 14926
114 5346 36918
115 5392 34266
116 5470 24354
117 5486 16638
118 5502 42298
119 5554 45388
120 5606 13120
121 5608 15054
122 5682 44920
123 5748 24910
124 5780 1206
125 5848 6022
126 5858 35780
127 6014 25938
128 6074 2966
129 6088 13912
130 6096 6090
131 6114 15870
132 6114 42408
133 6368 25792
134 6400 4586
135 6516 22626
136 6530 31252
137 6534 28756
138 6608 30398
139 6638 19898
140 6648 20604
141 6656 24372
142 6670 11238
143 6758 43422
144 6792 27124
145 6798 168
146 6966 41954
147 7010 18032
148 7012 35596
149 7018 11728
150 7062 17158
151 7068 40288
152 7088 5310
153 7212 19620
154 7262 24542
155 7376 14746
156 7394 45740
157 7412 10992
158 7446 43552
159 7486 6920
160 7578 4090
161 7608 15498
162 7672 32174
163 7738 40266
164 7830 33940
165 7956 18210
166 7980 15292
167 8006 35594
168 8020 26484
169 8056 33388
170 8132 21992
171 8160 31756
172 8230 28726
173 8360 35966
174 8476 33708
175 8646 41804
176 8734 43258
177 8746 45006
178 8766 2770
179 8796 29004
180 9110 8506
181 9200 672
182 9248 37188
183 9280 20152
184 9356 32434
185 9398 2426
186 9416 31100
187 9432 16840
188 9618 29292
189 9636 33520
190 9786 47566
191 9880 36648
192 9906 26978
193 9982 19588
194 10002 35690
195 10042 42274
196 10056 17570
197 10088 46360
198 10106 45404
199 10130 45404
200 10132 41454
201 10148 13470
202 10194 30068
203 10288 8130
204 10358 12110
205 10372 16048
206 10416 8332
207 10494 31122
208 10670 5228
209 10832 19738
210 10838 16410
211 10852 23760
212 10894 212
213 10960 18676
214 11048 41430
215 11182 47588
216 11222 11088
217 11290 39812
218 11300 1448
219 11366 46074
220 11474 6502
221 11524 8360
222 11548 4132
223 11570 38838
224 11598 4720
225 11600 31050
226 11856 5698
227 11876 6162
228 11876 22496
229 11894 42058
230 12064 19666
231 12160 12770
232 12220 35924
233 12244 43262
234 12296 39046
235 12326 28890
236 12414 24210
237 12420 32312
238 12470 41720
239 12510 15416
240 12548 18822
241 12600 14782
242 12620 1304
243 12646 42476
244 12690 1270
245 12788 36532
246 12788 39238
247 12794 27452
248 12822 9180
249 12842 30110
250 12872 22316
251 12988 36002
252 13022 34596
253 13046 23336
254 13112 40622
255 13278 30722
256 13328 23490
257 13416 20632
258 13492 1576
259 13594 26818
260 13692 47800
261 13732 35502
262 13786 20510
263 13822 36292
264 13850 38704
265 13876 2466
266 13902 9178
267 14026 4812
268 14066 16690
269 14130 25638
270 14152 8278
271 14312 44736
272 14430 9352
273 14496 39626
274 14612 39516
275 14616 12318
276 14644 9396
277 14816 27184
278 14908 7664
279 14950 29098
280 14990 44298
281 15188 41840
282 15274 25816
283 15312 45382
284 15358 38328
285 15522 41824
286 15616 39098
287 15732 44358
288 15900 28134
289 15984 17418
290 16002 45474
291 16006 8904
292 16122 26796
293 16198 33542
294 16226 21908
295 16234 2796
296 16306 36246
297 16364 20508
298 16408 34294
299 16450 8302
300 16520 35006
301 16526 37066
302 16606 43456
303 16838 7208
304 16900 17338
305 17048 12768
306 17070 47526
307 17072 9376
308 17080 25942
309 17094 18830
310 17128 29496
311 17142 8970
312 17324 16360
313 17618 43276
314 17708 16588
315 17830 21262
316 17892 17184
317 17944 40442
318 18062 8114
319 18066 39178
320 18070 30320
321 18084 12928
322 18184 16222
323 18358 41244
324 18786 9506
325 18882 3348
326 18890 26134
327 18922 28058
328 18924 10634
329 19328 42770
330 19336 5788
331 19486 24648
332 19498 16838
333 19508 34364
334 19686 7600
335 19762 25052
336 19948 25338
337 19950 7094
338 19972 26034
339 20008 41146
340 20022 45484
341 20224 15136
342 20242 35526
343 20282 14156
344 20298 776
345 20310 44764
346 20318 39528
347 20332 40078
348 20548 47604
349 20644 4940
350 20658 39130
351 20682 9092
352 20740 45070
353 20796 6758
354 20822 47838
355 20954 9084
356 20986 45944
357 20994 14586
358 21180 36474
359 21218 37358
360 21238 32688
361 21242 23380
362 21332 16414
363 21460 36772
364 21520 47244
365 21534 43326
366 21578 45854
367 21646 25694
368 21724 29898
369 21800 47816
370 22052 33864
371 22060 40100
372 22062 46888
373 22108 3936
374 22168 6698
375 22238 11778
376 22242 20850
377 22310 44920
378 22354 30782
379 22548 4124
380 22758 22410
381 22850 32188
382 22910 28906
383 22922 6028
384 22972 18734
385 22988 5272
386 23036 24852
387 23112 31168
388 23144 29012
389 23170 32188
390 23174 27334
391 23254 35822
392 23268 15850
393 23292 27664
394 23364 42916
395 23384 10672
396 23418 12468
397 23472 1906
398 23510 21294
399 23524 28414
400 23538 17954
401 23548 39454
402 23740 15558
403 23880 13500
404 23906 25780
405 23910 28024
406 23962 27888
407 24012 32374
408 24090 44058
409 24182 33528
410 24250 40236
411 24268 47702
412 24368 7722
413 24460 5226
414 24680 3072
415 24694 17132
416 24756 37702
417 24772 19192
418 24782 44814
419 25142 21510
420 25232 2700
421 25336 3460
422 25370 38692
423 25372 45058
424 25406 37662
425 25416 31238
426 25484 41634
427 25516 4678
428 25526 994
429 25568 13952
430 25576 8380
431 25660 17508
432 25722 14710
433 25738 15138
434 25830 4670
435 25832 14868
436 25906 18990
437 25908 45416
438 25952 32416
439 26158 15364
440 26168 46352
441 26258 45886
442 26388 18998
443 26474 576
444 26478 32672
445 26508 32114
446 26606 45400
447 26608 33800
448 26614 3232
449 26670 4182
450 26718 24474
451 26722 30188
452 26726 11080
453 26812 16940
454 26842 40474
455 26884 38360
456 27112 30714
457 27130 7364
458 27136 39182
459 27152 1018
460 27184 23082
461 27350 30860
462 27594 23418
463 27722 13460
464 27766 18652
465 27856 30882
466 27912 22474
467 27994 31170
468 28038 28178
469 28088 23342
470 28170 23436
471 28194 25510
472 28238 24238
473 28444 36200
474 28478 36426
475 28490 14162
476 28626 36010
477 28638 13044
478 28660 19220
479 28684 22810
480 28690 12996
481 28720 44882
482 28736 45448
483 28850 2962
484 28886 8114
485 28896 29448
486 28898 20262
487 29122 21230
488 29170 15386
489 29200 44792
490 29360 34282
491 29396 29522
492 29422 8620
493 29474 29182
494 29494 5662
495 29642 27908
496 29678 38646
497 29752 18302
498 29776 11382
499 29900 29498
500 29916 36140
501 30036 26226
502 30194 46438
503 30226 31266
504 30256 37502
505 30314 10550
506 30392 31628
507 30448 16312
508 30568 5526
509 30638 39048
510 30724 30922
511 30762 42342
512 30812 23930
513 30816 5052
514 31194 7176
515 31304 14556
516 31326 8960
517 31328 26658
518 31368 10992
519 31368 24006
520 31436 2100
521 31470 20020
522 31544 22590
523 31570 5508
524 31614 21528
525 31632 3906
526 31656 7350
527 31702 20438
528 31734 1004
529 31788 12234
530 31792 29608
531 31866 26412
532 31948 22202
533 31968 35104
534 32016 42952
535 32156 20242
536 32156 28970
537 32242 36520
538 32286 1754
539 32400 20312
540 32442 36352
541 32498 14722
542 32554 4262
543 32604 27800
544 32670 28278
545 32812 24292
546 32962 39178
547 32978 14140
548 32986 16110
549 33008 26168
550 33036 36794
551 33098 43198
552 33112 39230
553 33180 9550
554 33204 26832
555 33310 29256
556 33416 34174
557 33452 21750
558 33470 5864
559 33498 16342
560 33662 15694
561 33770 28824
562 33770 29766
563 33778 25602
564 33818 40074
565 33842 15494
566 33862 16486
567 33890 14374
568 33894 24358
569 33902 24866
570 33998 7674
571 34016 13240
572 34024 12074
573 34042 706
574 34098 25024
575 34114 9296
576 34132 16230
577 34132 38738
578 34168 1208
579 34202 46304
580 34256 23664
581 34258 40014
582 34366 24956
583 34418 39768
584 34542 31218
585 34700 26870
586 34700 42210
587 34748 7624
588 34850 37128
589 34906 17562
590 35060 20484
591 35118 17434
592 35256 33112
593 35296 26662
594 35378 1794
595 35412 13716
596 35462 6578
597 35502 23150
598 35586 27416
599 35610 29056
600 35654 31588
601 35654 41848
602 35660 11186
603 35726 18792
604 35740 5772
605 35812 44408
606 35882 36916
607 35976 36320
608 36030 32402
609 36094 27764
610 36170 24388
611 36194 33628
612 36366 4970
613 36398 10996
614 36418 30636
615 36450 40810
616 36472 27590
617 36486 38978
618 36502 30280
619 36518 32600
620 36692 552
621 36708 364
622 36726 8910
623 36794 13650
624 36868 29522
625 36882 17554
626 36934 32616
627 36956 47948
628 36982 43298
629 37002 44508
630 37006 11850
631 37028 42178
632 37076 24550
633 37076 33300
634 37112 33576
635 37216 27826
636 37224 17898
637 37466 31190
638 37500 25308
639 37578 19386
640 37604 46766
641 37674 44162
642 37694 46812
643 37708 8310
644 37722 15940
645 37752 15916
646 37800 43252
647 37922 40166
648 38018 25868
649 38040 23060
650 38066 24934
651 38066 45776
652 38172 30606
653 38254 18026
654 38606 1340
655 38648 13834
656 38666 43928
657 38854 21184
658 38872 35692
659 38970 30742
660 39010 1096
661 39060 44706
662 39108 43640
663 39124 13016
664 39204 40828
665 39248 40636
666 39364 38022
667 39398 23886
668 39480 7184
669 39576 28544
670 39666 42574
671 39672 18728
672 39692 47988
673 39744 21508
674 39810 7962
675 39910 26882
676 40004 38264
677 40018 20350
678 40180 21292
679 40296 27006
680 40318 43604
681 40378 13858
682 40444 37704
683 40472 34740
684 40488 1590
685 40620 15134
686 40622 26256
687 40630 5392
688 40640 11784
689 40682 21896
690 40756 43650
691 40758 37212
692 40822 21810
693 40888 33290
694 40922 18086
695 40968 11482
696 41002 548
697 41038 13566
698 41160 38624
699 41218 9848
700 41270 41392
701 41324 20086
702 41332 28130
703 41336 33398
704 41442 26044
705 41482 18646
706 41484 28796
707 41490 6912
708 41600 8854
709 41600 26594
710 41652 22360
711 41952 39626
712 41998 23650
713 42140 34928
714 42258 3356
715 42368 28326
716 42736 25882
717 42808 39022
718 42848 24162
719 42996 14696
720 43044 1362
721 43084 12082
722 43088 17466
723 43104 47678
724 43242 23492
725 43284 33500
726 43422 45632
727 43598 17682
728 43726 18294
729 43734 21406
730 43782 33276
731 43808 20280
732 43884 44066
733 44032 42436
734 44140 4966
735 44166 31830
736 44218 4320
737 44232 10868
738 44394 11448
739 44410 27510
740 44646 13418
741 44888 29860
742 44962 10906
743 44984 44728
744 45022 14724
745 45060 16678
746 45274 8056
747 45420 21050
748 45438 14576
749 45448 34534
750 45526 17066
751 45586 2194
752 45588 14472
753 45620 11056
754 45716 13476
755 45756 43890
756 45782 25670
757 45898 41616
758 45918 11180
759 45946 1732
760 45988 2576
761 45992 29870
762 46040 38422
763 46100 31920
764 46102 42726
765 46150 31128
766 46302 5022
767 46316 34060
768 46326 20146
769 46410 28436
770 46440 31100
771 46458 43486
772 46518 28056
773 46564 18188
774 46582 11620
775 46808 39870
776 46860 21286
777 46942 18080
778 47182 47282
779 47192 43808
780 47236 27776
781 47260 42054
782 47380 22626
783 47388 8798
784 47462 15710
785 47480 41850
786 47490 6758
787 47562 15568
788 47580 47698
789 47638 27892
790 47686 29542
791 47702 6804
792 47726 31060
793 47750 2038
794 47784 43114
795 47826 45374
796 47842 23616
797 47896 32530
798 47944 3154
799 47956 10188
4 9 1 3 6 
3 2 4 0 
3 4 1 5 
3 6 0 39 
9 24 8 1 2 7 15 35 18 32 
3 10 2 9 
5 27 22 0 3 11 
3 4 10 17 
4 672 4 24 63 
5 14 12 5 0 21 
3 7 5 13 
4 37 30 6 33 
3 13 9 16 
3 10 12 19 
3 26 20 9 
3 4 23 42 
3 28 12 20 
3 23 7 29 
3 4 75 104 
3 29 13 28 
3 34 16 14 
3 25 9 22 
3 21 6 27 
4 15 17 38 47 
3 8 4 54 
3 48 26 21 
3 40 14 25 
3 22 6 31 
3 53 19 16 
3 36 17 19 
3 46 31 11 
3 44 27 30 
3 156 4 119 
3 41 11 39 
3 40 50 20 
3 4 66 59 
3 38 29 58 
3 43 70 11 
3 23 36 57 
5 88 49 33 3 69 
4 52 34 26 45 
3 92 65 33 
3 15 72 77 
3 61 37 65 
3 48 31 46 
3 40 55 100 
3 51 44 30 
3 71 23 60 
3 55 25 44 
3 134 125 39 
3 56 34 52 
3 93 46 62 
3 74 50 40 
3 58 28 56 
3 76 24 156 
3 45 48 93 
3 53 50 67 
3 60 38 64 
3 64 36 53 
3 35 66 68 
3 85 47 57 
3 87 43 86 
3 113 51 70 
3 8 190 260 
3 57 58 81 
3 82 43 41 
3 59 35 77 
4 80 56 74 101 
3 97 59 79 
3 124 39 145 
3 62 37 90 
3 73 47 84 
3 83 42 73 
3 72 71 84 
3 67 52 110 
3 104 18 97 
3 190 54 197 
3 66 42 78 
3 79 77 83 
3 98 68 78 
3 105 81 67 
4 103 89 64 80 
3 86 65 91 
3 94 78 72 
3 73 71 95 
3 96 60 89 
3 61 82 180 
3 90 61 142 
3 185 128 39 
3 85 81 108 
3 70 87 99 
3 82 92 159 
3 91 41 125 
3 102 55 51 
3 118 83 107 
3 106 84 96 
3 106 95 85 
3 75 68 143 
3 143 79 118 
3 120 90 142 
3 110 45 109 
3 127 67 123 
3 109 93 117 
3 108 81 136 
3 18 75 122 
3 137 80 144 
3 114 95 96 
3 151 94 111 
3 112 89 103 
3 100 102 139 
3 116 74 100 
3 107 114 182 
3 115 108 164 
3 121 117 62 
3 111 106 126 
3 148 126 112 
3 123 110 135 
3 102 113 131 
3 132 98 94 
3 198 32 177 
3 129 99 149 
3 131 113 129 
3 177 104 158 
3 101 116 141 
3 218 69 181 
3 130 92 49 
3 114 115 148 
3 168 101 133 
3 160 88 178 
3 155 121 120 
3 159 125 152 
3 150 117 121 
3 176 118 146 
3 127 154 236 
3 152 49 160 
3 116 140 170 
3 162 103 138 
3 138 105 172 
3 171 136 137 
3 140 109 147 
3 135 139 153 
3 154 123 170 
3 99 87 157 
3 158 97 98 
3 105 168 192 
4 621 212 181 69 
3 132 151 175 
3 153 139 150 
3 126 115 167 
3 155 120 157 
3 165 147 131 
4 200 146 107 163 
3 130 134 208 
3 183 140 147 
3 133 141 211 
3 161 129 149 
3 54 32 198 
3 149 142 180 
3 122 143 176 
3 91 130 220 
3 222 134 128 
3 165 155 166 
3 169 136 171 
3 214 151 217 
3 167 112 169 
3 183 150 161 
3 187 161 201 
3 173 148 164 
3 144 127 236 
3 174 164 162 
3 141 135 183 
3 184 162 138 
3 179 137 247 
3 191 182 167 
3 194 169 189 
3 195 146 200 
3 233 158 132 
3 119 122 271 
3 128 185 265 
4 188 186 172 235 
3 157 86 203 
4 344 244 124 145 
3 223 111 173 
4 170 153 165 193 
3 189 171 186 
3 178 88 218 
3 207 184 179 
3 196 166 205 
3 249 202 179 
3 232 174 184 
3 215 63 76 
3 234 173 194 
3 144 269 259 
3 209 183 213 
3 264 191 174 
3 233 175 229 
3 213 187 210 
3 306 76 219 
3 199 156 119 
3 219 198 283 
3 175 151 214 
3 205 166 204 
3 225 207 188 
3 206 180 220 
3 201 206 216 
3 210 187 201 
3 221 204 203 
3 232 186 202 
3 226 152 224 
3 228 193 230 
3 196 205 239 
3 154 228 253 
3 621 443 145 
3 240 193 196 
3 238 200 163 
3 260 190 306 
3 231 204 248 
3 254 163 223 
3 185 124 242 
3 197 199 290 
3 203 159 227 
3 248 206 270 
3 224 160 325 
3 234 217 182 
3 267 208 222 
3 237 202 255 
3 303 227 208 
3 278 220 226 
3 211 209 250 
3 243 195 238 
3 257 209 240 
3 241 216 275 
3 245 189 207 
3 280 176 195 
3 246 223 191 
3 279 179 288 
4 269 168 133 256 
3 293 252 225 
3 281 229 214 
3 268 210 241 
3 230 213 268 
3 312 239 231 
3 258 218 244 
3 302 287 229 
3 242 181 428 
3 264 232 251 
3 273 254 234 
3 172 259 277 
3 216 221 266 
3 255 188 310 
3 253 228 257 
3 263 245 252 
3 261 251 237 
3 256 211 250 
3 285 217 246 
3 225 249 320 
3 236 253 294 
3 250 230 262 
3 397 265 242 
3 247 192 282 
3 354 63 215 
3 296 263 252 
3 257 289 297 
3 284 251 261 
3 274 194 245 
3 295 178 258 
3 272 248 291 
3 349 330 224 
3 289 240 239 
3 282 192 236 
3 299 221 278 
3 283 177 280 
3 276 275 266 
3 323 246 274 
3 273 264 286 
3 312 231 272 
3 305 272 307 
3 288 247 292 
3 270 227 303 
3 310 235 327 
3 287 271 233 
3 313 238 285 
3 308 259 269 
3 290 199 271 
3 286 263 301 
3 329 281 254 
3 317 274 284 
3 340 280 243 
3 235 277 327 
3 262 268 304 
3 340 219 283 
3 311 266 299 
3 277 308 326 
4 370 298 237 360 
3 256 297 315 
3 414 325 265 
3 301 261 300 
3 294 262 309 
3 333 300 293 
3 291 270 318 
3 346 296 298 
3 319 284 296 
3 340 243 313 
3 278 226 337 
3 309 289 314 
3 321 322 276 
3 348 215 197 
3 324 276 311 
3 292 282 331 
3 297 304 316 
3 249 279 382 
3 307 291 318 
3 314 241 275 
3 345 302 281 
3 304 312 322 
3 331 294 332 
3 309 322 332 
3 323 286 319 
3 311 299 334 
3 339 317 301 
3 378 255 368 
3 343 305 328 
4 316 314 305 341 
3 329 273 317 
3 328 307 351 
3 373 222 295 
3 292 336 338 
3 279 288 393 
3 375 321 324 
3 365 285 323 
3 353 267 349 
3 335 308 315 
3 315 316 362 
3 342 298 370 
3 351 318 337 
3 336 331 361 
3 326 335 386 
3 334 303 353 
3 390 326 367 
3 365 319 347 
4 356 290 287 302 
3 402 322 357 
3 358 359 333 
3 357 321 403 
3 428 181 443 
3 377 352 313 
3 347 300 350 
3 394 339 346 
3 411 306 364 
3 330 267 379 
3 371 346 359 
3 324 334 355 
3 366 345 377 
3 337 330 374 
3 627 260 369 
3 395 351 430 
3 372 340 366 
3 432 341 343 
3 363 342 409 
3 350 342 363 
3 293 381 407 
3 335 376 380 
3 384 332 392 
3 359 358 391 
3 348 372 440 
3 408 329 339 
3 356 352 437 
3 404 338 450 
3 451 320 388 
3 627 354 411 
3 333 293 409 
3 394 350 401 
3 364 356 441 
3 379 325 421 
3 412 353 383 
3 396 328 395 
3 361 384 400 
3 352 345 418 
3 387 320 456 
4 427 385 349 373 
3 361 398 419 
3 389 360 387 
3 388 310 399 
3 457 374 385 
3 376 362 400 
3 383 379 413 
3 336 462 450 
3 425 381 378 
3 368 382 468 
3 407 381 425 
3 393 338 404 
3 416 363 444 
3 400 362 402 
3 406 327 390 
3 408 347 371 
3 452 375 355 
3 403 375 452 
3 420 258 459 
3 380 417 436 
3 382 405 468 
4 376 384 392 415 
3 410 371 416 
3 392 341 433 
3 429 343 396 
3 390 367 471 
3 399 406 501 
3 405 393 471 
3 438 360 389 
3 418 365 394 
3 358 370 438 
3 426 401 422 
3 627 369 348 
3 492 430 374 
3 494 385 427 
3 448 295 420 
3 431 400 439 
3 401 391 424 
3 398 431 453 
3 423 377 408 
3 460 380 442 
3 414 397 538 
3 449 373 448 
3 410 424 455 
3 437 418 426 
3 422 416 447 
3 389 387 461 
3 423 410 454 
3 413 379 434 
3 459 244 344 
3 432 403 463 
3 505 355 412 
3 417 415 480 
3 435 357 429 
3 439 402 435 
3 508 427 449 
3 433 432 463 
3 442 398 453 
3 366 423 446 
3 409 407 445 
3 415 433 477 
3 502 364 482 
3 372 446 482 
3 419 436 464 
3 573 344 212 
3 447 391 445 
3 444 438 467 
3 441 437 481 
3 473 424 444 
3 421 414 483 
3 513 434 421 
3 367 386 472 
3 456 368 485 
3 498 396 395 
3 436 417 475 
3 426 458 496 
3 458 422 473 
3 461 378 451 
3 484 383 494 
3 454 455 474 
3 397 428 528 
3 462 419 466 
3 465 425 456 
3 386 460 469 
3 435 429 477 
3 478 442 488 
3 467 461 491 
3 469 460 486 
3 503 445 465 
3 388 399 495 
3 470 462 466 
3 472 469 479 
3 406 404 545 
3 450 470 512 
3 455 447 476 
3 458 476 500 
3 488 453 498 
3 474 473 490 
3 439 463 480 
3 486 464 497 
3 470 487 521 
3 431 477 498 
3 446 511 489 
4 440 441 489 605 
3 525 448 520 
3 492 457 514 
3 491 451 493 
3 487 466 478 
3 479 486 559 
3 507 464 475 
3 482 481 534 
3 476 506 556 
3 465 485 499 
3 516 412 484 
3 499 485 495 
3 457 413 508 
3 493 468 517 
3 509 454 504 
3 478 507 548 
4 475 480 452 505 
3 530 491 493 
3 504 474 533 
3 517 405 569 
3 642 440 579 
3 506 467 510 
3 496 500 537 
3 518 498 430 
3 490 503 584 
3 497 488 515 
3 494 434 523 
3 546 511 496 
3 503 530 555 
3 534 481 509 
3 519 472 524 
3 523 449 542 
3 526 484 558 
3 541 507 529 
3 553 492 526 
3 495 501 531 
3 572 529 505 
3 545 512 522 
3 483 538 594 
3 527 479 566 
3 519 524 532 
3 558 508 513 
3 522 512 527 
3 542 483 594 
3 570 516 514 
3 524 521 535 
3 578 459 573 
3 547 515 518 
4 510 499 536 561 
3 517 574 549 
3 522 539 557 
4 540 537 500 556 
3 551 489 511 
3 539 527 589 
3 530 543 544 
3 546 504 533 
3 520 420 578 
3 532 535 603 
3 550 552 533 
3 548 515 547 
3 612 513 525 
3 536 549 554 
3 536 554 585 
3 568 471 519 
3 552 509 537 
3 567 541 529 
3 497 541 560 
3 543 531 563 
3 588 577 540 
3 605 534 586 
3 564 546 540 
3 602 516 575 
3 544 543 563 
3 562 510 561 
3 533 490 592 
3 580 532 590 
3 514 523 604 
3 566 487 560 
3 559 548 565 
3 555 530 598 
3 584 555 599 
3 554 549 582 
3 586 552 581 
3 576 560 567 
3 521 559 576 
3 565 547 571 
3 569 545 580 
3 574 501 568 
3 575 526 587 
3 595 567 572 
3 571 518 602 
3 528 443 621 
4 531 569 597 582 
3 553 570 622 
3 589 566 565 
3 615 583 550 
3 538 528 620 
3 640 502 629 
3 568 557 597 
3 601 564 583 
3 563 574 610 
3 631 581 577 
3 600 506 562 
3 544 610 593 
3 551 564 601 
3 643 570 596 
3 617 550 606 
3 535 576 591 
3 557 603 639 
3 589 595 644 
3 611 556 608 
3 598 585 632 
3 525 520 654 
3 591 571 623 
3 668 587 604 
3 574 580 657 
3 609 561 593 
3 618 562 609 
3 608 584 614 
3 628 586 581 
3 572 553 613 
3 590 539 625 
3 596 558 612 
3 629 482 551 
3 647 588 607 
3 606 611 634 
3 619 592 600 
3 599 598 616 
3 585 582 649 
3 607 592 619 
3 687 604 542 
3 630 602 622 
3 637 600 618 
3 631 577 617 
3 635 609 638 
3 647 615 588 
3 614 599 624 
3 626 611 608 
3 660 578 621 
5 696 620 573 212 145 
3 613 575 643 
3 655 595 630 
3 652 618 635 
3 636 603 644 
3 633 619 637 
4 672 354 369 411 
3 641 601 646 
4 651 579 605 641 
3 663 623 613 
3 646 583 615 
3 638 593 649 
3 658 634 626 
3 664 607 633 
3 624 616 648 
3 653 639 625 
3 626 614 652 
3 616 632 650 
3 657 590 636 
3 642 579 651 
3 629 628 656 
3 723 502 640 
3 622 587 674 
3 625 591 645 
3 653 644 655 
3 662 628 631 
3 670 617 606 
3 675 635 650 
3 632 610 673 
3 648 638 667 
3 640 629 661 
3 659 637 624 
3 671 636 645 
3 684 594 660 
3 645 623 663 
3 661 641 662 
3 673 597 639 
3 666 633 659 
3 658 652 669 
3 720 654 620 
3 726 651 656 
3 656 646 680 
3 655 630 688 
3 670 634 665 
3 664 666 676 
3 676 665 658 
3 686 650 689 
4 674 596 687 707 
3 683 659 675 
3 680 647 664 
3 677 653 681 
4 8 627 723 788 
3 649 657 678 
3 699 643 668 
3 679 669 648 
3 665 666 682 
3 678 671 694 
3 689 673 677 
3 702 675 686 
4 690 726 662 670 
3 685 671 688 
3 698 676 691 
3 691 669 693 
3 751 714 654 
3 694 681 697 
3 679 667 704 
3 668 612 714 
3 681 663 695 
3 667 678 692 
3 732 680 700 
3 717 682 683 
3 710 689 701 
3 703 683 706 
3 705 677 685 
3 697 688 699 
4 793 759 720 621 
3 719 685 695 
3 711 700 682 
3 695 674 708 
3 690 698 711 
3 710 692 705 
3 706 679 709 
3 713 693 715 
3 709 686 712 
3 701 694 722 
3 693 702 716 
3 708 668 734 
3 721 699 707 
3 702 704 718 
3 712 692 701 
3 700 698 717 
3 718 704 710 
3 717 703 725 
3 736 687 684 
3 725 703 716 
3 715 706 724 
4 733 711 691 713 
3 709 712 724 
3 722 697 721 
3 751 660 696 
3 719 708 737 
3 727 705 719 
3 788 672 642 
3 716 718 729 
3 713 715 730 
3 778 661 680 
3 728 722 740 
3 731 727 744 
3 739 724 731 
3 749 725 735 
3 729 728 745 
3 743 690 733 
3 732 717 757 
3 737 707 736 
3 730 739 741 
3 734 714 751 
3 738 721 734 
3 740 737 742 
3 741 735 729 
3 744 727 738 
3 761 735 739 
3 753 738 746 
3 778 732 755 
3 728 740 748 
3 747 731 748 
3 742 759 760 
3 756 745 750 
3 745 744 752 
3 762 730 763 
3 768 747 752 
4 736 684 720 759 
3 750 748 754 
3 758 742 766 
3 752 758 774 
3 743 764 771 
4 769 761 747 768 
3 764 733 762 
3 754 753 786 
5 793 760 746 751 696 
3 766 746 759 
3 765 741 756 
3 775 757 749 
3 767 749 765 
3 771 755 757 
3 763 761 769 
3 786 753 760 
3 775 763 770 
3 756 750 773 
3 765 756 772 
3 767 772 780 
3 779 755 764 
3 770 769 776 
3 768 774 777 
3 773 754 783 
3 781 762 767 
3 780 772 777 
3 776 773 783 
4 788 726 743 779 
3 778 771 781 
4 785 770 776 782 
3 779 775 785 
3 789 780 784 
3 777 774 786 
3 782 786 787 
3 794 781 780 
5 791 784 783 758 766 
3 789 784 791 
4 672 723 778 795 
3 790 782 787 
3 792 789 791 
4 790 787 786 798 
3 794 790 796 
3 798 759 696 
3 795 785 792 
4 788 794 796 797 
3 795 792 799 
2 795 799 
3 799 791 793 
3 797 796 798 
