300
0 32 11388
1 230 7822
2 278 2540
3 326 10324
4 460 1762
5 514 11028
6 558 17452
7 588 12630
8 630 2340
9 634 9160
10 640 17682
11 694 14686
12 744 12384
13 798 5888
14 1100 13832
15 1158 14056
16 1200 964
17 1262 7734
18 1276 3162
19 1384 11432
20 1398 16988
21 1406 17960
22 1408 14670
23 1464 17136
24 1486 11268
25 1494 4106
26 1528 13510
27 1640 11654
28 1674 8200
29 1696 12704
30 1800 13966
31 1858 8082
32 1930 10426
33 1950 5528
34 1970 9564
35 2094 17564
36 2132 4690
37 2152 16646
38 2172 16146
39 2186 3002
40 2254 3326
41 2300 6368
42 2344 15464
43 2416 3460
44 2600 13254
45 2644 13306
46 2676 2800
47 2834 2002
48 3000 9822
49 3008 15980
50 3010 8550
51 3054 2898
52 3066 14056
53 3208 3858
54 3260 10498
55 3286 18000
56 3448 9122
57 3628 10984
58 3756 15966
59 3948 16276
60 3990 10676
61 4014 4624
62 4062 10648
63 4092 16846
64 4180 9608
65 4212 8852
66 4240 7000
67 4292 5630
68 4386 15334
69 4396 17564
70 4504 9608
71 4506 4468
72 4634 2226
73 4652 2610
74 4694 14024
75 4824 3990
76 4982 2486
77 5062 9910
78 5116 6124
79 5128 916
80 5230 12802
81 5262 5860
82 5314 7936
83 5430 7676
84 5442 3692
85 5734 6444
86 5794 11036
87 5816 6330
88 5848 3464
89 5990 7906
90 5996 3914
91 6194 14608
92 6256 130
93 6304 6294
94 6356 3918
95 6410 10108
96 6410 17368
97 6578 11772
98 6604 424
99 6660 5404
100 6668 12752
101 6686 8934
102 6710 12204
103 6798 5044
104 6830 916
105 6856 9944
106 6864 8374
107 6878 15386
108 6902 8902
109 7252 13512
110 7258 17668
111 7266 8390
112 7268 10438
113 7296 6988
114 7422 12954
115 7434 16806
116 7438 98
117 7470 5144
118 7520 3284
119 7584 2260
120 7630 5184
121 7652 13652
122 7672 8576
123 7674 10104
124 7704 912
125 7742 10224
126 7774 16000
127 7912 5462
128 8020 2530
129 8094 5054
130 8124 14044
131 8150 15650
132 8194 9132
133 8216 3164
134 8324 5824
135 8356 10746
136 8562 17776
137 8582 9804
138 8650 17984
139 8702 14660
140 8708 14418
141 8718 4700
142 8854 396
143 8902 15152
144 9040 8344
145 9100 3952
146 9124 10720
147 9156 7242
148 9260 10668
149 9384 1002
150 9384 17208
151 9548 5260
152 9550 8554
153 9560 1510
154 9710 8082
155 9790 15518
156 9914 5426
157 9928 12282
158 9938 7320
159 9966 8052
160 10050 4648
161 10066 3378
162 10182 13332
163 10186 4828
164 10198 14520
165 10240 16464
166 10310 13612
167 10348 8328
168 10458 5600
169 10618 5502
170 10658 13866
171 10692 15218
172 10938 3874
173 10990 14166
174 11002 17016
175 11006 11854
176 11022 11032
177 11032 2564
178 11140 2856
179 11140 10426
180 11178 10468
181 11200 3324
182 11266 3026
183 11426 7858
184 11468 272
185 11468 2696
186 11598 17808
187 11660 7396
188 11758 2220
189 11786 15278
190 11808 15290
191 12070 15254
192 12394 7546
193 12486 8862
194 12526 16520
195 12578 1056
196 12604 106
197 12634 1748
198 12638 16224
199 12700 4690
200 12726 16996
201 12904 6894
202 12922 12442
203 13016 3032
204 13174 3862
205 13178 5206
206 13178 14874
207 13182 12362
208 13186 12012
209 13200 15476
210 13296 8876
211 13412 4932
212 13440 1336
213 13452 10126
214 13502 446
215 13530 5112
216 13578 13622
217 13744 10758
218 13794 16984
219 13832 7194
220 13912 7472
221 13962 17110
222 14022 10382
223 14142 3484
224 14198 14574
225 14504 10202
226 14592 5000
227 14682 644
228 14700 12522
229 14858 15882
230 14916 1218
231 14948 12286
232 14986 8580
233 15052 10630
234 15254 16412
235 15264 6282
236 15300 10994
237 15348 8124
238 15366 8714
239 15368 3310
240 15420 5542
241 15464 4350
242 15486 16262
243 15508 8248
244 15554 17368
245 15618 13354
246 15622 1084
247 15622 15842
248 15656 10900
249 15672 10402
250 15712 400
251 15724 9096
252 15744 8638
253 15768 15610
254 15858 16514
255 15888 14738
256 15896 3216
257 15898 4900
258 16020 1446
259 16024 9778
260 16034 5214
261 16052 4538
262 16074 12772
263 16080 13766
264 16096 17438
265 16104 1786
266 16266 2084
267 16302 6746
268 16386 6510
269 16512 12678
270 16662 4362
271 16662 7612
272 16706 10712
273 16728 3748
274 16812 3450
275 16922 1074
276 16930 10614
277 16972 3300
278 17032 13852
279 17038 6954
280 17130 16076
281 17180 8602
282 17182 382
283 17220 3478
284 17236 3008
285 17310 13806
286 17356 8202
287 17382 4388
288 17396 3306
289 17454 280
290 17468 14352
291 17546 4024
292 17560 8080
293 17616 10516
294 17618 10578
295 17786 15574
296 17848 4700
297 17878 1408
298 17884 15592
299 17978 10450
3 6 2 1 
3 3 0 2 
3 1 0 4 
4 5 7 6 1 
3 8 2 16 
3 12 3 9 
3 10 0 3 
3 11 3 12 
3 18 13 4 
3 5 13 17 
3 21 6 11 
3 10 7 14 
3 7 5 19 
3 9 8 25 
3 15 11 19 
3 22 20 14 
4 47 4 92 79 
3 28 9 33 
3 25 8 39 
3 14 12 24 
3 21 15 22 
5 55 10 20 23 35 
3 20 15 26 
3 21 29 30 
3 27 19 28 
3 33 13 18 
3 22 27 29 
3 26 24 34 
3 24 17 31 
3 23 26 32 
4 38 23 32 44 
3 34 28 33 
3 30 29 34 
4 31 17 25 36 
4 32 27 31 41 
4 69 21 37 63 
3 41 33 40 
3 35 38 49 
3 37 30 42 
3 40 18 46 
3 43 36 39 
3 50 34 36 
3 38 45 52 
3 53 67 40 
3 45 30 48 
3 42 44 54 
3 51 39 47 
3 72 46 16 
3 54 44 50 
3 37 52 58 
3 56 48 41 
3 84 46 73 
3 49 42 57 
3 75 61 43 
3 57 45 48 
2 21 138 
3 60 50 66 
3 52 54 60 
3 59 49 68 
3 63 58 107 
3 57 56 62 
3 81 53 71 
3 74 60 64 
3 35 59 126 
3 70 62 65 
3 64 66 78 
3 65 56 67 
4 81 78 66 43 
3 58 74 91 
3 110 35 96 
3 77 64 82 
3 103 61 75 
3 76 47 104 
3 88 51 76 
3 68 62 80 
3 71 53 90 
3 73 72 119 
3 95 86 70 
3 85 65 67 
3 104 16 98 
3 74 86 100 
3 87 67 61 
3 101 70 83 
3 89 82 85 
3 90 51 88 
3 83 78 87 
3 97 80 77 
3 85 81 93 
3 84 73 118 
3 106 83 93 
3 94 75 84 
3 68 109 130 
2 16 116 
3 89 87 99 
3 117 90 118 
3 97 77 105 
3 69 115 150 
3 102 86 95 
3 79 116 142 
3 113 93 103 
3 114 80 102 
3 105 82 108 
3 100 97 112 
3 117 99 71 
3 72 79 124 
3 112 95 101 
3 111 108 89 
3 131 59 139 
3 123 101 106 
3 121 91 114 
3 136 69 150 
3 122 106 113 
3 102 105 125 
3 144 111 99 
3 109 100 135 
3 96 126 165 
3 196 98 92 
3 120 103 94 
3 94 88 133 
3 128 76 153 
3 127 117 129 
3 130 109 162 
3 132 111 144 
3 125 108 137 
3 149 104 214 
3 135 112 123 
3 115 63 131 
3 134 147 120 
3 161 133 119 
3 134 120 141 
3 140 91 121 
3 126 107 143 
3 179 137 122 
3 145 118 128 
3 147 127 129 
3 114 125 146 
3 138 110 244 
3 148 123 132 
3 55 136 186 
3 143 107 140 
3 164 139 130 
3 151 129 145 
3 214 98 184 
3 155 131 139 
3 152 122 113 
3 160 141 133 
3 157 135 148 
3 154 127 134 
3 176 146 137 
3 195 153 124 
3 110 96 174 
3 156 158 141 
3 179 144 154 
3 177 119 149 
3 152 147 159 
3 165 143 171 
3 168 158 151 
3 162 146 175 
3 159 151 156 
3 167 154 158 
3 163 145 161 
3 160 128 178 
3 166 121 157 
3 169 160 172 
3 171 140 166 
3 174 115 155 
3 170 164 162 
3 208 159 183 
3 187 156 169 
3 201 168 163 
3 173 166 202 
3 189 155 164 
3 199 163 181 
3 206 191 170 
3 150 165 200 
3 202 157 176 
3 175 148 180 
3 178 153 188 
3 182 161 177 
3 180 132 152 
3 208 176 179 
3 204 172 182 
3 181 178 185 
3 193 167 187 
3 250 142 196 
3 203 182 188 
2 138 264 
3 192 183 168 
3 185 177 197 
3 190 171 191 
4 234 198 194 189 
3 209 189 173 
3 210 187 201 
3 210 213 183 
3 200 190 198 
3 197 149 227 
3 289 184 116 
3 188 195 212 
3 218 194 190 
3 211 205 172 
3 221 174 194 
3 220 192 169 
3 170 175 207 
3 204 185 230 
4 211 181 203 223 
3 219 199 215 
3 209 173 216 
3 216 202 208 
4 207 180 167 217 
3 229 191 206 
3 225 193 192 
3 215 199 204 
3 197 227 230 
3 222 217 193 
3 124 142 250 
3 205 211 226 
4 224 206 207 228 
3 208 213 222 
3 221 198 234 
3 220 205 235 
3 232 201 219 
3 244 200 218 
3 217 213 225 
3 204 265 239 
3 229 216 245 
3 233 222 210 
3 240 215 241 
3 212 195 250 
3 216 236 231 
3 242 209 224 
3 203 212 246 
3 262 228 248 
3 238 233 220 
3 236 225 232 
3 254 218 190 
3 237 219 240 
3 228 233 249 
3 243 238 235 
3 251 232 237 
3 241 223 256 
3 235 226 257 
3 261 226 239 
3 254 229 247 
3 252 237 267 
3 264 136 221 
3 263 224 262 
3 258 230 250 
3 242 255 253 
3 269 231 249 
3 248 236 259 
5 246 227 214 184 282 
3 259 238 252 
3 251 243 271 
3 247 255 278 
4 264 234 242 280 
3 253 247 263 
3 274 239 266 
3 260 240 261 
3 265 246 275 
3 272 249 251 
3 268 257 270 
3 257 241 273 
3 245 231 269 
3 278 255 245 
5 186 244 254 280 298 
3 266 223 258 
3 277 256 265 
3 271 243 268 
3 279 267 260 
3 285 262 248 
3 287 260 273 
3 281 252 267 
3 285 259 276 
3 270 261 274 
3 273 256 277 
3 284 258 282 
3 272 281 293 
3 283 274 266 
3 253 263 285 
3 286 268 287 
3 264 254 295 
3 276 271 286 
3 275 250 289 
3 287 277 284 
3 288 283 275 
4 290 278 269 272 
3 281 279 292 
4 279 270 283 291 
3 291 284 289 
4 297 288 282 196 
3 295 285 294 
4 296 292 287 288 
3 293 286 291 
3 294 276 292 
3 295 290 293 
5 298 280 290 294 296 
3 295 291 297 
3 299 296 289 
3 264 295 299 
2 298 297 
