700
0 40 20256
1 42 26618
2 160 4004
3 324 26498
4 324 31848
5 326 6066
6 434 22302
7 524 38706
8 536 23476
9 566 12502
10 588 14930
11 696 41796
12 782 36630
13 860 29918
14 890 16064
15 920 35008
16 944 1668
17 960 28992
18 1016 32948
19 1024 28576
20 1046 13008
21 1116 10958
22 1128 34164
23 1168 37576
24 1180 32022
25 1232 4232
26 1250 32802
27 1312 22226
28 1314 36654
29 1346 958
30 1478 8390
31 1490 4372
32 1518 17362
33 1534 41830
34 1668 17220
35 1864 26744
36 1868 16266
37 2084 32828
38 2138 26250
39 2174 35438
40 2212 21798
41 2248 7458
42 2268 6988
43 2314 40244
44 2400 11002
45 2452 24504
46 2486 23198
47 2564 10652
48 2646 27758
49 2660 1934
50 2660 37958
51 2702 1268
52 2704 14160
53 2816 22856
54 2870 1060
55 2896 35870
56 2972 35262
57 3026 588
58 3124 41980
59 3140 25642
60 3142 9256
61 3168 23158
62 3328 23742
63 3376 40714
64 3384 13144
65 3384 18134
66 3426 17716
67 3476 18994
68 3576 1172
69 3660 22108
70 3666 3132
71 3726 12748
72 3756 25800
73 3780 2224
74 3850 35980
75 3886 31526
76 3920 28378
77 3938 10176
78 4020 9862
79 4066 40176
80 4136 31382
81 4146 26022
82 4176 12050
83 4182 14454
84 4220 22790
85 4356 8704
86 4464 30798
87 4476 35534
88 4554 40372
89 4652 12364
90 4688 32998
91 4716 12154
92 4746 38114
93 4898 20432
94 4918 2436
95 4926 25970
96 5038 1766
97 5074 40518
98 5090 36032
99 5098 36434
100 5118 610
101 5134 38970
102 5254 22296
103 5304 19968
104 5324 36282
105 5360 40428
106 5416 1734
107 5528 11032
108 5550 2912
109 5552 14656
110 5560 3082
111 5576 26058
112 5620 11308
113 5638 6484
114 5652 23932
115 5902 14792
116 5956 38782
117 6140 8952
118 6226 23096
119 6232 37950
120 6348 11480
121 6404 3634
122 6460 8740
123 6478 18708
124 6572 5780
125 6660 37096
126 6722 35552
127 6764 6342
128 6764 27298
129 6812 35452
130 6870 36118
131 7026 14030
132 7058 22874
133 7176 8562
134 7206 40408
135 7334 23636
136 7416 26380
137 7474 29210
138 7570 3756
139 7628 29186
140 7728 3572
141 7940 10010
142 7994 10340
143 8054 4228
144 8110 26468
145 8268 32978
146 8276 14340
147 8360 39878
148 8392 19220
149 8406 31100
150 8436 7752
151 8580 36164
152 8610 33454
153 8786 11184
154 8882 8832
155 8946 22190
156 8956 20096
157 9064 31970
158 9128 17434
159 9154 24744
160 9176 30270
161 9246 28242
162 9350 25274
163 9364 17740
164 9366 16678
165 9372 14980
166 9462 18558
167 9564 10392
168 9656 21026
169 9766 16886
170 9800 22072
171 9870 40394
172 9908 4006
173 9942 12272
174 9994 3826
175 10062 3988
176 10076 30874
177 10116 8546
178 10116 15804
179 10272 430
180 10382 35886
181 10408 29200
182 10468 1674
183 10702 39442
184 10702 41688
185 10762 39256
186 10768 4394
187 10828 10602
188 10836 19466
189 10918 48
190 10918 12660
191 10954 26874
192 10956 38750
193 11138 25950
194 11304 18838
195 11310 13038
196 11416 27012
197 11454 37736
198 11550 6708
199 11574 3582
200 11660 9280
201 11662 19308
202 11686 18754
203 11746 41898
204 11820 28836
205 12026 15862
206 12030 17734
207 12166 28318
208 12184 30746
209 12224 28702
210 12262 35972
211 12294 22706
212 12432 4208
213 12506 37452
214 12578 13426
215 12634 4076
216 12760 40528
217 12786 3320
218 12996 30552
219 13004 17942
220 13070 29018
221 13100 28534
222 13142 12898
223 13152 6722
224 13382 398
225 13400 15032
226 13534 35446
227 13640 37490
228 13690 17018
229 13714 25466
230 13716 29848
231 13760 19248
232 13770 6158
233 13788 11908
234 13864 32218
235 13938 9370
236 13940 14826
237 13982 8864
238 14122 14496
239 14160 41516
240 14174 38442
241 14282 11826
242 14302 40564
243 14376 10906
244 14402 15530
245 14404 40522
246 14498 12200
247 14588 14202
248 14618 20088
249 14718 23680
250 14876 6564
251 14876 19884
252 14906 7994
253 14916 5458
254 14922 11560
255 14948 8560
256 14968 5022
257 15048 4458
258 15110 15436
259 15238 26898
260 15404 8994
261 15476 28326
262 15480 16748
263 15502 4526
264 15508 15050
265 15598 30470
266 15678 1214
267 15688 32390
268 15690 19080
269 15702 7006
270 15768 4988
271 15838 4442
272 15856 14372
273 15958 25674
274 16056 2682
275 16178 15570
276 16370 360
277 16384 32916
278 16494 6748
279 16528 292
280 16602 23206
281 16604 7910
282 16664 23500
283 16752 41576
284 16798 38100
285 16826 23750
286 16970 33078
287 16972 25584
288 17082 14760
289 17394 10940
290 17548 18934
291 17572 19894
292 17722 30374
293 17752 25522
294 17770 3362
295 17814 12766
296 17852 18226
297 17994 24846
298 18136 32256
299 18150 2200
300 18158 20446
301 18198 33734
302 18252 13320
303 18288 31272
304 18382 19452
305 18450 35516
306 18472 8266
307 18654 40874
308 18814 22380
309 18926 6760
310 18974 17316
311 18994 32690
312 19194 13430
313 19324 23578
314 19356 24946
315 19362 25124
316 19426 10604
317 19454 2946
318 19546 2246
319 19590 6816
320 19590 39746
321 19592 25082
322 19628 31910
323 19676 6280
324 19880 31246
325 19978 5964
326 19978 22898
327 19988 21504
328 20004 15218
329 20088 16682
330 20138 38868
331 20154 21254
332 20164 20012
333 20210 2222
334 20246 41448
335 20378 10500
336 20410 33144
337 20528 32318
338 20574 16350
339 20626 38768
340 20782 38366
341 20922 38240
342 20932 26834
343 20942 8958
344 21054 9352
345 21096 41592
346 21118 12500
347 21118 20702
348 21184 18932
349 21206 31676
350 21232 41298
351 21264 38432
352 21286 40088
353 21316 5428
354 21646 31668
355 21654 40166
356 21660 37310
357 21774 18842
358 21866 4170
359 21888 13492
360 21968 21414
361 22244 32650
362 22348 10840
363 22396 20206
364 22412 28052
365 22604 38354
366 22768 25716
367 22770 5400
368 22772 41166
369 22784 18888
370 22822 31200
371 22824 10422
372 22824 41912
373 22826 23154
374 22906 4216
375 22942 7196
376 22968 12582
377 23010 18340
378 23038 23808
379 23054 39206
380 23066 5950
381 23144 32572
382 23224 9284
383 23234 25408
384 23322 2370
385 23526 38238
386 23606 17444
387 23626 504
388 23626 32458
389 23674 34030
390 23724 38572
391 23746 19314
392 23814 7384
393 23828 5146
394 23864 39406
395 23888 22302
396 23940 23834
397 23992 21028
398 24046 5788
399 24072 20656
400 24080 912
401 24316 21570
402 24354 34426
403 24524 4910
404 24528 28036
405 24556 38264
406 24702 14638
407 24714 2314
408 24724 14314
409 24746 17298
410 24752 6378
411 24854 3864
412 25032 15242
413 25190 31670
414 25200 318
415 25210 3926
416 25240 37012
417 25246 32226
418 25268 24434
419 25354 41518
420 25468 12046
421 25472 41470
422 25614 4572
423 25622 27850
424 25630 19368
425 25670 31558
426 25718 37502
427 26090 25232
428 26208 9262
429 26272 5196
430 26356 15806
431 26386 6708
432 26416 9450
433 26508 22014
434 26540 27580
435 26566 39384
436 26614 36490
437 26656 22814
438 26726 11612
439 26726 20632
440 26734 20622
441 26854 11302
442 26988 2504
443 27086 25284
444 27266 12774
445 27380 15750
446 27404 20992
447 27472 4052
448 27484 27434
449 27566 14720
450 27570 4216
451 27622 4120
452 27646 39744
453 27672 7528
454 27746 9636
455 27784 10518
456 27818 35166
457 27846 26124
458 27884 33404
459 28176 34364
460 28200 11490
461 28252 6132
462 28456 6856
463 28506 8686
464 28534 26762
465 28568 23682
466 28576 20604
467 28584 18440
468 28608 28830
469 28764 1042
470 28794 16612
471 28804 29458
472 28914 17800
473 28922 21666
474 28940 18414
475 28990 19908
476 29012 3378
477 29108 23890
478 29110 11712
479 29172 2030
480 29190 41400
481 29218 39002
482 29230 16350
483 29260 22394
484 29290 23184
485 29318 17104
486 29338 27186
487 29416 26294
488 29534 13372
489 29556 26370
490 29592 1624
491 29624 2600
492 29788 21002
493 29808 8292
494 29818 240
495 29864 39752
496 29916 828
497 29920 30594
498 29954 36406
499 29970 9026
500 30082 21440
501 30088 27592
502 30138 27822
503 30148 40904
504 30222 29132
505 30236 18694
506 30268 34144
507 30282 2422
508 30300 29738
509 30326 284
510 30512 31494
511 30630 33766
512 30648 2788
513 30682 40486
514 30704 4130
515 30836 1958
516 30840 35750
517 30850 28794
518 30934 1056
519 30990 10942
520 31022 33668
521 31044 18786
522 31056 23722
523 31108 34794
524 31114 33164
525 31156 20752
526 31160 34462
527 31210 32106
528 31334 30318
529 31364 37896
530 31434 27618
531 31440 31286
532 31460 24848
533 31464 29034
534 31528 28238
535 31564 5278
536 31568 8488
537 31608 26798
538 31674 6480
539 31704 22012
540 31734 37454
541 31886 3418
542 31892 3226
543 31896 30140
544 31898 12622
545 31930 8998
546 31972 26578
547 32002 34974
548 32032 15124
549 32032 19414
550 32056 5842
551 32066 18680
552 32118 31256
553 32278 14096
554 32292 9634
555 32330 37934
556 32348 32772
557 32412 18182
558 32638 29166
559 32722 27978
560 32784 31328
561 32840 13644
562 32926 13102
563 33004 7948
564 33032 40708
565 33114 6484
566 33192 28858
567 33222 26654
568 33234 39302
569 33260 25492
570 33458 32786
571 33464 614
572 33496 37168
573 33562 13548
574 33652 27370
575 33838 10016
576 33906 2342
577 33980 23258
578 34018 31598
579 34042 5362
580 34068 26394
581 34074 17486
582 34130 7956
583 34326 41388
584 34384 30000
585 34498 10808
586 34540 25202
587 34546 31878
588 34706 1516
589 34726 1394
590 34780 4378
591 34804 9136
592 34858 39158
593 34892 526
594 35024 2602
595 35088 15822
596 35112 12962
597 35140 7888
598 35150 21334
599 35240 30126
600 35300 27778
601 35360 23500
602 35428 26630
603 35598 31878
604 35672 11914
605 35704 17048
606 35710 36386
607 35730 39496
608 35780 3228
609 35796 27052
610 35926 2222
611 35952 35820
612 35984 36222
613 36046 28756
614 36098 36360
615 36116 2316
616 36240 39856
617 36254 21168
618 36308 7616
619 36364 19712
620 36426 41214
621 36502 9194
622 36546 13468
623 36560 6160
624 36566 25604
625 36608 16820
626 36932 36360
627 36970 5954
628 37032 36992
629 37076 41864
630 37146 500
631 37320 18660
632 37320 27490
633 37370 34110
634 37398 2142
635 37398 39376
636 37414 40880
637 37450 9444
638 37466 34294
639 37662 12910
640 37708 15692
641 37850 3032
642 37864 37480
643 37992 9254
644 38150 8472
645 38188 31760
646 38194 35780
647 38280 2324
648 38288 25434
649 38350 28490
650 38406 39458
651 38500 16050
652 38516 13648
653 38658 3834
654 38840 11078
655 38876 27252
656 38964 32650
657 39104 25794
658 39326 2030
659 39348 8844
660 39352 28500
661 39424 37346
662 39464 2854
663 39508 7538
664 39524 14958
665 39548 16470
666 39562 30948
667 39578 14646
668 39712 33426
669 39736 27874
670 39830 30412
671 40008 34820
672 40014 23664
673 40048 8820
674 40200 22966
675 40232 78
676 40276 18498
677 40394 548
678 40440 17364
679 40442 6502
680 40578 20770
681 40630 25372
682 40632 23168
683 40814 32324
684 41066 22504
685 41080 6782
686 41132 5908
687 41170 16418
688 41220 30746
689 41342 14262
690 41374 28656
691 41406 12314
692 41414 21260
693 41434 21774
694 41500 30470
695 41510 5940
696 41664 17596
697 41724 8762
698 41758 380
699 41964 11262
2 1 2 
4 4 7 0 3 
4 25 5 0 16 
3 13 1 6 
3 12 7 1 
3 30 9 2 
3 8 3 10 
3 11 1 4 
3 17 6 14 
3 10 5 21 
3 14 6 9 
5 33 58 7 12 23 
3 11 4 15 
3 18 3 17 
3 8 10 20 
3 12 18 22 
2 2 29 
3 13 8 19 
3 15 13 24 
3 24 17 27 
3 32 14 21 
3 20 9 30 
3 23 15 26 
3 11 22 28 
3 26 18 19 
3 31 2 49 
3 22 24 35 
3 19 32 34 
4 23 38 37 39 
3 51 16 57 
3 21 5 41 
3 42 25 70 
3 27 20 34 
4 58 11 43 63 
3 27 32 36 
3 26 40 38 
3 40 34 44 
3 39 28 48 
3 28 35 45 
3 55 28 37 
3 46 35 36 
3 44 30 42 
3 60 41 31 
3 33 50 92 
3 36 41 47 
3 48 38 46 
3 45 40 53 
3 52 44 60 
3 37 45 61 
3 73 25 51 
3 43 55 74 
3 49 29 54 
3 65 53 47 
3 61 46 52 
3 68 51 57 
3 50 39 56 
3 55 59 75 
4 100 54 29 189 
6 11 33 184 203 372 629 
3 56 61 62 
4 77 64 47 42 
4 59 48 53 65 
3 72 59 67 
4 33 79 88 97 
3 66 60 71 
3 61 52 66 
3 67 65 64 
3 69 62 66 
3 96 54 100 
3 84 72 67 
3 78 31 73 
3 83 64 82 
3 76 62 69 
3 94 70 49 
3 50 90 87 
3 56 76 80 
3 75 72 81 
3 82 60 78 
3 77 70 85 
3 88 63 101 
3 90 75 86 
3 76 84 102 
3 89 71 77 
3 93 71 89 
3 81 69 93 
3 78 110 113 
3 80 95 137 
3 98 74 149 
3 105 63 79 
3 83 82 91 
3 74 80 149 
3 89 113 107 
3 101 43 99 
3 84 83 103 
4 174 108 73 96 
3 111 86 102 
3 94 68 106 
3 63 105 134 
3 99 87 157 
3 92 98 104 
3 68 57 179 
3 79 92 116 
4 114 95 81 103 
3 102 93 109 
3 99 145 126 
3 97 88 147 
3 96 224 182 
3 112 91 117 
3 140 110 94 
3 115 103 112 
3 121 85 108 
3 128 95 114 
3 120 109 107 
3 91 85 121 
3 111 102 118 
3 123 109 131 
3 101 119 192 
3 107 124 122 
3 114 123 132 
3 116 126 125 
3 131 112 142 
4 138 124 113 110 
4 141 117 127 133 
3 148 118 115 
3 127 117 121 
3 197 119 130 
3 119 104 129 
3 122 124 143 
3 137 111 136 
3 130 126 152 
3 151 125 129 
3 146 115 120 
3 135 118 155 
3 154 122 150 
3 97 147 171 
3 159 136 132 
3 144 128 135 
3 86 128 139 
3 143 121 140 
3 160 137 161 
3 172 138 108 
3 167 142 122 
3 153 120 141 
3 127 138 172 
3 161 136 162 
3 152 104 157 
3 165 131 153 
3 134 105 185 
3 156 123 158 
3 87 90 160 
3 133 186 198 
3 213 130 180 
3 180 129 145 
3 173 146 142 
3 200 133 177 
3 132 156 170 
3 168 155 148 
3 145 98 176 
3 163 148 164 
3 193 162 135 
3 149 139 181 
3 181 139 144 
3 191 144 159 
3 166 158 169 
3 158 165 178 
3 164 146 173 
3 188 168 163 
3 187 190 141 
3 170 156 166 
3 194 163 178 
3 211 155 168 
3 216 134 183 
3 143 140 175 
3 190 165 153 
3 175 94 199 
3 186 172 174 
3 157 204 208 
3 237 154 223 
4 205 169 164 195 
3 100 189 224 
3 210 151 152 
3 160 161 204 
3 217 106 266 
3 245 171 185 
3 58 239 283 
3 183 147 192 
3 150 175 212 
3 233 167 200 
3 211 166 201 
4 675 279 179 57 
3 195 173 167 
3 196 207 162 
4 320 185 116 240 
3 196 159 229 
3 201 169 202 
3 214 178 190 
3 221 191 193 
3 240 125 213 
3 150 256 232 
3 215 174 217 
3 235 187 154 
3 248 188 194 
3 231 194 206 
3 372 58 345 
3 176 181 209 
3 206 178 225 
3 219 202 205 
3 220 209 191 
3 234 176 218 
3 218 204 207 
3 227 180 226 
3 249 170 188 
3 257 186 215 
3 227 197 151 
3 225 195 222 
3 257 212 199 
3 242 239 171 
3 199 182 274 
3 267 208 209 
3 268 206 228 
3 230 207 221 
3 220 196 261 
3 238 214 233 
3 252 177 232 
3 106 179 276 
3 205 214 236 
3 340 210 234 
3 284 213 210 
3 219 244 262 
3 259 193 249 
3 265 267 220 
3 251 202 268 
4 250 223 198 253 
3 222 187 241 
3 305 226 208 
3 243 200 237 
3 244 225 238 
3 235 177 255 
3 236 222 247 
3 283 184 216 
3 320 192 197 
3 246 233 243 
3 307 216 245 
3 254 241 235 
3 228 236 258 
3 242 183 355 
3 247 241 254 
3 272 238 246 
3 280 201 251 
3 229 211 282 
3 278 269 232 
3 291 248 231 
3 255 223 281 
3 232 256 270 
3 295 246 243 
3 260 237 252 
3 253 198 263 
3 263 212 215 
3 275 244 264 
3 261 229 273 
3 316 289 255 
3 292 221 259 
3 296 228 275 
3 256 257 271 
3 258 272 288 
3 303 298 230 
3 299 182 387 
3 277 218 230 
3 231 219 290 
3 281 250 278 
3 325 253 271 
3 270 263 294 
3 264 247 302 
3 259 285 287 
3 294 217 299 
3 262 258 288 
3 224 279 414 
3 286 305 267 
3 309 269 250 
3 276 189 494 
3 282 248 300 
3 306 252 269 
3 285 249 280 
4 345 184 239 334 
3 339 330 227 
3 273 282 308 
3 301 277 298 
3 273 297 293 
3 275 264 312 
3 295 260 316 
3 304 268 296 
3 300 251 304 
3 324 303 261 
3 342 287 315 
3 271 274 317 
3 302 254 289 
3 290 262 310 
3 314 287 313 
3 311 286 265 
3 318 274 266 
3 331 280 291 
3 356 286 311 
3 312 272 295 
3 322 265 292 
3 332 291 290 
3 341 234 277 
3 343 281 319 
3 368 350 242 
3 326 285 327 
3 319 278 323 
3 296 328 329 
3 336 301 298 
3 288 302 346 
3 314 297 326 
3 315 297 313 
3 293 314 321 
3 289 260 335 
3 358 294 318 
3 317 299 333 
3 306 309 380 
3 352 192 240 
3 342 315 373 
3 337 336 303 
3 309 325 367 
3 349 337 292 
3 323 270 353 
3 313 308 360 
3 308 331 360 
3 310 346 359 
3 348 310 338 
3 394 352 284 
3 327 300 347 
3 347 304 348 
3 384 318 400 
3 421 283 350 
3 362 316 344 
3 416 311 322 
3 389 322 324 
3 329 420 408 
4 379 284 340 351 
3 339 226 341 
3 351 340 305 
3 364 293 321 
3 344 306 375 
3 335 343 392 
3 203 283 419 
3 328 312 362 
3 331 332 363 
3 332 329 357 
3 361 324 354 
3 334 307 368 
3 339 341 365 
3 355 320 330 
3 325 358 367 
3 388 349 370 
3 503 245 352 
3 385 365 301 
3 369 348 377 
3 374 353 317 
3 328 428 376 
3 326 327 397 
3 389 349 381 
3 346 335 371 
3 399 347 391 
3 370 342 366 
3 390 351 356 
3 364 373 383 
3 323 353 393 
3 480 350 307 
3 391 357 377 
3 413 354 364 
3 362 382 453 
3 58 203 629 
4 378 366 321 395 
3 403 358 411 
3 343 398 410 
3 359 432 420 
3 369 357 386 
3 396 383 373 
3 452 394 339 
3 319 393 398 
3 458 361 388 
3 371 392 431 
3 404 366 378 
3 411 333 407 
3 405 390 356 
3 377 406 409 
3 400 266 414 
3 381 354 417 
3 402 337 361 
3 435 365 385 
3 424 363 369 
3 382 344 410 
3 380 367 403 
3 503 330 379 
3 396 373 401 
3 418 378 395 
3 401 360 399 
3 375 380 429 
3 397 363 439 
4 469 333 387 496 
3 433 395 397 
3 456 436 389 
3 393 374 422 
3 425 383 423 
3 481 385 426 
3 412 386 408 
3 442 384 479 
3 406 338 438 
3 424 386 412 
3 392 375 429 
3 415 374 384 
3 430 409 406 
3 417 370 425 
4 593 387 276 509 
3 422 411 442 
3 426 336 436 
3 388 413 510 
3 427 396 437 
3 345 421 583 
3 338 376 441 
3 419 334 480 
3 403 415 447 
3 471 404 434 
3 440 391 409 
3 413 404 497 
3 568 405 416 
3 443 434 418 
4 432 359 453 463 
3 410 398 450 
3 467 412 445 
3 382 450 461 
3 454 376 428 
3 437 401 446 
3 423 427 448 
3 495 452 390 
3 529 416 402 
3 465 418 433 
3 444 408 441 
3 446 399 440 
3 439 424 466 
3 438 420 455 
3 491 415 407 
3 457 427 465 
3 449 438 460 
3 470 430 449 
3 473 433 439 
3 451 422 476 
3 468 434 457 
3 445 444 488 
3 431 429 451 
3 514 450 447 
3 513 379 435 
3 428 371 462 
3 455 432 463 
3 460 441 454 
3 498 402 459 
3 464 448 443 
3 511 459 381 
3 456 458 506 
3 478 444 455 
3 462 431 514 
3 453 461 535 
3 454 428 493 
3 486 504 457 
3 477 443 437 
3 473 440 475 
3 475 430 474 
3 508 471 448 
3 518 490 400 
3 472 445 482 
3 497 423 468 
3 474 470 485 
3 483 446 466 
3 492 467 472 
3 492 466 467 
3 447 491 512 
3 487 465 484 
4 488 460 499 519 
3 507 407 490 
3 421 368 583 
3 568 495 405 
3 485 470 553 
3 537 484 473 
3 489 477 483 
3 505 472 482 
3 502 464 487 
3 489 486 477 
3 449 478 544 
3 501 487 484 
3 515 479 469 
3 476 442 507 
3 500 475 474 
3 499 463 538 
3 509 279 675 
3 564 435 481 
3 518 400 571 
3 531 425 471 
3 540 456 516 
3 478 493 536 
3 539 522 492 
3 530 502 489 
3 517 486 501 
3 583 355 394 
3 508 464 517 
3 521 525 485 
4 526 523 459 511 
4 512 491 479 515 
3 528 468 504 
3 630 414 494 
3 527 417 531 
3 506 458 520 
3 542 476 507 
3 564 583 452 
3 461 451 542 
3 576 507 490 
3 606 498 523 
3 533 504 502 
3 588 469 496 
3 544 478 554 
3 526 511 524 
3 549 505 548 
3 569 532 500 
3 547 516 506 
3 520 527 556 
3 586 539 505 
3 547 506 520 
3 556 524 510 
3 552 508 543 
4 555 592 436 540 
3 534 501 537 
3 510 497 552 
3 567 546 522 
3 543 517 534 
3 558 533 530 
3 550 462 541 
3 545 499 563 
3 530 483 546 
3 565 493 550 
3 569 500 525 
3 529 498 572 
3 535 542 594 
4 541 514 512 576 
3 560 528 533 
3 562 488 519 
3 554 536 582 
3 559 537 532 
3 612 523 526 
3 551 521 553 
3 577 521 551 
3 538 535 590 
3 549 548 557 
3 560 531 528 
3 548 482 561 
3 575 519 545 
3 592 529 572 
3 570 524 527 
3 551 573 581 
3 578 534 566 
3 566 546 574 
3 578 552 543 
3 553 562 573 
3 561 544 575 
3 582 536 565 
3 620 513 495 
3 563 538 579 
3 584 558 559 
3 574 532 580 
3 607 481 426 
3 580 522 539 
3 611 556 587 
3 589 496 593 
3 555 540 606 
3 557 561 585 
3 600 559 567 
3 562 554 591 
3 542 515 610 
3 601 586 549 
3 587 560 558 
3 623 565 590 
3 602 567 569 
3 598 557 595 
3 545 563 597 
5 629 419 480 503 513 
3 599 603 566 
3 596 573 591 
3 602 525 577 
3 603 570 578 
3 610 518 589 
3 634 588 571 
3 579 550 608 
3 585 575 597 
3 607 529 555 
3 571 414 630 
3 608 541 615 
3 605 581 596 
3 595 585 604 
3 591 582 618 
3 601 581 617 
3 645 584 613 
3 613 574 609 
3 624 577 598 
3 609 580 586 
3 633 587 584 
3 622 596 621 
3 619 595 625 
3 572 516 614 
4 616 568 592 628 
3 590 594 641 
4 632 600 602 624 
3 615 576 588 
3 612 570 638 
3 614 547 611 
3 599 600 649 
3 626 606 612 
3 594 610 634 
3 620 607 635 
3 648 598 619 
3 621 597 623 
3 617 605 631 
3 629 564 616 
3 637 604 618 
3 640 604 639 
3 618 579 627 
3 609 601 648 
3 631 605 640 
3 628 614 638 
3 644 623 653 
3 607 626 646 
6 58 372 583 620 636 650 
3 677 593 509 
3 674 619 625 
3 649 609 655 
3 638 603 645 
3 647 615 589 
3 636 616 642 
3 629 635 671 
3 639 621 643 
4 626 611 633 656 
3 652 622 637 
3 651 625 622 
3 653 608 647 
3 635 646 668 
3 654 637 644 
3 643 627 663 
3 633 599 660 
3 642 628 656 
3 641 634 658 
3 657 624 617 
3 660 613 632 
2 629 661 
3 665 676 640 
3 664 639 654 
3 627 641 662 
3 652 643 659 
3 669 632 657 
3 646 638 666 
3 655 648 672 
3 662 647 677 
3 654 663 673 
3 645 649 669 
3 650 671 694 
3 679 653 658 
3 659 644 679 
3 665 652 667 
3 678 651 664 
3 656 669 670 
3 664 673 691 
3 671 642 670 
4 666 660 655 672 
3 668 666 681 
4 661 636 668 683 
3 669 657 674 
3 667 659 685 
3 682 672 631 
3 698 494 189 
3 680 651 678 
3 658 630 698 
3 676 665 687 
3 663 662 686 
3 684 682 676 
3 688 670 682 
4 690 681 674 680 
3 671 688 694 
4 690 680 687 692 
3 673 686 695 
3 685 679 698 
3 684 678 689 
3 683 681 694 
3 692 687 691 
4 694 682 684 693 
3 689 667 697 
3 693 684 689 
3 690 692 696 
6 661 683 688 690 696 699 
3 697 685 698 
3 694 693 699 
3 699 691 695 
5 699 695 686 677 675 
4 694 696 697 698 
