80
0 70 686
1 208 4452
2 472 130
3 654 4216
4 664 2112
5 700 1984
6 716 4634
7 736 940
8 758 2650
9 824 528
10 898 364
11 1112 3208
12 1192 294
13 1204 2194
14 1212 70
15 1220 1490
16 1340 1622
17 1354 2126
18 1418 3618
19 1476 612
20 1536 1672
21 1858 2390
22 1926 1852
23 1936 2464
24 1940 2046
25 1956 1298
26 1980 4436
27 2014 932
28 2014 956
29 2068 16
30 2084 3342
31 2098 1566
32 2224 4216
33 2346 2654
34 2376 2470
35 2480 1028
36 2504 2382
37 2518 2128
38 2616 3344
39 2630 1814
40 2664 1670
41 2718 2546
42 2802 20
43 2820 4356
44 2982 1524
45 2988 4328
46 3024 3206
47 3030 1676
48 3070 1900
49 3088 4492
50 3108 2292
51 3116 1000
52 3116 2686
53 3158 3586
54 3226 4104
55 3228 2336
56 3232 3198
57 3344 1194
58 3460 874
59 3594 4568
60 3668 50
61 3810 3674
62 3816 3582
63 3878 3404
64 3908 3548
65 3966 2848
66 3980 1482
67 3986 4592
68 4150 3846
69 4338 3538
70 4350 2274
71 4358 2474
72 4414 1350
73 4454 4630
74 4486 4238
75 4504 398
76 4528 1428
77 4556 4274
78 4574 2170
79 4608 3250
3 4 1 2 
5 6 0 8 3 26 
5 10 9 7 0 14 
3 26 1 11 
4 13 8 0 5 
3 4 7 15 
3 1 59 73 
3 5 2 9 
3 11 1 4 
3 7 2 10 
3 9 2 12 
3 18 3 8 
3 19 10 29 
3 18 4 17 
2 2 29 
3 16 5 19 
3 20 17 15 
3 21 13 16 
3 26 11 13 
3 27 15 12 
3 22 16 25 
3 23 17 24 
3 24 20 31 
3 33 30 21 
3 34 21 22 
3 31 20 28 
5 49 1 3 18 32 
3 35 28 19 
3 40 25 27 
3 42 12 14 
3 38 32 23 
3 37 22 25 
3 43 26 30 
3 46 23 34 
3 33 24 36 
3 44 27 51 
3 41 34 37 
3 36 31 39 
3 53 30 46 
3 50 37 40 
3 48 39 28 
3 52 56 36 
2 60 29 
3 49 32 45 
3 47 35 51 
3 67 43 54 
3 38 33 56 
3 48 44 57 
3 55 40 47 
3 59 26 43 
3 55 52 39 
3 44 35 58 
3 62 41 50 
3 61 54 38 
3 74 45 53 
3 63 50 48 
3 61 46 41 
4 66 65 47 58 
3 57 51 75 
3 67 6 49 
2 75 42 
4 68 53 56 62 
3 61 52 64 
3 64 55 65 
3 68 62 63 
3 69 63 57 
3 70 57 72 
3 73 59 45 
3 74 61 64 
3 77 65 71 
3 71 66 72 
3 69 70 76 
3 70 66 75 
3 6 67 77 
3 77 54 68 
5 78 76 72 58 60 
3 78 71 75 
4 73 74 69 79 
3 79 76 75 
2 77 78 
