600
0 52 26834
1 126 9298
2 128 21802
3 138 13394
4 378 10048
5 388 22
6 492 13078
7 616 16562
8 642 14832
9 686 19388
10 774 28772
11 826 644
12 828 4630
13 926 26688
14 926 34642
15 1044 31280
16 1060 14974
17 1100 11334
18 1108 32304
19 1236 26014
20 1264 1090
21 1302 2722
22 1356 7730
23 1400 25924
24 1590 2864
25 1602 8882
26 1628 12892
27 1666 34700
28 1696 28538
29 1730 10492
30 1908 14778
31 1920 34408
32 1982 22346
33 2066 14558
34 2074 18730
35 2168 15804
36 2250 27464
37 2254 2078
38 2446 14404
39 2488 28956
40 2490 4326
41 2514 17700
42 2604 2762
43 2620 12192
44 2674 7800
45 2758 19636
46 2860 21434
47 2882 3002
48 2900 28604
49 2940 9488
50 2982 20374
51 2994 8232
52 3130 11690
53 3202 17148
54 3258 9510
55 3342 11022
56 3348 12426
57 3352 13372
58 3476 26492
59 3550 26264
60 3554 26560
61 3674 10526
62 3872 31630
63 3914 14270
64 3916 16718
65 3928 25570
66 3940 21916
67 3954 21626
68 3972 6352
69 3986 9210
70 4074 27738
71 4162 16840
72 4176 30384
73 4328 12886
74 4364 21756
75 4382 11948
76 4428 718
77 4450 12130
78 4460 34828
79 4564 16720
80 4610 31746
81 4616 7456
82 4648 15374
83 4698 978
84 4830 21788
85 4838 16490
86 4940 35776
87 5096 18980
88 5230 29680
89 5322 19106
90 5324 18224
91 5326 27780
92 5336 25724
93 5396 30016
94 5434 12234
95 5436 15548
96 5526 29682
97 5572 1444
98 5586 26288
99 5606 3872
100 5638 288
101 5650 29742
102 5656 4464
103 5702 33130
104 5808 15030
105 5852 23540
106 5852 30872
107 5862 7722
108 5954 1958
109 5982 34080
110 5990 12654
111 6062 8738
112 6180 1356
113 6212 4388
114 6238 29902
115 6296 24632
116 6400 18000
117 6418 21728
118 6690 24560
119 6728 9404
120 6832 9856
121 6848 30326
122 6856 4904
123 6862 28240
124 6952 22932
125 7032 34284
126 7052 34806
127 7092 33700
128 7132 7360
129 7158 6130
130 7322 11664
131 7358 5254
132 7452 35674
133 7456 7196
134 7462 32712
135 7714 22368
136 7744 3454
137 7910 34944
138 7920 25106
139 7950 30546
140 8206 33822
141 8282 10406
142 8386 5214
143 8390 27616
144 8488 20964
145 8644 27808
146 8660 13866
147 8706 11204
148 8784 11610
149 8856 28700
150 8886 29598
151 9044 1876
152 9072 24026
153 9126 32830
154 9198 31406
155 9202 18768
156 9296 15602
157 9324 1554
158 9348 17612
159 9358 8430
160 9374 17202
161 9528 29768
162 9582 31986
163 9584 20992
164 9678 16314
165 9682 28074
166 9788 34306
167 9924 32858
168 9966 9082
169 9974 8874
170 10018 9548
171 10018 27954
172 10076 2324
173 10116 30426
174 10132 16572
175 10142 2728
176 10180 7362
177 10222 30690
178 10228 35990
179 10382 19010
180 10596 31836
181 10640 2550
182 10728 26572
183 10734 18824
184 10756 16324
185 10766 2614
186 10828 17888
187 10836 28026
188 10864 34492
189 10980 34504
190 10996 20164
191 11050 4660
192 11120 8962
193 11170 3700
194 11178 30158
195 11284 13218
196 11316 6446
197 11320 14150
198 11406 33002
199 11422 28614
200 11508 16714
201 11602 22428
202 11616 11698
203 11638 23606
204 11692 23030
205 11694 31942
206 11736 21130
207 11756 2944
208 11816 32184
209 11852 31996
210 11872 20662
211 12074 4844
212 12074 10692
213 12184 21804
214 12398 17370
215 12454 34420
216 12478 28514
217 12492 6274
218 12576 218
219 12616 9482
220 12650 1396
221 12666 26626
222 12806 35714
223 12826 18136
224 12876 17834
225 12936 20456
226 12978 31804
227 13034 3100
228 13048 31834
229 13174 30828
230 13222 19240
231 13256 4162
232 13360 31740
233 13406 7244
234 13438 28276
235 13450 10750
236 13520 9456
237 13530 6788
238 13552 20486
239 13584 30280
240 13604 21898
241 13614 9974
242 13698 18886
243 13720 29320
244 13778 20102
245 13836 3320
246 13842 7196
247 13848 24890
248 13934 29658
249 14024 28286
250 14080 8410
251 14096 24294
252 14106 34802
253 14120 1218
254 14232 13122
255 14388 16856
256 14452 30222
257 14458 6416
258 14472 19858
259 14498 18730
260 14796 27436
261 14816 19124
262 14842 14232
263 14844 4910
264 15090 26976
265 15230 112
266 15250 22572
267 15402 35804
268 15416 34160
269 15644 22426
270 15666 956
271 15766 3274
272 15844 2268
273 15898 4484
274 15914 10642
275 15960 30996
276 16012 15162
277 16014 19866
278 16090 35776
279 16172 26082
280 16172 27994
281 16174 16638
282 16224 7510
283 16298 20378
284 16396 21644
285 16554 28354
286 16610 6896
287 16626 5792
288 16678 11982
289 16684 24408
290 17118 8688
291 17122 31650
292 17164 19916
293 17256 9084
294 17278 33920
295 17336 12740
296 17342 29020
297 17366 33428
298 17370 22948
299 17392 22480
300 17444 19336
301 17532 3480
302 17536 1958
303 17540 4364
304 17596 29996
305 17990 34178
306 18010 24952
307 18040 15302
308 18058 21380
309 18100 22522
310 18126 19340
311 18168 32950
312 18284 5878
313 18284 14884
314 18312 20014
315 18322 12492
316 18390 21106
317 18422 19130
318 18488 9732
319 18634 9332
320 18774 34926
321 18820 4184
322 18866 26100
323 18882 14598
324 19096 7714
325 19150 3354
326 19202 11470
327 19232 26696
328 19280 23188
329 19288 20306
330 19368 5844
331 19500 21616
332 19724 13008
333 19820 18452
334 20072 18946
335 20102 8230
336 20270 10732
337 20270 29026
338 20272 25560
339 20298 16158
340 20314 27276
341 20436 12836
342 20508 29758
343 20540 16240
344 20576 28518
345 20608 11462
346 20610 16072
347 20640 13024
348 20856 21058
349 20884 24914
350 20930 29962
351 21020 27668
352 21054 12966
353 21090 20228
354 21260 1872
355 21288 15356
356 21298 1912
357 21334 30594
358 21340 8508
359 21382 18498
360 21510 25874
361 21540 23558
362 21682 14180
363 21700 22646
364 21742 9998
365 21748 9184
366 21768 12212
367 21902 118
368 21934 31706
369 22070 14584
370 22106 24710
371 22124 25242
372 22188 11538
373 22330 8264
374 22366 2588
375 22388 11118
376 22426 1290
377 22428 28652
378 22656 2680
379 22672 33172
380 22688 6324
381 22798 17726
382 22878 32094
383 22914 27624
384 23032 6352
385 23070 29452
386 23074 34432
387 23104 11362
388 23204 2660
389 23216 4840
390 23224 10192
391 23262 2176
392 23294 16836
393 23568 7818
394 23576 1410
395 23598 25002
396 23630 25454
397 23690 7700
398 23738 8470
399 23766 8974
400 23782 8974
401 23790 11502
402 23810 4046
403 23842 15584
404 23878 6976
405 23942 16882
406 23960 21098
407 23994 8722
408 24074 2022
409 24182 7200
410 24210 25292
411 24510 32128
412 24602 1530
413 24608 25768
414 24626 22038
415 24634 8526
416 24656 12016
417 24656 12398
418 24690 20708
419 24738 18732
420 24914 15370
421 24916 12136
422 25092 27708
423 25132 21756
424 25146 12666
425 25164 28610
426 25186 35796
427 25206 12510
428 25248 33940
429 25326 16918
430 25332 5474
431 25358 5916
432 25366 16094
433 25378 280
434 25510 3580
435 25690 19052
436 25754 15752
437 25910 21056
438 26018 22302
439 26074 25666
440 26076 29522
441 26086 25350
442 26288 22822
443 26306 22514
444 26450 6886
445 26484 7346
446 26556 4638
447 26562 33800
448 26594 28666
449 26616 19172
450 26842 11658
451 26864 11834
452 26900 34008
453 26902 24018
454 26906 15940
455 27038 7654
456 27136 19872
457 27140 19686
458 27148 21834
459 27182 18614
460 27238 4402
461 27270 8558
462 27294 19290
463 27300 23102
464 27442 8330
465 27528 1280
466 27714 5122
467 27786 30250
468 27922 19670
469 28042 25226
470 28126 32024
471 28144 34960
472 28186 35594
473 28220 24944
474 28222 11310
475 28244 11540
476 28272 9238
477 28288 12832
478 28358 13344
479 28524 35154
480 28784 2952
481 28816 27844
482 28910 32286
483 28918 12926
484 28940 8250
485 28974 31980
486 29030 31596
487 29032 8246
488 29046 24922
489 29086 19458
490 29206 4258
491 29392 940
492 29412 34986
493 29546 3352
494 29576 1436
495 29598 29184
496 29604 21580
497 29638 7148
498 29762 1912
499 29762 13148
500 29784 6734
501 29892 13740
502 30050 7076
503 30098 30232
504 30198 6750
505 30200 6520
506 30334 13640
507 30390 10778
508 30420 20186
509 30548 29524
510 30736 24672
511 30762 28688
512 30796 28982
513 30810 1276
514 30874 20408
515 30902 27762
516 30914 21786
517 30972 29170
518 31130 22084
519 31190 7088
520 31198 29050
521 31362 31106
522 31382 20558
523 31396 16936
524 31426 24050
525 31446 27602
526 31460 20968
527 31478 12828
528 31492 610
529 31548 12246
530 31668 17118
531 31742 25082
532 31748 17682
533 31772 464
534 31876 35220
535 31964 34524
536 31992 2210
537 32012 20468
538 32086 22510
539 32092 6186
540 32116 706
541 32160 27548
542 32202 2404
543 32214 2194
544 32238 14652
545 32290 28282
546 32334 29958
547 32342 33840
548 32344 754
549 32362 10882
550 32486 9020
551 32626 30118
552 32696 2176
553 32702 24258
554 32710 12696
555 32896 9736
556 33014 28012
557 33026 33336
558 33106 1230
559 33166 20328
560 33228 5180
561 33286 24040
562 33402 17116
563 33588 3866
564 33602 31064
565 33604 19570
566 33604 30284
567 33630 8456
568 33640 22866
569 33654 6688
570 33692 12668
571 33724 30572
572 33858 14854
573 33890 35380
574 33896 22162
575 34144 34234
576 34218 27914
577 34244 11390
578 34370 27372
579 34576 19364
580 34816 29400
581 34820 23960
582 34854 5578
583 34916 28776
584 34946 32694
585 35032 12188
586 35126 29764
587 35192 16938
588 35256 8234
589 35268 1880
590 35374 30626
591 35410 1252
592 35426 6278
593 35494 24274
594 35588 6172
595 35626 20902
596 35832 7920
597 35862 34996
598 35902 1582
599 35918 30282
4 10 14 1 2 
4 4 3 0 5 
3 13 0 3 
3 9 2 1 
3 6 1 12 
6 367 265 100 76 11 1 
3 8 7 4 
3 9 6 8 
3 16 7 6 
3 19 3 7 
4 15 0 13 28 
3 20 12 5 
3 17 4 11 
3 10 2 19 
6 27 86 0 18 31 125 
3 62 18 10 
5 34 8 17 26 30 
3 16 12 22 
3 103 14 15 
3 13 9 23 
3 37 21 11 
3 24 22 20 
3 25 17 21 
3 36 19 32 
3 40 21 42 
3 29 22 44 
3 16 29 43 
4 78 86 14 188 
3 39 10 36 
3 26 25 49 
3 35 16 33 
3 14 103 109 
3 23 34 46 
3 30 43 38 
3 45 32 16 
3 41 30 38 
3 28 23 58 
4 99 42 20 83 
3 35 33 57 
3 72 28 48 
3 44 24 47 
3 45 35 53 
3 47 24 37 
3 33 26 52 
4 51 25 40 68 
3 50 34 41 
3 67 32 50 
3 102 40 42 
3 39 60 70 
3 54 29 51 
3 46 45 71 
3 49 44 81 
3 56 43 55 
3 41 63 64 
3 55 49 69 
3 52 54 61 
3 57 52 75 
3 63 38 56 
3 60 36 59 
3 58 66 65 
3 48 58 92 
3 55 69 111 
3 80 15 72 
3 53 57 73 
3 71 53 82 
3 59 74 115 
3 59 67 74 
3 66 46 87 
3 44 102 122 
3 61 54 107 
3 91 48 98 
3 50 64 79 
4 62 39 88 93 
3 82 63 77 
4 84 65 66 89 
3 77 56 120 
3 157 83 5 
3 94 73 75 
3 132 27 126 
3 90 71 85 
3 134 62 106 
3 107 51 129 
3 95 64 73 
4 112 97 37 76 
3 105 74 117 
3 79 95 164 
4 178 14 27 132 
3 89 67 90 
3 96 72 123 
3 74 87 116 
3 87 79 116 
3 123 70 143 
3 98 60 118 
3 106 72 101 
3 110 77 130 
3 85 82 104 
3 101 88 149 
3 108 83 112 
3 70 92 138 
3 113 37 108 
3 270 5 218 
3 114 93 96 
3 68 47 113 
3 31 18 134 
3 156 95 110 
3 115 84 124 
3 80 93 121 
3 69 81 128 
3 136 99 97 
3 125 31 127 
3 146 104 94 
3 119 61 128 
3 151 97 83 
3 122 102 99 
3 121 101 150 
3 65 105 118 
3 89 90 160 
3 135 84 144 
3 92 115 152 
3 141 120 111 
3 130 75 119 
3 139 106 114 
3 131 68 113 
3 88 91 145 
3 105 135 206 
3 166 14 109 
3 137 78 189 
3 140 109 153 
3 111 107 133 
3 133 81 131 
3 94 120 148 
3 129 122 142 
5 222 86 78 137 320 
3 159 128 129 
3 153 103 80 
3 124 117 163 
3 142 108 175 
3 132 126 252 
3 143 98 152 
3 177 154 121 
3 268 166 127 
3 147 119 168 
3 176 131 136 
3 145 91 138 
3 163 117 155 
3 165 123 143 
3 156 110 195 
3 148 141 170 
3 202 130 147 
3 150 96 165 
3 161 114 149 
3 172 112 157 
3 138 118 201 
3 167 127 134 
3 180 162 139 
3 179 144 158 
3 164 104 146 
3 151 76 220 
3 186 155 160 
3 169 133 176 
3 158 116 174 
3 194 173 150 
3 167 154 180 
3 135 144 190 
3 174 85 156 
3 149 145 171 
3 188 125 140 
3 198 153 162 
4 170 141 169 192 
3 168 159 233 
3 147 168 219 
3 187 165 182 
3 181 175 151 
3 232 177 161 
3 160 164 184 
3 191 136 172 
3 159 142 196 
3 226 139 173 
3 86 267 426 
3 190 155 183 
3 205 162 154 
3 185 172 272 
3 187 171 203 
3 225 179 186 
3 200 174 197 
3 207 193 181 
4 223 230 183 158 
3 199 171 182 
3 189 27 166 
3 126 188 215 
3 210 163 179 
3 196 175 193 
3 168 250 290 
3 211 191 185 
3 229 161 199 
3 197 146 202 
3 176 191 217 
3 200 184 195 
3 294 167 208 
3 194 187 216 
3 214 184 197 
3 204 152 213 
3 195 148 212 
3 221 182 204 
3 247 203 201 
3 209 180 228 
3 213 124 210 
3 227 231 185 
3 297 198 209 
3 311 208 205 
3 206 190 225 
3 217 193 231 
3 235 202 219 
3 240 201 206 
3 224 200 254 
3 252 189 268 
3 243 199 221 
3 237 196 211 
3 376 100 265 
3 212 170 236 
3 302 157 253 
3 234 216 203 
3 278 132 479 
3 242 186 224 
3 223 214 255 
3 238 210 183 
3 228 177 232 
3 245 207 374 
3 379 205 226 
3 232 194 239 
3 244 186 242 
3 263 211 207 
4 226 173 229 291 
3 169 237 246 
3 249 243 221 
3 254 212 241 
3 241 219 293 
3 233 217 257 
3 240 225 244 
3 229 248 256 
3 251 213 238 
3 274 235 236 
3 230 223 259 
3 248 216 234 
3 238 230 258 
3 273 227 271 
3 233 312 286 
3 264 204 251 
3 256 239 243 
3 285 234 260 
3 192 282 324 
3 247 240 266 
3 320 137 215 
3 354 220 270 
3 262 214 235 
3 259 224 262 
3 275 239 248 
3 237 263 287 
3 266 244 261 
3 261 242 255 
3 280 249 264 
3 277 258 259 
3 276 255 254 
3 257 231 273 
3 260 247 279 
3 367 218 5 
3 251 258 269 
3 178 278 472 
3 305 215 140 
3 289 266 284 
3 376 253 100 
3 301 245 378 
3 181 302 391 
3 263 245 303 
3 288 241 318 
3 291 256 304 
3 281 262 288 
3 283 261 281 
3 267 222 573 
3 264 289 306 
3 285 260 327 
3 277 276 307 
3 250 286 380 
3 284 277 292 
3 299 269 283 
3 296 249 280 
3 282 246 330 
3 312 257 303 
3 295 276 274 
3 279 269 298 
3 293 192 335 
3 368 232 275 
3 308 283 300 
3 319 236 290 
3 305 198 297 
3 313 288 315 
3 337 304 285 
3 294 208 311 
3 306 289 299 
3 309 298 284 
3 310 292 307 
3 321 271 325 
3 272 220 356 
3 287 273 321 
3 275 296 342 
3 386 268 294 
3 322 279 298 
3 300 281 313 
3 309 292 316 
3 322 299 308 
3 314 300 317 
3 428 297 209 
3 246 287 330 
3 307 295 323 
3 329 316 310 
3 332 295 326 
3 328 308 314 
3 310 339 333 
3 326 274 319 
3 318 293 358 
3 471 132 252 
3 303 301 402 
3 327 306 309 
3 339 313 332 
3 335 250 404 
3 434 301 388 
3 315 318 336 
3 340 280 322 
3 338 316 331 
3 331 314 334 
3 286 312 389 
3 328 329 348 
3 323 315 341 
3 334 317 343 
3 329 333 359 
3 358 290 324 
3 345 326 365 
3 342 296 344 
3 340 328 349 
3 343 317 323 
3 351 327 338 
3 347 332 345 
3 350 304 337 
3 333 339 346 
3 337 351 383 
3 341 336 364 
3 343 347 355 
3 346 341 352 
3 363 331 353 
3 360 338 361 
3 357 342 377 
4 344 340 360 396 
3 362 347 366 
3 348 359 381 
3 356 253 412 
3 346 362 369 
3 408 302 354 
3 368 350 385 
3 319 335 373 
3 353 334 403 
3 351 349 371 
3 370 349 363 
3 369 355 352 
3 361 348 381 
3 375 345 365 
3 364 336 373 
3 352 372 416 
4 533 433 265 5 
3 382 291 357 
3 355 362 417 
3 395 371 361 
3 360 370 395 
3 366 375 387 
3 365 358 393 
3 378 227 391 
3 372 364 390 
3 394 270 218 
4 385 350 383 422 
3 271 374 388 
3 447 228 382 
3 384 282 430 
3 363 353 392 
3 411 379 368 
3 377 344 413 
3 404 380 431 
3 357 377 425 
3 471 305 428 
3 401 372 390 
3 325 378 536 
3 330 402 446 
3 387 375 399 
3 374 272 408 
3 405 381 403 
3 398 373 397 
3 412 376 465 
4 396 371 370 406 
3 351 395 410 
3 415 393 409 
3 407 399 393 
3 400 390 398 
3 401 399 407 
3 416 387 400 
3 389 321 434 
3 392 359 424 
3 409 324 384 
3 406 392 420 
3 395 405 419 
3 400 398 415 
3 391 356 498 
3 445 397 404 
3 413 396 414 
3 447 382 470 
3 354 394 494 
3 383 410 441 
3 410 418 423 
3 461 407 397 
3 421 366 401 
3 427 369 421 
3 414 419 435 
3 418 406 429 
3 432 405 424 
3 417 416 450 
3 425 377 439 
3 438 414 437 
3 420 403 427 
3 440 385 422 
3 178 472 573 
3 424 417 451 
3 452 386 311 
3 435 419 432 
3 431 380 446 
3 444 384 430 
3 429 420 436 
3 533 491 367 
3 402 325 480 
3 449 418 429 
3 454 432 477 
3 458 423 456 
3 443 423 458 
3 422 441 453 
4 467 470 425 448 
3 439 413 442 
3 453 441 443 
3 463 442 438 
3 445 431 466 
3 455 409 444 
3 430 389 460 
3 452 379 411 
3 440 469 481 
3 457 435 459 
3 451 421 461 
3 427 450 474 
3 535 428 447 
3 469 439 442 
3 459 436 478 
3 484 464 445 
3 437 457 468 
3 456 449 462 
3 438 437 496 
3 462 449 454 
3 466 446 493 
3 450 415 464 
3 457 459 501 
3 524 473 443 
3 476 461 455 
3 394 491 513 
3 444 460 490 
3 486 440 495 
3 456 506 489 
3 448 453 473 
3 482 411 440 
3 492 320 386 
3 426 267 573 
3 469 463 488 
3 475 451 476 
3 477 474 487 
3 474 464 484 
3 478 436 475 
3 454 477 483 
3 534 222 492 
3 493 434 536 
3 495 448 488 
3 547 470 485 
3 499 478 507 
3 476 455 487 
3 557 482 486 
3 485 467 503 
3 475 484 497 
3 481 473 510 
3 508 468 523 
3 500 466 542 
3 465 433 528 
3 479 471 535 
3 460 480 542 
3 498 412 513 
3 467 481 511 
3 516 458 508 
3 487 500 502 
3 543 408 494 
3 501 483 529 
3 497 490 505 
3 462 499 506 
3 519 497 504 
3 521 486 509 
3 502 505 539 
3 504 500 563 
3 468 501 527 
3 483 519 550 
3 514 496 489 
3 503 512 517 
3 515 488 524 
3 512 495 515 
3 517 509 511 
3 494 465 558 
3 522 516 508 
3 511 510 525 
3 518 496 514 
3 509 512 520 
3 524 516 526 
3 507 502 539 
3 546 517 545 
3 557 503 546 
3 526 514 532 
3 530 489 527 
4 531 510 463 518 
3 515 531 541 
3 518 522 537 
3 523 506 529 
3 540 491 533 
3 527 499 549 
3 532 523 544 
3 525 524 538 
3 522 530 544 
5 591 540 528 433 367 
3 573 479 535 
4 534 492 452 547 
3 480 388 543 
3 538 526 570 
3 531 537 562 
3 519 504 560 
3 548 528 533 
3 545 525 553 
3 490 493 552 
3 536 498 552 
4 532 530 549 554 
3 520 541 556 
3 551 521 520 
3 575 535 482 
3 591 558 540 
3 544 529 555 
3 555 507 569 
3 566 564 546 
3 542 543 589 
3 541 559 561 
3 544 567 570 
3 549 550 567 
3 545 561 576 
3 575 485 521 
3 589 513 548 
3 553 562 565 
3 569 539 563 
3 556 553 568 
3 559 538 572 
3 560 505 589 
3 584 551 571 
3 568 559 572 
3 571 551 576 
3 554 555 582 
3 561 565 574 
3 550 560 582 
3 537 554 577 
3 564 566 580 
3 565 562 577 
5 426 472 278 534 597 
3 578 568 579 
3 597 547 557 
3 566 556 578 
3 572 570 588 
4 583 580 576 574 
3 581 574 585 
3 586 571 578 
3 583 579 587 
4 592 567 569 589 
3 586 578 581 
3 597 564 586 
3 587 579 588 
4 590 584 580 583 
3 593 581 585 
3 585 577 592 
6 594 582 563 552 558 591 
3 597 586 593 
4 598 589 548 533 
4 595 588 582 594 
3 590 587 595 
3 596 592 589 
3 597 593 592 
3 597 594 598 
7 573 575 584 590 595 596 599 
3 599 596 591 
2 597 598 
