2000
0 0 51882
1 200 970
2 224 88286
3 276 28896
4 336 97932
5 338 48496
6 396 88342
7 460 36404
8 522 59896
9 604 51918
10 702 116892
11 734 9158
12 748 10960
13 768 70614
14 828 52084
15 830 11728
16 856 27448
17 864 14656
18 904 20598
19 914 106202
20 1012 93662
21 1052 67156
22 1146 108350
23 1254 37454
24 1272 25406
25 1292 71116
26 1418 86928
27 1460 13728
28 1512 95076
29 1570 71412
30 1642 95312
31 1786 83968
32 1998 106440
33 2110 68836
34 2136 78206
35 2408 44398
36 2494 24960
37 2510 109064
38 2564 84824
39 2568 45136
40 2592 70046
41 2736 49406
42 2818 55568
43 2926 62544
44 2968 73032
45 3024 44052
46 3078 15714
47 3092 54098
48 3180 86192
49 3246 4838
50 3248 36574
51 3286 1580
52 3334 59990
53 3472 47084
54 3520 50688
55 3524 73966
56 3610 37562
57 3660 104060
58 3698 93816
59 3822 105334
60 3828 40324
61 3946 49660
62 3986 26488
63 4006 38148
64 4094 94852
65 4148 80352
66 4292 115136
67 4336 45178
68 4434 77040
69 4440 32306
70 4558 98874
71 4570 112926
72 4612 3226
73 4648 42964
74 4656 69340
75 4760 62776
76 4764 98722
77 4854 96972
78 4988 65498
79 5034 86272
80 5050 65136
81 5056 56130
82 5100 97274
83 5100 100112
84 5106 46924
85 5130 102588
86 5152 16040
87 5182 52710
88 5252 63198
89 5260 18290
90 5292 80606
91 5474 71356
92 5626 87722
93 5682 97714
94 5694 88878
95 5756 74096
96 5848 28074
97 5892 36352
98 5972 80172
99 6230 65860
100 6298 28668
101 6358 4018
102 6358 103894
103 6362 61912
104 6404 22960
105 6496 67218
106 6504 116416
107 6816 73974
108 6842 85100
109 6892 69896
110 6910 77136
111 6946 49628
112 7248 39864
113 7372 21348
114 7428 68276
115 7438 69034
116 7440 68192
117 7458 49588
118 7480 27962
119 7536 87086
120 7648 105712
121 7884 106086
122 7900 107264
123 7950 72024
124 8062 53160
125 8134 31092
126 8206 66050
127 8224 73502
128 8378 119710
129 8380 115402
130 8432 20484
131 8456 78508
132 8556 69732
133 8588 15944
134 8598 114946
135 8616 86132
136 8654 111400
137 8662 48560
138 8692 92704
139 8720 101794
140 8868 111250
141 8894 38878
142 9002 91486
143 9032 82584
144 9046 43828
145 9120 30132
146 9150 86564
147 9160 71164
148 9172 13784
149 9230 16928
150 9438 18738
151 9488 74722
152 9582 71688
153 9686 38454
154 9726 59480
155 9726 106230
156 9734 92022
157 9764 59606
158 9868 73986
159 9890 51184
160 9898 14366
161 9980 100154
162 9984 40700
163 10098 49686
164 10122 90852
165 10202 64862
166 10244 39244
167 10296 54228
168 10380 79598
169 10520 71902
170 10532 51474
171 10588 119662
172 10856 75410
173 10918 105054
174 11038 97488
175 11196 38406
176 11198 29920
177 11234 78342
178 11270 99164
179 11442 37870
180 11478 107366
181 11496 99592
182 11498 40134
183 11560 26200
184 11588 114352
185 11596 840
186 11644 88290
187 11704 106240
188 11748 96714
189 11820 43458
190 11838 75194
191 11902 1384
192 11974 58546
193 12212 63768
194 12292 21844
195 12326 67542
196 12330 32826
197 12438 74216
198 12452 77194
199 12484 46544
200 12624 111980
201 12668 9380
202 12812 12798
203 12834 85774
204 12862 6476
205 12864 13826
206 12880 10984
207 12950 114542
208 12972 90062
209 12978 43930
210 13004 72652
211 13048 91312
212 13058 98126
213 13058 108490
214 13062 42568
215 13206 34746
216 13408 83642
217 13414 72306
218 13502 37528
219 13602 111274
220 13716 16452
221 13718 51082
222 13752 33192
223 13754 9118
224 14008 35414
225 14166 80122
226 14248 43292
227 14386 22842
228 14440 15224
229 14468 21360
230 14518 108566
231 14596 108416
232 14616 100978
233 14666 48338
234 14674 85190
235 14724 39000
236 14740 27916
237 14784 41826
238 14894 80370
239 14990 64996
240 15126 25574
241 15142 59802
242 15188 116058
243 15306 6096
244 15338 103794
245 15448 3880
246 15706 76364
247 15784 62372
248 15826 72068
249 15850 68588
250 15850 72172
251 15922 48846
252 15980 70572
253 16052 43498
254 16078 9116
255 16078 70248
256 16112 30266
257 16128 38932
258 16134 59324
259 16194 100630
260 16226 71494
261 16226 78110
262 16502 91336
263 16578 30156
264 16652 16586
265 16652 95686
266 16660 2038
267 16664 26712
268 16706 8720
269 16776 44630
270 16906 81598
271 16958 75424
272 16984 92252
273 17016 12428
274 17166 38628
275 17170 84916
276 17210 89584
277 17380 95046
278 17578 53504
279 17594 29704
280 17874 112258
281 17902 87674
282 18002 59504
283 18020 68174
284 18080 4956
285 18080 42452
286 18118 23846
287 18168 104020
288 18258 116056
289 18406 96732
290 18466 86794
291 18564 85170
292 18572 115074
293 18630 85156
294 18768 46540
295 18802 14538
296 18856 71788
297 18978 86614
298 19000 69702
299 19040 80152
300 19048 54996
301 19074 99132
302 19102 52564
303 19114 80994
304 19174 6316
305 19184 89190
306 19190 60750
307 19282 66202
308 19476 16994
309 19544 68976
310 19550 74126
311 19636 15190
312 19692 7002
313 19734 17598
314 19880 42974
315 19910 30968
316 19920 37806
317 19946 119084
318 20082 34252
319 20094 4012
320 20262 32150
321 20274 56236
322 20284 20416
323 20456 104128
324 20482 109916
325 20580 51074
326 20582 22186
327 20654 28692
328 20656 102370
329 20752 63756
330 20780 20402
331 20814 46000
332 20826 93992
333 20844 29564
334 20994 104744
335 21082 29290
336 21086 22408
337 21088 83428
338 21350 15066
339 21514 79598
340 21578 8898
341 21590 35674
342 21692 28458
343 21728 107200
344 21746 29584
345 21810 118800
346 21964 115324
347 22176 79506
348 22186 59958
349 22192 106216
350 22254 16082
351 22284 43114
352 22316 36546
353 22372 61876
354 22412 68194
355 22444 18742
356 22446 12806
357 22532 21360
358 22564 3954
359 22614 57438
360 22618 5068
361 22658 15372
362 22682 59752
363 22726 59780
364 22734 68180
365 22758 48252
366 22822 34298
367 22908 39136
368 22912 100056
369 23020 73486
370 23050 2372
371 23050 86708
372 23072 59554
373 23114 25164
374 23152 35834
375 23208 19184
376 23240 88452
377 23442 94526
378 23468 30504
379 23482 20780
380 23514 97894
381 23578 104204
382 23758 25806
383 23826 42622
384 24066 78906
385 24254 11446
386 24398 49704
387 24398 84074
388 24438 114812
389 24440 93994
390 24534 55344
391 24546 32070
392 24550 66844
393 24554 37876
394 24610 15532
395 24690 21534
396 24710 63026
397 25046 67446
398 25102 100894
399 25128 113710
400 25160 3860
401 25174 88648
402 25284 48162
403 25434 46940
404 25446 41832
405 25554 19952
406 25586 115680
407 25624 47966
408 25698 40436
409 25704 11014
410 25756 119518
411 25790 40402
412 25890 8528
413 25942 63596
414 25970 39786
415 25976 42128
416 26194 90060
417 26378 63448
418 26388 51754
419 26402 90440
420 26438 102246
421 26606 59306
422 26616 77710
423 26666 97890
424 26676 116050
425 26678 1306
426 26680 17388
427 26708 69982
428 26742 17064
429 26776 29928
430 26844 10274
431 26850 25718
432 26954 50290
433 26960 11718
434 27006 65708
435 27084 31586
436 27250 24470
437 27258 59282
438 27446 16884
439 27490 478
440 27548 108930
441 27556 50024
442 27566 104926
443 27638 100826
444 27794 32250
445 27826 36978
446 27946 110996
447 27950 75352
448 28008 113704
449 28054 72150
450 28088 78866
451 28166 49344
452 28174 48776
453 28262 45466
454 28390 41326
455 28430 81684
456 28494 119346
457 28498 67514
458 28584 13266
459 28656 77308
460 28722 37918
461 28754 52222
462 28756 33682
463 28772 2772
464 28896 68940
465 28938 1292
466 28978 37922
467 29084 95702
468 29090 63262
469 29244 81392
470 29250 47542
471 29298 39144
472 29358 45620
473 29452 85910
474 29548 104378
475 29558 16266
476 29574 18138
477 29650 19012
478 29752 10542
479 29864 95818
480 29878 66398
481 29914 43630
482 29924 92754
483 29994 37576
484 29996 77680
485 29996 93058
486 30018 26570
487 30036 13830
488 30056 2854
489 30100 39426
490 30132 76298
491 30162 39214
492 30164 82824
493 30280 92424
494 30346 41678
495 30380 37974
496 30414 25270
497 30438 82178
498 30484 26600
499 30568 21678
500 30644 66588
501 30646 34350
502 30778 19824
503 30892 43344
504 30914 7142
505 30972 77634
506 31124 20416
507 31170 75892
508 31178 107246
509 31182 85598
510 31204 31958
511 31254 38462
512 31346 66600
513 31430 85808
514 31500 107102
515 31504 65818
516 31546 113382
517 31552 97662
518 31584 60632
519 31680 42986
520 31692 10584
521 31764 734
522 31770 2368
523 31802 69248
524 31832 53158
525 31864 34884
526 31974 31274
527 31982 115052
528 31994 75424
529 32106 89236
530 32116 63934
531 32132 47488
532 32152 34422
533 32212 60178
534 32294 68804
535 32314 18156
536 32354 40802
537 32432 111074
538 32444 1130
539 32464 67978
540 32574 47364
541 32574 52304
542 32762 31638
543 32828 61764
544 32868 37252
545 32874 53270
546 32882 6608
547 32914 101832
548 32928 117762
549 33012 57866
550 33130 40358
551 33132 88028
552 33136 74060
553 33168 2740
554 33206 82424
555 33236 59996
556 33338 49676
557 33378 22776
558 33418 79294
559 33436 72958
560 33444 33456
561 33512 19868
562 33574 20150
563 33662 72042
564 33732 40876
565 33884 61234
566 33912 93276
567 33932 78866
568 34048 95596
569 34102 42934
570 34148 47496
571 34190 55502
572 34282 27396
573 34338 76558
574 34506 83560
575 34512 94580
576 34534 13780
577 34556 106918
578 34562 109910
579 34576 10710
580 34580 68090
581 34606 53338
582 34682 77776
583 34790 38892
584 34868 92260
585 34954 52700
586 35154 48594
587 35320 102918
588 35430 119694
589 35458 71460
590 35466 8986
591 35480 46922
592 35614 25700
593 35730 53292
594 35762 17808
595 35864 77854
596 35894 91896
597 35916 16808
598 35986 65272
599 36054 19368
600 36102 99430
601 36128 50908
602 36150 19958
603 36192 7900
604 36222 67984
605 36286 53586
606 36316 32074
607 36326 3288
608 36484 19680
609 36558 49128
610 36588 69234
611 36592 9048
612 36720 107750
613 36810 70596
614 36902 24434
615 36912 13834
616 36942 24080
617 37068 73492
618 37158 68982
619 37220 70058
620 37292 102500
621 37306 30086
622 37346 8178
623 37394 35478
624 37518 61850
625 37570 81232
626 37722 113182
627 37728 88526
628 37808 53430
629 37852 2394
630 37926 85270
631 37996 42272
632 37996 92794
633 38034 6256
634 38040 14854
635 38060 113536
636 38078 2394
637 38158 78816
638 38270 45630
639 38372 88742
640 38418 37416
641 38500 88414
642 38528 36974
643 38560 101330
644 38560 113730
645 38572 21422
646 38632 54720
647 38966 99684
648 39070 85410
649 39086 9538
650 39108 99684
651 39122 9326
652 39164 55318
653 39182 86360
654 39256 51246
655 39268 31626
656 39416 16428
657 39456 32494
658 39700 4868
659 39732 57794
660 39812 9876
661 39922 22486
662 39928 19110
663 40018 25990
664 40172 112672
665 40258 10656
666 40366 45440
667 40606 42760
668 40616 43286
669 40696 21640
670 40732 85712
671 40826 54012
672 40830 26032
673 40940 117408
674 40984 3684
675 41004 114300
676 41094 30264
677 41100 46978
678 41156 107482
679 41178 19962
680 41194 78580
681 41242 23294
682 41272 50086
683 41314 51206
684 41352 114696
685 41382 7060
686 41568 51334
687 41604 56682
688 41692 119176
689 41830 82374
690 41856 29434
691 41888 40256
692 41974 98338
693 42070 45056
694 42074 89408
695 42136 102388
696 42258 62868
697 42282 116386
698 42284 116308
699 42390 44496
700 42450 78828
701 42532 97982
702 42596 39456
703 42838 36492
704 42888 85796
705 42910 13902
706 42960 37566
707 43042 19846
708 43236 28124
709 43318 12370
710 43370 102278
711 43422 61802
712 43524 29994
713 43696 59058
714 43736 33662
715 44092 66642
716 44096 63364
717 44106 118216
718 44138 84654
719 44172 4718
720 44196 44840
721 44306 49344
722 44364 59860
723 44390 69494
724 44464 76870
725 44478 6994
726 44622 62792
727 44622 63494
728 44630 3720
729 44690 11306
730 44732 46624
731 44740 31014
732 44746 7974
733 44752 58788
734 44784 35108
735 44868 119256
736 44876 8588
737 44980 81068
738 44994 4624
739 45032 68480
740 45042 62984
741 45062 108446
742 45208 26256
743 45216 83720
744 45270 37836
745 45278 74214
746 45286 81016
747 45340 56672
748 45348 29834
749 45350 39992
750 45530 18442
751 45548 61420
752 45588 109550
753 45780 16418
754 45792 20540
755 45832 44896
756 45854 48748
757 45856 107344
758 45864 61652
759 45876 32570
760 46056 26712
761 46060 74328
762 46146 50358
763 46150 108404
764 46192 39706
765 46460 109308
766 46516 49772
767 46518 93966
768 46596 97398
769 46706 53682
770 46732 24960
771 46766 35382
772 46930 42342
773 46954 72984
774 47000 65296
775 47014 8148
776 47036 5038
777 47058 67922
778 47062 96468
779 47084 40658
780 47174 105120
781 47212 15036
782 47250 27392
783 47276 2424
784 47314 77172
785 47342 4586
786 47410 70500
787 47436 68234
788 47440 12654
789 47690 32430
790 47698 104786
791 47760 90320
792 48004 18132
793 48050 101652
794 48070 104536
795 48396 48754
796 48476 33438
797 48584 103272
798 48636 117858
799 48684 1786
800 48732 82906
801 48734 48884
802 48772 52838
803 48830 10898
804 48980 21086
805 48998 60878
806 49046 64942
807 49052 31848
808 49112 34642
809 49302 102538
810 49340 54754
811 49358 58286
812 49372 26382
813 49450 53178
814 49478 11914
815 49588 21776
816 49608 15526
817 49688 64752
818 49692 113520
819 49698 105698
820 49732 3442
821 49858 20522
822 49932 115240
823 50012 11520
824 50042 37520
825 50042 114326
826 50166 85322
827 50332 52116
828 50336 57470
829 50454 28306
830 50602 90728
831 50632 90906
832 50654 70274
833 50726 31518
834 50780 37650
835 50820 30544
836 50924 98204
837 50934 57422
838 50974 16452
839 51018 111530
840 51058 5878
841 51108 94256
842 51110 62620
843 51142 18470
844 51334 29752
845 51346 12244
846 51544 69828
847 51662 96936
848 51738 99260
849 51796 101198
850 51960 58314
851 52068 76328
852 52096 118744
853 52154 89344
854 52190 113390
855 52356 65566
856 52384 16966
857 52414 32474
858 52508 56562
859 52590 77488
860 52600 87642
861 52606 54182
862 52630 106038
863 52706 64724
864 52708 103080
865 52762 49456
866 52824 90190
867 52950 82616
868 52954 25424
869 53042 59810
870 53066 41192
871 53114 7748
872 53202 80812
873 53216 94086
874 53298 114924
875 53422 47854
876 53450 111384
877 53476 472
878 53556 56454
879 53602 111810
880 53604 19476
881 53634 112790
882 53706 27456
883 53750 67204
884 54010 109690
885 54040 83268
886 54044 11756
887 54076 4706
888 54260 32338
889 54500 89826
890 54580 104668
891 54710 102980
892 54864 13384
893 54942 39360
894 54956 46206
895 54966 114524
896 55004 92706
897 55034 63522
898 55078 23812
899 55092 46162
900 55144 100850
901 55170 25308
902 55178 47474
903 55206 11252
904 55208 9144
905 55346 5984
906 55396 81528
907 55408 108234
908 55428 65728
909 55448 116524
910 55548 59728
911 55690 4360
912 55730 5158
913 55780 53816
914 55790 12366
915 55838 25242
916 55940 101926
917 56024 98096
918 56080 97260
919 56112 85740
920 56134 2060
921 56212 40502
922 56244 54152
923 56294 89128
924 56332 83204
925 56416 90990
926 56488 101470
927 56492 99154
928 56558 86922
929 56582 112878
930 56688 87212
931 56762 55182
932 56814 45034
933 56838 70706
934 56842 75480
935 56854 71206
936 56896 106730
937 56950 51314
938 56980 63476
939 57016 24678
940 57132 88812
941 57330 109386
942 57368 92654
943 57506 49566
944 57514 39772
945 57854 94898
946 57940 115096
947 57952 94218
948 57998 119690
949 58034 90954
950 58110 57558
951 58150 45232
952 58236 21484
953 58274 50710
954 58304 28316
955 58338 24476
956 58410 82516
957 58468 18660
958 58486 114198
959 58500 55112
960 58718 117178
961 58732 28008
962 58738 42676
963 58746 35914
964 58874 53968
965 58918 77720
966 59010 85946
967 59018 61078
968 59038 110864
969 59046 47792
970 59056 27028
971 59340 79924
972 59376 99980
973 59536 1212
974 59558 35118
975 59570 101402
976 59590 75530
977 59594 38940
978 59598 13602
979 59600 16310
980 59630 41240
981 59664 87710
982 59682 25154
983 59752 54222
984 59848 20082
985 60022 45186
986 60074 91736
987 60154 3934
988 60466 93660
989 60504 79420
990 60516 30948
991 60772 25152
992 61062 68676
993 61184 11602
994 61260 108194
995 61362 87358
996 61418 45422
997 61428 31980
998 61488 82612
999 61518 94126
1000 61546 119642
1001 61574 32334
1002 61584 15418
1003 61668 15674
1004 61768 27718
1005 61844 62482
1006 61888 105378
1007 61960 95334
1008 62054 68026
1009 62172 14528
1010 62198 48338
1011 62236 16878
1012 62248 30010
1013 62262 16250
1014 62276 75320
1015 62422 110952
1016 62436 62006
1017 62438 61018
1018 62554 67482
1019 62642 93574
1020 62674 22616
1021 62710 27092
1022 62824 41740
1023 62826 92844
1024 62830 36040
1025 62838 29260
1026 62914 52856
1027 62994 62456
1028 63044 30012
1029 63050 114164
1030 63158 4948
1031 63232 3376
1032 63294 58292
1033 63324 99868
1034 63334 88810
1035 63348 77400
1036 63360 3854
1037 63444 60740
1038 63498 100682
1039 63638 4994
1040 63662 24992
1041 63710 115602
1042 63770 81940
1043 63984 55354
1044 64018 16978
1045 64020 69324
1046 64064 586
1047 64088 81832
1048 64104 73308
1049 64180 10136
1050 64184 23332
1051 64272 38094
1052 64272 103282
1053 64274 11720
1054 64354 50244
1055 64358 33902
1056 64438 104024
1057 64440 71880
1058 64470 14064
1059 64504 11590
1060 64638 19230
1061 64692 115798
1062 64842 4386
1063 64878 84964
1064 64930 9698
1065 64938 81674
1066 64960 64250
1067 64970 30984
1068 64976 22162
1069 65048 16342
1070 65120 112848
1071 65198 114338
1072 65276 77970
1073 65284 31918
1074 65286 37130
1075 65326 115150
1076 65330 60590
1077 65446 113234
1078 65518 68862
1079 65536 47380
1080 65576 20250
1081 65576 115676
1082 65692 30772
1083 65702 67564
1084 65930 108580
1085 65936 18954
1086 65998 22836
1087 66128 24484
1088 66130 82182
1089 66136 112410
1090 66138 37982
1091 66150 93904
1092 66150 96230
1093 66292 76240
1094 66486 106058
1095 66512 20922
1096 66676 18436
1097 66690 20760
1098 66750 28074
1099 66762 45374
1100 66918 63430
1101 66970 96382
1102 66992 26782
1103 67204 40480
1104 67300 8306
1105 67358 13824
1106 67376 106898
1107 67442 67974
1108 67520 40276
1109 67532 111194
1110 67638 93148
1111 67682 42186
1112 67726 36118
1113 67762 67688
1114 67794 5964
1115 67844 90852
1116 67854 114786
1117 67902 13634
1118 67930 96622
1119 67968 95638
1120 68018 8486
1121 68022 32440
1122 68084 4734
1123 68096 12798
1124 68118 22900
1125 68182 50268
1126 68218 99262
1127 68256 84436
1128 68302 85890
1129 68392 89650
1130 68400 47654
1131 68404 80784
1132 68438 70142
1133 68478 102380
1134 68608 71614
1135 68638 4676
1136 68648 39900
1137 68660 59572
1138 68670 41980
1139 68672 3864
1140 68672 17998
1141 68764 88162
1142 68830 37330
1143 68850 54234
1144 68872 31852
1145 69098 60496
1146 69116 71828
1147 69150 85770
1148 69184 61964
1149 69298 37846
1150 69350 97040
1151 69454 56190
1152 69474 105032
1153 69552 90254
1154 69598 54080
1155 69640 105880
1156 69726 24938
1157 69780 26432
1158 69830 97536
1159 69842 26822
1160 70014 71270
1161 70090 4988
1162 70170 114600
1163 70210 87816
1164 70230 111496
1165 70248 43722
1166 70250 11236
1167 70326 93660
1168 70404 23880
1169 70468 71928
1170 70476 70670
1171 70580 15424
1172 70788 110784
1173 70852 16368
1174 70904 110046
1175 71100 93124
1176 71138 77396
1177 71140 35944
1178 71158 110708
1179 71160 89702
1180 71248 13084
1181 71262 35816
1182 71294 111414
1183 71324 35468
1184 71430 85180
1185 71444 63608
1186 71474 19004
1187 71478 38966
1188 71506 81878
1189 71518 118340
1190 71530 23988
1191 71632 106116
1192 71762 99226
1193 71810 41336
1194 71832 27676
1195 71832 106548
1196 71934 78182
1197 71946 8060
1198 71954 71162
1199 71966 38886
1200 72004 58910
1201 72028 112920
1202 72080 63274
1203 72094 107612
1204 72134 117656
1205 72144 8120
1206 72264 94116
1207 72364 75482
1208 72366 10514
1209 72528 52370
1210 72712 34712
1211 72790 109748
1212 72814 87336
1213 72858 11096
1214 72878 35640
1215 72924 77184
1216 72940 40810
1217 72954 97170
1218 73086 64446
1219 73090 12176
1220 73190 7038
1221 73442 62474
1222 73466 3008
1223 73648 11814
1224 73686 111122
1225 73776 2624
1226 73830 77516
1227 73836 102692
1228 73912 4790
1229 73920 45002
1230 73962 107180
1231 74002 32996
1232 74036 23092
1233 74086 47146
1234 74096 68142
1235 74216 66742
1236 74360 22980
1237 74498 60952
1238 74502 1496
1239 74560 114104
1240 74596 70910
1241 74634 7314
1242 74692 5006
1243 74766 21852
1244 74804 37912
1245 74824 48926
1246 74884 103890
1247 74912 5890
1248 74958 53828
1249 75000 33820
1250 75006 97422
1251 75054 91540
1252 75066 94216
1253 75106 54832
1254 75140 63312
1255 75152 51688
1256 75180 113308
1257 75246 52760
1258 75332 102150
1259 75452 43350
1260 75460 96602
1261 75556 6320
1262 75664 60670
1263 75698 111896
1264 75756 98014
1265 75812 31672
1266 75816 84504
1267 75834 98230
1268 75840 35830
1269 75846 68102
1270 75954 102540
1271 76002 18988
1272 76096 31852
1273 76108 44604
1274 76124 114470
1275 76294 83470
1276 76364 62918
1277 76374 26444
1278 76404 54046
1279 76484 70088
1280 76590 50904
1281 76634 63142
1282 76638 49100
1283 76794 116848
1284 76828 49580
1285 76962 34964
1286 77008 102302
1287 77080 36238
1288 77100 64606
1289 77116 804
1290 77186 84288
1291 77318 63834
1292 77320 31936
1293 77564 105558
1294 77672 7056
1295 77700 82676
1296 77726 50250
1297 77778 64802
1298 77782 3238
1299 77810 290
1300 77858 36386
1301 77866 1900
1302 78008 80176
1303 78116 85484
1304 78204 64468
1305 78252 18526
1306 78306 2680
1307 78362 95168
1308 78396 30462
1309 78444 84882
1310 78518 42934
1311 78576 18730
1312 78622 27852
1313 78684 6270
1314 78768 88742
1315 78880 11588
1316 78994 81262
1317 79124 64332
1318 79190 29320
1319 79270 101724
1320 79270 107334
1321 79388 34384
1322 79424 33524
1323 79470 99142
1324 79548 21938
1325 79696 7536
1326 79770 29750
1327 79776 93988
1328 79800 109258
1329 79842 21742
1330 79870 44534
1331 79888 282
1332 79934 85956
1333 79944 51766
1334 79966 67566
1335 79968 97860
1336 80016 104750
1337 80046 71518
1338 80058 53322
1339 80060 17206
1340 80112 9390
1341 80138 35264
1342 80200 112482
1343 80236 112956
1344 80392 11508
1345 80408 90290
1346 80426 38444
1347 80458 19710
1348 80504 117672
1349 80506 48986
1350 80644 20138
1351 80668 28688
1352 80688 15116
1353 80750 100146
1354 80898 73586
1355 80932 32986
1356 80934 118412
1357 80982 36846
1358 81028 33590
1359 81046 20912
1360 81138 17328
1361 81222 100140
1362 81404 11372
1363 81460 82494
1364 81530 75082
1365 81644 5372
1366 81722 112422
1367 81770 78104
1368 81804 88038
1369 81822 5766
1370 81956 19090
1371 81970 76716
1372 81994 58574
1373 82092 117896
1374 82184 43882
1375 82388 6718
1376 82414 44360
1377 82456 112626
1378 82458 36524
1379 82478 91468
1380 82724 77454
1381 82796 84290
1382 82888 16052
1383 82950 15052
1384 83016 110302
1385 83036 43726
1386 83048 100288
1387 83068 113358
1388 83126 110554
1389 83164 33648
1390 83188 19346
1391 83250 70330
1392 83378 56698
1393 83466 62590
1394 83476 51036
1395 83580 105898
1396 83582 100230
1397 83658 101050
1398 83690 47244
1399 83718 46254
1400 83732 17542
1401 83882 16504
1402 83976 34472
1403 84010 24964
1404 84034 79222
1405 84146 83246
1406 84304 27404
1407 84344 18936
1408 84364 38192
1409 84366 42710
1410 84368 113548
1411 84442 57282
1412 84480 51176
1413 84516 33302
1414 84522 110594
1415 84556 77916
1416 84556 93116
1417 84580 12686
1418 84628 31058
1419 84688 50118
1420 84694 66896
1421 84816 1750
1422 84820 22444
1423 84824 65176
1424 84906 87184
1425 85168 23508
1426 85174 109662
1427 85196 91410
1428 85210 48232
1429 85246 103438
1430 85306 108844
1431 85312 87324
1432 85366 99264
1433 85432 57866
1434 85448 116962
1435 85514 38796
1436 85640 113492
1437 85648 41106
1438 85662 95140
1439 85676 62312
1440 85848 13042
1441 85904 89682
1442 86112 53870
1443 86136 19220
1444 86202 96984
1445 86278 92748
1446 86328 84720
1447 86392 107098
1448 86426 41134
1449 86458 105984
1450 86522 74426
1451 86656 40520
1452 86764 18386
1453 86832 76790
1454 87002 106684
1455 87052 64490
1456 87060 7360
1457 87072 56708
1458 87086 26034
1459 87096 109064
1460 87152 28484
1461 87328 1658
1462 87386 101764
1463 87432 60636
1464 87502 80686
1465 87528 12862
1466 87586 89438
1467 87662 94778
1468 87734 28172
1469 87766 12898
1470 87822 107472
1471 87842 101972
1472 87880 114698
1473 87930 24652
1474 88182 101206
1475 88196 113640
1476 88206 115236
1477 88298 115164
1478 88424 25626
1479 88432 54700
1480 88512 93478
1481 88566 51840
1482 88580 12958
1483 88666 28848
1484 88686 106080
1485 88716 47274
1486 88754 40936
1487 89010 114540
1488 89144 4244
1489 89156 98838
1490 89308 80808
1491 89326 73662
1492 89374 32572
1493 89374 78596
1494 89380 26256
1495 89408 58072
1496 89456 103256
1497 89462 110816
1498 89516 59296
1499 89606 107658
1500 89662 5652
1501 89734 3850
1502 89784 112690
1503 89804 84748
1504 89872 68964
1505 89902 94022
1506 89908 44636
1507 89908 81380
1508 89942 190
1509 89954 113884
1510 90092 28366
1511 90366 50668
1512 90406 59232
1513 90414 68452
1514 90422 36914
1515 90452 45298
1516 90564 64694
1517 90600 84484
1518 90768 18896
1519 90828 76450
1520 90854 53758
1521 90912 23522
1522 90938 112090
1523 91028 109628
1524 91064 114690
1525 91096 81098
1526 91098 720
1527 91132 74786
1528 91202 20696
1529 91292 116960
1530 91324 65718
1531 91410 84632
1532 91450 117036
1533 91478 7404
1534 91504 9648
1535 91516 87922
1536 91574 30460
1537 91584 45068
1538 91584 113752
1539 91726 6
1540 91820 110806
1541 91860 108342
1542 91914 99702
1543 91976 42734
1544 91982 50826
1545 92014 83934
1546 92180 114836
1547 92314 29266
1548 92354 41070
1549 92362 15732
1550 92372 48012
1551 92402 110652
1552 92436 112970
1553 92462 68234
1554 92490 115382
1555 92508 117578
1556 92590 70984
1557 92702 41020
1558 92830 84406
1559 92856 18148
1560 92928 93136
1561 93078 46496
1562 93212 25988
1563 93278 103154
1564 93408 38866
1565 93458 61456
1566 93490 55802
1567 93524 37222
1568 93568 36728
1569 93626 104946
1570 93634 97920
1571 93666 85466
1572 93686 17074
1573 93754 109758
1574 93878 35832
1575 93880 40022
1576 93966 32988
1577 93990 56528
1578 93994 106854
1579 94012 37648
1580 94194 107812
1581 94196 101846
1582 94214 19706
1583 94280 83864
1584 94284 48182
1585 94392 39178
1586 94456 17888
1587 94494 97770
1588 94514 72468
1589 94518 39572
1590 94536 66732
1591 94540 5276
1592 94566 62574
1593 94574 57130
1594 94594 52750
1595 94650 66272
1596 94672 88120
1597 94702 65662
1598 94738 51122
1599 94776 57866
1600 94858 70192
1601 94878 116922
1602 94910 25406
1603 94928 25606
1604 94974 79508
1605 94990 91320
1606 95226 97518
1607 95420 47652
1608 95498 75524
1609 95522 58680
1610 95568 20460
1611 95608 117016
1612 95686 89356
1613 95702 43452
1614 95856 89958
1615 95902 117320
1616 95960 91024
1617 95988 50738
1618 96042 53446
1619 96112 44642
1620 96118 21278
1621 96126 8892
1622 96248 49602
1623 96266 39904
1624 96320 43296
1625 96468 77220
1626 96500 90060
1627 96516 2598
1628 96518 1038
1629 96628 103132
1630 96662 116130
1631 96720 58352
1632 96752 114074
1633 96854 77668
1634 97060 75350
1635 97136 74774
1636 97358 41756
1637 97366 77950
1638 97376 103378
1639 97428 41516
1640 97478 58704
1641 97568 5760
1642 97668 34936
1643 97714 110990
1644 97956 50942
1645 98024 89652
1646 98206 51652
1647 98218 118318
1648 98288 73692
1649 98376 18040
1650 98380 116338
1651 98494 30896
1652 98496 60516
1653 98658 90564
1654 98710 822
1655 98714 111866
1656 98788 1988
1657 98874 23202
1658 98922 86298
1659 98932 19450
1660 99034 18126
1661 99088 112364
1662 99166 54916
1663 99232 60792
1664 99256 20590
1665 99280 19490
1666 99298 39104
1667 99300 73824
1668 99386 62726
1669 99388 101336
1670 99452 3180
1671 99496 68450
1672 99536 119126
1673 99564 99042
1674 99580 101878
1675 99626 110224
1676 99688 26956
1677 99770 105060
1678 99798 93944
1679 99844 2994
1680 99898 68686
1681 99906 42596
1682 99960 39724
1683 99996 100820
1684 100066 2238
1685 100184 65656
1686 100194 20866
1687 100252 81148
1688 100286 38530
1689 100358 90340
1690 100362 87464
1691 100372 113492
1692 100388 114632
1693 100408 66884
1694 100430 84636
1695 100506 61678
1696 100630 19552
1697 100784 72186
1698 100792 76786
1699 100800 119180
1700 100928 16756
1701 101020 75146
1702 101134 71548
1703 101256 73996
1704 101278 36510
1705 101324 1190
1706 101378 48434
1707 101462 4940
1708 101476 101154
1709 101606 42162
1710 101770 48424
1711 101848 117144
1712 101864 69848
1713 101878 27108
1714 101998 95378
1715 102012 6262
1716 102066 77870
1717 102074 4980
1718 102138 104538
1719 102178 16732
1720 102200 99222
1721 102274 111116
1722 102312 86664
1723 102392 118840
1724 102434 115052
1725 102472 42308
1726 102558 35832
1727 102560 46948
1728 102576 30730
1729 102670 7624
1730 102700 70518
1731 102736 22502
1732 103062 22898
1733 103080 119980
1734 103092 17840
1735 103100 58804
1736 103102 100960
1737 103110 107018
1738 103164 38728
1739 103322 112302
1740 103360 44102
1741 103390 14260
1742 103392 115804
1743 103440 65846
1744 103524 14274
1745 103664 86906
1746 103748 4660
1747 103758 33106
1748 103780 118442
1749 103802 41764
1750 103812 72712
1751 103820 91848
1752 103840 52716
1753 103876 11102
1754 103898 97644
1755 103918 41996
1756 103948 16400
1757 103952 5048
1758 103988 85454
1759 104048 100966
1760 104062 33796
1761 104074 79664
1762 104192 34232
1763 104202 17950
1764 104256 26752
1765 104302 54398
1766 104310 52698
1767 104324 105046
1768 104324 107984
1769 104482 113802
1770 104630 66056
1771 104650 63490
1772 104752 87610
1773 104784 100252
1774 104892 88322
1775 104930 70500
1776 104988 5728
1777 105058 3904
1778 105106 47448
1779 105208 5574
1780 105298 690
1781 105340 86592
1782 105358 82844
1783 105434 31736
1784 105458 66840
1785 105568 20880
1786 105606 7600
1787 105692 63444
1788 105700 8410
1789 105746 63406
1790 105766 52788
1791 105822 76214
1792 105822 110938
1793 105846 70954
1794 105872 14956
1795 105916 60894
1796 105916 85798
1797 105934 87578
1798 105950 56726
1799 105958 15088
1800 106126 106620
1801 106140 52924
1802 106172 50624
1803 106262 3176
1804 106284 98494
1805 106294 94844
1806 106350 64118
1807 106448 37800
1808 106526 14890
1809 106698 31356
1810 106836 13186
1811 106872 58348
1812 106936 95952
1813 106964 19548
1814 107020 15682
1815 107138 43784
1816 107358 30682
1817 107384 58084
1818 107386 46928
1819 107400 15512
1820 107424 95466
1821 107434 2488
1822 107622 842
1823 107776 23182
1824 107786 47926
1825 107806 51258
1826 107830 38596
1827 108084 88228
1828 108168 33250
1829 108296 20422
1830 108324 117398
1831 108356 98548
1832 108382 41056
1833 108384 36076
1834 108400 51928
1835 108412 9968
1836 108514 72380
1837 108566 34448
1838 108602 74980
1839 108734 62634
1840 108830 8946
1841 108876 48036
1842 108878 116470
1843 109032 115158
1844 109044 9220
1845 109084 34886
1846 109146 103530
1847 109268 112374
1848 109504 53902
1849 109530 62550
1850 109666 79590
1851 109718 74910
1852 109746 60932
1853 109802 37266
1854 109828 27692
1855 109850 47986
1856 109860 47674
1857 109860 101422
1858 109962 93168
1859 109972 98210
1860 110056 65828
1861 110094 53488
1862 110174 37930
1863 110218 107452
1864 110438 29916
1865 110492 56724
1866 110608 52390
1867 110628 19318
1868 110758 52824
1869 110916 87872
1870 110956 59180
1871 110966 118622
1872 111132 11320
1873 111144 74210
1874 111168 17366
1875 111234 55896
1876 111344 35142
1877 111384 108756
1878 111462 79106
1879 111476 110020
1880 111554 8188
1881 111624 115110
1882 111650 2148
1883 111672 21242
1884 111720 9080
1885 111722 13766
1886 111832 113572
1887 111974 61400
1888 112064 40502
1889 112116 92384
1890 112132 874
1891 112140 60742
1892 112230 16460
1893 112284 4816
1894 112566 50088
1895 112580 24870
1896 112646 45800
1897 112686 29514
1898 112710 98344
1899 112800 68858
1900 112814 46676
1901 112916 94094
1902 112920 49622
1903 112992 111236
1904 113148 62148
1905 113174 28022
1906 113232 24288
1907 113300 18242
1908 113536 47468
1909 113638 111214
1910 113674 108408
1911 113732 43818
1912 113758 67848
1913 113786 40356
1914 113816 47258
1915 113862 106796
1916 113942 60560
1917 113968 60128
1918 113984 63506
1919 114226 7732
1920 114230 5384
1921 114254 96626
1922 114356 10632
1923 114368 82922
1924 114500 106288
1925 114508 4626
1926 114530 44924
1927 114536 100996
1928 114610 106332
1929 114650 26376
1930 114662 34220
1931 114716 102834
1932 114752 50040
1933 114820 22642
1934 114970 47214
1935 115102 18146
1936 115152 101822
1937 115206 19780
1938 115218 21496
1939 115344 77672
1940 115436 74592
1941 115574 71968
1942 115592 102446
1943 115670 115238
1944 115712 17736
1945 115912 29212
1946 115928 59470
1947 115950 73552
1948 115972 99334
1949 116006 90984
1950 116064 29694
1951 116074 74394
1952 116140 29472
1953 116216 48164
1954 116274 4038
1955 116292 48322
1956 116310 105364
1957 116326 107318
1958 116458 88724
1959 116722 71626
1960 116782 109076
1961 116846 41114
1962 116880 50276
1963 117080 105144
1964 117364 46544
1965 117408 39002
1966 117476 114100
1967 117826 88140
1968 117856 58276
1969 117858 31730
1970 117866 114064
1971 117884 115072
1972 118062 34894
1973 118096 97954
1974 118216 92634
1975 118284 83692
1976 118404 1944
1977 118440 65306
1978 118558 71660
1979 118574 11962
1980 118576 42888
1981 118596 100374
1982 118668 9864
1983 118690 39022
1984 118822 87356
1985 118882 34408
1986 118886 82434
1987 119008 57586
1988 119224 5842
1989 119248 48252
1990 119256 68656
1991 119268 16176
1992 119308 21030
1993 119308 53682
1994 119360 48618
1995 119392 97806
1996 119642 87550
1997 119746 22348
1998 119840 45096
1999 119898 27974
4 2 1 3 5 
7 191 51 11 3 0 439 185 
4 6 4 0 8 
3 7 0 1 
2 10 2 
3 9 0 7 
3 20 2 13 
3 5 3 12 
3 2 9 14 
3 8 5 16 
6 128 4 19 22 66 106 
3 12 1 49 
3 15 7 11 
3 6 14 21 
3 13 8 23 
3 27 17 12 
3 23 9 18 
3 24 18 15 
3 24 16 17 
3 10 20 28 
4 28 19 6 26 
3 25 13 35 
4 37 10 30 32 
3 35 14 16 
3 35 18 17 
3 29 26 21 
3 20 25 31 
3 46 36 15 
3 30 19 20 
3 34 25 33 
3 22 28 58 
3 38 26 34 
3 22 64 57 
3 40 29 42 
3 31 29 44 
4 39 21 23 24 
3 62 50 27 
3 71 22 59 
3 48 31 65 
3 41 35 45 
3 44 33 43 
3 47 42 39 
3 43 33 41 
3 40 42 52 
3 55 34 40 
3 53 39 50 
3 89 104 27 
3 52 41 54 
3 79 58 38 
3 86 11 51 
3 56 45 36 
4 72 49 1 191 
3 75 43 47 
3 54 45 60 
3 47 53 61 
3 68 44 74 
3 63 60 50 
3 59 32 70 
3 64 30 48 
3 37 57 85 
3 67 53 56 
3 54 67 84 
3 96 69 36 
3 73 56 69 
3 32 58 94 
3 90 38 68 
3 10 71 134 
3 61 60 73 
3 65 55 95 
3 97 63 62 
3 57 77 76 
3 66 37 136 
3 101 148 51 
3 67 63 97 
3 91 55 78 
3 78 52 81 
3 83 70 82 
3 82 70 94 
4 105 74 75 80 
3 92 48 90 
3 99 78 88 
3 88 75 87 
3 93 76 77 
3 85 76 93 
3 87 61 112 
4 102 122 59 83 
3 89 49 133 
3 81 84 111 
4 80 81 124 103 
3 113 46 86 
3 79 65 98 
3 95 74 109 
3 94 79 108 
3 161 83 82 
4 138 77 64 92 
3 68 91 107 
3 100 62 104 
3 112 73 69 
3 108 90 110 
3 126 116 80 
3 125 96 118 
3 204 201 72 
3 120 85 139 
3 88 167 154 
3 96 46 113 
3 114 115 78 
3 10 129 242 
3 110 95 127 
3 119 92 98 
3 123 91 115 
3 131 98 107 
3 87 144 117 
3 84 97 141 
3 104 89 130 
3 132 105 116 
3 147 109 105 
3 252 114 99 
3 124 111 137 
3 100 194 183 
3 142 108 135 
3 121 102 173 
3 155 122 120 
3 140 85 121 
3 158 127 109 
3 88 117 159 
3 141 100 145 
3 195 99 165 
3 151 107 123 
4 1733 10 171 588 
3 106 134 207 
3 113 150 220 
3 168 143 110 
3 248 147 114 
3 149 86 148 
3 129 66 184 
3 146 119 143 
3 200 71 140 
3 163 117 144 
3 174 94 142 
3 102 161 181 
3 219 136 122 
3 112 125 153 
3 156 138 119 
3 135 131 168 
3 137 111 162 
3 125 183 176 
3 186 164 135 
3 152 115 132 
3 160 133 72 
3 150 133 160 
3 130 149 205 
3 172 177 127 
3 169 158 147 
3 166 141 196 
3 157 103 221 
3 187 180 121 
3 188 142 164 
3 165 154 192 
3 172 123 152 
3 170 124 163 
3 149 148 202 
3 139 93 178 
3 144 166 175 
3 159 137 189 
3 211 156 146 
3 126 157 193 
3 162 153 179 
3 103 170 233 
3 143 131 177 
3 217 210 152 
3 167 159 199 
3 128 317 410 
4 198 151 158 190 
4 120 232 244 287 
3 178 138 188 
3 182 162 179 
3 196 145 236 
3 225 168 151 
3 161 174 212 
3 175 166 215 
3 231 213 155 
3 232 139 212 
3 189 175 218 
3 145 118 227 
3 207 134 200 
3 1 439 521 
3 208 146 203 
3 343 155 349 
3 174 156 277 
3 163 182 214 
3 246 172 197 
5 266 245 51 1 425 
3 241 157 278 
3 239 165 241 
3 118 220 229 
3 249 255 126 
3 222 153 176 
3 271 190 210 
3 261 238 172 
3 170 209 226 
3 280 184 136 
3 206 101 223 
3 205 160 206 
3 186 216 234 
3 223 101 243 
3 228 150 202 
3 273 202 201 
4 292 129 184 399 
3 262 211 186 
3 199 214 237 
3 197 169 217 
3 272 164 208 
3 181 178 265 
3 230 219 180 
3 209 189 235 
3 224 179 222 
3 234 203 225 
3 210 169 250 
3 235 182 224 
3 280 140 213 
3 194 130 228 
3 154 233 251 
3 215 196 256 
3 201 204 254 
3 218 215 263 
3 238 216 177 
3 253 199 237 
3 240 183 229 
3 264 220 205 
3 227 194 264 
3 324 213 231 
3 446 230 180 
3 173 181 259 
3 221 167 269 
3 203 216 275 
3 214 218 257 
3 256 176 240 
3 226 209 257 
3 270 225 198 
4 307 283 193 247 
3 267 236 227 
3 193 192 258 
3 106 292 288 
3 268 204 245 
3 287 173 259 
3 284 243 191 
3 261 190 271 
3 239 258 282 
3 250 132 260 
3 298 195 283 
3 310 217 248 
3 221 314 294 
3 260 116 255 
3 269 226 274 
3 273 223 268 
3 296 252 195 
3 222 236 263 
3 237 235 274 
3 247 241 300 
3 244 232 301 
3 296 248 252 
3 299 198 246 
3 272 208 276 
3 224 256 279 
3 229 228 295 
3 289 212 277 
3 370 319 191 
3 279 240 286 
3 254 243 312 
3 233 253 285 
3 275 238 303 
4 339 246 197 310 
3 332 211 262 
3 295 206 254 
3 253 257 318 
3 291 234 270 
3 262 281 305 
3 265 188 332 
3 192 331 302 
3 315 263 267 
3 399 200 219 
3 276 291 290 
3 306 247 321 
3 309 249 239 
3 304 245 319 
3 314 269 316 
3 327 267 308 
3 323 173 244 
3 345 242 424 
3 380 301 265 
3 281 293 297 
3 281 275 293 
3 346 242 207 
3 290 291 337 
3 251 351 331 
3 311 264 273 
3 369 260 255 
3 371 290 387 
3 447 249 309 
3 303 261 339 
3 321 258 302 
3 328 259 289 
3 300 278 325 
3 337 270 299 
3 409 312 284 
3 276 371 376 
3 329 282 348 
3 354 239 329 
3 313 286 311 
3 298 283 354 
3 422 271 250 
3 308 295 338 
3 340 268 304 
3 322 308 350 
3 351 251 285 
3 320 279 333 
3 367 285 318 
4 456 171 345 717 
4 341 316 274 320 
4 360 284 266 358 
3 366 318 315 
3 359 282 300 
3 326 313 330 
3 334 287 328 
3 635 516 230 
3 302 365 386 
3 336 327 322 
3 333 286 326 
3 323 301 368 
3 307 306 353 
3 357 322 355 
3 278 294 383 
3 377 277 272 
3 315 327 335 
3 349 323 381 
3 344 333 342 
3 373 326 357 
3 387 293 303 
3 361 311 356 
3 299 271 347 
3 385 356 312 
3 374 352 318 
3 344 335 373 
3 508 440 187 
3 378 335 342 
3 317 288 548 
3 406 292 388 
3 455 339 384 
3 353 306 362 
3 514 187 334 
3 355 313 361 
3 294 314 383 
3 393 367 341 
3 396 329 348 
3 309 307 364 
3 375 330 350 
3 394 338 340 
3 336 330 379 
3 546 319 400 
3 372 321 390 
3 504 412 319 
3 394 350 338 
3 363 348 372 
3 468 417 362 
3 449 354 392 
3 325 415 403 
3 374 320 391 
3 408 316 352 
3 398 328 380 
3 447 459 296 
3 463 266 522 
3 305 297 473 
3 362 359 421 
3 382 342 336 
3 393 341 366 
3 379 355 394 
3 401 305 473 
3 467 332 389 
3 391 344 382 
3 395 357 375 
3 368 289 423 
3 442 334 420 
3 378 373 431 
3 331 351 404 
3 347 422 450 
3 438 340 409 
3 432 325 402 
4 297 337 455 492 
3 527 346 448 
3 377 419 485 
3 421 359 418 
3 366 378 429 
3 397 364 396 
3 414 352 374 
4 428 375 361 356 
3 436 379 405 
3 413 392 353 
3 427 392 434 
3 420 368 443 
3 207 280 448 
3 658 358 463 
3 529 416 376 
3 386 403 407 
3 402 365 454 
3 415 383 408 
3 499 395 426 
3 424 346 527 
3 452 402 453 
3 404 367 411 
3 433 385 304 
3 588 171 456 
3 408 414 471 
3 478 430 360 
3 434 396 417 
3 411 393 445 
3 365 404 454 
3 493 419 401 
3 480 413 363 
3 461 390 432 
3 482 389 416 
3 474 381 398 
3 372 390 437 
3 384 310 459 
3 443 380 467 
3 698 288 406 
3 522 191 465 
3 477 405 428 
3 449 397 464 
3 426 394 438 
3 435 391 486 
3 487 433 412 
3 486 382 436 
3 418 386 441 
3 458 409 430 
3 457 397 413 
3 444 445 429 
3 496 431 395 
3 518 421 524 
3 476 428 385 
3 185 1 1539 
3 578 537 343 
3 461 432 451 
3 577 381 474 
3 547 398 423 
3 462 435 510 
3 460 414 435 
3 537 626 231 
3 490 369 298 
3 388 399 516 
3 528 364 427 
3 469 384 484 
3 441 452 531 
3 451 407 470 
3 472 407 481 
3 403 415 489 
3 387 347 469 
3 410 317 688 
3 523 464 434 
4 487 535 475 433 
3 484 422 369 
3 466 471 445 
3 524 418 441 
3 501 483 444 
3 488 400 370 
3 552 427 457 
3 799 425 538 
3 495 460 483 
3 479 423 377 
3 530 515 363 
3 497 455 450 
3 452 472 531 
3 491 411 460 
3 470 453 503 
3 376 371 509 
3 442 420 587 
3 502 476 458 
3 477 438 475 
3 502 426 476 
3 520 576 412 
3 517 467 568 
3 500 534 417 
3 453 494 503 
3 485 419 493 
3 495 466 462 
3 450 459 505 
3 566 389 482 
3 498 429 431 
3 594 458 430 
3 607 463 553 
3 494 454 491 
3 505 447 507 
3 489 471 511 
3 509 387 497 
3 482 416 584 
3 481 489 536 
3 511 466 483 
3 498 436 499 
3 554 492 469 
3 526 486 496 
3 496 405 506 
3 512 539 480 
3 525 462 510 
3 506 477 475 
3 472 481 519 
3 603 590 360 
3 558 484 490 
3 557 499 502 
3 582 490 528 
3 612 343 514 
3 513 473 492 
3 501 444 526 
4 583 491 495 544 
3 580 500 515 
3 627 551 509 
3 508 349 577 
4 604 580 512 468 
3 644 448 324 
3 600 547 479 
3 543 437 533 
3 540 503 536 
3 579 478 590 
3 538 185 877 
3 629 370 425 
3 563 457 534 
3 437 461 541 
3 544 501 532 
3 542 510 498 
3 406 388 684 
3 573 507 449 
3 596 401 551 
3 598 468 543 
3 451 470 540 
3 525 542 560 
3 518 549 555 
3 617 523 480 
3 602 561 458 
3 519 494 550 
3 664 446 440 
3 465 521 1046 
3 613 589 500 
3 556 531 519 
3 545 524 556 
3 532 526 572 
3 530 518 565 
3 511 525 623 
3 581 549 541 
3 603 358 633 
3 587 443 517 
3 345 697 673 
3 533 545 571 
3 564 536 583 
3 627 529 513 
3 573 464 559 
3 607 488 629 
3 574 497 558 
4 565 533 605 646 
3 541 540 570 
3 572 506 562 
3 554 505 567 
3 637 552 563 
3 532 592 606 
3 614 562 535 
4 655 592 557 561 
3 680 559 523 
3 631 569 550 
3 624 543 555 
3 575 485 584 
3 625 558 582 
3 650 479 575 
3 591 570 564 
3 586 556 569 
3 549 581 593 
3 542 557 592 
3 595 528 552 
3 630 641 554 
3 692 568 566 
3 615 597 478 
3 678 514 442 
3 839 881 440 
3 615 520 649 
3 610 512 515 
3 571 545 585 
3 595 567 507 
3 550 511 640 
3 566 493 596 
3 581 586 601 
3 585 570 591 
3 474 547 620 
3 128 410 948 
3 746 617 539 
3 611 520 504 
3 609 586 569 
4 621 560 572 562 
3 605 571 601 
3 599 487 597 
3 637 582 573 
3 632 584 529 
3 662 594 576 
3 715 604 530 
3 608 602 594 
3 647 643 517 
3 593 585 609 
3 616 535 599 
3 622 504 546 
3 618 515 598 
3 555 593 628 
3 623 560 621 
3 674 488 553 
3 669 645 599 
3 601 591 638 
3 619 580 618 
3 651 590 622 
3 741 752 508 
3 724 539 619 
3 676 561 616 
3 634 576 579 
3 663 614 602 
3 700 534 589 
3 723 610 604 
3 745 613 610 
3 780 587 643 
3 657 606 592 
4 611 603 633 685 
3 642 544 606 
3 696 565 659 
3 718 648 567 
3 635 446 664 
3 639 551 513 
3 646 605 654 
3 636 553 522 
3 648 653 574 
3 638 564 640 
3 701 596 639 
3 622 546 658 
3 656 615 665 
3 644 324 626 
3 783 629 799 
3 689 595 559 
3 609 631 667 
3 632 627 641 
3 631 583 642 
3 694 639 574 
3 691 640 623 
3 695 620 600 
3 675 516 635 
3 661 672 608 
3 652 555 628 
3 650 710 600 
3 670 630 625 
3 660 579 651 
3 797 647 568 
3 649 611 685 
3 687 659 646 
3 694 630 670 
3 671 628 666 
3 657 562 676 
3 662 634 705 
3 703 621 655 
3 633 400 719 
3 711 624 652 
3 665 649 725 
3 681 708 645 
3 679 597 656 
3 672 690 616 
3 818 626 537 
3 709 634 660 
3 677 654 668 
3 668 638 691 
3 693 666 667 
3 681 608 679 
3 704 653 648 
3 687 654 683 
3 712 663 645 
3 798 548 909 
3 728 738 607 
3 825 684 644 
3 714 655 614 
3 682 666 693 
3 763 577 757 
3 669 662 707 
3 700 743 563 
3 742 661 669 
3 686 683 677 
3 686 671 682 
3 822 527 675 
3 651 622 719 
4 713 683 682 721 
3 713 652 671 
3 735 456 852 
3 743 718 637 
3 712 714 663 
3 667 642 702 
3 793 575 701 
3 677 668 699 
3 767 641 653 
3 790 643 710 
3 716 624 711 
3 548 698 1041 
4 697 424 822 946 
3 720 693 702 
3 737 680 617 
3 692 632 768 
3 699 691 706 
3 744 706 657 
3 791 670 718 
3 753 656 709 
3 749 702 703 
3 754 679 750 
3 748 731 661 
3 705 665 729 
3 790 695 647 
3 726 696 659 
3 731 690 672 
3 722 687 686 
3 734 676 690 
3 739 598 716 
3 727 715 696 
3 852 317 798 
4 830 704 625 689 
3 685 658 738 
3 730 699 749 
3 686 730 756 
3 751 713 733 
3 773 618 739 
3 800 613 745 
4 732 660 776 840 
3 740 727 711 
3 777 716 726 
3 987 674 820 
3 781 709 736 
3 721 720 755 
3 759 712 708 
3 775 736 725 
3 722 747 810 
3 771 744 714 
3 1000 948 688 
3 788 729 732 
3 853 700 746 
3 719 674 785 
3 786 723 715 
3 774 726 751 
3 765 612 763 
3 760 748 681 
3 866 689 680 
3 764 703 734 
3 761 724 619 
3 826 737 589 
3 733 762 769 
3 789 708 742 
3 720 706 764 
3 754 707 753 
3 758 740 722 
3 839 612 765 
3 792 750 705 
3 770 707 750 
3 756 730 772 
3 762 721 755 
3 884 678 780 
3 817 751 805 
3 808 771 731 
3 782 742 770 
3 784 745 773 
3 747 756 766 
3 884 741 678 
3 779 749 744 
3 876 752 741 
3 762 772 795 
3 836 778 694 
3 793 701 778 
3 747 801 802 
3 760 754 804 
3 824 734 759 
3 766 755 779 
3 872 761 723 
3 787 740 806 
3 803 732 840 
3 725 785 887 
3 787 786 727 
3 849 768 767 
3 772 764 824 
3 819 757 620 
3 792 729 788 
3 807 760 812 
3 820 636 920 
3 867 800 761 
3 776 738 911 
3 859 739 777 
3 851 777 774 
3 816 781 736 
3 796 748 807 
4 819 695 710 794 
3 831 841 704 
3 804 753 781 
3 809 692 768 
3 862 790 797 
3 801 766 870 
3 808 789 857 
3 794 650 809 
3 717 673 960 
3 636 465 973 
3 826 724 784 
3 769 795 875 
3 813 769 827 
3 814 775 871 
3 815 770 792 
3 842 758 811 
3 832 774 817 
3 789 782 833 
3 834 759 796 
3 864 797 793 
3 811 733 813 
3 805 810 828 
3 829 782 815 
3 861 810 802 
3 816 803 823 
3 812 804 821 
3 821 788 814 
3 855 806 758 
3 825 664 854 
3 907 780 790 
3 728 783 1031 
3 815 816 838 
3 698 684 874 
3 845 814 871 
3 834 779 771 
3 895 675 818 
3 860 746 800 
3 802 865 943 
3 811 861 837 
3 835 812 843 
3 896 831 718 
3 873 791 830 
3 851 806 846 
3 857 807 835 
3 870 824 808 
3 833 829 844 
3 848 767 847 
3 850 828 858 
3 843 821 845 
3 879 578 752 
3 775 725 887 
3 847 791 873 
3 863 805 869 
3 829 838 856 
3 835 868 882 
3 838 823 886 
3 933 832 883 
3 900 836 841 
3 891 849 836 
3 864 778 848 
3 869 837 878 
3 859 787 832 
3 688 717 1189 
3 889 866 737 
3 958 818 881 
3 883 817 863 
3 880 843 886 
3 796 833 888 
3 837 913 878 
3 906 786 851 
3 923 889 826 
3 828 813 937 
3 936 907 794 
3 855 842 897 
3 890 809 849 
3 827 875 902 
3 896 743 853 
3 885 928 784 
3 844 880 898 
3 842 850 910 
3 795 834 893 
3 823 803 905 
3 906 885 773 
3 918 841 831 
3 946 822 895 
3 865 801 894 
3 1071 879 765 
3 521 1539 1299 
3 850 858 931 
3 929 839 876 
3 868 856 892 
3 929 854 578 
3 954 844 901 
3 846 855 908 
3 968 763 757 
3 919 867 872 
3 856 845 904 
3 840 776 911 
3 893 857 954 
3 925 853 860 
3 936 864 891 
3 890 848 916 
3 880 903 914 
3 921 870 888 
3 875 921 899 
3 874 825 958 
3 945 830 866 
3 863 967 938 
3 901 868 957 
3 902 894 944 
3 916 847 917 
3 882 898 915 
4 865 899 932 951 
3 914 892 904 
3 903 886 905 
3 904 871 912 
4 924 872 859 934 
4 1015 941 819 862 
3 883 938 1066 
3 960 673 1061 
3 967 869 950 
4 912 887 785 987 
3 905 911 1030 
3 922 858 953 
4 978 979 892 903 
3 970 901 939 
3 891 900 926 
3 927 900 918 
3 972 917 873 
3 928 885 924 
3 783 973 1238 
3 894 893 963 
3 931 913 964 
3 925 860 940 
3 919 906 956 
3 942 889 923 
3 1006 916 927 
3 975 926 917 
3 930 867 919 
3 1029 881 879 
3 940 928 966 
3 878 922 959 
3 902 977 962 
3 935 846 992 
3 965 906 935 
3 976 934 933 
3 994 862 890 
3 861 943 953 
3 908 897 1005 
3 915 952 955 
3 949 923 930 
3 1070 968 907 
3 947 925 949 
3 937 827 969 
3 899 963 974 
3 1038 896 947 
3 1075 698 874 
3 945 942 988 
4 1733 588 735 1000 
3 986 942 940 
3 1032 910 959 
3 902 962 985 
3 939 957 984 
3 913 937 1010 
3 888 882 961 
3 982 939 984 
3 966 924 971 
3 952 898 979 
3 895 854 1029 
3 950 931 983 
3 1204 798 909 
3 990 954 970 
3 951 932 980 
3 944 921 990 
3 983 922 1054 
3 971 934 976 
3 981 930 956 
3 897 910 1017 
3 1077 884 941 
3 943 985 996 
3 961 915 982 
3 956 965 989 
3 1056 1094 918 
3 920 799 1046 
3 944 1021 997 
3 1106 1006 927 
3 965 935 1014 
3 932 1001 1024 
3 1002 914 993 
3 957 914 1003 
3 962 1024 1051 
3 986 966 995 
3 970 955 991 
3 959 964 1026 
3 955 952 1011 
3 969 951 1022 
3 988 949 981 
3 911 728 1036 
3 999 947 986 
3 998 971 1035 
3 963 961 1004 
3 1004 982 1020 
3 1045 933 1008 
3 978 1039 1049 
3 1084 1109 936 
3 1034 981 998 
3 969 1022 1103 
3 1001 974 1012 
3 995 989 1042 
3 1007 988 1019 
3 948 735 1699 
3 977 997 1028 
3 1003 978 1009 
3 1013 979 1002 
3 990 991 1021 
3 938 1016 1027 
3 1084 926 975 
3 1092 1033 999 
3 1078 992 1018 
3 1002 1049 1053 
3 953 1111 1079 
3 1044 984 1013 
3 997 1040 1025 
3 1011 1003 1058 
3 1035 976 1048 
3 1109 1089 907 
3 1027 1005 1017 
3 1016 967 1037 
3 1083 1008 1066 
3 1091 999 1023 
3 1050 991 1060 
3 974 1004 1040 
3 996 985 1051 
3 1019 1034 1115 
3 980 977 1055 
3 1028 1012 1087 
3 1043 983 1125 
3 1100 1005 1016 
3 1067 1001 1025 
3 1071 958 929 
3 1039 912 1062 
3 1036 820 1225 
3 1037 950 1043 
3 1133 1038 1007 
3 1023 995 1063 
3 1072 989 1014 
3 1062 987 1031 
3 1017 1032 1076 
3 1052 945 1033 
3 993 1030 1122 
3 1012 1021 1050 
3 1081 697 1075 
3 1063 998 1047 
3 1032 1026 1143 
3 1060 1011 1069 
3 1132 1057 992 
4 1289 973 538 1299 
3 1042 1072 1065 
3 1093 1014 1057 
3 1009 993 1064 
3 1040 1020 1068 
3 1022 980 1074 
3 1155 1056 1038 
3 1009 1064 1059 
3 964 1079 1130 
3 1074 1024 1073 
3 1094 972 1052 
3 1048 1045 1134 
3 1013 1059 1123 
3 1058 1053 1104 
3 1020 1044 1085 
3 1283 909 1081 
3 1030 1036 1139 
3 1128 1034 1042 
3 1053 1049 1114 
3 1088 1047 1169 
3 1018 908 1100 
3 1073 1028 1082 
3 1086 1050 1080 
3 1096 1044 1105 
3 1077 941 1089 
3 1116 1029 876 
3 1047 1035 1093 
3 1112 1055 1067 
3 1090 1051 1055 
3 1041 946 1116 
3 1148 1037 1137 
3 1116 968 1070 
3 1132 1008 1107 
3 1054 1010 1099 
3 1095 1068 1085 
3 1061 1041 1476 
3 1121 1067 1098 
3 1113 1018 1185 
3 1172 994 1006 
3 1080 1060 1096 
3 1087 1068 1095 
3 1102 1025 1086 
3 1127 1065 1131 
3 1201 1070 1015 
3 1103 1074 1112 
3 1101 1019 1110 
3 1101 1126 1007 
3 1072 1048 1146 
3 1106 972 1056 
3 1086 1080 1097 
3 1085 1069 1140 
3 1124 1095 1140 
3 1144 1082 1102 
3 1079 1138 1165 
3 1185 1066 1027 
3 1118 1092 1091 
3 1159 1098 1087 
3 996 1090 1108 
3 1120 1059 1114 
3 1069 1123 1117 
3 1174 975 1094 
3 1078 1113 1235 
3 1103 1149 1136 
3 1164 1015 994 
3 1119 1091 1115 
3 1010 1136 1138 
3 1142 1090 1073 
3 1107 1083 1218 
3 1104 1064 1122 
3 1110 1023 1129 
4 1075 1071 1077 1162 
3 1105 1213 1180 
3 1150 1101 1119 
3 1118 1110 1129 
3 1166 1104 1197 
3 1142 1082 1144 
3 1114 1039 1135 
3 1105 1058 1166 
3 1156 1157 1097 
3 1143 1026 1130 
3 1133 1092 1158 
3 1128 1088 1131 
3 1141 1063 1127 
3 1119 1115 1141 
3 1125 1054 1165 
4 1147 1127 1088 1176 
3 1170 1045 1078 
3 1152 1033 1126 
3 1146 1057 1160 
3 1161 1122 1139 
3 1111 1108 1177 
3 1145 1076 1151 
3 1099 1111 1187 
3 1135 1062 1222 
3 1097 1096 1171 
3 1153 1129 1128 
3 1149 1112 1121 
3 1043 1125 1154 
3 1183 1121 1098 
3 1148 1137 1200 
3 1169 1093 1134 
3 1163 1153 1131 
3 1185 1076 1145 
3 1108 1142 1177 
3 1158 1118 1167 
3 1137 1154 1209 
3 1191 1155 1133 
3 1167 1141 1147 
3 1151 1143 1233 
3 1203 1052 1152 
3 1194 1124 1168 
3 1194 1159 1124 
3 1192 1126 1150 
3 1231 1102 1157 
3 1134 1170 1198 
3 1220 1135 1228 
3 1116 1239 1274 
3 1179 1147 1188 
3 1201 1109 1182 
3 1130 1099 1193 
3 1123 1120 1208 
3 1150 1153 1175 
3 1190 1156 1186 
3 1065 1146 1198 
3 1160 1132 1234 
3 1173 1140 1180 
3 1182 1084 1178 
3 1305 1186 1171 
3 1178 1106 1211 
3 1206 1167 1179 
3 1196 1131 1207 
3 1136 1149 1181 
3 1224 1172 1174 
3 1175 1163 1184 
3 1171 1117 1219 
3 1187 1177 1183 
3 1263 1164 1172 
3 1181 1144 1210 
3 1212 1179 1188 
4 1083 1100 1148 1202 
3 1168 1173 1271 
3 1138 1181 1199 
3 1184 1163 1196 
3 1356 852 1204 
3 1277 1168 1232 
3 1195 1152 1227 
3 1227 1158 1217 
3 1165 1199 1216 
3 1265 1157 1156 
3 1203 1191 1246 
3 1188 1176 1215 
3 1205 1120 1220 
3 1169 1160 1240 
3 1193 1187 1214 
3 1237 1145 1248 
3 1256 1089 1164 
3 1218 1185 1221 
3 1211 1155 1195 
3 1348 1189 960 
3 1208 1197 1241 
3 1252 1217 1175 
3 1215 1176 1240 
3 1213 1166 1205 
3 1151 1245 1255 
3 1214 1183 1231 
4 1224 1174 1203 1230 
3 1251 1184 1266 
3 1223 1117 1208 
3 1199 1210 1249 
3 1226 1196 1207 
3 1229 1193 1244 
3 1250 1192 1206 
3 1113 1202 1254 
3 1339 1180 1223 
3 1197 1161 1247 
3 1254 1202 1237 
3 1139 1225 1306 
3 1219 1213 1315 
3 1263 1178 1211 
3 1222 1031 1301 
3 1275 1215 1354 
3 1191 1192 1258 
3 1242 1161 1298 
3 1233 1216 1259 
3 1211 1246 1293 
3 1210 1159 1265 
3 1190 1243 1236 
3 1245 1154 1229 
3 1170 1235 1269 
3 1234 1107 1288 
3 1232 1243 1324 
3 1221 1200 1262 
3 1301 920 1289 
3 1274 1162 1256 
3 1207 1198 1279 
3 1205 1261 1294 
3 1365 1247 1228 
3 1236 1232 1271 
3 1216 1268 1287 
3 1282 1209 1233 
3 1230 1195 1270 
3 1261 1220 1242 
3 1253 1200 1257 
3 1268 1214 1272 
3 1264 1217 1260 
3 1252 1212 1314 
3 1260 1206 1251 
3 1262 1248 1278 
3 1218 1221 1276 
3 1257 1209 1280 
3 1239 1201 1343 
3 1248 1255 1280 
3 1270 1227 1267 
3 1273 1229 1300 
3 1250 1252 1307 
3 1241 1247 1313 
3 1276 1237 1253 
4 1342 1182 1224 1328 
3 1267 1250 1307 
3 1272 1231 1194 
3 1212 1275 1290 
3 1323 1258 1264 
3 1244 1249 1285 
3 1279 1234 1297 
3 1246 1258 1286 
3 1243 1186 1311 
3 1292 1249 1265 
3 1282 1259 1310 
3 1472 1162 1239 
3 1266 1226 1302 
3 1281 1254 1262 
3 1312 1190 1324 
3 1281 1253 1280 
3 1337 1240 1269 
4 1278 1257 1255 1284 
3 1291 1276 1278 
3 1284 1245 1273 
3 1434 1348 1061 
3 1296 1280 1282 
3 1287 1268 1292 
3 1293 1270 1319 
3 1300 1244 1285 
3 1297 1235 1291 
3 1238 1046 1526 
3 1303 1266 1295 
3 1304 1288 1281 
3 1285 1272 1308 
3 1320 1230 1286 
3 1340 1241 1313 
3 1290 1302 1316 
3 1333 1317 1284 
3 1269 1288 1304 
3 1488 1228 1306 
4 1046 877 1539 1331 
3 1259 1287 1321 
3 1225 1238 1421 
3 1295 1275 1354 
3 1314 1290 1309 
3 1297 1291 1317 
3 1311 1173 1339 
3 1298 1222 1421 
3 1264 1260 1327 
3 1322 1292 1318 
3 1332 1303 1316 
3 1330 1273 1346 
3 1347 1271 1305 
3 1318 1277 1329 
4 1325 1294 1261 1369 
3 1345 1251 1303 
3 1352 1223 1344 
3 1309 1295 1367 
3 1334 1304 1296 
3 1326 1308 1312 
3 1336 1286 1353 
3 1328 1293 1336 
3 1346 1300 1322 
3 1341 1321 1308 
3 1353 1267 1335 
3 1277 1236 1329 
3 1340 1313 1375 
3 1355 1318 1351 
3 1335 1307 1345 
3 1384 1263 1320 
3 1312 1324 1350 
3 1349 1310 1374 
3 1526 1299 1508 
3 1368 1309 1363 
3 1338 1296 1349 
3 1337 1317 1338 
3 1361 1323 1327 
3 1395 1320 1319 
3 1354 1279 1334 
3 1372 1334 1333 
3 1360 1305 1219 
3 1362 1294 1325 
3 1357 1376 1322 
3 1343 1263 1366 
3 1387 1256 1342 
3 1383 1315 1362 
3 1379 1327 1314 
3 1374 1310 1321 
3 1350 1311 1370 
3 1373 1204 1283 
3 1394 1333 1330 
3 1359 1329 1347 
3 1389 1326 1359 
3 1382 1360 1315 
3 1319 1323 1361 
4 1364 1302 1226 1337 
3 1378 1358 1326 
3 1672 1189 1373 
3 1385 1341 1358 
3 1385 1357 1355 
3 1403 1351 1350 
3 1370 1339 1352 
3 1386 1353 1335 
3 1417 1344 1340 
3 1381 1332 1367 
3 1371 1354 1391 
3 1500 1369 1242 
3 1377 1342 1388 
3 1363 1316 1371 
3 1379 1332 1381 
3 1375 1313 1365 
3 1390 1347 1360 
3 1380 1367 1364 
3 1393 1338 1392 
3 1672 1356 1348 
3 1376 1330 1346 
4 1456 1325 1369 1500 
3 1398 1374 1341 
3 1387 1366 1497 
3 1409 1355 1389 
3 1416 1345 1368 
3 1415 1404 1371 
3 1368 1363 1405 
3 1401 1352 1383 
3 1382 1344 1417 
3 1388 1328 1430 
3 1399 1357 1358 
3 1397 1361 1396 
3 1410 1343 1377 
3 1414 1366 1384 
3 1402 1378 1351 
3 1422 1370 1400 
3 1364 1393 1420 
3 1411 1372 1394 
3 1423 1391 1372 
3 1412 1392 1349 
3 1449 1447 1336 
3 1474 1386 1432 
3 1462 1429 1386 
3 1419 1376 1399 
3 1428 1398 1385 
3 1407 1390 1401 
3 1400 1382 1440 
3 1408 1389 1413 
3 1406 1359 1425 
3 1405 1380 1415 
3 1424 1381 1404 
3 1460 1418 1403 
3 1443 1422 1400 
3 1437 1409 1402 
3 1428 1378 1408 
3 1487 1387 1436 
3 1433 1392 1412 
3 1411 1394 1419 
3 1435 1402 1418 
3 1497 1388 1426 
3 1404 1380 1453 
3 1438 1379 1427 
3 1440 1383 1362 
3 1413 1406 1460 
3 1412 1398 1428 
3 1450 1391 1423 
3 1306 1301 1461 
3 1425 1390 1407 
3 1420 1393 1439 
3 1431 1427 1405 
3 1458 1403 1422 
3 1414 1430 1459 
3 1445 1416 1424 
4 1442 1419 1399 1409 
3 1484 1449 1397 
3 1426 1384 1447 
3 1441 1424 1446 
3 1396 1444 1489 
3 1439 1411 1442 
3 1555 1283 1529 
3 1448 1437 1413 
3 1475 1410 1502 
3 1457 1408 1435 
3 1444 1416 1467 
3 1455 1423 1433 
3 1401 1417 1465 
3 1445 1431 1466 
3 1457 1433 1428 
3 1473 1407 1452 
3 1489 1432 1438 
3 1467 1427 1441 
3 1503 1431 1464 
3 1430 1395 1454 
3 1485 1435 1451 
3 1454 1395 1429 
3 1453 1420 1455 
3 1486 1448 1492 
3 1518 1443 1469 
3 1464 1415 1450 
3 1470 1447 1449 
3 1450 1439 1463 
3 1533 1465 1375 
3 1463 1442 1437 
3 1468 1425 1473 
3 1523 1426 1470 
3 1418 1406 1468 
3 1501 1421 1628 
3 1471 1397 1474 
3 1455 1457 1479 
3 1490 1446 1453 
3 1469 1440 1456 
3 1480 1441 1535 
4 1542 1438 1445 1480 
3 1483 1460 1458 
3 1482 1452 1465 
3 1499 1459 1454 
3 1563 1496 1462 
3 1477 1274 1487 
3 1478 1458 1443 
3 1581 1462 1396 
3 1509 1436 1502 
3 1601 1081 1477 
3 1554 1476 1472 
3 1494 1483 1473 
3 1491 1463 1481 
3 1505 1467 1466 
3 1495 1479 1485 
4 1549 1559 1469 1534 
3 1492 1468 1478 
3 1499 1429 1496 
3 1481 1448 1506 
3 1506 1451 1514 
3 1524 1472 1410 
3 1591 1298 1501 
3 1542 1432 1444 
3 1507 1464 1493 
3 1493 1479 1504 
3 1514 1451 1483 
3 1490 1491 1519 
3 1510 1478 1521 
3 1498 1481 1511 
3 1578 1484 1471 
3 1377 1414 1540 
3 1504 1495 1512 
3 1541 1470 1484 
3 1375 1365 1591 
3 1488 1461 1627 
3 1475 1436 1522 
3 1535 1446 1517 
3 1491 1498 1513 
3 1570 1480 1560 
3 1515 1485 1486 
3 1517 1490 1525 
3 1780 1331 1539 
3 1524 1475 1538 
3 1536 1548 1494 
3 1520 1495 1515 
3 1516 1498 1520 
3 1527 1504 1516 
3 1543 1486 1492 
3 1511 1506 1537 
3 1530 1513 1512 
3 1531 1503 1507 
3 1528 1452 1559 
3 1525 1493 1527 
3 1512 1511 1544 
3 1562 1494 1528 
3 1552 1502 1540 
3 1573 1551 1459 
3 1546 1487 1509 
3 1545 1507 1519 
3 1654 1289 1331 
3 1519 1513 1556 
3 1521 1518 1582 
3 1532 1434 1601 
3 1553 1516 1566 
3 1596 1517 1545 
3 1615 1555 1529 
3 1534 1456 1641 
3 1482 1533 1621 
3 1605 1466 1503 
3 1568 1510 1547 
3 1550 1515 1543 
3 1546 1509 1552 
5 1890 1508 1299 877 439 
3 1522 1497 1551 
3 1573 1499 1580 
3 1581 1489 1467 
3 1537 1514 1548 
3 1566 1520 1550 
3 1558 1531 1525 
3 1554 1524 1538 
3 1576 1536 1562 
3 1543 1510 1557 
3 1572 1482 1621 
3 1544 1537 1561 
3 1661 1540 1523 
3 1632 1538 1522 
3 1556 1530 1565 
3 1630 1477 1546 
3 1647 1434 1532 
3 1527 1553 1590 
4 1561 1548 1567 1564 
3 1571 1545 1588 
3 1582 1518 1482 
3 1606 1505 1605 
3 1584 1550 1557 
3 1547 1521 1602 
3 1569 1471 1629 
3 1575 1557 1567 
3 1592 1553 1577 
4 1577 1530 1544 1594 
3 1564 1557 1568 
3 1567 1536 1574 
3 1675 1578 1563 
3 1638 1505 1587 
3 1596 1558 1583 
3 1649 1586 1549 
3 1643 1523 1541 
3 1579 1568 1576 
3 1584 1564 1579 
3 1574 1547 1603 
3 1593 1565 1566 
3 1580 1496 1569 
3 1585 1575 1574 
3 1643 1541 1578 
3 1629 1474 1542 
3 1610 1528 1559 
3 1612 1571 1604 
3 1598 1561 1575 
3 1589 1607 1579 
3 1659 1610 1572 
3 1674 1570 1606 
3 1558 1590 1600 
3 1623 1613 1585 
3 1588 1556 1595 
3 1641 1500 1488 
3 1597 1565 1599 
3 1631 1599 1577 
3 1618 1566 1598 
3 1600 1590 1597 
3 1612 1531 1571 
3 1648 1595 1592 
3 1594 1584 1607 
3 1609 1592 1593 
3 1608 1588 1595 
3 1611 1529 1476 
3 1603 1562 1620 
3 1651 1576 1602 
3 1583 1608 1625 
3 1560 1535 1616 
3 1669 1587 1560 
3 1617 1598 1585 
3 1604 1600 1635 
3 1671 1599 1631 
3 1620 1582 1586 
3 1615 1601 1630 
3 1614 1596 1583 
4 1619 1622 1589 1624 
3 1626 1616 1612 
3 1647 1532 1611 
3 1673 1605 1614 
3 1618 1607 1622 
3 1640 1594 1617 
3 1735 1644 1613 
3 1657 1602 1610 
3 1549 1534 1715 
3 1652 1617 1613 
3 1639 1589 1642 
3 1613 1636 1681 
3 1633 1604 1634 
3 1678 1614 1645 
3 1670 1501 1656 
3 1705 1461 1654 
3 1638 1563 1581 
3 1650 1611 1554 
3 1640 1609 1593 
3 1692 1650 1552 
3 1637 1658 1625 
3 1637 1625 1635 
3 1634 1608 1648 
3 1624 1639 1682 
3 1687 1633 1634 
3 1677 1629 1570 
3 1636 1623 1666 
3 1652 1631 1618 
3 1533 1591 1707 
3 1666 1623 1651 
3 1655 1573 1580 
3 1646 1663 1619 
3 1653 1626 1658 
3 1770 1662 1644 
3 1699 1555 1615 
3 1667 1635 1597 
3 1660 1665 1572 
3 1711 1630 1632 
3 1642 1603 1676 
3 1668 1640 1622 
3 1714 1645 1689 
3 1822 1628 1526 
3 1661 1643 1675 
3 1684 1627 1705 
3 1676 1620 1664 
3 1690 1645 1633 
3 1665 1664 1586 
3 1696 1649 1700 
3 1691 1551 1655 
3 1743 1695 1646 
3 1685 1668 1644 
3 1686 1657 1659 
3 1686 1659 1649 
3 1639 1642 1688 
3 1698 1648 1671 
3 1680 1652 1663 
3 1674 1606 1683 
3 1707 1627 1679 
3 1680 1667 1609 
3 1699 1356 1373 
3 1720 1683 1616 
3 1718 1587 1669 
3 1721 1655 1569 
3 1713 1651 1657 
3 1737 1721 1638 
3 1714 1720 1626 
3 1803 1670 1684 
3 1697 1671 1668 
3 1706 1624 1709 
3 1709 1636 1688 
3 1708 1669 1673 
3 1821 1679 1656 
3 1693 1663 1695 
3 1731 1664 1665 
3 1694 1637 1698 
3 1682 1666 1704 
3 1751 1653 1690 
3 1689 1658 1694 
3 1769 1692 1661 
3 1724 1632 1691 
3 1712 1702 1685 
3 1722 1690 1687 
3 1730 1685 1662 
3 1731 1660 1734 
3 1703 1701 1680 
3 1687 1667 1701 
5 1733 1000 1672 1647 1723 
3 1660 1741 1719 
3 1716 1698 1697 
3 1761 1703 1693 
3 1716 1697 1702 
3 1688 1728 1726 
3 1656 1628 1890 
3 1735 1681 1710 
3 1717 1641 1670 
3 1718 1683 1736 
3 1725 1681 1682 
3 1752 1706 1727 
3 1748 1650 1742 
3 1730 1827 1693 
3 1728 1676 1732 
3 1754 1678 1653 
3 1729 1621 1717 
3 1758 1701 1703 
3 1715 1707 1746 
3 1737 1674 1708 
3 1734 1700 1756 
3 1736 1673 1678 
3 1739 1675 1677 
3 1745 1751 1694 
3 1699 1748 1871 
3 1843 1742 1692 
3 1727 1709 1738 
3 1738 1704 1747 
4 1766 1710 1725 1740 
3 1704 1713 1764 
3 1753 1715 1757 
3 1750 1712 1695 
3 1732 1686 1696 
3 1713 1731 1785 
4 128 948 1699 1871 
3 1763 1696 1719 
3 1771 1619 1706 
3 1759 1708 1720 
3 1768 1677 1718 
3 1749 1725 1726 
3 1769 1721 1792 
3 1778 1727 1749 
3 1744 1700 1753 
3 1842 1711 1724 
3 1793 1775 1662 
3 1794 1741 1788 
3 1774 1722 1758 
3 1757 1717 1777 
3 1760 1726 1764 
3 1723 1711 1830 
3 1755 1740 1738 
3 1791 1858 1730 
3 1805 1689 1722 
3 1765 1710 1766 
3 1741 1729 1776 
3 1804 1773 1714 
3 1778 1749 1762 
3 1763 1719 1799 
3 1776 1729 1746 
3 1772 1745 1716 
3 1767 1736 1773 
3 1762 1747 1783 
3 1782 1781 1702 
3 1807 1755 1760 
3 1813 1734 1756 
3 1747 1728 1785 
3 1798 1795 1752 
3 1790 1752 1727 
3 1800 1768 1759 
3 1792 1737 1767 
3 1881 1691 1739 
3 1784 1793 1646 
3 1784 1735 1787 
3 1774 1758 1781 
3 1863 1759 1754 
3 1805 1745 1772 
3 1889 1791 1743 
3 1753 1757 1779 
3 1779 1746 1803 
3 1802 1740 1755 
3 1786 1776 1777 
3 1890 1822 1508 
3 1797 1772 1761 
3 1827 1796 1761 
3 1760 1823 1809 
3 1838 1770 1771 
3 1764 1732 1813 
3 1840 1788 1779 
3 1836 1771 1789 
3 1835 1744 1786 
3 1806 1787 1795 
3 1801 1766 1802 
3 1898 1750 1775 
3 1847 1739 1768 
3 1869 1743 1770 
3 1799 1744 1810 
3 1789 1765 1811 
3 1859 1797 1782 
3 1820 1781 1796 
3 1811 1765 1801 
3 1756 1794 1808 
3 1879 1847 1767 
3 1798 1790 1825 
3 1790 1778 1818 
3 1777 1679 1821 
3 1846 1754 1812 
3 1812 1751 1774 
3 1851 1789 1839 
3 1826 1815 1762 
3 1814 1799 1810 
3 1828 1783 1816 
3 1808 1794 1835 
3 1795 1798 1817 
3 1804 1805 1820 
4 1829 1785 1763 1814 
3 1813 1808 1819 
3 1818 1807 1826 
3 1828 1809 1854 
3 1839 1811 1848 
3 1824 1802 1815 
3 1874 1814 1872 
3 1831 1812 1797 
3 1803 1684 1882 
3 1890 1654 1780 
3 1854 1783 1829 
3 1825 1818 1832 
3 1834 1801 1824 
3 1815 1807 1833 
3 1858 1782 1712 
3 1837 1809 1816 
3 1823 1813 1867 
3 1871 1748 1842 
3 1857 1846 1820 
3 1841 1824 1833 
3 1832 1826 1837 
3 1848 1825 1841 
3 1810 1788 1844 
3 1851 1838 1787 
3 1845 1833 1828 
3 1850 1784 1836 
3 1806 1817 1849 
3 1844 1786 1893 
3 1834 1832 1855 
4 1830 1742 1843 1943 
3 1842 1724 1881 
3 1835 1840 1880 
3 1853 1837 1864 
3 1863 1804 1831 
3 1886 1792 1800 
3 1817 1834 1861 
3 1860 1839 1852 
3 1921 1901 1838 
3 1878 1836 1806 
3 1849 1861 1865 
3 1862 1856 1845 
4 1864 1816 1823 1895 
3 1866 1841 1856 
3 1855 1853 1862 
3 1877 1831 1859 
3 1924 1827 1750 
3 1915 1857 1796 
3 1873 1849 1870 
3 1852 1848 1866 
3 1856 1853 1876 
3 1879 1773 1846 
3 1845 1854 1897 
3 1852 1868 1875 
3 1868 1861 1855 
3 1883 1829 1874 
3 1865 1866 1896 
3 1901 1889 1793 
3 1887 1860 1875 
4 1733 1723 1830 1971 
3 1885 1819 1884 
3 1878 1860 1899 
3 1867 1819 1892 
3 1870 1865 1894 
3 1888 1862 1897 
3 1879 1857 1910 
3 1921 1851 1873 
4 1903 1800 1863 1877 
3 1884 1844 1920 
4 1943 1843 1769 1886 
3 1893 1821 1890 
3 1895 1867 1907 
3 1872 1880 1919 
3 1892 1872 1922 
3 1881 1847 1903 
3 1899 1870 1891 
3 1911 1896 1876 
3 1927 1775 1869 
6 1976 1882 1705 1822 1780 1539 
3 1904 1887 1902 
3 1907 1874 1885 
3 1840 1882 1925 
3 1875 1900 1902 
3 1854 1883 1906 
3 1900 1868 1888 
3 1876 1864 1905 
3 1931 1928 1791 
3 1923 1873 1887 
3 1908 1894 1896 
3 1936 1869 1850 
3 1891 1894 1908 
3 1886 1879 1909 
3 1912 1891 1916 
3 1913 1897 1906 
3 1905 1895 1933 
3 1883 1892 1935 
3 1902 1900 1914 
3 1966 1903 1910 
3 1909 1877 1915 
3 1914 1888 1913 
3 1923 1904 1918 
3 1911 1905 1929 
4 1917 1908 1911 1926 
3 1910 1859 1924 
3 1918 1904 1917 
3 1940 1916 1914 
3 1939 1912 1916 
3 1922 1884 1920 
3 1919 1880 1925 
3 1942 1850 1878 
3 1935 1885 1919 
3 1948 1899 1912 
3 1928 1915 1858 
3 1920 1893 1954 
3 1932 1914 1930 
3 1936 1931 1889 
3 1966 1924 1898 
3 1930 1913 1933 
3 1934 1926 1929 
3 1957 1898 1927 
3 1941 1926 1934 
3 1929 1906 1938 
3 1946 1932 1930 
4 1937 1907 1922 1944 
3 1942 1927 1901 
3 1945 1938 1935 
3 1953 1933 1937 
3 1949 1918 1940 
3 1939 1917 1941 
3 1947 1940 1932 
3 1956 1936 1921 
3 1842 1881 1971 
3 1952 1935 1979 
3 1950 1955 1937 
3 1947 1934 1953 
3 1951 1941 1946 
3 1956 1923 1949 
3 1948 1939 1958 
3 1961 1945 1952 
3 1958 1947 1959 
3 1965 1950 1944 
3 1955 1946 1938 
3 1982 1925 1976 
4 1962 1959 1953 1945 
4 1957 1942 1948 1963 
3 1960 1931 1956 
3 1949 1951 1967 
3 1951 1955 1977 
3 1970 1957 1963 
3 1964 1962 1950 
3 1968 1955 1961 
3 1960 1956 1973 
3 1968 1961 1965 
3 1964 1952 1969 
3 1971 1909 1928 
3 1974 1958 1975 
3 1977 1962 1964 
3 1972 1965 1979 
3 1971 1960 1981 
5 1871 1943 1966 1970 1995 
3 1980 1969 1979 
3 1981 1963 1974 
3 1973 1967 1984 
3 1967 1978 1986 
3 1988 1954 1890 
4 1978 1959 1968 1980 
3 1975 1977 1987 
4 1972 1969 1944 1982 
3 1977 1972 1983 
3 1970 1973 1995 
3 1979 1954 1988 
3 1980 1991 1985 
3 1995 1974 1986 
3 1989 1983 1992 
3 1984 1975 1990 
3 1978 1989 1993 
4 1997 1991 1982 1976 
3 1994 1987 1985 
3 1995 1986 1993 
3 1992 1983 1988 
3 1997 1985 1991 
3 1990 1987 1994 
3 1993 1989 1997 
5 1971 1981 1984 1990 1996 
2 1995 1998 
4 1999 1994 1992 1988 
2 1996 1999 
2 1998 1997 
