400
0 54 2490
1 54 10996
2 56 18702
3 216 18338
4 312 4314
5 384 18472
6 396 23982
7 406 13242
8 640 17814
9 686 20278
10 696 15336
11 722 18220
12 768 4900
13 836 750
14 910 15568
15 920 19872
16 924 18536
17 994 12364
18 1048 6948
19 1090 20214
20 1108 16772
21 1116 7282
22 1122 9910
23 1152 4988
24 1160 9182
25 1186 1444
26 1192 4264
27 1196 7258
28 1360 22160
29 1402 3912
30 1404 22482
31 1430 694
32 1458 21586
33 1574 21224
34 1588 3540
35 1612 22994
36 1626 22974
37 1674 13332
38 1688 11132
39 1884 14710
40 1932 20932
41 2142 23140
42 2158 3448
43 2208 15412
44 2284 7002
45 2492 136
46 2700 16902
47 2720 4984
48 2770 17586
49 2898 11610
50 2976 2830
51 2986 12538
52 2986 13404
53 3054 14678
54 3126 2406
55 3144 8634
56 3170 9582
57 3198 14996
58 3214 8796
59 3218 9546
60 3218 14134
61 3268 17740
62 3274 11780
63 3284 22354
64 3292 19460
65 3508 15186
66 3542 4802
67 3552 18400
68 3556 7106
69 3658 9982
70 3662 16924
71 4038 5346
72 4236 23922
73 4238 17132
74 4270 18420
75 4330 5374
76 4352 8192
77 4352 19252
78 4354 5066
79 4382 20146
80 4510 6294
81 4526 23092
82 4558 8190
83 4622 5140
84 4630 17944
85 4670 7160
86 4684 4156
87 4738 10826
88 4766 14100
89 4774 2936
90 4776 9480
91 4872 9448
92 4904 8514
93 4918 18082
94 5076 11668
95 5142 14696
96 5178 3166
97 5218 16486
98 5242 5448
99 5484 21956
100 5546 9460
101 5596 13730
102 5626 20254
103 5664 17016
104 5692 12628
105 5724 3886
106 5774 6048
107 5780 21398
108 5802 18968
109 5804 4724
110 5852 8086
111 5926 20252
112 6032 6074
113 6054 10084
114 6156 14524
115 6220 6370
116 6236 7598
117 6236 18024
118 6240 8704
119 6252 22260
120 6306 8144
121 6328 20176
122 6352 12520
123 6360 23822
124 6458 20014
125 6564 13060
126 6596 23002
127 6626 5002
128 6646 17338
129 6774 14288
130 6796 22082
131 6820 19298
132 6826 12992
133 6838 2802
134 6842 23832
135 7098 19414
136 7144 20322
137 7162 14674
138 7168 140
139 7174 7140
140 7186 5342
141 7202 1878
142 7268 3730
143 7310 14488
144 7350 18018
145 7392 16836
146 7396 19736
147 7448 15424
148 7486 638
149 7494 19988
150 7630 10738
151 7720 10798
152 7722 15916
153 7800 7138
154 7940 2200
155 7962 21666
156 7980 23606
157 8020 18262
158 8022 20040
159 8068 5332
160 8192 13900
161 8232 126
162 8354 4378
163 8522 17844
164 8524 3052
165 8542 6166
166 8794 20026
167 8918 19960
168 8930 16108
169 8972 12890
170 8976 6698
171 9056 12794
172 9064 1408
173 9158 3032
174 9276 10828
175 9282 23044
176 9384 14508
177 9424 14232
178 9426 7174
179 9504 6012
180 9510 9228
181 9566 21974
182 9594 18894
183 9724 5574
184 9748 1560
185 9756 14798
186 9782 5934
187 9938 8096
188 9942 16710
189 9990 8568
190 10058 17914
191 10184 14100
192 10262 9598
193 10318 22574
194 10384 21216
195 10386 12706
196 10406 12050
197 10440 21988
198 10442 144
199 10454 1040
200 10570 6654
201 10616 6506
202 10634 9876
203 10718 19052
204 10834 21046
205 10840 21270
206 10844 20186
207 11042 16178
208 11062 23064
209 11166 17452
210 11318 18618
211 11320 19616
212 11452 2788
213 11456 23286
214 11512 4662
215 11594 16024
216 11704 15796
217 11862 922
218 12028 13204
219 12032 9030
220 12036 16002
221 12036 17806
222 12206 10426
223 12360 4608
224 12400 244
225 12472 14120
226 12530 19372
227 12598 15852
228 12640 11658
229 12656 15830
230 12688 17556
231 12826 19228
232 12836 16502
233 12836 22198
234 12872 4914
235 12888 6970
236 12898 14702
237 12916 2370
238 12932 8890
239 13156 14130
240 13248 12358
241 13274 19528
242 13314 19436
243 13330 17168
244 13366 18414
245 13410 204
246 13442 178
247 13652 20652
248 13694 17116
249 13722 17600
250 13742 16478
251 13880 1612
252 13920 1312
253 13994 4748
254 14024 16436
255 14030 21526
256 14046 23484
257 14048 17546
258 14048 18290
259 14266 1234
260 14280 4302
261 14402 20058
262 14526 8650
263 14562 7492
264 14576 9634
265 14592 13648
266 14674 9892
267 14784 766
268 14802 7352
269 14930 9424
270 14992 21608
271 15132 3306
272 15152 6254
273 15188 4330
274 15230 3124
275 15300 4192
276 15374 20664
277 15428 7456
278 15438 20420
279 15492 22280
280 15696 15466
281 15814 17530
282 15838 2586
283 15860 18602
284 16030 14232
285 16284 3598
286 16310 1058
287 16518 17198
288 16668 21480
289 16690 10664
290 16704 4058
291 16706 15606
292 16730 16746
293 16768 1014
294 16790 22898
295 16820 8770
296 16820 19964
297 16892 12342
298 16892 17240
299 16958 614
300 17258 12582
301 17358 23620
302 17414 3860
303 17432 922
304 17506 7806
305 17516 2684
306 17594 5516
307 17616 3228
308 17842 3430
309 17870 3694
310 17990 15838
311 17996 3112
312 18230 22764
313 18278 18298
314 18328 16982
315 18386 10638
316 18466 18456
317 18484 9540
318 18556 12788
319 18702 22876
320 18870 7024
321 18872 2584
322 18876 4308
323 18886 9218
324 18994 16132
325 19062 5140
326 19086 10630
327 19086 23774
328 19160 2462
329 19184 2910
330 19190 6792
331 19202 7410
332 19282 8710
333 19378 15510
334 19500 10374
335 19548 7996
336 19602 204
337 19606 16986
338 19652 23444
339 19800 13584
340 19946 14396
341 19978 5432
342 20008 22090
343 20080 18470
344 20114 18090
345 20144 10684
346 20148 16256
347 20316 21364
348 20506 21524
349 20530 8342
350 20626 13882
351 20694 5882
352 20704 3472
353 20764 6414
354 20770 18958
355 20826 23386
356 20918 7382
357 20918 19130
358 21000 22992
359 21198 4102
360 21246 12018
361 21270 10512
362 21354 12078
363 21486 18368
364 21688 270
365 21694 4648
366 21712 7532
367 21734 16582
368 21764 5184
369 21946 6658
370 21946 14292
371 22010 13698
372 22016 22152
373 22024 20986
374 22222 2064
375 22270 17026
376 22280 16226
377 22308 7602
378 22460 1142
379 22474 10042
380 22496 20194
381 22516 4634
382 22694 8018
383 22698 3288
384 22792 9322
385 22928 6228
386 22954 23210
387 23056 23140
388 23076 6664
389 23082 11846
390 23296 15198
391 23312 16240
392 23364 8782
393 23378 16552
394 23574 9926
395 23624 17796
396 23674 8092
397 23838 15018
398 23946 8638
399 23952 2146
3 4 1 13 
2 2 0 
4 9 6 1 3 
3 5 2 7 
3 12 7 0 
4 15 3 10 8 
8 2 30 35 41 81 123 72 327 
3 10 3 4 
4 11 5 14 20 
3 28 2 15 
3 5 7 17 
3 16 19 8 
4 23 18 4 26 
4 25 0 45 31 
3 8 17 37 
3 19 9 5 
3 33 11 48 
3 14 10 22 
3 21 22 12 
3 32 15 11 
4 46 8 39 43 
3 24 18 27 
3 17 18 24 
4 44 27 12 47 
3 38 22 21 
3 54 34 13 
3 12 29 86 
3 56 21 23 
3 30 9 32 
3 26 34 105 
3 36 6 28 
3 13 45 148 
3 28 19 33 
3 32 16 40 
3 29 25 42 
3 6 36 102 
3 35 30 79 
3 39 14 38 
3 49 37 24 
3 20 37 51 
3 33 64 79 
3 6 63 99 
3 34 50 96 
3 20 52 53 
3 68 55 23 
4 138 31 13 161 
3 70 48 20 
3 71 23 66 
3 61 16 46 
3 62 38 56 
3 89 42 54 
3 52 39 62 
3 60 43 51 
3 57 43 60 
3 50 25 141 
3 58 44 76 
3 49 27 59 
3 65 70 53 
3 90 59 55 
3 69 56 58 
3 53 52 88 
3 84 67 48 
3 104 51 49 
3 41 111 107 
3 40 67 77 
3 97 57 95 
3 78 47 86 
3 74 64 61 
3 76 44 71 
3 87 94 59 
3 73 46 57 
3 75 68 47 
3 6 134 327 
3 84 70 103 
3 77 67 93 
3 80 71 78 
3 55 68 82 
3 64 74 108 
3 83 75 66 
3 36 40 108 
3 85 75 106 
3 6 119 126 
3 92 76 85 
3 98 78 109 
3 93 61 73 
3 116 82 80 
3 66 26 105 
3 94 69 90 
3 95 60 101 
3 96 50 133 
3 87 58 91 
3 100 90 92 
3 91 82 110 
3 74 84 117 
4 122 104 69 87 
3 65 88 114 
3 42 89 164 
3 103 65 137 
3 106 83 140 
3 119 41 107 
3 113 91 118 
3 129 88 125 
3 35 108 111 
3 128 73 97 
3 125 62 94 
3 86 29 142 
4 112 115 80 98 
3 99 63 136 
4 102 79 77 117 
3 127 83 142 
3 120 92 116 
3 63 102 121 
3 165 115 106 
3 150 122 100 
3 95 129 143 
3 139 106 112 
3 110 85 139 
3 108 93 128 
3 180 100 120 
3 81 99 130 
3 118 110 153 
3 136 111 124 
3 132 94 113 
4 134 6 156 256 
3 121 131 149 
3 101 104 132 
3 175 81 193 
3 140 109 162 
3 117 103 145 
3 114 101 160 
3 119 155 181 
3 135 124 144 
3 125 122 169 
3 164 89 154 
3 72 123 301 
3 146 131 157 
3 107 121 158 
3 147 97 143 
3 224 45 161 
3 116 115 153 
3 98 127 159 
3 154 54 172 
3 109 105 173 
3 137 114 177 
3 157 131 145 
3 144 128 147 
3 149 135 190 
3 152 145 137 
4 217 199 31 224 
3 158 124 146 
3 151 113 202 
3 174 171 150 
3 168 163 147 
3 120 139 170 
3 133 141 184 
3 130 166 194 
3 123 175 213 
3 135 144 163 
3 136 149 166 
3 183 140 162 
3 191 129 169 
4 336 198 138 45 
3 159 127 212 
3 157 152 188 
3 96 133 173 
3 170 112 179 
3 155 158 167 
3 166 182 203 
3 188 152 176 
3 160 132 171 
3 178 153 165 
3 169 151 195 
3 184 141 199 
3 142 164 212 
3 196 151 222 
3 208 156 126 
3 185 168 177 
3 176 143 191 
3 187 170 179 
3 178 165 186 
3 192 118 189 
3 197 130 194 
3 167 190 209 
3 186 159 214 
3 154 172 252 
3 216 207 176 
3 201 179 183 
3 189 178 200 
3 163 168 207 
3 219 180 187 
3 182 146 220 
3 225 177 160 
3 202 180 219 
3 294 126 233 
3 181 155 204 
3 218 171 196 
3 195 174 228 
3 233 181 205 
3 336 246 161 
3 172 148 217 
3 238 187 201 
3 235 200 186 
3 150 192 264 
3 206 167 210 
3 205 194 206 
3 255 197 204 
3 204 203 211 
3 188 185 215 
3 213 175 294 
3 221 182 220 
3 211 203 221 
3 206 210 226 
3 162 173 237 
3 256 156 208 
3 183 237 223 
3 207 216 220 
3 215 185 236 
3 199 148 267 
3 225 195 240 
3 192 189 238 
4 209 190 215 227 
3 210 209 230 
3 228 174 266 
3 234 214 260 
3 148 138 245 
3 239 191 218 
3 247 211 231 
3 232 220 229 
3 240 196 222 
3 250 227 236 
3 231 221 232 
3 241 226 230 
3 243 230 227 
3 279 193 197 
3 235 223 253 
3 263 201 234 
3 229 216 239 
3 214 212 251 
3 219 200 262 
3 236 225 265 
3 218 228 289 
3 247 231 242 
3 261 241 244 
3 244 232 248 
3 242 243 249 
3 299 224 246 
3 364 245 198 
3 255 226 241 
3 249 243 250 
3 258 244 248 
3 248 229 254 
3 274 237 252 
3 251 184 259 
3 272 234 273 
3 257 250 280 
3 270 205 247 
3 123 213 338 
3 258 254 281 
3 261 249 257 
3 252 267 286 
3 223 271 275 
3 270 242 258 
3 269 238 263 
3 262 235 268 
3 266 202 269 
3 284 239 297 
3 289 222 264 
3 259 217 299 
3 277 263 272 
3 264 262 295 
4 279 255 261 276 
3 285 260 274 
3 268 253 290 
3 253 275 290 
3 271 251 282 
3 273 260 285 
3 288 270 278 
3 304 268 306 
3 276 283 296 
3 312 233 270 
3 291 254 284 
3 283 257 287 
3 305 274 286 
3 278 281 298 
3 280 265 300 
3 275 271 307 
3 282 259 293 
3 298 281 292 
3 342 312 276 
3 240 266 315 
3 272 273 302 
3 292 280 339 
3 287 291 310 
3 328 286 303 
3 208 193 319 
3 317 269 304 
3 347 278 316 
3 300 265 326 
4 313 283 287 314 
4 378 303 267 245 
3 318 284 297 
3 327 134 338 
3 306 290 309 
3 374 293 299 
3 295 277 320 
3 311 282 321 
3 320 277 302 
3 308 285 311 
3 322 309 307 
3 325 302 308 
3 314 292 340 
3 307 305 329 
3 319 279 288 
3 316 298 314 
4 313 298 310 324 
3 289 317 326 
3 343 296 313 
3 315 295 323 
3 339 300 360 
3 358 294 312 
3 331 304 306 
3 329 305 328 
3 341 308 359 
3 317 332 349 
3 337 314 333 
3 341 330 309 
3 297 315 334 
5 6 72 301 355 386 
3 321 293 374 
3 352 311 321 
3 331 325 353 
3 335 320 330 
3 323 335 356 
3 346 324 340 
3 345 326 349 
3 332 331 353 
3 364 198 161 
3 344 324 346 
3 301 256 355 
3 350 291 318 
3 333 310 350 
3 351 325 322 
3 358 288 348 
3 354 316 344 
3 354 343 337 
3 360 334 361 
3 367 337 333 
3 348 296 357 
3 372 342 347 
3 334 323 366 
3 370 340 339 
3 369 353 341 
3 359 329 383 
4 356 335 330 351 
3 357 343 344 
3 327 338 386 
3 366 332 353 
3 347 354 363 
3 386 319 342 
3 365 322 352 
3 362 318 345 
3 362 345 379 
3 371 360 361 
3 373 357 375 
4 399 378 246 336 
3 368 359 383 
3 377 349 356 
3 375 346 376 
3 369 365 381 
3 377 351 368 
3 376 350 371 
3 370 362 379 
3 387 348 373 
3 372 363 380 
3 399 328 303 
3 363 367 393 
3 391 367 370 
3 382 366 369 
3 399 299 364 
3 371 361 384 
3 387 373 393 
3 385 368 399 
3 384 377 385 
3 365 352 399 
3 389 379 382 
3 388 382 381 
4 327 355 358 387 
4 386 372 380 395 
3 396 392 385 
3 390 384 392 
3 391 389 394 
3 393 376 390 
3 394 389 388 
4 380 375 391 397 
3 390 392 396 
2 387 397 
3 398 394 388 
3 395 393 398 
3 397 396 399 
6 398 381 383 374 378 364 
