800
0 16 30174
1 22 46276
2 120 29088
3 122 39774
4 328 30502
5 526 22264
6 704 7738
7 724 1618
8 758 2054
9 794 6192
10 950 34686
11 956 19682
12 1068 47916
13 1086 17938
14 1130 838
15 1204 16246
16 1212 4416
17 1212 23864
18 1220 45398
19 1282 1326
20 1328 23952
21 1376 854
22 1396 40730
23 1426 44666
24 1484 32706
25 1504 26460
26 1630 9554
27 1804 17076
28 1868 3828
29 1878 38946
30 1894 29790
31 1926 7604
32 1930 20178
33 2028 14090
34 2128 26076
35 2286 21100
36 2536 25492
37 2578 30014
38 2604 25300
39 2688 6932
40 2760 13262
41 2872 40442
42 3002 1982
43 3034 25188
44 3202 424
45 3252 4920
46 3270 42800
47 3306 43754
48 3326 1196
49 3326 42690
50 3528 13654
51 3580 27882
52 3620 8952
53 3626 12286
54 3706 11500
55 3740 43040
56 3834 39764
57 3836 27364
58 3888 27064
59 3892 38180
60 3956 43306
61 4112 31134
62 4326 6482
63 4538 19976
64 4550 9028
65 4626 39598
66 4812 16458
67 4854 39806
68 4912 6442
69 5024 6240
70 5070 39780
71 5126 16554
72 5152 24416
73 5192 8772
74 5218 19746
75 5320 33042
76 5504 21308
77 5510 8670
78 5516 11386
79 5538 27022
80 5750 34406
81 5926 10346
82 5942 24656
83 5944 21676
84 6054 44930
85 6058 46932
86 6080 44652
87 6122 19274
88 6130 31642
89 6220 23256
90 6310 34104
91 6316 34450
92 6320 26966
93 6396 40920
94 6438 44920
95 6440 19178
96 6456 24712
97 6542 44506
98 6612 20696
99 6624 46474
100 6668 14092
101 6736 32236
102 6776 39396
103 6822 22064
104 6916 6870
105 7012 34066
106 7070 30136
107 7070 35408
108 7218 23436
109 7304 7778
110 7308 534
111 7412 9398
112 7440 27126
113 7634 14892
114 7670 31060
115 7816 45448
116 7944 35994
117 7954 22206
118 8008 42014
119 8070 16632
120 8074 40300
121 8228 12536
122 8230 368
123 8272 1556
124 8518 35862
125 8546 10484
126 8588 46958
127 8616 10824
128 8628 25656
129 8676 36044
130 8722 25362
131 8792 34946
132 8862 3636
133 8948 31452
134 8968 37386
135 9080 32108
136 9108 636
137 9248 15994
138 9250 18776
139 9256 42720
140 9294 23340
141 9318 120
142 9340 27824
143 9372 18480
144 9514 28658
145 9518 13664
146 9570 18646
147 9636 47920
148 9684 41348
149 9732 28832
150 9794 21120
151 9874 14856
152 9920 39812
153 9976 15556
154 9984 5474
155 10116 12846
156 10138 14076
157 10200 40004
158 10288 36448
159 10314 30270
160 10498 30384
161 10616 7376
162 10632 4702
163 10700 45642
164 10772 7778
165 10880 21436
166 10908 3540
167 11118 2034
168 11208 32986
169 11384 37594
170 11390 8332
171 11394 5192
172 11410 45070
173 11466 1786
174 11476 47946
175 11488 28898
176 11516 47450
177 11618 5640
178 11744 9840
179 11754 46522
180 11788 8394
181 11804 16178
182 11912 24428
183 11924 4462
184 11992 22314
185 12008 18708
186 12216 15182
187 12268 11852
188 12488 1010
189 12534 5694
190 12578 16752
191 12614 20464
192 12706 41018
193 12738 20146
194 12828 42332
195 12842 30904
196 12842 38924
197 12860 7474
198 12930 39790
199 13042 13398
200 13046 42466
201 13056 29980
202 13100 24102
203 13154 35380
204 13296 6024
205 13366 29312
206 13460 23854
207 13482 1952
208 13616 22156
209 13636 29112
210 13912 11156
211 14030 37354
212 14086 118
213 14138 37816
214 14142 27930
215 14170 37086
216 14216 21558
217 14320 19896
218 14514 42884
219 14582 40514
220 14590 31668
221 14636 1858
222 14662 31508
223 14786 15008
224 14800 18336
225 14810 22882
226 14864 32112
227 14906 47212
228 14966 19052
229 14990 23816
230 14992 3806
231 15084 28240
232 15110 17982
233 15222 7088
234 15318 3332
235 15322 16278
236 15336 30950
237 15350 35278
238 15360 39906
239 15430 30588
240 15478 44840
241 15512 10672
242 15618 16946
243 15626 32632
244 15660 43418
245 15718 37384
246 15764 24198
247 15780 5330
248 15830 25944
249 15858 35550
250 15912 46416
251 16004 3988
252 16006 3808
253 16058 12306
254 16134 31262
255 16222 23572
256 16254 6288
257 16258 21560
258 16276 23960
259 16368 25334
260 16398 15660
261 16408 18164
262 16430 45100
263 16470 46066
264 16508 4922
265 16510 27890
266 16548 1362
267 16672 25034
268 16714 35060
269 16816 9920
270 16830 34194
271 16862 33286
272 16894 42684
273 17142 9788
274 17182 15690
275 17200 8800
276 17214 38750
277 17318 26892
278 17394 35304
279 17414 42858
280 17436 13368
281 17480 12974
282 17532 252
283 17620 45204
284 17626 11288
285 17696 26380
286 17806 16682
287 17852 29068
288 17892 6144
289 17898 19300
290 17914 18546
291 17922 27052
292 18028 36804
293 18078 2422
294 18132 22286
295 18280 12528
296 18320 12622
297 18324 13960
298 18402 18176
299 18534 1244
300 18596 32470
301 18760 22326
302 18790 31466
303 18814 24710
304 18844 43786
305 18904 9836
306 18962 9138
307 19066 41396
308 19172 27518
309 19210 36230
310 19296 3106
311 19310 47824
312 19322 25290
313 19382 16096
314 19474 47632
315 19480 14642
316 19716 770
317 19796 23774
318 19834 3522
319 19854 35290
320 19924 1210
321 19960 14160
322 20074 18924
323 20264 11074
324 20278 4962
325 20280 7438
326 20380 36610
327 20396 44992
328 20418 16746
329 20486 24286
330 20512 1910
331 20580 47712
332 20734 15946
333 20798 31746
334 20804 34686
335 20830 32986
336 20896 47220
337 20926 16560
338 20934 37672
339 21020 27082
340 21028 34918
341 21074 39526
342 21106 40764
343 21214 19908
344 21220 24852
345 21272 12202
346 21300 21032
347 21366 41166
348 21434 5482
349 21436 500
350 21476 31742
351 21520 11222
352 21550 17122
353 21578 494
354 21674 35500
355 21758 6146
356 21784 22616
357 21792 40438
358 21838 30724
359 21862 11478
360 22034 25704
361 22142 24732
362 22222 44852
363 22248 7552
364 22276 24738
365 22306 23784
366 22496 31382
367 22514 11614
368 22720 5320
369 22722 37136
370 22734 45880
371 22736 15374
372 22738 33000
373 22754 43150
374 22786 17792
375 22808 10052
376 22814 4294
377 23006 45500
378 23016 11064
379 23096 4012
380 23124 20708
381 23126 33186
382 23128 10982
383 23506 9108
384 23536 41546
385 23536 42468
386 23572 28144
387 23676 13556
388 23712 35834
389 23714 4204
390 23718 23634
391 23732 7620
392 23748 47922
393 23760 20816
394 23774 36684
395 23796 17408
396 23842 14254
397 23922 10912
398 24008 34044
399 24018 44136
400 24122 26836
401 24274 24970
402 24348 24968
403 24448 13674
404 24532 40416
405 24548 29630
406 24636 29808
407 24738 18384
408 24752 38308
409 24752 44340
410 24792 13738
411 24798 17146
412 24798 30724
413 24814 29884
414 24862 21558
415 24886 22856
416 24926 20672
417 25080 22928
418 25334 32680
419 25344 38856
420 25350 39310
421 25406 26810
422 25526 5710
423 25586 14794
424 25668 44998
425 25710 9550
426 25790 32298
427 25812 2012
428 25880 46634
429 25956 46808
430 26024 19500
431 26034 35366
432 26058 36606
433 26084 940
434 26184 38678
435 26268 37394
436 26294 25570
437 26356 34926
438 26378 3074
439 26524 6122
440 26558 6650
441 26712 30324
442 26730 18722
443 26832 13922
444 26890 37350
445 26920 20892
446 26966 41294
447 27016 688
448 27112 2616
449 27120 5006
450 27174 4910
451 27174 8068
452 27216 7806
453 27238 42362
454 27302 20112
455 27316 13412
456 27412 766
457 27422 47276
458 27504 24510
459 27526 34768
460 27578 4804
461 27580 490
462 27586 13048
463 27692 18102
464 27710 29746
465 27722 42104
466 27740 37086
467 27772 17718
468 27800 5314
469 27956 1682
470 27956 47200
471 28048 24372
472 28256 12736
473 28330 16458
474 28416 43184
475 28464 37092
476 28468 28016
477 28476 10078
478 28526 28662
479 28582 16978
480 28660 31702
481 28736 44300
482 28754 3078
483 28786 2446
484 28816 41528
485 28820 37046
486 28842 38746
487 28870 42400
488 28890 21278
489 29158 4526
490 29184 15788
491 29188 442
492 29216 21730
493 29330 3224
494 29602 4202
495 29654 39192
496 29678 14198
497 29784 13342
498 29792 36972
499 29974 35778
500 29982 24088
501 30290 14778
502 30344 25370
503 30430 47016
504 30436 15668
505 30486 21050
506 30562 3244
507 30608 7948
508 30668 23910
509 30706 2180
510 30718 12914
511 30772 17348
512 30774 26854
513 30780 3878
514 30818 18904
515 30858 24858
516 30966 15240
517 30976 37722
518 31054 44766
519 31114 19060
520 31242 13882
521 31288 18692
522 31384 29722
523 31608 4560
524 31658 24754
525 31722 232
526 31788 39620
527 31836 14418
528 31838 32248
529 31850 31058
530 31946 25892
531 31994 6754
532 32024 9034
533 32042 38826
534 32132 24358
535 32182 37194
536 32242 47250
537 32254 32608
538 32306 22256
539 32316 31488
540 32392 6704
541 32454 39830
542 32480 5634
543 32616 15904
544 32684 39060
545 32690 1904
546 32842 17768
547 32868 5200
548 32898 34540
549 32978 29654
550 32996 14442
551 33034 17370
552 33042 5074
553 33066 27294
554 33076 11188
555 33160 29944
556 33304 7942
557 33312 29384
558 33346 44344
559 33356 6260
560 33378 4060
561 33400 5406
562 33406 17052
563 33408 29568
564 33490 16532
565 33510 6402
566 33512 31396
567 33530 2468
568 33550 1638
569 33654 19024
570 33730 6992
571 33798 15498
572 33804 9420
573 33818 37564
574 33846 45978
575 33890 23052
576 33918 46982
577 34004 36270
578 34024 39208
579 34026 30642
580 34122 23546
581 34176 42238
582 34220 2212
583 34226 10886
584 34256 2264
585 34258 19734
586 34296 6664
587 34338 20800
588 34486 27874
589 34494 33908
590 34516 32790
591 34534 16628
592 34598 44900
593 34622 13280
594 34730 28638
595 34740 10048
596 34750 38394
597 34914 27520
598 35146 234
599 35170 15412
600 35188 41994
601 35236 42818
602 35304 1782
603 35356 43996
604 35364 27438
605 35442 29334
606 35608 25612
607 35612 32390
608 35714 41896
609 35796 10106
610 35974 22078
611 35974 47768
612 36024 33104
613 36040 31720
614 36042 44250
615 36128 34856
616 36204 1890
617 36270 47710
618 36400 45986
619 36412 22062
620 36426 19364
621 36432 33480
622 36496 23908
623 36700 17298
624 36748 14404
625 36748 25118
626 36754 13974
627 36788 16968
628 36966 19554
629 36974 10916
630 37002 29176
631 37102 14122
632 37212 40816
633 37244 30450
634 37400 20392
635 37508 24338
636 37578 26574
637 37662 5600
638 37662 42052
639 37676 24548
640 37902 16268
641 37912 36388
642 37964 13208
643 37970 41220
644 37992 30180
645 38024 6672
646 38178 32042
647 38186 47958
648 38304 34346
649 38316 19254
650 38402 44748
651 38426 41914
652 38446 42398
653 38450 36716
654 38516 27860
655 38522 31964
656 38646 39178
657 38708 9810
658 38728 2082
659 38822 7380
660 38860 3680
661 39016 43824
662 39020 12758
663 39028 35420
664 39044 13266
665 39068 47694
666 39084 3564
667 39116 27534
668 39120 1532
669 39214 40626
670 39318 37942
671 39350 13066
672 39370 37904
673 39374 33218
674 39388 22648
675 39416 8514
676 39484 2770
677 39634 5758
678 39666 6004
679 39672 6802
680 39734 6606
681 39744 39536
682 40052 44350
683 40242 1872
684 40328 20814
685 40374 47756
686 40428 24522
687 40546 6340
688 40560 24232
689 40580 20764
690 40602 16392
691 40768 28028
692 40842 18968
693 40850 9768
694 40976 42020
695 40998 37536
696 41028 29414
697 41040 30898
698 41064 42332
699 41066 13774
700 41086 45942
701 41232 39176
702 41238 5666
703 41262 18602
704 41262 40748
705 41272 25108
706 41284 11882
707 41366 27890
708 41438 25942
709 41460 5298
710 41502 10640
711 41636 36802
712 41652 38602
713 41904 23072
714 41972 30098
715 41984 24836
716 42058 40344
717 42124 11246
718 42188 2520
719 42244 46470
720 42272 27286
721 42282 8274
722 42284 27692
723 42358 19724
724 42458 15472
725 42560 21094
726 42794 27896
727 43058 43378
728 43226 8484
729 43246 34658
730 43306 13810
731 43346 12006
732 43388 14768
733 43396 19968
734 43424 19778
735 43540 41238
736 43570 13278
737 43618 31528
738 43720 33652
739 43856 17740
740 43856 47852
741 43926 36062
742 43952 45344
743 44046 3482
744 44062 16816
745 44160 3964
746 44160 5286
747 44212 16142
748 44348 29546
749 44438 35072
750 44452 15072
751 44454 10702
752 44460 38978
753 44480 44322
754 44640 35592
755 44696 16268
756 45102 47986
757 45182 47650
758 45260 1328
759 45426 26074
760 45436 20370
761 45462 8774
762 45704 29206
763 45820 8694
764 45882 15568
765 45974 38570
766 46008 600
767 46064 18176
768 46100 31990
769 46104 35882
770 46194 26528
771 46226 2876
772 46262 44578
773 46292 36188
774 46316 40946
775 46446 32866
776 46462 9346
777 46468 37718
778 46472 13622
779 46698 41650
780 46708 34186
781 46724 5786
782 46726 9768
783 46752 18080
784 46786 4278
785 46790 15650
786 46802 8382
787 46954 13830
788 46980 20546
789 47072 1316
790 47072 31026
791 47146 18036
792 47326 7568
793 47366 35360
794 47394 46016
795 47564 45102
796 47594 20866
797 47596 28138
798 47686 24240
799 47856 42264
4 3 1 7 2 
4 12 0 3 18 
3 4 0 5 
3 1 0 4 
3 10 3 2 
3 2 6 11 
3 5 8 9 
3 8 0 14 
4 16 9 6 7 
3 15 6 8 
3 22 4 17 
3 17 5 13 
6 147 174 1 85 176 311 
3 20 11 15 
4 21 19 7 44 
3 27 13 9 
3 31 26 8 
3 20 10 11 
3 1 23 84 
3 45 28 14 
3 25 17 13 
4 48 42 14 110 
3 23 10 24 
5 18 22 29 46 47 
3 22 25 30 
3 24 20 32 
3 33 27 16 
3 32 15 26 
3 39 31 19 
3 41 23 37 
3 37 24 34 
3 40 16 28 
4 35 34 25 27 
3 35 26 40 
3 30 32 36 
3 38 32 33 
3 51 34 38 
3 29 30 51 
3 36 35 43 
4 52 53 28 45 
3 50 33 31 
3 49 29 56 
3 69 21 48 
3 58 38 63 
2 14 141 
3 62 39 19 
3 55 23 49 
3 86 23 60 
3 123 42 21 
3 46 41 67 
3 63 40 53 
3 37 36 57 
3 64 54 39 
3 50 39 54 
3 66 53 52 
3 60 46 93 
3 41 59 65 
3 61 51 58 
3 57 43 72 
3 56 61 80 
3 47 55 118 
3 75 59 57 
3 73 45 68 
3 43 50 74 
3 78 52 73 
3 67 56 107 
3 71 74 54 
3 49 65 70 
3 77 62 69 
3 104 68 42 
3 93 67 102 
3 87 66 78 
3 79 58 76 
3 81 64 62 
3 76 63 66 
3 80 61 88 
3 83 72 74 
3 111 81 68 
3 100 71 64 
3 88 72 82 
3 91 59 75 
3 113 73 77 
3 79 83 89 
3 82 76 87 
3 18 86 94 
3 126 12 99 
3 84 47 97 
3 83 71 95 
4 90 75 79 92 
4 96 92 82 98 
3 91 88 101 
3 107 80 90 
3 101 88 89 
3 55 70 120 
3 115 84 218 
3 98 87 100 
3 106 89 103 
3 86 139 200 
3 103 89 95 
3 85 115 163 
3 119 95 78 
3 105 90 92 
4 120 70 116 134 
3 108 96 98 
3 109 69 132 
3 107 101 106 
3 114 105 96 
4 116 65 91 105 
3 112 103 117 
3 111 104 154 
3 136 21 122 
3 125 77 109 
3 133 114 108 
3 119 81 121 
3 124 106 112 
3 99 94 172 
3 102 107 124 
3 128 108 138 
3 139 60 148 
3 138 100 113 
3 93 102 152 
3 137 113 127 
3 349 110 141 
3 132 48 188 
3 129 116 114 
3 127 111 161 
3 176 85 179 
3 145 121 125 
3 133 117 130 
3 134 124 131 
3 142 128 140 
3 129 135 159 
3 104 123 167 
3 135 112 128 
3 102 129 158 
3 131 133 144 
3 316 188 110 
3 143 121 153 
3 117 119 143 
3 97 118 194 
3 182 130 150 
3 122 44 212 
3 175 144 130 
3 146 138 137 
3 149 135 142 
3 151 127 155 
3 185 150 143 
3 392 756 12 
3 118 157 192 
3 195 159 144 
3 165 140 146 
3 153 145 156 
3 157 120 169 
3 181 137 151 
3 161 109 162 
3 156 145 164 
3 151 155 178 
4 148 152 196 198 
3 169 134 168 
3 160 131 149 
3 195 168 159 
3 164 125 154 
3 171 154 166 
3 99 172 240 
3 170 155 161 
3 184 150 191 
3 183 162 167 
3 166 132 173 
3 203 158 160 
3 152 158 211 
3 180 178 164 
4 189 177 162 183 
3 163 115 244 
3 207 167 188 
2 756 12 
3 205 201 142 
4 314 12 126 227 
3 197 180 171 
3 187 156 170 
3 126 262 250 
3 223 170 177 
3 190 153 186 
3 214 140 202 
3 171 166 230 
3 206 165 208 
3 193 146 190 
3 181 187 199 
3 199 186 178 
4 266 173 123 136 
3 204 269 171 
3 224 185 181 
3 165 193 217 
3 194 148 219 
3 191 185 228 
3 200 139 192 
3 226 160 149 
3 198 157 213 
3 241 210 177 
3 238 157 196 
3 235 186 187 
3 218 97 194 
3 220 175 205 
3 248 182 206 
3 215 168 237 
3 233 189 247 
3 201 175 209 
4 259 202 184 229 
3 234 173 221 
3 225 184 216 
3 222 205 214 
3 260 223 197 
3 213 169 215 
4 598 525 282 141 
3 196 211 245 
3 231 209 182 
3 211 203 249 
3 257 208 217 
3 216 191 228 
3 94 200 272 
3 307 192 238 
3 226 201 222 
3 293 207 266 
3 220 209 236 
3 235 180 210 
3 228 190 232 
3 255 229 208 
3 243 195 220 
3 336 176 250 
4 257 217 193 224 
3 246 206 225 
3 251 183 234 
3 239 214 265 
3 261 224 242 
3 275 204 256 
3 252 230 207 
3 242 199 223 
3 254 222 239 
3 249 203 243 
3 219 198 276 
3 302 236 231 
3 262 163 304 
3 281 253 197 
3 261 232 235 
3 271 237 226 
3 172 272 279 
3 213 278 292 
3 267 229 258 
3 256 204 264 
3 277 265 202 
3 215 237 268 
4 227 179 263 370 
3 264 230 252 
3 251 234 318 
3 280 274 241 
3 302 300 236 
3 258 225 294 
3 233 247 288 
3 294 216 228 
3 303 246 255 
3 285 206 267 
3 274 290 210 
3 289 232 242 
3 283 179 240 
3 250 283 327 
3 324 247 251 
3 287 231 248 
3 221 188 299 
3 259 246 303 
3 278 249 270 
3 284 189 273 
3 334 268 271 
3 270 243 300 
3 244 218 307 
3 269 275 306 
3 286 260 253 
3 273 233 325 
3 341 238 292 
3 291 358 248 
3 245 268 319 
3 304 244 347 
3 286 253 281 
3 297 280 241 
3 461 353 212 
3 263 262 327 
3 295 269 305 
3 291 259 312 
3 298 274 280 
3 350 333 265 
3 355 256 348 
3 301 261 290 
3 289 260 298 
3 308 277 285 
3 276 245 309 
3 310 221 330 
3 301 255 257 
3 296 284 323 
3 297 295 345 
4 315 313 281 296 
3 322 290 286 
3 266 316 320 
3 335 271 254 
3 317 294 289 
3 333 254 239 
4 312 267 258 317 
3 240 279 373 
3 323 284 306 
3 305 273 363 
3 272 219 342 
3 358 291 339 
3 326 292 319 
3 379 318 293 
3 392 12 331 
3 285 303 344 
3 328 322 297 
3 331 176 336 
3 332 297 321 
3 299 136 349 
3 329 303 301 
3 376 252 310 
3 309 278 340 
3 330 299 433 
3 315 345 367 
3 346 298 313 
3 351 295 305 
3 348 264 376 
3 275 355 422 
3 338 309 354 
3 263 283 362 
3 343 313 337 
3 344 317 356 
3 427 293 320 
3 311 314 457 
3 337 315 371 
3 372 302 287 
3 340 270 335 
3 372 334 300 
3 314 227 429 
3 352 328 332 
3 341 326 369 
3 386 308 360 
3 354 319 334 
3 357 276 338 
4 384 347 307 357 
3 346 328 352 
3 312 329 361 
3 321 296 359 
3 356 322 343 
3 385 279 342 
3 288 324 368 
3 316 122 353 
3 372 287 366 
3 359 323 375 
3 374 343 337 
3 447 349 282 
3 388 326 340 
3 325 288 450 
3 365 329 346 
3 342 341 404 
3 366 277 308 
3 345 351 378 
3 339 364 390 
3 364 344 365 
3 377 327 399 
3 391 306 422 
3 360 361 393 
3 361 356 380 
3 350 358 412 
3 387 321 378 
3 348 389 460 
3 408 338 394 
3 428 250 377 
3 395 332 396 
4 381 335 333 350 
3 399 304 385 
3 380 352 395 
3 382 351 383 
4 324 318 379 389 
3 370 362 424 
3 367 359 382 
3 376 310 438 
3 393 365 374 
3 398 372 418 
3 378 375 397 
3 375 391 440 
3 453 474 342 
3 481 373 347 
3 405 339 400 
3 396 367 397 
3 394 354 398 
3 368 376 482 
4 401 360 414 415 
3 383 363 439 
3 647 147 311 
3 364 380 407 
3 408 369 388 
3 374 371 411 
3 371 387 403 
3 387 382 425 
3 431 388 381 
3 409 362 373 
3 386 401 421 
3 400 390 402 
3 436 401 458 
3 410 396 425 
3 446 357 420 
3 413 406 386 
3 517 412 405 
3 416 393 411 
3 419 369 394 
3 424 399 481 
3 423 403 477 
3 407 395 423 
3 426 366 406 
3 441 499 405 
3 415 390 416 
3 417 390 414 
3 414 407 430 
3 471 415 445 
3 437 381 426 
3 420 408 432 
3 404 419 434 
3 476 400 436 
3 363 325 449 
3 411 410 443 
3 576 377 409 
3 403 397 451 
3 459 418 412 
3 448 330 469 
3 503 429 370 
3 470 336 428 
3 416 442 463 
3 432 398 437 
3 435 419 431 
3 469 320 456 
3 486 420 435 
3 434 432 444 
3 421 402 458 
3 466 431 418 
3 379 448 483 
3 440 391 468 
3 452 383 439 
3 480 413 464 
3 430 443 467 
3 442 423 455 
3 486 435 466 
3 500 417 454 
3 484 465 404 
3 456 353 461 
3 438 427 483 
3 468 422 450 
3 449 355 460 
3 425 452 507 
3 451 440 542 
3 474 384 465 
3 488 445 463 
3 473 443 462 
3 568 433 447 
3 611 331 470 
3 436 402 471 
3 498 485 426 
3 450 368 489 
3 447 282 491 
3 455 477 472 
3 454 430 467 
3 441 478 522 
3 487 453 446 
3 475 444 437 
3 463 442 473 
3 439 449 547 
3 545 427 433 
3 536 457 429 
3 502 458 417 
3 497 462 532 
3 479 467 455 
3 518 384 453 
3 526 466 485 
3 478 421 512 
3 462 410 507 
3 557 464 476 
3 488 473 490 
3 528 535 441 
3 518 409 385 
3 493 389 509 
3 438 448 509 
3 581 446 495 
3 475 459 498 
3 495 434 444 
3 603 558 465 
3 492 454 479 
3 523 460 494 
3 479 496 504 
3 602 461 525 
3 508 488 505 
3 506 494 482 
3 489 493 513 
3 526 484 486 
3 501 490 497 
3 496 472 510 
3 517 485 459 
3 535 544 413 
3 515 502 445 
3 516 504 496 
3 512 471 500 
3 536 428 576 
3 511 490 501 
3 538 492 514 
3 513 493 567 
3 477 451 531 
3 524 515 492 
3 482 483 545 
3 520 497 554 
3 521 514 504 
3 553 476 502 
3 523 494 506 
3 519 505 511 
3 530 500 508 
3 546 501 520 
3 533 498 406 
3 574 481 474 
3 587 514 521 
3 527 516 510 
3 569 519 511 
3 529 464 549 
3 552 489 513 
3 530 508 534 
3 598 491 212 
3 541 495 475 
3 550 543 520 
3 537 480 529 
3 539 528 522 
3 553 515 524 
3 507 542 540 
3 472 540 556 
3 544 541 517 
3 524 538 580 
3 578 499 480 
3 617 470 503 
3 548 528 539 
3 575 534 505 
3 537 529 566 
3 532 531 559 
3 581 526 533 
3 531 452 547 
3 564 551 527 
3 600 533 499 
4 582 509 469 568 
3 569 516 551 
3 542 468 552 
3 577 573 537 
3 555 522 563 
3 571 527 593 
3 546 543 562 
4 561 547 523 560 
3 588 512 530 
3 510 572 583 
3 579 566 549 
3 572 532 570 
3 563 478 594 
3 592 487 614 
3 565 540 561 
3 552 567 660 
3 637 559 552 
3 620 551 564 
3 579 549 557 
3 591 562 543 
3 586 570 559 
3 590 539 555 
3 560 506 584 
3 602 545 456 
3 585 521 546 
3 556 565 586 
3 591 550 599 
3 595 554 556 
3 596 578 548 
3 618 576 518 
3 622 580 538 
4 665 503 424 574 
3 596 548 589 
3 608 535 573 
3 607 555 563 
3 606 534 575 
3 601 484 541 
3 584 545 616 
3 593 554 595 
3 567 582 658 
3 587 569 620 
3 645 570 565 
3 610 519 585 
3 594 553 597 
3 643 577 590 
4 612 615 589 566 
3 623 564 571 
3 719 618 558 
3 626 550 583 
3 605 557 588 
3 609 583 572 
3 632 573 577 
3 588 606 604 
4 766 668 525 212 
3 627 571 624 
3 601 544 608 
3 603 581 600 
3 616 568 491 
3 614 487 601 
3 630 597 636 
3 633 613 594 
3 597 580 625 
3 612 579 613 
3 638 600 578 
3 629 595 659 
3 622 587 619 
3 647 457 617 
3 621 590 607 
3 648 607 605 
3 650 558 603 
3 641 656 590 
3 582 602 668 
3 611 536 665 
3 740 574 592 
3 635 610 634 
3 628 585 562 
3 663 653 612 
3 635 575 610 
3 649 591 627 
3 640 599 631 
3 636 606 639 
3 631 593 642 
3 623 599 640 
3 634 620 649 
3 642 609 657 
3 644 633 604 
3 624 626 664 
3 643 638 596 
3 646 605 630 
3 674 619 628 
3 639 622 619 
3 654 604 625 
3 645 561 660 
3 652 608 632 
3 625 635 686 
3 692 627 624 
3 653 670 615 
3 626 629 662 
3 651 632 589 
3 655 630 654 
3 659 586 637 
3 648 633 655 
3 756 392 611 
3 663 613 646 
3 684 628 623 
3 700 614 661 
3 652 643 669 
3 661 638 651 
3 672 641 621 
3 644 636 667 
3 673 646 644 
3 681 669 615 
3 662 629 675 
3 676 584 683 
3 609 645 679 
3 637 560 666 
3 682 650 652 
3 671 642 657 
3 695 621 648 
3 690 631 671 
3 685 617 576 
3 677 660 676 
3 691 654 686 
3 683 616 598 
3 694 651 656 
3 681 641 672 
3 664 662 706 
3 701 670 653 
3 711 655 697 
3 688 634 684 
3 693 657 679 
3 666 658 718 
3 678 666 718 
3 680 677 709 
3 675 659 680 
3 679 678 687 
3 704 656 670 
3 700 661 698 
3 658 668 758 
3 674 649 689 
3 740 756 665 
3 667 639 688 
3 693 680 702 
3 705 686 674 
3 713 684 692 
3 703 664 699 
3 696 667 707 
3 689 640 703 
3 710 675 687 
3 727 698 669 
3 712 663 711 
3 714 697 691 
3 729 673 696 
3 742 682 694 
3 724 690 706 
3 719 650 682 
3 716 672 712 
3 721 687 709 
3 723 692 690 
3 727 681 716 
3 708 688 715 
3 699 671 710 
3 714 691 708 
3 722 707 705 
3 702 678 743 
3 717 706 693 
3 752 695 673 
3 735 701 695 
3 715 689 725 
3 738 696 707 
3 720 705 713 
3 735 704 701 
3 730 710 721 
3 677 676 758 
3 757 592 700 
3 726 722 715 
3 728 717 702 
3 737 708 720 
3 733 725 703 
3 734 699 732 
3 748 713 723 
3 748 737 720 
3 753 694 704 
3 731 721 746 
3 741 697 738 
3 732 717 731 
3 736 730 728 
3 739 724 730 
3 762 723 734 
3 733 724 739 
3 772 716 712 
3 747 744 731 
3 749 722 726 
3 749 729 714 
3 734 732 744 
3 756 685 618 
3 752 729 754 
3 757 698 753 
3 745 709 758 
3 759 739 736 
3 746 743 771 
3 751 728 745 
3 770 736 750 
3 769 726 725 
3 754 738 737 
3 755 747 751 
3 750 746 761 
3 774 711 741 
3 772 742 727 
3 765 741 749 
3 760 750 764 
7 174 147 647 685 740 757 794 
4 756 719 742 772 
4 743 718 683 766 
3 775 762 744 
3 770 755 767 
3 751 771 763 
3 768 733 759 
3 776 761 784 
3 767 755 778 
3 774 754 769 
3 789 758 598 
3 790 760 764 
3 775 773 762 
3 773 765 748 
3 793 747 760 
3 761 745 789 
4 795 757 753 735 
3 777 769 768 
3 779 752 765 
3 780 768 759 
3 778 763 781 
3 779 773 780 
4 783 764 776 782 
3 795 774 777 
3 793 777 775 
3 786 776 784 
3 785 778 786 
3 790 778 785 
3 781 763 789 
3 788 783 782 
4 791 787 782 781 
3 791 788 786 
3 793 785 787 
5 792 796 784 771 766 
3 793 767 783 
3 797 787 786 
2 798 789 
5 799 780 770 790 788 
2 756 795 
4 794 772 779 799 
3 798 797 789 
3 799 791 796 
3 799 796 792 
4 795 793 797 798 
