80
0 40 780
1 48 250
2 118 1000
3 138 2446
4 192 3392
5 220 3286
6 260 4766
7 270 2096
8 290 2802
9 334 650
10 430 1076
11 458 768
12 502 510
13 504 4102
14 604 1948
15 634 1454
16 700 1684
17 730 3964
18 770 3556
19 802 22
20 1010 4284
21 1024 1258
22 1052 4566
23 1078 350
24 1264 2410
25 1574 2162
26 1592 1822
27 1626 4642
28 1664 2430
29 1788 614
30 1900 752
31 1916 3328
32 1942 3038
33 2054 220
34 2104 4714
35 2110 3658
36 2130 1802
37 2208 4370
38 2242 3860
39 2252 4640
40 2336 1692
41 2456 40
42 2610 1564
43 2670 0
44 2748 3796
45 2778 2630
46 2972 2238
47 2972 3882
48 3156 3154
49 3162 592
50 3228 1398
51 3248 4636
52 3398 3826
53 3410 3474
54 3418 3168
55 3418 3658
56 3478 298
57 3622 978
58 3656 2898
59 3746 3546
60 3784 2344
61 3888 2686
62 3948 1164
63 3986 2820
64 4054 4220
65 4060 4158
66 4068 3956
67 4084 352
68 4144 2240
69 4268 4792
70 4410 1604
71 4448 2786
72 4478 2302
73 4482 3512
74 4488 3330
75 4502 1738
76 4568 2914
77 4662 4002
78 4680 974
79 4706 4240
5 2 3 6 1 9 
4 23 12 0 19 
3 10 7 0 
3 5 4 0 
3 6 3 5 
4 13 4 3 8 
6 69 0 4 13 22 34 
4 24 8 2 14 
3 18 5 7 
3 11 0 12 
3 15 2 11 
3 10 9 29 
3 9 1 23 
3 6 5 17 
3 25 7 16 
3 16 10 21 
3 26 14 15 
3 20 13 18 
3 17 8 31 
3 41 1 43 
3 22 17 35 
3 40 15 30 
3 27 6 20 
3 12 1 33 
3 28 32 7 
3 28 14 26 
3 25 16 36 
3 34 22 37 
3 45 24 25 
3 30 11 33 
3 21 29 49 
3 35 18 32 
3 48 31 24 
3 29 23 41 
4 69 6 27 39 
4 38 20 31 48 
3 46 26 40 
3 39 27 38 
3 37 35 44 
3 34 37 51 
3 36 21 42 
4 56 33 19 43 
3 40 57 50 
3 67 41 19 
3 47 38 53 
3 58 28 46 
3 60 45 36 
3 51 44 52 
3 54 35 32 
3 57 30 56 
3 70 42 62 
3 69 39 47 
3 64 47 55 
3 55 44 54 
3 53 48 58 
3 52 53 59 
3 67 49 41 
3 62 42 49 
3 54 45 61 
3 66 55 63 
3 61 46 68 
3 63 58 60 
3 50 57 78 
4 59 61 68 75 
3 69 52 65 
3 64 66 73 
3 65 59 71 
3 78 56 43 
3 63 60 70 
5 6 34 51 64 79 
3 68 50 78 
3 74 66 72 
3 76 71 75 
3 77 65 74 
3 73 71 76 
3 72 63 78 
4 77 74 72 78 
3 79 73 76 
6 79 76 75 70 62 67 
3 69 77 78 
