200
0 22 7226
1 28 7496
2 148 11412
3 224 762
4 224 4366
5 350 6512
6 376 9462
7 406 10384
8 414 7622
9 426 322
10 436 7122
11 720 10898
12 814 7882
13 832 8672
14 944 11864
15 970 6768
16 1250 1710
17 1288 1006
18 1332 7828
19 1370 2026
20 1380 9714
21 1398 11642
22 1466 11092
23 1502 10922
24 1566 10186
25 1618 4864
26 1634 10134
27 1720 10504
28 1726 9712
29 1754 2940
30 1924 9002
31 1950 11624
32 1974 2176
33 1976 4738
34 2020 2714
35 2088 7208
36 2142 10928
37 2156 11020
38 2250 3908
39 2308 6392
40 2366 11706
41 2388 8904
42 2394 9086
43 2456 6550
44 2470 2914
45 2486 5898
46 2596 9812
47 2608 3804
48 2668 6996
49 2768 9892
50 2814 3906
51 2974 8744
52 3154 878
53 3180 5034
54 3210 4444
55 3232 3502
56 3268 5910
57 3380 5544
58 3390 70
59 3452 4666
60 3558 1404
61 3566 2580
62 3696 234
63 3722 6418
64 3734 3868
65 3856 6960
66 3880 11816
67 3936 10932
68 3956 7172
69 4014 2248
70 4078 3652
71 4182 10356
72 4264 1660
73 4300 766
74 4308 326
75 4314 6814
76 4354 6578
77 4446 8800
78 4448 3232
79 4474 4196
80 4518 11678
81 4544 9772
82 4566 3178
83 4690 5144
84 4708 944
85 4726 5468
86 4904 4960
87 4918 2038
88 4920 10120
89 4976 1492
90 5006 2762
91 5124 5464
92 5174 8610
93 5258 5528
94 5294 11072
95 5354 1736
96 5472 10990
97 5642 812
98 5654 7360
99 5708 9576
100 5716 3502
101 5730 2566
102 5848 6762
103 5924 7986
104 5966 4120
105 6006 10060
106 6096 1790
107 6178 5740
108 6282 8976
109 6300 796
110 6388 9878
111 6414 9284
112 6534 11304
113 6564 4698
114 6690 10974
115 6870 6484
116 6942 5322
117 7036 10646
118 7052 4632
119 7200 11670
120 7374 4040
121 7420 8758
122 7582 11002
123 7724 10032
124 7790 2414
125 7790 10480
126 7834 10532
127 8018 10188
128 8212 7564
129 8218 1464
130 8272 10080
131 8280 8378
132 8296 1126
133 8304 10774
134 8324 11450
135 8342 7288
136 8344 1500
137 8434 1150
138 8456 1272
139 8478 2434
140 8640 8886
141 8672 2604
142 8674 11416
143 8694 6346
144 8730 1768
145 8774 9728
146 8924 8974
147 8928 9634
148 8992 10204
149 9006 9984
150 9080 10686
151 9088 4530
152 9130 3092
153 9276 6330
154 9304 5484
155 9334 8856
156 9378 3184
157 9388 3524
158 9480 258
159 9498 266
160 9536 5322
161 9562 10206
162 9622 2874
163 9726 5458
164 9734 10450
165 9894 9618
166 9934 7566
167 9970 6380
168 10012 638
169 10060 4636
170 10080 4838
171 10204 8142
172 10368 4894
173 10410 6286
174 10480 6096
175 10506 5030
176 10526 5904
177 10554 2786
178 10614 3038
179 10630 8228
180 10638 7798
181 10680 6656
182 10714 9070
183 10728 9398
184 10740 6936
185 10760 5400
186 11024 478
187 11034 4662
188 11046 4398
189 11122 9922
190 11186 1316
191 11256 4446
192 11272 840
193 11574 4876
194 11582 2262
195 11586 5152
196 11640 3390
197 11730 5358
198 11730 8638
199 11978 2850
2 1 3 
3 2 0 4 
5 14 1 6 7 11 
3 4 0 9 
3 5 1 3 
3 10 8 4 
3 2 8 12 
3 2 13 39 
3 6 5 10 
3 17 3 58 
3 8 5 16 
3 22 2 20 
3 13 6 15 
3 7 12 18 
4 2 21 40 66 
3 12 19 25 
3 19 10 17 
4 32 16 9 52 
3 13 33 45 
3 29 15 16 
3 24 11 35 
3 14 22 31 
3 21 11 23 
3 22 24 27 
3 23 20 26 
3 15 29 33 
3 27 24 28 
3 36 23 26 
3 26 35 30 
3 25 19 34 
3 28 43 41 
3 40 21 37 
3 34 17 60 
3 18 25 38 
3 44 29 32 
3 28 20 39 
3 37 27 42 
3 31 36 46 
3 33 44 47 
3 35 7 45 
3 14 31 80 
3 42 30 48 
3 36 41 51 
3 48 30 45 
3 38 34 61 
5 43 39 18 54 53 
3 49 37 51 
3 50 38 55 
3 41 43 56 
3 67 46 68 
3 54 47 64 
3 46 42 65 
3 60 17 73 
3 57 45 59 
3 45 50 64 
3 47 61 78 
3 63 48 57 
3 56 53 85 
3 158 62 9 
3 53 70 79 
3 72 32 52 
3 55 44 69 
3 74 73 58 
3 76 65 56 
3 54 50 70 
3 68 51 63 
2 14 119 
3 80 49 71 
3 49 65 75 
3 61 72 87 
3 59 64 78 
3 67 77 81 
3 69 60 89 
3 84 52 62 
3 97 62 159 
3 77 68 76 
3 75 63 93 
3 71 75 107 
3 70 55 82 
3 83 59 82 
4 40 67 94 119 
3 88 71 92 
3 79 78 90 
3 85 79 86 
3 89 73 97 
3 57 83 91 
3 83 100 104 
3 90 69 95 
3 94 81 99 
3 95 72 84 
3 82 87 101 
3 93 85 104 
3 81 98 103 
3 76 91 113 
3 80 88 96 
3 106 87 89 
3 112 94 105 
3 84 74 109 
3 92 102 116 
3 105 88 108 
3 86 101 129 
3 100 90 106 
3 98 107 118 
3 108 92 115 
3 91 86 124 
3 96 99 110 
3 101 95 129 
3 102 77 113 
3 111 99 103 
3 132 97 168 
3 114 105 111 
3 117 110 108 
3 119 96 114 
3 107 93 124 
3 112 110 117 
3 121 103 116 
3 115 98 118 
3 114 111 125 
3 116 102 120 
6 66 80 112 122 134 142 
3 118 136 139 
3 123 115 128 
3 119 126 133 
3 125 121 128 
3 113 104 136 
4 126 117 123 127 
3 122 125 130 
3 125 131 130 
3 123 121 135 
3 100 106 138 
3 126 127 145 
3 140 127 135 
3 137 109 168 
3 122 148 150 
4 119 150 164 142 
3 131 128 143 
3 120 124 138 
3 190 138 132 
4 144 136 129 137 
3 141 120 144 
3 146 145 131 
5 162 152 160 151 139 
3 119 134 189 
3 135 151 153 
3 177 139 138 
3 130 140 147 
3 147 140 155 
3 149 145 146 
3 133 149 165 
3 148 147 155 
3 134 133 161 
3 154 143 141 
3 156 157 141 
3 166 143 154 
3 153 151 160 
3 149 146 171 
3 188 152 162 
3 169 163 152 
3 186 159 58 
3 186 74 158 
3 163 154 141 
3 150 165 183 
3 178 156 141 
3 167 160 157 
3 134 183 189 
3 161 148 182 
3 171 153 167 
3 166 163 170 
3 132 109 186 
3 172 170 157 
3 173 167 169 
3 179 155 166 
3 175 169 188 
3 180 170 174 
3 181 173 176 
3 176 172 187 
3 174 175 185 
3 178 144 190 
3 191 162 177 
3 182 171 180 
3 179 173 184 
3 184 174 185 
3 165 179 198 
3 164 161 198 
3 180 181 195 
3 181 176 187 
5 192 190 168 159 158 
3 185 175 191 
3 191 172 156 
3 142 164 198 
4 194 177 137 186 
4 193 187 188 178 
2 199 186 
3 195 191 196 
3 199 196 190 
3 197 184 193 
3 193 194 199 
3 198 195 199 
5 189 183 182 197 199 
5 198 197 196 194 192 
