700
0 78 8204
1 114 8202
2 262 6780
3 266 8328
4 280 8338
5 318 6924
6 326 6244
7 334 5140
8 344 7160
9 344 7212
10 346 7164
11 384 7888
12 404 7696
13 416 7750
14 432 8258
15 448 8256
16 490 7234
17 510 7844
18 530 4990
19 574 4874
20 582 7722
21 592 7830
22 600 4654
23 642 4776
24 716 4564
25 818 4918
26 826 5230
27 830 5026
28 830 5162
29 842 4938
30 954 4808
31 1016 5356
32 1046 7476
33 1064 4060
34 1088 7526
35 1258 5388
36 1274 5428
37 1310 4472
38 1310 4536
39 1310 8508
40 1312 8404
41 1336 5426
42 1362 4448
43 1366 4240
44 1424 7296
45 1456 7426
46 1466 3816
47 1490 4406
48 1566 5406
49 1624 3854
50 1646 3762
51 1650 3832
52 1704 3666
53 1866 3686
54 1960 3930
55 1978 3938
56 1986 3670
57 1994 3984
58 2010 3652
59 2014 3882
60 2066 3634
61 2074 3476
62 2242 6612
63 2264 3732
64 2360 3798
65 2392 3572
66 2492 3398
67 2636 4374
68 2666 4362
69 2710 5336
70 2724 3316
71 2742 4346
72 2820 4560
73 2930 3416
74 2996 7628
75 3146 2962
76 3164 9516
77 3176 8478
78 3210 9606
79 3220 9578
80 3224 9540
81 3298 9390
82 3518 3578
83 3586 9332
84 3618 5770
85 3622 3688
86 3624 3696
87 3640 8114
88 3662 3518
89 3666 5792
90 3702 8864
91 3774 5720
92 3936 9392
93 3940 9404
94 3982 3568
95 4116 3028
96 4188 9564
97 4198 4376
98 4202 9552
99 4246 6384
100 4250 9406
101 4310 4574
102 4510 9568
103 4556 9518
104 4604 6738
105 4814 1200
106 4870 8646
107 4884 5378
108 5066 954
109 5066 2084
110 5120 9198
111 5212 9234
112 5236 9186
113 5272 3174
114 5280 3172
115 5282 3174
116 5306 3114
117 5374 4352
118 5414 5584
119 5434 7488
120 5438 2144
121 5518 3556
122 5522 7784
123 5638 5484
124 5652 5532
125 5664 5734
126 5678 5512
127 5704 7896
128 5722 5420
129 5722 5532
130 5754 5370
131 5772 5716
132 5776 5476
133 5812 6960
134 5824 5484
135 5836 5640
136 5846 3560
137 5878 8708
138 5898 5482
139 6030 7952
140 6042 6954
141 6044 8014
142 6196 1202
143 6232 4972
144 6256 1322
145 6268 7910
146 6290 4474
147 6368 8286
148 6388 9140
149 6472 7960
150 6504 2984
151 6506 3636
152 6626 8486
153 6672 3644
154 6706 8602
155 6720 4254
156 6734 3404
157 6756 1618
158 6762 3110
159 6762 3138
160 6824 2798
161 7006 650
162 7048 2182
163 7068 1506
164 7142 1502
165 7144 1242
166 7144 1342
167 7254 2008
168 7258 3278
169 7318 1800
170 7352 1426
171 7384 5774
172 7432 2056
173 7470 2094
174 7500 3060
175 7586 7630
176 7626 3478
177 7660 1458
178 7686 2726
179 7724 4078
180 7738 4648
181 7748 1468
182 7770 1858
183 7772 1350
184 7782 2502
185 7810 3902
186 7812 4060
187 7814 2662
188 7828 2570
189 7842 1792
190 7924 2282
191 7982 3298
192 7992 3380
193 8006 3414
194 8012 3448
195 8022 8510
196 8028 4852
197 8044 2996
198 8054 3346
199 8062 6576
200 8080 3420
201 8082 1990
202 8082 3182
203 8100 3320
204 8122 4898
205 8130 3520
206 8132 3264
207 8180 3372
208 8254 2916
209 8280 3314
210 8284 3664
211 8308 2784
212 8314 4388
213 8344 2198
214 8358 8002
215 8392 4350
216 8420 5758
217 8444 4342
218 8464 5282
219 8470 2426
220 8484 2238
221 8486 2676
222 8494 5290
223 8512 7146
224 8536 2410
225 8572 6300
226 8584 3252
227 8592 2478
228 8594 3154
229 8604 2652
230 8650 2410
231 8658 4394
232 8674 5646
233 8680 5778
234 8692 2472
235 8728 1396
236 8744 5536
237 8784 6916
238 8786 5340
239 8854 4680
240 8898 3318
241 8944 2646
242 8944 5232
243 9014 3452
244 9028 6042
245 9046 3230
246 9054 3298
247 9100 6986
248 9102 6030
249 9158 2702
250 9180 7080
251 9202 2852
252 9236 2612
253 9256 4692
254 9258 4146
255 9262 6980
256 9268 7026
257 9272 4426
258 9274 3086
259 9304 7008
260 9340 3862
261 9366 3648
262 9416 7816
263 9490 3958
264 9530 2634
265 9602 7130
266 9644 7928
267 9672 2562
268 9746 7360
269 9834 2460
270 9838 2706
271 9878 2696
272 9914 2732
273 9926 2792
274 9960 7046
275 9970 2568
276 9974 4058
277 9998 5688
278 10008 4892
279 10014 4320
280 10018 6678
281 10034 2570
282 10054 3894
283 10064 3370
284 10080 5046
285 10080 5118
286 10104 5190
287 10114 4176
288 10116 2576
289 10122 5238
290 10130 5172
291 10136 5232
292 10140 2572
293 10144 3250
294 10162 5294
295 10202 4090
296 10208 3428
297 10208 4560
298 10224 2664
299 10228 4340
300 10230 2654
301 10234 4298
302 10240 2954
303 10256 5304
304 10258 6630
305 10260 5294
306 10268 5130
307 10286 4098
308 10330 3034
309 10330 5798
310 10332 3378
311 10352 5714
312 10360 3270
313 10364 6508
314 10370 3994
315 10410 2686
316 10424 4964
317 10470 2694
318 10482 6866
319 10500 6410
320 10562 4038
321 10568 2680
322 10574 6520
323 10634 6808
324 10640 6814
325 10664 7584
326 10668 4034
327 10670 6184
328 10676 6804
329 10700 6270
330 10710 2116
331 10710 6466
332 10714 4714
333 10718 6830
334 10722 6434
335 10742 6444
336 10754 2740
337 10762 4438
338 10762 6196
339 10764 6408
340 10802 3294
341 10816 5532
342 10818 5472
343 10822 6564
344 10824 6522
345 10846 6038
346 10856 6060
347 10876 4948
348 10882 7090
349 10886 5446
350 10890 7100
351 10910 4956
352 10918 7184
353 10928 5160
354 10932 3934
355 10944 6000
356 10948 4032
357 10982 6026
358 10986 3012
359 11000 3538
360 11018 3680
361 11028 5428
362 11044 3712
363 11052 5802
364 11064 4476
365 11072 3958
366 11080 6014
367 11086 3282
368 11100 3900
369 11140 4484
370 11172 4394
371 11194 2792
372 11196 4414
373 11206 4470
374 11216 5452
375 11218 4106
376 11264 3322
377 11264 4324
378 11266 4452
379 11278 5450
380 11284 4394
381 11286 5404
382 11288 5556
383 11302 6114
384 11308 2938
385 11322 3336
386 11324 4316
387 11326 3488
388 11346 3058
389 11348 6390
390 11352 6180
391 11354 4144
392 11362 3612
393 11428 4738
394 11432 3450
395 11438 4858
396 11462 5546
397 11518 5990
398 11550 4392
399 11556 4324
400 11566 3508
401 11582 5892
402 11622 4004
403 11646 2844
404 11672 2908
405 11686 5974
406 11688 3302
407 11688 6580
408 11696 4072
409 11702 4100
410 11714 3298
411 11734 5526
412 11750 5322
413 11780 5994
414 11790 3424
415 11810 4692
416 11814 4206
417 11822 4920
418 11828 4384
419 11830 3648
420 11838 5336
421 11840 3580
422 11842 5290
423 11844 5890
424 11872 5322
425 11886 3580
426 11900 4014
427 11908 4334
428 11914 4362
429 11924 3196
430 11932 5476
431 11938 5510
432 11950 3082
433 11976 2906
434 12012 5758
435 12016 3798
436 12022 5554
437 12024 5922
438 12032 4354
439 12050 3782
440 12054 5392
441 12062 5614
442 12064 6380
443 12094 6194
444 12108 6256
445 12116 3760
446 12124 3806
447 12140 6010
448 12148 3734
449 12166 5010
450 12174 5996
451 12192 6176
452 12200 3922
453 12202 4402
454 12204 6446
455 12216 6352
456 12226 3338
457 12230 6302
458 12250 3210
459 12268 3884
460 12298 5804
461 12302 6288
462 12354 6296
463 12364 5778
464 12374 1898
465 12374 3956
466 12378 5878
467 12384 2012
468 12392 4208
469 12396 1872
470 12428 4546
471 12436 4748
472 12454 5306
473 12460 5084
474 12466 4446
475 12468 4452
476 12480 3898
477 12494 1690
478 12496 4472
479 12508 2022
480 12512 454
481 12518 2952
482 12556 4510
483 12558 2192
484 12562 3996
485 12610 5814
486 12614 5086
487 12656 936
488 12656 1468
489 12672 2666
490 12682 3564
491 12694 5890
492 12708 2056
493 12736 3732
494 12736 5852
495 12748 5778
496 12760 3934
497 12770 3254
498 12786 2502
499 12802 2124
500 12814 5900
501 12816 6076
502 12824 3204
503 12830 5776
504 12832 4408
505 12848 2378
506 12866 3146
507 12866 4164
508 12880 4212
509 12890 3228
510 12894 3398
511 12904 3824
512 12916 4568
513 12922 3804
514 12934 7520
515 12936 4270
516 12948 4116
517 12952 1830
518 12956 2128
519 12964 6382
520 12986 4118
521 12992 5676
522 13000 3438
523 13010 4080
524 13016 4156
525 13020 5914
526 13022 4706
527 13054 5632
528 13056 5266
529 13076 4002
530 13078 1262
531 13080 1354
532 13080 3682
533 13090 3748
534 13094 4696
535 13096 3884
536 13102 5766
537 13104 4310
538 13106 4380
539 13106 6574
540 13110 1342
541 13116 5590
542 13120 6596
543 13132 3818
544 13158 5384
545 13178 4384
546 13196 4042
547 13198 5758
548 13200 88
549 13204 4420
550 13206 5904
551 13236 3670
552 13256 5744
553 13264 6584
554 13268 4126
555 13270 4254
556 13270 4656
557 13272 4050
558 13276 5760
559 13324 5732
560 13386 6434
561 13390 4398
562 13416 4790
563 13420 4776
564 13440 6752
565 13448 4258
566 13466 4816
567 13478 3958
568 13480 5002
569 13544 4346
570 13564 6870
571 13568 5072
572 13608 4262
573 13632 5570
574 13636 4218
575 13642 4294
576 13708 3742
577 13732 8142
578 13766 8122
579 13778 3738
580 13778 3744
581 13798 4966
582 13814 4134
583 13816 4284
584 13828 3792
585 13880 4850
586 13890 6432
587 13900 4868
588 13902 4492
589 13906 5202
590 13916 4316
591 13920 4694
592 13942 4822
593 13948 5250
594 13962 4264
595 14000 5282
596 14008 4202
597 14062 5228
598 14102 5164
599 14108 5064
600 14138 5390
601 14142 5366
602 14162 5518
603 14184 5588
604 14186 5272
605 14186 5550
606 14206 5580
607 14214 5542
608 14234 5316
609 14240 6156
610 14248 6828
611 14256 5356
612 14262 4422
613 14262 5318
614 14264 5582
615 14268 6298
616 14290 5662
617 14292 5226
618 14340 4634
619 14366 5912
620 14376 6448
621 14394 5568
622 14416 6760
623 14420 6146
624 14438 5604
625 14438 5930
626 14446 5812
627 14476 7216
628 14478 5594
629 14484 5310
630 14518 7192
631 14536 6016
632 14548 5454
633 14548 5618
634 14590 5156
635 14596 5132
636 14606 5648
637 14610 5450
638 14640 5498
639 14644 5572
640 14656 5630
641 14660 5434
642 14690 5622
643 14690 5630
644 14704 5352
645 14752 5586
646 14774 5400
647 14784 5970
648 14836 5632
649 14872 5868
650 14914 5710
651 14938 5768
652 14968 5700
653 15002 5868
654 15012 5842
655 15044 5878
656 15044 6472
657 15062 7120
658 15068 7312
659 15078 7342
660 15094 6370
661 15166 7462
662 15224 7224
663 15226 7190
664 15228 5786
665 15284 5796
666 15354 7788
667 15356 6006
668 15360 6198
669 15388 7544
670 15412 6176
671 15416 7304
672 15434 7162
673 15446 6218
674 15450 7332
675 15484 5942
676 15516 6104
677 15528 8228
678 15550 5966
679 15558 7402
680 15560 5966
681 15600 7228
682 15614 6334
683 15714 6152
684 15738 6466
685 15762 6066
686 15772 6172
687 15788 6528
688 15788 7612
689 15814 6342
690 15844 6080
691 15850 6372
692 15876 6142
693 15882 6348
694 15910 7610
695 15956 6344
696 16126 6784
697 16164 6770
698 16536 6990
699 16752 8088
6 3 4 7 2 9 1 
4 14 0 12 11 
3 5 0 6 
3 76 4 0 
3 78 0 3 
3 8 2 26 
3 2 7 27 
4 6 0 22 18 
3 10 9 5 
4 16 0 8 10 
3 9 8 31 
3 1 13 17 
3 13 1 16 
3 11 12 41 
3 39 1 15 
3 40 14 21 
3 12 9 36 
3 11 20 21 
3 7 19 25 
3 18 22 23 
3 17 48 32 
3 15 17 34 
4 19 7 33 24 
3 19 24 43 
3 23 22 49 
3 29 18 30 
3 31 5 28 
3 28 6 29 
3 26 27 38 
3 27 25 30 
3 29 25 37 
3 35 10 26 
4 34 20 62 44 
3 22 108 46 
3 21 32 45 
3 36 31 47 
3 16 35 41 
3 30 43 42 
3 28 42 47 
3 81 14 40 
3 77 39 15 
3 13 36 48 
3 38 37 54 
3 37 23 49 
3 32 89 118 
3 74 34 99 
3 33 52 50 
3 35 38 57 
3 20 41 67 
3 43 24 51 
3 51 46 53 
3 59 49 50 
3 46 105 61 
3 50 61 56 
3 55 42 59 
3 57 54 85 
3 63 53 58 
3 67 47 55 
3 56 61 60 
3 54 51 64 
3 58 66 65 
4 58 53 52 105 
3 32 69 84 
3 64 56 88 
3 59 63 82 
3 60 73 114 
3 60 75 70 
3 48 57 68 
3 67 86 71 
3 84 62 72 
3 66 120 95 
3 72 68 136 
3 69 71 97 
3 65 95 116 
3 87 45 104 
3 66 105 109 
4 80 78 3 81 
3 90 40 87 
4 4 76 79 102 
3 78 80 96 
3 79 76 93 
3 76 39 83 
3 64 88 94 
3 92 81 90 
3 89 62 69 
3 86 55 94 
3 68 85 121 
3 77 74 119 
3 82 63 113 
3 44 84 91 
3 83 77 122 
3 89 101 107 
3 93 83 106 
3 100 80 92 
3 85 82 115 
3 73 70 162 
4 102 79 98 103 
3 101 72 151 
3 96 100 111 
3 104 45 125 
3 98 93 110 
3 91 97 117 
3 78 96 699 
3 96 148 677 
3 133 74 99 
4 75 61 52 108 
3 92 127 141 
3 91 146 130 
4 142 105 33 161 
3 120 75 144 
3 100 137 112 
3 98 112 195 
3 111 110 154 
3 115 88 114 
3 113 65 150 
3 94 113 158 
3 73 160 150 
3 146 101 153 
3 44 123 124 
3 122 87 133 
3 70 109 157 
3 136 86 159 
3 127 90 119 
3 126 118 128 
3 129 118 126 
3 99 129 131 
3 124 123 132 
3 139 106 122 
3 132 123 130 
3 125 124 134 
3 128 107 143 
3 171 125 135 
3 134 126 128 
3 119 104 140 
3 129 132 138 
3 131 138 196 
3 71 121 156 
3 110 147 152 
3 135 134 180 
3 141 127 140 
3 139 133 171 
3 106 139 145 
3 165 144 108 
3 130 155 179 
3 157 109 142 
3 149 141 216 
3 107 117 155 
3 137 149 175 
3 103 195 577 
3 147 145 199 
3 114 116 211 
3 153 97 156 
3 154 137 250 
3 117 151 176 
3 112 152 214 
3 143 146 176 
3 151 136 168 
3 120 144 163 
3 159 115 174 
3 168 121 158 
3 116 162 178 
2 108 548 
3 160 95 167 
3 157 166 164 
3 169 163 170 
3 166 142 480 
4 183 170 163 165 
3 172 162 169 
3 191 156 159 
3 182 167 164 
3 177 164 166 
3 140 131 218 
3 213 173 167 
3 190 184 172 
3 202 158 197 
3 147 225 223 
3 155 153 192 
3 181 170 235 
3 160 187 221 
3 143 185 186 
3 196 138 186 
3 477 189 177 
3 201 169 189 
3 235 166 487 
3 188 173 190 
3 179 194 200 
3 180 179 205 
3 178 188 229 
3 187 184 219 
3 330 182 181 
3 224 184 173 
3 203 168 206 
3 193 176 198 
3 194 192 198 
3 185 193 200 
3 148 111 266 
3 204 135 180 
3 202 174 208 
3 193 192 203 
3 149 233 225 
3 185 194 207 
3 269 213 182 
3 206 174 197 
3 198 191 209 
3 218 196 212 
3 210 186 207 
3 191 202 226 
3 205 200 209 
3 228 197 211 
4 210 207 203 226 
3 212 205 209 
3 208 150 221 
3 204 210 215 
3 220 172 201 
3 154 265 262 
3 212 240 217 
3 145 222 232 
3 231 215 243 
3 222 171 204 
3 227 188 224 
3 275 230 213 
3 211 178 229 
3 238 216 218 
3 175 237 247 
3 230 219 190 
3 175 199 244 
4 240 209 206 228 
3 241 219 234 
3 226 208 251 
3 221 187 241 
4 267 234 224 220 
3 239 217 254 
3 233 216 236 
3 244 199 232 
3 252 227 230 
3 488 177 183 
3 232 238 289 
3 247 223 248 
3 236 222 242 
3 253 242 231 
3 215 226 245 
3 249 229 227 
3 238 239 286 
3 261 217 246 
3 225 233 248 
3 246 240 258 
3 326 243 245 
3 223 237 255 
3 237 244 277 
3 251 241 252 
3 152 256 280 
3 258 228 249 
3 264 249 234 
3 285 239 257 
3 257 231 260 
3 256 247 327 
3 250 255 259 
3 278 253 254 
3 283 245 251 
2 256 319 
3 263 254 261 
3 282 260 243 
3 266 214 268 
3 276 279 260 
3 270 252 267 
3 214 304 274 
3 195 262 325 
3 275 264 230 
3 262 274 348 
3 281 201 330 
3 273 264 271 
3 272 270 288 
3 273 271 298 
3 283 270 272 
3 268 265 318 
3 281 267 220 
3 295 287 263 
3 309 248 294 
3 284 257 279 
3 299 278 263 
3 250 313 304 
3 288 275 269 
3 314 307 261 
4 296 258 273 293 
3 285 278 297 
3 290 253 284 
3 291 242 290 
3 301 276 295 
3 271 281 292 
3 294 236 291 
3 286 285 306 
3 305 289 286 
3 300 288 467 
3 283 302 308 
3 303 277 289 
3 307 287 276 
3 354 283 310 
3 316 284 299 
3 302 272 300 
3 297 279 301 
3 315 298 292 
3 332 299 287 
3 293 298 315 
3 311 294 305 
3 265 280 322 
3 342 303 291 
3 349 290 316 
3 337 295 282 
3 312 293 317 
3 345 277 311 
3 360 296 312 
3 309 303 341 
3 340 310 308 
3 280 319 334 
3 320 372 282 
3 317 302 300 
3 353 306 297 
3 308 315 321 
3 274 323 324 
3 313 259 329 
3 370 314 326 
3 336 317 483 
3 323 304 331 
3 324 318 322 
3 318 323 328 
3 266 352 514 
3 320 246 356 
3 338 255 346 
3 333 324 343 
3 339 319 338 
3 269 189 464 
3 344 322 335 
3 347 301 337 
3 348 328 407 
3 335 313 339 
3 331 334 389 
3 371 358 321 
3 364 332 307 
3 329 327 383 
3 334 329 390 
3 359 312 367 
3 363 311 342 
3 341 305 349 
3 328 344 442 
3 343 331 389 
3 346 309 355 
3 327 345 357 
3 351 353 332 
3 350 268 333 
3 342 306 361 
3 352 348 407 
3 381 347 364 
3 325 350 454 
3 361 316 347 
3 365 356 296 
3 357 345 363 
3 377 326 354 
3 346 355 366 
3 376 367 336 
3 402 360 340 
3 362 310 359 
3 374 349 353 
3 409 368 360 
4 355 341 374 382 
3 369 351 337 
3 375 354 368 
3 357 401 397 
3 392 340 358 
3 391 365 362 
3 393 364 373 
3 380 372 320 
3 403 384 336 
3 378 314 370 
3 415 369 378 
3 363 361 379 
3 391 386 365 
3 385 387 358 
3 380 356 386 
3 600 373 372 
3 382 374 381 
3 471 370 377 
3 379 351 395 
3 363 379 396 
3 390 338 397 
3 388 371 404 
3 394 376 388 
3 398 377 375 
3 392 376 394 
3 406 385 384 
3 344 335 457 
3 444 339 383 
3 399 375 368 
3 402 367 387 
3 417 395 369 
3 400 387 385 
3 412 381 393 
3 401 382 411 
3 383 366 405 
3 471 386 399 
3 418 398 391 
3 421 419 394 
3 405 366 396 
3 408 359 392 
3 404 371 483 
3 384 403 433 
3 413 397 401 
3 414 388 410 
3 350 333 442 
3 409 402 426 
3 416 362 408 
3 476 406 429 
3 423 396 412 
3 420 411 395 
3 443 405 423 
3 448 425 406 
3 602 486 373 
3 427 409 426 
3 449 422 393 
3 470 399 428 
3 435 400 421 
3 431 412 422 
3 425 419 400 
3 424 420 417 
3 437 413 411 
3 440 430 422 
3 439 421 414 
3 416 408 435 
3 438 428 416 
4 453 478 418 427 
3 456 410 432 
3 436 431 424 
3 434 420 430 
3 458 429 433 
3 432 404 489 
3 437 431 441 
3 426 419 439 
3 463 441 430 
3 447 423 434 
3 453 427 446 
3 435 425 445 
3 495 424 472 
3 460 434 436 
3 407 343 455 
3 444 413 451 
3 461 390 443 
4 459 446 439 448 
3 452 438 445 
3 451 437 450 
3 484 445 414 
3 473 472 417 
3 447 466 500 
3 443 447 501 
3 468 474 446 
3 475 428 438 
3 570 352 455 
3 454 442 457 
3 490 429 458 
3 455 389 461 
3 456 432 481 
3 465 504 445 
3 466 441 463 
3 462 457 444 
3 519 542 461 
3 485 460 436 
3 467 330 469 
3 515 556 459 
3 491 450 460 
3 479 292 464 
3 512 474 452 
3 479 464 477 
3 571 418 482 
3 595 380 398 
3 527 440 449 
3 486 528 449 
3 475 452 468 
3 478 453 474 
3 496 484 410 
3 469 181 488 
3 482 428 475 
3 492 467 469 
3 487 165 548 
3 497 458 489 
3 526 470 478 
3 403 321 499 
3 508 448 476 
3 494 463 495 
3 605 473 415 
3 530 183 480 
3 477 235 531 
3 481 433 498 
3 493 456 497 
3 500 466 494 
3 499 479 517 
3 511 496 490 
3 491 485 503 
3 485 440 503 
3 507 476 493 
3 490 481 502 
3 506 489 505 
4 518 505 483 492 
3 525 450 491 
3 519 451 525 
3 510 497 506 
3 494 495 521 
3 562 512 459 
3 579 498 499 
3 509 502 498 
4 537 508 496 516 
3 515 484 507 
3 522 510 506 
3 513 502 509 
3 516 493 513 
3 534 468 504 
3 523 511 510 
3 578 325 627 
3 538 465 508 
3 520 507 511 
3 518 492 531 
3 584 499 517 
3 539 462 501 
3 524 516 523 
3 536 503 527 
3 551 532 509 
3 520 513 529 
3 555 537 520 
4 560 501 500 550 
3 568 482 534 
3 521 472 541 
3 606 544 473 
3 546 523 535 
3 540 487 548 
3 517 488 540 
3 572 533 522 
3 543 535 532 
3 562 526 512 
3 529 533 543 
3 550 521 547 
3 545 507 524 
3 549 556 515 
3 553 542 519 
3 685 531 530 
3 552 527 544 
3 564 462 539 
3 557 535 533 
3 573 541 528 
3 561 549 537 
3 557 554 529 
3 558 536 552 
5 698 690 530 480 161 
3 581 538 545 
3 609 525 536 
3 576 567 522 
3 547 541 559 
3 610 539 560 
3 565 555 546 
3 561 524 554 
3 563 465 538 
3 565 546 543 
3 619 547 559 
3 558 552 573 
3 553 525 586 
3 585 545 555 
3 566 534 504 
3 581 566 556 
3 658 570 542 
3 569 554 557 
3 597 562 563 
3 583 574 551 
3 589 571 526 
4 591 592 565 572 
3 630 454 564 
3 593 470 568 
3 575 569 532 
3 603 559 544 
3 588 575 567 
3 591 572 574 
3 580 582 551 
3 677 148 578 
3 577 514 666 
3 584 580 505 
3 596 576 579 
3 598 563 549 
3 590 583 576 
3 588 567 582 
3 612 579 518 
3 587 598 561 
3 620 560 615 
3 599 585 592 
4 629 574 583 590 
3 597 593 568 
3 588 582 594 
3 629 569 575 
3 617 587 569 
3 595 571 589 
3 634 590 596 
3 601 471 593 
3 618 594 580 
3 604 589 566 
3 604 581 585 
3 617 613 587 
3 602 378 601 
3 600 595 611 
3 607 415 600 
3 616 573 606 
3 608 597 598 
3 614 486 607 
3 614 603 528 
3 621 605 602 
3 613 611 604 
3 615 550 623 
3 657 553 622 
3 621 601 608 
3 680 618 584 
3 639 608 599 
3 624 606 605 
3 660 586 609 
3 649 626 603 
3 632 599 592 
3 635 596 612 
3 625 558 626 
3 656 586 660 
3 628 607 611 
3 610 656 684 
3 668 609 631 
3 633 614 628 
3 647 631 619 
3 647 619 616 
3 661 514 630 
3 643 624 621 
3 637 591 588 
3 659 627 570 
3 668 623 625 
3 638 639 617 
3 640 636 624 
3 644 594 635 
3 646 634 618 
3 653 633 640 
3 638 629 641 
3 645 632 637 
3 642 613 632 
3 643 636 633 
3 645 637 644 
3 643 639 645 
4 651 640 628 642 
3 646 641 634 
4 648 642 638 641 
3 665 644 635 
3 668 625 626 
3 652 650 645 
3 653 670 616 
3 651 648 652 
3 654 643 650 
3 664 650 648 
3 655 649 636 
3 655 651 664 
3 667 653 654 
3 622 620 691 
3 663 610 687 
3 659 564 662 
3 661 630 658 
3 620 615 682 
3 669 627 659 
3 671 658 663 
3 662 657 672 
3 665 654 652 
3 675 664 646 
3 677 578 669 
3 676 655 675 
4 673 623 631 647 
3 666 661 674 
3 673 649 676 
3 674 662 681 
3 681 663 696 
3 682 668 670 
3 679 669 671 
3 678 667 665 
3 683 670 667 
5 103 577 666 688 699 
3 680 683 675 
3 694 688 674 
3 685 678 612 
3 671 672 698 
3 689 660 673 
3 686 676 678 
3 687 622 691 
4 690 686 680 540 
3 689 683 685 
3 696 657 684 
3 677 679 694 
3 693 682 686 
3 692 685 548 
3 684 656 693 
3 698 695 690 
3 691 689 695 
3 699 688 679 
3 697 693 692 
3 672 687 697 
3 698 696 695 
5 699 681 697 692 548 
4 102 677 694 698 
