25
0 278 6768
1 380 7190
2 1534 4004
3 2030 3714
4 6628 5356
5 7394 6694
6 7672 5738
7 8258 2778
8 8438 7690
9 8666 2386
10 8916 3204
11 9774 7032
12 10764 6444
13 11134 4796
14 11136 4860
15 11284 3300
16 11718 4008
17 12132 6224
18 12528 4488
19 12816 1634
20 13950 5158
21 14478 5508
22 15430 5996
23 15648 6544
24 16272 6830
3 1 2 4 
3 8 0 5 
3 0 3 7 
2 2 9 
3 6 0 10 
3 8 1 6 
3 5 4 13 
3 10 2 9 
4 1 5 11 24 
3 7 3 19 
3 15 4 7 
3 8 12 23 
3 11 14 17 
3 14 6 16 
3 12 13 18 
4 20 16 10 19 
3 18 13 15 
3 23 12 20 
3 20 14 16 
4 24 22 15 9 
4 21 17 18 15 
3 22 23 20 
3 24 21 19 
4 24 11 17 21 
4 8 23 22 19 
