400
0 246 6874
1 252 6286
2 286 8344
3 336 7180
4 356 5768
5 368 8274
6 456 4832
7 464 7202
8 528 7948
9 570 7916
10 610 5082
11 618 4878
12 628 5030
13 630 4752
14 670 4856
15 708 4916
16 720 7216
17 790 6778
18 814 5172
19 858 5230
20 878 5170
21 1002 4766
22 1008 4768
23 1068 4034
24 1074 7538
25 1268 5414
26 1284 5376
27 1746 3696
28 1798 3710
29 1824 3662
30 1928 3588
31 1982 7836
32 1986 3890
33 2002 3804
34 2026 3682
35 2056 3370
36 2076 3600
37 2302 5832
38 2316 6658
39 2346 8258
40 2598 4420
41 2694 9524
42 2980 7638
43 3084 9546
44 3096 9454
45 3134 4676
46 3308 9334
47 3574 5794
48 3576 6602
49 3620 5930
50 3622 3584
51 3624 3652
52 3634 5822
53 3962 8580
54 4016 8572
55 4106 4510
56 4292 3444
57 4302 9154
58 4314 4420
59 4606 7284
60 4636 6052
61 4710 9384
62 4822 1204
63 5074 9164
64 5180 9178
65 5188 4136
66 5236 9186
67 5238 9198
68 5450 9432
69 5672 5542
70 5684 5720
71 5736 5428
72 5774 5666
73 5780 5238
74 5802 8738
75 5828 9412
76 5836 8740
77 6062 8788
78 6114 7932
79 6118 1228
80 6192 2018
81 6196 8036
82 6226 7998
83 6234 7662
84 6248 3380
85 6332 268
86 6396 6928
87 6432 4366
88 6458 8932
89 6494 4376
90 6508 270
91 6580 3164
92 6618 668
93 6710 4944
94 6750 4570
95 6886 1170
96 7206 4884
97 7206 8530
98 7308 6778
99 7322 8978
100 7400 2116
101 7494 1484
102 7570 2372
103 7616 4090
104 7632 2444
105 7684 5782
106 7688 5824
107 7714 1422
108 7720 2204
109 7802 6572
110 7850 2244
111 7854 4590
112 7900 7390
113 7918 5860
114 7952 3362
115 7992 4838
116 8010 3362
117 8036 2988
118 8068 8536
119 8080 4496
120 8080 8480
121 8204 3246
122 8206 3454
123 8218 7880
124 8230 5994
125 8286 5928
126 8306 2598
127 8360 5920
128 8386 2640
129 8400 5904
130 8402 4074
131 8406 5890
132 8530 2272
133 8638 5140
134 8646 2578
135 8664 2398
136 8664 4750
137 8664 7818
138 8712 5276
139 8720 5364
140 8734 4614
141 8760 7470
142 8790 7256
143 8838 6402
144 8842 6858
145 9010 5804
146 9014 2598
147 9024 2624
148 9034 2574
149 9048 7760
150 9074 5280
151 9078 3294
152 9094 6060
153 9122 7134
154 9130 6064
155 9134 4686
156 9208 4674
157 9242 4432
158 9304 3888
159 9362 4990
160 9402 3150
161 9464 2614
162 9472 5852
163 9520 4694
164 9578 6098
165 9582 2884
166 9634 2546
167 9660 4162
168 9790 4706
169 9832 2736
170 9898 5116
171 9902 5090
172 9968 2650
173 9982 2452
174 10014 4866
175 10032 4374
176 10040 2700
177 10062 2524
178 10062 5230
179 10064 6008
180 10136 3258
181 10178 5228
182 10186 2680
183 10186 3484
184 10202 2466
185 10210 5190
186 10246 5288
187 10270 2654
188 10286 2634
189 10302 5364
190 10306 6260
191 10312 4240
192 10424 3024
193 10482 6570
194 10508 2672
195 10538 4198
196 10554 2690
197 10596 7232
198 10612 4192
199 10664 4908
200 10702 5960
201 10706 4546
202 10710 6524
203 10724 3948
204 10742 6168
205 10752 6148
206 10768 6020
207 10822 6886
208 10824 3002
209 10826 6650
210 10834 6040
211 10854 6056
212 10856 5498
213 10864 6782
214 10910 6150
215 10978 4942
216 10992 2660
217 11068 4274
218 11156 4382
219 11174 4364
220 11208 4324
221 11224 6134
222 11248 4010
223 11254 3346
224 11270 4332
225 11290 5778
226 11302 5470
227 11318 6552
228 11326 6906
229 11336 6090
230 11338 5434
231 11348 5544
232 11352 3624
233 11356 6400
234 11414 5516
235 11452 4124
236 11460 2954
237 11542 2846
238 11568 5498
239 11592 4070
240 11596 4094
241 11614 3762
242 11624 5886
243 11634 5778
244 11658 6248
245 11674 6542
246 11786 2732
247 11786 4322
248 11816 4832
249 11818 6396
250 11824 3774
251 11836 4318
252 11870 4212
253 11880 3528
254 11896 3558
255 11932 5412
256 11936 4948
257 11954 4530
258 11970 5290
259 12000 3870
260 12004 4290
261 12020 3832
262 12026 4360
263 12062 3190
264 12072 3344
265 12084 3296
266 12092 6288
267 12094 6466
268 12132 4488
269 12196 5544
270 12212 2816
271 12216 2802
272 12218 6312
273 12222 6304
274 12260 5656
275 12260 5730
276 12264 5626
277 12268 5538
278 12310 4692
279 12320 6272
280 12372 6198
281 12392 3902
282 12402 3894
283 12408 4278
284 12456 3908
285 12462 4032
286 12484 4662
287 12496 5064
288 12514 1916
289 12536 3960
290 12540 1958
291 12540 4134
292 12548 4018
293 12556 1908
294 12570 2438
295 12572 3600
296 12574 3586
297 12596 498
298 12644 5810
299 12662 5890
300 12684 3582
301 12696 2096
302 12714 3624
303 12768 4964
304 12770 2156
305 12780 2204
306 12796 2210
307 12800 4258
308 12806 4278
309 12810 8110
310 12824 4210
311 12828 5810
312 12844 2120
313 12854 2122
314 12866 4220
315 12874 3252
316 12942 3840
317 12944 2164
318 12956 5532
319 12970 5570
320 13024 5910
321 13032 4198
322 13084 1412
323 13150 4374
324 13156 4164
325 13164 6736
326 13198 5692
327 13202 3832
328 13220 3968
329 13232 4648
330 13234 5620
331 13312 5654
332 13316 6614
333 13332 6640
334 13378 6788
335 13424 6644
336 13498 6706
337 13502 4140
338 13510 6466
339 13522 6448
340 13532 4070
341 13552 4192
342 13672 8034
343 13700 3750
344 13726 5822
345 13834 3834
346 13876 8472
347 13916 4854
348 13970 4508
349 13974 4230
350 14046 5146
351 14062 5434
352 14092 5302
353 14098 5272
354 14124 5912
355 14162 5296
356 14178 5332
357 14184 6820
358 14214 5558
359 14264 4664
360 14270 4616
361 14292 5698
362 14298 5546
363 14328 5624
364 14388 5190
365 14394 5890
366 14404 5800
367 14408 5396
368 14456 5440
369 14466 5418
370 14516 5050
371 14550 5588
372 14596 7190
373 14632 6024
374 14732 5244
375 14742 5512
376 14762 5258
377 14806 6070
378 14890 5964
379 14954 5786
380 15020 6410
381 15030 5912
382 15050 5822
383 15116 5808
384 15190 5770
385 15284 6028
386 15390 5944
387 15408 5802
388 15704 6314
389 15704 6442
390 15708 8118
391 15728 6228
392 15766 6380
393 15796 7636
394 15820 7576
395 15846 6128
396 15856 7590
397 15866 8110
398 16194 6096
399 16554 6996
4 3 2 1 19 
3 0 6 4 
3 41 0 5 
3 7 8 0 
4 1 6 11 10 
3 2 8 39 
4 4 1 23 13 
4 16 9 3 17 
3 5 3 9 
3 8 7 24 
3 18 4 12 
4 12 4 13 14 
3 10 11 15 
3 11 6 27 
3 15 11 28 
3 12 14 21 
3 24 7 38 
3 7 25 37 
3 19 10 20 
3 25 0 18 
3 26 18 22 
3 22 15 33 
3 20 21 32 
3 6 62 35 
3 31 9 16 
3 17 19 26 
3 25 20 40 
3 13 35 29 
3 14 29 34 
3 28 27 30 
3 36 29 35 
3 39 24 42 
3 22 33 50 
3 32 21 34 
3 33 28 36 
4 30 27 23 62 
3 34 30 80 
3 17 45 47 
3 16 49 48 
3 53 5 31 
3 45 26 51 
3 43 2 44 
3 83 31 59 
2 41 68 
3 41 46 61 
3 37 40 55 
3 44 53 57 
3 52 37 73 
3 59 38 60 
3 60 38 52 
3 51 32 56 
3 58 40 50 
3 49 47 69 
3 46 39 54 
3 57 53 78 
3 45 58 87 
3 50 102 84 
3 63 46 54 
3 55 51 65 
3 42 48 86 
3 48 49 70 
3 68 44 67 
4 79 35 23 85 
3 64 57 81 
3 66 63 74 
3 58 84 114 
3 67 64 88 
3 61 66 99 
3 43 61 75 
3 72 52 71 
3 106 60 72 
3 69 73 115 
3 105 70 69 
3 71 47 93 
3 76 64 81 
2 68 346 
3 77 74 97 
3 88 76 118 
3 82 54 83 
3 80 62 95 
3 100 36 79 
3 74 63 82 
3 81 78 123 
3 78 42 112 
3 65 56 91 
3 90 92 62 
3 59 124 98 
3 89 55 116 
3 99 66 77 
3 94 87 103 
2 297 85 
3 84 104 117 
3 107 95 85 
3 73 94 96 
3 111 93 89 
3 101 79 92 
3 93 111 115 
3 76 123 120 
3 112 86 109 
3 67 88 390 
3 108 80 101 
3 100 95 107 
3 104 56 110 
3 89 122 130 
3 126 91 102 
3 106 72 133 
3 113 70 105 
3 293 101 92 
3 132 110 100 
3 98 124 143 
3 135 102 108 
3 96 94 119 
3 141 83 98 
3 131 125 106 
3 116 65 117 
3 71 96 136 
3 87 114 121 
3 114 91 128 
3 77 120 309 
3 140 111 130 
3 118 97 137 
3 122 116 147 
3 103 121 151 
3 97 82 137 
3 109 86 125 
3 124 113 127 
3 128 104 134 
3 152 125 129 
3 117 126 146 
3 127 131 145 
3 119 103 158 
3 129 113 139 
3 173 108 288 
3 138 105 136 
3 126 135 148 
3 173 134 110 
3 133 115 140 
3 120 123 149 
3 139 133 155 
3 131 138 150 
3 136 119 157 
3 149 112 142 
3 141 144 153 
3 144 109 152 
3 142 143 154 
3 162 129 178 
3 147 128 148 
3 121 146 161 
3 146 134 166 
3 309 137 141 
3 139 159 170 
3 158 122 160 
3 154 143 127 
3 197 142 193 
3 164 144 152 
3 138 157 156 
3 163 155 175 
3 155 140 167 
3 167 130 151 
3 171 150 163 
3 183 151 165 
3 165 147 166 
3 179 145 181 
3 168 159 156 
3 190 154 179 
3 160 161 169 
3 161 148 177 
3 191 157 158 
3 174 163 201 
3 180 165 172 
3 178 150 171 
3 170 159 174 
3 176 169 177 
3 184 135 132 
3 171 168 201 
3 156 191 217 
3 192 172 182 
4 188 172 166 184 
3 145 170 185 
3 164 162 200 
3 183 169 192 
3 186 162 185 
3 223 176 187 
3 203 160 180 
3 177 173 288 
3 181 178 199 
3 226 189 181 
3 208 182 188 
3 194 187 177 
3 212 200 186 
3 193 164 204 
3 175 167 195 
3 232 180 176 
3 153 190 202 
3 196 188 216 
3 191 203 198 
3 236 253 194 
3 342 153 207 
3 195 222 235 
3 215 185 218 
3 206 179 189 
3 174 168 218 
3 209 193 204 
3 195 183 232 
3 202 190 205 
3 214 204 206 
3 210 205 200 
3 228 197 213 
3 254 223 187 
3 213 202 227 
3 211 206 225 
3 221 214 210 
3 231 225 189 
3 207 209 245 
3 233 205 211 
3 230 199 248 
3 237 194 290 
3 220 175 235 
3 199 201 219 
3 218 220 224 
3 224 219 217 
3 244 211 229 
3 239 198 241 
3 250 182 208 
3 219 220 247 
3 243 210 212 
3 234 186 230 
3 209 233 245 
3 393 207 325 
3 221 242 299 
4 226 215 256 258 
3 275 212 234 
3 241 203 192 
3 227 214 249 
3 231 226 238 
3 217 198 240 
3 263 196 237 
3 236 216 246 
3 274 234 255 
3 240 222 259 
3 252 235 239 
3 250 222 232 
3 229 243 298 
3 242 225 275 
3 266 249 221 
3 213 227 267 
3 271 237 301 
3 257 224 251 
3 256 215 257 
4 267 233 244 272 
3 261 241 223 
3 262 247 260 
3 260 240 291 
3 254 196 264 
3 282 208 253 
3 269 238 258 
3 230 248 278 
3 248 247 268 
3 255 230 287 
3 285 239 261 
3 251 252 283 
3 281 259 250 
3 268 251 283 
3 265 236 270 
3 296 253 265 
3 264 263 270 
3 273 244 280 
3 332 245 249 
3 278 257 262 
3 276 255 277 
3 265 263 271 
3 270 246 294 
3 339 249 273 
3 272 266 279 
3 275 238 276 
4 298 243 231 274 
3 274 269 319 
3 269 303 318 
3 256 268 286 
3 273 280 354 
3 279 266 320 
3 292 261 282 
3 284 281 254 
3 262 260 307 
3 289 282 295 
3 291 259 292 
3 287 278 308 
3 258 286 303 
4 290 184 132 293 
3 321 292 284 
3 301 216 288 
3 310 252 285 
4 314 285 281 289 
4 312 288 107 297 
3 315 271 305 
3 302 284 296 
3 295 264 300 
5 398 322 313 293 90 
3 311 242 275 
3 320 229 311 
3 302 296 315 
4 304 305 246 290 
3 316 295 300 
3 277 287 329 
3 306 301 312 
3 306 294 301 
3 343 305 304 
3 308 283 310 
3 329 286 307 
3 118 149 342 
3 314 307 291 
3 299 298 326 
3 313 304 293 
3 317 312 297 
3 323 310 292 
3 327 300 294 
3 328 324 302 
3 345 313 322 
3 319 277 351 
3 330 276 318 
3 280 299 344 
3 323 289 324 
3 395 317 297 
3 350 314 321 
3 347 321 316 
3 334 228 333 
3 344 311 331 
3 340 328 315 
3 337 316 327 
3 353 303 308 
3 331 319 358 
3 361 326 330 
3 333 267 338 
3 335 325 332 
3 372 325 336 
3 336 333 338 
3 357 334 335 
3 341 328 340 
3 335 332 339 
3 338 272 373 
3 349 337 327 
3 348 364 337 
3 390 309 197 
3 345 349 306 
3 354 320 326 
3 395 343 317 
2 75 397 
3 364 350 324 
3 359 370 341 
3 360 340 343 
3 355 323 347 
3 362 318 352 
3 356 351 353 
3 355 352 329 
3 279 344 365 
3 367 353 350 
3 367 368 352 
3 372 336 380 
3 363 330 362 
3 376 348 360 
3 387 359 349 
3 366 331 363 
3 371 358 351 
3 379 361 358 
3 375 347 341 
3 373 354 366 
3 378 365 361 
3 369 356 355 
3 371 356 369 
3 375 368 367 
3 374 384 348 
3 379 362 368 
3 393 334 357 
3 377 339 365 
3 376 391 370 
3 383 369 364 
3 387 374 359 
3 380 373 378 
3 377 366 381 
3 382 363 371 
3 389 357 377 
3 385 378 382 
3 381 379 383 
4 385 382 375 384 
3 386 383 370 
3 388 381 383 
3 391 388 384 
3 399 376 360 
3 392 385 386 
3 394 380 392 
4 99 342 393 397 
3 399 386 374 
3 399 389 388 
4 390 228 372 394 
3 396 393 389 
3 399 345 322 
3 397 394 399 
4 346 390 396 399 
2 399 297 
7 397 396 392 391 387 395 398 
