1000
0 12 6946
1 282 7732
2 284 8318
3 288 6766
4 310 7382
5 338 7168
6 354 6298
7 362 7002
8 398 7180
9 434 7286
10 450 7160
11 450 8222
12 456 5718
13 460 4842
14 478 5756
15 488 5748
16 488 7208
17 508 5706
18 508 5944
19 520 5688
20 520 8000
21 536 4956
22 538 5336
23 544 7804
24 548 7830
25 550 7956
26 560 7798
27 586 4824
28 594 8300
29 610 5066
30 694 4572
31 716 5386
32 764 5306
33 812 4926
34 812 5104
35 842 8730
36 852 6844
37 892 4710
38 914 4916
39 928 4772
40 994 4240
41 1054 4768
42 1124 5306
43 1158 7762
44 1160 5600
45 1250 3884
46 1252 4462
47 1302 4158
48 1312 4564
49 1406 4452
50 1412 4418
51 1440 3798
52 1456 8728
53 1510 4180
54 1544 4126
55 1546 4136
56 1596 7252
57 1682 3710
58 1704 3686
59 1728 3820
60 1738 3796
61 1758 3932
62 1804 3700
63 1820 3802
64 1836 3782
65 1854 3752
66 1880 3770
67 1910 7852
68 1970 7872
69 1978 3820
70 1980 3774
71 2010 3524
72 2010 8274
73 2038 3392
74 2042 3838
75 2052 3386
76 2074 7868
77 2086 3674
78 2096 7868
79 2226 3084
80 2264 3790
81 2288 3686
82 2340 6644
83 2426 4394
84 2610 3340
85 2616 4396
86 2700 4364
87 2868 9442
88 2926 9348
89 2934 8874
90 2968 7838
91 2992 8978
92 3006 9604
93 3014 8880
94 3028 8838
95 3048 8878
96 3050 8850
97 3120 9564
98 3130 9360
99 3136 4686
100 3170 9464
101 3172 9444
102 3174 9442
103 3202 9430
104 3210 9554
105 3234 8826
106 3330 9256
107 3452 3560
108 3560 9294
109 3568 3536
110 3574 3646
111 3582 3476
112 3590 5728
113 3598 3664
114 3606 7680
115 3634 7538
116 3682 9390
117 3694 5634
118 3720 3592
119 3722 3584
120 3748 7822
121 3932 3580
122 3954 1944
123 3970 8556
124 4178 8760
125 4212 432
126 4236 4608
127 4326 9606
128 4370 1686
129 4380 8926
130 4388 3466
131 4414 1516
132 4418 9032
133 4420 9484
134 4512 1328
135 4648 8398
136 4674 4598
137 4722 7342
138 4772 4606
139 5016 994
140 5092 5366
141 5142 9192
142 5174 1502
143 5244 9224
144 5276 3078
145 5290 3096
146 5292 516
147 5294 4322
148 5302 6404
149 5344 3032
150 5360 2972
151 5362 3114
152 5376 3414
153 5478 468
154 5494 3566
155 5612 142
156 5616 6406
157 5654 9222
158 5662 9228
159 5666 5706
160 5744 5284
161 5752 5214
162 5764 5228
163 5766 5520
164 5784 5036
165 5790 5690
166 5838 3574
167 5842 5200
168 5940 8704
169 5944 3400
170 5952 4806
171 5974 7966
172 5998 5666
173 6000 3238
174 6006 8052
175 6048 3214
176 6062 1092
177 6102 2962
178 6104 3062
179 6110 1266
180 6116 3110
181 6154 426
182 6168 7706
183 6172 1274
184 6176 1330
185 6186 1204
186 6194 8012
187 6204 8050
188 6206 8230
189 6212 6792
190 6216 3860
191 6218 7920
192 6226 8090
193 6244 8614
194 6292 1290
195 6356 8832
196 6380 3222
197 6382 8022
198 6386 8240
199 6398 7844
200 6420 7978
201 6424 7880
202 6448 7930
203 6478 8140
204 6504 470
205 6504 7952
206 6512 3126
207 6636 4094
208 6652 3614
209 6656 948
210 6662 280
211 6678 8814
212 6692 8434
213 6712 3276
214 6838 2768
215 6902 8510
216 7006 630
217 7034 3290
218 7080 3312
219 7142 1280
220 7176 1224
221 7214 1286
222 7236 5264
223 7238 2124
224 7294 8504
225 7338 1778
226 7342 8798
227 7368 2102
228 7382 2104
229 7402 8516
230 7456 7076
231 7502 8542
232 7536 38
233 7552 5064
234 7590 2150
235 7590 2778
236 7606 2114
237 7624 2138
238 7630 2132
239 7646 3572
240 7650 7156
241 7654 6670
242 7656 2354
243 7662 3944
244 7664 7186
245 7666 5732
246 7670 3198
247 7676 1398
248 7692 7976
249 7720 2450
250 7746 4626
251 7760 2320
252 7762 3408
253 7774 1514
254 7790 2254
255 7802 1434
256 7824 316
257 7826 2728
258 7830 1980
259 7830 2222
260 7832 2258
261 7838 2260
262 7838 3284
263 7840 2674
264 7856 2700
265 7866 696
266 7874 3520
267 7874 4122
268 7876 3230
269 7890 1896
270 7908 3406
271 7914 4134
272 7916 1434
273 7932 4826
274 7946 1906
275 7964 4256
276 7972 3380
277 7974 1954
278 7974 2822
279 7976 2468
280 7990 4888
281 8014 2584
282 8016 3406
283 8046 7980
284 8060 5374
285 8080 3348
286 8084 3288
287 8086 7960
288 8088 8554
289 8096 3640
290 8096 6230
291 8096 8522
292 8098 8750
293 8100 3466
294 8102 4722
295 8118 5032
296 8124 3440
297 8124 7924
298 8130 3498
299 8136 8482
300 8138 4348
301 8152 3526
302 8152 7590
303 8154 3804
304 8156 3290
305 8178 3422
306 8184 7228
307 8196 5812
308 8198 3490
309 8216 3396
310 8220 3408
311 8240 7428
312 8242 3686
313 8248 3424
314 8256 4446
315 8258 6122
316 8272 5378
317 8288 6324
318 8290 3450
319 8294 3776
320 8296 3586
321 8316 2754
322 8326 4350
323 8334 5914
324 8340 3058
325 8344 4366
326 8354 5860
327 8372 3486
328 8380 4368
329 8380 8610
330 8390 6448
331 8398 4290
332 8400 2512
333 8444 2548
334 8452 2440
335 8470 2580
336 8478 3068
337 8480 4432
338 8488 7834
339 8510 2580
340 8512 2526
341 8516 7164
342 8566 2614
343 8586 2416
344 8600 7120
345 8612 2358
346 8622 2446
347 8632 2482
348 8640 3212
349 8652 2398
350 8666 5234
351 8706 5252
352 8706 5292
353 8708 5678
354 8710 2540
355 8712 5350
356 8716 2526
357 8718 2488
358 8722 5350
359 8738 5214
360 8742 3284
361 8746 5186
362 8758 3286
363 8758 5214
364 8782 6656
365 8784 5218
366 8806 5322
367 8812 4618
368 8824 5254
369 8834 5264
370 8834 7202
371 8844 3314
372 8858 5326
373 8872 5702
374 8890 7474
375 8908 5258
376 8938 6312
377 8952 4464
378 8968 4476
379 8974 4412
380 8976 7228
381 8992 3320
382 9056 8878
383 9092 3430
384 9094 3266
385 9110 7126
386 9114 3322
387 9116 7162
388 9166 3426
389 9172 3396
390 9180 4548
391 9188 7072
392 9200 7042
393 9206 4734
394 9210 4516
395 9214 2880
396 9218 6996
397 9220 7142
398 9230 2654
399 9230 4066
400 9230 6946
401 9232 2582
402 9250 7042
403 9262 4730
404 9266 6266
405 9288 7048
406 9314 2598
407 9358 8504
408 9366 5012
409 9384 3326
410 9398 4894
411 9400 4854
412 9406 3974
413 9434 3782
414 9440 3926
415 9476 3706
416 9484 3964
417 9516 5228
418 9526 3990
419 9540 3972
420 9540 4034
421 9554 2704
422 9556 4318
423 9598 4048
424 9602 2556
425 9602 6674
426 9656 4938
427 9670 6140
428 9712 4380
429 9732 4288
430 9766 6990
431 9806 2474
432 9814 2702
433 9838 6706
434 9864 6732
435 9876 3608
436 9888 2540
437 9890 5126
438 9906 2674
439 9920 4236
440 9942 2498
441 9968 3690
442 9970 5138
443 9974 2626
444 9980 2484
445 9980 3922
446 9986 4232
447 9994 4854
448 10002 5070
449 10018 5032
450 10024 5596
451 10026 6018
452 10044 5124
453 10054 2728
454 10066 2588
455 10074 5056
456 10078 5800
457 10084 3236
458 10100 5098
459 10102 5846
460 10102 6032
461 10132 6120
462 10152 3304
463 10152 5120
464 10160 2518
465 10182 2324
466 10188 4482
467 10202 4346
468 10226 2570
469 10232 5052
470 10244 2818
471 10244 3726
472 10246 2782
473 10280 4140
474 10302 7392
475 10306 6398
476 10310 4294
477 10320 6026
478 10338 5126
479 10342 5762
480 10346 2812
481 10356 6242
482 10366 6500
483 10368 3994
484 10402 3102
485 10402 6512
486 10414 7342
487 10422 7334
488 10440 5070
489 10444 3712
490 10446 3872
491 10460 6714
492 10468 5714
493 10488 5518
494 10492 6114
495 10496 4378
496 10516 4834
497 10526 4042
498 10528 6488
499 10534 4906
500 10544 3592
501 10544 5492
502 10550 4310
503 10610 3268
504 10612 4552
505 10622 4910
506 10622 6804
507 10626 6748
508 10636 4402
509 10648 5158
510 10668 3132
511 10676 4362
512 10678 4668
513 10680 3310
514 10692 6440
515 10700 6436
516 10704 6840
517 10708 5602
518 10714 6346
519 10720 6036
520 10728 2752
521 10756 3722
522 10756 4372
523 10756 6014
524 10776 2934
525 10778 7300
526 10796 6528
527 10802 5306
528 10806 4372
529 10808 6270
530 10816 6644
531 10826 5614
532 10862 5994
533 10872 6696
534 10878 6216
535 10886 6202
536 10922 5588
537 10928 4900
538 10938 5978
539 10954 4722
540 10958 5410
541 10968 4606
542 10968 5396
543 11000 7270
544 11056 4804
545 11060 4736
546 11062 4876
547 11074 5400
548 11108 4238
549 11130 3624
550 11136 5720
551 11158 5782
552 11168 3808
553 11170 4446
554 11190 3650
555 11200 3426
556 11212 3992
557 11214 3864
558 11214 6122
559 11218 4444
560 11220 3664
561 11226 5648
562 11228 3950
563 11254 4500
564 11258 2962
565 11258 3748
566 11268 4336
567 11288 4474
568 11304 4670
569 11356 5778
570 11358 5480
571 11374 3104
572 11376 5534
573 11378 5436
574 11394 6132
575 11402 5326
576 11416 5332
577 11458 6070
578 11466 4890
579 11476 5414
580 11502 4654
581 11520 4984
582 11524 6450
583 11548 6442
584 11552 2568
585 11566 5118
586 11602 4758
587 11614 4088
588 11638 4082
589 11642 4084
590 11648 5914
591 11682 4000
592 11700 3646
593 11702 3718
594 11704 3232
595 11704 4094
596 11710 5166
597 11748 3328
598 11750 3736
599 11754 3528
600 11756 5004
601 11758 4008
602 11760 3680
603 11766 6636
604 11772 6382
605 11798 3188
606 11808 4972
607 11810 2838
608 11848 5710
609 11850 5022
610 11856 3566
611 11886 4300
612 11900 6172
613 11908 5508
614 11914 2726
615 11922 5436
616 11926 3568
617 11926 4466
618 11936 4452
619 11956 5248
620 11960 5364
621 11962 2684
622 11968 5980
623 11972 6620
624 11978 2906
625 11986 4306
626 11988 3632
627 11996 4462
628 11998 3914
629 11998 5520
630 12002 3584
631 12016 5448
632 12018 3722
633 12018 4776
634 12020 3146
635 12032 5702
636 12036 2916
637 12044 3624
638 12046 3732
639 12060 4714
640 12066 5146
641 12080 6510
642 12088 3398
643 12098 6158
644 12108 4492
645 12114 6420
646 12124 5646
647 12128 3908
648 12130 3898
649 12148 2828
650 12152 6458
651 12210 4602
652 12228 4316
653 12240 2660
654 12244 6268
655 12270 5976
656 12274 6256
657 12280 6304
658 12288 5572
659 12290 6334
660 12314 4902
661 12352 4012
662 12362 5988
663 12364 4616
664 12366 1980
665 12372 6392
666 12388 4824
667 12400 1952
668 12410 6360
669 12416 3598
670 12418 3782
671 12430 1994
672 12432 1822
673 12438 2128
674 12438 5766
675 12446 5540
676 12448 2192
677 12450 4124
678 12452 2230
679 12452 3936
680 12468 4474
681 12468 5806
682 12470 5038
683 12474 1988
684 12474 6414
685 12480 1996
686 12496 5806
687 12520 2622
688 12542 1980
689 12544 3554
690 12560 2344
691 12566 5230
692 12576 2234
693 12588 3558
694 12596 3534
695 12606 1980
696 12608 4262
697 12616 2766
698 12628 4082
699 12640 2176
700 12640 2590
701 12642 5944
702 12644 2678
703 12648 4980
704 12650 1474
705 12654 4944
706 12656 3284
707 12656 3694
708 12660 4876
709 12666 5952
710 12670 5964
711 12680 1498
712 12684 2598
713 12688 5676
714 12710 4158
715 12718 4320
716 12718 5848
717 12724 5552
718 12734 2746
719 12738 5768
720 12748 5856
721 12760 4296
722 12764 4130
723 12766 5946
724 12770 4234
725 12776 2590
726 12778 3770
727 12786 5956
728 12790 4298
729 12796 3808
730 12796 7536
731 12812 3622
732 12814 2030
733 12816 5750
734 12818 2146
735 12832 2066
736 12832 3186
737 12836 2424
738 12836 3216
739 12836 4094
740 12850 2214
741 12850 4058
742 12866 5930
743 12872 2310
744 12872 5874
745 12880 3140
746 12894 3972
747 12898 4308
748 12902 4188
749 12904 5344
750 12934 3240
751 12936 4154
752 12948 6126
753 12950 4234
754 12950 5466
755 12964 5880
756 12982 6568
757 13002 8140
758 13010 5024
759 13014 3830
760 13016 5742
761 13026 6584
762 13030 6618
763 13032 5816
764 13036 4202
765 13038 6614
766 13042 5666
767 13068 4148
768 13070 1284
769 13074 1196
770 13080 1288
771 13086 4246
772 13088 6092
773 13090 5606
774 13094 6566
775 13100 1764
776 13108 4406
777 13122 4296
778 13128 3624
779 13128 3668
780 13130 5398
781 13142 1304
782 13158 4398
783 13158 5382
784 13158 5802
785 13162 1298
786 13174 6550
787 13176 6178
788 13176 6684
789 13182 6654
790 13192 6592
791 13194 4730
792 13196 5918
793 13202 3408
794 13204 5168
795 13208 5524
796 13218 6594
797 13232 3798
798 13232 4380
799 13256 4258
800 13258 6692
801 13264 3430
802 13264 6616
803 13268 5412
804 13290 5670
805 13304 6776
806 13314 5600
807 13314 6850
808 13324 5734
809 13324 6502
810 13332 5626
811 13336 6642
812 13350 5716
813 13360 4382
814 13362 5458
815 13368 7460
816 13374 6706
817 13376 3846
818 13382 3902
819 13384 4382
820 13436 8198
821 13440 4160
822 13446 4052
823 13446 6198
824 13492 3970
825 13500 4100
826 13502 3930
827 13516 3946
828 13518 4102
829 13530 4048
830 13542 6382
831 13552 4760
832 13552 5734
833 13576 3804
834 13592 5356
835 13604 4310
836 13612 190
837 13640 4346
838 13662 6180
839 13678 4440
840 13682 4248
841 13696 4060
842 13708 4870
843 13810 5036
844 13820 3850
845 13890 5294
846 13898 4790
847 13920 4236
848 13924 5066
849 13928 6520
850 13950 4448
851 13952 5272
852 13960 6478
853 13962 4924
854 14000 5134
855 14020 5516
856 14028 5244
857 14050 5234
858 14058 4492
859 14064 5258
860 14064 5634
861 14068 5300
862 14072 6816
863 14078 6450
864 14084 5364
865 14096 5638
866 14102 5234
867 14108 5724
868 14120 5416
869 14150 4756
870 14150 4826
871 14156 4156
872 14194 5262
873 14208 5598
874 14212 4640
875 14216 4650
876 14228 5336
877 14238 4634
878 14246 5572
879 14254 4632
880 14270 5274
881 14274 6598
882 14278 4382
883 14324 5252
884 14358 5406
885 14362 5604
886 14384 5670
887 14386 4542
888 14404 5468
889 14476 5560
890 14478 5452
891 14480 7164
892 14492 7180
893 14498 5636
894 14500 7202
895 14510 5054
896 14522 5076
897 14542 5948
898 14546 5328
899 14564 6538
900 14570 6180
901 14578 5714
902 14580 5616
903 14592 6494
904 14594 5906
905 14600 5568
906 14622 5756
907 14656 5862
908 14658 5638
909 14668 5564
910 14684 5518
911 14694 5616
912 14710 5602
913 14774 5600
914 14786 5808
915 14814 5340
916 14854 5856
917 14860 5734
918 14862 5372
919 14884 7086
920 14888 5728
921 14904 5750
922 14908 5750
923 14908 5934
924 14938 5776
925 14946 5900
926 14956 5468
927 14960 5676
928 14970 7272
929 14972 5682
930 14990 5922
931 14996 5904
932 15002 5836
933 15014 5750
934 15036 5838
935 15042 5754
936 15056 7270
937 15080 7200
938 15100 5880
939 15108 7366
940 15110 6384
941 15116 5966
942 15132 7314
943 15134 7224
944 15134 7236
945 15136 6350
946 15178 6968
947 15202 7240
948 15238 7452
949 15246 7232
950 15274 5812
951 15284 5824
952 15300 7150
953 15310 5792
954 15312 5972
955 15318 5976
956 15330 7314
957 15332 6064
958 15334 5790
959 15340 5944
960 15350 6018
961 15360 6194
962 15382 7142
963 15384 7450
964 15440 6200
965 15444 8180
966 15500 7226
967 15600 6324
968 15622 6204
969 15630 7170
970 15650 6260
971 15670 7422
972 15694 6114
973 15708 7610
974 15728 6266
975 15734 6534
976 15760 7594
977 15780 7666
978 15796 6258
979 15812 8096
980 15822 6042
981 15834 6242
982 15834 6332
983 15854 6088
984 15854 8058
985 15864 6294
986 15874 8076
987 15892 6310
988 15920 6042
989 15922 7474
990 15932 6414
991 15934 6182
992 15936 6174
993 15936 6524
994 15938 6190
995 15946 6190
996 16008 7406
997 16126 6788
998 16648 7172
999 16946 8116
4 1 2 13 3 
3 2 0 4 
5 35 0 1 11 28 
3 4 0 6 
3 1 3 5 
3 4 14 7 
3 3 13 12 
3 8 5 15 
3 9 20 7 
3 23 8 10 
3 16 9 18 
3 28 2 20 
3 14 6 13 
7 21 12 6 0 45 30 27 
3 5 12 15 
3 7 14 17 
3 26 10 36 
3 15 22 19 
3 36 10 19 
3 18 17 31 
3 11 8 25 
3 29 22 13 
3 17 21 29 
3 24 9 26 
3 72 25 23 
3 52 20 24 
3 23 16 43 
3 33 13 37 
3 52 2 11 
3 22 21 33 
3 13 45 40 
3 44 19 32 
3 42 31 34 
4 34 29 27 38 
3 42 32 33 
2 92 2 
3 56 16 18 
3 39 27 46 
3 140 33 39 
3 38 37 41 
3 30 45 47 
3 161 39 48 
3 117 32 34 
3 67 26 56 
3 112 82 31 
5 40 30 13 125 51 
3 37 53 50 
3 40 59 54 
3 99 41 49 
3 48 50 83 
3 49 46 53 
3 45 79 57 
3 87 28 25 
3 50 46 55 
3 55 47 61 
3 83 53 54 
3 43 36 82 
3 60 51 58 
3 62 57 79 
3 61 47 60 
3 63 59 57 
3 86 54 59 
3 65 58 73 
3 69 60 64 
3 63 65 66 
3 64 62 71 
3 70 64 77 
3 76 68 43 
3 72 67 76 
3 74 63 80 
3 80 66 81 
3 65 75 122 
3 88 24 68 
3 62 79 75 
3 147 138 69 
3 71 73 134 
3 78 68 67 
3 81 66 84 
3 89 76 90 
4 73 58 51 125 
3 69 70 113 
3 70 77 107 
3 115 56 44 
3 85 49 55 
3 111 77 122 
3 126 83 86 
3 136 85 61 
3 92 52 88 
3 98 87 72 
3 93 91 78 
3 94 78 114 
3 98 89 93 
4 127 35 87 97 
4 91 89 94 95 
3 96 93 90 
3 102 93 96 
3 95 94 105 
3 92 100 104 
3 101 88 91 
3 164 48 126 
3 97 101 116 
3 100 98 102 
3 101 95 103 
3 102 106 108 
3 97 143 133 
3 106 96 123 
3 103 105 124 
3 110 81 109 
3 103 129 132 
3 119 107 111 
3 113 107 118 
3 109 84 128 
3 148 44 117 
3 207 80 110 
3 120 90 115 
3 114 82 137 
3 100 195 141 
3 159 112 42 
3 190 110 119 
3 118 109 121 
3 171 123 114 
3 119 130 154 
3 84 71 131 
3 105 120 135 
3 106 135 187 
3 79 45 155 
3 99 85 136 
3 92 133 999 
3 111 131 139 
3 108 192 188 
3 121 144 152 
3 128 122 134 
3 108 198 168 
3 127 104 158 
3 131 75 146 
3 124 123 174 
3 138 126 86 
3 182 115 148 
3 170 136 74 
4 142 128 146 153 
3 163 38 160 
3 143 116 226 
3 150 139 179 
3 104 141 157 
3 145 130 149 
3 151 152 144 
3 139 134 155 
3 250 273 74 
3 156 137 112 
3 178 144 150 
3 149 142 177 
3 173 169 145 
3 154 130 145 
3 176 139 155 
3 166 121 152 
7 210 181 209 153 146 125 232 
3 189 148 290 
3 158 143 292 
3 133 157 382 
3 323 117 165 
3 284 140 162 
3 162 41 167 
3 222 160 161 
3 165 140 284 
3 167 99 170 
3 159 163 172 
3 190 154 169 
3 161 164 233 
3 132 193 215 
3 208 166 151 
3 233 164 138 
3 174 120 191 
3 245 165 316 
3 208 151 175 
3 135 171 186 
3 196 173 180 
3 185 179 153 
3 178 150 184 
4 206 180 149 177 
3 183 142 176 
3 196 175 178 
3 204 220 155 
3 191 137 189 
3 184 179 185 
3 214 177 183 
3 194 183 176 
3 187 174 191 
3 192 124 186 
3 129 197 203 
3 182 156 241 
3 267 118 166 
4 186 171 182 199 
3 129 187 197 
3 168 212 543 
3 227 223 185 
3 116 231 211 
3 213 175 180 
3 188 192 200 
3 132 203 302 
3 201 191 230 
3 197 202 205 
3 202 199 244 
3 200 201 306 
3 198 188 311 
3 216 181 210 
3 200 341 311 
3 217 178 214 
3 275 300 113 
3 243 169 173 
3 219 225 155 
3 256 204 155 
3 195 329 226 
4 193 248 283 474 
3 218 239 196 
3 235 206 184 
3 168 805 224 
3 265 272 204 
3 218 206 246 
3 252 213 217 
3 221 225 209 
3 247 221 181 
3 269 219 220 
3 352 355 162 
3 263 194 227 
3 229 215 299 
3 236 209 219 
3 141 211 292 
4 228 242 223 194 
3 236 234 227 
3 291 231 224 
3 240 199 241 
3 288 195 229 
2 836 155 
3 167 170 295 
3 254 228 237 
3 246 214 257 
3 238 228 225 
3 259 234 238 
3 237 236 258 
3 243 213 266 
3 244 230 364 
3 230 189 330 
3 249 227 251 
3 267 208 239 
3 306 201 240 
3 307 172 353 
3 262 217 235 
3 255 253 220 
3 212 302 297 
3 263 242 251 
3 294 147 314 
3 249 242 254 
3 266 218 270 
3 274 247 255 
3 260 251 234 
3 272 253 247 
3 265 210 836 
3 278 235 264 
3 259 238 269 
3 260 237 258 
3 261 254 259 
3 279 260 277 
3 276 246 268 
3 264 223 249 
3 257 263 281 
3 704 216 256 
3 289 239 252 
3 271 190 243 
3 286 262 278 
3 274 258 221 
3 293 252 276 
3 275 267 303 
3 672 255 216 
3 280 147 294 
3 277 269 253 
3 322 207 271 
3 282 270 262 
3 345 261 274 
3 268 257 321 
3 281 261 334 
3 350 295 273 
3 264 279 332 
3 293 276 285 
3 212 287 487 
3 316 163 160 
3 296 282 286 
3 304 285 268 
3 283 297 338 
3 329 231 291 
3 303 266 301 
3 317 156 315 
3 288 229 299 
3 157 226 820 
4 298 270 282 296 
3 273 250 367 
3 350 233 280 
3 293 285 305 
3 287 248 380 
3 301 293 308 
3 291 224 730 
3 325 314 207 
3 320 289 298 
3 248 198 380 
3 271 289 312 
3 309 286 324 
2 296 310 
3 202 244 344 
3 326 245 373 
3 298 318 327 
3 310 304 348 
3 313 305 309 
3 203 205 370 
3 319 303 320 
3 318 310 360 
3 250 300 337 
3 427 290 323 
3 172 284 355 
3 330 290 376 
3 308 313 371 
3 412 331 312 
3 414 312 301 
3 324 278 335 
3 328 275 331 
3 315 159 326 
3 336 304 321 
3 328 337 300 
3 451 323 307 
3 413 308 383 
3 379 325 322 
3 211 288 407 
3 364 241 317 
3 322 319 399 
3 333 281 334 
3 335 332 340 
3 332 279 343 
3 339 321 333 
3 348 324 342 
3 377 314 325 
3 287 374 761 
3 342 335 340 
3 339 333 347 
3 370 205 344 
3 336 339 354 
3 346 334 349 
3 341 306 400 
3 349 277 664 
3 347 343 465 
3 357 340 346 
3 360 309 336 
3 343 345 671 
3 351 295 280 
3 352 350 359 
3 366 222 351 
3 373 245 358 
3 398 342 356 
3 358 316 222 
3 401 354 357 
3 356 347 431 
3 353 355 366 
3 363 351 361 
3 362 313 348 
3 359 367 393 
3 371 360 384 
3 365 359 408 
3 425 240 330 
3 368 363 437 
3 372 358 352 
3 361 294 378 
3 375 369 365 
3 493 372 368 
3 311 341 385 
3 381 318 362 
3 450 366 369 
3 456 307 353 
3 338 397 516 
3 501 368 417 
3 475 317 404 
3 378 337 379 
3 390 367 377 
3 377 328 420 
3 297 302 387 
3 386 383 371 
3 158 965 999 
3 327 381 388 
3 386 362 395 
3 387 370 391 
3 389 381 384 
3 380 385 397 
3 415 383 389 
3 388 386 409 
3 393 378 394 
3 385 392 405 
3 402 391 396 
3 361 390 403 
3 390 423 422 
3 409 384 398 
3 392 400 491 
3 374 387 430 
3 421 395 354 
3 331 412 418 
3 396 344 434 
3 406 356 424 
3 405 392 507 
3 411 393 428 
3 376 427 481 
3 391 402 430 
4 443 438 432 401 
3 329 939 757 
3 363 410 426 
3 389 395 457 
3 426 408 411 
3 410 403 466 
3 399 319 416 
3 414 327 415 
3 416 320 413 
3 413 388 435 
3 419 412 414 
3 527 375 442 
3 420 399 419 
3 418 416 441 
3 423 379 418 
3 470 398 432 
3 394 445 429 
3 394 420 445 
3 401 440 436 
3 433 364 482 
3 408 410 447 
3 404 315 461 
3 403 429 467 
3 428 422 439 
3 397 405 506 
3 444 357 465 
3 453 421 406 
3 434 425 485 
3 400 433 526 
3 441 415 462 
3 454 424 464 
3 442 365 448 
3 453 406 443 
3 429 483 446 
3 424 444 673 
3 471 419 435 
3 417 437 452 
3 438 406 454 
3 440 431 685 
3 422 423 471 
3 476 439 473 
3 449 426 508 
3 437 449 455 
3 448 447 504 
3 517 492 372 
3 460 326 459 
3 442 458 463 
3 472 432 438 
3 443 436 468 
3 458 448 496 
3 459 373 479 
3 462 409 484 
3 452 455 469 
3 451 456 551 
3 461 451 477 
3 427 460 494 
3 435 457 503 
3 478 452 469 
3 468 436 678 
3 431 346 671 
3 411 467 495 
3 466 428 476 
3 454 464 584 
3 463 458 499 
3 484 421 480 
3 445 441 489 
3 480 453 520 
3 446 497 556 
3 212 486 525 
3 482 376 481 
3 502 467 446 
2 460 523 
3 509 463 488 
3 456 492 550 
3 524 470 472 
3 475 404 494 
3 485 425 475 
3 497 439 490 
3 510 457 470 
3 433 482 498 
3 474 487 762 
3 486 283 765 
3 478 505 537 
3 490 471 500 
3 483 489 521 
3 396 583 530 
3 479 450 531 
3 517 369 501 
3 481 461 519 
3 466 502 511 
3 499 455 512 
3 473 483 552 
3 526 485 514 
3 505 469 496 
3 489 513 571 
3 493 375 540 
3 495 476 587 
3 513 462 510 
3 512 449 528 
3 488 499 539 
3 516 430 533 
3 402 530 533 
3 447 511 522 
3 527 478 537 
3 503 484 524 
3 508 495 548 
3 496 504 541 
3 500 503 564 
3 498 515 612 
3 514 518 574 
3 374 506 603 
3 531 450 493 
3 515 519 529 
3 518 494 523 
3 472 584 621 
3 490 555 549 
3 528 508 548 
3 519 477 532 
3 564 510 480 
3 474 789 543 
3 434 498 604 
3 542 417 509 
3 504 522 566 
3 518 532 534 
3 507 491 582 
3 492 517 536 
3 529 523 538 
3 506 507 645 
3 529 535 558 
3 534 538 608 
3 561 531 540 
3 509 488 544 
3 535 532 569 
3 545 505 541 
3 536 501 542 
3 539 512 553 
3 547 540 527 
3 193 525 788 
3 546 537 545 
3 544 539 568 
3 575 547 544 
3 570 542 546 
3 522 511 587 
3 554 521 594 
3 551 479 561 
3 459 550 569 
3 557 497 565 
3 541 566 559 
3 560 549 597 
3 521 571 594 
3 591 473 562 
3 628 562 552 
3 534 590 577 
4 567 563 553 595 
3 565 554 592 
3 550 536 572 
3 591 556 557 
3 586 568 559 
3 513 524 614 
3 552 560 593 
3 553 528 589 
3 580 559 611 
3 578 545 563 
3 538 551 608 
3 572 547 573 
3 555 500 607 
3 561 570 613 
3 570 575 579 
3 515 577 622 
3 576 573 546 
3 579 575 585 
3 574 558 681 
3 600 581 568 
3 615 573 576 
3 586 567 617 
3 600 585 578 
3 530 583 645 
3 582 491 604 
3 520 468 690 
3 596 576 581 
3 606 563 580 
3 548 502 588 
3 589 587 601 
3 595 566 588 
3 558 635 674 
3 601 556 562 
3 602 560 599 
3 598 565 602 
3 549 555 605 
3 559 589 661 
2 619 585 
3 599 554 605 
3 648 593 638 
3 610 592 597 
3 609 581 578 
3 588 591 628 
3 632 593 592 
3 516 641 623 
3 583 526 654 
3 597 594 624 
3 609 586 633 
3 624 571 614 
3 535 569 646 
3 640 600 606 
3 616 626 599 
3 625 567 677 
3 514 662 643 
3 629 572 615 
3 607 564 621 
3 613 579 620 
3 630 610 634 
3 639 580 618 
3 627 617 625 
3 620 596 640 
3 631 615 619 
3 614 520 653 
3 574 686 655 
3 603 641 761 
3 636 605 607 
3 652 618 611 
3 632 610 637 
3 644 618 652 
3 601 557 647 
3 658 613 631 
3 637 616 642 
3 675 629 620 
3 638 602 626 
3 660 606 639 
3 642 616 636 
3 590 646 675 
3 634 624 649 
3 626 630 669 
3 670 598 632 
3 633 617 651 
3 691 619 609 
3 623 603 650 
3 689 630 634 
3 656 612 710 
3 651 627 680 
4 650 533 582 659 
3 635 608 658 
3 679 628 648 
3 647 598 670 
3 706 636 653 
3 641 645 665 
3 663 639 644 
3 627 625 696 
3 649 621 687 
3 657 604 656 
3 662 622 716 
3 654 643 752 
3 668 659 654 
3 646 629 675 
3 665 645 657 
3 682 633 666 
3 677 595 679 
3 612 655 701 
3 666 651 680 
3 683 345 667 
3 684 650 659 
3 708 660 663 
3 688 664 672 
3 756 684 657 
3 707 637 689 
3 729 648 638 
3 465 349 683 
3 667 272 711 
3 676 440 685 
3 681 590 713 
4 717 635 658 631 
3 678 673 699 
3 611 661 698 
3 692 464 676 
3 661 647 759 
3 663 644 715 
3 686 577 674 
3 691 660 703 
3 671 664 688 
3 761 665 668 
3 673 444 688 
3 622 681 719 
4 702 697 653 700 
4 695 685 683 667 
3 693 669 642 
3 700 584 692 
3 749 640 682 
3 690 678 699 
3 707 689 694 
3 731 693 706 
3 732 688 770 
3 715 652 698 
3 745 736 687 
4 714 696 677 746 
3 692 676 734 
3 712 687 690 
3 709 662 720 
3 718 687 712 
3 758 682 705 
3 711 265 769 
3 703 708 782 
3 694 649 738 
3 726 669 693 
3 705 666 776 
3 710 701 723 
3 643 709 727 
3 672 704 768 
3 702 700 725 
3 674 717 773 
3 724 698 722 
3 680 696 721 
3 720 655 719 
3 713 675 754 
3 801 702 725 
3 716 686 733 
3 744 701 716 
3 728 715 724 
3 714 741 739 
3 727 709 742 
3 721 714 748 
3 718 712 737 
3 729 707 731 
3 772 710 723 
3 747 721 753 
3 759 670 726 
3 299 807 815 
3 779 726 694 
3 735 695 775 
3 719 766 760 
3 740 699 735 
3 958 734 732 
3 750 738 697 
3 833 725 743 
3 778 706 736 
3 751 722 741 
3 871 743 734 
3 739 722 746 
3 723 744 792 
3 844 737 740 
3 755 742 720 
3 793 750 697 
3 741 698 797 
3 776 728 777 
3 753 724 751 
3 754 691 758 
3 826 736 745 
3 748 739 767 
3 787 656 772 
3 728 748 764 
3 717 749 780 
3 792 744 763 
2 761 668 
3 820 407 948 
3 749 703 791 
3 679 729 797 
3 763 733 804 
5 338 623 684 756 774 
3 486 765 790 
3 755 760 784 
3 771 753 767 
3 762 487 786 
3 733 773 806 
3 764 751 822 
3 770 711 769 
3 768 704 836 
3 781 695 768 
3 799 777 764 
3 838 752 727 
3 766 713 795 
3 761 787 786 
3 980 732 781 
3 708 747 782 
3 798 747 771 
3 817 779 738 
3 797 731 778 
3 803 754 783 
3 775 770 785 
3 705 776 798 
3 780 794 843 
3 904 763 808 
3 988 781 836 
3 765 774 809 
3 823 774 752 
3 800 543 789 
3 788 525 802 
3 796 762 809 
3 794 758 813 
3 897 742 755 
3 801 841 745 
3 783 791 831 
3 773 803 814 
3 802 790 852 
4 818 746 759 779 
3 813 782 777 
3 813 771 821 
3 816 788 811 
3 833 793 718 
3 811 789 796 
3 795 780 834 
3 812 760 810 
3 807 215 816 
3 810 766 814 
3 730 805 862 
3 832 784 812 
3 790 786 830 
3 804 806 855 
3 800 802 852 
3 808 804 860 
4 819 791 798 799 
3 806 795 834 
3 730 894 928 
3 805 800 849 
4 826 824 818 778 
3 822 797 817 
3 831 813 821 
3 292 757 984 
3 819 799 825 
3 825 767 818 
3 830 787 838 
3 829 817 827 
3 828 821 822 
3 827 817 750 
3 841 824 826 
3 835 825 829 
3 840 828 824 
3 863 809 823 
3 842 794 819 
3 907 808 867 
3 847 801 737 
3 814 803 845 
3 837 842 828 
5 998 785 769 256 232 
3 839 835 840 
3 900 823 772 
3 846 848 837 
3 850 837 829 
3 858 827 793 
3 843 831 835 
3 848 783 842 
3 882 879 743 
3 864 834 851 
3 853 839 850 
3 877 874 833 
3 854 843 839 
3 881 816 852 
3 858 846 840 
3 861 845 856 
4 849 811 796 863 
3 854 846 869 
3 857 848 853 
3 878 810 868 
3 859 851 857 
3 866 856 854 
3 874 850 841 
3 872 861 856 
3 865 812 873 
3 864 851 859 
3 891 807 881 
3 903 852 830 
3 868 845 861 
3 886 867 860 
3 872 857 870 
3 906 832 865 
3 855 864 876 
3 870 853 875 
3 883 866 869 
3 953 882 740 
3 880 859 866 
3 885 860 878 
4 875 858 847 877 
3 895 869 874 
3 884 868 880 
3 874 847 879 
3 873 855 888 
3 918 877 844 
3 876 872 883 
3 862 849 899 
3 887 844 871 
3 898 880 870 
3 890 888 876 
3 893 873 889 
3 901 865 893 
3 950 926 882 
3 889 878 884 
3 905 885 888 
3 910 909 884 
3 892 862 919 
3 937 894 891 
3 886 885 902 
3 928 815 892 
3 915 896 875 
3 927 898 895 
3 900 792 904 
3 910 883 896 
3 919 881 903 
3 945 838 897 
3 906 886 908 
3 908 893 905 
3 899 863 940 
3 897 784 907 
3 902 889 909 
3 914 867 901 
4 923 904 832 916 
3 901 902 911 
4 913 912 905 890 
3 913 890 898 
3 917 908 912 
3 920 911 909 
3 927 909 910 
3 916 906 917 
3 918 929 895 
3 925 907 914 
3 921 914 911 
3 926 915 879 
3 937 891 899 
3 933 921 912 
4 922 924 917 920 
2 933 921 
3 961 907 930 
3 934 932 921 
3 931 930 916 
3 950 918 887 
3 929 913 896 
3 815 894 936 
3 935 927 915 
3 941 923 925 
3 941 925 932 
3 938 931 924 
3 935 922 920 
3 954 938 924 
3 954 933 929 
3 942 928 944 
3 943 892 919 
3 960 932 934 
3 948 407 942 
3 946 903 945 
3 957 930 931 
3 939 936 947 
3 944 937 946 
3 947 936 943 
3 940 900 961 
3 943 940 967 
3 942 944 949 
3 757 939 963 
3 956 947 952 
3 951 926 887 
3 959 950 953 
3 949 974 962 
3 951 871 958 
3 955 934 935 
3 960 954 959 
3 973 963 949 
3 964 941 960 
3 980 953 735 
3 972 955 951 
4 968 957 938 955 
3 964 945 923 
3 966 952 975 
3 973 948 956 
3 967 961 957 
3 382 979 999 
3 971 962 969 
3 946 964 970 
3 970 960 972 
3 971 966 975 
3 974 967 968 
3 976 966 969 
3 968 959 980 
3 977 963 956 
3 952 970 978 
3 969 962 982 
3 977 971 989 
4 984 973 976 989 
3 982 974 981 
3 999 965 986 
4 983 972 958 775 
3 985 978 983 
3 993 975 978 
3 991 981 980 
3 986 820 977 
3 987 990 981 
3 999 979 984 
3 990 985 994 
3 998 992 785 
3 977 976 996 
3 997 985 987 
3 994 983 992 
3 995 991 988 
3 997 996 982 
3 995 987 991 
3 998 994 992 
3 999 989 993 
3 999 993 990 
4 999 995 988 836 
8 127 382 965 979 986 996 997 998 
