70
0 300 7034
1 400 7696
2 510 7934
3 806 4992
4 1216 5416
5 1392 4424
6 1424 3822
7 1998 4062
8 2062 5010
9 3952 5440
10 4820 1208
11 6146 8114
12 7218 3012
13 7674 4312
14 7832 4444
15 8006 3486
16 8018 4870
17 8086 7146
18 8184 3186
19 8200 4592
20 8254 3364
21 8332 3462
22 8612 2416
23 8684 4310
24 8790 1640
25 8890 7368
26 8910 5232
27 8942 6992
28 9140 6024
29 9274 4158
30 9434 3952
31 9574 2710
32 9788 4704
33 10514 4864
34 10540 6222
35 10772 6228
36 10864 6206
37 10986 4594
38 11010 3546
39 11040 3432
40 11086 2728
41 11344 5444
42 11504 5390
43 11596 5904
44 11912 4362
45 11934 3610
46 12006 3540
47 12154 6290
48 12170 3434
49 12496 4532
50 12766 4292
51 12774 436
52 12880 4958
53 13026 4082
54 13118 6916
55 13254 6554
56 13356 6664
57 13382 6516
58 13396 6710
59 13814 4260
60 14182 5290
61 14226 6558
62 14878 5778
63 14976 7318
64 15062 6046
65 15078 7188
66 15098 6322
67 15106 6540
68 15652 6588
69 15858 6382
4 1 3 4 9 
2 2 0 
2 11 1 
2 0 6 
3 0 5 8 
3 4 6 7 
3 5 3 10 
3 8 5 10 
3 4 7 12 
3 0 15 13 
4 24 7 6 51 
4 2 17 25 63 
3 18 8 22 
3 14 9 15 
3 19 16 13 
3 13 9 20 
4 26 17 14 19 
3 11 16 27 
3 20 12 31 
3 16 14 23 
3 21 15 18 
3 30 23 20 
3 31 12 24 
3 19 21 29 
3 22 10 51 
3 11 27 54 
3 28 16 32 
4 25 17 28 34 
3 34 27 26 
3 32 23 30 
3 29 21 38 
3 40 18 22 
3 33 26 29 
3 41 32 37 
3 35 27 28 
3 55 34 36 
3 47 35 43 
3 33 45 44 
3 45 30 39 
3 46 38 40 
3 39 31 51 
3 43 33 42 
3 41 49 52 
3 47 36 41 
3 37 48 50 
3 37 38 46 
3 45 39 48 
3 57 36 43 
4 53 44 46 51 
3 52 42 50 
3 49 44 53 
7 69 62 59 48 40 24 10 
3 60 42 49 
3 59 50 48 
3 63 25 58 
3 56 35 57 
3 58 55 61 
3 61 55 47 
3 65 54 56 
3 60 53 51 
3 62 52 59 
3 56 57 67 
3 64 60 51 
4 11 54 65 69 
3 69 66 62 
3 63 58 68 
3 69 67 64 
3 68 61 66 
3 65 67 69 
5 63 68 66 64 51 
