300
0 22 8308
1 310 7576
2 376 7230
3 392 5064
4 416 8212
5 472 7826
6 710 5264
7 778 5292
8 1120 7784
9 1324 7750
10 1406 8626
11 1460 7408
12 1470 3888
13 1634 3868
14 1764 4098
15 1900 8352
16 1954 3696
17 2006 3786
18 2044 3474
19 2104 3328
20 2174 6620
21 2344 3678
22 2372 3800
23 2534 3436
24 2712 3372
25 2758 6414
26 2990 8930
27 3460 5730
28 3570 5920
29 3624 5820
30 3628 3520
31 3874 3204
32 3940 2330
33 3964 3204
34 4170 6120
35 4212 1818
36 4306 9290
37 4912 4216
38 5262 3094
39 5284 3048
40 5380 4346
41 5470 9352
42 5570 6398
43 5622 5622
44 5660 7608
45 5714 5424
46 5720 5436
47 5750 5530
48 6082 8074
49 6160 6358
50 6194 8202
51 6238 3224
52 6250 3290
53 6296 7990
54 6306 7936
55 6386 3164
56 6416 3536
57 6418 8592
58 6522 3138
59 6542 3160
60 6650 8176
61 6660 3616
62 6740 3230
63 6814 8040
64 6832 8028
65 6938 6528
66 6946 8036
67 6988 660
68 7018 4740
69 7040 2988
70 7386 2130
71 7550 1460
72 7654 4450
73 7756 5270
74 7846 1798
75 7926 3482
76 7958 8474
77 7964 4224
78 7978 2730
79 8004 3334
80 8008 7808
81 8020 4144
82 8026 3476
83 8060 3462
84 8064 4382
85 8086 3504
86 8164 4356
87 8168 5988
88 8206 7464
89 8212 7462
90 8212 8670
91 8256 4456
92 8348 5896
93 8394 2214
94 8410 5912
95 8438 2420
96 8572 2648
97 8658 3268
98 8668 7214
99 8688 7926
100 8710 3288
101 8728 3524
102 8740 3170
103 8744 2488
104 8784 3768
105 8800 4090
106 9004 2512
107 9006 2580
108 9014 4518
109 9016 7278
110 9070 6992
111 9086 4512
112 9158 7046
113 9162 4204
114 9270 6954
115 9284 7068
116 9426 6158
117 9464 3700
118 9508 3312
119 9560 4876
120 9574 3982
121 9616 2648
122 9764 2690
123 9766 5688
124 9786 7030
125 9816 2700
126 9878 5974
127 9918 2606
128 9966 3992
129 10012 4918
130 10072 6514
131 10080 2438
132 10144 6042
133 10176 2524
134 10184 3250
135 10222 6854
136 10230 4156
137 10324 6474
138 10354 7336
139 10378 5164
140 10382 2638
141 10400 5614
142 10446 2662
143 10486 5780
144 10488 4882
145 10530 4072
146 10568 2906
147 10602 6352
148 10630 6646
149 10648 2676
150 10654 6834
151 10666 6200
152 10722 6588
153 10738 3338
154 10772 6182
155 10834 6114
156 10974 5104
157 11032 5058
158 11244 5648
159 11266 5222
160 11290 6050
161 11344 2704
162 11348 6010
163 11354 2780
164 11360 6514
165 11406 3282
166 11446 4870
167 11460 5672
168 11488 3902
169 11496 5464
170 11528 5056
171 11530 5590
172 11610 6246
173 11646 4128
174 11648 5904
175 11770 5304
176 11848 5388
177 11868 6250
178 11882 5402
179 11902 4762
180 11920 4958
181 11934 3622
182 11940 3088
183 11962 4724
184 11972 5522
185 12026 4328
186 12030 3834
187 12048 3766
188 12070 3850
189 12078 3290
190 12122 3410
191 12124 6210
192 12126 5536
193 12156 6088
194 12190 6492
195 12198 6158
196 12218 8444
197 12228 4594
198 12318 5448
199 12334 2692
200 12344 4716
201 12390 2232
202 12418 2018
203 12436 5298
204 12444 4164
205 12528 4046
206 12540 3158
207 12580 5964
208 12590 5892
209 12626 5796
210 12650 6030
211 12658 1424
212 12660 1532
213 12672 5042
214 12734 5776
215 12754 6670
216 12760 4274
217 12766 4278
218 12796 4180
219 12816 8106
220 12830 4912
221 12870 3616
222 12888 3166
223 12896 6568
224 12926 6922
225 12936 5966
226 12944 6458
227 12948 2100
228 12980 3598
229 13006 1960
230 13014 4480
231 13038 6136
232 13046 4124
233 13060 5642
234 13084 1572
235 13104 4298
236 13112 1564
237 13142 5850
238 13158 5604
239 13166 1516
240 13174 6202
241 13180 3758
242 13184 4430
243 13200 3446
244 13232 6682
245 13242 5548
246 13264 5574
247 13286 6500
248 13330 4140
249 13332 5786
250 13376 238
251 13392 6790
252 13448 4064
253 13448 4190
254 13466 3720
255 13482 5682
256 13490 3714
257 13518 4342
258 13546 4368
259 13562 9000
260 13586 3868
261 13626 6436
262 13822 5388
263 13954 6478
264 14024 5726
265 14116 5120
266 14202 4100
267 14214 5534
268 14234 5438
269 14240 5396
270 14250 4690
271 14252 6602
272 14264 5696
273 14274 5366
274 14534 4974
275 14544 5626
276 14544 5752
277 14550 5674
278 14672 6298
279 14698 6984
280 14700 5668
281 14704 5464
282 14726 5614
283 14742 7144
284 14780 5288
285 14782 5284
286 14952 5958
287 15240 5818
288 15250 5834
289 15342 7496
290 15416 6096
291 15430 6152
292 15504 8128
293 15630 7624
294 15736 6310
295 15762 6540
296 15856 6914
297 15876 6152
298 15906 6268
299 16980 7814
5 26 10 3 1 4 
3 5 0 2 
3 11 1 6 
3 6 0 12 
3 15 0 5 
3 4 1 8 
3 7 2 3 
3 20 6 14 
3 15 5 9 
3 8 11 44 
2 36 0 
3 9 2 20 
5 3 19 18 16 13 
3 14 12 17 
3 27 7 13 
3 26 4 8 
3 12 23 21 
3 22 13 21 
3 12 19 23 
3 18 12 35 
3 11 7 25 
3 17 16 33 
3 37 17 30 
3 16 18 24 
3 23 32 31 
4 20 27 28 34 
3 36 0 15 
3 29 25 14 
3 25 29 45 
3 28 27 40 
3 22 38 51 
3 33 24 32 
3 31 24 35 
4 21 31 71 39 
3 42 25 43 
3 32 19 67 
5 41 10 26 50 57 
3 40 22 52 
3 55 30 39 
3 38 33 70 
3 29 37 56 
2 36 259 
3 44 34 43 
3 42 34 47 
3 48 9 42 
3 46 28 61 
3 47 45 68 
3 49 43 46 
3 50 44 53 
3 54 47 72 
3 36 48 60 
3 52 30 55 
3 37 51 59 
3 63 48 54 
3 53 49 65 
3 51 38 58 
3 61 40 62 
3 90 36 60 
3 59 55 69 
3 62 52 58 
3 57 50 63 
3 45 56 79 
3 56 59 96 
3 60 53 64 
3 66 63 87 
3 54 77 73 
3 76 64 80 
3 71 35 250 
3 46 75 72 
3 58 70 78 
3 69 39 74 
3 74 33 67 
3 49 68 77 
3 87 65 84 
3 93 70 71 
3 68 79 82 
3 90 66 99 
3 65 72 81 
3 69 95 96 
3 75 61 122 
3 99 66 88 
3 84 77 85 
3 85 75 83 
3 82 102 97 
3 73 81 86 
3 101 81 82 
3 91 84 105 
3 64 73 92 
3 80 94 89 
3 88 98 109 
3 259 57 76 
3 108 92 86 
3 94 87 91 
3 131 95 74 
3 116 88 92 
3 103 78 93 
3 62 78 107 
3 100 83 102 
3 89 110 112 
3 196 76 80 
3 118 101 97 
3 104 85 100 
3 97 83 125 
3 106 107 95 
3 105 101 117 
3 113 86 104 
3 133 127 103 
3 121 96 103 
3 123 91 111 
3 138 89 115 
3 98 116 114 
3 119 108 113 
3 115 98 114 
3 111 105 120 
3 112 110 130 
3 109 112 124 
3 110 94 126 
3 120 104 118 
3 117 100 134 
3 129 123 111 
3 128 113 117 
3 122 107 127 
3 125 79 121 
3 126 108 119 
3 138 115 135 
3 102 122 142 
3 132 116 123 
3 140 121 106 
3 136 120 134 
3 139 119 136 
3 114 132 137 
3 133 93 211 
3 130 126 141 
3 140 106 131 
3 128 118 146 
3 124 148 150 
3 129 128 145 
3 152 130 147 
3 219 109 124 
3 141 129 144 
3 142 127 133 
3 143 132 139 
3 149 125 140 
3 155 151 141 
3 156 139 145 
3 144 136 153 
3 153 134 149 
3 164 137 151 
3 150 135 152 
3 161 146 142 
3 224 135 148 
3 147 143 154 
3 148 137 164 
3 145 146 165 
3 172 151 155 
3 154 143 160 
3 158 144 157 
3 159 156 168 
3 167 162 156 
3 169 157 166 
3 177 155 162 
3 163 149 202 
4 191 160 158 174 
3 182 165 161 
3 152 147 194 
3 168 153 163 
3 170 159 173 
3 174 158 171 
3 173 157 165 
3 171 159 170 
3 175 169 166 
3 167 169 176 
3 177 194 154 
3 166 168 181 
3 193 162 167 
3 176 170 179 
3 178 171 175 
3 223 172 160 
3 184 176 180 
3 180 175 186 
3 178 179 183 
3 186 173 182 
4 189 181 163 201 
3 180 185 197 
3 192 193 178 
3 197 183 188 
3 179 181 187 
3 188 186 190 
3 204 185 187 
3 190 182 199 
3 205 187 189 
3 226 162 195 
3 207 184 198 
3 195 174 184 
3 215 164 172 
3 191 193 210 
3 259 99 219 
3 200 183 185 
3 208 192 203 
3 206 189 201 
3 203 197 204 
3 199 182 202 
3 201 161 212 
3 198 200 213 
3 200 188 205 
3 216 204 190 
3 221 218 199 
3 210 192 208 
3 207 198 209 
3 208 213 214 
3 231 195 207 
5 234 227 212 131 250 
3 222 202 211 
3 209 203 216 
3 225 209 220 
3 251 224 194 
3 217 213 205 
3 220 216 218 
3 230 217 206 
3 292 196 138 
3 233 214 217 
3 232 206 222 
3 228 221 212 
3 244 177 226 
3 289 150 215 
3 231 214 233 
3 247 223 191 
3 243 211 229 
3 241 232 222 
3 256 227 234 
3 238 218 235 
3 240 210 225 
3 235 221 228 
3 237 225 220 
3 229 211 236 
3 242 230 232 
3 266 234 239 
3 240 233 238 
3 237 230 245 
3 297 236 250 
4 261 231 237 249 
3 248 228 243 
3 245 235 248 
3 254 241 227 
3 251 223 247 
3 246 238 242 
3 249 245 253 
3 244 226 261 
3 242 241 252 
3 240 246 255 
4 299 239 211 67 
3 283 215 244 
3 253 248 254 
3 257 246 252 
3 252 243 256 
3 264 249 262 
3 260 254 229 
3 258 262 253 
3 265 257 260 
5 41 90 196 292 299 
3 270 258 256 
3 263 247 240 
3 269 255 257 
3 271 261 264 
3 263 255 267 
3 273 258 270 
3 287 274 236 
3 272 264 268 
3 275 267 269 
3 268 262 273 
3 274 265 260 
3 279 263 272 
3 276 271 267 
3 269 265 284 
3 285 270 266 
3 277 268 281 
3 278 272 277 
3 276 275 280 
3 279 276 286 
3 283 271 278 
3 286 277 282 
3 282 275 284 
3 288 280 281 
3 289 251 279 
3 281 273 285 
3 287 284 274 
3 291 278 280 
3 288 285 266 
3 290 282 287 
3 293 224 283 
3 294 291 288 
3 295 286 290 
4 259 219 293 299 
3 292 289 296 
3 295 290 298 
3 296 291 294 
3 299 293 295 
3 299 298 239 
3 299 294 297 
6 259 292 296 298 297 250 
