100
0 282 6698
1 590 7980
2 624 4740
3 1324 4564
4 1468 4428
5 1892 4232
6 2338 3634
7 2886 8022
8 3494 6518
9 3572 5708
10 3588 5770
11 3946 9296
12 4284 3446
13 4450 1530
14 4690 5520
15 5228 4122
16 5276 3136
17 5352 3064
18 5620 6684
19 5646 1908
20 5676 5520
21 5716 5660
22 5742 5432
23 6184 1264
24 6518 8492
25 6898 4956
26 7278 458
27 7340 3600
28 7698 5844
29 7900 4160
30 7978 4148
31 7984 1918
32 8620 2510
33 8724 2502
34 8820 5444
35 8942 5126
36 9076 3270
37 9194 7068
38 9396 3148
39 9438 4002
40 9482 6322
41 9590 2628
42 9598 2546
43 9734 5854
44 9778 6474
45 9900 2896
46 10006 3586
47 10204 4530
48 10618 6890
49 10642 5294
50 10702 3592
51 10726 2680
52 10750 6512
53 10778 6938
54 10834 2878
55 10910 4948
56 10972 4714
57 10992 2712
58 11290 4342
59 11306 3582
60 11306 4294
61 11378 4654
62 11500 6462
63 12086 286
64 12134 6050
65 12142 6044
66 12154 6408
67 12194 4824
68 12222 2922
69 12426 5554
70 12484 2478
71 12548 1916
72 12594 1956
73 12618 4024
74 12674 5046
75 12768 2018
76 12794 2504
77 12856 4100
78 13012 1984
79 13014 4106
80 13018 5234
81 13138 6888
82 13150 3468
83 13164 1620
84 13472 4098
85 13478 3900
86 13646 4274
87 13854 5804
88 13976 4810
89 14040 5266
90 14114 5270
91 14180 5622
92 14304 5664
93 14386 6482
94 14506 5702
95 14640 6538
96 14714 6346
97 14948 6016
98 15004 5642
99 15164 5830
3 1 2 8 
3 7 11 0 
3 0 13 3 
3 9 2 4 
4 3 13 6 5 
3 4 6 12 
3 5 4 13 
3 11 1 37 
3 18 0 10 
3 10 3 14 
3 8 9 21 
4 1 7 24 95 
3 5 19 16 
5 6 4 2 26 23 
3 20 9 15 
3 22 14 16 
3 15 12 17 
3 27 16 19 
3 37 8 44 
3 17 12 23 
3 21 14 22 
3 28 10 20 
3 20 15 25 
6 31 33 32 19 13 63 
3 11 53 81 
3 35 22 29 
2 13 63 
3 29 17 36 
3 40 21 34 
3 25 27 30 
3 29 36 39 
3 51 42 23 
3 38 23 33 
3 41 32 23 
3 43 28 35 
3 34 25 47 
3 30 27 38 
3 7 18 48 
3 46 36 32 
3 47 30 46 
3 44 28 43 
3 45 33 42 
3 51 41 31 
3 40 34 49 
3 52 18 40 
3 50 41 54 
3 58 39 38 
3 56 35 39 
3 53 37 52 
3 64 43 55 
3 60 45 59 
3 57 42 31 
3 48 44 62 
3 24 48 81 
3 59 45 57 
3 69 49 56 
3 55 47 61 
3 54 51 71 
3 61 46 60 
4 73 50 54 68 
3 67 58 50 
3 67 56 58 
3 95 52 66 
4 83 71 23 26 
3 66 49 65 
3 64 69 87 
3 93 62 64 
4 74 61 60 73 
3 82 59 70 
3 65 55 80 
3 76 68 72 
3 72 57 63 
3 75 70 71 
3 77 67 59 
3 80 67 77 
3 76 72 78 
3 82 70 75 
3 79 74 73 
3 85 75 83 
3 89 77 84 
3 89 69 74 
3 24 53 95 
3 85 68 76 
4 99 98 78 63 
3 86 79 85 
4 86 84 82 78 
3 88 84 85 
3 93 65 91 
3 98 90 86 
3 90 80 79 
4 94 91 89 88 
3 92 87 90 
3 94 96 91 
3 95 66 87 
3 97 92 90 
6 11 81 62 93 96 99 
3 95 92 97 
3 96 94 99 
3 99 88 83 
4 95 97 98 83 
