200
0 278 8258
1 414 7220
2 466 5042
3 500 4932
4 560 7944
5 566 7926
6 658 6230
7 880 5146
8 1076 4026
9 1246 5418
10 1262 4514
11 1266 4628
12 1450 4294
13 1666 3726
14 1806 3702
15 2082 3322
16 2214 5608
17 2372 4136
18 2572 9488
19 2578 4382
20 2642 4340
21 2962 7858
22 3042 8830
23 3084 3378
24 3176 8862
25 3612 5862
26 3628 5772
27 3634 5114
28 3724 3522
29 4244 5652
30 4846 2402
31 4870 3226
32 5156 2532
33 5238 3078
34 5518 4476
35 6260 8078
36 6276 3288
37 6280 698
38 6386 9142
39 6398 7888
40 6476 3952
41 6490 8058
42 6532 8266
43 6692 8394
44 6942 210
45 6970 5876
46 7074 4198
47 7226 4690
48 7378 1788
49 7434 2852
50 7638 2092
51 7656 3990
52 7660 3958
53 7698 4250
54 7740 3700
55 7860 3370
56 7990 3484
57 8116 4180
58 8212 3252
59 8406 4434
60 8438 5082
61 8440 2492
62 8564 2678
63 8646 2642
64 8680 2298
65 8698 3466
66 8702 4332
67 8762 5464
68 8796 5326
69 8840 7606
70 8860 4170
71 8916 7232
72 8952 4432
73 9026 2614
74 9160 7068
75 9240 8750
76 9316 6660
77 9372 5244
78 9380 4964
79 9518 7574
80 9524 6886
81 9544 7176
82 9544 7572
83 9718 6076
84 9860 5034
85 9984 2474
86 10016 4300
87 10112 3214
88 10118 5474
89 10186 3964
90 10208 4598
91 10230 7354
92 10284 4050
93 10294 5798
94 10406 6390
95 10464 3324
96 10474 5118
97 10580 3290
98 10642 6484
99 10648 7148
100 10676 6138
101 10684 6520
102 10734 5172
103 10782 6198
104 10842 2742
105 10844 3660
106 10866 6106
107 11000 6058
108 11016 5980
109 11068 5254
110 11082 4252
111 11138 3586
112 11210 5464
113 11218 3114
114 11246 5538
115 11272 4386
116 11320 3316
117 11348 6044
118 11394 5492
119 11404 5542
120 11610 4474
121 11738 6506
122 11744 3692
123 11820 5328
124 11864 7276
125 11890 4970
126 11894 3704
127 11920 3632
128 11938 6658
129 12012 4638
130 12046 6548
131 12052 3742
132 12072 6290
133 12074 2904
134 12100 6112
135 12126 6132
136 12146 2994
137 12162 2920
138 12182 4702
139 12194 6230
140 12204 3754
141 12206 6442
142 12230 3490
143 12248 6266
144 12304 6362
145 12378 5994
146 12414 5122
147 12416 4218
148 12450 4522
149 12458 5594
150 12464 406
151 12612 5520
152 12628 2924
153 12642 2590
154 12690 6018
155 12700 2702
156 12744 4946
157 12768 5784
158 12778 2080
159 12796 2506
160 12892 3766
161 12970 4150
162 13002 4092
163 13018 4210
164 13020 4518
165 13054 1076
166 13080 1830
167 13088 3482
168 13090 6508
169 13102 1426
170 13106 1310
171 13294 6584
172 13296 3786
173 13532 4110
174 13614 6468
175 13984 4758
176 14066 5558
177 14108 5624
178 14112 5114
179 14118 6444
180 14130 4034
181 14318 5544
182 14376 6830
183 14610 5674
184 14664 5388
185 14930 5460
186 14986 5772
187 15076 6266
188 15076 7370
189 15086 6092
190 15370 6016
191 15604 6000
192 15640 6218
193 15714 6178
194 15768 6288
195 15780 6234
196 15854 6122
197 15932 6320
198 16016 5992
199 16026 6036
5 22 18 2 1 4 
3 0 2 6 
3 1 0 3 
3 7 2 8 
3 0 5 21 
3 4 6 16 
4 5 1 7 9 
3 6 3 10 
3 3 15 13 
3 16 6 11 
4 11 7 13 12 
4 27 9 10 19 
3 10 14 17 
4 10 8 37 14 
3 12 13 23 
2 8 44 
4 26 5 9 27 
3 20 12 28 
3 0 24 38 
3 34 11 20 
3 19 17 40 
3 22 4 25 
3 24 0 21 
3 28 14 30 
3 18 22 35 
3 45 21 26 
3 25 16 29 
3 16 11 34 
3 17 23 31 
3 26 47 60 
3 32 23 37 
3 36 28 33 
3 33 30 50 
3 31 32 49 
3 27 19 46 
3 42 24 39 
3 55 31 49 
4 48 30 13 44 
3 18 43 75 
3 41 35 45 
3 52 20 54 
3 42 39 71 
3 43 35 41 
4 38 42 69 79 
3 150 37 15 
3 39 25 67 
3 53 34 51 
3 29 53 59 
3 64 50 37 
3 36 33 62 
3 61 32 48 
3 57 46 52 
3 51 40 54 
3 47 46 57 
3 52 40 56 
3 56 36 58 
3 54 55 65 
3 53 51 70 
3 65 55 62 
3 60 47 66 
3 68 29 59 
3 73 63 50 
3 58 49 63 
3 87 62 61 
3 85 73 48 
3 89 56 58 
3 72 59 70 
3 76 45 68 
3 67 60 77 
3 43 81 79 
3 66 57 92 
3 41 74 81 
3 78 66 86 
3 97 61 64 
3 71 76 80 
3 38 82 188 
3 74 67 83 
3 83 68 78 
3 84 77 72 
3 43 69 82 
3 74 94 98 
3 69 71 101 
3 75 79 91 
3 76 77 93 
3 96 88 78 
3 104 64 158 
3 90 72 92 
3 95 105 63 
3 108 93 84 
3 110 92 65 
3 102 96 86 
3 82 99 124 
4 115 86 70 89 
3 100 83 88 
3 80 100 103 
3 111 87 97 
3 102 84 90 
3 116 95 73 
3 101 80 103 
3 91 121 128 
3 94 93 106 
3 81 98 132 
3 109 96 90 
3 98 94 106 
3 133 113 85 
3 110 87 111 
3 103 100 107 
3 106 108 117 
3 107 88 114 
3 112 102 125 
3 120 89 105 
3 122 105 95 
3 118 114 109 
3 116 104 136 
3 119 108 112 
3 120 129 92 
3 127 97 113 
3 134 107 145 
3 119 112 123 
3 149 114 118 
3 129 115 110 
3 130 99 132 
3 126 147 111 
3 118 125 146 
3 188 91 128 
3 123 109 138 
3 131 122 127 
3 126 116 142 
3 124 99 130 
3 138 115 120 
3 128 121 141 
3 140 161 126 
3 121 101 139 
3 137 104 153 
3 135 117 154 
3 187 139 134 
3 142 113 137 
3 152 136 133 
3 125 129 148 
3 143 132 135 
3 160 162 131 
3 171 130 144 
3 160 127 136 
3 174 144 139 
3 168 141 143 
3 154 117 157 
3 151 123 156 
3 164 148 122 
3 156 138 147 
3 157 119 151 
2 165 44 
3 177 149 146 
3 167 137 155 
3 155 133 158 
3 192 134 145 
3 152 153 159 
3 176 146 148 
3 189 145 149 
3 153 85 170 
3 167 155 166 
3 172 140 142 
3 163 131 162 
3 173 161 140 
3 178 164 161 
3 178 147 163 
3 198 170 150 
3 180 159 169 
3 172 152 159 
3 171 144 174 
3 191 166 170 
4 196 169 158 165 
3 182 141 168 
3 180 160 167 
3 175 162 180 
3 168 143 179 
3 184 178 173 
3 177 156 181 
3 189 151 176 
4 181 164 163 175 
3 182 174 187 
4 185 173 172 166 
3 183 176 178 
3 188 171 179 
3 186 190 181 
3 185 186 175 
3 191 184 180 
3 190 183 184 
3 194 179 135 
4 75 124 182 197 
3 192 157 177 
3 193 183 186 
3 193 185 169 
3 195 154 189 
3 195 190 191 
3 197 187 195 
4 194 192 193 196 
3 195 170 199 
3 188 194 199 
2 199 165 
3 197 196 198 
