2000
0 90 16604
1 298 16182
2 354 14804
3 370 13012
4 380 16162
5 436 15348
6 488 16958
7 490 13674
8 524 16554
9 530 16716
10 540 16960
11 562 14052
12 580 13550
13 624 15336
14 626 15366
15 642 14044
16 648 15102
17 654 16670
18 658 14420
19 662 12572
20 708 14404
21 752 14434
22 764 15308
23 818 16228
24 830 10068
25 840 16658
26 842 9914
27 866 15436
28 876 15454
29 886 14220
30 888 9784
31 892 16496
32 894 15646
33 958 9670
34 968 9660
35 974 9906
36 986 11426
37 996 15554
38 998 14448
39 1002 15496
40 1008 9644
41 1008 16210
42 1012 9640
43 1020 15722
44 1058 9646
45 1064 15688
46 1070 15730
47 1072 15570
48 1076 10960
49 1088 16044
50 1094 15660
51 1100 15852
52 1110 10062
53 1124 15536
54 1130 9920
55 1134 9558
56 1172 9850
57 1188 9828
58 1194 12204
59 1198 15534
60 1202 10620
61 1310 9114
62 1314 12460
63 1336 16630
64 1372 13204
65 1388 9888
66 1426 10344
67 1486 10290
68 1518 10344
69 1522 13416
70 1600 10082
71 1634 10436
72 1662 11296
73 1776 10318
74 1796 9626
75 1806 9494
76 1872 9738
77 1880 9602
78 1952 14534
79 1956 9648
80 1980 8222
81 2026 7902
82 2062 8138
83 2072 11364
84 2102 9228
85 2160 17536
86 2166 15056
87 2246 9898
88 2352 9276
89 2452 15950
90 2498 10820
91 2510 14836
92 2548 16972
93 2588 9216
94 2620 15052
95 2626 8250
96 2632 9222
97 2676 8422
98 2702 8206
99 2760 8468
100 2778 17068
101 2824 7712
102 2828 14922
103 2830 8926
104 2848 8416
105 2878 17248
106 2886 14636
107 2914 8756
108 2922 14822
109 2934 14846
110 2936 8364
111 2948 8756
112 2972 8282
113 2974 8418
114 2996 15906
115 3150 7590
116 3186 8010
117 3268 7686
118 3274 7622
119 3296 7710
120 3382 7634
121 3384 7356
122 3398 7822
123 3440 7598
124 3470 7356
125 3472 7956
126 3474 7642
127 3506 15704
128 3526 7368
129 3556 7422
130 3614 7330
131 3618 7624
132 3652 7296
133 3688 7876
134 3756 7528
135 3788 7278
136 3792 15700
137 3808 7242
138 3816 16694
139 3822 7434
140 3842 7588
141 3854 8122
142 3856 7400
143 3862 15638
144 3868 7458
145 3872 7532
146 3886 7762
147 3896 15672
148 3910 7624
149 3918 15772
150 3956 7520
151 3984 7576
152 4008 7268
153 4022 7502
154 4046 7072
155 4052 9746
156 4078 6814
157 4092 7308
158 4096 7230
159 4104 7022
160 4114 7260
161 4118 11420
162 4130 7222
163 4146 6612
164 4170 6676
165 4198 6554
166 4198 14984
167 4200 13454
168 4210 6640
169 4238 6764
170 4260 15526
171 4266 15804
172 4320 18960
173 4330 18960
174 4416 8280
175 4474 7430
176 4474 15516
177 4496 15390
178 4504 7506
179 4562 13244
180 4594 14750
181 4642 17400
182 4724 12302
183 4808 8818
184 4810 5524
185 5052 6914
186 5092 6904
187 5124 8436
188 5256 15206
189 5260 6556
190 5298 8810
191 5332 8846
192 5348 18712
193 5364 6618
194 5376 8804
195 5386 8732
196 5414 18564
197 5718 19182
198 5772 18516
199 5798 17740
200 5816 18514
201 5818 7792
202 5846 8478
203 5880 17740
204 5880 17800
205 5886 17752
206 5914 17880
207 5944 18514
208 5966 18520
209 5982 18308
210 5990 17830
211 5994 17940
212 5996 6776
213 6120 12676
214 6142 12634
215 6168 18464
216 6174 19202
217 6218 18204
218 6240 5920
219 6284 19086
220 6296 18528
221 6334 18922
222 6342 8446
223 6360 19116
224 6384 19186
225 6446 18418
226 6552 19228
227 6566 9758
228 6666 16828
229 6676 16922
230 6678 16762
231 6722 6242
232 6754 6852
233 6774 19128
234 6776 18516
235 6828 14244
236 6942 7302
237 6974 7214
238 6974 7320
239 6984 11420
240 7042 7844
241 7058 19060
242 7068 7212
243 7144 16610
244 7146 7308
245 7178 7138
246 7188 11746
247 7192 7044
248 7204 11360
249 7206 7382
250 7228 7394
251 7246 10870
252 7248 6976
253 7248 7092
254 7284 7290
255 7290 18792
256 7318 7036
257 7350 17442
258 7372 12710
259 7388 11300
260 7390 7060
261 7422 11230
262 7468 7016
263 7494 7174
264 7668 5384
265 7726 7084
266 7804 6244
267 7846 17048
268 7852 6402
269 7854 12010
270 7860 7188
271 7892 18808
272 7952 6392
273 8086 9050
274 8188 11216
275 8198 11328
276 8346 19124
277 8458 11314
278 8458 18346
279 8520 5112
280 8556 922
281 8572 952
282 8638 11376
283 8668 5912
284 8710 5920
285 8740 18360
286 8750 19088
287 8808 5058
288 8848 3816
289 8966 8566
290 8986 2578
291 9060 10096
292 9122 17152
293 9134 19032
294 9158 11746
295 9180 15918
296 9258 10542
297 9510 14534
298 9512 2180
299 9550 9192
300 9554 8336
301 9694 4132
302 9950 4088
303 10018 1908
304 10058 17374
305 10216 13988
306 10248 7562
307 10266 18814
308 10268 4152
309 10330 8020
310 10360 18410
311 10386 18306
312 10400 8126
313 10410 6236
314 10420 18314
315 10422 8142
316 10430 8230
317 10432 6172
318 10440 6242
319 10482 18532
320 10542 18392
321 10560 6098
322 10568 10906
323 10604 6064
324 10610 6262
325 10616 18712
326 10636 6100
327 10668 4346
328 10686 10738
329 10700 10746
330 10734 8698
331 10790 8100
332 10806 9420
333 10938 19072
334 10964 18708
335 10990 1298
336 11068 17356
337 11076 13682
338 11252 10956
339 11280 10192
340 11284 6282
341 11312 10174
342 11316 10888
343 11352 11360
344 11366 11126
345 11372 10940
346 11414 11146
347 11422 10866
348 11430 8994
349 11432 10840
350 11470 10782
351 11506 10552
352 11516 10954
353 11520 10914
354 11532 10826
355 11536 11208
356 11568 10468
357 11596 10324
358 11606 8088
359 11616 11372
360 11624 536
361 11632 11236
362 11716 10722
363 11756 11328
364 11764 11688
365 11812 11418
366 11814 12268
367 11884 15312
368 11892 940
369 11898 15730
370 11980 6180
371 11984 18820
372 12002 19144
373 12058 15932
374 12072 16000
375 12086 16006
376 12094 16006
377 12130 18274
378 12182 15842
379 12192 6374
380 12194 16002
381 12220 19092
382 12222 5756
383 12234 6146
384 12244 15896
385 12270 16436
386 12290 2528
387 12296 15960
388 12302 6510
389 12310 16142
390 12330 14738
391 12358 5876
392 12364 6602
393 12372 2416
394 12378 16166
395 12396 2534
396 12396 16258
397 12424 2576
398 12452 15690
399 12452 18066
400 12488 16186
401 12512 15960
402 12576 6276
403 12576 16156
404 12594 11856
405 12626 2330
406 12642 16876
407 12702 15348
408 12708 16318
409 12720 15746
410 12762 15494
411 12768 15674
412 12768 15986
413 12798 16702
414 12806 6744
415 12806 15926
416 12814 6730
417 12818 17188
418 12820 6152
419 12828 5994
420 12828 15758
421 12842 6312
422 12876 15768
423 12888 15926
424 12900 812
425 12902 15748
426 12904 15948
427 12916 16714
428 12922 8030
429 12970 7252
430 13004 15946
431 13032 17008
432 13092 7400
433 13126 15890
434 13250 8160
435 13250 8200
436 13262 8116
437 13270 17502
438 13336 7236
439 13342 7622
440 13350 7638
441 13354 6276
442 13396 8278
443 13476 18282
444 13550 3212
445 13568 450
446 13620 3704
447 13630 3272
448 13740 16852
449 13758 15974
450 13778 17378
451 13782 15484
452 13812 454
453 13842 2438
454 13862 352
455 13862 6886
456 13940 4190
457 13988 18760
458 14034 17388
459 14110 10210
460 14126 5960
461 14184 2506
462 14188 13728
463 14250 14884
464 14286 644
465 14288 5950
466 14306 2372
467 14306 2586
468 14380 2442
469 14398 17042
470 14400 4088
471 14404 2336
472 14404 7144
473 14404 11628
474 14416 17022
475 14488 2450
476 14500 16410
477 14520 4106
478 14594 6568
479 14660 6712
480 14738 8982
481 14810 4222
482 14822 4252
483 14882 8324
484 14908 7896
485 14924 4460
486 14988 10674
487 14996 4196
488 15012 6114
489 15076 3780
490 15084 2964
491 15110 6568
492 15148 4778
493 15214 4774
494 15226 4838
495 15228 4774
496 15232 8752
497 15248 8750
498 15282 7482
499 15286 7882
500 15292 9270
501 15320 2898
502 15340 18162
503 15360 9170
504 15374 4718
505 15384 4754
506 15396 2760
507 15396 9292
508 15414 4360
509 15440 8982
510 15444 6456
511 15446 8132
512 15470 7412
513 15474 2798
514 15486 7966
515 15492 13748
516 15524 3542
517 15544 16166
518 15546 4452
519 15572 3788
520 15574 9984
521 15586 7810
522 15588 4446
523 15600 4900
524 15602 5762
525 15604 8480
526 15612 4362
527 15624 16604
528 15628 566
529 15628 5370
530 15630 5292
531 15632 5310
532 15636 8976
533 15648 2808
534 15660 5092
535 15674 470
536 15690 4450
537 15696 6806
538 15706 3886
539 15710 496
540 15714 2864
541 15716 5448
542 15716 6622
543 15726 2592
544 15730 500
545 15736 6762
546 15758 5280
547 15758 8470
548 15764 5502
549 15772 2758
550 15774 7142
551 15778 6890
552 15780 2802
553 15802 2750
554 15806 9552
555 15808 5476
556 15810 6874
557 15812 2634
558 15814 8374
559 15838 2840
560 15838 4594
561 15840 6194
562 15878 2730
563 15908 8402
564 15920 11612
565 15924 11656
566 15934 12846
567 15946 6960
568 15966 12848
569 15970 8142
570 15980 6326
571 15982 8492
572 15996 8368
573 16014 17198
574 16028 6574
575 16034 4736
576 16036 6676
577 16056 6834
578 16066 17112
579 16072 6568
580 16076 16268
581 16078 6086
582 16090 17014
583 16092 6086
584 16100 4866
585 16100 15868
586 16102 6764
587 16118 6730
588 16128 14872
589 16152 3918
590 16152 8352
591 16164 8808
592 16178 4432
593 16178 6778
594 16208 7666
595 16216 17060
596 16224 17060
597 16248 15830
598 16268 8294
599 16272 15192
600 16274 5078
601 16304 15652
602 16306 16050
603 16312 7070
604 16326 16036
605 16328 16056
606 16342 6992
607 16342 13306
608 16362 8686
609 16364 6690
610 16366 7206
611 16372 6792
612 16372 6816
613 16384 10604
614 16388 7428
615 16398 11202
616 16400 6794
617 16444 14252
618 16462 7194
619 16484 6930
620 16492 11976
621 16498 12060
622 16500 6746
623 16522 14304
624 16532 6766
625 16572 7448
626 16606 13528
627 16628 6906
628 16648 11860
629 16650 12456
630 16674 11344
631 16708 14890
632 16716 6746
633 16716 8756
634 16732 8754
635 16760 6206
636 16784 14230
637 16788 6464
638 16798 15810
639 16808 8938
640 16826 15510
641 16862 15386
642 16866 6436
643 16874 6108
644 16890 4750
645 16902 6446
646 16902 8710
647 16906 5120
648 16940 16418
649 16990 5016
650 16994 4580
651 17000 16538
652 17020 5182
653 17024 5382
654 17026 13298
655 17040 14698
656 17056 4502
657 17070 12880
658 17098 5268
659 17098 7312
660 17104 8276
661 17114 8550
662 17132 5900
663 17156 5630
664 17166 4824
665 17174 16498
666 17178 14516
667 17180 5132
668 17224 5180
669 17236 8874
670 17304 5260
671 17318 5040
672 17324 10870
673 17332 6666
674 17398 4938
675 17402 14262
676 17412 14258
677 17416 7020
678 17422 4842
679 17432 4784
680 17434 9142
681 17434 14240
682 17492 11320
683 17508 8844
684 17514 10542
685 17514 13494
686 17532 6600
687 17558 10964
688 17578 4980
689 17590 10450
690 17598 12754
691 17600 10694
692 17610 6102
693 17610 10502
694 17628 12614
695 17676 10562
696 17684 15354
697 17710 10526
698 17726 8916
699 17730 10490
700 17756 8372
701 17764 5008
702 17774 14506
703 17780 16978
704 17784 10286
705 17784 13674
706 17794 8740
707 17818 13550
708 17838 8990
709 17840 10590
710 17854 5182
711 17856 12340
712 17862 9006
713 17870 8882
714 17874 8890
715 17876 14482
716 17878 14510
717 17884 8710
718 17898 6188
719 17902 5096
720 17910 12340
721 17920 13310
722 17948 7106
723 17960 5138
724 17972 5070
725 17972 7180
726 17998 4600
727 18002 12602
728 18004 9266
729 18028 6478
730 18034 11464
731 18046 13204
732 18108 10150
733 18112 14010
734 18112 17762
735 18118 12072
736 18144 6668
737 18148 12068
738 18162 10564
739 18182 6130
740 18188 5202
741 18220 12062
742 18228 9090
743 18228 14148
744 18230 11170
745 18242 13946
746 18276 13178
747 18294 6150
748 18298 7134
749 18302 14142
750 18318 9338
751 18326 13982
752 18356 14066
753 18358 9692
754 18366 9162
755 18394 5816
756 18412 6640
757 18414 9132
758 18418 5232
759 18430 9278
760 18436 14052
761 18436 14092
762 18440 13510
763 18440 14092
764 18450 13586
765 18474 14198
766 18476 14172
767 18482 8170
768 18498 9534
769 18506 13956
770 18506 13994
771 18510 5128
772 18514 13948
773 18516 14020
774 18528 9698
775 18550 14048
776 18554 8348
777 18560 6644
778 18564 14074
779 18570 13944
780 18578 8906
781 18588 14336
782 18606 10182
783 18606 14434
784 18644 14128
785 18650 11968
786 18670 11554
787 18732 9974
788 18774 6624
789 18782 14188
790 18796 5284
791 18820 7018
792 18846 12312
793 18862 8276
794 18864 8614
795 18884 5910
796 18912 7890
797 18916 5394
798 18924 13492
799 18936 8186
800 18938 13548
801 18966 7722
802 18980 11718
803 18982 14292
804 18992 10500
805 19036 7944
806 19050 5520
807 19058 15224
808 19078 8042
809 19090 8136
810 19094 13616
811 19116 7970
812 19118 5096
813 19122 7772
814 19134 5108
815 19146 6732
816 19154 6382
817 19180 8394
818 19184 11392
819 19204 6630
820 19214 5238
821 19224 8074
822 19232 5200
823 19252 12592
824 19256 17162
825 19258 10622
826 19274 7004
827 19282 6010
828 19306 8182
829 19318 9168
830 19324 12292
831 19326 10322
832 19328 8202
833 19328 9868
834 19350 6460
835 19352 8470
836 19354 11894
837 19364 6400
838 19392 12290
839 19398 5060
840 19424 12214
841 19434 13540
842 19456 5044
843 19478 9018
844 19480 5466
845 19502 8566
846 19538 10936
847 19572 5492
848 19660 5254
849 19674 6280
850 19676 13454
851 19720 5506
852 19754 10778
853 19768 6324
854 19780 5304
855 19780 10156
856 19806 14408
857 19838 12590
858 19874 13706
859 19898 5116
860 19918 12012
861 19944 5462
862 19950 5438
863 19950 6524
864 19962 10198
865 20016 9766
866 20016 12614
867 20026 5444
868 20028 12026
869 20040 7126
870 20040 11906
871 20044 10050
872 20046 4836
873 20046 5436
874 20060 7348
875 20070 5448
876 20098 11986
877 20114 10300
878 20120 6096
879 20122 12012
880 20124 12114
881 20160 5094
882 20164 5088
883 20164 6824
884 20190 10252
885 20226 10378
886 20252 9076
887 20294 12358
888 20298 10180
889 20300 5358
890 20308 8042
891 20324 10462
892 20338 3508
893 20342 14132
894 20356 9056
895 20364 8270
896 20366 10298
897 20380 8210
898 20382 10422
899 20388 8538
900 20410 10308
901 20410 10364
902 20412 6438
903 20418 10280
904 20422 5110
905 20424 8614
906 20436 8094
907 20442 10380
908 20478 10252
909 20484 5702
910 20512 10568
911 20534 7398
912 20534 8230
913 20538 8160
914 20552 13086
915 20556 10804
916 20562 8170
917 20586 5454
918 20586 8012
919 20592 8252
920 20612 9930
921 20624 8786
922 20642 10990
923 20656 12904
924 20668 4314
925 20670 7374
926 20682 10532
927 20684 9448
928 20684 12484
929 20722 11184
930 20738 5284
931 20744 7980
932 20750 8722
933 20766 12992
934 20784 12974
935 20806 5966
936 20840 7232
937 20840 16148
938 20846 9918
939 20848 9906
940 20878 12488
941 20902 6510
942 20902 9774
943 20904 5546
944 20904 6952
945 20932 8948
946 20934 8996
947 20940 10224
948 20966 9854
949 20972 6512
950 20976 12466
951 20980 7818
952 20988 7774
953 21008 11044
954 21010 11906
955 21024 12472
956 21070 8158
957 21078 10978
958 21100 8620
959 21100 8860
960 21140 7222
961 21144 6552
962 21144 12808
963 21146 8546
964 21162 11568
965 21176 7242
966 21206 9318
967 21216 9736
968 21218 11672
969 21242 12704
970 21272 7922
971 21284 10572
972 21284 15186
973 21288 13688
974 21290 5326
975 21306 10944
976 21312 10320
977 21320 7140
978 21322 13740
979 21334 7026
980 21350 12790
981 21358 13394
982 21364 12130
983 21372 12370
984 21382 11982
985 21388 7682
986 21406 5422
987 21428 12504
988 21436 13008
989 21444 10812
990 21450 11172
991 21466 9832
992 21486 12118
993 21486 13106
994 21498 13014
995 21504 5464
996 21510 11940
997 21512 12066
998 21516 8726
999 21516 12252
1000 21528 12546
1001 21540 12414
1002 21542 12494
1003 21556 5824
1004 21558 12072
1005 21558 12108
1006 21560 12190
1007 21566 12070
1008 21566 12604
1009 21572 12458
1010 21576 12132
1011 21580 13812
1012 21584 13174
1013 21598 5776
1014 21616 12442
1015 21618 12496
1016 21636 11786
1017 21652 12748
1018 21654 7688
1019 21660 9380
1020 21662 12304
1021 21670 13172
1022 21696 9012
1023 21700 12666
1024 21702 13426
1025 21706 12418
1026 21720 11776
1027 21734 12268
1028 21738 12220
1029 21752 12408
1030 21752 13566
1031 21756 12046
1032 21778 12252
1033 21794 7984
1034 21796 9952
1035 21796 14192
1036 21812 8794
1037 21824 12372
1038 21840 7430
1039 21858 6998
1040 21860 9866
1041 21860 11162
1042 21880 9160
1043 21884 6196
1044 21888 14536
1045 21900 6998
1046 21916 9968
1047 21922 9072
1048 21934 10794
1049 21956 10668
1050 21980 6980
1051 21984 9016
1052 21998 6014
1053 21998 9880
1054 22008 6022
1055 22026 12172
1056 22036 9028
1057 22060 11960
1058 22062 5408
1059 22110 7236
1060 22200 6520
1061 22202 8460
1062 22210 7068
1063 22220 10138
1064 22230 7172
1065 22242 8782
1066 22244 8978
1067 22248 8836
1068 22252 9226
1069 22254 7912
1070 22254 12126
1071 22260 9008
1072 22264 8934
1073 22266 7626
1074 22270 11160
1075 22274 7318
1076 22274 7414
1077 22278 10422
1078 22280 8580
1079 22282 11412
1080 22288 8560
1081 22288 8746
1082 22300 8376
1083 22308 7372
1084 22312 6998
1085 22314 7936
1086 22324 9878
1087 22348 8682
1088 22350 5356
1089 22356 9084
1090 22360 9082
1091 22362 8012
1092 22386 7988
1093 22388 8066
1094 22394 6214
1095 22396 7956
1096 22406 8890
1097 22454 8944
1098 22478 8882
1099 22482 10982
1100 22486 8680
1101 22486 10452
1102 22526 8658
1103 22528 9934
1104 22536 11800
1105 22540 6460
1106 22586 8602
1107 22594 9598
1108 22602 11084
1109 22638 7006
1110 22640 13654
1111 22644 7034
1112 22646 11520
1113 22650 13048
1114 22662 11384
1115 22682 8322
1116 22716 9844
1117 22732 6598
1118 22736 8868
1119 22736 11080
1120 22736 12752
1121 22738 11000
1122 22740 6720
1123 22740 11082
1124 22742 5402
1125 22746 10990
1126 22750 10996
1127 22756 7474
1128 22756 7910
1129 22758 7440
1130 22762 12184
1131 22768 11038
1132 22772 12040
1133 22792 5288
1134 22796 12206
1135 22804 6214
1136 22810 10062
1137 22814 11130
1138 22818 6862
1139 22860 6624
1140 22880 10346
1141 22882 11156
1142 22892 12916
1143 22900 10132
1144 22900 10574
1145 22900 11966
1146 22902 10108
1147 22910 12964
1148 22914 9784
1149 22916 11194
1150 22934 11150
1151 22956 10164
1152 22960 7794
1153 22964 11156
1154 22968 6074
1155 22988 12776
1156 22994 11428
1157 22998 9968
1158 23010 5176
1159 23010 12442
1160 23014 12904
1161 23026 13154
1162 23038 12460
1163 23038 12892
1164 23062 10026
1165 23068 5566
1166 23090 10364
1167 23104 5866
1168 23124 6706
1169 23128 6674
1170 23128 11134
1171 23134 11176
1172 23162 13658
1173 23166 5820
1174 23184 11210
1175 23186 11218
1176 23188 9982
1177 23196 10050
1178 23206 6670
1179 23206 10130
1180 23210 11720
1181 23230 10564
1182 23254 12904
1183 23266 9858
1184 23300 7664
1185 23304 10908
1186 23306 12536
1187 23308 11068
1188 23310 8166
1189 23312 11922
1190 23316 6634
1191 23320 11786
1192 23322 6934
1193 23366 6618
1194 23400 6602
1195 23404 7910
1196 23410 7602
1197 23422 6536
1198 23428 8232
1199 23432 7750
1200 23438 5940
1201 23438 9922
1202 23458 11738
1203 23462 7992
1204 23466 7812
1205 23478 10992
1206 23492 10614
1207 23508 7926
1208 23510 8288
1209 23512 10668
1210 23524 12476
1211 23528 7472
1212 23532 8016
1213 23538 10634
1214 23546 10746
1215 23570 7150
1216 23592 8866
1217 23600 7098
1218 23600 10900
1219 23612 14132
1220 23626 7408
1221 23630 6302
1222 23636 8382
1223 23636 13702
1224 23644 10468
1225 23648 11456
1226 23656 5644
1227 23658 10626
1228 23662 9918
1229 23664 10556
1230 23666 7142
1231 23688 7846
1232 23696 7368
1233 23702 7930
1234 23706 7484
1235 23708 9952
1236 23712 7486
1237 23712 9932
1238 23714 7798
1239 23718 12476
1240 23720 7432
1241 23722 7702
1242 23724 7884
1243 23728 5868
1244 23732 7262
1245 23732 7756
1246 23732 11450
1247 23736 7236
1248 23744 5458
1249 23748 9694
1250 23756 11894
1251 23776 7138
1252 23776 9808
1253 23786 6988
1254 23786 7364
1255 23794 7064
1256 23796 10806
1257 23802 15050
1258 23812 11114
1259 23814 11416
1260 23822 11618
1261 23848 5460
1262 23850 7542
1263 23850 12032
1264 23860 8510
1265 23872 6088
1266 23882 13280
1267 23888 11072
1268 23892 8632
1269 23900 11062
1270 23902 11058
1271 23910 9288
1272 23914 13246
1273 23922 11058
1274 23924 11510
1275 23942 8554
1276 23948 10890
1277 23950 8756
1278 23954 12132
1279 23966 7106
1280 23982 7276
1281 23992 7850
1282 23994 7620
1283 24034 8768
1284 24040 13164
1285 24054 10996
1286 24056 13116
1287 24062 13274
1288 24070 7240
1289 24072 7522
1290 24072 8098
1291 24072 8612
1292 24092 7218
1293 24102 7698
1294 24110 10956
1295 24136 12488
1296 24150 576
1297 24152 12112
1298 24168 8736
1299 24176 12124
1300 24184 12666
1301 24184 12914
1302 24186 7824
1303 24196 11792
1304 24198 12630
1305 24206 11726
1306 24208 7596
1307 24214 6136
1308 24220 6722
1309 24220 12656
1310 24240 12504
1311 24242 11780
1312 24260 12608
1313 24270 7470
1314 24286 12040
1315 24292 12616
1316 24300 12110
1317 24302 12614
1318 24314 12044
1319 24328 6484
1320 24338 13196
1321 24340 12386
1322 24350 11326
1323 24362 12284
1324 24368 12480
1325 24370 8392
1326 24378 5666
1327 24380 7874
1328 24400 12008
1329 24404 9212
1330 24412 12630
1331 24416 12930
1332 24420 11984
1333 24422 9846
1334 24426 12452
1335 24428 11792
1336 24438 6984
1337 24446 5366
1338 24448 6424
1339 24462 8790
1340 24478 9476
1341 24488 8686
1342 24490 5706
1343 24514 12834
1344 24528 11062
1345 24534 12734
1346 24538 12650
1347 24540 12446
1348 24546 9478
1349 24550 11280
1350 24570 12794
1351 24572 12754
1352 24576 12710
1353 24582 8464
1354 24584 12024
1355 24598 6544
1356 24612 8974
1357 24614 12456
1358 24620 10894
1359 24620 12732
1360 24622 9448
1361 24642 11054
1362 24668 12432
1363 24674 6038
1364 24678 9428
1365 24682 6984
1366 24690 11152
1367 24694 9546
1368 24698 6348
1369 24710 8432
1370 24714 7946
1371 24716 11316
1372 24722 9812
1373 24724 9306
1374 24732 7966
1375 24744 11124
1376 24748 7704
1377 24772 11100
1378 24792 9258
1379 24796 4532
1380 24798 4148
1381 24798 7820
1382 24800 11574
1383 24800 12734
1384 24804 10976
1385 24816 13074
1386 24824 7764
1387 24828 7942
1388 24834 3782
1389 24836 786
1390 24836 10150
1391 24838 3578
1392 24872 3518
1393 24880 11150
1394 24892 3672
1395 24892 11360
1396 24904 1140
1397 24916 3918
1398 24924 6460
1399 24926 7800
1400 24926 10076
1401 24930 7362
1402 24936 6498
1403 24936 9566
1404 24942 9042
1405 24944 7596
1406 24948 9174
1407 24952 8280
1408 24982 3928
1409 24988 11904
1410 24990 4630
1411 25000 11916
1412 25004 984
1413 25004 7194
1414 25018 9030
1415 25020 9510
1416 25030 10402
1417 25038 7204
1418 25040 9100
1419 25040 11168
1420 25042 6942
1421 25046 4098
1422 25064 3290
1423 25066 3944
1424 25066 11822
1425 25068 1000
1426 25068 7092
1427 25070 4718
1428 25078 9004
1429 25078 11990
1430 25080 7918
1431 25084 4906
1432 25084 8090
1433 25086 9726
1434 25094 4510
1435 25100 7278
1436 25106 8000
1437 25122 11512
1438 25138 7980
1439 25182 11950
1440 25190 10274
1441 25192 4430
1442 25196 3922
1443 25210 7114
1444 25214 8166
1445 25216 8096
1446 25224 8092
1447 25226 9144
1448 25230 4504
1449 25242 11886
1450 25266 11994
1451 25280 10444
1452 25296 3176
1453 25298 11992
1454 25318 7264
1455 25318 9328
1456 25320 8584
1457 25326 4040
1458 25330 11678
1459 25344 4218
1460 25348 8166
1461 25350 4418
1462 25362 4246
1463 25374 11488
1464 25380 12020
1465 25390 8124
1466 25392 10096
1467 25396 12094
1468 25402 4194
1469 25412 11412
1470 25418 3930
1471 25444 4466
1472 25448 5582
1473 25450 2848
1474 25454 4052
1475 25456 3870
1476 25458 4410
1477 25460 12080
1478 25462 12014
1479 25474 3770
1480 25480 4284
1481 25480 11074
1482 25486 10620
1483 25498 11632
1484 25516 11864
1485 25520 10628
1486 25524 11860
1487 25534 4404
1488 25542 3600
1489 25542 16206
1490 25566 8564
1491 25566 12074
1492 25568 7064
1493 25574 11398
1494 25582 16204
1495 25586 3506
1496 25594 12152
1497 25598 6298
1498 25606 4552
1499 25608 4184
1500 25608 7672
1501 25610 5024
1502 25612 8396
1503 25618 11956
1504 25620 4060
1505 25626 13216
1506 25632 11542
1507 25636 8280
1508 25646 8828
1509 25646 10000
1510 25660 4274
1511 25666 9568
1512 25674 9776
1513 25686 6494
1514 25686 7982
1515 25694 7524
1516 25702 7424
1517 25706 9778
1518 25708 7126
1519 25720 3976
1520 25720 7598
1521 25722 6376
1522 25724 8340
1523 25732 11670
1524 25734 9904
1525 25758 6264
1526 25766 8214
1527 25770 7978
1528 25776 8236
1529 25776 12202
1530 25796 7298
1531 25802 7470
1532 25806 9280
1533 25818 8494
1534 25820 14984
1535 25836 3164
1536 25840 8320
1537 25844 7636
1538 25860 8518
1539 25868 12946
1540 25874 8506
1541 25888 8724
1542 25900 8850
1543 25902 8660
1544 25920 7282
1545 25924 7292
1546 25924 12264
1547 25956 12834
1548 25962 10316
1549 25964 4106
1550 25970 3916
1551 25972 7452
1552 25976 8136
1553 25984 7888
1554 26038 11224
1555 26050 8062
1556 26058 4160
1557 26078 8530
1558 26088 2136
1559 26094 3680
1560 26096 6856
1561 26106 11840
1562 26118 8476
1563 26130 3690
1564 26132 10798
1565 26138 2542
1566 26140 8516
1567 26142 10792
1568 26144 11934
1569 26146 8106
1570 26146 11286
1571 26150 2688
1572 26174 3588
1573 26208 8702
1574 26214 2728
1575 26224 12086
1576 26244 11482
1577 26260 6954
1578 26260 13802
1579 26266 2516
1580 26266 8842
1581 26268 11186
1582 26270 11458
1583 26274 12336
1584 26276 3222
1585 26284 11694
1586 26286 11312
1587 26292 13210
1588 26306 11482
1589 26308 2880
1590 26314 2876
1591 26324 2642
1592 26344 11598
1593 26350 6900
1594 26360 11256
1595 26380 11480
1596 26398 8802
1597 26402 9534
1598 26410 11542
1599 26412 9478
1600 26416 9792
1601 26428 10922
1602 26430 10900
1603 26438 8824
1604 26456 8468
1605 26456 13052
1606 26476 8734
1607 26490 11084
1608 26490 13026
1609 26498 13560
1610 26502 9130
1611 26518 8340
1612 26524 8106
1613 26528 530
1614 26532 13310
1615 26536 13202
1616 26540 7670
1617 26542 8548
1618 26542 8808
1619 26544 12030
1620 26556 8506
1621 26564 9004
1622 26566 11336
1623 26568 7676
1624 26568 9384
1625 26572 13136
1626 26600 11332
1627 26614 13278
1628 26626 13670
1629 26632 13488
1630 26680 11564
1631 26704 11486
1632 26704 13524
1633 26716 13232
1634 26718 13456
1635 26744 8244
1636 26770 11822
1637 26774 9760
1638 26776 9172
1639 26782 8240
1640 26790 11298
1641 26794 11520
1642 26796 12574
1643 26800 13442
1644 26816 7636
1645 26816 13542
1646 26826 12988
1647 26858 8348
1648 26872 10918
1649 26882 13500
1650 26882 13842
1651 26890 7666
1652 26900 13006
1653 26916 8756
1654 26916 16066
1655 26924 7942
1656 26926 11522
1657 26932 12656
1658 26934 13414
1659 26968 9992
1660 26968 16086
1661 26974 7906
1662 26994 12924
1663 26996 7940
1664 27002 11106
1665 27018 11150
1666 27020 8104
1667 27022 10132
1668 27028 7326
1669 27032 9964
1670 27038 7346
1671 27044 8108
1672 27058 11386
1673 27070 7542
1674 27088 8714
1675 27092 10182
1676 27096 11296
1677 27098 11270
1678 27106 8658
1679 27112 10282
1680 27122 13040
1681 27136 3038
1682 27144 8662
1683 27152 8204
1684 27162 12842
1685 27170 7466
1686 27176 11472
1687 27180 8600
1688 27184 13038
1689 27188 3010
1690 27200 8560
1691 27210 8360
1692 27220 8362
1693 27240 11382
1694 27246 7912
1695 27262 8488
1696 27278 8718
1697 27300 8278
1698 27308 13042
1699 27316 9210
1700 27320 8784
1701 27320 13044
1702 27324 8920
1703 27354 8370
1704 27418 11698
1705 27418 11708
1706 27420 7468
1707 27466 9910
1708 27512 8982
1709 27560 8334
1710 27560 8422
1711 27562 2206
1712 27574 11400
1713 27594 11426
1714 27640 9764
1715 27644 12262
1716 27648 8586
1717 27666 13636
1718 27698 12764
1719 27722 13120
1720 27764 10924
1721 27786 8962
1722 27786 9550
1723 27806 10566
1724 27814 11100
1725 27824 8654
1726 27832 8994
1727 27836 13008
1728 27838 9644
1729 27864 8062
1730 27870 10456
1731 27900 10072
1732 27900 10100
1733 27970 8472
1734 27972 10582
1735 27974 10306
1736 27976 7938
1737 27978 10206
1738 27998 9524
1739 28040 10810
1740 28060 10672
1741 28060 11032
1742 28088 9736
1743 28128 10636
1744 28130 10126
1745 28138 14594
1746 28146 11108
1747 28192 12974
1748 28202 10320
1749 28224 11160
1750 28226 10274
1751 28228 12394
1752 28246 10584
1753 28246 10590
1754 28258 11076
1755 28274 12852
1756 28290 12156
1757 28300 12866
1758 28322 10358
1759 28336 10206
1760 28350 10400
1761 28356 10270
1762 28366 9486
1763 28366 11322
1764 28404 11142
1765 28432 9140
1766 28442 9422
1767 28450 10974
1768 28494 11334
1769 28496 10626
1770 28512 10552
1771 28514 12622
1772 28516 10880
1773 28520 10112
1774 28522 10500
1775 28528 8836
1776 28544 11206
1777 28574 10662
1778 28582 9154
1779 28586 11736
1780 28590 11200
1781 28596 12132
1782 28602 8934
1783 28618 9174
1784 28646 8922
1785 28658 9190
1786 28686 12704
1787 28702 9252
1788 28706 12944
1789 28728 13052
1790 28760 10636
1791 28784 12938
1792 28786 8992
1793 28786 10940
1794 28802 14040
1795 28810 11458
1796 28810 11766
1797 28818 10244
1798 28828 11330
1799 28840 11104
1800 28844 10980
1801 28846 14302
1802 28856 10956
1803 28860 11318
1804 28866 10848
1805 28870 13804
1806 28884 12230
1807 28896 10894
1808 28904 12440
1809 28906 11082
1810 28916 10954
1811 28932 11954
1812 28942 14392
1813 28952 10994
1814 28966 9734
1815 28966 11116
1816 29004 11106
1817 29018 10832
1818 29026 14418
1819 29042 10146
1820 29050 10914
1821 29052 11520
1822 29068 14346
1823 29078 11116
1824 29084 11100
1825 29086 13056
1826 29096 12058
1827 29192 11694
1828 29196 10892
1829 29196 11494
1830 29214 13054
1831 29218 11570
1832 29242 10788
1833 29246 10774
1834 29268 11660
1835 29284 11532
1836 29304 10290
1837 29316 10170
1838 29324 10964
1839 29324 11090
1840 29324 11586
1841 29354 11036
1842 29372 11556
1843 29380 11820
1844 29392 10818
1845 29400 13340
1846 29402 13342
1847 29408 11248
1848 29466 10530
1849 29478 14964
1850 29562 11064
1851 29572 11190
1852 29572 12132
1853 29576 14802
1854 29596 11444
1855 29638 12098
1856 29680 11336
1857 29716 12054
1858 29766 11732
1859 29802 11138
1860 29816 12080
1861 29820 11300
1862 29822 13162
1863 29842 11514
1864 29846 11450
1865 29852 10860
1866 29866 11014
1867 29878 11102
1868 29878 11256
1869 29904 11904
1870 29926 11454
1871 29926 12344
1872 29934 12330
1873 29934 14700
1874 29942 11778
1875 29958 11544
1876 29958 14374
1877 29994 14652
1878 29996 11720
1879 30000 11794
1880 30002 13694
1881 30022 12046
1882 30046 14486
1883 30072 12868
1884 30076 12116
1885 30084 11738
1886 30094 11706
1887 30098 12922
1888 30104 14322
1889 30122 14288
1890 30126 14872
1891 30148 12744
1892 30150 11480
1893 30154 12830
1894 30156 14530
1895 30182 14440
1896 30206 11626
1897 30228 11622
1898 30232 14652
1899 30244 14594
1900 30254 11726
1901 30262 14340
1902 30268 14348
1903 30284 14288
1904 30296 13886
1905 30304 14304
1906 30316 14088
1907 30330 13428
1908 30344 14348
1909 30452 11964
1910 30456 12580
1911 30460 13814
1912 30472 11844
1913 30480 11814
1914 30482 12748
1915 30490 14474
1916 30512 14426
1917 30524 11644
1918 30526 14470
1919 30548 12070
1920 30558 12010
1921 30628 13806
1922 30640 11694
1923 30708 15076
1924 30734 12028
1925 30740 14328
1926 30782 14690
1927 30800 14530
1928 30818 11930
1929 30818 14606
1930 30856 14498
1931 30860 14322
1932 30872 11876
1933 30890 12198
1934 30890 12326
1935 30930 12366
1936 31006 11676
1937 31040 13564
1938 31058 12866
1939 31098 11960
1940 31106 15102
1941 31128 14292
1942 31192 14352
1943 31200 15120
1944 31218 12078
1945 31230 14380
1946 31240 12210
1947 31254 11920
1948 31390 16256
1949 31398 13540
1950 31400 12514
1951 31410 12582
1952 31472 16260
1953 31476 12786
1954 31516 12142
1955 31546 12242
1956 31550 15228
1957 31576 14752
1958 31610 12044
1959 31636 12486
1960 31646 12126
1961 31654 12656
1962 31668 12574
1963 31688 12772
1964 31692 16114
1965 31700 12582
1966 31704 12320
1967 31706 12822
1968 31712 12700
1969 31718 12440
1970 31734 12396
1971 31734 12458
1972 31744 12824
1973 31756 12646
1974 31756 12698
1975 31770 12450
1976 31826 15172
1977 31840 12106
1978 31846 12808
1979 31856 16134
1980 31872 12648
1981 31908 12860
1982 31940 13174
1983 31950 13168
1984 32010 14098
1985 32034 12130
1986 32102 13202
1987 32134 13320
1988 32148 13338
1989 32206 12114
1990 32310 12144
1991 32406 12234
1992 32512 13458
1993 33288 15496
1994 33288 16188
1995 33322 16128
1996 33428 16616
1997 33440 16638
1998 33464 16600
1999 34162 14160
4 6 3 2 1 
3 0 5 4 
3 0 7 11 
2 0 26 
3 8 1 14 
3 1 15 13 
4 10 172 0 9 
3 2 24 12 
3 9 4 32 
3 6 8 23 
4 85 173 6 17 
3 2 12 15 
3 11 7 19 
3 14 5 16 
3 4 13 22 
4 18 5 11 36 
3 22 13 18 
3 10 23 25 
3 16 15 20 
3 12 24 36 
3 21 18 58 
3 27 20 29 
3 27 14 16 
4 31 17 9 43 
3 19 7 26 
3 17 31 63 
3 24 3 30 
3 28 22 21 
3 32 27 38 
3 38 21 58 
4 35 26 81 33 
3 25 23 41 
3 8 28 37 
3 30 81 34 
3 33 61 40 
3 52 48 30 
3 15 19 48 
3 47 32 39 
3 28 29 62 
3 37 62 64 
3 54 34 42 
3 31 46 49 
3 44 40 61 
3 23 47 45 
3 56 42 55 
3 46 43 50 
3 51 41 45 
3 43 37 53 
3 36 35 60 
3 41 51 89 
3 45 59 94 
3 49 46 127 
3 60 35 54 
3 47 78 59 
3 52 40 56 
3 57 44 80 
3 54 44 57 
3 65 56 55 
3 29 20 68 
3 50 53 86 
3 48 52 66 
3 42 34 81 
3 39 38 71 
3 92 25 89 
3 69 39 72 
3 66 57 75 
3 60 65 67 
3 68 66 70 
3 71 58 67 
3 78 64 83 
3 67 74 76 
3 62 68 73 
3 64 73 87 
3 72 71 79 
3 70 75 77 
3 74 65 80 
3 70 77 79 
3 76 74 82 
3 91 53 69 
3 73 76 84 
3 75 55 81 
6 82 80 61 33 30 280 
5 95 84 77 81 101 
3 69 96 90 
3 88 79 82 
3 192 10 105 
3 59 91 108 
3 72 88 93 
3 87 84 97 
3 63 49 114 
3 161 83 103 
3 86 78 106 
3 100 63 138 
3 96 87 99 
3 127 50 102 
3 97 82 98 
3 83 93 103 
3 99 88 95 
3 112 95 117 
3 93 97 104 
3 181 105 92 
3 82 184 115 
3 143 94 109 
3 90 96 107 
2 99 110 
3 196 85 100 
3 108 91 167 
3 111 103 113 
3 109 86 106 
3 166 102 108 
3 113 104 112 
3 155 107 141 
3 110 98 116 
3 107 110 125 
3 138 89 149 
3 118 101 121 
3 112 119 122 
3 119 98 118 
3 120 117 115 
3 116 117 120 
3 119 118 123 
3 124 115 184 
3 125 116 126 
3 126 120 129 
3 128 121 163 
3 113 122 133 
4 122 123 134 131 
3 51 94 136 
3 129 124 130 
3 139 123 128 
3 142 128 132 
3 148 126 140 
4 130 156 137 135 
3 141 125 146 
3 145 126 144 
3 132 158 152 
3 149 127 147 
3 132 154 162 
3 230 92 114 
3 144 129 142 
3 131 145 151 
3 174 111 133 
3 139 130 157 
3 147 102 170 
3 153 134 139 
3 140 134 150 
3 201 133 148 
3 295 136 143 
3 146 131 151 
3 171 114 136 
3 145 153 178 
3 148 140 178 
3 157 135 160 
3 150 144 175 
3 137 159 185 
3 161 111 183 
3 132 164 169 
3 175 142 152 
3 160 135 162 
3 154 169 189 
3 152 158 247 
3 182 90 155 
3 158 137 232 
3 164 124 165 
3 156 163 168 
3 168 163 184 
3 170 109 180 
3 106 182 179 
3 164 165 218 
3 159 156 218 
3 143 166 176 
3 295 243 149 
3 173 197 6 
3 219 172 10 
3 187 183 141 
3 153 157 237 
3 373 170 177 
3 176 180 188 
3 151 150 236 
3 167 182 214 
3 177 166 213 
3 199 100 228 
4 179 167 161 239 
3 155 174 190 
4 165 121 101 280 
3 154 186 212 
3 185 193 266 
3 195 174 201 
3 369 177 235 
3 193 159 287 
3 191 183 194 
3 227 239 190 
3 219 85 196 
3 186 189 231 
3 190 195 289 
3 194 187 202 
3 192 105 198 
3 216 226 172 
3 196 209 200 
3 203 204 181 
3 207 198 304 
3 187 146 238 
3 195 249 222 
3 205 199 229 
3 206 199 205 
3 210 204 203 
3 211 209 204 
3 208 200 215 
3 220 221 207 
3 198 206 217 
3 211 205 257 
3 217 206 210 
3 185 268 313 
3 235 180 214 
3 213 179 246 
3 207 336 225 
3 226 197 224 
3 209 211 292 
3 169 168 264 
3 223 173 192 
3 255 208 234 
3 223 208 255 
3 202 240 300 
3 224 219 221 
4 216 223 233 276 
3 215 417 278 
3 197 216 372 
3 251 191 273 
3 229 181 230 
3 267 203 228 
3 228 138 243 
3 193 456 283 
3 252 162 318 
4 224 241 286 276 
3 255 220 285 
4 297 188 213 258 
3 238 178 242 
3 175 245 242 
3 201 236 244 
3 182 191 248 
3 312 222 250 
3 233 271 319 
3 236 237 263 
3 230 171 375 
3 249 238 254 
3 237 253 265 
3 258 214 248 
3 160 252 256 
3 246 239 259 
3 250 202 244 
3 309 240 249 
3 261 227 291 
3 247 232 324 
3 245 256 260 
3 306 244 270 
4 271 221 220 234 
3 253 247 262 
3 210 267 292 
3 235 246 269 
3 248 261 274 
3 253 262 379 
3 259 251 296 
3 260 256 340 
3 270 242 265 
3 218 288 279 
3 263 245 392 
3 268 186 284 
3 257 229 376 
3 212 266 272 
3 305 258 275 
3 254 263 414 
3 241 255 310 
3 268 321 317 
3 299 227 289 
3 275 259 328 
3 269 274 277 
3 224 233 333 
3 282 275 322 
3 285 225 437 
3 264 301 287 
4 281 184 81 360 
5 335 298 290 280 368 
3 294 277 338 
3 284 231 482 
3 323 266 283 
3 234 278 311 
3 233 293 333 
3 189 279 327 
3 301 264 290 
3 273 194 300 
3 288 281 298 
3 251 299 332 
3 217 257 389 
3 286 307 371 
3 337 282 343 
3 374 171 147 
3 261 332 339 
3 367 235 305 
3 290 281 303 
3 291 273 330 
3 289 222 316 
3 279 288 302 
3 308 301 386 
3 298 335 424 
3 200 385 413 
3 367 297 269 
3 309 254 429 
3 293 325 334 
3 327 302 446 
3 312 250 306 
3 271 314 320 
3 314 285 573 
3 315 240 309 
3 318 212 317 
3 310 311 399 
3 316 312 331 
3 330 300 315 
3 313 272 326 
3 324 232 313 
3 325 241 377 
3 310 399 377 
3 326 272 323 
3 277 329 342 
3 321 284 485 
3 340 252 318 
3 307 319 443 
3 317 321 382 
3 287 308 456 
3 329 274 339 
3 322 328 351 
3 348 299 316 
3 315 432 358 
3 296 291 348 
4 381 276 286 371 
3 307 443 502 
3 303 281 368 
3 215 406 431 
3 390 411 294 
3 282 342 345 
3 328 296 341 
3 262 324 370 
3 357 339 442 
3 338 322 349 
3 366 294 344 
3 346 343 345 
3 344 338 347 
3 355 344 352 
3 353 345 349 
3 332 330 435 
3 347 342 350 
3 354 349 351 
3 350 329 356 
3 361 346 353 
3 352 347 354 
3 353 350 362 
3 361 359 346 
3 362 351 357 
3 356 341 459 
3 434 331 428 
3 365 364 355 
2 280 454 
3 363 355 352 
3 473 354 356 
3 566 365 361 
3 462 366 359 
3 404 359 363 
3 390 343 364 
3 398 297 305 
3 335 281 445 
3 378 188 398 
3 340 391 383 
3 333 293 502 
3 226 381 1997 
3 387 176 384 
3 375 295 387 
3 376 243 374 
3 267 375 380 
3 319 320 824 
3 384 369 409 
3 388 260 402 
3 376 401 412 
3 372 333 457 
3 391 326 492 
3 418 370 419 
3 415 373 378 
3 413 304 396 
4 395 397 302 393 
3 401 374 373 
3 392 379 421 
3 394 292 412 
3 407 337 366 
3 419 370 382 
3 416 265 388 
3 386 424 405 
3 400 396 389 
3 467 506 386 
3 385 394 400 
3 490 444 386 
3 409 369 367 
3 320 314 824 
3 396 394 403 
3 380 387 415 
3 421 379 418 
3 408 400 430 
3 607 515 365 
3 453 393 452 
3 336 427 476 
3 410 390 463 
3 413 403 449 
3 420 378 398 
3 425 411 407 
3 420 337 410 
3 389 380 426 
4 427 304 385 408 
3 429 270 416 
3 423 401 384 
3 414 392 441 
3 225 431 474 
3 402 383 460 
3 383 391 460 
3 422 409 411 
3 388 402 441 
3 423 420 425 
3 426 415 422 
3 393 303 445 
3 422 410 451 
3 412 423 430 
3 406 413 476 
3 436 358 440 
3 306 414 438 
3 403 426 433 
3 417 336 448 
3 439 331 438 
3 430 451 588 
3 435 358 436 
3 442 348 434 
3 483 434 428 
3 278 450 458 
3 432 429 455 
3 440 432 472 
3 484 428 439 
3 416 421 460 
3 480 341 435 
3 334 325 1654 
4 489 447 446 397 
3 424 368 454 
3 470 308 444 
3 487 477 444 
3 431 580 527 
3 408 631 599 
3 437 469 582 
3 433 425 675 
3 464 405 454 
3 461 405 466 
5 1613 535 452 445 360 
3 438 465 478 
3 231 327 470 
3 381 734 1948 
3 437 595 578 
3 486 357 480 
4 441 418 419 465 
3 467 453 468 
3 515 463 364 
3 407 462 623 
3 471 452 528 
3 455 460 494 
3 468 453 471 
3 553 395 461 
3 475 461 466 
3 450 474 651 
3 477 456 446 
3 475 466 464 
3 498 439 479 
3 565 629 362 
3 469 417 527 
3 543 468 471 
3 406 427 517 
3 481 470 447 
3 479 455 488 
3 472 478 491 
3 500 459 442 
3 482 477 487 
3 485 283 481 
3 496 436 484 
3 483 440 499 
3 492 323 482 
3 564 459 520 
3 508 481 447 
3 478 529 524 
3 508 444 490 
3 489 397 501 
3 537 479 510 
3 382 485 493 
3 495 492 504 
3 530 465 495 
3 494 493 505 
3 503 483 497 
3 509 496 511 
3 499 472 512 
3 514 484 498 
3 507 520 480 
3 516 490 513 
3 371 334 734 
3 554 507 496 
3 505 493 518 
3 523 495 504 
3 513 395 549 
3 613 500 503 
3 518 487 489 
3 554 497 532 
3 542 491 561 
3 525 497 514 
3 521 498 550 
3 533 501 506 
3 511 499 521 
3 617 462 404 
3 519 501 540 
3 476 585 602 
3 504 508 522 
3 538 526 516 
3 615 486 500 
3 558 514 512 
3 523 518 526 
3 530 505 522 
3 561 488 541 
3 532 511 547 
3 536 522 519 
3 474 448 648 
3 543 464 539 
3 488 531 546 
3 531 494 523 
3 529 530 534 
3 684 509 525 
3 540 513 552 
3 531 536 560 
3 1296 539 454 
3 560 534 526 
3 551 491 545 
3 589 592 519 
3 544 528 535 
3 516 533 559 
3 548 524 546 
3 545 510 570 
3 557 475 528 
3 1396 557 539 
3 537 542 574 
3 541 529 584 
3 591 525 558 
3 581 541 555 
3 552 506 553 
3 569 512 551 
3 550 537 556 
3 559 533 549 
3 549 467 562 
3 672 503 509 
3 548 600 649 
3 567 551 576 
3 562 543 544 
3 563 547 521 
3 892 540 552 
3 575 534 536 
3 510 524 581 
3 1422 553 557 
3 571 558 572 
3 620 565 486 
3 621 473 564 
3 568 607 363 
3 594 556 577 
3 657 654 566 
3 572 550 594 
3 542 583 652 
3 608 591 563 
3 563 569 590 
3 311 578 703 
3 545 653 579 
3 584 560 592 
3 587 556 579 
3 603 567 586 
3 573 458 596 
3 576 574 643 
3 448 605 1257 
3 583 561 548 
3 595 450 651 
3 570 581 647 
3 600 546 575 
3 517 601 597 
3 593 577 587 
3 586 576 635 
3 433 675 666 
3 656 538 892 
3 661 572 598 
3 689 547 571 
3 650 575 538 
3 603 586 609 
3 569 567 614 
3 596 458 582 
3 578 595 703 
3 604 585 640 
3 590 625 660 
3 601 449 783 
3 555 584 644 
3 585 599 641 
3 605 517 604 
4 610 577 593 606 
3 602 597 638 
3 580 602 972 
3 603 612 619 
3 626 404 566 
3 633 639 571 
3 611 593 637 
3 614 603 618 
3 616 612 609 
3 606 611 616 
3 711 630 507 
3 625 594 610 
3 630 628 520 
3 612 611 622 
3 623 515 636 
3 659 610 677 
3 606 624 627 
3 621 564 628 
3 629 565 620 
3 624 616 645 
3 463 617 675 
3 619 622 632 
3 598 614 659 
3 733 636 607 
3 619 632 736 
3 690 620 615 
3 657 473 621 
3 694 615 613 
3 449 655 716 
3 627 624 673 
3 669 608 634 
3 683 633 646 
3 637 587 643 
3 681 617 626 
3 609 635 642 
3 604 696 807 
3 680 704 608 
3 597 641 696 
3 640 601 783 
3 645 637 692 
3 635 579 662 
3 664 600 650 
3 686 622 642 
3 706 634 661 
3 652 583 649 
3 665 527 1534 
3 647 555 664 
3 644 592 656 
3 582 469 665 
3 570 647 667 
3 663 574 658 
3 685 705 568 
3 631 666 702 
3 726 650 589 
3 721 568 629 
3 653 667 668 
3 625 618 725 
3 700 598 767 
3 646 590 700 
3 692 643 663 
3 662 653 670 
3 649 644 679 
3 651 648 937 
3 655 588 676 
3 658 652 671 
3 670 658 671 
3 712 728 633 
3 663 668 710 
3 668 667 674 
3 687 682 554 
3 736 632 686 
3 688 671 678 
4 588 451 623 676 
3 666 675 681 
3 722 618 777 
3 701 674 679 
3 678 664 726 
3 728 753 639 
3 676 636 743 
3 720 711 672 
4 713 698 634 706 
3 691 532 693 
3 707 705 654 
3 673 645 729 
3 730 672 691 
3 701 719 674 
4 699 693 591 704 
3 731 628 694 
3 687 684 695 
3 718 642 662 
3 695 684 689 
3 746 690 630 
3 691 693 697 
3 638 640 856 
3 709 695 699 
3 708 683 714 
3 738 697 689 
3 661 660 776 
3 724 688 678 
3 655 749 715 
3 573 596 1489 
3 689 639 732 
3 745 654 685 
3 683 646 717 
3 769 685 721 
3 843 712 698 
3 744 697 738 
3 739 670 723 
3 727 613 682 
3 742 669 708 
3 714 683 905 
3 780 698 713 
3 716 702 765 
3 631 715 781 
3 706 776 794 
3 729 692 739 
3 723 688 724 
3 727 682 735 
3 707 657 731 
3 748 725 677 
3 740 710 719 
3 771 719 701 
3 796 659 722 
3 679 656 924 
3 746 711 720 
3 750 680 669 
3 756 686 718 
3 735 687 744 
3 764 721 690 
3 782 704 753 
3 752 743 626 
3 457 502 1660 
3 720 730 737 
3 627 673 756 
3 735 786 741 
3 709 699 804 
3 747 718 710 
3 758 755 723 
3 792 737 785 
3 757 754 712 
3 681 733 749 
3 786 730 709 
3 751 752 705 
3 762 694 727 
3 816 739 755 
3 801 722 791 
3 702 743 761 
3 768 728 759 
3 770 760 745 
3 761 733 745 
3 774 732 680 
3 759 742 757 
3 795 747 740 
3 777 736 729 
3 829 754 742 
3 790 740 771 
3 833 750 754 
3 763 751 773 
3 763 749 752 
3 764 746 798 
3 766 761 760 
3 772 731 762 
3 715 766 784 
3 765 763 778 
3 799 660 796 
3 833 774 750 
3 770 707 772 
3 773 751 769 
3 758 724 812 
3 769 764 779 
3 775 760 770 
3 787 753 768 
3 778 773 779 
3 717 700 793 
3 677 756 788 
3 766 775 810 
3 775 772 800 
3 843 714 921 
3 716 789 803 
3 804 732 787 
3 641 599 803 
3 789 765 841 
3 830 741 802 
3 737 744 818 
3 831 782 774 
3 819 777 816 
3 781 784 858 
3 797 758 820 
3 801 748 815 
3 823 741 830 
3 817 776 799 
3 717 835 845 
3 827 755 806 
3 805 767 725 
3 844 806 790 
3 800 762 823 
3 793 767 809 
3 810 779 798 
3 805 748 791 
3 836 785 818 
3 783 781 893 
3 825 738 782 
3 808 796 801 
3 795 797 847 
3 638 856 1044 
3 809 805 811 
3 828 799 808 
3 778 800 841 
3 821 808 813 
3 814 771 839 
3 811 815 826 
3 848 822 812 
3 813 791 819 
3 837 788 747 
3 835 793 832 
3 802 786 846 
3 815 788 834 
3 844 790 822 
3 828 811 874 
3 862 820 814 
3 798 792 857 
3 377 399 1494 
3 846 804 831 
3 869 813 834 
3 878 849 795 
3 832 809 821 
3 865 757 886 
3 792 785 838 
3 825 787 855 
3 817 828 890 
3 855 768 759 
3 826 819 837 
3 794 817 897 
3 840 802 891 
3 834 816 849 
3 857 830 840 
3 848 812 842 
3 838 836 860 
3 784 810 850 
3 859 839 872 
3 894 708 780 
3 847 797 820 
3 794 895 899 
3 818 825 852 
3 851 806 844 
3 854 814 839 
3 853 837 827 
3 858 841 914 
3 909 847 861 
3 846 885 891 
3 902 863 849 
3 873 848 859 
3 864 831 833 
3 807 696 893 
3 866 823 838 
3 789 850 973 
3 854 842 881 
3 868 840 870 
3 851 862 875 
3 867 861 822 
3 944 883 853 
3 877 855 871 
3 871 829 886 
4 923 857 887 928 
3 875 862 873 
3 880 860 876 
3 874 826 883 
3 876 860 915 
3 864 865 927 
3 882 842 924 
3 867 854 889 
3 911 821 869 
3 917 861 867 
3 879 868 870 
3 885 864 884 
3 1060 827 935 
3 880 876 954 
3 887 868 879 
3 889 859 882 
3 904 881 872 
3 936 869 863 
3 896 877 888 
3 852 877 896 
3 865 829 894 
3 866 880 982 
3 903 884 920 
3 873 881 930 
3 906 832 911 
3 836 852 898 
3 1392 589 559 
3 856 803 978 
3 886 843 945 
3 845 897 912 
3 900 885 884 
3 895 835 913 
3 915 891 901 
3 905 845 919 
3 901 896 903 
3 907 898 900 
3 941 1039 853 
3 900 888 908 
3 930 882 1388 
3 932 713 899 
3 913 890 918 
3 910 901 908 
3 907 903 939 
3 1003 935 851 
3 922 907 926 
3 890 874 925 
3 919 895 916 
3 916 897 906 
3 981 850 933 
3 922 870 898 
3 912 913 931 
3 943 875 986 
3 906 925 931 
3 899 912 951 
3 888 927 942 
3 959 780 932 
3 929 915 910 
3 934 866 940 
3 872 726 1391 
3 918 911 936 
3 953 910 938 
3 920 871 946 
3 940 866 992 
3 964 954 922 
3 974 889 904 
3 916 918 952 
3 921 905 958 
3 988 914 934 
3 933 923 962 
4 1054 1043 878 909 
3 925 883 960 
3 1489 665 1534 
3 947 926 939 
3 938 908 942 
3 923 928 950 
3 949 1050 902 
4 948 939 920 966 
3 1013 917 995 
3 979 960 863 
3 946 894 959 
3 966 927 945 
3 971 957 938 
3 976 942 967 
3 1060 961 941 
3 955 940 983 
3 956 919 952 
3 951 931 965 
3 964 926 957 
3 984 879 929 
3 987 969 950 
3 963 951 970 
3 953 947 975 
3 998 932 963 
3 945 921 998 
3 965 936 944 
3 1122 1084 949 
3 934 969 980 
3 958 956 1033 
3 968 929 953 
3 952 960 977 
3 942 946 1022 
3 991 948 1019 
3 996 984 964 
3 962 955 1008 
3 956 985 1018 
4 989 947 976 1034 
3 605 1578 1257 
3 978 858 981 
3 1088 986 930 
3 990 957 989 
3 971 948 991 
3 985 965 979 
3 1011 893 973 
3 977 944 1039 
3 988 962 1017 
3 973 914 993 
3 887 997 992 
3 1001 950 999 
3 997 954 968 
3 970 977 1038 
3 995 917 974 
3 1000 955 1002 
3 994 933 980 
3 975 971 1049 
3 1016 975 1041 
3 976 967 1019 
3 928 982 1005 
3 1012 981 994 
3 993 988 1142 
3 943 986 1058 
4 1007 968 1016 1026 
3 1004 982 984 
3 1036 959 958 
3 1001 983 1006 
3 1008 987 1015 
3 1009 983 999 
3 1015 987 1009 
3 1052 909 1013 
3 1005 997 1007 
3 1010 992 1004 
3 1020 999 1010 
3 1004 996 1031 
3 1023 969 1000 
3 1002 1001 1014 
3 1028 1006 1005 
3 1035 978 1030 
3 1024 993 1021 
3 1003 943 1165 
3 1009 1020 1025 
3 1000 1002 1278 
3 996 990 1074 
3 1120 980 1023 
3 1033 970 1038 
3 991 967 1042 
3 1014 1006 1027 
3 1012 1113 1161 
3 1047 966 1036 
3 1017 1008 1159 
3 1030 1012 1266 
3 1014 1032 1029 
3 996 1108 1079 
3 1020 1028 1032 
3 1027 1010 1031 
3 1025 1037 1314 
3 1110 1011 1024 
3 1028 1007 1057 
3 1025 1027 1057 
3 963 1018 1069 
3 1046 971 1040 
3 1044 1011 1110 
3 1022 998 1061 
3 1029 1055 1134 
3 1018 985 1059 
3 1045 979 902 
3 1053 1034 1068 
3 990 1048 1074 
3 1019 1047 1056 
3 1094 1105 935 
3 807 1035 1219 
3 1059 1039 1050 
3 1063 1034 1053 
3 1042 1022 1051 
3 1041 1049 1077 
3 1048 989 1077 
3 1062 1045 941 
3 1056 1047 1065 
3 1054 1003 1167 
3 1046 1040 1086 
3 1154 935 1052 
3 1037 1112 1070 
3 1042 1051 1066 
3 1032 1031 1114 
3 995 1088 1124 
3 1038 1045 1064 
3 1117 949 878 
3 1078 1036 1082 
3 1064 1050 1084 
3 1077 1046 1143 
3 1075 1059 1062 
3 1067 1051 1078 
3 1071 1056 1067 
3 1072 1066 1065 
3 1040 1071 1089 
3 1085 1033 1073 
4 1130 1055 1104 1132 
3 1068 1066 1072 
3 1071 1067 1081 
3 1069 1076 1127 
3 1016 1041 1099 
3 1083 1076 1064 
3 1073 1075 1083 
4 1101 1048 1049 1063 
3 1065 1061 1080 
3 1026 1119 1137 
3 1081 1078 1082 
3 1072 1080 1087 
3 1080 1061 1091 
3 1076 1075 1111 
3 1109 1062 961 
3 1095 1091 1069 
3 1103 1053 1107 
3 1096 1081 1093 
3 1058 974 1133 
3 1068 1096 1090 
3 1107 1089 1097 
3 1082 1085 1092 
3 1093 1091 1095 
3 1100 1087 1092 
3 1135 1197 1043 
3 1092 1085 1128 
3 1089 1087 1100 
3 1090 1098 1118 
3 1097 1102 1222 
3 1108 1074 1101 
3 1096 1093 1102 
3 1099 1077 1140 
3 1098 1100 1106 
3 1136 1086 1116 
3 1070 1112 1156 
3 1190 1117 1043 
3 1102 1115 1188 
3 1116 1086 1090 
3 1026 1099 1121 
3 1111 1084 1138 
3 1172 1035 1030 
3 1129 1083 1109 
3 1104 1055 1149 
3 1161 1021 1147 
3 1057 1141 1149 
3 1106 1128 1195 
3 1103 1107 1148 
3 1139 1060 1105 
3 1097 1264 1216 
3 1123 1079 1131 
3 1155 1017 1162 
3 1108 1125 1126 
3 1138 961 1139 
3 1137 1119 1209 
3 1248 1058 1133 
3 1121 1144 1181 
3 1131 1121 1206 
3 1152 1073 1129 
3 1115 1095 1152 
3 1211 1127 1111 
3 1134 1070 1132 
3 1119 1126 1213 
4 1130 1070 1156 1145 
3 1124 1088 1158 
3 1037 1130 1263 
3 1221 1094 1154 
3 1146 1103 1157 
3 1141 1079 1123 
3 1109 1122 1168 
3 1169 1122 1117 
3 1144 1101 1151 
3 1114 1137 1150 
3 1147 994 1160 
3 1151 1063 1146 
3 1125 1140 1166 
3 1132 1180 1189 
3 1143 1136 1164 
3 1286 1113 1142 
3 1157 1116 1216 
3 1112 1114 1153 
3 1153 1141 1185 
3 1140 1143 1177 
3 1128 1127 1184 
3 1149 1150 1170 
3 1135 1054 1200 
3 1163 1120 1186 
3 1132 1104 1171 
3 1164 1136 1148 
3 1133 1380 1379 
3 1162 1023 1299 
3 1182 1142 1163 
3 1272 1021 1113 
3 1186 1120 1159 
3 1160 1155 1304 
3 1146 1157 1176 
3 1173 1013 1248 
3 1144 1179 1228 
3 1200 1052 1173 
3 1192 1138 1169 
3 1168 1139 1178 
3 1171 1153 1187 
3 1174 1156 1170 
3 1223 1110 1287 
3 1167 1165 1226 
3 1175 1171 1187 
3 1180 1174 1258 
3 1177 1164 1183 
3 1179 1151 1176 
3 1217 1169 1190 
3 1166 1177 1201 
3 1191 1145 1175 
3 1125 1235 1224 
3 1301 1160 1300 
3 1201 1176 1277 
3 1199 1152 1196 
3 1150 1214 1218 
3 1155 1162 1210 
3 1174 1170 1205 
3 1198 1106 1203 
3 1145 1191 1250 
3 1178 1105 1193 
3 1189 1180 1202 
3 1215 1220 1168 
3 1230 1190 1194 
3 1253 1193 1197 
3 1207 1115 1204 
3 1199 1184 1211 
3 1308 1194 1094 
3 1208 1188 1212 
3 1204 1184 1196 
3 1154 1167 1243 
3 1179 1183 1249 
3 1191 1225 1260 
3 1212 1188 1207 
3 1195 1199 1241 
3 1270 1187 1218 
3 1126 1224 1229 
3 1203 1195 1245 
3 1222 1198 1233 
3 1123 1213 1227 
3 1239 1186 1316 
3 1196 1129 1220 
3 1198 1203 1231 
3 1209 1131 1229 
3 1256 1185 1227 
3 1232 1192 1217 
3 1148 1118 1268 
3 1230 1215 1178 
3 1205 1185 1276 
3 1044 1223 1609 
3 1234 1211 1192 
3 1319 1135 1265 
3 1264 1098 1208 
3 1219 1172 1505 
3 1206 1181 1372 
3 1202 1258 1246 
3 1243 1173 1261 
3 1214 1209 1390 
3 1237 1166 1252 
3 1213 1206 1400 
3 1247 1217 1193 
3 1242 1212 1238 
3 1240 1215 1244 
3 1290 1208 1242 
3 1236 1241 1220 
3 1181 1237 1333 
3 1262 1234 1240 
3 1235 1228 1340 
3 1281 1231 1245 
3 1295 1210 1323 
3 1236 1232 1254 
3 1245 1204 1234 
3 1233 1231 1281 
3 1265 1200 1226 
3 1254 1232 1247 
4 1302 1238 1207 1241 
3 1274 1225 1259 
3 1244 1230 1251 
3 1261 1165 1124 
3 1252 1201 1271 
3 1263 1189 1303 
3 1280 1247 1255 
3 1228 1249 1329 
3 1255 1194 1336 
3 1240 1244 1280 
3 1279 1251 1253 
3 1276 1214 1416 
3 580 972 1801 
3 1225 1175 1267 
3 1246 1267 1322 
3 1305 1202 1274 
3 1226 1248 1337 
3 1282 1236 1289 
3 1134 1250 1332 
3 1275 1118 1222 
3 1307 1221 1243 
3 1024 1272 1287 
3 1259 1258 1269 
3 1277 1216 1275 
3 1366 1267 1270 
3 1273 1269 1205 
3 1249 1283 1339 
3 1266 1161 1284 
3 1375 1270 1285 
3 1382 1260 1246 
3 1291 1268 1264 
3 1294 1218 1256 
3 1283 1183 1268 
3 1015 1318 1297 
3 1413 1292 1255 
3 1254 1251 1288 
3 1327 1242 1238 
3 1293 1262 1306 
3 1271 1277 1298 
3 1320 1272 1286 
3 1344 1273 1294 
3 1284 1147 1385 
3 1172 1266 1320 
3 1313 1280 1292 
3 1306 1262 1313 
3 1325 1233 1374 
3 1298 1275 1325 
3 1401 1288 1279 
3 1381 1302 1282 
3 1285 1276 1358 
3 1310 1239 1321 
3 1389 535 1613 
3 1299 1278 1354 
3 1283 1291 1341 
3 1159 1297 1316 
3 1301 1182 1309 
3 1331 1182 1300 
3 1327 1245 1293 
3 1335 1250 1311 
3 1309 1163 1312 
3 1311 1260 1382 
3 1376 1282 1289 
3 1338 1265 1326 
3 1336 1197 1319 
3 1343 1300 1304 
3 1312 1295 1324 
3 1335 1303 1305 
3 1315 1304 1310 
3 1405 1289 1288 
3 1318 1029 1328 
3 1345 1312 1317 
3 1210 1299 1429 
3 1330 1315 1324 
3 1278 1314 1354 
3 1308 1221 1338 
3 1505 1287 1284 
3 1334 1295 1323 
3 1259 1349 1371 
3 1321 1239 1450 
3 1317 1310 1334 
3 1353 1291 1290 
3 1342 1307 1337 
3 1370 1281 1302 
3 1314 1332 1411 
3 1252 1356 1404 
3 1346 1317 1357 
3 1385 1301 1343 
3 1328 1263 1409 
3 1235 1367 1372 
3 1324 1321 1347 
3 1424 1303 1311 
3 1365 1253 1308 
3 1326 1261 1410 
3 1355 1319 1307 
3 1356 1271 1341 
3 1348 1237 1373 
3 1339 1298 1353 
3 1363 1326 1427 
3 1331 1309 1350 
3 1377 1285 1361 
3 1351 1315 1352 
3 1352 1330 1362 
3 1357 1334 1464 
3 1367 1340 1360 
3 1322 1366 1419 
3 1539 1343 1351 
3 1350 1345 1359 
3 1359 1345 1346 
3 1341 1325 1369 
3 1297 1318 1439 
3 1365 1338 1368 
3 1404 1329 1339 
3 1330 1347 1362 
3 1384 1294 1482 
3 1383 1351 1352 
3 1348 1373 1364 
3 1481 1344 1384 
3 1346 1357 1467 
3 1368 1342 1431 
3 1415 1360 1406 
3 1413 1336 1355 
3 1349 1269 1393 
3 1403 1333 1348 
3 1398 1355 1363 
3 1456 1353 1407 
3 1374 1327 1387 
3 1395 1322 1554 
3 1224 1333 1433 
3 1360 1340 1378 
3 1432 1290 1370 
3 1393 1273 1377 
3 1386 1306 1405 
3 1375 1344 1481 
3 1373 1414 1406 
3 1410 1158 1380 
3 1379 1158 1397 
3 1387 1293 1386 
3 1305 1274 1437 
3 1547 1359 1496 
3 1361 1358 1564 
3 1286 1331 1605 
3 1399 1381 1376 
3 1436 1370 1381 
3 1397 904 1394 
4 1412 1396 1296 1613 
3 1227 1400 1466 
3 1394 924 1392 
3 1391 892 1422 
3 1419 1366 1375 
4 1423 1408 1388 1391 
3 1469 1437 1371 
3 1473 544 1389 
3 1408 1380 1388 
3 1402 1368 1461 
3 1514 1430 1386 
3 1390 1229 1512 
3 1515 1292 1435 
3 1420 1398 1471 
3 1433 1367 1415 
3 1329 1356 1414 
3 1500 1376 1313 
3 1364 1378 1418 
3 1369 1432 1444 
3 1421 1397 1394 
3 1411 1332 1424 
3 1337 1379 1434 
3 1328 1409 1449 
3 1425 1535 1389 
3 1417 1279 1365 
3 1378 1404 1428 
3 1403 1364 1455 
3 1451 1256 1440 
3 1435 1413 1426 
3 1447 1406 1428 
3 1349 1393 1481 
3 1426 1402 1472 
3 1434 1408 1423 
3 1392 562 1452 
3 1421 1394 1442 
3 1409 1335 1458 
3 1558 1412 1613 
3 1443 1417 1420 
3 1431 1342 1434 
3 1418 1414 1456 
3 1450 1316 1439 
3 1526 1438 1399 
3 1363 1427 1448 
3 1445 1407 1374 
3 1512 1372 1403 
4 1427 1410 1421 1441 
3 1401 1417 1454 
3 1446 1387 1438 
3 1382 1395 1463 
3 1465 1436 1430 
3 1429 1354 1484 
3 1451 1416 1466 
3 1448 1434 1457 
3 1457 1423 1479 
3 1454 1426 1492 
3 1502 1407 1445 
3 1444 1432 1446 
3 1460 1445 1436 
3 1455 1418 1508 
3 1431 1441 1459 
3 1411 1523 1486 
3 1323 1429 1453 
3 1482 1416 1440 
3 1488 1422 1473 
3 1464 1450 1484 
3 1516 1435 1443 
3 1511 1415 1447 
3 1428 1369 1490 
3 1441 1442 1470 
3 1424 1463 1483 
3 1462 1448 1470 
3 1507 1533 1446 
3 1398 1462 1476 
3 1461 1459 1468 
3 1458 1437 1469 
3 1347 1453 1478 
3 1528 1507 1438 
3 1440 1390 1509 
3 1362 1478 1477 
3 1480 1462 1474 
3 1463 1395 1493 
3 1459 1457 1475 
2 1402 1476 
3 1497 1420 1501 
4 1535 1495 1452 1396 
3 1504 1468 1475 
3 1474 1470 1479 
3 1471 1461 1487 
3 1467 1503 1491 
3 1467 1464 1503 
3 1475 1442 1488 
3 1487 1468 1499 
4 1419 1377 1361 1601 
3 1485 1358 1451 
3 1523 1458 1506 
3 1453 1439 1486 
3 1567 1482 1548 
3 1484 1449 1592 
3 1498 1476 1480 
3 1479 1452 1495 
3 703 937 1494 
3 1508 1456 1502 
3 1496 1477 1561 
3 1518 1443 1497 
3 1506 1469 1570 
3 824 1489 1654 
3 1519 1488 1473 
3 1529 1383 1491 
3 1513 1492 1472 
3 1501 1487 1510 
3 1510 1480 1504 
3 1527 1405 1520 
3 1521 1472 1498 
3 1533 1490 1444 
3 1477 1478 1585 
3 1499 1474 1519 
3 1223 1320 1587 
3 1483 1493 1576 
4 1536 1522 1460 1465 
3 1447 1490 1541 
3 1548 1466 1524 
3 1498 1499 1550 
3 1517 1455 1532 
3 1517 1400 1433 
3 1518 1497 1521 
3 1552 1399 1527 
3 1520 1401 1531 
3 1531 1454 1530 
3 1524 1512 1511 
3 1530 1492 1513 
3 1504 1495 1559 
3 1537 1500 1515 
3 1513 1501 1525 
3 1557 1540 1507 
3 1449 1483 1588 
3 1509 1517 1600 
3 1560 1521 1549 
3 1528 1430 1552 
3 1555 1514 1500 
3 1536 1465 1526 
3 1546 1496 1568 
3 1516 1518 1544 
3 1515 1516 1551 
3 1597 1511 1542 
3 1538 1502 1460 
3 937 648 1745 
3 1559 1473 1412 
3 1562 1507 1528 
3 1616 1553 1520 
3 1543 1533 1540 
3 1652 1608 1350 
3 1580 1538 1522 
3 1542 1508 1543 
3 1599 1532 1541 
3 1624 1541 1538 
3 1545 1530 1560 
3 1551 1544 1577 
3 1583 1547 1529 
3 1646 1383 1546 
3 1485 1509 1667 
3 1556 1525 1550 
3 1549 1510 1559 
3 1616 1531 1545 
3 1526 1514 1569 
3 1555 1537 1623 
3 1570 1371 1581 
3 1569 1527 1553 
3 1593 1549 1563 
3 1573 1522 1566 
4 1681 1579 1565 1425 
4 1563 1550 1519 1535 
3 1577 1544 1525 
3 1568 1491 1630 
3 1566 1536 1604 
3 1556 1559 1572 
3 1602 1384 1567 
3 1574 1571 1558 
3 1596 1557 1562 
3 1564 1485 1679 
3 1575 1529 1561 
3 1612 1552 1555 
3 1586 1493 1554 
3 1584 1572 1565 
3 1651 1563 1571 
3 1596 1580 1557 
3 1589 1736 1565 
3 1583 1568 1619 
3 1588 1506 1582 
3 1545 1560 1593 
3 1650 972 1628 
3 1989 1591 1558 
3 1610 1540 1573 
3 1594 1554 1607 
3 1576 1586 1622 
3 1642 1546 1575 
3 1706 1668 1571 
3 1503 1592 1630 
3 1582 1570 1594 
3 1614 1505 1615 
3 1523 1576 1595 
3 1784 1574 1590 
3 1792 1589 1591 
3 1958 1590 1579 
3 1585 1486 1598 
3 1644 1577 1556 
3 1622 1586 1581 
3 1598 1588 1626 
3 1603 1573 1566 
3 1600 1532 1599 
3 1592 1595 1631 
3 1637 1597 1542 
3 1659 1524 1597 
3 1607 1481 1602 
3 1648 1601 1564 
3 1621 1596 1606 
3 1620 1562 1611 
3 1625 1385 1608 
3 1618 1603 1617 
3 1664 1581 1601 
3 1680 1605 1539 
3 1219 1629 1632 
3 1624 1580 1621 
3 1604 1612 1635 
3 1611 1569 1655 
5 1711 1425 1389 1296 454 
3 1629 1587 1627 
3 1633 1587 1625 
3 1623 1537 1551 
3 1653 1606 1620 
3 1714 1638 1606 
3 1642 1575 1636 
3 1617 1604 1647 
3 1638 1610 1603 
3 1582 1594 1626 
3 1553 1616 1644 
3 1637 1543 1610 
3 1615 1605 1680 
3 1595 1622 1640 
3 1634 1614 1633 
4 1794 1650 1578 1645 
3 1609 1614 1634 
3 1561 1585 1641 
3 1641 1598 1640 
3 1645 1609 1643 
3 1627 1615 1701 
3 1629 1627 1643 
3 1611 1655 1639 
3 1657 1619 1656 
3 1669 1599 1624 
3 1707 1621 1618 
3 1647 1635 1666 
3 1631 1626 1665 
3 1656 1630 1631 
3 1657 1583 1619 
3 1632 1634 1658 
3 1651 1623 1593 
3 1628 1632 1649 
3 1652 1547 1662 
3 1678 1620 1639 
3 1720 1724 1602 
3 1717 1645 1658 
3 1801 1578 1628 
3 1661 1644 1572 
3 1688 1539 1646 
3 1699 1617 1674 
4 1660 443 1494 1849 
3 1635 1612 1661 
3 1636 1641 1672 
3 1684 1642 1636 
3 1649 1643 1719 
3 1667 1600 1669 
3 1948 734 1654 
3 1663 1655 1651 
3 1698 1646 1684 
3 1666 1661 1668 
3 1665 1607 1724 
3 1677 1640 1664 
3 1671 1639 1663 
3 1675 1548 1659 
3 1670 1663 1584 
3 1730 1659 1637 
3 1685 1673 1668 
3 1683 1666 1673 
3 1686 1656 1676 
3 1694 1671 1670 
3 1699 1653 1678 
3 1723 1679 1667 
3 1686 1672 1677 
3 1693 1676 1665 
3 1682 1674 1647 
3 1720 1567 1675 
3 1625 1608 1688 
3 1990 1558 1689 
3 1702 1678 1687 
3 1697 1691 1671 
3 1662 1657 1718 
3 1706 1709 1670 
3 1705 1672 1676 
3 1696 1682 1690 
3 1698 1680 1652 
3 1991 1681 1711 
3 1696 1687 1691 
3 1692 1690 1683 
3 1703 1695 1691 
3 1712 1704 1677 
3 1710 1697 1673 
3 1708 1700 1692 
3 1700 1687 1690 
3 1703 1683 1694 
3 1701 1688 1662 
3 1714 1653 1674 
3 1722 1696 1695 
3 1633 1698 1727 
3 1728 1731 1682 
3 1721 1692 1697 
3 1705 1693 1713 
3 1715 1686 1704 
3 1729 1685 1584 
3 1735 1730 1638 
3 1738 1722 1695 
3 1725 1710 1685 
3 1716 1694 1709 
3 1999 1689 1613 
3 1713 1693 1763 
3 1756 1704 1712 
3 1732 1618 1699 
3 1751 1718 1705 
3 1773 1726 1710 
3 1805 1794 1649 
3 1755 1684 1715 
3 1805 1658 1727 
3 1741 1648 1679 
3 1726 1738 1703 
3 1728 1700 1708 
3 1734 1739 1675 
3 1746 1664 1648 
3 1762 1709 1733 
3 1790 1721 1716 
3 1719 1701 1747 
3 1744 1702 1722 
3 1733 1706 1736 
3 1734 1669 1707 
3 1744 1732 1702 
3 1737 1714 1731 
3 1765 1725 1729 
3 1740 1723 1730 
3 1743 1707 1737 
3 1775 1729 1574 
3 1748 1735 1732 
3 1742 1708 1721 
3 1741 1723 1740 
3 1739 1734 1743 
3 1746 1720 1739 
3 1759 1758 1738 
3 1740 1735 1753 
3 1750 1731 1728 
3 1853 1534 1812 
3 1749 1724 1741 
3 1789 1727 1757 
3 1752 1737 1750 
3 1763 1746 1754 
3 1758 1748 1744 
3 1771 1715 1756 
3 1767 1753 1748 
3 1754 1743 1752 
3 1764 1749 1753 
3 1757 1718 1771 
3 1751 1713 1781 
3 1788 1747 1755 
3 1760 1750 1742 
3 1804 1761 1742 
3 1769 1758 1761 
3 1774 1760 1759 
3 1797 1725 1766 
3 1768 1712 1749 
3 1776 1754 1767 
3 1778 1766 1733 
3 1819 1762 1765 
3 1764 1752 1772 
3 1779 1763 1776 
3 1772 1760 1770 
3 1777 1769 1774 
3 1786 1755 1751 
3 1780 1767 1769 
3 1817 1790 1716 
3 1802 1770 1761 
3 1782 1778 1736 
3 1768 1764 1780 
3 1793 1798 1770 
3 1783 1765 1775 
3 1796 1781 1768 
3 1795 1776 1772 
3 1806 1756 1779 
3 1785 1775 1784 
3 1785 1814 1778 
3 1792 1782 1589 
3 1787 1783 1782 
3 1791 1771 1808 
3 1936 1837 1785 
3 1789 1757 1791 
3 1846 1747 1788 
3 1804 1726 1773 
3 1825 1788 1786 
3 1954 1784 1590 
3 1800 1799 1777 
3 1876 1628 1717 
3 1796 1780 1798 
3 1811 1779 1795 
3 1832 1828 1762 
3 1795 1777 1803 
3 1803 1793 1809 
3 1809 1793 1802 
3 1822 1257 1650 
3 1800 1774 1810 
3 1821 1798 1799 
3 1807 1759 1790 
3 1889 1717 1719 
3 1808 1781 1811 
3 1820 1810 1804 
3 1830 1786 1806 
3 1815 1799 1800 
3 1813 1802 1807 
3 1826 1806 1796 
3 1818 1745 1822 
3 1824 1816 1810 
3 1837 1836 1783 
3 1829 1809 1816 
3 1823 1815 1813 
3 1828 1820 1773 
3 1877 1873 1812 
3 1836 1833 1766 
3 1847 1807 1817 
3 1831 1827 1803 
3 1882 1812 1801 
4 1842 1835 1816 1824 
3 1854 1823 1813 
3 1845 1791 1830 
3 1862 1811 1827 
3 1826 1821 1834 
3 1839 1817 1797 
3 1835 1831 1815 
3 1845 1825 1808 
3 1834 1821 1829 
3 1838 1797 1833 
3 1844 1832 1819 
3 1843 1827 1831 
3 1840 1829 1823 
3 1848 1819 1814 
3 1865 1814 1787 
3 1851 1841 1832 
3 1847 1828 1841 
3 1843 1835 1842 
3 1856 1839 1838 
3 1858 1840 1823 
3 1852 1834 1840 
3 1850 1833 1848 
3 1846 1825 1830 
3 1880 1789 1845 
3 1854 1820 1839 
3 1866 1844 1836 
3 1948 1654 1853 
3 1859 1851 1844 
4 1861 1856 1838 1850 
3 1862 1843 1855 
3 1890 1849 1745 
3 1874 1824 1847 
3 1871 1852 1857 
3 1863 1841 1851 
3 1860 1855 1869 
3 1874 1869 1842 
3 1868 1850 1867 
3 1884 1872 1857 
4 1870 1864 1851 1868 
3 1880 1826 1852 
3 1878 1856 1864 
3 1875 1863 1861 
3 1922 1866 1837 
3 1867 1848 1865 
3 1922 1859 1866 
3 1892 1861 1859 
3 1881 1857 1858 
3 1896 1875 1861 
3 1883 1855 1872 
3 1891 1871 1860 
3 1890 1818 1877 
3 1879 1858 1854 
3 1886 1864 1870 
3 1882 1794 1888 
3 1898 1873 1818 
3 1885 1879 1863 
3 1909 1874 1878 
3 1903 1846 1862 
3 1919 1884 1869 
3 1894 1822 1876 
3 1887 1904 1871 
3 1910 1860 1881 
3 1912 1878 1886 
3 1900 1885 1875 
3 1907 1883 1893 
3 1895 1876 1889 
3 1901 1888 1805 
3 1923 1853 1873 
3 1914 1893 1872 
3 1917 1897 1868 
3 1907 1887 1891 
3 1899 1882 1895 
3 1894 1888 1902 
3 1900 1870 1897 
3 1917 1896 1892 
3 1926 1877 1899 
3 1898 1894 1915 
3 1913 1886 1896 
3 1902 1889 1903 
3 1908 1895 1901 
3 1905 1901 1880 
3 1906 1883 1911 
3 1908 1903 1906 
3 1916 1905 1904 
3 1911 1887 1893 
3 1915 1902 1905 
3 1920 1879 1912 
3 1914 1884 1935 
3 1904 1907 1921 
3 1909 1885 1913 
3 1928 1912 1900 
3 1938 1891 1910 
3 1899 1908 1918 
3 1918 1906 1925 
3 1922 1897 1892 
3 1927 1915 1916 
3 1934 1881 1920 
3 1924 1919 1909 
3 1925 1911 1937 
4 1932 1917 1867 1865 
3 1940 1964 1890 
3 1933 1920 1928 
3 1916 1921 1931 
3 1940 1898 1929 
3 1929 1918 1930 
3 1924 1913 1932 
3 1943 1926 1927 
3 1927 1931 1942 
3 1930 1925 1941 
3 1939 1928 1922 
4 1946 1950 1934 1924 
3 1935 1919 1933 
3 1951 1910 1934 
3 1947 1939 1787 
3 1921 1938 1949 
3 1937 1914 1953 
3 1944 1932 1936 
3 1943 1923 1926 
3 1942 1931 1949 
3 1945 1930 1941 
3 1956 1940 1929 
3 1969 1946 1939 
3 1957 1942 1982 
3 1959 1933 1944 
3 1954 1955 1936 
4 1952 457 1660 1849 
3 1941 1937 1967 
3 1961 1951 1933 
3 1953 1935 1950 
3 1996 1948 1964 
3 1938 1951 1963 
3 1966 1947 1792 
3 1970 1969 1947 
3 1979 1943 1976 
3 1976 1945 1984 
3 1977 1960 1591 
3 1962 1946 1971 
3 1966 1958 1977 
3 1963 1950 1962 
4 1965 1968 1961 1959 
3 1967 1953 1961 
3 1979 1952 1923 
3 1973 1962 1975 
3 1970 1954 1960 
3 1972 1949 1963 
3 1972 1962 1974 
3 1971 1944 1955 
3 1975 1955 1966 
3 1959 1969 1975 
3 1982 1967 1968 
3 1980 1974 1965 
3 1978 1968 1973 
4 1965 1971 1970 1985 
3 1994 1956 1957 
3 1985 1960 1958 
3 1981 1983 1974 
3 1996 1964 1956 
3 1981 1973 1989 
3 1986 1978 1980 
3 1945 1972 1983 
3 1987 1982 1978 
3 1993 1957 1988 
3 1975 1977 1989 
3 1992 1987 1981 
3 1988 1983 1986 
3 1992 1984 1987 
4 1990 1980 1985 1579 
3 1991 1989 1681 
3 1999 1990 1689 
3 1999 1988 1986 
3 1995 1984 1999 
3 1996 1976 1995 
3 1997 1994 1993 
4 1997 1952 1979 1994 
4 372 1996 1995 1998 
2 1997 1999 
5 1998 1993 1992 1991 1711 
