600
0 270 6878
1 320 7632
2 328 6258
3 356 7064
4 404 7906
5 414 7836
6 428 4968
7 432 7732
8 442 8206
9 446 9464
10 456 8264
11 498 4908
12 500 7740
13 508 4932
14 588 4734
15 674 4634
16 732 5162
17 790 5088
18 822 5220
19 958 4788
20 958 4828
21 970 4304
22 1018 7658
23 1326 8390
24 1376 7336
25 1392 3856
26 1430 4186
27 1444 7418
28 1510 7530
29 1512 4182
30 1520 4154
31 1544 4848
32 1644 3820
33 1696 3726
34 1746 3718
35 1774 3740
36 1790 3812
37 1800 3752
38 1832 3646
39 1854 3662
40 1990 3522
41 2002 9470
42 2010 3798
43 2082 3338
44 2116 7478
45 2134 9500
46 2196 6638
47 2244 3060
48 2314 7724
49 2508 3506
50 2512 3466
51 2536 3404
52 2546 3372
53 2610 4364
54 2670 4344
55 2754 4354
56 2854 6350
57 2980 8838
58 2982 9608
59 2988 6316
60 3012 8806
61 3028 8854
62 3042 9526
63 3158 8860
64 3280 9534
65 3282 4858
66 3298 9602
67 3330 8758
68 3488 8150
69 3598 5946
70 3636 5716
71 3642 5240
72 3658 3614
73 3666 5554
74 3666 5674
75 3676 9396
76 3726 3514
77 3800 3536
78 3878 8762
79 3890 2282
80 3980 3226
81 4194 3834
82 4220 1822
83 4436 4736
84 4570 4220
85 4666 5284
86 4712 4572
87 4752 4594
88 4842 5330
89 5000 2098
90 5180 3972
91 5212 3170
92 5216 3132
93 5334 516
94 5410 3438
95 5448 7484
96 5562 5484
97 5580 1822
98 5602 6670
99 5720 5506
100 5724 5888
101 5740 5556
102 5764 7688
103 5832 8198
104 5866 1022
105 5924 8712
106 6028 3358
107 6030 7932
108 6112 7990
109 6136 1226
110 6162 744
111 6172 3116
112 6176 7992
113 6180 8204
114 6202 3884
115 6204 8068
116 6206 3016
117 6216 8000
118 6226 9342
119 6246 9100
120 6268 8006
121 6302 7946
122 6304 8054
123 6318 8462
124 6340 7850
125 6350 7876
126 6414 8020
127 6416 7858
128 6508 3114
129 6512 8442
130 6602 3634
131 6622 410
132 6642 4132
133 6792 4600
134 6920 1198
135 6946 350
136 6956 4462
137 6956 8268
138 7102 1014
139 7142 1324
140 7160 1308
141 7184 8516
142 7224 8204
143 7490 3128
144 7546 2162
145 7556 8552
146 7602 5698
147 7632 1434
148 7634 7212
149 7646 3712
150 7650 3980
151 7658 3978
152 7670 1388
153 7762 1530
154 7772 4272
155 7814 4984
156 7816 2526
157 7836 2566
158 7836 3630
159 7854 4140
160 7870 2254
161 7872 1438
162 7872 2654
163 7874 2244
164 7890 2696
165 7894 2070
166 7944 1372
167 7946 2680
168 7946 4958
169 7968 1304
170 7982 2994
171 7984 3162
172 8002 2592
173 8008 2898
174 8022 8822
175 8026 8486
176 8032 8514
177 8060 3026
178 8064 3910
179 8096 7936
180 8144 3360
181 8176 5276
182 8178 2566
183 8186 2824
184 8186 5784
185 8214 5802
186 8224 2980
187 8258 6292
188 8288 5782
189 8296 5958
190 8318 7984
191 8332 6060
192 8346 7982
193 8358 3346
194 8362 5912
195 8390 2324
196 8394 3238
197 8410 4580
198 8446 7688
199 8528 7492
200 8566 2446
201 8568 2268
202 8568 2594
203 8594 2462
204 8660 4222
205 8670 7642
206 8694 2402
207 8758 3246
208 8766 4524
209 8782 5216
210 8794 5294
211 8844 8476
212 8858 5318
213 8874 5192
214 8890 5146
215 8896 4350
216 8900 3592
217 8928 5388
218 9000 7504
219 9002 9100
220 9012 6012
221 9044 2742
222 9058 7150
223 9068 2626
224 9078 4702
225 9094 6174
226 9098 3380
227 9138 6490
228 9150 6016
229 9166 4710
230 9206 7048
231 9208 4144
232 9294 5938
233 9394 3536
234 9424 5142
235 9428 3954
236 9450 6758
237 9460 2966
238 9468 3990
239 9476 4452
240 9494 3908
241 9498 7898
242 9508 5252
243 9570 5146
244 9584 2618
245 9592 3302
246 9636 7026
247 9660 4188
248 9724 3050
249 9732 6004
250 9736 2502
251 9784 7356
252 9794 6998
253 9810 7044
254 9822 2636
255 9828 2660
256 9860 2652
257 9890 5208
258 9894 2458
259 9900 2624
260 9914 7040
261 9918 2688
262 9986 3406
263 10002 2432
264 10006 5682
265 10018 5992
266 10022 2568
267 10024 2730
268 10074 2936
269 10080 5068
270 10094 3232
271 10096 5846
272 10106 2568
273 10108 2548
274 10116 6026
275 10196 6104
276 10204 2546
277 10230 4396
278 10266 4332
279 10310 4084
280 10334 3270
281 10358 5752
282 10398 2984
283 10402 2700
284 10408 6504
285 10422 5558
286 10454 7102
287 10508 5066
288 10508 5720
289 10510 4904
290 10522 5870
291 10542 4882
292 10570 3868
293 10574 6874
294 10576 6128
295 10600 5956
296 10606 6132
297 10642 5582
298 10644 6116
299 10644 6826
300 10664 6040
301 10688 5700
302 10692 6064
303 10720 6070
304 10734 2736
305 10738 6256
306 10750 6476
307 10758 5932
308 10762 6180
309 10774 6170
310 10780 6136
311 10798 6210
312 10800 6210
313 10806 6056
314 10808 6042
315 10812 6330
316 10826 3554
317 10828 6078
318 10830 5894
319 10832 6494
320 10844 2736
321 10850 6154
322 10862 6180
323 10870 6020
324 10912 6050
325 10918 6052
326 10934 3838
327 10938 6130
328 10996 4498
329 11124 6022
330 11130 3644
331 11154 5410
332 11176 2972
333 11176 3612
334 11184 3964
335 11184 4346
336 11194 4730
337 11212 4480
338 11256 5550
339 11288 4660
340 11292 5508
341 11296 6076
342 11322 2676
343 11346 5484
344 11362 4958
345 11366 4202
346 11396 5560
347 11416 3388
348 11416 4412
349 11420 6418
350 11426 4962
351 11430 4986
352 11450 3456
353 11452 2616
354 11458 5166
355 11466 2954
356 11466 3706
357 11468 4278
358 11472 3276
359 11474 6234
360 11482 5194
361 11504 5206
362 11530 6458
363 11534 5004
364 11536 5592
365 11558 4398
366 11564 5446
367 11576 2936
368 11578 5354
369 11596 4470
370 11648 5868
371 11670 5956
372 11680 4320
373 11714 3666
374 11716 3666
375 11740 5948
376 11742 5482
377 11796 5234
378 11822 3606
379 11844 5420
380 11864 5410
381 11878 4472
382 11884 6216
383 11886 5198
384 11888 6372
385 11894 4212
386 11926 6246
387 11928 2714
388 11930 6638
389 11934 5452
390 11944 6454
391 12000 3698
392 12004 3588
393 12016 6622
394 12050 5144
395 12054 3298
396 12058 3366
397 12062 3826
398 12076 5246
399 12088 3790
400 12104 6042
401 12142 6076
402 12180 3334
403 12186 6340
404 12220 3930
405 12246 3400
406 12250 3414
407 12276 4440
408 12332 5486
409 12334 2692
410 12342 5586
411 12396 1980
412 12408 1878
413 12410 5276
414 12412 4654
415 12440 2242
416 12452 5792
417 12454 2126
418 12460 5050
419 12484 2488
420 12490 3098
421 12502 4468
422 12504 5814
423 12554 5956
424 12562 5994
425 12576 1952
426 12592 1678
427 12592 5882
428 12594 2488
429 12596 2598
430 12598 3542
431 12610 4044
432 12624 4150
433 12632 2126
434 12642 5798
435 12646 3204
436 12648 1566
437 12656 6020
438 12664 2636
439 12666 1492
440 12694 2600
441 12696 2212
442 12712 5786
443 12716 5056
444 12724 2488
445 12754 5716
446 12760 3820
447 12762 2142
448 12788 2504
449 12806 6456
450 12812 3802
451 12856 4084
452 12858 6454
453 12866 5854
454 12900 3180
455 12914 3250
456 12914 5922
457 12938 2118
458 12982 4110
459 12994 5566
460 13000 4392
461 13016 4234
462 13020 5776
463 13020 5846
464 13032 3524
465 13056 1220
466 13088 1352
467 13092 1760
468 13134 4348
469 13148 5380
470 13158 1298
471 13160 5768
472 13162 5526
473 13164 1414
474 13180 1494
475 13190 4344
476 13204 5586
477 13210 5810
478 13228 6626
479 13230 5550
480 13244 5236
481 13258 6696
482 13266 3432
483 13268 5732
484 13286 4812
485 13288 4514
486 13300 254
487 13338 6648
488 13370 5678
489 13396 6714
490 13400 4166
491 13402 4780
492 13442 6694
493 13444 4198
494 13462 4212
495 13474 6346
496 13478 8014
497 13486 6718
498 13498 4348
499 13506 4062
500 13508 6356
501 13520 4764
502 13532 4024
503 13546 3668
504 13546 6380
505 13570 3698
506 13600 4292
507 13648 4066
508 13662 6100
509 13700 4382
510 13820 4286
511 13868 3846
512 13892 5538
513 13932 4242
514 13958 4308
515 13966 5194
516 13970 6812
517 13972 6464
518 13986 3936
519 13988 5116
520 13994 6478
521 14024 4224
522 14032 5096
523 14058 4288
524 14172 5164
525 14184 5586
526 14200 5672
527 14204 4750
528 14236 5596
529 14252 6292
530 14256 5310
531 14276 5640
532 14284 7188
533 14338 4634
534 14350 5904
535 14404 6198
536 14416 5902
537 14452 5840
538 14454 5958
539 14472 5496
540 14484 5422
541 14488 7162
542 14492 5042
543 14522 5094
544 14522 7154
545 14528 5406
546 14530 5088
547 14534 5694
548 14540 5060
549 14548 6474
550 14564 5246
551 14584 5208
552 14614 5574
553 14624 5590
554 14716 5648
555 14718 5504
556 14734 6468
557 14742 7036
558 14776 5508
559 14776 5616
560 14806 5672
561 14806 5766
562 14818 5636
563 14832 5370
564 14838 5704
565 14854 5914
566 14914 7366
567 14924 5686
568 14930 5708
569 14930 7136
570 14962 5574
571 14966 7144
572 14992 5922
573 15014 6404
574 15064 7120
575 15080 5912
576 15198 7332
577 15204 5802
578 15212 7218
579 15216 5814
580 15216 7354
581 15294 7418
582 15362 7788
583 15376 7204
584 15412 6282
585 15454 6816
586 15600 8050
587 15626 7576
588 15704 6594
589 15712 6034
590 15748 6188
591 15756 6518
592 15770 6096
593 15790 6422
594 15812 7090
595 15846 8054
596 15928 6422
597 16110 6700
598 16890 7668
599 16958 8198
3 1 6 2 
4 4 9 0 3 
3 3 0 6 
3 1 2 13 
3 8 1 5 
3 4 16 7 
4 2 0 14 11 
3 12 5 18 
3 10 9 4 
6 41 45 58 1 8 10 
3 23 9 8 
4 13 6 33 19 
4 23 7 24 22 
3 16 3 11 
2 6 15 
2 14 21 
3 5 13 17 
3 18 16 20 
3 24 7 17 
3 20 11 26 
3 17 19 29 
2 15 25 
3 48 12 28 
3 57 10 12 
3 27 12 18 
2 21 47 
3 19 32 30 
3 28 24 31 
3 22 27 44 
3 31 20 30 
3 29 26 36 
3 46 27 29 
3 26 33 35 
5 32 11 43 38 34 
3 35 33 39 
3 37 32 34 
3 30 37 42 
3 36 35 50 
3 39 33 40 
3 34 38 52 
3 38 43 82 
3 45 9 61 
3 53 36 49 
3 40 33 47 
3 48 28 46 
4 62 9 41 63 
3 44 31 56 
3 43 25 93 
3 68 22 44 
3 42 50 80 
3 49 37 51 
4 50 52 104 89 
3 51 39 79 
3 70 42 54 
3 55 53 76 
3 65 54 72 
3 46 69 59 
3 61 23 60 
3 9 64 66 
3 95 56 96 
3 57 68 67 
3 63 41 57 
4 64 45 105 75 
3 45 61 78 
3 58 62 118 
3 71 55 81 
3 58 118 219 
3 78 60 103 
3 60 48 107 
3 56 70 88 
3 69 53 74 
3 73 65 84 
3 55 76 77 
3 74 71 83 
3 70 73 85 
3 62 145 119 
3 72 54 80 
3 81 72 97 
3 63 67 123 
3 52 82 110 
3 76 49 89 
3 65 77 92 
3 79 40 93 
3 73 84 86 
3 83 71 91 
3 88 74 87 
3 87 83 90 
3 85 86 114 
3 96 69 85 
3 80 51 109 
3 86 94 106 
3 94 84 92 
3 91 81 139 
4 82 47 135 131 
3 90 91 116 
3 102 59 98 
3 99 59 88 
3 77 109 139 
3 95 100 146 
3 101 96 133 
3 98 101 155 
3 100 99 154 
3 124 107 95 
3 113 67 108 
3 109 51 110 
3 62 129 141 
3 90 111 128 
3 108 68 102 
3 112 103 107 
4 97 89 104 134 
3 104 79 131 
3 106 116 153 
3 117 108 121 
4 137 103 115 122 
3 132 87 130 
2 113 117 
3 111 94 147 
3 120 115 112 
3 66 64 219 
3 75 174 586 
3 122 117 121 
3 120 112 125 
3 113 120 126 
3 78 137 129 
3 125 102 148 
3 121 124 127 
3 122 127 199 
3 126 125 236 
3 106 144 156 
3 105 123 142 
3 114 162 143 
4 138 110 93 135 
3 133 114 143 
3 99 132 136 
3 140 109 138 
3 131 93 486 
3 133 149 150 
3 123 113 142 
3 169 134 131 
3 92 97 140 
3 152 139 134 
3 145 105 190 
3 129 137 179 
3 132 130 164 
3 160 128 161 
3 75 141 175 
3 184 98 181 
3 153 116 152 
3 124 187 227 
3 150 136 170 
3 136 149 151 
3 159 150 158 
3 147 140 169 
3 111 147 161 
3 101 159 216 
3 100 197 168 
3 157 128 160 
3 172 162 156 
3 151 171 180 
3 154 151 178 
3 156 144 163 
3 144 153 166 
3 164 130 157 
3 195 160 165 
3 143 162 167 
3 201 163 166 
3 165 161 169 
3 173 164 172 
3 181 155 208 
4 166 152 138 465 
3 171 149 173 
3 158 170 177 
3 167 157 182 
3 177 170 167 
4 119 176 211 496 
3 176 145 192 
3 174 175 218 
3 171 173 183 
3 159 193 207 
3 190 142 198 
3 158 186 196 
3 146 168 209 
3 183 172 200 
3 186 177 182 
3 185 146 210 
3 189 184 188 
3 180 183 202 
3 148 191 225 
3 194 185 217 
3 191 185 194 
3 141 179 192 
3 187 189 220 
3 175 190 205 
3 178 196 207 
3 220 189 188 
3 206 163 201 
3 193 180 221 
3 155 204 215 
3 179 199 205 
3 198 126 222 
3 203 182 206 
3 195 165 439 
3 223 186 203 
3 202 200 258 
3 197 216 233 
3 192 198 218 
3 263 200 195 
3 178 193 237 
3 214 168 215 
3 210 181 213 
3 212 184 209 
3 174 241 532 
3 217 210 213 
3 212 209 214 
3 213 208 224 
3 208 197 231 
3 204 154 226 
3 188 212 234 
3 176 205 253 
3 66 118 599 
3 228 191 194 
3 196 223 244 
3 199 230 246 
3 221 202 250 
3 229 214 231 
3 227 187 228 
3 216 237 248 
4 148 225 249 275 
3 225 220 232 
3 234 224 239 
3 222 236 246 
3 224 215 235 
3 249 228 242 
3 235 204 245 
3 242 217 229 
3 238 231 233 
3 230 127 296 
3 226 207 255 
3 247 235 240 
3 243 229 247 
3 238 245 262 
3 211 251 286 
3 232 234 243 
4 257 264 242 239 
4 254 221 250 266 
3 240 233 248 
3 222 230 252 
3 277 239 238 
3 245 226 261 
3 227 232 265 
3 244 223 258 
3 241 260 312 
3 253 246 284 
3 218 252 260 
3 255 244 259 
3 237 254 256 
3 261 255 259 
3 281 243 269 
3 250 203 263 
3 256 254 272 
3 251 253 305 
3 267 248 256 
3 279 240 270 
3 258 206 412 
3 281 271 243 
3 274 249 271 
3 272 244 273 
3 268 261 283 
3 282 270 267 
3 285 257 277 
3 280 262 268 
3 300 265 264 
3 259 266 276 
3 266 411 276 
3 294 275 265 
3 294 227 274 
3 272 273 415 
3 269 247 278 
3 289 277 279 
3 278 262 292 
3 316 270 282 
3 290 264 257 
3 280 268 304 
3 304 267 353 
3 252 308 305 
3 288 269 287 
3 241 293 388 
3 288 285 289 
3 290 285 287 
3 287 278 291 
3 295 281 288 
3 297 289 328 
3 279 316 326 
3 286 306 299 
3 296 275 274 
3 300 290 297 
3 236 294 298 
3 301 295 291 
3 308 296 302 
3 293 319 362 
3 302 271 295 
3 318 307 297 
3 303 298 300 
3 310 302 307 
3 320 282 283 
3 260 284 311 
3 319 293 315 
3 314 303 301 
3 284 298 309 
3 311 308 310 
3 309 303 313 
3 312 305 309 
3 251 311 321 
3 317 310 314 
3 313 307 318 
3 306 322 327 
3 330 292 280 
3 321 313 323 
3 314 301 336 
3 299 306 349 
3 332 304 342 
3 322 312 317 
3 315 321 324 
3 324 317 331 
3 325 322 323 
3 327 324 338 
3 328 292 330 
3 315 325 329 
3 291 326 335 
3 341 327 346 
3 326 316 333 
3 338 323 344 
3 358 320 355 
3 334 330 347 
3 345 335 333 
3 337 328 334 
3 318 337 339 
3 336 335 345 
3 325 331 340 
3 344 336 348 
3 338 354 343 
3 359 329 371 
3 387 320 353 
3 346 340 360 
3 350 331 339 
3 357 337 334 
3 364 329 343 
3 352 333 358 
3 350 339 357 
3 362 319 359 
3 351 344 348 
3 363 354 350 
3 373 356 347 
3 342 283 419 
3 360 340 351 
3 392 332 367 
3 365 357 352 
4 365 348 345 356 
3 378 347 332 
3 349 341 382 
3 361 343 354 
3 377 368 360 
3 299 349 384 
3 383 351 369 
3 370 346 366 
3 369 357 356 
3 376 364 368 
4 402 395 355 387 
3 379 366 361 
3 363 365 372 
3 371 364 376 
3 341 370 375 
3 381 369 373 
3 374 372 352 
3 385 373 378 
3 400 371 389 
3 370 366 379 
3 380 361 383 
3 391 374 358 
3 376 368 380 
3 389 379 377 
3 394 372 385 
3 386 359 401 
3 398 377 363 
3 390 362 386 
3 381 374 397 
3 384 382 424 
3 367 342 409 
3 286 390 393 
3 410 375 380 
3 388 384 403 
3 397 378 392 
3 391 355 396 
3 481 388 449 
3 398 381 407 
3 406 396 367 
3 399 392 395 
3 385 391 399 
3 408 383 394 
3 404 397 396 
3 401 375 416 
3 382 400 423 
3 430 405 367 
3 449 390 437 
3 431 407 399 
3 446 406 402 
3 451 395 405 
3 414 394 404 
3 410 398 413 
3 420 387 429 
3 416 389 408 
3 417 273 412 
3 411 263 426 
3 445 408 418 
3 418 407 421 
3 419 276 417 
3 422 400 410 
3 415 411 425 
3 443 413 414 
3 428 353 415 
3 435 430 409 
3 484 414 432 
3 427 416 434 
3 424 401 427 
3 437 386 423 
3 433 417 426 
3 425 412 436 
3 423 422 434 
3 429 419 433 
3 438 409 428 
3 450 402 420 
3 451 432 404 
3 460 421 431 
3 441 428 425 
3 427 422 442 
3 455 464 420 
3 447 426 439 
3 403 424 456 
3 454 429 440 
3 436 201 466 
3 482 438 444 
3 444 433 447 
3 453 434 445 
3 480 418 484 
3 448 440 441 
3 442 413 459 
3 458 405 450 
4 448 441 436 457 
3 503 444 447 
3 393 403 452 
3 490 446 430 
3 461 431 406 
3 478 449 495 
4 456 442 462 463 
3 482 455 438 
3 464 435 454 
3 495 437 453 
3 511 447 467 
3 475 461 446 
3 445 469 472 
3 485 491 432 
3 468 451 458 
3 453 476 471 
3 500 453 477 
3 502 435 455 
4 470 466 169 486 
3 473 439 465 
3 518 457 474 
3 485 461 475 
3 472 459 480 
3 473 465 486 
3 477 462 483 
3 479 459 469 
3 474 466 470 
3 589 467 473 
3 498 468 458 
3 488 462 479 
3 508 463 471 
3 487 481 452 
3 476 472 512 
3 469 443 515 
3 489 393 478 
3 503 454 440 
3 534 471 488 
3 443 421 491 
3 501 460 468 
5 598 592 470 465 135 
3 492 478 504 
3 483 476 526 
3 497 532 481 
3 493 450 499 
3 484 460 501 
3 516 497 487 
3 506 494 490 
3 509 498 493 
3 500 452 456 
3 174 566 582 
3 544 489 492 
3 522 475 494 
3 510 490 502 
3 504 495 463 
3 519 491 485 
3 507 499 464 
3 505 482 448 
3 517 487 500 
3 521 507 503 
3 509 493 510 
3 513 502 505 
3 529 517 477 
3 527 494 506 
3 514 506 499 
3 518 521 457 
3 525 479 515 
3 523 514 507 
3 527 510 513 
3 512 480 519 
3 557 492 520 
3 520 504 508 
3 533 511 467 
3 515 501 522 
3 516 517 529 
3 523 505 511 
3 524 519 498 
3 542 513 521 
3 550 530 522 
3 528 512 530 
3 547 488 531 
3 542 509 514 
3 531 525 539 
3 520 508 535 
3 540 525 524 
3 526 528 553 
3 211 489 541 
3 563 548 518 
3 535 483 536 
3 549 529 534 
3 538 534 537 
3 536 547 561 
3 556 536 565 
3 552 528 540 
3 539 530 545 
3 566 532 544 
3 543 527 523 
3 551 542 546 
3 541 497 569 
3 555 540 550 
3 570 543 548 
3 537 526 554 
3 563 546 533 
3 557 535 556 
3 545 524 551 
3 558 550 543 
3 559 553 539 
3 554 531 552 
3 560 547 553 
3 558 559 545 
4 574 549 538 573 
3 569 516 549 
3 567 555 551 
3 562 552 555 
3 564 554 562 
3 565 537 564 
3 567 560 559 
3 577 548 533 
3 568 561 560 
3 572 538 561 
3 496 541 580 
4 568 562 558 570 
3 575 564 567 
3 571 544 557 
3 577 567 546 
3 576 569 574 
3 584 565 575 
3 585 556 584 
3 578 571 556 
3 593 572 568 
3 580 571 578 
3 579 570 563 
3 576 574 583 
3 590 593 577 
3 581 566 576 
3 582 580 583 
3 586 496 581 
4 587 581 578 585 
3 591 573 572 
3 583 573 588 
3 595 119 582 
3 595 583 594 
3 594 585 591 
3 592 590 474 
3 596 579 589 
3 597 588 584 
3 596 589 486 
3 597 575 579 
3 599 587 588 
3 599 586 587 
3 597 590 592 
4 598 591 593 596 
3 599 597 486 
4 219 595 594 598 
