800
0 8 6942
1 132 8158
2 196 8094
3 262 8298
4 308 8288
5 334 7364
6 402 7180
7 426 7116
8 446 7734
9 460 7744
10 464 7702
11 506 7766
12 522 5628
13 524 7830
14 526 7874
15 544 7706
16 544 7722
17 548 7898
18 550 4970
19 552 4926
20 578 7972
21 614 4960
22 620 4834
23 718 5286
24 736 5132
25 782 4656
26 840 5358
27 844 5178
28 848 5186
29 904 4852
30 1046 7646
31 1048 5682
32 1060 4616
33 1266 4216
34 1280 4604
35 1286 5388
36 1300 8508
37 1314 7346
38 1402 4378
39 1408 4360
40 1466 4480
41 1466 7674
42 1534 5410
43 1540 4184
44 1662 3760
45 1676 4764
46 1686 3844
47 1710 3716
48 1788 3940
49 1836 3674
50 1874 3784
51 1882 3624
52 1988 3882
53 2014 8414
54 2024 3406
55 2094 3768
56 2096 7480
57 2104 3388
58 2112 3696
59 2128 3288
60 2146 3292
61 2168 4924
62 2224 6626
63 2230 3728
64 2298 6664
65 2546 9416
66 2752 4374
67 2936 9344
68 2970 8926
69 2976 8844
70 2980 8880
71 3016 3364
72 3072 9238
73 3086 9304
74 3088 6328
75 3092 9562
76 3144 2966
77 3144 4698
78 3202 9614
79 3206 9612
80 3292 9332
81 3340 4154
82 3370 9442
83 3428 5362
84 3448 5772
85 3494 3644
86 3584 3616
87 3594 3532
88 3674 3594
89 3694 3194
90 3706 3568
91 3850 3112
92 3876 3262
93 3894 6468
94 3908 3250
95 3978 2322
96 3980 2276
97 4092 9564
98 4224 436
99 4330 9606
100 4406 2530
101 4482 4530
102 4536 7054
103 4786 4620
104 4922 986
105 5024 5402
106 5202 6866
107 5218 4154
108 5224 4626
109 5296 6402
110 5340 3386
111 5450 5486
112 5460 9514
113 5554 266
114 5576 1476
115 5676 5268
116 5692 9450
117 5726 5432
118 5740 5498
119 5786 5262
120 5808 7964
121 5834 774
122 5974 7864
123 6064 3404
124 6106 8024
125 6114 7984
126 6164 8174
127 6176 7876
128 6182 8008
129 6196 1664
130 6202 7980
131 6230 8172
132 6288 5754
133 6310 7990
134 6314 7904
135 6326 7872
136 6350 7874
137 6378 7858
138 6404 7920
139 6448 4382
140 6458 7936
141 6470 7928
142 6478 8924
143 6496 126
144 6500 8148
145 6510 148
146 6522 110
147 6552 482
148 6576 3134
149 6584 3634
150 6594 3584
151 6616 9118
152 6624 4066
153 6660 3644
154 6724 4414
155 6764 1924
156 6806 9182
157 6900 1204
158 6916 2350
159 6920 178
160 6924 7608
161 6952 8260
162 6956 6552
163 7020 2176
164 7038 2984
165 7068 744
166 7142 1336
167 7178 1280
168 7258 8506
169 7258 8508
170 7284 3288
171 7294 8314
172 7302 8500
173 7308 8498
174 7314 2010
175 7332 1768
176 7342 4292
177 7352 1950
178 7356 8382
179 7394 1972
180 7402 4842
181 7454 7072
182 7482 3104
183 7484 2474
184 7502 4214
185 7520 326
186 7564 5118
187 7584 2108
188 7618 2354
189 7638 2112
190 7644 2252
191 7648 1364
192 7716 2346
193 7726 1880
194 7746 1414
195 7748 2468
196 7756 2082
197 7770 2614
198 7796 286
199 7830 4474
200 7830 8174
201 7846 230
202 7854 246
203 7858 2712
204 7860 2260
205 7860 2728
206 7890 4182
207 7894 2658
208 7896 2252
209 7922 2778
210 7982 3270
211 7998 4834
212 8002 4224
213 8006 2736
214 8012 2370
215 8012 4058
216 8036 3484
217 8042 7942
218 8044 1926
219 8050 3314
220 8064 6000
221 8076 4400
222 8088 8544
223 8098 3306
224 8102 9260
225 8104 8528
226 8112 7944
227 8118 3410
228 8170 8388
229 8172 6628
230 8192 4122
231 8198 5810
232 8226 3252
233 8254 3674
234 8366 4402
235 8374 4376
236 8396 5912
237 8410 4192
238 8412 7746
239 8430 4574
240 8470 4380
241 8476 2470
242 8506 2422
243 8512 4148
244 8562 2458
245 8584 3372
246 8596 3336
247 8628 4302
248 8652 5422
249 8654 2586
250 8656 2618
251 8670 6578
252 8670 7212
253 8712 5360
254 8720 2518
255 8720 3374
256 8742 7354
257 8748 2806
258 8748 6774
259 8754 3722
260 8778 3300
261 8778 5218
262 8778 5282
263 8800 2398
264 8858 3242
265 8858 8508
266 8878 3166
267 8880 3474
268 8896 2502
269 8900 3212
270 8902 4910
271 8910 4190
272 8926 7224
273 8930 7464
274 8944 2730
275 8950 2662
276 8968 2562
277 8996 2592
278 9036 3268
279 9048 6022
280 9054 4688
281 9066 3302
282 9092 6002
283 9108 2638
284 9114 3566
285 9130 5506
286 9172 3120
287 9204 7762
288 9214 7022
289 9226 5454
290 9258 7110
291 9260 7028
292 9290 3894
293 9296 7032
294 9318 7062
295 9384 3222
296 9406 5848
297 9434 6922
298 9456 6758
299 9486 7038
300 9530 5136
301 9552 4408
302 9572 3984
303 9572 5122
304 9600 2664
305 9618 6618
306 9646 3860
307 9652 4150
308 9726 5284
309 9732 2718
310 9740 6218
311 9748 6048
312 9772 6058
313 9858 6054
314 9886 2580
315 9898 5062
316 9952 2740
317 9966 2498
318 9968 5256
319 9974 2440
320 10002 2482
321 10006 5694
322 10014 6004
323 10018 5978
324 10032 4996
325 10034 2666
326 10050 5066
327 10060 2926
328 10070 3172
329 10070 6280
330 10102 3158
331 10102 3238
332 10110 5246
333 10116 5832
334 10118 4538
335 10122 4346
336 10152 5194
337 10154 3610
338 10154 4050
339 10156 5242
340 10180 2520
341 10198 2508
342 10200 5154
343 10208 4596
344 10212 5100
345 10214 3890
346 10222 4350
347 10230 4198
348 10254 3882
349 10270 6632
350 10284 6534
351 10290 7114
352 10300 4056
353 10320 6918
354 10372 3988
355 10378 6108
356 10386 3980
357 10462 7298
358 10464 6216
359 10466 5184
360 10470 3830
361 10470 4308
362 10478 6218
363 10492 6324
364 10546 4234
365 10546 4928
366 10552 4930
367 10584 3262
368 10596 3844
369 10604 5474
370 10616 4680
371 10632 4070
372 10672 6848
373 10680 6842
374 10710 2816
375 10710 6218
376 10712 4950
377 10714 2812
378 10720 5584
379 10720 6000
380 10722 6100
381 10748 6114
382 10762 6032
383 10770 6172
384 10792 6010
385 10804 6284
386 10806 6204
387 10808 6444
388 10812 3988
389 10822 3980
390 10824 6444
391 10832 6020
392 10832 6264
393 10838 6234
394 10848 6256
395 10918 2668
396 10936 4744
397 10956 4732
398 10960 3528
399 10960 4528
400 10974 2866
401 10984 6100
402 10994 4514
403 11006 4344
404 11022 2682
405 11034 3456
406 11056 4464
407 11062 8194
408 11068 4738
409 11096 4882
410 11102 3250
411 11102 4040
412 11120 4466
413 11134 4456
414 11182 4010
415 11184 4468
416 11188 5924
417 11218 4076
418 11220 4370
419 11246 2950
420 11246 4320
421 11246 4348
422 11252 4440
423 11264 6192
424 11290 4296
425 11300 6056
426 11318 4142
427 11334 5476
428 11338 5460
429 11344 5542
430 11344 6220
431 11352 4128
432 11390 5526
433 11404 5294
434 11406 4658
435 11408 3782
436 11430 5246
437 11442 4128
438 11456 5032
439 11458 5974
440 11462 3412
441 11462 3898
442 11462 5164
443 11462 6054
444 11470 5538
445 11480 6958
446 11482 5048
447 11494 5724
448 11508 4946
449 11524 4344
450 11542 3322
451 11542 4374
452 11552 6658
453 11570 5196
454 11582 5086
455 11602 2508
456 11606 4026
457 11618 5894
458 11628 5862
459 11634 5354
460 11634 5780
461 11674 4658
462 11680 4318
463 11684 3316
464 11686 5926
465 11688 5288
466 11690 6082
467 11692 6424
468 11718 3286
469 11736 5172
470 11792 4954
471 11808 4664
472 11814 5820
473 11822 3636
474 11822 3748
475 11822 4638
476 11832 3654
477 11834 4982
478 11842 7518
479 11844 5264
480 11884 3526
481 11892 4764
482 11898 4888
483 11900 4308
484 11902 4916
485 11904 5430
486 11906 5482
487 11910 3826
488 11918 3668
489 11936 2606
490 11936 5492
491 11940 3704
492 11940 4342
493 11940 6464
494 11946 3592
495 11972 6596
496 12000 3854
497 12002 3016
498 12014 334
499 12014 4350
500 12036 4362
501 12036 4364
502 12042 4616
503 12044 3744
504 12070 3938
505 12074 3400
506 12080 3658
507 12086 5534
508 12088 6288
509 12092 3786
510 12112 6236
511 12126 3926
512 12166 5760
513 12168 6222
514 12186 3344
515 12186 3920
516 12186 6194
517 12194 5914
518 12198 6882
519 12212 3500
520 12214 6272
521 12218 5636
522 12230 5566
523 12234 2790
524 12236 5508
525 12252 6356
526 12254 5580
527 12258 5244
528 12270 4882
529 12280 6388
530 12286 3974
531 12298 6242
532 12314 3876
533 12340 1928
534 12358 1942
535 12358 5788
536 12364 5086
537 12368 5124
538 12370 4866
539 12378 2618
540 12380 3938
541 12392 3930
542 12392 4672
543 12406 5110
544 12412 2044
545 12422 1916
546 12430 2252
547 12446 4532
548 12448 2618
549 12462 452
550 12464 2090
551 12464 4442
552 12482 2568
553 12488 3170
554 12498 5076
555 12500 3208
556 12506 4062
557 12512 2208
558 12524 1998
559 12526 3974
560 12530 3486
561 12536 3288
562 12542 3564
563 12544 2304
564 12556 2284
565 12556 2370
566 12556 3594
567 12590 2680
568 12596 5994
569 12602 6260
570 12604 4008
571 12618 3644
572 12630 1972
573 12634 5758
574 12650 1914
575 12664 3290
576 12666 1568
577 12670 2598
578 12676 2800
579 12680 1378
580 12690 5844
581 12702 1948
582 12724 5934
583 12736 1570
584 12744 2108
585 12746 4124
586 12746 4226
587 12746 5556
588 12754 2122
589 12758 5956
590 12768 2060
591 12770 2026
592 12780 5784
593 12782 2108
594 12786 4256
595 12790 5894
596 12794 3516
597 12796 2252
598 12798 954
599 12800 1728
600 12810 5998
601 12814 2300
602 12842 6396
603 12844 3174
604 12848 3700
605 12852 4132
606 12920 6096
607 12922 3670
608 12926 7512
609 12930 2240
610 12934 3732
611 12934 4274
612 12938 3644
613 12944 5466
614 12954 3738
615 12954 3756
616 12954 4192
617 12974 1732
618 12980 5912
619 12982 3820
620 12984 3732
621 12986 3440
622 12998 6120
623 13000 4046
624 13016 6458
625 13024 5890
626 13032 5736
627 13034 5546
628 13038 4160
629 13042 1280
630 13060 5284
631 13066 6058
632 13070 1852
633 13074 5550
634 13082 4292
635 13084 1390
636 13086 3730
637 13102 1770
638 13104 1726
639 13106 5664
640 13108 5658
641 13110 1738
642 13122 1406
643 13124 4392
644 13130 4388
645 13138 1690
646 13152 3582
647 13170 1360
648 13172 400
649 13196 5712
650 13208 5464
651 13222 4374
652 13226 3378
653 13236 6562
654 13246 4636
655 13248 5540
656 13250 5566
657 13264 4164
658 13268 4518
659 13270 4318
660 13282 6584
661 13282 6718
662 13284 3948
663 13292 5960
664 13292 6108
665 13292 6726
666 13322 4762
667 13344 5728
668 13346 6522
669 13348 4122
670 13358 4276
671 13360 4000
672 13362 6834
673 13370 3972
674 13370 4406
675 13372 6290
676 13384 3962
677 13432 6754
678 13436 5748
679 13476 4346
680 13492 5610
681 13498 4346
682 13506 3914
683 13524 4406
684 13558 4558
685 13562 5934
686 13566 6484
687 13572 5082
688 13574 3850
689 13582 3852
690 13594 144
691 13644 4224
692 13652 5724
693 13672 4256
694 13678 4002
695 13682 3748
696 13724 182
697 13766 4180
698 13768 4186
699 13774 3732
700 13798 5112
701 13836 4170
702 13860 4020
703 13918 6512
704 13930 3890
705 13930 5572
706 13938 5094
707 13938 5312
708 13950 4346
709 13972 5280
710 13974 5070
711 13986 5142
712 14040 5188
713 14044 3954
714 14052 5314
715 14070 4306
716 14090 6422
717 14094 5836
718 14164 4762
719 14172 5348
720 14174 5622
721 14188 5042
722 14192 5086
723 14274 4720
724 14298 5254
725 14304 4592
726 14306 5246
727 14366 5426
728 14372 5326
729 14376 5326
730 14378 5188
731 14378 5838
732 14394 5938
733 14416 6458
734 14434 6752
735 14448 6770
736 14484 5422
737 14494 5976
738 14534 5070
739 14536 5728
740 14594 5766
741 14644 5186
742 14658 5452
743 14664 5406
744 14682 5492
745 14734 5530
746 14750 5464
747 14780 5624
748 14782 5730
749 14794 5862
750 14824 5696
751 14844 5734
752 14882 5934
753 14884 6458
754 14900 5600
755 14920 6008
756 14928 5880
757 14982 5574
758 14982 5832
759 14996 6244
760 15000 5786
761 15004 5886
762 15018 5722
763 15038 5880
764 15048 5800
765 15048 5808
766 15120 5812
767 15136 7304
768 15182 5804
769 15226 7228
770 15232 7170
771 15236 7294
772 15256 5842
773 15266 5994
774 15344 5816
775 15372 7118
776 15380 6088
777 15384 6078
778 15414 7482
779 15436 7154
780 15450 7528
781 15480 7076
782 15520 6082
783 15524 5954
784 15578 6016
785 15580 6176
786 15586 5972
787 15724 7394
788 15770 7552
789 15776 6442
790 15794 6282
791 15798 6322
792 15870 6078
793 15882 6282
794 15894 6388
795 15940 6442
796 16012 6500
797 16026 6086
798 16872 8076
799 16916 7406
2 1 19 
4 3 0 5 2 
3 1 8 14 
3 65 1 4 
3 36 3 20 
3 1 18 6 
3 5 12 7 
3 10 6 26 
3 9 2 10 
3 11 13 8 
3 15 8 7 
3 13 9 16 
3 6 18 23 
4 14 9 11 37 
3 17 2 13 
3 16 10 31 
3 11 15 62 
3 20 14 30 
3 12 5 19 
4 21 18 0 22 
3 4 17 41 
3 24 19 29 
4 19 98 25 32 
3 12 24 27 
3 23 21 29 
3 22 98 33 
3 31 7 28 
3 28 23 34 
3 35 26 27 
3 24 21 32 
3 41 17 37 
3 15 26 35 
3 29 22 39 
3 25 44 46 
4 45 27 38 40 
3 42 31 28 
4 69 68 4 53 
3 30 13 64 
3 34 39 43 
3 38 32 46 
3 34 48 66 
3 20 30 56 
3 62 35 45 
3 38 51 50 
3 33 98 47 
3 61 42 34 
3 39 33 49 
3 44 54 49 
3 40 50 52 
3 46 47 51 
3 48 43 57 
3 43 49 54 
3 48 55 85 
3 36 122 120 
3 51 47 59 
3 52 58 63 
3 41 93 102 
3 58 50 60 
3 55 57 76 
3 60 54 98 
3 57 59 104 
3 83 45 77 
3 64 16 42 
3 55 71 87 
3 37 62 74 
4 75 78 3 67 
3 77 40 81 
3 65 73 80 
3 72 36 70 
3 70 36 124 
3 68 69 126 
3 63 76 89 
3 73 68 131 
4 67 72 169 222 
3 93 64 84 
3 79 65 82 
3 71 58 96 
3 61 66 101 
3 65 79 99 
3 78 75 97 
3 82 67 142 
3 107 66 85 
3 75 80 151 
3 105 84 61 
3 74 83 111 
3 81 52 86 
3 85 87 88 
3 86 63 89 
3 86 90 110 
3 87 71 91 
3 88 92 164 
3 92 89 95 
3 90 91 94 
3 56 74 109 
3 92 100 158 
3 100 91 96 
3 95 76 104 
3 79 116 112 
6 59 44 25 22 146 113 
2 78 112 
3 94 95 114 
3 103 77 107 
3 122 56 106 
3 108 105 101 
4 96 60 113 121 
3 111 83 103 
3 102 109 162 
3 101 81 149 
3 115 103 139 
3 106 93 132 
3 123 88 148 
3 118 84 105 
5 99 97 116 780 224 
3 104 98 143 
3 129 100 121 
3 117 108 119 
3 112 97 156 
4 118 115 119 180 
3 132 111 117 
3 117 115 154 
3 125 53 127 
3 114 104 147 
3 127 53 102 
3 150 110 148 
3 69 125 128 
3 124 120 130 
3 70 133 131 
3 120 122 135 
3 124 130 133 
3 155 114 157 
3 128 125 134 
3 72 126 144 
3 109 118 186 
4 126 128 138 140 
3 138 130 136 
3 136 127 162 
4 134 135 137 160 
3 136 181 251 
3 141 133 134 
3 154 108 152 
3 133 141 272 
3 140 138 252 
3 151 80 265 
3 145 113 146 
3 161 131 256 
3 159 147 143 
3 690 143 98 
3 157 121 145 
3 123 110 164 
3 153 107 150 
3 149 123 182 
3 156 82 142 
3 139 153 210 
3 152 149 170 
3 119 139 176 
3 174 163 129 
3 116 151 407 
3 166 129 147 
3 183 94 163 
4 201 185 165 145 
3 136 313 258 
3 171 168 144 
3 135 106 220 
3 183 158 155 
3 148 90 205 
3 191 167 159 
3 177 157 167 
3 175 166 165 
3 169 161 178 
3 73 168 172 
3 153 182 249 
3 178 161 217 
3 169 173 228 
3 172 287 518 
3 188 155 177 
3 187 179 167 
3 199 154 184 
3 179 174 166 
3 168 171 200 
3 190 177 175 
3 117 199 211 
3 137 236 229 
3 170 150 209 
3 197 158 163 
3 176 216 206 
3 319 159 198 
3 231 132 211 
3 189 190 175 
3 195 197 174 
3 204 187 196 
3 192 179 187 
3 194 193 165 
3 214 195 190 
3 218 196 191 
3 317 218 191 
3 207 188 192 
3 208 189 193 
3 203 183 188 
3 533 185 202 
3 180 176 221 
3 178 226 287 
3 498 202 159 
3 579 198 201 
3 205 197 207 
3 214 189 208 
3 209 164 203 
3 212 184 215 
3 203 195 241 
3 242 204 196 
3 182 205 213 
3 219 152 250 
3 186 180 239 
3 221 206 230 
2 209 244 
3 241 192 204 
3 230 206 233 
3 184 219 227 
3 226 171 238 
3 263 193 194 
3 216 210 223 
3 162 231 236 
3 234 199 212 
3 73 225 265 
3 227 219 232 
2 112 798 
3 222 228 608 
3 200 217 238 
3 233 216 223 
3 225 172 478 
3 181 279 251 
3 237 212 215 
3 220 186 248 
3 246 223 257 
3 215 227 245 
3 239 221 235 
3 240 234 237 
3 181 220 285 
3 235 230 243 
3 226 217 273 
3 261 211 234 
3 270 235 247 
3 207 214 244 
3 268 244 208 
3 247 237 259 
4 254 213 241 242 
3 255 233 246 
3 245 232 260 
3 240 243 271 
3 285 231 253 
3 250 170 254 
3 257 210 249 
3 137 229 312 
3 141 288 291 
3 289 248 262 
3 276 249 244 
3 267 245 260 
3 273 144 272 
3 232 250 275 
3 160 310 298 
3 292 243 267 
3 255 246 264 
3 262 239 270 
3 253 261 300 
3 314 268 218 
3 260 266 269 
3 142 222 407 
3 269 264 274 
3 284 259 255 
3 304 242 263 
3 278 264 266 
3 261 240 280 
3 280 247 292 
3 256 140 290 
3 238 256 351 
3 286 266 275 
3 274 257 277 
3 304 277 254 
3 283 275 276 
3 281 269 286 
3 229 318 282 
3 270 271 301 
3 345 284 278 
3 311 279 296 
3 309 295 277 
3 306 267 281 
3 236 248 289 
3 295 278 274 
3 173 200 357 
3 291 252 298 
3 285 253 308 
3 272 294 299 
3 293 252 288 
3 302 271 259 
3 294 291 297 
3 290 293 350 
3 337 286 283 
3 282 332 321 
3 293 355 358 
3 288 258 305 
3 290 349 353 
3 308 262 303 
3 280 307 335 
3 307 292 306 
3 300 334 315 
3 316 276 268 
3 298 310 329 
3 338 302 284 
3 301 302 338 
3 289 300 318 
3 316 328 283 
3 305 258 322 
3 312 282 333 
3 251 311 313 
3 160 312 323 
3 325 263 317 
3 326 303 324 
4 327 309 304 325 
3 314 194 320 
3 279 308 336 
3 341 320 185 
3 340 317 319 
3 333 296 369 
3 329 310 323 
3 322 313 378 
3 326 315 343 
3 374 316 314 
3 344 315 324 
3 367 330 316 
3 331 309 330 
3 305 322 355 
3 414 328 327 
4 411 368 337 328 
3 296 336 339 
3 311 321 378 
3 343 303 346 
3 346 301 347 
3 332 318 342 
3 360 295 331 
3 352 307 306 
3 369 332 359 
3 377 320 341 
3 395 340 319 
3 336 344 366 
3 370 324 334 
3 342 326 365 
3 354 281 348 
3 334 335 361 
4 364 361 335 352 
3 356 345 360 
3 299 385 387 
3 294 363 392 
3 357 273 353 
3 347 338 354 
3 351 299 372 
3 352 345 356 
3 297 329 428 
3 371 354 348 
3 287 351 445 
3 362 297 379 
3 339 376 446 
3 368 348 337 
3 399 346 347 
3 363 358 380 
3 350 362 375 
3 403 347 371 
3 366 344 370 
3 376 342 365 
3 398 327 374 
3 389 360 331 
3 321 339 442 
3 396 365 343 
3 364 356 388 
3 445 353 373 
3 372 390 452 
3 367 325 377 
3 363 383 386 
3 359 366 409 
3 400 374 340 
3 323 333 433 
3 382 358 427 
3 381 362 382 
3 383 380 391 
3 380 379 384 
3 375 381 416 
3 391 382 429 
3 387 349 392 
3 393 375 401 
3 390 349 385 
3 420 371 389 
3 411 388 368 
3 373 387 423 
3 381 384 444 
3 385 350 394 
3 394 386 439 
3 392 393 425 
3 404 400 341 
3 409 370 397 
3 408 396 399 
3 414 367 405 
3 397 361 402 
3 410 377 395 
3 386 416 460 
3 434 399 406 
3 418 406 364 
3 419 395 455 
3 435 398 410 
3 412 402 403 
3 156 265 767 
3 448 397 434 
3 438 376 396 
3 440 405 400 
3 417 389 331 
3 461 406 413 
3 415 412 418 
3 417 330 398 
3 475 413 422 
3 401 383 447 
3 426 411 414 
3 413 403 421 
3 450 404 489 
3 421 388 424 
3 422 418 420 
3 415 421 451 
3 430 390 443 
3 449 420 426 
3 394 439 443 
3 424 417 431 
3 429 379 428 
3 427 355 433 
3 384 427 432 
3 508 467 423 
3 437 426 441 
3 444 429 459 
3 428 378 436 
3 461 408 402 
3 441 405 440 
3 433 442 453 
3 462 431 456 
3 446 409 448 
3 425 393 457 
3 435 410 450 
3 431 435 473 
3 436 369 454 
4 466 423 425 464 
3 391 432 485 
3 357 372 518 
3 454 359 438 
3 416 485 486 
3 470 438 408 
3 451 424 462 
3 440 419 463 
3 422 449 492 
3 373 467 495 
3 436 477 469 
3 442 446 470 
3 489 404 546 
3 483 437 474 
3 439 458 472 
3 457 460 507 
3 432 465 479 
3 458 401 490 
3 471 434 412 
3 449 437 483 
3 473 450 468 
3 443 472 512 
3 459 469 528 
3 510 443 517 
3 493 452 430 
3 480 463 497 
3 465 453 477 
3 454 448 482 
3 481 461 475 
3 464 457 521 
3 476 441 463 
3 487 456 476 
3 471 415 501 
3 488 474 473 
3 469 453 484 
3 228 672 608 
3 459 528 536 
3 494 488 468 
3 482 471 502 
3 484 470 481 
3 492 462 456 
3 477 482 528 
3 447 444 537 
3 490 447 527 
3 496 499 474 
3 491 476 480 
3 539 419 455 
3 507 460 486 
3 503 496 488 
3 499 451 483 
3 495 467 529 
3 506 503 480 
3 661 452 493 
3 504 487 491 
4 514 505 468 523 
3 549 201 696 
3 500 492 487 
3 501 499 504 
3 502 475 500 
3 542 481 501 
3 509 491 494 
3 500 496 511 
3 519 506 497 
3 509 494 505 
3 522 458 490 
3 525 430 510 
3 511 503 506 
3 508 466 513 
3 504 509 515 
3 535 464 521 
3 520 510 516 
3 519 497 555 
3 530 511 532 
3 513 517 580 
3 516 466 535 
3 173 445 665 
3 532 505 514 
3 525 513 531 
3 512 472 526 
3 526 507 524 
3 553 497 539 
3 522 527 554 
3 529 508 520 
3 521 522 587 
3 524 486 543 
4 479 465 484 538 
3 602 493 525 
3 556 551 515 
3 569 520 568 
3 540 515 519 
3 534 198 545 
3 558 544 533 
3 517 512 573 
3 537 479 538 
3 485 536 543 
3 536 528 542 
3 548 523 489 
3 556 532 541 
3 559 540 560 
3 538 502 547 
3 527 537 554 
3 550 546 534 
3 533 576 574 
3 552 455 544 
3 542 551 643 
3 603 539 552 
3 598 498 648 
3 601 557 544 
3 547 530 594 
3 567 548 546 
3 575 555 523 
3 524 543 643 
3 561 514 553 
3 586 530 540 
3 564 563 550 
3 597 534 572 
3 570 541 562 
3 562 541 561 
3 596 560 555 
3 566 559 560 
3 565 557 564 
3 695 563 557 
3 577 567 563 
3 571 570 562 
3 578 552 565 
3 531 592 582 
3 602 531 606 
3 585 559 566 
3 604 605 566 
3 584 558 574 
3 580 535 587 
4 581 572 545 599 
3 621 636 553 
3 583 545 579 
3 652 578 565 
3 603 567 577 
3 576 202 598 
3 516 573 592 
3 591 574 617 
3 589 568 595 
3 599 576 635 
3 588 572 590 
3 605 586 570 
3 594 556 585 
3 573 526 613 
3 597 584 593 
3 600 582 618 
3 593 584 591 
3 590 581 632 
3 568 580 627 
3 609 588 590 
3 611 551 586 
3 582 626 625 
3 636 612 561 
3 601 558 588 
3 629 579 549 
3 617 574 583 
3 631 606 589 
3 699 550 597 
3 624 529 569 
3 621 548 578 
3 610 571 607 
3 616 585 571 
3 622 569 600 
3 620 604 612 
3 225 478 767 
3 713 593 632 
3 614 615 604 
3 634 594 616 
3 673 607 596 
3 627 587 630 
3 669 610 620 
3 679 619 610 
3 611 605 623 
3 581 599 638 
3 663 589 625 
3 657 623 615 
3 662 614 607 
3 646 575 603 
3 675 606 631 
3 628 616 619 
3 668 653 602 
3 618 595 678 
3 595 639 649 
3 633 592 613 
2 634 623 
3 635 598 648 
3 650 613 654 
3 664 622 600 
3 609 591 637 
3 656 640 627 
3 644 611 628 
3 642 583 629 
3 676 596 575 
3 786 632 641 
3 641 617 645 
3 649 626 640 
3 667 639 633 
3 793 637 638 
3 645 635 647 
3 554 547 644 
3 643 634 651 
3 792 638 642 
3 682 621 652 
3 797 642 648 
4 647 629 549 696 
3 667 626 639 
3 655 630 666 
3 658 644 659 
3 688 646 577 
3 660 624 668 
3 666 630 658 
3 656 650 687 
3 680 633 655 
3 670 659 619 
3 654 651 674 
3 674 651 657 
3 734 661 653 
3 665 495 660 
3 671 693 620 
3 664 618 685 
3 675 631 663 
3 677 518 661 
3 687 650 654 
3 678 649 640 
3 653 624 686 
3 718 681 614 
3 683 684 657 
3 691 662 673 
3 769 478 677 
3 671 612 676 
3 684 658 659 
3 686 622 664 
3 697 673 636 
3 735 672 665 
3 625 667 692 
3 681 683 615 
3 692 656 705 
3 721 679 669 
3 694 697 646 
3 722 670 679 
3 710 674 670 
3 732 663 717 
3 703 668 675 
3 700 655 666 
3 689 694 652 
3 702 688 695 
2 696 146 
3 693 671 698 
3 717 678 680 
3 718 662 691 
3 701 682 688 
3 689 564 699 
4 799 648 498 690 
4 708 698 676 682 
3 738 691 697 
3 704 695 601 
3 707 687 706 
3 715 708 694 
3 715 689 704 
3 734 686 716 
3 713 702 699 
3 720 680 707 
3 711 700 710 
3 705 700 709 
3 723 697 701 
3 714 707 711 
3 724 706 684 
3 712 709 706 
3 728 719 711 
3 783 704 609 
3 719 720 709 
3 725 701 702 
3 733 703 737 
3 731 685 692 
3 738 669 693 
3 727 714 712 
3 739 705 714 
3 730 722 681 
3 726 683 721 
3 741 708 725 
3 729 710 726 
3 774 723 715 
3 744 724 722 
3 748 719 736 
3 729 736 712 
3 745 728 724 
3 743 742 721 
3 749 717 740 
3 737 685 756 
3 753 734 716 
4 735 660 703 733 
3 770 677 734 
3 747 727 728 
3 716 732 752 
3 741 718 698 
3 748 740 720 
3 749 731 739 
3 757 738 723 
3 744 730 743 
3 746 742 730 
3 745 726 742 
3 762 729 744 
3 757 754 743 
3 764 750 736 
3 751 739 727 
3 756 731 740 
3 760 751 747 
3 758 748 750 
3 755 737 761 
3 775 733 759 
3 768 762 746 
3 776 759 752 
3 761 732 749 
4 774 772 746 741 
3 763 751 760 
3 781 753 755 
3 765 758 750 
3 752 756 763 
3 766 745 754 
3 773 761 758 
3 766 765 747 
3 773 760 764 
3 785 764 762 
3 407 608 771 
3 772 782 754 
3 771 672 770 
3 769 735 775 
3 778 767 769 
3 790 768 757 
3 777 763 765 
3 783 757 725 
3 779 770 753 
3 789 755 777 
3 785 776 773 
3 780 771 779 
3 778 775 781 
3 788 112 778 
3 787 779 759 
3 790 791 768 
3 784 774 713 
3 790 783 786 
3 791 777 766 
3 794 784 637 
3 788 781 789 
3 798 780 787 
3 795 787 776 
4 794 782 772 784 
3 794 785 782 
3 797 793 645 
3 796 641 792 
4 795 791 790 786 
3 796 789 794 
3 799 795 793 
3 799 792 647 
3 224 788 799 
4 798 796 797 696 
