900
0 204 7534
1 208 6620
2 210 8098
3 232 8290
4 234 8292
5 254 7980
6 276 7042
7 300 7034
8 312 7410
9 362 8342
10 380 7194
11 380 7864
12 408 5094
13 416 7182
14 418 7816
15 496 5716
16 500 4834
17 502 4952
18 520 7818
19 566 5024
20 612 4794
21 622 4968
22 630 4832
23 668 4588
24 674 4864
25 678 5116
26 688 4972
27 736 5176
28 758 5162
29 772 5128
30 792 5126
31 800 5194
32 818 5084
33 830 5024
34 958 4850
35 1016 4094
36 1036 4980
37 1048 7564
38 1222 4550
39 1240 4580
40 1274 4596
41 1300 5418
42 1318 5420
43 1324 4478
44 1336 5168
45 1408 4370
46 1412 3856
47 1484 4192
48 1516 8472
49 1622 3876
50 1650 3838
51 1720 3742
52 1736 3760
53 1748 3792
54 1750 5648
55 1758 3738
56 1772 3692
57 1772 3752
58 1864 3770
59 1950 5846
60 2004 4060
61 2038 3720
62 2080 3268
63 2096 3628
64 2106 7580
65 2134 3400
66 2178 7892
67 2308 3818
68 2336 5780
69 2506 9544
70 2514 3392
71 2552 3358
72 2576 3348
73 2606 4394
74 2612 4448
75 2732 3242
76 2794 9480
77 2820 3338
78 2850 3360
79 2880 3412
80 2924 9350
81 2962 9080
82 2972 8898
83 3030 8900
84 3036 9618
85 3048 8876
86 3060 9536
87 3118 9356
88 3142 9310
89 3176 8876
90 3178 8834
91 3216 9542
92 3218 9584
93 3256 4484
94 3350 6398
95 3384 8506
96 3438 3688
97 3488 3052
98 3506 3942
99 3516 5010
100 3542 3650
101 3570 3552
102 3578 5876
103 3588 3590
104 3590 5650
105 3596 6012
106 3608 5864
107 3654 3564
108 3680 5576
109 3872 3286
110 3950 5426
111 3976 8574
112 4108 5490
113 4174 5644
114 4176 5616
115 4336 9570
116 4412 9478
117 4486 1318
118 4492 1378
119 4626 2288
120 4722 5374
121 4736 4570
122 4770 4580
123 4896 2330
124 4920 7288
125 4990 1014
126 5206 9166
127 5212 4098
128 5240 4086
129 5242 4058
130 5428 9508
131 5428 9516
132 5498 1640
133 5542 5482
134 5542 8672
135 5566 9070
136 5572 2060
137 5580 6608
138 5624 5496
139 5666 5620
140 5686 5608
141 5694 5702
142 5700 5548
143 5754 5560
144 5756 5436
145 5760 5554
146 5762 5426
147 5770 5492
148 5778 5242
149 5798 5524
150 5840 748
151 5840 3562
152 5902 5060
153 5920 3276
154 6024 8396
155 6038 3214
156 6102 7952
157 6106 8232
158 6112 8254
159 6114 7988
160 6116 8248
161 6120 7916
162 6124 7904
163 6170 1204
164 6198 3820
165 6212 8212
166 6258 8010
167 6270 7880
168 6296 7972
169 6430 7910
170 6452 8002
171 6480 3122
172 6486 3790
173 6496 7864
174 6612 240
175 6620 4070
176 6638 4116
177 6658 3116
178 6668 102
179 6668 4150
180 6726 4412
181 6736 1678
182 6748 1636
183 6832 8490
184 6890 4210
185 6924 184
186 6982 7618
187 7004 2732
188 7026 2148
189 7032 2208
190 7034 1278
191 7062 1300
192 7088 4902
193 7168 1326
194 7178 1974
195 7196 866
196 7210 1214
197 7240 2122
198 7246 1976
199 7272 2018
200 7290 8494
201 7306 1976
202 7310 1270
203 7322 3956
204 7446 666
205 7460 2032
206 7480 2118
207 7498 1882
208 7500 2094
209 7532 2118
210 7594 3710
211 7624 1422
212 7626 8420
213 7652 2146
214 7654 2402
215 7656 7192
216 7672 4480
217 7674 5134
218 7698 1426
219 7706 2436
220 7720 1446
221 7722 2442
222 7726 2424
223 7736 1470
224 7774 2198
225 7798 2690
226 7800 3410
227 7814 286
228 7822 2226
229 7822 2900
230 7842 2612
231 7842 2710
232 7842 3624
233 7844 4490
234 7862 8314
235 7868 244
236 7892 4296
237 7894 2662
238 7924 5208
239 7940 1350
240 7944 4196
241 7964 1354
242 7964 4842
243 7966 3354
244 7976 2340
245 7992 2952
246 7998 3276
247 8004 5988
248 8014 2288
249 8032 6932
250 8038 4154
251 8042 3032
252 8042 5064
253 8094 3288
254 8108 3364
255 8136 3366
256 8152 3456
257 8188 3414
258 8210 3744
259 8238 3176
260 8298 6280
261 8302 6754
262 8372 4360
263 8400 4246
264 8402 3498
265 8402 4538
266 8406 4252
267 8438 5862
268 8450 2410
269 8450 2452
270 8478 3084
271 8490 4432
272 8512 3392
273 8520 2462
274 8534 4016
275 8550 2762
276 8552 2600
277 8572 3304
278 8576 2434
279 8580 2272
280 8586 2242
281 8594 2542
282 8618 3342
283 8628 2514
284 8672 2396
285 8674 2456
286 8698 4332
287 8704 3490
288 8750 3222
289 8770 2372
290 8784 5292
291 8794 3058
292 8846 4910
293 8878 5328
294 8888 7384
295 8896 3328
296 8942 4370
297 8990 4148
298 9004 6842
299 9014 4632
300 9018 6872
301 9038 2558
302 9054 2594
303 9094 6012
304 9096 7042
305 9106 3310
306 9114 6012
307 9114 7104
308 9128 4470
309 9156 7084
310 9186 2630
311 9198 7018
312 9202 7070
313 9204 2704
314 9218 4548
315 9222 2640
316 9244 4448
317 9244 5294
318 9252 6956
319 9260 4430
320 9260 4686
321 9262 2606
322 9282 6952
323 9290 6974
324 9302 7030
325 9342 6984
326 9356 5194
327 9360 8496
328 9400 5944
329 9462 3918
330 9488 2436
331 9496 6478
332 9504 4074
333 9506 5240
334 9512 3964
335 9544 2642
336 9576 3290
337 9578 4208
338 9708 6080
339 9712 4292
340 9722 3904
341 9760 4180
342 9798 2654
343 9816 2664
344 9820 6718
345 9834 2788
346 9836 2662
347 9840 2686
348 9858 2646
349 9864 6032
350 9868 5960
351 9874 2662
352 9874 6724
353 9902 5090
354 9916 2690
355 9930 2566
356 9938 2680
357 9940 2578
358 9948 3264
359 9982 1760
360 9996 3270
361 9996 5022
362 9998 3928
363 10018 4612
364 10020 2376
365 10026 5706
366 10042 2746
367 10054 5100
368 10074 5044
369 10078 5068
370 10092 5150
371 10108 2944
372 10134 3248
373 10138 4108
374 10150 5154
375 10170 6510
376 10180 4958
377 10188 4106
378 10194 5102
379 10210 4108
380 10232 4130
381 10240 5216
382 10242 4606
383 10266 2666
384 10272 4202
385 10272 5500
386 10274 3614
387 10282 4072
388 10306 4784
389 10318 5720
390 10326 6920
391 10336 2318
392 10340 5512
393 10362 4630
394 10370 6514
395 10374 2910
396 10378 5990
397 10384 3278
398 10386 6416
399 10388 6442
400 10408 4228
401 10418 3088
402 10462 3076
403 10468 6412
404 10478 5964
405 10480 2686
406 10482 6280
407 10492 3442
408 10502 4424
409 10520 4890
410 10534 5048
411 10540 2686
412 10588 3286
413 10594 6122
414 10616 3784
415 10624 6994
416 10628 6826
417 10636 2452
418 10638 5280
419 10638 6804
420 10642 6796
421 10644 2838
422 10648 6064
423 10650 4052
424 10662 3092
425 10690 6504
426 10704 2782
427 10712 4556
428 10714 6486
429 10722 6216
430 10724 2780
431 10728 2708
432 10730 2676
433 10742 2810
434 10748 3186
435 10748 5656
436 10756 3892
437 10774 4754
438 10784 2940
439 10786 2938
440 10788 2744
441 10792 4664
442 10796 3794
443 10802 3572
444 10802 5790
445 10812 4370
446 10816 6608
447 10818 6052
448 10820 7508
449 10860 3974
450 10866 6386
451 10870 5792
452 10880 4940
453 10894 3322
454 10908 6086
455 10928 4948
456 10942 2868
457 10954 6024
458 10986 4946
459 10990 6058
460 10992 5998
461 10994 6036
462 11004 3544
463 11020 5594
464 11036 2684
465 11038 4226
466 11044 4478
467 11056 2660
468 11070 2760
469 11104 3908
470 11118 4502
471 11130 5062
472 11130 5924
473 11138 4416
474 11138 4794
475 11144 4002
476 11168 3984
477 11172 4928
478 11190 4034
479 11212 4576
480 11220 2806
481 11236 3936
482 11242 4392
483 11256 4488
484 11270 4658
485 11276 5214
486 11276 5472
487 11294 5728
488 11300 6254
489 11304 3610
490 11314 6062
491 11320 5466
492 11328 3290
493 11342 4846
494 11346 6514
495 11350 3584
496 11350 6154
497 11366 5142
498 11382 5406
499 11400 3642
500 11410 3096
501 11420 3638
502 11422 3448
503 11442 4656
504 11458 5074
505 11476 3286
506 11480 6504
507 11512 4966
508 11512 4992
509 11520 6224
510 11532 6096
511 11534 3988
512 11534 6384
513 11568 4154
514 11576 2898
515 11584 4980
516 11588 5852
517 11590 4038
518 11620 3664
519 11626 2784
520 11626 4050
521 11638 4116
522 11638 4584
523 11646 4088
524 11648 5908
525 11660 3646
526 11704 5038
527 11708 3642
528 11710 4046
529 11714 5814
530 11716 3994
531 11726 3898
532 11730 6504
533 11750 5174
534 11770 4678
535 11784 5838
536 11792 5322
537 11792 5530
538 11800 6210
539 11808 4996
540 11816 3674
541 11816 5292
542 11828 6042
543 11830 5506
544 11840 3692
545 11844 2688
546 11850 3680
547 11854 3822
548 11858 5258
549 11860 6380
550 11872 3746
551 11874 3088
552 11874 7520
553 11878 5370
554 11900 3742
555 11902 4912
556 11904 3674
557 11908 4354
558 11912 5458
559 11948 5982
560 11954 5646
561 11962 4348
562 11974 3644
563 11982 2858
564 11994 3610
565 11994 3654
566 12000 3664
567 12000 4348
568 12002 5782
569 12004 3784
570 12022 3628
571 12034 2996
572 12034 6028
573 12036 3870
574 12056 3760
575 12062 3690
576 12064 2916
577 12078 4336
578 12078 4538
579 12080 3966
580 12112 3332
581 12114 4310
582 12148 4444
583 12152 2996
584 12178 6356
585 12184 6130
586 12188 6168
587 12200 3756
588 12206 6370
589 12216 3768
590 12228 5930
591 12260 6300
592 12270 6346
593 12294 6434
594 12314 5220
595 12314 5580
596 12318 5576
597 12336 5600
598 12340 4700
599 12342 2548
600 12344 5594
601 12348 5534
602 12356 4878
603 12362 5512
604 12370 2010
605 12378 5494
606 12380 2062
607 12380 3910
608 12384 2618
609 12384 4216
610 12388 5086
611 12396 2026
612 12402 4750
613 12404 1966
614 12404 2396
615 12406 5016
616 12406 5952
617 12414 3126
618 12420 3926
619 12432 2012
620 12438 4188
621 12448 1746
622 12460 1958
623 12472 2232
624 12476 5102
625 12478 4448
626 12494 4636
627 12524 5814
628 12566 2282
629 12582 2502
630 12608 2002
631 12608 3910
632 12610 4052
633 12612 4064
634 12616 1496
635 12622 4134
636 12628 4850
637 12632 5872
638 12648 3714
639 12650 3712
640 12668 3640
641 12684 4420
642 12688 5852
643 12694 5688
644 12698 6012
645 12700 1968
646 12714 2058
647 12716 2586
648 12724 5050
649 12726 2072
650 12730 1428
651 12734 2942
652 12738 5778
653 12740 5994
654 12744 3108
655 12752 4478
656 12764 5364
657 12768 2204
658 12786 5810
659 12790 5846
660 12804 4268
661 12808 3566
662 12812 2022
663 12824 3250
664 12828 3184
665 12834 4068
666 12840 3156
667 12840 3364
668 12840 4782
669 12844 3152
670 12864 2168
671 12868 4854
672 12870 3156
673 12872 3416
674 12878 3868
675 12882 4050
676 12888 5564
677 12894 2122
678 12894 3782
679 12902 2318
680 12924 6932
681 12938 3802
682 12942 3160
683 12944 5466
684 12956 3840
685 12972 3962
686 12972 5832
687 12988 5824
688 12996 4146
689 12996 5062
690 12998 1564
691 13024 4704
692 13028 4216
693 13030 4304
694 13030 4698
695 13032 4514
696 13034 5742
697 13070 1208
698 13076 1260
699 13078 5420
700 13092 5976
701 13096 3736
702 13098 3702
703 13100 3754
704 13106 2634
705 13120 4378
706 13120 6414
707 13132 3756
708 13134 5406
709 13150 1532
710 13174 5742
711 13178 4462
712 13178 5718
713 13190 6916
714 13208 3412
715 13216 5554
716 13216 6588
717 13226 3832
718 13228 5648
719 13232 4550
720 13232 4774
721 13232 5730
722 13238 4356
723 13256 6568
724 13262 4034
725 13266 3412
726 13276 5618
727 13278 6692
728 13294 7814
729 13296 5742
730 13300 3814
731 13300 6524
732 13302 6648
733 13332 5604
734 13332 6518
735 13336 6074
736 13352 6462
737 13372 4538
738 13382 6682
739 13384 3826
740 13404 6644
741 13410 4536
742 13414 6792
743 13416 3964
744 13424 5820
745 13428 7224
746 13430 5718
747 13434 3984
748 13448 4380
749 13452 3698
750 13470 4334
751 13474 4998
752 13496 6424
753 13500 4584
754 13514 3662
755 13532 4102
756 13540 4104
757 13544 5450
758 13550 6750
759 13556 6402
760 13568 6436
761 13578 116
762 13578 4394
763 13602 4148
764 13604 4210
765 13612 4200
766 13632 4250
767 13634 4212
768 13636 4550
769 13652 6334
770 13728 4952
771 13806 5804
772 13824 3810
773 13896 4812
774 13898 6496
775 13908 5504
776 13914 5242
777 13924 5382
778 13928 5188
779 13940 4978
780 13942 4146
781 13942 5390
782 13956 4196
783 13966 4932
784 13968 5024
785 13970 6480
786 13972 5420
787 13978 4866
788 13980 4238
789 13998 4838
790 14010 6260
791 14036 5512
792 14046 7300
793 14054 4154
794 14060 5232
795 14078 5322
796 14082 4810
797 14092 5172
798 14100 4564
799 14112 6426
800 14124 5148
801 14136 5392
802 14150 5928
803 14196 5220
804 14204 5368
805 14210 5312
806 14212 5528
807 14234 4696
808 14248 5326
809 14256 4678
810 14268 5380
811 14274 4644
812 14282 4852
813 14360 6434
814 14390 7146
815 14404 5694
816 14408 7164
817 14432 4442
818 14436 7148
819 14454 5650
820 14466 5392
821 14474 5294
822 14478 5968
823 14510 5672
824 14522 5736
825 14544 5500
826 14560 4940
827 14572 5688
828 14586 7512
829 14594 7084
830 14624 7180
831 14630 5602
832 14680 7326
833 14722 5954
834 14732 7226
835 14744 5516
836 14750 5590
837 14778 7076
838 14806 5422
839 14836 5572
840 14840 5748
841 14856 5736
842 14860 8860
843 14872 5714
844 14892 5680
845 14902 5762
846 14914 5756
847 14914 7186
848 14956 5572
849 14962 5774
850 15010 6370
851 15018 5770
852 15020 6344
853 15022 6038
854 15034 7442
855 15052 5782
856 15056 5864
857 15058 5892
858 15060 7196
859 15070 6428
860 15088 7348
861 15150 7416
862 15166 7254
863 15194 6430
864 15228 7460
865 15238 7206
866 15284 6038
867 15308 7458
868 15366 6038
869 15380 7482
870 15382 7174
871 15384 6186
872 15400 6114
873 15418 7378
874 15420 7176
875 15430 7170
876 15440 6202
877 15466 8220
878 15520 7358
879 15740 6330
880 15800 6144
881 15820 6366
882 15822 7588
883 15838 6144
884 15840 6376
885 15880 6246
886 15918 8062
887 15930 6202
888 15934 6230
889 15936 7232
890 15956 7422
891 16000 7622
892 16124 7720
893 16494 6890
894 16572 6990
895 16730 7766
896 16794 7562
897 16850 7630
898 16924 8100
899 17072 9398
3 2 1 6 
2 0 12 
3 3 0 5 
3 9 4 2 
2 69 3 
3 2 8 11 
3 0 17 7 
3 8 6 15 
3 5 7 10 
3 48 76 3 
3 8 31 13 
3 48 5 14 
2 1 16 
3 14 10 41 
3 18 11 13 
3 7 19 27 
4 17 12 23 20 
4 21 19 6 16 
3 66 14 37 
3 25 15 17 
3 22 16 51 
3 26 25 17 
3 24 26 20 
2 16 35 
3 33 22 49 
3 27 19 21 
3 29 21 22 
3 15 25 28 
3 31 27 29 
3 28 26 30 
3 44 29 32 
3 41 10 28 
3 30 33 36 
3 32 24 34 
3 33 49 38 
4 23 117 62 46 
4 44 32 39 40 
3 64 18 59 
3 39 34 47 
3 36 38 43 
3 36 43 74 
3 42 13 31 
3 104 54 41 
3 40 39 45 
3 108 30 36 
3 43 47 60 
3 35 65 56 
3 45 38 53 
3 82 9 11 
3 34 24 50 
3 49 51 52 
3 50 20 56 
3 50 55 57 
3 47 57 58 
3 68 59 42 
3 52 56 71 
4 55 51 46 75 
3 53 52 63 
3 67 53 61 
3 37 54 68 
3 73 45 67 
3 58 63 96 
3 65 35 118 
5 61 57 70 77 79 
3 66 37 94 
3 46 62 132 
3 85 18 64 
3 98 60 58 
3 102 59 54 
2 84 4 
3 63 72 97 
3 55 75 72 
3 70 71 123 
3 93 74 60 
3 99 40 73 
3 71 56 119 
3 84 9 80 
3 78 63 97 
3 79 77 109 
3 101 63 78 
3 86 76 81 
3 80 82 83 
3 83 81 48 
3 81 82 85 
7 69 76 86 91 92 115 899 
4 87 83 66 90 
3 84 80 87 
3 86 85 88 
3 87 89 111 
3 88 90 140 
3 89 85 95 
3 84 157 134 
3 84 126 116 
3 121 148 73 
3 95 64 105 
3 90 94 139 
3 129 61 100 
3 77 70 181 
3 127 121 67 
3 120 110 74 
3 176 96 103 
3 107 103 79 
3 105 68 106 
3 100 101 107 
3 106 42 108 
3 94 102 139 
3 102 104 113 
4 164 103 101 151 
3 104 44 110 
3 78 188 153 
3 112 108 99 
3 88 124 156 
3 114 110 120 
3 106 114 142 
3 113 112 133 
3 84 131 899 
3 130 92 877 
3 118 35 125 
3 62 117 150 
3 123 75 132 
3 144 112 99 
3 122 93 98 
3 192 152 121 
3 72 119 136 
3 111 141 137 
2 117 178 
3 92 135 327 
3 242 98 128 
3 180 127 129 
3 179 128 96 
3 131 116 842 
3 115 130 899 
3 119 65 163 
3 138 114 144 
3 91 154 183 
3 126 200 828 
3 123 191 182 
3 162 124 141 
3 142 133 147 
3 95 105 140 
3 89 139 143 
3 137 124 143 
3 145 113 138 
3 141 140 145 
4 147 133 120 146 
3 143 142 149 
3 247 144 148 
3 149 138 144 
3 146 93 152 
3 249 145 147 
3 163 118 174 
3 172 107 153 
3 217 148 122 
4 151 109 155 171 
3 183 134 158 
3 153 189 187 
3 159 111 161 
3 158 91 159 
3 154 157 160 
3 166 157 156 
3 158 166 165 
3 168 156 162 
3 161 137 167 
3 190 132 150 
3 175 107 172 
3 234 160 170 
3 160 159 168 
3 162 186 173 
3 166 161 169 
3 170 168 173 
3 165 169 294 
3 153 225 177 
3 203 164 151 
3 169 167 307 
3 195 150 178 
3 240 176 164 
3 179 100 175 
3 226 171 229 
4 761 185 174 125 
3 184 129 176 
3 216 292 128 
3 194 97 182 
3 181 136 193 
3 200 134 154 
3 236 233 179 
4 235 227 204 178 
3 167 215 304 
3 155 214 219 
3 189 109 194 
3 155 188 197 
3 191 163 196 
3 193 136 190 
3 252 122 242 
3 182 191 202 
3 198 188 181 
3 239 196 174 
3 202 190 195 
3 189 199 206 
3 201 199 194 
4 205 197 198 201 
3 135 183 212 
3 199 198 207 
3 211 193 196 
3 250 172 210 
3 621 241 185 
3 208 199 207 
3 209 197 208 
3 205 201 211 
3 209 206 205 
3 213 206 208 
3 203 226 232 
3 218 207 202 
3 200 234 552 
3 224 209 223 
3 222 187 228 
3 186 249 300 
3 233 361 180 
3 238 152 252 
3 220 211 239 
3 221 187 222 
4 364 330 223 218 
3 269 230 219 
3 219 214 244 
3 280 213 220 
3 279 228 213 
3 231 171 230 
3 210 177 243 
3 634 185 235 
3 248 214 224 
3 245 177 231 
3 237 225 221 
3 229 225 237 
3 258 210 256 
3 265 216 184 
3 212 165 448 
3 227 185 761 
3 262 184 240 
3 231 230 281 
3 290 267 217 
3 241 218 195 
3 236 175 250 
3 359 239 204 
3 292 192 127 
3 254 226 246 
3 269 222 248 
3 251 229 276 
3 253 243 251 
3 260 146 267 
3 268 244 228 
3 215 149 261 
3 263 240 203 
3 259 246 245 
3 326 217 192 
3 254 246 259 
3 255 243 253 
3 257 254 277 
3 264 232 257 
3 256 255 272 
3 329 274 232 
3 253 251 270 
3 261 247 303 
3 298 249 260 
3 271 236 266 
3 266 250 274 
3 340 256 287 
3 299 233 271 
3 286 262 263 
3 303 247 238 
3 278 273 248 
3 273 221 244 
3 259 275 291 
3 299 265 262 
3 287 257 282 
3 283 269 268 
3 297 263 258 
3 270 276 313 
3 275 245 281 
3 282 255 288 
3 285 268 284 
3 284 224 280 
3 289 279 223 
3 276 237 283 
3 272 277 295 
3 302 281 273 
3 278 279 289 
3 342 301 278 
3 296 308 266 
3 386 264 272 
3 277 291 371 
3 330 284 280 
3 317 293 238 
3 288 270 345 
3 353 242 180 
3 365 328 290 
3 170 390 415 
3 443 282 305 
3 319 286 297 
3 296 274 332 
3 300 261 331 
3 320 265 271 
3 318 215 298 
3 321 302 285 
3 310 283 301 
3 306 260 267 
3 186 318 311 
3 295 395 336 
3 338 303 328 
3 173 309 390 
3 314 286 316 
3 307 311 312 
3 315 302 321 
3 309 304 323 
3 309 324 419 
3 275 315 347 
3 320 308 316 
3 335 313 310 
3 314 308 319 
3 385 290 333 
3 304 300 322 
3 316 296 337 
3 361 299 314 
3 335 310 301 
3 323 318 344 
3 325 311 322 
3 312 325 420 
3 324 323 352 
3 333 252 353 
3 126 728 882 
3 350 306 293 
3 334 258 340 
3 355 289 220 
3 298 338 396 
3 337 297 334 
3 317 326 370 
3 341 332 329 
3 343 315 321 
3 407 305 358 
3 339 319 332 
3 331 306 349 
3 363 337 341 
3 362 329 264 
3 339 334 373 
3 346 285 348 
3 347 335 346 
3 352 322 375 
3 291 354 366 
3 351 343 342 
3 354 313 343 
3 351 342 357 
3 338 350 396 
3 349 328 365 
3 356 346 348 
3 325 344 394 
3 367 326 292 
3 345 347 356 
3 357 330 364 
3 354 351 383 
3 348 355 417 
3 360 336 372 
3 613 391 241 
3 397 407 358 
3 368 216 320 
3 373 340 414 
3 368 339 382 
3 355 220 391 
3 389 350 293 
3 371 345 383 
3 370 353 369 
3 369 361 363 
3 367 368 376 
4 374 333 367 378 
3 288 366 395 
3 397 358 401 
3 341 362 377 
3 381 370 497 
3 344 406 398 
3 369 388 441 
3 379 373 387 
3 370 409 410 
3 380 377 423 
3 384 379 423 
3 418 392 374 
3 393 363 384 
4 405 366 356 417 
3 400 382 380 
3 392 389 317 
3 414 287 443 
3 377 436 449 
3 376 393 427 
3 404 365 385 
3 294 307 416 
3 364 359 604 
3 435 385 381 
3 388 382 408 
3 352 399 425 
3 305 371 421 
3 331 349 404 
3 412 360 372 
3 399 375 429 
3 394 398 403 
3 408 384 475 
3 372 421 402 
3 424 401 438 
3 428 399 429 
3 413 396 389 
3 411 426 383 
3 375 413 447 
3 462 336 360 
3 393 400 445 
3 378 441 437 
3 471 378 452 
3 431 405 432 
3 453 397 434 
3 406 404 422 
3 442 362 386 
3 448 294 416 
3 415 390 419 
3 383 357 611 
3 486 381 485 
3 416 312 420 
3 419 324 446 
3 401 395 426 
3 413 444 447 
3 380 379 476 
3 434 402 438 
3 446 394 428 
3 421 405 430 
3 388 445 466 
3 425 403 450 
3 403 398 454 
3 433 426 440 
3 440 411 464 
3 411 606 467 
3 456 439 430 
3 412 424 500 
3 444 392 463 
3 387 442 518 
3 409 470 479 
3 424 402 439 
3 438 433 456 
3 468 430 431 
3 409 376 466 
3 436 414 499 
3 499 386 295 
3 451 422 435 
3 427 408 465 
3 420 425 494 
3 406 422 457 
3 552 234 415 
3 387 469 481 
3 428 459 488 
3 460 444 463 
3 455 410 474 
3 462 412 492 
3 429 457 461 
3 471 452 458 
3 439 433 480 
3 454 447 460 
3 504 455 477 
3 490 450 461 
3 457 451 472 
3 459 454 472 
3 489 407 453 
3 451 435 486 
3 545 431 467 
3 473 445 478 
3 441 427 473 
3 464 432 614 
3 519 480 440 
3 449 544 550 
3 437 482 483 
3 497 410 455 
4 461 460 487 516 
3 466 465 482 
3 452 484 503 
3 478 400 476 
3 475 423 481 
3 507 458 493 
3 465 475 511 
3 484 437 483 
3 514 456 468 
3 476 449 547 
3 470 473 513 
3 479 470 557 
3 474 479 503 
3 498 418 497 
3 463 418 491 
3 472 491 537 
3 450 496 509 
3 501 462 495 
3 496 459 516 
3 487 486 498 
3 453 500 505 
3 477 522 534 
3 446 512 506 
3 489 502 580 
3 488 490 510 
4 541 485 374 471 
3 491 485 536 
3 442 443 501 
3 492 434 514 
3 525 499 489 
3 495 505 551 
3 474 484 522 
3 533 458 508 
3 502 492 551 
3 532 494 549 
3 508 477 534 
3 504 507 515 
3 512 488 510 
3 509 496 524 
3 517 478 531 
3 494 509 538 
3 482 517 521 
3 571 500 480 
3 526 508 578 
4 524 490 472 529 
3 520 513 511 
3 540 436 525 
3 563 468 545 
3 523 517 528 
3 557 513 523 
3 493 503 567 
3 557 521 520 
3 542 510 516 
3 518 501 527 
3 533 515 539 
3 540 525 580 
3 561 520 530 
3 535 516 560 
3 528 531 573 
3 530 511 547 
3 680 506 593 
3 548 504 526 
3 507 493 577 
3 559 529 568 
3 553 498 541 
3 560 487 543 
3 549 512 542 
3 526 555 602 
3 546 518 527 
3 536 497 548 
3 538 524 559 
3 537 553 558 
3 469 546 556 
3 519 464 599 
3 544 540 564 
3 531 481 569 
3 541 533 615 
3 506 538 584 
3 469 566 554 
3 502 505 571 
3 212 448 745 
3 543 536 610 
3 574 550 575 
3 539 578 598 
3 544 562 565 
4 483 521 523 561 
3 605 543 594 
3 572 542 535 
3 529 537 603 
3 567 557 528 
3 556 564 570 
3 576 519 608 
3 562 546 666 
3 566 556 570 
3 550 565 663 
3 522 561 577 
3 590 535 595 
3 573 547 574 
3 565 562 664 
3 583 551 514 
3 585 559 590 
3 579 530 569 
3 569 554 587 
3 554 667 640 
3 651 583 563 
3 534 567 581 
3 555 515 582 
3 609 581 573 
3 527 495 617 
3 582 577 579 
3 598 578 581 
3 617 571 576 
3 588 549 586 
3 706 586 572 
3 591 584 585 
3 589 574 638 
3 593 584 592 
3 631 607 587 
3 616 572 568 
3 716 592 586 
3 732 588 591 
3 727 532 588 
3 656 558 624 
3 597 568 596 
3 600 595 601 
3 627 595 600 
3 612 555 582 
3 608 545 614 
3 643 597 596 
3 596 603 683 
3 539 612 636 
3 601 560 605 
3 619 391 613 
3 603 558 656 
3 623 432 611 
3 618 620 589 
3 563 599 629 
3 625 579 620 
3 624 553 615 
3 606 417 619 
3 602 598 626 
3 604 359 622 
3 599 467 623 
3 610 548 636 
4 644 590 627 637 
3 580 583 654 
3 665 632 607 
3 611 604 630 
3 609 607 635 
3 622 204 634 
3 630 613 621 
3 628 614 606 
3 594 610 648 
3 626 609 641 
3 612 625 655 
3 616 597 652 
3 629 623 630 
3 647 608 628 
4 628 619 622 645 
3 685 675 589 
3 693 633 618 
3 660 635 632 
3 621 227 650 
3 641 620 633 
3 615 602 668 
3 616 642 659 
3 674 587 639 
3 678 638 640 
3 639 575 661 
3 655 625 635 
3 637 658 659 
3 652 600 676 
3 752 616 653 
3 646 630 650 
3 649 647 645 
3 651 629 646 
3 708 624 671 
4 679 657 646 662 
3 645 634 697 
3 654 576 647 
3 658 627 643 
3 644 686 700 
3 669 617 651 
3 694 626 641 
3 699 605 594 
3 725 682 649 
3 642 652 696 
3 637 642 686 
3 719 695 633 
3 678 640 673 
3 670 649 690 
3 667 566 664 
3 663 570 666 
3 688 618 675 
3 664 564 669 
3 673 575 663 
3 671 636 691 
3 672 666 654 
4 679 662 690 677 
3 689 648 668 
3 682 702 669 
3 701 661 667 
3 685 638 684 
3 764 665 631 
3 643 683 715 
3 887 670 709 
3 681 639 661 
3 704 649 670 
3 745 532 713 
3 684 678 703 
3 714 672 657 
3 676 601 699 
3 674 681 717 
3 724 631 674 
4 653 659 696 687 
3 686 712 710 
3 750 692 665 
3 708 671 691 
3 670 662 698 
3 689 668 694 
3 722 693 688 
3 705 632 692 
3 720 691 655 
3 776 720 660 
3 686 658 718 
3 698 650 761 
3 709 690 697 
3 683 656 708 
3 735 653 729 
3 703 673 702 
3 707 701 672 
3 707 681 701 
3 817 772 679 
3 741 711 693 
3 736 731 585 
3 730 703 702 
4 715 699 648 689 
3 893 677 698 
3 687 712 721 
3 737 719 705 
3 710 687 718 
3 816 680 742 
3 725 749 682 
3 726 676 708 
3 732 591 723 
3 743 684 730 
3 712 696 726 
3 770 660 711 
3 751 694 695 
3 729 710 733 
3 748 753 692 
3 740 716 731 
3 755 685 747 
3 754 714 657 
3 718 715 733 
3 742 593 738 
3 327 864 869 
3 700 721 746 
3 739 717 707 
3 723 706 734 
3 738 592 716 
3 721 726 757 
3 740 731 736 
3 759 700 744 
3 734 706 752 
3 779 711 741 
3 758 727 732 
3 743 730 749 
3 758 723 734 
3 753 737 705 
3 814 713 727 
3 747 717 739 
3 735 746 771 
3 792 552 680 
3 744 729 775 
3 780 724 743 
3 762 768 722 
3 739 714 754 
3 762 688 766 
3 777 757 720 
3 760 736 644 
3 773 741 722 
3 772 749 725 
3 756 765 724 
3 782 763 755 
3 733 751 777 
3 818 738 740 
3 760 735 769 
3 774 752 759 
4 894 697 235 178 
3 798 748 750 
3 788 767 756 
3 766 675 765 
3 767 764 755 
3 798 750 764 
3 798 765 763 
3 789 773 748 
3 759 771 790 
3 784 778 719 
3 769 744 791 
3 793 754 704 
3 787 753 768 
3 830 760 785 
3 791 746 786 
3 781 695 778 
3 781 757 751 
3 794 776 770 
3 784 737 783 
3 793 782 747 
3 786 777 776 
3 788 756 780 
3 779 787 796 
3 797 770 779 
3 829 774 799 
3 775 781 795 
3 783 773 789 
3 811 763 782 
3 787 768 796 
3 799 769 802 
3 771 775 801 
3 832 828 745 
3 817 780 772 
3 795 778 797 
3 801 786 794 
3 783 789 807 
3 794 784 800 
4 811 762 766 767 
3 813 785 790 
3 803 797 807 
3 791 795 804 
3 790 806 815 
3 805 800 812 
3 806 801 805 
3 808 804 803 
3 802 804 810 
3 800 796 809 
3 820 810 805 
3 812 807 811 
3 815 806 808 
4 826 809 798 788 
3 821 803 809 
3 837 799 822 
3 818 816 742 
3 802 810 819 
3 832 713 814 
3 883 793 704 
3 830 814 758 
3 823 815 825 
3 825 808 821 
3 835 820 812 
3 858 813 824 
3 827 824 819 
3 833 822 823 
3 831 819 820 
3 880 838 811 
3 833 823 831 
3 135 792 854 
3 834 785 837 
3 834 818 774 
3 827 825 836 
3 854 792 816 
3 850 824 827 
3 861 830 829 
3 839 836 821 
3 840 831 835 
3 847 829 813 
3 848 839 826 
3 844 835 838 
3 852 836 841 
3 845 840 843 
3 899 130 877 
3 846 841 844 
3 851 843 839 
3 853 841 846 
3 849 845 843 
3 858 860 837 
3 881 855 838 
4 856 857 846 851 
3 865 833 852 
3 855 849 844 
3 859 850 840 
3 863 859 845 
3 864 828 832 
3 868 851 848 
3 866 857 849 
3 863 849 856 
3 862 847 822 
3 870 852 853 
3 861 847 862 
3 864 834 860 
3 860 858 865 
3 875 853 857 
4 728 854 861 867 
3 862 850 870 
3 872 871 856 
3 869 864 873 
3 879 872 855 
3 882 728 867 
3 874 865 859 
3 876 890 866 
3 876 866 868 
3 867 874 878 
3 873 870 875 
3 878 874 863 
3 879 871 872 
3 842 116 886 
3 891 873 875 
3 881 876 868 
3 883 885 826 
3 884 879 848 
3 891 327 869 
3 888 880 817 
3 889 881 885 
3 884 880 888 
3 898 877 892 
3 893 888 677 
4 896 885 883 887 
3 895 890 884 
3 891 871 889 
4 892 882 878 890 
3 898 886 891 
3 894 887 709 
3 897 893 761 
3 898 889 896 
3 897 895 888 
3 898 896 894 
5 899 886 892 895 897 
5 84 115 131 842 898 
